10 500000 0.95 gpomdp sample_bernstein 30000000

1 4000  0.01 187.363
2 4000  0.01 190.83425
3 4000  0.01 192.4685
4 4000  0.01 189.35875
5 4000  0.01 194.65575
6 4000  0.01 193.2025
7 4000  0.01 192.344
8 4000  0.01 190.8065
9 4000  0.01 192.33925
10 4000  0.01 191.3325
11 4000  0.01 191.45425
12 4000  0.01 190.96
13 4000  0.01 191.957
14 4000  0.01 192.13225
15 4000  0.01 190.024
16 4000  0.01 190.52425
17 4000  0.01 192.75375
18 4000  0.01 193.46675
19 4000  0.01 191.58275
20 4000  0.01 188.38475
21 4000  0.01 194.30625
22 4000  0.01 194.73925
23 4000  0.01 196.12975
24 4000  0.01 195.324
25 4000  0.01 195.358
26 4000  0.01 194.8795
27 4000  0.01 195.03825
28 4000  0.01 195.12975
29 4000  0.01 194.0425
30 4000  0.01 194.18125
31 4000  0.01 194.565
32 4000  0.01 194.01
33 4000  0.01 194.50225
34 4000  0.01 193.4335
35 4000  0.01 193.3965
36 4000  0.01 192.51325
37 4000  0.01 192.51125
38 4000  0.01 192.19325
39 4000  0.01 194.1385
40 4000  0.01 193.59975
41 4000  0.01 195.51425
42 4000  0.01 193.7185
43 4000  0.01 194.537
44 4000  0.01 193.2835
45 4000  0.01 194.5175
46 4000  0.01 192.64225
47 4000  0.01 193.30925
48 4000  0.01 191.78725
49 4000  0.01 192.8795
50 4000  0.01 192.27975
51 4000  0.01 191.664
52 4000  0.01 191.44925
53 4000  0.01 194.8335
54 4000  0.01 192.453
55 4000  0.01 193.87575
56 4000  0.01 191.2235
57 4000  0.01 193.133
58 4000  0.01 193.246
59 4000  0.01 193.15125
60 4000  0.01 191.994
61 4000  0.01 192.5425
62 4000  0.01 192.31925
63 4000  0.01 193.68825
64 4000  0.01 192.10525
65 4000  0.01 192.54625
66 4000  0.01 192.723
67 4000  0.01 193.02225
68 4000  0.01 190.8015
69 4000  0.01 194.30575
70 4000  0.01 194.185
71 4000  0.01 193.513
72 4000  0.01 190.45
73 4000  0.01 192.8255
74 4000  0.01 190.952
75 4000  0.01 194.39125
76 4000  0.01 192.53675
77 4000  0.01 193.6715
78 4000  0.01 193.2555
79 4000  0.01 193.53025
80 4000  0.01 193.35075
81 4000  0.01 194.403
82 4000  0.01 193.56225
83 4000  0.01 192.57875
84 4000  0.01 192.67325
85 4000  0.01 192.78
86 4000  0.01 190.49875
87 4000  0.01 193.721
88 4000  0.01 192.3475
89 4000  0.01 195.0295
90 4000  0.01 194.004
91 4000  0.01 192.3455
92 4000  0.01 192.5005
93 4000  0.01 192.7875
94 4000  0.01 191.28175
95 4000  0.01 194.454
96 4000  0.01 194.31775
97 4000  0.01 193.21725
98 4000  0.01 192.90475
99 4000  0.01 193.23725
100 4000  0.01 191.745
101 4000  0.01 193.86175
102 4000  0.01 192.6655
103 4000  0.01 194.2025
104 4000  0.01 192.7025
105 4000  0.01 194.7815
106 4000  0.01 192.94075
107 4000  0.01 193.7965
108 4000  0.01 192.99075
109 4000  0.01 193.67825
110 4000  0.01 191.92775
111 4000  0.01 192.1685
112 4000  0.01 191.93575
113 4000  0.01 193.105
114 4000  0.01 191.94375
115 4000  0.01 193.902
116 4000  0.01 192.5685
117 4000  0.01 194.5835
118 4000  0.01 193.633
119 4000  0.01 194.661
120 4000  0.01 192.6255
121 4000  0.01 193.878
122 4000  0.01 192.561
123 4000  0.01 193.48125
124 4000  0.01 190.79
125 4000  0.01 193.97275
126 4000  0.01 194.715
127 4000  0.01 195.543
128 4000  0.01 194.7295
129 4000  0.01 194.07725
130 4000  0.01 192.3175
131 4000  0.01 191.3235
132 4000  0.01 189.13975
133 4000  0.01 195.735
134 4000  0.01 194.9075
135 4000  0.01 193.89225
136 4000  0.01 193.935
137 4000  0.01 194.25875
138 4000  0.01 192.6745
139 4000  0.01 194.151
140 4000  0.01 192.47125
141 4000  0.01 191.7365
142 4000  0.01 190.276
143 4000  0.01 192.56375
144 4000  0.01 191.72525
145 4000  0.01 193.59125
146 4000  0.01 192.163
147 4000  0.01 194.349
148 4000  0.01 192.93
149 4000  0.01 193.12275
150 4000  0.01 193.01025
151 4000  0.01 194.26625
152 4000  0.01 193.0335
153 4000  0.01 193.43975
154 4000  0.01 193.3575
155 4000  0.01 193.619
156 4000  0.01 193.31825
157 4000  0.01 191.923
158 4000  0.01 192.0385
159 4000  0.01 191.28475
160 4000  0.01 190.59675
161 4000  0.01 194.73175
162 4000  0.01 194.4505
163 4000  0.01 194.2845
164 4000  0.01 192.73525
165 4000  0.01 194.16725
166 4000  0.01 192.9855
167 4000  0.01 194.7925
168 4000  0.01 192.8785
169 4000  0.01 194.67725
170 4000  0.01 193.05325
171 4000  0.01 193.33975
172 4000  0.01 191.94
173 4000  0.01 193.2905
174 4000  0.01 191.3235
175 4000  0.01 190.6785
176 4000  0.01 189.9325
177 4000  0.01 192.81075
178 4000  0.01 193.82225
179 4000  0.01 194.49175
180 4000  0.01 193.5375
181 4000  0.01 191.1165
182 4000  0.01 190.48175
183 4000  0.01 193.40675
184 4000  0.01 191.72625
185 4000  0.01 192.8
186 4000  0.01 191.77875
187 4000  0.01 193.40425
188 4000  0.01 193.65075
189 4000  0.01 192.56075
190 4000  0.01 190.94175
191 4000  0.01 192.75375
192 4000  0.01 191.7515
193 4000  0.01 194.273
194 4000  0.01 193.22125
195 4000  0.01 192.87275
196 4000  0.01 192.51225
197 4000  0.01 193.97375
198 4000  0.01 191.00325
199 4000  0.01 192.72325
200 4000  0.01 193.1125
201 4000  0.01 192.91
202 4000  0.01 191.929
203 4000  0.01 192.7875
204 4000  0.01 190.868
205 4000  0.01 193.36875
206 4000  0.01 193.524
207 4000  0.01 193.01875
208 4000  0.01 189.43125
209 4000  0.01 193.74925
210 4000  0.01 191.92925
211 4000  0.01 192.77725
212 4000  0.01 192.746
213 4000  0.01 192.234
214 4000  0.01 188.96625
215 4000  0.01 194.94175
216 4000  0.01 194.039
217 4000  0.01 194.1345
218 4000  0.01 192.0665
219 4000  0.01 191.3265
220 4000  0.01 189.6
221 4000  0.01 193.63525
222 4000  0.01 193.40825
223 4000  0.01 191.54725
224 4000  0.01 192.42725
225 4000  0.01 193.46875
226 4000  0.01 191.488
227 4000  0.01 192.2665
228 4000  0.01 191.323
229 4000  0.01 193.547
230 4000  0.01 191.1225
231 4000  0.01 195.89475
232 4000  0.01 194.083
233 4000  0.01 193.4255
234 4000  0.01 192.708
235 4000  0.01 192.27875
236 4000  0.01 191.73175
237 4000  0.01 194.25275
238 4000  0.01 193.85425
239 4000  0.01 194.566
240 4000  0.01 192.63775
241 4000  0.01 195.625
242 4000  0.01 194.14
243 4000  0.01 194.1125
244 4000  0.01 192.30375
245 4000  0.01 192.91275
246 4000  0.01 190.658
247 4000  0.01 192.16325
248 4000  0.01 189.79875
249 4000  0.01 193.63725
250 4000  0.01 192.46025
251 4000  0.01 194.6205
252 4000  0.01 194.54075
253 4000  0.01 194.0565
254 4000  0.01 193.44275
255 4000  0.01 193.50825
256 4000  0.01 193.18725
257 4000  0.01 192.281
258 4000  0.01 192.51725
259 4000  0.01 191.7565
260 4000  0.01 190.73025
261 4000  0.01 190.61075
262 4000  0.01 190.85575
263 4000  0.01 193.16775
264 4000  0.01 192.208
265 4000  0.01 192.821
266 4000  0.01 191.6285
267 4000  0.01 191.39825
268 4000  0.01 191.465
269 4000  0.01 193.5885
270 4000  0.01 193.63675
271 4000  0.01 192.10325
272 4000  0.01 192.31175
273 4000  0.01 192.96775
274 4000  0.01 191.575
275 4000  0.01 192.584
276 4000  0.01 192.4645
277 4000  0.01 191.89625
278 4000  0.01 191.67625
279 4000  0.01 192.46975
280 4000  0.01 191.50725
281 4000  0.01 193.2635
282 4000  0.01 191.492
283 4000  0.01 194.743
284 4000  0.01 194.33275
285 4000  0.01 193.72375
286 4000  0.01 193.01525
287 4000  0.01 193.18575
288 4000  0.01 192.96225
289 4000  0.01 192.7895
290 4000  0.01 192.79425
291 4000  0.01 193.99875
292 4000  0.01 192.90125
293 4000  0.01 191.445
294 4000  0.01 192.998
295 4000  0.01 195.1725
296 4000  0.01 194.838
297 4000  0.01 194.82925
298 4000  0.01 194.6195
299 4000  0.01 195.13075
300 4000  0.01 194.43125
301 4000  0.01 194.88825
302 4000  0.01 193.82275
303 4000  0.01 194.1495
304 4000  0.01 194.45175
305 4000  0.01 194.19
306 4000  0.01 194.126
307 4000  0.01 192.68025
308 4000  0.01 191.839
309 4000  0.01 193.402
310 4000  0.01 192.32875
311 4000  0.01 195.30725
312 4000  0.01 194.64875
313 4000  0.01 193.22275
314 4000  0.01 192.63175
315 4000  0.01 193.78375
316 4000  0.01 192.594
317 4000  0.01 194.82625
318 4000  0.01 194.1435
319 4000  0.01 193.667
320 4000  0.01 193.308
321 4000  0.01 194.3765
322 4000  0.01 193.19425
323 4000  0.01 193.19025
324 4000  0.01 193.1305
325 4000  0.01 193.9505
326 4000  0.01 192.71775
327 4000  0.01 195.8255
328 4000  0.01 195.0015
329 4000  0.01 193.45875
330 4000  0.01 191.819
331 4000  0.01 194.971
332 4000  0.01 195.28175
333 4000  0.01 194.74775
334 4000  0.01 195.028
335 4000  0.01 194.60175
336 4000  0.01 194.1935
337 4000  0.01 192.9005
338 4000  0.01 190.74075
339 4000  0.01 193.7165
340 4000  0.01 192.6395
341 4000  0.01 192.60375
342 4000  0.01 190.07375
343 4000  0.01 193.81975
344 4000  0.01 191.8315
345 4000  0.01 190.656
346 4000  0.01 190.62325
347 4000  0.01 192.9165
348 4000  0.01 191.44875
349 4000  0.01 195.10175
350 4000  0.01 194.92275
351 4000  0.01 194.35725
352 4000  0.01 191.57
353 4000  0.01 191.44625
354 4000  0.01 190.76025
355 4000  0.01 192.9755
356 4000  0.01 191.6095
357 4000  0.01 193.73
358 4000  0.01 192.00175
359 4000  0.01 194.76575
360 4000  0.01 193.07325
361 4000  0.01 192.24525
362 4000  0.01 191.65575
363 4000  0.01 192.69075
364 4000  0.01 192.79775
365 4000  0.01 193.49075
366 4000  0.01 191.7135
367 4000  0.01 194.4715
368 4000  0.01 194.49025
369 4000  0.01 194.12875
370 4000  0.01 192.777
371 4000  0.01 193.27525
372 4000  0.01 191.78725
373 4000  0.01 193.08125
374 4000  0.01 190.868
375 4000  0.01 192.55825
376 4000  0.01 190.99125
377 4000  0.01 192.89625
378 4000  0.01 192.70175
379 4000  0.01 193.9665
380 4000  0.01 193.604
381 4000  0.01 194.8395
382 4000  0.01 191.9385
383 4000  0.01 192.2445
384 4000  0.01 190.62575
385 4000  0.01 193.3795
386 4000  0.01 191.731
387 4000  0.01 193.596
388 4000  0.01 193.10025
389 4000  0.01 193.47075
390 4000  0.01 192.02675
391 4000  0.01 193.05175
392 4000  0.01 192.55275
393 4000  0.01 194.75675
394 4000  0.01 193.46125
395 4000  0.01 192.8465
396 4000  0.01 189.60775
397 4000  0.01 193.4725
398 4000  0.01 190.87475
399 4000  0.01 193.1385
400 4000  0.01 191.94025
401 4000  0.01 193.4455
402 4000  0.01 191.08125
403 4000  0.01 195.145
404 4000  0.01 193.49275
405 4000  0.01 190.829
406 4000  0.01 191.8775
407 4000  0.01 195.009
408 4000  0.01 194.5995
409 4000  0.01 193.28525
410 4000  0.01 191.40225
411 4000  0.01 193.86125
412 4000  0.01 193.15125
413 4000  0.01 193.68275
414 4000  0.01 191.60625
415 4000  0.01 191.7475
416 4000  0.01 190.594
417 4000  0.01 191.96
418 4000  0.01 191.8495
419 4000  0.01 194.85825
420 4000  0.01 194.12175
421 4000  0.01 193.0155
422 4000  0.01 191.70275
423 4000  0.01 193.097
424 4000  0.01 193.1355
425 4000  0.01 191.0335
426 4000  0.01 191.80275
427 4000  0.01 195.105
428 4000  0.01 194.018
429 4000  0.01 193.905
430 4000  0.01 191.4735
431 4000  0.01 192.582
432 4000  0.01 192.3615
433 4000  0.01 191.87425
434 4000  0.01 190.27725
435 4000  0.01 194.61925
436 4000  0.01 192.81375
437 4000  0.01 192.6675
438 4000  0.01 191.23275
439 4000  0.01 192.50175
440 4000  0.01 191.6865
441 4000  0.01 192.19125
442 4000  0.01 190.4645
443 4000  0.01 194.09775
444 4000  0.01 192.26025
445 4000  0.01 190.997
446 4000  0.01 189.29775
447 4000  0.01 192.738
448 4000  0.01 191.45
449 4000  0.01 191.93775
450 4000  0.01 191.5215
451 4000  0.01 193.349
452 4000  0.01 191.53075
453 4000  0.01 192.11025
454 4000  0.01 191.7205
455 4000  0.01 193.82925
456 4000  0.01 194.05425
457 4000  0.01 194.68
458 4000  0.01 194.03175
459 4000  0.01 193.3095
460 4000  0.01 193.10125
461 4000  0.01 194.21
462 4000  0.01 193.5725
463 4000  0.01 193.22075
464 4000  0.01 191.5965
465 4000  0.01 193.01875
466 4000  0.01 191.55775
467 4000  0.01 194.51725
468 4000  0.01 194.21525
469 4000  0.01 193.1335
470 4000  0.01 192.23725
471 4000  0.01 192.6765
472 4000  0.01 190.1975
473 4000  0.01 193.124
474 4000  0.01 192.40775
475 4000  0.01 193.2615
476 4000  0.01 192.70275
477 4000  0.01 192.93875
478 4000  0.01 193.06275
479 4000  0.01 191.6995
480 4000  0.01 190.44625
481 4000  0.01 193.96475
482 4000  0.01 193.69375
483 4000  0.01 194.23075
484 4000  0.01 194.39825
485 4000  0.01 194.824
486 4000  0.01 194.415
487 4000  0.01 194.93825
488 4000  0.01 194.984
489 4000  0.01 194.68275
490 4000  0.01 193.21475
491 4000  0.01 194.0115
492 4000  0.01 192.784
493 4000  0.01 194.832
494 4000  0.01 193.9395
495 4000  0.01 193.74675
496 4000  0.01 191.74
497 4000  0.01 192.6215
498 4000  0.01 191.3805
499 4000  0.01 194.61475
500 4000  0.01 194.55125
501 4000  0.01 195.003
502 4000  0.01 194.89
503 4000  0.01 194.9635
504 4000  0.01 195.34775
505 4000  0.01 194.1425
506 4000  0.01 193.28975
507 4000  0.01 192.792
508 4000  0.01 190.886
509 4000  0.01 192.66625
510 4000  0.01 192.78275
511 4000  0.01 193.91525
512 4000  0.01 193.3545
513 4000  0.01 194.58525
514 4000  0.01 193.11
515 4000  0.01 193.70025
516 4000  0.01 192.075
517 4000  0.01 194.598
518 4000  0.01 194.7585
519 4000  0.01 194.15675
520 4000  0.01 193.1575
521 4000  0.01 192.97275
522 4000  0.01 193.081
523 4000  0.01 194.63825
524 4000  0.01 193.97675
525 4000  0.01 193.61625
526 4000  0.01 191.64475
527 4000  0.01 193.7445
528 4000  0.01 190.41375
529 4000  0.01 191.86575
530 4000  0.01 191.779
531 4000  0.01 194.65375
532 4000  0.01 193.9395
533 4000  0.01 194.49475
534 4000  0.01 194.17925
535 4000  0.01 195.5935
536 4000  0.01 195.55875
537 4000  0.01 195.2345
538 4000  0.01 194.05825
539 4000  0.01 193.6985
540 4000  0.01 193.49925
541 4000  0.01 192.75675
542 4000  0.01 191.9145
543 4000  0.01 193.07475
544 4000  0.01 193.20775
545 4000  0.01 192.87125
546 4000  0.01 192.47125
547 4000  0.01 193.31025
548 4000  0.01 192.85425
549 4000  0.01 195.4535
550 4000  0.01 194.7895
551 4000  0.01 194.26625
552 4000  0.01 192.31075
553 4000  0.01 193.1855
554 4000  0.01 191.17775
555 4000  0.01 192.608
556 4000  0.01 190.26925
557 4000  0.01 193.5805
558 4000  0.01 192.32275
559 4000  0.01 192.5555
560 4000  0.01 191.48575
561 4000  0.01 194.102
562 4000  0.01 192.263
563 4000  0.01 192.6725
564 4000  0.01 191.962
565 4000  0.01 194.28275
566 4000  0.01 193.56325
567 4000  0.01 191.48925
568 4000  0.01 192.54575
569 4000  0.01 194.289
570 4000  0.01 192.6025
571 4000  0.01 193.43975
572 4000  0.01 192.4395
573 4000  0.01 192.554
574 4000  0.01 191.2945
575 4000  0.01 193.68225
576 4000  0.01 192.0805
577 4000  0.01 193.28275
578 4000  0.01 193.30175
579 4000  0.01 194.11875
580 4000  0.01 193.8255
581 4000  0.01 193.98575
582 4000  0.01 193.4435
583 4000  0.01 193.06575
584 4000  0.01 192.84
585 4000  0.01 194.499
586 4000  0.01 193.40125
587 4000  0.01 191.93375
588 4000  0.01 190.86625
589 4000  0.01 192.92
590 4000  0.01 191.461
591 4000  0.01 192.32475
592 4000  0.01 190.564
593 4000  0.01 193.2785
594 4000  0.01 191.42625
595 4000  0.01 193.28575
596 4000  0.01 190.94725
597 4000  0.01 193.723
598 4000  0.01 194.02475
599 4000  0.01 193.241
600 4000  0.01 193.56825
601 4000  0.01 191.118
602 4000  0.01 190.31775
603 4000  0.01 194.93275
604 4000  0.01 194.838
605 4000  0.01 195.04675
606 4000  0.01 194.0725
607 4000  0.01 192.6045
608 4000  0.01 191.00475
609 4000  0.01 191.11825
610 4000  0.01 192.51325
611 4000  0.01 193.59625
612 4000  0.01 193.34875
613 4000  0.01 193.43175
614 4000  0.01 191.66625
615 4000  0.01 193.4995
616 4000  0.01 193.354
617 4000  0.01 194.83275
618 4000  0.01 193.775
619 4000  0.01 193.633
620 4000  0.01 191.85275
621 4000  0.01 193.6485
622 4000  0.01 193.1735
623 4000  0.01 194.88875
624 4000  0.01 193.26675
625 4000  0.01 194.3225
626 4000  0.01 193.17125
627 4000  0.01 193.01675
628 4000  0.01 192.4905
629 4000  0.01 193.74975
630 4000  0.01 192.8345
631 4000  0.01 192.82
632 4000  0.01 191.26425
633 4000  0.01 192.6895
634 4000  0.01 192.17975
635 4000  0.01 194.35025
636 4000  0.01 193.43925
637 4000  0.01 194.20575
638 4000  0.01 192.09
639 4000  0.01 194.2515
640 4000  0.01 193.52175
641 4000  0.01 194.52525
642 4000  0.01 194.01625
643 4000  0.01 193.50775
644 4000  0.01 191.79875
645 4000  0.01 192.325
646 4000  0.01 191.944
647 4000  0.01 193.939
648 4000  0.01 194.35075
649 4000  0.01 193.699
650 4000  0.01 192.505
651 4000  0.01 193.64475
652 4000  0.01 191.75075
653 4000  0.01 191.4315
654 4000  0.01 191.755
655 4000  0.01 192.17025
656 4000  0.01 190.476
657 4000  0.01 194.8805
658 4000  0.01 192.89175
659 4000  0.01 193.54525
660 4000  0.01 191.609
661 4000  0.01 194.60175
662 4000  0.01 191.58525
663 4000  0.01 193.04175
664 4000  0.01 190.7965
665 4000  0.01 191.41625
666 4000  0.01 189.82725
667 4000  0.01 193.001
668 4000  0.01 189.81125
669 4000  0.01 193.3015
670 4000  0.01 192.74425
671 4000  0.01 194.587
672 4000  0.01 194.508
673 4000  0.01 194.61
674 4000  0.01 193.6855
675 4000  0.01 194.5675
676 4000  0.01 193.3355
677 4000  0.01 193.44825
678 4000  0.01 193.026
679 4000  0.01 194.37125
680 4000  0.01 191.4045
681 4000  0.01 192.6635
682 4000  0.01 191.44025
683 4000  0.01 195.182
684 4000  0.01 193.085
685 4000  0.01 191.78975
686 4000  0.01 189.77675
687 4000  0.01 193.095
688 4000  0.01 189.6885
689 4000  0.01 192.035
690 4000  0.01 191.61375
691 4000  0.01 193.88625
692 4000  0.01 193.118
693 4000  0.01 193.84825
694 4000  0.01 193.15325
695 4000  0.01 193.8155
696 4000  0.01 191.53875
697 4000  0.01 193.55875
698 4000  0.01 193.48025
699 4000  0.01 194.12775
700 4000  0.01 193.28525
701 4000  0.01 193.97525
702 4000  0.01 194.36675
703 4000  0.01 194.82575
704 4000  0.01 193.56175
705 4000  0.01 193.7785
706 4000  0.01 194.004
707 4000  0.01 194.517
708 4000  0.01 194.01025
709 4000  0.01 193.789
710 4000  0.01 193.12525
711 4000  0.01 192.81725
712 4000  0.01 191.4495
713 4000  0.01 193.0905
714 4000  0.01 192.57425
715 4000  0.01 193.59225
716 4000  0.01 191.67225
717 4000  0.01 191.71525
718 4000  0.01 192.08875
719 4000  0.01 193.01525
720 4000  0.01 191.68375
721 4000  0.01 194.28
722 4000  0.01 192.5765
723 4000  0.01 192.52825
724 4000  0.01 192.45125
725 4000  0.01 194.76
726 4000  0.01 192.34525
727 4000  0.01 194.65975
728 4000  0.01 193.181
729 4000  0.01 191.6625
730 4000  0.01 191.87325
731 4000  0.01 193.812
732 4000  0.01 191.79425
733 4000  0.01 192.798
734 4000  0.01 192.169
735 4000  0.01 193.539
736 4000  0.01 193.513
737 4000  0.01 193.54275
738 4000  0.01 192.6895
739 4000  0.01 193.666
740 4000  0.01 192.49675
741 4000  0.01 194.455
742 4000  0.01 193.027
743 4000  0.01 191.59175
744 4000  0.01 192.265
745 4000  0.01 193.5255
746 4000  0.01 191.76025
747 4000  0.01 192.32575
748 4000  0.01 191.96225
749 4000  0.01 194.35925
