gpomdp_grad 0.9 1.61660056386e-05 -0.588403348999

1 1000 0 -56.6666666667 -12.0890783775 0.278388884409
2 11958 0 -56.6666666667 -12.13091071 6.64647778316
3 12569 -0.000150878751137 -56.5267411732 -12.151767678 6.86336203117
4 12176 -0.000304201250222 -56.3853474788 -12.11243275 6.832698461
5 12149 -0.000457712980371 -56.2445785551 -12.1201418534 6.86732710971
6 12056 -0.000611838947601 -56.1040441807 -12.2066431781 6.87719972561
7 12008 -0.000766297133228 -55.9640021088 -12.1436985748 6.7382358088
8 12354 -0.000918601940528 -55.8266854127 -12.1637007952 6.9133239635
9 12004 -0.00107313202166 -55.6881403274 -12.0826930745 6.74166444552
10 12349 -0.0012255127832 -55.5522831302 -12.1477286862 6.85465464115
11 12157 -0.00137911619026 -55.416094208 -12.1093730927 6.95854805744
12 11847 -0.00153474233879 -55.2788819029 -12.1235705427 6.73291418864
13 12334 -0.00168728838111 -55.1451312494 -12.107798961 6.84606533539
14 12183 -0.00184079869332 -55.0112745295 -12.1568532134 6.75902314052
15 12369 -0.00199317313516 -54.8791357743 -12.1761647014 6.80244016432
16 12311 -0.00214593061554 -54.7473864673 -12.0676495061 6.88155872346
17 12094 -0.00230007434222 -54.6151679843 -12.1344006076 6.83948426958
18 12144 -0.00245392767953 -54.4839203031 -12.1165265696 6.85948730802
19 12110 -0.00260802181465 -54.3531840453 -12.1329616858 6.86854598189
20 12080 -0.00276232964946 -54.2229795311 -12.1220451928 6.92779371931
21 11926 -0.00291765564854 -54.0926306539 -12.1107180024 6.77703159856
22 12267 -0.00307083005148 -53.9647839811 -12.1071464445 6.79393818034
23 12324 -0.00322367382764 -53.8378972145 -12.0796191731 6.8310754201
24 12246 -0.00337702491828 -53.711270417 -12.1231640512 6.77295460934
25 12378 -0.00352957947966 -53.5859728998 -12.129203992 6.8846528349
26 12129 -0.00368371603874 -53.4600508933 -12.1217313666 6.83013838795
27 12202 -0.00383741545989 -53.3351560893 -12.1050347474 6.87374333581
28 12114 -0.00399169673891 -53.2104560547 -12.1186747497 6.74794785684
29 12416 -0.00414410754645 -53.0879193931 -12.0899697901 6.76120120105
30 12471 -0.00429620897246 -52.9662719926 -12.1001188652 6.76099185694
31 12490 -0.00444821900012 -52.8453319999 -12.0818970314 6.93103489736
32 12058 -0.00460295190513 -52.7228718394 -12.1747466933 6.60906540836
33 12784 -0.00475324446106 -52.6045451656 -12.1515956277 6.71080767022
34 12721 -0.00490393629647 -52.4865120868 -12.1012707106 6.751169397
35 12597 -0.0050553913448 -52.3684899018 -12.1225933676 6.8541163837
36 12294 -0.00520872480285 -52.2496208177 -12.0828394651 6.67458412618
37 12687 -0.00535968341726 -52.1331944612 -12.1150035439 6.80490602554
38 12452 -0.00551208305207 -52.0162576341 -12.0628207214 6.77917341561
39 12458 -0.00566447132603 -51.8999286194 -12.1097778109 6.7963526903
40 12417 -0.00581713349762 -51.7839866217 -12.0802472177 6.90805742645
41 12120 -0.00597167858553 -51.667217682 -12.0715964515 6.67088682479
42 12659 -0.00612291831647 -51.5535291256 -12.0672631436 6.69705046131
43 12748 -0.00627365343159 -51.4407893408 -12.1166954178 6.76669651544
44 12587 -0.00642537227232 -51.3278835639 -12.0616335321 6.76961495913
45 12537 -0.00657741456577 -51.2153062367 -12.0534729451 6.79187302671
46 12467 -0.00672990800575 -51.1029628733 -12.1150597774 6.66911764465
47 12780 -0.00688054316539 -50.9925428478 -12.0408613783 6.79511395234
48 12531 -0.00703269387258 -50.8815669853 -12.1122116021 6.7912558273
49 12475 -0.00718520687158 -50.7708825915 -12.0600479662 6.72039972511
50 12651 -0.0073366766852 -50.6615018709 -12.040201974 6.77261908491
51 12563 -0.00748869812085 -50.5522664509 -12.0585476273 6.74662533236
52 12611 -0.0076404544962 -50.443760693 -12.0084037322 6.75159604699
53 12614 -0.00779221632473 -50.3357858314 -12.1024359619 6.79590403916
54 12499 -0.00794469578616 -50.2278350375 -12.1116101089 6.6502225684
55 12864 -0.00809502224191 -50.1219292817 -12.0645586041 6.71322119315
56 12797 -0.00824576159055 -50.0162480692 -12.1131344192 6.72161882075
57 12758 -0.00839675338586 -49.9109035599 -12.0926729404 6.66026663074
58 12919 -0.00854682436036 -49.8067072447 -12.0111798711 6.64907355387
59 12999 -0.00869645562327 -49.7033146164 -12.0409312146 6.84150971094
60 12499 -0.00884907416455 -49.5983668067 -12.0633001351 6.68597760589
61 12782 -0.00900001705571 -49.495073196 -11.9657756899 6.80318722821
62 12548 -0.00915238400192 -49.3913076808 -12.0407669023 6.59842927862
63 13045 -0.00930184068527 -49.2900112132 -11.9986809925 6.84120356755
64 12523 -0.00945440530141 -49.1871022854 -12.0857849948 6.66885406828
65 12847 -0.00960505597687 -49.0859706004 -12.0523956338 6.76475490263
66 12680 -0.00975671961385 -48.9846434921 -11.9917189037 6.78939075968
67 12570 -0.00990906558266 -48.8833465249 -12.0433745391 6.65222643996
68 12915 -0.0100593865464 -48.7838700632 -12.0501298922 6.71326004415
69 12847 -0.0102101251866 -48.6845867102 -12.0347852396 6.91314497558
70 12299 -0.010364213052 -48.583579921 -12.0340069054 6.60424839926
71 12976 -0.0105142466516 -48.4856961955 -12.0904456716 6.61570937443
72 13146 -0.0106633279156 -48.3888854691 -11.9859260349 6.69811355027
73 12964 -0.0108134741982 -48.2918350711 -12.0866482492 6.65436294419
74 13039 -0.0109632123125 -48.1954970785 -12.0522257859 6.59158471595
75 13242 -0.0111118203446 -48.1003260161 -12.0062979168 6.79645924293
76 12728 -0.0112634229666 -48.0036855899 -12.0298808078 6.58179997903
77 13185 -0.0114123960689 -47.9091595292 -12.0750964397 6.59653057928
78 13278 -0.0115608691816 -47.8153799033 -12.0348244668 6.7185189473
79 12960 -0.0117111737185 -47.7208769527 -12.0613785251 6.63020249736
80 13123 -0.0118605652123 -47.6273772793 -12.0672590953 6.61635510728
81 13212 -0.0120094760946 -47.534601354 -12.0238867297 6.69669067159
82 13011 -0.0121595502995 -47.4415249806 -12.0067427463 6.5520150899
83 13371 -0.0123076136813 -47.3501103786 -12.0011481637 6.77945409435
84 12830 -0.0124587887196 -47.2571966975 -12.0001523825 6.72688227846
85 12830 -0.012609987782 -47.1646919248 -12.0775268708 6.65369104339
86 13036 -0.0127600099743 -47.0733231105 -12.0200364049 6.6681557178
87 13057 -0.0129099354335 -46.982424338 -11.9741551435 6.7469145555
88 12846 -0.0130611064485 -46.8911837299 -11.9917897951 6.68381313932
89 12965 -0.0132116080485 -46.8007566807 -12.0406806007 6.54783997104
90 13390 -0.0133597225142 -46.7121602005 -11.984490223 6.64368456142
91 13236 -0.0135087163743 -46.6234317028 -11.9905548695 6.73406997184
92 12941 -0.0136594188165 -46.53408505 -12.0556555674 6.54648925532
93 13395 -0.0138075693134 -46.4466402516 -12.0225148149 6.73387895329
94 12990 -0.013958031871 -46.3582228099 -11.9874778868 6.54252510373
95 13427 -0.0141060508332 -46.2716242901 -11.9861722956 6.66122079805
96 13210 -0.0142553014281 -46.1846872767 -12.0000591263 6.66417504705
97 13144 -0.0144049459533 -46.0979034668 -11.9738648714 6.45219223236
98 13751 -0.0145512748556 -46.0134106215 -12.0091739822 6.76094392823
99 13022 -0.0147016630096 -45.926950721 -11.9640982269 6.67663489505
100 13065 -0.014851828994 -45.8409972148 -11.9749098261 6.6418629908
101 13178 -0.015001369541 -45.7557752795 -11.9903142256 6.5164896265
102 13579 -0.0151487083053 -45.6721703729 -11.9577918598 6.66833244783
103 13251 -0.0152978830725 -45.587887616 -12.0178252961 6.69337390966
104 13093 -0.0154479777525 -45.5034523479 -12.0007049821 6.55071824575
105 13461 -0.0155960244837 -45.4205276883 -11.9857094745 6.6496373276
106 13281 -0.0157450962864 -45.3373863429 -11.999953907 6.54378429874
107 13542 -0.0158927437921 -45.2553907104 -11.994467203 6.49467151198
108 13768 -0.0160391980056 -45.1744010173 -11.9974315547 6.55924535701
109 13639 -0.0161863603489 -45.093361903 -11.9821772225 6.63679437513
110 13378 -0.0163349763633 -45.0118681994 -12.0196898716 6.62271887272
111 13349 -0.0164837721118 -44.9306219923 -12.0136758521 6.56061574009
112 13526 -0.0166316153237 -44.8502366803 -11.9864915659 6.56121573094
113 13577 -0.0167791999798 -44.7703286288 -12.0024844494 6.54736183001
114 13636 -0.0169264886414 -44.6909141223 -11.9394646511 6.63453579529
115 13398 -0.0170751027916 -44.6111202973 -12.0148677592 6.55733565136
116 13561 -0.0172228407628 -44.5321287157 -11.9292378169 6.64933491384
117 13340 -0.0173718204571 -44.4528061377 -11.9432132295 6.61144125511
118 13391 -0.0175205359244 -44.3739555955 -12.0176542211 6.50816473776
119 13715 -0.0176675081859 -44.2963525635 -11.9709084534 6.62843389801
120 13451 -0.0178159344526 -44.2183059089 -11.9571004828 6.50223216173
121 13756 -0.0179627296599 -44.1414353001 -11.9705860395 6.65117059094
122 13401 -0.0181114738925 -44.0638650457 -11.9613423595 6.6083933815
123 13431 -0.0182600751108 -43.9866900233 -11.9550435889 6.67272825571
124 13256 -0.0184096757814 -43.9093176831 -11.9786525395 6.52009148166
125 13656 -0.0185570896392 -43.8333901852 -11.9548457762 6.72302674247
126 13179 -0.0187071703071 -43.7564071786 -11.9669998459 6.50119861871
127 13696 -0.0188544135962 -43.681189564 -11.9824151728 6.66859179173
128 13352 -0.0190035658404 -43.6053078822 -12.0074112538 6.61922656638
129 13403 -0.0191524554295 -43.5298702078 -11.9467792707 6.57370123901
130 13554 -0.0193005354029 -43.4551484534 -11.9736822783 6.55727872827
131 13648 -0.0194481223867 -43.3809769892 -11.9580435018 6.50945085396
132 13822 -0.0195947987403 -43.3075596248 -11.9193117706 6.52731187762
133 13820 -0.0197415080695 -43.2344196245 -11.9747296412 6.66755964987
134 13405 -0.0198904935524 -43.1604438576 -11.9526908195 6.59595987894
135 13503 -0.0200389605148 -43.0870234666 -11.9355825989 6.39806152287
136 14136 -0.0201840822252 -43.0155430888 -11.9454234793 6.44754745183
137 14167 -0.0203290655941 -42.9444112385 -11.9928657486 6.4787910946
138 14081 -0.020474515222 -42.8733305938 -11.9757149595 6.5457995946
139 13853 -0.0206211780709 -42.8019393218 -11.9612389375 6.46773575008
140 14032 -0.020766919597 -42.7312756576 -11.9156928677 6.51075523482
141 13952 -0.020913098893 -42.6606776137 -11.9085638222 6.75479135426
142 13211 -0.0210633463232 -42.5884031551 -11.914688425 6.46324752031
143 13866 -0.0212100223805 -42.5181269278 -11.8970993009 6.44143021119
144 14130 -0.0213553430905 -42.448771556 -11.9265240912 6.5389380684
145 13904 -0.0215018593292 -42.3791175807 -11.8976144813 6.56999565214
146 13751 -0.0216492138602 -42.3093389172 -11.9804480541 6.5263836993
147 13843 -0.0217960975884 -42.2400549154 -11.9745748709 6.51534433892
148 13905 -0.0219426710554 -42.1711861169 -11.9354197639 6.49293474569
149 13995 -0.0220887960942 -42.102793814 -11.90937366 6.51628031743
150 13951 -0.0222351718427 -42.0345487128 -11.9489153281 6.54438739824
151 13855 -0.022382072513 -41.9663235436 -11.934473519 6.47807250163
152 14035 -0.0225280492209 -41.8987886303 -11.9810888237 6.48745298362
153 14060 -0.0226739180411 -41.831562172 -11.9203479769 6.43357955793
154 14240 -0.0228188853253 -41.765005805 -11.9602983987 6.45619990327
155 14222 -0.0229639643474 -41.698650806 -11.916466696 6.43422579912
156 14290 -0.0231087196666 -41.6326943614 -11.9423737678 6.47509254236
157 14182 -0.0232540443422 -41.5667287794 -11.9239352312 6.56695853617
158 13870 -0.0234010144004 -41.5002699405 -11.9282756966 6.58129709917
159 13744 -0.0235486786163 -41.4337526037 -11.9418833701 6.49070303431
160 13987 -0.0236950730169 -41.3680585443 -11.9313050404 6.41636517493
161 14294 -0.023839909775 -41.3033082944 -11.8760757841 6.43751725931
162 14317 -0.0239846503668 -41.2388429485 -11.9228751676 6.55215318658
163 13966 -0.0241312172265 -41.173809264 -11.9081345722 6.41342170312
164 14306 -0.024276054824 -41.1097837724 -11.9282882993 6.54426980003
165 13993 -0.0244225214349 -41.0452803391 -11.9089990783 6.41475093575
166 14315 -0.0245673524894 -40.9817353269 -11.8894553652 6.56088794239
167 13950 -0.024714086525 -40.9175955123 -11.8690875302 6.43249340838
168 14252 -0.0248592794704 -40.8543659261 -11.9344385905 6.54573715105
169 13986 -0.0250058699839 -40.7907651472 -11.8575855442 6.54011852432
170 13932 -0.0251527614501 -40.7272717727 -11.899328095 6.62789580655
171 13655 -0.0253011575326 -40.663368581 -11.927678411 6.47386940392
172 14048 -0.0254474859397 -40.6005912144 -11.975205632 6.29296781765
173 14750 -0.0255903087245 -40.5395420266 -11.9235134494 6.54808360866
174 14126 -0.0257362715604 -40.4773782331 -11.9336325952 6.49225452179
175 14134 -0.0258822139523 -40.415451923 -11.8589830774 6.4467298626
176 14283 -0.0260274146209 -40.3540661226 -11.9137549555 6.48015239623
177 14222 -0.0261729470424 -40.2927648181 -11.8869391866 6.4931155514
178 14167 -0.0263187821715 -40.2315604905 -11.8975981107 6.27517249314
179 14864 -0.0264611791032 -40.1720147764 -11.89299677 6.48587707276
180 14371 -0.026606016138 -40.1116661199 -11.9447118691 6.30647184073
181 14825 -0.0267486387306 -40.0524532794 -11.8913981301 6.53504644942
182 14210 -0.0268943344118 -39.9921817886 -11.8446296985 6.4891271127
183 14191 -0.0270401510574 -39.9320788786 -11.8571462891 6.55726479134
184 13976 -0.0271871024104 -39.8717283418 -11.8880214044 6.43668742381
185 14296 -0.0273324241617 -39.8122631576 -11.9263318958 6.39616152884
186 14521 -0.0274766320805 -39.7534650459 -11.8782113791 6.38159334044
187 14636 -0.027620292787 -39.6950982273 -11.8841001202 6.39378138324
188 14632 -0.0277639967568 -39.6369206116 -11.9209761813 6.49915719997
189 14293 -0.0279094153887 -39.5782582427 -11.9173381365 6.36535956788
190 14633 -0.0280531525668 -39.5204801064 -11.8853946175 6.4887007679
191 14332 -0.028198412134 -39.4622969117 -11.8629123625 6.40247770261
192 14529 -0.0283427052318 -39.404705667 -11.8624070637 6.5064270289
193 14253 -0.028488406975 -39.3467582527 -11.8400077777 6.41789965141
194 14462 -0.0286330738094 -39.289426217 -11.859238738 6.4574516473
195 14397 -0.0287780890338 -39.232158833 -11.8755254239 6.26437503058
196 15021 -0.0289200803225 -39.1762812565 -11.9040571591 6.49883517121
197 14421 -0.0290650126057 -39.1194449108 -11.8929614917 6.34249170385
198 14770 -0.0292082441775 -39.0634716081 -11.8390733662 6.44664122786
199 14528 -0.0293526813183 -39.0072235657 -11.8714667158 6.45376414293
200 14441 -0.029497572904 -38.9509956622 -11.858775619 6.34277515567
201 14784 -0.029640797961 -38.8956075141 -11.8527936387 6.38392781813
202 14747 -0.029784219124 -38.8403348442 -11.9027623904 6.31394030708
203 14975 -0.0299265648998 -38.7856649479 -11.8623837258 6.42352079939
204 14675 -0.0300703799053 -38.7306203405 -11.8934982415 6.42729161028
205 14583 -0.0302146680168 -38.6755851583 -11.8249710864 6.3479988029
206 14822 -0.0303578071419 -38.6211758107 -11.8438009344 6.30057986632
207 15054 -0.030499857284 -38.5673641698 -11.8416942427 6.41768525555
208 14727 -0.0306434951227 -38.5131362804 -11.8441256824 6.36957901649
209 14800 -0.0307868013213 -38.459218248 -11.8756854857 6.35000382357
210 14889 -0.0309296970626 -38.4056373666 -11.8290405605 6.26880409254
211 15195 -0.0310711652371 -38.3527706024 -11.852285123 6.528180238
212 14416 -0.0312164258441 -38.298670822 -11.7950448848 6.36407150144
213 14741 -0.031360098434 -38.2453451521 -11.8117300385 6.26201885312
214 15185 -0.0315016746877 -38.1929743874 -11.8125131841 6.36508832172
215 14960 -0.0316443284209 -38.1403817004 -11.8069093197 6.4069347413
216 14761 -0.0317879620319 -38.0876060172 -11.8201510468 6.44274087027
217 14591 -0.0319324492234 -38.0346962642 -11.8537459634 6.33884985426
218 14890 -0.0320754968777 -37.9824901808 -11.8831723276 6.27024510377
219 15215 -0.0322170315962 -37.9310082584 -11.8429701142 6.28940593736
220 15244 -0.0323584501781 -37.879738619 -11.8811421284 6.38769384695
221 14918 -0.0325014253006 -37.8280766109 -11.825567984 6.27536279898
222 15214 -0.0326430215983 -37.7770823697 -11.8273834384 6.30083687457
223 15213 -0.0327846426816 -37.726247146 -11.854565076 6.34372707233
224 15068 -0.0329269638882 -37.6753289902 -11.8012476143 6.33600031016
225 15057 -0.0330693565791 -37.6245533548 -11.8481535836 6.2679563674
226 15292 -0.0332106693783 -37.5743282155 -11.7909795765 6.31497508892
227 15198 -0.0333524392853 -37.524105396 -11.8208639099 6.41341736097
228 14840 -0.0334959286002 -37.4734407132 -11.8098788874 6.27048498839
229 15229 -0.0336375901898 -37.4235856334 -11.8749232484 6.23349932575
230 15475 -0.033778141384 -37.3742818395 -11.8235824517 6.16148952682
231 15810 -0.03391721638 -37.3256524886 -11.8714787908 6.37137585196
232 15158 -0.0340592692643 -37.2761419336 -11.7925086018 6.31296156754
233 15185 -0.0342012143689 -37.2268297338 -11.8535111384 6.251230901
234 15412 -0.0343421315269 -37.1780328698 -11.8256195933 6.36593714954
235 15079 -0.0344846137862 -37.1288535573 -11.8430166275 6.24571449042
236 15407 -0.0346255925813 -37.0803502938 -11.7929677183 6.41817780001
237 14906 -0.0347689366296 -37.0311927374 -11.8017477219 6.24401241624
238 15368 -0.0349101304819 -36.9829289963 -11.8209114782 6.36039872739
239 15098 -0.0350526015744 -36.9343852785 -11.7908798435 6.24349682731
240 15432 -0.0351935412894 -36.8865174012 -11.8381677135 6.32783959685
241 15234 -0.0353354145643 -36.8384864725 -11.8222939243 6.30104796981
242 15275 -0.0354771165529 -36.7906670473 -11.8554293956 6.31563957705
243 15239 -0.0356190063722 -36.7429372346 -11.8235049158 6.29384145235
244 15307 -0.0357605962347 -36.6954602163 -11.8562522516 6.22022880534
245 15591 -0.0359009129106 -36.6485591022 -11.807085224 6.29732945091
246 15399 -0.0360421175382 -36.6015102113 -11.7848229046 6.38680871431
247 15040 -0.03618501897 -36.554047434 -11.7986527579 6.29863408666
248 15246 -0.0363269709568 -36.5070501639 -11.8068053579 6.13969329769
249 15878 -0.0364660869428 -36.4611363596 -11.8159998875 6.39264925554
250 15157 -0.0366084960874 -36.4142831791 -11.8162892128 6.25802134519
251 15431 -0.0367496526858 -36.3679886657 -11.7485131849 6.1814501394
252 15789 -0.0368892202053 -36.322358121 -11.7915022856 6.20045351587
253 15825 -0.037028648254 -36.2769143057 -11.8107206526 6.33719633689
254 15347 -0.0371702475485 -36.230906523 -11.7673433547 6.24027288559
255 15561 -0.0373108904508 -36.1853521794 -11.776299354 6.29385581337
256 15434 -0.0374521305688 -36.1397468516 -11.7447427704 6.32241392468
257 15301 -0.0375939999124 -36.0940813995 -11.7639848905 6.32014551272
258 15275 -0.0377360100312 -36.048513549 -11.8233031904 6.20253206196
259 15688 -0.0378761581582 -36.0036827095 -11.8321651571 6.16614887964
260 15944 -0.0380151950171 -35.959343693 -11.8180595407 6.26005010103
261 15675 -0.0381554378901 -35.9147570299 -11.7765254984 6.34254225062
262 15312 -0.0382973532355 -35.8697780229 -11.7498975035 6.13860935414
263 15945 -0.038436441323 -35.8258305158 -11.7745608088 6.25538649991
264 15701 -0.0385766234237 -35.7816723633 -11.7544741124 6.43173846199
265 15021 -0.0387199640592 -35.7366587901 -11.7594769017 6.12840292261
266 15904 -0.0388592876917 -35.6930412851 -11.7900304987 6.26259771002
267 15673 -0.0389996526054 -35.6492313591 -11.8001804496 6.15122695599
268 16020 -0.0391385096862 -35.6060233713 -11.7929651734 6.22335632783
269 15854 -0.0392781087972 -35.562715558 -11.7689725364 6.33331430833
270 15417 -0.0394196943588 -35.5189251245 -11.7666880004 6.23897522692
271 15634 -0.0395603119529 -35.4755666736 -11.7606109256 6.19759024405
272 15849 -0.0396999889716 -35.4326284803 -11.760539857 6.20402070044
273 15890 -0.0398395064707 -35.3898683246 -11.7358850326 6.2171201196
274 15856 -0.0399791903564 -35.3471857556 -11.7630993523 6.3369713769
275 15419 -0.0401208590087 -35.3040275375 -11.7936004408 6.08966638247
276 16201 -0.0402590871147 -35.262043879 -11.7657303667 6.22625161035
277 15918 -0.0403985564178 -35.2198092312 -11.7410697142 6.23453891266
278 15813 -0.040538508468 -35.1775550522 -11.7690468102 6.28650098911
279 15599 -0.0406794356362 -35.1351341023 -11.7394322597 6.26492169711
280 15620 -0.0408202879661 -35.0928630883 -11.6954401114 6.17425872617
281 15959 -0.0409596533796 -35.0511631205 -11.7617225115 6.27153186971
282 15702 -0.0411001742121 -35.0092425765 -11.7324671944 6.14035987367
283 16115 -0.0412388988132 -34.9679806058 -11.747063736 6.17186482049
284 16118 -0.0413776289916 -34.9268383776 -11.7412409652 6.26627169754
285 15773 -0.0415178869165 -34.8853659542 -11.742023467 6.17275700895
286 16024 -0.0416570621353 -34.8443352632 -11.7340904026 6.23380560697
287 15872 -0.0417969197959 -34.8032248581 -11.7039621832 6.14905765821
288 16148 -0.0419355993834 -34.7625804598 -11.7814889672 6.17560757349
289 16129 -0.0420743762808 -34.7220263621 -11.7505510621 6.28336464108
290 15730 -0.0422149232996 -34.6810756106 -11.7260406419 6.16850541155
291 16043 -0.0423541099795 -34.6406403262 -11.7440168499 6.20003112754
292 16018 -0.0424934246292 -34.6002860439 -11.7818118661 6.10474752248
293 16374 -0.0426312346404 -34.5604834239 -11.7566587216 6.159145045
294 16270 -0.0427695015439 -34.5206641158 -11.7455019763 6.14491693065
295 16298 -0.0429076670688 -34.4809888479 -11.7899842683 6.14001142735
296 16328 -0.0430457250647 -34.441458637 -11.7752556454 6.08352457562
297 16558 -0.0431828393659 -34.402311122 -11.7451696178 6.08784923082
298 16610 -0.0433197584439 -34.3633307347 -11.7298158029 6.11412564598
299 16525 -0.0434570470355 -34.3243564383 -11.7352375717 6.22361610768
300 16087 -0.0435962094779 -34.2849634332 -11.7342727358 6.10600204569
301 16414 -0.0437339970761 -34.2460714673 -11.7576112571 6.18998399565
302 16189 -0.043872756221 -34.2070172794 -11.7310917706 6.09350269567
303 16498 -0.0440102287763 -34.1684355806 -11.7310860491 6.2188099701
304 16110 -0.0441493655101 -34.1294982204 -11.7695806697 6.14243473587
305 16293 -0.0442877348723 -34.0908862759 -11.72188006 6.14521278074
306 16338 -0.0444259342557 -34.0524314571 -11.7665307957 6.15592119588
307 16313 -0.0445642583389 -34.0140512526 -11.7303421921 6.26450187293
308 15903 -0.0447043726068 -33.9752853576 -11.742832291 6.09033056108
309 16445 -0.0448421740133 -33.9372678984 -11.6630944355 6.25028246292
310 15997 -0.0449819124999 -33.8988254685 -11.7547233671 6.09180267266
311 16474 -0.0451196323582 -33.8610457473 -11.7363629233 6.18998100524
312 16237 -0.0452583722034 -33.8230935536 -11.7187524891 6.15277659071
313 16315 -0.0453967969886 -33.7853344595 -11.7086296402 6.18068917548
314 16234 -0.0455355849152 -33.7475830758 -11.68475809 6.0516009735
315 16713 -0.0456723880277 -33.7104757674 -11.7124571836 6.18152754857
316 16346 -0.0458107340117 -33.6730547221 -11.7188242452 6.15984620806
317 16331 -0.045949163491 -33.6357161006 -11.7073219121 6.07385365899
318 16663 -0.0460862257964 -33.5988493091 -11.7265401546 6.10962040713
319 16620 -0.0462234821479 -33.5620326689 -11.7115902945 6.23894710288
320 16117 -0.0463628840091 -33.5247449334 -11.7353126465 6.12240817646
321 16422 -0.0465010039453 -33.4879034277 -11.6711891499 6.07960222869
322 16679 -0.046638071782 -33.4514438224 -11.6725762289 6.13314142695
323 16545 -0.0467757102035 -33.4149335397 -11.7146210271 6.15060556689
324 16444 -0.0469137915858 -33.3784071364 -11.7223309896 6.09285189561
325 16643 -0.0470510629516 -33.3421952458 -11.7345415711 6.12529919648
326 16575 -0.0471886314055 -33.3060048459 -11.7115039862 6.18902725804
327 16314 -0.0473273141519 -33.2696220824 -11.7121771137 6.06005980869
328 16744 -0.0474642249593 -33.2338030263 -11.7027001222 6.161005566
329 16474 -0.0476022693737 -33.1977864231 -11.6805350408 6.06669180949
330 16770 -0.0477391079901 -33.1621821633 -11.709668276 6.08470218987
331 16786 -0.0478758991507 -33.1266871229 -11.7189995646 6.17360819348
332 16447 -0.048014114263 -33.0909205667 -11.69339699 6.00365991633
333 17024 -0.048149980963 -33.0558573221 -11.6957929795 6.17267674276
334 16521 -0.0482879215405 -33.0203554443 -11.6912740384 6.16722623355
335 16407 -0.048426355553 -32.9848240061 -11.6683665706 6.04898220257
336 16840 -0.0485630175007 -32.9498427565 -11.7206192905 6.12386371542
337 16670 -0.0487003919539 -32.9147742308 -11.6784421679 6.07554642035
338 16817 -0.0488371855451 -32.8799483545 -11.6802020595 6.13901629467
339 16611 -0.0489748412298 -32.8449976817 -11.6539075744 6.12987648229
340 16592 -0.0491125916827 -32.8101176448 -11.6840645156 6.0930811544
341 16734 -0.0492497745071 -32.7754751077 -11.6945443067 6.0074103642
342 17122 -0.0493854129416 -32.7413142097 -11.7092141944 6.10288109869
343 16850 -0.0495221607 -32.7069658004 -11.6761435521 6.04762689691
344 16999 -0.0496583264121 -32.6728548901 -11.6937141301 6.04066539379
345 17072 -0.0497942158831 -32.6389036524 -11.6674407249 6.0632283383
346 17004 -0.04993039321 -32.6049708067 -11.6904471567 6.00617022869
347 17221 -0.0500657293191 -32.5713367975 -11.6863068704 6.13577450039
348 16762 -0.0502029238146 -32.5373313675 -11.7033426262 5.96095419801
349 17344 -0.0503378140152 -32.5039855056 -11.643625557 6.13258749482
350 16814 -0.0504748318055 -32.4702030921 -11.6832589184 6.09413949782
351 16824 -0.0506118254204 -32.4365163676 -11.6683502427 6.12136749994
352 16723 -0.050749252783 -32.4028127781 -11.6676192998 5.99716336653
353 17196 -0.0508847933026 -32.3696596785 -11.6632472301 6.03559656275
354 17177 -0.0510204256011 -32.3365710212 -11.6841429536 6.00403693965
355 17305 -0.0511555736658 -32.303686619 -11.6587559927 6.14052632704
356 16791 -0.0512927919783 -32.2703860948 -11.6650843436 5.94634799768
357 17439 -0.0514274527176 -32.2377917455 -11.6447929494 6.02133496628
358 17316 -0.0515626078742 -32.2051625541 -11.69741209 5.98560025722
359 17434 -0.0516973242857 -32.1727235343 -11.6899844638 6.00890170237
360 17373 -0.0518322935755 -32.1403076502 -11.669747503 6.0832647429
361 17054 -0.0519685362368 -32.1076709117 -11.6861598942 6.07844113812
362 16989 -0.0521050587029 -32.075052454 -11.6569733248 5.95300763826
363 17489 -0.0522396315033 -32.0429830724 -11.6978686997 5.93047930459
364 17733 -0.0523732929617 -32.0112123757 -11.6718857342 6.03268201542
365 17373 -0.0525083505124 -31.9791920302 -11.656598851 6.05927473374
366 17168 -0.0526442297114 -31.9470599454 -11.6131885944 5.94574538411
367 17585 -0.052778504275 -31.9153888516 -11.6555514119 6.03716744629
368 17323 -0.0529138064635 -31.8835570462 -11.6999102606 6.02701625881
369 17296 -0.0530492334952 -31.8517776569 -11.6701510227 6.09246073675
370 17024 -0.0531857530374 -31.8198244021 -11.6309604733 6.05070706075
371 17121 -0.0533219051563 -31.7880393327 -11.630399137 6.11015963845
372 16912 -0.0534589145752 -31.7561366629 -11.6554595232 5.93402011568
373 17579 -0.0535933170405 -31.7249211679 -11.6588170722 6.06217211881
374 17238 -0.0537290590764 -31.6934748145 -11.6496583443 6.09434589284
375 17017 -0.0538656976091 -31.6619019304 -11.6720984077 5.88190019127
376 17843 -0.0539991534346 -31.631142774 -11.6721595168 5.91590914824
377 17940 -0.0541322651695 -31.6005397193 -11.6549366939 6.20806306745
378 16759 -0.0542700031367 -31.5689535101 -11.6503525261 5.76742083648
379 18276 -0.0544019173329 -31.5387792274 -11.6595967709 5.99130486683
380 17743 -0.0545358154687 -31.5082273091 -11.6215548321 6.07463004346
381 17253 -0.0546716176783 -31.4773190312 -11.5839005483 6.06824689115
382 17149 -0.0548078518019 -31.4463911817 -11.6387250837 5.93644153695
383 17671 -0.0549420755597 -31.4159965572 -11.6311306499 5.97562948136
384 17657 -0.055076368362 -31.3856623349 -11.6635302395 5.98348761299
385 17623 -0.0552108079381 -31.3553708598 -11.6280473474 6.04284170453
386 17368 -0.0553462482024 -31.324930422 -11.6412627811 6.01569986576
387 17413 -0.0554815307009 -31.2946018175 -11.6457952911 5.95736631258
388 17674 -0.0556158258725 -31.2645697777 -11.6335781275 6.03651961803
389 17418 -0.0557511238958 -31.2343889788 -11.6467369901 5.81358343566
390 18311 -0.0558830989215 -31.2050221888 -11.5880285438 5.99553185471
391 17770 -0.0560170819581 -31.1752818074 -11.6419292454 6.00246364585
392 17597 -0.0561517417244 -31.1454652814 -11.6322538416 5.98866731426
393 17610 -0.0562863677725 -31.1157301789 -11.6160459749 6.00780551834
394 17536 -0.0564212940673 -31.086002685 -11.6313448568 5.96917791169
395 17682 -0.0565556804277 -31.0564674468 -11.6514081711 5.96385303317
396 17749 -0.0566898287589 -31.0270572108 -11.6514282866 5.99719429012
397 17629 -0.0568244495747 -30.997616132 -11.6291064036 6.0490050964
398 17382 -0.056960040772 -30.9680362271 -11.6015842639 5.95531737591
399 17710 -0.057094389942 -30.9387996601 -11.6482219121 5.88168184413
400 18127 -0.0572271992758 -30.9099687469 -11.6141691763 6.04344343249
401 17550 -0.0573621918771 -30.880735513 -11.6091973482 5.85401312869
402 18209 -0.0574947350996 -30.8521027151 -11.6094429659 5.99291518446
403 17793 -0.0576288362093 -30.8232037186 -11.5943610583 5.95449316455
404 17847 -0.0577627535462 -30.7944146841 -11.6246516555 5.95070995102
405 17881 -0.0578965574717 -30.7657199997 -11.5992526398 5.88898503572
406 18164 -0.0580293325353 -30.7373148467 -11.6207370024 5.7879583815
407 18707 -0.0581601852271 -30.7093878571 -11.6181725163 5.8821772108
408 18433 -0.0582920204992 -30.6813180901 -11.6185762665 6.06311585728
409 17574 -0.0584270575239 -30.6526360199 -11.6225003083 5.99121921479
410 17647 -0.058561831078 -30.6240796885 -11.5945989147 6.00593950404
411 17609 -0.0586967689071 -30.5955581361 -11.5620095686 5.75370713299
412 18715 -0.0588276747892 -30.5679551118 -11.6520858989 6.02635480551
413 17817 -0.0589618561561 -30.5397289426 -11.6346301309 5.94109885039
414 17944 -0.0590955790197 -30.5116669976 -11.5909789588 5.86648116982
415 18312 -0.0592279667797 -30.4839516392 -11.5669002556 6.02546831822
416 17724 -0.059362550152 -30.4558441236 -11.6005173921 6.02959946958
417 17550 -0.0594978167355 -30.4276622459 -11.5568163718 5.92116454542
418 17967 -0.0596315220919 -30.3998727178 -11.6212304985 5.89808414054
419 18191 -0.0597644156933 -30.3723177561 -11.5700330264 6.00900500324
420 17775 -0.0598988752442 -30.3445046806 -11.5983942309 5.87058635688
421 18264 -0.060031536071 -30.3171290747 -11.6190271849 5.95007278842
422 18056 -0.0601649776575 -30.2896576594 -11.5637049652 5.81972998148
423 18583 -0.0602965307936 -30.2626389083 -11.5846308575 5.93657782427
424 18209 -0.0604294423248 -30.235405365 -11.5760521715 5.95503787412
425 18029 -0.0605630343998 -30.2080971779 -11.5689178786 5.85759222569
426 18413 -0.0606952417447 -30.1811357864 -11.5781569817 6.01636478086
427 17825 -0.0608296272055 -30.1537949599 -11.5970735774 5.80742793274
428 18587 -0.0609612471304 -30.1270798464 -11.6114744689 5.83643052386
429 18679 -0.0610925588609 -30.1004892614 -11.5878390866 5.91517722027
430 18351 -0.061225057042 -30.0737209483 -11.5919148998 5.82742266831
431 18660 -0.0613564693 -30.0472338484 -11.5342759815 5.83492947558
432 18717 -0.0614876981391 -30.0208449515 -11.5975109445 5.8478786951
433 18676 -0.0616190846392 -29.9944854432 -11.5364086017 5.8591482193
434 18617 -0.061750698315 -29.9681414371 -11.5889670692 5.80098851361
435 18872 -0.061881434778 -29.9420333327 -11.593745098 5.85543943092
436 18695 -0.062012805478 -29.9158589196 -11.5880852764 5.92098778709
437 18352 -0.0621454137757 -29.8894990706 -11.5983179782 5.93758803619
438 18187 -0.0622786382204 -29.8630783926 -11.5743410189 5.75496850097
439 18975 -0.0624090836636 -29.8372685062 -11.5970840148 5.91764929919
440 18453 -0.0625413784666 -29.8111528023 -11.5893265932 5.94757075816
441 18181 -0.0626746760894 -29.7849001382 -11.5825501919 5.77264838081
442 18900 -0.0628054274678 -29.7592082383 -11.5794294976 5.84954446414
443 18753 -0.0629367075867 -29.7334713168 -11.5686406311 5.9277572922
444 18361 -0.0630694002719 -29.707517213 -11.5628990284 5.74422580861
445 19098 -0.0631995220801 -29.6821240965 -11.5483277426 5.85858293643
446 18776 -0.0633307710332 -29.6565691399 -11.5350175898 5.90904964379
447 18461 -0.063463152363 -29.6308526343 -11.581462094 5.81596083096
448 18801 -0.0635943465495 -29.6054249393 -11.5743504692 5.68968921154
449 19505 -0.063723166315 -29.5805136302 -11.5506776923 5.90163151592
450 18700 -0.0638547457691 -29.5551259297 -11.5876625784 5.77106465207
451 19090 -0.0639849894487 -29.5300527817 -11.577151849 5.88218849745
452 18685 -0.0641166546647 -29.5047632428 -11.5338963358 5.89055965419
453 18539 -0.0642488540289 -29.4794288449 -11.580614859 5.76615163719
454 19077 -0.0643791921231 -29.4545075866 -11.5736293949 5.86044985437
455 18792 -0.0645105319265 -29.4294513062 -11.5296525618 5.72178032165
456 19370 -0.0646399110399 -29.4048243547 -11.5327572618 5.95325726398
457 18453 -0.064772482198 -29.3796465292 -11.5420914379 5.80572729175
458 18879 -0.0649035647836 -29.3548076765 -11.588438164 5.79381529721
459 19061 -0.0650340369234 -29.3301398701 -11.5223197644 5.90655431843
460 18592 -0.0651661599367 -29.3052160511 -11.5806465443 5.72527001083
461 19311 -0.0652958161394 -29.2808122856 -11.5633356796 5.74582245333
462 19424 -0.0654251117796 -29.2565301791 -11.5805003262 5.83569509019
463 19029 -0.0655557586485 -29.2320486947 -11.5037525484 5.80857954654
464 19051 -0.0656863465564 -29.2076327134 -11.5438320284 5.76597481704
465 19263 -0.0658162290207 -29.1834024548 -11.5481369438 5.86453346913
466 18860 -0.0659475068859 -29.1589662475 -11.5410052946 5.8043132379
467 19033 -0.066078203375 -29.1346923799 -11.5307232539 5.87555593216
468 18753 -0.0662098881538 -29.1102893975 -11.5577284627 5.80644645464
469 18999 -0.066340733247 -29.0860959645 -11.5428307753 5.75476028625
470 19319 -0.066470507113 -29.0621535434 -11.5831662599 5.80047937692
471 19194 -0.0666007189373 -29.0381831406 -11.5426807259 5.8285364488
472 19030 -0.0667315072645 -29.0141596983 -11.5528324605 5.77683974377
473 19232 -0.0668616215818 -28.9903126831 -11.5532988315 5.84232294741
474 18982 -0.0669926055758 -28.9663591197 -11.5247523398 5.76703183939
475 19272 -0.0671226167444 -28.9426357225 -11.5390650381 5.80484867344
476 19177 -0.0672529659213 -28.9189027499 -11.5414387666 5.79280645858
477 19211 -0.06738321521 -28.8952399064 -11.565624262 5.78858339738
478 19244 -0.0675133682873 -28.8716462401 -11.5166624654 5.84164820476
479 19005 -0.0676443522935 -28.8479539536 -11.4958252522 5.86596639145
480 18829 -0.0677759630287 -28.8242006839 -11.5300701075 5.787938129
481 19148 -0.0679064884175 -28.8006949882 -11.5728016958 5.70889757292
482 19626 -0.0680354313722 -28.7775246469 -11.5561161781 5.7745128897
483 19445 -0.0681649903359 -28.7542938855 -11.546124083 5.72410838006
484 19644 -0.0682939070006 -28.7312281534 -11.5002003966 5.89458223702
485 18886 -0.068425399172 -28.7077526867 -11.5065926864 5.79842968372
486 19132 -0.0685560607984 -28.6844764275 -11.5349244941 5.6590916634
487 19886 -0.0686842362177 -28.6616922365 -11.5247043116 5.93678069311
488 18764 -0.0688162027739 -28.6382848605 -11.5524415137 5.74799646689
489 19347 -0.0689461824889 -28.6152800406 -11.5151999417 5.81201232996
490 19211 -0.0690766389081 -28.5922407275 -11.493457589 5.82586845388
491 19111 -0.0692074527624 -28.569188305 -11.5214687252 5.70594501591
492 19664 -0.0693364281452 -28.5465087417 -11.5192107431 5.76209979463
493 19550 -0.0694657954996 -28.523808853 -11.5425120582 5.69987938753
494 19828 -0.0695942668342 -28.5013142067 -11.5117803985 5.69606099244
495 19930 -0.0697224252118 -28.4789218866 -11.5146043506 5.69910208609
496 19947 -0.0698505446283 -28.4565836764 -11.5213686099 5.73475051365
497 19777 -0.0699792293072 -28.4341943713 -11.5224942062 5.64223902611
498 20199 -0.0701065770849 -28.4120843504 -11.5188941102 5.66013000824
499 20231 -0.0702338388798 -28.3900355065 -11.5419759303 5.83123156885
500 19391 -0.0703638426603 -28.3675591885 -11.5430868109 5.83033157628
501 19173 -0.070494602146 -28.345000584 -11.4993854805 5.67855228356
502 19852 -0.0706231194065 -28.3228759275 -11.4976809565 5.75155532061
503 19688 -0.0707521877729 -28.3007032632 -11.5122125346 5.73911217339
504 19707 -0.0708812093488 -28.2785854337 -11.4958948486 5.69907901194
505 19915 -0.0710095706378 -28.2566270819 -11.4882164718 5.76758462067
506 19637 -0.0711388540124 -28.2345575142 -11.5142850445 5.60042474217
507 20405 -0.071265693705 -28.2129503345 -11.4765920453 5.85775867928
508 19336 -0.0713960079376 -28.1907977831 -11.4820309302 5.85070569967
509 19088 -0.0715271839281 -28.168546206 -11.5013456479 5.71895632156
510 19654 -0.071656471519 -28.1466614167 -11.5412948333 5.66115933276
511 20112 -0.071784294879 -28.1250696797 -11.500064823 5.6588066025
512 20259 -0.0719116687274 -28.1035984419 -11.488396975 5.75268982776
513 19828 -0.0720404340831 -28.0819377238 -11.5203644934 5.66669065869
514 20144 -0.0721682001653 -28.0604897688 -11.503879344 5.61967463385
515 20481 -0.0722949257317 -28.0392603016 -11.4900989238 5.7563236499
516 19880 -0.0724235681759 -28.0177542116 -11.48855639 5.64833023127
517 20264 -0.0725510030284 -27.9964940733 -11.4993487945 5.75464236222
518 19837 -0.0726798168665 -27.9750483184 -11.5006582574 5.65409482044
519 20229 -0.0728073926814 -27.9538525831 -11.5350533495 5.70031703054
520 20107 -0.0729353678007 -27.9326342726 -11.5023724411 5.78742893192
521 19642 -0.0730648639746 -27.9112082553 -11.485433245 5.73289835606
522 19786 -0.0731939058838 -27.889901776 -11.4994810836 5.70992817172
523 19945 -0.0733224482465 -27.8687216868 -11.5202568393 5.62167086453
524 20445 -0.0734494234411 -27.8478427175 -11.5298909649 5.67492636819
525 20315 -0.0735768196801 -27.8269372309 -11.4832559172 5.72363218931
526 20034 -0.0737051214438 -27.8059262645 -11.489156727 5.66938575854
527 20235 -0.0738328005733 -27.7850600869 -11.4703446809 5.73594989103
528 19957 -0.073961380658 -27.7640897137 -11.4517973498 5.72661073731
529 19930 -0.0740900629381 -27.743145791 -11.5364456949 5.62019783404
530 20469 -0.0742170537245 -27.7225193319 -11.4941760938 5.58039478503
531 20839 -0.0743429263386 -27.7021157004 -11.484194485 5.66111433662
532 20520 -0.0744697900149 -27.6815928098 -11.4909183103 5.6400032807
533 20545 -0.0745965902979 -27.661121573 -11.467814753 5.77472462914
534 19867 -0.0747255510076 -27.6403438727 -11.4611418977 5.61874753272
535 20476 -0.0748525970092 -27.6199162775 -11.4419264611 5.6410006405
536 20538 -0.074979464376 -27.5995584984 -11.4714418064 5.72209217868
537 20141 -0.0751075929851 -27.5790398899 -11.4638355702 5.74090103901
538 19940 -0.0752363793381 -27.5584579089 -11.4964253132 5.69101404268
539 20139 -0.0753645444326 -27.5380168527 -11.4795101839 5.70170553565
540 20144 -0.0754927075368 -27.5176175276 -11.4900376947 5.61780365849
541 20582 -0.0756195141047 -27.497474756 -11.4637550189 5.60437212083
542 20783 -0.0757457227396 -27.4774669825 -11.4740394415 5.69113246926
543 20387 -0.0758731654917 -27.4573039583 -11.4537016671 5.61660851296
544 20669 -0.0759997502673 -27.4373167399 -11.4526862396 5.71380147842
545 20246 -0.0761276654786 -27.4171598922 -11.4700219922 5.68525597928
546 20279 -0.0762554929034 -27.3970573695 -11.495713256 5.66056527037
547 20419 -0.0763828962035 -27.3770617043 -11.4755335398 5.66249376425
548 20452 -0.0765102116494 -27.3571197607 -11.4293105458 5.65825817705
549 20487 -0.0766374339767 -27.3372321619 -11.433105621 5.61505221579
550 20727 -0.0767639315062 -27.3174971558 -11.4613666476 5.65318873293
551 20597 -0.0768908422925 -27.2977369339 -11.4758177474 5.58426899489
552 20930 -0.0770167550436 -27.2781708537 -11.5020722251 5.63997993152
553 20730 -0.077143287916 -27.2585471769 -11.4698100956 5.52751798472
554 21284 -0.0772681770515 -27.2392164216 -11.4731884243 5.59049577443
555 21101 -0.0773936228828 -27.219837393 -11.4544426301 5.63231681772
556 20828 -0.0775199006394 -27.200368095 -11.4548400887 5.71775507417
557 20310 -0.0776477938533 -27.180688729 -11.4543203087 5.55665056283
558 21016 -0.0777735362631 -27.1613784687 -11.4136689377 5.73474466534
559 20281 -0.0779015534793 -27.1417576174 -11.4988744709 5.50613908659
560 21290 -0.0780265134505 -27.1226429428 -11.4434888335 5.70727232164
561 20502 -0.0781538668338 -27.1032002675 -11.4304656426 5.5464598025
562 21142 -0.0782792927261 -27.0840893531 -11.442524045 5.64562193176
563 20794 -0.0784057803298 -27.0648542442 -11.4362830677 5.6063895146
564 20910 -0.0785319313627 -27.0457077954 -11.4455165613 5.55714315324
565 21213 -0.0786571917652 -27.0267334481 -11.4495422013 5.64074747462
566 20849 -0.0787835539003 -27.0076293883 -11.4355580821 5.65694635264
567 20667 -0.0789104877816 -26.9884763759 -11.4790575701 5.60974839785
568 20870 -0.0790368187516 -26.9694515346 -11.4412949481 5.55811554122
569 21210 -0.0791621454028 -26.9506145031 -11.4615062514 5.62980837415
570 20921 -0.079288349651 -26.9316822632 -11.4491186125 5.54852442344
571 21285 -0.0794134862466 -26.912946442 -11.4636769678 5.65557460262
572 20811 -0.0795400531564 -26.8940330907 -11.4428142398 5.5881587617
573 21044 -0.0796659323039 -26.8752589407 -11.4662879916 5.50957238925
574 21547 -0.0797903478418 -26.8567386753 -11.4162774906 5.54292994107
575 21508 -0.0799148916425 -26.8382346602 -11.4624506227 5.55650695973
576 21425 -0.0800396906234 -26.8197281035 -11.4367340606 5.62054336209
577 21055 -0.0801655965423 -26.8010931782 -11.4313323328 5.51945654514
578 21509 -0.0802901789873 -26.7826894108 -11.4442577475 5.55984024276
579 21417 -0.0804150431942 -26.7642791301 -11.4238705356 5.5132179921
580 21656 -0.0805392328164 -26.7460030801 -11.4150898857 5.5722128497
581 21397 -0.0806641861405 -26.7276495396 -11.3981899201 5.576496488
582 21305 -0.0807894231955 -26.7092893504 -11.3682053382 5.63971347183
583 20940 -0.0809157619678 -26.6908030771 -11.4238173871 5.55368789088
584 21308 -0.0810410193674 -26.6725100669 -11.4219537621 5.53368281749
585 21528 -0.0811656497578 -26.6543431523 -11.4221792543 5.59646744309
586 21246 -0.0812911189775 -26.6360886553 -11.4147394077 5.46872860751
587 21884 -0.0814147587501 -26.61813428 -11.4429745204 5.56565044211
588 21521 -0.0815394519565 -26.6000609746 -11.4095648553 5.52252927788
589 21665 -0.0816637436842 -26.582079791 -11.4045107898 5.46303274003
590 22050 -0.0817869610423 -26.5642873821 -11.4420054055 5.56295146813
591 21592 -0.0819114915868 -26.5463389934 -11.4181298703 5.53155915785
592 21645 -0.0820358837008 -26.5284442287 -11.3739863918 5.59812723661
593 21293 -0.0821613131316 -26.5104342201 -11.3978541261 5.54255969376
594 21506 -0.0822861358752 -26.4925451069 -11.4005657568 5.69329309843
595 20751 -0.0824132245627 -26.4743657763 -11.4016263208 5.51385564549
596 21516 -0.0825380485985 -26.4565442121 -11.4074601228 5.56542995128
597 21453 -0.08266307026 -26.4387279359 -11.4170523837 5.5699237088
598 21414 -0.0827882200499 -26.4209268906 -11.4272365176 5.47914009566
599 21917 -0.0829119382472 -26.4033623167 -11.437384453 5.61259792875
600 21313 -0.0830374122901 -26.3855817244 -11.3514728311 5.58299974947
601 21313 -0.0831629007595 -26.3678324999 -11.4393984653 5.54467754739
602 21528 -0.0832877737944 -26.3502034011 -11.3977719154 5.53356543683
603 21655 -0.0834122948318 -26.3326567641 -11.393693155 5.44065441219
604 22228 -0.0835352149128 -26.3153677294 -11.4259259585 5.59022137497
605 21538 -0.0836601031797 -26.2978343437 -11.3990109105 5.46226720119
606 22076 -0.0837834755174 -26.2805458408 -11.377595117 5.56710551011
607 21633 -0.0839081166541 -26.2631118054 -11.4144972102 5.48568148332
608 21975 -0.0840317984287 -26.2458439328 -11.3694073026 5.5826028234
609 21526 -0.0841567775722 -26.2284271931 -11.3847862985 5.52796247821
610 21711 -0.0842812377915 -26.2111149144 -11.4031820384 5.49498276604
611 21955 -0.0844050190291 -26.1939288121 -11.4068886384 5.55089452866
612 21709 -0.0845295133545 -26.1766755352 -11.4227596928 5.40448546344
613 22490 -0.084651841225 -26.1597535129 -11.419717525 5.58830846666
614 21651 -0.0847765322886 -26.1425361344 -11.3980311267 5.44333965301
615 22251 -0.084899543043 -26.1255819036 -11.3966892472 5.45109240383
616 22382 -0.0850222077454 -26.108706075 -11.3937328472 5.52598218168
617 21986 -0.0851459857754 -26.0917080782 -11.4033289084 5.49736631927
618 22045 -0.0852696139838 -26.0747616569 -11.4024977755 5.40571272435
619 22604 -0.0853917179311 -26.0580545062 -11.410512095 5.63894442579
620 21420 -0.0855171642181 -26.0409213409 -11.399933338 5.4652701072
621 22078 -0.0856407418276 -26.0240743392 -11.4072002601 5.45798157115
622 22314 -0.0857636766619 -26.0073453567 -11.377858991 5.53287404449
623 21950 -0.0858876421244 -25.9905067397 -11.3790689036 5.46621542563
624 22237 -0.0860108190136 -25.9738056054 -11.3569613345 5.47176372303
625 22290 -0.0861338641538 -25.9571524776 -11.3703540927 5.47178222154
626 22308 -0.0862568723613 -25.9405343828 -11.3727489581 5.46263233925
627 22370 -0.086379722621 -25.9239675199 -11.3808189205 5.58353039933
628 21696 -0.0865044833204 -25.9071735207 -11.3837576769 5.47247198985
629 22145 -0.0866279844141 -25.8905792628 -11.4098105813 5.4908833765
630 22170 -0.0867514301133 -25.8740223818 -11.3841718651 5.48898146362
631 22192 -0.0868748294447 -25.8575015516 -11.3803433178 5.52325642812
632 22004 -0.0869987696131 -25.8409382574 -11.3379908775 5.32199504838
633 23153 -0.0871196078703 -25.8248183177 -11.372430667 5.49341127269
634 22447 -0.0872423464564 -25.8084739233 -11.3263061909 5.56644876405
635 21838 -0.0873667991401 -25.7919310883 -11.3787632967 5.44767965111
636 22357 -0.0874898130687 -25.7756089266 -11.3925092144 5.48198739398
637 22307 -0.087612977512 -25.7592960271 -11.3769390174 5.42956712261
638 22607 -0.0877353371364 -25.7431186144 -11.3609991914 5.44935079093
639 22577 -0.0878577902056 -25.7269576008 -11.3668832432 5.43026104541
640 22687 -0.0879799613606 -25.7108623851 -11.3694042019 5.47358991425
641 22463 -0.0881027533607 -25.6947140797 -11.3213720254 5.50297739064
642 22232 -0.0882261949541 -25.6785092757 -11.330535268 5.49670169813
643 22208 -0.088349717697 -25.6623227775 -11.3943793931 5.3775766688
644 22913 -0.0884713373255 -25.6464138938 -11.3594489367 5.54144514737
645 22142 -0.0885950720853 -25.6302570038 -11.3752886878 5.32730127884
646 23210 -0.0887159384491 -25.6145025085 -11.3743665115 5.44593539335
647 22794 -0.0888379176132 -25.5986307958 -11.3461859624 5.42400388363
648 22815 -0.08895985438 -25.5827924736 -11.3938629601 5.42815039487
649 22799 -0.0890818462462 -25.5669748114 -11.3445339301 5.50146239672
650 22362 -0.0892050391242 -25.5510295872 -11.3122549299 5.45191050424
651 22537 -0.0893277679581 -25.5351724949 -11.2997678337 5.3769357973
652 23043 -0.089449154063 -25.519516377 -11.3133484421 5.41776262006
653 22941 -0.0895708234916 -25.5038510793 -11.3010793285 5.54138141303
654 22182 -0.0896945708495 -25.4879462711 -11.3912900342 5.37308291238
655 22974 -0.0898161810395 -25.4723436137 -11.3311930518 5.38203474739
656 23152 -0.0899373355399 -25.4568264288 -11.3592291537 5.36155897669
657 23334 -0.090058031285 -25.4413947365 -11.3536759298 5.42274107128
658 23010 -0.0901795869158 -25.4258800061 -11.3722996084 5.43235793359
659 22865 -0.0903015395955 -25.4103416617 -11.3761490629 5.40676618264
660 22984 -0.090423190447 -25.3948687129 -11.3003730062 5.43350811065
661 22858 -0.0905451886525 -25.3793785361 -11.3330933404 5.50478870971
662 22402 -0.0906684370338 -25.3637569619 -11.3357069038 5.38741223655
663 22980 -0.0907901387265 -25.3483583226 -11.3309822458 5.37323047506
664 23238 -0.0909111769529 -25.3330700695 -11.3504011429 5.45718227677
665 22800 -0.0910333858745 -25.3176606306 -11.3580578448 5.44085965666
666 22781 -0.0911556596798 -25.3022697767 -11.3917097775 5.37433766838
667 23185 -0.0912768762456 -25.2870383604 -11.3679163531 5.45200758534
668 22828 -0.0913990517452 -25.2717129416 -11.3456517153 5.36419986714
669 23269 -0.0915200767101 -25.2565579997 -11.3622823505 5.33252784547
670 23599 -0.0916402667778 -25.2415333047 -11.3837860684 5.37580857485
671 23422 -0.0917609217884 -25.226476184 -11.3319278875 5.41486323923
672 23134 -0.0918823391843 -25.2113498472 -11.3412861519 5.50119454071
673 22538 -0.0920053662455 -25.1960494368 -11.3573831429 5.33872160952
674 23362 -0.092126218523 -25.1810453641 -11.3282749709 5.40410430019
675 23195 -0.0922475168202 -25.1660116324 -11.3515145578 5.31698647569
676 23699 -0.0923675324987 -25.1511621617 -11.2972058661 5.42338284571
677 23176 -0.0924889077522 -25.1361699961 -11.3155134081 5.37928013635
678 23308 -0.0926099519601 -25.1212442213 -11.3111054393 5.34526267043
679 23563 -0.0927303533597 -25.1064229108 -11.3605003344 5.37656268058
680 23441 -0.0928510800605 -25.0915867297 -11.3047280674 5.46367744776
681 22875 -0.0929733066707 -25.0765918396 -11.3549043189 5.38379648672
682 23209 -0.0930946626065 -25.0617292011 -11.3256650491 5.33624223768
683 23607 -0.0932150057089 -25.047015573 -11.3201339709 5.39641206508
684 23344 -0.0933360367537 -25.0322428492 -11.3746107192 5.27935808749
685 24019 -0.0934553690909 -25.0177019655 -11.3176006826 5.39091902651
686 23499 -0.0935760276237 -25.0030241562 -11.371849604 5.34660603284
687 23639 -0.0936963422546 -24.9884128261 -11.3171496261 5.44872322263
688 23045 -0.0938182109504 -24.9736377928 -11.3524746759 5.36327262236
689 23411 -0.093939134704 -24.9590021559 -11.3108987478 5.33271644002
690 23713 -0.0940592996855 -24.9444827998 -11.3271501261 5.4547895976
691 23039 -0.0941812248885 -24.9297756042 -11.272730848 5.37096274852
692 23373 -0.0943022887753 -24.9151970059 -11.3308236954 5.27103477675
693 24112 -0.0944214954842 -24.9008660417 -11.2999979167 5.3436130025
694 23856 -0.094541354133 -24.8864806455 -11.3265627049 5.42961610741
695 23247 -0.0946627859191 -24.8719308665 -11.3073492279 5.40205165577
696 23253 -0.0947842138803 -24.8574060687 -11.3110799928 5.24004071079
697 24295 -0.094903022154 -24.8432183062 -11.3036222116 5.37882071403
698 23695 -0.0950233383357 -24.8288742827 -11.3288473572 5.32492853722
699 23878 -0.0951432067624 -24.8146074088 -11.2968042014 5.32990252216
700 23901 -0.095263029568 -24.8003696185 -11.3209655444 5.43179268043
701 23268 -0.0953844870122 -24.7859616715 -11.3377966077 5.39299656726
702 23337 -0.0955057756685 -24.7715978784 -11.2771647944 5.36766539066
703 23519 -0.0956266081349 -24.7573120309 -11.2663714157 5.34324654207
704 23729 -0.0957469175517 -24.7431116863 -11.2993506347 5.46315225557
705 23043 -0.0958690185995 -24.728723956 -11.2818565301 5.35382855007
706 23533 -0.0959898553294 -24.7145090348 -11.2890583901 5.35744168379
707 23654 -0.0961103953766 -24.700352575 -11.3237798856 5.34480233387
708 23773 -0.0962306479201 -24.6862532713 -11.2938355226 5.3335459547
709 23882 -0.0963506373735 -24.6722080451 -11.353124962 5.30473507108
710 24104 -0.0964700876106 -24.6582489305 -11.2951750098 5.45006348583
711 23246 -0.0965917353612 -24.6440565346 -11.2894876521 5.37742866673
712 23465 -0.0967128260877 -24.6299526439 -11.2873170398 5.22907122414
713 24493 -0.0968313624431 -24.6161689432 -11.2954012017 5.3539251889
714 23969 -0.0969511995605 -24.6022567341 -11.2820129229 5.36280946792
715 23772 -0.0970715458473 -24.5883083775 -11.3300593103 5.43162257281
716 23289 -0.0971931474209 -24.5742378481 -11.2690807034 5.25544991313
717 24281 -0.0973122534055 -24.5604787514 -11.2963903455 5.31288981486
718 24193 -0.0974315867959 -24.5467158285 -11.2688497222 5.37532779843
719 23769 -0.0975519939747 -24.5328517792 -11.3357972156 5.31170378891
720 24064 -0.0976716738737 -24.5190940286 -11.2901147691 5.3652438932
721 23806 -0.0977920150841 -24.5052828795 -11.2789922475 5.26975083895
722 24358 -0.0979109978746 -24.491649881 -11.2919450209 5.19247908643
723 25045 -0.0980283500199 -24.4782253409 -11.289012951 5.40307719343
724 23838 -0.0981486487955 -24.4644859538 -11.2844342883 5.33062700173
725 23980 -0.0982686039922 -24.4508081679 -11.2950367932 5.36538597632
726 23800 -0.0983890246165 -24.4370997179 -11.2789079402 5.31922435099
727 24050 -0.0985088298346 -24.4234835496 -11.3136865194 5.22876551856
728 24726 -0.0986270001531 -24.4100748575 -11.2669194602 5.39123354206
729 23849 -0.0987473374317 -24.3964423426 -11.2515977771 5.29972177954
730 24203 -0.0988668036352 -24.3829304767 -11.2994360949 5.33580721628
731 24071 -0.0989866088154 -24.3694022023 -11.3179091838 5.27983747119
732 24405 -0.0991056047108 -24.3559870001 -11.28030978 5.2919280918
733 24424 -0.0992245686803 -24.3425969535 -11.2863889332 5.26584594677
734 24607 -0.0993431016214 -24.3292768081 -11.3064350941 5.38167849697
735 23901 -0.0994633862533 -24.3157815891 -11.267290621 5.30560891113
736 24202 -0.0995829328472 -24.302390854 -11.3044192973 5.19526592864
737 25034 -0.0997004885918 -24.2892441472 -11.2941254534 5.22921832862
738 25044 -0.0998180341961 -24.2761193753 -11.2718582979 5.34655523032
739 24261 -0.0999374736059 -24.2628044033 -11.2856823808 5.22725280647
740 24844 -0.100055516418 -24.249666126 -11.2763754888 5.32886213019
741 24331 -0.100174809548 -24.2364098512 -11.2753610763 5.305524184
742 24347 -0.100294076642 -24.2231776891 -11.2790046723 5.30262828357
743 24374 -0.100413289542 -24.2099726933 -11.2585975352 5.32060931115
744 24267 -0.100532778196 -24.1967583263 -11.2837014182 5.32376996922
745 24220 -0.100652395308 -24.1835509359 -11.2813928782 5.23036043321
746 24834 -0.100770538552 -24.1705270376 -11.216719121 5.28118652155
747 24669 -0.100889089179 -24.1574789171 -11.2788844497 5.26518735589
748 24734 -0.10100749551 -24.144467316 -11.2706595695 5.23737255502
749 24946 -0.101125411993 -24.1315299946 -11.262462291 5.33483634379
750 24353 -0.101244766038 -24.118455685 -11.269305936 5.2463035674
751 24783 -0.1013630932 -24.1055144082 -11.2388220075 5.2988577907
752 24555 -0.101481981496 -24.0925323165 -11.2388162892 5.24115005767
753 24884 -0.101600094395 -24.0796552512 -11.2633012248 5.22653957285
754 25082 -0.101717753229 -24.066847817 -11.2693545733 5.27102354213
755 24837 -0.101836003551 -24.0539961925 -11.2553566107 5.2490690751
756 24922 -0.101954065073 -24.041185238 -11.2577088585 5.26000615888
757 24875 -0.102072250282 -24.0283809829 -11.2423114772 5.24161102349
758 24991 -0.102190172979 -24.0156251876 -11.2685787348 5.21996087367
759 25177 -0.102307672112 -24.002935054 -11.257813997 5.22406862959
760 25205 -0.102425118626 -23.9902703541 -11.2954061144 5.28686784298
761 24786 -0.102543565534 -23.9775177324 -11.2605569762 5.24593527091
762 24952 -0.102661631884 -23.9648259812 -11.2271843112 5.29557464527
763 24666 -0.102780393432 -23.9520794946 -11.2459142557 5.21641655211
764 25128 -0.102898070552 -23.9394691346 -11.2804787013 5.24706584396
765 25052 -0.103015938682 -23.9268579553 -11.2321246248 5.18219704216
766 25486 -0.103132811764 -23.914372614 -11.2616264398 5.24644718085
767 25163 -0.103250443971 -23.9018256131 -11.2716425469 5.1472775615
768 25774 -0.103366686484 -23.8894459539 -11.2803853092 5.21042859294
769 25502 -0.103483559463 -23.8770182625 -11.2125295543 5.19849630411
770 25514 -0.103600416632 -23.8646113693 -11.247733193 5.24664429522
771 25185 -0.103718047916 -23.85214155 -11.2787443092 5.22146351379
772 25272 -0.103835489284 -23.8397111005 -11.258050129 5.20565670863
773 25411 -0.103952621722 -23.8273324525 -11.238661065 5.22762544897
774 25300 -0.104070022478 -23.8149445497 -11.2463194455 5.26126633239
775 25040 -0.104188042651 -23.802510519 -11.2541975113 5.1325613576
776 25875 -0.104304156431 -23.7902961127 -11.2292260037 5.2901968418
777 25006 -0.104422282856 -23.7778890574 -11.2287151996 5.25732343807
778 24997 -0.104540443098 -23.7654976474 -11.2471266225 5.1635703339
779 25652 -0.104657097248 -23.7532829736 -11.2304551424 5.25610396879
780 25192 -0.104774824408 -23.7409748353 -11.2521143763 5.17758399966
781 25617 -0.104891583451 -23.7287866124 -11.2532050019 5.25985916263
782 25164 -0.105009400646 -23.716506767 -11.2430731937 5.28291100782
783 24886 -0.105127887817 -23.7041761316 -11.2429221181 5.10982060786
784 26025 -0.105243764648 -23.6921355742 -11.2558885459 5.17333674625
785 25899 -0.105359935475 -23.6800827193 -11.2436751346 5.17611120915
786 25848 -0.105476233638 -23.6680349177 -11.2315333577 5.23815785554
787 25397 -0.105593570449 -23.655897998 -11.2146874197 5.16665602728
788 25781 -0.10571004354 -23.6438687357 -11.2316191436 5.186074294
789 25755 -0.105826587691 -23.6318503608 -11.2271936561 5.29154539831
790 25015 -0.105944856841 -23.6196726968 -11.2414874582 5.25373438935
791 25074 -0.106062998816 -23.6075267908 -11.2212658322 5.23551801624
792 25220 -0.106180810753 -23.5954333494 -11.2526274813 5.13241363628
793 25996 -0.106296863264 -23.5835385699 -11.2505365886 5.10147407974
794 26453 -0.106411921524 -23.5717633483 -11.2368589593 5.2342258556
795 25620 -0.106528846491 -23.5598150529 -11.2001351974 5.15096124549
796 25989 -0.106644949903 -23.5479685933 -11.2437328117 5.23579048461
797 25491 -0.106762194166 -23.5360237726 -11.2123706372 5.151433017
798 25957 -0.106878395119 -23.5242030966 -11.2227366915 5.21711078054
799 25622 -0.106995364377 -23.5123221741 -11.2355996554 5.09031473662
800 26450 -0.107110499938 -23.500645017 -11.2309337363 5.19454304839
801 25926 -0.107226805625 -23.4888667852 -11.2225475416 5.14236193688
802 26163 -0.107342596272 -23.477158246 -11.2245630406 5.19180625043
803 25875 -0.107459041376 -23.4654011356 -11.2409703178 5.15670437574
804 26052 -0.10757510291 -23.4537002842 -11.2199240365 5.10354981389
805 26497 -0.107690197295 -23.4421141838 -11.1774998961 5.19656717099
806 25944 -0.107806523932 -23.4304214519 -11.1960134791 5.14452632155
807 26172 -0.10792235533 -23.4187958576 -11.2092111933 5.23428493033
808 25594 -0.108039498574 -23.4070561768 -11.2120548237 5.20472034756
809 25648 -0.108156532576 -23.3953450589 -11.1938915543 5.09524158711
810 26461 -0.108271765567 -23.3838313264 -11.2286437785 5.178926249
811 26082 -0.108387845977 -23.3722501063 -11.2082073967 5.24228177038
812 25529 -0.108505188257 -23.3605604827 -11.2231735707 5.08586634056
813 26508 -0.108620356556 -23.3491044948 -11.1968483589 5.21427944384
814 25851 -0.108736989957 -23.3375199625 -11.2043068507 5.13415700823
815 26253 -0.108852739914 -23.3260402454 -11.2020737421 5.20904337735
816 25827 -0.108969452159 -23.3144822706 -11.1757563539 5.12529306466
817 26319 -0.109085080905 -23.3030485687 -11.1962666699 5.18483814713
818 26027 -0.109201367871 -23.2915667837 -11.2318633654 5.10788459577
819 26513 -0.109316595857 -23.2802063428 -11.1954132476 5.04099967102
820 27165 -0.109430445273 -23.2689981903 -11.2288445678 5.17841157999
821 26316 -0.109546128711 -23.2576261194 -11.2196703713 5.1154639832
822 26552 -0.109661309523 -23.2463200831 -11.1948674156 5.21677924664
823 25880 -0.109777986869 -23.2348840259 -11.2111024791 5.09418758605
824 26593 -0.109893103058 -23.2236175963 -11.1943017788 5.22436858709
825 25845 -0.110009884902 -23.2122049731 -11.2119103905 5.10975829437
826 26474 -0.110125281836 -23.2009443014 -11.1919693195 5.09764351163
827 26750 -0.110240094387 -23.1897570058 -11.1737060061 5.09337134088
828 26865 -0.110354673606 -23.1786086718 -11.1851463124 5.2636380399
829 25653 -0.1104719396 -23.1672156684 -11.2244856641 5.153995434
830 26110 -0.110588187862 -23.1559382305 -11.211935862 5.11242917601
831 26551 -0.110703478134 -23.1447701041 -11.1503995734 5.17673999607
832 26205 -0.110819539191 -23.1335437491 -11.2060849257 5.11487588444
833 26568 -0.110934816582 -23.1224094874 -11.1804340285 5.08805223147
834 26877 -0.111049440293 -23.1113544266 -11.1533885607 5.10502850738
835 26840 -0.111164155148 -23.1003065797 -11.2170665005 5.0901425559
836 26947 -0.11127865486 -23.0892953851 -11.201076691 5.07844619482
837 27070 -0.111392904784 -23.0783240449 -11.1770448056 5.10799329306
838 26884 -0.111507562537 -23.0673294087 -11.2281804888 5.11289158526
839 26799 -0.111622413586 -23.05633214 -11.1918886034 5.05916280632
840 27188 -0.111736450406 -23.0454285508 -11.1583477117 5.21768470414
841 26114 -0.11185282163 -23.0343178681 -11.1825127375 5.10909637412
842 26620 -0.111968092692 -23.0233282343 -11.2011813058 5.02050539027
843 27449 -0.112081622887 -23.0125201123 -11.2151882698 5.09877315361
844 27083 -0.112195929075 -23.0016536658 -11.2053384136 5.14035880806
845 26671 -0.112311125523 -22.9907183411 -11.2136778708 5.03787520147
846 27340 -0.112424915531 -22.9799320208 -11.2056375873 5.09277488133
847 27111 -0.112539198098 -22.9691144779 -11.1785768136 4.997643999
848 27793 -0.112652080739 -22.9584446328 -11.165019155 5.14315346827
849 26858 -0.112766922728 -22.9476050434 -11.2086626272 5.11084499882
850 26851 -0.112881792769 -22.9367783696 -11.1748805504 5.09095121862
851 27004 -0.112996348739 -22.9259967669 -11.20033509 5.02199075935
852 27586 -0.113109701697 -22.9153435621 -11.175292095 5.09114994307
853 27215 -0.113223834787 -22.9046322583 -11.1788743278 5.05386826985
854 27405 -0.113337584686 -22.893972081 -11.1357661754 5.18875056235
855 26438 -0.113453407064 -22.8831332027 -11.1937268544 5.04527532644
856 27255 -0.113567492297 -22.8724721711 -11.1902274823 5.03668574205
857 27563 -0.113680950783 -22.8618847185 -11.191563905 5.06799171248
858 27409 -0.113794739116 -22.8512814901 -11.1557026137 5.00693682476
859 27850 -0.113907633076 -22.840776422 -11.2002659233 5.15595231185
860 26821 -0.114022685249 -22.8300856828 -11.1598277385 5.16320987753
861 26492 -0.114138460474 -22.8193431697 -11.1386579634 5.01380358102
862 27540 -0.11425202376 -22.8088208871 -11.1722588189 5.05216148473
863 27546 -0.114365585826 -22.7983135328 -11.1830809667 5.09177850948
864 27244 -0.114479788117 -22.7877618518 -11.1872984813 5.11936085029
865 26953 -0.114594615847 -22.7771674286 -11.1349188187 5.07464985581
866 27217 -0.114708896748 -22.7666384058 -11.1928886171 5.05776966863
867 27427 -0.114822751291 -22.7561634634 -11.1438107494 5.07901494465
868 27325 -0.114936829461 -22.7456827318 -11.1490550505 5.07110167655
869 27362 -0.115050842598 -22.735222732 -11.1596708112 5.06421673266
870 27430 -0.115164726041 -22.7247893289 -11.1532835487 5.04380869755
871 27613 -0.115278243125 -22.7144040791 -11.1697099843 5.04940250661
872 27625 -0.11539174774 -22.7040345046 -11.1684411129 5.09819480095
873 27252 -0.115506037451 -22.6936078604 -11.1466053846 5.0813306332
874 27283 -0.115620275201 -22.6832006229 -11.1529361481 4.99975934449
875 27937 -0.115733179316 -22.67292926 -11.1729789397 5.07108146053
876 27561 -0.11584686194 -22.662601486 -11.1567832871 5.04048247063
877 27701 -0.115960268677 -22.6523131572 -11.1395616424 5.00001764033
878 28067 -0.116072943726 -22.6421054045 -11.1343614197 5.0599486054
879 27696 -0.116186382501 -22.6318427292 -11.1880433151 5.00076749232
880 28068 -0.116299079 -22.6216613535 -11.1451505586 5.04157974601
881 27850 -0.116412226671 -22.6114533744 -11.1321613037 4.95591655514
882 28486 -0.116524116344 -22.6013728117 -11.1661094928 5.06589609834
883 27780 -0.116637430407 -22.5911780022 -11.1454698585 5.00696204801
884 28058 -0.116750191703 -22.5810469645 -11.1221295407 5.07439683205
885 27604 -0.116863888325 -22.5708460445 -11.1887144767 4.9275885641
886 28664 -0.116975474218 -22.5608482902 -11.149596762 5.04185881458
887 28036 -0.117088314651 -22.5507519977 -11.1869111984 4.97410971788
888 28415 -0.117200412042 -22.5407359659 -11.129248887 5.0852782376
889 27632 -0.11731409772 -22.5305920169 -11.1469449205 5.00365478911
890 28067 -0.117426909983 -22.5205399078 -11.1380247309 5.07889948958
891 27596 -0.117540693502 -22.5104152602 -11.1554003972 4.93087833148
892 28659 -0.117652356554 -22.5004929428 -11.1454761006 5.07754995187
893 27775 -0.117765795693 -22.4904266196 -11.1295544515 5.02797408416
894 27929 -0.117878931689 -22.4804010387 -11.1573963674 5.00800570976
895 28137 -0.117991660151 -22.4704252938 -11.1435019984 5.00474378207
896 28227 -0.118104221429 -22.4604779838 -11.1409633916 4.93584757502
897 28824 -0.118215621608 -22.4506466766 -11.1592167905 4.99310198143
898 28522 -0.118327621443 -22.4407758546 -11.1277873154 5.11270211053
899 27486 -0.118441723056 -22.4307335935 -11.1785165533 4.94900610121
900 28510 -0.118553768844 -22.4208857924 -11.1633562916 4.97234334091
901 28618 -0.118665614395 -22.4110689289 -11.123973205 5.04890192705
902 28028 -0.11877864131 -22.4011618877 -11.1468033293 4.89049731393
903 29173 -0.118889439497 -22.3914633578 -11.1626571478 5.04156889106
904 28245 -0.11900205391 -22.3816191716 -11.1494831652 5.00360078721
905 28303 -0.119114564688 -22.3717974326 -11.1427153226 4.92562248377
906 28969 -0.119225785626 -22.3621014184 -11.1101576588 4.95477875919
907 28918 -0.11933711573 -22.3524089327 -11.1641596213 5.08373694269
908 27855 -0.11945056121 -22.3425456811 -11.1292259029 4.97061158418
909 28477 -0.119562772052 -22.3328030528 -11.1467177276 4.97737692354
910 28604 -0.119674745599 -22.3230941682 -11.1104441751 5.01885334991
911 28304 -0.11978732277 -22.3133461527 -11.140414871 4.90326731076
912 29184 -0.119898200749 -22.3037581896 -11.1371404974 4.94900062805
913 29052 -0.120009340884 -22.2941603995 -11.1322863331 5.04264848367
914 28245 -0.120122068679 -22.2844386123 -11.1207543902 5.01744471274
915 28231 -0.120234834909 -22.2747266943 -11.1152393467 4.92051271482
916 29033 -0.12034604517 -22.2651616724 -11.1285871598 5.00524808257
917 28558 -0.120458187946 -22.255529383 -11.1052301894 5.03989819445
918 28149 -0.120571152659 -22.2458396032 -11.130137835 5.00558240978
919 28317 -0.120683793767 -22.2361906561 -11.0991337964 4.98083949641
920 28571 -0.120795943822 -22.2265967188 -11.1266625809 5.05639501344
921 28032 -0.120909177549 -22.2169231583 -11.110322181 4.89267622018
922 29235 -0.121020069132 -22.2074624008 -11.1320223443 4.90661861107
923 29470 -0.121130528113 -22.1980510344 -11.1674567819 4.97498243629
924 28958 -0.121241970918 -22.188568446 -11.126249147 4.9505308593
925 29026 -0.121353294553 -22.1791086116 -11.1353840501 4.99400968862
926 28686 -0.121465287492 -22.1696045992 -11.1438431527 4.90999572859
927 29300 -0.121576110109 -22.1602124157 -11.0954640661 5.04714758874
928 28332 -0.121688821752 -22.1506728801 -11.1140688444 4.98435317614
929 28583 -0.121801048593 -22.1411871194 -11.1596690428 4.9182831599
930 29212 -0.121912071227 -22.1318156298 -11.1136101553 4.95905383088
931 29050 -0.122023414919 -22.1224294902 -11.1075476458 5.00241914908
932 28647 -0.122135549563 -22.1129892523 -11.1207290018 4.94198500131
933 29043 -0.122246929526 -22.1036250204 -11.1168046807 4.94438661107
934 29139 -0.122358136012 -22.0942877507 -11.1165995897 4.94223444786
935 29189 -0.122469259239 -22.0849698022 -11.115733933 4.90761522392
936 29503 -0.122579799144 -22.0757129727 -11.1111761001 4.92502328081
937 29446 -0.122690457031 -22.0664584337 -11.0700528931 5.07046582467
938 28223 -0.122803499234 -22.0570170394 -11.0881056537 4.84524933417
939 29773 -0.122913569893 -22.0478359964 -11.1143284406 5.02685779161
940 28674 -0.123025742159 -22.038491983 -11.1153542556 4.9191780805
941 29277 -0.123136763564 -22.0292560653 -11.1176112345 4.93062038197
942 29356 -0.123247646967 -22.0200437479 -11.0840198906 4.94993900007
943 29217 -0.123358803774 -22.0108208504 -11.1265990146 4.93211191446
944 29334 -0.123469749453 -22.0016275628 -11.1412801733 4.88276835652
945 29799 -0.123579838211 -21.9925172011 -11.0738780336 4.97243883875
946 29161 -0.123691135584 -21.9833188672 -11.092468188 4.88311248795
947 29754 -0.123801328337 -21.9742237367 -11.1010704429 4.99766785623
948 28944 -0.123913063029 -21.9650134153 -11.0853744421 4.89264985706
949 29617 -0.124023533093 -21.9559192718 -11.1251945236 4.85794238463
950 30120 -0.124133086597 -21.9469122791 -11.0990618668 4.912877794
951 29782 -0.12424327108 -21.9378651379 -11.0965857989 4.92739261978
952 29566 -0.124353867315 -21.9287959939 -11.1007504934 4.88695308959
953 29862 -0.124463925673 -21.919782677 -11.078279853 4.9720519199
954 29214 -0.124575208464 -21.9106809494 -11.0903121244 4.88786098852
955 29762 -0.124685474185 -21.9016741531 -11.0814444186 4.86781877157
956 30099 -0.124795129917 -21.8927287563 -11.1253292681 4.91080178489
957 29820 -0.124905309693 -21.8837522129 -11.0939120643 4.92308617669
958 29639 -0.125015834798 -21.8747591991 -11.0762504247 4.95937872665
959 29282 -0.125127043983 -21.8657222939 -11.1078562963 4.95528249779
960 29221 -0.125238378652 -21.8566869956 -11.0884802519 4.88096806532
961 29849 -0.125348547625 -21.8477579031 -11.0779147492 4.95149713539
962 29419 -0.125459529174 -21.8387746017 -11.0791291484 4.87313836997
963 29984 -0.125569472311 -21.8298868613 -11.1128032996 4.90368482523
964 29880 -0.125679617265 -21.8209942705 -11.110351727 4.90927210731
965 29806 -0.125789909249 -21.8121012858 -11.0875200482 4.91565142567
966 29734 -0.125900345764 -21.8032081332 -11.1085487315 4.89493459377
967 29899 -0.126010487887 -21.7943501137 -11.0542022128 4.89013704682
968 29992 -0.126120469792 -21.7855163452 -11.085158678 4.92435565789
969 29722 -0.126230959904 -21.7766531726 -11.08928385 4.85475864544
970 30264 -0.12634046791 -21.7678800506 -11.0719762385 4.82355396734
971 30706 -0.126449195372 -21.7591805398 -11.0704753241 4.9101615608
972 30055 -0.126559103762 -21.75039774 -11.1019154059 4.8770428934
973 30173 -0.126668808647 -21.7416424108 -11.0898664279 4.80763684814
974 30838 -0.126777334105 -21.7329922075 -11.1077528333 4.92293098707
975 29991 -0.126887392388 -21.7242309792 -11.0544282838 4.75122300514
976 31317 -0.126995105184 -21.715667318 -11.0670897349 4.88138943032
977 30499 -0.127104263798 -21.7069996418 -11.056489262 4.85110878005
978 30552 -0.127213338787 -21.6983495806 -11.0739792196 4.8218279302
979 30838 -0.127321916788 -21.6897498088 -11.091049979 4.90183422891
980 30199 -0.127431648749 -21.6810696444 -11.0815666014 4.90704987665
981 29981 -0.127541788904 -21.6723682956 -11.102881703 4.81923158752
982 30710 -0.12765062423 -21.6637809409 -11.060208217 4.91638412612
983 30048 -0.127760663786 -21.6551095745 -11.0522210746 4.91343420062
984 29896 -0.127870993489 -21.6464264333 -11.065088932 4.86902387752
985 30250 -0.127980686735 -21.6378043706 -11.0708741049 4.86087064278
986 30427 -0.128090069363 -21.6292176131 -11.0501245191 4.74178714868
987 31585 -0.128197440144 -21.6207993475 -11.0825217667 4.84647028555
988 30938 -0.128305937794 -21.6123033375 -11.1082471986 4.74130483579
989 31748 -0.128413051892 -21.6039261078 -11.0829022219 4.92063258273
990 30316 -0.1285226767 -21.5953632409 -11.0813054131 4.82304063578
991 30811 -0.128631429005 -21.5868792235 -11.0956652965 4.85171350521
992 30693 -0.128740399502 -21.5783888523 -11.0531177329 4.80622378806
993 31083 -0.128848696211 -21.56996154 -11.0805398731 4.8509360829
994 30785 -0.128957526085 -21.5615033257 -11.067273173 4.83089255175
995 30889 -0.12906618171 -21.5530692232 -11.056699081 4.90372412378
996 30263 -0.129175966179 -21.5445582041 -11.0632305055 4.84181551406
997 30650 -0.129285066778 -21.5361108445 -11.0736938125 4.8990007171
998 30248 -0.129394899552 -21.5276174922 -11.0577993702 4.87956501928
999 30314 -0.129504624031 -21.5191432125 -11.0879969497 4.75583755716
1000 31474 -0.129612317732 -21.5108361543 -11.0708630818 4.78954446792
1001 31495 -0.129719986113 -21.5025413099 -11.0605810403 4.84846243632
1002 30955 -0.12982859976 -21.4941840186 -11.07207738 4.88665647505
1003 30464 -0.12993809635 -21.4857693203 -11.0557409229 4.75670903458
1004 31528 -0.130045739987 -21.4775073083 -11.0697884993 4.86564748804
1005 30819 -0.130154624334 -21.4691604274 -11.0402578435 4.76887523325
1006 31525 -0.130262292911 -21.4609169725 -11.0599243745 4.86866829474
1007 30799 -0.130371233324 -21.4525864744 -11.0466553584 4.79275585641
1008 31303 -0.130479303743 -21.4443327546 -11.0654173008 4.75133747025
1009 31845 -0.130586460229 -21.4361588983 -11.0318487677 4.80126446302
1010 31527 -0.130694167331 -21.4279531216 -11.042129153 4.88515325056
1011 30667 -0.130803384833 -21.4196425754 -11.0523910075 4.71906051077
1012 31983 -0.130910341378 -21.4115141053 -11.0670910362 4.80095143646
1013 31581 -0.131017987036 -21.4033432741 -11.0584956099 4.83322534337
1014 31171 -0.131126347856 -21.3951282832 -11.0699163032 4.82943820228
1015 31097 -0.13123484851 -21.3869128515 -11.0547464049 4.76760676721
1016 31661 -0.131342388702 -21.3787801586 -11.0556815025 4.89437443641
1017 30644 -0.131451708506 -21.3705230843 -11.0496514453 4.75196796678
1018 31686 -0.131559226129 -21.3624121456 -11.0444050884 4.78495816804
1019 31676 -0.13166677098 -21.3543090708 -11.0519915491 4.85673113305
1020 31005 -0.131775483747 -21.3461280618 -11.0652052799 4.75465270546
1021 31780 -0.131882874274 -21.3380564731 -11.0250847927 4.83632023438
1022 31231 -0.131991213382 -21.329923558 -11.0216832106 4.83599252758
1023 31087 -0.132099813994 -21.3217810448 -11.0439193498 4.85570315819
1024 30870 -0.132208806551 -21.3136192265 -11.0254227675 4.76995008289
1025 31612 -0.132316522766 -21.305562892 -11.0649780252 4.80598118623
1026 31487 -0.132424463019 -21.2974996623 -11.0622116049 4.78224267388
1027 31681 -0.132532082384 -21.2894702139 -11.0361107432 4.83602373048
1028 31233 -0.132640481102 -21.2813925037 -11.0424755159 4.83395693826
1029 31132 -0.13274906528 -21.2733109027 -11.0712081139 4.76518152343
1030 31755 -0.132856589893 -21.2653179381 -11.0438516448 4.82429098869
1031 31376 -0.132964772356 -21.2572858721 -11.0211576459 4.80299124109
1032 31475 -0.133072795196 -21.2492754493 -11.0366618254 4.82955387813
1033 31258 -0.133181202527 -21.2412463347 -11.0569289366 4.72191755756
1034 32227 -0.133287977827 -21.2333476952 -11.0233594737 4.78567745109
1035 31890 -0.133395325556 -21.2254162981 -11.0211557801 4.80040116585
1036 31660 -0.133503072169 -21.2174650797 -11.0493289374 4.7226755912
1037 32350 -0.133609674438 -21.2096078071 -11.0554865735 4.7835863051
1038 31957 -0.133716939803 -21.2017111799 -11.0558564429 4.7793961396
1039 31893 -0.133824323778 -21.1938153699 -11.015232523 4.72264094141
1040 32431 -0.133930823309 -21.1859940123 -11.0557645417 4.75868084675
1041 32234 -0.134037657117 -21.178157515 -11.019439017 4.78455016361
1042 31933 -0.134145003198 -21.1702929176 -11.0262489794 4.80540177886
1043 31655 -0.134252830274 -21.1624026273 -11.0345307993 4.75205735399
1044 32092 -0.134359929932 -21.1545750212 -11.0293585211 4.76063522155
1045 32138 -0.134466964245 -21.1467615897 -11.0424119978 4.74047747707
1046 32352 -0.134573653992 -21.1389826459 -11.0300196924 4.73921704754
1047 32429 -0.134680226612 -21.1312215305 -11.0226494676 4.78596072996
1048 31999 -0.134787522114 -21.1234171338 -10.9837631564 4.86591911364
1049 31131 -0.13489631347 -21.1155135075 -11.0118398773 4.69901403585
1050 32484 -0.135002826707 -21.1077847098 -11.0458112457 4.76919538341
1051 32190 -0.135109834336 -21.1000293128 -11.0349782337 4.69844672571
1052 32809 -0.135215837347 -21.0923558759 -11.0398476895 4.70720878468
1053 32903 -0.135321699981 -21.0847016745 -11.0578421771 4.7677554298
1054 32333 -0.135428501635 -21.0769887523 -11.0138202569 4.77967536599
1055 32064 -0.135535759684 -21.0692521279 -11.0059901008 4.78241175395
1056 31967 -0.135643190352 -21.0615123365 -11.031953383 4.74896407456
1057 32268 -0.135750128817 -21.0538172175 -11.0218354599 4.75151701002
1058 32333 -0.135856970353 -21.0461382366 -11.0166047934 4.66617250591
1059 33208 -0.135962404831 -21.0385693482 -10.9856576666 4.83403753856
1060 31800 -0.136070157876 -21.0308432004 -11.0208058403 4.71153690667
1061 32605 -0.136176581773 -21.0232214539 -11.0190592616 4.7497930692
1062 32462 -0.136283251067 -21.0155911909 -11.0095895264 4.75310400799
1063 32394 -0.136390042448 -21.0079612636 -10.9951618405 4.73523393955
1064 32555 -0.136496579181 -21.0003585567 -11.0410684503 4.74778221574
1065 32481 -0.136603247331 -20.9927554889 -11.0523691636 4.68721403332
1066 33068 -0.136708973205 -20.9852284733 -11.0315294009 4.7376061348
1067 32733 -0.136815249443 -20.9776711792 -11.0353788106 4.69341603601
1068 33087 -0.136920965625 -20.9701625525 -11.0213109648 4.75295768565
1069 32595 -0.137027487045 -20.9626056374 -11.0244063871 4.67802582426
1070 33212 -0.137133023118 -20.9551274259 -11.0326472749 4.71898247744
1071 32977 -0.137238944906 -20.9476306759 -11.0054003524 4.69876655018
1072 33120 -0.137344648058 -20.9401581676 -11.0125654152 4.72346610411
1073 32915 -0.137450688981 -20.9326705666 -11.0182502183 4.7164521763
1074 32933 -0.137556711581 -20.9251930426 -11.0384419805 4.63885088899
1075 33736 -0.137661474314 -20.9178129861 -10.999551542 4.72287166153
1076 33104 -0.13776724159 -20.9103708341 -11.0211276519 4.71096465479
1077 33054 -0.137873098618 -20.9029310749 -11.0049464416 4.71283176558
1078 33026 -0.13797901105 -20.8954961262 -11.0161457975 4.72367023993
1079 32913 -0.138085114063 -20.8880565146 -10.9796989953 4.76883710864
1080 32438 -0.13819200103 -20.8805707405 -11.0271198111 4.62036595153
1081 33809 -0.138296707979 -20.8732461987 -11.007751418 4.66808656444
1082 33713 -0.138401574231 -20.8659189862 -11.0143939904 4.6982147378
1083 33380 -0.13850697208 -20.8585631601 -11.0154895395 4.64585422308
1084 33832 -0.138611672723 -20.8512644461 -10.9762659906 4.72136434546
1085 33186 -0.138717398401 -20.8439028121 -11.0189549163 4.58349330713
1086 34445 -0.138821182783 -20.8366846785 -11.0186806941 4.72447190727
1087 33328 -0.138926701275 -20.8293543845 -11.0060134818 4.70292715803
1088 33247 -0.139032358559 -20.8220229675 -11.0187840703 4.73407518581
1089 32914 -0.139138558205 -20.8146624928 -11.0156658367 4.59924193709
1090 34214 -0.139242730622 -20.807450861 -11.0008891822 4.59236380626
1091 34672 -0.139346222492 -20.8002945075 -11.0148175291 4.83346195387
1092 32322 -0.139453420754 -20.7928904282 -10.9513477441 4.70813845306
1093 32930 -0.139559633767 -20.7855629834 -11.016447846 4.64984667576
1094 33706 -0.139664628035 -20.7783280019 -10.9861469782 4.72808732866
1095 33127 -0.139770544536 -20.7710379034 -11.0158508102 4.63024986136
1096 33976 -0.139875138691 -20.763847118 -11.0055947441 4.68043597755
1097 33699 -0.139980172906 -20.7566343634 -10.9906323021 4.67433424057
1098 33689 -0.14008523166 -20.749428215 -11.0094784277 4.66414462858
1099 33797 -0.140190132784 -20.7422411391 -10.9864201001 4.64208809898
1100 34063 -0.140294632879 -20.7350897325 -10.9917681667 4.74558740553
1101 33074 -0.140400693597 -20.7278398743 -11.0114264912 4.70910985271
1102 33175 -0.14050660288 -20.7206087464 -10.9996310255 4.66169792504
1103 33694 -0.140611703094 -20.7134411228 -10.9611142006 4.66020170375
1104 33862 -0.14071655191 -20.7062988336 -11.0073498123 4.59944362394
1105 34558 -0.140820347916 -20.6992363056 -10.9858914312 4.66811567207
1106 34028 -0.140924958743 -20.6921264202 -10.9893739977 4.66052668332
1107 33966 -0.141029675684 -20.6850174387 -10.98827415 4.62287462708
1108 34351 -0.141133813437 -20.6779558167 -10.9910701035 4.622196346
1109 34472 -0.14123777765 -20.6709139475 -11.0173732149 4.61326063767
1110 34607 -0.141341548703 -20.6638931052 -10.9992666662 4.61213954174
1111 34661 -0.141445247284 -20.6568850811 -10.9542869409 4.66961012323
1112 34068 -0.141549854874 -20.6498236296 -11.0083510751 4.67032481625
1113 33901 -0.141654729041 -20.6427522399 -11.0102307485 4.62370669806
1114 34350 -0.141758924545 -20.635734587 -10.9692248373 4.7045777032
1115 33632 -0.14186423698 -20.6286497736 -10.9693066268 4.66245362683
1116 33874 -0.141969181828 -20.6215977428 -10.9993358652 4.61368017682
1117 34463 -0.142073235091 -20.614613549 -10.9741233796 4.66676777106
1118 34070 -0.142177896325 -20.6075964948 -10.9619152253 4.67385949456
1119 33891 -0.142282842931 -20.6005682983 -10.9458353702 4.67838448355
1120 33799 -0.142387942905 -20.5935378371 -10.9661964406 4.63826654171
1121 34198 -0.142492437126 -20.5865558268 -10.9648284365 4.64533825351
1122 34241 -0.142596875684 -20.5795854243 -10.939706489 4.63335606278
1123 34385 -0.142701104789 -20.5726368513 -10.98454051 4.68915342079
1124 33841 -0.142806177113 -20.5656399893 -10.9747278117 4.58896694104
1125 34756 -0.142909866835 -20.5587429845 -10.9830166346 4.60919099754
1126 34804 -0.143013495178 -20.5518577802 -11.00678395 4.64203995028
1127 34468 -0.143117637111 -20.5449462132 -10.9712461623 4.62825691213
1128 34526 -0.143221700377 -20.5380476261 -10.9614812146 4.68258475711
1129 33971 -0.143326619994 -20.5311001093 -10.9705815508 4.57815355201
1130 34935 -0.14343009181 -20.5242561597 -10.971249025 4.70177613151
1131 33890 -0.143535155415 -20.5173147333 -10.964278491 4.62047111092
1132 34463 -0.143639351904 -20.5104383555 -10.9505002469 4.57097321033
1133 35170 -0.143742504589 -20.5036384622 -10.9711213983 4.64756521557
1134 34541 -0.143846602501 -20.4967839124 -10.9635967049 4.65935662411
1135 34246 -0.143951156235 -20.4899070748 -10.9773592915 4.53578893771
1136 35511 -0.144053840686 -20.4831607116 -10.9279398914 4.67936207035
1137 34307 -0.144158321064 -20.4763039984 -10.9693931509 4.57760436398
1138 35075 -0.144261660702 -20.4695297195 -10.955226755 4.6598360822
1139 34406 -0.144366009349 -20.4626969248 -10.9726086582 4.54296531648
1140 35497 -0.144468752091 -20.455976763 -10.9456468244 4.63414932903
1141 34806 -0.144572517705 -20.4491972167 -10.9829949576 4.61471322922
1142 34831 -0.144676256726 -20.4424269496 -10.9482906753 4.59811747275
1143 35023 -0.144779719641 -20.4356822009 -10.9677531834 4.64019084527
1144 34625 -0.144883785384 -20.4289056967 -10.9566869814 4.55485552895
1145 35451 -0.144986640748 -20.4222154311 -10.9594653792 4.55230068212
1146 35722 -0.145089114971 -20.4155572832 -10.9695686202 4.64624274908
1147 34764 -0.145193000675 -20.4088148786 -10.9792915343 4.59716136507
1148 35037 -0.145296489353 -20.4021056911 -10.9242405259 4.61008808538
1149 34977 -0.145400075762 -20.3953976017 -10.952949629 4.51078338569
1150 36074 -0.145502084356 -20.3887989464 -10.9372912669 4.52519418308
1151 36230 -0.145603882783 -20.3822210545 -10.9491705233 4.67830415178
1152 34576 -0.145708097193 -20.375494456 -10.988919604 4.59480191417
1153 35032 -0.145811640083 -20.368818611 -10.9410641683 4.62755047785
1154 34809 -0.145915523935 -20.3621281935 -10.97260901 4.64802323328
1155 34531 -0.146019834378 -20.3554177596 -10.9439276071 4.65074125709
1156 34429 -0.146124308613 -20.3487042672 -10.9578587314 4.52362347464
1157 35799 -0.146226773891 -20.3421271285 -10.9688203861 4.54857796257
1158 35918 -0.14632907834 -20.3355674735 -10.9599412458 4.6037243442
1159 35337 -0.146432229147 -20.3289607836 -10.9466707163 4.59523241648
1160 35275 -0.146535480477 -20.3223549172 -10.936379478 4.57472954284
1161 35489 -0.146638428412 -20.3157756839 -10.9226485982 4.58184337522
1162 35475 -0.146741406399 -20.309201734 -10.9490091924 4.54023297063
1163 35944 -0.146843720012 -20.3026773211 -10.9575204815 4.57305577037
1164 35710 -0.146946377531 -20.2961381041 -10.9500042569 4.53772904952
1165 36048 -0.147048560514 -20.2896361929 -10.9108492492 4.62817873747
1166 35135 -0.147152072803 -20.2830568872 -10.9389622427 4.59567995249
1167 35245 -0.147255432751 -20.2764944731 -10.9150596794 4.50501112943
1168 36303 -0.147357284168 -20.2700348727 -10.9310180848 4.59689836624
1169 35564 -0.147460197523 -20.2635150051 -10.9308629487 4.5269582126
1170 36153 -0.147562278434 -20.2570548982 -10.9332270906 4.5285842317
1171 36307 -0.147664151812 -20.2506148873 -10.950316762 4.58216772847
1172 35744 -0.147766833105 -20.244130831 -10.9671189943 4.49368406699
1173 36604 -0.147868310954 -20.2377296906 -10.9429921921 4.59098575466
1174 35735 -0.147971023578 -20.2312576578 -10.9322211694 4.56053117575
1175 35843 -0.148073590839 -20.2248017975 -10.9553198693 4.49817017778
1176 36594 -0.14817510906 -20.2184188571 -10.9505894248 4.50672429266
1177 36713 -0.148276471023 -20.2120525704 -10.9374103313 4.58424987991
1178 35859 -0.14837904254 -20.2056172506 -10.9296287173 4.56209564415
1179 35878 -0.148481595415 -20.1991900651 -10.9202658487 4.50604718323
1180 36531 -0.148583237155 -20.1928268435 -10.9304158624 4.5863115451
1181 35800 -0.148685920437 -20.1864053422 -10.9370024584 4.56429117308
1182 35851 -0.148788540232 -20.1799947551 -10.946035943 4.55208076097
1183 36008 -0.148890944691 -20.1736045295 -10.9285834197 4.49489555703
1184 36717 -0.148992364368 -20.1672825488 -10.9280760219 4.58341328817
1185 35902 -0.149094938555 -20.1608954676 -10.9129965736 4.52823872693
1186 36309 -0.14919694479 -20.1545505885 -10.9477306505 4.56263989325
1187 36035 -0.149299347812 -20.1481878764 -10.9460013012 4.51632392696
1188 36494 -0.149401113344 -20.1418715609 -10.9474303136 4.5109100035
1189 36692 -0.149502612483 -20.1355785086 -10.9450927715 4.55634688593
1190 36226 -0.149604771466 -20.129251321 -10.9412488727 4.53474093326
1191 36349 -0.149706766444 -20.1229410622 -10.9306288453 4.58551065722
1192 35810 -0.149809536131 -20.1165897064 -10.9104955328 4.52437208701
1193 36360 -0.149911534768 -20.1102927744 -10.9517255852 4.49984632365
1194 36807 -0.150012920372 -20.1040403636 -10.9310639216 4.51496326816
1195 36761 -0.150114378421 -20.0977901377 -10.9079955044 4.52447493728
1196 36642 -0.150216010555 -20.0915358496 -10.9188082336 4.56605798954
1197 36134 -0.150318363666 -20.0852439226 -10.8975232134 4.56181133232
1198 36046 -0.15042085059 -20.0789505259 -10.8980288263 4.57751735705
1199 35848 -0.150523629042 -20.0726460064 -10.8979840895 4.54469689423
1200 36170 -0.150625958863 -20.0663757406 -10.9377525525 4.499645849
1201 36788 -0.150727434194 -20.0601644595 -10.9216344487 4.46925223861
1202 37330 -0.150828178322 -20.0540044525 -10.9231410068 4.49898958556
1203 37134 -0.150929198048 -20.0478341047 -10.9185825369 4.50003292166
1204 37071 -0.151030311689 -20.0416645397 -10.9123829928 4.49125011925
1205 37162 -0.151131309935 -20.0355085171 -10.9289248972 4.60536691431
1206 35870 -0.151234120698 -20.0292486824 -10.9212627027 4.51490969106
1207 36551 -0.151335977944 -20.0230535245 -10.9135183997 4.51447864325
1208 36756 -0.151437560549 -20.0168816237 -10.8982499241 4.53595038543
1209 36568 -0.151539412912 -20.0106998937 -10.9335624675 4.55234699119
1210 36331 -0.151641606101 -20.0045040704 -10.9295347414 4.51742339638
1211 36673 -0.151743330393 -19.998343224 -10.9250551475 4.58299895172
1212 36019 -0.151845983187 -19.992132757 -10.9076342284 4.51517664586
1213 36619 -0.151947800286 -19.9859794021 -10.8883101266 4.53988008589
1214 36507 -0.152049782148 -19.9798226219 -10.919636426 4.53067746016
1215 36587 -0.152151661597 -19.9736785425 -10.9324406783 4.46316762322
1216 37412 -0.152252420887 -19.9676084153 -10.9271289904 4.48073252517
1217 37441 -0.152353149422 -19.9615464916 -10.9170969349 4.50039247096
1218 37219 -0.152454187292 -19.9554723217 -10.903409617 4.46923953932
1219 37534 -0.152554808261 -19.9494295458 -10.9148632775 4.54476209861
1220 36730 -0.152656533292 -19.9433268785 -10.9327789614 4.52693116122
1221 36721 -0.152758280152 -19.9372293422 -10.9392849292 4.44079173249
1222 37749 -0.152858640503 -19.9312211981 -10.8820954266 4.55779276071
1223 36651 -0.152960503038 -19.9251295142 -10.8957452634 4.45596717334
1224 37555 -0.153061141003 -19.9191173756 -10.910919139 4.48377479999
1225 37482 -0.153161884621 -19.9131052001 -10.8883760859 4.47629782882
1226 37557 -0.153262537343 -19.9071047096 -10.9051139344 4.42709912367
1227 38184 -0.153362368926 -19.9011593444 -10.9011654159 4.50666993928
1228 37395 -0.153463256269 -19.8951573405 -10.9265523548 4.47389943741
1229 37575 -0.153563910509 -19.8891754426 -10.9123641062 4.44991861245
1230 37922 -0.153664111605 -19.8832266551 -10.9085866368 4.43881876957
1231 38162 -0.153764006096 -19.8773021992 -10.8903649887 4.52103662074
1232 37236 -0.153865143535 -19.8713102529 -10.8981715113 4.51591208408
1233 37048 -0.153966547262 -19.8653088097 -10.9160549429 4.43618672518
1234 37958 -0.154066736616 -19.8593854038 -10.8774977032 4.52470585358
1235 37152 -0.154168016027 -19.853403772 -10.9120734477 4.48983522566
1236 37348 -0.154269037745 -19.8474435811 -10.9027953546 4.50523844226
1237 37224 -0.154370236234 -19.8414791817 -10.8892437765 4.52959871961
1238 36906 -0.15447187823 -19.8354949011 -10.8891301358 4.46717807962
1239 37564 -0.154572635808 -19.8295688728 -10.9106395778 4.45512278341
1240 37903 -0.154672949891 -19.8236750335 -10.9012579337 4.42078014206
1241 38429 -0.154772584432 -19.817827141 -10.8806593342 4.43094723078
1242 38456 -0.154872192306 -19.8119868033 -10.8971483778 4.47471797292
1243 37927 -0.154972500367 -19.8061114548 -10.8924639534 4.54265041826
1244 36973 -0.155074103454 -19.8001664265 -10.8807204878 4.41424573782
1245 38258 -0.155173994331 -19.7943276321 -10.884552196 4.48781192464
1246 37728 -0.155274593681 -19.7884534786 -10.8711574774 4.48048754865
1247 37674 -0.155375273416 -19.7825807039 -10.8887808749 4.44100619487
1248 38146 -0.155475337596 -19.7767498458 -10.8517736061 4.51522788031
1249 37381 -0.155576428628 -19.770865228 -10.8848452788 4.48020454212
1250 37594 -0.155677242009 -19.7650028457 -10.9028329875 4.41348449646
1251 38478 -0.155776898734 -19.7592136765 -10.8899154555 4.53127316668
1252 37294 -0.155878134975 -19.7533388024 -10.8698558219 4.47966099787
1253 37590 -0.15597898008 -19.7474926809 -10.9173910572 4.44447219708
1254 38108 -0.15607914665 -19.7416918685 -10.8748164835 4.52334975999
1255 37302 -0.156180397676 -19.7358342951 -10.8660271782 4.45315172132
1256 37928 -0.156280818617 -19.730030735 -10.875703963 4.46458015716
1257 37971 -0.156381191154 -19.7242359259 -10.8668603743 4.45179083008
1258 38145 -0.156481343415 -19.7184597583 -10.8906651457 4.47129036392
1259 37959 -0.156581748984 -19.7126749133 -10.8924070883 4.44647993783
1260 38217 -0.156681824733 -19.7069149726 -10.8676955014 4.43201938509
1261 38474 -0.156781573814 -19.7011796884 -10.8754831734 4.48756702718
1262 37866 -0.156882129282 -19.6954039473 -10.8666473395 4.47643347067
1263 37838 -0.156982731192 -19.6896314663 -10.8820636774 4.37504463268
1264 39098 -0.157081706951 -19.6839580707 -10.8876383297 4.36177494819
1265 39640 -0.15718001166 -19.678328805 -10.8828177297 4.44676729204
1266 38708 -0.157279502044 -19.6726373834 -10.8751558089 4.45351615132
1267 38373 -0.157379434274 -19.6669264903 -10.8708481891 4.42249591424
1268 38671 -0.157478989134 -19.6612429396 -10.8812109627 4.44303984515
1269 38502 -0.157578770185 -19.655552253 -10.8694506574 4.44937203865
1270 38381 -0.157678717301 -19.6498578854 -10.8748568898 4.47403716298
1271 38048 -0.157779109708 -19.6441439734 -10.8723237472 4.42444254964
1272 38573 -0.15787882536 -19.6384743508 -10.856109189 4.3813899197
1273 39274 -0.157977654935 -19.6328607761 -10.8781050399 4.48190650032
1274 38210 -0.158077860819 -19.6271747788 -10.8600744882 4.44066670813
1275 38431 -0.158177786186 -19.621510459 -10.8530487848 4.44493342938
1276 38445 -0.15827770193 -19.6158524276 -10.8654848495 4.38880341602
1277 39162 -0.158376707587 -19.6102515894 -10.8584937288 4.47029833672
1278 38342 -0.158476775046 -19.6045963976 -10.896602637 4.44391603763
1279 38447 -0.158576714141 -19.5989541853 -10.8690468477 4.38578217022
