gpomdp_grad 0.8 1.61660056386e-05 -0.588403348999

1 1000 0 -56.6666666667 -12.2355815714 -4.19225254715
2 26649 0 -56.6666666667 -12.1547445829 6.93978127744
3 25378 -0.000154528402479 -56.5233661511 -12.1247935551 6.78853768679
4 25849 -0.000307665800368 -56.3821617207 -12.1509152641 6.85557173161
5 25624 -0.000461496292616 -56.2411193312 -12.1169081063 6.9968002659
6 24826 -0.000617804917908 -56.0986202977 -12.111400872 6.82402616224
7 25514 -0.000772016118816 -55.9588320918 -12.144596031 6.87742312548
8 25431 -0.00092650135075 -55.8195841904 -12.1382420155 6.82001413815
9 25721 -0.0010801358144 -55.6818794807 -12.1312586969 6.82995794854
10 25755 -0.0012336923948 -55.5450117292 -12.1377358438 6.81404825032
11 25857 -0.00138696990544 -55.4091512362 -12.1394313656 6.71742002272
12 26428 -0.00153860677556 -55.2754845168 -12.1352133485 6.88450757096
13 25672 -0.00169248370085 -55.1405889829 -12.1115694075 6.81942336253
14 25821 -0.00184593754872 -55.0068063497 -12.1194640042 6.84899315118
15 25709 -0.00199975116765 -54.8734475498 -12.1092882206 6.7888278704
16 26011 -0.00215269254849 -54.7415710849 -12.0985076322 6.83519492714
17 25848 -0.00230613857535 -54.6099811571 -12.1572161862 6.75145544794
18 26269 -0.00245837267112 -54.4801390712 -12.138002779 6.80384327309
19 26103 -0.00261111347508 -54.3505683255 -12.131206204 6.90328724256
20 25523 -0.00276560414181 -54.2202242129 -12.1401385777 6.85422307225
21 25631 -0.00291979293582 -54.0908420263 -12.1356009538 6.97169823377
22 25046 -0.00307579599302 -53.9606506823 -12.0986780414 6.79476601705
23 25826 -0.0032294483201 -53.8331167078 -12.0957795672 6.78170963463
24 26129 -0.00338222956535 -53.7069846827 -12.11866928 6.76114475086
25 26336 -0.00353443398251 -53.5819966919 -12.1203679517 6.7741616024
26 26327 -0.00368668636923 -53.4576309053 -12.0866338849 6.86281975245
27 25842 -0.00384038579477 -53.3327489765 -12.083617194 6.77956039717
28 26169 -0.00399314520365 -53.2092884648 -12.1006565661 6.83424990102
29 25965 -0.00414652473904 -53.0859811849 -12.1187696548 6.80164191513
30 26093 -0.00429955189803 -52.963605542 -12.091611683 6.85060749397
31 25866 -0.00445327140783 -52.8413231082 -12.1003596333 6.87122827598
32 25697 -0.00460751903118 -52.7192671341 -12.1074023754 6.7490539663
33 26325 -0.00475993995001 -52.5992878708 -12.0817951153 6.73229983141
34 26606 -0.00491157673405 -52.4805436569 -12.0845387031 6.76348548408
35 26515 -0.00506349746172 -52.3621902795 -12.0629414432 6.73869073239
36 26635 -0.00521509681469 -52.2446943886 -12.1334626063 6.77843971785
37 26450 -0.00536724895906 -52.1273751874 -12.0993219604 6.78083960835
38 26391 -0.0055195949877 -52.0105092291 -12.0648452549 6.73029987638
39 26665 -0.00567117820624 -51.8948224632 -12.096842051 6.737733616
40 26706 -0.00582266764527 -51.7797947633 -12.0697723914 6.88385175333
41 25909 -0.00597649295022 -51.6635898088 -12.0991275965 6.72511661476
42 26573 -0.00612840810285 -51.5494131832 -12.1041893243 6.7588537184
43 26578 -0.00628033197986 -51.4358073181 -12.1160379484 6.77657256137
44 26485 -0.00643254472788 -51.3225600605 -12.0872726887 6.75411877151
45 26592 -0.00658447579001 -51.2100916384 -12.1100722042 6.72082192426
46 26817 -0.00673578893224 -51.0986416728 -12.0922870541 6.84248058022
47 26200 -0.00688889583748 -50.9864361312 -12.077247088 6.81505336267
48 26188 -0.0070420633078 -50.8747512375 -12.1026037945 6.66934824254
49 27014 -0.00719289169987 -50.7653200725 -12.0534529636 6.84992836644
50 26230 -0.00734598301072 -50.6547991762 -12.0233487621 6.78500725578
51 26380 -0.00749865966797 -50.5451274705 -12.0622726574 6.69652957612
52 26931 -0.00764979009368 -50.4371032447 -12.0896325075 6.72354435528
53 26938 -0.00780092274165 -50.3296075658 -12.0666802394 6.8151365455
54 26426 -0.00795353691952 -50.2215921401 -12.050560972 6.70805353245
55 26895 -0.00810483565 -50.1150335744 -12.0663909878 6.63815341157
56 27445 -0.0082546354399 -50.0100427462 -12.0562612734 6.78068440691
57 26775 -0.00840631775689 -49.9042478827 -12.0902792066 6.73369814516
58 26865 -0.00855776996147 -49.7991271956 -12.0721770723 6.79784333801
59 26531 -0.00871019411563 -49.6938463742 -12.076421413 6.67058938748
60 27172 -0.00886083441959 -49.5903011162 -12.0910048283 6.64945155518
61 27487 -0.00901063143507 -49.4878282294 -12.0825812344 6.75022369534
62 26991 -0.00916182069068 -49.384897595 -12.0549335643 6.71378313696
63 27070 -0.00931281195373 -49.2825941862 -12.04407939 6.65846477155
64 27422 -0.0094628532863 -49.1814184043 -12.0318233727 6.75961842573
65 26936 -0.00961426311759 -49.079805444 -12.0254464267 6.70004960753
66 27151 -0.00976509474142 -48.9790621312 -12.0441428946 6.68529424274
67 27304 -0.00991552547675 -48.8790619638 -12.05091385 6.71564184609
68 27176 -0.0100663342641 -48.7792836686 -12.0455483378 6.65733928766
69 27488 -0.0102163062228 -48.6805255842 -12.015717755 6.69411456465
70 27365 -0.0103666379157 -48.5819942685 -12.0451436732 6.73065950236
71 27123 -0.0105176612176 -48.4834738108 -12.0541009973 6.61917090667
72 27718 -0.0106670764439 -48.3864570171 -12.0525697172 6.71504178887
73 27323 -0.0108175900659 -48.2891810451 -12.0633842718 6.63851357716
74 27672 -0.0109671750261 -48.1929536175 -12.0191921053 6.73881472139
75 27183 -0.0111181202903 -48.0963010625 -12.0277339084 6.64102808755
76 27628 -0.0112678672018 -48.0008593742 -12.0002269149 6.69362375356
77 27448 -0.0114181278476 -47.9055312508 -12.0385932329 6.69217302171
78 27412 -0.011568508968 -47.8105659447 -12.0520626555 6.62058619425
79 27834 -0.0117177667917 -47.7167415411 -12.0270134968 6.60353569271
80 28064 -0.0118664338113 -47.6237129929 -12.0233242208 6.68279204996
81 27656 -0.0120162161149 -47.5304120629 -12.0343000075 6.65091602082
82 27739 -0.0121657961574 -47.4376604758 -12.0132555346 6.66041432276
83 27712 -0.0123154729824 -47.3452694898 -12.0120129551 6.59671690544
84 28095 -0.0124641467469 -47.25391139 -12.0220830198 6.71451811028
85 27500 -0.0126144435425 -47.1619722532 -12.0464282574 6.60531777134
86 27994 -0.0127634305098 -47.0712446925 -12.0297949835 6.70814852274
87 27521 -0.0129137119453 -46.9801399477 -12.0289479616 6.63078690413
88 27857 -0.0130631070097 -46.8899790436 -12.0386872827 6.64083985775
89 27898 -0.0132124154947 -46.8002726336 -12.0112683949 6.55848966884
90 28420 -0.0133603680456 -46.7117749246 -12.0295183432 6.664405502
91 27923 -0.0135096520612 -46.6228757277 -12.0292142832 6.65585521765
92 27843 -0.013659172145 -46.534230967 -12.0477850338 6.63982151609
93 27924 -0.0138084994037 -46.4460924848 -12.0149170302 6.62698247442
94 28030 -0.0139575643409 -46.3584969389 -11.9932619744 6.66794053512
95 27818 -0.0141072181967 -46.2709428268 -12.0188670117 6.67337427976
96 27733 -0.0142571252999 -46.1836272517 -11.9877946444 6.63970030024
97 27917 -0.0144065586043 -46.0969703149 -11.9931805041 6.68676519402
98 27692 -0.0145566199861 -46.0103311112 -12.0146873363 6.6477994673
99 27868 -0.0147062278127 -45.9243323096 -12.0108225014 6.64036355533
100 27969 -0.0148555883481 -45.8388502317 -11.993503712 6.62391503205
101 28103 -0.0150046132246 -45.7539308435 -11.9908201328 6.62058407089
102 28167 -0.0151534902827 -45.6694629183 -12.0205867367 6.66659587524
103 27912 -0.0153030697286 -45.5849637488 -11.9754597778 6.66596521325
104 27850 -0.0154528357055 -45.5007256496 -12.0095876439 6.55410843793
105 28523 -0.015600846337 -45.4178328098 -12.0138232543 6.60248053908
106 28421 -0.0157491458817 -45.335132758 -12.0121538117 6.64949559444
107 28109 -0.0158982860696 -45.2523196015 -11.9860140629 6.68298090933
108 27826 -0.0160482042109 -45.1694316636 -11.979620321 6.60118538751
109 28249 -0.0161970186906 -45.0875058482 -11.9935436568 6.65608102532
110 28039 -0.0163464103445 -45.0056127054 -11.9793366609 6.53915172883
111 28708 -0.0164940740856 -44.9250096174 -11.9743860554 6.57999859738
112 28648 -0.0166419124858 -44.844650506 -11.9899396637 6.62166318248
113 28379 -0.0167904738732 -44.7642382757 -11.9852279127 6.65550816728
114 28103 -0.0169397847898 -44.6837614722 -12.0181739497 6.58949309702
115 28436 -0.0170882390182 -44.6040833352 -11.9933677469 6.57461083616
116 28630 -0.01723621252 -44.5249954468 -11.9885712539 6.49007979286
117 29228 -0.0173826840547 -44.4470349578 -12.0043054007 6.54778789814
118 29034 -0.0175296671415 -44.3691248672 -11.9760857815 6.52349630357
119 29141 -0.0176764006802 -44.2916674906 -11.9562814647 6.56103812273
120 28937 -0.0178236712155 -44.2142465976 -11.9754608784 6.6105827498
121 28575 -0.0179718936608 -44.1366469457 -11.9711591885 6.58047598669
122 28668 -0.0181198965918 -44.0594822253 -11.9921008962 6.53268877689
123 29002 -0.0182670654684 -43.9830674887 -11.9655517926 6.53507633507
124 29088 -0.0184140389024 -43.9070659344 -11.9600725532 6.50952171519
125 29283 -0.0185605440382 -43.8316146705 -11.9241344459 6.55218765537
126 29069 -0.0187076071809 -43.7561835533 -11.9829740597 6.50748711361
127 29302 -0.0188541048122 -43.6813469829 -11.9353354691 6.57216556634
128 28959 -0.0190014894309 -43.6063621217 -11.9480909256 6.53072438651
129 29134 -0.019148453012 -43.5318940671 -11.9622519804 6.48829607621
130 29464 -0.0192946121579 -43.4581315163 -11.9503762273 6.59088832594
131 28903 -0.0194422039348 -43.3839456015 -11.971676737 6.54141780934
132 29068 -0.0195893983786 -43.3102575014 -11.943746909 6.49608778249
133 29413 -0.0197357481864 -43.2372856169 -11.9311093671 6.49658130481
134 29513 -0.0198818687416 -43.1647181512 -11.9885666241 6.58855224966
135 28955 -0.0200294122946 -43.0917363719 -11.9746330015 6.53156013347
136 29169 -0.0201764339981 -43.0193032354 -11.9420817288 6.51325843995
137 29354 -0.0203230135206 -42.9473749276 -11.9279025852 6.52859680933
138 29313 -0.0204697166106 -42.8756711999 -11.9335071825 6.49931630736
139 29498 -0.0206159810505 -42.8044642571 -11.9131464336 6.49809802642
140 29564 -0.0207621022946 -42.7336069263 -11.9383876971 6.53141670435
141 29372 -0.0209087221703 -42.6627873486 -11.935152611 6.49587809134
142 29555 -0.0210549073361 -42.5924548964 -11.981965827 6.52283498051
143 29437 -0.0212014064988 -42.52224739 -11.9492534905 6.47748615491
144 29706 -0.0213472606492 -42.4526218905 -11.9131284353 6.60252778074
145 28979 -0.0214949553832 -42.3823936162 -11.9477313261 6.47592309533
146 29597 -0.0216411200016 -42.313164604 -11.9123568676 6.5584889683
147 29243 -0.0217881899613 -42.2437780032 -11.9439641238 6.48381322403
148 29634 -0.021934306346 -42.1751091482 -11.9348324461 6.47134319193
149 29834 -0.0220799536463 -42.1069249139 -11.9226626167 6.58167920844
150 29177 -0.0222272527034 -42.0382341219 -11.9077402034 6.53048265587
151 29330 -0.0223741879967 -41.969978646 -11.9354519123 6.50017676159
152 29576 -0.0225205312674 -41.9022604148 -11.9427484587 6.49186139469
153 29706 -0.0226665740383 -41.8349406418 -11.9226829473 6.4954732315
154 29725 -0.0228125910351 -41.7678903442 -11.9227703269 6.47826442523
155 29850 -0.0229583225789 -41.7012264835 -11.9043176173 6.45684196015
156 30034 -0.0231036276929 -41.6350102424 -11.8979328005 6.5024947293
157 29789 -0.0232495510749 -41.5687646142 -11.9052946133 6.4387328762
158 30151 -0.0233946169791 -41.5031575204 -11.916043053 6.50676482352
159 29805 -0.023540541728 -41.4374113347 -11.8974610599 6.54925972628
160 29438 -0.0236873950596 -41.3714978114 -11.9324893207 6.45372887606
161 29968 -0.0238329645973 -41.3064076448 -11.9152920763 6.55746792959
162 29442 -0.0239798507038 -41.2409767857 -11.9322308036 6.48516367843
163 29773 -0.0241259373958 -41.1761477299 -11.922632545 6.48705383031
164 29861 -0.0242718305713 -41.1116477264 -11.9225654713 6.36022853147
165 30750 -0.0244156188315 -41.0483147759 -11.914785826 6.45492185012
166 30361 -0.0245603470132 -40.9848035682 -11.896941298 6.48257488486
167 30073 -0.0247057858223 -40.9212174568 -11.8890949654 6.38650228239
168 30649 -0.0248498714597 -40.8584558838 -11.9236805046 6.48450979249
169 30152 -0.0249951615802 -40.7954031212 -11.910699154 6.40206726539
170 30578 -0.0251394568212 -40.7330128801 -11.8977766327 6.4771152514
171 30194 -0.0252846857949 -40.6704498503 -11.9155318575 6.51548294695
172 29839 -0.0254307976447 -40.6077390065 -11.8968055024 6.42250814314
173 30367 -0.0255756541909 -40.5457959027 -11.8965999386 6.3952656209
174 30711 -0.0257197178132 -40.4844167449 -11.9136233974 6.49925664217
175 30107 -0.0258652397757 -40.422642694 -11.8843351827 6.41431154322
176 30518 -0.026009798096 -40.3615018144 -11.8915084551 6.41927557656
177 30607 -0.0261541662809 -40.3006630664 -11.9302233596 6.45376802579
178 30403 -0.026299038711 -40.239833351 -11.9045357207 6.40704285682
179 30671 -0.0264432973088 -40.1794806945 -11.8985594143 6.46179615266
180 30379 -0.0265882686131 -40.1190491598 -11.8705644334 6.49823336826
181 30059 -0.0267340289334 -40.0585091615 -11.8656404291 6.47225981021
182 30150 -0.0268795912953 -39.998270782 -11.8874783752 6.40429503027
183 30643 -0.0270239989147 -39.9387257565 -11.8727435544 6.36959914088
184 31030 -0.0271675211938 -39.8797573146 -11.888270545 6.42661024907
185 30750 -0.027311717079 -39.8207233429 -11.8772127004 6.47050553956
186 30379 -0.027456811338 -39.7615341514 -11.8719407231 6.40492518049
187 30729 -0.0276010976801 -39.7028848746 -11.8943627036 6.33917973993
188 31294 -0.0277440941691 -39.6449657469 -11.8905393234 6.40208398262
189 31018 -0.0278877457284 -39.5869865438 -11.8294117953 6.44979111996
190 30618 -0.0280323524162 -39.5288285295 -11.8722654324 6.3592308516
191 31140 -0.0281757634638 -39.4713551125 -11.8725063175 6.44575803497
192 30692 -0.0283202371357 -39.4136599108 -11.858838893 6.49739870996
193 30224 -0.0284658441805 -39.355718254 -11.8695913955 6.38774112132
194 30846 -0.0286099971835 -39.2985580067 -11.9088236391 6.42996037361
195 30738 -0.0287544240224 -39.2414904745 -11.8717010919 6.39238740543
196 30974 -0.0288983202025 -39.1848319579 -11.8653992547 6.39177579496
197 31051 -0.029042057344 -39.1284336693 -11.8443100835 6.39362963428
198 31066 -0.0291857799602 -39.0722375257 -11.8592578852 6.37245785365
199 31225 -0.0293291562037 -39.016371531 -11.8807453977 6.27569811954
200 31970 -0.02947087095 -38.9613430651 -11.8822979747 6.39569102054
201 31324 -0.0296140591031 -38.9059334698 -11.8642876703 6.42327376204
202 30960 -0.02975810701 -38.8503839061 -11.8413900183 6.35087532965
203 31372 -0.0299012258632 -38.7953830768 -11.8714389922 6.45508645345
204 30766 -0.0300457684879 -38.7400267885 -11.8726614245 6.43668940963
205 30731 -0.0301904132808 -38.6848232356 -11.8693914063 6.33404106534
206 31444 -0.0303334274703 -38.6304297331 -11.8749878069 6.40115852599
207 31179 -0.030477069103 -38.5759845314 -11.8712254854 6.33000459781
208 31615 -0.0306197363907 -38.5220931486 -11.8295976228 6.41939420385
209 31111 -0.0307635751933 -38.4679444438 -11.886014611 6.38080106501
210 31247 -0.030907118942 -38.4140912691 -11.8375755192 6.36377091864
211 31413 -0.0310503049973 -38.3605549403 -11.8772015352 6.3477737346
212 31580 -0.0311931313789 -38.3073339119 -11.8495644482 6.38926335196
213 31338 -0.0313365275823 -38.254081315 -11.8645151285 6.42945856042
214 30996 -0.0314807337421 -38.2007096687 -11.8526625125 6.3597748808
215 31395 -0.0316240405965 -38.1478505062 -11.8587414357 6.39851885085
216 31240 -0.0317677212294 -38.0950323561 -11.8607892396 6.34227190267
217 31601 -0.0319105979013 -38.0426864752 -11.8360622767 6.41071423891
218 31224 -0.0320543554472 -37.9901948435 -11.8640451974 6.32799554038
219 31712 -0.0321970228754 -37.9382758903 -11.8311972149 6.35730140239
220 31646 -0.0323398577862 -37.8864693971 -11.8200793923 6.34366606375
221 31732 -0.0324825195728 -37.8348980361 -11.8288727186 6.28932292504
222 32157 -0.0326242539933 -37.7838316319 -11.8460539253 6.37484904795
223 31663 -0.0327671108795 -37.7325311467 -11.8634277082 6.30464738619
224 32038 -0.0329091477167 -37.6816938549 -11.8213643839 6.33417313633
225 31936 -0.0330514318859 -37.630935877 -11.8385986782 6.32514702219
226 31979 -0.0331936392867 -37.5803723135 -11.8517277004 6.25600101256
227 32507 -0.0333347074977 -37.5303779822 -11.8364503583 6.31411045234
228 32232 -0.033476394872 -37.4803280193 -11.8172307947 6.39020031972
229 31611 -0.0336194864003 -37.4299478473 -11.8333857847 6.30540728754
230 32056 -0.0337616016398 -37.380075523 -11.8265152229 6.32545637091
231 32042 -0.0339037666022 -37.3303485917 -11.8257138898 6.32890658589
232 32019 -0.0340460015475 -37.2807593843 -11.8316835724 6.31858991824
233 32094 -0.0341880895434 -37.2313826186 -11.8332202298 6.35371104563
234 31867 -0.0343307040928 -37.1819841117 -11.805246898 6.32234446746
235 32037 -0.034472958952 -37.132870346 -11.8152312879 6.29747082519
236 32273 -0.0346147108016 -37.0840885835 -11.8551854589 6.29658272752
237 32353 -0.0347563074218 -37.0355172836 -11.7937416425 6.33512099523
238 32099 -0.0348984832479 -36.9869044673 -11.8125832785 6.25261408049
239 32643 -0.0350394877613 -36.9388469519 -11.8084883125 6.3238828045
240 32274 -0.0351813157264 -36.8906635636 -11.8226445885 6.26005953112
241 32651 -0.0353223430951 -36.8429053504 -11.800084007 6.32371808268
242 32290 -0.0354641743657 -36.795028232 -11.8328131686 6.26464124211
243 32634 -0.0356052768136 -36.7475490018 -11.8019649318 6.34639799814
244 32132 -0.0357474958667 -36.6998465982 -11.801942951 6.31105129962
245 32258 -0.0358894573063 -36.6523826163 -11.7742028561 6.30459100297
246 32347 -0.0360312416986 -36.6051287055 -11.8207762434 6.24431889076
247 32828 -0.0361720023009 -36.5583644553 -11.8225578596 6.22572567485
248 33113 -0.036312174932 -36.5119418456 -11.8055392911 6.33141684291
249 32405 -0.0364538910191 -36.4651557947 -11.8257591614 6.29395420043
250 32493 -0.0365954346068 -36.4185742615 -11.7894476049 6.31615484794
251 32359 -0.0367372885926 -36.3720378496 -11.8106748144 6.24104109176
252 32889 -0.0368780159513 -36.3260160405 -11.7886702841 6.3049461186
253 32565 -0.037019459495 -36.279904871 -11.8301783424 6.20188460521
254 33259 -0.0371594384641 -36.23441347 -11.8042623024 6.18102689387
255 33627 -0.0372986689663 -36.1893051024 -11.7730566192 6.34243797899
256 32506 -0.0374402984119 -36.1435618999 -11.82979876 6.16695437765
257 33531 -0.037579764862 -36.0986569806 -11.8094593008 6.26038974066
258 33110 -0.0377201344541 -36.0536005862 -11.7915357106 6.29549876633
259 32735 -0.0378613251537 -36.008420978 -11.7779484829 6.2359140898
260 33087 -0.0380017831349 -35.9636148567 -11.7855702425 6.25973322081
261 33011 -0.0381424200486 -35.9188899479 -11.8110158693 6.19959823125
262 33457 -0.0382821355466 -35.874594464 -11.7964268994 6.19970971297
263 33590 -0.0384215940133 -35.8305154306 -11.7889919848 6.24407653105
264 33290 -0.0385616972228 -35.7863677707 -11.7697420132 6.34030652834
265 32489 -0.0387035374545 -35.7418101354 -11.7820372068 6.24828991872
266 32961 -0.0388443776198 -35.6977028012 -11.8057817467 6.27556801695
267 32895 -0.0389853779126 -35.6536805915 -11.7903573494 6.20383363196
268 33430 -0.039125263576 -35.6101395277 -11.7912790408 6.18375396563
269 33746 -0.039264511815 -35.5669279875 -11.7883252432 6.24608792073
270 33357 -0.0394045886336 -35.523590719 -11.7865632055 6.18369233235
271 33739 -0.0395438894064 -35.4806236547 -11.7612064272 6.28918143374
272 33038 -0.0396846774439 -35.4373290892 -11.789905516 6.25550719948
273 33107 -0.039825339272 -35.3942045076 -11.7527503949 6.33825190954
274 32511 -0.0399673028746 -35.3508131648 -11.7886765864 6.16920515231
275 33632 -0.0401068995204 -35.3082743487 -11.7695604786 6.21952539596
276 33570 -0.0402466448933 -35.2658178225 -11.7360896691 6.15998372889
277 34026 -0.0403854691696 -35.2237669979 -11.7917099774 6.16964469571
278 34085 -0.0405241909893 -35.1818719611 -11.7282404658 6.28666941497
279 33196 -0.0406647760706 -35.1395408745 -11.7430869279 6.23078659572
280 33386 -0.0408049812475 -35.0974506166 -11.7617977851 6.24247605393
281 33356 -0.040945268204 -35.0554616248 -11.7582635646 6.15962071604
282 34000 -0.0410842387308 -35.0139901917 -11.7537342235 6.23765318047
283 33576 -0.0412241010715 -34.9723762236 -11.7855305529 6.16737367162
284 34015 -0.0413630781772 -34.9311479265 -11.7650125641 6.12381766143
285 34495 -0.0415011020966 -34.8903225144 -11.7595910635 6.28087189867
286 33396 -0.0416413976147 -34.8489473383 -11.7418222026 6.1541884698
287 34087 -0.0417802830534 -34.8081087749 -11.7716840073 6.2479687713
288 33553 -0.0419202883808 -34.7670619906 -11.7291277117 6.1464522593
289 34207 -0.0420589669993 -34.7265234912 -11.7610326851 6.09501067171
290 34818 -0.0421964415516 -34.6864536679 -11.7634758383 6.21768934226
291 34008 -0.042335561218 -34.6460221216 -11.77494431 6.18689011162
292 34035 -0.0424746452319 -34.6057188621 -11.7462286075 6.23026815742
293 33708 -0.0426144202074 -34.5653336554 -11.7372481091 6.17538434848
294 34054 -0.0427535021781 -34.5252658611 -11.7529534899 6.24282468449
295 33629 -0.04289347969 -34.4850575856 -11.7270106327 6.17905060866
296 34016 -0.0430326775235 -34.4451896752 -11.7463464537 6.21901307655
297 33817 -0.043172302368 -34.4053155755 -11.7495495606 6.15592629448
298 34266 -0.0433110274401 -34.3658131076 -11.7180426819 6.14598386074
299 34481 -0.0434493392348 -34.3265416297 -11.7155841456 6.1840043437
300 34243 -0.0435881491764 -34.2872419775 -11.7374105626 6.15338931467
301 34428 -0.0437266041192 -34.2481553874 -11.7229756625 6.15974096993
302 34435 -0.0438650620312 -34.2091798974 -11.7293765533 6.24920122911
303 33735 -0.0440049673634 -34.1699101808 -11.7525769513 6.08742420464
304 34836 -0.0441426639877 -34.1313710771 -11.7200143833 6.14479478172
305 34690 -0.0442806673377 -34.0928558029 -11.7261568163 6.20297536423
306 34189 -0.0444196976392 -34.0541644781 -11.7149279859 6.12048574396
307 34718 -0.0445576825172 -34.0158733492 -11.7341375839 6.16146115966
308 34542 -0.0446960363454 -33.9775886619 -11.7365382395 6.15202743511
309 34576 -0.0448343414021 -33.9394259281 -11.7440165652 6.15415107382
310 34574 -0.0449726668238 -33.9013655832 -11.7253246167 6.15637812318
311 34563 -0.045111034513 -33.8634012225 -11.6960802418 6.14511977575
312 34657 -0.0452492315246 -33.8255906742 -11.7402733202 6.17574194292
313 34443 -0.0453878759764 -33.7877646954 -11.7268198722 6.16514639208
314 34475 -0.0455264746755 -33.7500578615 -11.7386798134 6.16797157576
315 34468 -0.0456651061328 -33.7124483534 -11.7340441775 6.15356068337
316 34588 -0.0458035137366 -33.6750051274 -11.7129632278 6.12069489332
317 34896 -0.0459413275864 -33.6378268842 -11.7136402914 6.17092659502
318 34581 -0.0460797866781 -33.6005790029 -11.721865071 6.06062457353
319 35405 -0.0462166436329 -33.5638645644 -11.7221374948 6.12940617961
320 35074 -0.0463541624273 -33.5270747379 -11.7101772763 6.11840784676
321 35079 -0.0464916894112 -33.4903847199 -11.7465140541 6.07884418333
322 35416 -0.0466285791318 -33.4539655942 -11.6869376624 6.13812094614
323 35025 -0.0467662479698 -33.4174402791 -11.6875788702 6.13447435176
324 34953 -0.046904076907 -33.3809736298 -11.7121018855 6.14985964288
325 34814 -0.047042199455 -33.3445304067 -11.7213919578 6.10277874466
326 35168 -0.047179643198 -33.3083663467 -11.7006005977 6.01901791889
327 35981 -0.0473155422247 -33.2727064723 -11.726955886 6.13686542608
328 35223 -0.0474529127972 -33.2367588389 -11.6891155784 6.05200057674
329 35730 -0.0475893249408 -33.2011594879 -11.7109201778 6.09103245683
330 35550 -0.0477260983959 -33.1655629751 -11.7061056952 6.09052306694
331 35511 -0.0478629654843 -33.1300390598 -11.7049019306 6.17567021915
332 34803 -0.0480012351669 -33.0942491991 -11.6817952519 5.98396666631
333 36216 -0.0481367998539 -33.059254842 -11.7067783254 6.11399992397
334 35518 -0.0482737065951 -33.0240094706 -11.6601475454 6.18317923593
335 34764 -0.0484121089448 -32.9884761456 -11.6871609466 6.05773293543
336 35595 -0.0485489031423 -32.9534512215 -11.6696599761 6.06358332096
337 35791 -0.0486853405804 -32.9186118594 -11.6994643778 6.07635809157
338 35745 -0.0488218841951 -32.8838392142 -11.6684587557 6.02067497193
339 36214 -0.0489575572724 -32.8493808642 -11.7037236913 6.06066922041
340 36010 -0.0490936327307 -32.8149126669 -11.6892114853 6.07935454359
341 35801 -0.0492301229761 -32.7804319461 -11.6621186762 6.13815896428
342 35257 -0.0493676802134 -32.7457750794 -11.6792113238 6.01113518838
343 36183 -0.0495034836051 -32.7116517018 -11.6736701084 6.04400500402
344 36171 -0.0496393258235 -32.6776092768 -11.6757673423 6.14044332486
345 35358 -0.0497767383264 -32.6432652717 -11.6811157214 6.09772725319
346 35496 -0.049913901393 -32.6090754598 -11.6819852374 6.01298953326
347 36263 -0.0500496245392 -32.5753345397 -11.6858015339 6.07334068502
348 35969 -0.0501859187332 -32.5415413658 -11.6807946625 6.0164052185
349 36383 -0.0503214529185 -32.50802543 -11.6507271269 6.07454123637
350 36005 -0.0504577134664 -32.4744187898 -11.6859209615 6.04521717601
351 36158 -0.0505937041877 -32.4409672415 -11.7165002998 6.06898328587
352 36004 -0.0507300030142 -32.4075283146 -11.6839503648 6.03692833173
353 36242 -0.0508658701879 -32.3742830357 -11.6554679527 6.09292615169
354 35837 -0.0510025216759 -32.340933869 -11.6876314404 6.03384372324
355 36235 -0.0511384380086 -32.3078513418 -11.6549123084 6.01844207098
356 36488 -0.0512738989686 -32.2749658753 -11.7101372864 6.01950381182
357 36558 -0.0514092494439 -32.2421928711 -11.6652249308 5.99635706655
358 36787 -0.051544194186 -32.2096030026 -11.6640029227 6.00903236159
359 36747 -0.0516792302162 -32.1770756149 -11.6656307951 6.08698742005
360 36066 -0.0518155519558 -32.1443239651 -11.6743352642 6.00249257748
361 36613 -0.0519508690372 -32.1118982585 -11.6826580851 6.08282190809
362 36079 -0.0520872025767 -32.0793138639 -11.6658727099 6.0315602398
363 36377 -0.0522229925537 -32.0469437511 -11.6780371206 6.00493743777
364 36701 -0.0523581999348 -32.0147958581 -11.6367407619 6.08241838093
365 36126 -0.0524944960638 -31.9824729414 -11.6817770893 5.98425939808
366 36825 -0.0526295112746 -31.9505364794 -11.6248381117 5.99959082658
367 36895 -0.0527644142071 -31.9187084528 -11.6565588189 6.02849564582
368 36667 -0.0528997532861 -31.8868594541 -11.6507569995 5.92908328489
369 37495 -0.0530336077457 -31.8554402389 -11.6691128942 5.98914973024
370 37196 -0.0531680160454 -31.8239711854 -11.6520339468 6.02624721426
371 36791 -0.0533031796519 -31.7924059944 -11.6553019303 6.07569979079
372 36256 -0.0534393547524 -31.760686117 -11.6473908556 5.97909934013
373 36955 -0.0535742521646 -31.7293442397 -11.6534275218 6.06445542056
374 36411 -0.0537101709215 -31.6978456739 -11.6585192011 5.95095275038
375 37265 -0.0538445416471 -31.6667850955 -11.6436853992 6.11806398324
376 36048 -0.0539811788278 -31.6352810974 -11.6546476167 5.95369356071
377 37148 -0.0541157954178 -31.6043220496 -11.6214647862 6.0299127337
378 36793 -0.0542510766462 -31.5732889146 -11.6497668952 5.9349236419
379 37547 -0.0543850090831 -31.5426426823 -11.6388311823 5.91933528675
380 37913 -0.0545183109293 -31.512217019 -11.6259504162 6.04796595254
381 36863 -0.0546535149745 -31.4814346331 -11.6548131151 5.9429513492
382 37516 -0.0547875555892 -31.4509938374 -11.6436006699 5.94534627321
383 37687 -0.0549213078295 -31.4206943808 -11.6226092825 6.05362919131
384 36773 -0.0550567298442 -31.3900935702 -11.6718780985 5.94908396955
385 37455 -0.0551909305646 -31.3598447899 -11.627812506 5.95668564273
386 37587 -0.0553249111612 -31.3297208752 -11.6316045631 5.96844452733
387 37525 -0.0554590203985 -31.2996430573 -11.6345223785 6.00849066375
388 37155 -0.0555938128754 -31.2694873567 -11.648548518 5.93577427387
389 37713 -0.055727621698 -31.2396261646 -11.6462534457 5.98594061767
390 37423 -0.0558619652075 -31.2097199954 -11.6316073771 5.90308990791
391 38104 -0.0559951194589 -31.1801518061 -11.6260456492 5.97556396281
392 37638 -0.0561291114092 -31.1504709334 -11.6128202108 5.9346449858
393 37888 -0.0562626773954 -31.1209573664 -11.6382944674 5.98737879476
394 37486 -0.0563969762768 -31.0913550216 -11.6407696726 6.01898689079
395 37098 -0.0565319915048 -31.0616684649 -11.6651614622 5.95488592756
396 37571 -0.0566661720205 -31.0322383732 -11.6570640195 5.92448043901
397 37990 -0.0567996263718 -31.0030394079 -11.6400425574 5.93941472248
398 37979 -0.0569331185214 -30.9739036045 -11.582419181 6.02131770269
399 37240 -0.0570679448762 -30.9445488542 -11.6188838114 5.90687376427
400 38078 -0.0572012960693 -30.9155864492 -11.6332654847 5.97139641959
401 37731 -0.0573352761336 -30.8865584824 -11.6034496032 5.99777700282
402 37403 -0.0574698592313 -30.8574712758 -11.615822772 5.92848039664
403 37947 -0.057603491494 -30.8286601329 -11.6392548863 5.95102452929
404 37901 -0.0577372210769 -30.7998981432 -11.6196232768 5.9483405386
405 37920 -0.0578709347833 -30.7712094656 -11.5950794602 5.90664753281
406 38318 -0.0580039698171 -30.7427355137 -11.6069374883 5.94725856518
407 38060 -0.0581374705557 -30.7142309395 -11.5951607084 5.89231637034
408 38505 -0.0582702142328 -30.6859563543 -11.6293932951 5.89581080784
409 38606 -0.0584028018212 -30.6577828047 -11.6407541619 5.91445355467
410 38466 -0.0585356466603 -30.6296222979 -11.6542503926 5.8532646283
411 39012 -0.058667574693 -30.6017229716 -11.615908766 5.9648434347
412 38123 -0.0588010491575 -30.5735641565 -11.6102054164 5.92862929346
413 38219 -0.0589343723713 -30.5455048303 -11.6139804983 5.91805183748
414 38351 -0.0590674822008 -30.517557555 -11.5953975095 5.92346512032
415 38345 -0.0592006197541 -30.4896713313 -11.6313638462 5.96519088193
416 37965 -0.05933443947 -30.4617093827 -11.6444840529 5.9782610826
417 37747 -0.0594686618644 -30.4337306875 -11.5841508394 5.95949556732
418 37864 -0.0596026940254 -30.4058587604 -11.616077884 5.86607102032
419 38773 -0.0597351623679 -30.3783776939 -11.6120931302 5.96264650883
420 38134 -0.0598687527951 -30.3507297267 -11.6232595269 5.88292812404
421 38705 -0.060001369588 -30.3233484713 -11.5985672132 5.92410011205
422 38487 -0.0601343788884 -30.2959512056 -11.5791277586 5.86163145423
423 39023 -0.0602664883265 -30.2688035365 -11.5896634026 5.91780479634
424 38648 -0.0603992530864 -30.241585481 -11.5899259172 5.95556674618
425 38199 -0.0605328125173 -30.2142693014 -11.5851720166 5.92589548014
426 38356 -0.0606661154744 -30.187070149 -11.6037178928 5.80854992925
427 39525 -0.0607974492903 -30.1603356495 -11.5823781125 5.94336319382
428 38573 -0.0609304093497 -30.1333334552 -11.5967593206 5.90272700338
429 38699 -0.0610631694926 -30.1064352336 -11.6037623034 5.80996441625
430 39632 -0.0611943738679 -30.0799142247 -11.5683589976 5.93372280134
431 38714 -0.0613271420433 -30.0531396446 -11.5799874427 5.9120215231
432 38672 -0.0614599983243 -30.0264100417 -11.5947215114 5.82701316269
433 39480 -0.0615915052691 -30.0000135148 -11.5874431299 5.9467503279
434 38571 -0.0617245687187 -29.9733667257 -11.5806904944 5.84269981436
435 39313 -0.0618563873789 -29.9470306587 -11.585481782 5.90623649867
436 38921 -0.0619888834671 -29.9206206663 -11.5566291015 5.80365319626
437 39808 -0.0621199117739 -29.8945635919 -11.5962203961 5.93532794374
438 38795 -0.0622526564236 -29.8682261854 -11.5778635897 5.84587435768
439 39375 -0.0623844369054 -29.8421405901 -11.5844139365 5.88233282579
440 39195 -0.0625165358057 -29.8160522711 -11.5675047628 5.85769692511
441 39389 -0.0626483259278 -29.7900848968 -11.570435285 5.91891049546
442 38864 -0.0627810187562 -29.7639999626 -11.5870835369 5.80833248125
443 39788 -0.0629121777553 -29.7382758158 -11.5527249033 5.84629224998
444 39687 -0.0630435197525 -29.7125746229 -11.5603058229 5.82114149944
445 39913 -0.0631745065553 -29.6870013858 -11.5776353266 5.884378964
446 39366 -0.0633064156194 -29.6613068827 -11.5562905358 5.87358951237
447 39325 -0.0634384095232 -29.6356547106 -11.5799317252 5.77118643675
448 40326 -0.0635687718834 -29.6103772137 -11.5659426397 5.87508728503
449 39591 -0.0637003554708 -29.5849207686 -11.5613280405 5.84772632357
450 39660 -0.0638318395493 -29.559541435 -11.5627023943 5.87668337046
451 39406 -0.0639637641545 -29.5341350051 -11.5747405243 5.85549206226
452 39547 -0.064095469578 -29.50882848 -11.5795716461 5.7539894189
453 40599 -0.0642254725872 -29.4839054106 -11.5749511071 5.90011394728
454 39457 -0.0643573599971 -29.458678092 -11.5560041073 5.84441494025
455 39690 -0.064488876094 -29.4335787884 -11.5636110381 5.82676055308
456 39936 -0.0646200024851 -29.4086103279 -11.5470903281 5.8805619633
457 39487 -0.064751889245 -29.3835537701 -11.5542978419 5.81333126611
458 40025 -0.0648829024945 -29.3587192691 -11.567083853 5.86108257913
459 39715 -0.0650144424721 -29.3338409907 -11.5492243336 5.83100901633
460 39930 -0.0651456441463 -29.309082475 -11.5358173579 5.89016420742
461 39420 -0.065277707084 -29.284217505 -11.5443930406 5.74948486796
462 40672 -0.0654077379569 -29.2597899168 -11.5631270655 5.79536056095
463 40575 -0.0655379396656 -29.2353845217 -11.5143971958 5.86828442397
464 39831 -0.0656693683491 -29.2108040509 -11.5752713952 5.79737213949
465 40332 -0.065799995105 -29.1864280479 -11.5491979584 5.87022420017
466 39760 -0.0659315741433 -29.1619290774 -11.5347472291 5.7821036722
467 40478 -0.0660619960954 -29.1376995823 -11.54908328 5.7805856248
468 40706 -0.0661920688248 -29.1135883715 -11.5459331742 5.76357338296
469 40950 -0.0663217682789 -29.0895992872 -11.58672594 5.78858036366
470 40772 -0.066451767445 -29.0656076379 -11.5264556716 5.85201224442
471 40095 -0.0665828759168 -29.0414647003 -11.51436442 5.7632587113
472 40801 -0.066712861024 -29.0175814289 -11.5413190314 5.78016915848
473 40837 -0.0668428040386 -28.9937582737 -11.5540636424 5.77539354309
474 40903 -0.0669726582028 -28.9700035595 -11.542319475 5.78933876823
475 40787 -0.0671027127926 -28.9462642676 -11.5486322028 5.7615277646
476 41045 -0.0672323740564 -28.9226484949 -11.5164759661 5.78890400297
477 40845 -0.0673623673477 -28.899023927 -11.5560532012 5.73286243556
478 41371 -0.067491548149 -28.875598115 -11.5345150313 5.84369895051
479 40397 -0.0676222923259 -28.8519404973 -11.5317579522 5.75160375003
480 41063 -0.0677519868894 -28.8285240239 -11.5464966139 5.79341461799
481 40833 -0.0678820628416 -28.8050897664 -11.5440515459 5.74094082111
482 41312 -0.0680113973775 -28.7818396343 -11.5466561387 5.75136255363
483 41348 -0.0681406924154 -28.7586468282 -11.5179500891 5.7774739078
484 41096 -0.0682703981505 -28.7354306491 -11.5240012794 5.85455681734
485 40257 -0.0684014655777 -28.7120217498 -11.5487379519 5.72772206134
486 41311 -0.0685308646951 -28.688960956 -11.5187338262 5.73440922091
487 41552 -0.0686599037699 -28.6660137831 -11.5437235484 5.77413040289
488 41216 -0.0687894838243 -28.6430199486 -11.5217703622 5.79627214916
489 40904 -0.0689195736329 -28.6199854396 -11.5417284434 5.73204376992
490 41483 -0.0690487680813 -28.5971586777 -11.5227505543 5.78928443785
491 41063 -0.0691786364355 -28.5742621143 -11.4963651333 5.72877673868
492 41577 -0.0693077161125 -28.5515533924 -11.5352752812 5.70210094657
493 42011 -0.0694361428016 -28.5290076741 -11.5174737638 5.73427847794
494 41801 -0.0695649062931 -28.5064508704 -11.5094795228 5.81534864625
495 40913 -0.0696950751919 -28.4836966093 -11.5160344304 5.68621381643
496 42009 -0.0698235512345 -28.4612861736 -11.5401239078 5.78651815936
497 41279 -0.0699531731558 -28.4387239379 -11.5404169656 5.7796019367
498 41156 -0.0700830052838 -28.4161733722 -11.5521334346 5.68178913576
499 42148 -0.070211314944 -28.393934548 -11.5004614987 5.82053526711
500 40990 -0.0703414403024 -28.3714289025 -11.4781260657 5.71641213091
501 41750 -0.0704703922491 -28.3491736192 -11.5219401286 5.67098386978
502 42458 -0.0705982800535 -28.3271484665 -11.5144134143 5.76251788128
503 41694 -0.0707273487062 -28.3049667255 -11.5202833031 5.67277467208
504 42437 -0.0708552984681 -28.2830235202 -11.5037119829 5.73833380752
505 41957 -0.0709839936688 -28.2609987752 -11.5428938382 5.74279734195
506 41784 -0.0711129703056 -28.2389723111 -11.4873699118 5.76402227544
507 41522 -0.0712423691616 -28.2169203218 -11.5203874261 5.75321929878
508 41568 -0.071371711851 -28.194924387 -11.5042891702 5.7090050558
509 42051 -0.0715003240469 -28.1730986171 -11.4686825046 5.69788926272
510 42314 -0.0716285516883 -28.1513835695 -11.5121041451 5.76018370548
511 41737 -0.0717576782788 -28.1295620193 -11.5089747885 5.66576326301
512 42583 -0.0718855308774 -28.1080008426 -11.5122506104 5.74590435727
513 41975 -0.0720143213242 -28.0863267161 -11.477602889 5.75340308776
514 41736 -0.0721434964234 -28.0646332961 -11.5147088845 5.68175401243
515 42433 -0.0722716210162 -28.0431611125 -11.4759621707 5.72730053307
516 42152 -0.0724001870689 -28.0216596731 -11.484423297 5.74216850716
517 41924 -0.0725291175289 -28.0001421486 -11.5029258494 5.68263108504
518 42500 -0.072657187896 -27.9788125055 -11.4506120939 5.82111783912
519 41214 -0.072787255156 -27.9571953785 -11.4967346391 5.69885569563
520 42136 -0.0729159071211 -27.9358580379 -11.494172153 5.6992074407
521 42404 -0.0730441672912 -27.9146296627 -11.4827394503 5.65319598216
522 42985 -0.0731715736005 -27.8935859593 -11.4904722778 5.71706842753
523 42465 -0.0732997724843 -27.8724548234 -11.4829883587 5.69166709286
524 42600 -0.0734277834132 -27.8513980537 -11.4870409202 5.72122202524
525 42329 -0.0735562193274 -27.8303148158 -11.4995655414 5.64745921935
526 43056 -0.0736835819921 -27.8094505937 -11.4981476971 5.6719800114
527 43002 -0.0738110395209 -27.7886134092 -11.4921182396 5.61493994608
528 43623 -0.0739376016365 -27.7679646304 -11.494072512 5.70743666447
529 42788 -0.0740654075766 -27.7471552855 -11.4780567693 5.7166165348
530 42467 -0.0741937112868 -27.7263075878 -11.4618522614 5.65576264105
531 43041 -0.0743211709192 -27.7056392713 -11.4907128058 5.71048992229
532 42617 -0.0744492784726 -27.6849081759 -11.4748897622 5.66858680133
533 42959 -0.0745768905159 -27.6642992882 -11.481288797 5.61828325787
534 43618 -0.0747035501268 -27.6438855636 -11.4648020706 5.66214202723
535 43325 -0.0748306512191 -27.6234419726 -11.4612215576 5.69023179986
536 42944 -0.0749583306954 -27.6029468702 -11.4773573152 5.69459299144
537 42798 -0.0750862429099 -27.5824560121 -11.46642106 5.62117458838
538 43569 -0.0752130336183 -27.5621857873 -11.4714260636 5.70177826775
539 42908 -0.0753408123355 -27.5417987579 -11.491220355 5.67309570717
540 43043 -0.0754684048246 -27.5214825389 -11.4724363842 5.67668189954
541 43050 -0.0755960032258 -27.5012063283 -11.4582294429 5.70572978547
542 42744 -0.0757240725528 -27.4808963408 -11.463386776 5.66782691519
543 43076 -0.0758516614479 -27.4607033232 -11.4782502738 5.62892662036
544 43607 -0.0759784868735 -27.4406713576 -11.4655195889 5.63117478612
545 43740 -0.0761051340337 -27.4207074474 -11.4738213163 5.60306525428
546 44101 -0.0762312767744 -27.400862568 -11.4878585203 5.62846684189
547 43924 -0.0763576884527 -27.381014829 -11.4533250254 5.58854147724
548 44333 -0.0764835301639 -27.3612956913 -11.4667624167 5.573995483
549 44623 -0.0766089767335 -27.3416771991 -11.4601679229 5.64798096739
550 43871 -0.0767355084435 -27.3219280595 -11.4656847394 5.69031308968
551 43204 -0.0768630292984 -27.302064105 -11.4620075541 5.63885436854
552 43592 -0.0769899957336 -27.2823258648 -11.4552139282 5.64102329089
553 43685 -0.0771168417171 -27.262645447 -11.4627745845 5.64085364939
554 43721 -0.077243651182 -27.2430096435 -11.4549396567 5.5793337949
555 44432 -0.0773694556408 -27.2235678303 -11.4467808492 5.58830530732
556 44540 -0.0774951232027 -27.2041852188 -11.4388809393 5.64527025782
557 43931 -0.0776216729197 -27.1847048624 -11.4466594098 5.58035642646
558 44503 -0.0777474211649 -27.1653858568 -11.4567197375 5.61690197637
559 44256 -0.0778735352128 -27.1460485646 -11.4475003931 5.68186046048
560 43468 -0.078000801925 -27.1265729117 -11.4669479948 5.60320270042
561 44133 -0.0781271208277 -27.1072803174 -11.4465865596 5.63776627476
562 43940 -0.0782537323714 -27.087980924 -11.457070826 5.57281312561
563 44630 -0.0783793758731 -27.0688664878 -11.4576756917 5.6481050835
564 43976 -0.0785059647495 -27.0496457987 -11.4245947697 5.60676266841
565 44268 -0.0786321508376 -27.0305236905 -11.4343046968 5.60328189786
566 44397 -0.0787581673691 -27.0114644589 -11.4357132198 5.57246826469
567 44795 -0.0788836383853 -26.9925245449 -11.4596631104 5.65427212167
568 43982 -0.0790102783868 -26.973445313 -11.4471545542 5.59301755588
569 44455 -0.0791362564675 -26.9545027207 -11.4710026588 5.53502084254
570 45269 -0.079261111411 -26.9357652341 -11.4526587875 5.60237879809
571 44724 -0.0793867398239 -26.916947967 -11.4604629103 5.65684012633
572 43963 -0.079513465738 -26.8980030943 -11.4124924724 5.59472754494
573 44460 -0.0796394957333 -26.8791987946 -11.4125832719 5.60270215972
574 44518 -0.0797654593202 -26.8604407076 -11.4152523032 5.66647699694
575 43821 -0.0798924349563 -26.8415685391 -11.4149178647 5.54194637002
576 45050 -0.0800176818137 -26.8229892431 -11.431522747 5.55257213439
577 45287 -0.0801426148045 -26.8044919537 -11.4259467871 5.54489201001
578 45451 -0.0802673355478 -26.7860613033 -11.4143773659 5.58279900197
579 45061 -0.0803926097891 -26.7675841798 -11.4428699548 5.63971405158
580 44308 -0.0805189594314 -26.7489841971 -11.400725876 5.6096342287
581 44448 -0.0806451246119 -26.7304470986 -11.4250964428 5.55805992369
582 45089 -0.0807704042578 -26.7120753386 -11.435705664 5.55606068975
583 45302 -0.0808954029324 -26.6937796719 -11.4259119034 5.61416295647
584 44695 -0.0810212621474 -26.6753931643 -11.4180655809 5.53500273259
585 45452 -0.0811460833185 -26.6571930053 -11.4151166228 5.6187782391
586 44698 -0.0812719673041 -26.6388727821 -11.4101247067 5.56975388419
587 45062 -0.0813973572726 -26.6206592045 -11.4006362435 5.58620736866
588 44981 -0.0815228742498 -26.6024618164 -11.4274387767 5.56926336667
589 45163 -0.0816481530892 -26.5843334148 -11.4176717177 5.56584237988
590 45261 -0.0817733096095 -26.5662569967 -11.4282021183 5.60172484518
591 44879 -0.0818990121662 -26.5481361102 -11.4099075199 5.53315507325
592 45580 -0.0820237595812 -26.5301868991 -11.4120317265 5.58224473545
593 45209 -0.08214903213 -26.5121961052 -11.4211391014 5.55391329957
594 45444 -0.082273994185 -26.4942837299 -11.4117258757 5.5250740503
595 45860 -0.0823984030033 -26.4764841265 -11.4156080777 5.54419564617
596 45758 -0.0825229654401 -26.4586959102 -11.4135878802 5.45362262102
597 46831 -0.0826461066131 -26.4411433864 -11.4348036809 5.58985957963
598 45499 -0.0827710510949 -26.4233669873 -11.4066148231 5.5427513241
599 45696 -0.082895740575 -26.405660085 -11.4153560944 5.49348732129
600 46350 -0.0830195619748 -26.3881092047 -11.4103304201 5.55093117449
601 45852 -0.083144068088 -26.3704940858 -11.4164536609 5.52667529831
602 46010 -0.0832683744071 -26.3529399714 -11.4022213377 5.50186797056
603 46361 -0.0833922236141 -26.3354828518 -11.3969306164 5.58165128235
604 45514 -0.0835172341863 -26.3178947838 -11.3973287036 5.51767652064
605 46044 -0.0836415366999 -26.3004388714 -11.4219528324 5.5745194816
606 45526 -0.0837665595215 -26.2829144439 -11.4207430049 5.54025574627
607 45794 -0.0838912305007 -26.2654718405 -11.3692105316 5.52879816813
608 46014 -0.084015617404 -26.2481012442 -11.4215778227 5.4956221977
609 46483 -0.0841393882018 -26.2308485873 -11.3763776672 5.53728315159
610 46120 -0.0842636598026 -26.2135580511 -11.396253866 5.50008561464
611 46475 -0.0843874705771 -26.196363362 -11.3840964686 5.50613185997
612 46509 -0.084511249531 -26.1792046662 -11.4113454857 5.50053825503
613 46594 -0.0846349293155 -26.1620911656 -11.4111808291 5.44219658216
614 47345 -0.0847576381898 -26.1451429927 -11.4102167847 5.53782099931
615 46389 -0.084881620275 -26.1280502278 -11.4218794343 5.48936352798
616 46720 -0.0850051762216 -26.1110473889 -11.4097357197 5.54084919145
617 46196 -0.08512944489 -26.0939777795 -11.4159174978 5.47737455008
618 46827 -0.0852528876422 -26.0770526223 -11.3885900352 5.48275724598
619 46948 -0.0853761854458 -26.0601781033 -11.3831207299 5.53599832041
620 46340 -0.0855003031797 -26.0432223399 -11.397788043 5.45718154303
621 47140 -0.0856233771386 -26.0264397689 -11.4072166763 5.51088055262
622 46713 -0.085747026107 -26.0096093938 -11.3751305784 5.45534846762
623 47285 -0.0858699388937 -25.9929095465 -11.3655398137 5.48601170747
624 47074 -0.0859931406392 -25.9762006984 -11.3759920473 5.5384262315
625 46383 -0.0861172709096 -25.9593964795 -11.3822349903 5.46979892138
626 47035 -0.0862405524821 -25.9427374319 -11.3945501626 5.53974874448
627 46372 -0.0863647263572 -25.9259882296 -11.3870278839 5.43571674121
628 47470 -0.0864874690336 -25.9094620019 -11.3827530737 5.49177889362
629 47093 -0.0866107162804 -25.8928976972 -11.3704272172 5.52359333572
630 46606 -0.0867346194522 -25.8762753171 -11.3909280209 5.45240160491
631 47353 -0.0868575560536 -25.8598123387 -11.3860938875 5.46012146266
632 47477 -0.0869803458356 -25.8433985048 -11.3683826422 5.5314129442
633 46640 -0.0871042469003 -25.8268659099 -11.3764775936 5.4841224962
634 46993 -0.0872276954473 -25.8104233779 -11.3998827696 5.43807496521
635 47674 -0.0873502726042 -25.7941261471 -11.3622509558 5.47668598356
636 47391 -0.0874732293489 -25.7778076419 -11.3926638804 5.46702101878
637 47440 -0.0875961363736 -25.7615248807 -11.3646808106 5.50694934779
638 46967 -0.0877196749443 -25.7451877399 -11.354827633 5.47189874584
639 47275 -0.0878428241808 -25.7289312344 -11.3624839204 5.49573446361
640 47075 -0.0879662494704 -25.7126674126 -11.3608621889 5.47191867216
641 47321 -0.0880893670675 -25.6964731082 -11.3781630565 5.38899857359
642 48448 -0.0882110578855 -25.6804948376 -11.3834047779 5.43952940571
643 48129 -0.0883331649299 -25.6644901844 -11.3627464495 5.48938865722
644 47420 -0.0884561949041 -25.6483931274 -11.362951983 5.43220658382
645 47948 -0.0885785597587 -25.6324114613 -11.4029489338 5.50783334739
646 47157 -0.088701960313 -25.6163231031 -11.3618760892 5.40833967979
647 48191 -0.0888240433619 -25.6004346818 -11.3482174667 5.41342193858
648 48430 -0.0889458386492 -25.5846115565 -11.3660477194 5.48542278884
649 47591 -0.0890687170335 -25.5686758324 -11.3358999209 5.42378063794
650 48143 -0.0891909029578 -25.5528578385 -11.3525299759 5.47682445355
651 47635 -0.0893137518527 -25.5369820211 -11.386419496 5.39454675464
652 48546 -0.0894354570021 -25.5212816282 -11.3694231412 5.50094708276
653 47459 -0.0895585608256 -25.5054286943 -11.3812527736 5.39930670905
654 48449 -0.0896804145976 -25.4897642944 -11.3279947606 5.44550856106
655 48147 -0.089802664088 -25.4740765035 -11.3612126001 5.40794096878
656 48551 -0.0899244172571 -25.4584796904 -11.3223250193 5.46490801198
657 47944 -0.0900469520508 -25.4428101741 -11.3444680854 5.41237153357
658 48452 -0.0901688571538 -25.4272484126 -11.3566426955 5.44312604661
659 48209 -0.0902910824064 -25.4116729817 -11.3502400887 5.41519938927
660 48506 -0.0904129462088 -25.3961706567 -11.367000867 5.45879877184
661 48040 -0.0905354134273 -25.3806187086 -11.3667790332 5.41664869167
662 48455 -0.0906573686811 -25.3651587402 -11.3590458314 5.38398297442
663 49005 -0.0907786521057 -25.3498105584 -11.3232765106 5.44889856742
664 48327 -0.0909007960237 -25.3343802453 -11.3220347129 5.49924664564
665 47513 -0.0910239957773 -25.3188436875 -11.3564715876 5.34809723148
666 49225 -0.0911450485145 -25.3036043666 -11.3317464048 5.42186907734
667 48760 -0.0912666906977 -25.2883172127 -11.3519423083 5.42200565694
668 48636 -0.0913885005952 -25.2730354065 -11.371470439 5.43010498629
669 48505 -0.0915104887599 -25.2577576704 -11.366666805 5.35913109619
670 49401 -0.0916313795472 -25.2426434023 -11.3258427667 5.37985533744
671 49390 -0.0917522970538 -25.2275516532 -11.3309512316 5.45084445473
672 48470 -0.0918743697116 -25.2123418982 -11.3344070917 5.42335817823
673 48576 -0.0919963225836 -25.1971732573 -11.3484800376 5.36498770239
674 49375 -0.0921172982415 -25.1821519615 -11.3316958125 5.43811205447
675 48653 -0.092239181578 -25.1670438807 -11.3227806293 5.33435250891
676 49820 -0.0923596424876 -25.1521376169 -11.3499772298 5.42713180209
677 48933 -0.0924812037652 -25.1371208242 -11.3500878443 5.3525467877
678 49674 -0.0926018683036 -25.1222402122 -11.3330085215 5.43339740615
679 48828 -0.0927235880568 -25.1072550485 -11.3161389515 5.35618777157
680 49611 -0.0928443557196 -25.0924124263 -11.333218212 5.40435209798
681 49205 -0.092965634958 -25.0775322565 -11.3244632749 5.4088838667
682 49040 -0.0930871308576 -25.0626508888 -11.3343579929 5.35346868063
683 49732 -0.0932077919512 -25.0478968565 -11.3048256442 5.38720175903
684 49488 -0.093328763921 -25.0331298443 -11.3387893276 5.30517074091
685 50528 -0.0934484969613 -25.0185386891 -11.2995793349 5.44133144569
686 49010 -0.0935700834479 -25.0037466703 -11.3177896716 5.32662677981
687 50115 -0.0936903361336 -24.9891416428 -11.3323928016 5.34525686397
688 50187 -0.0938105152003 -24.974570061 -11.3255258731 5.40407200705
689 49430 -0.0939316245499 -24.9599104051 -11.348012997 5.39928263347
690 49291 -0.0940529176691 -24.9452533176 -11.3296758129 5.31866439873
691 50336 -0.0941729592073 -24.9307718603 -11.3168324444 5.39902251814
692 49561 -0.0942939481082 -24.9162006067 -11.3084780881 5.40889631481
693 49225 -0.0944153629161 -24.9016027157 -11.3293308671 5.35756923201
694 49817 -0.094536067507 -24.8871146393 -11.3351251095 5.3138519283
695 50585 -0.0946558659177 -24.8727593514 -11.3178811057 5.38147994601
696 49895 -0.0947765030003 -24.8583276898 -11.3040836595 5.34229173321
697 50237 -0.094896742105 -24.8439676674 -11.3366436614 5.3655195161
698 50028 -0.0950172449132 -24.8296001618 -11.3002740375 5.35792720772
699 50080 -0.0951376991612 -24.8152624104 -11.3175449275 5.32695864653
700 50521 -0.0952576389193 -24.8010096481 -11.2994085762 5.390486015
701 49797 -0.0953784613998 -24.7866758921 -11.3181765428 5.32836516903
702 50437 -0.0954985273293 -24.7724555976 -11.3180748275 5.33933828184
703 50478 -0.0956185584032 -24.7582629979 -11.305364058 5.41448764886
704 49490 -0.0957397943396 -24.7439517957 -11.3011120135 5.39439908746
705 49490 -0.0958610440684 -24.7296628924 -11.3382210669 5.23529521804
706 51666 -0.0959797254903 -24.7156997741 -11.3189035967 5.38219034857
707 50267 -0.09610006053 -24.7015653988 -11.303077631 5.35460927706
708 50263 -0.0962204139825 -24.6874522662 -11.28393051 5.31230051633
709 50846 -0.0963400885263 -24.6734418992 -11.3060183968 5.32433900885
710 50854 -0.0964597670426 -24.6594541018 -11.2927415871 5.38542588379
711 50035 -0.0965804341143 -24.6453740295 -11.2862515679 5.34662498652
712 50337 -0.0967007515853 -24.6313579548 -11.3025644501 5.34792490476
713 50413 -0.0968209919802 -24.6173739522 -11.3024378956 5.33524554466
714 50614 -0.0969410056255 -24.6034392864 -11.2957191145 5.33768854104
715 50646 -0.0970609953422 -24.5895302816 -11.3018541394 5.36036462314
716 50354 -0.0971813446775 -24.5756025192 -11.3105684315 5.32728791794
717 50730 -0.097301260554 -24.5617477049 -11.2979580433 5.28983835758
718 51362 -0.0974204492274 -24.5479993941 -11.2852551673 5.35050946054
719 50710 -0.0975404145332 -24.5341840812 -11.2841393021 5.27664608145
720 51557 -0.0976594039202 -24.5205034827 -11.2921921326 5.31299366087
721 51298 -0.0977787066657 -24.5068091272 -11.3014966925 5.27900187256
722 51708 -0.0978975477839 -24.4931898794 -11.2883942705 5.32381249788
723 51205 -0.0980169838428 -24.4795246411 -11.2829702309 5.35620951203
724 50629 -0.0981371107869 -24.4658027414 -11.2896910879 5.25479904474
725 51881 -0.0982557922606 -24.4522679509 -11.2736099727 5.38328836345
726 50461 -0.0983761449919 -24.4385648388 -11.3077939809 5.32497349232
727 50872 -0.098496024367 -24.4249378671 -11.2899411365 5.26832648745
728 51785 -0.098614854863 -24.4114519833 -11.300231494 5.25537066175
729 52238 -0.0987331814582 -24.398044861 -11.2728092256 5.41046686824
730 50221 -0.0988538739206 -24.3843917985 -11.2886662107 5.31151035264
731 51020 -0.0989736310415 -24.3708665797 -11.2986313729 5.27922879931
732 51706 -0.0990926035389 -24.3574516588 -11.3088137918 5.2316362427
733 52589 -0.0992105864465 -24.3441696144 -11.285630968 5.35662331761
734 51080 -0.0993303117925 -24.3307130398 -11.292277117 5.29641457573
735 51507 -0.099449553267 -24.3173324533 -11.2858215253 5.24610081627
736 52348 -0.0995678453548 -24.3040796545 -11.2694645023 5.2636956228
737 52344 -0.0996861553985 -24.2908459683 -11.2773342508 5.26425544029
738 52343 -0.0998044793356 -24.2776318088 -11.2802118986 5.2501357716
739 52553 -0.099922578906 -24.2644636801 -11.2778682541 5.28360298171
740 52141 -0.100041156617 -24.2512632716 -11.271814389 5.33620429739
741 51297 -0.100160719034 -24.2379745325 -11.2855860335 5.26235893129
742 52105 -0.100279364121 -24.2248088333 -11.267501459 5.23300955931
743 52765 -0.100397277005 -24.2117451451 -11.3203276146 5.30484085817
744 51931 -0.100516145643 -24.1985964684 -11.258277448 5.25142945161
745 52466 -0.100634419252 -24.1855343908 -11.2815480409 5.22839825182
746 52959 -0.100752153487 -24.1725524206 -11.3074806523 5.23266550637
747 53045 -0.100869805295 -24.1595999634 -11.2838921275 5.27030924353
748 52532 -0.100988042372 -24.1466035958 -11.2806492018 5.26682275095
749 52448 -0.101106387573 -24.1336158986 -11.2920172389 5.23643065727
750 52870 -0.101224271603 -24.12069921 -11.2744170497 5.24768192869
751 52834 -0.101342208173 -24.1077970899 -11.2793450117 5.19284407114
752 53636 -0.101459273056 -24.0950103909 -11.2772052661 5.22238381259
753 53435 -0.101576570445 -24.0822182954 -11.2550861288 5.27564257038
754 52612 -0.10169479409 -24.0693453967 -11.2731118098 5.1597183534
755 54090 -0.101811403884 -24.0566680562 -11.2680418058 5.2031090484
756 53872 -0.101928261895 -24.0439834453 -11.2797770181 5.30498699106
757 52334 -0.102046836531 -24.0311326269 -11.2568799154 5.19630349888
758 53489 -0.102164136455 -24.0184398621 -11.2680330425 5.26836133959
759 52772 -0.10228224332 -24.0056797353 -11.2498690518 5.27375287022
760 52504 -0.102400663908 -23.9929057729 -11.2490895475 5.23204030893
761 53039 -0.102518498277 -23.9802149365 -11.273258786 5.17381681961
762 54061 -0.102635226806 -23.9676627194 -11.2478394007 5.28311145486
763 52748 -0.102753411408 -23.9549736738 -11.2631200294 5.21202922516
764 53426 -0.102870855894 -23.9423837318 -11.2552483064 5.18090378234
765 54090 -0.102987589468 -23.9298893565 -11.2364761529 5.26164113927
766 53091 -0.103105428664 -23.9172961731 -11.233670697 5.21344355917
767 53528 -0.103222799197 -23.9047725364 -11.2600058226 5.25637725472
768 53030 -0.103340731953 -23.8922084286 -11.2526291253 5.24875276945
769 53010 -0.103458699383 -23.8796601574 -11.2462159256 5.18019327043
770 54023 -0.103575568268 -23.8672479575 -11.2624468344 5.23207045732
771 53547 -0.10369296723 -23.8547986764 -11.2367904546 5.22242632614
772 53565 -0.103810359331 -23.8423693378 -11.2304831122 5.22421469575
773 53552 -0.103927778309 -23.8299563319 -11.2435082592 5.24022857731
774 53321 -0.104045463676 -23.8175343678 -11.2358717532 5.26071964267
775 52966 -0.104163555168 -23.8050888177 -11.255693959 5.20807050785
776 53645 -0.104280909641 -23.7927400331 -11.2554548956 5.2177036396
777 53703 -0.104398212815 -23.780415624 -11.2387070843 5.21705232277
778 53738 -0.104515491158 -23.7681127488 -11.2462873528 5.1669124608
779 54507 -0.104631951708 -23.7559143472 -11.2578349851 5.16438553822
780 54772 -0.104748141722 -23.7437627958 -11.2374386304 5.2659658673
781 53336 -0.104865898109 -23.7314662538 -11.2514454123 5.16396462749
782 54460 -0.104982445365 -23.7193145938 -11.2337499165 5.26784967109
783 53240 -0.10510033247 -23.7070420394 -11.254839493 5.20440039634
