gpomdp_grad 0.05 1.61660056386e-05 -0.588403348999

1 1000 0 -56.6666666667 -12.1488178976 -0.761916222093
2 14887 0 -56.6666666667 -12.086729564 6.96935414824
3 13690 -0.000154178803954 -56.5236894232 -12.0922560468 6.90296882495
4 13566 -0.000309061228425 -56.3808786976 -12.1561102438 6.87839765482
5 13601 -0.00046374382666 -56.2390645548 -12.1352664963 6.77957584429
6 13896 -0.000616772882277 -56.0995584743 -12.1327483181 6.84249373289
7 13796 -0.000770355601129 -55.960333104 -12.1355239275 6.88093821995
8 13658 -0.000924715255013 -55.8211896328 -12.1444363359 7.01006407827
9 13259 -0.00108137966424 -55.6807677424 -12.1370236991 6.75242715944
10 13875 -0.00123452638548 -55.5442704606 -12.1337057954 6.90449578761
11 13612 -0.00138914393312 -55.4072296649 -12.1285640082 6.85388710426
12 13684 -0.00154335675316 -55.2713092643 -12.0871701493 6.90418222746
13 13561 -0.00169826828288 -55.135532524 -12.134925082 6.7726174354
14 13905 -0.00185124885357 -55.002189093 -12.1378957382 6.78857070325
15 13957 -0.00200394594501 -54.8698208978 -12.1123488218 6.88351893021
16 13695 -0.00215809787971 -54.7369234136 -12.1193437782 6.79133870542
17 13889 -0.00231116778798 -54.6056804476 -12.1080623371 6.85322999679
18 13763 -0.00246493489555 -54.4745578584 -12.1123787398 6.88717785782
19 13631 -0.00261944708646 -54.3435190445 -12.0955414412 6.87143537157
20 13639 -0.00277391332516 -54.2132338893 -12.1020008157 6.83748378677
21 13739 -0.00292781797738 -54.0841273268 -12.1340090783 6.80603206877
22 13859 -0.00308105605789 -53.9562733623 -12.0908151908 6.8121619102
23 13875 -0.00323420574947 -53.8291789199 -12.0980361918 6.74777763399
24 14070 -0.00338628979055 -53.7036418567 -12.1056266897 6.8487904358
25 13826 -0.00353970779506 -53.5776777997 -12.1662503616 6.82795080716
26 13819 -0.00369316404473 -53.4523542792 -12.1377369271 6.8573698267
27 13732 -0.00384710679099 -53.3273033014 -12.0970736516 6.77752111539
28 13940 -0.00399989497563 -53.2038483265 -12.1088337593 6.77819684833
29 13998 -0.00415237040702 -53.0812945467 -12.1361011972 6.79866862662
30 13953 -0.004305087818 -52.959190546 -12.1393253316 6.65154845044
31 14385 -0.0044554958615 -52.8395583099 -12.1023757225 6.82440435794
32 13983 -0.00460804952985 -52.7188484628 -12.1226031019 6.86811601361
33 13746 -0.00476191258339 -52.5977391892 -12.1060567313 6.70389375504
34 14164 -0.00491348849139 -52.479050505 -12.1096244331 6.73734471997
35 14183 -0.00506496293637 -52.3610515794 -12.0864372274 6.59414755809
36 14632 -0.00521409393931 -52.2454696768 -12.1051043566 6.66176001251
37 14547 -0.00536366034027 -52.1301353007 -12.0651269294 6.87027569704
38 13891 -0.00551671976157 -52.0127092843 -12.0926966257 6.88498672618
39 13673 -0.00567099715457 -51.8949602884 -12.0599577487 6.76381697063
40 13964 -0.00582365695219 -51.7790454914 -12.0708917073 6.80599361067
41 13922 -0.00597654486492 -51.6635506916 -12.1112853263 6.70806030748
42 14203 -0.00612791419211 -51.5497834597 -12.0999014526 6.69299772174
43 14330 -0.00627861325245 -51.4370893381 -12.1000614823 6.7984420484
44 14046 -0.00643082817846 -51.3238339936 -12.0466466244 6.81149148808
45 13929 -0.0065836796729 -51.2106794968 -12.0602435116 6.66571348255
46 14334 -0.00673435363333 -51.0996962275 -12.0692487774 6.78797554592
47 14078 -0.00688639345376 -50.988265471 -12.0812468103 6.76938634871
48 14063 -0.00703851567711 -50.8773316964 -12.0989178295 6.64143193641
49 14449 -0.00718859214891 -50.7684320492 -12.0404823736 6.79357359609
50 14092 -0.00734055377631 -50.6587092256 -12.0663280508 6.62352834503
51 14513 -0.00749029684828 -50.5511205605 -12.0768189949 6.86667721344
52 13893 -0.00764334725853 -50.4416975754 -12.008610551 6.77555061989
53 13992 -0.00779585241344 -50.3332053702 -12.0802220886 6.74671167443
54 14106 -0.00794773906589 -50.2256859163 -12.0492161971 6.79337401906
55 13999 -0.0081002066855 -50.1182859929 -12.08617003 6.66056666414
56 14371 -0.00825069001031 -50.0128014948 -12.0773513919 6.74957979846
57 14204 -0.00840205462945 -49.907214265 -12.0209171302 6.67180718419
58 14395 -0.00855240962735 -49.8028390022 -12.0088418201 6.81569844512
59 14012 -0.00870480788492 -49.6975579401 -12.0175140154 6.67017435876
60 14345 -0.00885542666478 -49.5940096117 -12.0591515641 6.75761686563
61 14172 -0.00900695948326 -49.4903342851 -12.0314125504 6.72748386626
62 14215 -0.00915826250393 -49.3873143486 -12.090488616 6.65788151899
63 14442 -0.00930837593294 -49.2855928073 -12.0323534582 6.65210903882
64 14524 -0.00945806085405 -49.1846426099 -12.0329995749 6.67356131736
65 14480 -0.00960797342737 -49.0840168642 -12.0694523286 6.78073972283
66 14139 -0.00975968245327 -48.9826688254 -12.0485607963 6.70986453222
67 14260 -0.00991075026186 -48.8822290682 -12.0691353203 6.68847023153
68 14360 -0.0100612911053 -48.782612708 -12.0268168465 6.75798981692
69 14175 -0.0102128078602 -48.6828240169 -12.0500859102 6.66329995857
70 14413 -0.0103630687809 -48.5843282176 -12.0204281381 6.64645684923
71 14534 -0.0105127047087 -48.486699853 -12.0407005366 6.63508264014
72 14604 -0.0106619807746 -48.3897582719 -12.0366510359 6.65104078392
73 14573 -0.0108114140098 -48.293163665 -12.0134781457 6.76687947327
74 14206 -0.0109627644488 -48.1957845587 -12.0417661848 6.69530275289
75 14323 -0.0111134962845 -48.0992552035 -12.0059060003 6.65333798002
76 14487 -0.0112633757953 -48.0037155896 -11.9859879163 6.67783518887
77 14457 -0.0114134110956 -47.9085169597 -12.040518595 6.72212119801
78 14311 -0.011564205963 -47.8132772023 -12.0349543805 6.6999925008
79 14339 -0.011714857431 -47.7185662936 -12.0464334139 6.56700883807
80 14765 -0.0118633177259 -47.6256585595 -12.0530865693 6.74610567197
81 14322 -0.012014058644 -47.5317529556 -11.9883898134 6.6689977213
82 14438 -0.0121641927878 -47.4386524601 -11.9750106741 6.70625792592
83 14355 -0.012314758918 -47.3457092658 -12.0317651088 6.67002139072
84 14444 -0.0124648609352 -47.2534735212 -12.0276096636 6.5663163507
85 14798 -0.0126131560132 -47.1627580876 -12.0284706652 6.74575631687
86 14331 -0.0127638447801 -47.0709929842 -12.046239383 6.64905112945
87 14502 -0.0129136431754 -46.9801815438 -11.9586785096 6.58430697073
88 14757 -0.0130621447291 -46.8905584951 -12.0273069207 6.69374891945
89 14482 -0.0132120505448 -46.800491412 -12.0207258663 6.65850013437
90 14516 -0.0133617805382 -46.710931925 -11.9587884186 6.70981025664
91 14365 -0.0135122906916 -46.6213079653 -11.9733077715 6.76945093298
92 14142 -0.0136639853704 -46.5313839275 -12.033666454 6.65524547554
93 14429 -0.0138141656887 -46.4427557126 -12.0349154519 6.56640484436
94 14793 -0.0139624840974 -46.3556125059 -11.9910754246 6.67777199918
95 14541 -0.0141120808655 -46.2681044348 -12.0374351416 6.59548526292
96 14732 -0.0142607066862 -46.1815459337 -11.974184354 6.68361684036
97 14506 -0.0144104840692 -46.0946990502 -11.9779494143 6.60058259995
98 14706 -0.0145592429355 -46.0088201179 -11.9826671242 6.58184476789
99 14823 -0.0147074119433 -45.9236531389 -12.0590600427 6.61100406023
100 14762 -0.014855887178 -45.8386795788 -12.0259107443 6.73470374321
101 14356 -0.0150064480078 -45.7528876191 -12.0275235718 6.66099519358
102 14472 -0.015156402635 -45.6678141902 -12.0168261249 6.52378395425
103 14944 -0.0153039693449 -45.5844566539 -12.0300481796 6.58592603386
104 14877 -0.0154518704034 -45.5012674291 -11.9820404292 6.66923655874
105 14591 -0.0156012114542 -45.4176287653 -12.0142141196 6.52583039516
106 14972 -0.0157486392045 -45.3354147076 -11.989264362 6.64595109826
107 14691 -0.0158974718674 -45.2527707398 -12.0203980905 6.65361475544
108 14589 -0.0160468224265 -45.1701940073 -12.0033467052 6.66355783765
109 14530 -0.0161964795535 -45.0878020255 -11.9775713151 6.60484582246
110 14699 -0.0163452725934 -45.0062350738 -11.977035866 6.60347816076
111 14751 -0.0164938012708 -44.9251582219 -11.9911985822 6.59229377159
112 14802 -0.0166420754408 -44.8445621167 -11.9906635828 6.69955350549
113 14476 -0.0167920116666 -44.7634076841 -12.021786309 6.5594677374
114 14829 -0.0169401494232 -44.683565356 -11.9441120992 6.5098986293
115 15094 -0.0170869817698 -44.6047567191 -11.9970564725 6.5174563666
116 15145 -0.0172335695588 -44.5264051418 -11.9876697443 6.50490587433
117 15201 -0.0173798849837 -44.448521768 -11.9994993872 6.60074057775
118 14899 -0.0175276737923 -44.3701793117 -11.9400938651 6.74686730292
119 14355 -0.0176782391519 -44.2906990247 -11.9970288584 6.60866442108
120 14637 -0.017827349272 -44.2123171096 -11.9737561749 6.48401773954
121 15124 -0.0179740351379 -44.1355281623 -11.9507347638 6.64068623114
122 14749 -0.0181225741527 -44.0580891502 -11.9657531822 6.53626006289
123 14984 -0.0182699453088 -43.9815753063 -11.9898283385 6.58277058684
124 14898 -0.0184177400165 -43.9051560526 -11.9824266247 6.67473012612
125 14580 -0.0185671405987 -43.8282245992 -11.956387564 6.54337056694
126 14912 -0.0187148677182 -43.7524674519 -11.9414606981 6.61770421679
127 14765 -0.0188633269352 -43.6766460965 -11.9730796311 6.5432975113
128 14965 -0.0190107892554 -43.6016408627 -11.9369631979 6.5089067109
129 15136 -0.0191574161381 -43.5273620888 -11.9779807683 6.40278813011
130 15547 -0.0193020929613 -43.4543641168 -11.9433651977 6.55478759902
131 15145 -0.0194486791887 -43.3806977298 -11.9355807174 6.61833617269
132 14827 -0.0195968283285 -43.3065457996 -11.9429337246 6.49704345982
133 15136 -0.0197434556635 -43.233450646 -11.9280753449 6.49067045859
134 15246 -0.019889553193 -43.1609098332 -11.9501015673 6.42215067652
135 15512 -0.0200343942439 -43.0892771793 -11.9653185237 6.56236961804
136 15110 -0.020181148844 -43.0169851535 -11.9096467556 6.6083818104
137 14850 -0.0203291847009 -42.944352917 -11.9799611704 6.50022304989
138 15132 -0.0204758312122 -42.8726887497 -11.9430296102 6.56206434497
139 15007 -0.0206230883367 -42.8010113217 -11.9120673425 6.59240444945
140 14873 -0.0207710070653 -42.7292978193 -11.9027102873 6.45434047558
141 15293 -0.0209168796884 -42.6588553365 -11.9438191213 6.55180566221
142 15086 -0.0210637536599 -42.588207607 -11.9102249972 6.45481637562
143 15354 -0.02120933974 -42.5184533594 -11.9731703715 6.4221407799
144 15543 -0.0213540361073 -42.4493941238 -11.917223291 6.52869260458
145 15231 -0.0215002057095 -42.3799021954 -11.9363874023 6.55363045208
146 15062 -0.0216471924575 -42.3102942871 -11.9625086095 6.45362834114
147 15351 -0.0217927921729 -42.2416110839 -11.9204068113 6.53321037776
148 15164 -0.0219392880859 -42.1727726178 -11.8954991092 6.38503987507
149 15617 -0.022083639964 -42.1052025871 -11.922744674 6.58236038672
150 15072 -0.0222305807923 -42.036685202 -11.9190579664 6.41686721452
151 15480 -0.0223755725338 -41.9693367476 -11.918436544 6.55938546833
152 15111 -0.0225223209037 -41.9014339 -11.9717842488 6.51251823431
153 15166 -0.0226688056661 -41.8339139546 -11.974418106 6.53402768857
154 15109 -0.02281556337 -41.7665281271 -11.9383373186 6.45382354816
155 15364 -0.0229611020008 -41.6999575264 -11.9051174078 6.52594663486
156 15191 -0.0231074631893 -41.6332657913 -11.9595396714 6.40597347415
157 15552 -0.0232521169112 -41.5676020414 -11.9227031599 6.45248267512
158 15494 -0.0233970427462 -41.5020625545 -11.9054733161 6.52110313868
159 15244 -0.0235431538476 -41.4362367175 -11.9369222476 6.49433997135
160 15264 -0.023689164602 -41.3707051012 -11.8830822569 6.50252137165
161 15242 -0.0238352807323 -41.305373986 -11.898707554 6.41694717976
162 15529 -0.0239800430457 -41.2408912692 -11.90957456 6.64208995582
163 14853 -0.0241280641393 -41.1752057452 -11.9019073444 6.42719248573
164 15380 -0.0242735258404 -41.1108996636 -11.9169236302 6.5130590618
165 15239 -0.0244196574279 -41.046539313 -11.9050768361 6.46223045066
166 15372 -0.024565155829 -40.9826973555 -11.9147565941 6.4449624284
167 15469 -0.0247101971921 -40.9192924955 -11.91526912 6.45085673814
168 15476 -0.0248552055575 -40.8561368633 -11.9020049484 6.51663971473
169 15254 -0.02500126816 -40.7927581126 -11.9036320491 6.48826763457
170 15288 -0.0251471673 -40.7296854789 -11.9018875373 6.32792289797
171 15856 -0.0252904286786 -40.667980624 -11.9259072077 6.40445803672
172 15747 -0.0254341869164 -40.606287097 -11.8743183429 6.47720199791
173 15462 -0.0255792601068 -40.5442568497 -11.9173145492 6.51103959527
174 15269 -0.0257252506059 -40.4820639212 -11.88937473 6.46731422713
175 15363 -0.0258707908644 -40.4202907474 -11.9181647323 6.47771708058
176 15354 -0.0260163737037 -40.3587259555 -11.8924419775 6.31167873772
177 15934 -0.0261592843409 -40.2985102969 -11.8775503137 6.49755241714
178 15443 -0.0263044489708 -40.2375659485 -11.9109764781 6.44432553076
179 15491 -0.0264493860198 -40.1769381906 -11.8792912469 6.4671688937
180 15426 -0.0265946291599 -40.1164027708 -11.8963193672 6.45931836884
181 15435 -0.0267398310354 -40.0561038778 -11.8785688088 6.53062739838
182 15195 -0.026886173802 -39.9955518918 -11.8614330294 6.47054811351
183 15331 -0.0270318660286 -39.9354879735 -11.9087532379 6.43109795811
184 15505 -0.0271767378478 -39.875977683 -11.867770372 6.37463299823
185 15753 -0.0273204666755 -39.817148036 -11.8712293369 6.48633219184
186 15433 -0.0274656797773 -39.7579232843 -11.9239080725 6.39596017542
187 15657 -0.0276098481544 -39.6993347175 -11.9204033844 6.31788563224
188 16000 -0.0277524616763 -39.6415829054 -11.9504065642 6.40148706779
189 15797 -0.0278959904695 -39.583665104 -11.8739572889 6.52970028897
190 15296 -0.0280418484198 -39.5250166502 -11.9057518943 6.3276271512
191 15859 -0.0281850943035 -39.4676226892 -11.8981524453 6.28555684772
192 16177 -0.0283269265794 -39.4109934419 -11.897365395 6.43360009145
193 15731 -0.0284707548486 -39.3537677383 -11.9239016877 6.30937734678
194 16053 -0.028613135506 -39.2973158202 -11.8473160425 6.33489370723
195 16051 -0.0287555215948 -39.2410575582 -11.8502303583 6.46060226082
196 15602 -0.0288999423793 -39.1841943628 -11.8902260741 6.38478752463
197 15745 -0.0290437087221 -39.12778686 -11.8734750184 6.31179692776
198 16048 -0.0291861105366 -39.0721084946 -11.8572811176 6.39264895049
199 15842 -0.0293294365241 -39.0162624951 -11.860329365 6.4720535271
200 15506 -0.0294743052804 -38.9600118371 -11.8371695589 6.34175972637
201 15870 -0.029617501367 -38.9046037702 -11.8475480035 6.44891611243
202 15594 -0.0297619605684 -38.8489004941 -11.8623488063 6.32921628875
203 15941 -0.0299048389463 -38.7939970109 -11.8575887112 6.31919730181
204 16077 -0.0300471114755 -38.7395133573 -11.8504011269 6.45861671727
205 15616 -0.0301914678215 -38.6844214735 -11.866061563 6.31060517624
206 16015 -0.0303340167511 -38.630205993 -11.8547993495 6.46536849142
207 15576 -0.0304785594951 -38.5754205994 -11.8645049164 6.34830534914
208 15867 -0.0306217698964 -38.5213263334 -11.7952157146 6.32523025379
209 16034 -0.0307642333922 -38.4676970881 -11.8491917163 6.4978370509
210 15469 -0.0309092773024 -38.4132829204 -11.8380867676 6.31294823283
211 15963 -0.0310520562383 -38.3599012882 -11.830260326 6.38426262934
212 15848 -0.0311953529605 -38.3065075112 -11.8570661844 6.36401279614
213 15889 -0.0313384675114 -38.2533621272 -11.7827851264 6.38077091991
214 15840 -0.0314818010309 -38.2003153353 -11.8670964889 6.37270322727
215 15855 -0.0316250662302 -38.1474728414 -11.8261195849 6.3123837174
216 16077 -0.0317673372625 -38.0951732675 -11.8668332366 6.40487357496
217 15806 -0.0319108247965 -38.042603487 -11.8229290896 6.35138707277
218 15922 -0.0320537886595 -37.9904014529 -11.8634759009 6.4225301452
219 15701 -0.0321977555967 -37.9380096888 -11.8403516394 6.30499303309
220 16060 -0.0323401039391 -37.8863802662 -11.8280325613 6.40426270559
221 15804 -0.0324836027344 -37.8345071365 -11.8333775702 6.42985274858
222 15643 -0.0326278376231 -37.7825426483 -11.8262493238 6.28968522262
223 16099 -0.0327700133666 -37.7314906185 -11.8475361881 6.36142846345
224 15968 -0.0329127712631 -37.680399122 -11.8075831311 6.3284223184
225 16051 -0.0330551589937 -37.6296085314 -11.8726610978 6.23043172904
226 16439 -0.03319585884 -37.5795844436 -11.8347291649 6.26038131413
227 16436 -0.033336568238 -37.5297196281 -11.8235413478 6.26969980311
228 16400 -0.0334774318839 -37.4799623061 -11.8417961592 6.40574083233
229 15890 -0.0336205381081 -37.429578173 -11.7993044711 6.22491742975
230 16412 -0.0337613508348 -37.3801633941 -11.8110456642 6.38959992465
231 15952 -0.0339041816631 -37.3302036481 -11.8885726544 6.27783577184
232 16232 -0.0340457717077 -37.2808393858 -11.8811491392 6.14221294919
233 16831 -0.0341848218866 -37.2325163523 -11.8437000556 6.33660737334
234 16258 -0.0343263008137 -37.1835069004 -11.7983854805 6.29533320508
235 16255 -0.0344677945344 -37.134650582 -11.782128917 6.30093172699
236 16233 -0.0346093824263 -37.0859194135 -11.858166474 6.31360628923
237 16180 -0.0347512021264 -37.0372658128 -11.8093651457 6.25428909902
238 16386 -0.0348921279612 -36.9890741174 -11.8279010436 6.33559348661
239 16141 -0.0350341170753 -36.9406745873 -11.8217178721 6.3795886545
240 15914 -0.0351771165798 -36.8920879219 -11.8046481677 6.24724351502
241 16335 -0.0353182599204 -36.8442859565 -11.7702582684 6.47554176089
242 15626 -0.035462573159 -36.7955678861 -11.7861490632 6.37340336485
243 15792 -0.0356061243132 -36.7472642848 -11.8287717518 6.22182018566
244 16395 -0.0357470114511 -36.7000088193 -11.8475839735 6.32841683204
245 16170 -0.0358888736855 -36.6525774366 -11.7842656808 6.33388398371
246 16088 -0.0360310985624 -36.6051763341 -11.8205095484 6.24747828435
247 16385 -0.0361720279845 -36.558355936 -11.8068721299 6.34365588977
248 16112 -0.0363141486429 -36.5112892278 -11.7740163317 6.35154541001
249 16007 -0.0364567306624 -36.46421983 -11.8002980153 6.18658475095
250 16592 -0.0365967765871 -36.4181333237 -11.7823839293 6.33430504773
251 16202 -0.0367384984753 -36.3716415694 -11.8120524264 6.26168357528
252 16364 -0.0368795168058 -36.3255259947 -11.8071423219 6.21976886706
253 16569 -0.0370196600873 -36.2798395799 -11.8007409516 6.29640856368
254 16337 -0.037160796623 -36.2339727768 -11.7893113729 6.34763381637
255 16084 -0.0373030396753 -36.1878913153 -11.7942987148 6.10791237669
256 16921 -0.0374417178393 -36.1431041805 -11.7991493611 6.30859833229
257 16387 -0.0375826400066 -36.0977327053 -11.8251351321 6.33517699649
258 16143 -0.0377246211804 -36.0521627168 -11.8185332159 6.30533169332
259 16185 -0.0378664177768 -36.0067940115 -11.7898374975 6.18384627003
260 16655 -0.0380061986813 -35.9622085376 -11.7970075314 6.12396440414
261 17027 -0.0381444457613 -35.9182467449 -11.7407876398 6.37148241919
262 16180 -0.0382862631235 -35.8732879157 -11.754622532 6.33793625345
263 16076 -0.0384285411987 -35.8283231288 -11.7982419322 6.21649346498
264 16499 -0.0385689846212 -35.7840751472 -11.773846395 6.07393571069
265 17182 -0.0387066080433 -35.7408470657 -11.8105544898 6.3459907547
266 16315 -0.0388478378298 -35.696620859 -11.7932351203 6.15246203183
267 16815 -0.0389869524425 -35.6531897636 -11.8247988764 6.23725619002
268 16629 -0.039126843828 -35.6096484109 -11.7250234306 6.20275510144
269 16710 -0.0392663953089 -35.5663443953 -11.7968589197 6.3453280819
270 16193 -0.0394081563124 -35.5224886587 -11.7773007448 6.21759531397
271 16528 -0.0395484729684 -35.4792120617 -11.7896498101 6.26534617806
272 16442 -0.0396891561242 -35.4359539824 -11.79262229 6.20461866555
273 16650 -0.0398289604588 -35.3930960377 -11.7331246352 6.34749777725
274 16169 -0.0399708270731 -35.3497376755 -11.7511305012 6.18366681007
275 16651 -0.04011062477 -35.3071409138 -11.7648514416 6.22607405787
276 16626 -0.040250527269 -35.2646401218 -11.781153709 6.19688034985
277 16732 -0.0403899873221 -35.2224005201 -11.747700337 6.18389174721
278 16813 -0.0405291127771 -35.1803878279 -11.758818728 6.25240386321
279 16570 -0.0406692513631 -35.1381954226 -11.7444977301 6.28543663246
280 16378 -0.0408102093391 -35.0958835533 -11.7417165161 6.17772753518
281 16735 -0.0409496560538 -35.0541503304 -11.7431055715 6.28301269172
282 16433 -0.0410903803887 -35.0121602334 -11.8189282617 6.08579217432
283 17114 -0.0412282745889 -34.9711363549 -11.7637891566 6.23794369331
284 16708 -0.0413678343761 -34.9297391256 -11.8095368172 6.23640129883
285 16603 -0.0415078368137 -34.8883335396 -11.7037805851 6.15763934625
286 16879 -0.0416466896951 -34.8473890302 -11.7595382967 6.1884897945
287 16836 -0.0417857186009 -34.8065129155 -11.758740268 6.19548803741
288 16797 -0.0419249103943 -34.7657089747 -11.7783891226 6.13701445403
289 17016 -0.0420632021943 -34.7252873232 -11.7703859504 6.21948961945
290 16753 -0.0422025749843 -34.6846686508 -11.7189941154 6.29761244831
291 16383 -0.0423435142995 -34.643714333 -11.7805198079 6.10067525753
292 17040 -0.0424817093469 -34.6036749857 -11.7292603514 6.25545286492
293 16621 -0.0426216361653 -34.5632519567 -11.7213165904 6.13700357442
294 16965 -0.042760134158 -34.523358181 -11.7442113119 6.19271033713
295 16843 -0.0428991323531 -34.483436338 -11.7202790402 6.12823084012
296 17064 -0.0430372287538 -34.4438881029 -11.74329219 6.11887489561
297 17165 -0.0431749203561 -34.4045690373 -11.7137776401 6.1254149063
298 17167 -0.043312603442 -34.3653649901 -11.7188903069 6.24284685428
299 16704 -0.0434521826814 -34.3257354609 -11.7613834801 6.18954963179
300 16783 -0.0435914324061 -34.2863138044 -11.7569305054 6.12828892242
301 17047 -0.0437295994459 -34.247311029 -11.7961299685 6.05155155076
302 17434 -0.0438662220272 -34.2088538334 -11.7408084083 6.1545690941
303 17124 -0.044004077009 -34.1701597336 -11.7664562119 6.08635278754
304 17314 -0.0441411748701 -34.1317872721 -11.7620540532 6.08416570885
305 17377 -0.0442780244144 -34.0935923864 -11.7483066834 6.18786088505
306 16976 -0.0444164804545 -34.0550585511 -11.7331647348 6.11267066424
307 17165 -0.0445541721269 -34.0168461452 -11.7070103178 6.02069514483
308 17597 -0.0446901623125 -33.9792118905 -11.738759745 6.15375687153
309 17172 -0.0448278260865 -33.9412212822 -11.6920842859 6.15952881722
310 17032 -0.0449660527777 -33.9031829908 -11.6785661115 6.07674356721
311 17327 -0.045103099692 -33.8655754221 -11.7728361537 6.06651884217
312 17453 -0.0452396495141 -33.8282088613 -11.6979325302 6.2087571619
313 16914 -0.0453783596146 -33.7903576018 -11.6974554451 6.17399299048
314 16903 -0.0455171138076 -33.7526012079 -11.7502152871 6.14010041251
315 17034 -0.0456553327633 -33.7150963116 -11.7300083699 6.1583713383
316 16998 -0.0457936969941 -33.6776573721 -11.7411269671 6.1390185271
317 17065 -0.0459317894413 -33.6403966584 -11.711048078 6.14376046564
318 17065 -0.0460698822077 -33.6032400093 -11.7350210916 6.15191074233
319 17033 -0.0462081067316 -33.5661517775 -11.7075611148 6.14013592207
320 17071 -0.0463461773078 -33.5292081703 -11.7003128959 6.10526611042
321 17222 -0.0464836409599 -33.4925291165 -11.7199200948 6.2352676842
322 16748 -0.0466230358972 -33.4554384061 -11.7400761449 5.93002516167
323 17855 -0.0467580386351 -33.4196154863 -11.7389203428 6.2031954782
324 17042 -0.0468962247695 -33.3830484296 -11.7194465127 6.05930295697
325 17401 -0.0470329783505 -33.3469602229 -11.7054115373 6.19399879025
326 16958 -0.0471715071097 -33.3105043339 -11.7178220949 6.15208866105
327 17002 -0.0473098566396 -33.2741964257 -11.7083216655 6.11916696076
328 17146 -0.047447623596 -33.2381411105 -11.6562342312 5.98591026031
329 17738 -0.047583072863 -33.2027889685 -11.719470868 6.17342501849
330 17130 -0.0477209025341 -33.166913472 -11.7177329304 6.08326742833
331 17328 -0.0478579437381 -33.1313407466 -11.7395364152 6.05875214318
332 17485 -0.0479943668934 -33.0960246687 -11.6851390085 6.23028282161
333 16837 -0.0481333898787 -33.0601339309 -11.6641890558 6.13982284486
334 17016 -0.048271680629 -33.0245303396 -11.7189836213 6.07341823826
335 17335 -0.0484086920283 -32.9893522304 -11.6641445925 6.07358623655
336 17426 -0.0485453472221 -32.9543604838 -11.6820040424 6.03880821419
337 17596 -0.0486813396171 -32.9196321715 -11.6619458998 6.05396017638
338 17581 -0.0488173911621 -32.8849819351 -11.7051829007 6.04016689811
339 17634 -0.0489532360102 -32.8504769621 -11.6895144575 6.01832106221
340 17742 -0.0490886702499 -32.8161680529 -11.6823907439 6.11374096522
341 17374 -0.049225530781 -32.7815905423 -11.6895165772 6.01563096131
342 17679 -0.0493612058683 -32.7474041613 -11.6661221642 6.12378540851
343 17315 -0.0494982964711 -32.7129534075 -11.6959100561 5.99616246121
344 17744 -0.0496337222428 -32.6790117598 -11.7240700883 6.04936962485
345 17642 -0.0497695400033 -32.6450620856 -11.6449628478 5.97138297578
346 17944 -0.0499042067926 -32.6114889683 -11.6693630168 6.09970668066
347 17486 -0.050040625807 -32.577568871 -11.6738024335 5.99874155531
348 17782 -0.0501759045996 -32.5440212466 -11.6741132182 6.01768811273
349 17786 -0.0503111695468 -32.5105652846 -11.7006962319 6.04496188615
350 17672 -0.0504468711307 -32.4770896343 -11.7277187016 6.06123578917
351 17572 -0.0505829580997 -32.443607397 -11.6863153491 6.02167972213
352 17710 -0.0507185138653 -32.410343602 -11.6264760052 6.09129073609
353 17457 -0.0508550458045 -32.3769284455 -11.6596845387 6.04791757781
354 17567 -0.0509911513788 -32.3437053789 -11.6589669763 6.04132995281
355 17626 -0.0511270302474 -32.3106246961 -11.6429592694 6.06023460675
356 17563 -0.0512631507165 -32.2775720613 -11.652337718 6.13109633987
357 17254 -0.0514004851005 -32.2443124343 -11.6657605771 5.99413733503
358 17735 -0.0515359461161 -32.2115925289 -11.7055442468 5.99214905974
359 17882 -0.0516708484954 -32.1790921429 -11.6997685517 6.11569823228
360 17404 -0.0518075915214 -32.1462341258 -11.7085341306 5.98609659751
361 17812 -0.0519427560232 -32.113839992 -11.6579395021 6.04690331342
362 17671 -0.0520784612635 -32.0814005313 -11.6463610873 6.04605234112
363 17635 -0.0522143038549 -32.0490124799 -11.6771325893 5.98274336881
364 17894 -0.0523491618639 -32.0169422285 -11.6452812783 6.03662860921
365 17737 -0.0524846139475 -31.9848136827 -11.6857134919 6.0380773021
366 17687 -0.0526202566587 -31.9527229432 -11.6531968336 5.99510368564
367 17855 -0.052755258376 -31.9208660311 -11.6398998184 5.95700735337
368 18068 -0.0528894646317 -31.8892777817 -11.6704287228 6.06434093554
369 17668 -0.0530251819517 -31.8574156449 -11.6515530821 5.93999273919
370 18088 -0.0531593132177 -31.8260063546 -11.6339294864 6.18317511901
371 17183 -0.0532969307739 -31.7938635351 -11.6415644443 5.89642054665
372 18134 -0.0534308916815 -31.762655079 -11.660767104 6.08339006191
373 17606 -0.0535668483156 -31.7310623697 -11.6487836241 6.01500437518
374 17748 -0.0537022592556 -31.6996769548 -11.6736349211 6.00956672229
375 17811 -0.0538374292772 -31.6684271915 -11.6136290422 6.02495446155
376 17763 -0.0539727807576 -31.6372150785 -11.627654831 5.95115543256
377 18067 -0.0541069904458 -31.6063446192 -11.6471931246 5.91712764248
378 18304 -0.0542403289576 -31.5757515238 -11.6217037072 5.96233166664
379 18171 -0.0543741534889 -31.5451237794 -11.6461181692 5.98942098226
380 18016 -0.0545085527053 -31.5144417229 -11.6614410347 5.93920772837
381 18192 -0.054642301462 -31.4839846943 -11.6384667061 6.00118398873
382 17971 -0.0547768691461 -31.4534179472 -11.6552625981 5.97187828358
383 18036 -0.0549111932711 -31.4229830323 -11.6626878569 6.075542986
384 17612 -0.0550471250962 -31.392261376 -11.6400947224 5.98917908372
385 17859 -0.0551821120416 -31.3618301622 -11.6542080843 6.06182416965
386 17621 -0.0553180085214 -31.3312710175 -11.6599380148 5.93799152381
387 18083 -0.0554521582204 -31.3011802786 -11.6213281725 5.98396606785
388 18015 -0.0555865605682 -31.2711079206 -11.6112148003 5.85949661908
389 18547 -0.055719021762 -31.2415431279 -11.6155089557 5.93285163469
390 18369 -0.0558521236604 -31.2119082965 -11.6543775039 5.98417105271
391 18093 -0.055986234951 -31.1821224321 -11.6446693322 6.0771663068
392 17621 -0.0561221335641 -31.1520148008 -11.6224850176 5.98104180015
393 17897 -0.0562569792142 -31.122214988 -11.6440868216 6.00342287081
394 17879 -0.05639189132 -31.0924745216 -11.6154326723 6.01593555048
395 17821 -0.0565270247596 -31.0627592252 -11.627462939 5.80875627862
396 18720 -0.0566588705293 -31.0338379583 -11.6614150967 5.90674577205
397 18534 -0.0567913781501 -31.0048419937 -11.6240763599 6.13374182085
398 17501 -0.0569277406814 -30.9750759862 -11.611053094 5.95276114234
399 17984 -0.0570622597361 -30.945785175 -11.5915004915 5.88865827913
400 18407 -0.0571952248677 -30.9169035128 -11.6307760279 5.97299111733
401 18153 -0.0573291168284 -30.8878913929 -11.6258594903 5.97486311596
402 18074 -0.0574632993265 -30.858887401 -11.6376092381 5.8956867849
403 18401 -0.0575962839275 -30.830212296 -11.5862888891 5.89108516241
404 18515 -0.0577288578822 -30.8016948117 -11.5931113915 5.88176964089
405 18590 -0.0578611661143 -30.7733030018 -11.5899231268 5.98186957233
406 18164 -0.0579950173989 -30.7446494725 -11.6565635331 5.91538962932
407 18339 -0.0581282270635 -30.7162023512 -11.6331156276 5.95693166135
408 18204 -0.0582619285565 -30.6877192251 -11.6446438551 5.88324258099
409 18495 -0.0583945772198 -30.6595284846 -11.6210743446 5.84856026218
410 18736 -0.0585263687098 -30.6315868455 -11.5697085547 5.92487781207
411 18457 -0.0586591536432 -30.6035018178 -11.5925145906 5.85818596228
412 18681 -0.058791139062 -30.5756525381 -11.6267668898 5.88993081296
413 18599 -0.058923413474 -30.547808708 -11.5881256463 5.88708952439
414 18589 -0.0590557235547 -30.5200236639 -11.6372746227 5.96877047506
415 18221 -0.0591893640784 -30.492026298 -11.6269508241 5.96569570957
416 18133 -0.0593233281631 -30.4640285595 -11.603485338 5.89194126669
417 18435 -0.0594561908721 -30.4363274315 -11.5988141445 5.96046312062
418 18215 -0.0595898519431 -30.408526367 -11.5870032045 5.89821571313
419 18430 -0.0597227313253 -30.3809537921 -11.5653972082 5.88546569588
420 18549 -0.0598551850474 -30.3535347054 -11.5838720661 5.90098395804
421 18512 -0.0599877697677 -30.3261534294 -11.6126793343 5.93479429466
422 18350 -0.0601209382127 -30.2987167655 -11.5785604871 5.85101855159
423 18683 -0.0602529163018 -30.2715895589 -11.5980238966 5.7702386832
424 19156 -0.0603832537866 -30.2448620844 -11.5885684504 5.88154276277
425 18769 -0.0605149302636 -30.2179229012 -11.580442561 5.99100841548
426 18172 -0.0606487517205 -30.1906094053 -11.5907029527 5.87055235634
427 18543 -0.0607812282722 -30.1636342528 -11.550339464 5.91476628983
428 18449 -0.0609140418139 -30.1366540236 -11.6210616672 5.93704497797
429 18323 -0.0610473101503 -30.1096451345 -11.5788758491 5.92275371289
430 18351 -0.0611804754488 -30.0827206705 -11.6029660208 5.86201887144
431 18633 -0.0613126303503 -30.0560630777 -11.6112516215 5.88458439257
432 18610 -0.0614448660331 -30.029451375 -11.5754678089 5.81623328258
433 18919 -0.0615760196736 -30.0031186602 -11.5888229499 5.82833254234
434 18950 -0.0617070644576 -29.9768684993 -11.5823018849 5.907975462
435 18592 -0.0618393666173 -29.9504278076 -11.6063600362 5.80737729043
436 18955 -0.0619703950606 -29.9243022083 -11.5903054348 5.94754239196
437 18414 -0.0621033320064 -29.8978574343 -11.6020849656 5.88471472858
438 18548 -0.062235789794 -29.8715692378 -11.5982039429 5.78180383971
439 19062 -0.0623664488503 -29.8456977319 -11.6117515 5.81068772145
440 19073 -0.0624970700044 -29.8198928028 -11.5902663694 5.92716142858
441 18538 -0.0626295634928 -29.7937781197 -11.6083799063 5.84989916962
442 18742 -0.0627613334081 -29.7678659201 -11.5576412367 5.87468293204
443 18686 -0.0628933009673 -29.7419744883 -11.5645497336 5.84624135854
444 18801 -0.063024864137 -29.7162216003 -11.5439948913 5.8347439144
445 18887 -0.0631561279448 -29.6905860247 -11.5881935971 5.8954881302
446 18631 -0.0632882895484 -29.6648341621 -11.599577744 5.70806160146
447 19440 -0.0634176735543 -29.6396807237 -11.57594972 5.99016023344
448 18352 -0.0635508376463 -29.6138513062 -11.5639995701 5.86097564014
449 18638 -0.0636829746642 -29.5882799725 -11.5511846996 5.83913393061
450 18820 -0.0638144706171 -29.5628907142 -11.5555451659 5.85070860901
451 18818 -0.0639459738593 -29.5375577345 -11.5573945785 5.91467401778
452 18525 -0.0640785131285 -29.5120833489 -11.591664784 5.8889349601
453 18560 -0.0642109271471 -29.486691163 -11.573149525 5.79923569719
454 18984 -0.0643418559822 -29.4616407154 -11.5347830539 5.91985709551
455 18547 -0.0644743172572 -29.4363544868 -11.5446285998 5.70462204712
456 19431 -0.0646037295948 -29.4117058757 -11.5329057812 5.82650841343
457 19101 -0.0647342565025 -29.3869004481 -11.5651806361 5.84845243351
458 18907 -0.0648654506902 -29.3620241623 -11.596354993 5.77321125508
459 19207 -0.0649956160671 -29.3373982083 -11.4928215604 5.88254058267
460 18778 -0.065127260057 -29.3125483099 -11.6001455674 5.79172054085
461 19082 -0.0652578509642 -29.2879524535 -11.5318196688 5.77788765942
462 19235 -0.0653879226421 -29.2635089166 -11.5570305397 5.72549178517
463 19532 -0.0655170011704 -29.2393056373 -11.5371689596 5.82413105092
464 19139 -0.0656473955783 -29.2149096789 -11.5179692653 5.82639459013
465 19021 -0.0657781967788 -29.1904920224 -11.5255983673 5.7602008701
466 19302 -0.065908041279 -29.1663066836 -11.5098749784 5.81886733353
467 19101 -0.0660385658784 -29.1420484387 -11.5384408864 5.79346407584
468 19166 -0.066168871124 -29.1178845631 -11.5312951432 5.80381154265
469 19135 -0.0662992814495 -29.0937546489 -11.563231207 5.74953164356
470 19386 -0.0664288439097 -29.0698343935 -11.5523378425 5.791660071
471 19254 -0.0665588496066 -29.0458850112 -11.5439705277 5.8795457091
472 18804 -0.0666904005478 -29.0217045334 -11.5361399719 5.77756446109
473 19157 -0.0668207370455 -28.9978002502 -11.5287240105 5.84695558857
474 18929 -0.0669518534309 -28.973805955 -11.5130401462 5.75515333082
475 19300 -0.0670817054712 -28.95009528 -11.556142767 5.9355627084
476 18560 -0.0672141184576 -28.9259703493 -11.6020146376 5.75001575815
477 19216 -0.0673442516029 -28.902313128 -11.6071583284 5.73328269161
478 19488 -0.0674734741294 -28.8788726222 -11.5554073137 5.74741250768
479 19496 -0.0676026691948 -28.855487911 -11.5407774162 5.87905507285
480 18872 -0.0677339849499 -28.8317712477 -11.5369896306 5.73909204411
481 19361 -0.0678636328973 -28.808406969 -11.5221278098 5.71139316628
482 19637 -0.0679923644778 -28.785257972 -11.532032664 5.78687589945
483 19346 -0.0681220595964 -28.7619860725 -11.5501828047 5.74897795722
484 19449 -0.068251412882 -28.7388257032 -11.4826299291 5.80577971814
485 19204 -0.0683815878714 -28.7155686549 -11.5187230519 5.71936221941
486 19553 -0.0685105967735 -28.6925697085 -11.5458902285 5.71078269364
487 19695 -0.0686391393242 -28.6697030216 -11.4958125749 5.84790574015
488 19071 -0.0687697677912 -28.6465153405 -11.4976466902 5.74761210328
489 19377 -0.0688993606072 -28.6235612168 -11.5381828189 5.72868850392
490 19557 -0.0690283567526 -28.6007618043 -11.4815490012 5.81665080278
491 19182 -0.0691586070633 -28.5777901963 -11.522754231 5.76952097903
492 19303 -0.0692884477858 -28.5549401467 -11.476660314 5.73081462018
493 19525 -0.0694175479802 -28.5322690885 -11.5023356782 5.79480167515
494 19278 -0.0695474747452 -28.5095017212 -11.4942239695 5.76961967509
495 19330 -0.0696772258929 -28.4868138743 -11.4711049987 5.77087954359
496 19338 -0.0698069483076 -28.4641795961 -11.5031150936 5.88181128656
497 18817 -0.0699384565092 -28.4412831197 -11.5303157962 5.67597286019
498 19652 -0.0700671379153 -28.4189267927 -11.489170539 5.79238167148
499 19324 -0.0701969082433 -28.3964292002 -11.4973665747 5.6646638789
500 19859 -0.0703249192303 -28.374283614 -11.4899648229 5.78826608693
501 19400 -0.0704544342289 -28.3519251937 -11.5216206684 5.73488264252
502 19533 -0.0705835089332 -28.3296900257 -11.5279743387 5.70212465542
503 19732 -0.0707119300573 -28.3076141078 -11.542578377 5.67157408634
504 19942 -0.0708396740922 -28.2857006157 -11.512471215 5.71734302274
505 19771 -0.0709679676738 -28.2637389187 -11.5307055526 5.67533610183
506 19934 -0.0710957369448 -28.2419127162 -11.5266546097 5.67293835665
507 19992 -0.0712233198768 -28.2201637537 -11.5001161463 5.72663834822
508 19739 -0.071351718847 -28.1983213537 -11.5031813336 5.71796236903
509 19712 -0.0714802064011 -28.176509609 -11.4995430051 5.67642030628
510 19912 -0.0716080470674 -28.1548529352 -11.4713761584 5.81402806739
511 19290 -0.071737930669 -28.1328962694 -11.4953861448 5.62985954619
512 20024 -0.0718654111053 -28.1113908907 -11.5159848996 5.82368151165
513 19274 -0.071995350241 -28.0895165128 -11.4957992493 5.67596508283
514 19788 -0.0721235911532 -28.0679731889 -11.4991842708 5.71227450512
515 19754 -0.072251942094 -28.046456174 -11.5319514682 5.6888512744
516 19861 -0.0723799453479 -28.0250419406 -11.4751600497 5.72916924335
517 19690 -0.0725085031769 -28.0035795176 -11.4844276 5.71686118649
518 19703 -0.072637017759 -27.9821688405 -11.4881400103 5.77805949421
519 19407 -0.0727665097635 -27.9606402144 -11.4756974785 5.67339336239
520 19839 -0.0728945838729 -27.9393915085 -11.494465219 5.68212084167
521 19919 -0.0730224010391 -27.9182291125 -11.4978193637 5.68342456737
522 19935 -0.0731501669962 -27.8971186745 -11.466868076 5.75580493786
523 19579 -0.0732790886501 -27.875861213 -11.5093252437 5.62330828024
524 20143 -0.0734061930304 -27.8549464645 -11.4945640258 5.67224368653
525 20054 -0.0735335781352 -27.8340282993 -11.4565263452 5.76845221617
526 19550 -0.073662597651 -27.8128852644 -11.4894888438 5.68776704802
527 19809 -0.0737907709098 -27.7919241468 -11.5043787048 5.68823080472
528 19880 -0.0739187140694 -27.771043509 -11.4626988279 5.6587384617
529 20049 -0.0740461161353 -27.7502935922 -11.5201588696 5.7053946259
530 19861 -0.0741741207214 -27.7294880399 -11.4879490922 5.69607355275
531 19855 -0.0743021435252 -27.7087220056 -11.4756919729 5.64963211548
532 20088 -0.0744294209865 -27.6881188565 -11.513735031 5.76291937042
533 19586 -0.074558320777 -27.6672956319 -11.4619222859 5.57874972164
534 20375 -0.0746846983543 -27.6469212985 -11.4979484699 5.65077666127
535 20229 -0.074811532663 -27.6265144613 -11.4858165861 5.73938380688
536 19740 -0.0749399272149 -27.6058984338 -11.4458510302 5.70689070575
537 19767 -0.0750682348712 -27.5853382904 -11.4597206061 5.59050316124
538 20368 -0.0751946363768 -27.565124457 -11.4743652566 5.68926425837
539 20030 -0.0753220989732 -27.5447818881 -11.4475766822 5.71627136633
540 19801 -0.0754502963545 -27.5243634073 -11.4324756912 5.71563735368
541 19741 -0.0755786898376 -27.5039551407 -11.4207247984 5.6811975173
542 19896 -0.0757065812246 -27.4836677978 -11.4579387868 5.69330767032
543 19879 -0.0758345276893 -27.4634126574 -11.4578860505 5.55735013843
544 20575 -0.0759602916145 -27.4435428236 -11.4475382722 5.65532499094
545 20261 -0.0760870265695 -27.4235593627 -11.4244593885 5.65201303139
546 20191 -0.0762139805515 -27.4035812951 -11.4454268789 5.57029423909
547 20598 -0.0763396750958 -27.3838406751 -11.4419079984 5.69247453697
548 20076 -0.0764669908907 -27.3638851381 -11.4765159457 5.69336356336
549 19929 -0.0765947769204 -27.3438959598 -11.4327609831 5.59104624283
550 20412 -0.076721040484 -27.3241842441 -11.4645241009 5.69604711205
551 20008 -0.0768485744605 -27.304313746 -11.4900863672 5.54748273265
552 20665 -0.076974062874 -27.2848006413 -11.471405248 5.66014186534
553 20260 -0.0771007987218 -27.2651323962 -11.4456545201 5.60604933693
554 20429 -0.0772270105326 -27.2455841479 -11.4685080847 5.6681698074
555 20154 -0.0773540790908 -27.225942075 -11.4680778147 5.68513717939
556 19992 -0.0774816628915 -27.2062594844 -11.4602096985 5.63737742235
557 20190 -0.0776086188691 -27.1867125547 -11.4060254314 5.57508067372
558 20572 -0.0777343916736 -27.1673858541 -11.4463409503 5.57637488443
559 20674 -0.0778598528953 -27.1481446659 -11.4687328215 5.59442772375
560 20607 -0.0779855187379 -27.1289096679 -11.4861575982 5.63451860708
561 20378 -0.0781118899095 -27.1096045202 -11.4281913132 5.5622362554
562 20694 -0.0782372902615 -27.0904850546 -11.4622451703 5.6380118567
563 20383 -0.0783636436588 -27.0712578292 -11.4434658918 5.61500533705
564 20417 -0.078489892724 -27.052084017 -11.4738824388 5.597040175
565 20521 -0.0786158218125 -27.032996073 -11.4613949975 5.5780591708
566 20651 -0.0787413541168 -27.0140052165 -11.438286461 5.61304947395
567 20502 -0.0788673406099 -26.9949826303 -11.4436194913 5.60288761637
568 20514 -0.0789932906707 -26.9760024721 -11.460521298 5.66365758102
569 20201 -0.0791202127914 -26.9569130727 -11.4199326565 5.54020777219
570 20761 -0.0792454121339 -26.9381193093 -11.451889044 5.54650999377
571 20888 -0.079370229452 -26.9194189006 -11.4517222407 5.57205579678
572 20786 -0.0794953527166 -26.9007086391 -11.4417670047 5.66804418936
573 20252 -0.0796221136113 -26.881790131 -11.4554659253 5.71404080668
574 19873 -0.0797500782404 -26.8627292659 -11.3700376019 5.61415588299
575 20276 -0.0798767659102 -26.8438954166 -11.4294963988 5.61286655137
576 20398 -0.0800030738854 -26.825154369 -11.4232164908 5.47172152636
577 21192 -0.080126993577 -26.8068028633 -11.4591437817 5.58491462805
578 20801 -0.080252072446 -26.7883149273 -11.4719356548 5.53741221321
579 20949 -0.0803767088742 -26.7699275018 -11.4444150244 5.5972502943
580 20668 -0.0805021883728 -26.7514510083 -11.4250638376 5.49989843543
581 21116 -0.0806263311672 -26.7332061079 -11.4512641969 5.58920479263
582 20757 -0.0807515419479 -26.71483918 -11.4201944212 5.4986385575
583 21148 -0.0808755887629 -26.6966774898 -11.4458171294 5.63957276698
584 20498 -0.0810015874116 -26.6782650855 -11.4174550356 5.51869381923
585 20964 -0.0811261798463 -26.660092816 -11.4325063204 5.58343283705
586 20746 -0.0812514234502 -26.6418601931 -11.4297248352 5.51963438749
587 21030 -0.0813758190029 -26.623785293 -11.4134543637 5.62637521018
588 20536 -0.0815017018773 -26.6055289505 -11.4428456512 5.46245999649
589 21284 -0.0816253524894 -26.5876302038 -11.4226898568 5.6806747302
590 20319 -0.0817519041387 -26.5693461744 -11.409052343 5.49915804172
591 21018 -0.0818763362437 -26.5514024561 -11.4080793029 5.69231861872
592 20189 -0.0820032951288 -26.5331290978 -11.4253985132 5.52521966983
593 20838 -0.0821282627628 -26.5151765104 -11.4034267165 5.54469928452
594 20920 -0.0822529858017 -26.4972927658 -11.3905368293 5.50299992113
595 21171 -0.082376965895 -26.4795488309 -11.4006671786 5.54762568481
596 20997 -0.0825014592025 -26.4617647413 -11.4150961434 5.46692024895
597 21394 -0.0826247917628 -26.4441792769 -11.4375467555 5.56078123778
598 20987 -0.0827493158451 -26.4264569601 -11.4282904949 5.46832452424
599 21383 -0.0828726794335 -26.4089324544 -11.4078124842 5.64009260709
600 20558 -0.0829984945697 -26.3910930727 -11.3988432929 5.62504991136
601 20413 -0.0831247546944 -26.3732243911 -11.3757130516 5.44021327864
602 21372 -0.0832481519913 -26.3557934878 -11.3922979502 5.54734501983
603 21054 -0.083372476682 -26.338264107 -11.389868365 5.61008116826
604 20629 -0.0834980762342 -26.3205880354 -11.414576916 5.50137399671
605 21096 -0.08362227617 -26.3031415241 -11.4023421604 5.58638460534
606 20767 -0.0837474578779 -26.285589803 -11.418847917 5.52346201187
607 21015 -0.0838718975237 -26.2681745767 -11.3966195065 5.56421094939
608 20864 -0.0839967879131 -26.2507287109 -11.3944442849 5.47206439202
609 21327 -0.0841203148667 -26.2335051867 -11.3936462067 5.46449942262
610 21502 -0.0842433368077 -26.2163835075 -11.3589806761 5.5700519167
611 20965 -0.0843679236847 -26.1990759087 -11.3916530977 5.46888103183
612 21374 -0.0844913146091 -26.1819659895 -11.3856062459 5.51109555353
613 21254 -0.0846150516698 -26.1648395074 -11.3847873955 5.50257490027
614 21268 -0.0847387486498 -26.1477499516 -11.3943118592 5.60033979657
615 20739 -0.0848640146608 -26.1304755113 -11.3748855434 5.4086918878
616 21648 -0.0849866226506 -26.113598609 -11.380378047 5.54981212197
617 21116 -0.0851107656556 -26.0965415671 -11.3724885982 5.47900416266
618 21360 -0.0852341949322 -26.0796135858 -11.4162916402 5.53763239048
619 21104 -0.0853583723393 -26.0626141054 -11.3952684404 5.47219360191
620 21395 -0.0854817014247 -26.0457615553 -11.3851289777 5.51425146437
621 21243 -0.0856054724972 -26.0288793847 -11.3760794788 5.53938248944
622 21062 -0.0857297735027 -26.011955879 -11.3766584778 5.52475307277
623 21092 -0.0858539870104 -25.9950751839 -11.3889684213 5.6133876953
624 20621 -0.0859796085569 -25.9780344659 -11.4107755657 5.46898592403
625 21273 -0.0861032917469 -25.961287388 -11.3720885914 5.50657956642
626 21251 -0.0862270379477 -25.9445621817 -11.4118905593 5.35734894699
627 22098 -0.0863483896563 -25.9281900653 -11.3671209852 5.60548300768
628 20931 -0.0864730803248 -25.9113977787 -11.4025664514 5.48944856834
629 21249 -0.0865968321439 -25.894762218 -11.3821039744 5.49714799428
630 21297 -0.0867204454797 -25.8781753183 -11.4025927458 5.42521826114
631 21717 -0.0868428568206 -25.8617792211 -11.3992015331 5.51550584979
632 21324 -0.086966390499 -25.8452624924 -11.3585949687 5.45169050378
633 21574 -0.0870892078106 -25.8288710404 -11.3852984289 5.51083414726
634 21311 -0.0872127796862 -25.8124084878 -11.3850863956 5.42757519646
635 21708 -0.0873352177272 -25.7961261996 -11.4337942822 5.31030416751
636 22515 -0.0874554412382 -25.7801666285 -11.3786966783 5.50920618927
637 21574 -0.0875782584932 -25.7638915398 -11.3662896374 5.46815826234
638 21551 -0.0877011404703 -25.7476369296 -11.3556075777 5.45950470692
639 21594 -0.0878239009502 -25.7314273354 -11.3912920726 5.47803577982
640 21501 -0.0879469266344 -25.7152116719 -11.3949972454 5.46730432909
641 21536 -0.0880698532966 -25.6990379304 -11.3770044999 5.40809507756
642 21885 -0.0881917947015 -25.6830222604 -11.3745960887 5.50737518702
643 21416 -0.088315064765 -25.6668608005 -11.3781423058 5.45510282508
644 21581 -0.0884378626586 -25.6507898758 -11.3533588275 5.48355340891
645 21466 -0.0885609879207 -25.6347047237 -11.3596333636 5.45251885889
646 21610 -0.0886837037097 -25.6187015035 -11.3720964937 5.44908710028
647 21670 -0.0888062486471 -25.6027488223 -11.3858062475 5.43991111659
648 21739 -0.088928597513 -25.5868497643 -11.3455834224 5.41140665448
649 21924 -0.0890504309276 -25.5710455163 -11.3640809189 5.37936279976
650 22164 -0.0891716010763 -25.5553547799 -11.3654412012 5.46152866558
651 21752 -0.0892939138098 -25.5395438022 -11.3373810481 5.47057002955
652 21587 -0.089416693393 -25.5237004104 -11.3693382811 5.412308427
653 21875 -0.0895386621164 -25.5079892915 -11.3610778735 5.43828461678
654 21806 -0.0896608230863 -25.4922809521 -11.3450924987 5.49611365045
655 21457 -0.0897839730591 -25.4764732693 -11.3484437283 5.39484213381
656 21939 -0.0899057636952 -25.4608674836 -11.3525027383 5.34385420878
657 22380 -0.0900263481158 -25.4454430449 -11.3817067469 5.52711730563
658 21437 -0.0901495565781 -25.4297104152 -11.3431668347 5.44263085336
659 21658 -0.090272135893 -25.4140855964 -11.3361106784 5.38076492294
660 22080 -0.0903935381319 -25.3986377579 -11.3636476579 5.38616384596
661 22168 -0.0905146971709 -25.3832475295 -11.3812017199 5.5039825489
662 21511 -0.0906376931447 -25.367651142 -11.3355166624 5.40393009698
663 21902 -0.0907595872687 -25.3522214207 -11.3409468725 5.49864814034
664 21469 -0.0908827029608 -25.3366642311 -11.3511322067 5.36080118164
665 22142 -0.0910039336258 -25.321371844 -11.3711971173 5.40506768446
666 22074 -0.0911253505084 -25.306082362 -11.3590527796 5.47188476713
667 21668 -0.0912478999446 -25.2906769816 -11.3400927437 5.42167576794
668 21844 -0.0913699556056 -25.2753602865 -11.3439102304 5.35664868311
669 22276 -0.0914908211398 -25.2602190472 -11.3499395699 5.42534167609
670 21993 -0.091612463239 -25.24500669 -11.3484564237 5.42360967346
671 21924 -0.0917342949803 -25.2297968611 -11.3147618801 5.43795237703
672 21822 -0.0918564122885 -25.2145776729 -11.365309734 5.32825652679
673 22440 -0.0919768361053 -25.1995952538 -11.3631046255 5.39916180233
674 22192 -0.0920979307446 -25.1845550584 -11.3248969493 5.37268718826
675 22280 -0.0922187857967 -25.1695702353 -11.3639760112 5.37538158671
676 22289 -0.0923396171944 -25.1546138642 -11.3492819497 5.48635139889
677 21644 -0.0924622356791 -25.13946231 -11.3402796417 5.37093929887
678 22134 -0.0925834902059 -25.1245050076 -11.3027840791 5.32688780153
679 22539 -0.0927036493828 -25.1097079819 -11.3323666183 5.37834144868
680 22343 -0.0928243331013 -25.09487151 -11.3231739254 5.45237089427
681 21854 -0.0929463612348 -25.0798953227 -11.3149716442 5.30848035907
682 22569 -0.093066440238 -25.0651833772 -11.3192501433 5.40730477394
683 22179 -0.0931875697474 -25.0503678184 -11.3017187152 5.35934153287
684 22356 -0.0933082190166 -25.0356359903 -11.2806239557 5.45901388402
685 21819 -0.0934303446872 -25.0207492262 -11.309023246 5.3207011778
686 22485 -0.0935506487213 -25.0061093789 -11.3166080102 5.41441761622
687 22114 -0.0936719561349 -24.9913723561 -11.3099809044 5.4514646295
688 21796 -0.0937941446131 -24.976553538 -11.3272472636 5.32571128646
689 22448 -0.0939145477278 -24.9619759648 -11.3249102013 5.40216766469
690 22176 -0.0940356849344 -24.947334214 -11.363533573 5.37263238083
691 22276 -0.0941565513639 -24.9327498248 -11.3426552363 5.31014166281
692 22682 -0.094276331139 -24.9183207728 -11.3180747433 5.39621968418
693 22276 -0.0943971973591 -24.9037852199 -11.3145660455 5.3159974743
694 22646 -0.0945170717993 -24.8893930668 -11.3135635802 5.42698296797
695 22084 -0.0946384620595 -24.8748433497 -11.3171128615 5.31985055018
696 22567 -0.0947585459904 -24.860474333 -11.282674516 5.37554371002
697 22368 -0.0948791635442 -24.8460655603 -11.2960586895 5.28977707981
698 22834 -0.0949985442438 -24.8318282624 -11.3249586575 5.40909667716
699 22241 -0.0951195065105 -24.8174263603 -11.3153796506 5.36938491481
700 22314 -0.0952402707039 -24.8030720944 -11.3508770432 5.31128367252
701 22686 -0.0953600400325 -24.7888597604 -11.3444952941 5.34385407218
702 22592 -0.0954800567448 -24.7746416693 -11.2999699446 5.45521385331
703 21905 -0.0956019435864 -24.7602261482 -11.314989268 5.43251792441
704 21848 -0.0957239878733 -24.7458163004 -11.2905004264 5.28635046634
705 22702 -0.0958437138289 -24.7317037438 -11.303611359 5.30642647042
706 22827 -0.0959631136341 -24.7176528193 -11.302924844 5.27023306786
707 23088 -0.0960818361699 -24.7037045002 -11.2936515961 5.40078149328
708 22359 -0.0962024791268 -24.689553898 -11.2928756409 5.31548812049
709 22673 -0.0963222822865 -24.6755250259 -11.373478142 5.35950959518
710 22494 -0.0964425617253 -24.6614636109 -11.2640081595 5.37329881502
711 22361 -0.096563197654 -24.6473838428 -11.3341859026 5.3293282682
712 22589 -0.0966832230387 -24.633398458 -11.280318045 5.34091708529
713 22583 -0.0968032643957 -24.6194342281 -11.3154905088 5.36569544845
714 22432 -0.0969237107963 -24.6054459591 -11.3228719112 5.2313426654
715 23218 -0.0970420984991 -24.5917192559 -11.3109374896 5.39058819928
716 22455 -0.0971624832202 -24.5777837987 -11.3075730993 5.37548523683
717 22337 -0.0972831838089 -24.5638347982 -11.3051603759 5.31228417936
718 22686 -0.0974029518505 -24.5500162997 -11.3213365658 5.26010576621
719 23111 -0.0975216146872 -24.5363475936 -11.2763099093 5.35791402002
720 22624 -0.0976415480574 -24.5225550136 -11.3038882422 5.30757459779
721 22797 -0.0977610243219 -24.5088374176 -11.2676221835 5.34801193889
722 22598 -0.0978810262822 -24.4950819319 -11.3235103539 5.26131018469
723 23078 -0.097999774002 -24.4814923297 -11.2846231485 5.35221052772
724 22650 -0.0981196389817 -24.4677971233 -11.2817824894 5.27198944284
725 23026 -0.0982385206436 -24.4542363005 -11.2856571398 5.46476736834
726 21964 -0.098360242844 -24.4403741402 -11.2984101794 5.14333592221
727 23642 -0.0984775662181 -24.4270346046 -11.2621951967 5.30577013007
728 23091 -0.0985962803512 -24.4135585421 -11.3123100664 5.34218658394
729 22715 -0.0987159738971 -24.3999932464 -11.3065028112 5.31367051296
730 22785 -0.0988354811888 -24.3864709937 -11.3059092537 5.30308582343
731 22871 -0.0989547657058 -24.3729957527 -11.2952927162 5.31904609692
732 22796 -0.0990742450905 -24.3595202849 -11.287845495 5.24041116156
733 23267 -0.0991925083118 -24.3462034049 -11.290180587 5.16530525132
734 23892 -0.0993092160871 -24.3330825206 -11.2768418818 5.2937392646
735 23234 -0.0994275629326 -24.319798462 -11.295581749 5.28028293913
736 23139 -0.0995461530109 -24.3065083634 -11.2818925955 5.29378406121
737 23028 -0.0996650294914 -24.2932074802 -11.2618696253 5.3782133996
738 22478 -0.0997853510103 -24.279766592 -11.2787615241 5.27514786081
739 22957 -0.0999044122473 -24.2664879049 -11.2789906179 5.28324509726
740 23043 -0.100023250082 -24.253255329 -11.2803281208 5.31777164695
741 22852 -0.100142583634 -24.2399888142 -11.255498878 5.24767355818
742 23237 -0.10026092313 -24.2268537997 -11.3142055765 5.22646550659
743 23483 -0.10037864105 -24.2138084663 -11.2944092837 5.2682659511
744 23285 -0.100496860222 -24.2007283047 -11.2864507322 5.3019509996
745 23017 -0.100615764176 -24.1875932731 -11.278379934 5.2781567283
746 23092 -0.100734476153 -24.174500307 -11.2569322901 5.32289273268
747 22834 -0.100853857073 -24.1613545317 -11.2712047306 5.2779537961
748 23041 -0.100972699283 -24.1482889155 -11.2928058919 5.26383607561
749 23189 -0.10109116236 -24.1352856261 -11.2762635128 5.21516323118
750 23543 -0.101208731939 -24.1224007456 -11.2756988284 5.35519381271
751 22757 -0.101328314242 -24.1093160144 -11.2576717954 5.26365580429
752 23109 -0.10144698197 -24.0963519773 -11.273374167 5.27389442286
753 23145 -0.10156555852 -24.083418372 -11.2523383222 5.2884582733
754 23063 -0.101684344588 -24.0704823847 -11.2555900532 5.2209028201
755 23469 -0.101802097687 -24.0576790657 -11.2563867015 5.29539110306
756 23109 -0.101920765221 -24.0447965967 -11.257633342 5.18514658967
757 23715 -0.102037907074 -24.032099674 -11.2682153738 5.15666954559
758 24079 -0.102154160107 -24.0195186114 -11.2480537397 5.37245329459
759 22791 -0.102273651955 -24.006607262 -11.2946411917 5.23481289157
760 23302 -0.102391828355 -23.9938581667 -11.2848220033 5.16704223782
761 23890 -0.102508539263 -23.9812867622 -11.2481588665 5.2655190315
762 23414 -0.102626431272 -23.9686078574 -11.2578532384 5.19431862551
763 23743 -0.102743503677 -23.9560366684 -11.2667884023 5.25306529468
764 23454 -0.102861295645 -23.9434078509 -11.2143951131 5.29655722716
765 23098 -0.102979992601 -23.9307018877 -11.2582091418 5.17355319988
766 23788 -0.103096954968 -23.9182010823 -11.2758750345 5.30227165126
767 23152 -0.1032155113 -23.9055496027 -11.2406594643 5.0963196336
768 24320 -0.10333118622 -23.8932246681 -11.2359660896 5.28608717927
769 23398 -0.103449119743 -23.8806784222 -11.2391263915 5.17169681559
770 23887 -0.103565837759 -23.8682806689 -11.2677446093 5.18281922436
771 23953 -0.1036823949 -23.8559190048 -11.2469578989 5.19679865413
772 23879 -0.103799132852 -23.8435571546 -11.2707338016 5.26029747341
773 23445 -0.103916947996 -23.8311004621 -11.2504657629 5.20218306345
774 23700 -0.104034125646 -23.8187302875 -11.2443143671 5.14513165478
775 24152 -0.104150202564 -23.8064950688 -11.2584644132 5.2535178959
776 23563 -0.104267722336 -23.7941267375 -11.2641223664 5.2089843042
777 23690 -0.104384927004 -23.7818105408 -11.2190011162 5.16862878152
778 23992 -0.10450139072 -23.7695909307 -11.2617734625 5.31240964887
779 23143 -0.10461997103 -23.7571683787 -11.2527504548 5.18351495978
780 23736 -0.104737062022 -23.7449207525 -11.2789493074 5.18338812203
781 23907 -0.104853732435 -23.7327357602 -11.2614461804 5.23478270391
782 23617 -0.104971115907 -23.7204950345 -11.233300788 5.31998858354
783 22995 -0.105090077326 -23.7081088941 -11.1931258867 5.24119550137
784 23320 -0.105208207754 -23.695828293 -11.203356074 5.20356085658
785 23656 -0.105325496215 -23.6836539282 -11.2348762312 5.21562852444
786 23672 -0.105442743369 -23.6715024402 -11.224194397 5.12422148368
787 24285 -0.105558501706 -23.6595234468 -11.2279159812 5.12059937801
788 24486 -0.105673783348 -23.6476117099 -11.2251405461 5.19431887412
789 24043 -0.105790123065 -23.6356087426 -11.2155015092 5.21099967651
790 23811 -0.105907029281 -23.6235656022 -11.244536671 5.05782389014
791 24783 -0.106021618005 -23.6117789373 -11.2518289811 5.18010716447
792 24219 -0.106137533439 -23.5998736345 -11.2126832935 5.18844470371
793 24009 -0.106253956125 -23.5879342433 -11.179287559 5.26700045886
794 23437 -0.106371790771 -23.5758683914 -11.2314647835 5.10538887157
795 24344 -0.106487409291 -23.5640473562 -11.2594520677 5.24439137685
796 23674 -0.106604652745 -23.5520782442 -11.2372374034 5.15143826831
797 24102 -0.106720849678 -23.5402338731 -11.2589827077 5.15722731992
798 24185 -0.106836846604 -23.5284276283 -11.2356351527 5.26001442669
799 23530 -0.106954449156 -23.5164760162 -11.2084704635 5.089164523
800 24483 -0.107069739947 -23.5047769496 -11.2308354531 5.29150503372
801 23406 -0.107187652758 -23.4928298081 -11.2106232619 5.13253577668
802 24151 -0.107303732037 -23.4810861783 -11.211903909 5.13281188237
803 24365 -0.10741930115 -23.4694116039 -11.2630829082 5.14136688492
804 24367 -0.107534865118 -23.4577549149 -11.2329799608 5.07399929955
805 24833 -0.107649338689 -23.4462252955 -11.2183508376 5.19251067772
806 24149 -0.107765422231 -23.4345508481 -11.1946770775 5.1577949791
807 24195 -0.10788139657 -23.4229047686 -11.2201245323 5.12756862439
808 24413 -0.107996851272 -23.4113280944 -11.2007067055 5.1133676157
809 24573 -0.108111930688 -23.399806115 -11.1879377355 5.20542921462
810 23993 -0.108228392663 -23.3881630193 -11.2377871551 5.13731602254
811 24289 -0.108344141727 -23.3766084112 -11.1854616951 5.15060514662
812 24283 -0.108459905767 -23.3650694375 -11.2178494773 5.1915230775
813 24006 -0.1085763353 -23.3534813709 -11.2128410595 5.21064964209
814 23803 -0.108693261021 -23.3418612841 -11.2069499304 5.0420832604
815 24892 -0.108807600798 -23.330514981 -11.2061433793 5.17459112021
816 24286 -0.108923356539 -23.3190450459 -11.1980778164 5.22055055857
817 23814 -0.109040253323 -23.3074792455 -11.2184808652 5.16816242888
818 24030 -0.109156623713 -23.2959826558 -11.2093872804 5.18083351819
819 24007 -0.109273051097 -23.284497502 -11.1954849217 5.12426865834
820 24382 -0.109388579701 -23.2731178473 -11.2221534156 5.16340259365
821 24222 -0.109504488584 -23.2617175545 -11.2130121661 5.14690051124
822 24289 -0.109620237651 -23.2503497573 -11.1822023381 5.16326123855
823 24197 -0.109736206289 -23.2389771733 -11.2153926691 5.16743382755
824 24143 -0.109852304106 -23.2276087072 -11.2134686696 5.13447165354
825 24351 -0.10996790545 -23.2163055088 -11.1762583167 5.13641662825
826 24397 -0.110083398718 -23.2050294363 -11.21266406 5.03191591565
827 25140 -0.110197172013 -23.1939374405 -11.2011346842 5.13499510661
828 24625 -0.110312128907 -23.1827462981 -11.2127778628 5.13482055112
829 24484 -0.110427415289 -23.1715394446 -11.1882761695 5.16023394598
830 24272 -0.110543205311 -23.1603000944 -11.2055927594 5.08195726602
831 24750 -0.110657870967 -23.1491861063 -11.2047990006 5.1806979751
832 24206 -0.110773817394 -23.137964361 -11.1840317187 5.07925477635
833 24750 -0.110888483654 -23.1268826823 -11.2028299064 5.06033532866
834 25040 -0.111002484298 -23.1158812352 -11.1924383422 5.16946005832
835 24361 -0.111118062076 -23.1047437445 -11.2071786514 5.14360421271
836 24351 -0.111233664876 -23.0936200802 -11.1847436346 5.0838872419
837 24760 -0.111348308954 -23.0826046716 -11.1923937233 5.16467078122
838 24318 -0.111463989783 -23.0715057693 -11.202218945 5.02321340078
839 25179 -0.111577675023 -23.0606140765 -11.1706669501 5.13458055472
840 24638 -0.111692600465 -23.049619396 -11.1591874395 5.03561946422
841 25184 -0.111806274646 -23.0387600468 -11.2078556522 5.1648356763
842 24431 -0.111921686025 -23.0277506074 -11.1737055201 5.04894810261
843 25029 -0.112035712091 -23.0168889838 -11.1517279899 5.14069254423
844 24555 -0.112150831846 -23.0059389442 -11.1989739608 5.13913359301
845 24435 -0.112266233927 -22.9949779149 -11.1928738289 5.08773699641
846 24757 -0.112380884401 -22.9841039711 -11.2261234273 5.16198646993
847 24335 -0.112496523786 -22.9731520507 -11.1795624807 5.06462407931
848 24890 -0.112610867124 -22.9623384613 -11.1586806639 5.13461394583
849 24559 -0.112725977884 -22.9514679177 -11.1912348631 5.22998322477
850 23826 -0.112842846008 -22.9404474182 -11.1861301603 4.97037037606
851 25411 -0.112956010625 -22.9297914873 -11.1564308261 5.10398762141
852 24915 -0.113070295456 -22.9190453531 -11.1970741939 5.04592033666
853 25190 -0.113183956283 -22.9083730918 -11.1826012761 5.17096130876
854 24391 -0.113299462887 -22.8975430161 -11.1805633113 5.03219376674
855 25136 -0.113413244662 -22.8868899046 -11.1900078563 5.0409475009
856 25288 -0.113526683723 -22.8762839086 -11.1634933535 5.04110903522
857 25330 -0.113640029238 -22.8657016152 -11.1746040131 5.10829095846
858 24863 -0.113754434399 -22.8550355198 -11.1611370924 5.03786400631
859 25233 -0.113867998526 -22.8444628374 -11.161591024 5.11933158217
860 24759 -0.113982643281 -22.8338046804 -11.1177919606 5.04422413615
861 25157 -0.114096377619 -22.8232461531 -11.1750593351 5.13647701967
862 24619 -0.114211347674 -22.8125880527 -11.1597972651 5.07391218433
863 24906 -0.114325653345 -22.8020066072 -11.1784745607 5.08627903229
864 24901 -0.114439972408 -22.7914389146 -11.1233045596 5.09952398375
865 24806 -0.114554508811 -22.7808661369 -11.1741147483 4.98408437509
866 25607 -0.11466724042 -22.7704745958 -11.2009437238 5.0540077437
867 25326 -0.114780595442 -22.7600402014 -11.1487306063 5.07999334843
868 25062 -0.114894545657 -22.7495657578 -11.200339957 5.0127258046
869 25472 -0.115007575616 -22.7391904748 -11.1422948791 5.03794072742
870 25405 -0.115120754664 -22.7288160165 -11.1440593599 5.13967319294
871 24664 -0.11523562014 -22.7183017893 -11.1681706938 5.01775087205
872 25320 -0.115348988445 -22.7079392114 -11.1980755147 5.01602663091
873 25521 -0.115461908344 -22.6976320155 -11.1582844805 4.98694957881
874 25793 -0.115574232588 -22.6873934148 -11.1854015165 4.97419260516
875 25965 -0.115686182987 -22.6772029793 -11.1462965122 5.03549858014
876 25559 -0.115799019827 -22.6669460583 -11.1469854628 5.05211271555
877 25326 -0.115912373921 -22.6566564486 -11.1703138419 5.08943973447
878 24995 -0.116026476846 -22.6463133408 -11.1753529706 5.07147601512
879 25030 -0.116140499414 -22.635991997 -11.1449996823 5.02826905303
880 25350 -0.11625380109 -22.6257502174 -11.1605692655 4.96391876786
881 25915 -0.116365859773 -22.6156347988 -11.1476866856 5.0029981085
882 25785 -0.116478201519 -22.6055077783 -11.1590346639 5.08048820302
883 25184 -0.116591875185 -22.5952748812 -11.1724110113 4.92252081462
884 26178 -0.1167033693 -22.5852520244 -11.1492202259 5.12378310665
885 24981 -0.116817505208 -22.5750058475 -11.1358019776 5.04012016441
886 25250 -0.116931029853 -22.564828734 -11.1264979919 4.96865378429
887 25851 -0.117043228014 -22.5547844118 -11.1321284327 5.07785661651
888 25221 -0.117156818846 -22.5446294385 -11.1255919782 4.95201275595
889 25967 -0.117268766308 -22.5346351614 -11.1552085476 4.9624869024
890 26103 -0.117380421631 -22.5246805646 -11.1425233437 5.01521208539
891 25746 -0.11749284732 -22.5146709815 -11.1177186189 5.01151909445
892 25675 -0.117605429912 -22.5046611732 -11.1368479951 5.0544189357
893 25342 -0.117718749638 -22.4945996879 -11.1417769133 4.99984736897
894 25646 -0.117831394164 -22.4846119088 -11.1532599313 5.01511876804
895 25620 -0.117944096431 -22.4746327089 -11.1828315714 5.03906915353
896 25438 -0.118057201924 -22.4646315543 -11.123083112 4.94888458367
897 26054 -0.118168962491 -22.4547628248 -11.1266350232 4.96500638466
898 26108 -0.118280606021 -22.4449178045 -11.1617556733 5.15813147557
899 24721 -0.118395339144 -22.434814236 -11.1865845122 4.89242214696
900 26267 -0.118506644181 -22.4250259886 -11.1456300407 4.99026658208
901 25977 -0.118618568581 -22.4151965933 -11.137384218 5.01259251885
902 25731 -0.118731027861 -22.4053336502 -11.1603682568 4.94228815348
903 26188 -0.118842500464 -22.3955704969 -11.0928922257 5.01733239208
904 25754 -0.118954909513 -22.385738665 -11.1240168861 5.02575250522
905 25572 -0.119067717299 -22.3758853972 -11.1578671922 4.91324641855
906 26364 -0.119178818425 -22.3661943326 -11.1548987468 5.02066813525
907 25777 -0.119291176752 -22.3564068359 -11.1431576732 4.98189019007
908 25903 -0.119403261376 -22.3466564119 -11.1722666905 5.04225547193
909 25493 -0.119516245044 -22.3368411267 -11.116678851 4.97878938536
910 25845 -0.119628454777 -22.3271063141 -11.1324397412 5.02814893468
911 25580 -0.119741245691 -22.3173343506 -11.112915741 4.93518249803
912 26199 -0.119852696484 -22.3076915351 -11.1402738412 5.04739115446
913 25536 -0.119965584891 -22.297937527 -11.1315334586 4.9894914215
914 25778 -0.120077940913 -22.2882426756 -11.1313508812 4.90256513656
915 26507 -0.120188742556 -22.2786947764 -11.1420182771 5.03891159451
916 25681 -0.12030131155 -22.2690076044 -11.1520905097 4.88882289031
917 26585 -0.120411950557 -22.2594992829 -11.1092486396 4.92435725147
918 26569 -0.120522621993 -22.2500008102 -11.1188942617 4.99072885117
919 26057 -0.120634375745 -22.2404222462 -11.1150883217 4.98566932533
920 25954 -0.120746351505 -22.2308375289 -11.1220168856 4.97042074681
921 26039 -0.120858142957 -22.2212814196 -11.1043890702 5.01448794161
922 25734 -0.120970595443 -22.2116817145 -11.1118736432 4.93441677732
923 26249 -0.121081938958 -22.2021894119 -11.1235391409 5.00825531859
924 25838 -0.121194164877 -22.1926346789 -11.1365631205 4.87891606934
925 26708 -0.121304547559 -22.1832493848 -11.1086399445 4.93775330203
926 26499 -0.121415363942 -22.17383967 -11.106042047 4.89942738171
927 26739 -0.121525682729 -22.1644845792 -11.1340884099 4.92345226933
928 26619 -0.121636249951 -22.1551207836 -11.1463193656 4.99995803635
929 26001 -0.121748123705 -22.1456589123 -11.1138144477 4.98798855496
930 25921 -0.12186017073 -22.1361950385 -11.1068015796 4.99958376492
931 25812 -0.121972453638 -22.1267239191 -11.0975865416 4.97553964054
932 25961 -0.122084414203 -22.1172926019 -11.1424591134 4.89540444166
933 26616 -0.122194988702 -22.1079903821 -11.134486451 5.00935503648
934 25930 -0.122307016117 -22.0985784142 -11.097514557 4.96623057956
935 26064 -0.122418754377 -22.0892032292 -11.1395465969 4.9150581409
936 26493 -0.122529584423 -22.0799165448 -11.1261372152 4.85137157282
937 27118 -0.122639129863 -22.070749514 -11.1158987693 4.9356830944
938 26628 -0.122749677596 -22.0615106944 -11.120515884 4.8805246388
939 26925 -0.122859615342 -22.0523348713 -11.1028929138 4.93039375179
940 26617 -0.122970187607 -22.043118155 -11.1043007376 4.8492174944
941 27171 -0.123079625654 -22.0340078742 -11.0982311584 4.83393041887
942 27454 -0.123188498441 -22.0249563679 -11.1024290205 4.92346812235
943 26815 -0.123298659913 -22.0158095971 -11.107414991 5.02853657938
944 25840 -0.123410882002 -22.0065039911 -11.1069452892 4.91676562202
945 26415 -0.123521875341 -21.9973124222 -11.0846147904 4.95511226484
946 26285 -0.123633143763 -21.988110176 -11.1054088168 4.9656916697
947 26168 -0.123744660182 -21.9788995552 -11.1128619011 4.87715620821
948 26819 -0.1238548151 -21.969813292 -11.0972003893 4.86380613421
949 27112 -0.123964371849 -21.9607880836 -11.1183203828 4.96225052684
950 26421 -0.124075352475 -21.9516574665 -11.1127117319 4.79298967703
951 27570 -0.124183996484 -21.9427306571 -11.1028382023 4.89747498764
952 27053 -0.124293673375 -21.933730569 -11.1043753871 4.8997449166
953 26892 -0.124403677059 -21.9247153382 -11.0980350862 4.93149473581
954 26599 -0.124514286056 -21.9156622662 -11.0774978282 4.86934091382
955 27005 -0.124624059922 -21.9066891916 -11.0800878204 4.94160167341
956 26552 -0.124734767618 -21.8976515109 -11.1316336166 4.92341095324
957 26567 -0.124845443055 -21.8886282133 -11.093108576 4.94116536136
958 26434 -0.124956396733 -21.8795940012 -11.1031138469 4.8830836079
959 26849 -0.125066489537 -21.8706415109 -11.1223089254 4.89340449735
960 26886 -0.12517650749 -21.861706656 -11.0933171164 4.90137667715
961 26833 -0.125286633044 -21.8527746027 -11.1029438289 4.91182392104
962 26736 -0.12539695798 -21.843837934 -11.1312008729 4.81677407346
963 27468 -0.125505802379 -21.8350325076 -11.0801424246 4.98411460791
964 26348 -0.125616936471 -21.8260534203 -11.095267788 4.95680149038
965 26253 -0.1257282718 -21.8170697783 -11.0720130628 4.88339478851
966 26794 -0.125838476841 -21.8081888549 -11.1025618845 4.89966387489
967 26821 -0.125948627692 -21.7993237261 -11.0583759283 4.86142391149
968 27132 -0.126058144778 -21.7905209096 -11.0961516244 4.87825644993
969 27085 -0.126167756215 -21.7817217763 -11.088481553 4.87055282673
970 27134 -0.126277269784 -21.7729417361 -11.0531799143 4.96023944835
971 26443 -0.126388205426 -21.7640591142 -11.0770472377 4.88640707766
972 26825 -0.126498346656 -21.755251461 -11.0793280094 4.83736467942
973 27327 -0.126607472493 -21.7465361486 -11.0794418055 4.80912282361
974 27702 -0.126715856409 -21.7378910482 -11.0790287626 4.87183358445
975 27295 -0.126825046017 -21.7291927063 -11.0545144867 4.93614608142
976 26673 -0.126935501346 -21.7204047707 -11.0661293964 4.78615577404
977 27701 -0.12704388733 -21.7117924408 -11.0812666222 4.8452421867
978 27511 -0.127152647611 -21.7031612688 -11.0871335588 4.89562273969
979 27052 -0.12726232725 -21.6944681742 -11.0619873958 4.92177042631
980 26719 -0.127372687569 -21.6857322966 -11.0425236638 4.83211128465
981 27339 -0.127481789762 -21.6771070001 -11.0474576793 4.84225182912
982 27434 -0.127590702516 -21.6685075599 -11.0766699973 4.87137689162
983 27225 -0.127700033021 -21.6598860485 -11.0972840081 4.88191046368
984 27082 -0.127809650965 -21.6512528282 -11.0687060052 4.79720043647
985 27730 -0.127917980423 -21.6427318457 -11.0666534196 4.88244410089
986 27217 -0.128027326193 -21.6341417501 -11.0843150263 4.87197700303
987 27159 -0.128136788063 -21.6255534102 -11.0515861323 4.96690147059
988 26398 -0.128247817248 -21.6168531965 -11.1113981773 4.74686313881
989 27945 -0.128355729147 -21.6084079429 -11.0696630843 4.86881641109
990 27386 -0.128464737379 -21.5998875697 -11.0803478781 4.83133240517
991 27536 -0.128573447312 -21.5914011838 -11.0694152878 4.7905558426
992 27916 -0.128681414574 -21.5829833031 -11.0652141675 4.86280231445
993 27427 -0.128790341316 -21.574501229 -11.0784798449 4.85897137355
994 27323 -0.128899475176 -21.5660136995 -11.0612926199 4.84240521867
995 27428 -0.129008399378 -21.5575531088 -11.0825056323 4.83181313628
996 27544 -0.129117093639 -21.549120949 -11.0728468723 4.80825231742
997 27771 -0.129225342549 -21.5407338143 -11.0939012799 4.88712937785
998 27191 -0.129334741601 -21.5322681694 -11.0582661394 4.82804683217
999 27508 -0.129443507971 -21.5238620315 -11.0762896953 4.77286263642
1000 28057 -0.129551204734 -21.5155489039 -11.0801638502 4.86955873335
1001 27410 -0.129660164432 -21.5071487468 -11.0611106841 4.82989451447
1002 27555 -0.129768837718 -21.4987811282 -11.0493209221 4.85485073387
1003 27392 -0.129877833846 -21.4903991235 -11.0422371853 4.76763713175
1004 28067 -0.129985510729 -21.482128851 -11.0282671285 4.85337892568
1005 27545 -0.130094203476 -21.4737908976 -11.0519727674 4.85801019993
1006 27364 -0.130203256218 -21.4654357546 -11.0794495173 4.7735235918
1007 28010 -0.130311043915 -21.457187778 -11.0426278098 4.84360534772
1008 27610 -0.130419609409 -21.4488905607 -11.0712750269 4.7734059035
1009 28082 -0.130527258493 -21.4406735466 -11.0464598532 4.90885652513
1010 27100 -0.130636840017 -21.4323194053 -11.0923576068 4.75891403756
1011 28055 -0.130744540314 -21.4241188676 -11.0843919086 4.88184225621
1012 27310 -0.130853699665 -21.4158175192 -11.0510201662 4.7885672574
1013 27868 -0.130961760813 -21.4076098673 -11.0531335262 4.87604890603
1014 27306 -0.131070927796 -21.3993284903 -11.0457577763 4.82778533561
1015 27543 -0.131179625189 -21.391092971 -11.0509192201 4.79269200461
1016 27901 -0.131287623105 -21.3829205447 -11.0608901989 4.85560059048
1017 27481 -0.131396441572 -21.374696187 -11.0557799003 4.82660221978
1018 27602 -0.131505022089 -21.3664999619 -11.0417714587 4.68017115311
1019 28883 -0.131611168357 -21.3584972689 -11.0113398677 4.78558654016
1020 28335 -0.131718335043 -21.3504274377 -11.0682219519 4.81469991295
1021 27939 -0.13182625919 -21.342310497 -11.0580584619 4.78917177802
1022 28043 -0.13193398314 -21.3342185318 -11.0379850612 4.81853619269
1023 27826 -0.132042125554 -21.3261050827 -11.0573093499 4.84047329939
1024 27585 -0.132150740311 -21.3179662133 -11.0681600526 4.73594408242
1025 28393 -0.132257797597 -21.3099538577 -11.0458026464 4.79796492631
1026 28095 -0.132365420457 -21.3019089704 -11.0047285032 4.83475954657
1027 27706 -0.132473797135 -21.2938176438 -11.0512497915 4.78508690509
1028 28011 -0.132581582199 -21.285780332 -11.0446149065 4.77566117622
1029 28177 -0.132689048767 -21.2777765278 -11.0306014468 4.79380575602
1030 28071 -0.132796719383 -21.2697672813 -11.0517424544 4.83696700481
1031 27681 -0.132905144662 -21.2617117478 -11.0067032307 4.85760890714
1032 27404 -0.133014115855 -21.253625597 -11.027827348 4.71842066655
1033 28490 -0.133120990402 -21.2457046908 -11.032727345 4.79304099354
1034 28164 -0.133228482448 -21.2377476562 -11.0264995499 4.73969219907
1035 28529 -0.133335285228 -21.2298511997 -11.0372717622 4.8537366604
1036 27667 -0.133443737962 -21.2218424838 -11.0243294001 4.72517525002
1037 28510 -0.133550575933 -21.2139625808 -11.0707834493 4.79083690784
1038 28188 -0.13365802182 -21.206047404 -11.0383104036 4.74411277127
1039 28497 -0.133764883212 -21.1981847811 -11.0529070172 4.77726732542
1040 28300 -0.133872116574 -21.1903042931 -11.0376895784 4.75411212135
1041 28443 -0.13397907986 -21.1824531209 -11.0450231239 4.80186217247
1042 28076 -0.134086739291 -21.1745603836 -11.0646416013 4.6371154653
1043 29409 -0.134191931076 -21.166857776 -11.0280755956 4.71282433793
1044 29114 -0.134297653763 -21.1591254616 -11.0339661607 4.7776973468
1045 28466 -0.134404574444 -21.1513148612 -11.0217703611 4.81079727051
1046 28007 -0.134512366185 -21.1434501133 -11.0573838549 4.6416801501
1047 29347 -0.134617668976 -21.135776145 -11.0478109952 4.78619424899
1048 28455 -0.134724608944 -21.1279921364 -11.0404012868 4.80728330833
1049 28034 -0.13483234968 -21.1201592713 -11.0148589773 4.67673337296
1050 29042 -0.134938204564 -21.1124727123 -11.0198384303 4.76634506028
1051 28544 -0.135044978497 -21.1047286425 -11.0247828502 4.71234825225
1052 28876 -0.135151137665 -21.0970383299 -11.0096854252 4.76089998262
1053 28545 -0.13525790888 -21.0893128868 -11.0126113977 4.73658177982
1054 28664 -0.135364459282 -21.08161261 -11.0056535317 4.76688966177
1055 28435 -0.135471437348 -21.0738906461 -11.0127874276 4.71933775483
1056 28783 -0.135577766914 -21.0662246316 -11.0273351927 4.66218245586
1057 29391 -0.135682990375 -21.0586473182 -10.9947425709 4.82434249139
1058 28142 -0.135790524908 -21.0509127687 -11.03247203 4.64532841215
1059 29355 -0.135895813997 -21.0433487094 -11.0374915224 4.80876318078
1060 28264 -0.136003114785 -21.0356492579 -11.0060179018 4.8096563116
1061 27961 -0.136110995166 -21.0279174931 -11.0273518493 4.71439104139
1062 28689 -0.136217498287 -21.0202935444 -11.0229401353 4.73297366158
1063 28736 -0.136323915029 -21.0126848025 -11.0338447947 4.78509064131
1064 28299 -0.13643114983 -21.0050266786 -11.0604958581 4.5949687891
1065 29862 -0.136535540935 -20.9975804046 -11.0213183808 4.82061379332
1066 28296 -0.13664278127 -20.9899398866 -11.0161613702 4.73899268909
1067 28572 -0.136749502263 -20.9823454032 -10.9983172507 4.82957928872
1068 27879 -0.136857541896 -20.9746662463 -11.0307332172 4.71116407688
1069 28693 -0.136964037363 -20.9671058523 -11.0423808126 4.6355561004
1070 29607 -0.137068877168 -20.9596717194 -11.0134698861 4.81294911646
1071 28295 -0.137176119547 -20.952076159 -11.0202190276 4.6749738026
1072 29134 -0.137281806142 -20.9445996174 -11.027268991 4.71719186889
1073 28999 -0.1373877385 -20.93711447 -11.0238763835 4.70128852795
1074 29103 -0.137493482756 -20.9296513664 -11.0050418093 4.67850480158
1075 29336 -0.137598805499 -20.9222266901 -11.0131105321 4.67203420969
1076 29460 -0.137703905497 -20.9148263354 -11.0237353131 4.65280020507
1077 29671 -0.137808632258 -20.9074608118 -11.009728055 4.69911831627
1078 29309 -0.137914002684 -20.9000586185 -10.9982248697 4.71382085759
1079 29078 -0.138019791823 -20.8926356745 -11.0139008676 4.75632770063
1080 28641 -0.138126385412 -20.8851650501 -10.9873153534 4.73768687332
1081 28681 -0.138232903395 -20.8777084995 -10.9946303333 4.70432198708
1082 28985 -0.138338861124 -20.8702998566 -10.9796337095 4.70947011209
1083 29026 -0.138444744826 -20.862905032 -11.0317507451 4.71753408313
1084 28966 -0.138550737871 -20.8555112093 -11.0147816433 4.70500973611
1085 29060 -0.138656559222 -20.8481379714 -10.9971701678 4.67079464969
1086 29393 -0.138761779281 -20.8408151429 -11.0004419439 4.67107556499
1087 29485 -0.138866835094 -20.8335122008 -10.9990385344 4.72913345681
1088 28991 -0.138972783345 -20.8261557642 -10.9818284636 4.74145307057
1089 28746 -0.139079181005 -20.8187767431 -10.9739695792 4.74568428393
1090 28641 -0.139185773565 -20.8113928526 -11.0133889741 4.68901997486
1091 29110 -0.139291504799 -20.804077165 -11.0103120935 4.63872251744
1092 29700 -0.139396180851 -20.7968428485 -10.9928343341 4.73872930187
1093 28964 -0.139502177269 -20.7895257438 -10.9911692029 4.60729912459
1094 29947 -0.139606420058 -20.7823379886 -11.0056494639 4.70018318573
1095 29375 -0.139711671885 -20.7750889887 -10.9772395182 4.70959421333
1096 29134 -0.139817359441 -20.7678183882 -10.9807898144 4.67070390671
1097 29415 -0.139922540275 -20.7605909993 -10.9831555834 4.65694706085
1098 29620 -0.140027356637 -20.7533969306 -10.993096065 4.68377116665
1099 29434 -0.140132504264 -20.7461884128 -11.0004243273 4.70501980426
1100 29191 -0.140238088237 -20.7389583195 -10.9882424303 4.67486147861
1101 29394 -0.140343307296 -20.7317615136 -10.9947641656 4.60920864632
1102 30055 -0.140447362466 -20.7246524505 -10.9919984499 4.73132751036
1103 29125 -0.140553065138 -20.7174390993 -10.992288872 4.57489527055
1104 30298 -0.140656701713 -20.7103748209 -10.9942015764 4.64773224533
1105 29952 -0.140760935587 -20.7032778836 -10.9892849011 4.66667450464
1106 29682 -0.14086564327 -20.6961568068 -10.9787361449 4.72009892646
1107 29125 -0.140971347419 -20.6889762034 -10.9937312752 4.6106267403
1108 29963 -0.141075561629 -20.6819049074 -10.984785948 4.6898499907
1109 29473 -0.141180638594 -20.6747831941 -10.9955207807 4.66303714549
1110 29581 -0.141285524336 -20.6676825631 -10.9818092847 4.67577906019
1111 29495 -0.141390562157 -20.6605797556 -10.9787691118 4.6830563482
1112 29405 -0.141495760524 -20.6534742224 -10.9808438215 4.71484150083
1113 29095 -0.14160151783 -20.6463391248 -10.9747454886 4.59604413219
1114 30091 -0.141705511594 -20.6393310008 -10.9824705677 4.63357832313
1115 30026 -0.14180961657 -20.6323233084 -10.9840390227 4.66787531922
1116 29691 -0.141914307579 -20.6252841527 -10.9826542089 4.714096331
1117 29181 -0.142019910235 -20.6181917995 -10.9956090187 4.64804672375
1118 29635 -0.142124700885 -20.611162009 -10.9515942511 4.56338100351
1119 30559 -0.142227894836 -20.6042471343 -10.9684939094 4.64441338952
1120 30055 -0.142331950527 -20.5972823434 -10.9978160458 4.58755028088
1121 30450 -0.142435328895 -20.5903706592 -10.9611221286 4.69048572777
1122 29600 -0.142540181204 -20.5833683301 -10.9737082846 4.66780561307
1123 29573 -0.142645080673 -20.5763708001 -10.9447367964 4.67233123927
1124 29524 -0.142750066739 -20.5693754411 -10.9798806621 4.66957844208
1125 29536 -0.142855032735 -20.5623893554 -10.9825528568 4.59422904311
1126 30237 -0.142958774643 -20.5554925243 -10.9405118163 4.6708756792
1127 29722 -0.14306341199 -20.548543991 -10.9398858611 4.64752444568
1128 29793 -0.143167923111 -20.5416116739 -10.9539434041 4.64195023112
1129 29865 -0.143272309091 -20.5346954606 -10.9619774668 4.73428689716
1130 29048 -0.143378152393 -20.5276906405 -10.9561886455 4.57195644786
1131 30303 -0.143481780769 -20.5208401496 -10.9785305325 4.70764661609
1132 29404 -0.143586980818 -20.5138935853 -10.9598952694 4.62300401736
1133 29929 -0.14369125398 -20.5070159919 -10.9703176643 4.63570245855
1134 29961 -0.143795472211 -20.5001497358 -10.9694301523 4.62718986316
1135 30049 -0.143899537189 -20.4933012596 -10.9886664249 4.55325539453
1136 30777 -0.144002364062 -20.4865417917 -10.9775258095 4.51577530569
1137 31356 -0.144104237392 -20.4798523752 -10.943055368 4.63509982369
1138 30358 -0.144207771922 -20.473061381 -10.9870495298 4.65645478493
1139 29888 -0.144312118034 -20.4662247951 -10.9514903431 4.63825134123
1140 29926 -0.144416397545 -20.4594002247 -10.96995653 4.68716928655
1141 29488 -0.144521449257 -20.45253284 -10.9560706628 4.55235768521
1142 30621 -0.144624538249 -20.4458012845 -10.9827001412 4.63000743178
1143 30207 -0.144728331706 -20.4390312457 -10.9650585482 4.6394466747
1144 30004 -0.144832475432 -20.4322459294 -10.9773257596 4.64699313322
1145 29877 -0.144936839574 -20.4254538465 -10.9898757112 4.58089437774
1146 30462 -0.145040197245 -20.4187347462 -10.9630505588 4.65306886776
1147 29948 -0.145144438955 -20.411965705 -10.9790805606 4.59001155979
1148 30396 -0.145247909258 -20.4052542213 -10.936471557 4.68454007533
1149 29640 -0.145352691221 -20.3984652263 -10.9548445035 4.52505310052
1150 30931 -0.14545526308 -20.3918267925 -10.9361323845 4.63985317785
1151 30199 -0.145559070291 -20.3851158141 -10.9530052015 4.66745610654
1152 29743 -0.145663670678 -20.3783610837 -10.9232678546 4.63864716929
1153 29881 -0.145768027915 -20.3716295711 -10.9573275379 4.55987648204
1154 30664 -0.145871043849 -20.3649919304 -10.9767825889 4.52665800314
1155 31216 -0.145973146257 -20.3584203474 -10.9614988623 4.61022505964
1156 30557 -0.14607634273 -20.3517856161 -10.9571744798 4.62725616895
1157 30215 -0.146180122006 -20.3451207734 -10.9510905328 4.54875872345
1158 30869 -0.146282795812 -20.3385341756 -10.9643946499 4.64583173862
1159 30126 -0.14638672858 -20.3318741478 -10.9721789545 4.59490709681
1160 30400 -0.146490191431 -20.3252515492 -10.935248653 4.62035594851
1161 30236 -0.146593933881 -20.3186183721 -10.9519898535 4.64354949609
1162 29974 -0.146698129955 -20.3119635559 -10.9453385191 4.53220447208
1163 30960 -0.146800653052 -20.3054227832 -10.9426860959 4.61472465416
1164 30444 -0.146904040544 -20.2988340783 -10.9338210028 4.65114541942
1165 29960 -0.147008259737 -20.2921996918 -10.9415392012 4.62923521097
1166 30030 -0.147112358268 -20.285580313 -10.9547524425 4.60968903388
1167 30233 -0.14721610669 -20.278990471 -10.9387969398 4.57341344525
1168 30636 -0.147319170389 -20.2724513001 -10.9224788593 4.53119232788
1169 31163 -0.147421359314 -20.2659746856 -10.9282197649 4.59112039532
1170 30726 -0.147524271309 -20.2594593314 -10.9492057805 4.56746642803
1171 30834 -0.147627004228 -20.2529623978 -10.9315876494 4.59908697671
1172 30559 -0.147730197677 -20.246443454 -10.9628531774 4.67247742967
1173 29794 -0.147834707051 -20.2398486362 -10.9156401297 4.5679268026
1174 30562 -0.147937895876 -20.2333443016 -10.9448161772 4.53976966746
1175 31057 -0.148040258474 -20.2268990586 -10.928846425 4.5595156334
1176 31004 -0.148142708468 -20.2204552945 -10.9390707458 4.55742469515
1177 31010 -0.148245149215 -20.2140190854 -10.9478673178 4.51013461246
1178 31480 -0.148346822688 -20.2076379677 -10.9319367931 4.57285431019
1179 30991 -0.148449294566 -20.2012136707 -10.9281029972 4.56873349908
1180 30896 -0.148551924164 -20.1947864475 -10.9433144419 4.5247272915
1181 31301 -0.148653886557 -20.1884078975 -10.9264136377 4.5835805492
1182 30837 -0.148756613345 -20.1819884622 -10.9351944711 4.55487470843
1183 30988 -0.148859090654 -20.1755915407 -10.9305684728 4.57077526344
1184 30875 -0.148961754652 -20.1691898893 -10.9306241013 4.57770062456
1185 30776 -0.149064583211 -20.162784913 -10.9169214333 4.60361694711
1186 30500 -0.149167877058 -20.1563579334 -10.922267444 4.62559997464
1187 30215 -0.149271656622 -20.1499077653 -10.9259936218 4.48564283151
1188 31492 -0.149373310096 -20.1435965633 -10.9377992174 4.62958881485
1189 30447 -0.149476693705 -20.1371848615 -10.8984397811 4.51773504104
1190 31241 -0.149578754755 -20.1308620141 -10.9122173165 4.54130091028
1191 31235 -0.149680825528 -20.1245453424 -10.9208658247 4.55379494993
1192 31110 -0.149783101031 -20.1182227896 -10.9079966546 4.56637256542
1193 30952 -0.149885637382 -20.1118909227 -10.9311956033 4.6074787964
1194 30511 -0.149988911458 -20.1055203831 -10.9378534189 4.5300276957
1195 31138 -0.150091140771 -20.0992210838 -10.9286361411 4.47480367608
1196 31874 -0.150192183905 -20.0930015078 -10.9587803871 4.49253705147
1197 31903 -0.150293180387 -20.0867913822 -10.9178322217 4.5194444329
1198 31638 -0.150394598957 -20.0805619119 -10.9406475864 4.51043315234
1199 31655 -0.150495990362 -20.0743407202 -10.9181517083 4.55496761591
1200 31215 -0.150598094065 -20.0680824926 -10.931134819 4.61939700678
1201 30469 -0.150701439272 -20.0617549746 -10.9280092025 4.47810089725
1202 31643 -0.150802849114 -20.0555525982 -10.9347833368 4.50824781753
1203 31678 -0.150904202942 -20.0493602149 -10.9337346928 4.43882806991
1204 32402 -0.151004418796 -20.0432438036 -10.9210801451 4.52676215529
1205 31701 -0.151105736462 -20.037066652 -10.9122267186 4.57217263795
1206 31058 -0.151208097639 -20.0308325124 -10.92232437 4.56227648477
1207 30977 -0.151310591803 -20.0245969435 -10.9423298783 4.570349325
1208 30876 -0.151413254023 -20.0183578313 -10.9055082491 4.47608791281
1209 31784 -0.151514439443 -20.0122150022 -10.925695413 4.58238372362
1210 30981 -0.151616928525 -20.0059996313 -10.9212612017 4.52215240423
1211 31351 -0.151718809736 -19.9998276999 -10.9009407531 4.51402110001
1212 31538 -0.151820389187 -19.9936805661 -10.9255145596 4.49057353454
1213 31828 -0.151921504651 -19.9875679642 -10.9255405202 4.50462049173
1214 31767 -0.152022716968 -19.981455946 -10.8850997419 4.5528463178
1215 31267 -0.152124736149 -19.9753017121 -10.9066174669 4.55285364747
1216 31128 -0.152226981767 -19.9691403659 -10.9365113893 4.5019026489
1217 31596 -0.152328467593 -19.963031277 -10.9281718525 4.58482977385
1218 30906 -0.152431080615 -19.9568608811 -10.9178748159 4.5027902332
1219 31523 -0.152532683711 -19.9507576907 -10.9347552447 4.50474711949
1220 31680 -0.152634035091 -19.9446760312 -10.8959795836 4.50949666963
1221 31676 -0.152735392475 -19.9386004052 -10.9023723128 4.54089528726
1222 31360 -0.152837259246 -19.9325006782 -10.9049159998 4.50139637712
1223 31668 -0.1529386305 -19.9264370151 -10.9122724535 4.48832806328
1224 31888 -0.153039651064 -19.9204006639 -10.8872434361 4.49547473709
1225 31877 -0.153140688808 -19.9143696023 -10.888195287 4.53870225976
1226 31438 -0.153242430262 -19.9083029091 -10.9196340504 4.52197269002
1227 31483 -0.15334409865 -19.9022469524 -10.8904761597 4.4699735075
1228 32023 -0.153444905996 -19.8962485715 -10.9086050606 4.46280460601
1229 32251 -0.153545355744 -19.8902776873 -10.8952324824 4.49436035818
1230 31990 -0.153646215397 -19.884288674 -10.8997141211 4.45915672327
1231 32280 -0.153746620769 -19.8783328337 -10.8873899259 4.43443601497
1232 32621 -0.153846499013 -19.8724143879 -10.9217103386 4.50097545281
1233 32024 -0.153947305201 -19.8664471423 -10.9187258518 4.45852272993
1234 32296 -0.154047685287 -19.860511287 -10.9097672081 4.42705563853
1235 32704 -0.154147437235 -19.8546186637 -10.874121008 4.5113019252
1236 31940 -0.154248374752 -19.8486621741 -10.8863819534 4.48975232321
1237 31950 -0.15434929689 -19.8427127866 -10.9037554157 4.41576012509
1238 32724 -0.154449018433 -19.8368402497 -10.902828011 4.58621770293
1239 31193 -0.154551158479 -19.8308315402 -10.8722234088 4.52073976003
1240 31426 -0.154652918899 -19.8248514453 -10.8955663038 4.45047230677
1241 32207 -0.154753436865 -19.8189505119 -10.9132894903 4.4760674894
1242 32166 -0.154854020054 -19.813051856 -10.9167205249 4.46418700031
1243 32277 -0.154954429165 -19.8071694926 -10.8975742248 4.50452541828
1244 31893 -0.155055441785 -19.8012578979 -10.8799443098 4.4490926877
1245 32357 -0.155155727493 -19.7953949127 -10.8548239152 4.44897608115
1246 32490 -0.155255807229 -19.7895499882 -10.8937468048 4.42168744658
1247 32816 -0.155355388125 -19.7837401567 -10.9183461325 4.44877616191
1248 32621 -0.155455267014 -19.7779189023 -10.8788807424 4.47943169799
1249 32246 -0.155555724925 -19.7720699159 -10.8675933603 4.46622851827
1250 32279 -0.155656131985 -19.7662299096 -10.8832800477 4.48840302281
1251 32059 -0.155756883097 -19.7603759324 -10.8890887497 4.4168232442
1252 32744 -0.155856573614 -19.7545895262 -10.9068104211 4.3663722795
1253 33488 -0.155955151085 -19.7488735339 -10.8643335686 4.51860560809
1254 32075 -0.156055876881 -19.743038929 -10.8962071092 4.41408669061
1255 32778 -0.156155516103 -19.7372731811 -10.8936642505 4.40995858779
1256 33024 -0.15625478367 -19.7315347828 -10.8731267163 4.47719074678
1257 32380 -0.156355033718 -19.7257455005 -10.8880823201 4.49812003955
1258 31987 -0.156455897913 -19.7199267384 -10.8741715461 4.504898736
1259 31809 -0.156557044079 -19.7140977306 -10.8721693873 4.41470631447
1260 32694 -0.15665681132 -19.708354088 -10.9004386397 4.42501556085
1261 32839 -0.156756358214 -19.702628961 -10.8626239438 4.46770510699
1262 32428 -0.156856533316 -19.6968735753 -10.8806861747 4.46838594521
1263 32307 -0.15695689599 -19.6911133104 -10.8616509215 4.39342763537
1264 33067 -0.157056099509 -19.6854253673 -10.9030150309 4.4068590369
1265 33139 -0.157155194447 -19.6797493917 -10.8675324235 4.43239361919
1266 32885 -0.157254671902 -19.6740572699 -10.8731089228 4.45013884657
1267 32626 -0.157354543472 -19.6683483978 -10.8850670397 4.4753762986
1268 32289 -0.157454933674 -19.6626157293 -10.8757716702 4.32498663336
1269 33811 -0.15755303863 -19.6570192153 -10.8540014075 4.4589295429
1270 32785 -0.15765266718 -19.6513415021 -10.8826954786 4.38804931875
1271 33263 -0.157751577574 -19.6457104057 -10.8717903445 4.40985632491
1272 33162 -0.157850638782 -19.6400763977 -10.8963377991 4.3828140656
1273 33428 -0.157949305083 -19.6344704867 -10.8907315242 4.44385190888
1274 32842 -0.158048847239 -19.6288205054 -10.8778393092 4.45095965788
1275 32605 -0.158148750357 -19.6231557772 -10.8772744627 4.48390725683
1276 32195 -0.1582492875 -19.6174608968 -10.8986310208 4.31691755215
1277 33873 -0.15834730313 -19.6119144383 -10.8571687902 4.42126638115
1278 33206 -0.158446297597 -19.6063181861 -10.8667212135 4.43891235662
1279 32834 -0.15854585235 -19.6006959241 -10.8942491903 4.35222666053
1280 33670 -0.158644162754 -19.5951495018 -10.8444617567 4.38264519233
1281 33573 -0.158742615707 -19.5896005727 -10.8737960044 4.40493960785
1282 33301 -0.158841468918 -19.5840346502 -10.8807966908 4.39181600666
1283 33369 -0.158940222636 -19.5784798906 -10.8617682147 4.36263001656
1284 33709 -0.159038476239 -19.5729587701 -10.843099361 4.38686814914
1285 33537 -0.159136981487 -19.5674290168 -10.8429728025 4.40685552175
1286 33271 -0.159235880504 -19.5618826991 -10.8596796288 4.43471990449
1287 32896 -0.159335340317 -19.5563105227 -10.8262354592 4.43844995125
1288 32753 -0.159435018254 -19.5507317435 -10.8600837166 4.39319511721
1289 33198 -0.159534025497 -19.5451960611 -10.8570713551 4.42698428698
1290 32959 -0.15963339077 -19.5396459235 -10.870451467 4.41112426021
1291 33063 -0.159732600257 -19.5341100397 -10.8692341454 4.42899533664
1292 32900 -0.159832054735 -19.5285660462 -10.8575184758 4.42048160479
1293 32945 -0.159931440498 -19.5230314373 -10.8655582071 4.39853532362
1294 33195 -0.1600304524 -19.5175231613 -10.8622648758 4.40081467439
1295 33241 -0.16012939587 -19.512024182 -10.8642814717 4.3456037996
1296 33862 -0.16022742756 -19.5065812815 -10.8615294633 4.37958937191
1297 33660 -0.160325752745 -19.5011274821 -10.8603079774 4.39984767743
1298 33381 -0.160424487893 -19.4956563743 -10.8580506394 4.38630293292
1299 33451 -0.160523119208 -19.4901964464 -10.8663109587 4.38482975049
1300 33487 -0.160621697686 -19.4847448551 -10.8461613087 4.34524573471
1301 33937 -0.160719621358 -19.4793348249 -10.8521287383 4.3873009028
1302 33596 -0.160818040777 -19.4739027707 -10.8673934267 4.45551305248
1303 32764 -0.160917702095 -19.4684076453 -10.8411989836 4.37006435717
1304 33453 -0.161016330708 -19.4629748757 -10.8548080533 4.36066130029
1305 33755 -0.161114517651 -19.4575717774 -10.8480869772 4.30186794244
1306 34506 -0.161211629982 -19.4522330501 -10.8225374833 4.40338264986
1307 33573 -0.161310081747 -19.4468259966 -10.8292583512 4.39235005911
1308 33439 -0.161408731435 -19.4414134269 -10.8219763722 4.33461446395
1309 34042 -0.161506503101 -19.4360543122 -10.8633266564 4.34697001504
1310 34075 -0.161604228096 -19.430703002 -10.8706124149 4.38718263202
1311 33635 -0.161702589871 -19.4253221118 -10.832225216 4.41983238094
1312 33157 -0.16180165835 -19.4199079179 -10.8177396446 4.34389361712
1313 33857 -0.16189969756 -19.4145552598 -10.8436163146 4.36178710122
1314 33856 -0.161997736986 -19.4092078403 -10.8588965151 4.39453260451
1315 33494 -0.162096306183 -19.403836811 -10.8452665306 4.30740516678
1316 34367 -0.162193615232 -19.3985396391 -10.8283944828 4.34410071348
1317 34198 -0.16229116373 -19.393234603 -10.8501880349 4.41613799163
1318 33350 -0.16238994421 -19.3878678357 -10.8352375012 4.34095888374
1319 33945 -0.162487855374 -19.3825535232 -10.8521428717 4.36223406764
1320 33876 -0.162585866322 -19.3772389972 -10.8273223578 4.37407037331
1321 33725 -0.162684096599 -19.3719177938 -10.8298405928 4.42494299864
1322 33126 -0.162783210821 -19.3665539915 -10.798903132 4.40340083663
1323 33193 -0.162882225037 -19.3612008946 -10.8314732442 4.43582518342
1324 32863 -0.162981735325 -19.3558263014 -10.8345379404 4.34374799341
1325 33773 -0.163079896328 -19.3505298052 -10.832663669 4.43341071603
1326 33048 -0.163179127832 -19.3451808114 -10.8239305718 4.3086530318
1327 34221 -0.163276643177 -19.3399294749 -10.8536894824 4.34695187084
1328 34125 -0.163374295987 -19.3346758435 -10.8497118827 4.31872746657
1329 34419 -0.163471531008 -19.329449761 -10.8075453105 4.36524041339
