gpomdp_grad 0.65 1.61660056386e-05 -0.588403348999

1 1000 0 -56.6666666667 -12.1019272808 -8.83031021103
2 45168 0 -56.6666666667 -12.1194425773 6.74845387151
3 49148 -0.000154282334633 -56.5235936884 -12.1524209383 6.87684856743
4 49027 -0.000308778750392 -56.381138416 -12.1824094351 6.86049193089
5 49172 -0.000463070876494 -56.2396797722 -12.1326846686 6.87353091245
6 49089 -0.000617516457594 -56.0988825202 -12.157085162 6.8423794221
7 49399 -0.000771501752101 -55.9592970399 -12.1263705202 6.85076156922
8 49410 -0.000925492904775 -55.820490625 -12.1472859255 6.90078922981
9 48909 -0.0010802946442 -55.6817375177 -12.1219167113 6.829145527
10 49518 -0.00123416583188 -55.5445909255 -12.096970016 6.85913729206
11 49389 -0.0013882603637 -55.4080106127 -12.139349706 6.88127779364
12 49136 -0.0015427758711 -55.2718198239 -12.12727773 6.80018316338
13 49919 -0.00169609835852 -55.1374291899 -12.1327423532 6.82162762155
14 49927 -0.001849432462 -55.0037680308 -12.1212966999 6.80355586024
15 50131 -0.00200247755786 -54.87109035 -12.1139095751 6.81667753844
16 50060 -0.00215565364354 -54.7390249325 -12.1314093209 6.89544113301
17 49230 -0.00231014006333 -54.6065592393 -12.1314717033 6.83825824702
18 49602 -0.00246406984119 -54.4752935181 -12.119455596 6.78103700839
19 50321 -0.0026169182338 -54.3456579444 -12.091600142 6.83291808646
20 49986 -0.00277030195556 -54.2162717989 -12.1111132524 6.88969542536
21 49312 -0.00292475371976 -54.0866910234 -12.121256541 6.80469698022
22 50021 -0.00307813144092 -53.9587070698 -12.1158227747 6.8349100568
23 49914 -0.00323169569057 -53.8312564474 -12.1161609058 6.85306040172
24 49705 -0.00338560610046 -53.7042047127 -12.1260009833 6.84499313031
25 49742 -0.00353948329306 -53.5778616353 -12.1011814555 6.78836237552
26 50361 -0.00369243554068 -53.4529476494 -12.1195666651 6.86209104362
27 49768 -0.00384631984857 -53.3279408545 -12.1076917211 6.80424653422
28 50222 -0.0039995307994 -53.2041418105 -12.0947493127 6.78002150755
29 50620 -0.00415216092852 -53.0814624753 -12.1151074056 6.75075397083
30 51060 -0.00430415496033 -52.9599344579 -12.0855672423 6.85097055842
31 50121 -0.00445759047956 -52.8378966415 -12.0964360237 6.75680288995
32 50874 -0.0046099082331 -52.7173816281 -12.1025947491 6.79858300307
33 50649 -0.00476258782771 -52.59720909 -12.0895346525 6.77750861753
34 50823 -0.00491502815108 -52.4778480455 -12.1293179021 6.77850385003
35 50873 -0.00506741759965 -52.3591443889 -12.0746404738 6.79722719799
36 50696 -0.00522009517645 -52.2408307215 -12.0881385428 6.77994845155
37 50844 -0.00537257457658 -52.1232797137 -12.0874828706 6.70303789244
38 51737 -0.00552375468754 -52.0073267023 -12.0782042909 6.79592120403
39 50983 -0.00567607159115 -51.8910977037 -12.0773609119 6.85438848058
40 50162 -0.00582965293451 -51.7745048434 -12.0910243442 6.7641197635
41 50907 -0.00598213019232 -51.6593425974 -12.0712718779 6.7316423424
42 51485 -0.00613377216446 -51.5453922306 -12.1040738429 6.77794448497
43 51153 -0.00628592804619 -51.4316336514 -12.1053778679 6.75290468271
44 51344 -0.00643782356239 -51.3186428405 -12.0622990445 6.80555673322
45 50837 -0.00659049714128 -51.2056459323 -12.0696645508 6.74554942633
46 51357 -0.00674241931662 -51.0937707906 -12.0608505046 6.77974727287
47 51142 -0.00689468316843 -50.9822059452 -12.0857949538 6.71830364842
48 51766 -0.0070460497702 -50.8718519423 -12.0727423288 6.75332909571
49 51567 -0.00719773049073 -50.7618183236 -12.0991960806 6.74534778874
50 51611 -0.0073493705383 -50.6523598837 -12.0736424298 6.7521041285
51 51560 -0.00750110805853 -50.5433731774 -12.0949202395 6.71601126821
52 51955 -0.00765228957388 -50.4353211461 -12.0721700484 6.71620256094
53 52076 -0.00780331826431 -50.3279079564 -12.0693222069 6.67278039571
54 52610 -0.00795360199674 -50.2215461944 -12.0497942634 6.74696746899
55 51939 -0.00810487553914 -50.1150055495 -12.0450943185 6.73456657022
56 51901 -0.00825622671223 -50.0089301858 -12.0625492719 6.74006023354
57 51841 -0.00840768862431 -49.903294088 -12.0753588116 6.69369943868
58 52352 -0.00855843204446 -49.7986687751 -12.0649277396 6.69719802792
59 52469 -0.00870903026153 -49.6946483133 -12.0399496928 6.74951487483
60 51928 -0.00886043332355 -49.5905761553 -12.0932734793 6.70625343798
61 52270 -0.00901136312698 -49.487328895 -12.0709434516 6.71641106611
62 52264 -0.00916232415865 -49.3845556569 -12.0705234969 6.69141897968
63 52554 -0.00931288994236 -49.2825414719 -12.0443291541 6.72736854037
64 52243 -0.00946392606938 -49.1806967348 -12.0228545998 6.77596166006
65 51629 -0.0096158797619 -49.0787231142 -12.0493599969 6.63543745254
66 53041 -0.00976581961809 -48.9785791274 -12.0521708298 6.719103847
67 52505 -0.00991654647176 -48.8783848627 -12.0311143115 6.75480873633
68 51969 -0.0100680712218 -48.7781372073 -12.0447275663 6.73082721779
69 52097 -0.0102194323839 -48.6784719016 -12.051806293 6.6989928378
70 52500 -0.0103702329752 -48.5796436292 -12.0355114864 6.65910599541
71 53079 -0.010520231625 -48.4818010061 -12.0403036436 6.74013888431
72 52335 -0.0106713149031 -48.383711508 -12.0408775202 6.74861061906
73 52046 -0.0108228398275 -48.2857963439 -12.0480736244 6.64839126998
74 53105 -0.0109728686143 -48.1892997429 -12.0498988947 6.66651420904
75 53211 -0.0111227702257 -48.0933307807 -12.0366432737 6.74856719046
76 52322 -0.0112739625622 -47.9969837893 -12.0539392977 6.71676301675
77 52443 -0.0114250032101 -47.9011799134 -12.0381409833 6.62774312536
78 53503 -0.0115745620873 -47.8067525716 -12.0209707516 6.7449759631
79 52476 -0.0117256000989 -47.7118292934 -12.0497881015 6.64688194942
80 53315 -0.0118754676377 -47.6180736558 -12.0520970381 6.63751904318
81 53674 -0.0120248549981 -47.5250437807 -12.0244827413 6.67200113044
82 53387 -0.0121746650085 -47.432174303 -11.9948173117 6.71137220808
83 52869 -0.0123252303267 -47.339261116 -12.039008683 6.64104733791
84 53540 -0.0124748706518 -47.2473375591 -11.992387122 6.67094151264
85 53396 -0.0126247346737 -47.155692231 -12.0258013118 6.63323963203
86 53804 -0.0127740520594 -47.0647920896 -12.0277479245 6.61839525338
87 54105 -0.0129229757845 -46.974537401 -12.0223288458 6.73562306499
88 52846 -0.0130736839653 -46.8836110733 -12.0191413101 6.66139309475
89 53356 -0.013223693667 -46.7935128257 -11.9980405253 6.68392792186
90 53252 -0.0133738711538 -46.7037174933 -12.0142106618 6.60521190205
91 54148 -0.0135228234813 -46.6150510541 -12.0377309295 6.60460110366
92 54422 -0.0136714217078 -46.526986108 -12.0097044157 6.68091611558
93 53616 -0.0138211543306 -46.4386409998 -12.0120633863 6.69152322934
94 53283 -0.0139713771199 -46.350399628 -12.0108892434 6.64229951479
95 53769 -0.0141209415947 -46.2629333788 -12.0292442654 6.54665199368
96 55052 -0.0142687749446 -46.1768578797 -12.0081466479 6.71034091597
97 53493 -0.0144187682444 -46.0899067055 -12.0091659186 6.69450495984
98 53260 -0.0145691123641 -46.0031357114 -12.0161887044 6.56921299353
99 54668 -0.0147175293029 -45.9178511789 -11.9987970205 6.58895588159
100 54848 -0.0148657242697 -45.8330627374 -12.0152898016 6.61821615139
101 54561 -0.0150143298897 -45.7484067582 -11.9902942046 6.5949824314
102 54769 -0.0151626753317 -45.6642635928 -12.001179009 6.65186454981
103 54165 -0.0153118671001 -45.5800054228 -12.0033772296 6.61032665568
104 54497 -0.0154606251438 -45.4963543514 -11.9806731451 6.64552426183
105 54187 -0.0156098305016 -45.4128126641 -12.0020746961 6.59867237182
106 54665 -0.0157584039289 -45.3299816766 -12.0199450233 6.61164358038
107 54657 -0.0159070095622 -45.2474866965 -11.9741838729 6.59754161734
108 54834 -0.0160553963806 -45.1654641625 -12.0067485548 6.60087377096
109 54856 -0.0162037757456 -45.0837942184 -11.9964034548 6.62924194461
110 54536 -0.016352611438 -45.0022209621 -11.9854089215 6.62468044001
111 54512 -0.0165015015763 -44.9209642446 -11.9756022379 6.61067083018
112 54683 -0.0166501805589 -44.8401662901 -11.9574982641 6.61511968346
113 54690 -0.0167988721428 -44.7597026518 -11.9798177732 6.59037803799
114 54999 -0.016947167187 -44.6797912824 -11.9911883468 6.5771225996
115 55257 -0.0170951365556 -44.6003894313 -11.9821402408 6.60221346503
116 55039 -0.0172434202558 -44.5211515401 -11.9447590612 6.60107136614
117 55004 -0.0173917737722 -44.4422074913 -11.9849717666 6.57006618778
118 55379 -0.0175396453797 -44.3638474533 -11.991847338 6.58094320768
119 55364 -0.0176875575696 -44.2857910583 -11.9858957633 6.58019055925
120 55381 -0.017835469254 -44.2080581158 -11.9584825397 6.57169992154
121 55500 -0.0179832433391 -44.1307182352 -11.9720844739 6.60029363882
122 55199 -0.0181314411409 -44.053476597 -11.9637437913 6.51181311456
123 56206 -0.0182783276125 -43.9772327162 -11.9722752015 6.57612675364
124 55712 -0.0184258852386 -43.9009535739 -11.9543087276 6.52518901744
125 56211 -0.0185728078783 -43.8253125943 -11.9694426153 6.61258193871
126 55294 -0.0187209649327 -43.749347341 -11.9778412612 6.50561381655
127 56357 -0.018867739497 -43.6743972599 -11.9665842224 6.54129790836
128 56228 -0.0190147026275 -43.5996545154 -11.9770305476 6.54552857728
129 56152 -0.019161787356 -43.525152298 -11.963294495 6.55667312562
130 56005 -0.0193090861274 -43.4508429952 -11.961611046 6.49156542744
131 56783 -0.0194553925154 -43.3773310533 -11.9727307724 6.51586171403
132 56711 -0.0196018132283 -43.3040559681 -11.9328568685 6.57060102031
133 56024 -0.0197491508344 -43.2306174462 -11.9401888708 6.53185918218
134 56321 -0.0198961194516 -43.1576563088 -11.9646622085 6.5845012839
135 55769 -0.0200438357933 -43.0846175499 -11.9558700526 6.51184364908
136 56521 -0.0201905873062 -43.0123455682 -11.9645522702 6.49318455383
137 56981 -0.0203367662319 -42.9406409524 -11.9487277096 6.59549759772
138 55850 -0.0204844383531 -42.8684913766 -11.9541276567 6.5073974603
139 56635 -0.0206311058023 -42.7971169878 -11.9576533072 6.52723797772
140 56621 -0.0207778115159 -42.7260057739 -11.9383722564 6.50339972234
141 56928 -0.0209241428726 -42.6553551281 -11.9460333554 6.51610781419
142 56866 -0.0210705743239 -42.5849335633 -11.9368631332 6.49627243599
143 57110 -0.0212167134082 -42.5149276636 -11.9174429721 6.55350774465
144 56473 -0.0213636956952 -42.4447933935 -11.9465910075 6.56083547855
145 56217 -0.0215110331832 -42.3747653693 -11.9484692009 6.5497720153
146 56294 -0.0216582916589 -42.305049136 -11.9088677836 6.47292702532
147 57290 -0.021804285512 -42.2362006814 -11.9376523685 6.50347652787
148 57198 -0.021950418049 -42.1675535687 -11.928910672 6.5141384684
149 57049 -0.0220967617726 -42.099073159 -11.9302468584 6.47913651308
150 57462 -0.0222425990924 -42.0310929197 -11.9485647419 6.55126070132
151 56680 -0.0223894602642 -41.9628994206 -11.9312609389 6.53902981283
152 56627 -0.02253641118 -41.8949278912 -11.9215674391 6.49233055234
153 57210 -0.022682632381 -41.8275541495 -11.9132747499 6.53685219923
154 56826 -0.0228293683897 -41.7602026958 -11.9342193003 6.45554187765
155 57759 -0.0229749343481 -41.6936436799 -11.9145484646 6.49439478393
156 57539 -0.0231208000605 -41.6272013079 -11.9213072729 6.55294718604
157 56750 -0.0232676962437 -41.5605447616 -11.9331599305 6.45734341374
158 57750 -0.0234133365782 -41.4947094797 -11.9343246181 6.44919565342
159 58153 -0.0235584923059 -41.4293409314 -11.9111025904 6.55780070316
160 56893 -0.0237052675663 -41.3634930514 -11.9055443747 6.44574057446
161 57976 -0.0238506860724 -41.2985003733 -11.9019458807 6.51322203356
162 57430 -0.0239968145029 -41.2334361932 -11.9077034518 6.42071963602
163 58479 -0.0241416470528 -41.1691907718 -11.9198701898 6.49486007397
164 57827 -0.0242873141979 -41.1048165564 -11.9384357627 6.53437043902
165 57157 -0.0244338545265 -41.0402993925 -11.9079551745 6.39740600708
166 58741 -0.0245784256254 -40.9768866655 -11.9264992591 6.55936855422
167 57114 -0.0247250621184 -40.9128075818 -11.8882038553 6.46706669374
168 57848 -0.0248707865421 -40.8493647766 -11.8964563487 6.44220939064
169 58390 -0.0250158528664 -40.7864425478 -11.89705066 6.41762785585
170 58878 -0.0251603372027 -40.7240036127 -11.9011820283 6.48510868593
171 58146 -0.0253057489812 -40.6613952259 -11.8728400718 6.50654364272
172 57680 -0.0254517676595 -40.5987577912 -11.9107747574 6.42710091339
173 58587 -0.0255966725227 -40.5368269747 -11.9061306276 6.53471811167
174 57466 -0.0257430042382 -40.4745163981 -11.9185993724 6.47917411564
175 57875 -0.0258888388622 -40.4126462473 -11.8913340876 6.46696568852
176 58160 -0.0260343364902 -40.3511453995 -11.8932707249 6.45370368672
177 58425 -0.0261795250557 -40.2899993164 -11.8896195785 6.49143788508
178 58022 -0.0263252366354 -40.2288568441 -11.8924903514 6.40789660305
179 59009 -0.0264697448407 -40.1684396363 -11.895202463 6.4444657537
180 58820 -0.0266145062895 -40.1081353417 -11.8828273142 6.45909919212
181 58587 -0.0267595751784 -40.0479214759 -11.9014619074 6.42497327434
182 58981 -0.0269041788974 -39.9881172034 -11.8839244825 6.39229072957
183 59539 -0.0270481236945 -39.9287989886 -11.904528255 6.42048437245
184 59333 -0.0271923392031 -39.869581738 -11.8803781816 6.50518366749
185 58178 -0.0273379997569 -39.8099859073 -11.8798987077 6.33633189596
186 60096 -0.0274813364737 -39.751550449 -11.8840777629 6.45127214968
187 59114 -0.0276258789071 -39.6928328667 -11.8737914696 6.35917283781
188 60083 -0.0277692711199 -39.6347892406 -11.8947103821 6.4376115644
189 59316 -0.0279136083514 -39.5765699007 -11.8698172412 6.39871487719
190 59633 -0.0280575819737 -39.5187028546 -11.8759729247 6.41167789103
191 59560 -0.0282016629436 -39.4609971826 -11.8636534104 6.42261658456
192 59406 -0.028345951187 -39.4034124589 -11.8723437734 6.37630183856
193 59996 -0.0284895488003 -39.3463049492 -11.8887692542 6.39602459278
194 59908 -0.0286332711614 -39.2893481438 -11.8762443363 6.35148597681
195 60500 -0.0287763087557 -39.2328606492 -11.8699197883 6.43103618732
196 59602 -0.0289204399974 -39.1761399592 -11.8907001257 6.38466982628
197 59987 -0.0290641288094 -39.1197908926 -11.8721952402 6.37867707844
198 60189 -0.0292075962847 -39.06372436 -11.8617864666 6.41751463535
199 59733 -0.0293516294584 -39.0076324803 -11.8680905944 6.34969733389
200 60535 -0.0294947254416 -38.9520987782 -11.8581851107 6.37066959824
201 60488 -0.0296378972246 -38.8967273925 -11.852159215 6.42235391295
202 59787 -0.0297819257355 -38.8412171855 -11.8637191032 6.36665890645
203 60356 -0.0299252945497 -38.7861520168 -11.864842419 6.38137768526
204 60328 -0.0300687158134 -38.731256179 -11.8427494767 6.41946411927
205 59818 -0.030212767732 -38.6763087398 -11.8558054232 6.35640084012
206 60541 -0.03035597715 -38.6218702433 -11.844271772 6.3716102876
207 60550 -0.0304991957638 -38.567614345 -11.8743748183 6.36432724647
208 60664 -0.0306422992405 -38.5135869981 -11.8285514267 6.41560858949
209 60011 -0.030786199505 -38.4594442932 -11.8560483451 6.35349526474
210 60684 -0.0309293193308 -38.4057787631 -11.8475467852 6.38641561034
211 60436 -0.0310727522281 -38.3521785485 -11.8476917403 6.34587882712
212 60934 -0.0312156177864 -38.2989712544 -11.8473226593 6.36206981457
213 60864 -0.031358585717 -38.2459056706 -11.8482473988 6.34030236635
214 61157 -0.0315012303839 -38.1931384671 -11.8364377251 6.35257975075
215 61081 -0.0316439827791 -38.1405089159 -11.848364149 6.32136543737
216 61506 -0.0317862610229 -38.0882299804 -11.8490388538 6.38205621173
217 60796 -0.031929387165 -38.0358156974 -11.8422997384 6.35578909271
218 60972 -0.0320723268682 -37.9836451977 -11.8342169568 6.34092494856
219 61240 -0.0322149737863 -37.9317555457 -11.8157500417 6.45448174375
220 59778 -0.0323593740739 -37.8794042285 -11.8423917651 6.32503248423
221 61142 -0.0325021742384 -37.8278064466 -11.8428390617 6.34717154679
222 61237 -0.0326448829925 -37.7764131304 -11.8376273477 6.3015887521
223 61914 -0.0327868292762 -37.725463575 -11.8281145111 6.31360755465
224 61949 -0.0329287556329 -37.6746890314 -11.8453531393 6.33282057746
225 61700 -0.0330709868018 -37.623973006 -11.8154142057 6.35734443303
226 61301 -0.0332137002614 -37.5732527837 -11.8163517058 6.33758043068
227 61476 -0.0333562295248 -37.5227649394 -11.8014412326 6.27779324251
228 62381 -0.0334977407072 -37.4728019481 -11.836676509 6.33404338768
229 61852 -0.0336398752812 -37.4227827724 -11.8435259402 6.35879808223
230 61372 -0.0337825851011 -37.3727256317 -11.8383339519 6.33725645779
231 61550 -0.0339251079919 -37.322897741 -11.8251423841 6.2914000395
232 62258 -0.0340668370952 -37.2735087947 -11.8119353454 6.27185508526
233 62751 -0.0342080274715 -37.2244668685 -11.8066495618 6.34217324927
234 61901 -0.0343502033747 -37.1752425044 -11.8362877183 6.29605265124
235 62329 -0.0344919104691 -37.1263393305 -11.8067015 6.31923420961
236 62133 -0.0346338604531 -37.0775105967 -11.8374427007 6.36699064719
237 61420 -0.0347766506517 -37.0285518808 -11.8163153444 6.27674911431
238 62503 -0.0349182182381 -36.9801690763 -11.8215033428 6.28346107927
239 62728 -0.035059550861 -36.9320214813 -11.8100085991 6.35139096972
240 61839 -0.0352019156968 -36.8836779772 -11.7939707707 6.28117825148
241 62597 -0.0353434352329 -36.8357756902 -11.8297496781 6.27280053676
242 62945 -0.035484581979 -36.7881519698 -11.8049248529 6.29347122353
243 62758 -0.0356259582823 -36.7406026278 -11.830258637 6.28015143611
244 62910 -0.0357671836852 -36.693255036 -11.8297886357 6.28006732316
245 62966 -0.0359083651456 -36.6460723129 -11.8086168153 6.32809169705
246 62307 -0.0360503107323 -36.5987848414 -11.8077578454 6.25246007321
247 63219 -0.0361912482266 -36.5519819258 -11.7853547419 6.26053887576
248 63373 -0.036332033149 -36.505376935 -11.8003721297 6.25479816107
249 63512 -0.0364726825212 -36.4589630976 -11.7922447706 6.27908556195
250 63210 -0.0366136865981 -36.4125782898 -11.8138031112 6.34750035353
251 62160 -0.0367558962937 -36.3659443362 -11.8108292246 6.28114552075
252 62824 -0.0368973717994 -36.3196973939 -11.7975101641 6.28345219233
253 62992 -0.0370386784169 -36.273650594 -11.7997586326 6.24613745969
254 63593 -0.0371793341979 -36.2279590603 -11.8025751784 6.34347123977
255 62371 -0.0373213808831 -36.1819600013 -11.7682686069 6.25593310952
256 63298 -0.0374624029437 -36.1364355333 -11.7969860772 6.25924805272
257 63526 -0.0376031908146 -36.0911279255 -11.7896660153 6.24599154844
258 63797 -0.0377436986161 -36.0460505225 -11.7831476372 6.2550894698
259 63752 -0.0378842747779 -36.0010905834 -11.798482665 6.30281430121
260 63058 -0.0380256417294 -35.9560176923 -11.7855834551 6.28806294829
261 63090 -0.0381669922515 -35.9110897273 -11.7900173821 6.24532313622
262 63732 -0.0383076471771 -35.8665208716 -11.7961233014 6.22536145541
263 64222 -0.0384477843243 -35.822252374 -11.7614894445 6.24193168455
264 64127 -0.0385880436876 -35.7780808686 -11.7795698109 6.29265714913
265 63370 -0.0387291575363 -35.733776542 -11.8131999803 6.17294152023
266 64938 -0.0388685759977 -35.6901381344 -11.7796862061 6.25214942966
267 64213 -0.0390087988506 -35.6463813213 -11.7737370052 6.24565883843
268 64119 -0.0391491424861 -35.6027201429 -11.8004722698 6.20526206206
269 64706 -0.0392888672424 -35.5593834044 -11.7739179683 6.25280284209
270 64176 -0.0394291866491 -35.5159940908 -11.7935466644 6.24101737635
271 64215 -0.0395694825365 -35.4727435642 -11.7651825988 6.23189575538
272 64374 -0.0397096243131 -35.4296712454 -11.7814406964 6.23013945746
273 64457 -0.0398496943177 -35.3867509278 -11.780476645 6.20615409176
274 64851 -0.0399893565275 -35.3440843322 -11.7727868305 6.26145374209
275 64151 -0.040129798312 -35.3013086559 -11.7683222075 6.19124183189
276 65014 -0.0402693237693 -35.2589396777 -11.7688880845 6.20527091567
277 65060 -0.0404088186515 -35.2167065644 -11.7607454225 6.22116429099
278 64846 -0.0405485618646 -35.1745246105 -11.7477083784 6.23560377176
279 64583 -0.0406886083593 -35.1323774167 -11.7623494323 6.18708292609
280 65250 -0.0408279555783 -35.0905656154 -11.7555698452 6.15648195502
281 65920 -0.0409666118208 -35.0490843075 -11.767465306 6.25981881505
282 64555 -0.0411067444278 -35.0072855982 -11.774854461 6.20570495538
283 64999 -0.041246417023 -34.9657478769 -11.7669167188 6.23482548664
284 64699 -0.0413864310104 -34.9242321086 -11.7606621276 6.19769097
285 65185 -0.041525940795 -34.8829882679 -11.7667614085 6.228755373
286 64867 -0.041665811169 -34.8417599668 -11.7564026916 6.22864338966
287 64792 -0.041805780917 -34.8006242692 -11.759179894 6.18023315097
288 65514 -0.0419449960719 -34.7598307654 -11.7425595275 6.17466088957
289 65817 -0.042083909185 -34.7192449577 -11.7487650066 6.20289655326
290 65484 -0.0422231938652 -34.6786696118 -11.7600831246 6.12971121154
291 66528 -0.0423613997157 -34.6385258332 -11.741130058 6.23182749076
292 65266 -0.0425009534185 -34.5981085906 -11.7500440072 6.17723609923
293 65758 -0.0426400032654 -34.5579547349 -11.7642279904 6.20140790282
294 65540 -0.0427793022018 -34.5178460062 -11.7439367263 6.11836413988
295 66772 -0.042917328763 -34.4782187019 -11.752759829 6.13107036549
296 66937 -0.0430552033113 -34.4387489007 -11.7583479168 6.13470711468
297 66939 -0.0431930939682 -34.399387822 -11.741682861 6.2052851608
298 65858 -0.0433321301301 -34.3598140257 -11.7271663023 6.13875517854
299 66596 -0.0434704124667 -34.3205681158 -11.7402350823 6.20611443124
300 65776 -0.0436095719433 -34.2811868739 -11.7378238019 6.15942903817
301 66277 -0.0437482232115 -34.2420623147 -11.741947219 6.11407071019
302 67141 -0.0438859984101 -34.2032960824 -11.7548765126 6.12119422973
303 67286 -0.0440236425457 -34.164676869 -11.7138477591 6.16403493246
304 66667 -0.044161942631 -34.1259840245 -11.7285894276 6.18068242101
305 66250 -0.0443006960111 -34.0872751088 -11.7073727005 6.20624794896
306 65754 -0.0444399898938 -34.048526514 -11.7311470197 6.13680718541
307 66698 -0.044578313094 -34.0101576411 -11.736114229 6.15848813146
308 66641 -0.0447167141377 -33.9718761227 -11.7266397791 6.1401432994
309 66924 -0.0448548403756 -33.9337788133 -11.7177852547 6.16395024441
310 66644 -0.0449932743441 -33.8957046254 -11.7161771938 6.12214059365
311 67233 -0.0451311189635 -33.8578995097 -11.734125285 6.15964205182
312 66823 -0.0452694042829 -33.8200803458 -11.7063257403 6.20543463891
313 66013 -0.0454085535914 -33.7821324349 -11.7167693296 6.09847804512
314 67464 -0.0455462165554 -33.7446955836 -11.7386336178 6.17036535028
315 66758 -0.0456846242485 -33.7071617657 -11.7381588327 6.06128053371
316 68301 -0.0458214774942 -33.6701531255 -11.7072173896 6.17424218857
317 66952 -0.0459597203791 -33.6328728867 -11.732025381 6.14088366124
318 67115 -0.0460978143489 -33.5957369278 -11.7321134897 6.10113910878
319 67803 -0.0462352237575 -33.5588879273 -11.7051051851 6.11718754593
320 67754 -0.0463727004285 -33.5221231544 -11.7134225553 6.09829674364
321 68055 -0.0465098907332 -33.4855365168 -11.7160192144 6.14794363864
322 67362 -0.0466478032122 -33.4488591177 -11.7166548105 6.05510490855
323 68666 -0.0467844176214 -33.4126271877 -11.7019016112 6.15184487909
324 67494 -0.0469222314463 -33.37617784 -11.6918293597 6.14436770075
325 67301 -0.0470602611338 -33.339772348 -11.7143566564 6.06486602296
326 68529 -0.0471970661566 -33.3037891431 -11.7162749471 6.12842246443
327 67867 -0.0473345548004 -33.267725304 -11.7144763133 6.10909658515
328 68004 -0.0474719230002 -33.2317919477 -11.6822721854 6.10539111254
329 68115 -0.0476091974463 -33.1959814613 -11.7099192206 6.08603862406
330 68471 -0.0477461326477 -33.1603570251 -11.7111167661 6.12473110845
331 67961 -0.0478835980355 -33.1246922609 -11.7106708925 6.04884597926
332 69058 -0.0480199857395 -33.0894033526 -11.7065643315 6.12340715037
333 68170 -0.0481572759561 -33.0539773703 -11.7026326076 6.0755946892
334 68707 -0.0482940469265 -33.018781199 -11.7116339779 6.06309927777
335 69076 -0.0484304699506 -32.9837694657 -11.6952935451 6.09349714535
336 68697 -0.0485672866505 -32.9487515076 -11.7073974117 6.06382407271
337 69087 -0.0487037341985 -32.9139222179 -11.707404152 6.06359979006
338 69214 -0.0488400745119 -32.8792138737 -11.695190856 6.06880744555
339 69177 -0.04897646882 -32.8445850044 -11.686102606 6.06473779424
340 69246 -0.0491128125557 -32.810061793 -11.6767810296 6.09497412495
341 68785 -0.0492496309806 -32.7755113034 -11.681007961 6.06766456052
342 69114 -0.0493861410152 -32.7411310876 -11.6779007187 6.08131678414
343 68996 -0.0495227851846 -32.7068091529 -11.6751243173 6.07159447876
344 69135 -0.0496593099448 -32.6726088356 -11.7067432041 6.09389510988
345 68823 -0.0497961616103 -32.6384181777 -11.6703738437 6.05437414163
346 69394 -0.0499324661904 -32.6044549554 -11.6894431387 6.03171852511
347 69945 -0.0500682510559 -32.5707109321 -11.6803610465 6.09137844642
348 69127 -0.0502048542544 -32.5368535308 -11.6862144984 6.0610427124
349 69410 -0.0503411969728 -32.5031503373 -11.6782021832 6.06688484777
350 69406 -0.0504775608243 -32.4695311518 -11.672342803 6.00646086132
351 70423 -0.0506129539353 -32.4362392374 -11.696416074 6.04768808594
352 70033 -0.0507487409223 -32.4029381438 -11.6858241183 6.07504624867
353 69484 -0.0508850808251 -32.3695894432 -11.6864762869 6.01045372379
354 70418 -0.0510205318327 -32.3365451391 -11.6717360883 6.04860438698
355 70056 -0.0511563497324 -32.3034980331 -11.6647308939 6.07787591803
356 69483 -0.0512927439092 -32.270397745 -11.6718876398 6.0263755808
357 70190 -0.0514284674372 -32.2375464554 -11.6737449523 6.02895070076
358 70360 -0.0515640441292 -32.2048162683 -11.6765711055 6.03611588297
359 70301 -0.0516996954914 -32.1721533115 -11.6637955129 6.02559355411
360 70474 -0.0518351976352 -32.1396110975 -11.636802212 6.10258322262
361 69257 -0.0519719025128 -32.1068656029 -11.6733047442 5.94062495156
362 71645 -0.0521063270208 -32.074749822 -11.6516050958 6.06317980953
363 70255 -0.0522420923916 -32.0423973978 -11.6540026708 6.00410011573
364 70876 -0.0523772791929 -32.0102661116 -11.6555949666 6.02576330523
365 70698 -0.0525126536913 -31.9781731585 -11.6563479567 6.02766861227
366 70629 -0.0526481116398 -31.9461431858 -11.6766792406 6.00338946621
367 71033 -0.0527832005506 -31.9142826129 -11.6656014529 6.01161553204
368 71021 -0.0529183189868 -31.8824968187 -11.658651188 6.05235938804
369 70343 -0.053054104162 -31.8506362238 -11.6647677671 6.10648703577
370 69273 -0.0531909516984 -31.8186092559 -11.6540881501 5.96290326017
371 71386 -0.0533257764042 -31.7871367767 -11.6398066543 6.05538043235
372 70432 -0.0534615279374 -31.7555289437 -11.6452586819 5.9721943712
373 71590 -0.0535961951422 -31.7242535835 -11.6404413164 5.9880171401
374 71660 -0.053730813405 -31.6930689288 -11.6575558905 6.03212067031
375 70939 -0.0538661310007 -31.6618019164 -11.6449418178 5.97815472173
376 71672 -0.0540007726808 -31.6307700409 -11.6675384774 5.99405059936
377 71619 -0.0541354813547 -31.5998012488 -11.6605936145 5.97889512576
378 71878 -0.0542699638463 -31.5689625086 -11.6217074214 5.99465886653
379 71692 -0.0544046377776 -31.5381577329 -11.6539681685 5.9679734922
380 72114 -0.0545389340999 -31.5075166344 -11.6330083192 6.00188980051
381 71660 -0.0546736727012 -31.4768519152 -11.6270183249 5.98490523619
382 71839 -0.0548082608367 -31.4462984412 -11.6683548043 5.99269173107
383 71768 -0.0549429325038 -31.4158027489 -11.6374632113 5.97787186221
384 72017 -0.0550773881105 -31.3854322831 -11.6324954327 6.01884326973
385 71395 -0.0552124454393 -31.3550023705 -11.6378913033 5.95461079554
386 72342 -0.0553466333528 -31.324843968 -11.6323737528 5.96135786702
387 72506 -0.0554806860784 -31.2947909348 -11.6305725791 5.98697467398
388 72119 -0.0556151150668 -31.2647285364 -11.6441778005 5.98796730356
389 72007 -0.0557496657742 -31.2347138376 -11.6542324316 5.90882247446
390 73377 -0.0558829711874 -31.2050505772 -11.6484033117 5.91849438674
391 73609 -0.0560160833 -31.1755032086 -11.6445435568 6.02320637552
392 71848 -0.0561508338608 -31.1456660536 -11.6421184388 5.97076453675
393 72282 -0.056285196787 -31.1159884986 -11.6394901898 5.97864858215
394 72280 -0.0564195781959 -31.0863802691 -11.6537833204 5.95046095119
395 72786 -0.0565535092456 -31.0569440461 -11.6364703929 5.9620467571
396 72738 -0.0566875009625 -31.0275669315 -11.6153256429 5.96041874446
397 72767 -0.0568214835392 -30.9982640099 -11.6007731457 5.99307381293
398 72218 -0.0569559912895 -30.9689185777 -11.6023853228 5.89962555942
399 73723 -0.057089135898 -30.9399416751 -11.6270412656 5.96985568797
400 72915 -0.0572230330327 -30.9108721124 -11.6087665557 5.98958563096
401 72359 -0.057357460471 -30.8817589012 -11.6244480454 5.94170453754
402 73055 -0.0574912628426 -30.8528519305 -11.6158452432 5.92175826922
403 73621 -0.0576245672691 -30.824122594 -11.6191630387 5.9129239463
404 73953 -0.0577575888872 -30.7955236621 -11.6135753616 5.98225786227
405 72827 -0.0578916519356 -30.7667707756 -11.6081684925 5.95811493886
406 72951 -0.058025617122 -30.7381087703 -11.6123462747 5.94567311502
407 73219 -0.0581593539283 -30.7095650663 -11.6035771712 5.94084223309
408 73394 -0.0582929484743 -30.6811207474 -11.6031545309 5.88422293751
409 74474 -0.0584255876487 -30.6529478464 -11.6194056887 5.92411903834
410 74071 -0.0585586034438 -30.6247627591 -11.6237228325 5.94304703097
411 73633 -0.0586920311089 -30.5965583788 -11.6164520414 5.90729449375
412 74165 -0.0588249964493 -30.568519218 -11.6124422698 5.92258339719
413 74053 -0.0589580790147 -30.5405225629 -11.6400217394 5.86493290176
414 75082 -0.0590902625233 -30.512781384 -11.5963851527 5.94265129363
415 73973 -0.0592234500922 -30.4848961209 -11.6015455037 5.90277206451
416 74396 -0.0593562748814 -30.4571531945 -11.595343529 5.93416747101
417 73963 -0.0594895054082 -30.4293918842 -11.6099215781 5.8161852256
418 76014 -0.0596209423572 -30.4020692021 -11.600737869 5.88472427791
419 75338 -0.0597529837067 -30.3746855582 -11.6058923846 5.91247885554
420 74656 -0.0598856435765 -30.3472386984 -11.5912471798 5.95386217721
421 73735 -0.0600191460883 -30.319683101 -11.6088848485 5.92031183881
422 74093 -0.0601523428781 -30.2922559611 -11.5930609235 5.90315789019
423 74517 -0.0602851763777 -30.2649684142 -11.5862114602 5.90729499054
424 74575 -0.0604179748679 -30.2377525065 -11.6184206183 5.88455455891
425 75020 -0.060550395898 -30.2106778976 -11.5698556466 5.92343294959
426 74450 -0.0606833393136 -30.1835604891 -11.5807145462 5.92847949625
427 74213 -0.0608165110669 -30.1564605799 -11.6028390134 5.88394892723
428 74968 -0.0609490271957 -30.1295575245 -11.5917816381 5.87493463224
429 75362 -0.0610812134631 -30.1027842632 -11.6032071598 5.87991765335
430 75395 -0.0612133875086 -30.0760760014 -11.5946650673 5.84251832716
431 76112 -0.0613449534548 -30.049552495 -11.5633802252 5.91543446233
432 74978 -0.0614775275084 -30.0228879879 -11.5978437723 5.83342979958
433 76190 -0.0616090588623 -29.996494722 -11.5865905633 5.87235615725
434 75820 -0.0617409267843 -29.9700952262 -11.5777604769 5.84913002698
435 76163 -0.0618725138439 -29.9438129386 -11.5811210289 5.80740491357
436 77062 -0.0620033474777 -29.9177413234 -11.5735122959 5.85768987857
437 76378 -0.0621347823779 -29.8916101174 -11.5703550068 5.90469295492
438 75328 -0.06226714584 -29.8653550976 -11.5759683332 5.86433808633
439 75795 -0.0623991178985 -29.8392382503 -11.5718930617 5.88433729001
440 75569 -0.0625313031846 -29.8131395926 -11.5789569791 5.81013171346
441 76908 -0.0626623488547 -29.7873253951 -11.5954509399 5.82215061438
442 77075 -0.0627932688126 -29.7615948739 -11.5655249355 5.91124695756
443 75466 -0.062925593743 -29.7356478589 -11.5701900368 5.83098970255
444 76525 -0.0630570157096 -29.7099370428 -11.5733756162 5.9203411374
445 75176 -0.0631896286899 -29.6840527621 -11.5506010937 5.83132454484
446 76463 -0.0633211369195 -29.6584429787 -11.5671694517 5.86388340858
447 76231 -0.0634528613359 -29.6328496607 -11.591042119 5.81678054786
448 77068 -0.0635838850204 -29.6074504429 -11.5741185552 5.85859833667
449 76526 -0.0637153878523 -29.5820162621 -11.5569291434 5.84388166089
450 76665 -0.0638467874029 -29.5566598217 -11.5634488362 5.81175087914
451 77328 -0.0639776385932 -29.5314663894 -11.5518648668 5.86551121563
452 76509 -0.0641092048709 -29.5061926252 -11.566789559 5.81500393287
453 77249 -0.0642401553593 -29.4810940646 -11.566613553 5.80907390573
454 77586 -0.0643708371256 -29.4561034238 -11.5603007829 5.81708892147
455 77541 -0.0645015730199 -29.4311586379 -11.537147353 5.83697611065
456 77162 -0.0646326455662 -29.4062058664 -11.5610136042 5.79173841282
457 77937 -0.0647630813805 -29.3814300388 -11.5690250504 5.85281754556
458 76998 -0.0648943256293 -29.3565565761 -11.5526907251 5.79026729843
459 77946 -0.0650247858947 -29.3318871066 -11.5534240008 5.8077924708
460 77890 -0.0651553091553 -29.3072608298 -11.5524405623 5.80467269452
461 77948 -0.0652857996399 -29.2826956538 -11.5680154619 5.81672724561
462 77745 -0.0654164758483 -29.258150362 -11.5478508524 5.8323401699
463 77403 -0.0655474567641 -29.2336027341 -11.5555747183 5.82900055917
464 77385 -0.0656784691914 -29.2091040022 -11.5374808517 5.81984590767
465 77569 -0.0658093424249 -29.1846858408 -11.5615396713 5.77865019556
466 78431 -0.065939510541 -29.1604531359 -11.5457402275 5.80616810902
467 78153 -0.0660699254639 -29.1362282131 -11.5414249282 5.83121041156
468 77607 -0.0662008146537 -29.1119690915 -11.5463843796 5.77141325683
469 78624 -0.0663308702742 -29.0879177714 -11.5349251724 5.78347192005
470 78690 -0.0664608868035 -29.0639266214 -11.5299113017 5.7952546344
471 78493 -0.0665910829444 -29.0399551999 -11.5434308149 5.8013674657
472 78332 -0.0667214281556 -29.0160091595 -11.5439899143 5.79859115055
473 78355 -0.0668517705102 -28.9921163293 -11.539318061 5.72829872633
474 79760 -0.0669809756164 -28.9684837962 -11.5346733938 5.8111585806
475 78534 -0.0671112008236 -28.9447167274 -11.5393402362 5.81749282663
476 78086 -0.0672418149965 -28.9209309879 -11.5368869488 5.81470936944
477 78029 -0.0673724934126 -28.8971858157 -11.5212634942 5.80752525771
