gpomdp_grad 0.75 1.61660056386e-05 -0.588403348999

1 1000 0 -56.6666666667 -12.0202608012 -6.00295258627
2 34206 0 -56.6666666667 -12.1647857146 6.83554796445
3 33402 -0.000152936430148 -56.5248382745 -12.148835257 6.89362107176
4 32786 -0.000307325890003 -56.3824742605 -12.1544240593 6.79969222623
5 33273 -0.000460605166037 -56.2419340782 -12.1609038359 6.88191573054
6 32846 -0.000614901807211 -56.1012594741 -12.1271776606 6.78983931181
7 33374 -0.00076799550287 -55.9624666537 -12.1474893942 6.85705253156
8 33060 -0.000921838229609 -55.8237758836 -12.1123941034 6.85766904276
9 32976 -0.00107590124503 -55.685664666 -12.1533174372 6.82217915279
10 33206 -0.0012294521781 -55.5487808705 -12.1444428437 6.76825967087
11 33660 -0.00138198796956 -55.4135552211 -12.1272709497 6.85484017128
12 33184 -0.00153563816165 -55.2780943058 -12.1271332444 6.93490480912
13 32510 -0.00169089542157 -55.1419775249 -12.1140427745 6.79667119921
14 33280 -0.00184436972864 -55.0081694651 -12.1277807089 6.85927519067
15 33070 -0.00199835536413 -54.8746544315 -12.1380006375 6.7963994133
16 33458 -0.00215146781972 -54.7426242692 -12.1258622178 6.90420957224
17 32823 -0.00230607824334 -54.6100327545 -12.1407443676 6.84779122316
18 33043 -0.00246019722603 -54.4785871453 -12.1190372216 6.77530171114
19 33622 -0.00261300621846 -54.3489670987 -12.1376219197 6.87405655684
20 33098 -0.00276704394952 -54.2190127891 -12.116231492 6.88243979938
21 32903 -0.00292156219908 -54.0893614882 -12.1138121583 6.70315220572
22 34123 -0.00307331676089 -53.9627141298 -12.1147145355 6.82329024327
23 33615 -0.00322623717606 -53.8357749858 -12.0964240395 6.80041076193
24 33644 -0.00337911506546 -53.7095492046 -12.1455137035 6.78248265547
25 33787 -0.00353169115855 -53.5842431911 -12.099151482 6.77197044799
26 33910 -0.00368401287984 -53.4598090396 -12.1134269727 6.84308254196
27 33445 -0.00383741291409 -53.3351581525 -12.1239630906 6.88596754653
28 33025 -0.00399180914152 -53.2103654462 -12.1185785904 6.88906116866
29 32895 -0.00414653510554 -53.085972873 -12.1198091354 6.74963968007
30 33844 -0.004299099465 -52.9639664027 -12.1072059674 6.84524156933
31 33442 -0.00445260232893 -52.8418539568 -12.1182680133 6.67611418175
32 34555 -0.00460363439861 -52.7223331305 -12.1246229899 6.77984963584
33 34120 -0.00475564993925 -52.6026562469 -12.08928504 6.88413213137
34 33266 -0.00490962727437 -52.4820663559 -12.1362984895 6.72388786689
35 34176 -0.00506156519839 -52.3636917695 -12.086483537 6.77527351209
36 34070 -0.00521376072257 -52.2457272809 -12.0955827905 6.84796268457
37 33528 -0.00536720413251 -52.1274096628 -12.0856011591 6.74010254898
38 34156 -0.00551925451882 -52.0107697367 -12.083982581 6.75080192015
39 34265 -0.00567108636022 -51.8948923807 -12.1262400059 6.76008829402
40 34235 -0.00582300679461 -51.7795378988 -12.1060085197 6.67433014392
41 34868 -0.0059735659831 -51.6657953606 -12.0815454675 6.78881719609
42 34208 -0.00612559327778 -51.5515234913 -12.1155850917 6.77110067951
43 34161 -0.00627774653153 -51.4377358637 -12.0926175992 6.72098136048
44 34522 -0.00642912537491 -51.3250977971 -12.0707581613 6.72171812286
45 34627 -0.00658029853322 -51.2131763267 -12.1201358582 6.75111219192
46 34447 -0.00673188875127 -51.1015073629 -12.0890297871 6.6352872582
47 35269 -0.00688172372211 -50.9916796298 -12.0755333454 6.82087957655
48 34128 -0.00703406624858 -50.8805685262 -12.1009961246 6.76161963242
49 34252 -0.00718615483261 -50.7701963519 -12.0808480469 6.8066597946
50 33968 -0.00733890047816 -50.6599000429 -12.0598409965 6.78670962968
51 34040 -0.00749150828323 -50.5502523024 -12.0881745079 6.77098113282
52 34182 -0.00764382292507 -50.4413583487 -12.099434146 6.72846561071
53 34540 -0.00779536761885 -50.3335494018 -12.0871091971 6.67732918917
54 35031 -0.00794586979996 -50.2270059404 -12.0528766252 6.79356828695
55 34314 -0.00809795812227 -50.1198660615 -12.0818183945 6.72610835973
56 34618 -0.00824940160061 -50.0137024609 -12.0803713122 6.77769964097
57 34332 -0.00840149755167 -49.9076019226 -12.0489461552 6.58875684558
58 35676 -0.00855072226356 -49.8040075631 -12.0666312884 6.80161550598
59 34459 -0.00870258201741 -49.6990919368 -12.0705025275 6.74619891473
60 34540 -0.00885428588871 -49.5947920076 -12.0668024889 6.69918504801
61 34920 -0.00900518610697 -49.4915446946 -12.0588829869 6.78882005173
62 34371 -0.00915730927527 -49.3879618368 -12.0658886987 6.62908404791
63 35416 -0.00930719367278 -49.286392052 -12.0807240405 6.70397607378
64 35153 -0.00945766007008 -49.1849122676 -12.0491614064 6.80191040311
65 34361 -0.00960987312848 -49.0827447835 -12.0621831451 6.61222730351
66 35565 -0.0097595103957 -48.9827834929 -12.0367099993 6.66025340666
67 35550 -0.0099092005344 -48.8832570085 -12.0713588893 6.79729367038
68 34524 -0.0100611211615 -48.7827248988 -12.0255857877 6.62480949592
69 35539 -0.0102108798678 -48.6840908199 -12.0413979239 6.65820965861
70 35582 -0.0103605711256 -48.5859616532 -12.0687649196 6.7201251948
71 35130 -0.0105112441195 -48.4876506014 -12.0471979567 6.75815733272
72 34728 -0.0106628078099 -48.3892224374 -12.0452455293 6.66803341984
73 35299 -0.0108131651256 -48.2920343834 -12.0358013718 6.69279926492
74 35280 -0.0109635834408 -48.1952588572 -12.0421455146 6.65175734998
75 35596 -0.0111133559249 -48.0993448817 -12.0518586043 6.67929862902
76 35481 -0.0112633919621 -48.0037053079 -12.0491990457 6.66320080046
77 35580 -0.0114132421169 -47.9086239314 -12.0354880908 6.74408779683
78 35002 -0.0115643474687 -47.813188036 -12.0278740918 6.70157452898
79 35168 -0.0117151179106 -47.7184029141 -12.009128266 6.62047734733
80 35843 -0.0118644833805 -47.6249307469 -12.0173662144 6.73962636321
81 35130 -0.012015380646 -47.5309313059 -12.0292613113 6.709597306
82 35166 -0.0121662222947 -47.4373968382 -11.987784822 6.72253203237
83 35086 -0.0123172576638 -47.3441703867 -12.0347493118 6.66020211691
84 35544 -0.012467339999 -47.2519536807 -12.0108311852 6.65694692075
85 35707 -0.0126171018142 -47.1603498926 -12.0321872852 6.62024307356
86 36046 -0.0127661801887 -47.0695740618 -12.0064537558 6.69855240529
87 35542 -0.0129163324488 -46.9785549723 -12.0206745764 6.65516850949
88 35743 -0.0130660853905 -46.8881856732 -12.0325052463 6.71885921343
89 35320 -0.0132167554473 -46.7976711227 -12.0184832447 6.60392485635
90 36093 -0.0133658248346 -46.7085184168 -12.0439494557 6.64871728571
91 35971 -0.0135151689645 -46.6195979578 -11.9972837261 6.63140471443
92 36079 -0.0136643103271 -46.5311917291 -12.0351370907 6.59177312407
93 36430 -0.0138127543509 -46.4435867713 -11.9857167739 6.65764822771
94 36018 -0.0139620671655 -46.3558569351 -12.0341911235 6.63133853798
95 36116 -0.0141111985668 -46.2686194118 -11.9988343989 6.60352674999
96 36370 -0.0142598295956 -46.1820556334 -11.9930293274 6.63132238395
97 36230 -0.0144087695942 -46.0956910092 -12.0268550569 6.62274320858
98 36266 -0.014557657607 -46.0097333587 -12.0086454435 6.70849752534
99 35617 -0.0147079172961 -45.9233632956 -12.006764307 6.60615733741
100 36237 -0.014856908006 -45.8380966253 -12.0114705869 6.65256816449
101 36057 -0.0150062926045 -45.7529759764 -12.0107169418 6.66928404388
102 35885 -0.0151560579085 -45.668009338 -12.0008864342 6.65066354559
103 35989 -0.0153056288119 -45.5835212819 -12.0123624276 6.56250536436
104 36722 -0.0154537199268 -45.5002293904 -12.0005809378 6.62761295495
105 36419 -0.0156024483305 -45.4169375571 -12.0050567181 6.65847125053
106 36100 -0.0157518543434 -45.3336256558 -11.9676336934 6.59084873862
107 36551 -0.0159003574658 -45.2511719169 -11.9662318074 6.67069476907
108 36056 -0.0160498978297 -45.1684973191 -12.0012667867 6.59127592513
109 36550 -0.0161984457679 -45.0867218991 -12.0209487531 6.57610919892
110 36820 -0.0163464698679 -45.0055801457 -11.9970916998 6.53007680553
111 37278 -0.0164936026343 -44.9252664217 -11.9940108059 6.64535741223
112 36485 -0.0166423488683 -44.8444138062 -11.97333678 6.57911896855
113 36801 -0.0167904770045 -44.7642365844 -12.0040582631 6.5937439646
114 36780 -0.0169386679077 -44.6843621941 -11.9521489706 6.58994101235
115 36812 -0.0170868152698 -44.6048458985 -11.9702017294 6.59932067337
116 36754 -0.017235102232 -44.5255876362 -11.9619020326 6.61424788031
117 36626 -0.0173836693904 -44.4465115953 -11.9634055387 6.56049090954
118 37030 -0.0175314463055 -44.3681837725 -11.970351842 6.60696373136
119 36777 -0.0176797523192 -44.2899019594 -11.9635344254 6.63008432843
120 36530 -0.0178285806629 -44.2116711732 -11.9612237531 6.62125395828
121 36538 -0.017977412926 -44.1337636225 -11.9746022262 6.55233041665
122 37102 -0.0181251325057 -44.0567581935 -11.9699411203 6.53880083478
123 37381 -0.0182723205015 -43.9803446959 -11.9588366357 6.55339986839
124 37348 -0.0184195953867 -43.9041987018 -11.988921152 6.55908436158
125 37300 -0.0185669864044 -43.8283038349 -11.9623036654 6.58293822483
126 37100 -0.0187147956348 -43.7525043421 -11.9743186614 6.50318511016
127 37706 -0.0188614330101 -43.6776114085 -11.9704025656 6.51617745383
128 37778 -0.0190079514521 -43.6030814073 -11.9537503455 6.55569357231
129 37478 -0.0191550753692 -43.5285455317 -11.9719902609 6.56089304962
130 37360 -0.0193024536518 -43.4541824894 -11.980016777 6.59944375063
131 37021 -0.0194505263233 -43.3797713457 -11.9530167592 6.56891770517
132 37182 -0.0195983006036 -43.3058104001 -11.9585292289 6.50201625918
133 37786 -0.0197449092471 -43.232727484 -11.9356934648 6.55571258917
134 37520 -0.019892058869 -43.1596682238 -11.9359537164 6.59752974814
135 37112 -0.0200400361496 -43.0864926208 -11.9380954719 6.49019203547
136 37888 -0.020186510755 -43.0143492984 -11.9534479903 6.60854662121
137 37139 -0.0203344768417 -42.9417617718 -11.9426538904 6.5941537589
138 37056 -0.0204826289757 -42.8693736596 -11.9441709177 6.50326335419
139 37786 -0.020629364323 -42.7979628072 -11.9606419113 6.54600095662
140 37647 -0.0207763926544 -42.7266921803 -11.9585011403 6.55604512697
141 37533 -0.0209236653064 -42.6555852515 -11.9345038439 6.60577567836
142 37103 -0.0210718105229 -42.5843402292 -11.9704601996 6.46801684329
143 38127 -0.0212179737209 -42.5143251188 -11.9216140855 6.53423471284
144 37871 -0.0213646508152 -42.4443385474 -11.9147706085 6.49396924908
145 38145 -0.0215108213858 -42.3748658371 -11.9382858551 6.55443472446
146 37723 -0.0216578271156 -42.3052686342 -11.9181163403 6.46469242284
147 38366 -0.0218036169632 -42.2365153505 -11.9640441417 6.43051651331
148 38852 -0.0219485127702 -42.1684468806 -11.9471743034 6.57886019243
149 37737 -0.0220955556056 -42.0996364921 -11.9296858804 6.5183472701
150 37941 -0.0222422228633 -42.0312679574 -11.9214633124 6.5283182817
151 37923 -0.0223889460643 -41.9631377237 -11.9546305942 6.46937179153
152 38423 -0.0225347320222 -41.8957030948 -11.9369149332 6.47178293582
153 38553 -0.0226802938356 -41.8286296363 -11.9341476984 6.58171378529
154 37671 -0.0228275695289 -41.7610268004 -11.899223096 6.45540232152
155 38493 -0.0229732849725 -41.694396426 -11.9134036353 6.49500208661
156 38398 -0.0231192024482 -41.6279276558 -11.9445511352 6.45844139251
157 38692 -0.0232645853151 -41.5619537518 -11.9276061563 6.46993115231
158 38684 -0.0234100037528 -41.4962132624 -11.9170628843 6.57829751483
159 37774 -0.0235571840654 -41.4299289764 -11.9596655463 6.46905038066
160 38446 -0.023703093181 -41.3644667197 -11.9085491419 6.52785396885
161 38146 -0.0238495959549 -41.298986676 -11.9032696661 6.44873577611
162 38743 -0.0239949863931 -41.2342486491 -11.8945840992 6.5804859958
163 37803 -0.0241421943034 -41.1689484749 -11.9528973361 6.41740499764
164 38930 -0.0242872762766 -41.1048332834 -11.899536753 6.47982498765
165 38721 -0.0244327703504 -41.0407758303 -11.9223879591 6.4299595563
166 39102 -0.0245775739061 -40.9772595641 -11.9308556035 6.49737687526
167 38634 -0.0247232735411 -40.9135877289 -11.8972724285 6.51550577133
168 38357 -0.0248695176133 -40.8499162004 -11.9076535293 6.40361112927
169 39252 -0.0250141061247 -40.7871988095 -11.9353639427 6.50315202882
170 38649 -0.0251598386422 -40.724218671 -11.9049142597 6.43419513983
171 39085 -0.0253047777334 -40.6618126386 -11.8899859537 6.47014537254
172 38903 -0.0254500748532 -40.5994826234 -11.9077347067 6.35684875804
173 39858 -0.0255936412946 -40.5381201638 -11.8798170007 6.49093314526
174 38951 -0.0257388892207 -40.4762654959 -11.8999851318 6.44616444194
175 39098 -0.0258838858764 -40.4147438123 -11.9085156327 6.40731215128
176 39489 -0.0260281834516 -40.3537416849 -11.8989831717 6.4404007215
177 39315 -0.0261728195549 -40.2928184204 -11.8953763136 6.40106692828
178 39622 -0.0263169150812 -40.232342659 -11.8825651901 6.47356844509
179 39078 -0.0264620306925 -40.1716593085 -11.8825582943 6.46123778191
180 39042 -0.0266072334 -40.1111598542 -11.9194268407 6.42500166199
181 39356 -0.0267518748646 -40.0511121737 -11.8792142131 6.44385263981
182 39287 -0.0268966638103 -39.9912199379 -11.8989286394 6.42311550224
183 39458 -0.0270411589049 -39.9316642209 -11.8848866473 6.42721808841
184 39478 -0.0271856378327 -39.8723287341 -11.8846465079 6.43028395398
185 39465 -0.0273301617504 -39.813187288 -11.9143302276 6.40812661997
186 39666 -0.0274743398636 -39.7543980145 -11.9237804152 6.40498926998
187 39758 -0.0276183699824 -39.6958780619 -11.8707180167 6.39639471148
188 39869 -0.0277622199597 -39.637638678 -11.8829664304 6.41337381886
189 39756 -0.027906293733 -39.5795153243 -11.8686734147 6.41062530242
190 39757 -0.0280503861122 -39.5215902146 -11.8920162212 6.41344855599
191 39740 -0.0281945292946 -39.4638494729 -11.8867017802 6.42446486772
192 39646 -0.0283388648951 -39.4062358132 -11.8774564205 6.40265690456
193 39822 -0.0284829015944 -39.3489440606 -11.8411437853 6.47532091631
194 39236 -0.0286280289784 -39.2914220981 -11.8737849295 6.3770803171
195 39950 -0.0287718748804 -39.2346086914 -11.8787613677 6.38014974998
196 40134 -0.0289154102244 -39.1781160036 -11.8849028251 6.40843742453
197 39939 -0.0290593157881 -39.1216751878 -11.8822578292 6.31551745557
198 40738 -0.029201823136 -39.06597672 -11.8652270014 6.36823220413
199 40488 -0.0293447899595 -39.0102916155 -11.8741020696 6.43323007947
200 39839 -0.0294889364738 -38.9543416768 -11.8565074469 6.36962312008
201 40238 -0.029632386072 -38.898855282 -11.8330328685 6.39207065638
202 40156 -0.0297760029783 -38.8434960885 -11.844716317 6.33774967944
203 40636 -0.0299187884643 -38.7886467683 -11.8507257883 6.41552372729
204 40070 -0.0300625979081 -38.7335940082 -11.8607294944 6.42269578896
205 39857 -0.0302068111246 -38.6785770823 -11.8831964707 6.40519727328
206 39962 -0.030350854893 -38.6238141632 -11.8468662065 6.37519845377
207 40271 -0.0304943661169 -38.5694409513 -11.853502956 6.33684027994
208 40718 -0.0306371073703 -38.5155439179 -11.8778756142 6.38039096284
209 40452 -0.0307803364004 -38.4616466733 -11.8472123137 6.28069210658
210 41310 -0.0309220908598 -38.4084848429 -11.878078822 6.40767351304
211 40382 -0.0310654836949 -38.3548903808 -11.8617984929 6.31654771747
212 40970 -0.0312078637775 -38.3018544545 -11.8697530186 6.41301784159
213 40257 -0.0313515189193 -38.24852445 -11.8388625765 6.33603673931
214 40770 -0.0314942877162 -38.1957025911 -11.8329893533 6.4161612825
215 40190 -0.0316381027554 -38.1426732514 -11.8374684416 6.3690710468
216 40464 -0.0317814504152 -38.0899947399 -11.8297661835 6.36776877813
217 40561 -0.0319246456496 -38.0375492686 -11.8500300971 6.35911545826
218 40676 -0.0320676584128 -37.9853463409 -11.8592112585 6.37326941258
219 40587 -0.0322108486705 -37.9332536772 -11.8678336119 6.27311784166
220 41503 -0.032352469463 -37.8819034257 -11.8351785291 6.39718187501
221 40612 -0.032495655129 -37.8301582426 -11.8316346456 6.36753113989
222 40645 -0.0326388009205 -37.7785999654 -11.8493004426 6.3259143041
223 41048 -0.0327812631802 -37.7274582762 -11.838621959 6.36649180131
224 40793 -0.0329241891226 -37.676320108 -11.8216924542 6.3410348326
225 40965 -0.033066833924 -37.6254514471 -11.8285499063 6.34992944078
226 40939 -0.0332095436993 -37.5747276533 -11.8436973096 6.30672085636
227 41344 -0.0333515732174 -37.5244117062 -11.8239038901 6.3254754536
228 41290 -0.0334937146366 -37.4742211683 -11.8242198933 6.38498291023
229 40730 -0.0336368496153 -37.4238458414 -11.8192825306 6.30203885792
230 41353 -0.0337789227486 -37.3740081909 -11.8348150734 6.36719922021
231 40928 -0.0339217508264 -37.3240695754 -11.8402815466 6.27918677052
232 41642 -0.0340633682415 -37.2747156854 -11.8296750696 6.40184823158
233 40704 -0.0342066287127 -37.2249519447 -11.8220034999 6.25173735613
234 41856 -0.0343479236705 -37.1760305255 -11.8421991364 6.26926681681
235 42027 -0.0344889499524 -37.1273593888 -11.8297559272 6.36702055496
236 41155 -0.0346314811184 -37.0783277522 -11.8264845131 6.30923348118
237 41463 -0.0347735009591 -37.0296301063 -11.8158030927 6.34287758573
238 41242 -0.034915921229 -36.9809528715 -11.7927326095 6.27518914532
239 41828 -0.0350573594623 -36.9327668445 -11.8018923478 6.26923952927
240 42060 -0.0351984258038 -36.8848611938 -11.8235981081 6.3475326867
241 41388 -0.0353406535393 -36.8367157763 -11.8166359775 6.2475656295
242 42161 -0.0354815909925 -36.7891595724 -11.8059551658 6.36497438602
243 41268 -0.0356240640364 -36.7412387217 -11.789292792 6.28628232355
244 41771 -0.0357656963585 -36.6937528971 -11.8057684884 6.30413474024
245 41751 -0.0359073811053 -36.6464006604 -11.7833751245 6.35460846984
246 41277 -0.0360498967774 -36.5989225267 -11.8052991071 6.28994125718
247 41763 -0.036191600337 -36.551865181 -11.8006413881 6.30898853033
248 41727 -0.036333383715 -36.5049305585 -11.7946072585 6.26771707655
249 42121 -0.0364745225073 -36.458356874 -11.7991063387 6.3101092398
250 41833 -0.036616165357 -36.4117641795 -11.7917022393 6.31290412565
251 41734 -0.0367579950187 -36.3652572196 -11.8200459204 6.23741851614
252 42442 -0.0368986569769 -36.3192779486 -11.7932007565 6.36693071688
253 41407 -0.0370410843958 -36.2728678213 -11.8014611831 6.20865604532
254 42645 -0.0371814492528 -36.227273079 -11.8341765571 6.2222288026
255 42876 -0.037321454041 -36.1819363478 -11.7792276333 6.32600241389
256 41938 -0.0374630354169 -36.136231679 -11.76696203 6.26317559712
257 42291 -0.0376040437971 -36.090853852 -11.7760873698 6.26057924011
258 42424 -0.0377448493101 -36.0456819353 -11.7909660436 6.21236679469
259 42944 -0.0378848186681 -36.000916903 -11.8023417772 6.30308147836
260 42210 -0.0380260196997 -35.9558973693 -11.7840128264 6.31628676065
261 41889 -0.0381677798743 -35.9108397732 -11.7980474808 6.18668998164
262 43070 -0.0383076020575 -35.8665351465 -11.77465335 6.28089017383
263 42485 -0.0384484027965 -35.8220573028 -11.798659844 6.20807704851
264 43046 -0.0385883011979 -35.777999896 -11.7941424983 6.23128259616
265 42983 -0.0387283215424 -35.7340386107 -11.7993772064 6.20346683713
266 43251 -0.038867926297 -35.6903411856 -11.7851458486 6.21705643471
267 43199 -0.0390076340007 -35.6467442657 -11.7781767303 6.21746506662
268 43189 -0.0391473771731 -35.6032685093 -11.780837307 6.17391502686
269 43633 -0.0392864261341 -35.5601394072 -11.7884026827 6.25087195447
270 42993 -0.0394265242388 -35.5168161303 -11.7732058938 6.26260255731
271 42709 -0.0395671068351 -35.473474856 -11.7648160977 6.21004977675
272 43157 -0.0397069757879 -35.4304840574 -11.7766991359 6.1949019502
273 43445 -0.0398463997092 -35.3877589759 -11.7801804286 6.33411594615
274 42161 -0.0399879490125 -35.3445136864 -11.7630769677 6.20048155908
275 43120 -0.0401279351006 -35.301875307 -11.7801599527 6.23204732114
276 43088 -0.0402679922713 -35.2593434075 -11.7871479941 6.16064796996
277 43806 -0.0404069150893 -35.2172820327 -11.7751146218 6.23856597229
278 43230 -0.0405467790914 -35.1750619525 -11.7882546467 6.21998953107
279 43264 -0.0406866071007 -35.1329788105 -11.7618232951 6.10252194096
280 44482 -0.0408245259683 -35.0915931948 -11.7459823423 6.22174626911
281 43610 -0.040963836037 -35.0499135275 -11.7676390785 6.22349023968
282 43360 -0.0411035648216 -35.0082326289 -11.7865670995 6.17225487324
283 43816 -0.0412425832153 -34.9668863818 -11.7572944195 6.2192428873
284 43477 -0.0413821617191 -34.9254961808 -11.7661702893 6.16151081477
285 43976 -0.0415209640786 -34.8844574587 -11.7559914559 6.21875812221
286 43543 -0.0416604740818 -34.8433308929 -11.7245560167 6.23032110154
287 43315 -0.0418003695797 -34.8022123471 -11.7520658605 6.15338651121
288 44038 -0.0419391295992 -34.7615473708 -11.7635283759 6.20521650887
289 43722 -0.0420784088795 -34.7208497073 -11.7720319744 6.1873819893
290 43824 -0.0422175456327 -34.6803126997 -11.7185419965 6.1292273043
291 44460 -0.0423557019307 -34.6401785302 -11.7263934474 6.2403357292
292 43508 -0.0424953790871 -34.5997207486 -11.7222483129 6.18710968687
293 43791 -0.0426346231962 -34.5595061799 -11.7516117377 6.15526365893
294 44206 -0.0427732307584 -34.5195917386 -11.7522685877 6.1562819364
295 44322 -0.0429116759829 -34.479839367 -11.7266972338 6.22361959124
296 43673 -0.0430511639814 -34.4399036394 -11.7518407576 6.17877868635
297 43956 -0.0431902201186 -34.4002070131 -11.7342556741 6.2361643178
298 43463 -0.0433300828607 -34.360395909 -11.7366309285 6.16169883407
299 44088 -0.0434689678992 -34.320977516 -11.7444373137 6.19728373438
300 43910 -0.0436081540159 -34.2815875652 -11.7152275684 6.14562053188
301 44399 -0.0437465891274 -34.2425227657 -11.7359792007 6.11620698894
302 44854 -0.0438843380632 -34.2037626018 -11.727237113 6.13504741934
303 44793 -0.0440221990044 -34.165081318 -11.7283993179 6.10067173233
304 45148 -0.0441595356698 -34.1266564873 -11.7325937351 6.19465730564
305 44271 -0.0442982442773 -34.0879581246 -11.7430275129 6.10582252296
306 44961 -0.0444359020716 -34.049662078 -11.7199723508 6.2714955621
307 43455 -0.0445759431928 -34.0108140999 -11.7179329341 6.13882698905
308 44398 -0.0447145090033 -33.9724852075 -11.703941791 6.11917930465
309 44883 -0.0448523424779 -33.9344668143 -11.7422176498 6.18425861479
310 44348 -0.0449910223273 -33.8963231461 -11.7599329519 6.04061020259
311 45724 -0.0451276178868 -33.8588583936 -11.7112186892 6.13789996207
312 45082 -0.0452652008022 -33.8212283686 -11.7161735219 6.13170148358
313 44978 -0.0454029607526 -33.7836556031 -11.7273643542 6.13991689649
314 44871 -0.0455409032519 -33.7461385681 -11.710614973 6.16045945018
315 44634 -0.0456792290492 -33.7086228751 -11.7199957967 6.13782460458
316 44813 -0.0458172967744 -33.6712821779 -11.7204252249 6.11609682905
317 45101 -0.045954940711 -33.6341600864 -11.7471147026 6.14496971346
318 44886 -0.0460929325055 -33.5970479739 -11.7218432753 6.04389019813
319 45915 -0.0462293878192 -33.5604508665 -11.712838203 6.08199644812
320 45803 -0.0463660274861 -33.5239053139 -11.706421182 6.17167959217
321 44824 -0.0465041688019 -33.4870604498 -11.7121891349 6.09265911849
322 45397 -0.0466414545478 -33.4505452896 -11.7143886516 6.15702974748
323 44884 -0.0467795403743 -33.4139189846 -11.684417858 6.21280295441
324 44172 -0.04691875263 -33.3770966853 -11.7128723264 6.05890887598
325 45595 -0.0470557934941 -33.3409491154 -11.7219499298 6.12070958828
326 45349 -0.0471932235999 -33.3047984879 -11.7117720415 6.08225948698
327 45701 -0.0473301414213 -33.2688814112 -11.6881879817 6.17717253429
328 44798 -0.0474684497242 -33.2326992871 -11.7052920323 6.11828664068
329 45176 -0.0476061967744 -33.1967631918 -11.7091957416 6.01747801261
330 46384 -0.0477421564092 -33.1613900953 -11.6969964097 6.09618988004
331 45875 -0.0478788864375 -33.1259130492 -11.6941855325 6.12572705522
332 45425 -0.0480163101945 -33.0903531081 -11.7033679826 6.08747824211
333 45718 -0.0481533103925 -33.0549992797 -11.7067526903 6.04698558354
334 46250 -0.0482895371568 -33.0199402068 -11.6923856164 6.12065585893
335 45608 -0.0484267379453 -32.9847259934 -11.6949963478 6.08277796901
336 45846 -0.0485635997429 -32.9496939226 -11.6999250169 6.13706323626
337 45338 -0.0487012439988 -32.9145570202 -11.6925354809 6.04267669904
338 46223 -0.0488375821874 -32.8798475111 -11.6928679373 6.09770404114
339 45883 -0.0489744431127 -32.8450986268 -11.6752110774 6.16436237442
340 45085 -0.0491125282399 -32.8101336875 -11.7078527142 6.0409398541
341 46195 -0.0492489618511 -32.7756800515 -11.7044728127 6.07417624167
342 46157 -0.049385469048 -32.741300098 -11.6876050381 6.13533396315
343 45494 -0.049522985675 -32.7067588617 -11.6818088066 6.03601988872
344 46393 -0.0496591801581 -32.6726413046 -11.6814611989 6.07515284895
345 46228 -0.0497956362464 -32.6385492584 -11.6782971208 5.99688832152
346 47058 -0.0499309002834 -32.604844622 -11.676977682 6.06744735568
347 46514 -0.0500669704429 -32.5710287613 -11.6921518815 6.08143480871
348 46219 -0.050203493147 -32.5371904403 -11.6928199097 6.10170679475
349 45924 -0.0503404702991 -32.5033297304 -11.6764849885 6.06864920202
350 46210 -0.0504770409929 -32.4696591422 -11.6598567797 6.09396234335
351 46023 -0.0506139066679 -32.4360052789 -11.6931868646 6.0585608783
352 46366 -0.0507502828835 -32.4025604882 -11.6350606131 6.06278800798
353 46425 -0.0508865899823 -32.3692207958 -11.6609643137 6.05051396281
354 46586 -0.0510226792814 -32.3360219489 -11.6722976776 6.01040003174
355 47088 -0.0511580588478 -32.3030827242 -11.6839517067 6.11211558645
356 46110 -0.0512948833936 -32.2698792256 -11.6656404538 6.091980399
357 46068 -0.0514317884821 -32.2367436864 -11.6697309027 6.01321138465
358 46934 -0.0515674427067 -32.203996898 -11.6845187649 6.02816445025
359 47022 -0.051702987246 -32.17136176 -11.6711049287 6.00954354206
360 47265 -0.0518382000035 -32.1388910057 -11.6704503604 5.96174592507
361 47889 -0.0519725469755 -32.1067114351 -11.6397326544 6.04687688556
362 47103 -0.052108026809 -32.0743442489 -11.6909678377 5.995850899
363 47470 -0.0522430001166 -32.0421813724 -11.6945693933 5.99048033788
364 47644 -0.0523777441158 -32.0101557514 -11.6647826497 6.10336165222
365 46435 -0.0525142485259 -31.9777955678 -11.658821666 6.01440533126
366 47096 -0.052649809249 -31.9457422983 -11.6894758232 5.98093512507
367 47673 -0.0527845638476 -31.9139614978 -11.6628665231 6.04298370689
368 47140 -0.0529200952997 -31.8820794949 -11.658692507 5.96667063839
369 47867 -0.0530546112986 -31.8505173831 -11.6416812777 5.98277726142
370 47897 -0.0531891023799 -31.8190415059 -11.6629346628 6.05313122168
371 47114 -0.053324723795 -31.7873821791 -11.6520039594 6.03432683574
372 47117 -0.0534603586541 -31.7558008487 -11.6437602218 6.02011012032
373 47286 -0.053595767377 -31.7243528026 -11.6473417514 6.07429581196
374 46736 -0.0537319888297 -31.6927969872 -11.6604149052 5.96851867996
375 47782 -0.053866728319 -31.6616640743 -11.6450660683 5.97335784104
376 48035 -0.0540011298657 -31.6306878224 -11.6754150872 5.9544824657
377 48334 -0.0541351313125 -31.59988162 -11.6369505937 6.02506502683
378 47613 -0.0542701616636 -31.5689172036 -11.6359191965 5.98153727995
379 47919 -0.0544047770384 -31.5381259192 -11.6436619601 6.00369366529
380 47759 -0.0545396341583 -31.5073571105 -11.6493138817 6.00611141308
381 47696 -0.0546745984737 -31.4766414888 -11.6688058282 5.96388271336
382 48173 -0.0548089099715 -31.4461512641 -11.6474223322 6.00105289502
383 47887 -0.0549436390623 -31.4156429543 -11.6240177893 5.98034760954
384 48054 -0.055078150723 -31.3852602432 -11.6435311369 5.97119805754
385 48216 -0.05521245349 -31.3550005589 -11.6382688857 5.98490217394
386 48112 -0.0553469190893 -31.3247798296 -11.6389040029 6.01514428407
387 47743 -0.055481919133 -31.2945148456 -11.6007551434 5.95317427864
388 48364 -0.0556160678553 -31.2645157313 -11.6803013247 5.97274423138
389 48321 -0.0557502935639 -31.2345739696 -11.6454673071 6.01000717347
390 47887 -0.0558851432148 -31.2045678608 -11.6313826639 5.96409733003
391 48304 -0.0560194259385 -31.1747621663 -11.6209571818 5.94842994529
392 48615 -0.0561532963737 -31.1451214816 -11.6215234934 5.93096264371
393 48918 -0.0562867683907 -31.1156418037 -11.6305277889 5.93104429518
394 49011 -0.0564201298595 -31.0862588721 -11.6183993452 5.99397686038
395 48306 -0.0565544778473 -31.0567314246 -11.6337699376 5.96871427178
396 48413 -0.0566886945235 -31.0273055732 -11.6483351458 5.96488883502
397 48497 -0.0568228124314 -30.9979737326 -11.6088778159 5.94405383634
398 48774 -0.0569565656455 -30.968793426 -11.6414259151 5.89398193864
399 49458 -0.0570894070529 -30.9398827344 -11.6235056017 5.97266870563
400 48722 -0.0572232645737 -30.9108219056 -11.6188880965 5.97197753791
401 48536 -0.0573573963784 -30.8817727648 -11.6285232428 5.95225360964
402 48724 -0.0574912860591 -30.8528469209 -11.6029617097 5.99559535361
403 48279 -0.0576258084272 -30.8238554314 -11.6378467711 5.87530285697
404 49585 -0.0577585638265 -30.795314311 -11.623886829 5.94489669078
405 49131 -0.0578919481659 -30.7667073199 -11.63471927 5.91450290455
406 49376 -0.0580250177263 -30.7382368565 -11.6090035924 5.92494582408
407 49329 -0.0581581677652 -30.7098179272 -11.6246706423 5.89568852751
408 49677 -0.0582908673326 -30.6815633265 -11.6145628653 5.93266869161
409 49338 -0.0584240382011 -30.6532765628 -11.6209706919 5.9192796147
410 49413 -0.0585571251254 -30.6250756318 -11.609719925 5.90751056683
411 49585 -0.0586899980989 -30.5969876136 -11.5881119951 5.98241962468
412 48749 -0.0588240218613 -30.5687244904 -11.6069092024 5.90230341708
413 49476 -0.0589570738008 -30.5407337788 -11.6176111356 5.88195687146
414 49939 -0.0590895239829 -30.5129361972 -11.6334768284 5.90191805175
415 49836 -0.0592221279063 -30.4851726168 -11.5884820434 5.95108186305
416 49225 -0.0593555696893 -30.4573003124 -11.6185571233 5.89074459686
417 49788 -0.0594882711645 -30.4296487599 -11.615174176 5.86863892135
418 50227 -0.0596204074804 -30.4021802602 -11.5831713276 5.84705974369
419 50628 -0.0597520363679 -30.3748817935 -11.6123997518 5.90548312048
420 50029 -0.0598844670804 -30.3474818254 -11.5727596579 5.922807991
421 49662 -0.0600174031328 -30.3200424329 -11.5873935484 5.92402563799
422 49554 -0.0601505007068 -30.2926348466 -11.5610983358 6.00437843835
423 48580 -0.0602849426137 -30.2650163789 -11.5892576223 5.87490411363
424 49856 -0.0604176690397 -30.2378151095 -11.6009210697 5.90677408036
425 49844 -0.0605504290936 -30.2106711185 -11.6100583149 5.84286669784
426 50634 -0.0606821651735 -30.1837997067 -11.6108936589 5.88048936644
427 50401 -0.0608142220864 -30.1569258377 -11.6130379917 5.84572069341
428 50776 -0.060945806954 -30.1302105405 -11.5988511239 5.89319464012
429 50302 -0.0610780266792 -30.1034289841 -11.5763785666 5.97145485981
430 49234 -0.0612116898708 -30.0764186457 -11.5766477847 5.85689235764
431 50330 -0.0613439063143 -30.0497633539 -11.5602632533 5.84997898417
432 50739 -0.0614756046978 -30.0232742758 -11.5795246653 5.84662746038
433 50906 -0.0616071035461 -29.9968866308 -11.5808465551 5.90091404532
434 50288 -0.0617394238545 -29.9703957624 -11.5832345434 5.85542962433
435 50686 -0.0618712396958 -29.9440671367 -11.5902030475 5.91682335774
436 50051 -0.0620039064529 -29.9176300632 -11.5967642109 5.82310682667
437 51041 -0.0621352969097 -29.8915079392 -11.6089027147 5.91782576751
438 50154 -0.0622678600953 -29.8652135862 -11.5891963844 5.88660682473
439 50299 -0.0624002480696 -29.8390148535 -11.5744512572 5.81448038136
440 51248 -0.0625314209859 -29.8131163608 -11.5638754508 5.89789382851
441 50483 -0.0626636010946 -29.7870790059 -11.5888084833 5.85482065263
442 50813 -0.0627953675393 -29.7611828764 -11.5874290981 5.86129273392
443 50834 -0.0629271224752 -29.735348446 -11.556811268 5.84534808333
444 51049 -0.0630586165923 -29.7096242157 -11.5689327337 5.89202737131
445 50536 -0.0631907919008 -29.6838259829 -11.5568501845 5.86228010038
446 50771 -0.0633226778706 -29.6581432421 -11.5576064454 5.82456652384
447 51320 -0.0634538727577 -29.6326533733 -11.5679214687 5.84679208714
448 51204 -0.0635852328636 -29.6071894603 -11.567846827 5.84554914035
449 51196 -0.0637166191387 -29.5817783905 -11.5653032315 5.85953619772
450 51027 -0.0638482389677 -29.556380032 -11.5780602118 5.82311290866
451 51448 -0.0639793355966 -29.5311400309 -11.5857011794 5.84125884854
452 51346 -0.0641105785753 -29.5059290405 -11.5513495463 5.83698723131
453 51380 -0.0642417935915 -29.4807804325 -11.5815598431 5.84006998564
454 51360 -0.0643730507905 -29.4556805828 -11.5460050844 5.89387926432
455 50690 -0.0645051895894 -29.4304693833 -11.5628694121 5.88342401757
456 50642 -0.0646374067642 -29.405300517 -11.5423464797 5.85631902385
457 50975 -0.0647692079513 -29.3802676819 -11.5489522937 5.80089653858
458 51780 -0.0648999962897 -29.3554831316 -11.56142279 5.83573565032
459 51573 -0.0650310635245 -29.3307014241 -11.5383788522 5.85310873212
460 51304 -0.0651624897736 -29.3059076335 -11.5848172187 5.72071105034
461 52947 -0.0652918765973 -29.2815529858 -11.551328062 5.82546565264
462 52054 -0.0654223841727 -29.2570418783 -11.5557656243 5.86342491749
463 51334 -0.0655538202132 -29.2324115329 -11.5550642129 5.78326532825
464 52165 -0.0656842210589 -29.2080296821 -11.5535250571 5.7828971566
465 52416 -0.0658143252726 -29.1837572222 -11.5435280954 5.7778473574
466 52562 -0.0659442645314 -29.159569126 -11.5368835987 5.82635565993
467 51983 -0.0660749416478 -29.1352975151 -11.5431965425 5.82151739302
468 51893 -0.0662057476916 -29.1110558513 -11.521431025 5.79434165622
469 52227 -0.066336150726 -29.0869423721 -11.5275133577 5.8236787644
470 51952 -0.0664669148615 -29.0628155821 -11.5392891404 5.84995346327
471 51549 -0.0665982050457 -29.0386454175 -11.5591654687 5.81028293314
472 51952 -0.0667290017086 -29.0146194247 -11.5499436283 5.77147364296
473 52579 -0.0668590322115 -28.9907867454 -11.5503126456 5.81343127516
474 52219 -0.0669895258013 -28.966921723 -11.5408863846 5.76917122691
475 52703 -0.0671194340115 -28.9432158617 -11.5471969218 5.80022378482
476 52443 -0.0672496800106 -28.9195003836 -11.4985720465 5.79456984469
477 52453 -0.0673799293884 -28.895836216 -11.5229206451 5.72571507171
478 53374 -0.0675090666361 -28.8724252034 -11.5373651137 5.83016210271
479 52267 -0.0676395798243 -28.8488162803 -11.5391883307 5.77715097425
480 52659 -0.0677696225198 -28.8253438256 -11.5182345981 5.76354194926
481 52958 -0.0678993129936 -28.8019858418 -11.5324796766 5.76890129068
482 52981 -0.0680289912961 -28.7786807077 -11.5198191439 5.74523344043
483 53310 -0.0681582834997 -28.7554952304 -11.5313005913 5.77526983699
484 53013 -0.0682879531268 -28.7322923255 -11.5376601769 5.76505364641
485 53075 -0.0684175635785 -28.709150143 -11.5304870777 5.77777068148
486 52933 -0.0685473627551 -28.686024336 -11.548137315 5.77211305509
487 52977 -0.0686771236835 -28.6629552719 -11.5304575407 5.81773438154
488 52402 -0.0688076114115 -28.6398071781 -11.525379834 5.72227237787
489 53507 -0.0689367597441 -28.6169460816 -11.5283949236 5.83410397923
490 52353 -0.069067339998 -28.5938813151 -11.5353099711 5.77871205223
491 52764 -0.0691974267867 -28.5709533449 -11.5254019524 5.77257440412
492 52970 -0.0693272757082 -28.5481165475 -11.5024407619 5.74982847997
493 53339 -0.069456690246 -28.5254049486 -11.5192766725 5.73885559373
494 53600 -0.0695858054497 -28.5027942809 -11.4908211009 5.69093075494
495 54333 -0.0697140616899 -28.480381748 -11.5137899595 5.76666120235
496 53523 -0.0698433011098 -28.4578453584 -11.525056712 5.77060616855
497 53255 -0.0699728801886 -28.4352979144 -11.5080205334 5.71713114358
498 53906 -0.0701016903982 -28.412931918 -11.4920982047 5.74302067197
499 53750 -0.0702307031093 -28.3905782425 -11.5046194183 5.76255237256
500 53453 -0.0703600883891 -28.3682075903 -11.5100189751 5.72284983333
501 53913 -0.0704889367359 -28.3459769764 -11.5063935075 5.78272016955
502 53249 -0.0706186019697 -28.3236528282 -11.5103435968 5.72067857138
503 53903 -0.0707474935376 -28.3015088649 -11.5037504887 5.6946120589
504 54454 -0.070875746511 -28.279520967 -11.4988638906 5.75924226281
505 53739 -0.0710048650282 -28.2574312418 -11.5291148877 5.71286207289
506 54177 -0.0711334769304 -28.2354744907 -11.501759563 5.74053106502
507 53934 -0.0712623936037 -28.2135119412 -11.4910008523 5.69732576928
508 54463 -0.0713906974436 -28.1916996121 -11.5099072419 5.72920899811
509 54186 -0.071519344784 -28.1698746363 -11.5043490493 5.7272093108
510 54145 -0.0716480561075 -28.1480845111 -11.4967374414 5.75086999745
511 53822 -0.0717771679457 -28.1262723703 -11.4857962983 5.73402061997
512 53969 -0.0719061200547 -28.1045328492 -11.4862590006 5.67711849272
513 54799 -0.0720341072295 -28.083000961 -11.5003299157 5.72019607454
514 54449 -0.0721625198117 -28.0614423804 -11.524897217 5.71747077503
515 54398 -0.0722910079818 -28.039915963 -11.4992662436 5.77814176608
516 53573 -0.0724204981824 -28.0182669235 -11.5098189049 5.6536113301
517 55048 -0.0725482563659 -27.9969518414 -11.4864778993 5.67950115096
518 55120 -0.0726759468956 -27.9756919663 -11.514800586 5.70447439534
519 54802 -0.0728040219724 -27.9544120395 -11.5019839604 5.64056712951
520 55616 -0.0729311720995 -27.9333292274 -11.4906944417 5.7623260777
521 54164 -0.0730600306526 -27.9120071587 -11.4695151102 5.70395126319
522 54569 -0.0731884252755 -27.8908057959 -11.5024121818 5.66935155431
523 55173 -0.0733161303456 -27.8697616733 -11.4987277338 5.75940547936
524 54111 -0.0734450976015 -27.8485533301 -11.4814616141 5.70396789985
525 54582 -0.073573523201 -27.8274776388 -11.4775789162 5.63973520169
526 55621 -0.0737007581352 -27.8066400998 -11.4919898625 5.67826931214
527 55383 -0.0738282818302 -27.7857978424 -11.4671465535 5.65633581325
528 55635 -0.073955531888 -27.765042665 -11.4837940113 5.7000097331
529 55102 -0.0740834110201 -27.744227381 -11.4671151003 5.65490323001
530 55594 -0.0742107376404 -27.7235442331 -11.4799752622 5.66801503247
531 55558 -0.0743381212141 -27.7028938472 -11.5062979223 5.69329672363
532 55202 -0.0744659293151 -27.6822167481 -11.4825548649 5.68431389591
533 55238 -0.0745937116252 -27.6615858612 -11.4478958366 5.66748747078
534 55493 -0.0747212144891 -27.6410418653 -11.4648785235 5.65085110921
535 55810 -0.0748483701197 -27.6205952517 -11.4705460732 5.71175231544
536 55052 -0.0749764126759 -27.6000477085 -11.467204345 5.64949351642
537 55723 -0.075103698015 -27.579663019 -11.4749131303 5.65589759385
538 55832 -0.0752308739752 -27.559336889 -11.4881136736 5.63999819975
539 56099 -0.0753577622227 -27.5390975088 -11.4710515583 5.66134513174
540 55879 -0.0754849146831 -27.5188567118 -11.4712072123 5.6674355016
541 55740 -0.0756122398942 -27.4986291476 -11.4634634873 5.62990954029
542 56246 -0.0757390071848 -27.4785305913 -11.4730709114 5.68875612294
543 55560 -0.0758665687954 -27.4583466432 -11.4980224852 5.58561115022
544 56853 -0.0759926862959 -27.4384310622 -11.4526379023 5.66436376665
545 56092 -0.0761196713898 -27.4184184101 -11.4536115241 5.64023859981
546 56235 -0.076246510112 -27.3984687103 -11.4680667441 5.62213383805
547 56546 -0.0763730149831 -27.3786111085 -11.4616874856 5.65958001874
548 56104 -0.0765000313024 -27.3587128849 -11.4596409956 5.63549240022
549 56335 -0.0766268020861 -27.3388926371 -11.4538340063 5.64791093437
550 56232 -0.076753704618 -27.3190912099 -11.452811611 5.55119943119
551 57623 -0.0768790804988 -27.2995666147 -11.4604046673 5.65368929002
552 56524 -0.0770056845922 -27.2798895903 -11.4574749013 5.58755042153
553 57189 -0.0771315642771 -27.2603637371 -11.4644806174 5.66049311257
554 56326 -0.0772584199833 -27.2407252961 -11.4583624668 5.66464080175
555 56038 -0.0773856167001 -27.2210730656 -11.4552331901 5.65072515024
556 56165 -0.0775126840936 -27.2014796983 -11.4415713578 5.60785201498
557 56829 -0.0776390222022 -27.1820372017 -11.4587488174 5.57687374365
558 57482 -0.0777646546079 -27.162741185 -11.4578853261 5.646693738
559 56653 -0.0778912177522 -27.143340298 -11.4488946516 5.57876664368
560 57423 -0.0780169441376 -27.1241054149 -11.4502966966 5.64506311417
561 56680 -0.0781435073027 -27.1047803925 -11.4573154389 5.6187062321
562 56865 -0.0782698792023 -27.0855223854 -11.4533071538 5.6232975749
563 56860 -0.078396271626 -27.0662989339 -11.4589903694 5.56695423849
564 57696 -0.0785217589231 -27.0472503226 -11.4417480318 5.58115580025
565 57732 -0.0786472218304 -27.0282423406 -11.4260068908 5.58494703407
566 57696 -0.0787727391363 -27.0092629599 -11.4542058661 5.66337251414
567 56547 -0.0788995393595 -26.9901269019 -11.4324894585 5.65278457313
568 56392 -0.0790265288916 -26.9709997527 -11.4442860383 5.59724354687
569 57163 -0.0791526736447 -26.9520368714 -11.4452552855 5.58409791995
570 57586 -0.0792783687254 -26.9331781902 -11.4216804876 5.58542356559
571 57696 -0.0794039590087 -26.9143716208 -11.4288728678 5.54955723463
572 58274 -0.079528939917 -26.8956923101 -11.4718844589 5.58988520387
573 57841 -0.0796544014954 -26.8769771857 -11.441964535 5.58954684812
574 57735 -0.0797799928159 -26.8582787575 -11.4370963591 5.58879454738
575 57726 -0.0799056084033 -26.839612694 -11.4236619515 5.56046891872
576 58157 -0.0800307729305 -26.8210493439 -11.4266128394 5.62869200487
577 57273 -0.0801569134755 -26.802377179 -11.4526636108 5.53314987052
578 58458 -0.0802817838286 -26.7839284733 -11.4388523109 5.57463826052
579 58179 -0.0804069680851 -26.7654686826 -11.4143626774 5.61659468716
580 57486 -0.080532918659 -26.7469314519 -11.4369851779 5.52128316886
581 58729 -0.0806575437988 -26.7286243084 -11.4503378193 5.58218226171
582 58170 -0.0807827811853 -26.7102622133 -11.4346029849 5.57838053276
583 58081 -0.0809081289368 -26.6919189572 -11.4292622274 5.5451628835
584 58566 -0.0810329707075 -26.6736844733 -11.4306373257 5.58490071673
585 58113 -0.0811583128813 -26.6554116696 -11.4217675406 5.51603974084
586 59039 -0.0812826822994 -26.6373150167 -11.433414682 5.64201924068
587 57413 -0.0814088152037 -26.6189966035 -11.4166141918 5.59081948024
588 57731 -0.0815346156339 -26.6007613255 -11.4335113795 5.55623381237
589 58348 -0.0816597633763 -26.5826550948 -11.404101629 5.60329840376
590 57826 -0.0817854887596 -26.564499782 -11.4233901157 5.54798222989
591 58519 -0.0819104822649 -26.5464843297 -11.4136942439 5.57237623051
592 58356 -0.082035664511 -26.5284757313 -11.4071384886 5.54268847322
593 58770 -0.0821604198769 -26.5105623592 -11.3928209589 5.56878347251
594 58500 -0.0822854771011 -26.4926394315 -11.4291543889 5.50380728534
595 59428 -0.0824095687282 -26.4748882373 -11.4184596956 5.55396221521
596 58928 -0.0825341998904 -26.4570932058 -11.4105578088 5.57462214244
597 58485 -0.0826593165901 -26.4392623672 -11.4067113237 5.56498834471
598 58516 -0.0827844139052 -26.4214677756 -11.4132119309 5.4864361663
599 59742 -0.0829082360962 -26.403887447 -11.4199748427 5.51101486417
600 59718 -0.0830320972884 -26.3863342209 -11.3835416099 5.58406562855
601 58598 -0.0831571503836 -26.36864511 -11.402560948 5.52706809556
602 59165 -0.0832816169273 -26.3510718322 -11.4140135389 5.47565013934
603 60138 -0.0834050875944 -26.3336714672 -11.4243731827 5.53860727801
604 59439 -0.0835292960789 -26.3161995015 -11.42307435 5.50066585698
605 59843 -0.0836530984713 -26.2988168877 -11.4020348361 5.48360516004
606 60235 -0.0837765110999 -26.2815209366 -11.3942283539 5.51000180716
607 59940 -0.0839002410972 -26.2642124316 -11.3850391412 5.57670921791
608 58838 -0.0840251386278 -26.2467729333 -11.3810250888 5.55027390954
609 58946 -0.0841499367075 -26.229379679 -11.392656433 5.54878109654
610 59009 -0.0842746825441 -26.2120259432 -11.4082178859 5.48925055559
611 59958 -0.0843984513277 -26.1948398949 -11.4045953374 5.51498995007
612 59835 -0.0845223618563 -26.1776657761 -11.3857553795 5.47055790902
613 60509 -0.0846455937757 -26.1606169998 -11.39265476 5.5369428036
614 59665 -0.0847697084754 -26.143477546 -11.382556183 5.51677689243
615 59754 -0.0848937450523 -26.1263803314 -11.3921417433 5.48674619006
616 60260 -0.0850172741699 -26.1093842301 -11.4051709479 5.5182781464
617 59917 -0.08514117044 -26.0923687699 -11.3784503572 5.55431609759
618 59272 -0.0852657524168 -26.0752905159 -11.3844963642 5.55623333288
619 59074 -0.0853905581892 -26.0582130489 -11.3910055554 5.46400288999
620 60463 -0.0855139355724 -26.0413619048 -11.4073715895 5.48084335745
621 60603 -0.0856371842432 -26.0245589065 -11.3901501709 5.5414425714
622 59700 -0.0857613764498 -26.007658092 -11.3642961565 5.51717833503
623 59836 -0.0858854411503 -25.9908054374 -11.3712867774 5.49427608836
624 60243 -0.0860090999385 -25.974038481 -11.3951071895 5.54210160822
625 59620 -0.0861334179457 -25.9572128138 -11.385596639 5.46209931716
626 60711 -0.0862566275858 -25.9405674216 -11.3916612245 5.48179952442
627 60718 -0.0863798445351 -25.9239510941 -11.3876169437 5.45936640717
628 61089 -0.0865027007605 -25.9074132545 -11.387111725 5.49352340641
629 60656 -0.086626007844 -25.8908446091 -11.4043500614 5.44252413258
630 61362 -0.0867486173199 -25.8743993089 -11.3763809059 5.44056388731
631 61605 -0.0868709992224 -25.8580138979 -11.3858609537 5.49783725508
632 60760 -0.0869942429052 -25.8415426769 -11.383596594 5.47317328549
633 60928 -0.0871173299331 -25.8251219341 -11.3885503224 5.46837559084
634 61063 -0.0872402955693 -25.808746788 -11.362280212 5.52277527833
635 60246 -0.0873641063077 -25.792288715 -11.3616722969 5.48125683393
636 60684 -0.0874874831576 -25.7759178006 -11.3849303949 5.46921672778
637 61010 -0.0876105436018 -25.7596181111 -11.3804867867 5.47520235773
638 61016 -0.0877336120347 -25.7433464937 -11.3981372888 5.50701115874
639 60521 -0.0878571968998 -25.7270358344 -11.3975092405 5.44270043848
640 61421 -0.0879798870987 -25.7108721599 -11.3604561647 5.42376408292
641 61997 -0.0881020198648 -25.694810456 -11.3546398884 5.47805364058
642 61285 -0.0882248737086 -25.678682569 -11.3910454452 5.4192208711
643 62052 -0.0883469790013 -25.6626813444 -11.3479737924 5.50014096873
644 60965 -0.088470182424 -25.6465648333 -11.3535483557 5.49410545357
645 60771 -0.0885935965187 -25.6304495085 -11.3842933612 5.42165182859
646 61895 -0.0887158984338 -25.6145077199 -11.3487787229 5.43357475948
647 62030 -0.0888380808434 -25.5986095753 -11.3590339629 5.41784942197
648 62337 -0.0889599754951 -25.5827767558 -11.3621208759 5.51240272558
649 60896 -0.0890833179384 -25.566784159 -11.3885582403 5.43072855025
650 61823 -0.0892057465755 -25.5509381012 -11.3880001869 5.40675854521
651 62492 -0.0893275309277 -25.5352030933 -11.3573230512 5.47623117913
