gpomdp_grad 1.0 1.61660056386e-05 -0.588403348999

1 1000 0 -56.6666666667 -12.2708226828 9.75608999871
2 1 0 -56.6666666667 -11.1229152299 1.05275713946e-16
3 1 1.70188778526e-21 -56.6666666667 -5.15518610343 4.45404087959e-17
4 1 2.421928285e-21 -56.6666666667 -10.302254329 6.63432522229e-17
5 1 1.34942289548e-21 -56.6666666667 -12.9408478519 2.39788227457e-16
6 1 5.22584073263e-21 -56.6666666667 -18.3276717354 4.031711509e-16
7 1 1.17435078314e-20 -56.6666666667 -14.1138106605 2.21186681702e-17
8 1 1.13859373171e-20 -56.6666666667 -15.7094350394 2.06648427816e-16
9 1 1.47266169663e-20 -56.6666666667 -16.3676847141 1.03816243435e-16
10 1 1.64049109431e-20 -56.6666666667 -10.5454754706 1.96906727777e-16
11 1 1.32217156716e-20 -56.6666666667 -15.4434772356 7.3989388113e-19
12 1 1.32097545429e-20 -56.6666666667 -11.233781136 3.96443200771e-16
13 1 1.9618657562e-20 -56.6666666667 -17.3557221499 6.22459385442e-16
14 1 2.96813394969e-20 -56.6666666667 -8.02619407311 1.12712157873e-17
15 1 2.98635500348e-20 -56.6666666667 -14.4276798425 4.73816688604e-17
16 1 2.90975777089e-20 -56.6666666667 -11.7437351027 5.62657379526e-18
17 1 2.90066184852e-20 -56.6666666667 -16.3939243457 3.9042673749e-17
18 1 2.83754544012e-20 -56.6666666667 -14.7655725024 1.66716828531e-15
19 1 1.42400250028e-21 -56.6666666667 -7.34821665121 6.37339070619e-17
20 1 3.93679799348e-22 -56.6666666667 -9.97128714952 9.14904631884e-17
