gpomdp_grad 0.85 1.61660056386e-05 -0.588403348999

1 1000 0 -56.6666666667 -12.1850421296 -2.21364984453
2 19423 0 -56.6666666667 -12.1221969403 6.95833644162
3 18415 -0.000154812975247 -56.523103011 -12.1334236111 6.81280559304
4 18710 -0.000308422973111 -56.3814655318 -12.1576378727 6.89424960976
5 18480 -0.000463012130136 -56.2397334794 -12.1081238428 6.80952918898
6 18750 -0.000616506011173 -56.0998010804 -12.1377894401 6.99657368716
7 18109 -0.000772716574189 -55.9581989479 -12.1395850097 6.78386572302
8 18752 -0.0009262515819 -55.8198086903 -12.1106815446 6.95047108251
9 18292 -0.00108172789357 -55.6804565082 -12.1627877728 6.72361228035
10 19055 -0.0012340823383 -55.5446651363 -12.1549456615 6.89390194738
11 18600 -0.00138831314058 -55.4079639648 -12.0977376972 6.87487978788
12 18553 -0.00154276323763 -55.2718309281 -12.1212350779 6.84421379056
13 18664 -0.00169677910102 -55.1368341573 -12.1657365239 6.69371064062
14 19305 -0.00184823941371 -55.00480517 -12.1237947943 7.00626876935
15 18251 -0.00200403488281 -54.8697440113 -12.1007622653 6.83365512349
16 18631 -0.00215825756388 -54.7367861259 -12.1015979027 6.80518926815
17 18856 -0.00231157826928 -54.6053294603 -12.0881719763 6.80634632847
18 18920 -0.00246466510323 -54.4747872929 -12.0859643756 6.86315656304
19 18717 -0.00261860401398 -54.3442320927 -12.1174177243 6.91525624322
20 18462 -0.00277362430141 -54.2134770038 -12.1347001134 6.79725494206
21 18856 -0.00292704122249 -54.0847771689 -12.1078719373 6.84187458763
22 18795 -0.00308072884437 -53.9565456392 -12.0987867437 6.8844901137
23 18615 -0.00323518185697 -53.8283710638 -12.093338548 6.80225234789
24 18893 -0.00338852025115 -53.7018056969 -12.1202018356 6.82789620159
25 18874 -0.00354195949593 -53.5758340523 -12.1269146484 6.75812395558
26 19153 -0.00369429905819 -53.4514298351 -12.066538276 6.80609457992
27 19042 -0.0038471056283 -53.3273042434 -12.1048612773 6.77499339932
28 19141 -0.00399954045191 -53.2041340317 -12.1245554005 6.82145841374
29 18985 -0.00415262181546 -53.0810930066 -12.0969157043 6.78306651153
30 19100 -0.00430526459611 -52.9590495761 -12.1015238776 6.83566880319
31 18925 -0.00445863465204 -52.8370683401 -12.0939731646 6.86968425398
32 18746 -0.0046127589071 -52.7151321401 -12.1376023335 6.80063355804
33 18974 -0.00476597866574 -52.5945473045 -12.0911971755 6.67865937864
34 19543 -0.00491697232451 -52.4763297547 -12.0994030364 6.86604830554
35 18941 -0.00507037069488 -52.3568501443 -12.0944862453 6.82215960738
36 18956 -0.0052237346904 -52.2380178372 -12.0786483869 6.70835876434
37 19427 -0.00537524850448 -52.121223704 -12.0372238298 6.86260811657
38 18936 -0.00552873705869 -52.0035153486 -12.0959519203 6.68668347743
39 19520 -0.00567993628113 -51.8881564019 -12.0879231537 6.89717202593
40 18832 -0.00583389498266 -51.771292969 -12.0670311614 6.76937789751
41 19158 -0.00598656301287 -51.6560033837 -12.08360745 6.63264350098
42 19826 -0.00613665767663 -51.5432295203 -12.0772539482 6.75940442539
43 19486 -0.00628807942336 -51.4300293148 -12.0901638483 6.83448063053
44 19090 -0.00644108737911 -51.3162212312 -12.0532262508 6.71539923203
45 19471 -0.00659261556457 -51.204082061 -12.0519683916 6.74161541349
46 19474 -0.00674415150983 -51.0924984444 -12.0734709972 6.68284381465
47 19726 -0.00689474048072 -50.9821640574 -12.0373819256 6.7146286108
48 19667 -0.007045576921 -50.8721958186 -12.0739388331 6.79376149373
49 19326 -0.00719776235126 -50.7617952685 -12.11871508 6.6508792443
50 19832 -0.00734801646014 -50.6533348966 -12.0516361248 6.87019673368
51 19068 -0.00750127363822 -50.5432545432 -12.0703214956 6.79051133353
52 19185 -0.00765408615371 -50.4340402963 -12.0800955181 6.79350920307
53 19210 -0.00780682220869 -50.3254221664 -12.0676618109 6.73687024047
54 19454 -0.00795862120595 -50.2180028356 -12.0860462075 6.64901495971
55 19899 -0.00810873652878 -50.1122931037 -12.0268383023 6.76231955278
56 19549 -0.00826021048062 -50.0061451286 -12.0523702888 6.72678741295
57 19605 -0.00841149209515 -49.9006480053 -12.0461183667 6.7840337543
58 19387 -0.00856364473334 -49.7950598954 -12.0305036046 6.82470690597
59 19165 -0.00871669951908 -49.6893644571 -12.0866884442 6.74914969658
60 19415 -0.00886878611934 -49.5848492134 -12.0423984781 6.76465593045
61 19426 -0.00902085221739 -49.4808542319 -12.0966708156 6.78539002621
62 19348 -0.00917324784495 -49.3771380131 -12.0460746716 6.63407626927
63 19966 -0.00932328978635 -49.2755131502 -12.0505575213 6.7585558671
64 19617 -0.00947468280785 -49.1734619467 -12.0792368351 6.74187138764
65 19595 -0.00962618562953 -49.0718247199 -12.0568273874 6.68059289804
66 19851 -0.00977672806599 -48.971311881 -12.0518714758 6.64801373194
67 20069 -0.00992647491496 -48.8718016727 -12.0585027164 6.77739883673
68 19583 -0.0100780894057 -48.7715260245 -12.0735230519 6.66056176712
69 19946 -0.0102283401 -48.6726212174 -12.0281587986 6.76298719023
70 19619 -0.0103798636774 -48.5733478676 -12.0287047925 6.68603972552
71 19856 -0.0105304998765 -48.4751198283 -12.055593841 6.58922013639
72 20349 -0.0106793224981 -48.3785254853 -12.0394669258 6.80770694752
73 19553 -0.0108311677695 -48.2804281632 -12.05144208 6.6803313002
74 19875 -0.0109818024753 -48.1835677108 -12.027268827 6.64742356579
75 20113 -0.0111315646722 -48.0877142359 -12.0514879592 6.75445598482
76 19725 -0.0112828123695 -47.9913581505 -12.0474315198 6.66236891781
77 20014 -0.0114329893468 -47.8961267327 -12.0228801971 6.58479319615
78 20441 -0.0115816107276 -47.8023129263 -12.0368645022 6.64456590499
79 20302 -0.0117307617323 -47.7085930883 -12.022645113 6.70077143924
80 20023 -0.0118809701583 -47.6146394862 -11.9768418993 6.75934259303
81 19701 -0.0120324225012 -47.5203424232 -12.0156592391 6.65327276648
82 20067 -0.012182509795 -47.4273228358 -12.0226738577 6.65824547244
83 20155 -0.0123322940881 -47.3349125034 -12.0226418134 6.78418213633
84 19646 -0.0124840283862 -47.2417254881 -12.05736712 6.71513193071
85 19800 -0.0126351941923 -47.149311449 -12.0164465038 6.64104064729
86 20166 -0.0127850025502 -47.0581418128 -12.0450048043 6.59932079297
87 20459 -0.01293375571 -46.9680199229 -11.9935690764 6.71798271088
88 20026 -0.0130841309688 -46.8773233221 -12.0041476711 6.70662182361
89 19960 -0.0132347780185 -46.786871408 -12.0512663229 6.52539733412
90 20744 -0.0133825714397 -46.6985276695 -11.9773669336 6.6859743206
91 20255 -0.0135321596862 -46.6095066028 -12.0016122476 6.55550206463
92 20703 -0.0136801429132 -46.5218296598 -12.0181543968 6.68407844726
93 20261 -0.0138297537855 -46.4335790553 -12.0281862188 6.5976498313
94 20524 -0.0139784244855 -46.3462696034 -12.0343918465 6.58234296702
95 20672 -0.0141265838048 -46.2596413311 -12.0085929959 6.69872981978
96 20202 -0.0142764809942 -46.1723813261 -11.9932269916 6.6093082188
97 20468 -0.014425420008 -46.0860595449 -11.9609740823 6.68497245889
98 20214 -0.0145753139391 -45.9995646868 -12.0071716286 6.65819791443
99 20265 -0.014725043206 -45.9135433231 -12.0520541532 6.52023882631
100 20902 -0.0148724954297 -45.8291974369 -11.9795345362 6.66726615698
101 20424 -0.0150216848693 -45.7442263695 -11.9953933687 6.67241936446
102 20274 -0.0151714455051 -45.6593004083 -12.0077564072 6.63868582566
103 20385 -0.0153208217032 -45.5749597778 -12.020559979 6.55429300443
104 20799 -0.0154687251224 -45.4918098283 -11.9670556081 6.62982575697
105 20580 -0.0156174360852 -45.4085638557 -12.0243118839 6.60178223446
106 20649 -0.0157659202117 -45.3258007054 -11.9981272871 6.63175317673
107 20538 -0.0159148251139 -45.2431578295 -11.9872335415 6.54819813504
108 20888 -0.0160624979171 -45.1615474618 -11.9667226488 6.66709924461
109 20455 -0.0162117471001 -45.0794165009 -11.9789764049 6.58907144878
110 20688 -0.0163601776569 -44.9980833652 -12.0270282542 6.55883658951
111 20896 -0.0165078888396 -44.9174861153 -11.9734130418 6.64640862624
112 20562 -0.0166568137734 -44.8365695077 -12.0064869478 6.58559738557
113 20747 -0.016805097285 -44.7563413592 -11.9768801863 6.62925148436
114 20607 -0.0169539057074 -44.6761680891 -11.9741401969 6.52488892194
115 21046 -0.017101174326 -44.5971565579 -11.9818926817 6.5063540383
116 21263 -0.0172477111794 -44.5188635493 -11.9743151639 6.66039648993
117 20621 -0.0173965326452 -44.4396805898 -11.9681286893 6.56359070269
118 20885 -0.0175444309111 -44.3613169474 -11.9952383992 6.51108161937
119 21208 -0.0176912213774 -44.2838616994 -11.9914420286 6.55943771344
120 21079 -0.0178384820303 -44.2064781373 -11.9707151422 6.62223633436
121 20760 -0.0179868898086 -44.1288138346 -11.9414914579 6.64128489461
122 20591 -0.0181359281049 -44.0511429401 -11.9200492983 6.54423823388
123 20987 -0.0182835743454 -43.9745150754 -12.0099580742 6.48879061615
124 21364 -0.0184299335013 -43.8988652505 -12.00519015 6.582479868
125 21038 -0.0185774456925 -43.8229298975 -11.9912038383 6.634003278
126 20718 -0.0187261140226 -43.7467128211 -11.9799231195 6.62639297587
127 20668 -0.0188749840908 -43.6707056884 -11.9220714589 6.40212323287
128 21702 -0.0190202851888 -43.5968212927 -11.979032591 6.55062635603
129 21296 -0.0191669847616 -43.5225251885 -12.0036158884 6.45011547333
130 21664 -0.0193124525064 -43.4491482342 -11.9482082727 6.5209924271
131 21434 -0.0194587204948 -43.3756623292 -11.9526673735 6.63385654628
132 20852 -0.019607037524 -43.3014469285 -11.9580441684 6.62007377725
133 20759 -0.0197557070636 -43.2273564373 -11.9808103828 6.45333287145
134 21510 -0.0199017803453 -43.1548518517 -11.9323957329 6.61296240133
135 20981 -0.0200497047925 -43.0817216614 -11.9881497223 6.51359440733
136 21299 -0.0201965427762 -43.0094186991 -11.9540931749 6.53588426366
137 21289 -0.0203434357708 -42.9373761345 -11.9867715999 6.47185161091
138 21594 -0.0204893092347 -42.8661164664 -11.9312475668 6.50035695556
139 21548 -0.0206353570259 -42.795052377 -11.9501461346 6.50545873568
140 21516 -0.020781536861 -42.7242036788 -11.9575001563 6.54093353667
141 21343 -0.0209283265473 -42.6533392791 -11.9017917495 6.50494106719
142 21469 -0.0210747063353 -42.5829504133 -11.9337938093 6.50420048433
143 21513 -0.0212209589047 -42.5128980086 -11.9520687946 6.53773898143
144 21371 -0.0213677174817 -42.4428782213 -11.9296206827 6.44053617158
145 21799 -0.0215130468165 -42.3738102144 -11.9290900341 6.5319431236
146 21486 -0.0216594530645 -42.3045003799 -11.9188897862 6.46086140936
147 21743 -0.0218050122803 -42.2358586162 -11.9125296038 6.44952112267
148 21876 -0.0219501502944 -42.1676791058 -11.9452726743 6.59135268664
149 21241 -0.0220974625027 -42.0987458955 -11.9258988614 6.44775227854
150 21749 -0.022243063948 -42.0308766515 -11.9006636612 6.42436829933
151 22014 -0.0223878072237 -41.9636655247 -11.9287328732 6.54358679528
152 21516 -0.0225342367014 -41.8959317722 -11.9344554986 6.50185569252
153 21581 -0.0226804651368 -41.8285508534 -11.9164736629 6.50704189166
154 21579 -0.0228267213131 -41.7614154034 -11.9016784185 6.54089740019
155 21423 -0.0229735325735 -41.6942834232 -11.898270851 6.40874618497
156 22019 -0.0231183626595 -41.6283094745 -11.8913539286 6.48176852683
157 21837 -0.0232638172082 -41.5623016575 -11.9317460061 6.5453859048
158 21486 -0.0234104751327 -41.4960005662 -11.8996178523 6.50532630185
159 21583 -0.0235568236316 -41.4300909924 -11.9336070995 6.47840489981
160 21744 -0.0237026501459 -41.3646651131 -11.9152913139 6.42532669993
161 22053 -0.0238474720019 -41.2999342133 -11.922062729 6.51757480205
162 21695 -0.0239935029921 -41.2349079362 -11.8780302896 6.45252204202
163 21915 -0.0241388223544 -41.1704414704 -11.8985456434 6.50631587044
164 21720 -0.0242848107845 -41.1059208446 -11.9151196741 6.45257414885
165 21931 -0.0244301190413 -41.0419409955 -11.9300255733 6.49114360185
166 21807 -0.0245758589107 -40.9780104459 -11.9133395624 6.46501485985
167 21904 -0.0247212980505 -40.9144494459 -11.9298414056 6.49033052294
168 21812 -0.0248670615215 -40.8509835667 -11.8738920228 6.47766697432
169 21852 -0.025012712135 -40.7878023695 -11.8984200689 6.4213692174
170 22144 -0.0251574209698 -40.7252615934 -11.8940581695 6.40076061779
171 22334 -0.0253015318186 -40.6632077083 -11.9231981015 6.45511139323
172 22122 -0.0254463537713 -40.6010760398 -11.922517117 6.48925430581
173 21900 -0.0255919268692 -40.5388516196 -11.9415449806 6.37057456852
174 22430 -0.0257357927969 -40.4775817579 -11.927623467 6.49508524693
175 21965 -0.0258811913754 -40.4158850302 -11.9300571055 6.43683554477
176 22127 -0.0260260794603 -40.3546295599 -11.9113875794 6.50558207097
177 21840 -0.0261719349065 -40.2931903768 -11.9136440314 6.36635038012
178 22452 -0.0263158118104 -40.2328048627 -11.8995197741 6.51012910919
179 21916 -0.0264614566234 -40.1718989339 -11.8820498064 6.37350513768
180 22447 -0.0266053896479 -40.1119266865 -11.882022841 6.54133096153
181 21772 -0.0267515547705 -40.051244821 -11.9071562526 6.40170119589
182 22273 -0.0268960902393 -39.9914567706 -11.9044032181 6.4937636198
183 21965 -0.027041655446 -39.9314599334 -11.8993191294 6.51650423167
184 21774 -0.027187877642 -39.8714105505 -11.9138019305 6.36465379932
185 22473 -0.027331829759 -39.8125059491 -11.9088249412 6.43105943468
186 22343 -0.0274762174278 -39.7536338122 -11.8741619236 6.47635670041
187 22087 -0.0276214604982 -39.6946246551 -11.890502273 6.39697935126
188 22414 -0.0277656604179 -39.6362482959 -11.8611574307 6.39933062382
189 22500 -0.0279096054189 -39.5781817212 -11.9017842067 6.37160056428
190 22670 -0.0280530303346 -39.5205291535 -11.8658912037 6.51266158672
191 22016 -0.0281985894186 -39.4622260276 -11.911072124 6.30037645677
192 22905 -0.0283413163121 -39.4052590525 -11.8545510357 6.37458028422
193 22782 -0.0284844472682 -39.3483303502 -11.8732266927 6.40305522804
194 22607 -0.0286281521929 -39.291373348 -11.8351602576 6.36208421622
195 22772 -0.0287713556844 -39.2348133952 -11.8658773091 6.40248045356
196 22616 -0.0289150713562 -39.1782491433 -11.9049129142 6.45032230674
197 22336 -0.0290597045289 -39.1215229878 -11.9171544702 6.33849990255
198 22829 -0.0292027878558 -39.0656003183 -11.8728890307 6.36491673721
199 22838 -0.0293458628814 -39.0098744441 -11.8793687726 6.44838231223
200 22420 -0.0294902848787 -38.9538192179 -11.8569293424 6.38197354778
201 22644 -0.0296340118065 -38.8982275466 -11.8823932808 6.41513312119
202 22543 -0.029778079333 -38.8426971313 -11.8567276367 6.43253595715
203 22432 -0.0299225241667 -38.7872142695 -11.8634930875 6.33177076945
204 22919 -0.03006544569 -38.7325057454 -11.8925591482 6.40074666495
205 22707 -0.0302090545862 -38.6777227091 -11.8693510836 6.41811458852
206 22564 -0.0303531367924 -38.6229481426 -11.8381366404 6.38519309472
207 22696 -0.0304968200321 -38.5685128371 -11.8619017912 6.36316934248
208 22851 -0.0306400350317 -38.5144403939 -11.8390892339 6.37662787234
209 22830 -0.0307833361158 -38.4605198405 -11.8675055937 6.43610653921
210 22525 -0.0309276228189 -38.4064138345 -11.879504866 6.36982577883
211 22782 -0.0310711152205 -38.3527892623 -11.8438969019 6.44260480781
212 22488 -0.0312155605907 -38.2989925198 -11.8540400186 6.35466269633
213 22858 -0.0313588525104 -38.2458068121 -11.8440535254 6.4709106477
214 22376 -0.0315036996567 -38.1922265959 -11.8336015395 6.30159377414
215 23111 -0.0316462464142 -38.1396757907 -11.8492150922 6.35766742678
216 23033 -0.0317890531668 -38.0872057809 -11.8173695119 6.39527330288
217 22821 -0.0319325411268 -38.0346626673 -11.8548849531 6.28165953946
218 23360 -0.0320743838454 -37.9828957128 -11.8078655876 6.35905625142
219 23109 -0.0322170156638 -37.9310140441 -11.8747938736 6.37483885673
220 22962 -0.0323601238892 -37.8791328492 -11.8442936454 6.34705017816
221 23070 -0.0325029164547 -37.8275387117 -11.8499092858 6.31670269509
222 23264 -0.0326451297939 -37.7763243985 -11.8204390736 6.35570777155
223 23118 -0.0327878116514 -37.7251115517 -11.8145548793 6.32279296804
224 23255 -0.0329300928495 -37.674211434 -11.8589306276 6.30290816927
225 23404 -0.0330719398979 -37.6236337201 -11.8462349607 6.34725665073
226 23215 -0.0332143819674 -37.5730109081 -11.8349756082 6.31460300253
227 23340 -0.0333564634866 -37.5226822002 -11.8382426171 6.42426604279
228 22806 -0.0335002160499 -37.4719294366 -11.8309022318 6.2697070468
229 23470 -0.0336419400256 -37.4220573661 -11.8449268153 6.26001667784
230 23719 -0.0337829376741 -37.372602166 -11.8116885535 6.34616065073
231 23331 -0.0339251238768 -37.3228921965 -11.8294952861 6.25421835468
232 23720 -0.034066157103 -37.2737453714 -11.8106535762 6.51933642774
233 22448 -0.0342111528788 -37.2233830633 -11.7798539132 6.35080473934
234 22962 -0.034354536489 -37.1737447979 -11.8173702331 6.1704799369
235 24086 -0.0344945522543 -37.1254291506 -11.7959338373 6.30904262215
236 23654 -0.0346358626462 -37.0768230005 -11.8323601931 6.30390643085
237 23567 -0.034777452843 -37.0282772813 -11.8261188561 6.31677029606
238 23478 -0.0349193296137 -36.9797898626 -11.8103412425 6.32190640721
239 23430 -0.0350613701657 -36.931402707 -11.8735361648 6.32964770879
240 23380 -0.0352035821262 -36.8831130223 -11.8006848672 6.19816932238
241 24085 -0.0353437167203 -36.8356805635 -11.798984102 6.36248579488
242 23394 -0.0354859241662 -36.7876998362 -11.7866863571 6.21604099304
243 24000 -0.0356263466112 -36.7404722291 -11.74997265 6.28695561775
244 23787 -0.0357674134203 -36.693178137 -11.8326130548 6.29984279607
245 23663 -0.035908870111 -36.6459038225 -11.8199899668 6.23196066906
246 24003 -0.0360493384995 -36.5991082171 -11.825445677 6.30980108236
247 23678 -0.0361907882689 -36.5521344295 -11.8007867423 6.27506927188
248 23781 -0.0363319517741 -36.5054038308 -11.804050237 6.28850643616
249 23741 -0.0364732517918 -36.4587755363 -11.819178984 6.25998740222
250 23890 -0.0366141295597 -36.4124328026 -11.8127935468 6.22712798638
251 24119 -0.0367543575681 -36.3664481311 -11.7405836985 6.36108463704
252 23457 -0.0368965681947 -36.3199596737 -11.7822406697 6.25899627113
253 23828 -0.0370376857213 -36.2739735745 -11.7705015487 6.21733648443
254 24170 -0.0371778230594 -36.2284491915 -11.7864408182 6.24634007824
255 24110 -0.0373181532255 -36.1830036103 -11.7781162999 6.23479066205
256 24162 -0.0374583509495 -36.1377416111 -11.7778671385 6.28483607999
257 23904 -0.0375993206017 -36.092371536 -11.7991325916 6.23092922015
258 24134 -0.0377396360612 -36.0473519038 -11.7913893379 6.44852077646
259 23033 -0.0378832853524 -36.0014065418 -11.7655478704 6.23737189939
260 23855 -0.0380244575384 -35.956394674 -11.7832650026 6.20256179587
261 24293 -0.038164371282 -35.9119215298 -11.7872446834 6.40864758192
262 23297 -0.038307262899 -35.8666424495 -11.7916617041 6.15021061777
263 24433 -0.0384468132105 -35.8225586764 -11.7937278063 6.31597967797
264 23841 -0.038588104691 -35.7780616864 -11.804257355 6.21999323624
265 24210 -0.038728333402 -35.7340348929 -11.7375262949 6.28668294625
266 23950 -0.0388693420086 -35.6898987364 -11.7721462236 6.24451450803
267 24114 -0.0390098874607 -35.6460421401 -11.7435198589 6.30794936088
268 23816 -0.0391513288611 -35.6020410093 -11.7755741565 6.12289518635
269 24773 -0.039290030231 -35.559023245 -11.7915107841 6.33170474605
270 23874 -0.0394313376794 -35.5153299783 -11.7749137923 6.2472835149
271 24096 -0.0395720123253 -35.4719648823 -11.79355319 6.24570602502
272 24172 -0.0397124835984 -35.428793805 -11.7716818704 6.24052555273
273 24227 -0.039852814303 -35.385796375 -11.7617530314 6.11600142931
274 24959 -0.0399910924671 -35.3435548118 -11.7551870673 6.28347897876
275 24214 -0.0401315010728 -35.3007908218 -11.7564615691 6.24610051226
276 24222 -0.0402719035605 -35.2581574798 -11.7491354457 6.18248144135
277 24588 -0.0404112763915 -35.2159635966 -11.8063586863 6.22552503444
278 24452 -0.0405510557681 -35.1737729625 -11.7657707754 6.19224919733
279 24607 -0.0406904111689 -35.1318356805 -11.7899081057 6.18301463824
280 24709 -0.0408294987058 -35.0901032883 -11.7503373557 6.21286125
281 24572 -0.0409689931076 -35.0483729761 -11.7565424706 6.14135979405
282 24949 -0.0411074455952 -35.0070767674 -11.7838811857 6.24342367375
283 24474 -0.041247256137 -34.9654987022 -11.7474526457 6.12542090134
284 25024 -0.0413855397956 -34.9244959743 -11.7612606067 6.19846944599
285 24760 -0.0415245756699 -34.883391255 -11.7437330552 6.25670362337
286 24361 -0.0416647646385 -34.8420679902 -11.7661914085 6.17980008656
287 24691 -0.0418040341196 -34.8011368861 -11.7340211046 6.15646452152
288 24924 -0.0419426676285 -34.7605120725 -11.7191942903 6.26242427971
289 24388 -0.0420828360346 -34.7195580417 -11.7871922142 6.07225985448
290 25341 -0.0422203610132 -34.6794936726 -11.7658530259 6.25785723519
291 24536 -0.0423601442421 -34.6388899783 -11.7556037892 6.22139605863
292 24527 -0.0424999717093 -34.598392498 -11.7137489153 6.18799082081
293 24719 -0.0426392716148 -34.55816571 -11.7463913229 6.053264391
294 25573 -0.04277624597 -34.518724742 -11.7445684718 6.12657425621
295 25382 -0.0429137518071 -34.4792442012 -11.7402720253 6.23687834767
296 24690 -0.0430531903602 -34.4393243386 -11.7540133979 6.11282873723
297 25223 -0.0431911661375 -34.3999373449 -11.7555179401 6.11100223506
298 25391 -0.043328701593 -34.3607885126 -11.732278072 6.19145907951
299 24969 -0.0434674144145 -34.3214177978 -11.7535734037 6.20810467326
300 24761 -0.0436067265109 -34.281990975 -11.7558361712 6.20936980005
301 24701 -0.043746227543 -34.2426246548 -11.7164206342 6.23152788186
302 24562 -0.0438861395023 -34.2032564395 -11.7376730281 6.18308860273
303 24805 -0.0440253843446 -34.1641888709 -11.7528516103 6.14184601106
304 25119 -0.0441637747546 -34.1254721836 -11.7565369156 6.15215852409
305 25152 -0.044302091866 -34.0868862603 -11.7579504117 6.18761903332
306 24959 -0.0444409618748 -34.0482565195 -11.761500623 6.21981757967
307 24724 -0.0445805074735 -34.00954983 -11.765402385 6.15495261766
308 25038 -0.0447191945886 -33.971191025 -11.7352256475 6.1190290846
309 25344 -0.0448570596431 -33.9331675855 -11.7185012728 6.09188202724
310 25599 -0.0449942551252 -33.8954352609 -11.7214461281 6.21417859609
311 24951 -0.0451332394079 -33.8573187903 -11.7212691021 6.091696892
312 25497 -0.0452707459095 -33.8197139516 -11.7191047715 6.10255089353
313 25592 -0.0454080128157 -33.7822797036 -11.7409273026 6.13763057251
314 25414 -0.0455457801472 -33.7448140972 -11.7280684012 6.04477976969
315 25930 -0.0456821863037 -33.7078219817 -11.7192598552 6.25697491532
316 24815 -0.045821640948 -33.6701089849 -11.7052549736 6.12115407736
317 25306 -0.0459597562334 -33.6328632313 -11.7281608297 6.12519795452
318 25427 -0.0460975602448 -33.5958051657 -11.7396052532 6.0416467875
319 25973 -0.046233926274 -33.5592353941 -11.6971634087 6.19572997163
320 25202 -0.0463723793053 -33.5222089121 -11.7028864177 6.05470924179
321 25837 -0.0465091390692 -33.4857366989 -11.7511476517 6.02581908854
322 26204 -0.0466449560697 -33.4496152771 -11.7040826217 5.96281565483
323 26713 -0.0467794896266 -33.4139324264 -11.6809154375 6.11045070987
324 25933 -0.046916049606 -33.3778106681 -11.7301785312 6.05233249772
325 26081 -0.0470522389792 -33.3418854429 -11.7179321376 6.15719612555
326 25489 -0.0471900195944 -33.3056401605 -11.7207849924 6.09526567105
327 25702 -0.0473272456972 -33.2696400163 -11.6982906982 5.98589814352
328 26445 -0.0474625481617 -33.2342411231 -11.7049836312 6.08264461209
329 26056 -0.047598874349 -33.1986710156 -11.721126622 6.14992395337
330 25545 -0.0477365757198 -33.1628401574 -11.7266640003 6.07747062512
331 25845 -0.0478734918874 -33.1273109329 -11.7216022891 6.19405198273
332 25235 -0.0480120726574 -33.0914481676 -11.7128307796 6.05647457723
333 25894 -0.048148896415 -33.0561368381 -11.7343702018 6.09939044045
334 25825 -0.0482859205863 -33.0208697378 -11.7532592686 6.19417205238
335 25243 -0.0484245333206 -32.9852910807 -11.686342084 6.05661264643
336 25910 -0.0485613684563 -32.9502642979 -11.7055451534 6.13686910694
337 25617 -0.0486990017581 -32.9151286394 -11.686694559 6.08358558838
338 25863 -0.0488359978709 -32.8802503168 -11.6970900287 6.08249509321
339 25944 -0.0489727971332 -32.8455159834 -11.6863111951 6.055661629
340 26137 -0.0491091075151 -32.8109987124 -11.7058314628 6.04871262539
341 26240 -0.0492451684403 -32.7766367554 -11.6813902004 5.9788738521
342 26715 -0.0493800301069 -32.742668159 -11.6793530616 6.18150633248
343 25595 -0.0495178312081 -32.7080518751 -11.710068888 6.07948490064
344 25910 -0.0496548078259 -32.6737351884 -11.6586698188 6.10296128272
345 25861 -0.0497919330429 -32.639473263 -11.6818768927 6.06286812327
346 26098 -0.0499284515664 -32.6054539943 -11.6898182825 5.94762682819
347 26900 -0.0500629368443 -32.5720298927 -11.6795526246 6.15651400778
348 25819 -0.0502002280301 -32.5379986779 -11.693016402 6.05171228796
349 26170 -0.0503366125032 -32.5042821424 -11.7214516638 6.15579855284
350 25637 -0.0504744251969 -32.4703032105 -11.6508270732 5.98939656774
351 26517 -0.0506099489772 -32.4369771804 -11.6944865006 6.10231529278
352 26067 -0.0507466555533 -32.4034489082 -11.6602298255 5.99624026892
353 26609 -0.0508819793976 -32.3703470739 -11.6843134213 6.04602681306
354 26453 -0.0510177200039 -32.3372302272 -11.675390171 6.00739679513
355 26659 -0.0511529529246 -32.3043234859 -11.6812893193 5.96300351497
356 27008 -0.0512873255127 -32.2717110279 -11.6989490247 6.15348099752
357 25909 -0.05142453603 -32.2384968285 -11.6531696759 6.09063854259
358 25999 -0.0515615276329 -32.2054230102 -11.6605620299 6.07268709982
359 26140 -0.0516981672966 -32.1725208058 -11.6652703825 6.04440233572
360 26361 -0.0518342508032 -32.1398381954 -11.6848705242 6.049658121
361 26395 -0.0519702630423 -32.1072578043 -11.63386002 6.17699133067
362 25628 -0.0521083140693 -32.0742757093 -11.6832927404 5.97135228691
363 26688 -0.0522436131427 -32.0420354832 -11.6518291907 6.08223060905
364 26297 -0.0523799318994 -32.0096364437 -11.6408075795 6.05058695933
365 26391 -0.0525160254755 -31.9773748733 -11.6448083547 5.99176552307
366 26796 -0.0526511048518 -31.9454363526 -11.6714092022 5.95029575069
367 27186 -0.0527852287899 -31.9138048783 -11.6709895992 6.10968080605
368 26280 -0.0529216610882 -31.881711643 -11.6422247516 5.94829385359
369 27059 -0.053056133084 -31.8501607802 -11.6556918664 6.03490389849
370 26727 -0.0531914545343 -31.8184917283 -11.6439134383 5.96172515135
371 27111 -0.0533258316677 -31.7871238928 -11.6535745766 5.99156821877
372 27031 -0.0534604259838 -31.7557851917 -11.6385779453 5.98024132494
373 27087 -0.0535948978158 -31.7245544978 -11.6461181473 6.09376014297
374 26382 -0.0537311705238 -31.6929863066 -11.6094649675 6.02144104217
375 26648 -0.0538667802817 -31.661652083 -11.6910934565 5.84338689895
376 27902 -0.0539993250456 -31.6311032704 -11.6734894134 5.98592727384
377 27311 -0.0541333132344 -31.6002990675 -11.6361563123 6.0027287327
378 27044 -0.0542679783725 -31.5694172401 -11.6342705589 6.03334281014
379 26778 -0.0544033285241 -31.5384568322 -11.6278551019 6.00164540571
380 26912 -0.0545383584886 -31.5076478017 -11.6278485606 5.92330485875
381 27468 -0.0546720321137 -31.4772248267 -11.63888 5.97699292857
382 27275 -0.0548061926985 -31.446767358 -11.6400102344 5.98129229625
383 27198 -0.0549405601502 -31.4163392932 -11.6383335717 5.9841589541
384 27163 -0.0550750320414 -31.3859638109 -11.6291352603 5.96003920483
385 27316 -0.0552091431268 -31.3557455063 -11.6419130222 5.96689503986
386 27319 -0.0553432639294 -31.3256003172 -11.6242520175 6.0074197394
387 27060 -0.0554780425733 -31.2953828547 -11.6060176339 5.99513668636
388 27073 -0.0556128072936 -31.2652439925 -11.6440126237 5.95716693986
389 27330 -0.0557469539381 -31.2353180381 -11.5979192282 6.00750826402
390 27078 -0.0558817408366 -31.2053240218 -11.629957327 5.96005250039
391 27322 -0.0560159402753 -31.1755349173 -11.6081487682 6.06718106674
392 26702 -0.0561517069581 -31.1454729698 -11.6263949487 5.99379743659
393 27005 -0.0562867272149 -31.1156508869 -11.6336175855 5.89784565866
394 27730 -0.0564199866767 -31.0862903803 -11.5961292367 6.01318593478
395 27175 -0.0565546165262 -31.056700983 -11.6459099045 5.99465394609
396 27148 -0.056689331798 -31.0271660292 -11.6878685811 5.8921354101
397 27826 -0.0568224133724 -30.9980609005 -11.6212716222 5.98114236429
398 27427 -0.056956474829 -30.9688132148 -11.6305559726 5.94869822056
399 27536 -0.0570902874128 -30.9396913733 -11.6442217562 5.94153660136
400 27620 -0.0572239143948 -30.9106810012 -11.6289971473 6.00904519451
401 27202 -0.0573585802807 -30.8815166819 -11.6399714167 5.89778220512
402 27828 -0.0574917395094 -30.8527490764 -11.6237068092 5.96586941661
403 27554 -0.0576255763877 -30.823905378 -11.6548988059 5.9041164371
404 27897 -0.0577586051811 -30.7953054309 -11.5898794948 5.98306261782
405 27469 -0.0578926831577 -30.766549878 -11.6324963539 5.84932744899
406 28258 -0.0580248938415 -30.7382633299 -11.5837599507 6.02247251701
407 27317 -0.0581593788832 -30.7095597466 -11.6278950555 5.95549847073
408 27505 -0.0582934200502 -30.6810204635 -11.5957627528 5.95707820059
409 27553 -0.0584273622386 -30.6525713772 -11.6259141216 5.88599271681
410 28051 -0.0585601272179 -30.6244402748 -11.5963793213 6.02985603531
411 27233 -0.0586948872032 -30.5959553907 -11.618484145 5.85764000705
412 28162 -0.0588274237283 -30.5680079885 -11.6056541601 5.83165484579
413 28618 -0.058958915443 -30.5403468151 -11.6293789012 5.87121673762
414 28475 -0.0590907536002 -30.5126784453 -11.6264848733 5.89912539648
415 28246 -0.0592231401366 -30.4849609383 -11.603041226 5.9316607767
416 27965 -0.0593562070555 -30.4571673444 -11.6130052485 5.94767402687
417 27784 -0.0594897238472 -30.4293464224 -11.6092257303 5.86597868383
418 28295 -0.059622046192 -30.4018400128 -11.6042631619 5.79637785159
419 28938 -0.0597529079113 -30.3747012587 -11.6038754744 5.97218050191
420 27898 -0.059886201058 -30.3471234947 -11.6023982783 5.93214355208
421 27890 -0.0600195303439 -30.3196038834 -11.5792514253 5.89332465076
422 28158 -0.0601522421604 -30.2922766758 -11.5917503241 5.92287489292
423 28036 -0.0602852577521 -30.2649517176 -11.5870612269 5.92578703786
424 27987 -0.0604184061027 -30.2376642333 -11.5854265195 5.90967813107
425 28088 -0.0605513314152 -30.2104868498 -11.5808951188 5.82415388083
426 28716 -0.0606828115369 -30.1836680169 -11.5772229035 5.94896422654
427 28032 -0.0608159035072 -30.1565840705 -11.5637286269 5.86535991963
428 28422 -0.0609480963526 -30.1297462814 -11.5881692402 5.82494551717
429 28822 -0.0610793831835 -30.1031545442 -11.5759403404 5.90321110976
430 28391 -0.0612116813319 -30.0764203692 -11.6281218716 5.8288673448
431 28796 -0.061343061051 -30.0499335643 -11.6162269813 5.98919811781
432 27806 -0.0614767750712 -30.0230391491 -11.5983228589 5.86476893293
433 28386 -0.0616091333135 -29.9964797999 -11.5774910961 5.77661316022
434 29184 -0.0617396854778 -29.9703434459 -11.5704332496 5.96758999334
435 28071 -0.0618728178123 -29.9437522964 -11.5866259146 5.91176298139
436 28153 -0.0620057720489 -29.9172587368 -11.5645297368 5.94200805776
437 27975 -0.0621391654175 -29.8907397419 -11.6004901428 5.84392027543
438 28606 -0.0622710963919 -29.8645724194 -11.586971677 5.71373925409
439 29736 -0.0624005120252 -29.838962679 -11.5320522435 5.91612187268
440 28598 -0.0625324930679 -29.812904936 -11.5635605271 5.81159012988
441 29030 -0.062663504858 -29.7870979411 -11.6002075746 5.80497883567
442 29206 -0.0627941375123 -29.7614243391 -11.5820362908 5.83660731032
443 29033 -0.0629251749649 -29.7357298809 -11.5797383806 5.78141629344
444 29388 -0.0630554338647 -29.7102461583 -11.5779288858 5.87440410761
445 28824 -0.0631869775664 -29.6845696414 -11.5834721668 5.74721657813
446 29589 -0.0633168258523 -29.6592815844 -11.5764174579 5.87365462222
447 28894 -0.063448241951 -29.6337461918 -11.5677726535 5.93406349937
448 28288 -0.0635810750996 -29.6079945469 -11.5607024682 5.82030551198
449 28919 -0.0637124670778 -29.5825805452 -11.5815940295 5.78893805624
450 29332 -0.0638429473382 -29.5574000296 -11.5534476095 5.90947333817
451 28593 -0.0639751199926 -29.5319507706 -11.5612353518 5.84544654063
452 28844 -0.0641067326698 -29.5066670039 -11.5454415419 5.95225022424
453 28175 -0.0642399146665 -29.4811401449 -11.552874066 5.85242654725
454 28685 -0.0643719237916 -29.4558958534 -11.5296162842 5.78583477873
455 29313 -0.0645025270378 -29.4309768147 -11.5443066778 5.88987316532
456 28751 -0.0646344174325 -29.4058689345 -11.5651532237 5.77705678166
457 29407 -0.0647648453329 -29.3810953624 -11.5637208827 5.90026163838
458 28714 -0.0648968540282 -29.3560779424 -11.5478008217 5.67205364372
459 30187 -0.0650256174367 -29.3317300424 -11.5473357244 5.85650749331
460 29246 -0.0651564513828 -29.3070455645 -11.5722457058 5.88893332846
461 28765 -0.0652883911243 -29.2822083549 -11.5395657611 5.84198627052
462 28969 -0.0654198824059 -29.2575112309 -11.5485159967 5.80098194802
463 29327 -0.0655505846857 -29.233017189 -11.558368842 5.84763936784
464 29096 -0.0656818196732 -29.2084781944 -11.540971391 5.81639910264
465 29261 -0.0658126995736 -29.1840601838 -11.5356105321 5.80381426614
466 29405 -0.0659432764913 -29.1597528473 -11.516682388 5.81384732549
467 29377 -0.0660739299941 -29.13548521 -11.5356356257 5.8521885049
468 29098 -0.0662052252869 -29.1111525591 -11.5530663979 5.69098446991
469 30211 -0.0663340945662 -29.0873221733 -11.5627162979 5.82781140018
470 29513 -0.0664644946513 -29.0632616406 -11.5726540489 5.8106102423
471 29452 -0.0665950465688 -29.0392262543 -11.5265657126 5.86760061025
472 29029 -0.066726562181 -29.0150670547 -11.5711368623 5.84040355689
473 29111 -0.0668579088104 -28.9909924243 -11.5552866119 5.74030003303
474 29871 -0.0669875896566 -28.9672754266 -11.5585437036 5.78058718404
475 29794 -0.0671174539842 -28.943576791 -11.542019528 5.82681676811
476 29438 -0.0672481171231 -28.9197846494 -11.5205059123 5.78397116017
477 29657 -0.0673783119495 -28.8961297603 -11.5386770786 5.8411069605
478 29307 -0.0675092991704 -28.8723830935 -11.5301646985 5.77312622469
479 29710 -0.0676394095885 -28.8488470411 -11.5650561879 5.80082898083
480 29625 -0.0677697219863 -28.8253258916 -11.5261934157 5.73206070894
481 30118 -0.0678989795188 -28.8020458374 -11.5627353989 5.76638441351
482 30005 -0.0680284955916 -28.778769697 -11.5182683445 5.77256713083
483 29933 -0.0681581843078 -28.755512999 -11.4888083961 5.74868579732
484 30097 -0.0682875350944 -28.732367047 -11.5307269912 5.69018471993
485 30594 -0.0684158451943 -28.7094566365 -11.5260717425 5.83450619119
486 29651 -0.0685461964849 -28.6862319032 -11.5319384235 5.79359061713
487 29698 -0.0686764592617 -28.6630732668 -11.5084472771 5.84929401904
488 29310 -0.0688075980228 -28.6398095506 -11.5376654021 5.76522770552
489 29821 -0.0689376236028 -28.6167933314 -11.5251578572 5.79405228226
490 29758 -0.0690678027314 -28.59379967 -11.5258274465 5.73154941092
491 30213 -0.0691970145189 -28.5710259295 -11.5245460835 5.74212574667
492 30267 -0.0693261253658 -28.548318645 -11.5226845484 5.77454897759
493 30043 -0.0694557323627 -28.5255728737 -11.5249738891 5.683889175
494 30675 -0.0695840130729 -28.5031078319 -11.5342159041 5.76213108121
495 30260 -0.0697131860872 -28.480534597 -11.4897009146 5.84468473555
496 29538 -0.0698439442172 -28.4577333353 -11.5167501964 5.74593911422
497 30073 -0.0699735511476 -28.4351812893 -11.5343174488 5.61604186337
498 31237 -0.0701007344932 -28.4130977222 -11.5247639753 5.73983357825
499 30605 -0.0702292387725 -28.390831698 -11.5115782823 5.79573751143
500 30014 -0.0703590179956 -28.3683924658 -11.5394877891 5.80870980644
501 29761 -0.0704893648901 -28.345903184 -11.5195282893 5.70675460565
502 30460 -0.0706182226084 -28.3237180727 -11.5002154788 5.69885112562
503 30727 -0.0707465344995 -28.3016734579 -11.5075803629 5.70770891658
504 30739 -0.0708748363504 -28.2796768438 -11.4955414568 5.79150388853
505 30109 -0.0710044901142 -28.257495315 -11.4995184623 5.71386245506
506 30527 -0.0711332681096 -28.2355101034 -11.5170893553 5.66420497642
507 31038 -0.0712609975691 -28.2137495256 -11.5035212703 5.67199340636
508 31127 -0.0713885582984 -28.1920629041 -11.5173118659 5.6951142147
509 30976 -0.0715164457501 -28.1703659528 -11.5050845413 5.69362555001
510 30951 -0.0716444006232 -28.1487027351 -11.5050536952 5.71557951967
511 30778 -0.0717727291949 -28.1270214927 -11.5116128195 5.76240592539
512 30376 -0.0719019199166 -28.1052402166 -11.4922191891 5.72062400565
513 30588 -0.0720306772303 -28.0835774231 -11.4879089719 5.71931144776
514 30663 -0.072159291732 -28.0619837777 -11.4920984449 5.70097107779
515 30832 -0.0722875698308 -28.0404913947 -11.4766447308 5.68950139375
516 30974 -0.0724155677017 -28.019090404 -11.4969222441 5.73027936705
517 30702 -0.0725441464149 -27.9976368576 -11.4750607017 5.73578537734
518 30590 -0.0726729773315 -27.9761858871 -11.5086034802 5.71427688152
519 30729 -0.0728015309245 -27.9548255129 -11.4755532133 5.60034987176
520 31675 -0.072928165185 -27.9338273065 -11.4869206581 5.75736501285
521 30706 -0.0730567988012 -27.9125413886 -11.4669776242 5.71413487263
522 30779 -0.0731852946207 -27.8913222296 -11.5330259961 5.65771826054
523 31247 -0.0733128398687 -27.8703033589 -11.4717951006 5.68695615003
524 31154 -0.0734405908013 -27.8492937219 -11.4741554563 5.67254765124
525 31247 -0.0735681664932 -27.828355851 -11.4632811655 5.64382821351
526 31507 -0.0736952287393 -27.8075447781 -11.4901166215 5.66094855097
527 31449 -0.0738224238566 -27.7867543276 -11.5004897912 5.65353900499
528 31497 -0.0739495363083 -27.7660196287 -11.4717993213 5.70882053387
529 31078 -0.0740775194402 -27.7451854374 -11.4614967065 5.6744866582
530 31237 -0.0742051916261 -27.7244442614 -11.4849324076 5.68576974257
531 31198 -0.0743329588934 -27.7037299051 -11.4814645859 5.65843762501
532 31409 -0.0744603109778 -27.6831248115 -11.4852014519 5.70407577316
533 31112 -0.0745882843741 -27.6624612562 -11.4850291234 5.64832095162
534 31476 -0.0747155310033 -27.6419567344 -11.4705359825 5.6469926847
535 31595 -0.0748425519985 -27.6215299035 -11.4842763239 5.58054470207
536 32176 -0.0749684356566 -27.6013265957 -11.4851168293 5.66502747837
537 31655 -0.0750953657041 -27.5809961765 -11.4713575401 5.65429195856
538 31603 -0.0752224161228 -27.5606874097 -11.4658379154 5.6381461327
539 31724 -0.0753492390553 -27.540455728 -11.4529988052 5.7229804579
540 31087 -0.0754773695171 -27.5200566553 -11.4621790925 5.66655757004
541 31361 -0.0756049551506 -27.4997853437 -11.4748121834 5.62821662176
542 31752 -0.0757317676908 -27.4796773078 -11.4773513427 5.60241871828
543 32079 -0.0758579461079 -27.4597097233 -11.4403491876 5.66057574484
544 31702 -0.0759848868872 -27.4396615418 -11.4660380921 5.62666000284
545 31877 -0.076111493645 -27.419706005 -11.4621185772 5.69026168515
546 31419 -0.0762390347902 -27.3996433554 -11.4377578642 5.64497158055
547 31660 -0.0763661062082 -27.3796945674 -11.4640824154 5.64604445571
548 31725 -0.0764930626091 -27.3598035635 -11.4619242104 5.67798561788
549 31491 -0.0766205030026 -27.3398765505 -11.4672568539 5.60413585625
550 32028 -0.0767468859837 -27.320154165 -11.4742877843 5.70849845456
551 31343 -0.07687465898 -27.3002545193 -11.4690289775 5.56678462601
552 32304 -0.0770005310002 -27.2806898098 -11.4512969631 5.70191682386
553 31480 -0.0771280539893 -27.2609077157 -11.4861076063 5.5926929309
554 32141 -0.0772542751096 -27.2413663465 -11.4248901495 5.75327690859
555 31042 -0.0773827262476 -27.2215192154 -11.4781462224 5.56471094109
556 32254 -0.0775087552875 -27.2020849259 -11.4251213997 5.61796549754
557 32169 -0.0776349651969 -27.1826609505 -11.4729152741 5.6568538276
558 31833 -0.0777618546504 -27.1631708227 -11.457939414 5.54717072518
559 32650 -0.0778871617102 -27.1439614576 -11.4329945683 5.62694304499
560 32221 -0.0780133138335 -27.1246602889 -11.4328001857 5.67532122098
561 31714 -0.0781404856542 -27.1052413282 -11.4653153929 5.62211641649
562 32010 -0.0782670836148 -27.0859480013 -11.4416292571 5.5823748261
563 32428 -0.0783928777922 -27.0668146221 -11.4280647744 5.68197460589
564 31733 -0.0785200563595 -27.0475085195 -11.444074964 5.63593044061
565 31919 -0.0786468795139 -27.0282941524 -11.4203422993 5.69081224762
566 31533 -0.0787744898697 -27.0089984929 -11.4295399701 5.60027552627
567 32164 -0.0789008581541 -26.9899280726 -11.412272479 5.67197430618
568 31763 -0.0790280364352 -26.9707729115 -11.4236441678 5.71957964532
569 31278 -0.0791562118065 -26.9515055235 -11.4383972622 5.53405920516
570 32656 -0.079281668145 -26.9326836524 -11.4313580525 5.65639687777
571 32041 -0.0794083387051 -26.9137164364 -11.4551817151 5.64184585051
572 31995 -0.0795351146979 -26.8947703733 -11.4396449534 5.54828283403
573 32764 -0.0796604078918 -26.8760821142 -11.4477365479 5.57322692785
574 32779 -0.0797856881572 -26.8574316705 -11.4220142958 5.64343009352
575 32202 -0.0799120993579 -26.8386491353 -11.4328677907 5.55720872124
576 32765 -0.0800374346347 -26.8200623325 -11.4371008904 5.6486772351
577 32166 -0.0801639463794 -26.8013371814 -11.4203979651 5.57606851597
578 32607 -0.0802896146855 -26.7827726925 -11.4475540174 5.58518790295
579 32661 -0.0804151934667 -26.7642569947 -11.4375390218 5.5093477684
580 33330 -0.0805395211303 -26.7459606914 -11.4171923006 5.57030107025
581 33000 -0.0806644824835 -26.7276060533 -11.4287809474 5.55944413048
582 33006 -0.080789446506 -26.7092859362 -11.4129027121 5.57043278898
583 32920 -0.0809145890389 -26.6909745403 -11.4535132362 5.58727225139
584 32759 -0.0810400536728 -26.672650967 -11.422198939 5.60971032155
585 32531 -0.0811659713765 -26.6542963156 -11.4316675357 5.61034251335
586 32467 -0.0812920266647 -26.6359567226 -11.4224978697 5.55275333131
587 32939 -0.0814171899252 -26.6177815737 -11.4070846715 5.60156230623
588 32665 -0.0815428917707 -26.5995628841 -11.3879523633 5.62084675476
589 32434 -0.0816690565729 -26.5813119332 -11.4176268879 5.55767131541
590 32905 -0.0817943296893 -26.5632244103 -11.4093302447 5.56115518333
591 33015 -0.0819194087303 -26.5451990495 -11.4020816257 5.60117393569
592 32712 -0.0820450801239 -26.5271225858 -11.408725932 5.55342320823
593 33037 -0.0821701459677 -26.5091672252 -11.4055397123 5.51928753029
594 33429 -0.0822944900259 -26.4913490233 -11.4209505622 5.50653151854
595 33658 -0.0824184253646 -26.4736225712 -11.3978371826 5.58691211499
596 33031 -0.0825435451364 -26.4557602212 -11.4234240341 5.56559662875
597 33045 -0.0826686531361 -26.4379331259 -11.4191590045 5.49551199066
598 33661 -0.0827926247634 -26.4203009826 -11.3979895605 5.58664267615
599 33051 -0.0829177506593 -26.402537916 -11.3907579465 5.55935873473
600 33120 -0.0830427593265 -26.3848247529 -11.3909650223 5.51487960418
601 33530 -0.0831670163765 -26.3672509474 -11.406911144 5.57509826218
602 33130 -0.0832920356441 -26.3496023107 -11.4282281169 5.52588591422
603 33448 -0.0834164734023 -26.3320685154 -11.3940959707 5.55296043688
604 33309 -0.0835411855794 -26.3145287476 -11.3963728632 5.52464269
605 33521 -0.0836655168358 -26.2970750455 -11.3731851312 5.60105809835
606 32928 -0.0837909765145 -26.2794957312 -11.3824123012 5.62215450872
607 32593 -0.0839170942867 -26.2618573192 -11.3971247075 5.51931400323
608 33378 -0.0840417342483 -26.2444581195 -11.3682280868 5.48240115997
609 33934 -0.084165362573 -26.2272319999 -11.4061000258 5.49608504797
610 33977 -0.0842889281546 -26.2100462438 -11.3708102726 5.56636963242
611 33378 -0.0844136119369 -26.1927369234 -11.3825797928 5.57042389488
612 33183 -0.0845386752443 -26.1754070766 -11.4230465192 5.50365855204
613 33713 -0.0846627659952 -26.1582437455 -11.4041407915 5.46039746246
614 34255 -0.0847858842316 -26.1412460971 -11.4144381832 5.46873649126
615 34340 -0.0849088644304 -26.1242984205 -11.3813406098 5.56155372038
616 33546 -0.0850333062134 -26.1071806921 -11.3825795914 5.46145121845
617 34215 -0.0851565400449 -26.090260136 -11.3760943487 5.49459084957
618 34114 -0.0852799702284 -26.0733434714 -11.4002892606 5.51302511776
619 33927 -0.0854037535507 -26.0564093341 -11.4136192134 5.47931750884
620 34180 -0.0855270913077 -26.0395668743 -11.4033579693 5.48497841317
621 34207 -0.085650395632 -26.022759553 -11.4166362315 5.52990546976
622 33820 -0.0857744165085 -26.0058853146 -11.3761688394 5.50509049651
623 33937 -0.0858982377428 -25.9890689272 -11.3788194994 5.56803446742
624 33424 -0.0860230204103 -25.9721529044 -11.4021446949 5.50457188597
625 33840 -0.086147046979 -25.9553700763 -11.3651854564 5.52925114135
626 33746 -0.0862712604501 -25.9385925468 -11.397994603 5.49092283587
627 34064 -0.0863949067666 -25.9219219459 -11.3739299507 5.41461777889
628 34853 -0.0865171602962 -25.9054687936 -11.386045888 5.569388688
629 33687 -0.0866415244626 -25.888761774 -11.3817481206 5.48174008128
630 34146 -0.0867650647616 -25.8721954967 -11.3622383057 5.43227042562
631 34731 -0.0868875737646 -25.855797025 -11.3827500119 5.48365761698
632 34434 -0.0870106239678 -25.8393556176 -11.3787749446 5.45277872845
633 34637 -0.087133326935 -25.8229899765 -11.3660428817 5.44470381783
634 34774 -0.0872558018485 -25.8066839233 -11.3723398691 5.53511117159
635 34002 -0.0873796742217 -25.7902213825 -11.3750355234 5.49151313234
636 34182 -0.0875032339844 -25.7738299328 -11.3550736352 5.47497913189
637 34387 -0.0876264386947 -25.7575148887 -11.3918662886 5.43360366686
638 34828 -0.0877488748718 -25.741330529 -11.3717149702 5.50410367605
639 34316 -0.0878722348902 -25.725053125 -11.3861892529 5.44908486323
640 34677 -0.0879949649348 -25.708887732 -11.3657067927 5.50885464164
641 34243 -0.0881184843259 -25.692647385 -11.3473845871 5.49067327413
642 34291 -0.0882419314421 -25.6764455478 -11.3942058255 5.36529408152
643 35465 -0.0883633313256 -25.660540608 -11.3570981764 5.46674488536
644 34858 -0.0884857964867 -25.6445243719 -11.3854254999 5.43613011543
645 34978 -0.0886080661283 -25.628561958 -11.3864386272 5.46425277134
646 34758 -0.0887307352167 -25.6125756907 -11.3683365562 5.46594632397
647 34687 -0.0888535440507 -25.5965995281 -11.3780772439 5.40533898058
648 35232 -0.0889754122313 -25.5807736711 -11.3487329314 5.46457813993
649 34843 -0.0890979741369 -25.5648857216 -11.3442054575 5.45016848659
650 34872 -0.0892204974694 -25.5490307619 -11.3764675489 5.475574941
651 34653 -0.0893434210797 -25.5331520553 -11.3646858694 5.40313614268
652 35266 -0.0894652860855 -25.5174377577 -11.360185562 5.44790383663
653 35028 -0.0895875773208 -25.5016961164 -11.3350455876 5.42643478359
654 35167 -0.089709641401 -25.486011234 -11.3587219581 5.39965755133
655 35463 -0.0898312085063 -25.4704174679 -11.3508905935 5.4065279485
656 35487 -0.0899527471396 -25.4548544764 -11.3555147533 5.5075741424
657 34564 -0.0900759115465 -25.4391109006 -11.3552083625 5.37855316996
658 35505 -0.090197446796 -25.4236027344 -11.3648284071 5.55020892349
659 34197 -0.0903212994449 -25.4078265493 -11.3574296711 5.37298900869
660 35461 -0.090442937661 -25.3923595696 -11.3411188064 5.42810838034
661 35312 -0.0905648452879 -25.3768852429 -11.3355370139 5.40969643405
662 35449 -0.0906865310808 -25.3614658735 -11.3411976916 5.4584714997
663 35038 -0.0908089429705 -25.3459814435 -11.3662932313 5.3969889781
664 35503 -0.0909305646169 -25.3306236729 -11.3333037701 5.44096332103
665 35227 -0.0910526751124 -25.3152308779 -11.3484473161 5.38107662034
666 35719 -0.091173954844 -25.2999692255 -11.3554286341 5.3972320781
667 35710 -0.0912952625582 -25.2847303244 -11.3463840574 5.3902816879
668 35780 -0.0914164659902 -25.2695306998 -11.3512802683 5.39930513246
669 35719 -0.0915377857371 -25.2543426261 -11.3540973016 5.44387357498
670 35288 -0.0916598588133 -25.2390865709 -11.3388781215 5.41318877668
671 35461 -0.0917816470865 -25.2238923605 -11.3485661258 5.42326642459
672 35420 -0.0919035183718 -25.2087139756 -11.3391540703 5.37129035936
673 35908 -0.0920245730188 -25.1936631623 -11.3559695394 5.44881437525
674 35316 -0.0921466513466 -25.1785111138 -11.3713298035 5.34679876497
675 36125 -0.0922673680465 -25.1635537168 -11.3270182167 5.38921128433
676 35952 -0.0923883881156 -25.1485842695 -11.3251166928 5.40123086041
677 35795 -0.0925096877185 -25.1336058416 -11.3362528621 5.40162298822
678 35753 -0.0926310718877 -25.1186425601 -11.3662145735 5.35886112038
679 36157 -0.0927517885554 -25.1037868873 -11.3185111275 5.47126976133
680 35208 -0.0928741352058 -25.0887563296 -11.3254860658 5.3439376304
681 36156 -0.0929948810588 -25.0739477422 -11.3094781435 5.36425514932
682 36237 -0.0931155057202 -25.0591790603 -11.3314514525 5.35352239506
683 36370 -0.0932359226975 -25.0444607103 -11.332373253 5.43618099037
684 35618 -0.0933576176695 -25.0296113713 -11.3233399578 5.41146504741
685 35650 -0.0934792719749 -25.0147922706 -11.3078196031 5.42431649759
686 35543 -0.093601122497 -24.9999745386 -11.3244054538 5.4144066821
687 35612 -0.0937228680106 -24.9851947724 -11.3363930533 5.2911756698
688 36833 -0.0938425920126 -24.9706849164 -11.3041371419 5.39437634544
689 36173 -0.0939634166213 -24.9560662453 -11.3219985424 5.36809755426
690 36250 -0.0940841254689 -24.9414861691 -11.3313629118 5.35153846362
691 36439 -0.0942045343087 -24.926966756 -11.3007734764 5.39448443597
692 36081 -0.0943255531151 -24.9123983121 -11.3426858483 5.42646597153
693 35682 -0.0944472600203 -24.8977717667 -11.3255461005 5.3208578296
694 36595 -0.0945674529346 -24.8833514533 -11.3089938923 5.33395980561
695 36733 -0.0946874323458 -24.8689807636 -11.3090581411 5.49146994933
696 35264 -0.0948098983019 -24.8543369224 -11.2890999042 5.38439316863
697 35874 -0.0949313316742 -24.8398411087 -11.3144766104 5.35172648774
698 36371 -0.0950519471084 -24.8254670813 -11.309682546 5.34058289743
699 36627 -0.0951721523449 -24.811165823 -11.3276864962 5.31535678469
700 36956 -0.0952918349103 -24.7969503805 -11.2999945461 5.38275409123
701 36389 -0.0954124601081 -24.7826467779 -11.309170187 5.35321354701
702 36526 -0.0955328723016 -24.7683922081 -11.3035792061 5.33518285927
703 36748 -0.0956529331446 -24.7542028249 -11.3099899069 5.38087588741
704 36367 -0.0957736340686 -24.7399614842 -11.3089833394 5.32728018044
705 36792 -0.0958936484384 -24.7258246437 -11.29082246 5.33450575978
706 36847 -0.0960135869798 -24.7117200846 -11.3027825808 5.27426101168
707 37475 -0.0961325301285 -24.6977555791 -11.2981311298 5.37534869964
708 36643 -0.0962528276962 -24.6836552967 -11.3172050771 5.39828961169
709 36198 -0.0963738768844 -24.6694904488 -11.3378496698 5.29414541804
710 37103 -0.0964934532354 -24.6555210704 -11.3233624326 5.36532259865
711 36658 -0.0966137667908 -24.6414887069 -11.3041474312 5.35288412822
712 36662 -0.0967340861616 -24.6274788207 -11.3038050139 5.31856595889
713 37010 -0.0968538526082 -24.6135562584 -11.2799260755 5.33329310444
714 36967 -0.0969737015861 -24.5996469604 -11.3049467826 5.36716902219
715 36625 -0.0970941214333 -24.5856943842 -11.2883435367 5.29926267825
716 37210 -0.0972136039818 -24.5718731167 -11.3136033857 5.31146381162
717 37260 -0.0973330205648 -24.5580820265 -11.3140275529 5.27687214328
718 37631 -0.0974518590686 -24.5443800213 -11.2770738781 5.3875542024
719 36629 -0.0975723247664 -24.5305130777 -11.2917635077 5.33385536851
720 36889 -0.0976923794326 -24.5167161082 -11.2835824326 5.2584803705
721 37731 -0.0978110998513 -24.5030946665 -11.2805391624 5.38269611377
722 36721 -0.0979314536713 -24.4893082892 -11.3119818347 5.21474833404
723 38146 -0.0980495515051 -24.4758022755 -11.2901903149 5.344886074
724 37222 -0.0981691194519 -24.4621502266 -11.2747729228 5.29332861872
725 37493 -0.0982882666663 -24.4485682751 -11.2939694651 5.28873176213
726 37623 -0.0984072216362 -24.4350301537 -11.3014402781 5.29935130588
727 37557 -0.0985262940461 -24.4215005457 -11.2845449982 5.19931849626
728 38585 -0.0986437822865 -24.4081723441 -11.2910190162 5.30860273564
729 37739 -0.0987625923284 -24.3947157654 -11.2942581885 5.27236908807
730 37884 -0.0988811879583 -24.3813050551 -11.2788653516 5.29336473068
731 37714 -0.0990000626897 -24.3678843743 -11.2957684733 5.31679341984
732 37434 -0.0991193947523 -24.354433752 -11.2532090996 5.30833110007
733 37447 -0.0992387182598 -24.3410057727 -11.2729028384 5.26947812151
734 37854 -0.09935741149 -24.3276701777 -11.3019938617 5.31437662007
735 37515 -0.0994766535313 -24.3142944203 -11.2618841904 5.27680298452
736 37810 -0.0995954420403 -24.3009909128 -11.3177974766 5.23811311626
737 38302 -0.0997134778136 -24.2877927903 -11.2659990242 5.33173637776
738 37479 -0.09983281573 -24.2744703856 -11.2580294401 5.29267181036
739 37655 -0.0999518877037 -24.2611989823 -11.270499118 5.27822572183
740 37859 -0.100070651355 -24.2479831009 -11.2783992669 5.24070514843
741 38313 -0.100188721844 -24.2348652506 -11.2732215925 5.27229420058
742 38117 -0.100307108381 -24.2217331583 -11.2861202285 5.30145767086
743 37767 -0.100426055084 -24.208559929 -11.249027011 5.22809609089
744 38437 -0.100543973117 -24.1955213532 -11.3113153358 5.30822462452
745 37797 -0.100662897671 -24.1823923396 -11.25410925 5.25030539346
746 38224 -0.100781168668 -24.1693562026 -11.2876199086 5.33651832456
747 37462 -0.100900649903 -24.1562076082 -11.2801423138 5.21831557906
748 38475 -0.101018559979 -24.1432525002 -11.285283668 5.29714122359
749 37945 -0.101137303275 -24.1302264621 -11.2518483139 5.22494643149
750 38557 -0.101255113495 -24.1173231826 -11.2976539695 5.17690857469
751 39254 -0.101371884989 -24.1045536777 -11.2826861089 5.28175293952
752 38336 -0.101490059858 -24.0916509403 -11.2749231382 5.26946131191
753 38217 -0.101608429856 -24.0787472565 -11.2553859795 5.17604169292
754 39183 -0.101725344827 -24.0660221429 -11.2655676828 5.20130153718
755 39192 -0.101842259346 -24.0533168662 -11.2595807203 5.26572540454
756 38511 -0.101960215055 -24.0405184492 -11.2477509633 5.2933179157
757 38041 -0.102078909368 -24.0276601318 -11.2549934193 5.23128141308
758 38565 -0.102196808377 -24.0149080245 -11.2394125912 5.26097292439
759 38406 -0.10231496371 -24.002148199 -11.2785223346 5.22845373
760 38711 -0.102432665353 -23.9894572362 -11.2569224544 5.22579196065
761 38831 -0.102550196531 -23.9768043954 -11.2422497802 5.29232599888
762 38169 -0.102668755709 -23.9640608275 -11.2595888027 5.16473488872
763 39346 -0.102785540801 -23.9515274885 -11.2511503653 5.27960333056
764 38454 -0.1029036846 -23.9388680196 -11.2702739823 5.157579907
765 39520 -0.103020237492 -23.9263983797 -11.2535953202 5.22043141799
766 39145 -0.103137359409 -23.9138871866 -11.271930915 5.2007246069
767 39259 -0.103254322629 -23.9014122356 -11.2438718268 5.28254619644
768 38423 -0.103372564274 -23.8888204817 -11.2693379468 5.23414116813
769 38708 -0.103490382345 -23.8762933423 -11.2391653321 5.24955546722
770 38631 -0.103608330677 -23.8637718138 -11.2511433934 5.23976859463
771 38719 -0.103726157289 -23.8512826052 -11.2588732622 5.24775413622
772 38665 -0.103844078869 -23.8388026988 -11.2429589716 5.19797281166
773 39189 -0.103961222316 -23.8264242856 -11.2264398844 5.21611751518
774 39147 -0.104078440459 -23.8140570341 -11.2362508332 5.23133404375
775 38978 -0.104195925727 -23.8016806824 -11.2220787924 5.22506071966
776 39004 -0.104313384371 -23.7893261917 -11.2430736747 5.19109569771
777 39384 -0.104430286447 -23.7770491187 -11.2376988242 5.20125133949
778 39387 -0.104547196669 -23.7647899827 -11.2483910683 5.27154221567
779 38639 -0.104665245439 -23.7524304859 -11.2369566136 5.16713065974
780 39559 -0.104781926073 -23.7402329765 -11.2594715676 5.13083682137
781 40234 -0.104897635712 -23.728155337 -11.2571084111 5.24320008033
782 39190 -0.105014889215 -23.7159351653 -11.2221987984 5.18498080085
783 39540 -0.105131634976 -23.703786486 -11.2533665803 5.16785150322
784 39834 -0.105247961241 -23.691699855 -11.2388420534 5.1976831177
785 39594 -0.105364651998 -23.6795937601 -11.244918743 5.20563596753
786 39446 -0.105481573631 -23.6674821642 -11.234205514 5.21176239749
787 39344 -0.10559865919 -23.6553720553 -11.2513589997 5.13311393363
788 40189 -0.10571451933 -23.6434068427 -11.2640228081 5.25980466236
789 39041 -0.105832083484 -23.631284068 -11.2523840457 5.1985821849
790 39391 -0.105949136291 -23.619232411 -11.2391890152 5.14340711795
791 40106 -0.106065153627 -23.6073054325 -11.2246499422 5.22557831241
792 39406 -0.106182208452 -23.5952899859 -11.2629617657 5.14878156443
793 40062 -0.106298313341 -23.5833900578 -11.2395173292 5.28498406431
794 38768 -0.106416353276 -23.5713101477 -11.2246985426 5.15816289249
795 39785 -0.1065328862 -23.5594025675 -11.2115121813 5.1609919973
796 40053 -0.106649041917 -23.5475513946 -11.2214077052 5.19550937892
797 39751 -0.106765649404 -23.5356720284 -11.2249680785 5.15967205447
798 40070 -0.10688180466 -23.523856525 -11.2113258916 5.12237222471
799 40587 -0.106997229751 -23.5121328477 -11.2219313316 5.14070648574
800 40531 -0.10711274621 -23.5004173705 -11.2106032333 5.2042245514
801 39811 -0.10722931527 -23.4886128292 -11.2229276977 5.12578817904
802 40492 -0.107344911783 -23.476924284 -11.2195823845 5.15142211456
803 40402 -0.107460649661 -23.4652388753 -11.1965941182 5.21541923301
804 39670 -0.107577461648 -23.4534626671 -11.1923262248 5.17610418677
805 39906 -0.10769394 -23.4417377083 -11.2099202161 5.16417646309
806 40112 -0.107810131832 -23.4300590783 -11.2384326032 5.19221537205
807 39864 -0.107926696268 -23.418360509 -11.2162689218 5.17782904036
808 39960 -0.10804313291 -23.4066922388 -11.2008157478 5.07738681291
809 41133 -0.108157909897 -23.3952073406 -11.2066845786 5.1673833615
810 40442 -0.108273675536 -23.3836406313 -11.2251356509 5.07094901584
811 41361 -0.108388159787 -23.3722188212 -11.2018311365 5.11898883467
812 41070 -0.108503060803 -23.3607722631 -11.2172805149 5.12563757586
813 40918 -0.108618186336 -23.3493202143 -11.2044367702 5.17988768809
814 40266 -0.108734252104 -23.3377916998 -11.2020924441 5.15030174337
815 40424 -0.108850103678 -23.3263015101 -11.2189268879 5.23773277514
816 39504 -0.108967308304 -23.3146944206 -11.2020321648 5.11491727553
817 40617 -0.109082907601 -23.3032633157 -11.2232304747 5.15493517853
818 40488 -0.109198703153 -23.2918296984 -11.1989245037 5.20210978555
819 39931 -0.109315316396 -23.2803323945 -11.2208995515 5.13439538
820 40538 -0.109431064407 -23.2689372828 -11.1979388451 5.13084920847
821 40758 -0.109546512399 -23.2575884295 -11.2185638116 5.13591620688
822 40768 -0.109661957839 -23.2462564919 -11.2026785887 5.18230058001
823 40252 -0.109778152525 -23.2348678013 -11.1919802861 5.09241129554
824 41136 -0.109893104599 -23.2236174456 -11.1936159143 5.12580757317
825 41008 -0.110008247413 -23.2123648815 -11.2086811134 5.1730990785
826 40440 -0.110124208433 -23.2010489703 -11.2222630248 5.15051184467
827 40543 -0.110240033982 -23.1897628874 -11.1992289208 5.1455065965
828 40635 -0.11035574062 -23.1785049295 -11.1813112222 5.19321737735
829 40130 -0.110472185097 -23.1671918348 -11.2037741153 5.0958164128
830 41098 -0.110587262213 -23.1560279637 -11.1961327639 5.12853343049
831 41003 -0.11070248421 -23.1448663156 -11.2007550072 5.12543405728
832 41018 -0.110817696872 -23.1337218243 -11.1939624087 5.13064937954
833 40969 -0.110932991283 -23.1225856606 -11.1771649882 5.05938551136
834 41792 -0.111047156344 -23.1115745494 -11.2117929174 5.16008734807
835 40857 -0.111162632283 -23.1004531375 -11.1957513972 5.14041304203
836 40830 -0.111278158281 -23.0893431058 -11.1976332307 5.08233331827
837 41500 -0.111392759453 -23.078337991 -11.1970170057 5.13656797779
838 41065 -0.11150797777 -23.0672896205 -11.2027548622 5.01850471307
839 42340 -0.111621460823 -23.056423304 -11.2048942828 5.08895690717
840 41866 -0.111735595195 -23.0455102633 -11.1888958449 5.11356634945
841 41452 -0.111850310578 -23.0345574422 -11.1969654916 5.03320837205
842 42294 -0.111963889865 -23.023728641 -11.1773026434 5.12153304854
843 41488 -0.112078578009 -23.0128097849 -11.1865483219 5.06472103187
844 41940 -0.112192659362 -23.0019642826 -11.1805746356 5.08969943108
845 41777 -0.11230697379 -22.9911121809 -11.2034720093 5.0847269915
846 41797 -0.112421273565 -22.9802770099 -11.2070376955 5.13943295562
847 41169 -0.112536453334 -22.9693741051 -11.1897089531 5.07697219125
848 41728 -0.112650870581 -22.9585589389 -11.2082331318 5.14627689874
849 41083 -0.112766194144 -22.9476737632 -11.1952336911 5.08194681348
850 41657 -0.112880732331 -22.9368782464 -11.1920719584 5.04891463862
851 42220 -0.112994515947 -22.9261691413 -11.1586807412 5.12897047186
852 41437 -0.113109381848 -22.9153736011 -11.1840533021 5.07646048042
853 41842 -0.113223702664 -22.9046446492 -11.1880476833 5.03411737587
854 42470 -0.113337185776 -22.8940094388 -11.205016776 5.00006206603
855 43073 -0.113449883373 -22.8834627257 -11.1754665281 5.08440448279
856 42221 -0.113563723809 -22.8728240868 -11.1391851509 5.09476128604
857 41870 -0.113678052646 -22.862154974 -11.1796774002 5.05833283601
858 42212 -0.113791929588 -22.8515431119 -11.1785354448 5.08664295909
859 41976 -0.113906137144 -22.8409155259 -11.1646018406 5.02981645569
860 42598 -0.114019519095 -22.8303796798 -11.1680099141 5.07901739459
861 42187 -0.114133464673 -22.8198063996 -11.1809662799 5.09242781871
862 41919 -0.114247785028 -22.8092133633 -11.1970522952 5.09974870538
863 41764 -0.114362329144 -22.7986146519 -11.1499255038 5.05879115213
864 42213 -0.114476273961 -22.7880863184 -11.1940238226 5.04096784735
865 42562 -0.114589762401 -22.7776149202 -11.1884725388 5.02348705204
866 42880 -0.11470284004 -22.7671960536 -11.1849028274 5.0823827104
867 42261 -0.114816754622 -22.7567148061 -11.1642439938 5.03774293194
868 42633 -0.114930182522 -22.7462930022 -11.1866527219 5.05222207241
869 42569 -0.115043707869 -22.7358768671 -11.1940229621 5.02725616107
870 42861 -0.115156856798 -22.7255097958 -11.1521060529 5.03907005038
871 42805 -0.115270091159 -22.7151493869 -11.1580736898 5.10044785548
872 42056 -0.115384341759 -22.7047106588 -11.1617395501 4.99713923099
873 43103 -0.115497207452 -22.6944128972 -11.16259615 5.05831916201
874 42657 -0.115610673345 -22.6840748032 -11.1836583602 5.06024122418
875 42516 -0.115724338804 -22.6737330034 -11.1700126644 5.02730824795
876 42883 -0.115837527909 -22.6634489144 -11.1610528122 5.04938526306
877 42723 -0.115950940264 -22.6531588951 -11.1492756947 5.06942054916
878 42442 -0.116064739206 -22.6428482128 -11.1683192929 4.96672280282
879 43633 -0.116176986445 -22.6326922365 -11.1341563216 5.03835714479
880 43085 -0.116289955756 -22.6224850538 -11.1581535198 5.03684884354
881 42958 -0.116403103708 -22.6122759066 -11.1604765717 5.03172495104
882 42992 -0.116516218904 -22.6020838683 -11.1681191906 4.96289522866
883 43866 -0.116628212051 -22.5920068442 -11.161440806 5.01008613513
884 43526 -0.11674065322 -22.5819034079 -11.1618883007 5.05508678203
885 42882 -0.116853947637 -22.571737362 -11.1713760858 4.9892114769
886 43522 -0.116966416545 -22.5616593212 -11.139033687 5.03161488175
887 43182 -0.117079339349 -22.5515545447 -11.147249839 5.02134216601
888 43220 -0.117192223379 -22.5414671682 -11.1549536948 5.13120018922
889 41908 -0.117306872633 -22.5312362782 -11.1621447992 5.03813053454
890 42664 -0.117420512986 -22.5211095406 -11.1415810219 4.93849638209
891 44132 -0.117532259388 -22.5111652597 -11.1643752323 4.95818185487
892 44310 -0.117643791938 -22.5012535118 -11.1302899582 5.03926189314
893 43341 -0.117756575265 -22.4912442994 -11.158252864 4.97874886454
894 43836 -0.117868731702 -22.4813043474 -11.1646571753 4.92782647197
895 44637 -0.11797988877 -22.4714663458 -11.1694076563 5.05179605369
896 43293 -0.11809276918 -22.4614894244 -11.1366123168 4.97601157482
897 43876 -0.118204908449 -22.4515915578 -11.1345075308 5.02857489601
898 43387 -0.118317689323 -22.4416506543 -11.1608722934 4.97758978712
899 43895 -0.11842982612 -22.431780012 -11.1251882198 4.99668828306
900 43804 -0.118542091032 -22.4219115406 -11.1433064091 5.01132475537
901 43601 -0.118654628412 -22.4120325968 -11.1341981068 5.02733656307
902 43351 -0.118767501119 -22.4021377456 -11.1463239469 4.9541559647
903 44208 -0.118879284974 -22.392351675 -11.1397901395 4.99807635362
904 43899 -0.118991473266 -22.3825435073 -11.1382299114 4.95690220117
905 44343 -0.119103109373 -22.3727968244 -11.1222845302 5.03757954191
906 43453 -0.119215894725 -22.3629631588 -11.1420410926 4.93614819329
907 44495 -0.119327362933 -22.3532574979 -11.1342080382 5.0054420568
908 43911 -0.119439581431 -22.3434997018 -11.1259039891 4.9790974285
909 44088 -0.119551584656 -22.3337737987 -11.1035006833 5.03935678897
910 43386 -0.119664501863 -22.3239818265 -11.1392273041 4.98946756429
911 43821 -0.11977686918 -22.3142507681 -11.1227669183 5.00254663968
912 43785 -0.119889293332 -22.3045279686 -11.1050178196 4.94079128936
913 44569 -0.120000735283 -22.2949030994 -11.1190711517 5.07441712521
914 43108 -0.120114061652 -22.2851287134 -11.1237190673 4.97055536734
915 44005 -0.120226238082 -22.2754666266 -11.1445900428 4.93062330309
916 44784 -0.12033744612 -22.2659008073 -11.1461848271 4.91154013372
917 45264 -0.120448073596 -22.2563976034 -11.1244713095 4.95528590625
918 44831 -0.120559245317 -22.2468603603 -11.121475908 5.04281632281
919 43601 -0.12067198481 -22.237201611 -11.1192819823 4.94641512536
920 44488 -0.120783606329 -22.2276515047 -11.1410546733 4.91489417856
921 45161 -0.120894404217 -22.2181844998 -11.1287001975 4.90717597387
922 45462 -0.121004845986 -22.2087604251 -11.1033055452 4.92043024949
923 45377 -0.121115401912 -22.199339087 -11.1152193441 4.98423022314
924 44525 -0.121227021323 -22.1898397621 -11.1152304736 4.96305212808
925 44569 -0.121338597102 -22.1803568202 -11.1434037833 4.94034254716
926 44882 -0.121449793401 -22.1709187099 -11.1140545472 4.92982584823
927 45115 -0.121560713343 -22.1615165433 -11.1223745101 4.9711187261
928 44648 -0.121672223173 -22.1520769223 -11.1271419269 4.93924307184
929 44938 -0.12178338328 -22.1426794042 -11.1259547589 4.91557091391
930 45339 -0.121894062598 -22.1333349064 -11.0993576193 4.97081320333
931 44733 -0.122005499686 -22.123938882 -11.0878478441 5.01270044079
932 44036 -0.122117826837 -22.1144804301 -11.1208189279 4.88682474256
933 45478 -0.122228368909 -22.1051846358 -11.1173148999 4.9586898484
934 44948 -0.122339571726 -22.0958456115 -11.0923569876 4.91778339276
935 45344 -0.122450298813 -22.0865588081 -11.1401860365 4.90007268182
936 45699 -0.122560606005 -22.0773193716 -11.0871785638 4.97210236441
937 44853 -0.122671959669 -22.0680045582 -11.1296624388 4.95820462388
938 44806 -0.122783382515 -22.0586962806 -11.0949680324 4.88398394643
939 45780 -0.12289362501 -22.0494987186 -11.1004233563 4.9982068113
940 44556 -0.123005382446 -22.0401870354 -11.1297162287 4.91452738722
941 45314 -0.123116212564 -22.0309647952 -11.1110104062 4.9394308274
942 45207 -0.123227184762 -22.0217428605 -11.1031231441 4.88381292019
943 45924 -0.123337297728 -22.0126043022 -11.1183693169 4.95191019212
944 45224 -0.123448270373 -22.0034064411 -11.1118195427 4.95623665731
945 44980 -0.123559554416 -21.9941948891 -11.1089551267 4.90748604712
946 45561 -0.123670137858 -21.985053329 -11.1293085197 4.84661811794
947 46559 -0.123779540479 -21.9760211321 -11.1084746086 4.95923923807
948 45326 -0.123890432118 -21.9668779064 -11.1309183894 4.84788796875
949 46486 -0.123999941764 -21.9578603676 -11.0881624986 4.92969468182
950 45712 -0.124110385927 -21.9487776696 -11.0928150339 4.92983508284
951 45503 -0.12422109465 -21.9396850787 -11.0956770983 4.89856014402
952 45868 -0.124331371985 -21.9306397052 -11.0783193048 4.94931958771
953 45301 -0.124442348998 -21.9215487956 -11.104093426 4.95809331838
954 45035 -0.124553664112 -21.9124421138 -11.1101931908 4.81147354616
955 46943 -0.124662703959 -21.9035331286 -11.0784410579 4.967050105
956 45377 -0.124773620005 -21.8944825636 -11.1085697835 4.87068012733
957 46242 -0.124883505062 -21.885527753 -11.1222440797 4.94318649951
958 45517 -0.124994272592 -21.8765127188 -11.1131597771 4.89810714937
959 45924 -0.1251045592 -21.8675484657 -11.0799505017 4.97198347209
960 45063 -0.125215904994 -21.8585098815 -11.0949302174 4.95166385993
961 45097 -0.125327219847 -21.8494855995 -11.091288139 4.884603607
962 46005 -0.125437441908 -21.8405615046 -11.0825475104 4.88220421025
963 46304 -0.125547318209 -21.8316768659 -11.0974769341 4.88774890814
964 46319 -0.125657187067 -21.8228042509 -11.0833813638 4.84176131187
965 46963 -0.125766310504 -21.8140031183 -11.1075255596 4.91330589019
966 46167 -0.125876381239 -21.8051369559 -11.0953641102 4.8843551098
967 46346 -0.125986250012 -21.7962984313 -11.0894591062 4.88978972474
968 46329 -0.126096149905 -21.7874687464 -11.0949022636 4.88100959373
969 46451 -0.12620591653 -21.7786610724 -11.0724116144 4.88023822519
970 46502 -0.126315633136 -21.7698686805 -11.0970819981 4.82942340966
971 47228 -0.126424514364 -21.7611543511 -11.0767430957 4.89688974721
972 46503 -0.126534251493 -21.7523827053 -11.08513319 4.88981766121
973 46405 -0.126644114704 -21.7436122099 -11.0796944448 4.85316725327
