gpomdp_grad 0.7 1.61660056386e-05 -0.588403348999

1 1000 0 -56.6666666667 -12.0112036911 -7.21512954479
2 37982 0 -56.6666666667 -12.1702009736 6.77081951763
3 40686 -0.000154294987897 -56.523581988 -12.1555440904 6.85716440866
4 40759 -0.000308476930383 -56.381415921 -12.111328057 6.87455026743
5 40640 -0.000462907787462 -56.2398288721 -12.1723486239 6.87888438956
6 40579 -0.000617478747543 -56.0989168004 -12.1569311719 6.83409245984
7 40953 -0.000771364889413 -55.9594207548 -12.1423760873 6.88784587183
8 40608 -0.000925927997919 -55.8200995405 -12.142119272 6.8381948369
9 40944 -0.00107987833248 -55.6821096213 -12.1632027699 6.80487130566
10 41338 -0.00123311814626 -55.5455221465 -12.1394549686 6.88214389689
11 40790 -0.00138740721494 -55.4087646966 -12.1588367567 6.78533452368
12 41483 -0.00154042603621 -55.2738852936 -12.1091408816 6.85945051967
13 41043 -0.00169428615486 -55.1390132964 -12.1415445274 6.81095382685
14 41349 -0.00184759862846 -55.0053622349 -12.1217982859 6.82389230865
15 41332 -0.00200096668378 -54.8723966027 -12.0962862173 6.86702239621
16 40963 -0.00215504742548 -54.7395461784 -12.1095374662 6.81631512567
17 41307 -0.00230850863373 -54.607954316 -12.1107697043 6.84425448854
18 41171 -0.00246224756325 -54.476843294 -12.0856682114 6.8584742549
19 41019 -0.00261629410913 -54.3461858576 -12.1321798532 6.75042557591
20 41930 -0.00276868050183 -54.2176359033 -12.1044594427 6.87296043376
21 41122 -0.00292258177904 -54.0885083348 -12.1367464025 6.72732692201
22 42185 -0.00307455374707 -53.9616845724 -12.1160121456 6.8719911897
23 41217 -0.00322832283549 -53.8340483825 -12.1346885408 6.82696962906
24 41350 -0.00338186895319 -53.7072816014 -12.0971576155 6.88242197024
25 40917 -0.00353624861104 -53.5805105455 -12.0930880328 6.78230976463
26 41674 -0.00368924407114 -53.4555472943 -12.081270716 6.79193242073
27 41814 -0.00384200608998 -53.3314360191 -12.1127621284 6.85306158251
28 41326 -0.0039956908665 -53.2072365785 -12.1008775461 6.73802821579
29 42213 -0.00414777515821 -53.0849786089 -12.1112289839 6.72387077301
30 42605 -0.00429918122082 -52.9639011938 -12.0945695164 6.86961926379
31 41424 -0.00445275293666 -52.8417344632 -12.0963572 6.86065895653
32 41188 -0.0046067882209 -52.7198439044 -12.1070031774 6.74757544674
33 42124 -0.0047591254041 -52.5999273877 -12.091138222 6.80792924425
34 41862 -0.0049119614786 -52.4802431496 -12.1000331231 6.80305713505
35 41841 -0.00506485897906 -52.3611323542 -12.0646553093 6.75981784186
36 42230 -0.0052170747739 -52.2431653743 -12.1049038209 6.7897054544
37 42081 -0.00536958199306 -52.1255809612 -12.0919572393 6.78220609032
38 42116 -0.00552205008232 -52.0086308174 -12.1045203895 6.77994458508
39 42155 -0.00567447030514 -51.8923165074 -12.0876350568 6.81500365868
40 41863 -0.0058274439701 -51.7761775456 -12.0952805505 6.78585009743
41 42049 -0.00598010188816 -51.6608706703 -12.0672435512 6.74394303229
42 42488 -0.00613199372643 -51.5467252852 -12.1051177125 6.75245097112
43 42544 -0.00628380749886 -51.4332151097 -12.0959948238 6.76895489601
44 42420 -0.00643586642416 -51.3200950774 -12.0901914894 6.7653408753
45 42427 -0.006587935641 -51.2075370402 -12.0977128524 6.76987970896
46 42397 -0.00674008116133 -51.0954883488 -12.0622559529 6.74760575687
47 42599 -0.00689188816356 -50.9842488226 -12.0748913137 6.69778619216
48 43122 -0.00704279479017 -50.8742192127 -12.0856778101 6.72992218103
49 42983 -0.0071939679715 -50.7645411454 -12.0546062702 6.71835533502
50 43060 -0.00734502900011 -50.6554861894 -12.0786597295 6.73463954337
51 42941 -0.00749632166726 -50.5468027992 -12.0678495803 6.77804270119
52 42522 -0.00764838110807 -50.4381078979 -12.066157744 6.72399953518
53 42905 -0.00779978213789 -50.3304168639 -12.0573179813 6.78216026687
54 42493 -0.00795193876572 -50.2227204954 -12.0698938251 6.6895291452
55 43233 -0.00810280998361 -50.116456795 -12.0656694541 6.75453611387
56 42853 -0.0082543711866 -50.0102275081 -12.0767601959 6.76275886531
57 42682 -0.00840625914853 -49.904288661 -12.0396460093 6.779264139
58 42494 -0.00855850553196 -49.7986178936 -12.0562282539 6.69855118379
59 43187 -0.00870954781019 -49.6942916992 -12.055866264 6.72635750795
60 43137 -0.00886070154797 -49.5903922284 -12.057806259 6.74178793221
61 42990 -0.00901213566833 -49.4868016959 -12.0681211281 6.7212933697
62 43147 -0.00916331736431 -49.383881122 -12.0565067432 6.7890609935
63 42580 -0.0093155235128 -49.2807614588 -12.0298298444 6.69516730509
64 43290 -0.0094664999483 -49.1789653663 -12.0688128374 6.71002538003
65 43363 -0.00961737096255 -49.0777248168 -12.0509547478 6.68753166641
66 43603 -0.00976784897274 -48.9772269752 -12.0486177614 6.70335114076
67 43532 -0.00991847225764 -48.8771077836 -12.0317595105 6.69151719285
68 43632 -0.0100689449894 -48.7775605095 -12.0482511698 6.71064185913
69 43491 -0.0102196846869 -48.6783061638 -12.0577882301 6.70484005611
70 43515 -0.0103704053503 -48.5795309279 -12.025808672 6.67914911028
71 43772 -0.0105207053327 -48.4814927347 -12.0401436873 6.632197427
72 44300 -0.010670128137 -48.3844802125 -12.0407983164 6.73780362897
73 43459 -0.0108210120964 -48.2869746823 -12.0243313534 6.64410404825
74 44116 -0.0109707916888 -48.1906325405 -12.0405909983 6.73140804998
75 43487 -0.0111216721802 -48.0940321509 -12.0708513378 6.66331576889
76 43960 -0.0112717613053 -47.9983833204 -12.0303133284 6.68146406995
77 43932 -0.0114219215093 -47.9031301726 -12.0214689533 6.59661637184
78 44747 -0.0115707297545 -47.8091668009 -12.036446835 6.7766662688
79 43275 -0.0117220690625 -47.7140434521 -12.0381324638 6.60683127708
80 44476 -0.0118713739358 -47.6206289436 -12.046926889 6.61437034152
81 44758 -0.0120202291408 -47.5279181559 -12.0201487231 6.657705894
82 44428 -0.0121696587658 -47.4352709276 -12.0301072656 6.67744769467
83 44157 -0.0123195686888 -47.342747221 -12.025917692 6.74643206539
84 43442 -0.0124707286158 -47.2498764045 -12.0173818327 6.67547996785
85 43916 -0.0126210928865 -47.1579143591 -12.0082664412 6.70012634843
86 43827 -0.0127716321592 -47.0662620003 -12.0264578018 6.61593631138
87 44615 -0.0129208595506 -46.975817111 -12.0173478806 6.70077053029
88 44034 -0.0130710895554 -46.885172879 -12.0091506615 6.61370044867
89 44715 -0.0132201937916 -46.7956103052 -12.0140483243 6.6186020099
90 44871 -0.013369060945 -46.7065874179 -11.9981433257 6.70095219772
91 44131 -0.0135191926652 -46.6172076871 -12.0005314488 6.61988749467
92 44711 -0.0136683691717 -46.5287912479 -12.0378907838 6.63732213927
93 44716 -0.0138175593493 -46.4407575157 -12.0159858385 6.61115836562
94 44982 -0.0139663303861 -46.353357735 -12.0109822551 6.63926652624
95 44792 -0.0141154378929 -46.2661451394 -12.0056935939 6.64139755681
96 44728 -0.0142646745184 -46.1792402893 -12.0033864936 6.65251044496
97 44612 -0.014414126907 -46.0925915472 -12.0015062952 6.6979376459
98 44154 -0.014564374304 -46.0058644442 -11.9970805444 6.61419157139
99 44839 -0.0147134912134 -45.9201666794 -12.0223463442 6.57064160332
100 45473 -0.0148615867272 -45.8354250196 -11.9921751031 6.65067366067
101 44874 -0.0150106891696 -45.7504763849 -11.9958620368 6.61131595914
102 45101 -0.0151594381515 -45.6660958855 -11.9868498882 6.56078208005
103 45675 -0.0153072708202 -45.5825957949 -11.9769504004 6.71313307253
104 44355 -0.0154573091413 -45.4982151143 -11.968625558 6.66162992928
105 44494 -0.0156071342817 -45.4143191133 -11.9990380905 6.64789290032
106 44675 -0.0157566776921 -45.3309420326 -12.0062590947 6.58077669302
107 45393 -0.0159050569675 -45.2485683488 -11.9862605824 6.60802819438
108 45337 -0.0160535494313 -45.1664829388 -11.9699146723 6.57627029665
109 45645 -0.0162015603163 -45.0850110679 -11.9920735055 6.62099820398
110 45298 -0.0163501594024 -45.003562053 -11.9792235305 6.5472135539
111 45945 -0.0164977306809 -44.9230179506 -11.9545320441 6.57284896707
112 45880 -0.016645427541 -44.8427439756 -11.998253738 6.66422905792
113 44967 -0.0167946370223 -44.7619897632 -12.0192279229 6.58826448148
114 45469 -0.0169430435475 -44.6820088379 -12.0000722275 6.62346801494
115 45272 -0.0170917933115 -44.6021797807 -11.9563577568 6.57067510875
116 45750 -0.017239786309 -44.5230894369 -11.9637823524 6.62474616193
117 45357 -0.0173884406769 -44.4439775245 -11.9561431873 6.62704702556
118 45234 -0.0175373179962 -44.3650782563 -11.9818179304 6.54030024774
119 46073 -0.0176848558006 -44.2872139351 -11.975410523 6.47175395681
120 47028 -0.0178309090826 -44.210449842 -11.9884033834 6.66997412475
121 45296 -0.0179797498513 -44.1325429217 -11.982815121 6.53421446739
122 46181 -0.0181271788164 -44.0556936899 -11.9758164671 6.56219468139
123 46159 -0.018274663676 -43.979130754 -11.9670281716 6.52142854565
124 46578 -0.0184215053735 -43.9032132209 -11.9806973942 6.56828002836
125 46228 -0.0185689237138 -43.8273083361 -11.9411190017 6.66338634254
126 45193 -0.0187180413408 -43.750843357 -11.950696685 6.58235356583
127 45716 -0.0188663264733 -43.6751173694 -11.9713925598 6.59876650825
128 45710 -0.0190146427811 -43.5996848906 -11.9688723682 6.51677382431
129 46546 -0.0191616423896 -43.5252255789 -11.95882914 6.59968141516
130 45950 -0.0193096125151 -43.4505779816 -11.9679260799 6.52864925925
131 46512 -0.0194567072152 -43.3766718149 -11.954311502 6.48624336053
132 47121 -0.0196028705409 -43.3035279108 -11.9684261337 6.54806244994
133 46662 -0.0197497713228 -43.2303087959 -11.9624419305 6.5258938063
134 46772 -0.0198965210473 -43.1574573405 -11.9772126125 6.44544546826
135 47654 -0.0200419276355 -43.0855591748 -11.969081312 6.55080625995
136 46810 -0.0201886601652 -43.0132927802 -11.9393817302 6.54866585273
137 46608 -0.0203357304838 -42.9411480162 -11.9425819474 6.52256466101
138 46830 -0.0204824739974 -42.8694492317 -11.9218262857 6.56750590391
139 46441 -0.020629851949 -42.7977259681 -11.9482340294 6.51485576724
140 46881 -0.0207765569564 -42.7266126941 -11.9466115809 6.54213635311
141 46734 -0.0209235142323 -42.6556580498 -11.9369343241 6.46145466962
142 47542 -0.0210692378889 -42.5855750295 -11.9193735484 6.52963496713
143 47066 -0.0212157174031 -42.5154038596 -11.9555516138 6.55804202819
144 46651 -0.0213628684539 -42.4451873509 -11.9501730581 6.54023884162
145 46727 -0.0215099202061 -42.3752933253 -11.9485636983 6.37461634011
146 48509 -0.0216542668302 -42.3069509708 -11.9001299212 6.63755161815
147 46258 -0.021802104211 -42.2372273854 -11.9100664304 6.59530765578
148 46086 -0.0219502392139 -42.1676374157 -11.9446842858 6.51651548953
149 46849 -0.0220971838904 -42.0988760157 -11.9379881444 6.49058700378
150 47347 -0.0222433752033 -42.0307318454 -11.9565626193 6.54292555145
151 46952 -0.0223902009072 -41.9625561793 -11.9255889672 6.48797488276
152 47423 -0.0225363165231 -41.8949715899 -11.9318375702 6.54608401139
153 46960 -0.0226831721329 -41.8273059293 -11.9392353108 6.46340790552
154 47704 -0.0228288989006 -41.7604177771 -11.9162951518 6.51961686704
155 47332 -0.0229752173217 -41.693514539 -11.9376328363 6.47544144196
156 47703 -0.0231209879767 -41.6271158746 -11.9202935316 6.54697715055
157 47067 -0.0232677608196 -41.5605155153 -11.9429027616 6.55097310535
158 46859 -0.0234148798109 -41.4940132118 -11.935601091 6.4215064431
159 48170 -0.0235600031566 -41.4286618394 -11.9151886233 6.53150499316
160 47385 -0.0237063444466 -41.3630108554 -11.9129147935 6.47738201275
161 47746 -0.0238521528376 -41.2978460693 -11.9458909085 6.43978188278
162 48260 -0.0239972035645 -41.2332632899 -11.9106168795 6.5362033249
163 47390 -0.0241436001808 -41.1683260338 -11.8890534817 6.42412274972
164 48346 -0.0242885629662 -41.1042657349 -11.9274628459 6.48835148693
165 47938 -0.0244341613445 -41.0401645647 -11.9215832695 6.39805111865
166 48807 -0.0245784786017 -40.9768634717 -11.882178835 6.4995186299
167 47966 -0.02472407627 -40.9132375878 -11.9506850819 6.4480674693
168 48292 -0.0248692017239 -40.8500534756 -11.8813763921 6.5565209784
169 47245 -0.0250159479727 -40.786401372 -11.9317510789 6.45956311506
170 47983 -0.0251615817958 -40.7234667587 -11.8925280633 6.43015577243
171 48520 -0.0253064278989 -40.661103454 -11.9044317269 6.480584402
172 48138 -0.0254518680367 -40.5987148123 -11.9442846463 6.45723323549
173 48292 -0.0255970975417 -40.5366456601 -11.9030271426 6.45242645144
174 48397 -0.0257421899422 -40.4748625021 -11.8792828105 6.47101228307
175 48236 -0.0258875443007 -40.4131944624 -11.8926523672 6.45371225264
176 48387 -0.0260326927102 -40.351838956 -11.9181828762 6.44117549871
177 48575 -0.0261775804774 -40.2908168005 -11.8918837383 6.45433147995
178 48495 -0.0263226077163 -40.2299579931 -11.9051290707 6.45120400939
179 48516 -0.0264676236968 -40.1693248811 -11.9055896913 6.4817257446
180 48203 -0.0266131300301 -40.1087076324 -11.8933695461 6.35514631047
181 49507 -0.0267567278708 -40.0491012133 -11.8831310862 6.36470029986
182 49785 -0.026899944083 -39.9898655488 -11.8972606276 6.56950464966
183 47644 -0.0270463640287 -39.9295228475 -11.8990684097 6.33487023897
184 49598 -0.0271898904366 -39.8705854725 -11.8966227991 6.46640345743
185 48716 -0.0273347307693 -39.8113210276 -11.8822721763 6.36577756579
186 49587 -0.0274783133354 -39.7527807821 -11.8554290408 6.48320088723
187 48551 -0.0276234410038 -39.6938214805 -11.8857804431 6.45785721379
188 48548 -0.0277685926351 -39.6350634009 -11.8834241973 6.40803664631
189 49101 -0.0279129458827 -39.5768366394 -11.8611977983 6.40853084553
190 49262 -0.0280570826274 -39.5189032022 -11.8865709481 6.47596112754
191 48580 -0.0282022488298 -39.4607629463 -11.8512905467 6.49466086813
192 48200 -0.028348006211 -39.402593778 -11.8814072965 6.3597455472
193 49575 -0.028491748727 -39.3454316163 -11.8844405921 6.34904305523
194 50102 -0.0286347522527 -39.2887622307 -11.8959553173 6.42875215117
195 49367 -0.028778837088 -39.2318639462 -11.8520261669 6.39352856593
196 49564 -0.0289226560037 -39.1752694346 -11.8805131638 6.34254047124
197 50203 -0.0290655758011 -39.1192244392 -11.8645741276 6.42392590597
198 49478 -0.029209559002 -39.0629586891 -11.8321329031 6.36736400029
199 49918 -0.0293529264511 -39.0071282709 -11.8877893422 6.32275950219
200 50561 -0.0294953998408 -38.951837507 -11.8770102943 6.41565556942
201 49698 -0.0296391237094 -38.8962538777 -11.878519579 6.32362658458
202 50508 -0.0297817113458 -38.8412996707 -11.8454642603 6.41841449838
203 49673 -0.0299255119334 -38.786068668 -11.8552282972 6.4470407357
204 49136 -0.0300701160674 -38.7307211496 -11.8540532357 6.42155962225
205 49277 -0.0302145340347 -38.6756361743 -11.8819006247 6.33958936918
206 50245 -0.0303575744179 -38.6212641215 -11.846315356 6.33410692164
207 50594 -0.0305001391945 -38.5672575574 -11.8559577506 6.37855615357
208 50195 -0.0306432892974 -38.5132138532 -11.8648523461 6.3572760941
209 50336 -0.0307862597716 -38.4594216566 -11.8651143235 6.30921565553
210 50938 -0.0309284025277 -38.4061219555 -11.849730763 6.3849202021
211 50248 -0.0310715366824 -38.3526320264 -11.8451190607 6.39258636126
212 49981 -0.0312150734711 -38.2991736318 -11.835230036 6.36950298448
213 50176 -0.0313583499206 -38.2459930438 -11.8494828994 6.41804470106
214 49695 -0.0315023382859 -38.1927293263 -11.8172822339 6.36337456026
215 50185 -0.031645642743 -38.139897966 -11.8439279329 6.39554355204
216 49970 -0.0317892749532 -38.0871244293 -11.8549781399 6.34142061746
217 50533 -0.0319321243054 -38.0348150446 -11.8533116447 6.34716195336
218 50637 -0.032074846711 -37.982727067 -11.8381551582 6.34893832321
219 50656 -0.0322175621606 -37.9308155914 -11.828609361 6.34920905196
220 50668 -0.0323602800108 -37.879076345 -11.8625362852 6.29580613087
221 51301 -0.0325021353435 -37.8278204771 -11.8268203565 6.28904674859
222 51570 -0.0326436388537 -37.7768604406 -11.8285801738 6.36879015107
223 50727 -0.0327863329122 -37.7256414447 -11.8315825456 6.34977029819
224 50722 -0.0329290538466 -37.6745825207 -11.8424681829 6.33170634487
225 50939 -0.0330714902717 -37.6237937784 -11.8074375729 6.31146198831
226 51246 -0.0332135194839 -37.5733169259 -11.8183916751 6.28547109817
227 51648 -0.0333550140213 -37.5231948017 -11.8537965303 6.36728002309
228 50816 -0.0334976810035 -37.4728229931 -11.8160510593 6.36412666265
229 50632 -0.0336406264926 -37.4225188455 -11.8201210591 6.28819389727
230 51471 -0.0337824227331 -37.3727824908 -11.8306775878 6.33124685441
231 51215 -0.0339245919252 -37.3230778706 -11.8208940122 6.38239376438
232 50564 -0.0340676928405 -37.2732110768 -11.8103421523 6.31159997502
233 51208 -0.0342099110426 -37.2238136887 -11.8315261619 6.32543372272
234 51240 -0.0343521048879 -37.1745852432 -11.8288500904 6.3393385945
235 51097 -0.0344945165363 -37.1254414562 -11.8241536716 6.36923991072
236 50722 -0.0346374729096 -37.0762700242 -11.8161895205 6.31704349165
237 51230 -0.0347797385821 -37.0274948733 -11.8313744381 6.20268056397
238 52748 -0.0349199614228 -36.9795742867 -11.8202646599 6.35097767212
239 51417 -0.0350620079228 -36.9311858017 -11.7888110504 6.33754084489
240 51218 -0.0352043490791 -36.8828530163 -11.7810205413 6.31421793919
241 51444 -0.0353463961084 -36.8347751137 -11.7860718704 6.34324345528
242 51180 -0.0354888299408 -36.7867210345 -11.8030420702 6.33094104392
243 51259 -0.0356311731405 -36.7388516019 -11.8179318406 6.27572037415
244 51941 -0.035772598303 -36.6914427117 -11.8068362628 6.30939117284
245 51745 -0.0359143099226 -36.6440888565 -11.8018384759 6.28936171622
246 51937 -0.036055778333 -36.5969663869 -11.8106651023 6.32749570286
247 51551 -0.036197795018 -36.5498114393 -11.8063724786 6.29435685545
248 51844 -0.0363394298987 -36.5029323951 -11.8065890866 6.31657010779
249 51674 -0.0364813164619 -36.456118673 -11.8074398562 6.2328740488
250 52635 -0.0366219208183 -36.4098740602 -11.7866457588 6.31562124923
251 51925 -0.036763502817 -36.3634541345 -11.7869499362 6.31226096449
252 51778 -0.0369053049473 -36.3171084318 -11.804488783 6.32162147179
253 51637 -0.0370473202426 -36.2708392155 -11.8095393324 6.21747811255
254 52853 -0.0371877117461 -36.2252421366 -11.7854670928 6.30467062539
255 52156 -0.0373290567106 -36.1794784505 -11.7910040155 6.28860747909
256 52164 -0.037470409956 -36.1338549798 -11.7883530014 6.27605481246
257 52327 -0.0376115626395 -36.088438181 -11.8190751415 6.2024102467
258 53278 -0.0377514683046 -36.0435619383 -11.7851766113 6.26329098027
259 52813 -0.0378920081118 -35.998621294 -11.772183289 6.23120472603
260 53084 -0.0380322071334 -35.9539278043 -11.7904976035 6.34388755047
261 51815 -0.038174132237 -35.9088239924 -11.8046726046 6.21152237082
262 53059 -0.0383144021588 -35.864383897 -11.763868362 6.30911223631
263 52241 -0.0384557850638 -35.8197290799 -11.7686861281 6.19806486996
264 53369 -0.0385956853704 -35.7756781787 -11.7858642459 6.23096996851
265 53295 -0.0387357011003 -35.7317254203 -11.7915843424 6.20080457308
266 53658 -0.0388752617408 -35.6880488034 -11.8062378434 6.29016083436
267 52674 -0.0390161389585 -35.6440944991 -11.7715504161 6.26243070668
268 52747 -0.039156937618 -35.6002989601 -11.7855188343 6.19261626852
269 53634 -0.0392965856296 -35.5569933098 -11.755566158 6.2205821071
270 53550 -0.0394363627021 -35.5137786654 -11.7779993665 6.24882619203
271 53189 -0.0395766323918 -35.4705429121 -11.7782274827 6.17815104036
272 53973 -0.0397158978371 -35.4277461346 -11.7923018009 6.24873640324
273 53327 -0.0398560224766 -35.3848149082 -11.7732964785 6.2390331275
274 53278 -0.0399962317153 -35.3419872831 -11.7694161885 6.24211152732
275 53236 -0.0401365141181 -35.2992663925 -11.773107488 6.23952135337
276 53267 -0.0402767754892 -35.2566804191 -11.7428793892 6.23389876663
277 53355 -0.0404169398116 -35.2142517097 -11.7935775045 6.12239038856
278 54790 -0.0405552742969 -35.1725016138 -11.7787342305 6.09761151938
279 55537 -0.0406926945156 -35.1311495749 -11.7659578816 6.2577198284
280 53713 -0.0408324460071 -35.0892203074 -11.7575527193 6.19071138707
281 54059 -0.0409717692494 -35.0475437402 -11.7666082794 6.15704321941
282 54593 -0.0411104276571 -35.0061886458 -11.7497942757 6.22844575007
283 53853 -0.0412500537307 -34.9646679894 -11.7605505905 6.29459885724
284 52847 -0.0413910210995 -34.9228731807 -11.7433467579 6.12407590762
285 54693 -0.0415296085841 -34.8819055884 -11.7600436068 6.19164599836
286 54374 -0.0416686198033 -34.8409333404 -11.7507820913 6.23384212929
287 53767 -0.0418084323666 -34.7998462082 -11.7579612792 6.21759023777
288 53811 -0.0419482072012 -34.7588912375 -11.767052131 6.12523483576
289 55002 -0.0420864782283 -34.7184954865 -11.7748088289 6.23280779593
290 53984 -0.042226066147 -34.6778341312 -11.760046252 6.16969991371
291 54505 -0.0423650035046 -34.6374806219 -11.7561856565 6.135944198
292 55096 -0.0425032125758 -34.5974552711 -11.7478509589 6.14843382438
293 55112 -0.0426414188818 -34.5575465442 -11.7512148885 6.20352907215
294 54424 -0.0427805153682 -34.517497209 -11.7437425913 6.14297176816
295 55014 -0.0429188826339 -34.477773237 -11.7389679795 6.19740608889
296 54495 -0.0430579250256 -34.4379708887 -11.7561417467 6.11695252858
297 55391 -0.0431958565951 -34.3986003811 -11.7412209476 6.1191947591
298 55628 -0.043333512453 -34.3594211502 -11.7483707175 6.18736957768
299 54823 -0.0434721929277 -34.320063538 -11.735257593 6.15217072643
300 55061 -0.0436105923198 -34.2808985336 -11.7190478196 6.21718544834
301 54310 -0.0437499636372 -34.241571916 -11.741634167 6.13819896858
302 55116 -0.0438883310702 -34.2026406855 -11.7494362131 6.12323381881
303 55550 -0.0440261745068 -34.1639674976 -11.7441459735 6.19689743757
304 54733 -0.0441650618194 -34.1251126275 -11.7268611514 6.11990360537
305 55505 -0.0443029974658 -34.0866339899 -11.7247969695 6.15020648528
306 55341 -0.0444411559278 -34.0482026166 -11.7288215656 6.16088981812
307 55168 -0.0445795495794 -34.0098151493 -11.7182266823 6.19734002823
308 54664 -0.0447185984173 -33.9713556836 -11.726650905 6.12723095677
309 55433 -0.0448566978133 -33.9332672383 -11.7143130832 6.16413345524
310 55183 -0.0449951271164 -33.8951957793 -11.730953284 6.08931417457
311 56099 -0.0451324397846 -33.8575377777 -11.7284621683 6.08265318853
312 56460 -0.0452693311683 -33.8201003135 -11.7082195186 6.14124518814
313 55797 -0.0454070513153 -33.7825415516 -11.7275942308 6.05475800863
314 56769 -0.0455436061138 -33.7454045066 -11.7245537755 6.19431795104
315 55213 -0.0456820895333 -33.7078481886 -11.7352361736 6.13478895884
316 55564 -0.0458201523322 -33.6705109907 -11.6986960159 6.11592305557
317 55921 -0.0459577922407 -33.6333921335 -11.729383961 6.1607828679
318 55446 -0.0460960384876 -33.5962138302 -11.7203610746 6.07357382277
319 56469 -0.0462330452495 -33.5594713382 -11.7244707957 6.15756418684
320 55660 -0.0463710615847 -33.5225608223 -11.7098663807 6.11879742564
321 55953 -0.0465087349168 -33.4858443335 -11.6901305332 6.11050723042
322 56156 -0.0466461777065 -33.4492908229 -11.7133662787 6.10878562119
323 56246 -0.0467835277925 -33.41286286 -11.6829929672 6.06049583384
324 56927 -0.0469200713955 -33.3767483577 -11.7137478871 6.1366981003
325 56113 -0.0470576204934 -33.3404678747 -11.7099735101 6.14700402544
326 55763 -0.0471956183815 -33.3041694288 -11.7108057117 6.08802001202
327 56453 -0.047332788868 -33.2681878867 -11.694404843 6.13234037406
328 56071 -0.0474704433332 -33.23217848 -11.6842916567 6.05839040077
329 56959 -0.0476070383909 -33.1965439304 -11.7295825785 6.15482682713
330 55936 -0.0477448949387 -33.1606785867 -11.7092952497 6.09164438378
331 56496 -0.0478820843392 -33.1250844514 -11.6925426324 6.12489909239
332 56224 -0.0480196240415 -33.0894968118 -11.6858214514 6.10074870696
333 56478 -0.0481568714718 -33.0540816006 -11.6802647828 6.0556621556
334 57166 -0.0482933081319 -33.0189710616 -11.6854920584 6.07863850328
335 57061 -0.0484298885906 -32.9839184659 -11.6995282234 6.08201183226
336 56997 -0.0485665638134 -32.9489362675 -11.7014901433 6.06552168226
337 57212 -0.0487029989858 -32.9141096352 -11.6930455849 6.08088058562
338 57076 -0.0488396152519 -32.8793306315 -11.6969647737 6.11921541807
339 56534 -0.0489769018545 -32.8444752103 -11.6824044927 6.0537387595
340 57273 -0.0491133184655 -32.8099338653 -11.695871919 6.04395626659
341 57627 -0.0492493323869 -32.7755866056 -11.6986196908 6.03157522726
342 57909 -0.0493850332662 -32.7414097051 -11.6854772483 6.15075495324
343 56385 -0.0495225726221 -32.7068624725 -11.6755701176 6.03996553812
344 57460 -0.0496588375599 -32.6727270136 -11.6538611439 6.03624647708
345 57829 -0.0497946843462 -32.6387867654 -11.6828036554 6.0477078611
346 57786 -0.0499305990769 -32.6049195768 -11.6737123703 6.09006103175
347 57207 -0.0500672176204 -32.5709674149 -11.6911040755 6.04548275186
348 57663 -0.050203313161 -32.5372349922 -11.6799480925 6.05694113282
349 57646 -0.0503394468968 -32.5035823808 -11.664238266 5.9920295374
350 58551 -0.0504745418608 -32.4702744845 -11.6852689578 6.08704001903
351 57502 -0.050610881057 -32.4367482802 -11.6690813497 6.08049779267
352 57312 -0.050747463927 -32.4032509127 -11.6480086669 6.06494037427
353 57480 -0.0508838636904 -32.3698867649 -11.6691083662 6.04774510135
354 57774 -0.0510199343559 -32.3366907082 -11.6782767216 6.00518565366
355 58458 -0.0511552243702 -32.3037714995 -11.6820503483 6.06265607136
356 57864 -0.0512912241406 -32.2707660848 -11.6617705695 6.07578118071
357 57530 -0.0514276355307 -32.2377475534 -11.6582023991 6.01773272415
358 58246 -0.0515632241785 -32.2050139599 -11.6766436128 6.02986450941
359 58291 -0.0516987776885 -32.1723740198 -11.6727077379 6.02891634597
360 58327 -0.0518343060773 -32.1398249378 -11.6591802823 6.05956371825
361 57924 -0.0519703230666 -32.1072434448 -11.6621514785 6.02658403301
362 58278 -0.0521059440076 -32.0748412116 -11.6591406859 5.99759922372
363 58795 -0.0522409851074 -32.0426609205 -11.6611743926 6.04000193642
364 58357 -0.0523765487458 -32.010439502 -11.6609679834 5.99136125029
365 58927 -0.0525114730047 -31.9784527036 -11.6844079024 6.07759831305
366 57895 -0.052647611667 -31.946261256 -11.6608381079 5.99343699558
367 58787 -0.0527827309149 -31.9143932342 -11.6390601211 6.01668577873
368 58724 -0.0529179397293 -31.8825859226 -11.6687815204 5.97064547442
369 59369 -0.0530524294789 -31.8510286713 -11.6596094943 6.02499765916
370 58791 -0.0531875958979 -31.8193936342 -11.6618742913 6.06367477771
371 58103 -0.0533235776369 -31.7876493967 -11.6495250137 6.0062837504
372 58720 -0.053458860582 -31.756149219 -11.6380348463 5.99239152288
373 59102 -0.0535937226778 -31.7248270769 -11.6529921207 6.00000339752
374 59113 -0.0537285897065 -31.6935834113 -11.6750052115 5.94468725235
375 59919 -0.0538625638176 -31.6626251415 -11.6595154246 6.00021339805
376 59360 -0.0539971847657 -31.6315959557 -11.6335878349 5.97253793555
377 59610 -0.0541315398683 -31.6007062624 -11.6441704542 6.01060675898
378 59148 -0.0542664358456 -31.5697705355 -11.6424930026 6.01008593252
379 59038 -0.0544014753104 -31.5388802118 -11.63593466 5.9911039311
380 59287 -0.0545362480417 -31.5081287317 -11.6445767495 5.95147769223
381 59937 -0.0546703052966 -31.4776173509 -11.6469193438 5.97897239087
382 59735 -0.0548046060439 -31.4471271185 -11.6383882141 5.95297164965
383 60064 -0.0549385548606 -31.4167928389 -11.642885361 5.99651867487
384 59540 -0.0550731090066 -31.3863976637 -11.6556794946 5.96906144832
385 59799 -0.0552073892535 -31.3561402077 -11.6340834503 5.98304486182
386 59681 -0.0553418184406 -31.325924807 -11.6261815283 6.01125686588
387 59257 -0.0554767457701 -31.2956732387 -11.6380453796 5.98081210894
388 59583 -0.0556113205858 -31.26557607 -11.6487009218 5.96099411159
389 59971 -0.0557454760469 -31.2356473269 -11.6404713008 5.91020050329
390 60835 -0.0558786927203 -31.2060014903 -11.6522186253 6.01298200555
391 59593 -0.0560133072052 -31.1761186864 -11.6360983658 5.99998594752
392 59447 -0.0561481042274 -31.1462697268 -11.6404352727 5.90880753422
393 60737 -0.0562814784808 -31.1168087948 -11.6299540525 5.94960422527
394 60516 -0.0564151128494 -31.0873629417 -11.6385559933 5.95528783033
395 60383 -0.0565489121717 -31.0579532191 -11.6075770274 5.95850361592
396 60309 -0.0566828095434 -31.0285942841 -11.644550892 5.94488860473
397 60498 -0.0568165146229 -30.9993494606 -11.6439837699 5.97546644953
398 60117 -0.0569506599958 -30.9700803248 -11.6047431198 5.90997769969
399 60980 -0.0570838702466 -30.9410863233 -11.623171873 5.9005443349
400 61377 -0.0572166652087 -30.9122529792 -11.6349219454 5.97711525756
401 60369 -0.057350581527 -30.8832469527 -11.6276226958 5.94450918611
402 60576 -0.0574842855326 -30.8543575813 -11.6020341054 5.91795196277
403 61037 -0.0576175006543 -30.8256438167 -11.6138130303 5.9377859358
404 60884 -0.0577508990685 -30.7969602841 -11.6275492957 5.93664024476
405 60870 -0.0578843306592 -30.7683391823 -11.5975080773 5.99187299874
406 60070 -0.0580186641764 -30.739594646 -11.608443983 5.91130428048
407 61035 -0.0581519486848 -30.7111437714 -11.6045345792 5.87651604089
408 61843 -0.0582843761263 -30.6829438646 -11.6121566558 5.92170252199
409 61403 -0.0584172933997 -30.6547075846 -11.6373369486 5.89715577459
410 61659 -0.0585499515364 -30.6265939758 -11.5986083721 5.90420383
411 61636 -0.0586826507163 -30.5985390172 -11.6095018345 5.96028154702
412 60807 -0.0588162680694 -30.5703577598 -11.6020241124 5.86148918387
413 62060 -0.0589485462313 -30.5425257488 -11.6120167659 5.85662487088
414 62505 -0.0590803696851 -30.5148552971 -11.6010230439 5.89079121481
415 62120 -0.0592126176171 -30.4871616052 -11.6110224137 5.91990671207
416 61585 -0.0593454554009 -30.4594105697 -11.5985726069 5.93977616191
417 61151 -0.059478780029 -30.4316242824 -11.6330746846 5.88755589999
418 61821 -0.0596113973115 -30.4040512292 -11.6145275226 5.91090056808
419 61670 -0.059744193215 -30.3765065811 -11.5905396363 5.90682839212
420 61700 -0.0598769735244 -30.3490305145 -11.6089343205 5.84675600204
421 62632 -0.0600087783075 -30.321820712 -11.5979647394 5.92212286221
422 61760 -0.0601415276148 -30.2944805502 -11.5699404121 5.93817658876
423 61290 -0.0602748014899 -30.2670973691 -11.6001207773 5.90509112694
424 61663 -0.060407687866 -30.2398584416 -11.5892774045 5.84439765023
425 62703 -0.0605394843847 -30.212906441 -11.585932165 5.85978648112
426 62773 -0.0606712235211 -30.1860291828 -11.6153473533 5.86231049217
427 62765 -0.0608029874143 -30.159209669 -11.591180494 5.93514444998
428 61667 -0.0609359356952 -30.1322125136 -11.6023966772 5.876343015
429 62260 -0.0610682660211 -30.1054038971 -11.584652142 5.83419318476
430 63088 -0.0611997413696 -30.0788305735 -11.5850278838 5.8422050618
431 63210 -0.0613311061548 -30.0523411903 -11.5906870066 5.88328667328
432 62621 -0.0614631039853 -30.0257859569 -11.6039542301 5.89678871169
433 62262 -0.0615954977763 -29.9992130813 -11.5677000489 5.91037958923
434 61967 -0.0617282226217 -29.9726358888 -11.6083677734 5.85853355142
435 62685 -0.0618602023717 -29.9462693693 -11.5763409987 5.89429733091
436 62352 -0.0619925508199 -29.9198905391 -11.5917777937 5.8353387255
437 63176 -0.0621240496081 -29.8937416927 -11.5903377317 5.87287792888
438 62839 -0.0622559166635 -29.8675801031 -11.5926051458 5.8371997979
439 63308 -0.062387310426 -29.8415724545 -11.5833604085 5.87396829725
440 62881 -0.062519165735 -29.8155334958 -11.5549926387 5.86563044795
441 62902 -0.0626510159126 -29.7895554958 -11.5662373012 5.88403943908
442 62636 -0.0627831621028 -29.7635791161 -11.5865341045 5.81942458719
443 63573 -0.0629143468773 -29.7378508812 -11.5906420059 5.87999376983
444 62907 -0.0630462408788 -29.7120427702 -11.5673098819 5.85497283298
445 63119 -0.0631779294765 -29.6863338919 -11.564576119 5.79603575985
446 64114 -0.0633086076263 -29.6608804 -11.5691413361 5.92573395958
447 62387 -0.0634410989198 -29.6351326542 -11.5526209759 5.84870664751
448 63102 -0.0635728540656 -29.6095865934 -11.5751345501 5.86396706677
449 63079 -0.0637046491123 -29.5840910885 -11.551822643 5.83173928714
450 63586 -0.0638359344946 -29.5587519467 -11.5710347817 5.80691826853
451 64132 -0.0639666753279 -29.5335750157 -11.5707134478 5.82361716934
452 64033 -0.0640975333581 -29.5084323929 -11.5578043099 5.88817273783
453 63008 -0.0642294678828 -29.4831403512 -11.5800789342 5.83666956546
454 63533 -0.0643608720844 -29.4580070859 -11.5440516178 5.84467557027
455 63568 -0.0644922568751 -29.4329343289 -11.5444759217 5.83089885999
456 63805 -0.0646234133454 -29.407961599 -11.584882541 5.8749953127
457 63194 -0.0647552186321 -29.3829219693 -11.536354233 5.75157814916
458 64985 -0.0648852109581 -29.3582821834 -11.5652719215 5.81440386023
459 64497 -0.0650157097844 -29.3336015753 -11.5877000309 5.81856835019
460 64306 -0.0651464182597 -29.3089365602 -11.5462174374 5.79132134257
461 64699 -0.0652767451453 -29.2843984171 -11.5409184621 5.78971114381
462 64848 -0.0654069388315 -29.2599398748 -11.5500262343 5.80217783172
463 64701 -0.0655372964535 -29.2355049541 -11.558804631 5.81065629365
464 64535 -0.0656678371245 -29.2110901115 -11.5408849221 5.84738156449
465 63917 -0.065799023036 -29.1866092437 -11.5735329177 5.7291287503
466 65654 -0.0659284785947 -29.1625048143 -11.5469886342 5.84333094437
467 64311 -0.0660592941801 -29.1382009935 -11.5493510317 5.7840710517
468 64897 -0.0661895338865 -29.1140577573 -11.5532221373 5.81865982001
469 64519 -0.0663201709964 -29.0898943982 -11.5353893056 5.78868148614
470 64905 -0.066450434949 -29.0658532852 -11.5591054824 5.7730999487
471 65278 -0.0665803422327 -29.0419307575 -11.5335645934 5.7658679459
472 65512 -0.0667100323897 -29.0181005995 -11.5485823135 5.82099031264
473 64697 -0.0668405528754 -28.9941705467 -11.5558814031 5.74479081662
474 65715 -0.0669700746699 -28.9704756678 -11.5253275841 5.76054821284
475 65757 -0.0670995706192 -28.9468372056 -11.5225722724 5.8492685607
476 64347 -0.0672304936179 -28.9229906191 -11.555833255 5.79527483847
477 64829 -0.0673609445135 -28.8992822289 -11.5142901676 5.72827662905
478 66071 -0.067490179867 -28.8758459747 -11.5269507684 5.78637840782
479 65480 -0.0676200129508 -28.8523524963 -11.5235141704 5.78353500578
480 65373 -0.0677499679066 -28.828888163 -11.5203587411 5.81446847727
481 64854 -0.067880457199 -28.805378725 -11.526391435 5.74169773187
482 65903 -0.0680099202833 -28.7821048837 -11.5216631289 5.78585514154
483 65488 -0.068139808826 -28.7588051555 -11.5371697856 5.7245223247
484 66392 -0.068268825305 -28.7357118735 -11.5311857873 5.81443270628
485 65181 -0.0683990504845 -28.7124526274 -11.5289478494 5.77498624844
486 65497 -0.068528977431 -28.6892969365 -11.50212275 5.77688908471
487 65566 -0.0686588512533 -28.666200754 -11.5318901461 5.75217963016
488 66002 -0.0687883108518 -28.643227869 -11.5294930931 5.76606515046
489 65908 -0.0689178786702 -28.6202852401 -11.5124066749 5.73024781154
490 66486 -0.0690468977907 -28.5974887815 -11.5190997301 5.76179014505
491 66137 -0.069176272699 -28.5746784146 -11.5252954964 5.76176981502
492 66051 -0.0693057471399 -28.5518994251 -11.5117210153 5.71413594994
493 66831 -0.0694344795771 -28.5292993523 -11.5135165314 5.74540221443
494 66540 -0.0695635090242 -28.5066953865 -11.5339671621 5.71613009013
495 66960 -0.0696921485886 -28.4842076587 -11.5086549064 5.77209128026
496 66155 -0.0698215833547 -28.4616290782 -11.5252980999 5.73390711548
497 66576 -0.0699506243483 -28.4391671237 -11.5355742738 5.75421837551
498 66368 -0.0700798829611 -28.4167151234 -11.5188705997 5.70097217606
499 67213 -0.0702083419179 -28.3944493063 -11.5181199229 5.72095485848
500 67126 -0.0703368993606 -28.3722134643 -11.5058701122 5.74517493858
501 66707 -0.0704658760498 -28.3499522554 -11.5162396619 5.7387479625
502 66709 -0.070594866403 -28.3277357739 -11.5148882999 5.72528036437
503 66946 -0.07072364286 -28.3056029583 -11.5059361652 5.71851391603
504 67139 -0.0708522501079 -28.2835457754 -11.511103268 5.73253386839
505 66968 -0.0709810363263 -28.2615043711 -11.4971043996 5.70796424034
506 67347 -0.0711094757793 -28.2395684903 -11.5005251153 5.75578211961
507 66660 -0.0712385906786 -28.2175635862 -11.4939723966 5.6972214501
508 67465 -0.0713669486326 -28.1957335944 -11.4981632297 5.73698598087
509 67031 -0.0714957367802 -28.1738763001 -11.5030057121 5.77579053183
510 66275 -0.0716252730866 -28.1519382286 -11.4887812595 5.72333541379
511 66949 -0.0717541714818 -28.1301540401 -11.4908193661 5.71800557749
512 67241 -0.071882804505 -28.1084601533 -11.5010490581 5.73038260733
513 67126 -0.0720115632731 -28.0867903937 -11.5125876918 5.7169887711
514 67332 -0.0721401407874 -28.0651962606 -11.4869917674 5.7247338492
515 67270 -0.0722687924863 -28.0436346602 -11.4716898854 5.71223896178
516 67476 -0.072397263162 -28.0221481716 -11.4829903038 5.70127158425
517 67733 -0.0725255056725 -28.0007443299 -11.5061780939 5.65732713588
518 68575 -0.0726529735764 -27.979513683 -11.4706818134 5.71444812111
519 67838 -0.072781147385 -27.9582094728 -11.473358913 5.77686913646
520 66593 -0.0729105285023 -27.9367492131 -11.4740769889 5.66082002892
521 68220 -0.0730383728414 -27.9155877583 -11.5012625945 5.70638327674
522 67912 -0.0731665221784 -27.8944194819 -11.4890230286 5.6956397767
523 68022 -0.0732945834491 -27.8733092915 -11.5036260765 5.64526202288
524 68939 -0.0734218054951 -27.8523804101 -11.4793839553 5.64789887968
525 69165 -0.0735488344343 -27.8315258971 -11.4900074685 5.6999285825
526 68332 -0.0736766502925 -27.8105850313 -11.492784083 5.70664350294
527 67997 -0.0738047957402 -27.7896331731 -11.5006887055 5.63455408136
528 69167 -0.0739318683895 -27.7688991137 -11.4804625224 5.68843326643
529 68567 -0.0740595106255 -27.7481144912 -11.4820745559 5.70843173325
530 68067 -0.0741876361995 -27.7272937482 -11.5027291447 5.59207710233
531 69976 -0.0743140164806 -27.7067982921 -11.4668573988 5.74799364291
532 67797 -0.0744424273267 -27.6860157966 -11.4950551136 5.66746081429
533 68593 -0.0745701063833 -27.6653938478 -11.4896220651 5.68205816938
534 68576 -0.0746978158445 -27.6448088691 -11.4638754324 5.68542924902
535 68525 -0.074825588508 -27.6242554957 -11.476372487 5.71827394434
536 67956 -0.074953909747 -27.6036558264 -11.4849533499 5.69269784488
537 68248 -0.075081971722 -27.583139563 -11.4779031661 5.6767026067
538 68619 -0.0752097022334 -27.5627178601 -11.4719771456 5.67749414869
539 68722 -0.0753373524558 -27.5423502369 -11.4736597848 5.67214374092
540 68856 -0.0754648935492 -27.5220410817 -11.472962317 5.60569388418
541 70081 -0.0755913297652 -27.5019482503 -11.4427429898 5.66625348862
542 69362 -0.0757184347667 -27.4817895502 -11.4617891687 5.64286162055
543 69586 -0.0758453493753 -27.4617013561 -11.4640517233 5.67499596112
544 69094 -0.0759727301786 -27.4415797555 -11.4543013902 5.67720788951
545 68930 -0.0761002776367 -27.4214722474 -11.4582433529 5.61842005205
546 69934 -0.0762269215023 -27.4015470869 -11.4620856178 5.67949912994
547 69147 -0.0763542989304 -27.3815464994 -11.4503870886 5.60185391621
548 70317 -0.0764806271847 -27.3617501433 -11.4627753787 5.61017733082
549 70512 -0.0766067953339 -27.3420180168 -11.4606716743 5.64403870317
550 69970 -0.0767334659529 -27.3222465417 -11.4741220916 5.58601654877
551 70875 -0.0768593397251 -27.3026382737 -11.4810271358 5.67604491207
552 69525 -0.0769864452012 -27.282877299 -11.4529981496 5.65805381394
553 69481 -0.0771136055656 -27.2631470578 -11.4579757642 5.58327141337
