gpomdp_grad 1.0 1.61660056386e-05 -0.588403348999

1 10000 0 -56.6666666667 -12.0567118126 7.85962592514
2 3125 -0.000150712237755 -56.5268951676 -11.9170174293 7.07376639762
3 2892 -0.000307379417883 -56.3824250425 -11.8690951016 6.77618472407
4 3011 -0.000460907379026 -56.2416577653 -11.856499547 7.13463014161
5 2827 -0.00061935204428 -56.097213942 -11.8753463329 6.82109430307
6 2964 -0.000774108794325 -55.9569405638 -12.0298680542 7.24969291622
7 2751 -0.00093475398722 -55.8121676192 -11.9961565477 6.95014912457
8 2863 -0.00109220735637 -55.6710922044 -11.996090205 6.86522365778
9 2947 -0.00124739692291 -55.5328336986 -12.036006056 7.11831935191
10 2820 -0.00140604346242 -55.3922977268 -11.8661940315 6.54384114474
11 3141 -0.00155637331636 -55.2598713115 -11.9195558517 6.85889216765
12 3029 -0.00170945893232 -55.1257534634 -12.053618843 7.27469728027
13 2753 -0.00187003965241 -54.9858608219 -11.9642417492 6.89189170405
14 2898 -0.00202653484768 -54.8503007119 -11.9964377967 6.95845450427
15 2901 -0.00218296382731 -54.7155544488 -12.0361010963 7.04513925434
16 2850 -0.00234077142821 -54.580380621 -11.8377403313 6.80897580009
17 2978 -0.00249515239829 -54.4488744565 -11.8294697406 6.74315126223
18 3058 -0.00264750659129 -54.3197992024 -11.8799087785 6.85494353009
19 3009 -0.00280109729768 -54.1903789682 -11.8896633232 6.88996796844
20 2973 -0.00295560107624 -54.0608953504 -12.0215430045 7.26339912182
21 2745 -0.00311640203211 -53.9268801198 -11.8631787871 6.57854956946
22 3093 -0.00326789738044 -53.8013106772 -11.941459181 6.77275819089
23 3071 -0.003419916779 -53.6759746227 -12.0517216119 7.12587322651
24 2848 -0.00357779670677 -53.5465091361 -11.9044694892 6.60909774843
25 3106 -0.00372896200165 -53.4232151636 -11.9510023924 6.99397068094
26 2935 -0.00388446842371 -53.2970542219 -12.183105419 7.3726154802
27 2677 -0.00404731489843 -53.1656648815 -11.8993537473 6.96772046413
28 2831 -0.00420567138557 -53.0386051797 -11.764058687 6.75187265859
29 3008 -0.00435927765861 -52.9160175226 -11.9989947508 7.12413099551
30 2833 -0.00451757408503 -52.7903620412 -11.8271565628 6.57766240597
31 3122 -0.00466834837937 -52.671309894 -11.8987023901 7.09421552572
32 2879 -0.00482536646491 -52.5479781671 -11.8767971996 7.18121460429
33 2767 -0.00498554133373 -52.4228453877 -11.9457634393 6.9689336817
34 2857 -0.00514316779922 -52.3003670921 -11.8753170091 6.57177288387
35 3134 -0.0052936598335 -52.1840417863 -11.919810931 6.95812705878
36 2965 -0.00544839678853 -52.0650512096 -11.9315853942 6.84765023615
37 2988 -0.00560253522999 -51.9471369627 -11.8365348026 6.62233044418
38 3141 -0.00575286364144 -51.8327250804 -11.971802555 7.08550009968
39 2889 -0.0059096126025 -51.7140399878 -11.8463743834 6.64111217724
40 3098 -0.0060609798112 -51.6000195347 -11.8937511197 7.08617804234
41 2878 -0.00621803162169 -51.4823248207 -11.9561904313 6.99479142607
42 2874 -0.00637520043037 -51.3651573337 -11.8339841368 6.57685968425
43 3136 -0.00652564362413 -51.2535755098 -12.0369350025 7.12008570903
44 2867 -0.0066829853283 -51.1374709229 -11.7957005853 6.6458959138
45 3088 -0.00683459839249 -51.026163579 -11.8839912467 7.05479273044
46 2894 -0.00699121158153 -50.9117683083 -11.9465468959 7.07080854969
47 2833 -0.00714948723209 -50.796755996 -11.9864196896 6.92060758018
48 2905 -0.00730580558004 -50.6837507865 -11.8566562061 6.7238368092
49 3049 -0.00745838875873 -50.5740020508 -12.0197459535 7.12883017428
50 2840 -0.00761647020101 -50.460873775 -11.7993831189 6.55268424077
51 3141 -0.00776678589708 -50.3538418321 -11.7893867157 6.71211638911
52 3125 -0.00791749873497 -50.2470506242 -11.8344043687 6.99771850836
53 2938 -0.00807293652449 -50.1374565255 -11.9453694239 7.05806420549
54 2853 -0.00823067566479 -50.0268014612 -11.8142542168 6.43343098869
55 3228 -0.00837896227423 -49.9232895292 -11.7959395174 7.09559568318
56 2904 -0.00853530181189 -49.8146897188 -11.8643111145 6.89977093601
57 2938 -0.00869073669807 -49.7072571914 -11.9295732691 7.07282262053
58 2844 -0.00884871442299 -49.5986135807 -11.7671154835 6.83139642477
59 2962 -0.00900350455776 -49.4926924911 -11.8206633273 6.54410339548
60 3186 -0.00915275785201 -49.391053698 -11.7678396033 6.70406444034
61 3143 -0.00930304140612 -49.289199351 -11.8754029247 7.07877370223
62 2893 -0.0094596681979 -49.1835611824 -12.1029243724 7.29677272181
63 2707 -0.00962160438508 -49.0748909708 -11.9166134162 6.85673954281
64 2905 -0.00977791272568 -48.9705228068 -11.7397348814 6.87261353329
65 2955 -0.00993290102973 -48.8675418436 -11.8483319094 6.89033568718
66 2958 -0.0100878029637 -48.7651178512 -12.155388108 7.18254489111
67 2787 -0.0102474066824 -48.6601035543 -11.9993746258 7.01497234895
68 2836 -0.0104056157745 -48.5565225476 -11.8945377454 6.91502673389
69 2909 -0.0105618203914 -48.4547538882 -11.7974315147 6.70397918596
70 3063 -0.010714052369 -48.3560480148 -11.9264720683 6.84216634819
71 3018 -0.0108674015936 -48.2570879964 -11.9076824184 6.74857302386
72 3066 -0.0110195552377 -48.1593627187 -11.7849521575 6.95688034739
73 2948 -0.0111747380149 -48.0601637949 -11.7484181878 6.93649952959
74 2928 -0.0113304378635 -47.9611098916 -11.9033686144 7.08896175399
75 2832 -0.0114887509494 -47.8608783953 -11.7848135104 6.75633585609
76 3006 -0.011642421525 -47.7640504956 -11.9029443125 7.08875756986
77 2853 -0.0118001604493 -47.6651314736 -11.8941161782 6.90032825229
78 2923 -0.0119559949225 -47.5678733063 -12.0892592758 7.08249619557
79 2835 -0.0121142408572 -47.4695812839 -11.9352610666 6.78123857073
80 2991 -0.0122682904868 -47.3743485811 -11.7559980925 6.6564317604
81 3119 -0.0124191484739 -47.2815188972 -11.7730687382 6.91563839402
82 2987 -0.0125733000345 -47.1870989996 -11.7535972068 6.55867333893
83 3184 -0.0127226066076 -47.0960644637 -12.0634205187 7.24767311257
84 2805 -0.0128816913018 -46.9995172677 -11.8423693955 6.63141150344
85 3078 -0.0130335557563 -46.9077813928 -11.7724005354 6.54887703859
86 3219 -0.0131820593979 -46.8184785197 -11.8124899592 6.72370177353
87 3139 -0.0133324450555 -46.7284471323 -11.8069739967 6.80379592736
88 3064 -0.0134846534284 -46.6377349669 -12.0698830386 7.22259781967
89 2790 -0.0136441457354 -46.5431217592 -11.7256846494 6.67299414545
90 3046 -0.0137968023107 -46.4529824625 -11.9194423921 7.03767381579
91 2893 -0.0139534312085 -46.3609205017 -11.7834000437 6.900094724
92 2935 -0.014108954697 -46.2699291662 -12.0636053982 7.19033439224
93 2776 -0.0142688544146 -46.1768117092 -11.7530763209 6.54857291243
94 3123 -0.0144196123737 -46.0894184474 -11.8931717659 7.15795299136
95 2842 -0.0145776540613 -45.9982173536 -11.9671337104 7.04344158937
96 2835 -0.0147358877232 -45.9073276348 -11.8285149406 6.89244027169
97 2922 -0.0148917350401 -45.8182187179 -11.8662644453 7.01383522406
98 2874 -0.0150488784869 -45.7287779604 -11.9635958391 6.71599653511
99 3044 -0.0152015709678 -45.6422615462 -11.7012780899 6.55773683058
100 3202 -0.0153504552787 -45.5582715007 -11.7259206235 6.61692399905
101 3207 -0.0154992252902 -45.4747071467 -12.0661066987 7.15985936848
102 2861 -0.0156567397997 -45.3866219588 -11.6984747501 6.402606127
103 3253 -0.0158044661373 -45.3043735545 -11.7832450389 6.6566753055
104 3194 -0.0159535498013 -45.2217233954 -11.7595556397 6.79620400069
105 3084 -0.0161052703707 -45.1379740969 -11.6993244856 6.65380524969
106 3148 -0.016255428789 -45.0554450687 -11.8655333959 6.86929510688
107 3024 -0.0164086356288 -44.9716052526 -11.7333671342 6.70782344585
108 3094 -0.0165600877793 -44.8890853553 -11.76550621 6.5526195775
109 3221 -0.0167085415421 -44.808544006 -11.7240863233 6.56841621667
110 3247 -0.0168564039073 -44.7286607368 -11.8156703162 6.92905855242
111 3011 -0.0170099292197 -44.6460719182 -11.7349332579 6.71078982195
112 3089 -0.01716152208 -44.564874165 -11.7185632715 6.66581557809
113 3141 -0.0173118401718 -44.4847019018 -11.8688143013 7.02456859559
114 2926 -0.0174676041138 -44.4019827949 -12.0772774632 7.00151651548
115 2883 -0.0176245184964 -44.3190184778 -11.821378783 6.87963044347
116 2944 -0.0177797873618 -44.23728316 -12.0523228942 7.00518231271
117 2886 -0.017936627122 -44.1550810661 -11.7898776012 6.72976567229
118 3039 -0.0180894503703 -44.0753300323 -11.8540907005 6.80341173258
119 3037 -0.0182423415166 -43.9958830674 -11.7218538273 6.65477467378
120 3134 -0.0183928439213 -43.9180069397 -11.9113839945 6.86059159676
121 3026 -0.0185460041175 -43.8390891428 -11.7465379856 6.4338759172
122 3284 -0.0186930134137 -43.76365522 -11.7656208411 6.61524642461
123 3231 -0.0188412311332 -43.687911216 -11.7664273177 6.52414286405
124 3281 -0.0189883132291 -43.6130533801 -11.7927448514 6.6972418708
125 3173 -0.0191378753534 -43.5372438302 -12.0550088072 7.10300767365
126 2886 -0.0192946939834 -43.4580903041 -11.6488621939 6.44101257565
127 3234 -0.0194428492475 -43.3836218983 -11.8904885095 7.02193150796
128 2950 -0.019597959292 -43.3059808822 -11.9309497617 6.65079348417
129 3110 -0.0197490256449 -43.23067972 -11.7377825367 6.75816386281
130 3086 -0.01990069271 -43.1553906424 -11.846387416 6.87999653214
131 3001 -0.0200544939336 -43.0793589399 -11.8072177602 6.6534260222
132 3124 -0.0202052312103 -43.005149538 -12.0259323119 7.03072781184
133 2918 -0.0203612094001 -42.9286786106 -11.6930040376 6.23315367712
134 3397 -0.0205057623259 -42.8580966942 -11.7799174186 6.86596400805
135 3089 -0.0206573408319 -42.7843796952 -11.6262696465 6.43579579224
136 3303 -0.0208039404225 -42.7133700084 -11.7142403475 6.39982538113
137 3394 -0.0209485567572 -42.6435948115 -11.7501995179 6.75792552355
138 3161 -0.0210984066445 -42.5715797425 -11.6838514293 6.76230691653
139 3097 -0.0212497971339 -42.4991173444 -11.981420929 6.89293417605
140 2995 -0.0214037318233 -42.4257373768 -11.6736105682 6.42965290611
141 3277 -0.021550894811 -42.3558667773 -11.6660099129 6.35642945241
142 3419 -0.0216949725547 -42.2877258509 -11.9582926116 7.05639697277
143 2973 -0.0218494988212 -42.2149328712 -12.0142036494 6.90130882391
144 2956 -0.0220044462232 -42.1422405994 -11.6480496589 6.30964023343
145 3352 -0.0221499532705 -42.0742482489 -11.7685230831 6.68652833318
146 3199 -0.0222989025219 -42.0049177613 -11.7362065212 6.55154053201
147 3252 -0.0224466351396 -41.9364221627 -11.7123726137 6.70409399064
148 3161 -0.0225964917502 -41.8672134778 -11.6430080311 6.82002774226
149 3059 -0.0227488153548 -41.7971442402 -11.803635628 6.73583814198
150 3086 -0.0229004736108 -41.7276586421 -11.7970764895 6.73135613633
151 3097 -0.0230518719129 -41.6585667757 -11.6187340598 6.47154616768
152 3279 -0.0231989944414 -41.591687541 -11.7114744044 6.71075236628
153 3163 -0.0233487875681 -41.5238574295 -11.9787488948 6.97687815272
154 2960 -0.0235036335142 -41.4540167294 -11.7608944564 6.75098486749
155 3048 -0.0236562459359 -41.3854577852 -11.5892803276 6.27803060519
156 3407 -0.023800580374 -41.320866762 -11.835722753 7.02473664773
157 2990 -0.0239546659969 -41.2521777552 -11.5718786681 6.70970910554
158 3083 -0.0241063924977 -41.1848070426 -11.7150374642 6.7016761968
159 3116 -0.0242573317051 -41.118046901 -11.6794219854 6.5117221448
160 3256 -0.0244049739368 -41.0529954069 -11.7099399307 6.53067372606
161 3284 -0.0245520015486 -40.9884594137 -11.8688974627 6.89258286491
162 3044 -0.0247047026905 -40.9216901293 -11.7758192815 6.95277899515
163 2944 -0.0248599732553 -40.8540643549 -11.7524022177 6.49002780535
164 3218 -0.0250084850248 -40.7896327252 -11.6644534184 6.62851569913
165 3203 -0.0251573383809 -40.7252972213 -11.7884616449 6.98972954067
166 2962 -0.0253121286431 -40.6586536981 -11.6406146063 6.42473540604
167 3270 -0.0254594522338 -40.5954677721 -11.7048817417 6.66661664248
168 3191 -0.0256085886677 -40.5317442443 -11.8502184113 6.72028296692
169 3133 -0.0257591015666 -40.4676759377 -11.6146773106 6.44870822158
170 3307 -0.0259056099964 -40.4055457001 -11.6523743818 6.70101328415
171 3177 -0.0260550704382 -40.3423996339 -11.7372609559 6.54338096374
172 3252 -0.0262028156967 -40.2802112329 -11.6184320791 6.32586940818
173 3435 -0.0263465579266 -40.2199288903 -11.8190332347 6.96864107261
174 3032 -0.0264995712081 -40.1559967842 -11.636086241 6.43328044299
175 3287 -0.0266465283114 -40.0948251629 -11.883952481 6.87953268743
176 3053 -0.026798999644 -40.0315951751 -11.7598991327 6.56172620511
177 3202 -0.026947885209 -39.9700837963 -11.6210613025 6.70885993096
178 3144 -0.0270981414574 -39.9082368385 -11.8834816366 6.60596808228
179 3198 -0.0272471181605 -39.8471441114 -11.8761158749 6.77421483189
180 3099 -0.0273984570702 -39.7853134043 -11.6728670038 6.55627528494
181 3220 -0.0275469356127 -39.7248760644 -11.6244398469 6.58177000143
182 3237 -0.0276950203262 -39.6648195289 -11.6150495122 6.25567730552
183 3485 -0.0278377238224 -39.6071526061 -11.6405005019 6.40471248817
184 3442 -0.0279813300718 -39.5493251225 -11.630691666 6.36906235715
185 3458 -0.0281246095013 -39.4918323659 -11.7263126693 6.68147215026
186 3230 -0.0282728459684 -39.4325629472 -11.5867456841 6.55515320522
187 3259 -0.0284204358187 -39.3737655388 -11.6778238791 6.49793118089
188 3308 -0.0285669150308 -39.3156200725 -11.6343798566 6.4488886168
189 3358 -0.0287122934063 -39.2581168368 -11.6486970001 6.52234637311
190 3318 -0.0288585519757 -39.200470694 -11.6539723829 6.57737945322
191 3267 -0.0290059455145 -39.1425843846 -11.6730927994 6.72312467096
192 3152 -0.0291560144449 -39.083859888 -11.6815999176 6.54954241315
193 3240 -0.0293040254026 -39.0261496372 -11.7922172145 6.71963851432
194 3147 -0.0294542100465 -38.9678027943 -11.6689280168 6.45909318713
195 3303 -0.0296007922574 -38.9110593042 -11.6081348262 6.52303826294
196 3302 -0.0297474004522 -38.8545060754 -11.6365887066 6.53288398372
197 3295 -0.0298941740446 -38.7980886714 -11.6285078135 6.54369070594
198 3285 -0.0300411660393 -38.7417864543 -11.6288922485 6.53444944136
199 3289 -0.0301880713113 -38.6857155227 -11.755289108 6.9181063236
200 3029 -0.0303411536797 -38.6274964705 -11.6677068566 6.56789620157
201 3191 -0.0304903082496 -38.570975828 -11.6260790271 6.32782271649
202 3415 -0.0306344766339 -38.5165355876 -11.8074252637 6.7598203805
203 3165 -0.0307842321256 -38.4601832731 -11.6329307335 6.067782726
204 3614 -0.0309243683394 -38.4076321862 -11.6822553604 6.71215429674
205 3247 -0.0310722230996 -38.3523759464 -11.7406113001 6.7574100139
206 3123 -0.0312229735408 -38.2962366278 -11.576474187 6.18883673052
207 3502 -0.0313653484895 -38.2433999648 -11.5814768731 6.49500534263
208 3377 -0.0315103170438 -38.1897831405 -11.6114019897 6.31620357369
209 3480 -0.0316531281177 -38.1371432697 -11.7937454309 6.87633987676
210 3102 -0.031804387472 -38.0815821306 -11.9137402803 6.75669637715
211 3084 -0.0319560854717 -38.0260579867 -11.73685752 6.54161008945
212 3225 -0.0321044301423 -37.971952093 -11.8846786217 6.81189919225
213 3081 -0.0322562028002 -37.9167902163 -11.7037882252 6.70132804021
214 3115 -0.0324071502036 -37.8621221926 -11.9180937529 6.72987760397
215 3106 -0.0325583259387 -37.8075642839 -11.5844401801 6.21272294883
216 3477 -0.0327012027055 -37.7561778431 -11.7684804522 6.72677540873
217 3203 -0.0328500614939 -37.7028213926 -11.7343068339 6.52935985683
218 3269 -0.0329974094172 -37.6501879417 -11.7435111587 6.86068554029
219 3061 -0.0331496894962 -37.5959814141 -11.6739266147 6.45019129716
220 3284 -0.03329671601 -37.5438260563 -11.6748972432 6.39098970814
221 3395 -0.0334413083941 -37.4927067958 -11.7667812824 6.80334559206
222 3131 -0.0335918865626 -37.4396523647 -11.6983306845 6.50832249541
223 3263 -0.0337393722116 -37.3878657105 -11.7021769804 6.51962800575
224 3293 -0.0338861767709 -37.3364924187 -11.595724725 6.59456266077
225 3248 -0.0340340036734 -37.284936112 -11.8148197432 6.72430144981
226 3146 -0.0341842124908 -37.2327277953 -11.8998092101 6.75578292362
227 3097 -0.0343355976904 -37.1802919355 -11.8812315996 6.69760241687
228 3122 -0.0344863746455 -37.1282467776 -11.7186124855 6.48108136949
229 3280 -0.0346334808008 -37.077640981 -11.7012788882 6.63269426956
230 3218 -0.0347820057426 -37.0267188649 -11.7262628211 6.62121757103
231 3209 -0.0349307411172 -36.9758966851 -11.7322976575 6.70129361029
232 3151 -0.035080829432 -36.924785899 -11.6771126708 6.43857507253
233 3320 -0.0352270531759 -36.8751581033 -11.5857318958 6.1798984363
234 3572 -0.035368008664 -36.8274735532 -11.5949520683 6.37515487943
235 3489 -0.0355106461313 -36.7793743637 -11.6541433439 6.55090763944
236 3332 -0.0356565927977 -36.7303192282 -11.4987327726 6.32267478569
237 3462 -0.0357997824207 -36.6823472634 -11.5728623811 6.61595447885
238 3278 -0.0359469364847 -36.6332078194 -11.5218409886 6.40322259678
239 3384 -0.0360917643836 -36.5850034451 -11.7929206982 6.70902110776
240 3192 -0.0362408836277 -36.535534019 -11.5255528942 6.19717096303
241 3518 -0.0363829333355 -36.4885631921 -11.5637419058 6.49568792167
242 3381 -0.0365278219276 -36.4408070193 -11.6990411733 6.73481450314
243 3174 -0.0366773761834 -36.3916746868 -11.4998146917 6.20767747477
244 3503 -0.0368197142849 -36.3450648478 -11.5226830782 6.45327095564
245 3409 -0.0369640024553 -36.2979668273 -11.6200308162 6.47322273324
246 3369 -0.0371091604122 -36.2507369519 -11.5574845224 6.2387848439
247 3540 -0.0372507682327 -36.2048084519 -11.5164641695 6.47688979383
248 3401 -0.0373952288224 -36.1581028508 -11.5935278573 6.30456807498
249 3496 -0.0375377079261 -36.1121837668 -11.5580527374 6.36568488601
250 3475 -0.0376806201699 -36.0662699422 -11.7740785732 6.66162148638
251 3249 -0.0378284372214 -36.0189322456 -11.709214601 6.66165244628
252 3189 -0.037977626867 -35.971310865 -11.5560798381 6.32152572374
253 3419 -0.0381217065825 -35.9254685141 -11.6680102135 6.48357926253
254 3364 -0.0382669726746 -35.8793951522 -11.6934631661 6.33187942762
255 3464 -0.0384101157364 -35.8341383246 -11.6123346254 6.4252719482
256 3420 -0.0385541756187 -35.7887344581 -11.5684652668 6.43659449657
257 3399 -0.0386986762403 -35.7433349548 -11.5982291782 6.56301971076
258 3300 -0.0388453454055 -35.6974001847 -11.5209087579 6.10964840158
259 3624 -0.0389852894409 -35.6537081712 -11.7421129561 6.60239540292
260 3329 -0.0391313155152 -35.6082587738 -11.5490858057 6.2589479799
261 3511 -0.0392734933898 -35.5641453007 -11.5539321449 6.5741743682
262 3321 -0.0394196905289 -35.5189263073 -11.7809547254 6.625692104
263 3234 -0.0395678465389 -35.4732471553 -11.6876397167 6.23484001042
264 3501 -0.0397102324578 -35.4294846171 -11.673035601 6.69658987521
265 3230 -0.0398584655368 -35.3840675556 -11.7920770497 6.65128224743
266 3191 -0.0400076094097 -35.3385175742 -11.5247770038 6.30302890371
267 3434 -0.0401513769771 -35.2947476738 -11.6615334924 6.33234111845
268 3484 -0.0402941097059 -35.2514263207 -11.77269831 6.72677021481
269 3205 -0.0404429280921 -35.2063988716 -11.5220665856 6.32823221251
270 3419 -0.0405870115424 -35.1629405564 -11.8185902031 6.60426370563
271 3275 -0.0407342286199 -35.1186751434 -11.5251544843 6.37659884838
272 3403 -0.040878645037 -35.075386807 -11.5059371415 6.20530803044
273 3577 -0.0410195075817 -35.0332919272 -11.7185674357 6.59144969578
274 3325 -0.0411656140021 -34.9897631356 -11.5322394457 6.2645738262
275 3506 -0.0413079074758 -34.9475000526 -11.7276463037 6.63488122493
276 3276 -0.0414551144568 -34.9039117054 -11.5186958476 6.18443000713
277 3555 -0.0415964179625 -34.8621991097 -11.6889766801 6.57188249091
278 3334 -0.0417423302445 -34.8192567067 -11.5125734313 6.14727520662
279 3604 -0.0418826720642 -34.7780784354 -11.7017455892 6.59301948588
280 3331 -0.0420286554392 -34.7353740437 -11.5274672141 6.38610721334
281 3413 -0.0421728766615 -34.6933139162 -11.4916532811 6.07815079309
282 3687 -0.0423116241365 -34.6529704005 -11.540882902 6.53000954473
283 3398 -0.0424561428843 -34.6110736238 -11.4890962706 6.30946578918
284 3492 -0.0425987190649 -34.5698642937 -11.4774623277 6.14222310291
285 3657 -0.0427380417298 -34.529714066 -11.6519197689 6.70501974831
286 3262 -0.0428855491481 -34.4873324772 -11.4676451868 6.27922674444
287 3475 -0.0430284737258 -34.4463919977 -11.6990165012 6.48070130377
288 3381 -0.0431733660206 -34.4050122624 -11.5378455163 6.27395938206
289 3515 -0.0433154700899 -34.3645499304 -11.5114618956 6.3051846511
290 3529 -0.0434572960196 -34.3242858562 -11.5962340643 6.38769127779
291 3467 -0.0436003765365 -34.2837856083 -11.6614954628 6.61530113454
292 3280 -0.0437474910402 -34.2422686235 -11.4789500662 5.95259912285
293 3753 -0.04388502156 -34.2035705529 -11.4806522556 6.37135980297
294 3540 -0.0440266315297 -34.163839459 -11.48613285 6.19136819833
295 3629 -0.0441664763757 -34.1247174662 -11.5150875733 6.26272562128
296 3595 -0.0443069842693 -34.0855234533 -11.5161786727 6.32327101697
297 3536 -0.0444486561774 -34.0461194061 -11.6147506984 6.42821278135
298 3437 -0.0445923523339 -34.0062694497 -11.4730306417 6.00282672129
299 3760 -0.0447297405112 -33.9682786423 -11.5648331565 6.30100214887
300 3599 -0.0448701771212 -33.929555354 -11.5399399882 6.42457968256
301 3457 -0.045013464857 -33.8901605349 -11.4496169343 6.421904331
302 3421 -0.0451575109666 -33.8506734067 -11.434982458 6.18684289035
303 3598 -0.0452979681903 -33.8122817947 -11.4261573729 6.09947651723
304 3725 -0.0454360057852 -33.7746585497 -11.4745770958 6.16704761448
305 3703 -0.0455744576846 -33.7370284878 -11.5476733683 6.31892820996
306 3569 -0.0457154798414 -33.6988086364 -11.5030292273 6.24571157008
307 3592 -0.0458560413575 -33.660822417 -11.5581267102 6.49764776534
308 3399 -0.0460005487117 -33.6218825956 -11.5000643044 6.21110952531
309 3571 -0.0461415288949 -33.5840029143 -11.4735533621 6.2920315303
310 3555 -0.0462828281308 -33.5461457458 -11.5834560231 6.43039319106
311 3441 -0.0464264530959 -33.5077760439 -11.4854707412 6.37947486018
312 3449 -0.0465699067119 -33.4695629288 -11.6272311726 6.67215878651
313 3234 -0.0467180450659 -33.4302176219 -11.5827142589 6.52853866454
314 3279 -0.0468651789189 -33.3912549963 -11.429879549 6.05410429232
315 3664 -0.0470043566692 -33.35450507 -11.595828768 6.3756134103
316 3513 -0.0471465015216 -33.3170774408 -11.4830535783 6.25093082598
317 3572 -0.0472874617389 -33.2800668386 -11.5797587276 6.37690263689
318 3487 -0.0474301274605 -33.242714564 -11.6136279635 6.51889997289
319 3356 -0.0475755681731 -33.2047451861 -11.6690527179 6.57717487626
320 3278 -0.0477227252614 -33.1664396969 -11.4128335224 6.30430901694
321 3460 -0.0478659541228 -33.1292644365 -11.609275125 6.50363218615
322 3360 -0.048011304001 -33.0916468128 -11.4131042893 6.18515729356
323 3581 -0.0481520994197 -33.0553113585 -11.6868251329 6.48371185245
324 3407 -0.0482964420551 -33.0181656946 -11.4525846397 6.28157128744
325 3517 -0.0484385136627 -32.9817080706 -11.6624221426 6.57214944303
326 3324 -0.0485846440013 -32.9443156962 -11.6806873515 6.43726187651
327 3372 -0.0487297353209 -32.9072958691 -11.6252731653 6.57620238839
328 3283 -0.0488767797033 -32.8698857142 -11.3932815201 5.97461122151
329 3734 -0.0490146471962 -32.834908627 -11.4471434886 6.24814213608
330 3636 -0.0491543633362 -32.7995592312 -11.428579919 6.01650801254
331 3810 -0.0492908530604 -32.7651197631 -11.6199349246 6.51398396867
332 3441 -0.0494344787858 -32.7289792198 -11.4105843421 6.25067302133
333 3551 -0.0495758501905 -32.693505172 -11.5085779508 6.22702106959
334 3603 -0.0497162097782 -32.6583820201 -11.5326449856 6.30818765909
335 3551 -0.0498575940276 -32.6230997776 -11.4889670894 6.37833450023
336 3480 -0.050000399749 -32.5875615543 -11.4149647942 6.10082943051
337 3688 -0.050139122197 -32.5531341211 -11.3983823323 6.00960871209
338 3832 -0.0502752228605 -32.5194476249 -11.4934093186 6.23382956923
339 3674 -0.0504142094481 -32.4851387427 -11.4081776879 6.21811245058
340 3645 -0.0505537549229 -32.450784968 -11.4170084501 6.18249157288
341 3667 -0.0506928794801 -32.4166272806 -11.6595126043 6.60008298966
342 3341 -0.0508386371213 -32.3809396789 -11.4309276216 5.91385270421
343 3808 -0.0509751624946 -32.3476036998 -11.4526136896 6.08679999437
344 3797 -0.0511118924234 -32.3143058132 -11.6476297443 6.44044878994
345 3495 -0.0512543949228 -32.2796955243 -11.3632729372 5.93114852276
346 3844 -0.051390288172 -32.2467789031 -11.6467386349 6.44459965329
347 3504 -0.0515326223817 -32.2123943399 -11.412930686 6.21778658732
348 3597 -0.0516730980074 -32.1785509091 -11.4165359406 6.2564018349
349 3592 -0.051813677939 -32.144773622 -11.5056355966 6.18763518863
350 3648 -0.0519531736281 -32.1113467428 -11.5671366607 6.54740119773
351 3376 -0.0520981812035 -32.0766936143 -11.519210447 6.31240505702
352 3483 -0.0522409368984 -32.0426723938 -11.4586005337 6.1339238098
353 3661 -0.0523801770786 -32.0095782476 -11.5082413889 5.90299002756
354 3922 -0.0525146975061 -31.97768927 -11.6430021174 6.45222599199
355 3516 -0.0526567737303 -31.9440977833 -11.435579432 6.15240510891
356 3655 -0.0527961241512 -31.9112388833 -11.422351998 6.1719332299
357 3679 -0.0529350243899 -31.878572637 -11.4303851157 6.21187016349
358 3652 -0.0530744424252 -31.8458711225 -11.5819967191 6.59052013707
359 3344 -0.0532201256087 -31.8117923026 -11.522487466 6.16699115046
360 3591 -0.0533607248593 -31.7789917647 -11.3852877158 6.13753024218
361 3690 -0.0534994160463 -31.7467216969 -11.4107938616 6.01711043491
362 3826 -0.0536356274259 -31.7151107956 -11.5924608652 6.36901830497
363 3560 -0.0537768294248 -31.6824273424 -11.4173402904 6.13814326708
364 3680 -0.0539157020073 -31.6503677707 -11.5576645144 6.32972455107
365 3554 -0.0540570199784 -31.6178295588 -11.603574029 6.36107305887
366 3495 -0.0541995298946 -31.5851043026 -11.5253804704 6.25408228531
367 3564 -0.0543406436929 -31.552785786 -11.574076071 6.40884881336
368 3460 -0.0544838702499 -31.5200707042 -11.3718485902 6.21933929404
369 3583 -0.0546246242476 -31.4880057496 -11.3872707874 6.00476526415
370 3804 -0.0547612131964 -31.4569702121 -11.3912740698 6.18379933782
371 3710 -0.0548995313647 -31.4256223428 -11.5164570444 6.31518813533
372 3574 -0.055040456372 -31.393766745 -11.4010610985 6.16045254801
373 3665 -0.0551796118852 -31.3623930983 -11.6324732363 6.37786148502
374 3511 -0.0553217877486 -31.3304222828 -11.3537554746 6.05084944304
375 3741 -0.0554595248139 -31.2995300691 -11.3693412453 6.04203296435
376 3818 -0.0555958727599 -31.269027105 -11.4081191415 6.20868182072
377 3692 -0.0557345228007 -31.2380880994 -11.4545837767 6.04706411714
378 3799 -0.0558712078634 -31.2076652224 -11.5483890072 6.41714165051
379 3514 -0.0560133234739 -31.1761150794 -11.5679521454 6.21218171539
380 3604 -0.0561536515941 -31.1450429285 -11.5582930653 6.27803300001
381 3576 -0.0562945428957 -31.1139269 -11.6456694399 6.3051236811
382 3546 -0.0564360260975 -31.0827613359 -11.3827181565 6.01919525475
383 3780 -0.0565730539467 -31.0526544459 -11.3919251119 6.12199866587
384 3757 -0.056710494601 -31.0225329389 -11.4623401025 6.23467603987
385 3654 -0.0568498743807 -30.9920639794 -11.4562759545 6.14143950978
386 3705 -0.0569882870111 -30.9618834127 -11.3757952635 5.99426435293
387 3851 -0.0571240501574 -30.9323547973 -11.5797817945 6.32643729128
388 3601 -0.0572644394644 -30.9018970201 -11.4890602881 6.19174599847
389 3647 -0.0574039522588 -30.8717067065 -11.6091995995 6.30514688285
390 3565 -0.0575450489184 -30.8412517294 -11.3864222079 5.86135340287
391 3931 -0.0576794191042 -30.8123213527 -11.4099880841 6.28996104313
392 3652 -0.057818828891 -30.782380646 -11.3674835227 6.02239246976
393 3810 -0.0579553277195 -30.7531385719 -11.4160853614 6.18569822986
394 3710 -0.0580936463758 -30.7235805014 -11.5240637622 6.26976007219
395 3612 -0.0582338369928 -30.6936979912 -11.4827033072 6.123640858
396 3708 -0.058372188733 -30.6642817799 -11.5703536569 6.44949434998
397 3466 -0.0585152954069 -30.6339319791 -11.32310035 5.83713228752
398 3921 -0.0586498358232 -30.6054704112 -11.541970443 6.15545049828
399 3766 -0.0587871191892 -30.5764997634 -11.5461779968 6.38782699078
400 3530 -0.0589289286693 -30.5466491973 -11.492306675 6.28715874866
401 3548 -0.0590703783365 -30.5169502364 -11.2912920342 5.88584665445
402 3903 -0.0592052392745 -30.4887049509 -11.3915765608 6.10069514404
403 3810 -0.0593417244693 -30.4601890925 -11.4965409691 6.23757366086
404 3665 -0.0594808817441 -30.4311867941 -11.5337041393 6.24725973857
405 3618 -0.059620946299 -30.4020683836 -11.5372708886 6.17901125714
406 3662 -0.0597601605095 -30.3731990366 -11.503472216 6.15509723428
407 3695 -0.0598987511656 -30.3445303156 -11.5171015805 6.23670963592
408 3635 -0.0600384862326 -30.3156966406 -11.5193566121 6.30152153477
409 3565 -0.0601795888823 -30.2866536377 -11.4864373152 6.37814786658
410 3484 -0.0603223135703 -30.2573509854 -11.4151982152 5.88407294018
411 3883 -0.0604575089076 -30.2296627593 -11.4503802672 6.07422895639
412 3829 -0.06059366363 -30.2018452435 -11.3692756901 6.09124747653
413 3798 -0.0607303602007 -30.1739846175 -11.4335479204 6.33614353892
414 3580 -0.0608711714471 -30.1453559266 -11.3973838651 5.94983180396
415 3853 -0.0610068888947 -30.1178303953 -11.3347291869 5.89456941472
416 3989 -0.0611402867294 -30.09083968 -11.5467544714 6.23027943562
417 3718 -0.0612784564292 -30.0629504974 -11.3387616881 5.96710249697
418 3880 -0.0614137124806 -30.0357152661 -11.503731358 6.36074501383
419 3580 -0.0615545136951 -30.0074324081 -11.272285239 5.80519627549
420 3990 -0.061687892964 -29.9807050452 -11.3352336753 6.04734650645
421 3883 -0.0618231006757 -29.9536752532 -11.3375554923 5.8006602829
422 4090 -0.0619548328854 -29.9274019851 -11.3859518861 6.0327173083
423 3923 -0.0620893434901 -29.9006372274 -11.4336919575 6.14810853029
424 3773 -0.0622264985356 -29.8734112349 -11.4658571923 6.17362121819
425 3710 -0.0623648093924 -29.8460219907 -11.4479980455 6.10976799694
426 3749 -0.0625024135766 -29.8188384053 -11.4009246117 5.92775908538
427 3926 -0.0626368728869 -29.7923391849 -11.5152465372 6.22742886109
428 3704 -0.0627752957938 -29.7651237443 -11.3395995135 5.93724088253
429 3903 -0.0629101423437 -29.738674571 -11.4545855806 6.38648487285
430 3565 -0.0630512476169 -29.7110642532 -11.3052072385 5.88179732325
431 3912 -0.0631859482992 -29.6847703201 -11.3504763591 5.97169215884
432 3932 -0.0633203044539 -29.6586049083 -11.3300830404 5.9521168484
433 3956 -0.063454247852 -29.6325805794 -11.4249364356 6.12521429695
434 3802 -0.0635908749473 -29.6060970511 -11.3562791561 5.97574583061
435 3897 -0.063725839807 -29.5799972157 -11.4902463201 5.99095530543
436 3910 -0.0638605800823 -29.5540015609 -11.4295366088 6.19605623979
437 3727 -0.0639985729788 -29.5274410706 -11.3108265023 5.89401898763
438 3951 -0.0641326006959 -29.5017043156 -11.4399203801 6.03688819435
439 3882 -0.0642678236992 -29.4757982737 -11.3048010263 5.92898393459
440 3964 -0.0644016352786 -29.4502219924 -11.3424416554 6.02969980137
441 3892 -0.0645366803185 -29.4244696153 -11.3011096243 5.94486757276
442 3952 -0.0646706998701 -29.398971849 -11.483096692 6.41050240129
443 3557 -0.0648119579615 -29.3721603839 -11.4616683786 5.90549780882
444 3887 -0.0649470863104 -29.3465731173 -11.4886975323 6.34188016757
445 3598 -0.0650875483477 -29.3200386281 -11.2935984056 5.67399436903
446 4126 -0.0652187075958 -29.29531906 -11.4647933357 6.37044977642
447 3631 -0.0653585162791 -29.2690303145 -11.2944510303 5.91195216891
448 3905 -0.0654933427519 -29.2437377941 -11.333292266 6.08495517776
449 3825 -0.0656295637975 -29.2182426902 -11.3515374544 6.00997992226
450 3871 -0.0657649665784 -29.1929593326 -11.3172710008 5.83082329606
451 4056 -0.0658972451935 -29.1683155683 -11.2891341069 5.98598340986
452 3958 -0.066031154993 -29.1434243253 -11.3696972453 6.104344221
453 3822 -0.0661674351999 -29.1181505504 -11.5070314869 6.14543291882
454 3748 -0.0663050427217 -29.0926898672 -11.4634144219 6.20248823372
455 3679 -0.0664439484581 -29.0670491572 -11.3663441717 5.98978764944
456 3847 -0.0665797763062 -29.0420348593 -11.2684295272 5.86604535633
457 4015 -0.0667127427254 -29.017603141 -11.2585921639 5.94928243138
458 3982 -0.0668462483683 -28.9931275171 -11.315499788 5.85252597208
459 4068 -0.0669783442068 -28.9689645861 -11.3567634087 5.98508448025
460 3962 -0.0671121846545 -28.9445373694 -11.3003450437 6.02933817067
461 3892 -0.0672472333294 -28.9199454016 -11.3507605441 5.97825935852
462 3920 -0.0673817926928 -28.8954980602 -11.3735751391 5.96557245227
463 3940 -0.067516011307 -28.8711676575 -11.4195882657 6.28880942138
464 3655 -0.0676553593637 -28.8459653743 -11.3944288376 6.2749449229
465 3592 -0.06779592489 -28.8206025173 -11.3041953403 5.90990745471
466 3894 -0.067930930831 -28.7962989791 -11.2297308389 6.02927152832
467 3873 -0.0680663051195 -28.7719842166 -11.2158467519 5.9291852479
468 3961 -0.0682001640372 -28.7479956899 -11.3033805599 6.0878804198
469 3838 -0.0683361638497 -28.7236783671 -11.3027302749 5.91723159382
470 3962 -0.0684700024335 -28.6998012954 -11.4389402087 6.34473182406
471 3614 -0.068610149764 -28.6748557573 -11.3736486161 6.02658759715
472 3794 -0.068746921649 -28.650567093 -11.3166045711 5.87423976289
473 3991 -0.0688802859836 -28.6269367069 -11.2633921562 5.6719340454
474 4256 -0.0690094200837 -28.604105707 -11.3395019753 6.0539660879
475 3945 -0.0691435457325 -28.5804439525 -11.3785410895 6.0899010491
476 3831 -0.0692796543475 -28.5564861106 -11.247336557 5.73338923042
477 4142 -0.0694105558005 -28.5334957324 -11.2958349376 5.89051352509
478 4075 -0.0695425346398 -28.510366493 -11.2891342733 5.85075372974
479 4096 -0.0696741716295 -28.4873473737 -11.3391937722 5.96325127324
480 3991 -0.0698075321469 -28.4640778359 -11.3802510085 5.91405414159
481 4010 -0.0699405803618 -28.4409137496 -11.2528202107 6.04678714335
482 3888 -0.0700756855319 -28.4174434591 -11.2590453585 5.88420288089
483 4009 -0.0702087438763 -28.3943797086 -11.2839173106 5.84666370633
484 4081 -0.0703406185081 -28.3715708837 -11.3042280074 5.86916953256
485 4079 -0.0704725259591 -28.3488057672 -11.2709054101 5.82671261713
486 4121 -0.0706037561275 -28.3262063947 -11.2891331127 5.95245180479
487 4008 -0.0707368297857 -28.3033391559 -11.293202275 5.9829755789
488 3948 -0.0708709126961 -28.2803488473 -11.4140875986 6.06984270715
489 3851 -0.0710066827369 -28.2571205992 -11.278585398 5.81226407817
490 4069 -0.0711387599168 -28.23457356 -11.3862858093 5.95876037892
491 3988 -0.0712721702516 -28.2118482526 -11.4080577451 6.19930616276
492 3745 -0.0714098439325 -28.1884485187 -11.1995883796 5.73839998246
493 4110 -0.0715412626877 -28.1661608289 -11.3919498298 6.27994897186
494 3705 -0.0716796799417 -28.1427377484 -11.4736928638 6.06640544087
495 3786 -0.0718166093212 -28.1196182714 -11.440938034 5.97508675556
496 3893 -0.0719516444993 -28.0968689312 -11.4205275328 6.03155538796
497 3871 -0.0720870605768 -28.0741054358 -11.2769818901 5.82600414269
498 4061 -0.0722192612854 -28.0519306068 -11.356726331 5.98517243429
499 3960 -0.0723531351036 -28.0295234735 -11.2420808701 5.71178884412
500 4205 -0.0724830597626 -28.0078236947 -11.2821951008 6.07628680551
501 3912 -0.0726177654568 -27.9853734665 -11.3798683727 5.94676002404
502 3956 -0.0727517185584 -27.9630970433 -11.379947176 6.23553800561
503 3705 -0.0728901291475 -27.9401298533 -11.1863584305 5.56649946212
504 4275 -0.0730189770442 -27.9187954478 -11.3626998035 6.08234508303
505 3923 -0.0731534808067 -27.8965717194 -11.3228985888 5.86244957151
506 4041 -0.0732860178878 -27.8747199212 -11.3651480145 6.12376951808
507 3826 -0.0734222240061 -27.8523116328 -11.2004315872 5.78803947774
508 4085 -0.0735540338981 -27.8306731991 -11.2117253613 5.65353480077
509 4305 -0.0736824372643 -27.8096379304 -11.3108816183 6.00744154779
510 4003 -0.0738156038649 -27.7878680033 -11.2750151019 5.84823960181
511 4078 -0.0739475319592 -27.7663462529 -11.2358372492 5.89040521761
512 4057 -0.0740797963232 -27.7448151725 -11.414784641 5.97166601304
513 3972 -0.07421347009 -27.7231008301 -11.2996184728 5.86031791753
514 4057 -0.0743457390486 -27.7016602349 -11.196635737 5.64879219985
515 4302 -0.0744741932356 -27.6808812401 -11.3646972713 6.22929920738
516 3795 -0.0746109589559 -27.6588044342 -11.1838964452 5.6998211456
517 4165 -0.0747414985783 -27.6377774149 -11.2873566185 5.95632908247
518 4016 -0.0748744397736 -27.616408354 -11.2429850785 5.84570522672
519 4084 -0.0750062663389 -27.5952629625 -11.2290304837 5.70412199345
520 4250 -0.0751354920286 -27.5745776414 -11.3500179847 5.88205683623
521 4113 -0.0752668641757 -27.5535921205 -11.2423160143 5.86472508772
522 4093 -0.0753985554599 -27.5325993909 -11.2407968542 5.81046625261
523 4142 -0.0755294595958 -27.5117754393 -11.3062547501 5.93084874413
524 4035 -0.0756620904945 -27.4907206918 -11.2679938549 5.72447190736
525 4214 -0.0757918692199 -27.4701613553 -11.3704741871 6.0776713118
526 3913 -0.0759265583233 -27.4488685864 -11.3254859431 5.95457993464
527 3948 -0.076060633009 -27.4277177899 -11.1876203119 6.01610633718
528 3900 -0.0761955343473 -27.4064815984 -11.3438881309 5.99340132634
529 3908 -0.0763302995889 -27.3853117746 -11.1873538395 5.80548621479
530 4093 -0.0764619882064 -27.3646685084 -11.3281113621 5.9489242868
531 4004 -0.0765951306557 -27.3438406816 -11.3119340155 5.93877124628
532 3989 -0.0767285176163 -27.3230181699 -11.2220852762 5.84619547592
533 4076 -0.0768604782127 -27.3024610996 -11.3500008004 5.75355057454
534 4196 -0.0769905392701 -27.2822414507 -11.3080080002 5.89261431482
535 4087 -0.0771223148119 -27.2617971627 -11.2468156428 5.84397099875
536 4106 -0.0772537877146 -27.2414417302 -11.1992321058 5.75779876507
537 4200 -0.0773837818526 -27.2213562774 -11.1717815239 5.65669936862
538 4336 -0.0775117261996 -27.2016272573 -11.3139511454 5.86863898156
539 4149 -0.0776425198162 -27.1814994887 -11.2965530445 5.86918219921
540 4098 -0.0777741227963 -27.1612884833 -11.2494390165 5.7036124145
541 4255 -0.0779032769706 -27.1414937288 -11.3145490618 5.82307450646
542 4174 -0.0780336742851 -27.1215486989 -11.3347697732 5.91283816643
543 4061 -0.0781658728709 -27.1013693208 -11.3740581286 5.97362896094
544 3971 -0.0782995600773 -27.0810047388 -11.2485008469 5.68821626263
545 4233 -0.0784290515649 -27.0613194633 -11.355919122 5.99201726115
546 3999 -0.0785622741169 -27.0411081258 -11.3090961591 5.89419438154
547 4031 -0.0786949638092 -27.0210189737 -11.2876344922 5.86366862519
548 4071 -0.0788270112602 -27.001067897 -11.1772471364 5.9531476278
549 3994 -0.0789603217495 -26.9809671919 -11.3252926187 6.14496503802
550 3795 -0.079097088807 -26.9603881964 -11.2920288432 5.76033536567
551 4103 -0.0792286067026 -26.9406398806 -11.2314670881 5.72889255203
552 4230 -0.0793581470352 -26.9212275463 -11.2100389186 5.76386909512
553 4229 -0.0794876942324 -26.9018528144 -11.2994837611 5.80467717395
554 4186 -0.0796179054329 -26.8824175925 -11.2772891369 5.84486748347
555 4133 -0.0797489526894 -26.8628967584 -11.2346317781 5.90617195333
556 4057 -0.0798812246575 -26.8432332289 -11.1641165816 5.64507507029
557 4306 -0.0800096187533 -26.8241842563 -11.1514118684 5.71755609872
558 4300 -0.0801380948777 -26.8051605475 -11.3192157572 6.00947068219
559 3999 -0.0802713152346 -26.7854737819 -11.2144587684 5.83893817042
560 4086 -0.0804031116547 -26.766036829 -11.311964026 6.02423095995
561 3930 -0.0805375031682 -26.7462573818 -11.3692837564 5.97165390679
562 3937 -0.0806717719995 -26.7265364295 -11.1640012624 5.67467200463
563 4237 -0.0808012062619 -26.7075637131 -11.2004718968 5.74085392142
564 4256 -0.0809303513409 -26.6886706032 -11.2019300847 5.66913544286
565 4339 -0.0810582558153 -26.6699955232 -11.2636407762 5.86423926039
566 4154 -0.0811889658858 -26.6509482623 -11.3031693694 6.12341813003
567 3855 -0.0813246567385 -26.6312151348 -11.3520892807 5.8460845264
568 4037 -0.08145726088 -26.6119700926 -11.2265854469 5.66819993441
569 4274 -0.0815861206874 -26.5933054802 -11.1533325477 5.65556317197
570 4359 -0.081713729323 -26.5748579394 -11.3106280914 5.90250046519
571 4120 -0.0818449754512 -26.5559216556 -11.3111976481 5.85001916724
572 4109 -0.0819763976542 -26.5369975623 -11.1573045764 5.6239633256
573 4345 -0.0821042147299 -26.5186285707 -11.2045807509 5.73792852729
574 4289 -0.0822328580586 -26.5001765611 -11.1559209617 5.74008740171
575 4271 -0.0823617697902 -26.4817219045 -11.1970161722 5.79882395149
576 4204 -0.082491707085 -26.4631566462 -11.2422726911 5.8171952554
577 4166 -0.0826222286419 -26.4445444097 -11.3137264411 5.86866650017
578 4103 -0.0827537482842 -26.4258267444 -11.170048479 5.55732450603
579 4417 -0.0828805150468 -26.4078204561 -11.2684424028 5.96141485548
580 4076 -0.0830124775892 -26.3891124918 -11.229736343 5.76618227767
581 4183 -0.0831427428507 -26.3706814074 -11.3514433543 5.86606542149
582 4111 -0.0832741459008 -26.3521257339 -11.116893906 5.49534250304
583 4490 -0.0833998747144 -26.3344054539 -11.2911254701 5.80731333732
584 4253 -0.0835290555456 -26.3162333052 -11.248763672 5.83395289382
585 4163 -0.0836596372452 -26.2978996967 -11.1408678198 5.58397272862
586 4405 -0.0837865677286 -26.2801129293 -11.3173103842 5.86033233422
587 4176 -0.0839169446145 -26.2618782322 -11.1757508507 5.67317945782
588 4311 -0.0840452601081 -26.2439663942 -11.1680711272 5.61093870075
589 4419 -0.0841719917455 -26.2263091992 -11.2998102224 5.93594384503
590 4102 -0.0843035344685 -26.2080168528 -11.1814545841 5.57753541644
591 4394 -0.0844306324616 -26.1903765216 -11.1266694576 5.82596757006
592 4209 -0.0845604983879 -26.1723863684 -11.2132526263 5.77347092825
593 4213 -0.0846902914223 -26.1544409055 -11.1228372814 5.47299471696
594 4548 -0.0848152096445 -26.1372020132 -11.238823867 5.73051972216
595 4352 -0.0849429232209 -26.1196102931 -11.1446000808 5.72816757553
596 4301 -0.0850713798836 -26.1019497165 -11.2010107041 5.64636461365
597 4377 -0.0851987260721 -26.0844748814 -11.1716811565 5.69848787234
598 4341 -0.0853266003896 -26.0669606158 -11.3264487724 5.80568019939
599 4216 -0.085456355521 -26.0492224954 -11.2164501433 5.72275284623
600 4269 -0.0855852983668 -26.0316290032 -11.3106478692 5.89455269857
601 4105 -0.0857167916903 -26.0137218969 -11.096125752 5.62265593992
602 4345 -0.0858446056045 -25.9963490465 -11.1678221605 5.65624874216
603 4378 -0.0859719284974 -25.9790753728 -11.1443175511 5.56484141004
604 4491 -0.086097638202 -25.9620522319 -11.1369213705 5.78923212351
605 4273 -0.0862265228019 -25.9446317445 -11.0931680827 5.5988269412
606 4422 -0.0863532184727 -25.9275391899 -11.1550068093 5.60628379274
607 4456 -0.0864794198375 -25.9105448457 -11.1104594182 5.50493843643
608 4584 -0.0866038468899 -25.8938201502 -11.2240457226 5.8539035121
609 4228 -0.0867334170929 -25.8764364764 -11.2075897088 5.75524757506
610 4238 -0.0868628335153 -25.8591062724 -11.1118004588 5.58875594032
611 4423 -0.08698951549 -25.8421739382 -11.2581619967 5.72838732406
612 4321 -0.0871176867599 -25.8250743735 -11.1475526758 5.69828513391
613 4325 -0.0872457887299 -25.8080159567 -11.2190078773 5.66985693011
614 4358 -0.0873734144858 -25.7910525843 -11.1380630485 5.56502074762
615 4485 -0.0874992090252 -25.7743634201 -11.1379074496 5.66841654319
616 4404 -0.0876261641211 -25.7575512158 -11.130333936 5.60045402802
617 4458 -0.0877523438588 -25.7408723963 -11.170604658 5.6832936563
618 4380 -0.0878796462533 -25.7240761203 -11.1591613391 5.67074661703
619 4372 -0.0880070598594 -25.7072962052 -11.138158894 5.58997037884
620 4461 -0.0881332003207 -25.6907144609 -11.1313069583 5.59667248564
621 4479 -0.0882590904829 -25.6741957979 -11.138833608 5.55537605795
622 4532 -0.0883842418145 -25.6578038849 -11.1335500561 5.77833484277
623 4295 -0.0885127902293 -25.6409978885 -11.1663411072 5.62236743025
624 4402 -0.0886397736627 -25.6244271108 -11.1693578019 5.67141340495
625 4377 -0.0887671086262 -25.6078409355 -11.2089963457 5.69705855979
626 4342 -0.0888949598374 -25.5912181372 -11.2303939755 5.92244819563
627 4096 -0.0890265985066 -25.57413488 -11.1115368433 5.54418195069
628 4429 -0.0891531843469 -25.5577378622 -11.1040882347 5.56101486618
629 4511 -0.0892786257737 -25.5415185176 -11.1070504424 5.43323110946
630 4688 -0.0894016769283 -25.5256366248 -11.1020516426 5.48775230516
631 4672 -0.0895249382405 -25.5097557275 -11.12397489 5.68576614234
632 4434 -0.0896514597495 -25.4934839837 -11.188476527 5.58478995624
633 4485 -0.0897772654794 -25.4773335442 -11.1204777302 5.48887031681
634 4612 -0.08990131803 -25.4614366555 -11.1294662029 5.68071394342
635 4424 -0.0900279822378 -25.4452342006 -11.1193279558 5.5416133156
636 4532 -0.0901531300981 -25.4292545219 -11.1305129287 5.78674506659
637 4286 -0.0902818144727 -25.412853062 -11.1576287202 5.75754134999
638 4252 -0.0904110210029 -25.396415353 -11.1625368893 5.63484635044
639 4375 -0.0905383882099 -25.3802412828 -11.1644774398 5.71318013123
640 4324 -0.0906665082136 -25.3640012261 -11.0977169458 5.63660853548
641 4394 -0.0907936006345 -25.3479206854 -11.0829493012 5.44639439494
642 4636 -0.0909173303787 -25.3322935378 -11.2288333595 5.73432229737
643 4370 -0.0910447709478 -25.3162264388 -11.0968799126 5.52393688366
644 4537 -0.0911698520963 -25.3004850793 -11.1015715204 5.57198323747
645 4529 -0.0912950452639 -25.2847575979 -11.1462234119 5.65195423428
646 4434 -0.0914215622441 -25.2688921718 -11.0686414208 5.35080826171
647 4767 -0.0915435854246 -25.2536172144 -11.0881140379 5.58885163912
648 4571 -0.0916681936582 -25.238045887 -11.2208218039 5.66632868
649 4429 -0.0917947811694 -25.2222553261 -11.1817830367 5.77370476792
650 4273 -0.0919236609423 -25.2062078491 -11.2444388093 5.6983745463
651 4312 -0.0920519659003 -25.1902609551 -11.0672674099 5.56932944143
652 4467 -0.0921780207046 -25.1746218448 -11.0648011318 5.53999489764
653 4546 -0.0923029708246 -25.1591472175 -11.1049727427 5.50815505509
654 4607 -0.092427097367 -25.1438015575 -11.1026751242 5.55644444946
655 4566 -0.0925517715288 -25.1284151862 -11.0991451162 5.65516347143
656 4441 -0.0926781976934 -25.1128401476 -11.2028280624 5.70996265725
657 4346 -0.0928059989596 -25.0971238298 -11.0490220146 5.47962768777
658 4582 -0.0929304624669 -25.081845082 -11.1093348633 5.53136177094
659 4589 -0.0930548260821 -25.0666052478 -11.1049243093 5.55602523224
660 4562 -0.0931795617455 -25.0513465141 -11.1055475274 5.50364646565
661 4617 -0.0933035538282 -25.0362051683 -11.1229181906 5.58555081497
662 4535 -0.0934286607637 -25.0209543185 -11.1926399865 5.69016409308
663 4393 -0.0935557721862 -25.0054864493 -11.17077337 5.65620620049
664 4392 -0.0936828978104 -24.9900443359 -11.0773885349 5.65905490517
665 4388 -0.0938100735493 -24.9746235659 -11.1611742707 5.63559255335
666 4414 -0.0939368862598 -24.9592740641 -11.2080073981 5.69135662839
667 4359 -0.0940644951319 -24.9438555904 -11.1698565719 5.74683990147
668 4283 -0.0941932248505 -24.9283294624 -11.0536698077 5.4264052037
669 4626 -0.0943170908833 -24.9134162114 -11.2166383646 5.67715749895
670 4432 -0.0944436448538 -24.8982058749 -11.0573753497 5.6306517638
671 4432 -0.0945701999999 -24.8830221519 -11.0725612767 5.44820713863
672 4646 -0.0946938057452 -24.8682180512 -11.0995894452 5.5392515656
673 4598 -0.0948180553932 -24.853362424 -11.0430740903 5.45349758391
674 4688 -0.0949410994046 -24.8386761704 -11.1714940792 5.69166339969
675 4431 -0.0950676571447 -24.8235966474 -11.0492372957 5.60126962262
676 4465 -0.095193741308 -24.8085998261 -11.1180532641 5.45050765445
677 4653 -0.095317252702 -24.7939343817 -11.1336218454 5.61206869707
678 4514 -0.0954426533993 -24.7790702232 -11.1276881591 5.72153881923
679 4352 -0.0955703536333 -24.7639599526 -11.0284116109 5.4148514851
680 4662 -0.0956937452263 -24.7493848068 -11.144875024 5.47661312023
681 4678 -0.0958169226608 -24.7348596973 -11.1734948768 5.61226234172
682 4520 -0.0959422337074 -24.7201082931 -11.1390584434 5.59765302696
683 4494 -0.0960679078285 -24.7053397142 -11.2077452192 5.70775623361
684 4362 -0.0961954635057 -24.6903761395 -11.0163356471 5.50316889728
685 4559 -0.0963202417156 -24.675763782 -11.1158276727 5.56511502403
686 4543 -0.0964452390197 -24.6611508829 -11.1396156552 5.57404364577
687 4528 -0.0965704422988 -24.6465390416 -11.1216091281 5.54341318055
688 4560 -0.0966952084846 -24.6320031757 -11.1780595573 5.65250292862
689 4442 -0.0968216146608 -24.6173015942 -11.0636341235 5.58161294835
690 4490 -0.0969473370293 -24.6027047895 -11.1524947782 5.75332116858
691 4311 -0.0970756450228 -24.5878336801 -11.0297736134 5.48195140887
692 4568 -0.0972002914509 -24.5734119395 -11.1375587737 5.54286162121
693 4572 -0.0973248944792 -24.5590197719 -11.128375513 5.55268273652
694 4561 -0.0974496409632 -24.5446355638 -11.0279685354 5.37005528961
695 4781 -0.097571477249 -24.5306105567 -11.0765446869 5.53836598285
696 4635 -0.0976952191351 -24.5163900362 -11.0577302935 5.58433272224
697 4541 -0.0978202387192 -24.5020470276 -11.1867367943 5.63421161883
698 4458 -0.0979464224013 -24.4875952197 -11.1121819299 5.46041467008
699 4639 -0.0980701217329 -24.473452023 -11.1388503322 5.59611813435
700 4528 -0.098195316858 -24.4591620182 -11.0661034636 5.48135622144
701 4634 -0.0983190798307 -24.4450593667 -11.108384522 5.54956935313
702 4582 -0.0984435411785 -24.4309010263 -11.0425014113 5.53466393271
703 4585 -0.0985679581765 -24.4167716172 -11.0431009593 5.54807204968
704 4570 -0.0986925804963 -24.4026427736 -11.0632560865 5.41117642485
705 4732 -0.0988150470422 -24.3887815666 -11.0842297089 5.66296541581
706 4475 -0.098940979863 -24.3745519894 -11.0247442431 5.45249261117
707 4653 -0.0990644837724 -24.3606203972 -11.0301096392 5.6050694786
708 4522 -0.0991897713203 -24.3465113598 -11.0475226098 5.34777099047
709 4798 -0.0993113980659 -24.3328374083 -11.0378781357 5.62220108262
710 4540 -0.0994364345738 -24.318803503 -11.0661926753 5.45943645806
711 4664 -0.0995597967052 -24.3049807111 -11.0956884953 5.49517654298
712 4656 -0.0996832668077 -24.2911688232 -11.0378994554 5.41129509161
713 4757 -0.0998054106246 -24.277527888 -11.0060863778 5.484303297
714 4695 -0.0999283647191 -24.2638190982 -11.1289556532 5.58242779973
715 4560 -0.100053130793 -24.249931442 -11.1783055399 5.53376727691
716 4580 -0.100177617488 -24.2360980788 -11.0041491588 5.56746938054
717 4546 -0.100302572448 -24.2222359248 -11.0870502098 5.46171166273
718 4663 -0.100425948186 -24.2085717584 -11.1620189782 5.63262465297
719 4492 -0.100551643989 -24.1946738742 -11.0447619392 5.41270297228
720 4707 -0.100674437687 -24.1811194599 -11.0091424601 5.28613778407
721 4934 -0.100794369904 -24.1679024082 -11.0144306314 5.39987616718
722 4850 -0.100915338393 -24.154592629 -11.1000427244 5.45303759362
723 4759 -0.101037456648 -24.1411781686 -11.0793303066 5.53311205191
724 4636 -0.101161192578 -24.1276083218 -11.043206792 5.42005984125
725 4741 -0.101283552779 -24.1142113818 -11.0106913921 5.49134457508
726 4682 -0.101406678523 -24.1007526882 -11.0029208987 5.19394330512
727 5052 -0.101525212246 -24.0878168031 -11.0179359623 5.47739602543
728 4782 -0.101647038334 -24.0745428897 -11.0932818915 5.48983131728
729 4695 -0.101769992031 -24.0611679311 -11.0514701786 5.41310310536
730 4766 -0.101892020801 -24.0479152063 -10.9991665919 5.64691883803
731 4503 -0.102017571343 -24.0343024318 -11.1183308903 5.55889143315
732 4534 -0.102142685193 -24.0207595785 -10.9600105667 5.30239691458
733 4860 -0.102263531842 -24.0076999684 -11.039904926 5.41553328596
734 4810 -0.102385008842 -23.9945933256 -11.029394851 5.24754677388
735 5017 -0.102503946063 -23.9817811468 -10.9955508905 5.42624239777
736 4839 -0.10262506108 -23.9687551035 -10.9784508123 5.60988484826
737 4565 -0.102749753511 -23.9553661112 -10.9842324665 5.37568962434
738 4776 -0.102871665533 -23.942297007 -10.9912125671 5.39070166218
739 4818 -0.102993038179 -23.9293066339 -11.0600235743 5.51907175096
740 4669 -0.103116336548 -23.9161314652 -11.0643460305 5.44166790492
741 4723 -0.10323892308 -23.9030536055 -11.0903892762 5.2667695697
742 4965 -0.103358483742 -23.890318912 -11.0615535233 5.45419097743
743 4789 -0.103480224995 -23.8773725682 -10.9863570021 5.3357523568
744 4893 -0.103600662843 -23.8645852488 -11.078080868 5.47415748484
745 4744 -0.103722972953 -23.8516198792 -11.0036174551 5.28866042995
746 4942 -0.10384281124 -23.8389367518 -11.0203940359 5.36933745765
747 4892 -0.103963258774 -23.826209264 -11.0672411726 5.52618723344
748 4680 -0.104086413453 -23.8132165244 -11.0187607762 5.52606580519
749 4623 -0.104210323655 -23.8001652612 -10.9598903303 5.41124826262
750 4748 -0.104332590218 -23.7873078992 -10.9628222025 5.36589991372
751 4842 -0.10445366269 -23.774596398 -11.0367121927 5.42459859737
752 4793 -0.104575349247 -23.7618407232 -11.0761061945 5.51534761174
753 4667 -0.104698676168 -23.7489338157 -11.0524802618 5.45836725314
754 4702 -0.104821540078 -23.7360960553 -10.9636024973 5.2949301325
755 4921 -0.104941632757 -23.7235677664 -11.0062102843 5.37761709832
756 4876 -0.105062285856 -23.7110007913 -10.9834690924 5.34780516231
757 4902 -0.105182612249 -23.698487544 -11.0310080772 5.34034654071
758 4919 -0.105302728114 -23.6860157665 -11.0722719562 5.50069526105
759 4718 -0.105425377749 -23.6733010411 -10.9690073798 5.21553013781
760 5033 -0.105544128307 -23.6610098643 -11.0409910334 5.5095931931
761 4737 -0.10566653765 -23.648359862 -11.1056358498 5.47544882365
762 4700 -0.105789420924 -23.6356811292 -11.0057962847 5.31781779131
763 4891 -0.105909890945 -23.6232710361 -10.9661662779 5.33311083832
764 4926 -0.106029927806 -23.610924868 -11.0608514337 5.48008913041
765 4746 -0.106152220351 -23.5983664667 -10.9454196519 5.33650409369
766 4880 -0.106272824843 -23.5860009135 -11.1033852152 5.40294154034
767 4831 -0.106394028686 -23.5735933735 -10.9560060219 5.32527112283
768 4919 -0.106514148192 -23.5613160445 -11.0454931376 5.40420712718
769 4841 -0.106635237999 -23.5489588526 -11.0334732167 5.43104096255
770 4785 -0.106757032214 -23.5365492901 -11.0647510528 5.42975666426
771 4771 -0.10687900402 -23.5241412021 -10.9712233204 5.25520962126
772 4995 -0.106998204231 -23.5120339446 -11.0195332987 5.25424541076
773 5062 -0.107116612203 -23.5000255902 -11.1057180254 5.38347790784
774 4906 -0.107236887123 -23.4878466678 -11.0546121624 5.4394448655
775 4792 -0.107358591237 -23.4755422375 -10.9591559831 5.20627825549
776 5069 -0.107476925305 -23.4635970109 -10.9618557752 5.2878382647
777 5037 -0.107595631151 -23.4516325293 -11.0364549488 5.35537179166
778 4937 -0.107715534109 -23.4395659291 -11.0352269871 5.22735360195
779 5083 -0.107833703364 -23.4276919929 -11.0124085071 5.32505299821
780 4990 -0.10795296504 -23.4157265564 -10.9882709133 5.30138931477
781 4996 -0.108072151904 -23.4037869212 -10.9481431583 5.25081489665
782 5067 -0.108190501069 -23.3919492609 -10.9509699494 5.33113305998
783 4978 -0.108309913375 -23.380023459 -10.9891455748 5.45281888853
784 4794 -0.108431588585 -23.3678904191 -11.0235243953 5.33141416734
785 4900 -0.108551938473 -23.3559081224 -10.960418816 5.2524911493
786 5037 -0.108670640962 -23.3441079115 -10.9683003656 5.18078503777
787 5178 -0.108787721549 -23.3324864718 -10.9594334566 5.27546962834
788 5084 -0.108905875905 -23.3207760691 -10.9804291893 5.22430638131
789 5130 -0.109023505647 -23.309135206 -10.9753205929 5.46654590124
790 4816 -0.109144902369 -23.2971398706 -11.0455672817 5.50039786701
791 4691 -0.109267905931 -23.2850046946 -11.0263137448 5.47314480093
792 4690 -0.10939092005 -23.2728874943 -10.9404279665 5.15380749378
793 5110 -0.109508775441 -23.2612962405 -11.0412294624 5.35862721047
794 4952 -0.109628492113 -23.2495397203 -10.9897055576 5.24428108686
795 5064 -0.109746883994 -23.2379308963 -10.9810965363 5.29875791309
796 5021 -0.109865782764 -23.226289944 -10.9620952993 5.25501464411
797 5069 -0.109984116407 -23.2147217701 -10.9557642061 5.30787114331
798 5010 -0.110103146105 -23.2031030737 -11.0210606007 5.39746326925
799 4874 -0.110223819199 -23.1913418638 -10.938215432 5.22007935743
800 5074 -0.110342087725 -23.179832462 -10.9548790331 5.28498895476
801 5042 -0.110460731136 -23.1683038979 -10.9673865952 5.25043717325
802 5081 -0.11057892119 -23.1568365972 -10.9851082893 5.29987791683
803 5024 -0.110697782414 -23.145321464 -10.9498861248 5.22250841421
804 5115 -0.110815580593 -23.1339263851 -10.9693103706 5.27562737903
805 5067 -0.110933939312 -23.1224941587 -10.9630352373 5.28045096183
806 5047 -0.111052532291 -23.1110564357 -10.9507165506 5.22823454392
807 5113 -0.111170346913 -23.099710724 -10.9557759865 5.39543294365
808 4904 -0.111290648877 -23.0881428656 -10.973988496 5.23028503826
809 5069 -0.111408978598 -23.0767817551 -11.0556338689 5.32119248422
810 4992 -0.111528223648 -23.0653498836 -10.9383478412 5.22692446083
811 5099 -0.111646200005 -23.0540565188 -11.0923170853 5.25255486795
812 5094 -0.111764237582 -23.042774059 -10.9744356201 5.19079491962
813 5180 -0.111881293 -23.0316020035 -10.9994219042 5.31723120827
814 5027 -0.112000116128 -23.0202780294 -10.9674720158 5.21845734432
815 5121 -0.112117838859 -23.0090755763 -10.9487439612 5.18885784095
816 5191 -0.11223477548 -22.9979643033 -10.9675058996 5.21830177864
817 5168 -0.112351964475 -22.9868453875 -10.9385914913 5.17105498203
818 5230 -0.112468462651 -22.9758081937 -10.9864398696 5.36196432972
819 4979 -0.11258785146 -22.9645138365 -10.9200538821 5.47098173247
820 4771 -0.112709816924 -22.9529931416 -10.9651898499 5.29176720665
821 4946 -0.112829608125 -22.9416949233 -11.0419395301 5.27438797555
822 5021 -0.112948507096 -22.9304975764 -10.9150386329 5.20416510644
823 5140 -0.113066018705 -22.9194472171 -10.9186963451 5.21870244223
824 5153 -0.113183376647 -22.9084274786 -10.9168070651 5.20956079459
825 5170 -0.113300545162 -22.897441614 -10.8983919857 5.12670402061
826 5295 -0.113416319996 -22.8866021783 -10.9534082055 5.38273026906
827 4968 -0.113535843135 -22.8754282024 -10.9734701724 5.25125363567
828 5059 -0.113654293564 -22.8643709106 -10.9450706793 5.16212808611
829 5211 -0.113770999997 -22.8534923523 -11.0031845715 5.18341380601
830 5224 -0.113887561931 -22.8426430152 -10.9928271981 5.34274975378
831 5004 -0.114006658895 -22.8315739483 -10.94282763 5.30596737318
832 4994 -0.114125872894 -22.8205103937 -10.9211159388 5.18189646257
833 5164 -0.114243114624 -22.8096458332 -10.9372166144 5.22899616691
834 5145 -0.114360562218 -22.7987780304 -10.976028362 5.09957446404
835 5328 -0.114475978301 -22.7881136177 -10.9245434247 5.15204153696
836 5303 -0.114591671302 -22.7774389147 -10.9489828124 5.22713719888
837 5186 -0.114708654595 -22.7666607002 -10.9397012909 5.346401256
838 4989 -0.114827930269 -22.7556873335 -10.8782189607 5.17842990338
839 5167 -0.114945132726 -22.7449204609 -10.9104679512 5.15805812313
840 5248 -0.115061423979 -22.7342527029 -10.9547780986 5.10968855656
841 5343 -0.115176678357 -22.723695171 -10.9843511101 5.26353495342
842 5145 -0.115294128243 -22.7129519698 -10.9542999323 5.1777951767
843 5213 -0.115410808843 -22.7022945402 -10.9419199452 5.10316968231
844 5343 -0.115526067263 -22.691782054 -10.9508728633 5.13909779719
845 5326 -0.115641505497 -22.6812681231 -10.9448345965 5.19185865381
846 5244 -0.115757848266 -22.6706869216 -10.926485502 5.2855084073
847 5088 -0.1158759574 -22.6599605593 -10.9252758874 5.14123982145
848 5250 -0.115992231245 -22.6494160841 -10.9222647511 5.26221541018
849 5122 -0.116109945154 -22.6387563562 -10.9058681647 5.07512278595
850 5358 -0.116225039907 -22.6283487035 -10.9034636938 5.08669664294
851 5409 -0.116339585696 -22.6180052837 -10.9154027512 5.27167291273
852 5151 -0.11645696911 -22.6074206997 -11.0072742074 5.28575073293
853 5062 -0.116575375708 -22.5967592787 -10.9032042998 5.13531302637
854 5251 -0.116691638793 -22.5863059038 -10.9564464508 5.26581139356
855 5117 -0.116809407726 -22.5757323007 -10.9292834093 5.06773640432
856 5368 -0.116924399215 -22.5654227604 -10.929600837 5.23728844234
857 5189 -0.117041349358 -22.5549524814 -10.886740998 5.15481783249
858 5259 -0.117157518397 -22.5445669425 -10.9422297839 5.26799809768
859 5116 -0.117275297844 -22.5340524706 -10.9110357958 5.10947903385
860 5305 -0.117390967375 -22.5237410629 -10.9341035401 5.18510885059
861 5248 -0.117507265114 -22.5133883165 -10.8810301377 5.1232811369
862 5323 -0.11762273923 -22.5031234061 -10.929963034 5.28866554014
863 5105 -0.117740656112 -22.4926562474 -10.8865079573 5.16352053146
864 5222 -0.117857234888 -22.4823226373 -10.9152878299 5.2459810912
865 5137 -0.117974773755 -22.4719187602 -10.8743560662 5.11826120609
866 5298 -0.118090517596 -22.4616882966 -10.8950368741 5.07683681242
867 5407 -0.118205086455 -22.4515758569 -10.9269189312 5.10561979663
868 5394 -0.118319791401 -22.441465499 -10.9026816609 5.12799533572
869 5357 -0.11843489681 -22.4313339909 -10.9258450446 5.05645386492
870 5456 -0.11854895671 -22.4213084599 -10.8772172111 5.08045094398
871 5447 -0.118663110004 -22.4112885977 -10.8925835948 5.06186132166
872 5473 -0.118776989222 -22.4013065989 -10.9215805859 5.24373163091
873 5208 -0.118893732339 -22.391087853 -10.9327734531 5.07664025502
874 5381 -0.119008577607 -22.3810493138 -10.9320725376 5.13881780729
875 5337 -0.119123896853 -22.3709833722 -10.9792809177 5.19470634338
876 5242 -0.119240252239 -22.3608412065 -10.9305375396 5.009576818
877 5495 -0.119353906892 -22.3509482122 -10.9585797242 5.13599566162
878 5373 -0.119468844281 -22.3409573662 -10.9585457448 5.1207404583
879 5362 -0.119583895284 -22.330970518 -10.9054773333 5.0798682962
880 5421 -0.11969831863 -22.3210518929 -10.8720031086 5.33550049578
881 5065 -0.119816698265 -22.310804715 -10.8625304771 5.06868417438
882 5350 -0.119931874381 -22.3008488606 -10.8728622299 5.07044122951
883 5432 -0.120046181535 -22.2909817642 -10.9322208779 5.15732332595
884 5323 -0.120161648212 -22.2810283503 -10.8917909559 5.08092164593
885 5408 -0.120276206705 -22.2711668765 -10.9549166294 5.12410132008
886 5367 -0.12039120745 -22.2612809837 -10.9669580075 5.22577125289
887 5206 -0.120507974414 -22.2512572267 -10.8623673421 5.04365690477
888 5431 -0.120622292768 -22.241457275 -10.8580023853 5.0680437308
889 5459 -0.120736319105 -22.2316957408 -10.8883867985 5.10043928971
890 5417 -0.12085078673 -22.2219098479 -10.9025386681 5.1145085786
891 5384 -0.120965605668 -22.2121074013 -10.8439724872 5.07785287621
892 5430 -0.121079930369 -22.2023605369 -10.8467854664 5.06833835513
893 5458 -0.121193964424 -22.1926517337 -10.8531784315 5.01566111847
894 5549 -0.121307064457 -22.1830355299 -10.9084759431 5.03090664172
895 5550 -0.121420147337 -22.1734337798 -10.8623333283 5.09318565566
896 5453 -0.121534234159 -22.1637599284 -10.8793410824 4.97164006089
897 5618 -0.121646637222 -22.1542417341 -10.9347457556 5.06997196053
898 5508 -0.121760156034 -22.1446420143 -10.8792479025 5.22555351716
899 5243 -0.121876503538 -22.1348165698 -10.9147239893 5.1003646357
900 5356 -0.121991622751 -22.1251082613 -10.8683854303 4.97156163598
901 5589 -0.122104313299 -22.1156176612 -10.9134544171 5.06506452397
902 5507 -0.122217834544 -22.1060699729 -10.9124071444 5.08793700556
903 5449 -0.122331960232 -22.0964844453 -10.9033602809 5.08946649791
904 5431 -0.122446279833 -22.0868956706 -10.8798723911 5.13442719772
905 5358 -0.122561379326 -22.0772546402 -10.870235392 5.04979720435
906 5466 -0.122675328598 -22.0677229369 -10.8516116396 5.01383928912
907 5554 -0.122788375741 -22.0582794341 -10.8783574376 4.99628456703
908 5607 -0.122900884624 -22.0488934692 -10.8783701805 5.02826774414
909 5571 -0.123013760185 -22.0394894953 -10.857959206 5.02397254317
910 5567 -0.123126668209 -22.0300953999 -10.8653440259 5.08797274193
911 5466 -0.123240622243 -22.020627011 -10.8920131586 5.04961546321
912 5497 -0.123354247744 -22.0111986346 -10.8636938339 5.03124240785
913 5535 -0.123467485886 -22.0018150081 -10.8517806973 5.219419455
914 5259 -0.123583656397 -21.992201441 -10.9405578713 4.96936132773
915 5563 -0.12369660808 -21.9828668969 -10.8728804842 5.01604173513
916 5578 -0.123809410673 -21.9735570997 -10.8568127916 5.24488620996
917 5233 -0.123925870097 -21.963958501 -10.8683917266 5.00558985011
918 5498 -0.124039488378 -21.9546067764 -10.8854261011 4.99676641913
919 5590 -0.12415216628 -21.9453448234 -10.8444838705 5.01144006102
920 5593 -0.124264817801 -21.9360973306 -10.8612790227 5.18379014895
921 5327 -0.124380247048 -21.9266345401 -10.8857040056 5.12602363032
922 5341 -0.124495522486 -21.9171971878 -10.8151856702 4.92277290829
923 5663 -0.124607469668 -21.9080445597 -10.881855204 5.07124387417
924 5518 -0.124720883408 -21.8987843106 -10.8834651204 5.04485222297
925 5520 -0.124834280801 -21.8895377327 -10.8470638804 4.97042049261
926 5639 -0.124946469162 -21.880401857 -10.9363410609 5.04388554088
927 5555 -0.125059507444 -21.8712089349 -10.8439603769 5.00721287609
928 5590 -0.125172190137 -21.8620570625 -10.8377381011 4.99851722665
929 5614 -0.125284632748 -21.8529367397 -10.8852235517 4.94049483546
930 5715 -0.125396069672 -21.8439098437 -10.8958754459 5.15008513274
931 5409 -0.125510614635 -21.8346434589 -10.8494505476 4.92855023136
932 5675 -0.125622451126 -21.8256081675 -10.859870159 5.07959983985
933 5508 -0.125735966699 -21.8164493095 -10.8477805555 4.99111127091
934 5602 -0.125848524208 -21.8073797524 -10.8219066287 4.94456823198
935 5705 -0.125960060777 -21.7984042256 -10.8440455007 5.15405984469
936 5401 -0.126074697406 -21.789191414 -10.8461491382 5.05896134521
937 5464 -0.126188665933 -21.7800445129 -10.8641948833 5.00905515031
938 5561 -0.126301641591 -21.7709892991 -10.8511003781 4.98425635826
939 5628 -0.126413936043 -21.7620005039 -10.8406288109 4.99616022035
940 5628 -0.126526233565 -21.7530232246 -10.851057639 4.98505529415
941 5646 -0.126638351565 -21.7440720084 -10.8451188142 5.02941832333
942 5580 -0.126751136437 -21.7350793359 -10.9034855988 5.12194841931
943 5417 -0.126865602773 -21.7259646586 -10.8491120366 4.90606013044
944 5714 -0.126977051931 -21.7171018862 -10.88067985 5.09540488241
945 5494 -0.127090715671 -21.7080748253 -10.9507561198 4.99062407601
946 5599 -0.127203305886 -21.6991447702 -10.8337623407 4.97312318629
947 5657 -0.12731531254 -21.6902725797 -10.840196806 4.92738675878
948 5750 -0.127426417349 -21.6814832148 -10.8403225266 5.07781723538
949 5531 -0.127539698658 -21.6725333269 -10.9147692426 5.04461954501
950 5524 -0.127653054847 -21.6635892833 -10.829209739 4.89912997362
951 5758 -0.127764079196 -21.6548406094 -10.8515839774 4.9777006597
952 5695 -0.127875720342 -21.6460546694 -10.8892359365 5.03895228591
953 5578 -0.127988523624 -21.6371887975 -10.8214517842 5.11226661726
954 5431 -0.128102839119 -21.6282158695 -10.8603154108 4.99367234289
955 5576 -0.128215663168 -21.6193716321 -10.8553087685 4.99197821037
956 5620 -0.12832803976 -21.6105739278 -10.8404168134 5.04887594682
957 5542 -0.128441211918 -21.601725475 -10.8232469034 5.02359352415
958 5560 -0.12855419662 -21.5929032037 -10.8190415493 4.96107893942
959 5666 -0.128666119239 -21.5841751969 -10.8372352413 4.992072892
960 5645 -0.128778244778 -21.5754426551 -10.8408913067 5.04090394734
961 5561 -0.128891218115 -21.5666554923 -10.8918656061 4.96459952811
962 5660 -0.129003194795 -21.5579571287 -10.8281031057 4.92443539894
963 5755 -0.129114243557 -21.5493419148 -10.8269202599 4.91696016747
964 5795 -0.129224910896 -21.540767238 -10.8431799212 4.94059002107
965 5767 -0.12933585244 -21.5321822638 -10.8236808416 4.97338275623
966 5704 -0.129447399451 -21.5235614685 -10.8219776144 4.93495771885
967 5750 -0.129558496819 -21.5149863985 -10.8124080228 5.05585618578
968 5566 -0.129671423105 -21.5062813676 -10.8843026477 5.00616640661
969 5595 -0.129784057505 -21.4976100687 -10.8463345702 4.98481716969
970 5637 -0.129896264501 -21.4889828071 -10.8125442741 5.07734291018
971 5501 -0.130009849243 -21.4802609114 -10.8148879704 5.02256913934
972 5550 -0.130122935572 -21.4715885579 -10.8142808385 4.88760240887
973 5785 -0.130233698933 -21.4631052293 -10.8887830801 4.94011020792
974 5765 -0.130344659565 -21.4546175696 -10.8832841093 4.96934887513
975 5710 -0.130456146766 -21.4461004762 -10.8015177323 4.86781136463
976 5866 -0.130566142186 -21.4377079819 -10.8473439008 4.90061055017
977 5854 -0.130676248807 -21.4293175628 -10.8782664755 4.96141807268
978 5748 -0.130787370081 -21.4208605169 -10.8356365275 5.06034474535
979 5558 -0.130900374355 -21.4122711587 -10.8281616274 4.93043699954
980 5716 -0.131011807323 -21.4038120731 -10.8123041538 4.97526352764
981 5687 -0.131123523382 -21.3953422818 -10.785000208 5.13751582318
982 5421 -0.131237942081 -21.386678762 -10.7934631219 4.9135098218
983 5703 -0.131349499812 -21.3782427341 -10.8337830231 4.92291098687
984 5770 -0.131460405178 -21.3698666538 -10.8342547532 4.9997837125
985 5662 -0.131572370888 -21.3614212087 -10.8111358949 4.86616921088
986 5855 -0.131682472166 -21.3531268779 -10.8347757337 4.85686305452
987 5927 -0.131791900562 -21.3448935184 -10.8030685365 4.84284540649
988 5972 -0.131900914016 -21.3367015521 -10.8627548209 4.91365219171
989 5861 -0.13201095616 -21.3284425635 -10.8174591573 4.84531427324
990 5949 -0.132120182032 -21.3202550341 -10.8241452366 4.99160466775
991 5723 -0.132231543467 -21.3119178628 -10.8049947399 4.94914388005
992 5732 -0.132342818137 -21.3035976964 -10.8107164112 4.83587497483
993 5928 -0.132452237144 -21.295426506 -10.7955679372 4.87861203226
994 5910 -0.132561826211 -21.2872527615 -10.8269321447 4.89465195921
995 5877 -0.132671721328 -21.279066368 -10.8873042842 4.92802615919
996 5811 -0.132782242234 -21.2708436191 -10.8167771626 4.95008114243
997 5755 -0.132893294405 -21.2625916905 -10.7937466981 4.94099613277
998 5755 -0.13300435031 -21.2543498381 -10.7804194773 4.88420783558
999 5851 -0.133114488174 -21.2461863242 -10.8120745801 4.93398297513
1000 5793 -0.133225173856 -21.2379924288 -10.8691295561 4.9220732879
1001 5797 -0.133335821422 -21.2298115802 -10.8164124059 4.77992421963
1002 6047 -0.133444160281 -21.2218113168 -10.816669351 4.88905719794
1003 5924 -0.133553614416 -21.2137386143 -10.7866072686 4.80512868873
1004 6039 -0.133662025921 -21.2057526205 -10.7797562034 5.07805532903
1005 5605 -0.133774555542 -21.1974735795 -10.7951452786 4.94679622637
1006 5702 -0.133886119669 -21.1892759196 -10.7814456055 4.82152403686
1007 5944 -0.13399538876 -21.1812568672 -10.819070816 4.96065761488
1008 5774 -0.1341062628 -21.1731300976 -10.7765544781 4.88149314697
1009 5861 -0.134216305436 -21.1650742766 -10.7926344062 4.89164840217
1010 5868 -0.134326280346 -21.1570333585 -10.8163618028 4.83881899809
1011 5963 -0.134435382781 -21.1490660387 -10.8393433849 4.95682099086
1012 5785 -0.134546145881 -21.1409874215 -10.7684211996 4.77934133742
1013 6044 -0.134654507522 -21.1330936656 -10.8007856421 4.9476164185
1014 5822 -0.134764915874 -21.1250606728 -10.8413059805 4.85816746244
1015 5915 -0.134874452841 -21.1171008957 -10.8085666343 4.84374696755
1016 5967 -0.134983512021 -21.1091855351 -10.8065125188 4.91968638449
1017 5849 -0.135093664534 -21.1012006265 -10.8596727424 4.89414626322
1018 5861 -0.135203711502 -21.0932331912 -10.7949259817 4.93373719975
1019 5796 -0.135314366819 -21.0852315931 -10.7727143032 4.85551869938
1020 5913 -0.135423930419 -21.0773186844 -10.788793585 4.83248985844
1021 5987 -0.135532812816 -21.0694645645 -10.7825517057 5.0120310081
1022 5699 -0.135644406985 -21.0614247378 -10.7971001316 4.83074784933
1023 5927 -0.135753833431 -21.053550804 -10.7800862499 4.81074660593
1024 6030 -0.135862327977 -21.045753411 -10.8106584319 4.81751197279
1025 6047 -0.135970668359 -21.0379765053 -10.8172412477 4.93777753179
1026 5840 -0.136080910107 -21.0300727489 -10.7843553934 4.81815104406
1027 5991 -0.136189752358 -21.0222788458 -10.8447927356 4.88605193337
1028 5914 -0.136299299742 -21.0144439817 -10.7735764918 4.86062999223
1029 5937 -0.136408634452 -21.0066338464 -10.7888300725 4.83035025612
1030 5997 -0.136517420024 -20.9988723591 -10.796263381 4.85014637011
1031 5979 -0.136626371667 -20.9911084264 -10.7919147418 4.84341103907
1032 5986 -0.136735260369 -20.9833583649 -10.7800962718 4.81279149171
1033 6043 -0.136843636184 -20.9756541092 -10.7872567381 4.83593787428
1034 6017 -0.136952241658 -20.9679428206 -10.792793106 4.80908909889
1035 6058 -0.137060478763 -20.9602669272 -10.7930489834 4.80249633946
1036 6082 -0.137168505927 -20.9526151043 -10.7971443077 4.90447401835
1037 5907 -0.137278121642 -20.9448601211 -10.7916681094 4.79949283863
1038 6044 -0.137386486228 -20.9372029039 -10.7898934209 4.82165530874
1039 6043 -0.137494858292 -20.9295543429 -10.7851583838 4.8774190715
1040 5944 -0.137604134351 -20.9218512652 -10.7949028212 4.7379577457
1041 6168 -0.137711408224 -20.9142983785 -10.7971367443 4.82296546479
1042 6075 -0.137819494085 -20.906697378 -10.7678787386 4.75799123867
1043 6169 -0.137926759228 -20.8991630655 -10.7883713323 4.78448329994
1044 6146 -0.138034220545 -20.8916239212 -10.7640856567 4.7528898335
1045 6198 -0.13814122742 -20.8841255432 -10.7815440909 4.8495882323
1046 6035 -0.138249670687 -20.8765355412 -10.7596168942 4.97018959737
1047 5782 -0.138360466636 -20.8687902456 -10.8055544932 4.92444798596
1048 5790 -0.138471182138 -20.8610600195 -10.7545061895 4.79416806103
1049 6019 -0.138579770037 -20.8534875005 -10.7639850074 4.90575750311
1050 5888 -0.138689564818 -20.8458400217 -10.7698148585 4.72440107278
1051 6176 -0.138796765085 -20.8383821713 -10.764289827 4.78894198068
1052 6140 -0.13890428141 -20.8309111646 -10.7567467395 4.92811990167
1053 5881 -0.139014135793 -20.823286813 -10.7726098725 4.71933652152
1054 6183 -0.139121272527 -20.8158599417 -10.7888919858 4.74007913935
1055 6233 -0.139227981892 -20.8084713823 -10.8037225778 4.86693355966
1056 6014 -0.139336621091 -20.8009580921 -10.7609515648 4.77446276053
1057 6121 -0.139444306031 -20.7935196344 -10.7707230741 4.73361872886
1058 6227 -0.139551062921 -20.786153954 -10.7718645978 4.7541373279
1059 6219 -0.139657893086 -20.7787918462 -10.7685704226 4.73388037991
1060 6255 -0.13976441505 -20.7714595575 -10.817523973 4.79980505448
1061 6142 -0.139871916314 -20.7640685316 -10.733526952 4.95673597938
1062 5833 -0.13998222839 -20.756493295 -10.7709605933 4.88382526019
1063 5874 -0.140092150897 -20.7489539042 -10.7685570437 4.78784229257
1064 6055 -0.140200413468 -20.7415372236 -10.7634066753 4.84631536152
1065 6002 -0.140309156538 -20.7340964605 -10.7998157433 4.72724120101
1066 6205 -0.14041610857 -20.7267868717 -10.7991323162 4.78186013359
1067 6161 -0.140523439993 -20.7194599357 -10.7487125435 4.77265339374
1068 6166 -0.140630729614 -20.7121444314 -10.7997400951 4.76564606448
1069 6180 -0.140737893734 -20.7048460318 -10.7551523589 4.80867895999
1070 6105 -0.140845719384 -20.6975111862 -10.7512706521 4.75550347951
1071 6182 -0.140952869655 -20.6902308223 -10.7509796426 4.80327381975
1072 6115 -0.141060603059 -20.6829194048 -10.7663277663 4.68666629467
1073 6315 -0.141166615744 -20.6757331379 -10.7740898075 4.71051667849
1074 6327 -0.141272531154 -20.6685617451 -10.7962770418 4.7703060449
1075 6216 -0.141379384879 -20.6613351932 -10.7792233629 4.73285120021
1076 6256 -0.141485897442 -20.6541400705 -10.7903843024 4.74934508525
1077 6236 -0.14159258058 -20.6469417744 -10.7578826841 4.75398658861
1078 6222 -0.14169938667 -20.6397435391 -10.7626177431 4.75128777192
1079 6223 -0.14180618281 -20.6325543212 -10.7292760998 4.90573950179
1080 5942 -0.141915473409 -20.6252058104 -10.814555794 4.66450284147
1081 6306 -0.142021564972 -20.6180807308 -10.8580926933 4.66209209415
1082 6419 -0.142126718783 -20.6110267184 -10.7596057153 4.72786584746
1083 6322 -0.142232672549 -20.6039271741 -10.7410621916 4.77530627239
1084 6205 -0.142339618865 -20.5967693868 -10.7700643644 4.73678091415
1085 6246 -0.142446221537 -20.5896428481 -10.7469642899 4.87321089115
1086 6006 -0.14255493102 -20.5823839339 -10.7404811521 4.74266856431
1087 6177 -0.142662122282 -20.5752347551 -10.7527761914 4.73880031639
1088 6234 -0.14276882558 -20.5681263512 -10.7327959599 4.77109834221
1089 6189 -0.142875913103 -20.5610005929 -10.7439682032 4.78663218572
1090 6148 -0.14298336046 -20.5538591759 -10.7435204593 4.74482969895
1091 6214 -0.143090232127 -20.5467642408 -10.755871634 4.75816093384
1092 6208 -0.143197158675 -20.5396738523 -10.7437584627 4.74788622326
1093 6225 -0.143303933619 -20.5326016783 -10.7620461484 4.66432915587
1094 6391 -0.143409316759 -20.5256296738 -10.7245902102 4.93184227624
1095 5939 -0.143518632611 -20.5184058542 -10.7630814262 4.72000290612
1096 6200 -0.143625629138 -20.5113435388 -10.7807118192 4.69740650108
1097 6319 -0.143731607389 -20.504356456 -10.7201228507 4.91186382306
1098 5956 -0.143840768356 -20.497167871 -10.7316375579 4.80720123043
1099 6044 -0.143949130697 -20.4900402275 -10.7264895335 4.79265602064
1100 6096 -0.144057033958 -20.4829510332 -10.7488781057 4.70194309528
1101 6280 -0.14416334071 -20.475974769 -10.7461442816 4.7042969989
1102 6329 -0.144269238402 -20.4690332705 -10.7360528815 4.71851888084
1103 6315 -0.144375250237 -20.4620921965 -10.7381205164 4.74679899372
1104 6257 -0.144481752187 -20.4551269855 -10.720271192 4.85355362797
1105 6044 -0.144590117571 -20.4480480748 -10.7785305722 4.67186194924
1106 6323 -0.144696068075 -20.4411348682 -10.7588968526 4.75922633434
1107 6236 -0.14480275209 -20.4341817333 -10.7385861749 4.69114970159
1108 6342 -0.144908542358 -20.4272946963 -10.7225808162 4.64122228793
1109 6471 -0.145013274127 -20.4204842543 -10.7219800025 4.82612330837
1110 6150 -0.145120697463 -20.4135067185 -10.7187122378 4.82639224342
1111 6064 -0.145228882764 -20.4064877956 -10.7510316948 4.73713418663
1112 6204 -0.145335838244 -20.3995566448 -10.717886363 4.74653275279
1113 6227 -0.145442600985 -20.3926458874 -10.7309355874 4.74460492671
1114 6237 -0.145549277048 -20.3857486144 -10.737899789 4.68300799627
1115 6358 -0.145654933297 -20.3789250246 -10.7141455245 4.81019127639
1116 6150 -0.145762359223 -20.3719950346 -10.7283071099 4.68371484958
1117 6331 -0.145868238001 -20.3651726234 -10.7606791769 4.65776994642
1118 6435 -0.145973263071 -20.358412833 -10.754196201 4.66990650775
1119 6440 -0.14607824314 -20.351663503 -10.7302172773 4.68043458102
1120 6421 -0.146183381957 -20.3449115344 -10.7394735947 4.68574822955
1121 6405 -0.146288650252 -20.3381588262 -10.73794955 4.66578752382
1122 6440 -0.146393632707 -20.3314319913 -10.7411705186 4.63302774299
1123 6515 -0.146498005145 -20.3247516939 -10.7150462736 4.75528609633
1124 6295 -0.146604183865 -20.3179633968 -10.7139340396 4.63911301263
1125 6461 -0.14670899221 -20.3112702276 -10.7526188314 4.64535142386
1126 6496 -0.146813515933 -20.3046026598 -10.6961727811 4.64660416897
1127 6504 -0.146917980525 -20.2979462612 -10.7174790036 4.77398155004
1128 6257 -0.147024486247 -20.2911674051 -10.707682624 4.65553213082
1129 6418 -0.147129650414 -20.2844814549 -10.7377773084 4.72824464677
1130 6321 -0.147235612604 -20.277752314 -10.7200893353 4.73076920665
1131 6290 -0.147341841286 -20.2710138393 -10.7090100842 4.7954825431
1132 6159 -0.147449189348 -20.264212066 -10.7020031678 4.69747933703
1133 6307 -0.147555268597 -20.2574982865 -10.7030718622 4.75925765553
1134 6232 -0.147661990826 -20.2507514237 -10.7206655567 4.65794741715
1135 6405 -0.147767253957 -20.2441042698 -10.7646522101 4.61278696593
1136 6546 -0.147871379605 -20.2375362297 -10.7302251358 4.67897930537
1137 6453 -0.147976255278 -20.230928191 -10.7408931684 4.72518785361
1138 6337 -0.148082087872 -20.2242672853 -10.7188172058 4.67630127859
1139 6400 -0.148187398443 -20.2176466289 -10.7076404897 4.62207527237
1140 6526 -0.148291685789 -20.211097558 -10.7213302979 4.66129293649
1141 6483 -0.148396320308 -20.2045339322 -10.7682283969 4.69031000596
1142 6413 -0.148501520859 -20.1979421064 -10.7153692117 4.57707292032
1143 6622 -0.148605050713 -20.1914621077 -10.7294842613 4.66828678167
1144 6495 -0.148709585281 -20.1849264004 -10.7280437776 4.67384473104
1145 6449 -0.148814492504 -20.1783746333 -10.7274764136 4.7141213522
1146 6357 -0.148920155327 -20.1717829961 -10.7133839988 4.63000472491
1147 6497 -0.14902467069 -20.165270157 -10.7063377451 4.65677612165
1148 6484 -0.149129297464 -20.1587575517 -10.7184773993 4.6623273718
1149 6469 -0.149234043382 -20.1522447115 -10.7040867665 4.64791662487
1150 6494 -0.149338590373 -20.1457513942 -10.6955468915 4.63346615998
1151 6530 -0.149442847096 -20.1392832119 -10.712529249 4.7019656623
1152 6403 -0.14954813016 -20.1327585452 -10.694065962 4.70690457847
1153 6358 -0.14965378193 -20.1262182818 -10.7062036463 4.61228195712
1154 6533 -0.149758008453 -20.1197733551 -10.7415064894 4.64330550058
1155 6521 -0.149862336496 -20.1133292104 -10.7060190378 4.64501738321
1156 6514 -0.149966719127 -20.1068887516 -10.7062113195 4.67032431865
1157 6461 -0.150071526603 -20.1004291716 -10.698165534 4.63516445725
1158 6517 -0.150175885644 -20.09400428 -10.7143434767 4.6010006068
1159 6603 -0.150279565687 -20.0876281469 -10.7092103623 4.61469481295
1160 6599 -0.150383275677 -20.0812570978 -10.7207319944 4.62431604803
1161 6578 -0.150487150024 -20.0748828845 -10.7219760565 4.68829241987
1162 6443 -0.150592105055 -20.0684493915 -10.6995892056 4.67803915096
1163 6426 -0.150697198285 -20.0620145029 -10.6843868971 4.60788735406
1164 6562 -0.150801196394 -20.0556536283 -10.7040291909 4.6581290558
1165 6499 -0.150905699337 -20.0492688392 -10.688838307 4.6750539847
1166 6448 -0.151010617075 -20.0428657182 -10.7204301813 4.56765364835
1167 6652 -0.151113914385 -20.0365683441 -10.7148574948 4.6970802485
1168 6446 -0.151218848809 -20.0301781165 -10.679405538 4.5773435679
1169 6631 -0.151322307335 -20.0238846153 -10.6881099816 4.63638338032
1170 6562 -0.15142630642 -20.0175650739 -10.7364091865 4.65324055469
1171 6509 -0.151530730336 -20.0112266098 -10.6982447305 4.64379720569
1172 6513 -0.15163512023 -20.0048971031 -10.7142829046 4.58547442446
1173 6633 -0.151738558273 -19.9986320975 -10.7013851654 4.64990286367
1174 6535 -0.151842771534 -19.9923269606 -10.6985917898 4.63771285951
1175 6533 -0.151947004687 -19.9860274591 -10.699075172 4.5575545583
1176 6698 -0.15204994648 -19.9798127063 -10.7083669262 4.53678068759
1177 6789 -0.152152189742 -19.9736467085 -10.726714673 4.61855827277
1178 6642 -0.152255560668 -19.9674193649 -10.7125745324 4.63531317047
1179 6567 -0.152359518389 -19.9611634153 -10.7198942427 4.53506000819
1180 6755 -0.152462020679 -19.9550016622 -10.6844275355 4.65522672888
1181 6557 -0.152566056544 -19.9487544242 -10.6919854682 4.63848398333
1182 6537 -0.152670253036 -19.9425042994 -10.6901200807 4.61988438732
1183 6570 -0.152774193498 -19.9362762611 -10.7196162463 4.52348806714
1184 6781 -0.152876502051 -19.930152559 -10.7203325653 4.52120780482
1185 6847 -0.152978316138 -19.9240648982 -10.6983365552 4.57517000731
1186 6749 -0.153080863803 -19.9179398648 -10.6925913702 4.62446756212
1187 6619 -0.153184415205 -19.9117614785 -10.7017433091 4.56207720959
1188 6713 -0.153287239374 -19.905633034 -10.7188297262 4.52452105916
1189 6820 -0.153389252139 -19.8995593922 -10.6870796474 4.58583253365
1190 6719 -0.153492028703 -19.8934467545 -10.695252658 4.63198477498
1191 6595 -0.153595765834 -19.887283572 -10.6990859284 4.65400513115
1192 6516 -0.153700128964 -19.8810898638 -10.6840129875 4.54176234698
1193 6726 -0.15380285361 -19.8749999153 -10.7021943744 4.60693979771
1194 6649 -0.153906170843 -19.86888135 -10.6769176255 4.53329972321
1195 6783 -0.154008464133 -19.8628298507 -10.6592308281 4.55775325175
1196 6769 -0.154110864778 -19.8567783958 -10.694541147 4.48293754357
1197 6927 -0.154212085638 -19.8508029409 -10.6664515103 4.64286286251
1198 6629 -0.15431556208 -19.8447007742 -10.6761589712 4.52613659107
1199 6792 -0.154417783296 -19.8386790177 -10.6716181193 4.67106358684
1200 6535 -0.154521996683 -19.8325464299 -10.6587240011 4.6157604956
1201 6577 -0.154625874954 -19.8264401097 -10.6636844354 4.56228345078
1202 6700 -0.154728795141 -19.820396546 -10.6819670974 4.67337044106
1203 6506 -0.1548332422 -19.8142698638 -10.6776341922 4.58387602693
1204 6635 -0.154936670166 -19.808209443 -10.6777223016 4.52528811258
1205 6796 -0.155038864527 -19.8022276333 -10.698602397 4.50820965882
1206 6879 -0.155140436768 -19.7962884612 -10.6832154257 4.50625162243
1207 6907 -0.155241803734 -19.7903674683 -10.7044270028 4.50018737845
1208 6929 -0.1553430148 -19.7844617284 -10.6842418562 4.52138191568
1209 6888 -0.155444523278 -19.7785447945 -10.6776289556 4.62887381614
1210 6647 -0.155547853916 -19.772527974 -10.6725308236 4.56762537331
1211 6709 -0.155650706478 -19.7665453214 -10.6768537173 4.45848247045
1212 6964 -0.155751660267 -19.7606792478 -10.6783772201 4.68620098009
1213 6549 -0.155855761715 -19.754636628 -10.6294493754 4.71846297415
1214 6376 -0.155961268984 -19.7485189791 -10.6745529626 4.51181024176
1215 6747 -0.156063829379 -19.7425785319 -10.6821596952 4.46321582758
1216 6965 -0.156164778251 -19.736737514 -10.696762335 4.62275694826
1217 6680 -0.156267852027 -19.7307797692 -10.6723504604 4.56001988812
1218 6735 -0.156370509887 -19.7248523049 -10.6857754401 4.47769717916
1219 6929 -0.156471718508 -19.7190146071 -10.719477502 4.45217203263
1220 7042 -0.156572108139 -19.713230111 -10.653012939 4.54658144842
1221 6864 -0.156673795083 -19.7073769084 -10.6396083417 4.56598581292
1222 6773 -0.156776158855 -19.701490883 -10.6556705963 4.61798168702
1223 6639 -0.156879554348 -19.6955517734 -10.6640755733 4.51093974071
1224 6828 -0.156981508004 -19.6897016165 -10.6924830226 4.51497869681
1225 6874 -0.15708312236 -19.6838769794 -10.6695908336 4.63329285192
1226 6634 -0.157186553445 -19.6779544 -10.6612093288 4.46891026332
1227 6918 -0.15728783859 -19.672160747 -10.6786457248 4.58431835495
1228 6749 -0.157390387081 -19.6663009164 -10.6904944273 4.46309482324
1229 6965 -0.15749132973 -19.6605388208 -10.6822599909 4.50921187136
1230 6925 -0.157592567936 -19.654765798 -10.6758704407 4.53043599795
1231 6867 -0.157694230988 -19.6489745306 -10.6435250481 4.61161428623
1232 6678 -0.157797326154 -19.6431077953 -10.6832651317 4.43907866897
1233 6998 -0.157898033211 -19.6373828927 -10.6566869041 4.50774364563
1234 6937 -0.157999180777 -19.6316388438 -10.6610597829 4.58480823448
1235 6753 -0.158101698216 -19.6258230219 -10.6604833461 4.51752268832
1236 6847 -0.158203512217 -19.620053096 -10.6579910583 4.5166144101
1237 6875 -0.158305113272 -19.6143011803 -10.6540915172 4.50828883186
1238 6902 -0.158406521466 -19.6085660936 -10.6765808288 4.61179020018
1239 6687 -0.158509547011 -19.6027455768 -10.6686131086 4.46603893749
1240 6941 -0.158610670423 -19.597038433 -10.6817532658 4.47898683255
1241 6985 -0.158711468968 -19.5913554425 -10.6454091383 4.5542733425
1242 6832 -0.158813395033 -19.5856147816 -10.639022067 4.5181517629
1243 6868 -0.158915052304 -19.5798951595 -10.6646393791 4.57347579549
1244 6759 -0.159017528845 -19.5741353971 -10.6708471072 4.42790279643
1245 7048 -0.159117881272 -19.568500808 -10.6853788496 4.47803638489
1246 7018 -0.159218448116 -19.5628599155 -10.6043972144 4.68763015335
1247 6560 -0.159322463409 -19.557031628 -10.6728569481 4.41568388542
1248 7015 -0.159423051434 -19.5514012062 -10.662980959 4.50061633755
1249 6958 -0.159524049497 -19.5457535873 -10.6435560931 4.54003875262
1250 6855 -0.159625800304 -19.5400696995 -10.6344116071 4.51077525758
1251 6891 -0.159727290278 -19.5344061959 -10.6640544613 4.43146828569
1252 7079 -0.159827423453 -19.528824089 -10.6938334515 4.41107099075
1253 7180 -0.159926845975 -19.5232871755 -10.6818634995 4.50521363958
1254 6993 -0.160027591976 -19.5176822166 -10.6262212329 4.51543070993
1255 6919 -0.160128873918 -19.5120531762 -10.6490737703 4.43259548267
1256 7084 -0.160228967601 -19.5064958185 -10.6572669142 4.49419297265
1257 6991 -0.160329723951 -19.5009073248 -10.6653160975 4.44111767111
1258 7085 -0.160429808593 -19.4953616983 -10.6396012742 4.46629414944
1259 7055 -0.160530111946 -19.4898095555 -10.5979894604 4.47209586076
1260 7033 -0.160630568774 -19.4842545308 -10.6605584927 4.47773116297
1261 7014 -0.160731160714 -19.4786976562 -10.6557262769 4.5159935883
1262 6923 -0.160832409379 -19.4731101752 -10.6341902967 4.55325587241
