10 500000 0.95 gpomdp sample_bernstein 30000000

-0.89869951  2.09873833  3.48744313  7.25175622
-0.89869951  1.6672345   3.48744313  7.25175622
-0.89869951  1.91633517  3.48744313  7.25175622
-0.89869951  1.65531876  3.48744313  7.25175622
-0.89869951  1.9470746   3.48744313  7.25175622
-0.89869951  1.61797861  3.48744313  7.25175622
-0.89869951  2.01312538  3.48744313  7.25175622
-0.89869951  1.5726151   3.48744313  7.25175622
-0.89869951  1.97965669  3.48744313  7.25175622
-0.89869951  1.5589247   3.48744313  7.25175622
-0.89869951  1.93093331  3.48744313  7.25175622
-1.16517174  1.93093331  3.48744313  7.25175622
-1.00016146  1.93093331  3.48744313  7.25175622
-1.00016146  1.83295682  3.48744313  7.25175622
-1.00016146  1.93891121  3.48744313  7.25175622
-1.00016146  1.87960735  3.48744313  7.25175622
-0.93217898  1.87960735  3.48744313  7.25175622
-1.00893792  1.87960735  3.48744313  7.25175622
-1.00893792  1.87960735  3.48744313  7.28966148
-1.00893792  1.97441053  3.48744313  7.28966148
-1.00893792  1.83202629  3.48744313  7.28966148
-1.00893792  2.04737861  3.48744313  7.28966148
-1.00893792  1.75607937  3.48744313  7.28966148
-1.00893792  2.05711945  3.48744313  7.28966148
-1.00893792  1.72319992  3.48744313  7.28966148
-1.00893792  2.06656759  3.48744313  7.28966148
-1.00893792  1.72680092  3.48744313  7.28966148
-1.00893792  2.03097108  3.48744313  7.28966148
-1.00893792  1.74115331  3.48744313  7.28966148
-1.00893792  2.0263605   3.48744313  7.28966148
-1.00893792  1.77499321  3.48744313  7.28966148
-1.00893792  2.04004067  3.48744313  7.28966148
-1.00893792  1.69486898  3.48744313  7.28966148
-1.00893792  2.01042126  3.48744313  7.28966148
-1.00893792  1.73105243  3.48744313  7.28966148
-1.00893792  2.04625884  3.48744313  7.28966148
-1.00893792  1.72160571  3.48744313  7.28966148
-1.00893792  2.06100063  3.48744313  7.28966148
-1.00893792  1.69204499  3.48744313  7.28966148
-1.00893792  2.04251857  3.48744313  7.28966148
-1.00893792  1.6945505   3.48744313  7.28966148
-1.00893792  2.11964503  3.48744313  7.28966148
-1.00893792  1.66800709  3.48744313  7.28966148
-1.00893792  2.00296978  3.48744313  7.28966148
-1.00893792  1.78394003  3.48744313  7.28966148
-1.00893792  2.02732646  3.48744313  7.28966148
-1.00893792  1.74336368  3.48744313  7.28966148
-1.00893792  2.01948796  3.48744313  7.28966148
-1.00893792  1.76627575  3.48744313  7.28966148
-1.00893792  2.06668796  3.48744313  7.28966148
-1.00893792  1.72676673  3.48744313  7.28966148
-1.00893792  2.06080876  3.48744313  7.28966148
-1.00893792  1.72062952  3.48744313  7.28966148
-1.00893792  2.05838568  3.48744313  7.28966148
-1.00893792  1.74013714  3.48744313  7.28966148
-1.00893792  2.02940515  3.48744313  7.28966148
-1.00893792  1.72130932  3.48744313  7.28966148
-1.00893792  2.06396429  3.48744313  7.28966148
-1.00893792  1.70508736  3.48744313  7.28966148
-1.00893792  2.03537674  3.48744313  7.28966148
-1.00893792  1.73298831  3.48744313  7.28966148
-1.00893792  2.04052779  3.48744313  7.28966148
-1.00893792  1.73103264  3.48744313  7.28966148
-1.00893792  2.11566786  3.48744313  7.28966148
-1.00893792  1.71828386  3.48744313  7.28966148
-1.00893792  2.0684608   3.48744313  7.28966148
-1.00893792  1.71607287  3.48744313  7.28966148
-1.00893792  2.04216922  3.48744313  7.28966148
-1.00893792  1.71579588  3.48744313  7.28966148
-1.00893792  2.0409609   3.48744313  7.28966148
-1.00893792  1.72493949  3.48744313  7.28966148
-1.00893792  2.0715374   3.48744313  7.28966148
-1.00893792  1.6977655   3.48744313  7.28966148
-1.00893792  2.02415458  3.48744313  7.28966148
-1.00893792  1.73726024  3.48744313  7.28966148
-1.00893792  2.03507121  3.48744313  7.28966148
-1.00893792  1.80394276  3.48744313  7.28966148
-1.00893792  2.02617704  3.48744313  7.28966148
-1.00893792  1.76136211  3.48744313  7.28966148
-1.00893792  2.04889232  3.48744313  7.28966148
-1.00893792  1.75730418  3.48744313  7.28966148
-1.00893792  2.01506394  3.48744313  7.28966148
-1.00893792  1.77509776  3.48744313  7.28966148
-1.00893792  1.99827263  3.48744313  7.28966148
-1.00893792  1.80312473  3.48744313  7.28966148
-1.00893792  2.0221849   3.48744313  7.28966148
-1.00893792  1.79735318  3.48744313  7.28966148
-1.00893792  2.05273723  3.48744313  7.28966148
-1.00893792  1.66985845  3.48744313  7.28966148
-1.00893792  2.02712706  3.48744313  7.28966148
-1.00893792  1.71827347  3.48744313  7.28966148
-1.00893792  2.05790465  3.48744313  7.28966148
-1.00893792  1.69698811  3.48744313  7.28966148
-1.00893792  2.05051002  3.48744313  7.28966148
-1.00893792  1.68325668  3.48744313  7.28966148
-1.00893792  2.03673302  3.48744313  7.28966148
-1.00893792  1.75684621  3.48744313  7.28966148
-1.00893792  2.04125213  3.48744313  7.28966148
-1.00893792  1.72917356  3.48744313  7.28966148
-1.00893792  2.04947406  3.48744313  7.28966148
-1.00893792  1.72353484  3.48744313  7.28966148
-1.00893792  2.04971085  3.48744313  7.28966148
-1.00893792  1.70884736  3.48744313  7.28966148
-1.00893792  2.04934946  3.48744313  7.28966148
-1.00893792  1.69436894  3.48744313  7.28966148
-1.00893792  1.9852796   3.48744313  7.28966148
-1.00893792  1.83659108  3.48744313  7.28966148
-1.00893792  1.97053773  3.48744313  7.28966148
-1.00893792  1.84317714  3.48744313  7.28966148
-1.00893792  2.01431946  3.48744313  7.28966148
-1.00893792  1.71426873  3.48744313  7.28966148
-1.00893792  2.06958286  3.48744313  7.28966148
-1.00893792  1.69669446  3.48744313  7.28966148
-1.00893792  2.06686853  3.48744313  7.28966148
-1.00893792  1.7312029   3.48744313  7.28966148
-1.00893792  1.99019013  3.48744313  7.28966148
-1.00893792  1.79006336  3.48744313  7.28966148
-1.00893792  2.02408361  3.48744313  7.28966148
-1.00893792  1.72792141  3.48744313  7.28966148
-1.00893792  2.05158302  3.48744313  7.28966148
-1.00893792  1.6958927   3.48744313  7.28966148
-1.00893792  2.01753313  3.48744313  7.28966148
-1.00893792  1.71225628  3.48744313  7.28966148
-1.00893792  2.07513164  3.48744313  7.28966148
-1.00893792  1.67976051  3.48744313  7.28966148
-1.00893792  2.06709062  3.48744313  7.28966148
-1.00893792  1.70933963  3.48744313  7.28966148
-1.00893792  2.054336    3.48744313  7.28966148
-1.00893792  1.73401395  3.48744313  7.28966148
-1.00893792  2.04355021  3.48744313  7.28966148
-1.00893792  1.7194145   3.48744313  7.28966148
-1.00893792  2.06945943  3.48744313  7.28966148
-1.00893792  1.71332696  3.48744313  7.28966148
-1.00893792  2.00487016  3.48744313  7.28966148
-1.00893792  1.7960331   3.48744313  7.28966148
-1.00893792  1.99450692  3.48744313  7.28966148
-1.00893792  1.81169357  3.48744313  7.28966148
-1.00893792  2.01429336  3.48744313  7.28966148
-1.00893792  1.75607962  3.48744313  7.28966148
-1.00893792  2.06191245  3.48744313  7.28966148
-1.00893792  1.72037887  3.48744313  7.28966148
-1.00893792  2.0986399   3.48744313  7.28966148
-1.00893792  1.67036484  3.48744313  7.28966148
-1.00893792  2.11293749  3.48744313  7.28966148
-1.00893792  1.67576165  3.48744313  7.28966148
-1.00893792  2.08215774  3.48744313  7.28966148
-1.00893792  1.7276147   3.48744313  7.28966148
-1.00893792  2.02612636  3.48744313  7.28966148
-1.00893792  1.7422636   3.48744313  7.28966148
-1.00893792  1.97512487  3.48744313  7.28966148
-1.00893792  1.83283918  3.48744313  7.28966148
-1.00893792  1.97182121  3.48744313  7.28966148
-1.00893792  1.78949289  3.48744313  7.28966148
-1.00893792  2.00488928  3.48744313  7.28966148
-1.00893792  1.76698601  3.48744313  7.28966148
-1.00893792  2.03617278  3.48744313  7.28966148
-1.00893792  1.7764505   3.48744313  7.28966148
-1.00893792  2.00635273  3.48744313  7.28966148
-1.00893792  1.78425152  3.48744313  7.28966148
-1.00893792  2.08212791  3.48744313  7.28966148
-1.00893792  1.69468941  3.48744313  7.28966148
-1.00893792  2.07239181  3.48744313  7.28966148
-1.00893792  1.71429036  3.48744313  7.28966148
-1.00893792  2.11376351  3.48744313  7.28966148
-1.00893792  1.68024315  3.48744313  7.28966148
-1.00893792  2.04894969  3.48744313  7.28966148
-1.00893792  1.72688602  3.48744313  7.28966148
-1.00893792  2.05580895  3.48744313  7.28966148
