10 500000 0.95 gpomdp sample_bernstein 30000000

1 4000 [-0.89869951  2.09873833  3.48744313  7.25175622] 0.01 188.3345
2 4000 [-0.89869951  1.6672345   3.48744313  7.25175622] 0.01 193.0495
3 4000 [-0.89869951  1.91633517  3.48744313  7.25175622] 0.01 195.0515
4 4000 [-0.89869951  1.65531876  3.48744313  7.25175622] 0.01 193.1035
5 4000 [-0.89869951  1.9470746   3.48744313  7.25175622] 0.01 193.8655
6 4000 [-0.89869951  1.61797861  3.48744313  7.25175622] 0.01 191.3375
7 4000 [-0.89869951  2.01312538  3.48744313  7.25175622] 0.01 191.09975
8 4000 [-0.89869951  1.5726151   3.48744313  7.25175622] 0.01 189.61
9 4000 [-0.89869951  1.97965669  3.48744313  7.25175622] 0.01 192.4065
10 4000 [-0.89869951  1.5589247   3.48744313  7.25175622] 0.01 189.218
11 4000 [-0.89869951  1.93093331  3.48744313  7.25175622] 0.01 194.438
12 4000 [-1.16517174  1.93093331  3.48744313  7.25175622] 0.01 194.7225
13 4000 [-1.00016146  1.93093331  3.48744313  7.25175622] 0.01 196.119
14 4000 [-1.00016146  1.83295682  3.48744313  7.25175622] 0.01 195.74
15 4000 [-1.00016146  1.93891121  3.48744313  7.25175622] 0.01 196.005
16 4000 [-1.00016146  1.87960735  3.48744313  7.25175622] 0.01 195.84925
17 4000 [-0.93217898  1.87960735  3.48744313  7.25175622] 0.01 195.68675
18 4000 [-1.00893792  1.87960735  3.48744313  7.25175622] 0.01 196.069
19 4000 [-1.00893792  1.87960735  3.48744313  7.28966148] 0.01 196.04125
20 4000 [-1.00893792  1.97441053  3.48744313  7.28966148] 0.01 195.66725
21 4000 [-1.00893792  1.83202629  3.48744313  7.28966148] 0.01 195.49775
22 4000 [-1.00893792  2.04737861  3.48744313  7.28966148] 0.01 193.93375
23 4000 [-1.00893792  1.75607937  3.48744313  7.28966148] 0.01 194.358
24 4000 [-1.00893792  2.05711945  3.48744313  7.28966148] 0.01 193.628
25 4000 [-1.00893792  1.72319992  3.48744313  7.28966148] 0.01 192.9155
26 4000 [-1.00893792  2.06656759  3.48744313  7.28966148] 0.01 193.33375
27 4000 [-1.00893792  1.72680092  3.48744313  7.28966148] 0.01 193.16475
28 4000 [-1.00893792  2.03097108  3.48744313  7.28966148] 0.01 194.3745
29 4000 [-1.00893792  1.74115331  3.48744313  7.28966148] 0.01 193.78175
30 4000 [-1.00893792  2.0263605   3.48744313  7.28966148] 0.01 194.83475
31 4000 [-1.00893792  1.77499321  3.48744313  7.28966148] 0.01 194.70875
32 4000 [-1.00893792  2.04004067  3.48744313  7.28966148] 0.01 193.81475
33 4000 [-1.00893792  1.69486898  3.48744313  7.28966148] 0.01 192.11625
34 4000 [-1.00893792  2.01042126  3.48744313  7.28966148] 0.01 194.692
35 4000 [-1.00893792  1.73105243  3.48744313  7.28966148] 0.01 192.86975
36 4000 [-1.00893792  2.04625884  3.48744313  7.28966148] 0.01 193.975
37 4000 [-1.00893792  1.72160571  3.48744313  7.28966148] 0.01 193.2935
38 4000 [-1.00893792  2.06100063  3.48744313  7.28966148] 0.01 193.16725
39 4000 [-1.00893792  1.69204499  3.48744313  7.28966148] 0.01 191.82
40 4000 [-1.00893792  2.04251857  3.48744313  7.28966148] 0.01 193.816
41 4000 [-1.00893792  1.6945505   3.48744313  7.28966148] 0.01 191.5055
42 4000 [-1.00893792  2.11964503  3.48744313  7.28966148] 0.01 191.2385
43 4000 [-1.00893792  1.66800709  3.48744313  7.28966148] 0.01 190.58375
44 4000 [-1.00893792  2.00296978  3.48744313  7.28966148] 0.01 194.98025
45 4000 [-1.00893792  1.78394003  3.48744313  7.28966148] 0.01 194.86725
46 4000 [-1.00893792  2.02732646  3.48744313  7.28966148] 0.01 194.705
47 4000 [-1.00893792  1.74336368  3.48744313  7.28966148] 0.01 193.86625
48 4000 [-1.00893792  2.01948796  3.48744313  7.28966148] 0.01 194.42825
49 4000 [-1.00893792  1.76627575  3.48744313  7.28966148] 0.01 194.072
50 4000 [-1.00893792  2.06668796  3.48744313  7.28966148] 0.01 193.47875
51 4000 [-1.00893792  1.72676673  3.48744313  7.28966148] 0.01 192.834
52 4000 [-1.00893792  2.06080876  3.48744313  7.28966148] 0.01 193.306
53 4000 [-1.00893792  1.72062952  3.48744313  7.28966148] 0.01 193.0055
54 4000 [-1.00893792  2.05838568  3.48744313  7.28966148] 0.01 193.993
55 4000 [-1.00893792  1.74013714  3.48744313  7.28966148] 0.01 193.601
56 4000 [-1.00893792  2.02940515  3.48744313  7.28966148] 0.01 194.41725
57 4000 [-1.00893792  1.72130932  3.48744313  7.28966148] 0.01 192.96425
58 4000 [-1.00893792  2.06396429  3.48744313  7.28966148] 0.01 193.06125
59 4000 [-1.00893792  1.70508736  3.48744313  7.28966148] 0.01 192.20525
60 4000 [-1.00893792  2.03537674  3.48744313  7.28966148] 0.01 194.25975
61 4000 [-1.00893792  1.73298831  3.48744313  7.28966148] 0.01 193.3995
62 4000 [-1.00893792  2.04052779  3.48744313  7.28966148] 0.01 193.99325
63 4000 [-1.00893792  1.73103264  3.48744313  7.28966148] 0.01 193.28575
64 4000 [-1.00893792  2.11566786  3.48744313  7.28966148] 0.01 191.086
65 4000 [-1.00893792  1.71828386  3.48744313  7.28966148] 0.01 192.43075
66 4000 [-1.00893792  2.0684608   3.48744313  7.28966148] 0.01 193.1995
67 4000 [-1.00893792  1.71607287  3.48744313  7.28966148] 0.01 192.539
68 4000 [-1.00893792  2.04216922  3.48744313  7.28966148] 0.01 193.5975
69 4000 [-1.00893792  1.71579588  3.48744313  7.28966148] 0.01 192.8235
70 4000 [-1.00893792  2.0409609   3.48744313  7.28966148] 0.01 193.86225
71 4000 [-1.00893792  1.72493949  3.48744313  7.28966148] 0.01 193.07325
72 4000 [-1.00893792  2.0715374   3.48744313  7.28966148] 0.01 193.13725
73 4000 [-1.00893792  1.6977655   3.48744313  7.28966148] 0.01 192.368
74 4000 [-1.00893792  2.02415458  3.48744313  7.28966148] 0.01 194.828
75 4000 [-1.00893792  1.73726024  3.48744313  7.28966148] 0.01 193.51325
76 4000 [-1.00893792  2.03507121  3.48744313  7.28966148] 0.01 194.1355
77 4000 [-1.00893792  1.80394276  3.48744313  7.28966148] 0.01 194.797
78 4000 [-1.00893792  2.02617704  3.48744313  7.28966148] 0.01 194.71675
79 4000 [-1.00893792  1.76136211  3.48744313  7.28966148] 0.01 194.086
80 4000 [-1.00893792  2.04889232  3.48744313  7.28966148] 0.01 193.9725
81 4000 [-1.00893792  1.75730418  3.48744313  7.28966148] 0.01 194.19325
82 4000 [-1.00893792  2.01506394  3.48744313  7.28966148] 0.01 195.0315
83 4000 [-1.00893792  1.77509776  3.48744313  7.28966148] 0.01 194.61625
84 4000 [-1.00893792  1.99827263  3.48744313  7.28966148] 0.01 195.1785
85 4000 [-1.00893792  1.80312473  3.48744313  7.28966148] 0.01 194.949
86 4000 [-1.00893792  2.0221849   3.48744313  7.28966148] 0.01 194.73875
87 4000 [-1.00893792  1.79735318  3.48744313  7.28966148] 0.01 194.61175
88 4000 [-1.00893792  2.05273723  3.48744313  7.28966148] 0.01 193.6275
89 4000 [-1.00893792  1.66985845  3.48744313  7.28966148] 0.01 191.49075
90 4000 [-1.00893792  2.02712706  3.48744313  7.28966148] 0.01 194.3245
91 4000 [-1.00893792  1.71827347  3.48744313  7.28966148] 0.01 192.98075
92 4000 [-1.00893792  2.05790465  3.48744313  7.28966148] 0.01 193.566
93 4000 [-1.00893792  1.69698811  3.48744313  7.28966148] 0.01 192.83925
94 4000 [-1.00893792  2.05051002  3.48744313  7.28966148] 0.01 193.796
95 4000 [-1.00893792  1.68325668  3.48744313  7.28966148] 0.01 191.04425
96 4000 [-1.00893792  2.03673302  3.48744313  7.28966148] 0.01 194.4065
97 4000 [-1.00893792  1.75684621  3.48744313  7.28966148] 0.01 194.1055
98 4000 [-1.00893792  2.04125213  3.48744313  7.28966148] 0.01 194.404
99 4000 [-1.00893792  1.72917356  3.48744313  7.28966148] 0.01 193.144
100 4000 [-1.00893792  2.04947406  3.48744313  7.28966148] 0.01 193.8215
101 4000 [-1.00893792  1.72353484  3.48744313  7.28966148] 0.01 193.00475
102 4000 [-1.00893792  2.04971085  3.48744313  7.28966148] 0.01 193.508
103 4000 [-1.00893792  1.70884736  3.48744313  7.28966148] 0.01 192.759
104 4000 [-1.00893792  2.04934946  3.48744313  7.28966148] 0.01 193.72275
105 4000 [-1.00893792  1.69436894  3.48744313  7.28966148] 0.01 192.2405
106 4000 [-1.00893792  1.9852796   3.48744313  7.28966148] 0.01 195.62575
107 4000 [-1.00893792  1.83659108  3.48744313  7.28966148] 0.01 195.71875
108 4000 [-1.00893792  1.97053773  3.48744313  7.28966148] 0.01 195.8775
109 4000 [-1.00893792  1.84317714  3.48744313  7.28966148] 0.01 195.69275
110 4000 [-1.00893792  2.01431946  3.48744313  7.28966148] 0.01 194.85275
111 4000 [-1.00893792  1.71426873  3.48744313  7.28966148] 0.01 192.588
112 4000 [-1.00893792  2.06958286  3.48744313  7.28966148] 0.01 192.78275
113 4000 [-1.00893792  1.69669446  3.48744313  7.28966148] 0.01 192.27525
114 4000 [-1.00893792  2.06686853  3.48744313  7.28966148] 0.01 193.49825
115 4000 [-1.00893792  1.7312029   3.48744313  7.28966148] 0.01 193.43725
116 4000 [-1.00893792  1.99019013  3.48744313  7.28966148] 0.01 195.338
117 4000 [-1.00893792  1.79006336  3.48744313  7.28966148] 0.01 194.778
118 4000 [-1.00893792  2.02408361  3.48744313  7.28966148] 0.01 194.49125
119 4000 [-1.00893792  1.72792141  3.48744313  7.28966148] 0.01 192.872
120 4000 [-1.00893792  2.05158302  3.48744313  7.28966148] 0.01 193.78275
121 4000 [-1.00893792  1.6958927   3.48744313  7.28966148] 0.01 191.624
122 4000 [-1.00893792  2.01753313  3.48744313  7.28966148] 0.01 194.7095
123 4000 [-1.00893792  1.71225628  3.48744313  7.28966148] 0.01 193.18725
124 4000 [-1.00893792  2.07513164  3.48744313  7.28966148] 0.01 192.9095
125 4000 [-1.00893792  1.67976051  3.48744313  7.28966148] 0.01 191.1555
126 4000 [-1.00893792  2.06709062  3.48744313  7.28966148] 0.01 193.073
127 4000 [-1.00893792  1.70933963  3.48744313  7.28966148] 0.01 192.4955
128 4000 [-1.00893792  2.054336    3.48744313  7.28966148] 0.01 194.08825
129 4000 [-1.00893792  1.73401395  3.48744313  7.28966148] 0.01 193.98325
130 4000 [-1.00893792  2.04355021  3.48744313  7.28966148] 0.01 194.042
131 4000 [-1.00893792  1.7194145   3.48744313  7.28966148] 0.01 192.96125
132 4000 [-1.00893792  2.06945943  3.48744313  7.28966148] 0.01 193.35625
133 4000 [-1.00893792  1.71332696  3.48744313  7.28966148] 0.01 192.508
134 4000 [-1.00893792  2.00487016  3.48744313  7.28966148] 0.01 195.07075
135 4000 [-1.00893792  1.7960331   3.48744313  7.28966148] 0.01 195.067
136 4000 [-1.00893792  1.99450692  3.48744313  7.28966148] 0.01 195.24825
137 4000 [-1.00893792  1.81169357  3.48744313  7.28966148] 0.01 194.84575
138 4000 [-1.00893792  2.01429336  3.48744313  7.28966148] 0.01 194.785
139 4000 [-1.00893792  1.75607962  3.48744313  7.28966148] 0.01 193.55
140 4000 [-1.00893792  2.06191245  3.48744313  7.28966148] 0.01 193.33475
141 4000 [-1.00893792  1.72037887  3.48744313  7.28966148] 0.01 192.50675
142 4000 [-1.00893792  2.0986399   3.48744313  7.28966148] 0.01 191.98475
143 4000 [-1.00893792  1.67036484  3.48744313  7.28966148] 0.01 190.65825
144 4000 [-1.00893792  2.11293749  3.48744313  7.28966148] 0.01 191.7315
145 4000 [-1.00893792  1.67576165  3.48744313  7.28966148] 0.01 191.448
146 4000 [-1.00893792  2.08215774  3.48744313  7.28966148] 0.01 193.08475
147 4000 [-1.00893792  1.7276147   3.48744313  7.28966148] 0.01 192.87675
148 4000 [-1.00893792  2.02612636  3.48744313  7.28966148] 0.01 194.41725
149 4000 [-1.00893792  1.7422636   3.48744313  7.28966148] 0.01 194.126
150 4000 [-1.00893792  1.97512487  3.48744313  7.28966148] 0.01 195.807
151 4000 [-1.00893792  1.83283918  3.48744313  7.28966148] 0.01 195.5135
152 4000 [-1.00893792  1.97182121  3.48744313  7.28966148] 0.01 195.8065
153 4000 [-1.00893792  1.78949289  3.48744313  7.28966148] 0.01 194.566
154 4000 [-1.00893792  2.00488928  3.48744313  7.28966148] 0.01 195.2415
155 4000 [-1.00893792  1.76698601  3.48744313  7.28966148] 0.01 194.30375
156 4000 [-1.00893792  2.03617278  3.48744313  7.28966148] 0.01 194.09
157 4000 [-1.00893792  1.7764505   3.48744313  7.28966148] 0.01 194.804
158 4000 [-1.00893792  2.00635273  3.48744313  7.28966148] 0.01 195.29725
159 4000 [-1.00893792  1.78425152  3.48744313  7.28966148] 0.01 194.376
160 4000 [-1.00893792  2.08212791  3.48744313  7.28966148] 0.01 192.40775
161 4000 [-1.00893792  1.69468941  3.48744313  7.28966148] 0.01 191.8995
162 4000 [-1.00893792  2.07239181  3.48744313  7.28966148] 0.01 192.68425
163 4000 [-1.00893792  1.71429036  3.48744313  7.28966148] 0.01 192.4975
164 4000 [-1.00893792  2.11376351  3.48744313  7.28966148] 0.01 191.1765
165 4000 [-1.00893792  1.68024315  3.48744313  7.28966148] 0.01 191.7685
166 4000 [-1.00893792  2.04894969  3.48744313  7.28966148] 0.01 193.9625
167 4000 [-1.00893792  1.72688602  3.48744313  7.28966148] 0.01 192.979
168 4000 [-1.00893792  2.05580895  3.48744313  7.28966148] 0.01 193.3945
