10 500000 0.95 gpomdp sample_bernstein 30000000

1 1000 [-0.89869951  2.09873833  3.48744313  7.25175622]   8.14196095e-06 187.538
2 2609 [-0.89869951  2.09837949  3.48744313  7.25175622]   2.14438103e-05 187.417018015
3 2348 [-0.89869951  2.09734076  3.48744313  7.25175622]   1.76308766e-05 187.612436116
4 2334 [-0.89869951  2.09645826  3.48744313  7.25175622]   2.12293541e-05 187.522707798
5 2143 [-0.89869951  2.09532947  3.48744313  7.25175622]   2.03270178e-05 187.108726085
6 2413 [-0.89869951  2.09434069  3.48744313  7.25175622]   2.22177531e-05 188.565271446
7 2616 [-0.89869951  2.09317933  3.48744313  7.25175622]   2.24236099e-05 187.172018349
8 2196 [-0.89869951  2.09202744  3.48744313  7.25175622]   2.30432733e-05 187.627504554
9 1842 [-0.89869951  2.09077576  3.48744313  7.25175622]   1.46731885e-05 189.661237785
10 2826 [-0.89869951  2.09016744  3.48744313  7.25175622]   2.39247924e-05 188.251592357
11 2298 [-0.89869951  2.08902307  3.48744313  7.25175622]   2.16016574e-05 188.400348129
12 2299 [-0.89869951  2.08797443  3.48744313  7.25175622]   1.68895128e-05 187.869943454
13 3627 [-0.89869951  2.0872041   3.48744313  7.25175622]   2.46574140e-05 187.893851668
14 2426 [-0.89869951  2.08600703  3.48744313  7.25175622]   2.28999785e-05 187.669414674
15 2347 [-0.89869951  2.08484585  3.48744313  7.25175622]   2.06283174e-05 187.701320835
16 2685 [-0.89869951  2.08377017  3.48744313  7.25175622]   2.35197297e-05 188.297206704
17 2481 [-0.89869951  2.08262536  3.48744313  7.25175622]   2.11685263e-05 187.864973801
18 2497 [-0.89869951  2.08154673  3.48744313  7.25175622]   1.96368893e-05 188.622747297
19 2503 [-0.89869951  2.08057871  3.48744313  7.25175622]   2.11517041e-05 188.227726728
20 2509 [-0.89869951  2.07958024  3.48744313  7.25175622]   2.45706070e-05 188.013551216
21 2209 [-0.89869951  2.07830761  3.48744313  7.25175622]   1.72844277e-05 188.373924853
22 2501 [-0.89869951  2.07752488  3.48744313  7.25175622]   2.56464353e-05 188.868852459
23 1948 [-0.89869951  2.07621981  3.48744313  7.25175622]   1.73286225e-05 189.157597536
24 2711 [-0.89869951  2.07544326  3.48744313  7.25175622]   2.22029687e-05 189.282921431
25 2409 [-0.89869951  2.07440286  3.48744313  7.25175622]   2.23364229e-05 188.402241594
26 2244 [-0.89869951  2.07324966  3.48744313  7.25175622]   1.44219369e-05 188.172905526
27 3210 [-0.89869951  2.07262809  3.48744313  7.25175622]   2.31059535e-05 188.573208723
28 2893 [-0.89869951  2.07147376  3.48744313  7.25175622]   2.49310947e-05 188.783961286
29 2626 [-0.89869951  2.07025709  3.48744313  7.25175622]   2.55463533e-05 189.070449353
30 2123 [-0.89869951  2.06897728  3.48744313  7.25175622]   1.76369214e-05 188.21761658
31 2726 [-0.89869951  2.06817451  3.48744313  7.25175622]   2.21632934e-05 188.739178283
32 2361 [-0.89869951  2.06705636  3.48744313  7.25175622]   2.35795232e-05 188.299449386
33 2014 [-0.89869951  2.0657306   3.48744313  7.25175622]   2.00782938e-05 189.633565045
34 2439 [-0.89869951  2.06484172  3.48744313  7.25175622]   2.19395728e-05 189.43296433
35 2177 [-0.89869951  2.06375535  3.48744313  7.25175622]   1.52303007e-05 189.587046394
36 3202 [-0.89869951  2.0630759   3.48744313  7.25175622]   2.15476902e-05 189.478763273
37 2834 [-0.89869951  2.06208379  3.48744313  7.25175622]   2.49908297e-05 189.380733945
38 2054 [-0.89869951  2.06075195  3.48744313  7.25175622]   2.03525358e-05 189.541382668
39 2236 [-0.89869951  2.05981076  3.48744313  7.25175622]   1.59703653e-05 188.728085868
40 3517 [-0.89869951  2.05907897  3.48744313  7.25175622]   2.48940535e-05 189.38982087
41 2480 [-0.89869951  2.05791528  3.48744313  7.25175622]   1.77483274e-05 188.998790323
42 3476 [-0.89869951  2.05711331  3.48744313  7.25175622]   2.57758980e-05 189.592059839
43 2458 [-0.89869951  2.05596779  3.48744313  7.25175622]   2.12314379e-05 190.129780309
44 2613 [-0.89869951  2.0550394   3.48744313  7.25175622]   1.89341362e-05 188.806735553
45 2977 [-0.89869951  2.05410102  3.48744313  7.25175622]   2.26916688e-05 189.449445751
46 2835 [-0.89869951  2.05306934  3.48744313  7.25175622]   2.22877720e-05 188.729453263
47 2606 [-0.89869951  2.05208505  3.48744313  7.25175622]   2.38673070e-05 189.769762087
48 2028 [-0.89869951  2.05082739  3.48744313  7.25175622]   2.09712048e-05 190.114891519
49 2125 [-0.89869951  2.04977865  3.48744313  7.25175622]   2.01698215e-05 189.756235294
50 2621 [-0.89869951  2.04885183  3.48744313  7.25175622]   2.01229023e-05 189.892025944
51 2763 [-0.89869951  2.04790476  3.48744313  7.25175622]   1.98816262e-05 189.436482085
52 2825 [-0.89869951  2.04703041  3.48744313  7.25175622]   2.23204153e-05 190.435044248
53 2711 [-0.89869951  2.04603285  3.48744313  7.25175622]   1.77841108e-05 190.009590557
54 3667 [-0.89869951  2.04526773  3.48744313  7.25175622]   2.16726778e-05 189.6263976
55 3412 [-0.89869951  2.0443271   3.48744313  7.25175622]   2.62033299e-05 189.847596717
56 2400 [-0.89869951  2.04302854  3.48744313  7.25175622]   2.13706728e-05 189.984583333
57 2085 [-0.89869951  2.04188977  3.48744313  7.25175622]   1.71136581e-05 190.594724221
58 2681 [-0.89869951  2.04112755  3.48744313  7.25175622]   2.23776536e-05 189.798955614
59 2599 [-0.89869951  2.04002794  3.48744313  7.25175622]   1.95931568e-05 190.229318969
60 2769 [-0.89957945  2.04002794  3.48744313  7.25175622]   2.16758497e-05 190.239075479
61 2442 [-0.89957945  2.03892727  3.48744313  7.25175622]   1.96765377e-05 190.688779689
62 2563 [-0.89957945  2.03809542  3.48744313  7.25175622]   1.91238303e-05 190.944986344
63 3235 [-0.89957945  2.03726281  3.48744313  7.25175622]   1.99371060e-05 190.75301391
64 3597 [-0.89957945  2.03643559  3.48744313  7.25175622]   2.63502541e-05 190.404503753
65 2776 [-0.89957945  2.03521916  3.48744313  7.25175622]   2.32080515e-05 189.777377522
66 2446 [-0.89957945  2.03402447  3.48744313  7.25175622]   2.21932838e-05 190.525756337
67 2470 [-0.89957945  2.03295585  3.48744313  7.25175622]   2.08997009e-05 191.295951417
68 2603 [-0.89957945  2.03194558  3.48744313  7.25175622]   2.13804343e-05 190.939684979
69 2592 [-0.89957945  2.03092981  3.48744313  7.25175622]   1.92012589e-05 191.521219136
70 3025 [-0.89957945  2.03015613  3.48744313  7.25175622]   1.80274162e-05 190.490247934
71 4264 [-0.89957945  2.02942338  3.48744313  7.25175622]   2.28020580e-05 191.465525328
72 3376 [-0.89957945  2.02845761  3.48744313  7.25175622]   2.28791353e-05 190.60278436
73 3307 [-0.89957945  2.02749972  3.48744313  7.25175622]   2.26717414e-05 190.800423344
74 2614 [-0.89957945  2.02642104  3.48744313  7.25175622]   1.78686302e-05 191.050879878
75 3449 [-0.89957945  2.02574115  3.48744313  7.25175622]   2.19064290e-05 191.164105538
76 3365 [-0.89957945  2.02484711  3.48744313  7.25175622]   1.99455950e-05 191.051708767
77 3923 [-0.89957945  2.02403529  3.48744313  7.25175622]   2.70276231e-05 190.969666072
78 2573 [-0.89957945  2.02286139  3.48744313  7.25175622]   1.93758798e-05 191.376991838
79 3147 [-0.89957945  2.02212999  3.48744313  7.25175622]   2.03410292e-05 191.042262472
80 3565 [-0.89957945  2.02128966  3.48744313  7.25175622]   2.41295172e-05 191.514446003
81 2789 [-0.89957945  2.02031429  3.48744313  7.25175622]   2.08641489e-05 191.770527071
82 3400 [-0.89957945  2.01948033  3.48744313  7.25175622]   2.00918559e-05 191.532941176
83 3453 [-0.89957945  2.01868204  3.48744313  7.25175622]   2.03560619e-05 191.847089487
84 3822 [-0.89957945  2.0178305   3.48744313  7.25175622]   2.48565273e-05 191.631344846
85 3011 [-0.89957945  2.0168111   3.48744313  7.25175622]   1.95438310e-05 191.291929591
86 2955 [-0.89957945  2.01596754  3.48744313  7.25175622]   1.87878981e-05 191.762774958
87 3039 [-0.89957945  2.01521782  3.48744313  7.25175622]   2.44030393e-05 191.839749918
88 2578 [-0.89957945  2.01409005  3.48744313  7.25175622]   2.02783181e-05 191.594259116
89 2922 [-0.90043616  2.01409005  3.48744313  7.25175622]   2.20031397e-05 191.322039699
90 2787 [-0.90043616  2.0131706   3.48744313  7.25175622]   1.92154604e-05 191.035880875
91 3326 [-0.90043616  2.0124297   3.48744313  7.25175622]   1.94162454e-05 191.944377631
92 3914 [-0.90043616  2.01166261  3.48744313  7.25175622]   2.70548263e-05 191.343893715
93 3082 [-0.90043616  2.01038625  3.48744313  7.25175622]   2.77595277e-05 191.814081765
94 2246 [-0.90043616  2.00897493  3.48744313  7.25175622]   1.47295757e-05 192.452359751
95 4015 [-0.90043616  2.00846747  3.48744313  7.25175622]   2.34778695e-05 191.862266501
96 3470 [-0.90043616  2.00750208  3.48744313  7.25175622]   1.78686491e-05 191.809798271
97 4143 [-0.90043616  2.00684787  3.48744313  7.25175622]   2.39792171e-05 191.723388849
98 3401 [-0.90043616  2.00589996  3.48744313  7.25175622]   2.28401466e-05 191.515730667
99 3195 [-0.90043616  2.00495856  3.48744313  7.25175622]   1.95772666e-05 192.381846635
100 3822 [-0.90043616  2.00421624  3.48744313  7.25175622]   2.42187723e-05 191.675824176
101 2794 [-0.90043616  2.00314658  3.48744313  7.25175622]   2.16864038e-05 191.285612026
102 2994 [-0.90043616  2.00219347  3.48744313  7.25175622]   2.06937329e-05 191.918503674
103 3112 [-0.90043616  2.00131859  3.48744313  7.25175622]   1.96175833e-05 192.140102828
104 3177 [-0.90043616  2.00051926  3.48744313  7.25175622]   2.14466418e-05 192.497954045
105 3035 [-0.90043616  1.9996732   3.48744313  7.25175622]   1.26509726e-05 191.402965404
106 5151 [-0.90043616  1.99921047  3.48744313  7.25175622]   2.61526483e-05 192.442632499
107 3779 [-0.90043616  1.99815625  3.48744313  7.25175622]   2.05607598e-05 192.367292935
108 4131 [-0.90043616  1.99739063  3.48744313  7.25175622]   2.04014537e-05 192.355361898
109 3978 [-0.90043616  1.99659583  3.48744313  7.25175622]   2.23129787e-05 192.049773756
110 3969 [-0.90043616  1.99573892  3.48744313  7.25175622]   2.07299005e-05 191.485260771
111 3655 [-0.90043616  1.99481563  3.48744313  7.25175622]   2.30662623e-05 191.886183311
112 2987 [-0.90043616  1.9938081   3.48744313  7.25175622]   2.05107931e-05 192.931369267
113 3154 [-0.90043616  1.99296791  3.48744313  7.25175622]   1.79249961e-05 192.841471148
114 3829 [-0.90043616  1.99233586  3.48744313  7.25175622]   2.34306734e-05 192.78323322
115 3894 [-0.90043616  1.99144428  3.48744313  7.25175622]   1.91751004e-05 192.043143297
116 4377 [-0.90043616  1.99070095  3.48744313  7.25175622]   2.41786963e-05 192.126799178
117 3261 [-0.90043616  1.98970111  3.48744313  7.25175622]   2.13032428e-05 192.210671573
118 3448 [-0.90043616  1.98889543  3.48744313  7.25175622]   1.63063126e-05 192.479988399
119 4514 [-0.90043616  1.98831524  3.48744313  7.25175622]   2.46708924e-05 192.332299513
120 3575 [-0.90043616  1.98729531  3.48744313  7.25175622]   1.99935559e-05 192.386573427
121 3896 [-0.90043616  1.98659249  3.48744313  7.25175622]   2.28508281e-05 192.704312115
122 3960 [-0.90043616  1.98570036  3.48744313  7.25175622]   2.02058461e-05 192.84469697
123 4696 [-0.90043616  1.98490436  3.48744313  7.25175622]   2.09434107e-05 192.513202726
124 4549 [-0.90043616  1.98422764  3.48744313  7.25175622]   2.20722468e-05 192.672235656
125 4239 [-0.90043616  1.98347942  3.48744313  7.25175622]   2.47168497e-05 192.951639538
126 3440 [-0.90043616  1.9824305   3.48744313  7.25175622]   1.92987628e-05 193.079069767
127 3936 [-0.90043616  1.98175577  3.48744313  7.25175622]   2.33908225e-05 193.016514228
128 3931 [-0.90043616  1.98090707  3.48744313  7.25175622]   2.03722660e-05 193.176036632
129 4530 [-0.90043616  1.98017276  3.48744313  7.25175622]   1.94929274e-05 192.846578366
130 4493 [-0.90043616  1.97948698  3.48744313  7.25175622]   2.11273735e-05 193.16692633
131 4406 [-0.90043616  1.97873399  3.48744313  7.25175622]   2.04863785e-05 192.751929187
132 3601 [-0.90043616  1.97799984  3.48744313  7.25175622]   2.34642195e-05 192.679255762
133 3132 [-0.90043616  1.9770313   3.48744313  7.25175622]   1.84405675e-05 193.18550447
134 4059 [-0.90043616  1.97637133  3.48744313  7.25175622]   2.41378168e-05 192.636363636
135 3604 [-0.90043616  1.9753797   3.48744313  7.25175622]   2.08378260e-05 193.030521643
136 3985 [-0.90043616  1.97459896  3.48744313  7.25175622]   2.24813128e-05 193.068005019
137 4039 [-0.90043616  1.97375867  3.48744313  7.25175622]   2.22308979e-05 193.152760584
138 3884 [-0.90043616  1.97291117  3.48744313  7.25175622]   2.31074761e-05 192.406282183
139 3549 [-0.90043616  1.97197862  3.48744313  7.25175622]   1.81326489e-05 193.1386306
140 3722 [-0.90043616  1.97126572  3.48744313  7.25175622]   1.86962757e-05 193.472326706
141 4423 [-0.90043616  1.97057135  3.48744313  7.25175622]   1.60466144e-05 193.296405155
142 5538 [-0.90043616  1.97005613  3.48744313  7.25175622]   2.49788688e-05 193.471469845
143 4277 [-0.90043616  1.9691798   3.48744313  7.25175622]   2.21721471e-05 193.129530044
144 4290 [-0.90043616  1.96835621  3.48744313  7.25175622]   2.73993563e-05 192.675291375
145 3056 [-0.90043616  1.96723581  3.48744313  7.25175622]   1.38092171e-05 193.108311518
146 4938 [-0.90043616  1.96682003  3.48744313  7.25175622]   2.24337235e-05 193.615836371
147 4425 [-0.90043616  1.96605312  3.48744313  7.25175622]   2.01376066e-05 193.271864407
148 4557 [-0.90043616  1.96536565  3.48744313  7.25175622]   1.97621655e-05 193.489795918
149 5249 [-0.90043616  1.96463701  3.48744313  7.25175622]   2.13543273e-05 193.277195656
150 4533 [-0.90043616  1.96386367  3.48744313  7.25175622]   2.44503737e-05 192.960070593
151 3580 [-0.90043616  1.96291806  3.48744313  7.25175622]   1.69055010e-05 193.543296089
152 5204 [-0.90095784  1.96291806  3.48744313  7.25175622]   2.12098363e-05 193.551114527
153 5306 [-0.90095784  1.96228445  3.48744313  7.25175622]   2.04254787e-05 193.640595552
154 5657 [-0.90095784  1.96167767  3.48744313  7.25175622]   2.17246865e-05 193.714689765
155 4246 [-0.90095784  1.96092163  3.48744313  7.25175622]   2.20489839e-05 193.86104569
156 4522 [-0.90095784  1.96017597  3.48744313  7.25175622]   1.98986808e-05 193.440291906
157 4770 [-0.90095784  1.95950576  3.48744313  7.25175622]   1.94011071e-05 193.78427673
158 5526 [-0.90095784  1.95892157  3.48744313  7.25175622]   1.99508908e-05 193.660152009
159 5341 [-0.90095784  1.95825358  3.48744313  7.25175622]   2.22006962e-05 193.426886351
160 5526 [-0.90095784  1.95752495  3.48744313  7.25175622]   1.94010928e-05 193.572023163
161 5611 [-0.90095784  1.95689749  3.48744313  7.25175622]   2.49007863e-05 193.499554447
162 4019 [-0.90095784  1.95601733  3.48744313  7.25175622]   2.17915076e-05 193.946752924
163 4470 [-0.90095784  1.95539149  3.48744313  7.25175622]   1.67640370e-05 193.598434004
164 5675 [-0.90095784  1.95486335  3.48744313  7.25175622]   2.54284304e-05 193.987665198
165 5063 [-0.90095784  1.95403233  3.48744313  7.25175622]   1.85374463e-05 193.857791823
166 5860 [-0.90095784  1.95346706  3.48744313  7.25175622]   2.29165179e-05 193.752901024
167 4758 [-0.90095784  1.95276502  3.48744313  7.25175622]   1.69528885e-05 194.277847835
168 6739 [-0.90095784  1.95230909  3.48744313  7.25175622]   2.14023010e-05 194.092001781
169 4859 [-0.90095784  1.95159462  3.48744313  7.25175622]   2.45777223e-05 193.661041367
170 4172 [-0.90095784  1.95077299  3.48744313  7.25175622]   1.89728498e-05 194.294822627
171 5380 [-0.90095784  1.95021923  3.48744313  7.25175622]   2.05965023e-05 194.074907063
172 6414 [-0.90095784  1.94955846  3.48744313  7.25175622]   2.65065225e-05 193.768942937
173 5045 [-0.90095784  1.94872044  3.48744313  7.25175622]   2.25197087e-05 194.465411298
174 4359 [-0.90095784  1.94793348  3.48744313  7.25175622]   1.95912148e-05 194.17664602
175 5204 [-0.90095784  1.9473288   3.48744313  7.25175622]   2.29515750e-05 194.178324366
176 4203 [-0.90095784  1.94655027  3.48744313  7.25175622]   1.80158877e-05 194.361884368
177 4963 [-0.90095784  1.94598995  3.48744313  7.25175622]   2.26434493e-05 193.747531735
178 4138 [-0.90095784  1.94521387  3.48744313  7.25175622]   1.60495226e-05 193.98622523
179 5652 [-0.90095784  1.9447462   3.48744313  7.25175622]   2.20468742e-05 194.089525832
180 5086 [-0.90095784  1.94407321  3.48744313  7.25175622]   1.99021715e-05 194.069012977
181 5729 [-0.90095784  1.94348984  3.48744313  7.25175622]   2.60721922e-05 194.193227439
182 5046 [-0.90095784  1.94266969  3.48744313  7.25175622]   1.97645454e-05 194.78319461
183 5756 [-0.90095784  1.9421148   3.48744313  7.25175622]   2.12436934e-05 194.152883947
184 5573 [-0.90095784  1.94153374  3.48744313  7.25175622]   2.10598215e-05 193.866319756
185 4879 [-0.90095784  1.94089882  3.48744313  7.25175622]   1.64654350e-05 194.208444353
186 6564 [-0.90095784  1.94042183  3.48744313  7.25175622]   2.19944844e-05 194.398842169
187 5299 [-0.90095784  1.93980576  3.48744313  7.25175622]   2.16627077e-05 194.513681827
188 5442 [-0.90095784  1.93915271  3.48744313  7.25175622]   2.19000076e-05 193.834252113
189 5145 [-0.90095784  1.93848037  3.48744313  7.25175622]   1.82255659e-05 194.374927114
190 6392 [-0.90095784  1.93796254  3.48744313  7.25175622]   2.00836285e-05 194.668178974
191 6192 [-0.90095784  1.93739906  3.48744313  7.25175622]   2.31878161e-05 194.305555556
192 5973 [-0.90095784  1.9367537   3.48744313  7.25175622]   1.97187449e-05 194.025113009
193 6675 [-0.90095784  1.93623005  3.48744313  7.25175622]   2.29891495e-05 194.584419476
194 5461 [-0.90167265  1.93623005  3.48744313  7.25175622]   2.11783476e-05 194.23255814
195 5258 [-0.90230124  1.93623005  3.48744313  7.25175622]   2.10641076e-05 194.001331305
196 4999 [-0.90230124  1.93553743  3.48744313  7.25175622]   2.24668558e-05 194.888577716
197 5531 [-0.90230124  1.93485666  3.48744313  7.25175622]   2.14741834e-05 194.740553245
198 6111 [-0.90230124  1.93428737  3.48744313  7.25175622]   2.31447258e-05 194.416462117
199 6068 [-0.90230124  1.9335592   3.48744313  7.25175622]   2.13009809e-05 194.138595913
200 5895 [-0.90230124  1.93292589  3.48744313  7.25175622]   2.16155405e-05 194.301272265
201 5812 [-0.90293054  1.93292589  3.48744313  7.25175622]   2.19722444e-05 194.43633861
202 5546 [-0.90293054  1.9322945   3.48744313  7.25175622]   1.69644037e-05 194.695997115
203 7356 [-0.90333002  1.9322945   3.48744313  7.25175622]   2.24730315e-05 194.468733007
204 6591 [-0.90333002  1.93168882  3.48744313  7.25175622]   2.23279067e-05 194.566681839
205 6467 [-0.90393137  1.93168882  3.48744313  7.25175622]   1.97173988e-05 194.868099582
206 6649 [-0.90393137  1.93117693  3.48744313  7.25175622]   2.17339144e-05 194.658896075
207 5892 [-0.90393137  1.93056631  3.48744313  7.25175622]   1.92726130e-05 194.463849287
208 6462 [-0.90393137  1.9300655   3.48744313  7.25175622]   2.01197953e-05 194.756886413
209 7852 [-0.90393137  1.92954609  3.48744313  7.25175622]   2.13023977e-05 194.72427407
210 8346 [-0.90393137  1.92905525  3.48744313  7.25175622]   1.99686217e-05 194.656721783
211 6583 [-0.90393137  1.92853803  3.48744313  7.25175622]   1.99398931e-05 194.375056965
212 6633 [-0.90393137  1.92802497  3.48744313  7.25175622]   1.89790395e-05 194.797376753
213 8647 [-0.90393137  1.92759007  3.48744313  7.25175622]   2.32649589e-05 194.835202961
214 6887 [-0.90393137  1.92702036  3.48744313  7.25175622]   1.80855616e-05 195.008276463
215 8990 [-0.90393137  1.92665892  3.48744313  7.25175622]   2.44831300e-05 194.855839822
216 7992 [-0.90393137  1.92604302  3.48744313  7.25175622]   2.37866290e-05 194.943193193
217 6377 [-0.90393137  1.92540612  3.48744313  7.25175622]   1.51593630e-05 194.328210757
218 8402 [-0.90393137  1.92506459  3.48744313  7.25175622]   2.27669699e-05 194.898357534
219 7603 [-0.90393137  1.9244968   3.48744313  7.25175622]   1.98225193e-05 194.79284493
220 8204 [-0.90393137  1.92402024  3.48744313  7.25175622]   2.24428298e-05 194.802779132
221 7624 [-0.90393137  1.92350368  3.48744313  7.25175622]   2.36952905e-05 194.850734523
222 5691 [-0.90393137  1.92286421  3.48744313  7.25175622]   1.60815845e-05 194.869618696
223 7971 [-0.90393137  1.92252277  3.48744313  7.25175622]   2.03556835e-05 194.792748714
224 7305 [-0.90393137  1.92204873  3.48744313  7.25175622]   1.97486606e-05 194.762628337
225 9209 [-0.90393137  1.92159421  3.48744313  7.25175622]   2.39931916e-05 194.838853296
226 7098 [-0.90393137  1.92098257  3.48744313  7.25175622]   2.34073234e-05 194.828684136
227 6173 [-0.90393137  1.92037295  3.48744313  7.25175622]   1.51852620e-05 194.685080188
228 9425 [-0.90393137  1.92004032  3.48744313  7.25175622]   2.02779889e-05 195.085729443
229 11113 [-0.90393137  1.91963858  3.48744313  7.25175622]   2.31557210e-05 194.64159093
230 8970 [-0.90393137  1.91914461  3.48744313  7.25175622]   2.28437461e-05 195.000111483
231 7074 [-0.90393137  1.91858331  3.48744313  7.25175622]   1.51378945e-05 195.129346904
232 9514 [-0.90393137  1.91825791  3.48744313  7.25175622]   2.20616773e-05 194.832142106
233 7821 [-0.90393137  1.91775994  3.48744313  7.25175622]   2.20011011e-05 194.746963304
234 7235 [-0.90393137  1.91720826  3.48744313  7.25175622]   2.34928562e-05 194.661230131
235 6730 [-0.90393137  1.91657692  3.48744313  7.25175622]   1.97431754e-05 195.009955423
236 8247 [-0.90393137  1.91614508  3.48744313  7.25175622]   1.56637704e-05 194.671880684
237 13067 [-0.90421159  1.91614508  3.48744313  7.25175622]   2.48530802e-05 195.026708502
238 8541 [-0.90421159  1.91559935  3.48744313  7.25175622]   2.02420359e-05 195.132654256
239 7521 [-0.90421159  1.91510581  3.48744313  7.25175622]   1.77069379e-05 195.177635953
240 7177 [-0.90421159  1.91468283  3.48744313  7.25175622]   1.78872046e-05 194.876410757
241 8360 [-0.90421159  1.91429668  3.48744313  7.25175622]   2.27794396e-05 195.068899522
242 8080 [-0.90421159  1.9137868   3.48744313  7.25175622]   2.14129122e-05 194.854950495
243 8384 [-0.90421159  1.91324713  3.48744313  7.25175622]   2.02254759e-05 194.982824427
244 8813 [-0.90421159  1.91280857  3.48744313  7.25175622]   1.80352607e-05 195.149551798
245 10083 [-0.90421159  1.91242109  3.48744313  7.25175622]   1.73643916e-05 195.096895765
246 12224 [-0.90421159  1.91203681  3.48744313  7.25175622]   2.31094245e-05 194.926292539
247 10682 [-0.904697    1.91203681  3.48744313  7.25175622]   1.92747120e-05 195.034637708
248 9337 [-0.904697    1.9116211   3.48744313  7.25175622]   2.16284299e-05 195.096819107
249 8917 [-0.904697    1.91116509  3.48744313  7.25175622]   2.20115425e-05 195.244028261
250 8842 [-0.90518217  1.91116509  3.48744313  7.25175622]   2.12368282e-05 195.239199276
251 8797 [-0.90518217  1.91073303  3.48744313  7.25175622]   1.86961549e-05 195.103671706
