100 100000 0.95 gpomdp sample_bernstein 1000000

-0.5 -0.  -0.  -0.5
-0.5        -0.         -0.         -0.50000001
-0.5        -0.         -0.         -0.50000155
-0.5        -0.         -0.         -0.50000706
-0.50000949 -0.         -0.         -0.50000706
-0.50000949 -0.         -0.         -0.50001417
-0.50000949 -0.         -0.         -0.50002245
-0.50001547 -0.         -0.         -0.50002245
-0.50001547 -0.         -0.         -0.50003073
-0.50001547 -0.         -0.         -0.50003807
-0.50002197 -0.         -0.         -0.50003807
-0.50002197 -0.         -0.         -0.50004655
-0.50003003 -0.         -0.         -0.50004655
-0.50003618 -0.         -0.         -0.50004655
-0.50004448 -0.         -0.         -0.50004655
-0.50005233 -0.         -0.         -0.50004655
-0.50005233 -0.         -0.         -0.50005597
-0.50005233 -0.         -0.         -0.50006117
-0.50005233 -0.         -0.         -0.50006696
-0.50005233 -0.         -0.         -0.50007699
-0.50005885 -0.         -0.         -0.50007699
-0.50005885 -0.         -0.         -0.50008529
-0.50006517 -0.         -0.         -0.50008529
-0.5000729  -0.         -0.         -0.50008529
-0.5000729  -0.         -0.         -0.50009312
-0.5000729  -0.         -0.         -0.50010041
-0.5000729  -0.         -0.         -0.50010827
-0.50007859 -0.         -0.         -0.50010827
-0.50007859 -0.         -0.         -0.50011619
-0.50007859 -0.         -0.         -0.50012288
-0.50007859 -0.         -0.         -0.5001301 
-0.50008714 -0.         -0.         -0.5001301 
-0.50009547 -0.         -0.         -0.5001301 
-0.50010279 -0.         -0.         -0.5001301 
-0.50010279 -0.         -0.         -0.50013629
-0.50011091 -0.         -0.         -0.50013629
-0.50011866 -0.         -0.         -0.50013629
-0.50012646 -0.         -0.         -0.50013629
-0.50012646 -0.         -0.         -0.50014263
-0.50012646 -0.         -0.         -0.50015274
-0.50012646 -0.         -0.         -0.50015937
-0.50013417 -0.         -0.         -0.50015937
-0.50014022 -0.         -0.         -0.50015937
-0.50014803 -0.         -0.         -0.50015937
-0.50014803 -0.         -0.         -0.50016734
-0.50014803 -0.         -0.         -0.50017503
-0.50014803 -0.         -0.         -0.50018399
-0.50015424 -0.         -0.         -0.50018399
-0.50016175 -0.         -0.         -0.50018399
-0.50016804 -0.         -0.         -0.50018399
-0.50016804 -0.         -0.         -0.50019276
-0.50017742 -0.         -0.         -0.50019276
-0.50018481 -0.         -0.         -0.50019276
-0.50019182 -0.         -0.         -0.50019276
-0.50020054 -0.         -0.         -0.50019276
-0.50020872 -0.         -0.         -0.50019276
-0.50020872 -0.         -0.         -0.50020087
-0.50020872 -0.         -0.         -0.50020807
-0.5002168  -0.         -0.         -0.50020807
-0.5002168  -0.         -0.         -0.50021471
-0.50022495 -0.         -0.         -0.50021471
-0.50023233 -0.         -0.         -0.50021471
-0.50023233 -0.         -0.         -0.50022132
-0.50024138 -0.         -0.         -0.50022132
-0.50024799 -0.         -0.         -0.50022132
-0.5002571  -0.         -0.         -0.50022132
-0.5002571  -0.         -0.         -0.50023103
-0.5002571 -0.        -0.        -0.5002381
-0.5002571  -0.         -0.         -0.50024382
-0.50026546 -0.         -0.         -0.50024382
-0.50027285 -0.         -0.         -0.50024382
-0.50027285 -0.         -0.         -0.50025147
-0.50027285 -0.         -0.         -0.50025975
-0.50027874 -0.         -0.         -0.50025975
-0.50027874 -0.         -0.         -0.50026737
-0.50027874 -0.         -0.         -0.5002743 
-0.50027874 -0.         -0.         -0.50028183
-0.50028565 -0.         -0.         -0.50028183
-0.50029426 -0.         -0.         -0.50028183
-0.50029426 -0.         -0.         -0.50028938
-0.50030198 -0.         -0.         -0.50028938
-0.50030958 -0.         -0.         -0.50028938
-0.50031721 -0.         -0.         -0.50028938
-0.50032485 -0.         -0.         -0.50028938
-0.50032485 -0.         -0.         -0.50029778
-0.50032485 -0.         -0.         -0.50030586
-0.50032485 -0.         -0.         -0.50031432
-0.50032485 -0.         -0.         -0.50032112
-0.5003333  -0.         -0.         -0.50032112
-0.5003333  -0.         -0.         -0.50032751
-0.5003333 -0.        -0.        -0.5003338
-0.5003333  -0.         -0.         -0.50034241
-0.5003333  -0.         -0.         -0.50035039
-0.50034021 -0.         -0.         -0.50035039
-0.50034814 -0.         -0.         -0.50035039
-0.50034814 -0.         -0.         -0.50035777
-0.50035316 -0.         -0.         -0.50035777
-0.50036131 -0.         -0.         -0.50035777
-0.50036131 -0.         -0.         -0.50036528
-0.5003683  -0.         -0.         -0.50036528
-0.5003758  -0.         -0.         -0.50036528
-0.50038361 -0.         -0.         -0.50036528
-0.50038994 -0.         -0.         -0.50036528
-0.50038994 -0.         -0.         -0.50037234
-0.5003995  -0.         -0.         -0.50037234
-0.5003995  -0.         -0.         -0.50037976
-0.50040781 -0.         -0.         -0.50037976
-0.50041329 -0.         -0.         -0.50037976
-0.50042019 -0.         -0.         -0.50037976
-0.50042766 -0.         -0.         -0.50037976
-0.50043528 -0.         -0.         -0.50037976
-0.50044289 -0.         -0.         -0.50037976
-0.50045005 -0.         -0.         -0.50037976
-0.50045005 -0.         -0.         -0.50038697
-0.50045005 -0.         -0.         -0.5003956 
-0.50045005 -0.         -0.         -0.5004047 
-0.50045005 -0.         -0.         -0.5004138 
-0.50045005 -0.         -0.         -0.50041919
-0.50045005 -0.         -0.         -0.50042612
-0.50045779 -0.         -0.         -0.50042612
-0.50045779 -0.         -0.         -0.50043403
-0.50046485 -0.         -0.         -0.50043403
-0.50046485 -0.         -0.         -0.50044249
-0.50046485 -0.         -0.         -0.50045104
-0.50047148 -0.         -0.         -0.50045104
-0.50047148 -0.         -0.         -0.50045867
-0.50047967 -0.         -0.         -0.50045867
-0.50047967 -0.         -0.         -0.50046629
-0.50047967 -0.         -0.         -0.50047295
-0.50048767 -0.         -0.         -0.50047295
-0.50049545 -0.         -0.         -0.50047295
-0.500504   -0.         -0.         -0.50047295
-0.50051026 -0.         -0.         -0.50047295
-0.50051874 -0.         -0.         -0.50047295
-0.5005272  -0.         -0.         -0.50047295
-0.5005272  -0.         -0.         -0.50048025
-0.50053443 -0.         -0.         -0.50048025
-0.50054239 -0.         -0.         -0.50048025
-0.50054239 -0.         -0.         -0.50048714
-0.5005482  -0.         -0.         -0.50048714
-0.5005482  -0.         -0.         -0.50049681
-0.5005482 -0.        -0.        -0.5005033
-0.5005482  -0.         -0.         -0.50050926
-0.5005482  -0.         -0.         -0.50051876
-0.50055532 -0.         -0.         -0.50051876
-0.50056197 -0.         -0.         -0.50051876
-0.50057014 -0.         -0.         -0.50051876
-0.50057842 -0.         -0.         -0.50051876
-0.50057842 -0.         -0.         -0.50052425
-0.50058791 -0.         -0.         -0.50052425
-0.50059513 -0.         -0.         -0.50052425
-0.5006023  -0.         -0.         -0.50052425
-0.50061147 -0.         -0.         -0.50052425
-0.50062041 -0.         -0.         -0.50052425
-0.50062041 -0.         -0.         -0.50052965
-0.50062041 -0.         -0.         -0.50053689
-0.50062041 -0.         -0.         -0.5005457 
-0.50062792 -0.         -0.         -0.5005457 
-0.50063547 -0.         -0.         -0.5005457 
-0.50064377 -0.         -0.         -0.5005457 
-0.50064377 -0.         -0.         -0.50055246
-0.50065091 -0.         -0.         -0.50055246
-0.50065884 -0.         -0.         -0.50055246
-0.50065884 -0.         -0.         -0.50056031
-0.50066484 -0.         -0.         -0.50056031
-0.50066484 -0.         -0.         -0.50056774
-0.5006713  -0.         -0.         -0.50056774
-0.5006713  -0.         -0.         -0.50057543
-0.5006713  -0.         -0.         -0.50058302
-0.5006713  -0.         -0.         -0.50059225
-0.50067709 -0.         -0.         -0.50059225
-0.50067709 -0.         -0.         -0.50059902
-0.50068441 -0.         -0.         -0.50059902
-0.50068441 -0.         -0.         -0.50060804
-0.50069125 -0.         -0.         -0.50060804
-0.500698   -0.         -0.         -0.50060804
-0.50070377 -0.         -0.         -0.50060804
-0.50071031 -0.         -0.         -0.50060804
-0.50071847 -0.         -0.         -0.50060804
-0.50072749 -0.         -0.         -0.50060804
-0.50073375 -0.         -0.         -0.50060804
-0.50073375 -0.         -0.         -0.50061629
-0.50073375 -0.         -0.         -0.50062328
-0.50073375 -0.         -0.         -0.50062908
-0.50073375 -0.         -0.         -0.50063735
-0.50073375 -0.         -0.         -0.50064693
-0.50073375 -0.         -0.         -0.50065322
-0.50073375 -0.         -0.         -0.50066078
-0.50073375 -0.         -0.         -0.50066789
-0.50073375 -0.         -0.         -0.50067617
-0.50074046 -0.         -0.         -0.50067617
-0.50074046 -0.         -0.         -0.50068404
-0.50074046 -0.         -0.         -0.50069153
-0.50074907 -0.         -0.         -0.50069153
-0.50075553 -0.         -0.         -0.50069153
-0.50075553 -0.         -0.         -0.50070056
-0.50076535 -0.         -0.         -0.50070056
-0.50076535 -0.         -0.         -0.50070646
-0.50077253 -0.         -0.         -0.50070646
-0.50077253 -0.         -0.         -0.50071386
-0.50077931 -0.         -0.         -0.50071386
-0.50078717 -0.         -0.         -0.50071386
-0.50078717 -0.         -0.         -0.50072179
-0.5007959  -0.         -0.         -0.50072179
-0.50080562 -0.         -0.         -0.50072179
-0.50080562 -0.         -0.         -0.50072931
-0.50081356 -0.         -0.         -0.50072931
-0.50081921 -0.         -0.         -0.50072931
-0.50081921 -0.         -0.         -0.5007371 
-0.50081921 -0.         -0.         -0.50074375
-0.50082701 -0.         -0.         -0.50074375
-0.50083472 -0.         -0.         -0.50074375
-0.50083472 -0.         -0.         -0.50075014
-0.50083472 -0.         -0.         -0.50075886
-0.50084223 -0.         -0.         -0.50075886
