gpomdp_grad 0.15 1.61660056386e-05 -0.588403348999

1 10000 0 -56.6666666667 -12.014854492 5.02402867951
2 23368 -0.000142291500598 -56.534684048 -12.1206605899 6.941569362
3 20433 -0.000294460962182 -56.3943061498 -12.0796505619 6.68520900408
4 20806 -0.000445259215549 -56.2559689009 -12.0697116666 6.70863757515
5 20808 -0.000596051505503 -56.1184028559 -12.0748328125 6.70637785426
6 20819 -0.000746805229933 -55.9816311052 -12.0720203265 6.69124182158
7 20889 -0.000897303078668 -55.8458423583 -12.0689585952 6.72157293053
8 20774 -0.00104822028058 -55.710422428 -12.0645660717 6.72032607499
9 20747 -0.00119923412465 -55.5756585939 -12.0618155208 6.71005538411
10 20785 -0.00135010949569 -55.4417543032 -12.0865764359 6.6783997465
11 20938 -0.00150043434452 -55.3090642709 -12.0834212495 6.64012646048
12 21155 -0.00164998540848 -55.1777701902 -12.0757724366 6.72263612897
13 20842 -0.00180065329581 -55.0462089167 -12.0675513637 6.69008871162
14 20901 -0.00195110914201 -54.9155414834 -12.073899474 6.67961631065
15 20965 -0.00210133594084 -54.7857738713 -12.0454426483 6.67298027336
16 21013 -0.00225139093276 -54.6568482392 -12.0700426156 6.68760292406
17 20960 -0.0024016341116 -54.5284498603 -12.0739271209 6.6972262387
18 20902 -0.00255208609459 -54.4005583508 -12.0723169929 6.71890511855
19 20789 -0.00270294702597 -54.2730023301 -12.0606998807 6.66376170661
20 21005 -0.00285303116057 -54.1467764948 -12.0596462024 6.68118722621
21 20987 -0.00300317864555 -54.0211641455 -12.0440084666 6.69697559756
22 20911 -0.00315359943248 -53.8959866184 -12.0582604739 6.67669217457
23 20981 -0.00330376885757 -53.7716754732 -12.0503138522 6.67419051466
24 21012 -0.00345382732824 -53.6481069666 -12.0517764144 6.67954431983
25 20996 -0.00360394123419 -53.5251386407 -12.057798129 6.61591399495
26 21283 -0.00375304254237 -53.4036342636 -12.0512465947 6.72552866766
27 20864 -0.00390363073302 -53.2815550368 -12.0464266627 6.66903777711
28 21002 -0.00405372396022 -53.1605089783 -12.0436622289 6.64702665393
29 21141 -0.00420332221477 -53.0404850061 -12.0556129845 6.69031516062
30 20984 -0.00435348150205 -52.9206314778 -12.0500075266 6.68893289624
31 20946 -0.00450377528406 -52.8012883806 -12.037320018 6.6072716899
32 21308 -0.00465278715674 -52.6835687083 -12.0541749831 6.6876460652
33 21042 -0.0048027383714 -52.5657109367 -12.0543761126 6.67663306454
34 21018 -0.00495277516879 -52.4483876878 -12.0399529734 6.62902716705
35 21228 -0.00510206639998 -52.3322403906 -12.0398503062 6.66932229464
36 21103 -0.00525180015513 -52.2163384205 -12.039153436 6.60320067623
37 21372 -0.00540058894995 -52.1017483999 -12.0368023796 6.70716902354
38 20971 -0.0055507930814 -51.9866508842 -12.0438207936 6.57566234817
39 21462 -0.00569926879678 -51.8734487277 -12.0258662811 6.67296489883
40 21151 -0.00584883229919 -51.7599867885 -12.0338370703 6.62332491381
41 21293 -0.00599789869113 -51.6474665452 -12.03907689 6.65350959824
42 21194 -0.00614731278966 -51.5352452467 -12.0121030058 6.65661708321
43 21152 -0.00629687476138 -51.4234716024 -12.0202450325 6.6460845844
44 21188 -0.00644630809361 -51.3123482346 -12.006351299 6.64976580381
45 21181 -0.00659576524693 -51.2017570923 -12.0276754155 6.60337943957
46 21394 -0.00674447945052 -51.0922575707 -12.0375106926 6.63036843446
47 21328 -0.00689342053803 -50.9831287822 -12.0212968907 6.59412963503
48 21479 -0.00704184034416 -50.8749134068 -12.0111674995 6.62458502704
49 21379 -0.00719060523648 -50.7669749397 -12.0241227012 6.64019939443
50 21279 -0.00733971989674 -50.6593098341 -12.0158267322 6.58255058734
51 21519 -0.00748800063745 -50.552766392 -12.0190663086 6.66578289242
52 21200 -0.00763739278643 -50.4459445155 -12.0162023363 6.55925710827
53 21606 -0.00778537489936 -50.3406418838 -12.0206567699 6.62276958492
54 21423 -0.00793398778933 -50.2353985587 -12.0122356771 6.60685857615
55 21446 -0.00808252054553 -50.1307171699 -12.0201915021 6.64418090602
56 21279 -0.00823163427383 -50.0261307114 -11.9979276976 6.60311727281
57 21423 -0.0083802474957 -49.9223945351 -12.008684056 6.57669441806
58 21587 -0.00852829261795 -49.8195469212 -12.0205984369 6.60159417423
59 21516 -0.00867658146703 -49.7170187842 -11.9953617839 6.62172925135
60 21403 -0.00882526434697 -49.6147058863 -12.0071298498 6.63198459891
61 21323 -0.00897422278155 -49.5126895903 -12.0013707886 6.55462878403
62 21663 -0.00912200891947 -49.4119537089 -12.0135277002 6.63983079131
63 21359 -0.00927084292262 -49.3109809232 -12.005801973 6.57099914449
64 21596 -0.00941885844244 -49.2110351887 -12.0125518388 6.60785858933
65 21490 -0.0095672398997 -49.111311274 -11.9954037287 6.5763585863
66 21608 -0.00971521449655 -49.0123251098 -12.0041750934 6.57347522419
67 21655 -0.0098630285707 -48.9139060282 -12.0039667724 6.55801610178
68 21742 -0.0100105476211 -48.8161382935 -11.9978934177 6.62072939905
69 21470 -0.0101589973769 -48.7182093352 -11.9924044711 6.57502021398
70 21609 -0.0103069697375 -48.6210469978 -11.9878893805 6.56548434632
71 21693 -0.0104546536697 -48.524520605 -12.0003874737 6.54260352206
72 21826 -0.0106018871943 -48.4287296407 -11.9895385314 6.56708033238
73 21746 -0.0107493898791 -48.333202123 -12.0018350372 6.57493796902
74 21687 -0.0108970955609 -48.2379800147 -11.9865095438 6.54422514404
75 21817 -0.0110443610363 -48.1434739651 -11.9844219166 6.56108572112
76 21773 -0.0111917753381 -48.0493017573 -11.9761768009 6.55509648054
77 21789 -0.0113391345755 -47.9555911518 -11.9942416517 6.57627068729
78 21692 -0.0114868209159 -47.8620974119 -11.9855494208 6.55309395257
79 21776 -0.0116342249846 -47.7692036447 -11.9810340142 6.55307964382
80 21799 -0.0117815487667 -47.6767781823 -11.9713881907 6.53473689028
81 21894 -0.0119285541805 -47.5849659096 -11.9700403234 6.56787008426
82 21762 -0.0120760053854 -47.4932873392 -11.9770294268 6.51664117445
83 21971 -0.0122227534133 -47.4024530441 -11.9788069244 6.52968588913
84 21967 -0.0123695149423 -47.3120138523 -11.9755277271 6.54058211755
85 21913 -0.0125164563708 -47.2218653491 -11.9763346704 6.55065178153
86 21849 -0.0126636113266 -47.1319858589 -11.9668511193 6.56108767587
87 21781 -0.0128109953699 -47.0423650368 -11.9811987698 6.55615295088
88 21786 -0.0129583640845 -46.9531497458 -11.9767566542 6.54167675414
89 21857 -0.0131054940278 -46.8644716329 -11.9730815444 6.51531458395
90 22004 -0.013252130541 -46.7764787027 -11.9693908155 6.53711696127
91 21940 -0.0133989812928 -46.6887426609 -11.9672141725 6.59616823722
92 21640 -0.0135468466739 -46.6007876217 -11.9686437037 6.54173882654
93 21815 -0.0136941169671 -46.5135702263 -11.9536239205 6.51618482521
94 21988 -0.013840807296 -46.4270744602 -11.9599277063 6.55852115882
95 21832 -0.0139880190451 -46.3406482088 -11.9604716901 6.52190239641
96 21965 -0.0141347857023 -46.254856765 -11.9629481628 6.51166990023
97 22052 -0.0142812616117 -46.1696047078 -11.9570782506 6.49264182503
98 22170 -0.0144273485451 -46.0849442832 -11.9654055585 6.52888764184
99 22026 -0.0145739118336 -46.000371998 -11.9499518125 6.48354866359
100 22207 -0.0147198760333 -45.9165056545 -11.965848447 6.48676008502
101 22243 -0.0148657241029 -45.8330628326 -11.95836861 6.53516269635
102 22016 -0.0150123214707 -45.7495484496 -11.9553504152 6.52528833186
103 22001 -0.0151589697787 -45.6663610059 -11.9609224794 6.52254877109
104 22010 -0.015305587828 -45.5835443823 -11.9556048935 6.46922703621
105 22273 -0.0154513354587 -45.5015676754 -11.9529371914 6.55635118374
106 21922 -0.0155982477722 -45.4192850712 -11.9487911286 6.45173582624
107 22335 -0.0157437951823 -45.3381104584 -11.9484862947 6.52560697351
108 22088 -0.0158901536469 -45.2568261398 -11.944750193 6.50241113577
109 22132 -0.0160363649822 -45.1759644602 -11.937524143 6.47502881455
110 22279 -0.0161820927862 -45.0957071481 -11.9462660165 6.528885684
111 22056 -0.0163285555815 -45.0153818848 -11.9576480805 6.41366433619
112 22564 -0.0164733620349 -44.9362949357 -11.9587986742 6.46431478992
113 22454 -0.0166185217509 -44.8573422628 -11.9341247354 6.50275993006
114 22233 -0.0167644024384 -44.7783254782 -11.9470529871 6.47870070282
115 22290 -0.0169100962496 -44.699736105 -11.9455753179 6.46456960192
116 22376 -0.0170555092134 -44.6216212669 -11.9394723112 6.46806083021
117 22383 -0.0172008999303 -44.543839061 -11.9393357325 6.52362714468
118 22111 -0.0173471825478 -44.4659013335 -11.9378444234 6.48341501591
119 22232 -0.0174930654134 -44.3884959221 -11.9093127655 6.48190082609
120 22274 -0.0176388118789 -44.3114793896 -11.9291233659 6.48201769548
121 22285 -0.0177845215982 -44.2347965886 -11.9285980362 6.4404895732
122 22495 -0.0179295498729 -44.1587825942 -11.9335125282 6.53277867299
123 22097 -0.0180758786842 -44.0823986777 -11.9252629157 6.44891930451
124 22399 -0.0182212169009 -44.0068399322 -11.9288163186 6.43860369971
125 22537 -0.0183661104465 -43.9318161472 -11.9312760818 6.45907874433
126 22473 -0.0185112098638 -43.8569879079 -11.9205197433 6.47315878307
127 22385 -0.0186565947862 -43.7823138688 -11.9356982962 6.44190824944
128 22516 -0.0188015545119 -43.7081568394 -11.9189600333 6.44249576722
129 22550 -0.0189464048157 -43.6343518538 -11.9268841489 6.44854398635
130 22529 -0.0190913221999 -43.5608070909 -11.925124351 6.45837344455
131 22474 -0.0192364174377 -43.4874653316 -11.9247394149 6.44139270402
132 22544 -0.0193812879231 -43.4145282078 -11.9157979625 6.4744748737
133 22398 -0.0195266299179 -43.3416441934 -11.9055536679 6.43214644724
134 22569 -0.0196714199865 -43.2693245594 -11.9189668086 6.37946854694
135 22886 -0.0198152035738 -43.1977900496 -11.9183779891 6.45627268027
136 22584 -0.0199599462472 -43.1260609619 -11.9137195301 6.47684860104
137 22397 -0.0201052905781 -43.0543173387 -11.9084594505 6.39987760142
138 22732 -0.0202495598994 -42.9833837773 -11.9088613963 6.42500693594
139 22699 -0.0203939336467 -42.9126759389 -11.9059260247 6.40820972473
140 22776 -0.0205380652843 -42.8423615422 -11.9062759627 6.44184650212
141 22626 -0.0206826721143 -42.7720897217 -11.9025438072 6.41834619197
142 22703 -0.0208270329584 -42.7022100025 -11.8952852432 6.43516880357
143 22640 -0.0209715968455 -42.6325033292 -11.9001118388 6.46823440374
144 22456 -0.0211167516272 -42.5627833475 -11.8946418942 6.38500101179
145 22825 -0.0212607268083 -42.4938972564 -11.8994784626 6.41897994528
146 22756 -0.0214049205165 -42.4251719052 -11.8988102183 6.39453188427
147 22862 -0.0215487802376 -42.3568688028 -11.8933680317 6.4758877277
148 22478 -0.0216938611925 -42.2882504657 -11.8932023417 6.39504327621
149 22780 -0.0218379787678 -42.2203493463 -11.889063124 6.39887230574
150 22846 -0.0219818873237 -42.1528053598 -11.8847701479 6.42130323225
151 22750 -0.0221261000068 -42.0853764456 -11.8922573215 6.42974762249
152 22680 -0.0222705343642 -42.018101102 -11.8849085983 6.44349180924
153 22591 -0.0224152533482 -41.9509498988 -11.8869336929 6.38950639433
154 22841 -0.0225591794077 -41.8844200413 -11.8820746914 6.41839787563
155 22763 -0.0227033495451 -41.8180292984 -11.8765650508 6.41787480344
156 22744 -0.0228475804025 -41.7518614889 -11.881473342 6.42467848478
157 22704 -0.0229919381527 -41.6858853345 -11.8820562706 6.37247981588
158 22961 -0.0231354877166 -41.6205250442 -11.8912477617 6.38810290394
159 22953 -0.0232790623698 -41.5553978288 -11.8839890209 6.37510221477
160 23018 -0.023422433877 -41.4906054093 -11.8706451994 6.39210534824
161 22948 -0.0235660232993 -41.4259561906 -11.8776337414 6.36371305428
162 23075 -0.0237092150807 -41.3617255337 -11.8802433166 6.39976298849
163 22924 -0.0238528785471 -41.2975223493 -11.8857383294 6.37673551236
164 23001 -0.0239963019482 -41.233663981 -11.8728952724 6.34994938499
165 23162 -0.0241392247502 -41.1702632951 -11.878977771 6.39584185144
166 22969 -0.0242827492487 -41.1068302684 -11.878139366 6.3344083299
167 23235 -0.0244254488555 -41.0439935852 -11.8794177325 6.36669042905
168 23141 -0.024568439003 -40.9812595077 -11.8717800773 6.40261528686
169 22928 -0.024712091205 -40.9184660838 -11.8694025412 6.3661760252
170 23057 -0.0248553403826 -40.8560782516 -11.8749405525 6.36387918835
171 23105 -0.0249984394417 -40.7939832946 -11.8706284773 6.32423887532
172 23327 -0.025140855875 -40.7324090801 -11.8692053487 6.38215598255
173 23085 -0.0252840169515 -40.6707374515 -11.8535932931 6.35959242357
174 23136 -0.0254270223114 -40.6093564456 -11.8575144153 6.40054724096
175 22937 -0.0255706454193 -40.5479339464 -11.8649513276 6.32361420278
176 23283 -0.0257131986285 -40.4871894547 -11.8705755718 6.34167441846
177 23286 -0.0258557430457 -40.4266671375 -11.8684182029 6.33635429446
178 23315 -0.0259981988793 -40.3663994847 -11.8669692493 6.33960839509
179 23305 -0.0261406824205 -40.3063360029 -11.856619002 6.40199546645
180 22976 -0.0262841830918 -40.2460608218 -11.851469313 6.3641938259
181 23081 -0.0264273580721 -40.1861383848 -11.8662970291 6.26840140854
182 23619 -0.0265688927204 -40.127113349 -11.8597339812 6.40632682828
183 23039 -0.0267121965954 -40.0675629634 -11.852009115 6.28890617516
184 23497 -0.026854099349 -40.0088043837 -11.8514325164 6.38741094273
185 23105 -0.026997200462 -39.9497596618 -11.8488738214 6.28995160472
186 23510 -0.0271390626071 -39.8914332761 -11.8537990402 6.3482727045
187 23314 -0.0272815199941 -39.8330685949 -11.8544290336 6.3317672283
188 23347 -0.0274238776327 -39.7749503515 -11.841575546 6.35536832648
189 23231 -0.0275665885289 -39.7168930738 -11.837448615 6.36771715863
190 23134 -0.0277095987237 -39.6589190441 -11.8417686871 6.27995787872
191 23572 -0.0278512741189 -39.6016874239 -11.8483005608 6.3235651275
192 23463 -0.0279932796658 -39.5445224503 -11.8422591753 6.34534154263
193 23316 -0.0281357295416 -39.487378757 -11.8374775738 6.26849224027
194 23686 -0.0282770625609 -39.4308801746 -11.8480748896 6.34538658412
195 23378 -0.0284193250312 -39.3742072659 -11.8415001686 6.28663432899
196 23606 -0.0285608982636 -39.3180043549 -11.8586116865 6.26656522302
197 23780 -0.0287019536925 -39.2621998953 -11.8297671642 6.36071766561
198 23322 -0.0288443854962 -39.2060452757 -11.8344986454 6.28989057248
199 23573 -0.0289860592958 -39.1503822626 -11.8353329473 6.32943168955
200 23432 -0.0291281588378 -39.0947441003 -11.8147122567 6.31064995255
201 23492 -0.0292700742548 -39.0393690883 -11.8375706284 6.29891823733
202 23572 -0.0294117490339 -38.9842774501 -11.8201894754 6.2938623707
203 23622 -0.0295532744059 -38.9294319675 -11.8224150199 6.28500281738
204 23684 -0.0296946144327 -38.8748449507 -11.8296430428 6.27162533018
205 23774 -0.0298356861536 -38.820546603 -11.8288108896 6.31732833886
206 23552 -0.0299774215225 -38.7661780565 -11.8209971106 6.33962073597
207 23372 -0.0301197035106 -38.7117856375 -11.836191138 6.23916971864
208 23862 -0.0302605145567 -38.6581379034 -11.821221637 6.35439876479
209 23378 -0.0304027761015 -38.6041208447 -11.8212867159 6.29808529265
210 23545 -0.0305445344503 -38.5504771966 -11.813349329 6.24553783394
211 23877 -0.030685301409 -38.4973879221 -11.8175529982 6.33233357372
212 23500 -0.0308271938272 -38.4440540196 -11.8231947207 6.26662327327
213 23749 -0.0309683397428 -38.391178942 -11.8174050183 6.3211994531
214 23524 -0.0311101585345 -38.3382299399 -11.8104847373 6.29313365866
215 23612 -0.0312517126891 -38.2855569241 -11.811427852 6.22276271304
216 24022 -0.0313920549557 -38.2335087421 -11.7924409853 6.30695935841
217 23676 -0.0315334177079 -38.1812562615 -11.8133150452 6.23251450139
218 23987 -0.031673863867 -38.1295148326 -11.8225194561 6.23725004531
219 24049 -0.0318141284355 -38.0780108161 -11.7987842947 6.32073433587
220 23609 -0.0319556917481 -38.0262018406 -11.8049633825 6.21884020363
221 24043 -0.0320959731285 -37.9750315716 -11.8087697105 6.27804414756
222 23840 -0.0322368512249 -37.9238126636 -11.7993642368 6.2668389389
223 23844 -0.0323777155153 -37.8727673068 -11.8161161175 6.22220651973
224 24092 -0.0325178549599 -37.8221510252 -11.7846614865 6.27088731666
225 23892 -0.0326585772843 -37.7714904231 -11.7934481831 6.24275338052
226 23991 -0.0327990091396 -37.721099623 -11.8043999705 6.25195170782
227 23968 -0.0329395080878 -37.6708491278 -11.7983037301 6.22558331633
228 24108 -0.0330795996787 -37.6209072411 -11.790602894 6.28711244966
229 23808 -0.0332205712396 -37.5708150711 -11.7893456549 6.2448416296
230 23956 -0.0333611064948 -37.5210403221 -11.7824045913 6.25407828817
231 23947 -0.0335016686146 -37.4714174582 -11.7948856524 6.26885894778
232 23863 -0.0336424770928 -37.4218686841 -11.7948229958 6.26586944014
233 23856 -0.0337833066437 -37.3724729596 -11.7927036871 6.22280357375
234 24092 -0.0339234457915 -37.3234779286 -11.7933397747 6.2687566582
235 23904 -0.0340641336717 -37.2744493671 -11.805992143 6.19694640205
236 24250 -0.0342038150923 -37.2259277284 -11.7920201706 6.23213818277
237 24151 -0.0343437826062 -37.1774620646 -11.7751850735 6.26823003047
238 23923 -0.0344844138817 -37.1289224445 -11.7934612953 6.19527352673
239 24265 -0.0346240525692 -37.0808792881 -11.7912537621 6.2179308213
240 24234 -0.0347637782828 -37.03295893 -11.769985624 6.24751141315
241 24061 -0.0349040072649 -36.9850188611 -11.7946940718 6.18990854097
242 24334 -0.0350434458251 -36.9375001719 -11.7767037103 6.26681450506
243 23982 -0.0351839061673 -36.8897849489 -11.7825099081 6.21391204199
244 24177 -0.0353237975641 -36.8424135951 -11.7784849874 6.26566538788
245 23945 -0.0354643662427 -36.7949635651 -11.7745612525 6.18824633552
246 24311 -0.0356038731852 -36.7480205618 -11.7628797339 6.24178268836
247 24114 -0.0357439473783 -36.7010349572 -11.7543964649 6.22009915173
248 24180 -0.0358838307081 -36.6542609551 -11.7810253967 6.16021072362
249 24537 -0.0360226921694 -36.6079738342 -11.7707015328 6.21814721725
250 24309 -0.0361622034672 -36.5616151014 -11.7725230975 6.18504821981
251 24432 -0.036301362102 -36.5155176759 -11.7629056915 6.24364316836
252 24137 -0.0364413692574 -36.469283756 -11.7745916055 6.17563024627
253 24437 -0.0365805149598 -36.4234773359 -11.7462780934 6.2055636955
254 24352 -0.0367199025248 -36.3777335933 -11.7651855236 6.17663278224
255 24492 -0.0368588905167 -36.3322621405 -11.7687649855 6.22835730281
256 24239 -0.036998602672 -36.2866951781 -11.7610059173 6.16529992759
257 24525 -0.0371374985763 -36.241534328 -11.7504537212 6.22410877639
258 24272 -0.037277115786 -36.1962788796 -11.7632627062 6.18004184175
259 24450 -0.0374162233323 -36.1513275204 -11.7597256811 6.20047747775
260 24385 -0.0375555182858 -36.1064538822 -11.7565213291 6.16236774208
261 24583 -0.0376942491785 -36.0618988644 -11.7582536208 6.19185716213
262 24471 -0.037833298976 -36.0173779076 -11.7613778751 6.17459945468
263 24538 -0.0379721588227 -35.9730535105 -11.7555161206 6.21283833631
264 24339 -0.0381115835026 -35.9286846769 -11.7573803841 6.17428097906
265 24502 -0.0382505439257 -35.8845984274 -11.747226324 6.22120568558
266 24282 -0.0383901325036 -35.8404478125 -11.7447755075 6.14679314822
267 24643 -0.0385286944784 -35.7967550389 -11.7444460602 6.18839121172
268 24507 -0.0386676407967 -35.7530736683 -11.7540021659 6.20944741789
269 24350 -0.03880703531 -35.7093842226 -11.7383798954 6.19921188958
270 24364 -0.0389463899231 -35.6658396691 -11.7512277937 6.14573514407
271 24673 -0.0390848687844 -35.6226993001 -11.750859711 6.20272717611
272 24434 -0.0392240231986 -35.5794789684 -11.746016399 6.14976740063
273 24670 -0.0393625111587 -35.5365949264 -11.7530773189 6.12402166963
274 24886 -0.0395003955831 -35.4940253475 -11.7308815877 6.18067864693
275 24619 -0.0396390268108 -35.4513529678 -11.7291456318 6.1603637305
276 24661 -0.0397775389953 -35.4088446083 -11.7406045154 6.15143798259
277 24724 -0.0399158737266 -35.3665172246 -11.7367952812 6.19422983023
278 24496 -0.0400548506505 -35.3241200993 -11.7350017402 6.14542282956
279 24712 -0.0401932189003 -35.2820343191 -11.7225640902 6.16310935105
280 24671 -0.0403317021597 -35.2400385452 -11.7173061611 6.19095317851
281 24500 -0.0404706678112 -35.1980216243 -11.7382171668 6.11636452213
282 24882 -0.0406085631188 -35.1564516978 -11.7332581578 6.15342922308
283 24775 -0.0407467569438 -35.1149145341 -11.7288223007 6.1596505591
284 24709 -0.0408851348608 -35.0734446328 -11.7344144169 6.14201426149
285 24792 -0.0410232794552 -35.0321664886 -11.7381634006 6.14006968849
286 24827 -0.0411613275224 -34.9910382613 -11.7325063543 6.14808673065
287 24790 -0.041299477843 -34.9500002104 -11.7409143319 6.10876426338
288 25010 -0.0414370213911 -34.9092617758 -11.7381228802 6.11775160341
289 25019 -0.0415745392474 -34.8686495127 -11.7117762906 6.14883499433
290 24840 -0.0417125526514 -34.8280095818 -11.7239886625 6.13278850068
291 24883 -0.0418504455168 -34.7875233705 -11.7170744329 6.12335969479
292 24950 -0.0419881524597 -34.7472091746 -11.7108044446 6.12888967909
293 24937 -0.0421258967811 -34.7070009281 -11.7197758702 6.13143394308
294 24918 -0.04226369231 -34.6668942055 -11.7161419108 6.12523516833
295 24949 -0.0424014023714 -34.6269282459 -11.7087322272 6.14146590263
296 24863 -0.042539350775 -34.5870087702 -11.7049084938 6.15766358467
297 24745 -0.0426776278436 -34.5471098579 -11.70736646 6.09463598621
298 25080 -0.042814978248 -34.5075924881 -11.7118086677 6.14794323905
299 24862 -0.0429529302517 -34.4680160674 -11.685439651 6.13971923064
300 24849 -0.0430909180108 -34.4285432335 -11.7010083011 6.08301145855
301 25179 -0.0432279991622 -34.3894420054 -11.7133464449 6.12436813438
302 25027 -0.0433654941614 -34.3503346537 -11.7026701668 6.09392509375
303 25164 -0.04350261372 -34.31144525 -11.717391918 6.09820345189
304 25178 -0.0436396972105 -34.2726765752 -11.7073118663 6.12313750961
305 25034 -0.0437771730797 -34.2339074248 -11.6999768094 6.11480474895
306 25043 -0.0439146247812 -34.1952552471 -11.7075746953 6.06980563146
307 25313 -0.04405134209 -34.156918393 -11.6918545673 6.12169761344
308 25080 -0.0441886919089 -34.1185129909 -11.7074197496 6.0517725812
309 25432 -0.0443250892172 -34.0804814105 -11.6926849161 6.12036902208
310 25121 -0.044462327645 -34.0423229529 -11.67859487 6.1102095206
311 25095 -0.044599638162 -34.0042520691 -11.6951761649 6.08075644207
312 25262 -0.0447364924963 -33.9664143316 -11.7022337445 6.13178434937
313 25007 -0.044874044106 -33.9284906665 -11.7031400483 6.04714662752
314 25439 -0.0450104228782 -33.890995682 -11.6958858088 6.1293473016
315 25070 -0.0451478011796 -33.8533314833 -11.7029741219 6.05744062863
316 25395 -0.0452842978082 -33.8160135313 -11.7006446058 6.06863062868
317 25419 -0.0454207277213 -33.778817501 -11.6923931212 6.09356188862
318 25277 -0.0455575425765 -33.7416201885 -11.6828198695 6.06917822082
319 25383 -0.0456940706922 -33.7046038979 -11.6991500219 6.08195247413
320 25336 -0.0458307250243 -33.6676560618 -11.6827520967 6.08673671346
321 25294 -0.0459674922376 -33.6307801342 -11.6916994988 6.08820174349
322 25274 -0.0461043149766 -33.5939913492 -11.6742996928 6.10806877579
323 25150 -0.046241474077 -33.5572142158 -11.6881508544 6.06043974781
324 25399 -0.0463779577934 -33.5207192258 -11.6744433594 6.06259759825
325 25457 -0.0465142871586 -33.4843657277 -11.6945105182 6.07730605394
326 25385 -0.046650810621 -33.4480604409 -11.6850586246 6.05302392679
327 25511 -0.046786995784 -33.4119443819 -11.6830920403 6.07708435402
328 25401 -0.0469234751291 -33.3758493668 -11.684146897 6.05015402278
329 25533 -0.0470596018227 -33.3399460026 -11.6850408026 6.07115057615
330 25443 -0.0471959687657 -33.3040773927 -11.6713553509 6.05666610409
331 25505 -0.0473321690923 -33.2683502397 -11.677231952 6.04696556
332 25582 -0.0474681660342 -33.2327733995 -11.6724749832 6.07969973614
333 25405 -0.0476046345612 -33.1971701958 -11.6788540601 6.00638399844
334 25802 -0.0477400506515 -33.1619372273 -11.6639384017 6.08675101023
335 25423 -0.0478764700333 -33.1265391907 -11.6767610248 6.01539265944
336 25751 -0.0480120181907 -33.0914622435 -11.660882194 6.07783883598
337 25463 -0.04814833113 -33.0562825291 -11.6741919976 6.03521993121
338 25641 -0.0482841697179 -33.02131977 -11.6751411582 6.04428394063
339 25636 -0.0484200217569 -32.9864475571 -11.672859662 6.04562856143
340 25627 -0.0485558992523 -32.9516624761 -11.6712208438 6.02837636643
341 25730 -0.0486915045459 -32.9170401035 -11.6616248305 6.05002673389
342 25626 -0.0488273834025 -32.882440729 -11.6632280314 6.03637475006
343 25680 -0.0489631187423 -32.847970322 -11.6642417295 6.0506836567
344 25608 -0.0490990452666 -32.8135435677 -11.6487648377 6.06012239305
345 25531 -0.0492351779171 -32.7791567214 -11.6740526869 5.96038100396
346 26124 -0.0493697556555 -32.7452528981 -11.6630870985 6.04947892076
347 25739 -0.0495053374502 -32.7111865134 -11.6454059792 6.0105409826
348 25871 -0.0496405713228 -32.6772975699 -11.6614249205 6.02600512974
349 25813 -0.0497759579501 -32.6434600536 -11.6666899153 6.01307863086
350 25876 -0.0499111782419 -32.6097533528 -11.6525845583 6.04003827616
351 25728 -0.0500467880605 -32.5760387781 -11.6487087039 6.00156479257
352 25924 -0.0501818849609 -32.5425402233 -11.6565253025 6.01984695901
353 25866 -0.0503171332015 -32.5090922802 -11.6504281929 6.0118646933
354 25899 -0.0504522949042 -32.4757534999 -11.6461874324 6.01213789419
355 25906 -0.0505874368229 -32.4425069738 -11.6389086517 6.04049011833
356 25733 -0.0507230319564 -32.4092364196 -11.6406821664 6.03488425862
357 25720 -0.0508586638002 -32.3760441689 -11.639722212 6.00726890154
358 25886 -0.0509938588344 -32.3430453814 -11.6319503761 6.00122605746
359 25970 -0.0511288338804 -32.3101861721 -11.6637003932 5.99023040215
360 26063 -0.0512635697312 -32.2774704504 -11.6372140092 6.04408685031
361 25755 -0.0513991085505 -32.2446453708 -11.6472205284 5.98923101448
362 26008 -0.0515339860997 -32.2120653531 -11.649986474 6.03824009054
363 25776 -0.0516694703793 -32.17942373 -11.6430340185 5.97206865851
364 26121 -0.0518040549765 -32.1470828376 -11.6402181673 5.99993317481
365 26044 -0.0519388379842 -32.1147778265 -11.6392933034 6.02459589638
366 25870 -0.0520740755092 -32.0824476005 -11.6444519577 5.95290167433
367 26269 -0.0522082810795 -32.0504466692 -11.6454270334 5.98180423774
368 26200 -0.0523426644151 -32.0184854781 -11.6168893781 6.00972415906
369 26005 -0.0524775486904 -31.9864874751 -11.6309077011 5.9819588864
370 26124 -0.0526121253121 -31.9546443452 -11.6301425468 5.97517373709
371 26201 -0.0527465058888 -31.9229289124 -11.6226270677 5.98630941472
372 26152 -0.0528810109211 -31.8912651631 -11.6367686014 6.00582315825
373 26016 -0.0530158667431 -31.8595999395 -11.6378542513 5.95083165216
374 26324 -0.0531499321545 -31.828200506 -11.6415829372 5.93164478178
375 26534 -0.0532834652266 -31.7970049381 -11.6224369222 5.99295528048
376 26203 -0.0534178401919 -31.7656921695 -11.6332348147 5.98271766605
377 26175 -0.0535522857201 -31.7344424523 -11.6341075906 5.94740425203
378 26391 -0.0536861805458 -31.7033994696 -11.6242525673 5.9724031816
379 26293 -0.0538203247062 -31.6723771762 -11.6077212812 5.98189450282
380 26206 -0.0539546922995 -31.6413816847 -11.6165858639 5.99217610437
381 26117 -0.0540892885732 -31.6104118877 -11.6137912748 5.96144760657
382 26285 -0.0542234523166 -31.5796194573 -11.616056372 5.96510403989
383 26310 -0.0543575542064 -31.5489185997 -11.6314017593 5.92614040578
384 26566 -0.0544910083084 -31.51844256 -11.6206061493 5.98287233178
385 26275 -0.054625197685 -31.4878752883 -11.600028539 5.94351001338
386 26444 -0.0547589576533 -31.4574820703 -11.6256883701 5.91843923558
387 26654 -0.0548921917396 -31.4272837335 -11.619185575 5.98197276798
388 26305 -0.0550263046675 -31.3969619095 -11.622455094 5.91971712669
389 26606 -0.055159658509 -31.3668867455 -11.6115299157 5.96933242536
390 26372 -0.055293600822 -31.336753908 -11.6056426177 5.92543244982
391 26588 -0.0554269991936 -31.3068179186 -11.6203949561 5.93782464209
392 26569 -0.0555604448236 -31.2769454186 -11.6055991339 5.95346579162
393 26463 -0.0556941566984 -31.2470873771 -11.6061469683 5.93843421009
394 26530 -0.0558277005386 -31.2173405814 -11.6057623442 5.95929303175
395 26415 -0.0559615341462 -31.1876028881 -11.6017022843 5.93742834418
396 26523 -0.0560950958208 -31.157998854 -11.6041968568 5.95753046361
397 26425 -0.0562289058824 -31.1284128639 -11.5990277025 5.91008087351
398 26702 -0.0563620183468 -31.0990534485 -11.602476385 5.980626122
399 26327 -0.0564960758667 -31.0695582405 -11.6006577626 5.92634465093
400 26569 -0.0566295211121 -31.0402698909 -11.6061221736 5.91207535544
401 26730 -0.0567625638689 -31.0111412761 -11.6142724736 5.90453839144
402 26825 -0.0568953717738 -30.9821349254 -11.6087189594 5.96068965844
403 26488 -0.0570290212157 -30.9530159761 -11.6028884551 5.91389499058
404 26695 -0.0571621506335 -30.9240810813 -11.5967855775 5.91811258032
405 26727 -0.0572952024591 -30.8952333519 -11.6008097874 5.92547200486
406 26688 -0.0574283508733 -30.8664347861 -11.596035309 5.92525016774
407 26678 -0.057561522987 -30.8377009934 -11.5976170002 5.92574908432
408 26672 -0.0576947101721 -30.8090336164 -11.5880490603 5.90238942469
409 26823 -0.0578275239303 -30.7805157477 -11.6031836274 5.89628513
410 26905 -0.0579601335984 -30.7521103321 -11.588940382 5.92936333785
411 26712 -0.0580932211397 -30.7236712588 -11.5971110235 5.88966365635
412 26917 -0.0582258011634 -30.6954088277 -11.5942279078 5.91858503274
413 26786 -0.058358706162 -30.6671451913 -11.5957193353 5.91025694841
414 26803 -0.0584915674445 -30.6389587311 -11.5862323103 5.92777131436
415 26694 -0.0586247000286 -30.61078255 -11.5832549514 5.88559875646
416 26939 -0.0587572269356 -30.5828017586 -11.58595878 5.91076595457
417 26843 -0.0588899903278 -30.5548380311 -11.5768644311 5.88118726945
418 27010 -0.0590223420292 -30.5270275248 -11.5708718714 5.89435161012
419 26970 -0.0591547911287 -30.499262797 -11.5888643773 5.84833340795
420 27265 -0.0592865238447 -30.471713744 -11.579720936 5.91243179309
421 26922 -0.0594190910435 -30.4440558934 -11.575673016 5.87179856906
422 27095 -0.059551236235 -30.4165514682 -11.5812161906 5.87197459789
423 27142 -0.0596832652527 -30.3891361868 -11.5819533613 5.88536633798
424 27067 -0.0598154786234 -30.36174747 -11.595087631 5.90839458341
425 26894 -0.0599481155927 -30.3343359781 -11.5804618423 5.88317537986
426 27011 -0.0600804640729 -30.3070487488 -11.5796047996 5.87307974628
427 27111 -0.0602125686035 -30.279875986 -11.5792679441 5.86634668424
428 27184 -0.0603444956904 -30.2528034817 -11.581084193 5.86422552925
429 27219 -0.0604763386501 -30.2258116774 -11.5728116013 5.88822433328
430 27069 -0.0606085457516 -30.198808783 -11.560685943 5.87130991386
431 27139 -0.0607405818385 -30.1719040231 -11.5629440745 5.86824425899
432 27180 -0.0608725204624 -30.1450820003 -11.5691213044 5.89187082536
433 27034 -0.0610048130617 -30.1182509074 -11.5564600725 5.84002951338
434 27338 -0.061136367491 -30.0916317615 -11.5818587571 5.8514712677
435 27348 -0.0612678997862 -30.0650789261 -11.5556900859 5.85650286154
436 27317 -0.0613995066682 -30.0385727015 -11.56205331 5.85606593966
437 27311 -0.061531127436 -30.0121251652 -11.5678911117 5.84058838877
438 27413 -0.0616625020523 -29.9857881968 -11.5796307707 5.82117430629
439 27574 -0.061793494003 -29.959588519 -11.5812592429 5.82431438813
440 27598 -0.0619244288706 -29.9334605026 -11.5663622653 5.85836118825
441 27374 -0.0620558981434 -29.9072862411 -11.551792948 5.83057050437
442 27499 -0.0621870682602 -29.8812316466 -11.567284549 5.86019624698
443 27334 -0.062318633315 -29.8551587117 -11.5579777706 5.8331288847
444 27470 -0.0624498717896 -29.8292102677 -11.5638476318 5.85599703613
445 27354 -0.062581388395 -29.803266516 -11.5608438131 5.819574273
446 27568 -0.0627123942387 -29.77748272 -11.5565148378 5.87788509545
447 27235 -0.0628441991328 -29.751601085 -11.5546992761 5.81203794092
448 27585 -0.0629751637294 -29.7259432926 -11.5505594807 5.8631007051
449 27338 -0.0631067182829 -29.7002287686 -11.5682776376 5.87202629736
450 27210 -0.0632385828708 -29.6745126346 -11.5500439395 5.80821543562
451 27604 -0.0633695026695 -29.6490389845 -11.5616475636 5.84815485182
452 27444 -0.0635008029511 -29.6235493826 -11.5589951781 5.83365741434
453 27498 -0.0636319758647 -29.5981423932 -11.5511521201 5.8277338091
454 27553 -0.0637630168011 -29.5728185447 -11.5437938602 5.80731443863
455 27708 -0.0638936908606 -29.5476227129 -11.5511078737 5.80444844608
456 27772 -0.0640242155333 -29.5225124355 -11.5534275947 5.86134490812
457 27402 -0.0641556176944 -29.4972904485 -11.5545828528 5.81138112203
458 27637 -0.0642864587314 -29.4722329039 -11.5598444981 5.84701420607
459 27461 -0.0644177186207 -29.4471518438 -11.5456872991 5.83523312713
460 27492 -0.0645489055944 -29.4221412712 -11.5373391423 5.80088012994
461 27735 -0.0646795164329 -29.3972965195 -11.5431372094 5.80250944655
462 27793 -0.0648099918964 -29.3725331066 -11.5457055438 5.8158535183
463 27717 -0.0649406447957 -29.3477915069 -11.5492729503 5.81576229487
464 27696 -0.0650713464108 -29.3230960577 -11.5264752221 5.80769782549
465 27746 -0.0652019315604 -29.2984777445 -11.5440224386 5.77088933792
466 28015 -0.0653318885831 -29.2740323777 -11.5512614019 5.8196763991
467 27753 -0.0654624578454 -29.249526451 -11.5421325425 5.76981752366
468 28024 -0.0655923929168 -29.2251937102 -11.5417838939 5.7674235642
469 28118 -0.0657221115998 -29.2009552077 -11.5297246043 5.82416236499
470 27750 -0.0658526864901 -29.1766107464 -11.5200026264 5.76057777619
471 28088 -0.0659824741734 -29.152466594 -11.530885142 5.7991729622
472 27914 -0.06611266453 -29.1283009872 -11.5284983416 5.81223008183
473 27776 -0.0662431793675 -29.1041287143 -11.526927828 5.80568544856
474 27782 -0.0663736790987 -29.0800126858 -11.5236824098 5.76118281443
475 28093 -0.0665034554427 -29.056083166 -11.5454156173 5.79387478813
476 27953 -0.066633556906 -29.0321464062 -11.5365435911 5.80240157405
477 27854 -0.0667638873467 -29.0082202616 -11.5389028459 5.7797979251
478 27983 -0.0668939172352 -28.9844017306 -11.5283135747 5.78468294974
479 27986 -0.0670239416504 -28.9606364077 -11.5156526905 5.74502402715
480 28265 -0.0671533229823 -28.9370402765 -11.5172018399 5.7370747413
481 28400 -0.0672823951802 -28.9135516991 -11.5207359865 5.78377413731
482 28108 -0.0674121358782 -28.8899928151 -11.5241981424 5.7703245761
483 28121 -0.0675418469048 -28.8664906168 -11.5218692275 5.75813060295
484 28210 -0.0676713523824 -28.8430766687 -11.5207377553 5.78912402903
485 28018 -0.0678013014044 -28.8196335952 -11.5256988101 5.75063002018
486 28234 -0.067930752509 -28.7963310441 -11.5133289893 5.77033130245
487 28156 -0.0680603822699 -28.7730468764 -11.5234922989 5.75211653659
488 28263 -0.068189767881 -28.7498568382 -11.5172066469 5.76980135617
489 28168 -0.0683193704227 -28.7266781138 -11.5138126482 5.7692704243
490 28145 -0.06844902559 -28.7035400857 -11.5179042614 5.78062343664
491 28059 -0.0685788791557 -28.680416726 -11.5181112909 5.75658187214
492 28204 -0.0687083998111 -28.6574024105 -11.5239983359 5.71276162085
493 28556 -0.0688371182256 -28.634579726 -11.5166481206 5.75056153843
494 28386 -0.0689662228839 -28.6117375534 -11.5205119064 5.74683285696
495 28365 -0.0690953753247 -28.5889358689 -11.509465751 5.73518965478
496 28442 -0.0692243529575 -28.5662137452 -11.5100856592 5.71123606704
497 28635 -0.069352894237 -28.543616762 -11.5080746573 5.76281118614
498 28321 -0.0694821470347 -28.5209431318 -11.498125673 5.71029464885
499 28608 -0.0696107503728 -28.4984314829 -11.5153463032 5.7589053894
500 28341 -0.0697399570566 -28.4758623389 -11.4957847636 5.72780936837
501 28488 -0.0698688307304 -28.4533992586 -11.5030105751 5.7197797418
502 28587 -0.0699974808781 -28.4310227005 -11.5081643703 5.74552853931
503 28430 -0.0701264845718 -28.408632216 -11.501161105 5.72857193601
504 28507 -0.0702553137449 -28.3863194106 -11.492572855 5.7175879736
505 28608 -0.0703839164 -28.3640929223 -11.4893032661 5.73224652612
506 28531 -0.0705126921165 -28.3418835165 -11.5021108701 5.71497808267
507 28633 -0.0706412373631 -28.319760612 -11.4970127051 5.72116675859
508 28618 -0.0707698181971 -28.2976781693 -11.5000545588 5.72517025483
509 28585 -0.0708984732093 -28.2756294768 -11.4995062041 5.70134466361
510 28747 -0.0710267638898 -28.2536893861 -11.4987531808 5.71960785431
511 28661 -0.0711552478869 -28.2317622946 -11.4998474132 5.68536701518
512 28885 -0.0712832323478 -28.2099661396 -11.5005056128 5.68280981767
513 28967 -0.0714110353188 -28.1882462536 -11.4885060267 5.68492434405
514 28975 -0.0715388215751 -28.1665743897 -11.4783676916 5.71882900455
515 28730 -0.0716671509803 -28.1448557389 -11.4867969899 5.69278727118
516 28850 -0.0717952120512 -28.1232276454 -11.486391361 5.70403789735
517 28802 -0.0719233799863 -28.1016265195 -11.4894397399 5.69960332555
518 28821 -0.0720515061811 -28.0800773038 -11.4942960763 5.68364382789
519 28943 -0.0721793625109 -28.0586180667 -11.4938918653 5.69662732983
520 28882 -0.0723073528324 -28.0371808189 -11.4818614756 5.69073669423
521 28908 -0.0724352858155 -28.0157975119 -11.4873096737 5.68964557027
522 28923 -0.0725631849952 -27.9944640304 -11.4863044174 5.69777803582
523 28868 -0.0726912063286 -27.973154273 -11.4916143274 5.70957756233
524 28767 -0.0728194526063 -27.9518511754 -11.4783139741 5.67963546908
525 28957 -0.0729472778858 -27.9306618021 -11.4823897712 5.68353361142
526 28982 -0.0730750478551 -27.9095251573 -11.4874937354 5.65002954635
527 29236 -0.0732022607147 -27.8885238096 -11.4886501089 5.649384052
528 29313 -0.0733293069621 -27.8675927964 -11.4901167338 5.65944694029
529 29260 -0.0734564689427 -27.8466854472 -11.4670516265 5.66476875635
530 29205 -0.0735837492477 -27.8258013261 -11.4766808235 5.65275562849
531 29279 -0.0737108689518 -27.804986051 -11.4740351673 5.67740887818
532 29117 -0.0738383420107 -27.7841554335 -11.4738429319 5.66738633133
533 29146 -0.0739657521982 -27.7633775086 -11.4741221798 5.65187465083
534 29269 -0.0740928938134 -27.7426855305 -11.4656832956 5.66765150524
535 29187 -0.0742202152313 -27.7220063579 -11.4708411563 5.66569947561
536 29178 -0.0743475552038 -27.7013661536 -11.4774530101 5.63753927142
537 29385 -0.0744744454512 -27.680840483 -11.4757262609 5.677761995
538 29144 -0.0746018597848 -27.660271736 -11.4776177237 5.61768202842
539 29525 -0.0747284498693 -27.6398773077 -11.4671867143 5.65215682877
540 29373 -0.0748553657007 -27.6194715614 -11.4694584005 5.62771852234
541 29514 -0.0749819783081 -27.5991555142 -11.470020534 5.66224773314
542 29295 -0.0751090638921 -27.5788045798 -11.4603646162 5.64292886624
543 29378 -0.0752359697986 -27.5585232929 -11.4630722771 5.63870007236
544 29433 -0.0753627569012 -27.5383016611 -11.4653255055 5.65324109146
545 29340 -0.0754897457667 -27.5180884768 -11.4704051859 5.63081910782
546 29482 -0.0756164285325 -27.4979644092 -11.4730416024 5.62018531719
547 29602 -0.0757428534229 -27.4779214107 -11.4565665384 5.64517361956
548 29447 -0.0758696101068 -27.4578659149 -11.4618412095 5.59989936585
549 29746 -0.0759957281864 -27.4379511971 -11.4540537475 5.63274391272
550 29581 -0.0761221979076 -27.4180206406 -11.4605842761 5.62200586967
551 29616 -0.0762485926591 -27.398141491 -11.463541817 5.62940142398
552 29570 -0.0763750859786 -27.3782863504 -11.4569458834 5.6168118393
553 29652 -0.0765014033676 -27.3584981553 -11.4617870828 5.61955172025
554 29655 -0.0766277159073 -27.3387499068 -11.4560682111 5.61281323642
555 29707 -0.0767539177186 -27.3190579915 -11.4576996992 5.61960223268
556 29670 -0.0768801982277 -27.2993927247 -11.45860425 5.61630668667
557 29684 -0.0770064475481 -27.2797711285 -11.4538105773 5.5885975831
558 29900 -0.0771322405609 -27.2602589389 -11.4552532872 5.59865508255
559 29884 -0.0772580678926 -27.2407797492 -11.441899154 5.63126110611
560 29630 -0.0773844317873 -27.221255958 -11.446804092 5.61537767228
561 29680 -0.0775106900138 -27.2017868792 -11.4532850235 5.5842033058
562 29933 -0.0776364143772 -27.1824381401 -11.4472465897 5.62580929004
563 29685 -0.0777626612095 -27.1630470589 -11.4379957506 5.58782630176
564 29906 -0.0778884411566 -27.1437655135 -11.4431440325 5.59181811437
565 29938 -0.0780141544187 -27.1245318069 -11.4510542763 5.58714553246
566 29983 -0.0781397732645 -27.1053500025 -11.4441092405 5.59750086626
567 29916 -0.078265533017 -27.086184081 -11.4449392664 5.58241870853
568 30013 -0.0783910884252 -27.0670865248 -11.4361240917 5.5748501409
569 30099 -0.0785164643739 -27.0480532729 -11.4389413396 5.59972499759
570 29931 -0.0786421920507 -27.0290036572 -11.434731205 5.57652132667
571 30063 -0.0787676432729 -27.0100327854 -11.4338695164 5.5767931421
572 30098 -0.0788930213041 -26.9911096617 -11.4330998092 5.5823560522
573 30065 -0.0790184687793 -26.9722126533 -11.4347297428 5.59002028012
574 29996 -0.0791440594689 -26.9533306372 -11.4363908779 5.56281560433
575 30188 -0.0792692508555 -26.9345449644 -11.4351839281 5.60677039412
576 29902 -0.0793950404981 -26.9157059293 -11.4301670059 5.57441711823
577 30071 -0.0795204748176 -26.8969563491 -11.4244524437 5.57519307559
578 30113 -0.0796458222964 -26.8782557986 -11.4256145204 5.57007100509
579 30165 -0.0797710624026 -26.8596071563 -11.4261222599 5.58978334789
580 30026 -0.0798965908306 -26.8409514791 -11.4245032714 5.56902729437
581 30148 -0.0800218650149 -26.8223693158 -11.4311071507 5.57184149091
582 30161 -0.0801471133076 -26.8038265749 -11.4261101517 5.57526882098
583 30138 -0.0802724094254 -26.7853122527 -11.4240905054 5.55735261128
584 30271 -0.0803974293257 -26.7668740357 -11.4238518702 5.54882221604
585 30375 -0.0805222339551 -26.7485026296 -11.4280739463 5.54622720244
586 30425 -0.080646936489 -26.7301811441 -11.4242449486 5.57495362812
587 30214 -0.0807720746087 -26.711830625 -11.422250305 5.56986914786
588 30195 -0.0808972525782 -26.6935092062 -11.4229511173 5.55706237517
589 30289 -0.0810222345661 -26.6752512426 -11.4082431457 5.5545271479
590 30336 -0.0811471209896 -26.6570418472 -11.4110548095 5.52681707052
591 30568 -0.0812715322571 -26.6389360354 -11.4173412119 5.54648323413
592 30477 -0.0813961281303 -26.6208375762 -11.4119749107 5.53599720553
593 30535 -0.0815206065975 -26.6027902726 -11.4213785972 5.55091515748
594 30433 -0.0816452929877 -26.5847469008 -11.4086260333 5.52904969724
595 30578 -0.0817696844219 -26.5667801033 -11.413841274 5.53703886389
596 30555 -0.081894121905 -26.5488404317 -11.407434144 5.54561520917
597 30481 -0.0820187111759 -26.5309126299 -11.4064678117 5.5221864301
598 30646 -0.0821429640826 -26.5130667738 -11.4049518885 5.53742921393
599 30571 -0.0822673691065 -26.4952325387 -11.3972368973 5.5273268734
600 30630 -0.0823916535838 -26.4774489343 -11.4168428215 5.53269537537
601 30604 -0.0825159911912 -26.4596909914 -11.4031992829 5.54054662278
602 30534 -0.0826404705418 -26.4419460418 -11.4191628186 5.51351039341
603 30730 -0.0827645528187 -26.4242907034 -11.4064096872 5.52206908346
604 30717 -0.0828886618167 -26.4066644384 -11.4020804743 5.51541572748
605 30767 -0.0830126706279 -26.3890851523 -11.3979251199 5.52515593943
606 30703 -0.0831368085731 -26.3715202598 -11.4122785576 5.51364765528
607 30777 -0.0832607967455 -26.3540091283 -11.3991827395 5.52422940626
608 30713 -0.0833849140553 -26.3365122704 -11.3946375256 5.49598380873
609 30922 -0.0835086109991 -26.3191069481 -11.3970324857 5.5168976861
610 30812 -0.0836325280665 -26.3017028732 -11.3966879646 5.50518916129
611 30876 -0.0837563177939 -26.2843487963 -11.3958013241 5.50134014201
612 30925 -0.0838800092198 -26.2670404726 -11.3864584851 5.50708827277
613 30892 -0.0840037660235 -26.2497548996 -11.401627933 5.50766553389
614 30878 -0.0841275507038 -26.2324972658 -11.3974096291 5.49854349685
615 30948 -0.0842511957936 -26.2152907907 -11.3929868898 5.49692872141
616 30981 -0.0843747754505 -26.1981249909 -11.3932495554 5.49225886318
617 31028 -0.0844982611201 -26.1810036877 -11.3930269622 5.48709263693
618 31083 -0.0846216369832 -26.1639289129 -11.3882428557 5.49172694836
619 31061 -0.0847450570761 -26.14687924 -11.3928800814 5.4696482204
620 31235 -0.0848681325098 -26.1299081952 -11.3828148168 5.49044030691
621 31114 -0.0849914474132 -26.1129351098 -11.3820948659 5.48475160257
622 31126 -0.0851147374814 -26.0959963614 -11.3871369973 5.47322803457
623 31224 -0.0852378345847 -26.0791148859 -11.380685326 5.49915361155
624 31040 -0.0853612964338 -26.0622141817 -11.3926158725 5.46757665345
625 31246 -0.0854843500988 -26.045399958 -11.3883563121 5.46797704311
626 31301 -0.0856072957777 -26.0286309223 -11.3794258616 5.47231528601
627 31281 -0.0857302812205 -26.011886817 -11.3936654636 5.47426934154
628 31259 -0.0858533092863 -25.9951672034 -11.3796996514 5.47735837921
629 31228 -0.0859763994388 -25.9784693952 -11.3782847436 5.46118740577
630 31352 -0.0860992453125 -25.9618348063 -11.3758388365 5.47500648173
631 31273 -0.0862222461731 -25.9452092601 -11.3732614816 5.46605117201
632 31324 -0.0863451458004 -25.9286273301 -11.383633134 5.45938467238
633 31394 -0.0864679095312 -25.9120935281 -11.3877354734 5.45459145416
634 31453 -0.0865905572825 -25.8956050025 -11.3752152128 5.4557702946
635 31460 -0.0867131917472 -25.8791478234 -11.3818688943 5.44994872899
636 31510 -0.0868357282691 -25.8627332341 -11.3641844789 5.47549879095
637 31313 -0.0869586505038 -25.8462964725 -11.3794547155 5.44074918869
638 31545 -0.0870811190338 -25.8299496821 -11.3704642138 5.44735655021
639 31556 -0.0872035672288 -25.8136347716 -11.370308957 5.43954536649
640 31624 -0.0873258831543 -25.7973665253 -11.3708688378 5.45218309703
641 31538 -0.0874483663983 -25.7811050345 -11.3658983575 5.43554571901
642 31653 -0.0875706274752 -25.764901915 -11.3744603359 5.45019613707
643 31562 -0.087693062862 -25.7487045304 -11.3754651432 5.41985248294
644 31791 -0.0878150571642 -25.7325941252 -11.3703874696 5.4381486862
645 31702 -0.0879372232056 -25.7164896021 -11.3711357545 5.44250114738
646 31640 -0.0880595076559 -25.7003980196 -11.3616817278 5.42719137483
647 31751 -0.0881815781989 -25.6843630009 -11.3596029286 5.44180763795
648 31660 -0.0883038249601 -25.6683332135 -11.3580378564 5.42637755827
649 31764 -0.0884258715005 -25.6523579374 -11.3625773982 5.43699237359
650 31704 -0.0885480334036 -25.6363957624 -11.3595617122 5.41844355558
651 31843 -0.0886699278568 -25.6204965837 -11.3597305028 5.42609431997
652 31818 -0.0887918710481 -25.6046190127 -11.3602103413 5.43512852741
653 31735 -0.0889139737293 -25.5887486288 -11.3594830486 5.41519753212
654 31879 -0.0890357989504 -25.5729421136 -11.3567453606 5.41149119116
655 31951 -0.0891574867374 -25.5571810863 -11.3512814312 5.43047099681
656 31811 -0.08927944279 -25.5414129748 -11.353455388 5.41518264237
657 31901 -0.0894012267928 -25.5256946714 -11.3496545164 5.41462389624
658 31931 -0.0895229534264 -25.510011227 -11.3445746288 5.42120241753
659 31884 -0.0896447703417 -25.4943435593 -11.3547307325 5.39896755413
660 32059 -0.0897662529893 -25.4787461211 -11.3482639916 5.40854312895
661 32027 -0.0898877969566 -25.4631679613 -11.3455279943 5.4085469018
662 32018 -0.0900093580209 -25.4476147057 -11.350803378 5.39110681673
663 32165 -0.0901306419447 -25.4321238458 -11.3450613664 5.40291755142
664 32105 -0.0902520387185 -25.4166454479 -11.3450722322 5.40432433107
665 32076 -0.0903734900399 -25.4011869337 -11.353265192 5.38202342348
666 32259 -0.0904945962494 -25.385799009 -11.3387717582 5.40681145685
667 32098 -0.0906160063219 -25.3703991336 -11.3530148705 5.39213730573
668 32178 -0.0907372643442 -25.3550451195 -11.3453113343 5.39853599666
669 32146 -0.0908585834063 -25.3397098882 -11.3466124097 5.38229772579
670 32276 -0.090979656902 -25.3244320694 -11.3341969852 5.38898479458
671 32255 -0.0911007698324 -25.3091755666 -11.353288268 5.39536663456
672 32195 -0.0912219969961 -25.293930942 -11.3403403618 5.38823415926
673 32239 -0.0913431405287 -25.278723022 -11.3423597634 5.38277093829
674 32299 -0.0914641725077 -25.2635551833 -11.3430950889 5.39600437564
675 32202 -0.0915853868108 -25.248390555 -11.3488480229 5.36681629467
676 32426 -0.0917061804024 -25.233304439 -11.3349100423 5.39234185055
677 32268 -0.0918272688838 -25.218207358 -11.3412720111 5.37690493134
678 32357 -0.0919481907448 -25.203156829 -11.3341113028 5.37075305692
679 32436 -0.0920689663645 -25.1881501521 -11.3333151919 5.37066132066
680 32459 -0.0921896991298 -25.1731743576 -11.3320533524 5.36604031481
681 32506 -0.0923103451755 -25.1582347823 -11.3338062865 5.36680677262
682 32512 -0.0924309790961 -25.1433220954 -11.3301844202 5.36897287898
683 32495 -0.0925516449082 -25.1284307991 -11.336118963 5.3591865958
684 32576 -0.0926721613739 -25.1135831608 -11.3292715698 5.3646423394
685 32551 -0.09279272389 -25.0987550131 -11.3274425557 5.36044307761
686 32580 -0.0929132315124 -25.0839587068 -11.3395238951 5.36912367582
687 32513 -0.0930338643966 -25.0691720823 -11.328546034 5.37312107911
688 32459 -0.0931545967476 -25.0543983098 -11.3262474041 5.34304002147
689 32707 -0.0932748709704 -25.0397054487 -11.3309265123 5.33570688346
690 32842 -0.0933948978834 -25.0250674663 -11.3226256621 5.36102155644
691 32657 -0.0935152645552 -25.0104127344 -11.3243984424 5.36611165453
692 32561 -0.0936358088339 -24.9957610941 -11.3302927624 5.33603890032
693 32798 -0.0937559167399 -24.9811870325 -11.3304528071 5.34698350658
694 32768 -0.0938760790701 -24.966630819 -11.3211632372 5.33453440839
695 32869 -0.0939960555818 -24.9521214569 -11.3201392908 5.34678549943
696 32789 -0.094116178269 -24.9376187251 -11.3166491826 5.33132964587
697 32904 -0.0942360921667 -24.9231654019 -11.3320601106 5.34434706233
698 32821 -0.0943561575132 -24.9087179915 -11.3167071031 5.33078947357
699 32918 -0.0944760462325 -24.8943159051 -11.3186986906 5.33193829388
700 32935 -0.0945959038184 -24.8799415443 -11.317323433 5.33209587079
701 32938 -0.0947157552631 -24.8655918427 -11.3189417488 5.33796832312
702 32887 -0.0948357001093 -24.8512548506 -11.3214524151 5.3280492472
703 32961 -0.0949555106861 -24.8369577118 -11.3129749366 5.32048881948
704 33049 -0.0950751612157 -24.8227033578 -11.3177955775 5.31260029957
705 33144 -0.0951946394034 -24.8084930979 -11.3099017764 5.31949452906
706 33109 -0.0953141808629 -24.7942988205 -11.3156891576 5.31892506865
707 33104 -0.095433730843 -24.7801269917 -11.3156601452 5.30650496606
708 33214 -0.0955530825744 -24.7660020107 -11.3079448709 5.32099508122
709 33115 -0.0956726129228 -24.751879215 -11.3145989151 5.30431531312
710 33237 -0.0957919236807 -24.7378055861 -11.3121985216 5.30188186317
711 33294 -0.0959111334478 -24.7237669857 -11.3031796533 5.31692124889
712 33174 -0.0960305576536 -24.7097262454 -11.3128830964 5.30982702922
713 33204 -0.0961499276564 -24.6957149411 -11.3080276174 5.30133448467
714 33289 -0.0962691452173 -24.6817444893 -11.3087355851 5.30131406247
715 33313 -0.0963883196308 -24.6678019715 -11.3031281366 5.3051832724
716 33285 -0.096507544534 -24.6538763807 -11.3072483106 5.3049914843
717 33279 -0.0966267804079 -24.6399722965 -11.3107431001 5.30944180267
718 33237 -0.0967460912433 -24.6260822274 -11.2988201846 5.30699198043
719 33247 -0.0968653836206 -24.6122170118 -11.3008549891 5.29295640603
720 33377 -0.0969844440604 -24.5984013372 -11.3039164448 5.28349568729
721 33500 -0.0971032862658 -24.5846334325 -11.3117613906 5.29104815632
722 33466 -0.097222189138 -24.5708808895 -11.3036848532 5.30721657079
723 33310 -0.0973413703347 -24.5571185764 -11.3062544668 5.27413518234
724 33566 -0.097460094821 -24.543431268 -11.2989638669 5.2792426783
725 33592 -0.0975787740246 -24.529771339 -11.3059695274 5.27615063281
726 33628 -0.0976973903391 -24.5161407338 -11.2974475793 5.29215692518
727 33491 -0.0978162475704 -24.502504539 -11.2992249023 5.28830415065
728 33488 -0.0979351105661 -24.4888897502 -11.2938919181 5.2773228301
729 33588 -0.0980537975325 -24.4753170915 -11.3014758273 5.29378938341
730 33465 -0.0981727009792 -24.4617416367 -11.2929105462 5.2593126145
731 33746 -0.0982911082591 -24.4482446218 -11.2945096435 5.29547010307
732 33494 -0.0984099607727 -24.4347186734 -11.2943271435 5.28940431784
733 33479 -0.0985288400591 -24.4212114935 -11.2861328271 5.26319856046
734 33715 -0.0986473031781 -24.4077732517 -11.2876111027 5.26552639802
735 33760 -0.0987656869024 -24.3943655594 -11.2872791628 5.2708667988
736 33723 -0.0988841347847 -24.3809721042 -11.2842136706 5.28883130084
737 33548 -0.0990028913108 -24.3675652925 -11.2916022201 5.24571684446
738 33896 -0.0991210374772 -24.3542487421 -11.3001551906 5.27993919113
739 33678 -0.0992395652748 -24.3409105318 -11.2856087007 5.26347519697
740 33768 -0.0993579341054 -24.3276115073 -11.2917629077 5.24519375783
741 33963 -0.0994759630196 -24.3143718153 -11.29043271 5.270902627
742 33780 -0.0995943119959 -24.3011173697 -11.283848852 5.26126015002
743 33817 -0.0997125947358 -24.2878914533 -11.286472071 5.23195862919
744 34101 -0.0998303856037 -24.2747414617 -11.2817976955 5.28280766646
745 33708 -0.0999488599144 -24.2615361872 -11.2843174182 5.24471955611
746 33950 -0.100066910729 -24.2483990316 -11.2831068257 5.24623574996
747 34005 -0.100184867284 -24.2352931708 -11.2795392718 5.23018781472
748 34170 -0.100302537593 -24.2222397882 -11.2793366509 5.24787368877
749 34051 -0.100420413752 -24.2091842262 -11.2781530708 5.2483312309
750 34014 -0.100538354989 -24.1961421002 -11.2755113965 5.23566568645
751 34122 -0.100656109471 -24.1831411795 -11.2736835033 5.23712533158
752 34138 -0.100773835102 -24.1701639271 -11.2730108415 5.25778747908
753 33950 -0.100891887009 -24.1571712275 -11.2757187805 5.22835458001
754 34172 -0.101009554498 -24.1442412373 -11.2789451618 5.22479970975
755 34268 -0.101127056676 -24.1313496907 -11.2753565408 5.23802567723
756 34171 -0.101244726355 -24.1184600285 -11.2775829968 5.24396744814
757 34088 -0.101362538883 -24.1055749855 -11.2741516124 5.25311922
758 33979 -0.101480539556 -24.0926896469 -11.2688535163 5.20714591688
759 34380 -0.101597850037 -24.0798997498 -11.2683156422 5.22953116865
760 34282 -0.101715328612 -24.0671115397 -11.2810588181 5.2236520625
761 34310 -0.10183275919 -24.0543485248 -11.2683937358 5.23063917804
762 34252 -0.101950289261 -24.0415946433 -11.2732687266 5.21253707244
763 34407 -0.102067554596 -24.0288893328 -11.2703005849 5.22597934029
764 34323 -0.102184962826 -24.0161883526 -11.2606044314 5.23472512311
765 34217 -0.102302552705 -24.0034875477 -11.2630783475 5.21398917024
766 34383 -0.102419858388 -23.9908371636 -11.261020981 5.21689165538
767 34402 -0.102537131195 -23.9782099734 -11.2673826556 5.22401361515
768 34340 -0.10265451004 -23.9655909942 -11.2645592314 5.21628067812
769 34396 -0.102771793585 -23.9530018299 -11.2687274828 5.2011975249
770 34555 -0.102888806456 -23.94046117 -11.2592941216 5.23403297627
771 34288 -0.103006274296 -23.9278912473 -11.2609481135 5.17957766389
772 34732 -0.103122989481 -23.9154211693 -11.2617882522 5.22880028478
773 34387 -0.103240288907 -23.9029080146 -11.2637201451 5.1984097884
774 34580 -0.10335726102 -23.8904490454 -11.257302676 5.19557177742
775 34661 -0.103474095218 -23.8780239313 -11.2632413883 5.20605574277
776 34584 -0.103591060502 -23.86560402 -11.2563593297 5.19501196041
777 34668 -0.10370788375 -23.8532182679 -11.2562216875 5.19765496027
778 34666 -0.103824709914 -23.8408512307 -11.2544545833 5.1793547323
779 34842 -0.103941241184 -23.8285343212 -11.2586025507 5.19809844941
780 34710 -0.104057992512 -23.8162130505 -11.2536409411 5.17849098323
781 34862 -0.104174489021 -23.8039374848 -11.2559130794 5.18211802265
782 34870 -0.104290972623 -23.7916820268 -11.2539944157 5.19171483187
783 34780 -0.104407607614 -23.7794293826 -11.2557394759 5.18553255395
784 34814 -0.104524184952 -23.7672014941 -11.2575388547 5.17103623295
785 34964 -0.104640511947 -23.7550184574 -11.2493752721 5.19873078943
786 34738 -0.104757216365 -23.7428145157 -11.2523230397 5.19564642499
787 34705 -0.104873976995 -23.7306233214 -11.2422775311 5.17918074306
788 34854 -0.104990487016 -23.7184768229 -11.2522018721 5.15993159885
789 35084 -0.105106615706 -23.7063884576 -11.247365217 5.19707731341
790 34788 -0.105223237488 -23.6942671889 -11.2467562652 5.1563334884
791 35100 -0.105339339028 -23.682218293 -11.2485416795 5.17315758255
792 35024 -0.105455566691 -23.6701745577 -11.2461112929 5.17343402665
793 35000 -0.105571834173 -23.6581449253 -11.245616805 5.17936138766
794 34936 -0.105688208663 -23.6461224389 -11.2384481296 5.17171873314
795 34992 -0.10580448949 -23.6341277932 -11.2420484454 5.15137960941
796 35207 -0.105920415358 -23.622187797 -11.2449557802 5.19682000282
797 34824 -0.106036975975 -23.6102005397 -11.2427557546 5.15415167496
798 35132 -0.106153025314 -23.5982838699 -11.2468344771 5.15146389543
799 35245 -0.106268887428 -23.5864043106 -11.2414257241 5.16608445422
800 35134 -0.106384933623 -23.5745237516 -11.2410880401 5.15673302768
801 35194 -0.10650087999 -23.5626712399 -11.2377498805 5.1470285833
802 35306 -0.106616641689 -23.5508553441 -11.2369893953 5.12699279011
803 35537 -0.106732027812 -23.539095384 -11.2426463338 5.17592765882
804 35118 -0.106848099205 -23.5272832727 -11.2385347156 5.13780094373
805 35376 -0.106963746938 -23.5155318834 -11.2451058339 5.15924721576
806 35237 -0.107079622313 -23.5037749521 -11.2366879922 5.13384941005
807 35449 -0.107195151088 -23.492070678 -11.2349950383 5.14844954487
808 35364 -0.107310818457 -23.480369821 -11.2365785872 5.1254015963
809 35569 -0.107426152192 -23.4687200702 -11.2397252567 5.1556899785
810 35326 -0.107541881846 -23.457047711 -11.2402725461 5.13040340933
811 35508 -0.107657313903 -23.4454226756 -11.2323191552 5.14441881921
812 35420 -0.107772889151 -23.4338005012 -11.2333967028 5.13951651051
813 35444 -0.107888425385 -23.4221994966 -11.2337450295 5.12815650453
814 35564 -0.108003766984 -23.4106351988 -11.2322206317 5.13479875735
815 35532 -0.108119161186 -23.3990827511 -11.2302770116 5.11894089347
816 35681 -0.10823431361 -23.3875715468 -11.2264211425 5.11851076214
817 35727 -0.108349391361 -23.3760847747 -11.2221819996 5.13793676316
818 35546 -0.108464762332 -23.3645857251 -11.2253110055 5.12745710165
819 35600 -0.108580046048 -23.3531123294 -11.226184422 5.12729638279
820 35617 -0.108695302589 -23.3416585473 -11.225949561 5.10963694317
821 35799 -0.108810265921 -23.33025071 -11.2229814242 5.12001774684
822 35745 -0.108925314704 -23.3188511622 -11.2243773715 5.13974047139
823 35533 -0.109040706697 -23.3074344222 -11.2205581453 5.10194233766
824 35852 -0.109155583866 -23.2960853099 -11.2233078636 5.1236630818
825 35724 -0.109270667712 -23.2847324437 -11.2189874349 5.0968212828
826 35958 -0.109385375367 -23.2734332508 -11.2232234305 5.11933810294
827 35797 -0.109500341719 -23.2621251319 -11.2217611878 5.10209915369
828 35925 -0.109615101731 -23.2508538046 -11.21967964 5.11848254391
829 35796 -0.109730069041 -23.2395786086 -11.2164643082 5.10272493932
830 35919 -0.109844839621 -23.2283391358 -11.2140645932 5.09231362098
831 36059 -0.109959386575 -23.2171378958 -11.2158467086 5.13242858286
832 35693 -0.110074519411 -23.2058957722 -11.2137557051 5.09371332818
833 35981 -0.110189190851 -23.1947150186 -11.2112237805 5.09075406395
834 36093 -0.110303684818 -23.1835677817 -11.2132946942 5.10628545767
835 35966 -0.110418379871 -23.1724171759 -11.2105751225 5.0826230582
836 36171 -0.110532749105 -23.1613143666 -11.2158558624 5.1066813662
837 35984 -0.110647415879 -23.1501987994 -11.2193158491 5.08999887337
838 36101 -0.110761896295 -23.1391173725 -11.2139017766 5.07736145364
839 36263 -0.110876120201 -23.1280767499 -11.2106916977 5.09569981891
840 36121 -0.110990568687 -23.1170303908 -11.2127375244 5.09570961354
841 36081 -0.111105080309 -23.1059939044 -11.2069301351 5.08064772582
842 36224 -0.111219366248 -23.0949950601 -11.2062664822 5.09268952214
843 36141 -0.11133378333 -23.0839994643 -11.2140521099 5.08014802012
844 36246 -0.111448034491 -23.0730356252 -11.202485684 5.0755326683
845 36323 -0.111562164474 -23.062099157 -11.2070391977 5.0715590689
846 36386 -0.111676196201 -23.0511877856 -11.2066154644 5.07189878795
847 36400 -0.111790205666 -23.0402941823 -11.1984650312 5.08282053627
848 36291 -0.111904385535 -23.0293999361 -11.2012697842 5.07712927465
849 36319 -0.112018521434 -23.0185254948 -11.2046639626 5.07552101886
850 36344 -0.112132618975 -23.0076702751 -11.1982324786 5.07997810957
851 36305 -0.112246777544 -22.9968247938 -11.2017465294 5.08653047234
852 36227 -0.112361059242 -22.9859831571 -11.2065838985 5.06722898572
853 36403 -0.1124750634 -22.9751833121 -11.1971299677 5.05895308533
854 36539 -0.112588856107 -22.9644188671 -11.2043360118 5.06462193452
855 36518 -0.112702680832 -22.9536667232 -11.1971740083 5.05044309229
856 36660 -0.112816285526 -22.9429506203 -11.195785544 5.05510994616
857 36651 -0.112929903709 -22.9322484583 -11.1989677546 5.08609587769
858 36328 -0.113044026726 -22.9215140286 -11.1940822205 5.0466186368
859 36646 -0.113157653061 -22.9108415046 -11.1907025981 5.06810597077
860 36512 -0.113271487429 -22.9001646059 -11.1865923917 5.05181573799
861 36644 -0.11338511694 -22.8895220292 -11.1909256887 5.04059432556
862 36799 -0.113498507426 -22.8789168553 -11.1902709179 5.06248014446
863 36613 -0.113612184456 -22.868299908 -11.1891047006 5.03715149377
864 36826 -0.113725532788 -22.8577286096 -11.1958673262 5.0594084879
865 36653 -0.113839148489 -22.8471473263 -11.1982565992 5.06056184191
866 36592 -0.113952857853 -22.8365722766 -11.1893411068 5.03582321186
867 36834 -0.11406619387 -22.8260468076 -11.1863092811 5.04757184695
868 36779 -0.114179614763 -22.8155282778 -11.1877743996 5.03525640498
869 36893 -0.114292860349 -22.8050407688 -11.185620221 5.03215630435
870 36958 -0.114406006579 -22.7945771634 -11.1875210927 5.03808048501
871 36913 -0.114519220606 -22.784121968 -11.186620261 5.01922602202
872 37100 -0.11463214919 -22.7737077324 -11.1845438708 5.03266675395
873 37010 -0.114745214843 -22.7632954345 -11.1801426059 5.04418449143
874 36864 -0.114858505222 -22.7528770428 -11.1784530584 5.02589199711
875 37016 -0.114971562688 -22.742494612 -11.1852288385 5.01544640287
876 37169 -0.115084385913 -22.7321481447 -11.1810613521 5.02689257261
877 37091 -0.115197328777 -22.7218051379 -11.177992434 5.03709159689
878 36961 -0.115310469809 -22.7114584319 -11.1821598977 5.01823135615
879 37124 -0.115423361666 -22.7011488978 -11.1823289321 5.02264635418
880 37123 -0.115536255079 -22.6908535622 -11.1801927753 5.01324323069
881 37223 -0.115648996908 -22.6805863338 -11.1829277244 5.01158442599
882 37269 -0.115761669314 -22.67033966 -11.1757283419 5.01688496164
883 37225 -0.115874407867 -22.660101183 -11.1835329281 5.01665951868
884 37215 -0.115987161466 -22.6498755307 -11.1753636141 5.01030797964
885 37280 -0.116099816639 -22.6396729502 -11.1793671631 5.01820199785
886 37214 -0.116212571816 -22.629475443 -11.1739186379 5.00386551947
887 37349 -0.116325123266 -22.619310431 -11.1713900358 5.02972511893
888 37111 -0.116438035493 -22.6091269329 -11.1676700002 4.99653626381
889 37399 -0.116550512362 -22.5989967102 -11.1664574546 5.00099385468
890 37432 -0.116662938988 -22.5888849591 -11.1769680023 4.98952801199
891 37565 -0.116775166334 -22.5788050107 -11.1681485611 5.02727412254
892 37197 -0.116887947953 -22.5686892213 -11.1703581184 5.03261313439
893 37038 -0.11700097137 -22.558565738 -11.1688093662 4.97324747452
894 37629 -0.117113102979 -22.5485359503 -11.1663337776 5.00045381801
895 37502 -0.117225424212 -22.5385029707 -11.1615012683 4.98939677939
896 37586 -0.117337619962 -22.528494931 -11.1677203008 4.99895261846
897 37507 -0.117449934931 -22.5184899752 -11.1688507875 4.97708398002
898 37722 -0.117561929529 -22.5085271982 -11.1717082474 5.00724412512
899 37455 -0.117674321701 -22.4985427209 -11.1665511226 4.9700008977
900 37784 -0.117786223677 -22.4886153656 -11.1615981511 5.00562707354
901 37490 -0.117898563897 -22.4786627301 -11.1740131009 4.99077731767
902 37568 -0.118010787012 -22.4687340467 -11.1664150964 4.98750540924
903 37625 -0.118122924471 -22.4588264698 -11.1641793773 4.98776050891
904 37639 -0.118235042178 -22.4489341313 -11.1669867454 4.98270590715
905 37698 -0.118347072315 -22.4390629692 -11.1708490024 4.9848869821
906 37690 -0.118459113069 -22.4292042924 -11.1560316921 4.99203277676
907 37611 -0.118571272679 -22.4193485737 -11.1675784865 4.97871612552
908 37733 -0.118683250034 -22.4095222353 -11.1551974047 4.99654273301
909 37574 -0.118795464622 -22.3996884495 -11.1506257885 4.95458818945
910 37987 -0.118907067426 -22.3899215267 -11.1518748385 4.97524663421
911 37877 -0.119018832452 -22.3801536239 -11.1571797369 4.94643537238
912 38163 -0.119130177183 -22.3704355803 -11.1538641278 4.96341679391
913 38056 -0.119241678628 -22.3607169631 -11.1574405332 4.97709888827
914 37876 -0.119353445178 -22.3509883743 -11.1548945161 4.95384207932
915 38081 -0.11946491006 -22.3412991162 -11.1498945455 4.94878181282
916 38195 -0.119576208558 -22.3316373218 -11.1529723147 4.97500299667
917 37937 -0.119687884207 -22.3219558189 -11.1523166232 4.97769740186
918 37836 -0.119799709495 -22.3122743984 -11.1513616401 4.95588310719
919 38047 -0.119911223956 -22.3026328727 -11.1532111721 4.96956307492
920 37956 -0.120022872384 -22.2929927291 -11.1489223104 4.94206549435
921 38234 -0.120134113798 -22.2834006058 -11.1422149025 4.95343449339
922 38186 -0.120245424829 -22.2738153207 -11.1412809682 4.94937526149
923 38218 -0.120356689862 -22.2642468093 -11.1451160078 4.93823952384
924 38351 -0.120467761789 -22.2547076571 -11.1464812914 4.95013659603
925 38256 -0.120578971826 -22.2451693844 -11.1460990736 4.95246259912
926 38203 -0.120690258163 -22.2356373053 -11.1424474498 4.92423081453
927 38503 -0.120801109757 -22.2261551069 -11.1384859652 4.9270851337
928 38556 -0.120911885526 -22.2166919764 -11.1313892795 4.94212604081
929 38402 -0.121022883047 -22.207222494 -11.1459148463 4.91431088097
930 38672 -0.12113349321 -22.1977985726 -11.1382223903 4.97034148364
931 38121 -0.121244900178 -22.1883193678 -11.1522042671 4.9391566291
932 38313 -0.121356026651 -22.1788766071 -11.1462625442 4.95353205493
933 38207 -0.121467307041 -22.1694333317 -11.1430431575 4.92357271062
934 38512 -0.121578146361 -22.1600399602 -11.1377800722 4.93598253602
935 38459 -0.121689062328 -22.1506525322 -11.1399728635 4.92955791123
936 38516 -0.121799895871 -22.1412844864 -11.137163992 4.92837251412
937 38545 -0.121910687199 -22.1319323801 -11.1362420983 4.91548758808
938 38699 -0.12202125852 -22.1226111538 -11.1289081806 4.91946328318
939 38697 -0.122131832155 -22.1133020063 -11.1324340752 4.92216960169
940 38666 -0.122242450343 -22.1040013665 -11.1350440146 4.93061810189
941 38562 -0.122353217553 -22.0947004599 -11.1324793386 4.92989558121
942 38541 -0.122464014936 -22.0854092728 -11.1321797065 4.90845766506
943 38777 -0.122574474226 -22.0761586131 -11.131740317 4.92431718972
944 38664 -0.12268509509 -22.0669065831 -11.1255053451 4.90925523111
945 38803 -0.12279551775 -22.057683245 -11.1323579367 4.91706815016
946 38754 -0.122906011034 -22.0484661008 -11.1340294489 4.91938341012
947 38714 -0.12301656134 -22.0392562834 -11.1263660675 4.90887342933
948 38822 -0.123126957765 -22.0300713246 -11.1174516654 4.90391590817
949 38908 -0.123237230841 -22.0209086165 -11.123717223 4.8875940599
950 39120 -0.123347205784 -22.0117825913 -11.1278289901 4.91840901911
951 38827 -0.123457594872 -22.0026341389 -11.1274949919 4.91856255359
952 38743 -0.12356810273 -21.9934878026 -11.1205703083 4.89462655628
953 38992 -0.123678257221 -21.9843825994 -11.1196613527 4.90552312819
954 38938 -0.123788488636 -21.9752828955 -11.1228442516 4.88392407899
955 39170 -0.123898392319 -21.9662220331 -11.1246172467 4.90938446003
956 38943 -0.124008615802 -21.9571466045 -11.1242137592 4.90169564235
957 38968 -0.124118804794 -21.9480858047 -11.1208827298 4.89249029842
958 39080 -0.124228835043 -21.9390497981 -11.1231506947 4.88512146231
959 39197 -0.124338701802 -21.9300389016 -11.1253955952 4.90634161873
960 38986 -0.124448865465 -21.9210153551 -11.1187381359 4.88168163989
961 39210 -0.124558713838 -21.9120292789 -11.1178910533 4.89915775102
962 39072 -0.124668756252 -21.9030389671 -11.1180098428 4.89546514211
963 39076 -0.12477879339 -21.894060712 -11.1164847186 4.89925611405
964 39033 -0.124888890231 -21.8850891991 -11.1146069511 4.89619172853
965 39056 -0.124998954547 -21.8761319269 -11.1076655587 4.86614312769
966 39410 -0.125108523993 -21.8672264176 -11.1057569243 4.8893775941
967 39240 -0.125218329941 -21.8583131659 -11.1106656126 4.87681825536
968 39338 -0.125327999422 -21.8494224411 -11.1132488705 4.87521180968
969 39384 -0.125437604506 -21.8405483484 -11.1111855524 4.87122277089
970 39444 -0.125547127115 -21.8316923079 -11.1069057987 4.87020647271
971 39472 -0.12565660988 -21.8228508326 -11.1129691999 4.8803355484
972 39362 -0.125766245482 -21.8140083591 -11.1091608532 4.87626129522
973 39379 -0.125875858144 -21.8051790642 -11.1092100653 4.85076762284
974 39681 -0.125985052029 -21.7963947433 -11.1041629741 4.8803557472
975 39420 -0.126094606897 -21.7875926378 -11.1000682948 4.85857076859
976 39601 -0.126203910918 -21.7788219015 -11.1029186298 4.87707391041
977 39436 -0.126313443685 -21.7700440272 -11.0985737835 4.85337615861
978 39667 -0.12642265749 -21.7613028737 -11.107632888 4.87910611247
979 39431 -0.126532197566 -21.7525467794 -11.1066956109 4.85034912302
980 39701 -0.126641364386 -21.7438316337 -11.1010457682 4.85792862435
981 39688 -0.126750548974 -21.7351261455 -11.1020857235 4.85476424931
982 39722 -0.126859687426 -21.7264353859 -11.099611126 4.85373503142
983 39743 -0.126968796117 -21.7177580195 -11.1017940684 4.86139271916
984 39659 -0.127078020505 -21.7090824712 -11.0931411865 4.85553797519
985 39704 -0.127187182672 -21.7004228611 -11.0918338254 4.82935236027
986 40027 -0.127295904138 -21.6918091178 -11.1041099433 4.8761022498
987 39566 -0.127405257446 -21.6831562752 -11.0864961709 4.84388548663
988 39815 -0.127514267259 -21.6745415331 -11.0843504257 4.84551604682
989 39867 -0.127623207273 -21.6659431804 -11.0958525617 4.85478786509
990 39772 -0.127732277207 -21.6573454433 -11.0952073504 4.8528223801
991 39768 -0.127841351876 -21.6487581906 -11.091278656 4.83783507999
992 39944 -0.1279501858 -21.6402006938 -11.0884203267 4.85128033335
993 39835 -0.128059169536 -21.6316422111 -11.0927662648 4.82020397012
994 40173 -0.12816769267 -21.6231306129 -11.0907168368 4.85306338666
995 39877 -0.128276618011 -21.6145982004 -11.0803614828 4.83969084373
996 39953 -0.128385440051 -21.6060845963 -11.0824037788 4.82906145386
997 40101 -0.128494061154 -21.5975973753 -11.0852633659 4.8234714831
998 40210 -0.128602535454 -21.5891322375 -11.0879920964 4.85592533365
999 39854 -0.128711493038 -21.5806400425 -11.0912118989 4.82553352336
1000 40115 -0.128820095035 -21.5721861723 -11.0846028321 4.82985113864
1001 40137 -0.128928667146 -21.5637451979 -11.0854051969 4.836435149
1002 40065 -0.129037337337 -21.5553071621 -11.0814177457 4.82676540515
1003 40160 -0.129145878585 -21.5468896694 -11.0784246116 4.82616674292
1004 40194 -0.129254374046 -21.538486227 -11.0905246122 4.8461809547
1005 39965 -0.129363180164 -21.5300692467 -11.0831793978 4.81655021504
1006 40254 -0.129471594423 -21.5216930431 -11.0765065575 4.82719376454
1007 40208 -0.129580070882 -21.5133224689 -11.0867534128 4.8187406558
1008 40297 -0.129688428097 -21.5049714988 -11.0738879272 4.82178307195
1009 40285 -0.129796800842 -21.4966297126 -11.0739208837 4.81394767192
1010 40376 -0.129905051451 -21.4883076733 -11.077848727 4.83170163198
1011 40188 -0.130013554762 -21.4799765649 -11.0795559291 4.80304075112
1012 40480 -0.130121665749 -21.4716858756 -11.0809685052 4.81161784673
1013 40459 -0.130229805316 -21.4634032577 -11.0654119464 4.81413750754
1014 40423 -0.130337993493 -21.4551271701 -11.0776753478 4.81418705793
1015 40412 -0.130446195988 -21.4468602271 -11.0678245926 4.8124782717
1016 40429 -0.130554374993 -21.4386052981 -11.0730645071 4.80861198391
1017 40481 -0.130662485107 -21.4303658164 -11.0701202831 4.80479515873
1018 40542 -0.130770514003 -21.4221426828 -11.076965128 4.80167140367
