gpomdp_grad 0.95 1.61660056386e-05 -0.588403348999

1 1000 0 -56.6666666667 -12.0787607857 2.6752736194
2 6356 0 -56.6666666667 -12.1923092886 6.95610853524
3 5873 -0.000154018280852 -56.5238378596 -12.1166445616 6.81130997774
4 5925 -0.00030737784181 -56.3824264917 -12.1569647321 6.96684673613
5 5751 -0.00046306821519 -56.2396822052 -12.164803732 6.85013496408
6 5845 -0.000617525242332 -56.0988745345 -12.1140975771 6.97856591147
7 5718 -0.000773712218204 -55.95729901 -12.209959234 6.75464825785
8 5956 -0.000926765191574 -55.8193470444 -12.1085949865 6.73696613537
9 6050 -0.00107865369218 -55.6832042497 -12.0972616433 7.02272686275
10 5723 -0.00123483308243 -55.5439978675 -12.1321469267 6.8245269432
11 5874 -0.00138901675153 -55.4073420735 -12.0438481734 6.93873375492
12 5779 -0.00154448596284 -55.2703167889 -12.1062842782 6.80275739381
13 5920 -0.00169811818696 -55.1356637136 -12.1289655005 6.85545814509
14 5896 -0.00185208593196 -55.0014614791 -12.094461795 6.81678984017
15 5939 -0.00200552292723 -54.8684576371 -12.1211231501 6.87116261332
16 5885 -0.00215968870361 -54.7355557448 -12.1068486164 6.74995454554
17 6023 -0.00231209891598 -54.604884282 -12.0997768007 6.86859247718
18 5914 -0.00246593472527 -54.4737076112 -12.1223500596 6.75474183315
19 6028 -0.00261832925517 -54.3444644809 -12.1592233361 7.12914638615
20 5607 -0.00277637249744 -54.2111654379 -12.1483970847 6.80292277716
21 5880 -0.00293072649171 -54.0816941881 -12.0902973187 6.78039252162
22 5990 -0.00308368048722 -53.9540896676 -12.1098623131 6.86094457628
23 5921 -0.00323754342653 -53.8264166716 -12.1435410379 6.7623659139
24 6027 -0.00339006889494 -53.7005309065 -12.1402263106 6.8234539179
25 5981 -0.00354320680291 -53.5748127893 -12.1093210949 6.83838722625
26 5950 -0.00369675707206 -53.4494279604 -12.1694064375 6.75690718009
27 6046 -0.00384910860446 -53.3256815809 -12.1079229264 6.92088934452
28 5868 -0.00400377386644 -53.2007226171 -12.1190422125 6.58803585905
29 6246 -0.00415370893718 -53.080221542 -12.1071837674 6.82557011563
30 6044 -0.00430615551483 -52.9583391352 -12.1507583177 6.65879174371
31 6207 -0.00445661026507 -52.8386742345 -12.1499350486 6.74490720006
32 6141 -0.00460789765471 -52.7189683224 -12.1067860706 6.72199565734
33 6154 -0.00475904748214 -52.5999885668 -12.041614004 6.81675516488
34 6036 -0.00491169068303 -52.4804546559 -12.0830868988 6.7591118994
35 6078 -0.0050638213971 -52.361938571 -12.1333212571 6.77425128618
36 6072 -0.00521605496947 -52.2439536971 -12.0780768993 6.66027520897
37 6221 -0.00536647357992 -52.1279715262 -12.040429902 6.71659724323
38 6190 -0.00551729397153 -52.0122698953 -12.0941780211 6.89467997889
39 5954 -0.00567110524022 -51.8948780084 -12.065042965 6.62995211702
40 6231 -0.00582147472028 -51.7806982825 -12.0209406283 6.83981831048
41 6036 -0.00597427229706 -51.6652631134 -12.1351898061 6.82821811246
42 5999 -0.00612756550526 -51.550044868 -11.9752126338 6.74347757693
43 6099 -0.00627962747501 -51.4363328081 -12.1744208998 6.66503535938
44 6232 -0.00643007344018 -51.3243941439 -12.0236950716 6.8567619099
45 6020 -0.00658316708671 -51.2110580022 -12.0347275569 6.86146313868
46 5958 -0.00673708072312 -51.0976926002 -12.0524578109 6.73728152608
47 6100 -0.00688921655465 -50.9862016854 -12.0653200177 7.08469532655
48 5711 -0.00704646910943 -50.8715469851 -12.0757897665 6.70449340763
49 6071 -0.00719901321088 -50.7608901344 -12.0444406371 6.95735039193
50 5859 -0.00735432219669 -50.6487947775 -12.0253000378 6.63716857858
51 6207 -0.00750522994782 -50.5404201245 -12.0509075385 6.81669169729
52 6074 -0.00765780603625 -50.4313884894 -12.09750237 6.78397953639
53 6081 -0.00781032123564 -50.3229401471 -12.0177190706 6.80646625403
54 6055 -0.0079631817693 -50.2147837616 -12.0860410684 6.65764328398
55 6244 -0.00811373479059 -50.1087821971 -12.038340168 6.67445045847
56 6277 -0.00826391118094 -50.0035582849 -12.0242222298 6.72656131915
57 6218 -0.00841482499899 -49.8983295632 -12.1311005796 6.53867349567
58 6460 -0.00856290736826 -49.7955703558 -12.0431416052 6.77873691782
59 6201 -0.00871407536302 -49.691172265 -12.1211734874 6.51131862102
60 6497 -0.00886178615624 -49.5896485066 -12.0260161273 6.76486303157
61 6232 -0.00901262357824 -49.4864687423 -12.0243734126 6.65042650472
62 6315 -0.00916249001387 -49.384443015 -12.0868681807 6.70552898866
63 6265 -0.00931297421901 -49.2824845076 -12.0725726123 6.93593592963
64 5954 -0.00946735707792 -49.178388833 -12.0569336321 6.61262417824
65 6288 -0.00961760946858 -49.0775651512 -12.0070781681 6.68276077142
66 6292 -0.00976783487429 -48.9772363687 -12.1056632911 6.78518719076
67 6158 -0.00991970896859 -48.8762877031 -12.082132742 6.62138680574
68 6341 -0.0100693979847 -48.777261533 -12.0226349985 6.9048643826
69 6020 -0.0102230560236 -48.6760916593 -12.0511616211 6.50830159625
70 6459 -0.0103714159082 -48.578870223 -12.0101339297 6.58732013071
71 6479 -0.0105195672473 -48.482233366 -12.0582078533 6.720453861
72 6302 -0.0106698125755 -48.3846846161 -12.130269221 6.69142979934
73 6294 -0.0108201751564 -48.2875142799 -12.0310506792 6.6245147925
74 6384 -0.0109694890731 -48.1914684944 -12.0117567756 6.7770012636
75 6204 -0.0111209756061 -48.0944770958 -11.9962284468 6.63854824722
76 6342 -0.0112708341925 -47.9989727953 -12.0758849704 6.85825622026
77 6090 -0.0114237854433 -47.901950557 -12.0337047592 6.57128207714
78 6403 -0.0115729657725 -47.8077581571 -12.0247555904 6.84509795662
79 6125 -0.0117255158926 -47.7118820927 -12.0312994483 6.70377427701
80 6236 -0.0118767279802 -47.6172870146 -11.9780838782 6.54184243863
81 6493 -0.0120249456476 -47.5249874578 -12.0704773145 6.42736052063
82 6737 -0.0121704698607 -47.4347691907 -12.0668381024 6.8433641798
83 6218 -0.012321964431 -47.3412719903 -11.9970291502 6.71646718681
84 6251 -0.0124730852097 -47.2484319002 -11.9889730591 6.73184271351
85 6241 -0.0126243484409 -47.1559278891 -11.9560476746 6.64901859256
86 6352 -0.0127743130662 -47.0646335537 -12.0314537825 6.89680261743
87 6056 -0.0129279168342 -46.9715498103 -11.9796075726 6.33207562104
88 6752 -0.0130734145954 -46.8837732253 -12.036023944 6.66585807475
89 6473 -0.0132220305984 -46.7945094774 -12.0043364897 6.66094851106
90 6406 -0.0133714445497 -46.7051652316 -11.9915226804 6.64695231516
91 6408 -0.0135208560987 -46.6162196116 -11.9765066552 6.67706689386
92 6369 -0.0136707541172 -46.5273808787 -12.0091609165 6.77646052227
93 6225 -0.0138223934203 -46.4379115481 -11.977935045 6.59920261611
94 6427 -0.0139716575925 -46.3502352439 -11.998720387 6.42146376499
95 6745 -0.0141173801 -46.2650116783 -12.0224633829 6.54970587794
96 6648 -0.014264181704 -46.1795266413 -12.0449439977 6.62702195144
97 6511 -0.0144125366072 -46.0935115609 -12.0440846909 6.67979983486
98 6401 -0.0145621822399 -46.0071270211 -12.033384437 6.46101305227
99 6684 -0.014708653597 -45.9229410005 -11.9978489702 6.57617783835
100 6598 -0.014856093408 -45.8385618078 -12.0236104996 6.74986010807
101 6333 -0.0150066141594 -45.7527931511 -12.0254633252 6.54501792567
102 6546 -0.0151546870509 -45.6687853923 -12.0303359744 6.74798017668
103 6324 -0.015305353762 -45.5836763128 -12.0006813144 6.64668401329
104 6403 -0.0154551127016 -45.4994477369 -11.9206367685 6.79201946268
105 6229 -0.0156069655256 -45.4144134057 -11.9674277159 6.57640220404
106 6476 -0.0157559223616 -45.3313622601 -11.9561613591 6.69231653993
107 6387 -0.015905938084 -45.2480802412 -12.0339181151 6.57588374068
108 6526 -0.0160543681904 -45.166031305 -11.9651593853 6.57462357963
109 6569 -0.0162023329873 -45.0845866609 -11.9463733352 6.61495102358
110 6525 -0.0163508191292 -45.0032012196 -11.9666471514 6.52843935462
111 6638 -0.0164980526669 -44.9228425819 -12.0218728481 6.70529226119
112 6419 -0.0166477947859 -44.8414601134 -11.9700175661 6.5465569116
113 6584 -0.0167956763485 -44.7614284657 -11.9833282167 6.63735178486
114 6503 -0.0169445014969 -44.6812247719 -11.9188296648 6.72085324238
115 6366 -0.0170949404633 -44.6004944365 -11.9551399799 6.66493330619
116 6406 -0.0172449289506 -44.5203470478 -12.0697454951 6.39757549982
117 6805 -0.0173904694475 -44.4429001304 -11.9619796824 6.72412537259
118 6445 -0.0175400414098 -44.3636380266 -11.937681015 6.69378598604
119 6392 -0.0176902550052 -44.2843705711 -12.0601727223 6.65280167266
120 6435 -0.0178399860461 -44.2056894421 -11.9696787281 6.48805369175
121 6685 -0.0179869187856 -44.1287987019 -11.9663757908 6.46612770289
122 6792 -0.0181327093174 -44.0528169925 -11.9751578055 6.7176926537
123 6458 -0.0182822462274 -43.9752029608 -11.9882898143 6.55376045831
124 6600 -0.0184301844788 -43.8987357898 -12.0264768462 6.67716021999
125 6466 -0.0185796694778 -43.8217875268 -11.9706414811 6.29646323566
126 6993 -0.018723434534 -43.7480837284 -11.9764621589 6.78813773643
127 6416 -0.0188735410285 -43.6714409596 -11.9583407075 6.51271166886
128 6653 -0.0190209773597 -43.5964700372 -11.9709563292 6.57281002503
129 6635 -0.0191686336358 -43.5216918178 -11.9277559574 6.74708492295
130 6385 -0.0193191693669 -43.4457671834 -11.9348777306 6.63663342174
131 6471 -0.019468729701 -43.3706444035 -11.9891169578 6.59316566615
132 6558 -0.0196173116546 -43.2963170625 -11.9655798483 6.33099458846
133 6977 -0.0197613819294 -43.2245342813 -11.9777287967 6.72244679416
134 6514 -0.0199105139042 -43.1505260166 -12.0118461513 6.46298600535
135 6765 -0.0200568706683 -43.0781864926 -11.9347713434 6.45844157712
136 6846 -0.0202023756623 -43.0065525331 -11.917449245 6.55602258007
137 6724 -0.0203492201265 -42.9345451014 -11.999297415 6.47944441379
138 6806 -0.0204952015747 -42.8632439385 -12.0096272149 6.42517296815
139 6913 -0.0206400623795 -42.7927674934 -11.9653482678 6.67514054968
140 6573 -0.0207886514638 -42.720762569 -11.9015165666 6.49087586725
141 6749 -0.0209353066226 -42.6499765251 -11.9053546266 6.43464925539
142 6887 -0.0210805111104 -42.5801647949 -11.9452562246 6.57497217059
143 6715 -0.0212275751732 -42.5097354124 -11.937710408 6.4491939802
144 6857 -0.0213731307367 -42.4403007573 -11.901891931 6.86071846512
145 6308 -0.0215249149815 -42.3681816629 -11.9140415956 6.36365375222
146 6867 -0.021670411578 -42.2993233927 -11.9576608952 6.39751934825
147 6985 -0.0218146898594 -42.2313043371 -11.9246214519 6.49626071043
148 6867 -0.0219602235481 -42.162956861 -11.883970961 6.62426678828
149 6646 -0.0221081790193 -42.0937416925 -11.9412800614 6.3021234637
150 7074 -0.0222516066629 -42.0269027349 -11.8637514366 6.47524115533
151 6928 -0.0223965620912 -41.9596084479 -11.888107198 6.64717050949
152 6633 -0.0225447248819 -41.8910902743 -11.9382889713 6.50721640711
153 6759 -0.0226915265161 -41.8234643784 -11.9505259489 6.6798380421
154 6544 -0.0228407350405 -41.7549962373 -11.903776724 6.54204501746
155 6684 -0.0229883938101 -41.6875022312 -11.977157969 6.4603035573
156 6848 -0.0231342960003 -41.6210666426 -11.9004275479 6.46398702278
157 6891 -0.0232797640582 -41.5550801325 -11.9413711478 6.65254990853
158 6624 -0.0234281582012 -41.4880234889 -11.8523167566 6.57071239221
159 6671 -0.0235760505373 -41.4214505609 -11.9142425334 6.263142997
160 7159 -0.0237188296538 -41.3574213208 -11.8655240467 6.60424752769
161 6769 -0.0238656882445 -41.2918092795 -11.9892535803 6.48253779986
162 6848 -0.0240117240441 -41.226811467 -11.9208273092 6.5539593161
163 6764 -0.0241586817311 -41.1616502157 -11.9106456289 6.61678967914
164 6650 -0.0243069148922 -41.0961728921 -11.9112887752 6.36445653827
165 6999 -0.0244514270644 -41.0325790456 -11.8524475042 6.43682695831
166 6989 -0.024596063848 -40.9691661507 -11.8552533948 6.67213471903
167 6634 -0.0247445393717 -40.9043142446 -11.9133647934 6.33213325971
168 7049 -0.0248885969756 -40.8416269867 -11.8547236725 6.48762369667
169 6928 -0.0250339280208 -40.7786187838 -11.8802421795 6.407526726
170 7020 -0.02517832173 -40.7162476569 -11.887115596 6.41914680372
171 7029 -0.0253226407051 -40.6541373256 -11.92048848 6.62794473009
172 6716 -0.0254703148463 -40.5908182236 -11.9588874235 6.26690676776
173 7186 -0.0256130920402 -40.5298237681 -11.952538887 6.34302727399
174 7203 -0.0257557263985 -40.4691099641 -11.872567431 6.48573871882
175 6981 -0.02590062606 -40.4076554809 -11.927072284 6.39024812123
176 7071 -0.0260446196086 -40.3468073173 -11.9371193591 6.36227154636
177 7143 -0.0261879067888 -40.2864761643 -11.9159167001 6.4533476253
178 7020 -0.0263324676209 -40.2258284482 -11.9092139388 6.44088632597
179 7007 -0.0264771836851 -40.1653354574 -11.8719360423 6.45501369469
180 6982 -0.0266221714995 -40.1049482735 -11.9278451988 6.36211243272
181 7123 -0.026765735908 -40.0453691607 -11.8133406 6.40695347323
182 7093 -0.0269096258677 -39.9858686899 -11.9329304511 6.6167432822
183 6764 -0.0270569981192 -39.9251488737 -11.9029733169 6.29692166218
184 7168 -0.0272001770731 -39.8663694526 -11.9277354741 6.38117149597
185 7152 -0.0273435404992 -39.8077232037 -11.8722362484 6.5120912641
186 6942 -0.0274890709399 -39.7484031553 -11.8141561682 6.679574467
187 6638 -0.0276379190509 -39.6879512435 -11.8625150165 6.49875910207
188 6821 -0.0277847754487 -39.6285255429 -11.8971605734 6.52499140746
189 6836 -0.027931497309 -39.5693686744 -11.8810679165 6.39146273464
190 7047 -0.0280760211553 -39.5113064094 -11.8788742204 6.35301251909
191 7171 -0.0282193076401 -39.4539443392 -11.794781868 6.61581055501
192 6798 -0.0283664957128 -39.3952297783 -11.8987333911 6.42289651707
193 6991 -0.0285116601906 -39.3375292437 -11.9163359882 6.2938826014
194 7256 -0.0286541702659 -39.2810825092 -11.8235921496 6.57108152692
195 6892 -0.0288004157958 -39.2233598224 -11.8926842983 6.42566044353
196 7018 -0.0289453594454 -39.1663534316 -11.8489211771 6.33237597855
197 7205 -0.029088430472 -39.110280166 -11.8580665991 6.57892303438
198 6871 -0.0292349611016 -39.0530524224 -11.8876215736 6.21862362229
199 7352 -0.029376637873 -38.9979131793 -11.8246577598 6.47416193001
200 7075 -0.0295210823966 -38.9418909073 -11.8103633118 6.31346310716
201 7259 -0.0296637060701 -38.8867662018 -11.7978495067 6.38498073002
202 7195 -0.0298069740891 -38.8315829057 -11.814789602 6.44234783303
203 7087 -0.0299513528241 -38.7761639074 -11.8999675858 6.22388427584
204 7416 -0.0300925109492 -38.7221666285 -11.898297612 6.36666709009
205 7273 -0.0302350732217 -38.6678174349 -11.8564721266 6.44371427303
206 7111 -0.0303792743654 -38.6130318464 -11.8902393706 6.14331739136
207 7567 -0.0305190783871 -38.5600968145 -11.8482501217 6.50034933049
208 7101 -0.0306634205281 -38.5056284571 -11.9020840501 6.44218146783
209 7070 -0.030808095663 -38.4512220717 -11.8908264644 6.42258688514
210 7094 -0.0309525484945 -38.3970857432 -11.9260220841 6.39426531695
211 7147 -0.0310964803842 -38.3433290134 -11.9059260367 6.44790225821
212 7078 -0.0312411343325 -38.2894870836 -11.8828313378 6.33142192419
213 7247 -0.0313841074826 -38.2364515802 -11.8038904122 6.40801093443
214 7172 -0.0315278479211 -38.183311747 -11.8521239075 6.48955913057
215 7023 -0.03167312167 -38.1297878139 -11.8733992077 6.14461602
216 7551 -0.0318132507399 -38.0783325708 -11.7786937555 6.39214239912
217 7285 -0.0319559345303 -38.0261131357 -11.8713348498 6.2499851948
218 7451 -0.032097037677 -37.9746439007 -11.8202216254 6.33216695687
219 7360 -0.0322390259662 -37.9230233183 -11.8506945227 6.45440166275
220 7137 -0.032383239983 -37.870768814 -11.8453554644 6.412303891
221 7145 -0.0325273972272 -37.8187105158 -11.8334027509 6.31890619349
222 7300 -0.032670027578 -37.7673755741 -11.8754282023 6.18765931521
223 7570 -0.0328101096757 -37.717123462 -11.8460848639 6.27784208757
224 7493 -0.0329509342428 -37.6667696835 -11.8150130605 6.29091799828
225 7451 -0.0330921771879 -37.6164313593 -11.7661736482 6.2296099989
226 7546 -0.0332325457445 -37.5665676355 -11.799766219 6.338977005
227 7387 -0.0333744372398 -37.5163272324 -11.8288249574 6.29414508846
228 7420 -0.0335160313906 -37.4663560039 -11.7511514671 6.20181525017
229 7590 -0.0336560496856 -37.4171011448 -11.8202490037 6.46600524941
230 7193 -0.033799896415 -37.3666646554 -11.8083946449 6.23072205834
231 7476 -0.0339410156135 -37.3173463386 -11.8255638729 6.37004470818
232 7323 -0.0340836206021 -37.267670798 -11.8929775429 6.22479672888
233 7527 -0.0342242948564 -37.2188266353 -11.8059545833 6.23980257837
234 7562 -0.034364670694 -37.1702425695 -11.8513311353 6.30846766533
235 7454 -0.0345060703969 -37.1214614212 -11.7586925874 6.29159010857
236 7455 -0.0346474872111 -37.0728314945 -11.8131840501 6.2704255618
237 7493 -0.0347885646435 -37.024474096 -11.8237252744 6.21287607308
238 7605 -0.0349286163115 -36.9766215128 -11.7736177417 6.36963922616
239 7369 -0.0350709147506 -36.9281568609 -11.8054164444 6.34220399117
240 7351 -0.0352133999433 -36.8797850072 -11.7676907331 6.30905594214
241 7403 -0.035355403662 -36.8317315788 -11.7849842034 6.21901410996
242 7574 -0.0354958164616 -36.784367908 -11.7527259272 6.10190667688
243 7835 -0.0356338887314 -36.7379398523 -11.8734394414 6.48386986828
244 7247 -0.0357774786997 -36.6898093855 -11.8304003098 6.40593749043
245 7220 -0.0359213566389 -36.6417380845 -11.840243782 6.19177527547
246 7573 -0.036061853361 -36.5949461712 -11.7774443567 6.45788305659
247 7226 -0.0362057045047 -36.5471895968 -11.7720835085 6.27941697474
248 7428 -0.0363476123514 -36.5002286605 -11.8134107288 6.21145254142
249 7605 -0.0364878738996 -36.4539587121 -11.8073318603 6.12853789777
250 7806 -0.0366263339444 -36.408424934 -11.8185568175 6.32552756649
251 7515 -0.0367674733273 -36.3621544477 -11.8013226183 6.04900317078
252 7929 -0.0369048934441 -36.3172427136 -11.8166239159 6.27846876521
253 7632 -0.0370449796889 -36.2716005965 -11.8274540375 6.41497539254
254 7322 -0.0371880216856 -36.2251416297 -11.7551582686 6.22983671641
255 7551 -0.0373289003747 -36.1795289888 -11.8033589185 6.21973022819
256 7636 -0.0374690072892 -36.1343070077 -11.8171083747 6.40716622621
257 7340 -0.0376119288185 -36.0883205444 -11.7586707561 6.40760165761
258 7261 -0.0377556483717 -36.0422232642 -11.7841755938 6.16978303373
259 7643 -0.0378957466772 -35.9974277033 -11.8264145122 6.2696940888
260 7581 -0.038036443986 -35.9525792966 -11.7832089234 6.21209385991
261 7666 -0.0381763760301 -35.9081120417 -11.7786743526 6.50335752002
262 7198 -0.0383208023028 -35.8623594688 -11.8005856404 6.03323221654
263 7876 -0.0384588914301 -35.818749505 -11.782236044 6.38110105813
264 7457 -0.0386008244746 -35.7740625723 -11.7670801113 6.10097277725
265 7835 -0.0387393089153 -35.7305946529 -11.8080087283 6.16708444398
266 7826 -0.0388778939882 -35.6872262953 -11.7592661509 6.24789420244
267 7680 -0.0390178129778 -35.6435730068 -11.773681305 6.30772371763
268 7537 -0.0391590726209 -35.5996358955 -11.8625688425 5.97888325978
269 8095 -0.0392953925839 -35.5573627251 -11.8135618161 6.29810878731
270 7667 -0.0394354866685 -35.5140491002 -11.7179056592 6.35626535062
271 7454 -0.0395775801377 -35.4702512311 -11.7685269417 6.17187048697
272 7717 -0.0397172562211 -35.4273293315 -11.7901892479 6.25332213273
273 7649 -0.0398575684921 -35.3843419645 -11.788622292 6.24627827944
274 7644 -0.0399979461613 -35.3414643962 -11.7864143008 6.17478864377
275 7771 -0.0401371863332 -35.2990619894 -11.7784231249 6.23380224455
276 7703 -0.0402770623221 -35.2565934625 -11.7792348811 6.19100718615
277 7762 -0.0404164239713 -35.2144076246 -11.7721945025 6.20105152568
278 7762 -0.0405558036767 -35.1723420814 -11.798959874 6.4526890419
279 7330 -0.040699256598 -35.1291779707 -11.7410370992 6.07146153179
280 7873 -0.0408376889728 -35.0876497064 -11.7264237707 6.34835696644
281 7537 -0.0409791889047 -35.0453277236 -11.7130597187 6.41025692342
282 7345 -0.0411225519316 -35.0025783583 -11.7899789883 6.10341170843
283 7824 -0.0412614760283 -34.9612767837 -11.7229910145 6.4595272849
284 7341 -0.0414049105514 -34.9187619174 -11.7253771028 6.22069286106
285 7616 -0.0415457525026 -34.8771411312 -11.7478909119 6.21766848189
286 7703 -0.0416858170377 -34.8358729874 -11.7578244459 5.96946444767
287 8193 -0.0418216504162 -34.795968056 -11.7475714502 6.14466796966
288 8000 -0.04195912684 -34.7556967923 -11.7803010221 6.1686556066
289 7904 -0.0420974534837 -34.7152941135 -11.7345395467 6.27020416699
290 7696 -0.0422376606484 -34.6744620708 -11.7077106415 6.20061323045
291 7764 -0.0423772695079 -34.6339236906 -11.7122247875 6.2678818194
292 7664 -0.0425177982958 -34.5932380117 -11.7846007934 6.11584541447
293 7912 -0.0426561295081 -34.5533054741 -11.8121250715 6.0151289866
294 8178 -0.042792214297 -34.5141341064 -11.6958546327 6.25899359028
295 7796 -0.0429316094385 -34.4741252511 -11.7907585339 6.34000392707
296 7553 -0.0430732444191 -34.4335926075 -11.7413078102 6.19577410385
297 7740 -0.0432131778535 -34.3936642767 -11.7600172878 6.03971210936
298 8085 -0.0433501102659 -34.3547047014 -11.7300048871 6.35136340509
299 7614 -0.0434912383642 -34.3146672801 -11.7281874982 6.03686039464
300 8056 -0.0436284590326 -34.2758507056 -11.7562525127 6.28231185793
301 7731 -0.0437685502674 -34.2363358741 -11.7202209746 6.05132564811
302 8067 -0.0439057142211 -34.197757616 -11.7346849022 6.18538901976
303 7913 -0.044044222551 -34.1589121094 -11.7775203333 6.26539380533
304 7727 -0.044184402378 -34.1197107731 -11.6964328874 6.13084974293
305 7921 -0.0443228777763 -34.0810971734 -11.6999453087 6.08281279853
306 8069 -0.0444600967276 -34.0429423873 -11.7593348679 5.97489159193
307 8323 -0.0445952178329 -34.0054759826 -11.6922711898 6.08662136821
308 8177 -0.0447315575739 -33.9677769023 -11.747179577 6.23912227191
309 7853 -0.0448707048819 -33.929410042 -11.774505286 6.05189623981
310 8114 -0.04500761251 -33.8917672887 -11.7132588933 6.29565498351
311 7737 -0.0451478322259 -33.8533229835 -11.7837290342 6.08435877461
312 8021 -0.0452855669002 -33.8156670512 -11.7222603097 6.05257468551
313 8166 -0.0454220894924 -33.778446751 -11.680755888 6.10274521712
314 8112 -0.0455590832283 -33.7412019045 -11.7641841937 6.02426502279
315 8251 -0.0456949406817 -33.7043683506 -11.7504133726 6.25200914059
316 7859 -0.0458341593936 -33.6667288158 -11.7013051756 6.28323721071
317 7700 -0.0459748279775 -33.6288051191 -11.725346158 6.12221024122
318 7948 -0.0461133002785 -33.5915789525 -11.6741637515 6.04494859578
319 8169 -0.0462499075653 -33.5549562301 -11.72834135 6.09015965598
320 8147 -0.0463867211542 -33.5183793858 -11.7431842345 6.04309841933
321 8233 -0.0465228307323 -33.4820908299 -11.6643404956 6.09959393053
322 8149 -0.0466596574148 -33.4457112805 -11.6843455945 6.09534739536
323 8136 -0.0467966169549 -33.4093966037 -11.7075861928 6.31467200517
324 7728 -0.0469371578134 -33.3722361288 -11.7046363655 6.04538398785
325 8112 -0.0470743527926 -33.3360613237 -11.7060694744 6.10385732037
326 8114 -0.0472115526867 -33.2999845875 -11.7071712461 6.19318578852
327 7947 -0.0473501969644 -33.2636285809 -11.7055559078 6.2170083495
328 7859 -0.0474896341956 -33.2271661512 -11.7862100524 6.28934792884
329 7707 -0.0476304634478 -33.1904426149 -11.6951277758 6.11697848966
330 7978 -0.0477688957253 -33.1544445037 -11.6762609097 5.97779552822
331 8328 -0.0479044056603 -33.1193023149 -11.6696882933 6.14187914759
332 8110 -0.0480417474722 -33.0837815731 -11.6890306204 6.14767609158
333 8041 -0.0481796960884 -33.0482013066 -11.7160407185 5.97665258182
334 8354 -0.0483150501467 -33.0133847497 -11.6609874062 6.14728564427
335 8111 -0.0484524349878 -32.9781411708 -11.6468626884 6.23171259082
336 7889 -0.0485917548724 -32.9424988949 -11.697405398 6.0133853867
337 8241 -0.0487280895112 -32.9077152005 -11.6402638131 6.13258474812
338 8113 -0.0488655114679 -32.8727486757 -11.6778767282 6.03826403791
339 8261 -0.0490017145041 -32.8381856264 -11.7456986137 6.16408823834
340 8062 -0.0491396093532 -32.8032875319 -11.7148810797 5.87764527879
341 8573 -0.049273347804 -32.7695315789 -11.7411852285 5.9910637676
342 8490 -0.0494077528577 -32.7356965575 -11.6922622573 6.08811202336
343 8274 -0.0495439147468 -32.7015100826 -11.7312451608 6.03725284397
344 8317 -0.0496797488693 -32.6674966151 -11.6844830668 6.0248141422
345 8355 -0.0498152878731 -32.6336470027 -11.6789375071 6.1001391534
346 8219 -0.0499519626585 -32.5996043737 -11.6288267294 6.10837293075
347 8167 -0.0500890891442 -32.5655403412 -11.6556762853 6.16724935443
348 8042 -0.0502272944405 -32.5313002885 -11.7048048593 6.06413595738
349 8205 -0.0503641360114 -32.497488706 -11.7335129432 5.98788389727
350 8405 -0.0504993624778 -32.4641644164 -11.6923961345 6.05222979541
351 8334 -0.0506351741118 -32.4307838488 -11.692867542 5.94542204104
352 8532 -0.0507694254225 -32.3978730558 -11.5838253221 6.20328581224
353 8079 -0.0509074050545 -32.3641373202 -11.6872299995 6.04926181134
354 8253 -0.0510439422746 -32.330842745 -11.6922007139 5.97934645253
355 8444 -0.0511789436141 -32.2980089067 -11.6714360143 6.10285203167
356 8253 -0.051315510325 -32.2648812369 -11.629806424 6.21371138478
357 7992 -0.0514543103154 -32.2313010218 -11.6517571793 5.96502286998
358 8400 -0.0515897163161 -32.1986282311 -11.6502712915 6.19215303416
359 8074 -0.0517278406728 -32.1653869967 -11.6229888742 5.95107001539
360 8456 -0.0518628327759 -32.1329846156 -11.7646001612 5.94760172312
361 8577 -0.0519968874472 -32.1008901199 -11.6881166297 6.01236025728
362 8479 -0.052131725475 -32.0686910702 -11.6532384311 6.07129495635
363 8336 -0.0522677380027 -32.036295556 -11.6496084806 5.92705071984
364 8589 -0.0524017470014 -32.0044594427 -11.6620963743 6.08683192891
365 8338 -0.0525377771103 -31.9722263075 -11.6184561284 6.01041847256
366 8423 -0.0526731390518 -31.9402343166 -11.6887122448 5.92556171135
367 8622 -0.0528069408639 -31.9086919367 -11.5924944881 6.00530071675
368 8516 -0.0529415953168 -31.8770294349 -11.6241564517 6.18932782167
369 8125 -0.0530794627019 -31.8446951923 -11.5946722197 5.89220528583
370 8608 -0.0532134309644 -31.8133562809 -11.6536637494 6.08856970833
371 8349 -0.0533494766046 -31.7816126713 -11.6937933738 6.083029522
372 8291 -0.0534860166432 -31.7498357228 -11.7227790877 6.16784049134
373 8112 -0.0536240660936 -31.7177907068 -11.7019881029 5.91036918925
374 8572 -0.0537583790404 -31.6866930387 -11.6525038753 6.249030221
375 8036 -0.0538971171003 -31.6546533518 -11.6510703295 5.89306789292
376 8588 -0.0540313433297 -31.6237351357 -11.6383805359 5.94814576194
377 8639 -0.0541651919003 -31.5929814984 -11.6911669631 5.89978970513
378 8757 -0.054298152101 -31.562508402 -11.7151824601 6.06077511023
379 8457 -0.0544334654201 -31.5315739104 -11.673775767 5.95591924316
380 8590 -0.0545677449431 -31.5009531711 -11.6367767852 5.98766414259
381 8563 -0.0547022471589 -31.4703586703 -11.6529224693 6.09543264015
382 8340 -0.0548385557754 -31.4394316291 -11.6058603156 5.8654554643
383 8750 -0.054971653151 -31.4093090137 -11.6604927454 6.05839425991
384 8468 -0.0551069667717 -31.3787613385 -11.5789925962 6.02494316304
385 8460 -0.0552423617027 -31.3482722448 -11.6034032334 5.94409152467
386 8625 -0.0553764724244 -31.3181479266 -11.6421122255 6.05883826377
387 8438 -0.0555120775165 -31.2877641471 -11.6534285762 5.91111435298
388 8690 -0.0556457143887 -31.2578960634 -11.6465190508 5.96913465858
389 8642 -0.0557797378007 -31.2280157853 -11.6020925435 5.88820318734
390 8801 -0.055912561723 -31.1984759751 -11.6678897225 6.06166282606
391 8485 -0.0560478529759 -31.1684619163 -11.6946501007 5.80367804906
392 8941 -0.0561796667005 -31.139291371 -11.5979259575 5.90784766948
393 8848 -0.0563121875727 -31.1100357409 -11.6954829065 6.0144080281
394 8600 -0.0564466297877 -31.0804288502 -11.6505104434 5.76876929917
395 9058 -0.0565776385596 -31.0516484549 -11.5853849133 6.08875912118
396 8505 -0.056712858073 -31.0220156249 -11.6070947374 6.07600210242
397 8386 -0.0568490533894 -30.9922432233 -11.6796358046 5.83321032631
398 8857 -0.0569815971197 -30.9633403689 -11.6391542781 5.97680976421
399 8688 -0.05711543618 -30.9342261665 -11.596454369 5.98133790694
400 8634 -0.0572497134409 -30.9050881958 -11.6229853187 5.99174271832
401 8599 -0.0573842810399 -30.8759588665 -11.6197373151 6.00378073734
402 8566 -0.0575191247108 -30.8468414594 -11.6280820822 5.92999822284
403 8711 -0.0576528531563 -30.8180354808 -11.6520112838 5.84000778719
404 8948 -0.0577848151062 -30.7896787027 -11.6240055396 5.98798744489
405 8699 -0.057918673269 -30.7609839135 -11.5549199012 6.0931859963
406 8418 -0.0580547634361 -30.7318821124 -11.6349271602 5.99925389092
407 8532 -0.0581899622162 -30.7030420112 -11.5828779018 6.06733524573
408 8428 -0.0583260102888 -30.6740920025 -11.5562246381 5.73427498782
409 9105 -0.0584569125314 -30.6463042259 -11.5374338608 6.13499174975
410 8446 -0.0585928496323 -30.6175172015 -11.6004420827 6.02512469575
411 8493 -0.0587284226453 -30.5888776012 -11.6423118634 5.73685374592
412 9125 -0.0588592345788 -30.5613101071 -11.6169806376 5.92593203145
413 8892 -0.0589917656702 -30.5334465203 -11.6075142215 5.92143637094
414 8839 -0.0591247068862 -30.5055634211 -11.5806086898 5.89580112524
415 8881 -0.0592573497759 -30.4778092506 -11.5732012559 5.74729720114
416 9226 -0.0593875082364 -30.4506391295 -11.5824868777 6.07667460548
417 8606 -0.0595222928443 -30.422570114 -11.5813256081 5.89891914356
418 8813 -0.059655502324 -30.3948956641 -11.6070310677 5.71690600721
419 9281 -0.0597853269576 -30.3679878511 -11.5699197624 5.95448350891
420 8883 -0.0599180414504 -30.3405455738 -11.6469396094 5.93090874634
421 8828 -0.0600511872126 -30.3130794171 -11.5923434947 5.84260752233
422 9006 -0.0601830261014 -30.2859470699 -11.5474035362 5.87066304163
423 8996 -0.0603149518235 -30.2588605965 -11.6223051217 5.90224769017
424 8926 -0.0604474133229 -30.2317280516 -11.5734671869 5.87038827573
425 8978 -0.0605795094063 -30.2047339328 -11.5815702923 6.11130257863
426 8486 -0.0607153968586 -30.177031057 -11.6034834587 5.72860884002
427 9166 -0.0608461626809 -30.150435304 -11.5958615313 5.89941292253
428 8985 -0.0609782515923 -30.1236329636 -11.5475410684 5.88822862812
429 8961 -0.0611105323182 -30.0968544464 -11.5208921503 5.89261400031
430 8947 -0.0612429382063 -30.0701132547 -11.5937552799 5.96695830682
431 8784 -0.0613765796345 -30.0431858826 -11.5865081034 5.78022492597
432 9148 -0.0615075504299 -30.0168581565 -11.6309663257 5.81947197435
433 9167 -0.0616384060378 -29.9906142173 -11.5837904754 5.99884552609
434 8780 -0.0617721277948 -29.9638578508 -11.5585612829 5.7938933733
435 9121 -0.0619033420907 -29.9376643032 -11.5544213888 5.8573984894
436 9079 -0.062034878947 -29.9114669041 -11.5890734983 5.98780014918
437 8785 -0.0621686135798 -29.8848937167 -11.5940990087 5.72628073879
438 9282 -0.06229873818 -29.8590975795 -11.6014857662 5.91518149558
439 9000 -0.0624309018036 -29.8329573263 -11.5626005554 5.88879953592
440 8982 -0.0625632115782 -29.8068486328 -11.5747487259 5.84780507243
441 9069 -0.0626949004296 -29.7809223371 -11.5466499286 5.95769143001
442 8855 -0.06282819165 -29.7547411928 -11.6313025871 5.71673208922
443 9333 -0.0629580363866 -29.7292954515 -11.5888748379 5.67190098233
444 9584 -0.0630861897817 -29.7042375295 -11.5868670407 5.90225040641
445 9118 -0.0632175907244 -29.6786025629 -11.5612292418 5.86982069204
446 9067 -0.0633493800688 -29.6529505629 -11.5588657623 5.84123911437
447 9118 -0.0634808155753 -29.6274258288 -11.5492110623 5.74336316651
448 9358 -0.0636105697415 -29.6022846203 -11.5771922071 5.75268987992
449 9407 -0.0637400027874 -29.5772618782 -11.558047152 5.85908561
450 9176 -0.0638710652327 -29.5519811837 -11.5639549782 5.82616670178
451 9189 -0.0640020546754 -29.526771742 -11.5187969824 5.88281937973
452 9067 -0.064133938451 -29.5014477323 -11.5115439166 5.94795761549
453 8892 -0.0642671264731 -29.4759316936 -11.5390644337 5.7349431421
454 9320 -0.064397238226 -29.4510614936 -11.4835711721 5.97161180492
455 8912 -0.0645303115699 -29.4256827584 -11.58479329 5.80445186364
456 9170 -0.0646615142495 -29.4007175769 -11.5600307238 6.03887814674
457 8733 -0.0647959817788 -29.3751894807 -11.5688684014 5.86104081838
458 8995 -0.0649284897182 -29.3500909632 -11.5397275764 5.65465088946
459 9549 -0.0650571118242 -29.3257829332 -11.5234735037 5.81472802525
460 9333 -0.0651872306048 -29.3012464668 -11.557592341 5.88730408342
461 9111 -0.0653189426731 -29.2764651138 -11.5581433255 5.90387645052
462 9015 -0.0654513696877 -29.2516054126 -11.5809006276 5.75788802181
463 9319 -0.0655816376776 -29.2272057807 -11.5567621627 5.92113729609
464 9037 -0.0657139376681 -29.2024809615 -11.6574029025 5.7778034239
465 9282 -0.0658444914724 -29.1781370396 -11.5491692094 5.68316619892
466 9579 -0.0659730262949 -29.1542223669 -11.5155068992 5.8896596027
467 9181 -0.0661043308291 -29.1298462674 -11.5423695395 5.86453932198
468 9131 -0.0662360078173 -29.1054555467 -11.5145518285 5.85860202052
469 9132 -0.0663676942013 -29.0811175133 -11.4978425808 5.74864350614
470 9386 -0.0664976055373 -29.0571607013 -11.5338660714 5.89319860911
471 9128 -0.0666293544123 -29.0329187802 -11.544240135 5.81571305495
472 9233 -0.066760367172 -29.0088658053 -11.510233943 5.83934026779
473 9211 -0.0668915554427 -28.9848338914 -11.5479436926 5.71244512171
474 9501 -0.0670207407641 -28.961220827 -11.541038184 5.80563805991
475 9366 -0.0671508704748 -28.9374870785 -11.5407823393 5.58101963901
476 9872 -0.0672776339594 -28.9144172407 -11.5380677449 5.94307197374
477 9152 -0.0674093058282 -28.8905061599 -11.5816416302 5.75665655277
478 9386 -0.0675393423567 -28.8669439285 -11.5256857012 5.91414156149
479 9094 -0.067671465428 -28.8430562528 -11.4956993812 5.87591218228
480 9101 -0.0678035566745 -28.8192271904 -11.5177583906 5.85469867457
481 9152 -0.0679352953007 -28.7955142112 -11.5243143377 5.77241598296
482 9356 -0.0680656048162 -28.7721098574 -11.5359876215 5.6972715456
483 9595 -0.0681942984911 -28.7490457163 -11.545352812 5.82112923409
484 9370 -0.068324540204 -28.7257545656 -11.5095477155 5.85916341323
485 9223 -0.0684558325416 -28.702326711 -11.5280739325 5.68759087407
486 9584 -0.0685846460732 -28.6793909558 -11.5084109179 5.91362430756
487 9161 -0.0687164170074 -28.6559794777 -11.5213163615 5.85841300214
488 9172 -0.0688481256198 -28.6326303033 -11.548836526 5.6287226052
489 9717 -0.0689761034186 -28.6099914314 -11.4888249263 5.77724577445
490 9517 -0.0691054344192 -28.587162 -11.5392783615 5.6588825674
491 9749 -0.0692332319876 -28.5646513038 -11.5283087023 5.7925598625
492 9492 -0.0693627601591 -28.5418843637 -11.5216081544 5.7234298567
493 9588 -0.069491657745 -28.5192766695 -11.4657683999 5.79091406729
494 9456 -0.0696214680946 -28.4965575352 -11.4814642451 5.66355799712
495 9726 -0.0697494757792 -28.4742015618 -11.531176636 5.74525620551
496 9606 -0.0698782989923 -28.4517507935 -11.489449809 5.83215906841
497 9369 -0.0700087552545 -28.4290639696 -11.489299058 5.63371282902
498 9779 -0.070136462569 -28.4069023685 -11.5418291024 5.59549778765
499 9998 -0.0702627802145 -28.3850276904 -11.5099144494 5.68404951699
500 9837 -0.0703901386451 -28.3630187179 -11.5508082659 5.89909717755
501 9282 -0.0705212668799 -28.3404063294 -11.5450706464 5.7061058481
502 9583 -0.0706503334069 -28.3181969297 -11.5214324824 5.69870565716
503 9690 -0.0707787017788 -28.2961542221 -11.5326296152 5.59349938834
504 9986 -0.0709051730479 -28.2744825403 -11.493217453 5.86184100091
505 9413 -0.0710354482647 -28.2522058589 -11.4605010164 5.6224239244
506 9834 -0.0711629224323 -28.2304540117 -11.5667247745 5.82013736311
507 9475 -0.0712928054807 -28.208337634 -11.4939461624 5.7210258496
508 9614 -0.0714217625247 -28.1864252419 -11.4595364708 5.78583119304
509 9500 -0.0715515069609 -28.1644254761 -11.4818341547 5.60623362752
510 9907 -0.071678569049 -28.1429255247 -11.492783722 5.78307267926
511 9589 -0.0718077379563 -28.1211145751 -11.4848531127 5.62287876356
512 9895 -0.071934908337 -28.0996857609 -11.501834522 5.76379370334
513 9635 -0.0720637957483 -28.0780127063 -11.5091207102 5.75114734814
514 9596 -0.0721929616772 -28.0563382159 -11.5390545763 5.61649934705
515 9918 -0.0723200287281 -28.0350601352 -11.4588969651 5.77477497291
516 9620 -0.0724490650475 -28.0134970264 -11.504716906 5.65836987159
517 9824 -0.0725767723579 -27.992200259 -11.4503766753 5.66284631371
518 9873 -0.0727041781219 -27.9709975131 -11.4944462445 5.77841123679
519 9604 -0.0728333672599 -27.9495424494 -11.4548686232 5.73757953628
520 9630 -0.0729623982391 -27.928158213 -11.4926551758 5.80360924528
521 9482 -0.0730924520067 -27.9066493978 -11.4797044635 5.76500137284
522 9533 -0.0732221677388 -27.8852412803 -11.4438813048 5.8056324772
523 9453 -0.0733524469006 -27.8637850631 -11.4999094344 5.58512191382
524 9970 -0.0734793195351 -27.8429329863 -11.4959919414 5.6766459885
525 9891 -0.0736067148032 -27.8220376812 -11.5051199141 5.60199399755
526 10060 -0.0737330494844 -27.8013584314 -11.5420974818 5.83452655192
527 9533 -0.0738628457121 -27.7801561048 -11.459310137 5.58324044249
528 10006 -0.0739895514277 -27.7595010446 -11.5063122492 5.62091813596
529 10049 -0.0741159985549 -27.7389298031 -11.4020913012 5.76727885696
530 9697 -0.0742447397262 -27.718027986 -11.4767610249 5.65070165912
531 9889 -0.0743722393532 -27.6973700117 -11.4668323133 5.61798815044
532 10029 -0.0744988617233 -27.6768956835 -11.4544649862 5.61711061213
533 10073 -0.0746252233299 -27.6565046366 -11.4564812351 5.72291840575
534 9819 -0.0747532218581 -27.6358911913 -11.4945812541 5.60584128685
535 10045 -0.0748797879928 -27.6155496214 -11.5155151355 5.75646117113
536 9732 -0.075008386608 -27.5949232261 -11.5072751623 5.73187241026
537 9708 -0.07513715903 -27.5743110791 -11.4955962597 5.6078896728
538 10012 -0.0752639760863 -27.5540529976 -11.4600858806 5.65644974283
539 9977 -0.0753910291617 -27.5337979696 -11.5433683429 5.54150529453
540 10267 -0.0755162906678 -27.5138683751 -11.4568000513 5.7231041416
541 9882 -0.0756439845188 -27.4935923607 -11.3978756498 5.63670175209
542 9996 -0.0757709644853 -27.4734702054 -11.4500752599 5.62107908534
543 10070 -0.0758974910512 -27.4534599563 -11.4323089053 5.70499299984
544 9880 -0.0760252470959 -27.4332957157 -11.4555246933 5.72013606803
545 9791 -0.0761535922019 -27.4130793097 -11.4223933054 5.52714609237
546 10260 -0.0762789844043 -27.3933674194 -11.4375999006 5.66337398828
547 10042 -0.0764057496062 -27.3734791453 -11.5195644659 5.60406185496
548 10136 -0.0765319403031 -27.3537202915 -11.3890432691 5.67201219706
549 9989 -0.0766590682011 -27.3338542108 -11.4513538465 5.66773951747
550 9961 -0.0767863910174 -27.3139973119 -11.4610076667 5.72205913621
551 9819 -0.0769146463303 -27.2940349754 -11.4918780078 5.59596695168
552 10099 -0.0770411251191 -27.2743883396 -11.4787395154 5.62842104914
553 10097 -0.0771676299641 -27.2547764753 -11.4483404454 5.52588620994
554 10368 -0.0772924849195 -27.2354583486 -11.4605486951 5.65274893913
555 10112 -0.0774189274698 -27.2159329023 -11.4365995427 5.51892478292
556 10395 -0.0775436518108 -27.1967104568 -11.4626643694 5.57620360482
557 10324 -0.07766881953 -27.1774571851 -11.4290516663 5.55267024319
558 10369 -0.0777937311136 -27.1582806642 -11.4147106505 5.54557739948
559 10402 -0.0779184557497 -27.1391699682 -11.4556715229 5.63776792207
560 10169 -0.0780446191098 -27.1198764603 -11.4039787437 5.60412977605
561 10194 -0.0781706417879 -27.1006421452 -11.4270112452 5.6028831925
562 10206 -0.0782966049832 -27.0814544326 -11.4575898143 5.63380586912
563 10130 -0.0784230513968 -27.0622307361 -11.4202211869 5.66755078547
564 10024 -0.0785501799283 -27.0429412297 -11.4224347633 5.6115006054
565 10140 -0.0786765938023 -27.0237977272 -11.3970362613 5.56347308556
566 10301 -0.0788020306442 -27.0048391044 -11.4368022589 5.46720662254
567 10611 -0.0789256368384 -26.9861930441 -11.3768946822 5.6423194586
568 10227 -0.0790515595466 -26.967234054 -11.4628542279 5.58854100106
569 10265 -0.0791772626135 -26.9483447902 -11.4731870145 5.63835213232
570 10147 -0.079303709531 -26.9293805948 -11.4220268321 5.56323357893
571 10312 -0.0794291508852 -26.9106036235 -11.4373345494 5.50577983919
572 10517 -0.0795533823274 -26.8920434038 -11.4460151632 5.65060983494
573 10188 -0.0796796141099 -26.8732205625 -11.435311522 5.66761710536
574 10057 -0.0798066837537 -26.8543095648 -11.456595401 5.62970703072
575 10119 -0.0799333748563 -26.835491536 -11.3995316326 5.63160569736
576 10134 -0.0800599913474 -26.8167210319 -11.4343065484 5.62151719874
577 10166 -0.0801864225768 -26.7980142415 -11.3817098901 5.52572251681
578 10431 -0.0803112533431 -26.7795796939 -11.4228492627 5.4447529026
579 10733 -0.0804343253395 -26.7614392508 -11.4210329852 5.67819220188
580 10185 -0.0805606783955 -26.7428505998 -11.4394276346 5.51816227602
581 10462 -0.0806853661022 -26.7245420223 -11.4191195928 5.57324312457
582 10394 -0.0808104754228 -26.7062064563 -11.4402356923 5.54214560961
583 10460 -0.0809352004298 -26.6879619348 -11.3989488373 5.53776917251
584 10493 -0.0810597477203 -26.6697779072 -11.4333798885 5.4408922442
585 10773 -0.0811826778097 -26.6518637045 -11.4595266307 5.5635474833
586 10512 -0.0813071371924 -26.6337606683 -11.4170437915 5.54240655167
587 10500 -0.0814316847386 -26.6156789869 -11.3939440979 5.61180298001
588 10312 -0.0815573781407 -26.5974655196 -11.3659083152 5.74372949322
589 9923 -0.0816855257287 -26.5789320818 -11.3863516009 5.46121339254
590 10554 -0.081809795576 -26.5609937477 -11.3424008273 5.70647349001
591 10084 -0.0819369420336 -26.5426750151 -11.4270937393 5.6327320007
592 10148 -0.0820637045357 -26.5244465828 -11.4354640951 5.42810869899
593 10720 -0.0821870505024 -26.5067428845 -11.4348904593 5.5151107201
594 10645 -0.0823108442284 -26.4890079889 -11.4061308385 5.58062359423
595 10447 -0.0824358228143 -26.471136863 -11.3691574609 5.5550754405
596 10463 -0.082560720315 -26.4533108813 -11.393942726 5.53380763149
597 10527 -0.0826852512031 -26.4355705244 -11.430242294 5.5363691064
598 10540 -0.0828097207498 -26.4178720419 -11.3973406444 5.57430564812
599 10442 -0.0829347860248 -26.4001221272 -11.4213796846 5.51826108864
600 10569 -0.0830591129665 -26.3825099703 -11.4452164583 5.47522392477
601 10727 -0.0831825365411 -26.3650582111 -11.4384312231 5.43361900826
602 10892 -0.0833050334197 -26.3477693436 -11.4194528686 5.54723891338
603 10619 -0.0834291074616 -26.3302901478 -11.3625758801 5.73802603836
604 10043 -0.0835567091077 -26.312347774 -11.3841707071 5.42798501932
605 10710 -0.0836802880349 -26.295003607 -11.4457584747 5.44426796788
606 10864 -0.0838030004977 -26.2778126665 -11.3886697053 5.59344990651
607 10492 -0.0839278817166 -26.2603501636 -11.389329487 5.64007504968
608 10269 -0.0840541262524 -26.2427300134 -11.4003109169 5.43311936733
609 10771 -0.0841774079801 -26.2255553106 -11.3948020884 5.60704804141
610 10436 -0.0843026694197 -26.2081370298 -11.3831632444 5.28034035449
611 11273 -0.0844232045996 -26.1914065421 -11.3984724911 5.44442976263
612 11031 -0.0845450652579 -26.1745224847 -11.3815568275 5.42563272645
613 11021 -0.0846669951334 -26.1576593581 -11.4757472633 5.58360072016
614 10573 -0.0847914980902 -26.1404717891 -11.4093220328 5.44595868381
615 10835 -0.084914497789 -26.1235228364 -11.4103135919 5.44071907379
616 10927 -0.0850369914277 -26.1066742485 -11.3820653726 5.49942406888
617 10787 -0.0851602922671 -26.0897454224 -11.4014191 5.55912425564
618 10584 -0.0852847846475 -26.072684258 -11.3677695164 5.44359371383
619 10852 -0.0854077438315 -26.0558639594 -11.3594764281 5.49819877537
620 10775 -0.0855311553142 -26.0390124324 -11.3775073885 5.55413338821
621 10600 -0.0856555981263 -26.0220510842 -11.3833601553 5.38463665641
622 11033 -0.085777589752 -26.0054539681 -11.4086679243 5.47010713065
623 10911 -0.0859002743838 -25.9887925831 -11.376531858 5.43401492808
624 10983 -0.0860225704168 -25.9722138515 -11.3765469399 5.5625950413
625 10640 -0.086146835839 -25.955398621 -11.3859950351 5.57362765111
626 10518 -0.0862718327305 -25.9385153195 -11.3765898182 5.572093738
627 10490 -0.0863970106485 -25.9216385516 -11.3804822459 5.47595898465
628 10749 -0.0865206853142 -25.9049948255 -11.3535540475 5.38056629224
629 11101 -0.0866423957542 -25.8886448323 -11.3523028701 5.42514301868
630 11073 -0.0867642756193 -25.8723012227 -11.3636373585 5.50854574733
631 10826 -0.0868875507955 -25.8558000967 -11.3429922519 5.41756910926
632 11021 -0.0870097473849 -25.8394726382 -11.3837937321 5.54629958568
633 10709 -0.0871337212823 -25.8229374272 -11.4143978512 5.38847146192
634 11075 -0.0872556439457 -25.8067049274 -11.3829014339 5.4431586444
635 11022 -0.0873778744559 -25.7904603574 -11.3024946994 5.57855893831
636 10625 -0.0875023799213 -25.7739431318 -11.3543647926 5.4572548034
637 10857 -0.0876255637297 -25.7576306505 -11.4010705744 5.44211631901
638 10969 -0.0877481311658 -25.7414287497 -11.3186777761 5.43469484477
639 11024 -0.0878704054582 -25.7252943064 -11.3881606895 5.42177510264
640 11079 -0.0879923887867 -25.7092267539 -11.3772323669 5.62090152205
641 10533 -0.0881175097033 -25.6927754148 -11.3638170257 5.26786359556
642 11398 -0.0882378040284 -25.6769867831 -11.3757309305 5.57136042947
643 10756 -0.0883616489482 -25.6607608302 -11.3805033045 5.36368933905
644 11180 -0.0884831340761 -25.6448722659 -11.3684763961 5.55202502417
645 10757 -0.0886070018416 -25.62870078 -11.3860074735 5.48797562898
646 10823 -0.0887305024051 -25.6126060039 -11.3737751356 5.41684627147
647 11049 -0.0888527508105 -25.5967026298 -11.3939581642 5.44773454464
648 11025 -0.0889751459028 -25.5808082263 -11.3407577296 5.47642911695
649 10937 -0.089098046077 -25.5648764041 -11.4043244402 5.55951766894
650 10680 -0.0892224313431 -25.5487807357 -11.3189937023 5.45041610622
651 10917 -0.0893454696125 -25.5328876728 -11.3252239907 5.52945585237
652 10761 -0.0894694083432 -25.5169066799 -11.3692846509 5.4400989738
653 10974 -0.0895921560169 -25.5011072713 -11.4093474849 5.45446297802
654 10995 -0.0897148003724 -25.4853489256 -11.3470860905 5.45475520637
655 11002 -0.0898374203965 -25.4696213799 -11.3263444637 5.38883704084
656 11199 -0.0899589677037 -25.454058663 -11.3904442127 5.4551274241
657 11061 -0.0900812862857 -25.4384245023 -11.3559295706 5.40067464582
658 11184 -0.0902029406915 -25.4229023375 -11.3733849781 5.47597416303
659 11000 -0.0903256268075 -25.4072758401 -11.3110189165 5.40910566173
660 11146 -0.0904475203326 -25.391777382 -11.3096934645 5.49631886941
661 10934 -0.090570601202 -25.3761552817 -11.3345332255 5.4924152397
662 10889 -0.0906939530909 -25.3605262611 -11.412143725 5.38926503614
663 11178 -0.0908157127112 -25.3451258958 -11.3309303717 5.28196380288
664 11592 -0.0909352908281 -25.3300274069 -11.3653558173 5.33425083142
665 11549 -0.0910551018139 -25.3149252476 -11.3497612219 5.4868479494
666 11079 -0.0911774458309 -25.2995303143 -11.3716750936 5.44103928476
667 11087 -0.0912997593691 -25.2841659309 -11.3622345886 5.41872777157
668 11156 -0.0914217036722 -25.2688744524 -11.3014648292 5.25105398493
669 11692 -0.0915408348085 -25.2539612478 -11.3774018765 5.51360164038
670 11045 -0.0916634198385 -25.2386419283 -11.3153994461 5.35390417643
671 11344 -0.0917843929086 -25.2235500956 -11.3308204067 5.49037423997
672 11024 -0.0919071192517 -25.2082659039 -11.3680328667 5.21413151682
673 11777 -0.0920258732178 -25.1935016473 -11.3660113655 5.37268507671
674 11498 -0.0921460740627 -25.1785827034 -11.3228228165 5.38333749681
675 11390 -0.0922668529762 -25.1636174825 -11.3927198279 5.42817055345
676 11227 -0.0923885200513 -25.1485679638 -11.3709001355 5.37683087714
677 11338 -0.0925096062873 -25.1336158884 -11.3719605958 5.33881157225
678 11487 -0.0926299140241 -25.1187851717 -11.328872114 5.32467101185
679 11575 -0.0927497756512 -25.1040343932 -11.3261688642 5.4536265375
680 11209 -0.0928715970019 -25.0890678912 -11.3215516352 5.24131559861
681 11761 -0.0929905350379 -25.0744803141 -11.313934491 5.4696173605
682 11214 -0.0931123550422 -25.0595644958 -11.3506352118 5.22616685739
683 11815 -0.0932310480909 -25.0450560422 -11.3502155322 5.33414878422
684 11647 -0.093350609032 -25.0304658852 -11.3241053285 5.33881796773
685 11587 -0.0934704886402 -25.0158613516 -11.3362111277 5.45007004085
686 11233 -0.0935922572506 -25.0010517524 -11.355530905 5.432874628
687 11189 -0.0937142780014 -24.9862367652 -11.3405557717 5.40128549338
688 11273 -0.0938358590693 -24.9715002664 -11.2956967012 5.4691915571
689 11097 -0.0939584138057 -24.956671051 -11.3663427675 5.41379537058
690 11213 -0.0940803465279 -24.9419422445 -11.3646505015 5.31067823172
691 11562 -0.0942004376059 -24.9274603537 -11.363468329 5.39584803204
692 11401 -0.094321388533 -24.9128992436 -11.3249398928 5.34021056854
693 11528 -0.0944416810446 -24.8984416977 -11.2922995395 5.24582313787
694 11866 -0.0945602638057 -24.8842133016 -11.3489129838 5.40159324128
695 11471 -0.0946808837894 -24.8697645075 -11.3606840205 5.32280478153
696 11608 -0.0948008022575 -24.8554237243 -11.2812050541 5.37244467913
697 11494 -0.0949213264294 -24.8410345376 -11.3353402477 5.47748467351
698 11148 -0.0950437189809 -24.8264468832 -11.3097069504 5.18799002015
699 11948 -0.095161956588 -24.8123779256 -11.3558373756 5.31611191676
700 11770 -0.0952810984621 -24.7982246539 -11.3250665453 5.29312555498
701 11796 -0.0954001224926 -24.7841086633 -11.3196206542 5.46644469099
702 11268 -0.0955219151424 -24.7696883516 -11.3252448039 5.44950496709
703 11178 -0.0956442118341 -24.7552327602 -11.2976241 5.29995657211
704 11609 -0.0957642321638 -24.7410699507 -11.3173827393 5.29414960112
705 11754 -0.0958835187979 -24.7270169396 -11.3032352276 5.42002582572
706 11404 -0.096004635475 -24.7127719609 -11.2761198672 5.40098921362
707 11368 -0.0961259583003 -24.698526547 -11.3347961604 5.15222501265
708 12152 -0.0962433171821 -24.6847691908 -11.2944778827 5.40049497624
709 11575 -0.0963635758371 -24.6706949319 -11.3280455974 5.2849959421
710 11783 -0.096482782414 -24.6567667452 -11.3596669607 5.3386181796
711 11674 -0.0966025601032 -24.6427947822 -11.32580496 5.33418920257
712 11659 -0.0967224257752 -24.6288355345 -11.2831797212 5.31903914988
713 11704 -0.0968420718385 -24.6149247312 -11.3367909963 5.34909005476
714 11624 -0.0969621426019 -24.6009874652 -11.3140942094 5.20935514563
715 12053 -0.0970800735159 -24.5873208766 -11.2983876048 5.23719639113
716 12086 -0.0971978526036 -24.5736938812 -11.3577479544 5.32293210188
717 11818 -0.097316976006 -24.5599336592 -11.3109876749 5.24521610821
718 11997 -0.0974352195813 -24.5462972049 -11.3179557303 5.36137727611
719 11675 -0.0975550941193 -24.5324951199 -11.3288967104 5.27580316132
720 11860 -0.097674043695 -24.5188218335 -11.2561434976 5.27824678066
721 11907 -0.0977927728295 -24.5051959874 -11.3134245469 5.32974715217
722 11756 -0.0979122721387 -24.4915039959 -11.2637334581 5.33856668025
723 11688 -0.0980321311024 -24.4777931591 -11.286081199 5.2908620128
724 11823 -0.0981513200168 -24.4641811273 -11.3089829996 5.23399435221
725 12048 -0.0982694005352 -24.4507174173 -11.34368951 5.30177007109
726 11892 -0.0983882662984 -24.4371859732 -11.2806745995 5.43429394167
727 11436 -0.0985094948266 -24.4234080334 -11.2730608181 5.17194892575
728 12144 -0.0986271449885 -24.4100584363 -11.3231088842 5.35487762149
729 11753 -0.0987467487297 -24.3965089802 -11.2755982684 5.34452773459
730 11681 -0.0988667338497 -24.3829383632 -11.3016933688 5.35847548014
731 11619 -0.0989870514768 -24.3693522581 -11.2831714825 5.25210326145
732 11943 -0.0991057429623 -24.3559714267 -11.3195098582 5.35907294633
733 11693 -0.0992257058811 -24.3424690591 -11.2958107802 5.28647690361
734 11857 -0.0993448532866 -24.3290801245 -11.2439492059 5.32003943983
735 11797 -0.099464313114 -24.3156776859 -11.2888837209 5.22863470044
736 12079 -0.099582383908 -24.3024522928 -11.2869635071 5.43987671473
737 11486 -0.0997034793173 -24.2889099546 -11.2539663114 5.15805015845
738 12225 -0.0998208675381 -24.2758032696 -11.2524006845 5.48640288014
739 11385 -0.0999425236658 -24.2622418997 -11.2620870837 5.21555532299
740 12007 -0.100060999433 -24.2490563679 -11.326143313 5.31273705431
741 11873 -0.100180153232 -24.2358165391 -11.3000801795 5.21786626584
742 12148 -0.100297964181 -24.2227467401 -11.2704977624 5.25711088493
743 12098 -0.10041603222 -24.2096691404 -11.2943900997 5.25974121473
744 12077 -0.100534214629 -24.1965995984 -11.3159203797 5.29469130254
745 11958 -0.100652994417 -24.1834848392 -11.2485014866 5.25491981511
746 12057 -0.100771299573 -24.1704432107 -11.2885619685 5.11917149273
747 12549 -0.100887276575 -24.1576782632 -11.3452684016 5.22196664865
748 12336 -0.101004261057 -24.1448224745 -11.2999024449 5.30304597766
749 12009 -0.101122839708 -24.1318119979 -11.2824317232 5.18945032176
750 12298 -0.101240029793 -24.1189741071 -11.2972838622 5.37952606438
751 11756 -0.101359902578 -24.1058630941 -11.3153573095 5.11248953487
752 12490 -0.101476212148 -24.0931618295 -11.2992614578 5.12642765142
753 12661 -0.101591746436 -24.0805647083 -11.2221875626 5.3543074395
754 11937 -0.101710746727 -24.0676099292 -11.2444843069 5.21083356229
755 12214 -0.101828400593 -24.0548218854 -11.2166611827 5.31304648238
756 11957 -0.101947329275 -24.0419156042 -11.2685048719 5.16402949879
757 12383 -0.102064205718 -24.0292518981 -11.2516434409 5.28232758998
758 12107 -0.1021824186 -24.0164633719 -11.2558639875 5.1422912914
759 12506 -0.102298743186 -24.0038987008 -11.1989507752 5.31942747588
760 12022 -0.102417400985 -23.9911019711 -11.2091827441 5.22773547625
761 12194 -0.102535231105 -23.9784144066 -11.2502708635 5.22353376472
762 12259 -0.102652761019 -23.9657788813 -11.2956645301 5.15825311822
763 12502 -0.10276915129 -23.9532852376 -11.1969873354 5.18082476015
764 12495 -0.102885587603 -23.9408058857 -11.2874931982 5.26889199566
765 12195 -0.103003460217 -23.9281921463 -11.2784579575 5.25282525852
766 12168 -0.103121476351 -23.9155827122 -11.2461039295 5.12933889126
767 12584 -0.103237536451 -23.9032014166 -11.2518235724 5.32868400701
768 12027 -0.103356270235 -23.8905544956 -11.2481328517 5.29646720921
769 11983 -0.103475232916 -23.8779030331 -11.2865720204 5.14164686149
770 12492 -0.103591757526 -23.8655300641 -11.231322264 5.20790290205
771 12412 -0.103708669053 -23.8531350735 -11.2367281792 5.22372765476
772 12338 -0.103825945159 -23.8407205711 -11.2351809155 5.24150942035
773 12259 -0.103943610528 -23.8282840862 -11.2527029566 5.21802429559
774 12318 -0.104061005695 -23.8158953064 -11.2089594388 5.22778170837
775 12304 -0.104178482883 -23.8035169729 -11.2277071231 5.09325020596
776 12770 -0.104293807493 -23.7913839981 -11.2955077326 5.18569761147
777 12578 -0.104410022517 -23.7791758921 -11.271793938 5.22619676327
778 12387 -0.104527141908 -23.7668915794 -11.2958197561 5.02192205494
779 13060 -0.104641213106 -23.7549450806 -11.253550852 5.30362013172
780 12255 -0.104758982986 -23.7426299208 -11.2021117168 5.09523407389
781 12758 -0.104874422926 -23.7305767966 -11.2257988831 5.29841452992
782 12198 -0.104992492393 -23.7182679185 -11.2355584628 5.08786421788
783 12771 -0.105107897374 -23.7062551451 -11.1937925191 5.18846520136
784 12582 -0.105224179744 -23.6941693292 -11.2462071235 5.06773321044
785 12962 -0.105338756277 -23.6822787248 -11.2764827374 5.23820092408
786 12464 -0.105455609754 -23.6701700989 -11.1954128186 5.27012886263
787 12224 -0.105573619282 -23.6579603707 -11.2127094564 5.1900289493
788 12430 -0.105690657999 -23.6458695971 -11.1787492595 5.13908535838
789 12669 -0.105806600909 -23.6339101629 -11.2085763903 5.27283446248
790 12276 -0.105924397953 -23.6217779219 -11.266504708 5.22499377297
791 12331 -0.106041942146 -23.6096902146 -11.2800581563 5.12662138756
792 12690 -0.10615782571 -23.5977913217 -11.2275308189 5.20299073094
793 12526 -0.106274477043 -23.5858316481 -11.218857386 5.17167230301
794 12591 -0.10639083786 -23.5739197661 -11.2033376735 5.21836416782
795 12449 -0.106507872277 -23.5619570286 -11.2217715082 5.25602757444
796 12284 -0.106625704858 -23.5499310057 -11.2167147263 5.28528910916
797 12142 -0.106744233983 -23.5378523778 -11.2084194255 5.1432743698
798 12587 -0.106860663774 -23.5260056905 -11.2559991993 5.16600314035
799 12638 -0.106976870791 -23.5141994294 -11.2294880701 5.15229864021
800 12703 -0.107092793653 -23.5024396762 -11.2352027896 5.10432733956
801 12895 -0.107207860828 -23.4907841131 -11.2057116947 5.18020967831
802 12679 -0.107323914835 -23.4790460968 -11.1713342678 5.14673878469
803 12740 -0.107439705228 -23.4673522271 -11.2185758804 5.14890568969
804 12751 -0.10755545594 -23.4556797827 -11.1841509235 5.14854823926
805 12757 -0.107671190243 -23.4440263668 -11.2034745408 5.19346527561
806 12602 -0.107787646427 -23.4323177618 -11.1556263733 5.07971351757
807 12967 -0.107902466386 -23.4207908116 -11.2123087989 5.18043099611
808 12710 -0.108018454356 -23.4091638529 -11.225313192 5.14012341343
809 12783 -0.108134118454 -23.3975865878 -11.226294906 5.19057428858
810 12627 -0.108250508403 -23.3859539985 -11.1962559275 5.05218696253
811 13083 -0.108364864629 -23.3745415637 -11.182623394 5.17666384411
812 12762 -0.108480661846 -23.3630023489 -11.2209220115 5.16675188376
813 12711 -0.108596703558 -23.3514559214 -11.2090415687 5.09631765003
814 12951 -0.108711675207 -23.3400328644 -11.2288653735 5.14259762765
815 12854 -0.108827095037 -23.3285821594 -11.1970964391 5.20579651457
816 12605 -0.108943661498 -23.3170348283 -11.242087195 5.15294608182
817 12723 -0.109059695564 -23.3055572984 -11.2043587124 5.20469553667
818 12576 -0.109176417483 -23.2940288663 -11.2133100312 5.01485329889
819 13223 -0.109290263736 -23.2828009817 -11.1787467037 5.3521676426
820 12209 -0.109408754373 -23.2711323445 -11.1591556418 5.04797747559
821 12992 -0.109523632054 -23.2598363047 -11.2123061215 5.05388512291
822 13205 -0.10963759038 -23.2486469765 -11.2083699309 5.24830274075
823 12563 -0.109754433733 -23.2371912052 -11.191467712 5.1312734152
824 12802 -0.109870196077 -23.2258581909 -11.2151219325 5.13181652536
825 12870 -0.109985662883 -23.2145707033 -11.1743650081 5.16889630354
826 12758 -0.110101646506 -23.2032493431 -11.1912089433 5.06933718678
827 13089 -0.110216166065 -23.1920872296 -11.2050250062 5.13601578098
828 12941 -0.110331352428 -23.1808764646 -11.1942444635 5.22351879055
829 12591 -0.110448140082 -23.1695265472 -11.1869201891 5.18355531698
830 12636 -0.1105647316 -23.1582124253 -11.1573213777 5.0687831379
831 13063 -0.110679412701 -23.1470999687 -11.1981230775 5.12320398085
832 12988 -0.110794437366 -23.1359704027 -11.1582227528 5.15001757545
833 12872 -0.110909991689 -23.1248058717 -11.2386234022 5.14529240454
834 12859 -0.11102561821 -23.1136506672 -11.1611780913 5.18181897625
835 12727 -0.111141854996 -23.102452989 -11.1821465525 5.07823317565
836 13065 -0.111256588564 -23.0914162173 -11.1921463803 5.13435181742
837 12958 -0.111371807713 -23.0803487928 -11.1978651227 5.11441536712
838 13002 -0.111486840666 -23.0693152724 -11.1940687072 5.21288593223
839 12664 -0.111603414047 -23.0581502949 -11.2173770283 5.03577080381
840 13212 -0.111717555844 -23.0472340665 -11.1959856198 5.20554838042
841 12750 -0.111833759517 -23.0361367331 -11.1641097683 5.11618175085
842 12945 -0.111949097416 -23.0251380978 -11.1602119392 5.21110917846
843 12662 -0.112065726577 -23.0140325202 -11.2106834876 5.18150117994
844 12690 -0.112182240452 -23.0029541449 -11.1553905407 4.96860329683
845 13485 -0.112295279895 -22.9922215919 -11.172676508 5.15910366131
846 12999 -0.112410423141 -22.9813049209 -11.1813426633 5.09604202166
847 13099 -0.112525138195 -22.9704444984 -11.1867237325 5.00797840155
848 13462 -0.112638309281 -22.9597455254 -11.1670038832 5.12786570437
849 13114 -0.112752984434 -22.9489198068 -11.2183821773 5.01987412567
850 13424 -0.112866335992 -22.9382342888 -11.1823932754 4.98157416062
851 13665 -0.112978697664 -22.9276570181 -11.1768396434 5.07155221221
852 13386 -0.11309223518 -22.9169841281 -11.2006565908 5.04778310853
853 13401 -0.113205718803 -22.9063314113 -11.1678886359 5.01396713837
854 13538 -0.113318641157 -22.8957463421 -11.1775590594 5.02793944519
855 13524 -0.113431630955 -22.8851698583 -11.1947389532 4.98536605607
856 13688 -0.113543952138 -22.8746707106 -11.1425666938 5.09725922583
857 13304 -0.113657894726 -22.8640349991 -11.1631618332 5.07882550419
858 13270 -0.113771994531 -22.8533997167 -11.1436500983 5.09400675399
859 13206 -0.113886384001 -22.8427525758 -11.188105463 5.10818171713
860 13137 -0.114001083466 -22.8320917724 -11.1897345388 5.15247188961
861 12958 -0.114116586485 -22.8213716229 -11.1721311809 5.13894450306
862 12959 -0.11423209588 -22.8106662456 -11.2073205026 4.99701936368
863 13492 -0.114345313022 -22.8001881933 -11.1601810435 5.1440685761
864 13091 -0.114460263462 -22.7895647673 -11.1773417538 5.12101765046
865 13068 -0.114575327829 -22.7789459583 -11.1408724914 4.99165267749
866 13551 -0.114688332609 -22.7685319392 -11.1951824477 5.06429262003
867 13412 -0.11480193387 -22.7580776233 -11.1585477376 5.18299586168
868 12935 -0.114917621347 -22.7474464086 -11.1286418748 5.07513649134
869 13201 -0.115032151383 -22.7369365255 -11.1538713224 4.93577595204
870 13819 -0.115144102863 -22.7266776282 -11.1769785911 5.01692857493
871 13677 -0.115256642081 -22.7163791563 -11.1799842684 5.01264048433
872 13657 -0.115369277933 -22.7060861528 -11.1362179388 5.16179173452
873 13087 -0.11548435129 -22.6955851586 -11.1890747876 5.04769131643
874 13358 -0.11559826486 -22.6852046603 -11.1409824383 5.11253371703
875 13193 -0.11571290049 -22.6747730583 -11.1951791014 4.88746843102
876 14023 -0.11582410042 -22.664668155 -11.1035422712 5.14963571103
877 13235 -0.115938574519 -22.6542801548 -11.1491335945 5.03947893269
878 13439 -0.116052187237 -22.6439847686 -11.1320324669 5.01311026668
879 13602 -0.116165132022 -22.6337641473 -11.1232764234 5.02606448557
880 13599 -0.116278097704 -22.6235558066 -11.1918468761 4.86278168967
881 14259 -0.116388430463 -22.6135990489 -11.1614434419 5.14964284792
882 13305 -0.116502660857 -22.6033047459 -11.1759913809 5.00647083714
883 13597 -0.116615671501 -22.593134542 -11.1856549015 5.05030868862
884 13512 -0.11672904775 -22.5829455772 -11.1580680698 4.9317900363
885 13957 -0.116840610911 -22.5729333507 -11.1820076117 4.92907038248
886 14099 -0.116951621604 -22.5629842647 -11.1453162511 5.09355256277
887 13487 -0.117065136258 -22.5528247264 -11.1477177652 4.94457643866
888 13904 -0.117176945207 -22.5428316197 -11.1906601344 4.9343358056
889 14069 -0.117288110124 -22.5329095974 -11.1379823431 5.01105120102
890 13807 -0.117400333677 -22.522906737 -11.1584874918 5.13952761916
891 13244 -0.11751493212 -22.5127063207 -11.1393960748 5.05065999408
892 13426 -0.117628760058 -22.5025885892 -11.1512077577 5.03317931188
893 13547 -0.11774208981 -22.4925290744 -11.1583537145 5.01629405334
894 13649 -0.117855006755 -22.4825200029 -11.1625758294 5.03168271058
895 13620 -0.117968056543 -22.4725129292 -11.1501612296 5.02599966777
896 13636 -0.118081051407 -22.4625244615 -11.1624330872 4.96542846712
897 13882 -0.118193051654 -22.452637449 -11.1438556824 4.93266207929
898 14088 -0.11830424296 -22.4428351492 -11.1017388717 5.07634881485
899 13574 -0.118417529429 -22.4328617506 -11.1401291665 5.03756687426
900 13586 -0.118530777816 -22.4229054022 -11.1091166937 5.043100065
901 13570 -0.11864410482 -22.412955825 -11.1433639826 4.99008688756
902 13775 -0.118756596779 -22.4030930711 -11.1330271397 5.00156075311
903 13790 -0.118869039723 -22.3932480398 -11.1790284406 4.91734925467
904 14136 -0.118980107293 -22.3835365821 -11.1410973866 5.09287649085
905 13535 -0.119093626732 -22.3736242198 -11.1112849688 4.99242724373
906 13764 -0.119206210446 -22.3638069973 -11.1288069683 4.93910002986
907 14046 -0.11931766897 -22.3541010431 -11.1649829125 5.01221214157
908 13833 -0.119429993586 -22.3443328823 -11.1531566102 5.10286773985
909 13424 -0.119544026942 -22.3344296661 -11.144091849 4.88000531879
910 14193 -0.119654937642 -22.3248107012 -11.1261900827 5.01822325328
911 13855 -0.119767206318 -22.3150870582 -11.1329412146 4.90603837713
912 14218 -0.119878042172 -22.3055004118 -11.120781783 5.06562730697
913 13678 -0.119991055989 -22.2957385556 -11.1041331923 4.99309260507
914 13818 -0.120103508822 -22.286038331 -11.1017537935 5.09593930018
915 13458 -0.120217466274 -22.2762216985 -11.084205659 4.98144116092
916 13805 -0.12032999555 -22.2665412859 -11.1255015081 4.99498172215
917 13852 -0.120442342174 -22.2568896381 -11.144551987 5.04691604731
918 13663 -0.120555477879 -22.2471833544 -11.1256279125 4.78528595113
919 14688 -0.120664604725 -22.2378334866 -11.1385110795 4.94205365374
920 14318 -0.12077514036 -22.2283753875 -11.0877866753 5.06860829677
921 13709 -0.120888118338 -22.2187212535 -11.1309871488 4.9071597491
922 14191 -0.120999171468 -22.2092443319 -11.1209561972 5.06140188688
923 13707 -0.121112177758 -22.199613666 -11.0923741138 4.98928316961
924 13861 -0.121224567153 -22.1900484868 -11.1450104171 4.89471199304
925 14294 -0.121335254101 -22.1806407616 -11.1296207056 5.07800262328
926 13676 -0.121448425518 -22.1710347368 -11.1256385166 4.88966525212
927 14264 -0.121559249962 -22.1616405063 -11.1107690188 5.01970735349
928 13902 -0.12167151786 -22.1521365895 -11.1425022781 4.96566801401
929 14022 -0.121783317873 -22.14268493 -11.0998170978 4.94117811079
930 14158 -0.121894589927 -22.1332904143 -11.1587607696 4.99742464444
931 13969 -0.122006623218 -22.1238442129 -11.1153357265 4.88752728051
932 14370 -0.122117093711 -22.1145421216 -11.0361372356 5.00011258615
933 14020 -0.122228945273 -22.1051361998 -11.1071890311 5.10493126364
934 13515 -0.122342879271 -22.0955680267 -11.1059086191 5.07042223639
935 13511 -0.12245684005 -22.0860105698 -11.1549128812 4.885614769
936 14249 -0.122567821215 -22.0767154407 -11.1293568572 4.97104454721
937 14113 -0.122679346804 -22.0673870548 -11.1086230804 4.96609485169
938 14098 -0.122790945282 -22.0580649323 -11.117021111 4.9829922476
939 14027 -0.122902836694 -22.0487307298 -11.1396766671 4.95693164625
940 14115 -0.123014389147 -22.03943713 -11.1006321633 4.98657730373
941 14021 -0.123126325871 -22.0301238639 -11.1062782007 4.9668734917
942 14077 -0.12323805202 -22.0208404287 -11.0861840124 4.88101592275
943 14451 -0.123348330735 -22.0116893012 -11.0936714332 4.87255112254
944 14597 -0.123458067021 -22.0025950353 -11.0937386409 4.91381832128
945 14464 -0.123568318189 -21.9934699815 -11.0863217142 4.8955648795
946 14507 -0.123678418658 -21.9843692639 -11.1450147072 4.89706080742
947 14515 -0.123788500424 -21.975281923 -11.0794215908 5.05632173026
948 13863 -0.123901151309 -21.9659947232 -11.0884180783 4.99655676974
949 13926 -0.124013557735 -21.9567399789 -11.0807460646 4.9025878874
950 14331 -0.124124376586 -21.947627951 -11.1334753245 4.90198445144
951 14452 -0.124234739552 -21.9385652338 -11.1062650596 4.80901467764
952 14892 -0.12434347207 -21.9296479247 -11.0907947542 4.95812279412
953 14374 -0.124454156776 -21.9205822363 -11.1606919545 4.91439358211
954 14418 -0.124564682885 -21.9115413175 -11.0999511769 4.88129207716
955 14573 -0.124674629464 -21.9025594608 -11.1142029708 4.90393680589
956 14522 -0.124784779646 -21.8935726087 -11.0891204653 4.89807421973
957 14535 -0.124894892247 -21.8846004435 -11.0832660256 5.02626749401
958 14008 -0.125007066413 -21.8754722236 -11.0627838225 4.79718855929
959 14825 -0.125116116675 -21.8666097291 -11.1120713178 4.87637935192
960 14719 -0.125225569859 -21.857725885 -11.1005291489 4.91801003724
961 14513 -0.125335809098 -21.8487897593 -11.0787782786 4.79128681101
962 15010 -0.12544422012 -21.8400130848 -11.0879160354 4.89368658306
963 14701 -0.125553772674 -21.8311553108 -11.0831891314 4.77960550507
964 15122 -0.125661802246 -21.8224317952 -11.0933060883 4.90500188999
965 14687 -0.125771430647 -21.8135904393 -11.0659384882 4.84013147051
966 14851 -0.125880459292 -21.8048086893 -11.0529858763 4.99889882127
967 14222 -0.125991887094 -21.7958452555 -11.0909735307 4.8691120395
968 14595 -0.126101889555 -21.7870079172 -11.0776142866 4.83775639431
969 14842 -0.126210985736 -21.7782545918 -11.1030256458 4.90533123208
970 14619 -0.126320919196 -21.7694453541 -11.0888098293 4.94837547103
971 14378 -0.126431784284 -21.7605728957 -11.0701937045 4.8529110092
972 14719 -0.126541366795 -21.7518143432 -11.0664869278 4.85793648966
973 14797 -0.126650670825 -21.7430891826 -11.1018341071 4.87861309772
974 14731 -0.126760230883 -21.7343547231 -11.0869800269 4.90652901096
975 14594 -0.1268703139 -21.7255897829 -11.1112192203 4.8147391104
976 14958 -0.126979060121 -21.7169422942 -11.0807517373 4.89279811554
977 14720 -0.127088692767 -21.7082353781 -11.051560535 4.8458105036
978 14861 -0.127197814672 -21.6995800331 -11.0626905122 4.90958341679
979 14625 -0.127307824109 -21.6908653881 -11.0708431776 4.81598698941
980 14970 -0.127416569714 -21.6822617915 -11.0614331569 4.89700270605
981 14713 -0.127526269939 -21.6735936602 -11.0890466831 4.87189303137
982 14753 -0.127635832772 -21.6649473845 -11.0792958346 4.76101017816
983 15262 -0.127743564273 -21.6564563296 -11.0796393573 4.90576568535
984 14760 -0.127853121413 -21.6478322442 -11.0846909358 4.7132062012
985 15489 -0.127960078746 -21.6394233562 -11.0698114085 4.80237590828
986 15288 -0.128067747765 -21.6309690215 -11.0743567076 4.78864359503
987 15297 -0.128175394463 -21.6225269579 -11.0698514316 4.90839888911
988 14766 -0.128284971115 -21.6139443227 -11.0721192164 4.7457128186
989 15348 -0.128392459476 -21.6055358046 -11.0785417225 4.86072072774
990 14994 -0.128501220906 -21.5970383146 -11.0581711957 4.87777217596
991 14824 -0.128610615156 -21.5885021361 -11.0557431871 4.96088539658
992 14423 -0.128721530609 -21.5798582472 -11.0422282536 4.71595865339
993 15390 -0.128828913727 -21.5715001661 -11.0739361235 4.78772801671
994 15345 -0.128936465601 -21.5631393108 -11.0549767853 4.97079232188
995 14525 -0.129047023952 -21.554555527 -11.0779514314 4.79040301452
996 15088 -0.12915550994 -21.546143255 -11.0577909894 4.8084754107
997 15172 -0.129263706307 -21.5377638927 -11.1203433557 4.70419759129
998 15683 -0.129370135384 -21.5295315655 -11.0706640504 4.8878280151
999 14981 -0.129479036796 -21.5211184199 -11.0604589306 4.80691050078
1000 15154 -0.129587325217 -21.5127630609 -11.0614680251 4.83915272059
1001 15060 -0.129695962729 -21.5043911993 -11.0848228982 4.90088243244
1002 14764 -0.129805695847 -21.4959454969 -11.0781255026 4.79450428589
1003 15154 -0.129914016529 -21.4876189233 -11.0553976102 4.90139820383
1004 14791 -0.130023669096 -21.4792004931 -11.0744140828 4.72368485804
1005 15492 -0.130130822714 -21.4709841285 -11.0769710776 4.89580817179
1006 14910 -0.130240057045 -21.4626185901 -11.0179502754 4.87919153463
1007 14827 -0.130349607338 -21.4542393529 -11.0899128512 4.70302503684
1008 15606 -0.130456398436 -21.446081262 -11.0491280682 4.7765132437
1009 15489 -0.130563602783 -21.4379016158 -11.101614385 4.80665187139
1010 15319 -0.13067141025 -21.4296860521 -11.0579234265 4.83263556745
1011 15156 -0.130779807227 -21.4214357586 -11.0459703125 4.92712012024
1012 14696 -0.130889896913 -21.4130670743 -11.0396247175 4.83555205724
1013 14971 -0.130998982015 -21.4047851188 -11.0638337622 4.77062092474
1014 15347 -0.131106735156 -21.3966143983 -11.0700827793 4.7918144305
1015 15359 -0.131214456235 -21.3884561349 -11.02741064 4.85474701935
1016 15078 -0.131323185741 -21.380231646 -11.0500292084 4.7700078849
1017 15387 -0.13143082884 -21.3720993602 -11.046239187 4.79063858662
1018 15382 -0.131538500216 -21.3639748998 -11.0309392346 4.7202705234
1019 15713 -0.13164504181 -21.3559454782 -11.0629820362 4.75723972556
1020 15633 -0.131751863728 -21.3479046899 -11.0501302446 5.0003270734
1021 14525 -0.131862694678 -21.3395724422 -11.0616754395 4.7465904951
1022 15341 -0.131970549812 -21.3314739807 -11.0537521259 4.61508136349
1023 16223 -0.132075442851 -21.3236074389 -11.0234342823 4.82806098954
1024 15447 -0.132182946871 -21.3155547945 -11.0315211594 4.79001386548
1025 15416 -0.132290569441 -21.3075030991 -11.0656645602 4.74806727137
1026 15606 -0.132397547111 -21.2995093808 -11.0667693156 4.85780705327
1027 15154 -0.132506117146 -21.2914065768 -11.029074942 4.78976323887
1028 15341 -0.132614034799 -21.2833623285 -11.0379683556 4.75107947537
1029 15576 -0.1327211436 -21.275388083 -11.0073314694 4.78066774391
1030 15506 -0.132828504107 -21.2674047893 -11.039647966 4.91023378948
1031 14902 -0.132938029847 -21.2592704705 -11.0748537413 4.78357910683
1032 15305 -0.13304611594 -21.2512529379 -11.0279507611 4.78753798535
1033 15404 -0.133153861321 -21.2432704156 -10.999989553 4.86923160322
1034 15063 -0.133262832554 -21.2352069451 -11.0097098167 4.80153214914
1035 15275 -0.133371052844 -21.2272088495 -11.0550852428 4.85199258047
1036 15109 -0.1334798787 -21.2191758383 -11.0731105558 4.72137172127
1037 15666 -0.133586762353 -21.2112957788 -11.0634000375 4.89823251642
1038 15012 -0.133695959813 -21.2032549276 -11.0980322261 4.61077943839
1039 16177 -0.133801160041 -21.1955177632 -11.0397103021 4.72624389928
1040 15954 -0.133907104894 -21.1877350886 -11.0204502902 4.82725449959
1041 15416 -0.134014891202 -21.1798266561 -11.0288118471 4.74725495826
1042 15643 -0.134121901762 -21.1719846186 -11.0208144166 4.72997051564
1043 15793 -0.134228415331 -21.1641883635 -11.0310572856 4.79937248162
1044 15509 -0.134335910622 -21.1563297047 -11.023988198 4.77739361699
1045 15535 -0.134443326063 -21.1484863533 -11.0342340286 4.79826263431
1046 15447 -0.134551056459 -21.1406294961 -11.013980518 4.85322158189
1047 15173 -0.134659763985 -21.1327109951 -11.0518382765 4.81509645859
1048 15272 -0.13476813002 -21.1248269697 -11.0241421295 4.83622929234
1049 15206 -0.134876741494 -21.1169346892 -11.0551412444 4.75119824867
1050 15581 -0.13498404724 -21.1091467135 -11.0392717133 4.76251374853
1051 15638 -0.135091169518 -21.1013813802 -11.0654706654 4.63753327162
1052 16264 -0.135196219235 -21.0937753225 -11.0193087513 4.80131270978
1053 15645 -0.135303334786 -21.0860288864 -10.9972855562 4.70010789188
1054 15961 -0.135409394976 -21.0783679066 -11.0221437885 4.79123967824
1055 15616 -0.135516631949 -21.0706311506 -11.0076936375 4.86625612599
1056 15179 -0.135625411664 -21.0627925527 -10.9849420752 4.60742722178
1057 16286 -0.135730440456 -21.0552332706 -11.0165165596 4.77348679979
1058 15794 -0.135837100115 -21.04756567 -11.0022116046 4.697693076
1059 16027 -0.135942993127 -21.0399621998 -11.0162377526 4.73232653596
1060 15926 -0.136049230292 -21.0323430318 -10.9923670547 4.74994740119
1061 15815 -0.136155849242 -21.0247055445 -11.0478564472 4.65097188817
1062 16271 -0.136260975467 -21.0171838597 -11.0039357417 4.72249690784
1063 16048 -0.136366838197 -21.0096183677 -11.0163332639 4.67641451789
1064 16215 -0.136472163114 -21.002100148 -11.0277627515 4.7741871994
1065 15787 -0.136578917894 -20.9944888434 -11.0095871652 4.69339553658
1066 16061 -0.136684767636 -20.9869509769 -11.0121875226 4.72583963166
1067 15982 -0.13679088784 -20.9794027428 -10.9962029993 4.70491276709
1068 16064 -0.136896745891 -20.9718820119 -11.0124595539 4.77985149029
1069 15727 -0.137003742018 -20.9642893998 -10.9911956892 4.62251872995
1070 16405 -0.137108514318 -20.956863322 -11.0488249834 4.70903988687
1071 16168 -0.137214060624 -20.949391102 -11.0080982253 4.83321579464
1072 15511 -0.137321831952 -20.9417703737 -11.0191053344 4.55327331225
1073 16701 -0.137425701765 -20.9344341344 -11.0519485037 4.6216673285
1074 16700 -0.137529581861 -20.9271056025 -11.0151956213 4.78153159801
1075 15901 -0.137636049861 -20.9196032369 -11.0429785916 4.69665778716
1076 16099 -0.137741872473 -20.9121550997 -11.0024009113 4.7940864481
1077 15686 -0.137849088466 -20.9046177741 -10.9953626029 4.76801914212
1078 15698 -0.137956274532 -20.8970914742 -11.0279815643 4.70114539979
1079 16025 -0.138062370844 -20.8896504642 -11.0455277084 4.66594491709
1080 16296 -0.138167592219 -20.8822794212 -11.0191723837 4.79164550895
1081 15759 -0.138274599647 -20.8747920334 -11.0160585573 4.65862491297
1082 16259 -0.138379958668 -20.8674286153 -11.0022659319 4.65472215701
1083 16426 -0.138484791711 -20.8601104415 -11.0221050004 4.62441109971
1084 16631 -0.13858898668 -20.8528451829 -11.0524136356 4.65996431432
1085 16508 -0.138693577094 -20.8455607318 -11.0398417131 4.78800794952
1086 15843 -0.138800348954 -20.8381329959 -10.9859166877 4.62978979968
1087 16440 -0.138905175905 -20.8308490458 -11.0062869978 4.6569509657
1088 16477 -0.139009895242 -20.8235809541 -10.9969712815 4.73193318216
1089 16114 -0.139115796378 -20.8162393441 -11.0007847915 4.74154917797
1090 15970 -0.139222185086 -20.8088725309 -10.9866704707 4.63016580409
1091 16484 -0.139326909725 -20.8016293478 -10.9736246233 4.70881305978
1092 16237 -0.139432439039 -20.7943389292 -11.0265030742 4.69362739211
1093 16246 -0.139537948432 -20.7870583222 -10.9856917448 4.49812304031
1094 17270 -0.139640291833 -20.7800042279 -11.0283959382 4.6443230288
1095 16786 -0.139744109528 -20.7728565991 -10.9708567194 4.73954866004
1096 16174 -0.139849880654 -20.7655828385 -10.9898450584 4.68446164124
1097 16282 -0.139955310404 -20.7583409352 -11.0107148242 4.66870143728
1098 16394 -0.140060389445 -20.7511314345 -10.9820052544 4.79818359189
1099 15792 -0.140167463115 -20.7437936045 -10.9705784313 4.59337046383
1100 16639 -0.140271785736 -20.7366525664 -10.9796476587 4.71488329274
1101 16268 -0.140377300166 -20.7294382271 -10.9629352811 4.68681367222
1102 16308 -0.14048269571 -20.7222403162 -10.9967864263 4.67800600784
1103 16366 -0.140587915245 -20.7150626863 -10.9613077927 4.67782202008
1104 16385 -0.140693082044 -20.7078968883 -10.9913718604 4.72857728152
1105 16140 -0.14079905494 -20.7006844787 -10.9629948956 4.59281550317
1106 16760 -0.140903059163 -20.6936141563 -10.9813006232 4.70832411219
1107 16347 -0.141008377782 -20.6864626449 -11.0263304648 4.57114493005
1108 16939 -0.141111848101 -20.6794446282 -10.9705711766 4.77936909985
1109 16047 -0.141218165836 -20.6722417161 -10.9890165492 4.54005531938
1110 17018 -0.141321414205 -20.6652547258 -11.0073590456 4.71673793017
1111 16382 -0.141426657252 -20.6581408272 -11.0172564607 4.66598064659
1112 16467 -0.141531639907 -20.6510526389 -10.9505677151 4.62211848182
1113 16718 -0.141635839826 -20.644025295 -10.9997464038 4.55046894251
1114 17172 -0.141738661999 -20.637098664 -10.9493652676 4.60879603447
1115 16991 -0.141842040313 -20.6301423635 -10.971872224 4.64732348004
1116 16741 -0.141946197468 -20.6231415473 -10.9878921 4.70301933822
1117 16390 -0.142051473614 -20.6160735564 -11.0397256169 4.64928845716
1118 16567 -0.142156195382 -20.6090507887 -10.9628065286 4.66353467652
1119 16546 -0.142260991813 -20.6020309925 -10.9573801981 4.64394266867
1120 16643 -0.142365492873 -20.5950389166 -10.9531863319 4.67060256167
1121 16536 -0.142470341722 -20.588031521 -10.9987555917 4.68644776323
1122 16428 -0.142575544211 -20.5810084818 -10.9730932035 4.63889520476
1123 16642 -0.142680077303 -20.574038046 -10.9807188834 4.70321080536
1124 16377 -0.142785462259 -20.5670187812 -10.9819003729 4.70535588057
1125 16295 -0.142891121152 -20.5599892962 -10.9921638384 4.65629700865
1126 16522 -0.142996064064 -20.5530153873 -10.9746464834 4.6558166214
1127 16591 -0.143100797395 -20.5460632846 -10.9409310651 4.66104765254
1128 16586 -0.143205556645 -20.5391173225 -10.9617920813 4.76035446933
1129 16090 -0.143311928418 -20.5320724755 -10.9797506362 4.60855521471
1130 16716 -0.143416298937 -20.5251680224 -10.9765792197 4.66849121936
1131 16589 -0.143521076443 -20.518244458 -10.9815979253 4.65231895971
1132 16639 -0.143625707172 -20.5113383912 -11.0072704249 4.58131342568
1133 17027 -0.143729148474 -20.5045184804 -10.949072674 4.59450076923
1134 17070 -0.143832468917 -20.4977141178 -10.9665570151 4.57182948047
1135 17206 -0.14393538887 -20.4909436501 -10.9711723695 4.57451307829
1136 17232 -0.144038239921 -20.484185201 -10.9771806155 4.642233751
1137 16880 -0.144142166531 -20.4773636654 -10.9875792245 4.51416884495
1138 17473 -0.144244325061 -20.470665607 -10.9627026511 4.59034381532
1139 17227 -0.144347218125 -20.4639268169 -10.9498523697 4.65448197384
1140 16821 -0.144451354731 -20.4571141622 -11.0135012647 4.5847334583
1141 17079 -0.144554713043 -20.4503599512 -10.9547227286 4.6091283911
1142 17024 -0.14465824664 -20.4436017923 -10.9714327897 4.67786748119
1143 16652 -0.144762940946 -20.436775496 -10.9194131071 4.47342696888
1144 17644 -0.144864655889 -20.4301507953 -10.9626903973 4.65017394561
1145 16967 -0.144968392298 -20.4234018705 -11.0202016957 4.58798290224
1146 17114 -0.145071690212 -20.4166889219 -10.9687657173 4.61328989346
1147 17023 -0.145175274486 -20.4099648157 -10.9303633606 4.5093541047
1148 17564 -0.14527725859 -20.4033518626 -10.958310639 4.62297239774
1149 17099 -0.145380630548 -20.396656276 -10.9398455752 4.55107727295
1150 17360 -0.145483229642 -20.3900180639 -10.9451893701 4.60596739586
1151 17139 -0.145586499645 -20.3833437913 -10.9636420406 4.65227096219
1152 16835 -0.145690705956 -20.3766164662 -10.9252204576 4.55637793473
1153 17262 -0.145793625365 -20.3699795653 -10.9422107938 4.59411293561
1154 17182 -0.145896793221 -20.3633339571 -10.9145754184 4.56618125224
1155 17313 -0.145999579342 -20.3567202097 -10.9361655168 4.53093991565
1156 17546 -0.146101688534 -20.3501571945 -10.9750990501 4.53771151724
1157 17577 -0.146203717474 -20.3436064695 -10.929502279 4.51119151249
1158 17737 -0.146305294947 -20.3370918023 -10.9554116369 4.59571022666
1159 17315 -0.146408111765 -20.3305048241 -10.9654436846 4.52734667075
1160 17576 -0.146510171489 -20.323973477 -10.9456557218 4.67758039682
1161 16840 -0.146614447281 -20.3173076349 -10.9704502249 4.64270426714
1162 16824 -0.146718781486 -20.3106454552 -10.9157072325 4.64522384545
1163 16809 -0.146823173008 -20.3039870088 -10.9763139366 4.52502100096
1164 17450 -0.146925637067 -20.2974586832 -10.958952181 4.53772727853
1165 17568 -0.147027765693 -20.2909587972 -10.9475736796 4.67384185551
1166 16868 -0.147132000512 -20.2843321296 -10.9346063948 4.61288061117
1167 17000 -0.147235841481 -20.2777377873 -10.9254650889 4.59452853905
1168 17137 -0.147339274555 -20.2711765669 -10.9627508537 4.41341955315
1169 18194 -0.147439665655 -20.2648151921 -10.9459300882 4.58554651431
1170 17518 -0.14754198554 -20.2583385609 -10.9609408377 4.55837898804
1171 17486 -0.147644407557 -20.251862494 -10.937770917 4.53307784449
1172 17620 -0.1477464494 -20.2454174481 -10.9220983168 4.66668766468
1173 16935 -0.147850544158 -20.2388499093 -10.9177973584 4.61902479474
1174 17001 -0.147954444796 -20.2323018288 -10.9245197496 4.61510994997
1175 17043 -0.148058227995 -20.2257683306 -10.9320455758 4.47280823946
1176 17839 -0.148159677407 -20.2193886782 -10.9622760568 4.65070559908
1177 17086 -0.148263347629 -20.2128764331 -10.9337901133 4.49361977785
1178 17739 -0.148365101987 -20.2064914692 -10.9308201359 4.51517419036
1179 17808 -0.148466666501 -20.2001252561 -10.9447634734 4.62275944116
1180 17234 -0.148569917353 -20.1936603333 -10.9353433868 4.51425997617
1181 17673 -0.148671887854 -20.1872824871 -10.9417036243 4.64755427732
1182 17070 -0.148775653374 -20.1807994074 -10.9330499981 4.5709371446
1183 17317 -0.148878684279 -20.1743692382 -10.9445214867 4.59060731472
1184 17283 -0.148981827222 -20.1679390659 -10.8995361357 4.61102072477
1185 17166 -0.149085331212 -20.1614934041 -10.9339450923 4.50861024634
1186 17696 -0.149187280784 -20.1551514062 -10.9461465253 4.53839196821
1187 17684 -0.14928927581 -20.1488133865 -10.9467794229 4.63386996072
1188 17159 -0.149392826588 -20.1423856449 -10.8951769028 4.446042607
1189 18057 -0.149493778398 -20.1361259643 -10.9239040517 4.65587625714
1190 17144 -0.149597392627 -20.1297080998 -10.9341367581 4.61358314826
1191 17126 -0.149701070793 -20.1232932645 -10.9481700799 4.51166529535
1192 17681 -0.149803119266 -20.1169860799 -10.92780602 4.5201843021
1193 17796 -0.149904847436 -20.1107054134 -10.9242198798 4.50639256279
1194 17909 -0.15000626244 -20.1044507517 -10.9442456217 4.50357275398
1195 17959 -0.150107544111 -20.0982109499 -10.9236673458 4.59541722377
1196 17460 -0.150210273375 -20.0918887295 -10.9031867006 4.52005256001
1197 17742 -0.150312190405 -20.0856232188 -10.9173837856 4.55729953467
1198 17616 -0.150414481943 -20.0793414075 -10.8604073183 4.58467282841
1199 17432 -0.150517320716 -20.0730327692 -10.9176081255 4.55946785033
1200 17521 -0.150619905798 -20.0667464557 -10.9214849926 4.47800757454
1201 18008 -0.150721103126 -20.0605517899 -10.8756240748 4.5976552824
1202 17474 -0.150823845004 -20.05426928 -10.9265400265 4.44732436962
1203 18177 -0.150924590133 -20.0481154172 -10.907619334 4.50026062082
1204 18074 -0.151025630122 -20.041950047 -10.9343640566 4.59386793102
1205 17519 -0.151128266349 -20.0356939343 -10.8994790581 4.50314580216
1206 17875 -0.151229884434 -20.029506483 -10.9044290135 4.48811365284
1207 18066 -0.151330973591 -20.0233577453 -10.8554275745 4.51436168247
1208 17971 -0.151432338329 -20.0171987531 -10.9037172236 4.5657254683
1209 17657 -0.151534610848 -20.0109911981 -10.9294441996 4.49976946056
1210 17943 -0.15163607164 -20.0048394476 -10.9360319977 4.52509515171
1211 17882 -0.151737714568 -19.9986831714 -10.8799158188 4.5096212276
1212 17956 -0.151839158417 -19.9925454478 -10.9258739851 4.47285007256
1213 18192 -0.151939951458 -19.9864535171 -10.9500980224 4.53187992724
1214 17919 -0.152041515886 -19.9803214239 -10.9434838759 4.535459595
1215 17826 -0.152143355476 -19.974179219 -10.9012754271 4.53819761706
1216 17787 -0.152245316154 -19.9680362234 -10.9153959675 4.527262708
1217 17840 -0.152347133925 -19.9619083309 -10.9160869833 4.5104405108
1218 17953 -0.152448639715 -19.9558056642 -10.9103225606 4.59894981806
1219 17490 -0.152551488739 -19.9496287985 -10.9177883639 4.42558827908
1220 18348 -0.152651912574 -19.943603944 -10.9242746493 4.48634005935
1221 18242 -0.152752637649 -19.9375673203 -10.9279125623 4.56472016193
1222 17765 -0.152854714098 -19.9314561376 -10.9030356121 4.49815194348
1223 18013 -0.152956094137 -19.9253930465 -10.9074168798 4.50715882458
1224 18034 -0.153057424288 -19.9193393017 -10.8985028256 4.44583638632
1225 18401 -0.153157749021 -19.9133518809 -10.9033460593 4.50810856618
1226 18141 -0.153258797723 -19.9073275381 -10.8955878031 4.51893891503
1227 18009 -0.15336022515 -19.9012869502 -10.9260873996 4.44033575327
1228 18433 -0.15346048818 -19.8953219365 -10.8782351796 4.50911448865
1229 18151 -0.15356153607 -19.8893164842 -10.9035263288 4.50146559876
1230 18119 -0.153662680652 -19.8833115653 -10.9295169199 4.51370362584
1231 18042 -0.153764050609 -19.8772995606 -10.9103