gpomdp_grad 0.6 1.61660056386e-05 -0.588403348999

1 1000 0 -56.6666666667 -12.0890904211 -10.6764097787
2 55496 0 -56.6666666667 -12.1409334039 6.81497072578
3 58069 -0.000154562700037 -56.5233344365 -12.1467879977 6.87561599174
4 58092 -0.000309117869664 -56.3808266203 -12.152091364 6.83863614572
5 58564 -0.000463073335657 -56.239677524 -12.1261029005 6.84405324678
6 58643 -0.000616947773017 -56.0993994866 -12.1452500742 6.85059380979
7 58598 -0.000770905459681 -55.9598360535 -12.1373739398 6.8733647952
8 58319 -0.000925254501949 -55.8207049166 -12.1321194833 6.82053828196
9 58904 -0.00107885952794 -55.6830202628 -12.1339959954 6.871936137
10 58448 -0.00123308629908 -55.5455504539 -12.1138547734 6.87229981852
11 58329 -0.00138749355936 -55.4086883772 -12.1334925799 6.84893457232
12 58595 -0.00154157393943 -55.272876282 -12.1465214447 6.82588154821
13 58968 -0.00169518976842 -55.1382234053 -12.1190838842 6.81253852473
14 59253 -0.00184845944546 -55.0046138889 -12.1321916099 6.81968984537
15 59257 -0.00200174744571 -54.8717215724 -12.1253463161 6.83254003089
16 59111 -0.00215524831468 -54.7393734462 -12.1196643661 6.8160243628
17 59289 -0.00230854192129 -54.6079258501 -12.116989377 6.81970799241
18 59306 -0.00246183690563 -54.4771925561 -12.1276521585 6.80307776139
19 59532 -0.00261486345818 -54.3473960117 -12.1182296151 6.81885129071
20 59411 -0.00276806977581 -54.218149718 -12.1139078593 6.87073274018
21 58745 -0.00292216512061 -54.0888569782 -12.0959017161 6.84225024995
22 58924 -0.00307604985772 -53.9604394026 -12.1093091773 6.78504153678
23 59703 -0.00322895061057 -53.8335287066 -12.1165044065 6.81858126522
24 59514 -0.00338211726053 -53.7070771512 -12.1370136979 6.78565209563
25 59890 -0.00353482626782 -53.5816754097 -12.1022798028 6.8072839247
26 59735 -0.00368775626958 -53.4567592971 -12.1147990301 6.80822189038
27 59693 -0.00384076357878 -53.332442844 -12.086526019 6.78523381709
28 59985 -0.00399342091739 -53.2090662219 -12.1041650708 6.80914763807
29 59777 -0.00414636665794 -53.0861079362 -12.1248040117 6.76446821261
30 60300 -0.0042986711713 -52.964308015 -12.1060937465 6.77545451876
31 60321 -0.00445097311039 -52.8431466329 -12.1074785748 6.80119899231
32 60011 -0.00460369027417 -52.7222890271 -12.1036791309 6.77815586621
33 60231 -0.00475615176592 -52.6022622036 -12.0881952367 6.87353961708
34 59104 -0.00491008333444 -52.4817101239 -12.0996729419 6.76610351144
35 60152 -0.0050626909736 -52.3628169594 -12.0832392528 6.84718153931
36 59437 -0.00521623761324 -52.2438125089 -12.1037644342 6.82229677215
37 59563 -0.00536964554482 -52.1255320886 -12.0963458051 6.77444767314
38 60217 -0.00552224089017 -52.0084848354 -12.108659023 6.81075114322
39 59953 -0.00567519504432 -51.8917648709 -12.1056685723 6.81197903521
40 59877 -0.00582826982483 -51.7755521661 -12.0788609447 6.71170408117
41 61157 -0.00597975735218 -51.6611302452 -12.0752279245 6.80600308732
42 60313 -0.00613232350136 -51.5464780916 -12.1096032295 6.81194352777
43 60017 -0.00628528879341 -51.4321103805 -12.0885475078 6.71925374916
44 61139 -0.00643686771207 -51.3193520894 -12.0715584491 6.79233679733
45 60523 -0.00658923852648 -51.2065751241 -12.0950939619 6.69321359165
46 61653 -0.0067402294598 -51.0953794081 -12.0930453365 6.8051975709
47 60525 -0.00689264315143 -50.9836969812 -12.0540896016 6.72010028024
48 61327 -0.00704408092515 -50.8732838067 -12.0868402019 6.7641021522
49 60992 -0.00719595564636 -50.7631026831 -12.0756510074 6.7724564397
50 60804 -0.00734808848227 -50.6532830355 -12.066696858 6.74268357446
51 61151 -0.00749981234461 -50.5443015502 -12.0676943336 6.73293034935
52 61390 -0.00765126356875 -50.4360526575 -12.0807188061 6.70339548012
53 61860 -0.00780216070661 -50.3287292203 -12.0833195058 6.75966832611
54 61264 -0.00795381202096 -50.2213979143 -12.0714695437 6.75368301501
55 61190 -0.00810557860289 -50.1145116037 -12.0656097996 6.77837169846
56 60862 -0.00825777646148 -50.0078467117 -12.0643158306 6.71730918429
57 61579 -0.00840910832156 -49.9023063638 -12.0618510694 6.74976168514
58 61369 -0.00856072163573 -49.7970835574 -12.0319606454 6.75131757377
59 61303 -0.00871243915065 -49.6922995452 -12.05081885 6.75156072548
60 61295 -0.0088641899172 -49.5880003265 -12.060083114 6.6960925273
61 62037 -0.00901505317469 -49.4848108431 -12.043138724 6.7372823258
62 61714 -0.00916633302857 -49.381833166 -12.0540064523 6.6607910078
63 62656 -0.00931649341215 -49.2801059475 -12.0514383297 6.70948862428
64 62282 -0.00946712675848 -49.1785437518 -12.0550627613 6.71648447024
65 62098 -0.00961800592971 -49.0772997467 -12.0557822955 6.69160351335
66 62392 -0.00976855183 -48.9767586839 -12.0532766773 6.74428560323
67 61787 -0.00991985574892 -48.8761903731 -12.0464045936 6.66764113137
68 62652 -0.0100701334701 -48.7767761223 -12.052038697 6.71571584525
69 62265 -0.0102209003187 -48.677507634 -12.0430273088 6.67357346613
70 62735 -0.0103711231548 -48.5790616236 -12.0587546043 6.69127634202
71 62642 -0.0105214795559 -48.4809889089 -12.0381203765 6.70115044363
72 62497 -0.0106720331671 -48.3832462803 -12.0630128853 6.61928681066
73 63582 -0.0108213186206 -48.2867770615 -12.0555016476 6.71398476939
74 62612 -0.0109717788727 -48.1899990375 -12.0222949205 6.66340098432
75 63039 -0.0111217511595 -48.0939817025 -12.0402724844 6.6225323007
76 63734 -0.0112709256685 -47.9989146325 -12.0349959257 6.68758981595
77 63051 -0.0114209278241 -47.9037590672 -12.0283853908 6.67520627587
78 63042 -0.011570962313 -47.8090202895 -12.0394296723 6.68967668289
79 62857 -0.0117212399863 -47.7145633642 -12.0108679932 6.68094452665
80 62937 -0.0118714447199 -47.6205847575 -12.0331693653 6.68309120638
81 62944 -0.0120216635887 -47.5270267878 -12.018571535 6.68687510471
82 62908 -0.0121719475441 -47.4338551393 -12.0246362018 6.64882909111
83 63429 -0.012321634782 -47.3414749726 -12.0437763239 6.62134250252
84 63970 -0.0124707102069 -47.2498876889 -12.0237035538 6.61928727573
85 64165 -0.0126195804476 -47.1588372835 -12.030330316 6.65516229641
86 63736 -0.0127689731304 -47.0678772873 -12.0309940367 6.67321969282
87 63382 -0.0129188043748 -46.9770599762 -12.0278668911 6.71589971857
88 62718 -0.0130694488001 -46.8861606581 -12.0189013839 6.602480051
89 64095 -0.0132184881128 -46.7966326001 -12.0251329633 6.66508292563
90 63634 -0.0133680887336 -46.7071675204 -12.0237772112 6.67511522564
91 63382 -0.0135180090676 -46.617910771 -12.0067388762 6.62468145285
92 64019 -0.0136672037479 -46.529480473 -11.9967720457 6.70910905941
93 63052 -0.0138175594769 -46.4407574406 -11.9990996755 6.58714689072
94 64474 -0.013966269876 -46.3533932052 -12.01493111 6.65387221992
95 63962 -0.0141155968681 -46.26605236 -11.9983017605 6.6957245108
96 63259 -0.0142657734272 -46.1786017785 -12.0123597903 6.63757197507
97 63873 -0.0144152484965 -46.0919427157 -12.0350948779 6.62460665259
98 64241 -0.0145643169676 -46.0058974676 -12.0103490038 6.59689967994
99 64747 -0.0147128232801 -45.9205497087 -12.0015339072 6.56484540387
100 65360 -0.0148606536136 -45.8359578095 -11.9997067456 6.66012872001
101 64200 -0.0150098343216 -45.7509623689 -11.9818014028 6.65329697018
102 63988 -0.0151592841054 -45.6661830822 -12.009032996 6.62848073058
103 64287 -0.0153084082284 -45.5819547421 -11.9931590504 6.56715977996
104 65250 -0.0154564494764 -45.4986975413 -12.0130849348 6.6514436204
105 64346 -0.0156055491497 -45.4152048232 -12.0063376174 6.57499235351
106 65183 -0.015753710066 -45.3325931215 -11.9863830641 6.67680914803
107 64002 -0.0159032533347 -45.2495675367 -11.9904676856 6.5565452896
108 65374 -0.0160512407119 -45.167756503 -11.9913771214 6.61626453967
109 64929 -0.0161997565619 -45.0860018573 -11.979466189 6.56758466315
110 65510 -0.0163476337141 -45.004943525 -11.9849717513 6.66233718816
111 64346 -0.0164968633256 -44.9234903611 -11.9776687636 6.5681502257
112 65362 -0.0166449503775 -44.8430027731 -11.9633247746 6.66242251167
113 64332 -0.0167942405176 -44.7622039035 -11.9683838324 6.55573193432
114 65563 -0.016942143636 -44.6824928147 -11.9861827648 6.55615897372
115 65923 -0.0170896642628 -44.6033200013 -11.9932699527 6.58472067631
116 65627 -0.0172375390655 -44.5242879375 -11.9826175729 6.58256207947
117 65589 -0.0173854783267 -44.4455508137 -11.9755465876 6.58212766578
118 65598 -0.0175334286336 -44.367135269 -11.9734393042 6.58698979651
119 65544 -0.0176814607326 -44.2890020883 -11.9662775617 6.5963502136
120 65409 -0.0178296673102 -44.2111011818 -11.9811679651 6.50627520278
121 66689 -0.0179764666715 -44.1342579244 -11.9639681743 6.56240835537
122 66245 -0.0181237780838 -44.0574628057 -11.9817989751 6.59757560489
123 65628 -0.0182718019127 -43.9806133748 -11.9455570753 6.58011904943
124 65720 -0.0184197435837 -43.9041222359 -11.938430693 6.55180774134
125 66168 -0.0185672045041 -43.8281917604 -11.977171072 6.59777504328
126 65645 -0.0187152736472 -43.7522597107 -11.9517860236 6.62851912281
127 65076 -0.0188640104722 -43.6762977179 -11.9667774802 6.53202575257
128 66313 -0.0190113748672 -43.6013436045 -11.9564843311 6.56444965759
129 66207 -0.019158878012 -43.5266230351 -11.9619240171 6.56814953076
130 66138 -0.0193064800779 -43.4521550854 -11.9509280381 6.56227930216
131 66217 -0.019454014849 -43.3780218908 -11.9753496015 6.58135625624
132 65977 -0.0196018392813 -43.3040429562 -11.9433787526 6.48522222991
133 67331 -0.0197481909144 -43.2310949507 -11.9730901449 6.61972488874
134 65759 -0.0198963033067 -43.1575652185 -11.9482207694 6.55711849786
135 66240 -0.0200438979749 -43.0845868657 -11.948590291 6.55052757657
136 66486 -0.0201912408057 -43.0120243769 -11.9373067737 6.51592702253
137 67078 -0.0203379535111 -42.9400597221 -11.9634642964 6.5340649652
138 66991 -0.0204847823701 -42.8683236329 -11.9360115593 6.54635338326
139 66799 -0.0206318425599 -42.7967591638 -11.9293942196 6.55080006819
140 66694 -0.0207790397988 -42.7254115855 -11.9498450938 6.5721749834
141 66367 -0.0209266210406 -42.6541610279 -11.9427749427 6.52941627368
142 66914 -0.0210736187434 -42.5834723794 -11.9447955501 6.47698284532
143 67864 -0.0212196050103 -42.5135452433 -11.928683151 6.47843694241
144 68127 -0.0213653307001 -42.4440147804 -11.9524243655 6.54966179374
145 67149 -0.0215121344437 -42.3742429866 -11.9375531695 6.46636572695
146 68133 -0.0216578944756 -42.3052368062 -11.9534596693 6.49340985834
147 68018 -0.0218037987695 -42.2364297783 -11.9453892898 6.505111155
148 67824 -0.0219499326646 -42.1677811425 -11.9235975971 6.44250479039
149 68732 -0.0220951188885 -42.0998404626 -11.9373554323 6.48227105037
150 68396 -0.0222406818021 -42.0319849426 -11.9171187279 6.51426054465
151 67834 -0.0223868676998 -41.9641009633 -11.9268086599 6.55552741622
152 67078 -0.0225338955671 -41.8960892672 -11.9491380478 6.48533128267
153 67925 -0.0226800252647 -41.8287531552 -11.9238578041 6.44375719268
154 68812 -0.0228252305095 -41.7620984237 -11.9154828483 6.57831830316
155 67051 -0.0229723515235 -41.6948224501 -11.9284775844 6.47365358085
156 68135 -0.0231183184588 -41.628329571 -11.9204306801 6.48744455284
157 68249 -0.0232641842264 -41.5621354197 -11.9193309998 6.46129114832
158 68693 -0.023409598789 -41.4963959924 -11.9360104008 6.47819527469
159 68574 -0.0235551598338 -41.4308388938 -11.9234229845 6.4422158996
160 69106 -0.0237001804646 -41.3657710912 -11.9287511449 6.49230914309
161 68502 -0.0238458590309 -41.3006538262 -11.9048810023 6.47141490794
162 68666 -0.023991384784 -41.2358494027 -11.9129350948 6.41839982074
163 69543 -0.0241360104207 -41.1716866075 -11.8994932402 6.52563086684
164 68160 -0.0242821167958 -41.1071092776 -11.8998930937 6.44960965872
165 68944 -0.0244274100237 -41.0431316038 -11.9198901817 6.36984241179
166 70427 -0.0245711855731 -40.9800567555 -11.909884508 6.49138651498
167 68963 -0.0247164998103 -40.9165426392 -11.9187976055 6.48838613128
168 68620 -0.0248621976294 -40.8530975104 -11.9092150457 6.45615689286
169 69031 -0.0250074821065 -40.7900670218 -11.912047224 6.45580938633
170 69166 -0.0251526447682 -40.7273221139 -11.8830004596 6.42730704294
171 69660 -0.0252973125982 -40.6650212693 -11.9135180172 6.52383802177
172 68330 -0.0254434018831 -40.6023401841 -11.8898951997 6.41811345939
173 69592 -0.0255881813319 -40.5404497553 -11.8995946228 6.46092468466
174 69301 -0.0257332849328 -40.478647904 -11.9101614456 6.45429843984
175 69336 -0.025878372448 -4