100 100000 0.95 gpomdp sample_bernstein 30000000

1 100 [-0.5 -0.  -0.  -0.5] 2.73701022428e-06 -26.6650121788 -19.8531404361
2 2938 [ -5.00000000e-01  -0.00000000e+00  -3.85127703e-06  -5.00000000e-01] 4.91185417402e-06 -26.6646839934 -19.3178673771
3 3860 [ -5.00000000e-01  -0.00000000e+00  -3.85127703e-06  -5.00007294e-01] 5.45762927877e-06 -26.6660928602 -19.2471567745
4 4253 [ -5.00006956e-01  -0.00000000e+00  -3.85127703e-06  -5.00007294e-01] 5.74814770619e-06 -26.6682944098 -19.440113428
5 4305 [ -5.00006956e-01  -0.00000000e+00  -3.85127703e-06  -5.00014543e-01] 5.46971781569e-06 -26.6666643956 -19.2689392078
6 4727 [ -5.00013619e-01  -0.00000000e+00  -3.85127703e-06  -5.00014543e-01] 5.73255183018e-06 -26.6665256292 -19.3484086914
7 4920 [ -5.00013619e-01  -0.00000000e+00  -3.85127703e-06  -5.00021735e-01] 6.19591571501e-06 -26.6652395035 -19.2604303903
8 4539 [ -5.00021752e-01  -0.00000000e+00  -3.85127703e-06  -5.00021735e-01] 5.91081879739e-06 -26.6665860041 -19.3249970501
9 4594 [ -5.00021752e-01  -0.00000000e+00  -3.85127703e-06  -5.00029689e-01] 6.0187327213e-06 -26.6656038464 -19.2850808794
10 4436 [ -5.00029636e-01  -0.00000000e+00  -3.85127703e-06  -5.00029689e-01] 5.0590162753e-06 -26.6705235939 -19.3003548571
11 5535 [ -5.00035581e-01  -0.00000000e+00  -3.85127703e-06  -5.00029689e-01] 6.96535908599e-06 -26.668407969 -19.2520236493
12 4080 [ -5.00045250e-01  -0.00000000e+00  -3.85127703e-06  -5.00029689e-01] 4.68681880607e-06 -26.6669796691 -19.3337737825
13 5655 [ -5.00050883e-01  -0.00000000e+00  -3.85127703e-06  -5.00029689e-01] 6.35526876988e-06 -26.6670026765 -19.3060530363
14 5098 [ -5.00059243e-01  -0.00000000e+00  -3.85127703e-06  -5.00029689e-01] 6.42778222042e-06 -26.6656466105 -19.3631513209
15 4326 [ -5.00059243e-01  -0.00000000e+00  -3.85127703e-06  -5.00038037e-01] 5.05666897001e-06 -26.6649776236 -19.2712390581
16 5084 [ -5.00064642e-01  -0.00000000e+00  -3.85127703e-06  -5.00038037e-01] 6.11254379788e-06 -26.6674480692 -19.3442412058
17 4678 [ -5.00064642e-01  -0.00000000e+00  -3.85127703e-06  -5.00045687e-01] 5.31864179854e-06 -26.6636311071 -19.286788382
18 5469 [ -5.00071006e-01  -0.00000000e+00  -3.85127703e-06  -5.00045687e-01] 5.74908993833e-06 -26.662805734 -19.2947725321
19 5559 [ -5.00077366e-01  -0.00000000e+00  -3.85127703e-06  -5.00045687e-01] 6.81479381482e-06 -26.6636138563 -19.3321395427
20 4255 [ -5.00086598e-01  -0.00000000e+00  -3.85127703e-06  -5.00045687e-01] 5.43383394231e-06 -26.6675722768 -19.2716657225
21 4736 [ -5.00086598e-01  -0.00000000e+00  -3.85127703e-06  -5.00052400e-01] 6.20443735529e-06 -26.6677872108 -19.2991448559
22 4258 [ -5.00094491e-01  -0.00000000e+00  -3.85127703e-06  -5.00052400e-01] 5.02760932405e-06 -26.6654862199 -19.3521876776
23 5155 [ -5.00094491e-01  -0.00000000e+00  -3.85127703e-06  -5.00057913e-01] 5.87359041944e-06 -26.665327444 -19.4977543521
24 5114 [ -5.00101665e-01  -0.00000000e+00  -3.85127703e-06  -5.00057913e-01] 5.8615185992e-06 -26.6661497926 -19.3209898171
25 5105 [ -5.00108735e-01  -0.00000000e+00  -3.85127703e-06  -5.00057913e-01] 6.37516609045e-06 -26.6636260173 -19.3171728543
26 4415 [ -5.00116901e-01  -0.00000000e+00  -3.85127703e-06  -5.00057913e-01] 5.34418748124e-06 -26.6633358713 -19.3177926775
27 4979 [ -5.00123040e-01  -0.00000000e+00  -3.85127703e-06  -5.00057913e-01] 5.88857762395e-06 -26.6649643475 -19.3056008104
28 4999 [ -5.00123040e-01  -0.00000000e+00  -3.85127703e-06  -5.00065186e-01] 5.74520401076e-06 -26.6637291946 -19.3251794769
29 5394 [ -5.00130587e-01  -0.00000000e+00  -3.85127703e-06  -5.00065186e-01] 6.0219016781e-06 -26.6666554295 -19.2487099114
30 5314 [ -5.00138438e-01  -0.00000000e+00  -3.85127703e-06  -5.00065186e-01] 6.66070389013e-06 -26.6641989868 -19.2634005386
31 4254 [ -5.00147230e-01  -0.00000000e+00  -3.85127703e-06  -5.00065186e-01] 5.3924436154e-06 -26.6671075507 -19.2771905332
32 4829 [ -5.00153971e-01  -0.00000000e+00  -3.85127703e-06  -5.00065186e-01] 6.59555492977e-06 -26.6653164538 -19.2741202603
33 4018 [ -5.00163071e-01  -0.00000000e+00  -3.85127703e-06  -5.00065186e-01] 5.4697825478e-06 -26.6657599368 -19.4649980897
34 4480 [ -5.00170146e-01  -0.00000000e+00  -3.85127703e-06  -5.00065186e-01] 5.73580259286e-06 -26.665448831 -19.3120364509
35 4692 [ -5.00170146e-01  -0.00000000e+00  -3.85127703e-06  -5.00072569e-01] 6.21998509631e-06 -26.6663329819 -19.2580254943
36 4090 [ -5.00170146e-01  -0.00000000e+00  -3.85127703e-06  -5.00080453e-01] 4.96018562678e-06 -26.6668329543 -19.3802826001
37 5185 [ -5.00175983e-01  -0.00000000e+00  -3.85127703e-06  -5.00080453e-01] 6.06557567135e-06 -26.665646724 -19.3460987948
38 4967 [ -5.00183802e-01  -0.00000000e+00  -3.85127703e-06  -5.00080453e-01] 6.0314759924e-06 -26.6657274445 -19.2678123513
39 4587 [ -5.00183802e-01  -0.00000000e+00  -3.85127703e-06  -5.00087495e-01] 5.78348013109e-06 -26.6656245323 -19.2520294016
40 4636 [ -5.00183802e-01  -0.00000000e+00  -3.85127703e-06  -5.00094472e-01] 6.01798584613e-06 -26.6664675601 -19.183986736
41 4364 [ -5.00191287e-01  -0.00000000e+00  -3.85127703e-06  -5.00094472e-01] 4.89916605533e-06 -26.666998912 -19.3061961091
42 5798 [ -5.00197475e-01  -0.00000000e+00  -3.85127703e-06  -5.00094472e-01] 6.6667938739e-06 -26.665148577 -19.3568453858
43 4678 [ -5.00197475e-01  -0.00000000e+00  -3.85127703e-06  -5.00103066e-01] 5.72977254528e-06 -26.6667018054 -19.3327606127
44 4750 [ -5.00204424e-01  -0.00000000e+00  -3.85127703e-06  -5.00103066e-01] 6.7261361178e-06 -26.6673900989 -19.2881901374
45 3695 [ -5.00204424e-01  -0.00000000e+00  -3.85127703e-06  -5.00112329e-01] 4.70699236611e-06 -26.6656321337 -19.2289264955
46 5013 [ -5.00210064e-01  -0.00000000e+00  -3.85127703e-06  -5.00112329e-01] 5.48944981746e-06 -26.6670838595 -19.3241088625
47 5651 [ -5.00216674e-01  -0.00000000e+00  -3.85127703e-06  -5.00112329e-01] 6.22096862797e-06 -26.6653922685 -19.3055488136
48 5017 [ -5.00223992e-01  -0.00000000e+00  -3.85127703e-06  -5.00112329e-01] 5.73448176367e-06 -26.6648482584 -19.3767011977
49 5104 [ -5.00223992e-01  -0.00000000e+00  -3.85127703e-06  -5.00118986e-01] 5.84762590578e-06 -26.6635663835 -19.2900309262
50 5188 [ -5.00231228e-01  -0.00000000e+00  -3.85127703e-06  -5.00118986e-01] 5.64360376013e-06 -26.6639564865 -19.2387072398
51 5561 [ -5.00237938e-01  -0.00000000e+00  -3.85127703e-06  -5.00118986e-01] 6.75669733805e-06 -26.6666149695 -19.2524930941
52 4211 [ -5.00237938e-01  -0.00000000e+00  -3.85127703e-06  -5.00127622e-01] 4.9309307474e-06 -26.6674681031 -19.2920471218
53 5303 [ -5.00243555e-01  -0.00000000e+00  -3.85127703e-06  -5.00127622e-01] 5.79780056601e-06 -26.6636500346 -19.3395861138
54 5528 [ -5.00243555e-01  -0.00000000e+00  -3.85127703e-06  -5.00134694e-01] 6.19249196864e-06 -26.6667593698 -19.2434563321
55 5150 [ -5.00251229e-01  -0.00000000e+00  -3.85127703e-06  -5.00134694e-01] 5.73231114239e-06 -26.6642950708 -19.3111281533
56 5225 [ -5.00251229e-01  -0.00000000e+00  -3.85127703e-06  -5.00141292e-01] 6.42584428342e-06 -26.6660392378 -19.3327179614
57 4395 [ -5.00259681e-01  -0.00000000e+00  -3.85127703e-06  -5.00141292e-01] 6.02874041671e-06 -26.6675687224 -19.1765611824
58 4275 [ -5.00267829e-01  -0.00000000e+00  -3.85127703e-06  -5.00141292e-01] 5.99379230545e-06 -26.6656720183 -19.3380182011
59 4012 [ -5.00275491e-01  -0.00000000e+00  -3.85127703e-06  -5.00141292e-01] 5.09906314241e-06 -26.6654576608 -19.2544234086
60 4885 [ -5.00281532e-01  -0.00000000e+00  -3.85127703e-06  -5.00141292e-01] 6.08612556279e-06 -26.6673059908 -19.4085333529
61 4553 [ -5.00289231e-01  -0.00000000e+00  -3.85127703e-06  -5.00141292e-01] 6.11275004643e-06 -26.6652546188 -19.3108864703
62 4332 [ -5.00297577e-01  -0.00000000e+00  -3.85127703e-06  -5.00141292e-01] 4.96202845431e-06 -26.6673736283 -19.3966762378
63 5359 [ -5.00303007e-01  -0.00000000e+00  -3.85127703e-06  -5.00141292e-01] 5.90994608356e-06 -26.6660861338 -19.3228111431
64 5565 [ -5.00303007e-01  -0.00000000e+00  -3.85127703e-06  -5.00148954e-01] 7.46240896859e-06 -26.6637024578 -19.2619380787
65 3521 [ -5.00313812e-01  -0.00000000e+00  -3.85127703e-06  -5.00148954e-01] 4.74553701884e-06 -26.665266403 -19.239585602
66 4692 [ -5.00313812e-01  -0.00000000e+00  -3.85127703e-06  -5.00154825e-01] 4.81689342451e-06 -26.6672665813 -19.233463978
67 6173 [ -5.00313812e-01  -0.00000000e+00  -3.85127703e-06  -5.00159830e-01] 6.74386390404e-06 -26.6653064476 -19.3462897027
68 4932 [ -5.00313812e-01  -0.00000000e+00  -3.85127703e-06  -5.00168595e-01] 5.33355201788e-06 -26.6646815083 -19.3741413234
69 5674 [ -5.00313812e-01  -0.00000000e+00  -3.85127703e-06  -5.00174530e-01] 6.32889864434e-06 -26.6659637802 -19.3080365803
70 5020 [ -5.00313812e-01  -0.00000000e+00  -3.85127703e-06  -5.00182235e-01] 6.18067130859e-06 -26.6641438647 -19.3529552053
71 4724 [ -5.00321991e-01  -0.00000000e+00  -3.85127703e-06  -5.00182235e-01] 5.85699876767e-06 -26.6618624524 -19.3523563641
72 4735 [ -5.00321991e-01  -0.00000000e+00  -3.85127703e-06  -5.00189727e-01] 6.16072424248e-06 -26.6633986342 -19.2965789164
73 4499 [ -5.00330355e-01  -0.00000000e+00  -3.85127703e-06  -5.00189727e-01] 4.87749657106e-06 -26.6647272402 -19.3374075517
74 6059 [ -5.00330355e-01  -0.00000000e+00  -3.85127703e-06  -5.00195769e-01] 6.81240261435e-06 -26.6651699299 -19.2854227911
75 4609 [ -5.00338870e-01  -0.00000000e+00  -3.85127703e-06  -5.00195769e-01] 5.83756451173e-06 -26.6639851869 -19.3678922375
76 4533 [ -5.00345870e-01  -0.00000000e+00  -3.85127703e-06  -5.00195769e-01] 5.66902510181e-06 -26.6654311932 -19.257062788
77 4668 [ -5.00352691e-01  -0.00000000e+00  -3.85127703e-06  -5.00195769e-01] 5.56132683045e-06 -26.6643909344 -19.2969617145
78 5022 [ -5.00352691e-01  -0.00000000e+00  -3.85127703e-06  -5.00202340e-01] 6.29798776903e-06 -26.6658983175 -19.2855113609
79 4425 [ -5.00360733e-01  -0.00000000e+00  -3.85127703e-06  -5.00202340e-01] 5.73810312964e-06 -26.6640664087 -19.2488182366
80 4511 [ -5.00367761e-01  -0.00000000e+00  -3.85127703e-06  -5.00202340e-01] 5.61776492106e-06 -26.6650000337 -19.3077399636
81 4792 [ -5.00374694e-01  -0.00000000e+00  -3.85127703e-06  -5.00202340e-01] 6.76386131821e-06 -26.6646800483 -19.2594918751
82 3769 [ -5.00384485e-01  -0.00000000e+00  -3.85127703e-06  -5.00202340e-01] 4.98682022111e-06 -26.664395327 -19.4021534808
83 4688 [ -5.00390547e-01  -0.00000000e+00  -3.85127703e-06  -5.00202340e-01] 6.74828050172e-06 -26.663285564 -19.2491830285
84 3739 [ -5.00400483e-01  -0.00000000e+00  -3.85127703e-06  -5.00202340e-01] 4.74705363902e-06 -26.6667216292 -19.290825673
85 4878 [ -5.00400483e-01  -0.00000000e+00  -3.85127703e-06  -5.00207581e-01] 5.81690819515e-06 -26.6640392165 -19.2883656709
86 5161 [ -5.00400483e-01  -0.00000000e+00  -3.85127703e-06  -5.00215634e-01] 6.3883647519e-06 -26.6638958973 -19.30852467
87 4383 [ -5.00400483e-01  -0.00000000e+00  -3.85127703e-06  -5.00223630e-01] 5.03491721495e-06 -26.6620598766 -19.3072024898
88 5356 [ -5.00400483e-01  -0.00000000e+00  -3.85127703e-06  -5.00229169e-01] 6.04527865287e-06 -26.6649364672 -19.3610392689
89 5207 [ -5.00400483e-01  -0.00000000e+00  -3.85127703e-06  -5.00236779e-01] 6.11254272458e-06 -26.6666077479 -19.2322292384
90 4789 [ -5.00407809e-01  -0.00000000e+00  -3.85127703e-06  -5.00236779e-01] 7.15797815612e-06 -26.6661965365 -19.2531332786
91 3370 [ -5.00418611e-01  -0.00000000e+00  -3.85127703e-06  -5.00236779e-01] 5.11011275772e-06 -26.6637643534 -19.334175339
92 4129 [ -5.00418611e-01  -0.00000000e+00  -3.85127703e-06  -5.00243596e-01] 5.90554378247e-06 -26.664204596 -19.351645669
93 4010 [ -5.00418611e-01  -0.00000000e+00  -3.85127703e-06  -5.00251061e-01] 5.36623714415e-06 -26.6627910177 -19.2665761183
94 4545 [ -5.00418611e-01  -0.00000000e+00  -3.85127703e-06  -5.00257734e-01] 5.92043628207e-06 -26.6635682575 -19.3228840698
95 4508 [ -5.00426284e-01  -0.00000000e+00  -3.85127703e-06  -5.00257734e-01] 5.67971239038e-06 -26.6610134103 -19.3198249639
96 4760 [ -5.00426284e-01  -0.00000000e+00  -3.85127703e-06  -5.00264839e-01] 5.33639767579e-06 -26.6610829745 -19.2944574062
97 5579 [ -5.00426284e-01  -0.00000000e+00  -3.85127703e-06  -5.00271409e-01] 6.41398127165e-06 -26.6646743208 -19.3122998401
98 4690 [ -5.00434156e-01  -0.00000000e+00  -3.85127703e-06  -5.00271409e-01] 5.4390582611e-06 -26.6632694272 -19.368008547
99 5352 [ -5.00434156e-01  -0.00000000e+00  -3.85127703e-06  -5.00278179e-01] 6.54344657159e-06 -26.6657025946 -19.2980105202
100 4464 [ -5.00442751e-01  -0.00000000e+00  -3.85127703e-06  -5.00278179e-01] 5.35221640088e-06 -26.664512301 -19.3225165212
101 5210 [ -5.00442751e-01  -0.00000000e+00  -3.85127703e-06  -5.00284729e-01] 6.23428684204e-06 -26.662617363 -19.3718888324
102 4753 [ -5.00442751e-01  -0.00000000e+00  -3.85127703e-06  -5.00292927e-01] 6.10639554922e-06 -26.6628784881 -19.332730159
103 4353 [ -5.00450357e-01  -0.00000000e+00  -3.85127703e-06  -5.00292927e-01] 6.45409186858e-06 -26.6638419176 -19.2990014966
104 3652 [ -5.00450357e-01  -0.00000000e+00  -3.85127703e-06  -5.00301965e-01] 5.36124992016e-06 -26.666031172 -19.3181143348
105 4133 [ -5.00450357e-01  -0.00000000e+00  -3.85127703e-06  -5.00309091e-01] 5.95911076219e-06 -26.6650942247 -19.2544987047
106 4060 [ -5.00458633e-01  -0.00000000e+00  -3.85127703e-06  -5.00309091e-01] 5.72465916876e-06 -26.6644857876 -19.3323428289
107 4126 [ -5.00458633e-01  -0.00000000e+00  -3.85127703e-06  -5.00316487e-01] 5.21821826311e-06 -26.6635058094 -19.3012902354
108 4993 [ -5.00458633e-01  -0.00000000e+00  -3.85127703e-06  -5.00323281e-01] 5.73528354291e-06 -26.6675940958 -19.2678177724
109 5070 [ -5.00458633e-01  -0.00000000e+00  -3.85127703e-06  -5.00329948e-01] 5.70502959906e-06 -26.6627234534 -19.2785289139
110 5414 [ -5.00465599e-01  -0.00000000e+00  -3.85127703e-06  -5.00329948e-01] 6.62710642404e-06 -26.661901251 -19.31749654
111 4423 [ -5.00465599e-01  -0.00000000e+00  -3.85127703e-06  -5.00338985e-01] 4.89807180128e-06 -26.6630215967 -19.4310231097
112 5632 [ -5.00465599e-01  -0.00000000e+00  -3.85127703e-06  -5.00344336e-01] 6.67812305457e-06 -26.6624954469 -19.3394900685
113 4427 [ -5.00474075e-01  -0.00000000e+00  -3.85127703e-06  -5.00344336e-01] 4.25868682867e-06 -26.6645177477 -19.2785348989
114 6911 [ -5.00478835e-01  -0.00000000e+00  -3.85127703e-06  -5.00344336e-01] 7.01750489702e-06 -26.6620483528 -19.2625959924
115 5035 [ -5.00478835e-01  -0.00000000e+00  -3.85127703e-06  -5.00352865e-01] 5.8214058385e-06 -26.6645636877 -19.2593101978
116 5009 [ -5.00478835e-01  -0.00000000e+00  -3.85127703e-06  -5.00359606e-01] 5.24028590232e-06 -26.6637710344 -19.2578998995
117 5897 [ -5.00478835e-01  -0.00000000e+00  -3.85127703e-06  -5.00365398e-01] 6.21792584147e-06 -26.6645593448 -19.3229757323
118 5303 [ -5.00478835e-01  -0.00000000e+00  -3.85127703e-06  -5.00372743e-01] 5.87445173477e-06 -26.6626539147 -19.2141819116
119 5265 [ -5.00478835e-01  -0.00000000e+00  -3.85127703e-06  -5.00379687e-01] 6.15284588096e-06 -26.6636296976 -19.3101834754
120 4918 [ -5.00486642e-01  -0.00000000e+00  -3.85127703e-06  -5.00379687e-01] 6.56276139301e-06 -26.6661886212 -19.2739062122
121 4051 [ -5.00495508e-01  -0.00000000e+00  -3.85127703e-06  -5.00379687e-01] 5.2866392289e-06 -26.6653056278 -19.3866579597
122 4736 [ -5.00495508e-01  -0.00000000e+00  -3.85127703e-06  -5.00386470e-01] 6.39181497879e-06 -26.6648437777 -19.4004817707
123 4309 [ -5.00495508e-01  -0.00000000e+00  -3.85127703e-06  -5.00395895e-01] 6.11967711956e-06 -26.6649899562 -19.366406557
124 4005 [ -5.00503687e-01  -0.00000000e+00  -3.85127703e-06  -5.00395895e-01] 5.81293935305e-06 -26.6637604738 -19.2700788048
125 4111 [ -5.00503687e-01  -0.00000000e+00  -3.85127703e-06  -5.00403839e-01] 4.4918042624e-06 -26.6648519184 -19.2462104395
126 6083 [ -5.00503687e-01  -0.00000000e+00  -3.85127703e-06  -5.00409501e-01] 7.01830150326e-06 -26.6617564507 -19.2964997236
127 4525 [ -5.00503687e-01  -0.00000000e+00  -3.85127703e-06  -5.00419209e-01] 5.14722452282e-06 -26.6636305979 -19.3579249732
128 5436 [ -5.00509577e-01  -0.00000000e+00  -3.85127703e-06  -5.00419209e-01] 5.4585125163e-06 -26.663671116 -19.3781381502
129 6055 [ -5.00509577e-01  -0.00000000e+00  -3.85127703e-06  -5.00425361e-01] 7.13468811625e-06 -26.6625091544 -19.272631767
130 4098 [ -5.00509577e-01  -0.00000000e+00  -3.85127703e-06  -5.00434611e-01] 4.9370853284e-06 -26.6644038271 -19.359049739
131 5099 [ -5.00515013e-01  -0.00000000e+00  -3.85127703e-06  -5.00434611e-01] 6.07828790013e-06 -26.6659033775 -19.3015370268
132 4915 [ -5.00515013e-01  -0.00000000e+00  -3.85127703e-06  -5.00442415e-01] 6.3754994975e-06 -26.663677594 -19.302371595
133 4289 [ -5.00523437e-01  -0.00000000e+00  -3.85127703e-06  -5.00442415e-01] 5.70092630236e-06 -26.6635496152 -19.3092879623
134 4334 [ -5.00523437e-01  -0.00000000e+00  -3.85127703e-06  -5.00449272e-01] 6.20537409069e-06 -26.6612952285 -19.2993010549
135 3828 [ -5.00531463e-01  -0.00000000e+00  -3.85127703e-06  -5.00449272e-01] 4.90007504141e-06 -26.6632466799 -19.2595202176
136 4892 [ -5.00537262e-01  -0.00000000e+00  -3.85127703e-06  -5.00449272e-01] 5.86454233273e-06 -26.6624285457 -19.3596501677
137 4824 [ -5.00537262e-01  -0.00000000e+00  -3.85127703e-06  -5.00456304e-01] 5.75796509435e-06 -26.6639932084 -19.217485789
138 4980 [ -5.00544301e-01  -0.00000000e+00  -3.85127703e-06  -5.00456304e-01] 6.51883360477e-06 -26.6623504943 -19.2860788004
139 4060 [ -5.00544301e-01  -0.00000000e+00  -3.85127703e-06  -5.00464746e-01] 6.14623105936e-06 -26.6643095185 -19.2248748695
140 3832 [ -5.00544301e-01  -0.00000000e+00  -3.85127703e-06  -5.00473589e-01] 6.11929794261e-06 -26.6634794554 -19.2797237707
141 3597 [ -5.00553037e-01  -0.00000000e+00  -3.85127703e-06  -5.00473589e-01] 5.16263643517e-06 -26.6655469875 -19.28822994
142 4244 [ -5.00559488e-01  -0.00000000e+00  -3.85127703e-06  -5.00473589e-01] 5.04116928986e-06 -26.6652275365 -19.2388699528
143 5343 [ -5.00565440e-01  -0.00000000e+00  -3.85127703e-06  -5.00473589e-01] 6.60878120165e-06 -26.6621794075 -19.3124321455
144 4474 [ -5.00574392e-01  -0.00000000e+00  -3.85127703e-06  -5.00473589e-01] 6.50945530653e-06 -26.6642842462 -19.331298695
145 3748 [ -5.00583643e-01  -0.00000000e+00  -3.85127703e-06  -5.00473589e-01] 4.75990433909e-06 -26.661944778 -19.3240704219
146 5050 [ -5.00589527e-01  -0.00000000e+00  -3.85127703e-06  -5.00473589e-01] 5.80808367723e-06 -26.6629065954 -19.31527664
147 4944 [ -5.00596136e-01  -0.00000000e+00  -3.85127703e-06  -5.00473589e-01] 6.07564416134e-06 -26.6614761946 -19.2204546702
148 4756 [ -5.00603912e-01  -0.00000000e+00  -3.85127703e-06  -5.00473589e-01] 5.28948473744e-06 -26.6619558183 -19.305976958
149 5631 [ -5.00610148e-01  -0.00000000e+00  -3.85127703e-06  -5.00473589e-01] 6.94982725061e-06 -26.6623514677 -19.3014913002
150 4370 [ -5.00620206e-01  -0.00000000e+00  -3.85127703e-06  -5.00473589e-01] 5.66627171685e-06 -26.6649838865 -19.2567465193
151 4583 [ -5.00627392e-01  -0.00000000e+00  -3.85127703e-06  -5.00473589e-01] 5.41866148466e-06 -26.6617282304 -19.4213982083
152 5163 [ -5.00633762e-01  -0.00000000e+00  -3.85127703e-06  -5.00473589e-01] 5.73747308702e-06 -26.6618908163 -19.3203739878
153 5504 [ -5.00641026e-01  -0.00000000e+00  -3.85127703e-06  -5.00473589e-01] 6.46475793966e-06 -26.6615460868 -19.2852632354
154 4633 [ -5.00649174e-01  -0.00000000e+00  -3.85127703e-06  -5.00473589e-01] 6.04613501878e-06 -26.6610354669 -19.2971306851
155 4435 [ -5.00649174e-01  -0.00000000e+00  -3.85127703e-06  -5.00481639e-01] 5.63644413533e-06 -26.6629771524 -19.281180105
156 4716 [ -5.00649174e-01  -0.00000000e+00  -3.85127703e-06  -5.00488720e-01] 5.67499795304e-06 -26.6643228835 -19.2863403578
157 4988 [ -5.00649174e-01  -0.00000000e+00  -3.85127703e-06  -5.00495818e-01] 6.04128560516e-06 -26.6622112133 -19.3671069913
158 4679 [ -5.00649174e-01  -0.00000000e+00  -3.85127703e-06  -5.00503478e-01] 6.3384986513e-06 -26.6653806347 -19.2146391557
159 4001 [ -5.00649174e-01  -0.00000000e+00  -3.85127703e-06  -5.00511637e-01] 5.82246955881e-06 -26.6614596636 -19.3283266042
160 4036 [ -5.00649174e-01  -0.00000000e+00  -3.85127703e-06  -5.00519394e-01] 5.94150427173e-06 -26.662689123 -19.3201413627
161 3907 [ -5.00657019e-01  -0.00000000e+00  -3.85127703e-06  -5.00519394e-01] 4.58252445614e-06 -26.6618755314 -19.3749367249
162 5476 [ -5.00662367e-01  -0.00000000e+00  -3.85127703e-06  -5.00519394e-01] 6.86617582839e-06 -26.6619501782 -19.355093579
163 4161 [ -5.00671721e-01  -0.00000000e+00  -3.85127703e-06  -5.00519394e-01] 5.74173345024e-06 -26.6638465391 -19.2415872846
164 4315 [ -5.00671721e-01  -0.00000000e+00  -3.85127703e-06  -5.00527191e-01] 5.9090795636e-06 -26.6638763429 -19.3169827194
165 4297 [ -5.00679430e-01  -0.00000000e+00  -3.85127703e-06  -5.00527191e-01] 5.91255789658e-06 -26.6635183338 -19.2796074259
166 4232 [ -5.00687099e-01  -0.00000000e+00  -3.85127703e-06  -5.00527191e-01] 5.50152046777e-06 -26.6614191914 -19.2763068373
167 4668 [ -5.00694022e-01  -0.00000000e+00  -3.85127703e-06  -5.00527191e-01] 5.92859205854e-06 -26.6637538463 -19.2308051238
168 4481 [ -5.00694022e-01  -0.00000000e+00  -3.85127703e-06  -5.00534483e-01] 5.98407221561e-06 -26.6611098461 -19.2529338247
169 4262 [ -5.00694022e-01  -0.00000000e+00  -3.85127703e-06  -5.00542231e-01] 5.71075475086e-06 -26.6637113111 -19.3490863402
170 4326 [ -5.00694022e-01  -0.00000000e+00  -3.85127703e-06  -5.00549414e-01] 4.84272220537e-06 -26.6600389134 -19.3115607443
171 5925 [ -5.00694022e-01  -0.00000000e+00  -3.85127703e-06  -5.00555682e-01] 6.39086759748e-06 -26.6623606735 -19.2622701707
172 5065 [ -5.00694022e-01  -0.00000000e+00  -3.85127703e-06  -5.00563051e-01] 5.71978988251e-06 -26.6626315878 -19.3008241329
173 5324 [ -5.00700879e-01  -0.00000000e+00  -3.85127703e-06  -5.00563051e-01] 6.18911148684e-06 -26.6628692574 -19.3292081301
174 5110 [ -5.00709165e-01  -0.00000000e+00  -3.85127703e-06  -5.00563051e-01] 6.4335077046e-06 -26.6632134251 -19.2686233279
175 4382 [ -5.00709165e-01  -0.00000000e+00  -3.85127703e-06  -5.00571485e-01] 5.90079201887e-06 -26.6634202773 -19.2297070989
176 4307 [ -5.00709165e-01  -0.00000000e+00  -3.85127703e-06  -5.00579038e-01] 4.67575139407e-06 -26.6620142226 -19.2552312239
177 6085 [ -5.00709165e-01  -0.00000000e+00  -3.85127703e-06  -5.00584705e-01] 6.23517511547e-06 -26.6622765999 -19.3020148981
178 5543 [ -5.00716600e-01  -0.00000000e+00  -3.85127703e-06  -5.00584705e-01] 5.13903473496e-06 -26.6621953634 -19.2603755071
179 7120 [ -5.00716600e-01  -0.00000000e+00  -3.85127703e-06  -5.00590941e-01] 6.32050921449e-06 -26.6634625632 -19.3398145187
180 6372 [ -5.00723677e-01  -0.00000000e+00  -3.85127703e-06  -5.00590941e-01] 6.92462446772e-06 -26.66225966 -19.3371026524
181 4846 [ -5.00732742e-01  -0.00000000e+00  -3.85127703e-06  -5.00590941e-01] 6.40242340343e-06 -26.6623018571 -19.3354495192
182 4130 [ -5.00732742e-01  -0.00000000e+00  -3.85127703e-06  -5.00599470e-01] 5.97292183305e-06 -26.6617498551 -19.2821822868
183 4011 [ -5.00732742e-01  -0.00000000e+00  -3.85127703e-06  -5.00607549e-01] 4.74177282216e-06 -26.6622065355 -19.3074606332
184 5362 [ -5.00738230e-01  -0.00000000e+00  -3.85127703e-06  -5.00607549e-01] 6.32044424614e-06 -26.6603286657 -19.3348303874
185 4868 [ -5.00746792e-01  -0.00000000e+00  -3.85127703e-06  -5.00607549e-01] 5.50973900498e-06 -26.6626375448 -19.2340173278
186 5439 [ -5.00753492e-01  -0.00000000e+00  -3.85127703e-06  -5.00607549e-01] 6.71143579832e-06 -26.6611317752 -19.2989814533
187 4318 [ -5.00762467e-01  -0.00000000e+00  -3.85127703e-06  -5.00607549e-01] 5.68676789241e-06 -26.6632935751 -19.3465092856
188 4654 [ -5.00770093e-01  -0.00000000e+00  -3.85127703e-06  -5.00607549e-01] 5.63678934021e-06 -26.6624759449 -19.2975206109
189 5019 [ -5.00770093e-01  -0.00000000e+00  -3.85127703e-06  -5.00614644e-01] 5.39470026204e-06 -26.6616930102 -19.2818786887
190 5583 [ -5.00775884e-01  -0.00000000e+00  -3.85127703e-06  -5.00614644e-01] 6.5881000937e-06 -26.6604990124 -19.2200108592
191 4666 [ -5.00775884e-01  -0.00000000e+00  -3.85127703e-06  -5.00623325e-01] 6.20996568744e-06 -26.6633539739 -19.3996434051
192 4177 [ -5.00784048e-01  -0.00000000e+00  -3.85127703e-06  -5.00623325e-01] 5.81968442746e-06 -26.6617779604 -19.1838098211
193 4278 [ -5.00784048e-01  -0.00000000e+00  -3.85127703e-06  -5.00631188e-01] 5.24643074048e-06 -26.6634299751 -19.3663577075
194 5003 [ -5.00790229e-01  -0.00000000e+00  -3.85127703e-06  -5.00631188e-01] 5.69863625791e-06 -26.6624225851 -19.3395911662
195 5213 [ -5.00796875e-01  -0.00000000e+00  -3.85127703e-06  -5.00631188e-01] 6.22406427135e-06 -26.6620888452 -19.3119800174
196 4792 [ -5.00796875e-01  -0.00000000e+00  -3.85127703e-06  -5.00639198e-01] 5.21812228718e-06 -26.6613208197 -19.3493231177
197 5615 [ -5.00796875e-01  -0.00000000e+00  -3.85127703e-06  -5.00645084e-01] 6.41247588834e-06 -26.6622349986 -19.3343266725
198 4834 [ -5.00796875e-01  -0.00000000e+00  -3.85127703e-06  -5.00653239e-01] 6.04713845667e-06 -26.6616546144 -19.343806804
199 4758 [ -5.00805075e-01  -0.00000000e+00  -3.85127703e-06  -5.00653239e-01] 5.2069104745e-06 -26.6592588054 -19.348658809
200 5699 [ -5.00811135e-01  -0.00000000e+00  -3.85127703e-06  -5.00653239e-01] 5.90446511691e-06 -26.6636237965 -19.3056318802
201 5824 [ -5.00811135e-01  -0.00000000e+00  -3.85127703e-06  -5.00660383e-01] 6.8294469713e-06 -26.6608197765 -19.3134275828
202 4483 [ -5.00811135e-01  -0.00000000e+00  -3.85127703e-06  -5.00669367e-01] 4.78305931766e-06 -26.6602318269 -19.4015746551
203 6031 [ -5.00811135e-01  -0.00000000e+00  -3.85127703e-06  -5.00674937e-01] 6.16285437828e-06 -26.6632333397 -19.2933400457
204 5653 [ -5.00818706e-01  -0.00000000e+00  -3.85127703e-06  -5.00674937e-01] 6.08080892319e-06 -26.6625645742 -19.3326389574
205 5380 [ -5.00826168e-01  -0.00000000e+00  -3.85127703e-06  -5.00674937e-01] 6.4472638857e-06 -26.6650160033 -19.2351423312
206 4560 [ -5.00834325e-01  -0.00000000e+00  -3.85127703e-06  -5.00674937e-01] 5.22712300411e-06 -26.6600769938 -19.2559355778
207 5331 [ -5.00834325e-01  -0.00000000e+00  -3.85127703e-06  -5.00680732e-01] 6.63438063005e-06 -26.6604013821 -19.3037910885
208 4138 [ -5.00842482e-01  -0.00000000e+00  -3.85127703e-06  -5.00680732e-01] 5.26575652842e-06 -26.6624265913 -19.3606211551
209 4809 [ -5.00842482e-01  -0.00000000e+00  -3.85127703e-06  -5.00687191e-01] 6.0126634636e-06 -26.6603146595 -19.2300076195
210 4511 [ -5.00842482e-01  -0.00000000e+00  -3.85127703e-06  -5.00694682e-01] 5.39559860451e-06 -26.6605514925 -19.2498182135
211 5150 [ -5.00842482e-01  -0.00000000e+00  -3.85127703e-06  -5.00701095e-01] 5.69977232813e-06 -26.660706111 -19.3038555057
212 5466 [ -5.00849597e-01  -0.00000000e+00  -3.85127703e-06  -5.00701095e-01] 5.81237032781e-06 -26.6615340257 -19.2684777964
213 5589 [ -5.00849597e-01  -0.00000000e+00  -3.85127703e-06  -5.00707873e-01] 5.43155912899e-06 -26.6614047302 -19.3080430194
214 6360 [ -5.00855492e-01  -0.00000000e+00  -3.85127703e-06  -5.00707873e-01] 6.61051706305e-06 -26.6592724 -19.3045837548
215 5099 [ -5.00863363e-01  -0.00000000e+00  -3.85127703e-06  -5.00707873e-01] 6.20668921899e-06 -26.6636825123 -19.2991401303
216 4552 [ -5.00870991e-01  -0.00000000e+00  -3.85127703e-06  -5.00707873e-01] 5.95861331607e-06 -26.6603159605 -19.2025403667
217 4485 [ -5.00878716e-01  -0.00000000e+00  -3.85127703e-06  -5.00707873e-01] 5.20909613082e-06 -26.6637221177 -19.2316753412
218 5294 [ -5.00884701e-01  -0.00000000e+00  -3.85127703e-06  -5.00707873e-01] 6.29889630599e-06 -26.6619217622 -19.2866218693
219 4680 [ -5.00884701e-01  -0.00000000e+00  -3.85127703e-06  -5.00715649e-01] 6.57531435092e-06 -26.6629660913 -19.2753254255
220 3824 [ -5.00884701e-01  -0.00000000e+00  -3.85127703e-06  -5.00724697e-01] 5.37768524893e-06 -26.6622437665 -19.2812406664
221 4304 [ -5.00884701e-01  -0.00000000e+00  -3.85127703e-06  -5.00731757e-01] 5.13610119248e-06 -26.6627500215 -19.2667629117
222 5150 [ -5.00890351e-01  -0.00000000e+00  -3.85127703e-06  -5.00731757e-01] 6.341796621e-06 -26.6628283762 -19.2363159364
223 4692 [ -5.00890351e-01  -0.00000000e+00  -3.85127703e-06  -5.00740336e-01] 5.70274555375e-06 -26.6611072077 -19.3048635735
224 4770 [ -5.00890351e-01  -0.00000000e+00  -3.85127703e-06  -5.00746912e-01] 6.46929210347e-06 -26.6609017706 -19.309400567
225 4047 [ -5.00899155e-01  -0.00000000e+00  -3.85127703e-06  -5.00746912e-01] 5.70750331179e-06 -26.6627222658 -19.2140084984
226 4130 [ -5.00899155e-01  -0.00000000e+00  -3.85127703e-06  -5.00754385e-01] 5.38794119311e-06 -26.662001907 -19.3581424534
227 4662 [ -5.00906010e-01  -0.00000000e+00  -3.85127703e-06  -5.00754385e-01] 5.72238545508e-06 -26.6608875169 -19.2126539037
228 4734 [ -5.00906010e-01  -0.00000000e+00  -3.85127703e-06  -5.00760970e-01] 5.47078022532e-06 -26.6625305587 -19.3819843011
229 5193 [ -5.00906010e-01  -0.00000000e+00  -3.85127703e-06  -5.00767187e-01] 5.95981025779e-06 -26.6627214075 -19.4285895798
230 5207 [ -5.00906010e-01  -0.00000000e+00  -3.85127703e-06  -5.00774852e-01] 6.17108902017e-06 -26.662430138 -19.3178272264
231 4795 [ -5.00913698e-01  -0.00000000e+00  -3.85127703e-06  -5.00774852e-01] 5.99492699522e-06 -26.6587678502 -19.3079155276
232 4591 [ -5.00913698e-01  -0.00000000e+00  -3.85127703e-06  -5.00782365e-01] 6.06780777473e-06 -26.661394329 -19.2803715576
233 4406 [ -5.00913698e-01  -0.00000000e+00  -3.85127703e-06  -5.00790545e-01] 5.82040431053e-06 -26.6629093312 -19.3069728726
234 4418 [ -5.00913698e-01  -0.00000000e+00  -3.85127703e-06  -5.00797898e-01] 6.12834293171e-06 -26.6636593002 -19.2708695562
235 4070 [ -5.00913698e-01  -0.00000000e+00  -3.85127703e-06  -5.00806083e-01] 5.68121109917e-06 -26.6624863557 -19.3730279781
236 4370 [ -5.00913698e-01  -0.00000000e+00  -3.85127703e-06  -5.00814010e-01] 5.63066880269e-06 -26.6631494734 -19.3337980499
237 4551 [ -5.00920496e-01  -0.00000000e+00  -3.85127703e-06  -5.00814010e-01] 5.66512592129e-06 -26.6627602371 -19.2426213448
238 4628 [ -5.00920496e-01  -0.00000000e+00  -3.85127703e-06  -5.00820466e-01] 5.12051077449e-06 -26.6604255461 -19.3995479972
239 5631 [ -5.00920496e-01  -0.00000000e+00  -3.85127703e-06  -5.00826453e-01] 6.39027422219e-06 -26.6616150352 -19.2535165551
240 4900 [ -5.00928482e-01  -0.00000000e+00  -3.85127703e-06  -5.00826453e-01] 6.29811550464e-06 -26.6633793726 -19.3296721276
241 4420 [ -5.00928482e-01  -0.00000000e+00  -3.85127703e-06  -5.00834960e-01] 6.07973768246e-06 -26.6631555538 -19.3016847231
242 4141 [ -5.00928482e-01  -0.00000000e+00  -3.85127703e-06  -5.00842841e-01] 5.78135058186e-06 -26.6628479632 -19.2294240974
243 4152 [ -5.00935783e-01  -0.00000000e+00  -3.85127703e-06  -5.00842841e-01] 5.42051502526e-06 -26.6634892156 -19.4049615054
244 4598 [ -5.00935783e-01  -0.00000000e+00  -3.85127703e-06  -5.00849637e-01] 6.22302942692e-06 -26.660650113 -19.3629702241
245 4131 [ -5.00935783e-01  -0.00000000e+00  -3.85127703e-06  -5.00857728e-01] 5.24208116013e-06 -26.6596135827 -19.3962300008
246 4985 [ -5.00942539e-01  -0.00000000e+00  -3.85127703e-06  -5.00857728e-01] 4.86653140973e-06 -26.6585554294 -19.2951984732
247 6654 [ -5.00948043e-01  -0.00000000e+00  -3.85127703e-06  -5.00857728e-01] 6.66383630827e-06 -26.6619726972 -19.3261019945
248 5309 [ -5.00948043e-01  -0.00000000e+00  -3.85127703e-06  -5.00865504e-01] 5.84845019485e-06 -26.6610944735 -19.2188442044
249 5538 [ -5.00948043e-01  -0.00000000e+00  -3.85127703e-06  -5.00872950e-01] 6.02435120096e-06 -26.6600909107 -19.3146487257
250 5460 [ -5.00955807e-01  -0.00000000e+00  -3.85127703e-06  -5.00872950e-01] 5.98400470613e-06 -26.6605362988 -19.38289827
251 5386 [ -5.00955807e-01  -0.00000000e+00  -3.85127703e-06  -5.00880240e-01] 6.65458261249e-06 -26.6629084775 -19.2813191414
252 4478 [ -5.00965153e-01  -0.00000000e+00  -3.85127703e-06  -5.00880240e-01] 5.17728568355e-06 -26.6624452301 -19.3467609184
253 5276 [ -5.00965153e-01  -0.00000000e+00  -3.85127703e-06  -5.00886175e-01] 5.82531640048e-06 -26.6620073609 -19.2746563847
254 5394 [ -5.00972157e-01  -0.00000000e+00  -3.85127703e-06  -5.00886175e-01] 6.77262615806e-06 -26.6605742214 -19.2498530812
255 4331 [ -5.00972157e-01  -0.00000000e+00  -3.85127703e-06  -5.00895726e-01] 6.20731837632e-06 -26.6618057869 -19.3182749276
256 3959 [ -5.00980679e-01  -0.00000000e+00  -3.85127703e-06  -5.00895726e-01] 4.6358179877e-06 -26.6620287867 -19.2650803161
257 5449 [ -5.00980679e-01  -0.00000000e+00  -3.85127703e-06  -5.00900918e-01] 6.17210338992e-06 -26.6611525383 -19.2386688093
258 4996 [ -5.00988199e-01  -0.00000000e+00  -3.85127703e-06  -5.00900918e-01] 6.47177953037e-06 -26.6631724587 -19.2874826378
259 4144 [ -5.00996440e-01  -0.00000000e+00  -3.85127703e-06  -5.00900918e-01] 5.73803264874e-06 -26.6629272702 -19.4019054413
260 4277 [ -5.01003954e-01  -0.00000000e+00  -3.85127703e-06  -5.00900918e-01] 5.87707861833e-06 -26.6600199651 -19.2022595467
261 4370 [ -5.01012009e-01  -0.00000000e+00  -3.85127703e-06  -5.00900918e-01] 5.30535414906e-06 -26.6640746193 -19.3068984081
262 5173 [ -5.01012009e-01  -0.00000000e+00  -3.85127703e-06  -5.00907607e-01] 6.11833667288e-06 -26.6597801632 -19.2776885166
263 4759 [ -5.01019549e-01  -0.00000000e+00  -3.85127703e-06  -5.00907607e-01] 5.65907091244e-06 -26.6606290622 -19.2451279616
264 5015 [ -5.01026422e-01  -0.00000000e+00  -3.85127703e-06  -5.00907607e-01] 6.5707862378e-06 -26.6620545551 -19.3141516129
265 4023 [ -5.01034988e-01  -0.00000000e+00  -3.85127703e-06  -5.00907607e-01] 5.87187726156e-06 -26.66259255 -19.346540395
266 3905 [ -5.01034988e-01  -0.00000000e+00  -3.85127703e-06  -5.00915330e-01] 5.11682434858e-06 -26.6593880295 -19.234163362
267 4739 [ -5.01034988e-01  -0.00000000e+00  -3.85127703e-06  -5.00921732e-01] 4.67954112615e-06 -26.6604102494 -19.3477012045
268 6636 [ -5.01034988e-01  -0.00000000e+00  -3.85127703e-06  -5.00927090e-01] 7.46024600201e-06 -26.658196763 -19.3590664512
269 4201 [ -5.01045085e-01  -0.00000000e+00  -3.85127703e-06  -5.00927090e-01] 5.24896623509e-06 -26.6600138615 -19.2869012593
270 4872 [ -5.01051182e-01  -0.00000000e+00  -3.85127703e-06  -5.00927090e-01] 6.29657733109e-06 -26.6629641843 -19.2106776909
271 4368 [ -5.01051182e-01  -0.00000000e+00  -3.85127703e-06  -5.00935372e-01] 4.89406730268e-06 -26.6631655944 -19.3739295686
272 5783 [ -5.01051182e-01  -0.00000000e+00  -3.85127703e-06  -5.00941104e-01] 6.6416499691e-06 -26.6617326187 -19.3156395501
273 4582 [ -5.01059567e-01  -0.00000000e+00  -3.85127703e-06  -5.00941104e-01] 6.21129943079e-06 -26.6622252886 -19.2842630505
274 4343 [ -5.01059567e-01  -0.00000000e+00  -3.85127703e-06  -5.00949960e-01] 4.90062796466e-06 -26.6618763542 -19.353969433
275 5490 [ -5.01065036e-01  -0.00000000e+00  -3.85127703e-06  -5.00949960e-01] 6.48276399866e-06 -26.6613272183 -19.2671256419
276 4672 [ -5.01065036e-01  -0.00000000e+00  -3.85127703e-06  -5.00958296e-01] 6.19006449455e-06 -26.6607842683 -19.3247613988
277 4472 [ -5.01074066e-01  -0.00000000e+00  -3.85127703e-06  -5.00958296e-01] 5.53081558041e-06 -26.6592940277 -19.3770284638
278 5005 [ -5.01074066e-01  -0.00000000e+00  -3.85127703e-06  -5.00965569e-01] 5.40705937406e-06 -26.660649774 -19.3241734446
279 5659 [ -5.01080237e-01  -0.00000000e+00  -3.85127703e-06  -5.00965569e-01] 5.97842363188e-06 -26.6618622353 -19.2969792114
280 5341 [ -5.01080237e-01  -0.00000000e+00  -3.85127703e-06  -5.00972189e-01] 6.48027625391e-06 -26.6598645793 -19.2782306662
281 4426 [ -5.01080237e-01  -0.00000000e+00  -3.85127703e-06  -5.00980432e-01] 5.80527487838e-06 -26.6602326245 -19.2075858686
282 4542 [ -5.01087791e-01  -0.00000000e+00  -3.85127703e-06  -5.00980432e-01] 6.46234746919e-06 -26.6578741537 -19.3065004154
283 3802 [ -5.01087791e-01  -0.00000000e+00  -3.85127703e-06  -5.00989207e-01] 5.41690373881e-06 -26.6612282709 -19.3570472183
284 4296 [ -5.01087791e-01  -0.00000000e+00  -3.85127703e-06  -5.00996545e-01] 5.48801610679e-06 -26.6615376058 -19.2949441968
285 4747 [ -5.01094579e-01  -0.00000000e+00  -3.85127703e-06  -5.00996545e-01] 6.35380716042e-06 -26.659810512 -19.2668604237
286 4089 [ -5.01102883e-01  -0.00000000e+00  -3.85127703e-06  -5.00996545e-01] 5.01503345743e-06 -26.6598266732 -19.2765105635
287 5072 [ -5.01108711e-01  -0.00000000e+00  -3.85127703e-06  -5.00996545e-01] 5.49257329412e-06 -26.6618348839 -19.2696867992
288 5696 [ -5.01108711e-01  -0.00000000e+00  -3.85127703e-06  -5.01002953e-01] 6.72254348701e-06 -26.6610795887 -19.4009430991
289 4672 [ -5.01108711e-01  -0.00000000e+00  -3.85127703e-06  -5.01012103e-01] 6.43819390088e-06 -26.6608253919 -19.1851201077
290 4020 [ -5.01108711e-01  -0.00000000e+00  -3.85127703e-06  -5.01020899e-01] 4.49188804767e-06 -26.6588612394 -19.2592714056
291 5820 [ -5.01113838e-01  -0.00000000e+00  -3.85127703e-06  -5.01020899e-01] 5.69758955609e-06 -26.6606899322 -19.4161569121
292 6005 [ -5.01113838e-01  -0.00000000e+00  -3.85127703e-06  -5.01027142e-01] 6.66553322718e-06 -26.6611234916 -19.2425951523
293 4815 [ -5.01113838e-01  -0.00000000e+00  -3.85127703e-06  -5.01035389e-01] 5.68844782065e-06 -26.6601061974 -19.2905289128
294 5057 [ -5.01113838e-01  -0.00000000e+00  -3.85127703e-06  -5.01042491e-01] 6.23185606197e-06 -26.6604912753 -19.2417250028
295 4497 [ -5.01113838e-01  -0.00000000e+00  -3.85127703e-06  -5.01050211e-01] 4.91182737324e-06 -26.6602618889 -19.375829264
296 5817 [ -5.01113838e-01  -0.00000000e+00  -3.85127703e-06  -5.01055925e-01] 6.58928467496e-06 -26.6599923498 -19.3700472589
297 4700 [ -5.01122006e-01  -0.00000000e+00  -3.85127703e-06  -5.01055925e-01] 6.0271001614e-06 -26.6579667565 -19.2866400573
298 4313 [ -5.01122006e-01  -0.00000000e+00  -3.85127703e-06  -5.01063264e-01] 5.59418172168e-06 -26.6596078666 -19.3680748826
299 4724 [ -5.01129296e-01  -0.00000000e+00  -3.85127703e-06  -5.01063264e-01] 5.22884611251e-06 -26.6587714464 -19.4007398064
300 5707 [ -5.01135630e-01  -0.00000000e+00  -3.85127703e-06  -5.01063264e-01] 6.18050651878e-06 -26.66164579 -19.2782779869
301 5291 [ -5.01143131e-01  -0.00000000e+00  -3.85127703e-06  -5.01063264e-01] 5.49727302967e-06 -26.6629479933 -19.2962313004
302 5849 [ -5.01143131e-01  -0.00000000e+00  -3.85127703e-06  -5.01069512e-01] 6.31767330844e-06 -26.6597706216 -19.400985369
303 5419 [ -5.01151399e-01  -0.00000000e+00  -3.85127703e-06  -5.01069512e-01] 6.13022609756e-06 -26.6599858123 -19.3128636798
304 5069 [ -5.01151399e-01  -0.00000000e+00  -3.85127703e-06  -5.01076925e-01] 5.57948353674e-06 -26.6618065065 -19.2668154301
305 5348 [ -5.01157620e-01  -0.00000000e+00  -3.85127703e-06  -5.01076925e-01] 6.17445046721e-06 -26.6583051434 -19.2705669873
306 4830 [ -5.01165107e-01  -0.00000000e+00  -3.85127703e-06  -5.01076925e-01] 6.0760047646e-06 -26.6598685866 -19.3827258165
307 4699 [ -5.01173361e-01  -0.00000000e+00  -3.85127703e-06  -5.01076925e-01] 5.54160197646e-06 -26.6584116572 -19.2882690925
308 5098 [ -5.01173361e-01  -0.00000000e+00  -3.85127703e-06  -5.01083592e-01] 6.00407409993e-06 -26.6603269971 -19.3407853668
309 5085 [ -5.01181161e-01  -0.00000000e+00  -3.85127703e-06  -5.01083592e-01] 5.53419253122e-06 -26.661688778 -19.3262948271
310 5458 [ -5.01181161e-01  -0.00000000e+00  -3.85127703e-06  -5.01089750e-01] 6.65429217325e-06 -26.6589456406 -19.3678951237
311 4400 [ -5.01181161e-01  -0.00000000e+00  -3.85127703e-06  -5.01098645e-01] 5.2139294805e-06 -26.6592712998 -19.2916241792
312 5364 [ -5.01181161e-01  -0.00000000e+00  -3.85127703e-06  -5.01105336e-01] 5.6739138558e-06 -26.6606002589 -19.2868172506
313 5908 [ -5.01181161e-01  -0.00000000e+00  -3.85127703e-06  -5.01112406e-01] 7.24276500007e-06 -26.6607907112 -19.3326829483
314 4004 [ -5.01191386e-01  -0.00000000e+00  -3.85127703e-06  -5.01112406e-01] 4.97451398795e-06 -26.6602701616 -19.3296578435
315 5139 [ -5.01191386e-01  -0.00000000e+00  -3.85127703e-06  -5.01118550e-01] 5.72522991282e-06 -26.6607264471 -19.314243727
316 5500 [ -5.01198490e-01  -0.00000000e+00  -3.85127703e-06  -5.01118550e-01] 6.75901046794e-06 -26.658947889 -19.2851209962
317 4269 [ -5.01207152e-01  -0.00000000e+00  -3.85127703e-06  -5.01118550e-01] 4.97230696054e-06 -26.6590736571 -19.407478234
318 5449 [ -5.01213084e-01  -0.00000000e+00  -3.85127703e-06  -5.01118550e-01] 6.3341500888e-06 -26.6600866839 -19.3186356466
319 4699 [ -5.01213084e-01  -0.00000000e+00  -3.85127703e-06  -5.01126346e-01] 6.54494748663e-06 -26.6606866932 -19.2877729956
320 3853 [ -5.01213084e-01  -0.00000000e+00  -3.85127703e-06  -5.01135422e-01] 5.71535545604e-06 -26.6568845216 -19.2883004554
321 4078 [ -5.01213084e-01  -0.00000000e+00  -3.85127703e-06  -5.01143465e-01] 5.93545011656e-06 -26.6600502094 -19.2830919879
322 3969 [ -5.01213084e-01  -0.00000000e+00  -3.85127703e-06  -5.01151513e-01] 5.13996198129e-06 -26.6610561979 -19.2931954211
323 4715 [ -5.01219166e-01  -0.00000000e+00  -3.85127703e-06  -5.01151513e-01] 5.35388520264e-06 -26.6591322182 -19.2708875246
324 5226 [ -5.01225062e-01  -0.00000000e+00  -3.85127703e-06  -5.01151513e-01] 6.09041043491e-06 -26.6587264328 -19.4028093137
325 4826 [ -5.01225062e-01  -0.00000000e+00  -3.85127703e-06  -5.01158964e-01] 5.79206765434e-06 -26.6602042607 -19.3185465355
326 5059 [ -5.01232554e-01  -0.00000000e+00  -3.85127703e-06  -5.01158964e-01] 5.68006817768e-06 -26.6604543258 -19.2917777521
327 5194 [ -5.01239012e-01  -0.00000000e+00  -3.85127703e-06  -5.01158964e-01] 5.92533494702e-06 -26.662347924 -19.3218929763
328 5175 [ -5.01239012e-01  -0.00000000e+00  -3.85127703e-06  -5.01166443e-01] 6.18927309248e-06 -26.6596881439 -19.2841510741
329 4821 [ -5.01247196e-01  -0.00000000e+00  -3.85127703e-06  -5.01166443e-01] 5.97793679903e-06 -26.6594551634 -19.2475837623
330 4753 [ -5.01255047e-01  -0.00000000e+00  -3.85127703e-06  -5.01166443e-01] 6.49638941197e-06 -26.662397227 -19.1982330347
331 3928 [ -5.01255047e-01  -0.00000000e+00  -3.85127703e-06  -5.01175085e-01] 6.0733934691e-06 -26.6583622832 -19.2677893217
332 3738 [ -5.01255047e-01  -0.00000000e+00  -3.85127703e-06  -5.01183849e-01] 5.20116581157e-06 -26.6606424112 -19.3755074837
333 4472 [ -5.01255047e-01  -0.00000000e+00  -3.85127703e-06  -5.01190476e-01] 5.67433217359e-06 -26.6580859261 -19.2664940295
334 4647 [ -5.01255047e-01  -0.00000000e+00  -3.85127703e-06  -5.01197361e-01] 5.57158012575e-06 -26.6594199467 -19.2397052597
335 5118 [ -5.01262154e-01  -0.00000000e+00  -3.85127703e-06  -5.01197361e-01] 6.69139475939e-06 -26.6562297616 -19.3289820426
336 3987 [ -5.01262154e-01  -0.00000000e+00  -3.85127703e-06  -5.01206273e-01] 4.90898201353e-06 -26.6566180884 -19.2986870841
337 5188 [ -5.01268049e-01  -0.00000000e+00  -3.85127703e-06  -5.01206273e-01] 5.83951444892e-06 -26.6577252617 -19.30574218
338 5329 [ -5.01268049e-01  -0.00000000e+00  -3.85127703e-06  -5.01213657e-01] 6.37704497041e-06 -26.6587478128 -19.2197051983
339 4629 [ -5.01268049e-01  -0.00000000e+00  -3.85127703e-06  -5.01221656e-01] 5.70777437453e-06 -26.6582566838 -19.22609176
340 4944 [ -5.01268049e-01  -0.00000000e+00  -3.85127703e-06  -5.01228968e-01] 6.19982166112e-06 -26.6579646013 -19.355342009
341 4330 [ -5.01275501e-01  -0.00000000e+00  -3.85127703e-06  -5.01228968e-01] 5.77563421733e-06 -26.6594995982 -19.2661279348
342 4435 [ -5.01282856e-01  -0.00000000e+00  -3.85127703e-06  -5.01228968e-01] 5.93137219518e-06 -26.6573238185 -19.3062804517
343 4405 [ -5.01290708e-01  -0.00000000e+00  -3.85127703e-06  -5.01228968e-01] 3.78769627523e-06 -26.657708448 -19.2619652875
344 8062 [ -5.01295786e-01  -0.00000000e+00  -3.85127703e-06  -5.01228968e-01] 7.29305806463e-06 -26.6592362641 -19.3280458675
345 5444 [ -5.01295786e-01  -0.00000000e+00  -3.85127703e-06  -5.01237965e-01] 6.41100711077e-06 -26.6624472004 -19.2542439448
346 4550 [ -5.01303594e-01  -0.00000000e+00  -3.85127703e-06  -5.01237965e-01] 5.65621590912e-06 -26.6588215543 -19.2752375405
347 4740 [ -5.01310615e-01  -0.00000000e+00  -3.85127703e-06  -5.01237965e-01] 6.21580032133e-06 -26.6558750964 -19.2589879606
348 4309 [ -5.01318705e-01  -0.00000000e+00  -3.85127703e-06  -5.01237965e-01] 5.06134644576e-06 -26.6576882133 -19.2668904786
349 5363 [ -5.01324828e-01  -0.00000000e+00  -3.85127703e-06  -5.01237965e-01] 6.33298822695e-06 -26.6581507925 -19.2842849283
350 4691 [ -5.01332770e-01  -0.00000000e+00  -3.85127703e-06  -5.01237965e-01] 5.74649549304e-06 -26.6570342648 -19.2984589186
351 4927 [ -5.01332770e-01  -0.00000000e+00  -3.85127703e-06  -5.01245058e-01] 6.42830201543e-06 -26.6603014326 -19.3265262165
352 4340 [ -5.01341901e-01  -0.00000000e+00  -3.85127703e-06  -5.01245058e-01] 4.72186737477e-06 -26.6576494168 -19.3121195411
353 5871 [ -5.01341901e-01  -0.00000000e+00  -3.85127703e-06  -5.01250466e-01] 6.09125425151e-06 -26.65637785 -19.1993389215
354 5569 [ -5.01341901e-01  -0.00000000e+00  -3.85127703e-06  -5.01257538e-01] 6.69815541211e-06 -26.6571680537 -19.2791480055
355 4458 [ -5.01341901e-01  -0.00000000e+00  -3.85127703e-06  -5.01266446e-01] 5.50059066662e-06 -26.6578561536 -19.3056708932
356 4813 [ -5.01341901e-01  -0.00000000e+00  -3.85127703e-06  -5.01273034e-01] 5.89709248618e-06 -26.6590525405 -19.3215631355
357 4888 [ -5.01341901e-01  -0.00000000e+00  -3.85127703e-06  -5.01280962e-01] 5.07997451818e-06 -26.65959476 -19.2854050353
358 6280 [ -5.01341901e-01  -0.00000000e+00  -3.85127703e-06  -5.01287096e-01] 6.33007078492e-06 -26.6558776019 -19.4120643297
359 5410 [ -5.01341901e-01  -0.00000000e+00  -3.85127703e-06  -5.01294352e-01] 7.0131227394e-06 -26.6592185394 -19.3335035972
360 3810 [ -5.01351604e-01  -0.00000000e+00  -3.85127703e-06  -5.01294352e-01] 5.13975455294e-06 -26.6593476008 -19.3391782623
361 4652 [ -5.01351604e-01  -0.00000000e+00  -3.85127703e-06  -5.01300904e-01] 6.39049890693e-06 -26.6589425621 -19.2151659284
362 4125 [ -5.01360841e-01  -0.00000000e+00  -3.85127703e-06  -5.01300904e-01] 5.46682174902e-06 -26.6562154539 -19.3822326272
363 4478 [ -5.01360841e-01  -0.00000000e+00  -3.85127703e-06  -5.01307873e-01] 6.22643217846e-06 -26.6583434456 -19.3509250714
364 3955 [ -5.01369042e-01  -0.00000000e+00  -3.85127703e-06  -5.01307873e-01] 5.55965368737e-06 -26.6577556779 -19.3081773774
365 4256 [ -5.01376322e-01  -0.00000000e+00  -3.85127703e-06  -5.01307873e-01] 5.18147461894e-06 -26.6569315864 -19.3880017227
366 5019 [ -5.01376322e-01  -0.00000000e+00  -3.85127703e-06  -5.01313816e-01] 6.13782354016e-06 -26.6585180512 -19.4088379193
367 4552 [ -5.01376322e-01  -0.00000000e+00  -3.85127703e-06  -5.01321145e-01] 6.12041317875e-06 -26.6591904861 -19.2691860814
368 4330 [ -5.01376322e-01  -0.00000000e+00  -3.85127703e-06  -5.01329704e-01] 5.48382026796e-06 -26.6573614647 -19.3026298683
369 4783 [ -5.01383053e-01  -0.00000000e+00  -3.85127703e-06  -5.01329704e-01] 6.05722315396e-06 -26.6580225041 -19.2904163784
370 4647 [ -5.01383053e-01  -0.00000000e+00  -3.85127703e-06  -5.01338002e-01] 5.67491973918e-06 -26.6599993767 -19.3389866983
371 4854 [ -5.01383053e-01  -0.00000000e+00  -3.85127703e-06  -5.01345081e-01] 6.33565899715e-06 -26.6579438495 -19.2221019893
372 4160 [ -5.01391000e-01  -0.00000000e+00  -3.85127703e-06  -5.01345081e-01] 5.55020184174e-06 -26.657820516 -19.2479975743
373 4672 [ -5.01391000e-01  -0.00000000e+00  -3.85127703e-06  -5.01352840e-01] 6.79565677445e-06 -26.6573044271 -19.3496492636
374 3670 [ -5.01400940e-01  -0.00000000e+00  -3.85127703e-06  -5.01352840e-01] 4.27886093906e-06 -26.6588644134 -19.2858507965
375 5677 [ -5.01406119e-01  -0.00000000e+00  -3.85127703e-06  -5.01352840e-01] 6.61891744245e-06 -26.6590845274 -19.3674397859
376 4418 [ -5.01414075e-01  -0.00000000e+00  -3.85127703e-06  -5.01352840e-01] 5.97298934137e-06 -26.6575779325 -19.244278422
377 4386 [ -5.01422199e-01  -0.00000000e+00  -3.85127703e-06  -5.01352840e-01] 5.79760742124e-06 -26.6559861993 -19.3328620069
378 4610 [ -5.01422199e-01  -0.00000000e+00  -3.85127703e-06  -5.01360744e-01] 4.70668625985e-06 -26.6568846173 -19.3200947584
379 6374 [ -5.01427673e-01  -0.00000000e+00  -3.85127703e-06  -5.01360744e-01] 6.90587373823e-06 -26.6582397094 -19.196725539
380 4962 [ -5.01436865e-01  -0.00000000e+00  -3.85127703e-06  -5.01360744e-01] 5.84946622143e-06 -26.6580860822 -19.3489693728
381 5024 [ -5.01444409e-01  -0.00000000e+00  -3.85127703e-06  -5.01360744e-01] 6.65104642778e-06 -26.6594350459 -19.2021123025
382 3954 [ -5.01444409e-01  -0.00000000e+00  -3.85127703e-06  -5.01369338e-01] 6.30077704053e-06 -26.6594910994 -19.2630624129
383 3571 [ -5.01454147e-01  -0.00000000e+00  -3.85127703e-06  -5.01369338e-01] 4.57651350959e-06 -26.6593127967 -19.244795089
384 4956 [ -5.01454147e-01  -0.00000000e+00  -3.85127703e-06  -5.01374701e-01] 6.24601686016e-06 -26.6552812801 -19.2872315955
385 4435 [ -5.01462288e-01  -0.00000000e+00  -3.85127703e-06  -5.01374701e-01] 5.96935690864e-06 -26.6561145952 -19.3497710841
386 4297 [ -5.01462288e-01  -0.00000000e+00  -3.85127703e-06  -5.01382474e-01] 4.77860413614e-06 -26.6576286292 -19.2884326266
387 5797 [ -5.01468057e-01  -0.00000000e+00  -3.85127703e-06  -5.01382474e-01] 6.717139441e-06 -26.659151057 -19.3799144681
388 4635 [ -5.01468057e-01  -0.00000000e+00  -3.85127703e-06  -5.01391495e-01] 5.52424007556e-06 -26.6563024557 -19.3494653498
389 5032 [ -5.01474525e-01  -0.00000000e+00  -3.85127703e-06  -5.01391495e-01] 6.02605932432e-06 -26.6577329277 -19.2555441132
390 4742 [ -5.01474525e-01  -0.00000000e+00  -3.85127703e-06  -5.01398725e-01] 5.35839067315e-06 -26.658339645 -19.3839331048
391 5496 [ -5.01474525e-01  -0.00000000e+00  -3.85127703e-06  -5.01404811e-01] 6.26284457674e-06 -26.6584838479 -19.3398428922
392 4886 [ -5.01482142e-01  -0.00000000e+00  -3.85127703e-06  -5.01404811e-01] 5.7368942881e-06 -26.6609396788 -19.2694602261
393 4943 [ -5.01482142e-01  -0.00000000e+00  -3.85127703e-06  -5.01411421e-01] 5.61914124714e-06 -26.6572846302 -19.268356466
394 5303 [ -5.01488935e-01  -0.00000000e+00  -3.85127703e-06  -5.01411421e-01] 6.90003972618e-06 -26.6591690079 -19.2520049528
395 3951 [ -5.01498089e-01  -0.00000000e+00  -3.85127703e-06  -5.01411421e-01] 4.89595827665e-06 -26.6588296552 -19.3500722416
396 5073 [ -5.01503924e-01  -0.00000000e+00  -3.85127703e-06  -5.01411421e-01] 6.24155530141e-06 -26.6559744392 -19.3412948331
397 4571 [ -5.01511801e-01  -0.00000000e+00  -3.85127703e-06  -5.01411421e-01] 5.78139605152e-06 -26.656805105 -19.3308738933
398 4593 [ -5.01518914e-01  -0.00000000e+00  -3.85127703e-06  -5.01411421e-01] 5.76633668826e-06 -26.6594509287 -19.2240292167
399 4619 [ -5.01518914e-01  -0.00000000e+00  -3.85127703e-06  -5.01418417e-01] 5.49724797239e-06 -26.6573969291 -19.327106573
400 5213 [ -5.01518914e-01  -0.00000000e+00  -3.85127703e-06  -5.01425347e-01] 6.55181783923e-06 -26.6571917714 -19.280545926
401 4157 [ -5.01527191e-01  -0.00000000e+00  -3.85127703e-06  -5.01425347e-01] 5.75043386556e-06 -26.6581364517 -19.3736107054
402 4138 [ -5.01534596e-01  -0.00000000e+00  -3.85127703e-06  -5.01425347e-01] 4.85523815027e-06 -26.658756864 -19.2682300193
403 5360 [ -5.01534596e-01  -0.00000000e+00  -3.85127703e-06  -5.01430705e-01] 6.25018903507e-06 -26.6577383089 -19.2795703463
404 4741 [ -5.01534596e-01  -0.00000000e+00  -3.85127703e-06  -5.01438265e-01] 5.83644375357e-06 -26.6586725356 -19.320139043
405 4566 [ -5.01534596e-01  -0.00000000e+00  -3.85127703e-06  -5.01444999e-01] 5.91260012887e-06 -26.6568996805 -19.3873314924
406 4656 [ -5.01542673e-01  -0.00000000e+00  -3.85127703e-06  -5.01444999e-01] 5.68520011356e-06 -26.6566570786 -19.3494120991
407 4940 [ -5.01542673e-01  -0.00000000e+00  -3.85127703e-06  -5.01452272e-01] 6.62982065672e-06 -26.6582930982 -19.2994972583
408 3929 [ -5.01542673e-01  -0.00000000e+00  -3.85127703e-06  -5.01460975e-01] 5.53629111906e-06 -26.6573674122 -19.283002681
409 4431 [ -5.01542673e-01  -0.00000000e+00  -3.85127703e-06  -5.01469133e-01] 6.08169846081e-06 -26.6603358385 -19.3544265531
410 4228 [ -5.01542673e-01  -0.00000000e+00  -3.85127703e-06  -5.01477665e-01] 5.28445438662e-06 -26.657690942 -19.3007601098
411 4984 [ -5.01549295e-01  -0.00000000e+00  -3.85127703e-06  -5.01477665e-01] 6.23225705105e-06 -26.6562829377 -19.2954234457
412 4542 [ -5.01557302e-01  -0.00000000e+00  -3.85127703e-06  -5.01477665e-01] 5.09508139215e-06 -26.6573421023 -19.3485355194
413 5729 [ -5.01557302e-01  -0.00000000e+00  -3.85127703e-06  -5.01484033e-01] 5.83417119625e-06 -26.6595479992 -19.3155201577
414 5998 [ -5.01557302e-01  -0.00000000e+00  -3.85127703e-06  -5.01491321e-01] 7.03658143612e-06 -26.6604054284 -19.2569535726
415 4307 [ -5.01557302e-01  -0.00000000e+00  -3.85127703e-06  -5.01500425e-01] 5.63176685213e-06 -26.656146659 -19.402055201
416 4557 [ -5.01564364e-01  -0.00000000e+00  -3.85127703e-06  -5.01500425e-01] 6.11595236726e-06 -26.6576757817 -19.3367171636
417 4282 [ -5.01564364e-01  -0.00000000e+00  -3.85127703e-06  -5.01508898e-01] 5.8969294761e-06 -26.6597054058 -19.2853392803
418 4259 [ -5.01572386e-01  -0.00000000e+00  -3.85127703e-06  -5.01508898e-01] 5.40275636907e-06 -26.6601532085 -19.1843560039
419 4764 [ -5.01572386e-01  -0.00000000e+00  -3.85127703e-06  -5.01515305e-01] 5.83149345852e-06 -26.6570196694 -19.413897766
420 4721 [ -5.01572386e-01  -0.00000000e+00  -3.85127703e-06  -5.01522348e-01] 5.4898489522e-06 -26.656899053 -19.3398565995
421 5170 [ -5.01578681e-01  -0.00000000e+00  -3.85127703e-06  -5.01522348e-01] 5.63786438588e-06 -26.6567498702 -19.2484218153
422 5394 [ -5.01584886e-01  -0.00000000e+00  -3.85127703e-06  -5.01522348e-01] 6.96373686316e-06 -26.6562014976 -19.2897844717
423 3975 [ -5.01594764e-01  -0.00000000e+00  -3.85127703e-06  -5.01522348e-01] 5.36083049699e-06 -26.65754356 -19.2152788676
424 4564 [ -5.01601460e-01  -0.00000000e+00  -3.85127703e-06  -5.01522348e-01] 4.44190862546e-06 -26.6578013972 -19.3696696793
425 6687 [ -5.01606243e-01  -0.00000000e+00  -3.85127703e-06  -5.01522348e-01] 6.61337191042e-06 -26.6593341123 -19.276752313
426 5563 [ -5.01606243e-01  -0.00000000e+00  -3.85127703e-06  -5.01530577e-01] 6.58070321293e-06 -26.6587295677 -19.2937043698
427 4486 [ -5.01606243e-01  -0.00000000e+00  -3.85127703e-06  -5.01538793e-01] 5.68573330898e-06 -26.6560431479 -19.275406897
428 4800 [ -5.01613581e-01  -0.00000000e+00  -3.85127703e-06  -5.01538793e-01] 6.02724030746e-06 -26.6549642441 -19.2169576875
429 4711 [ -5.01621645e-01  -0.00000000e+00  -3.85127703e-06  -5.01538793e-01] 5.80550666893e-06 -26.6580031731 -19.1541032479
430 4894 [ -5.01621645e-01  -0.00000000e+00  -3.85127703e-06  -5.01546349e-01] 6.4279358838e-06 -26.6574949751 -19.3785359359
431 4131 [ -5.01621645e-01  -0.00000000e+00  -3.85127703e-06  -5.01554744e-01] 5.94177667786e-06 -26.6571128642 -19.3364921784
432 4067 [ -5.01621645e-01  -0.00000000e+00  -3.85127703e-06  -5.01562912e-01] 4.60492788846e-06 -26.6573619071 -19.2512067347
433 5890 [ -5.01621645e-01  -0.00000000e+00  -3.85127703e-06  -5.01568844e-01] 5.97762778241e-06 -26.6574630769 -19.2638753522
434 5761 [ -5.01628523e-01  -0.00000000e+00  -3.85127703e-06  -5.01568844e-01] 6.42254235534e-06 -26.6545903956 -19.3059717551
435 5030 [ -5.01636729e-01  -0.00000000e+00  -3.85127703e-06  -5.01568844e-01] 5.87656205668e-06 -26.6569900443 -19.2766537828
436 5043 [ -5.01636729e-01  -0.00000000e+00  -3.85127703e-06  -5.01576137e-01] 5.95281533172e-06 -26.6587821386 -19.2338925817
437 4866 [ -5.01636729e-01  -0.00000000e+00  -3.85127703e-06  -5.01583411e-01] 5.73699315609e-06 -26.6564354995 -19.3043280351
438 5021 [ -5.01636729e-01  -0.00000000e+00  -3.85127703e-06  -5.01590471e-01] 5.43340161603e-06 -26.6597881973 -19.3673702688
439 5661 [ -5.01642944e-01  -0.00000000e+00  -3.85127703e-06  -5.01590471e-01] 6.67964785356e-06 -26.6569642014 -19.3632392372
440 4503 [ -5.01642944e-01  -0.00000000e+00  -3.85127703e-06  -5.01599081e-01] 5.33377696737e-06 -26.6553550544 -19.3077033064
441 5304 [ -5.01642944e-01  -0.00000000e+00  -3.85127703e-06  -5.01605818e-01] 6.22799920493e-06 -26.6571784079 -19.2875647875
442 4827 [ -5.01650698e-01  -0.00000000e+00  -3.85127703e-06  -5.01605818e-01] 6.2078942177e-06 -26.6558981201 -19.3302299391
443 4273 [ -5.01650698e-01  -0.00000000e+00  -3.85127703e-06  -5.01613521e-01] 5.18878461542e-06 -26.6561110114 -19.3560658453
444 5253 [ -5.01650698e-01  -0.00000000e+00  -3.85127703e-06  -5.01620011e-01] 5.81310438111e-06 -26.6564558961 -19.3423193156
445 5287 [ -5.01657585e-01  -0.00000000e+00  -3.85127703e-06  -5.01620011e-01] 6.2799626154e-06 -26.6584773836 -19.2422687102
446 4615 [ -5.01657585e-01  -0.00000000e+00  -3.85127703e-06  -5.01627538e-01] 6.52587777992e-06 -26.6564774304 -19.3191368004
447 3869 [ -5.01666778e-01  -0.00000000e+00  -3.85127703e-06  -5.01627538e-01] 4.56215992385e-06 -26.6567883458 -19.2201399564
448 5418 [ -5.01671899e-01  -0.00000000e+00  -3.85127703e-06  -5.01627538e-01] 6.37822118486e-06 -26.6582123377 -19.2665389507
449 4839 [ -5.01680234e-01  -0.00000000e+00  -3.85127703e-06  -5.01627538e-01] 6.51583556666e-06 -26.6591925 -19.2507487869
450 3993 [ -5.01680234e-01  -0.00000000e+00  -3.85127703e-06  -5.01636350e-01] 5.21314084064e-06 -26.656690491 -19.3500367567
451 4769 [ -5.01680234e-01  -0.00000000e+00  -3.85127703e-06  -5.01642920e-01] 5.90553465624e-06 -26.6567387569 -19.261666104
452 4570 [ -5.01687198e-01  -0.00000000e+00  -3.85127703e-06  -5.01642920e-01] 6.83428402077e-06 -26.6563840138 -19.260737018
453 3550 [ -5.01687198e-01  -0.00000000e+00  -3.85127703e-06  -5.01653015e-01] 4.84245042214e-06 -26.6577031907 -19.3951081775
454 4680 [ -5.01693282e-01  -0.00000000e+00  -3.85127703e-06  -5.01653015e-01] 6.23313012567e-06 -26.6579882935 -19.265771963
455 4069 [ -5.01693282e-01  -0.00000000e+00  -3.85127703e-06  -5.01660752e-01] 5.99928694394e-06 -26.6569023424 -19.3399109083
456 3977 [ -5.01701762e-01  -0.00000000e+00  -3.85127703e-06  -5.01660752e-01] 5.84440745535e-06 -26.6568974321 -19.3175538579
457 3952 [ -5.01709490e-01  -0.00000000e+00  -3.85127703e-06  -5.01660752e-01] 4.82861654395e-06 -26.6574956834 -19.3436538075
458 5172 [ -5.01709490e-01  -0.00000000e+00  -3.85127703e-06  -5.01666533e-01] 6.48295133098e-06 -26.6579674572 -19.1946195997
459 4321 [ -5.01717844e-01  -0.00000000e+00  -3.85127703e-06  -5.01666533e-01] 5.52482242098e-06 -26.6569829568 -19.3090645254
460 4649 [ -5.01724543e-01  -0.00000000e+00  -3.85127703e-06  -5.01666533e-01] 5.8501561729e-06 -26.6558366537 -19.4094534269
461 4776 [ -5.01724543e-01  -0.00000000e+00  -3.85127703e-06  -5.01674315e-01] 5.65437785831e-06 -26.6571359852 -19.2372335964
462 5129 [ -5.01731567e-01  -0.00000000e+00  -3.85127703e-06  -5.01674315e-01] 5.46554634365e-06 -26.6572067117 -19.3349429222
463 5788 [ -5.01737977e-01  -0.00000000e+00  -3.85127703e-06  -5.01674315e-01] 6.62729919695e-06 -26.6530481807 -19.3044647407
464 4634 [ -5.01737977e-01  -0.00000000e+00  -3.85127703e-06  -5.01682430e-01] 5.89688288345e-06 -26.6550289543 -19.2649048658
465 4607 [ -5.01737977e-01  -0.00000000e+00  -3.85127703e-06  -5.01689957e-01] 5.92087930235e-06 -26.6559401596 -19.2013290894
466 4798 [ -5.01737977e-01  -0.00000000e+00  -3.85127703e-06  -5.01698371e-01] 5.65158458477e-06 -26.6560657599 -19.2793836064
467 5211 [ -5.01737977e-01  -0.00000000e+00  -3.85127703e-06  -5.01705542e-01] 5.95935949253e-06 -26.6541416359 -19.3154795926
468 5077 [ -5.01745297e-01  -0.00000000e+00  -3.85127703e-06  -5.01705542e-01] 5.96762236559e-06 -26.6565798431 -19.2659282471
469 4802 [ -5.01745297e-01  -0.00000000e+00  -3.85127703e-06  -5.01712621e-01] 6.2267297204e-06 -26.655070627 -19.2687976838
470 4231 [ -5.01745297e-01  -0.00000000e+00  -3.85127703e-06  -5.01720282e-01] 5.2384452983e-06 -26.6527022985 -19.2724634909
471 5008 [ -5.01751814e-01  -0.00000000e+00  -3.85127703e-06  -5.01720282e-01] 6.50316882312e-06 -26.656718595 -19.3354955487
472 4258 [ -5.01760674e-01  -0.00000000e+00  -3.85127703e-06  -5.01720282e-01] 5.04308747727e-06 -26.6548646858 -19.2713343864
473 5250 [ -5.01760674e-01  -0.00000000e+00  -3.85127703e-06  -5.01726241e-01] 6.76371542791e-06 -26.6569192989 -19.4072821124
474 3937 [ -5.01760674e-01  -0.00000000e+00  -3.85127703e-06  -5.01735149e-01] 5.75615484446e-06 -26.6565263802 -19.365875605
475 4100 [ -5.01760674e-01  -0.00000000e+00  -3.85127703e-06  -5.01742987e-01] 5.99381614441e-06 -26.6546283828 -19.3093059961
476 4002 [ -5.01768939e-01  -0.00000000e+00  -3.85127703e-06  -5.01742987e-01] 5.43078954935e-06 -26.6565470498 -19.3548248005
477 4499 [ -5.01775955e-01  -0.00000000e+00  -3.85127703e-06  -5.01742987e-01] 5.54009738549e-06 -26.65554257 -19.2944251286
478 4742 [ -5.01782317e-01  -0.00000000e+00  -3.85127703e-06  -5.01742987e-01] 5.06965180483e-06 -26.6567083109 -19.3415245213
479 6072 [ -5.01788663e-01  -0.00000000e+00  -3.85127703e-06  -5.01742987e-01] 6.25727456017e-06 -26.6563993523 -19.2735187821
480 5528 [ -5.01788663e-01  -0.00000000e+00  -3.85127703e-06  -5.01750468e-01] 6.59462047953e-06 -26.6583566435 -19.3244469068
481 4584 [ -5.01797367e-01  -0.00000000e+00  -3.85127703e-06  -5.01750468e-01] 5.42969879614e-06 -26.6547427909 -19.351695159
482 5367 [ -5.01804393e-01  -0.00000000e+00  -3.85127703e-06  -5.01750468e-01] 6.44843560921e-06 -26.6556589362 -19.2824535633
483 4561 [ -5.01804393e-01  -0.00000000e+00  -3.85127703e-06  -5.01758937e-01] 6.43290453089e-06 -26.6588509921 -19.2476913189
484 3924 [ -5.01804393e-01  -0.00000000e+00  -3.85127703e-06  -5.01767872e-01] 5.65235850906e-06 -26.6554476771 -19.1850989627
485 4230 [ -5.01804393e-01  -0.00000000e+00  -3.85127703e-06  -5.01775397e-01] 5.40202501319e-06 -26.655082627 -19.4016909712
486 4850 [ -5.01804393e-01  -0.00000000e+00  -3.85127703e-06  -5.01782347e-01] 5.2194647629e-06 -26.6560617644 -19.2313190539
487 5747 [ -5.01804393e-01  -0.00000000e+00  -3.85127703e-06  -5.01788299e-01] 5.83855711749e-06 -26.6569094952 -19.260894866
488 5722 [ -5.01804393e-01  -0.00000000e+00  -3.85127703e-06  -5.01794920e-01] 6.27531559987e-06 -26.6588766842 -19.340677975
489 5198 [ -5.01804393e-01  -0.00000000e+00  -3.85127703e-06  -5.01802857e-01] 5.96732841655e-06 -26.6560059146 -19.3216900654
490 5102 [ -5.01811893e-01  -0.00000000e+00  -3.85127703e-06  -5.01802857e-01] 6.55976753745e-06 -26.6576493946 -19.3548446217
491 4250 [ -5.01820831e-01  -0.00000000e+00  -3.85127703e-06  -5.01802857e-01] 5.1637208106e-06 -26.6563488128 -19.3821914855
492 5063 [ -5.01820831e-01  -0.00000000e+00  -3.85127703e-06  -5.01808927e-01] 5.87356266391e-06 -26.6550947584 -19.3593740986
493 5096 [ -5.01820831e-01  -0.00000000e+00  -3.85127703e-06  -5.01816347e-01] 5.8847397322e-06 -26.6528073776 -19.357743056
494 5041 [ -5.01820831e-01  -0.00000000e+00  -3.85127703e-06  -5.01823509e-01] 6.05078672541e-06 -26.6563516907 -19.2867244747
495 4857 [ -5.01820831e-01  -0.00000000e+00  -3.85127703e-06  -5.01831240e-01] 5.65827467905e-06 -26.6585578315 -19.2413365796
496 5319 [ -5.01828308e-01  -0.00000000e+00  -3.85127703e-06  -5.01831240e-01] 5.6876306357e-06 -26.6553797212 -19.3252211499
497 5444 [ -5.01834633e-01  -0.00000000e+00  -3.85127703e-06  -5.01831240e-01] 6.37869531681e-06 -26.6559721957 -19.3090414087
498 4801 [ -5.01834633e-01  -0.00000000e+00  -3.85127703e-06  -5.01839360e-01] 5.93586711268e-06 -26.6546918703 -19.2798972677
499 4685 [ -5.01841977e-01  -0.00000000e+00  -3.85127703e-06  -5.01839360e-01] 6.18773699845e-06 -26.6543890543 -19.3142133289
500 4345 [ -5.01841977e-01  -0.00000000e+00  -3.85127703e-06  -5.01847641e-01] 5.82453784967e-06 -26.6573681566 -19.4492302299
501 4339 [ -5.01849397e-01  -0.00000000e+00  -3.85127703e-06  -5.01847641e-01] 5.05692330532e-06 -26.6576182144 -19.2493141806
502 5554 [ -5.01849397e-01  -0.00000000e+00  -3.85127703e-06  -5.01854091e-01] 5.80153417582e-06 -26.6551260163 -19.3171064648
503 5667 [ -5.01849397e-01  -0.00000000e+00  -3.85127703e-06  -5.01861063e-01] 6.54210380281e-06 -26.6537458223 -19.2861185542
504 4805 [ -5.01849397e-01  -0.00000000e+00  -3.85127703e-06  -5.01869623e-01] 5.63711228988e-06 -26.6559407857 -19.4324519649
505 4963 [ -5.01855784e-01  -0.00000000e+00  -3.85127703e-06  -5.01869623e-01] 5.79916335121e-06 -26.6575165987 -19.3422434765
506 5216 [ -5.01863408e-01  -0.00000000e+00  -3.85127703e-06  -5.01869623e-01] 6.48475356669e-06 -26.6545421967 -19.3619869028
507 4304 [ -5.01871354e-01  -0.00000000e+00  -3.85127703e-06  -5.01869623e-01] 5.1538757629e-06 -26.6562710511 -19.2859782108
508 5333 [ -5.01871354e-01  -0.00000000e+00  -3.85127703e-06  -5.01876065e-01] 6.0901659077e-06 -26.6558120879 -19.3581631244
509 4992 [ -5.01871354e-01  -0.00000000e+00  -3.85127703e-06  -5.01883607e-01] 6.06825232249e-06 -26.6562504884 -19.2936764392
510 4639 [ -5.01871354e-01  -0.00000000e+00  -3.85127703e-06  -5.01891196e-01] 6.30044980131e-06 -26.6549826196 -19.2408667462
511 4031 [ -5.01871354e-01  -0.00000000e+00  -3.85127703e-06  -5.01899309e-01] 5.79990436112e-06 -26.6572198149 -19.1800550794
512 4099 [ -5.01871354e-01  -0.00000000e+00  -3.85127703e-06  -5.01907120e-01] 5.78522231825e-06 -26.6545674452 -19.2049331414
513 4082 [ -5.01871354e-01  -0.00000000e+00  -3.85127703e-06  -5.01914489e-01] 5.57974186575e-06 -26.6523828997 -19.4116264515
514 4328 [ -5.01878265e-01  -0.00000000e+00  -3.85127703e-06  -5.01914489e-01] 5.14798641392e-06 -26.6559275006 -19.2448817563
515 5265 [ -5.01878265e-01  -0.00000000e+00  -3.85127703e-06  -5.01920513e-01] 6.41587904151e-06 -26.6549608982 -19.3116852679
516 4703 [ -5.01878265e-01  -0.00000000e+00  -3.85127703e-06  -5.01929587e-01] 6.06571835971e-06 -26.6530264226 -19.340244116
517 4434 [ -5.01878265e-01  -0.00000000e+00  -3.85127703e-06  -5.01937509e-01] 5.32135206815e-06 -26.6557937747 -19.2778137685
518 5101 [ -5.01878265e-01  -0.00000000e+00  -3.85127703e-06  -5.01943865e-01] 6.31674953601e-06 -26.6537860514 -19.2247862431
519 4405 [ -5.01878265e-01  -0.00000000e+00  -3.85127703e-06  -5.01951619e-01] 5.37634325122e-06 -26.6579917177 -19.2675169317
520 5019 [ -5.01884829e-01  -0.00000000e+00  -3.85127703e-06  -5.01951619e-01] 6.07448750265e-06 -26.6539110016 -19.341024601
521 4722 [ -5.01884829e-01  -0.00000000e+00  -3.85127703e-06  -5.01959042e-01] 5.63021206698e-06 -26.6512492074 -19.317672378
522 4896 [ -5.01884829e-01  -0.00000000e+00  -3.85127703e-06  -5.01965463e-01] 5.93014211782e-06 -26.655589949 -19.3219997675
523 4976 [ -5.01884829e-01  -0.00000000e+00  -3.85127703e-06  -5.01973267e-01] 6.36232835079e-06 -26.6528919283 -19.327557975
524 4163 [ -5.01892640e-01  -0.00000000e+00  -3.85127703e-06  -5.01973267e-01] 4.88709720797e-06 -26.6554121334 -19.3396114304
525 5406 [ -5.01898227e-01  -0.00000000e+00  -3.85127703e-06  -5.01973267e-01] 6.36864603254e-06 -26.6553421442 -19.2473317383
526 4620 [ -5.01898227e-01  -0.00000000e+00  -3.85127703e-06  -5.01980822e-01] 5.56014412989e-06 -26.6538878515 -19.333775977
527 4979 [ -5.01904802e-01  -0.00000000e+00  -3.85127703e-06  -5.01980822e-01] 5.8212987551e-06 -26.656450437 -19.2133194018
528 4932 [ -5.01911700e-01  -0.00000000e+00  -3.85127703e-06  -5.01980822e-01] 5.44883878658e-06 -26.6559515307 -19.295297505
529 5625 [ -5.01911700e-01  -0.00000000e+00  -3.85127703e-06  -5.01987495e-01] 7.13360482387e-06 -26.6548673095 -19.2725376558
530 3869 [ -5.01921406e-01  -0.00000000e+00  -3.85127703e-06  -5.01987495e-01] 4.31862611458e-06 -26.6530713826 -19.3986820156
531 5805 [ -5.01921406e-01  -0.00000000e+00  -3.85127703e-06  -5.01992291e-01] 6.75537983014e-06 -26.657505945 -19.2948817542
532 4473 [ -5.01930078e-01  -0.00000000e+00  -3.85127703e-06  -5.01992291e-01] 5.8650590763e-06 -26.6530692591 -19.3816492671
533 4420 [ -5.01937586e-01  -0.00000000e+00  -3.85127703e-06  -5.01992291e-01] 5.08288063283e-06 -26.6557215556 -19.3826340222
534 5576 [ -5.01944014e-01  -0.00000000e+00  -3.85127703e-06  -5.01992291e-01] 6.32684392534e-06 -26.6549759232 -19.3240229494
535 5002 [ -5.01944014e-01  -0.00000000e+00  -3.85127703e-06  -5.02000232e-01] 5.51832063493e-06 -26.6555857042 -19.2991626791
536 5648 [ -5.01944014e-01  -0.00000000e+00  -3.85127703e-06  -5.02006833e-01] 6.14511164383e-06 -26.6549588071 -19.3202175121
537 5334 [ -5.01951481e-01  -0.00000000e+00  -3.85127703e-06  -5.02006833e-01] 5.80724510818e-06 -26.6531717221 -19.3694887677
538 5663 [ -5.01958860e-01  -0.00000000e+00  -3.85127703e-06  -5.02006833e-01] 6.16420558104e-06 -26.6558348795 -19.3541434504
539 5150 [ -5.01958860e-01  -0.00000000e+00  -3.85127703e-06  -5.02014090e-01] 6.27428228244e-06 -26.6526685454 -19.3666418477
540 4567 [ -5.01966669e-01  -0.00000000e+00  -3.85127703e-06  -5.02014090e-01] 5.60512495648e-06 -26.6552324785 -19.3039244903
541 4880 [ -5.01966669e-01  -0.00000000e+00  -3.85127703e-06  -5.02020824e-01] 5.68297341179e-06 -26.6556120469 -19.3404211933
542 5186 [ -5.01973561e-01  -0.00000000e+00  -3.85127703e-06  -5.02020824e-01] 6.42113969151e-06 -26.6570921574 -19.3314367374
543 4435 [ -5.01981999e-01  -0.00000000e+00  -3.85127703e-06  -5.02020824e-01] 5.90596464094e-06 -26.6571279421 -19.2791088724
544 4200 [ -5.01989322e-01  -0.00000000e+00  -3.85127703e-06  -5.02020824e-01] 5.67919784889e-06 -26.6553289981 -19.2405482281
545 4372 [ -5.01989322e-01  -0.00000000e+00  -3.85127703e-06  -5.02028064e-01] 5.56178246363e-06 -26.6579772867 -19.2972526692
546 4738 [ -5.01996082e-01  -0.00000000e+00  -3.85127703e-06  -5.02028064e-01] 5.8014539499e-06 -26.6552360469 -19.3161400403
547 4933 [ -5.01996082e-01  -0.00000000e+00  -3.85127703e-06  -5.02035582e-01] 6.3562856717e-06 -26.6557652861 -19.2472925239
548 4360 [ -5.01996082e-01  -0.00000000e+00  -3.85127703e-06  -5.02044162e-01] 6.14442912685e-06 -26.6559197828 -19.347755625
549 4084 [ -5.01996082e-01  -0.00000000e+00  -3.85127703e-06  -5.02052634e-01] 4.99376081817e-06 -26.6549110834 -19.3202187647
550 5192 [ -5.02002406e-01  -0.00000000e+00  -3.85127703e-06  -5.02052634e-01] 5.79315053492e-06 -26.6557639533 -19.2770325163
551 5448 [ -5.02009596e-01  -0.00000000e+00  -3.85127703e-06  -5.02052634e-01] 6.41998350712e-06 -26.6551691566 -19.4136370225
552 4606 [ -5.02009596e-01  -0.00000000e+00  -3.85127703e-06  -5.02060748e-01] 6.09900940281e-06 -26.651854686 -19.4017737169
553 4366 [ -5.02017793e-01  -0.00000000e+00  -3.85127703e-06  -5.02060748e-01] 6.10064689102e-06 -26.6551348447 -19.2377668028
554 4123 [ -5.02017793e-01  -0.00000000e+00  -3.85127703e-06  -5.02068936e-01] 5.90211525894e-06 -26.6546763556 -19.2334172533
555 4121 [ -5.02017793e-01  -0.00000000e+00  -3.85127703e-06  -5.02077046e-01] 5.62446247703e-06 -26.6560838428 -19.3100987817
556 4262 [ -5.02024577e-01  -0.00000000e+00  -3.85127703e-06  -5.02077046e-01] 5.52588826404e-06 -26.6558945329 -19.2786373953
557 4699 [ -5.02031706e-01  -0.00000000e+00  -3.85127703e-06  -5.02077046e-01] 5.22607008544e-06 -26.6537765328 -19.3912198005
558 5506 [ -5.02037648e-01  -0.00000000e+00  -3.85127703e-06  -5.02077046e-01] 6.42089348632e-06 -26.6537730584 -19.2886305033
559 4647 [ -5.02045609e-01  -0.00000000e+00  -3.85127703e-06  -5.02077046e-01] 5.29516746201e-06 -26.6574911421 -19.265603027
560 5344 [ -5.02051682e-01  -0.00000000e+00  -3.85127703e-06  -5.02077046e-01] 6.53993467392e-06 -26.6527444625 -19.2632170965
561 4377 [ -5.02051682e-01  -0.00000000e+00  -3.85127703e-06  -5.02085305e-01] 4.80822007229e-06 -26.6544632085 -19.2567224295
562 5821 [ -5.02051682e-01  -0.00000000e+00  -3.85127703e-06  -5.02090730e-01] 6.62203732266e-06 -26.652759581 -19.3245776691
563 4848 [ -5.02051682e-01  -0.00000000e+00  -3.85127703e-06  -5.02099431e-01] 6.22359408715e-06 -26.6542119308 -19.256481227
564 4231 [ -5.02059380e-01  -0.00000000e+00  -3.85127703e-06  -5.02099431e-01] 5.30133748991e-06 -26.6551615873 -19.257588978
565 4860 [ -5.02059380e-01  -0.00000000e+00  -3.85127703e-06  -5.02105650e-01] 6.28491970916e-06 -26.6530240886 -19.3565571676
566 4391 [ -5.02068147e-01  -0.00000000e+00  -3.85127703e-06  -5.02105650e-01] 5.6096374119e-06 -26.6537254098 -19.3020064967
567 4730 [ -5.02075250e-01  -0.00000000e+00  -3.85127703e-06  -5.02105650e-01] 4.23834365006e-06 -26.6537189143 -19.2715163995
568 7406 [ -5.02079914e-01  -0.00000000e+00  -3.85127703e-06  -5.02105650e-01] 7.15493271457e-06 -26.6520904694 -19.3448251391
569 5201 [ -5.02088634e-01  -0.00000000e+00  -3.85127703e-06  -5.02105650e-01] 5.14687577165e-06 -26.6523682626 -19.3181880124
570 6338 [ -5.02094281e-01  -0.00000000e+00  -3.85127703e-06  -5.02105650e-01] 6.83342580405e-06 -26.6535503118 -19.3255605697
571 4866 [ -5.02102907e-01  -0.00000000e+00  -3.85127703e-06  -5.02105650e-01] 7.06304527775e-06 -26.6550585595 -19.33677448
572 3482 [ -5.02102907e-01  -0.00000000e+00  -3.85127703e-06  -5.02115935e-01] 5.29656817394e-06 -26.6525896421 -19.1920922317
573 4050 [ -5.02109974e-01  -0.00000000e+00  -3.85127703e-06  -5.02115935e-01] 4.59791711029e-06 -26.6551704719 -19.3715804579
574 5623 [ -5.02109974e-01  -0.00000000e+00  -3.85127703e-06  -5.02121206e-01] 6.37137658655e-06 -26.6557547447 -19.2471378246
575 5072 [ -5.02109974e-01  -0.00000000e+00  -3.85127703e-06  -5.02129493e-01] 6.21784589664e-06 -26.6498332483 -19.2924489592
576 4661 [ -5.02109974e-01  -0.00000000e+00  -3.85127703e-06  -5.02137553e-01] 5.92673177964e-06 -26.6523076687 -19.1822921815
577 4635 [ -5.02109974e-01  -0.00000000e+00  -3.85127703e-06  -5.02145362e-01] 5.46275110915e-06 -26.6555825338 -19.2841196406
578 5141 [ -5.02109974e-01  -0.00000000e+00  -3.85127703e-06  -5.02151824e-01] 5.54568741569e-06 -26.6530793745 -19.2722474215
579 5751 [ -5.02109974e-01  -0.00000000e+00  -3.85127703e-06  -5.02158576e-01] 6.44731669089e-06 -26.6556062426 -19.2778942426
580 4834 [ -5.02117833e-01  -0.00000000e+00  -3.85127703e-06  -5.02158576e-01] 5.3764460775e-06 -26.6515476687 -19.3430913719
581 5709 [ -5.02117833e-01  -0.00000000e+00  -3.85127703e-06  -5.02165241e-01] 5.87538538579e-06 -26.6534136722 -19.2927107276
582 5773 [ -5.02124704e-01  -0.00000000e+00  -3.85127703e-06  -5.02165241e-01] 6.54688812098e-06 -26.6518083671 -19.3240299533
583 4789 [ -5.02132842e-01  -0.00000000e+00  -3.85127703e-06  -5.02165241e-01] 6.57669512583e-06 -26.6536809106 -19.3419609143
584 3942 [ -5.02141873e-01  -0.00000000e+00  -3.85127703e-06  -5.02165241e-01] 4.66908865064e-06 -26.6551670793 -19.188168785
585 5335 [ -5.02147111e-01  -0.00000000e+00  -3.85127703e-06  -5.02165241e-01] 6.67161786258e-06 -26.6521612468 -19.2863312164
586 4132 [ -5.02147111e-01  -0.00000000e+00  -3.85127703e-06  -5.02173750e-01] 5.43533209831e-06 -26.6531567857 -19.3417203065
587 4648 [ -5.02147111e-01  -0.00000000e+00  -3.85127703e-06  -5.02180588e-01] 5.81701612742e-06 -26.6524975743 -19.2834300392
588 4632 [ -5.02147111e-01  -0.00000000e+00  -3.85127703e-06  -5.02187639e-01] 5.84897482615e-06 -26.6548927919 -19.2548341528
589 4700 [ -5.02154696e-01  -0.00000000e+00  -3.85127703e-06  -5.02187639e-01] 5.43130708399e-06 -26.6522628769 -19.3071698237
590 5375 [ -5.02154696e-01  -0.00000000e+00  -3.85127703e-06  -5.02194314e-01] 6.29137383838e-06 -26.6528045984 -19.2303624241
591 4975 [ -5.02162886e-01  -0.00000000e+00  -3.85127703e-06  -5.02194314e-01] 5.43217488439e-06 -26.6536108836 -19.3391505515
592 5511 [ -5.02162886e-01  -0.00000000e+00  -3.85127703e-06  -5.02200582e-01] 5.82687779434e-06 -26.6548517593 -19.345693113
593 5534 [ -5.02162886e-01  -0.00000000e+00  -3.85127703e-06  -5.02207274e-01] 6.04542704759e-06 -26.6533599971 -19.2999894834
594 5329 [ -5.02170286e-01  -0.00000000e+00  -3.85127703e-06  -5.02207274e-01] 6.14611439917e-06 -26.6532197941 -19.2791925413
595 5013 [ -5.02170286e-01  -0.00000000e+00  -3.85127703e-06  -5.02215091e-01] 6.20116934331e-06 -26.6532770233 -19.2627742303
596 4526 [ -5.02178219e-01  -0.00000000e+00  -3.85127703e-06  -5.02215091e-01] 5.9790382115e-06 -26.652258313 -19.2894125567
597 4418 [ -5.02186232e-01  -0.00000000e+00  -3.85127703e-06  -5.02215091e-01] 5.67028256697e-06 -26.6535830536 -19.3432305895
598 4565 [ -5.02186232e-01  -0.00000000e+00  -3.85127703e-06  -5.02222101e-01] 5.51999831394e-06 -26.6517433615 -19.3736829201
599 4928 [ -5.02193001e-01  -0.00000000e+00  -3.85127703e-06  -5.02222101e-01] 6.27432313922e-06 -26.654478917 -19.3621690681
600 4419 [ -5.02193001e-01  -0.00000000e+00  -3.85127703e-06  -5.02230528e-01] 5.33860700389e-06 -26.6561976274 -19.4120349322
601 5145 [ -5.02193001e-01  -0.00000000e+00  -3.85127703e-06  -5.02237236e-01] 5.71255563426e-06 -26.6542075015 -19.2600714972
602 5502 [ -5.02193001e-01  -0.00000000e+00  -3.85127703e-06  -5.02244285e-01] 5.7143818618e-06 -26.6559651878 -19.2834996058
603 5845 [ -5.02199683e-01  -0.00000000e+00  -3.85127703e-06  -5.02244285e-01] 5.78835027566e-06 -26.6527323329 -19.3099598595
604 5944 [ -5.02206190e-01  -0.00000000e+00  -3.85127703e-06  -5.02244285e-01] 6.49829547179e-06 -26.6549555816 -19.3661283974
605 4876 [ -5.02206190e-01  -0.00000000e+00  -3.85127703e-06  -5.02252180e-01] 5.78863438145e-06 -26.6531039304 -19.200236114
606 4864 [ -5.02206190e-01  -0.00000000e+00  -3.85127703e-06  -5.02258887e-01] 5.9721725477e-06 -26.6528116945 -19.3142533348
607 4783 [ -5.02213839e-01  -0.00000000e+00  -3.85127703e-06  -5.02258887e-01] 5.82717600999e-06 -26.6530311192 -19.3348461988
608 4898 [ -5.02221223e-01  -0.00000000e+00  -3.85127703e-06  -5.02258887e-01] 6.17482309221e-06 -26.6538116243 -19.2960753727
609 4618 [ -5.02221223e-01  -0.00000000e+00  -3.85127703e-06  -5.02267098e-01] 5.39403380926e-06 -26.654369511 -19.2452628836
610 5176 [ -5.02227425e-01  -0.00000000e+00  -3.85127703e-06  -5.02267098e-01] 5.88813104974e-06 -26.654374247 -19.2561996716
611 5147 [ -5.02227425e-01  -0.00000000e+00  -3.85127703e-06  -5.02274303e-01] 5.35843385552e-06 -26.6538097939 -19.3184605891
612 6120 [ -5.02227425e-01  -0.00000000e+00  -3.85127703e-06  -5.02280949e-01] 7.04023880957e-06 -26.6542938468 -19.2965080094
613 4428 [ -5.02236635e-01  -0.00000000e+00  -3.85127703e-06  -5.02280949e-01] 5.30673536295e-06 -26.6515040267 -19.3523248255
614 5126 [ -5.02242874e-01  -0.00000000e+00  -3.85127703e-06  -5.02280949e-01] 5.4274307512e-06 -26.6562196477 -19.3521693881
615 5842 [ -5.02242874e-01  -0.00000000e+00  -3.85127703e-06  -5.02287336e-01] 5.76938976276e-06 -26.65610537 -19.2662013443
616 6123 [ -5.02249361e-01  -0.00000000e+00  -3.85127703e-06  -5.02287336e-01] 6.89735343334e-06 -26.6528160052 -19.2837798978
617 4505 [ -5.02249361e-01  -0.00000000e+00  -3.85127703e-06  -5.02295926e-01] 5.46212773105e-06 -26.6541761985 -19.2594942687
618 5025 [ -5.02249361e-01  -0.00000000e+00  -3.85127703e-06  -5.02302486e-01] 6.51878313817e-06 -26.6541123355 -19.4526621728
619 4115 [ -5.02258043e-01  -0.00000000e+00  -3.85127703e-06  -5.02302486e-01] 5.7285749296e-06 -26.6529717192 -19.3900155456
620 4356 [ -5.02265886e-01  -0.00000000e+00  -3.85127703e-06  -5.02302486e-01] 5.39399539272e-06 -26.652672891 -19.3298322935
621 4912 [ -5.02272356e-01  -0.00000000e+00  -3.85127703e-06  -5.02302486e-01] 6.48069119129e-06 -26.6556793328 -19.3264557397
622 4107 [ -5.02272356e-01  -0.00000000e+00  -3.85127703e-06  -5.02311083e-01] 5.60686212377e-06 -26.6530398349 -19.2847692274
623 4416 [ -5.02272356e-01  -0.00000000e+00  -3.85127703e-06  -5.02318415e-01] 5.07760128653e-06 -26.6537320748 -19.3154269361
624 5524 [ -5.02278480e-01  -0.00000000e+00  -3.85127703e-06  -5.02318415e-01] 6.56136422068e-06 -26.6532418358 -19.3398657352
625 4405 [ -5.02278480e-01  -0.00000000e+00  -3.85127703e-06  -5.02326326e-01] 5.36761179819e-06 -26.6535815642 -19.2884226169
626 5004 [ -5.02278480e-01  -0.00000000e+00  -3.85127703e-06  -5.02332699e-01] 6.72248104562e-06 -26.6538324009 -19.3127036633
627 3994 [ -5.02278480e-01  -0.00000000e+00  -3.85127703e-06  -5.02342189e-01] 5.70085577605e-06 -26.6547745465 -19.3170561541
628 4242 [ -5.02286353e-01  -0.00000000e+00  -3.85127703e-06  -5.02342189e-01] 5.29052502992e-06 -26.6534882104 -19.2281168311
629 4779 [ -5.02292328e-01  -0.00000000e+00  -3.85127703e-06  -5.02342189e-01] 6.04377290585e-06 -26.6534291228 -19.3476447152
630 4453 [ -5.02292328e-01  -0.00000000e+00  -3.85127703e-06  -5.02349817e-01] 5.24655068852e-06 -26.6536483351 -19.3214509111
631 5297 [ -5.02298527e-01  -0.00000000e+00  -3.85127703e-06  -5.02349817e-01] 5.7666946782e-06 -26.6529459045 -19.3507092114
632 5505 [ -5.02298527e-01  -0.00000000e+00  -3.85127703e-06  -5.02356613e-01] 6.21681772056e-06 -26.6534307543 -19.3359816256
633 4986 [ -5.02306027e-01  -0.00000000e+00  -3.85127703e-06  -5.02356613e-01] 6.06740419507e-06 -26.6536556748 -19.3137349498
634 4777 [ -5.02313888e-01  -0.00000000e+00  -3.85127703e-06  -5.02356613e-01] 5.74540203481e-06 -26.6499825443 -19.3318610201
635 4949 [ -5.02320955e-01  -0.00000000e+00  -3.85127703e-06  -5.02356613e-01] 5.84509283135e-06 -26.6533492917 -19.2570025696
636 5031 [ -5.02328512e-01  -0.00000000e+00  -3.85127703e-06  -5.02356613e-01] 6.56315087705e-06 -26.649930306 -19.2482416439
637 4097 [ -5.02328512e-01  -0.00000000e+00  -3.85127703e-06  -5.02365178e-01] 4.78802615094e-06 -26.6541948905 -19.3805950842
638 5421 [ -5.02334337e-01  -0.00000000e+00  -3.85127703e-06  -5.02365178e-01] 6.26140819365e-06 -26.653203209 -19.2835290299
639 4900 [ -5.02334337e-01  -0.00000000e+00  -3.85127703e-06  -5.02372934e-01] 5.8032890573e-06 -26.6537120932 -19.3785489269
640 5045 [ -5.02341702e-01  -0.00000000e+00  -3.85127703e-06  -5.02372934e-01] 6.78145573136e-06 -26.6524257041 -19.2891203665
641 3958 [ -5.02351099e-01  -0.00000000e+00  -3.85127703e-06  -5.02372934e-01] 5.37793092315e-06 -26.6528596989 -19.2907411148
642 4568 [ -5.02351099e-01  -0.00000000e+00  -3.85127703e-06  -5.02380190e-01] 5.69973322416e-06 -26.6501907026 -19.1907245296
643 4746 [ -5.02358104e-01  -0.00000000e+00  -3.85127703e-06  -5.02380190e-01] 5.80880396835e-06 -26.6546665824 -19.2534003259
644 4863 [ -5.02358104e-01  -0.00000000e+00  -3.85127703e-06  -5.02387455e-01] 5.3223446831e-06 -26.6513370964 -19.3514058847
645 5401 [ -5.02363756e-01  -0.00000000e+00  -3.85127703e-06  -5.02387455e-01] 6.06217642758e-06 -26.651473902 -19.2509542034
646 5090 [ -5.02370954e-01  -0.00000000e+00  -3.85127703e-06  -5.02387455e-01] 5.79127275924e-06 -26.6527663509 -19.3445706831
647 5205 [ -5.02370954e-01  -0.00000000e+00  -3.85127703e-06  -5.02394376e-01] 5.7075554971e-06 -26.6541319701 -19.219175057
648 5429 [ -5.02370954e-01  -0.00000000e+00  -3.85127703e-06  -5.02400920e-01] 6.17187336385e-06 -26.6546064835 -19.3162925899
649 5006 [ -5.02378696e-01  -0.00000000e+00  -3.85127703e-06  -5.02400920e-01] 6.03364503843e-06 -26.652042972 -19.1835806318
650 4650 [ -5.02385678e-01  -0.00000000e+00  -3.85127703e-06  -5.02400920e-01] 5.56810031434e-06 -26.6504394158 -19.4038102477
651 4923 [ -5.02385678e-01  -0.00000000e+00  -3.85127703e-06  -5.02407393e-01] 5.92070571539e-06 -26.6538651123 -19.2391562948
652 4765 [ -5.02392756e-01  -0.00000000e+00  -3.85127703e-06  -5.02407393e-01] 6.35494220269e-06 -26.6523208605 -19.3002927083
653 4197 [ -5.02392756e-01  -0.00000000e+00  -3.85127703e-06  -5.02416062e-01] 5.82876724153e-06 -26.6537308323 -19.265381673
654 4287 [ -5.02400742e-01  -0.00000000e+00  -3.85127703e-06  -5.02416062e-01] 5.87742106289e-06 -26.6511822405 -19.3684373834
655 4332 [ -5.02408720e-01  -0.00000000e+00  -3.85127703e-06  -5.02416062e-01] 5.81185074548e-06 -26.6509577097 -19.3688315895
656 4455 [ -5.02416595e-01  -0.00000000e+00  -3.85127703e-06  -5.02416062e-01] 5.75491797541e-06 -26.6517781435 -19.3263846265
657 4627 [ -5.02416595e-01  -0.00000000e+00  -3.85127703e-06  -5.02423224e-01] 6.47655468577e-06 -26.6533423337 -19.3046266222
658 3852 [ -5.02416595e-01  -0.00000000e+00  -3.85127703e-06  -5.02432179e-01] 4.26847078262e-06 -26.654687404 -19.3784124561
659 5810 [ -5.02416595e-01  -0.00000000e+00  -3.85127703e-06  -5.02436892e-01] 6.16980067179e-06 -26.653155467 -19.3059285645
660 5455 [ -5.02424210e-01  -0.00000000e+00  -3.85127703e-06  -5.02436892e-01] 5.6415115458e-06 -26.6527958577 -19.3237245837
661 5662 [ -5.02424210e-01  -0.00000000e+00  -3.85127703e-06  -5.02443064e-01] 5.88746721282e-06 -26.6538553688 -19.3166598693
662 5744 [ -5.02431221e-01  -0.00000000e+00  -3.85127703e-06  -5.02443064e-01] 6.95819473313e-06 -26.6525426358 -19.2913067365
663 4224 [ -5.02431221e-01  -0.00000000e+00  -3.85127703e-06  -5.02452211e-01] 4.73740011999e-06 -26.6522932932 -19.2666966742
664 5700 [ -5.02431221e-01  -0.00000000e+00  -3.85127703e-06  -5.02457627e-01] 6.54646514944e-06 -26.6501280561 -19.2376922088
665 4713 [ -5.02439250e-01  -0.00000000e+00  -3.85127703e-06  -5.02457627e-01] 6.0898884478e-06 -26.6536754065 -19.3538462135
666 4400 [ -5.02447137e-01  -0.00000000e+00  -3.85127703e-06  -5.02457627e-01] 5.94016347879e-06 -26.6543176317 -19.3317940134
667 4289 [ -5.02447137e-01  -0.00000000e+00  -3.85127703e-06  -5.02465365e-01] 5.82061168792e-06 -26.6519394616 -19.3217868862
668 4383 [ -5.02455010e-01  -0.00000000e+00  -3.85127703e-06  -5.02465365e-01] 5.90451711862e-06 -26.6531926905 -19.2365823305
669 4258 [ -5.02462725e-01  -0.00000000e+00  -3.85127703e-06  -5.02465365e-01] 5.83613002954e-06 -26.6514524744 -19.2143114869
670 4290 [ -5.02470468e-01  -0.00000000e+00  -3.85127703e-06  -5.02465365e-01] 4.69276888057e-06 -26.6529155807 -19.2921834945
671 5898 [ -5.02470468e-01  -0.00000000e+00  -3.85127703e-06  -5.02470709e-01] 6.70481576222e-06 -26.6508620243 -19.3536681572
672 4622 [ -5.02478924e-01  -0.00000000e+00  -3.85127703e-06  -5.02470709e-01] 6.01468482609e-06 -26.6529552717 -19.2786011877
673 4388 [ -5.02478924e-01  -0.00000000e+00  -3.85127703e-06  -5.02478357e-01] 5.67877863433e-06 -26.6540374094 -19.255631316
674 4553 [ -5.02478924e-01  -0.00000000e+00  -3.85127703e-06  -5.02485637e-01] 5.75253079819e-06 -26.6544302894 -19.1991367881
675 4702 [ -5.02478924e-01  -0.00000000e+00  -3.85127703e-06  -5.02492808e-01] 5.0049391635e-06 -26.652613316 -19.3335767188
676 5992 [ -5.02484639e-01  -0.00000000e+00  -3.85127703e-06  -5.02492808e-01] 6.45684340625e-06 -26.6506683655 -19.2868939932
677 5075 [ -5.02484639e-01  -0.00000000e+00  -3.85127703e-06  -5.02500717e-01] 6.27501133781e-06 -26.6505603583 -19.3124252024
678 4507 [ -5.02484639e-01  -0.00000000e+00  -3.85127703e-06  -5.02508681e-01] 5.82286830068e-06 -26.6522864872 -19.2468479433
679 4627 [ -5.02484639e-01  -0.00000000e+00  -3.85127703e-06  -5.02516378e-01] 5.79427293301e-06 -26.6538073342 -19.2936951408
680 4840 [ -5.02492450e-01  -0.00000000e+00  -3.85127703e-06  -5.02516378e-01] 5.64893156107e-06 -26.6524790573 -19.34636926
681 5330 [ -5.02500033e-01  -0.00000000e+00  -3.85127703e-06  -5.02516378e-01] 5.84787036177e-06 -26.6505059903 -19.2784726074
682 5411 [ -5.02507024e-01  -0.00000000e+00  -3.85127703e-06  -5.02516378e-01] 6.06445170095e-06 -26.6497813591 -19.32936729
683 5222 [ -5.02507024e-01  -0.00000000e+00  -3.85127703e-06  -5.02523907e-01] 5.79255463719e-06 -26.6504408223 -19.2741963326
684 5200 [ -5.02513531e-01  -0.00000000e+00  -3.85127703e-06  -5.02523907e-01] 6.33234757421e-06 -26.6526415531 -19.3281022646
685 4650 [ -5.02521804e-01  -0.00000000e+00  -3.85127703e-06  -5.02523907e-01] 5.87406885914e-06 -26.6539107813 -19.3346458329
686 4541 [ -5.02529042e-01  -0.00000000e+00  -3.85127703e-06  -5.02523907e-01] 6.44670238395e-06 -26.6519727025 -19.2006596482
687 3875 [ -5.02538062e-01  -0.00000000e+00  -3.85127703e-06  -5.02523907e-01] 5.26360681189e-06 -26.6529580156 -19.3024171793
688 4458 [ -5.02538062e-01  -0.00000000e+00  -3.85127703e-06  -5.02530328e-01] 4.82043147206e-06 -26.6495693681 -19.3570092213
689 5916 [ -5.02538062e-01  -0.00000000e+00  -3.85127703e-06  -5.02535734e-01] 6.45400089652e-06 -26.6506452408 -19.2496226709
690 4947 [ -5.02538062e-01  -0.00000000e+00  -3.85127703e-06  -5.02543219e-01] 5.85910972907e-06 -26.6532442883 -19.2732444554
691 4930 [ -5.02538062e-01  -0.00000000e+00  -3.85127703e-06  -5.02550265e-01] 6.01393421879e-06 -26.6497818104 -19.296091047
692 4477 [ -5.02538062e-01  -0.00000000e+00  -3.85127703e-06  -5.02557206e-01] 5.21250886169e-06 -26.6521293665 -19.3075155045
693 5473 [ -5.02538062e-01  -0.00000000e+00  -3.85127703e-06  -5.02563728e-01] 5.89098825372e-06 -26.6510543818 -19.3357531058
694 5390 [ -5.02545077e-01  -0.00000000e+00  -3.85127703e-06  -5.02563728e-01] 5.64088056585e-06 -26.6494636858 -19.3304939951
695 5963 [ -5.02545077e-01  -0.00000000e+00  -3.85127703e-06  -5.02570887e-01] 6.30733181284e-06 -26.6517118905 -19.2762739
696 5351 [ -5.02552718e-01  -0.00000000e+00  -3.85127703e-06  -5.02570887e-01] 6.61396249815e-06 -26.6524312594 -19.2779355624
697 4465 [ -5.02552718e-01  -0.00000000e+00  -3.85127703e-06  -5.02579974e-01] 5.56516926757e-06 -26.6514038622 -19.3554105332
