100 100000 0.95 gpomdp sample_bernstein 30000000

1 100 [ 0.  0.  0.  0.] 1.36073126966e-06 -113.331484416 -25.0561766931
2 344 [ -1.37381582e-05   0.00000000e+00   0.00000000e+00   0.00000000e+00] 5.1804358553e-06 -113.316003895 -24.6896705929
3 452 [ -6.29090052e-05   0.00000000e+00   0.00000000e+00   0.00000000e+00] 6.88370840919e-06 -113.284183425 -24.3103780071
4 390 [ -6.29090052e-05   0.00000000e+00   0.00000000e+00  -7.09039255e-05] 6.13072294849e-06 -113.196377444 -24.1836074063
5 412 [ -1.23929829e-04   0.00000000e+00   0.00000000e+00  -7.09039255e-05] 7.10071002566e-06 -113.154095831 -23.9984077784
6 334 [-0.00012393  0.          0.         -0.00014248] 5.18712519214e-06 -113.098972266 -24.4042079078
7 445 [-0.00012393  0.          0.         -0.00019632] 6.49443371006e-06 -113.038060054 -24.6560442822
8 425 [-0.00018731  0.          0.         -0.00019632] 7.14654731187e-06 -112.982161533 -23.9332136352
9 342 [-0.00026478  0.          0.         -0.00019632] 5.49698632149e-06 -112.911016649 -24.5713788139
10 416 [-0.00026478  0.          0.         -0.00024996] 6.80062402561e-06 -112.863030032 -24.3039995724
11 373 [-0.00033598  0.          0.         -0.00024996] 5.64519848697e-06 -112.795683381 -24.622525399
12 443 [-0.000395    0.          0.         -0.00024996] 7.42802352905e-06 -112.732256828 -24.033599117
13 330 [-0.000395   0.         0.        -0.0003343] 4.64998251741e-06 -112.645919896 -24.379360636
14 499 [-0.00043832  0.          0.         -0.0003343 ] 7.12871876968e-06 -112.622454965 -24.5600815657
15 403 [-0.00050499  0.          0.         -0.0003343 ] 5.7097282821e-06 -112.554848569 -24.3623868055
16 473 [-0.00050499  0.          0.         -0.00039238] 6.44028934796e-06 -112.512289762 -24.2600904521
17 460 [-0.00050499  0.          0.         -0.00045654] 6.79215418764e-06 -112.438218598 -24.285154861
18 415 [-0.00057375  0.          0.         -0.00045654] 5.80574072808e-06 -112.370003288 -24.1517930155
19 478 [-0.00062516  0.          0.         -0.00045654] 5.73817462748e-06 -112.32754148 -24.2783808323
20 572 [-0.00062516  0.          0.         -0.00051064] 6.6742439028e-06 -112.297094769 -24.4206713309
21 533 [-0.00062516  0.          0.         -0.00057241] 5.71255057528e-06 -112.230906104 -24.459689736
22 647 [-0.00067777  0.          0.         -0.00057241] 8.13111930325e-06 -112.187678239 -24.5871240697
23 397 [-0.00075783  0.          0.         -0.00057241] 6.28819655237e-06 -112.104396888 -24.5790659896
24 399 [-0.00082361  0.          0.         -0.00057241] 6.00670644297e-06 -112.046133448 -24.1157263747
25 433 [-0.00082361  0.          0.         -0.00062811] 6.32606982631e-06 -111.993073826 -24.1222884639
26 432 [-0.00088556  0.          0.         -0.00062811] 6.87980895388e-06 -111.947367956 -24.0350245229
27 375 [-0.00095224  0.          0.         -0.00062811] 5.91558529195e-06 -111.88663261 -24.3439867032
28 407 [-0.00100493  0.          0.         -0.00062811] 6.12113109567e-06 -111.834698023 -23.9819016679
29 438 [-0.00100493  0.          0.         -0.00068794] 6.80731532487e-06 -111.776259742 -24.6402988002
30 387 [-0.00100493  0.          0.         -0.00075538] 5.77394922921e-06 -111.721994769 -24.3750292176
31 451 [-0.00100493  0.          0.         -0.00081251] 6.46530444931e-06 -111.674905721 -24.3628009206
32 437 [-0.00106507  0.          0.         -0.00081251] 4.98875869677e-06 -111.612961518 -24.6125343379
33 624 [-0.00111361  0.          0.         -0.00081251] 7.97963607624e-06 -111.568298168 -24.013112713
34 397 [-0.00111361  0.          0.         -0.00089188] 5.58256769281e-06 -111.509524958 -24.2738844026
35 478 [-0.00111361  0.          0.         -0.00094414] 6.65213148756e-06 -111.466920609 -24.5302753966
36 435 [-0.00111361  0.          0.         -0.00100469] 6.32305649254e-06 -111.414272892 -24.0489368804
37 431 [-0.00117407  0.          0.         -0.00100469] 6.4488581281e-06 -111.343974673 -24.5597259742
38 415 [-0.0012375   0.          0.         -0.00100469] 5.76783874994e-06 -111.289588866 -24.2513640493
39 480 [-0.00129384  0.          0.         -0.00100469] 7.14894297425e-06 -111.24756893 -23.8955805546
40 394 [-0.00129384  0.          0.         -0.00107942] 6.50728391446e-06 -111.167751243 -24.2425960523
41 379 [-0.00135691  0.          0.         -0.00107942] 5.92624939249e-06 -111.127443045 -24.1104493019
42 420 [-0.00135691  0.          0.         -0.00113607] 5.33607031891e-06 -111.080451472 -24.3406074287
43 539 [-0.00135691  0.          0.         -0.00118549] 7.17738972785e-06 -111.005735309 -24.1026714741
44 443 [-0.00143128  0.          0.         -0.00118549] 5.93111805917e-06 -110.956496328 -24.1170656343
45 500 [-0.00143128  0.          0.         -0.00124037] 6.76132450128e-06 -110.916782725 -24.4472632543
46 445 [-0.00149629  0.          0.         -0.00124037] 6.36585934106e-06 -110.854176146 -24.6023593888
47 440 [-0.00149629  0.          0.         -0.00129847] 6.89469810622e-06 -110.798074523 -24.0429686736
48 380 [-0.00149629  0.          0.         -0.00136736] 5.08824307901e-06 -110.745259076 -24.4267524284
49 529 [-0.00154605  0.          0.         -0.00136736] 7.31514688446e-06 -110.689779819 -24.3207260777
50 399 [-0.00154605  0.          0.         -0.00143716] 6.51057880271e-06 -110.635515694 -24.2404206992
51 384 [-0.00161001  0.          0.         -0.00143716] 5.74970731799e-06 -110.564842379 -24.3230118273
52 449 [-0.00161001  0.          0.         -0.00149921] 6.46434566228e-06 -110.523677274 -24.486221848
53 428 [-0.00161001  0.          0.         -0.00156463] 6.93062244185e-06 -110.463645536 -24.1155779819
54 360 [-0.00167842  0.          0.         -0.00156463] 5.4689951296e-06 -110.396913937 -24.7557417671
55 441 [-0.00173033  0.          0.         -0.00156463] 6.1034622018e-06 -110.364623338 -24.0945067434
56 472 [-0.00178826  0.          0.         -0.00156463] 7.3854587194e-06 -110.311941101 -24.189560319
57 357 [-0.00178826  0.          0.         -0.00164044] 6.18280973324e-06 -110.236851762 -24.4092934519
58 370 [-0.00185164  0.          0.         -0.00164044] 5.34683837292e-06 -110.183956041 -24.2281852088
59 474 [-0.00190414  0.          0.         -0.00164044] 6.85874899569e-06 -110.143524872 -23.8560230669
60 414 [-0.00190414  0.          0.         -0.00170977] 5.83333289946e-06 -110.067996812 -24.6600362995
61 470 [-0.00190414  0.          0.         -0.00176264] 6.99581732671e-06 -110.049060485 -23.95744494
62 388 [-0.00190414  0.          0.         -0.00183234] 6.56126773323e-06 -109.99160454 -23.7576703242
63 363 [-0.00190414  0.          0.         -0.00189649] 4.93794756244e-06 -109.914778507 -24.2706261288
64 505 [-0.00195217  0.          0.         -0.00189649] 6.19918033604e-06 -109.890348898 -24.2804735287
65 534 [-0.00195217  0.          0.         -0.00195927] 6.27367907267e-06 -109.82560017 -24.4616529584
66 551 [-0.00195217  0.          0.         -0.0020164 ] 7.49166003822e-06 -109.768654392 -24.080442973
67 406 [-0.00195217  0.          0.         -0.00208557] 6.36968517835e-06 -109.704314525 -24.5087702446
68 409 [-0.00195217  0.          0.         -0.00214911] 5.87133433166e-06 -109.664807324 -24.0942265753
69 462 [-0.0020066   0.          0.         -0.00214911] 6.06141576324e-06 -109.605545656 -23.6605769633
70 503 [-0.0020066   0.          0.         -0.00220483] 7.28859922854e-06 -109.551208819 -24.4884209005
71 387 [-0.0020793   0.          0.         -0.00220483] 6.29244664489e-06 -109.500427152 -24.3844801828
72 381 [-0.0020793   0.          0.         -0.00226576] 5.13700098639e-06 -109.442619166 -24.0908280182
73 522 [-0.00212796  0.          0.         -0.00226576] 6.05373444585e-06 -109.409167378 -24.3516297755
74 580 [-0.00212796  0.          0.         -0.00232198] 6.61532227041e-06 -109.360723045 -24.2580783637
75 548 [-0.00212796  0.          0.         -0.00238396] 6.06238564788e-06 -109.32996305 -24.133195243
76 607 [-0.00218393  0.          0.         -0.00238396] 7.15322311005e-06 -109.248184489 -24.1907115304
77 510 [-0.0022568   0.          0.         -0.00238396] 6.70779771165e-06 -109.187013469 -24.2410115484
78 465 [-0.0022568   0.          0.         -0.00244768] 6.23004394729e-06 -109.132301122 -24.110047592
79 482 [-0.0022568   0.          0.         -0.00251002] 6.10437068e-06 -109.075672368 -24.5889752794
80 520 [-0.0022568   0.          0.         -0.00256688] 7.16127865974e-06 -109.035253834 -24.2741295979
81 414 [-0.00232218  0.          0.         -0.00256688] 6.10010727945e-06 -108.985779367 -23.850306082
82 441 [-0.00232218  0.          0.         -0.00262657] 6.49562047959e-06 -108.944624638 -24.0738687426
83 430 [-0.00239127  0.          0.         -0.00262657] 4.97611400381e-06 -108.886086611 -24.6277744592
84 613 [-0.00244155  0.          0.         -0.00262657] 7.68591369821e-06 -108.821600474 -23.9880387651
85 413 [-0.00251098  0.          0.         -0.00262657] 6.07284090312e-06 -108.774630634 -24.4465271595
86 438 [-0.00251098  0.          0.         -0.0026813 ] 6.52958033776e-06 -108.738427144 -24.126928479
87 417 [-0.00251098  0.          0.         -0.00274835] 6.41837450444e-06 -108.678910082 -24.2094721243
88 417 [-0.00251098  0.          0.         -0.00281014] 5.92839006424e-06 -108.62136931 -24.0543952926
89 466 [-0.00251098  0.          0.         -0.00286843] 6.96153120993e-06 -108.573544586 -23.9274124884
90 398 [-0.00258356  0.          0.         -0.00286843] 6.07516236954e-06 -108.512393939 -24.2491640613
91 425 [-0.00258356  0.          0.         -0.00292644] 6.16622466966e-06 -108.452146182 -24.4755220893
92 444 [-0.00264154  0.          0.         -0.00292644] 5.94987796451e-06 -108.406418036 -24.4181799068
93 501 [-0.00264154  0.          0.         -0.00298147] 6.40617354228e-06 -108.350943479 -24.2743740859
94 492 [-0.00270199  0.          0.         -0.00298147] 6.78391349355e-06 -108.295498845 -24.4563572102
95 428 [-0.00270199  0.          0.         -0.00304253] 6.13594335922e-06 -108.274303365 -23.9911290569
96 453 [-0.00275938  0.          0.         -0.00304253] 6.00471140943e-06 -108.215985759 -24.1788130829
97 499 [-0.00275938  0.          0.         -0.00310039] 7.0190565233e-06 -108.169952781 -24.1484771396
98 426 [-0.00275938  0.          0.         -0.00317104] 6.42539926784e-06 -108.110256185 -23.6879856176
99 427 [-0.00281721  0.          0.         -0.00317104] 6.5690580474e-06 -108.062992278 -24.3946613839
100 395 [-0.00288152  0.          0.         -0.00317104] 5.47779538486e-06 -107.989138555 -24.301065944
101 475 [-0.00293241  0.          0.         -0.00317104] 6.04979171747e-06 -107.969252146 -24.4060008742
102 519 [-0.00293241  0.          0.         -0.00322906] 7.26970523689e-06 -107.913992279 -23.9151367968
103 401 [-0.00293241  0.          0.         -0.00329284] 5.93952930084e-06 -107.868905044 -24.1278178445
104 450 [-0.00293241  0.          0.         -0.00335248] 6.43264670345e-06 -107.8260324 -24.473092071
105 442 [-0.00293241  0.          0.         -0.00341547] 6.48408816684e-06 -107.758312267 -24.2225540956
106 433 [-0.00293241  0.          0.         -0.00348117] 7.18208992171e-06 -107.703593786 -23.8971730413
107 346 [-0.00300358  0.          0.         -0.00348117] 5.29232172229e-06 -107.665554528 -23.9987646094
108 440 [-0.00300358  0.          0.         -0.00352473] 6.34496169272e-06 -107.608263675 -24.3315406774
109 447 [-0.00300358  0.          0.         -0.00358859] 6.86962008189e-06 -107.557286412 -24.00590224
110 388 [-0.00306595  0.          0.         -0.00358859] 5.25989689213e-06 -107.498184725 -23.921150847
111 503 [-0.00311599  0.          0.         -0.00358859] 6.1652408413e-06 -107.470252213 -24.2092447127
112 535 [-0.00311599  0.          0.         -0.00364574] 6.39887811092e-06 -107.415985258 -24.5100135574
113 534 [-0.00317733  0.          0.         -0.00364574] 6.92368862602e-06 -107.3718789 -24.6854220642
114 449 [-0.00324471  0.          0.         -0.00364574] 6.62387557759e-06 -107.313314344 -24.2493889724
115 422 [-0.0033108   0.          0.         -0.00364574] 6.59959427708e-06 -107.26569137 -24.3539352516
116 400 [-0.00337809  0.          0.         -0.00364574] 6.22245660622e-06 -107.21030943 -23.9633591843
117 411 [-0.00343717  0.          0.         -0.00364574] 6.91578779726e-06 -107.152473613 -24.4829023347
118 350 [-0.00349932  0.          0.         -0.00364574] 6.28251422641e-06 -107.093312992 -24.553739679
119 350 [-0.00355938  0.          0.         -0.00364574] 5.74025013698e-06 -107.056544665 -24.2113489209
120 404 [-0.00361242  0.          0.         -0.00364574] 5.91851267217e-06 -107.007327799 -24.5792854859
121 452 [-0.00361242  0.          0.         -0.00370002] 5.99844480671e-06 -106.974790397 -24.1721354776
122 503 [-0.00367128  0.          0.         -0.00370002] 6.27465223325e-06 -106.912201386 -24.375646633
123 508 [-0.00372578  0.          0.         -0.00370002] 6.3345110708e-06 -106.877768087 -24.2424732609
124 518 [-0.00378845  0.          0.         -0.00370002] 7.68134422062e-06 -106.824278789 -23.8208131151
125 354 [-0.00386615  0.          0.         -0.00370002] 4.6558740808e-06 -106.752895809 -24.0056180595
126 533 [-0.00390973  0.          0.         -0.00370002] 7.02722785282e-06 -106.710107005 -24.1026128285
127 444 [-0.00390973  0.          0.         -0.00376271] 6.69026144928e-06 -106.662890416 -23.9038447822
128 400 [-0.0039703   0.          0.         -0.00376271] 6.71317560878e-06 -106.625888167 -23.9333437416
129 364 [-0.00404286  0.          0.         -0.00376271] 5.60664314693e-06 -106.566468778 -24.2386836146
130 433 [-0.00404286  0.          0.         -0.00381786] 6.61868142421e-06 -106.533151245 -24.0586970701
131 415 [-0.00404286  0.          0.         -0.00388152] 6.69381849391e-06 -106.464365857 -24.0156986952
132 374 [-0.00404286  0.          0.         -0.00394362] 6.58260224556e-06 -106.417488204 -24.0559696385
133 353 [-0.0041106   0.          0.         -0.00394362] 5.94164152042e-06 -106.358779871 -24.3432065103
134 384 [-0.0041106   0.          0.         -0.00400594] 5.60686454816e-06 -106.317938968 -24.1351944118
135 452 [-0.0041106  0.         0.        -0.0040548] 6.73174445679e-06 -106.276594565 -24.0419662327
136 406 [-0.0041106   0.          0.         -0.00411653] 6.75512010583e-06 -106.213674045 -24.2952917802
137 369 [-0.00418319  0.          0.         -0.00411653] 5.26307414197e-06 -106.179260994 -24.5245011035
138 480 [-0.00423306  0.          0.         -0.00411653] 6.92385122443e-06 -106.13813235 -24.2712933058
139 407 [-0.00429741  0.          0.         -0.00411653] 5.55937460202e-06 -106.076180841 -24.4650961034
140 489 [-0.00429741  0.          0.         -0.00416703] 7.33126154167e-06 -106.026565257 -24.1403133633
141 373 [-0.00429741  0.          0.         -0.00423601] 5.84371628418e-06 -105.982331979 -23.7755157736
142 430 [-0.00429741  0.          0.         -0.00429487] 6.56365567579e-06 -105.925829 -24.2258965688
143 404 [-0.00436221  0.          0.         -0.00429487] 5.97396834944e-06 -105.871643348 -24.2110701358
144 441 [-0.00436221  0.          0.         -0.00435185] 6.8950310121e-06 -105.83412583 -24.24856472
145 372 [-0.00436221  0.          0.         -0.00441969] 5.52524399001e-06 -105.789775535 -23.8212024139
146 454 [-0.00441124  0.          0.         -0.00441969] 6.63995463028e-06 -105.739436627 -23.7430227866
147 422 [-0.00441124  0.          0.         -0.00448167] 5.70718341172e-06 -105.689349466 -24.3844790157
148 498 [-0.00441124  0.          0.         -0.00453482] 6.71940174419e-06 -105.648613561 -24.0258470855
149 453 [-0.00441124  0.          0.         -0.00459635] 6.63504330033e-06 -105.598191916 -24.3955858173
150 414 [-0.00441124  0.          0.         -0.00465904] 6.29410221101e-06 -105.559142487 -24.4736325226
151 421 [-0.00441124  0.          0.         -0.00471999] 6.26024745484e-06 -105.510845742 -24.2773975919
152 431 [-0.00447165  0.          0.         -0.00471999] 5.80384665313e-06 -105.438373778 -24.3226870219
153 492 [-0.00447165  0.          0.         -0.00477361] 6.87625326094e-06 -105.403290478 -24.3082403696
154 448 [-0.00454184  0.          0.         -0.00477361] 6.11422923422e-06 -105.36075918 -24.0301504535
155 481 [-0.00454184  0.          0.         -0.00483147] 5.51241913084e-06 -105.331858424 -24.0451954651
156 610 [-0.00454184  0.          0.         -0.00488533] 7.57895203189e-06 -105.266948419 -24.3503781147
157 435 [-0.00454184  0.          0.         -0.00495607] 6.72085496486e-06 -105.21037315 -24.0237526779
158 392 [-0.00454184  0.          0.         -0.00501915] 6.6079834966e-06 -105.172264949 -24.1729035787
159 376 [-0.00461194  0.          0.         -0.00501915] 5.7370774979e-06 -105.11861615 -24.4883413462
160 431 [-0.00466534  0.          0.         -0.00501915] 6.80774327913e-06 -105.083201582 -24.0069374767
161 380 [-0.0047319   0.          0.         -0.00501915] 5.2696105182e-06 -105.013643466 -24.4003658689
162 491 [-0.0047319  0.         0.        -0.0050717] 5.89348884629e-06 -104.971956655 -23.5973600585
163 569 [-0.00478594  0.          0.         -0.0050717 ] 7.03168766631e-06 -104.925818593 -24.414217948
164 492 [-0.00485601  0.          0.         -0.0050717 ] 6.78045609201e-06 -104.861471978 -24.4273081964
165 434 [-0.00485601  0.          0.         -0.00513408] 6.83400498313e-06 -104.835003029 -24.2844666542
166 370 [-0.00485601  0.          0.         -0.00519903] 5.79276213794e-06 -104.781627919 -24.1542550861
167 424 [-0.00485601  0.          0.         -0.00525576] 6.1519792046e-06 -104.740263454 -24.4247796892
168 444 [-0.00491711  0.          0.         -0.00525576] 6.87817354721e-06 -104.686700846 -24.0767609029
169 384 [-0.00491711  0.          0.         -0.00532634] 5.09290669466e-06 -104.639390013 -24.0846399438
170 525 [-0.00491711  0.          0.         -0.00537495] 6.77200152715e-06 -104.592280031 -24.198291223
171 487 [-0.00491711  0.          0.         -0.00544774] 6.92275446429e-06 -104.541505437 -24.0934621211
172 418 [-0.00491711  0.          0.         -0.00551233] 5.79703606652e-06 -104.492912648 -24.6160961498
173 476 [-0.00497237  0.          0.         -0.00551233] 7.0448250856e-06 -104.454345189 -23.9997573219
174 391 [-0.00497237  0.          0.         -0.00557828] 5.99405286223e-06 -104.382926948 -24.2701550872
175 424 [-0.00497237  0.          0.         -0.00564058] 6.9388187902e-06 -104.364817973 -24.691081111
176 362 [-0.00503796  0.          0.         -0.00564058] 6.02291048561e-06 -104.298977614 -24.0801072435
177 397 [-0.00510382  0.          0.         -0.00564058] 6.5019119e-06 -104.246144489 -24.2923240682
178 373 [-0.00516586  0.          0.         -0.00564058] 5.92486194807e-06 -104.201945444 -24.0584175421
179 407 [-0.00516586  0.          0.         -0.00569462] 6.03828404788e-06 -104.162854493 -24.0763411036
180 442 [-0.00516586  0.          0.         -0.00575409] 5.56513266732e-06 -104.11467485 -24.113511451
181 550 [-0.00516586  0.          0.         -0.00581259] 6.71245201709e-06 -104.076988693 -24.1702488143
182 510 [-0.00516586  0.          0.         -0.00587682] 7.10454406621e-06 -104.031807431 -23.9753528939
183 421 [-0.00516586  0.          0.         -0.00594793] 5.92363980968e-06 -103.965993324 -24.3997274349
184 473 [-0.00516586  0.          0.         -0.00600334] 6.84167852616e-06 -103.915171273 -23.813032387
185 416 [-0.00516586  0.          0.         -0.00607301] 6.59974571183e-06 -103.878097724 -24.2533998539
186 383 [-0.00516586  0.          0.         -0.00613731] 5.94394370243e-06 -103.82911007 -24.2492557895
187 415 [-0.00516586  0.          0.         -0.00619601] 6.50065487628e-06 -103.787383206 -24.257681787
188 394 [-0.00522749  0.          0.         -0.00619601] 6.05063073077e-06 -103.731714844 -24.3346084113
189 421 [-0.00522749  0.          0.         -0.00625085] 5.72633700913e-06 -103.708124382 -24.2294506122
190 491 [-0.00527882  0.          0.         -0.00625085] 7.35805460557e-06 -103.644435276 -24.1956155205
191 371 [-0.00527882  0.          0.         -0.00631892] 5.9011804569e-06 -103.600239896 -23.836407581
192 410 [-0.00533315  0.          0.         -0.00631892] 6.50066351097e-06 -103.561664666 -23.9509720147
193 390 [-0.00539612  0.          0.         -0.00631892] 7.03047977888e-06 -103.505123472 -24.0179596181
194 319 [-0.00539612  0.          0.         -0.00638889] 5.67294625662e-06 -103.472525566 -23.7660579163
195 370 [-0.0053961