10 500000 0.95 gpomdp sample_bernstein 30000000

-0.89869951  2.09873833  3.48744313  7.25175622
-0.89869951  2.09837949  3.48744313  7.25175622
-0.89869951  2.09734076  3.48744313  7.25175622
-0.89869951  2.09645826  3.48744313  7.25175622
-0.89869951  2.09532947  3.48744313  7.25175622
-0.89869951  2.09434069  3.48744313  7.25175622
-0.89869951  2.09317933  3.48744313  7.25175622
-0.89869951  2.09202744  3.48744313  7.25175622
-0.89869951  2.09077576  3.48744313  7.25175622
-0.89869951  2.09016744  3.48744313  7.25175622
-0.89869951  2.08902307  3.48744313  7.25175622
-0.89869951  2.08797443  3.48744313  7.25175622
-0.89869951  2.0872041   3.48744313  7.25175622
-0.89869951  2.08600703  3.48744313  7.25175622
-0.89869951  2.08484585  3.48744313  7.25175622
-0.89869951  2.08377017  3.48744313  7.25175622
-0.89869951  2.08262536  3.48744313  7.25175622
-0.89869951  2.08154673  3.48744313  7.25175622
-0.89869951  2.08057871  3.48744313  7.25175622
-0.89869951  2.07958024  3.48744313  7.25175622
-0.89869951  2.07830761  3.48744313  7.25175622
-0.89869951  2.07752488  3.48744313  7.25175622
-0.89869951  2.07621981  3.48744313  7.25175622
-0.89869951  2.07544326  3.48744313  7.25175622
-0.89869951  2.07440286  3.48744313  7.25175622
-0.89869951  2.07324966  3.48744313  7.25175622
-0.89869951  2.07262809  3.48744313  7.25175622
-0.89869951  2.07147376  3.48744313  7.25175622
-0.89869951  2.07025709  3.48744313  7.25175622
-0.89869951  2.06897728  3.48744313  7.25175622
-0.89869951  2.06817451  3.48744313  7.25175622
-0.89869951  2.06705636  3.48744313  7.25175622
-0.89869951  2.0657306   3.48744313  7.25175622
-0.89869951  2.06484172  3.48744313  7.25175622
-0.89869951  2.06375535  3.48744313  7.25175622
-0.89869951  2.0630759   3.48744313  7.25175622
-0.89869951  2.06208379  3.48744313  7.25175622
-0.89869951  2.06075195  3.48744313  7.25175622
-0.89869951  2.05981076  3.48744313  7.25175622
-0.89869951  2.05907897  3.48744313  7.25175622
-0.89869951  2.05791528  3.48744313  7.25175622
-0.89869951  2.05711331  3.48744313  7.25175622
-0.89869951  2.05596779  3.48744313  7.25175622
-0.89869951  2.0550394   3.48744313  7.25175622
-0.89869951  2.05410102  3.48744313  7.25175622
-0.89869951  2.05306934  3.48744313  7.25175622
-0.89869951  2.05208505  3.48744313  7.25175622
-0.89869951  2.05082739  3.48744313  7.25175622
-0.89869951  2.04977865  3.48744313  7.25175622
-0.89869951  2.04885183  3.48744313  7.25175622
-0.89869951  2.04790476  3.48744313  7.25175622
-0.89869951  2.04703041  3.48744313  7.25175622
-0.89869951  2.04603285  3.48744313  7.25175622
-0.89869951  2.04526773  3.48744313  7.25175622
-0.89869951  2.0443271   3.48744313  7.25175622
-0.89869951  2.04302854  3.48744313  7.25175622
-0.89869951  2.04188977  3.48744313  7.25175622
-0.89869951  2.04112755  3.48744313  7.25175622
-0.89869951  2.04002794  3.48744313  7.25175622
-0.89957945  2.04002794  3.48744313  7.25175622
-0.89957945  2.03892727  3.48744313  7.25175622
-0.89957945  2.03809542  3.48744313  7.25175622
-0.89957945  2.03726281  3.48744313  7.25175622
-0.89957945  2.03643559  3.48744313  7.25175622
-0.89957945  2.03521916  3.48744313  7.25175622
-0.89957945  2.03402447  3.48744313  7.25175622
-0.89957945  2.03295585  3.48744313  7.25175622
-0.89957945  2.03194558  3.48744313  7.25175622
-0.89957945  2.03092981  3.48744313  7.25175622
-0.89957945  2.03015613  3.48744313  7.25175622
-0.89957945  2.02942338  3.48744313  7.25175622
-0.89957945  2.02845761  3.48744313  7.25175622
-0.89957945  2.02749972  3.48744313  7.25175622
-0.89957945  2.02642104  3.48744313  7.25175622
-0.89957945  2.02574115  3.48744313  7.25175622
-0.89957945  2.02484711  3.48744313  7.25175622
-0.89957945  2.02403529  3.48744313  7.25175622
-0.89957945  2.02286139  3.48744313  7.25175622
-0.89957945  2.02212999  3.48744313  7.25175622
-0.89957945  2.02128966  3.48744313  7.25175622
-0.89957945  2.02031429  3.48744313  7.25175622
-0.89957945  2.01948033  3.48744313  7.25175622
-0.89957945  2.01868204  3.48744313  7.25175622
-0.89957945  2.0178305   3.48744313  7.25175622
-0.89957945  2.0168111   3.48744313  7.25175622
-0.89957945  2.01596754  3.48744313  7.25175622
-0.89957945  2.01521782  3.48744313  7.25175622
-0.89957945  2.01409005  3.48744313  7.25175622
-0.90043616  2.01409005  3.48744313  7.25175622
-0.90043616  2.0131706   3.48744313  7.25175622
-0.90043616  2.0124297   3.48744313  7.25175622
-0.90043616  2.01166261  3.48744313  7.25175622
-0.90043616  2.01038625  3.48744313  7.25175622
-0.90043616  2.00897493  3.48744313  7.25175622
-0.90043616  2.00846747  3.48744313  7.25175622
-0.90043616  2.00750208  3.48744313  7.25175622
-0.90043616  2.00684787  3.48744313  7.25175622
-0.90043616  2.00589996  3.48744313  7.25175622
-0.90043616  2.00495856  3.48744313  7.25175622
-0.90043616  2.00421624  3.48744313  7.25175622
-0.90043616  2.00314658  3.48744313  7.25175622
-0.90043616  2.00219347  3.48744313  7.25175622
-0.90043616  2.00131859  3.48744313  7.25175622
-0.90043616  2.00051926  3.48744313  7.25175622
-0.90043616  1.9996732   3.48744313  7.25175622
-0.90043616  1.99921047  3.48744313  7.25175622
-0.90043616  1.99815625  3.48744313  7.25175622
-0.90043616  1.99739063  3.48744313  7.25175622
-0.90043616  1.99659583  3.48744313  7.25175622
-0.90043616  1.99573892  3.48744313  7.25175622
-0.90043616  1.99481563  3.48744313  7.25175622
-0.90043616  1.9938081   3.48744313  7.25175622
-0.90043616  1.99296791  3.48744313  7.25175622
-0.90043616  1.99233586  3.48744313  7.25175622
-0.90043616  1.99144428  3.48744313  7.25175622
-0.90043616  1.99070095  3.48744313  7.25175622
-0.90043616  1.98970111  3.48744313  7.25175622
-0.90043616  1.98889543  3.48744313  7.25175622
-0.90043616  1.98831524  3.48744313  7.25175622
-0.90043616  1.98729531  3.48744313  7.25175622
-0.90043616  1.98659249  3.48744313  7.25175622
-0.90043616  1.98570036  3.48744313  7.25175622
-0.90043616  1.98490436  3.48744313  7.25175622
-0.90043616  1.98422764  3.48744313  7.25175622
-0.90043616  1.98347942  3.48744313  7.25175622
-0.90043616  1.9824305   3.48744313  7.25175622
-0.90043616  1.98175577  3.48744313  7.25175622
-0.90043616  1.98090707  3.48744313  7.25175622
-0.90043616  1.98017276  3.48744313  7.25175622
-0.90043616  1.97948698  3.48744313  7.25175622
-0.90043616  1.97873399  3.48744313  7.25175622
-0.90043616  1.97799984  3.48744313  7.25175622
-0.90043616  1.9770313   3.48744313  7.25175622
-0.90043616  1.97637133  3.48744313  7.25175622
-0.90043616  1.9753797   3.48744313  7.25175622
-0.90043616  1.97459896  3.48744313  7.25175622
-0.90043616  1.97375867  3.48744313  7.25175622
-0.90043616  1.97291117  3.48744313  7.25175622
-0.90043616  1.97197862  3.48744313  7.25175622
-0.90043616  1.97126572  3.48744313  7.25175622
-0.90043616  1.97057135  3.48744313  7.25175622
-0.90043616  1.97005613  3.48744313  7.25175622
-0.90043616  1.9691798   3.48744313  7.25175622
-0.90043616  1.96835621  3.48744313  7.25175622
-0.90043616  1.96723581  3.48744313  7.25175622
-0.90043616  1.96682003  3.48744313  7.25175622
-0.90043616  1.96605312  3.48744313  7.25175622
-0.90043616  1.96536565  3.48744313  7.25175622
-0.90043616  1.96463701  3.48744313  7.25175622
-0.90043616  1.96386367  3.48744313  7.25175622
-0.90043616  1.96291806  3.48744313  7.25175622
-0.90095784  1.96291806  3.48744313  7.25175622
-0.90095784  1.96228445  3.48744313  7.25175622
-0.90095784  1.96167767  3.48744313  7.25175622
-0.90095784  1.96092163  3.48744313  7.25175622
-0.90095784  1.96017597  3.48744313  7.25175622
-0.90095784  1.95950576  3.48744313  7.25175622
-0.90095784  1.95892157  3.48744313  7.25175622
-0.90095784  1.95825358  3.48744313  7.25175622
-0.90095784  1.95752495  3.48744313  7.25175622
-0.90095784  1.95689749  3.48744313  7.25175622
-0.90095784  1.95601733  3.48744313  7.25175622
-0.90095784  1.95539149  3.48744313  7.25175622
-0.90095784  1.95486335  3.48744313  7.25175622
-0.90095784  1.95403233  3.48744313  7.25175622
-0.90095784  1.95346706  3.48744313  7.25175622
-0.90095784  1.95276502  3.48744313  7.25175622
-0.90095784  1.95230909  3.48744313  7.25175622
-0.90095784  1.95159462  3.48744313  7.25175622
-0.90095784  1.95077299  3.48744313  7.25175622
-0.90095784  1.95021923  3.48744313  7.25175622
-0.90095784  1.94955846  3.48744313  7.25175622
-0.90095784  1.94872044  3.48744313  7.25175622
-0.90095784  1.94793348  3.48744313  7.25175622
-0.90095784  1.9473288   3.48744313  7.25175622
-0.90095784  1.94655027  3.48744313  7.25175622
-0.90095784  1.94598995  3.48744313  7.25175622
-0.90095784  1.94521387  3.48744313  7.25175622
-0.90095784  1.9447462   3.48744313  7.25175622
-0.90095784  1.94407321  3.48744313  7.25175622
-0.90095784  1.94348984  3.48744313  7.25175622
-0.90095784  1.94266969  3.48744313  7.25175622
-0.90095784  1.9421148   3.48744313  7.25175622
-0.90095784  1.94153374  3.48744313  7.25175622
-0.90095784  1.94089882  3.48744313  7.25175622
-0.90095784  1.94042183  3.48744313  7.25175622
-0.90095784  1.93980576  3.48744313  7.25175622
-0.90095784  1.93915271  3.48744313  7.25175622
-0.90095784  1.93848037  3.48744313  7.25175622
-0.90095784  1.93796254  3.48744313  7.25175622
-0.90095784  1.93739906  3.48744313  7.25175622
-0.90095784  1.9367537   3.48744313  7.25175622
-0.90095784  1.93623005  3.48744313  7.25175622
-0.90167265  1.93623005  3.48744313  7.25175622
-0.90230124  1.93623005  3.48744313  7.25175622
-0.90230124  1.93553743  3.48744313  7.25175622
-0.90230124  1.93485666  3.48744313  7.25175622
-0.90230124  1.93428737  3.48744313  7.25175622
-0.90230124  1.9335592   3.48744313  7.25175622
-0.90230124  1.93292589  3.48744313  7.25175622
-0.90293054  1.93292589  3.48744313  7.25175622
-0.90293054  1.9322945   3.48744313  7.25175622
-0.90333002  1.9322945   3.48744313  7.25175622
-0.90333002  1.93168882  3.48744313  7.25175622
-0.90393137  1.93168882  3.48744313  7.25175622
-0.90393137  1.93117693  3.48744313  7.25175622
-0.90393137  1.93056631  3.48744313  7.25175622
-0.90393137  1.9300655   3.48744313  7.25175622
-0.90393137  1.92954609  3.48744313  7.25175622
-0.90393137  1.92905525  3.48744313  7.25175622
-0.90393137  1.92853803  3.48744313  7.25175622
-0.90393137  1.92802497  3.48744313  7.25175622
-0.90393137  1.92759007  3.48744313  7.25175622
-0.90393137  1.92702036  3.48744313  7.25175622
-0.90393137  1.92665892  3.48744313  7.25175622
-0.90393137  1.92604302  3.48744313  7.25175622
-0.90393137  1.92540612  3.48744313  7.25175622
-0.90393137  1.92506459  3.48744313  7.25175622
-0.90393137  1.9244968   3.48744313  7.25175622
-0.90393137  1.92402024  3.48744313  7.25175622
-0.90393137  1.92350368  3.48744313  7.25175622
-0.90393137  1.92286421  3.48744313  7.25175622
-0.90393137  1.92252277  3.48744313  7.25175622
-0.90393137  1.92204873  3.48744313  7.25175622
-0.90393137  1.92159421  3.48744313  7.25175622
-0.90393137  1.92098257  3.48744313  7.25175622
-0.90393137  1.92037295  3.48744313  7.25175622
-0.90393137  1.92004032  3.48744313  7.25175622
-0.90393137  1.91963858  3.48744313  7.25175622
-0.90393137  1.91914461  3.48744313  7.25175622
-0.90393137  1.91858331  3.48744313  7.25175622
-0.90393137  1.91825791  3.48744313  7.25175622
-0.90393137  1.91775994  3.48744313  7.25175622
-0.90393137  1.91720826  3.48744313  7.25175622
-0.90393137  1.91657692  3.48744313  7.25175622
-0.90393137  1.91614508  3.48744313  7.25175622
-0.90421159  1.91614508  3.48744313  7.25175622
-0.90421159  1.91559935  3.48744313  7.25175622
-0.90421159  1.91510581  3.48744313  7.25175622
-0.90421159  1.91468283  3.48744313  7.25175622
-0.90421159  1.91429668  3.48744313  7.25175622
-0.90421159  1.9137868   3.48744313  7.25175622
-0.90421159  1.91324713  3.48744313  7.25175622
-0.90421159  1.91280857  3.48744313  7.25175622
-0.90421159  1.91242109  3.48744313  7.25175622
-0.90421159  1.91203681  3.48744313  7.25175622
-0.904697    1.91203681  3.48744313  7.25175622
-0.904697    1.9116211   3.48744313  7.25175622
-0.904697    1.91116509  3.48744313  7.25175622
-0.90518217  1.91116509  3.48744313  7.25175622
-0.90518217  1.91073303  3.48744313  7.25175622
