100 100000 0.5 reinforce cheb_reinforce 30000000

1 100 0 2.1779039761e-05 -56.6666666667 -11.972369063
2 28544 -0.000204054845957 1.63947551385e-05 -56.4776114995 -12.1468034206
3 27890 -0.00035945440997 1.68142870268e-05 -56.3345890383 -12.1793328881
4 26116 -0.00052415427487 1.55573619695e-05 -56.1838987527 -12.1498375361
5 27782 -0.000671902618752 1.62874552978e-05 -56.0494922345 -12.1450735937
6 27442 -0.000827538739524 1.59615828387e-05 -55.9086953031 -12.1170243323
7 28018 -0.000978486198172 1.60544347018e-05 -55.7729031112 -12.1293074557
8 28338 -0.00112945282913 1.61558681623e-05 -55.6378390375 -12.1201267911
9 28368 -0.00128129261014 1.61937752217e-05 -55.5027395215 -12.1104160543
10 28289 -0.00143370099112 1.57899174251e-05 -55.3678800164 -12.1310497572
11 29391 -0.00157949616351 1.73592156778e-05 -55.2395659769 -12.123703233
12 26043 -0.0017497731964 1.57043302715e-05 -55.0905570634 -12.096797198
13 27293 -0.0019002459139 1.60099116807e-05 -54.9596361405 -12.1568240692
14 27729 -0.00205243602478 1.65791239475e-05 -54.8279376347 -12.1298485712
15 26592 -0.00221337327744 1.57139821375e-05 -54.6894473412 -12.0909119812
16 27841 -0.0023624492233 1.61847971157e-05 -54.5618712673 -12.1469840171
17 27788 -0.00251613799222 1.60379042463e-05 -54.4310539257 -12.1116122151
18 28152 -0.00266744503106 1.60875561553e-05 -54.3029587388 -12.1203453769
19 28378 -0.00281861653861 1.61568415755e-05 -54.1756612863 -12.1290636046
20 28405 -0.00297036590608 1.64832726694e-05 -54.048558377 -12.098040905
21 27506 -0.00312769087022 1.64324552713e-05 -53.917500155 -12.1310014931
22 26773 -0.00328666310481 1.56689144181e-05 -53.7858027416 -12.0884038289
23 28160 -0.00343446932707 1.60780400057e-05 -53.6640113116 -12.1036023983
24 28413 -0.00358545701997 1.64597644732e-05 -53.540245593 -12.0934288683
25 27579 -0.00374234837036 1.61703794634e-05 -53.4123281231 -12.0888726302
26 27567 -0.00389651506745 1.59752347847e-05 -53.2873092497 -12.0994554261
27 28106 -0.0040473532175 1.58785235626e-05 -53.1656340515 -12.0775607968
28 28939 -0.00419510642804 1.65350528092e-05 -53.0470605449 -12.1324988503
29 27876 -0.00435187376673 1.62397528995e-05 -52.9219114575 -12.0787089619
30 27669 -0.00450641780379 1.59993928739e-05 -52.7991955474 -12.1335714542
31 28141 -0.00465739036843 1.59985998614e-05 -52.6799417125 -12.1276991501
32 28624 -0.00480707802647 1.62485536035e-05 -52.5623090547 -12.0922009495
33 28386 -0.00495974021758 1.6311857117e-05 -52.442955821 -12.1006042065
34 27970 -0.00511413326421 1.58073542636e-05 -52.3228781735 -12.1234108721
35 29008 -0.00526104945495 1.61790845907e-05 -52.209198229 -12.082039532
36 28970 -0.00541151826042 1.62691765364e-05 -52.0933538626 -12.0441853631
37 28669 -0.00556361768915 1.585225412e-05 -51.976850699 -12.1049612774
38 29597 -0.00570947619462 1.63650576407e-05 -51.8656870588 -12.0496093097
39 29006 -0.00586158064084 1.61545752258e-05 -51.7503419379 -12.064925047
40 29040 -0.00601163996919 1.63909256575e-05 -51.6371224001 -12.0416772535
41 28385 -0.00616564081752 1.62262597074e-05 -51.5215180083 -12.0792212718
42 28212 -0.00631856098741 1.60539153465e-05 -51.4073107748 -12.0629892669
43 28535 -0.00646899882933 1.62061076363e-05 -51.2955228654 -12.1177417703
44 28420 -0.00662117147665 1.60263556522e-05 -51.183012098 -12.0964755333
45 28826 -0.00677059134397 1.64823476546e-05 -51.0730866521 -12.0575746419
46 27916 -0.00692674713888 1.62915143831e-05 -50.9587837456 -12.0591930555
47 27563 -0.00708207994551 1.56677939118e-05 -50.8456649517 -12.0169856988
48 28994 -0.00722773387563 1.65725852465e-05 -50.7401177915 -12.0655531563
49 27823 -0.00738500693645 1.5577371985e-05 -50.6267151775 -12.1054779174
50 29538 -0.00752848119087 1.62139232295e-05 -50.5237696284 -12.043546156
51 29395 -0.00767817939055 1.68803382567e-05 -50.416870551 -12.0804478278
52 27341 -0.00783977789433 1.5445362845e-05 -50.3020563704 -12.0270076069
53 29418 -0.00798232472897 1.62218777864e-05 -50.2012768874 -12.0635894907
54 29252 -0.00813246210197 1.62339777362e-05 -50.0956326966 -12.07335445
55 29051 -0.00828322969357 1.60410588424e-05 -49.9900593707 -12.0643522584
56 29422 -0.00843126393471 1.66488576047e-05 -49.8868979075 -12.0568354438
57 28016 -0.00858871504213 1.62127722006e-05 -49.7777114985 -12.055366643
58 27884 -0.00874240584 1.56489261908e-05 -49.6716631363 -12.096511679
59 29388 -0.00888690595939 1.65874703604e-05 -49.5724309249 -12.0786960238
60 28159 -0.00904337953834 1.60804192524e-05 -49.4654910662 -12.0662695256
61 28405 -0.00919441049024 1.62819000365e-05 -49.3627750076 -12.0785397026
62 28073 -0.00934823453559 1.56199372988e-05 -49.2586646724 -12.0719975254
63 29674 -0.00949176901807 1.62317362911e-05 -49.1619751286 -12.0878145523
64 29477 -0.00964142303729 1.65608473601e-05 -49.0616294311 -12.076237542
65 28320 -0.00979719906292 1.57080585326e-05 -48.9576807643 -12.0390636658
66 29668 -0.00994155744352 1.65340096445e-05 -48.8618049227 -12.0771078302
67 28581 -0.0100963688092 1.57370741381e-05 -48.759468458 -12.0654980975
68 29854 -0.010240544353 1.62995071071e-05 -48.664607977 -12.0311075817
69 29453 -0.0103908854094 1.64645036506e-05 -48.566145085 -12.0296524156
70 28575 -0.0105450633234 1.61243697207e-05 -48.4656475832 -12.0528846908
71 28696 -0.0106957363129 1.58441476979e-05 -48.3678993039 -12.0302549486
72 29650 -0.0108413916572 1.66863567987e-05 -48.2738397515 -11.9743901682
73 28126 -0.0109988885861 1.61750205652e-05 -48.1726095403 -12.0520529675
74 28101 -0.0111516285666 1.54723307115e-05 -48.0749061934 -12.0466065857
75 30153 -0.0112926733951 1.67522996748e-05 -47.9850915051 -12.0323664899
76 28413 -0.0114499933175 1.60245431712e-05 -47.8853716958 -12.0428343184
77 28824 -0.0115994009442 1.60911334242e-05 -47.7911118695 -12.0161595612
78 29044 -0.0117488602099 1.59207868372e-05 -47.6972498617 -12.0423263089
79 29777 -0.0118949078617 1.64953276273e-05 -47.6059434248 -12.0190656967
80 28799 -0.0120487720396 1.65205179854e-05 -47.5101888662 -12.0451682168
81 27782 -0.0122056661632 1.6098319242e-05 -47.4130089309 -12.0235837343
82 27974 -0.0123580259926 1.56816711793e-05 -47.3190792193 -12.0225476311
83 29385 -0.0125028361085 1.63747316936e-05 -47.2302045498 -12.0204959236
84 28770 -0.0126556534456 1.61479308446e-05 -47.1368361889 -12.0196678235
85 28823 -0.0128062142468 1.58376244876e-05 -47.0452660938 -12.000857041
86 29801 -0.0129514403906 1.65367920179e-05 -46.9573324373 -12.0248790509
87 28702 -0.0131059537018 1.62611712786e-05 -46.8641951904 -12.0496956072
88 28427 -0.0132586243866 1.60706095064e-05 -46.772590819 -12.0317783022
89 28704 -0.0134087752518 1.58597475671e-05 -46.682904915 -12.0003579382
90 29611 -0.013554669216 1.65745250794e-05 -46.5961452969 -12.038675216
91 28410 -0.0137103286369 1.53498121375e-05 -46.5039925302 -11.9869213568
92 30867 -0.0138486289106 1.65410930551e-05 -46.4224730065 -11.994341212
93 29715 -0.0140005233061 1.62044586764e-05 -46.3333244296 -12.0164306335
94 29600 -0.014149616269 1.57800754813e-05 -46.2462083113 -12.0260744178
95 30783 -0.0142919861752 1.63054173443e-05 -46.1633772223 -11.9856998906
96 30351 -0.0144401393715 1.65819023325e-05 -46.0775490216 -11.9536275127
97 29098 -0.0145940154576 1.58167936721e-05 -45.9887998052 -11.9976206557
98 30149 -0.0147382109855 1.63165749256e-05 -45.9059962805 -12.0163984535
99 29692 -0.0148881010651 1.61509426304e-05 -45.8202919048 -11.9754385931
100 29738 -0.0150363561102 1.6400011668e-05 -45.7358902722 -12.003082004
101 29041 -0.0151886934343 1.59184536175e-05 -45.649543212 -12.0393446247
102 29780 -0.0153347099268 1.65255471599e-05 -45.5671367792 -12.0437892627
103 28714 -0.0154890845673 1.61247410352e-05 -45.4803917872 -11.9800928574
104 28835 -0.0156393987155 1.62124718582e-05 -45.3962998146 -11.9895726641
105 28700 -0.0157908860379 1.59135053893e-05 -45.3119198313 -11.9845934769
106 29446 -0.0159376848765 1.60509299154e-05 -45.2305018774 -11.9558512476
107 29792 -0.0160848870787 1.60002996144e-05 -45.1492044206 -11.9774866504
108 30298 -0.0162303959712 1.64050665948e-05 -45.0691787944 -11.9789210227
109 29573 -0.0163814041212 1.63867250606e-05 -44.9864804179 -11.9968578359
110 28919 -0.0165339392599 1.57299899149e-05 -44.9033071407 -11.9981002783
111 30229 -0.0166771537052 1.6491141057e-05 -44.8255446504 -11.9481137735
112 29249 -0.0168297920592 1.61894527479e-05 -44.7430131597 -11.9529210342
113 29180 -0.0169798146021 1.56801016809e-05 -44.6622437372 -11.9961183562
114 30656 -0.0171215751683 1.67532705596e-05 -44.5862371808 -11.9692420585
115 28884 -0.0172776158305 1.60351320739e-05 -44.5029255896 -11.9901228973
116 29271 -0.0174259779164 1.60342149294e-05 -44.4240530503 -11.9852598352
117 29666 -0.0175733406817 1.64211822676e-05 -44.3460371988 -11.9654816817
118 28908 -0.0177262236858 1.5430259297e-05 -44.2654394963 -11.9597407578
119 31152 -0.0178646113023 1.64057705373e-05 -44.192780853 -11.9516997597
120 30404 -0.018013546909 1.61944277879e-05 -44.1148978216 -11.9733453067
121 30317 -0.018160774676 1.63248656765e-05 -44.0382255932 -11.9929343994
122 29833 -0.0183103877233 1.6330010784e-05 -43.9606327903 -11.9826186042
123 29341 -0.0184612964309 1.58112080679e-05 -43.8826944243 -12.0057333893
124 30418 -0.0186048021828 1.60407859228e-05 -43.8088816118 -11.9983613455
125 30808 -0.0187494673564 1.64723370977e-05 -43.7347688497 -11.9474197628
126 29866 -0.0189003482537 1.61711065229e-05 -43.6577868829 -11.9784858527
127 29851 -0.0190485068456 1.64593065961e-05 -43.5825050994 -11.9422729291
128 28976 -0.0192015648125 1.60206493889e-05 -43.5050557164 -11.9564065892
129 29407 -0.0193494486549 1.5614129857e-05 -43.4305332989 -11.9387590147
130 31103 -0.0194895962382 1.62702762168e-05 -43.3601877814 -11.9519181228
131 30776 -0.0196364057753 1.61054982216e-05 -43.2867872063 -11.951621478
132 30966 -0.0197812822875 1.62446368702e-05 -43.2146411253 -11.9259378008
133 30720 -0.0199279934345 1.7097661367e-05 -43.1418712864 -11.9539127457
134 27951 -0.0200898768415 1.55777324925e-05 -43.061912313 -11.951727101
135 29672 -0.020233028139 1.58464026461e-05 -42.9914979535 -11.9579878324
136 30651 -0.0203763047276 1.61696604042e-05 -42.9212949976 -11.9650246693
137 30640 -0.0205225299684 1.6599454167e-05 -42.8499272648 -11.9394887284
138 29323 -0.0206759772302 1.58676266021e-05 -42.7753370618 -11.9485671086
139 30225 -0.0208204525935 1.56933315447e-05 -42.705389411 -11.9435791861
140 31712 -0.0209599522528 1.60854850435e-05 -42.6381081705 -11.9448994133
141 31973 -0.0211023526483 1.66898760704e-05 -42.5696872739 -11.9185847491
142 30319 -0.0212540792759 1.6183132512e-05 -42.497071982 -11.962491408
143 30267 -0.0214013260416 1.62515320871e-05 -42.4268818829 -11.9524874755
144 30006 -0.0215498365493 1.60659666321e-05 -42.356368245 -11.9167812476
145 30313 -0.0216959067028 1.65520505139e-05 -42.2872849015 -11.9056999975
146 29149 -0.021849369589 1.56752530488e-05 -42.2149936241 -11.9045293495
147 30639 -0.0219911267282 1.60384150734e-05 -42.1484776082 -11.9230328755
148 31039 -0.0221352305755 1.62858429223e-05 -42.0811159577 -11.8921651941
149 30664 -0.0222824481905 1.62077787448e-05 -42.0125632687 -11.9156201793
150 30535 -0.0224292707294 1.60286441849e-05 -41.9444592756 -11.9241800143
151 30964 -0.0225734603097 1.63141960986e-05 -41.8778324185 -11.9509700779
152 30502 -0.0227213252109 1.61410969555e-05 -41.8097690644 -11.9408429698
153 30580 -0.0228674363301 1.6083794245e-05 -41.7427718931 -11.9192206247
154 30837 -0.0230124207568 1.64358180728e-05 -41.6765442925 -11.9493857606
155 30005 -0.0231626179649 1.61978207906e-05 -41.6081997367 -11.9255029295
156 29909 -0.02331087797 1.62106353669e-05 -41.5409988437 -11.9360194648
157 29774 -0.0234595898491 1.56174282381e-05 -41.4738532879 -11.9270937186
158 31480 -0.0235989237896 1.66319538775e-05 -41.4111771023 -11.9335159754
159 30027 -0.0237508564502 1.59402319223e-05 -41.343091426 -11.9377986642
160 30724 -0.0238948110894 1.60182365276e-05 -41.2788276559 -11.9161640552
161 31189 -0.0240383872926 1.63171595331e-05 -41.2149705944 -11.9109370629
162 30715 -0.0241857667856 1.55853729e-05 -41.1496675808 -11.9136325553
163 32581 -0.0243224453254 1.69170393108e-05 -41.089327256 -11.9340690935
164 30192 -0.0244765596098 1.61397042265e-05 -41.0215433235 -11.9206553922
165 30273 -0.0246233958719 1.59788816666e-05 -40.9572094045 -11.9123456751
166 30854 -0.0247673942989 1.61659334933e-05 -40.8943534177 -11.8871812691
167 30855 -0.0249130765693 1.60935258536e-05 -40.8309975022 -11.8792773081
168 31083 -0.0250575721235 1.60396597466e-05 -40.7683899601 -11.9067866926
169 31485 -0.025200663197 1.64396255233e-05 -40.7066176805 -11.9141686895
170 30624 -0.0253493698893 1.64931794937e-05 -40.6426589032 -11.9173467794
171 29625 -0.0255010550763 1.57859723576e-05 -40.5776673487 -11.933744208
172 30791 -0.0256434607253 1.63205505741e-05 -40.5168786662 -11.9147838603
173 30312 -0.0257918460072 1.6148951144e-05 -40.453769969 -11.8745451164
174 30365 -0.0259385441023 1.62505759924e-05 -40.3916108224 -11.9016371491
175 30106 -0.0260867988516 1.60778987437e-05 -40.3290251355 -11.861151887
176 30377 -0.0262328229107 1.59254200198e-05 -40.2676088934 -11.8711253675
177 31128 -0.026375705357 1.58838852965e-05 -40.2077315849 -11.9083208088
178 32033 -0.0265161889803 1.650637931e-05 -40.149068273 -11.883394219
179 30946 -0.0266647187177 1.65649684388e-05 -40.0872689344 -11.8898603388
180 29719 -0.0268168220729 1.589234113e-05 -40.0242198901 -11.8880765062
181 30557 -0.026960735665 1.6157833149e-05 -39.9647853764 -11.8812249991
182 30583 -0.0271069907337 1.59292280683e-05 -39.9046015884 -11.8688236366
183 31327 -0.0272494527456 1.59347574933e-05 -39.8461885356 -11.8870796707
184 32072 -0.0273903012875 1.62220289296e-05 -39.788639607 -11.876817207
185 31891 -0.0275340949479 1.65800794259e-05 -39.7300940214 -11.8711849031
186 30580 -0.0276841793928 1.58766488915e-05 -39.6692086823 -11.8543181874
187 31492 -0.0278257995555 1.60719813216e-05 -39.6119634779 -11.8897223133
188 31794 -0.0279684787134 1.63212939542e-05 -39.5544917986 -11.8897249431
189 31298 -0.0281145168535 1.57825577449e-05 -39.4958755535 -11.8810610292
190 32541 -0.0282530101744 1.67164034502e-05 -39.4404814189 -11.8797409361
191 30775 -0.0284038485186 1.61257286039e-05 -39.3803630623 -11.8525532419
192 30902 -0.0285490583556 1.58185310872e-05 -39.3226972137 -11.8589348343
193 32012 -0.0286890093831 1.62196949195e-05 -39.2673129357 -11.8787870319
194 31839 -0.0288328999901 1.62662392577e-05 -39.2105662916 -11.9004240592
195 31517 -0.0289779370541 1.57499497204e-05 -39.1535682781 -11.8429735178
196 32877 -0.0291154352878 1.6648180104e-05 -39.0997181071 -11.8750770918
197 31308 -0.0292643724709 1.59057717772e-05 -39.0415902397 -11.9102148379
198 32147 -0.0294048006519 1.62939431147e-05 -38.9869749969 -11.8908853227
199 31733 -0.0295495903954 1.61288682902e-05 -38.9308572614 -11.8524002246
200 31853 -0.0296926421665 1.61177460692e-05 -38.8756053819 -11.8653305841
201 32010 -0.0298352452617 1.61302243146e-05 -38.8207160148 -11.8725224111
202 32127 -0.0299776985115 1.64409813222e-05 -38.7660719869 -11.8473693038
203 31244 -0.0301249341515 1.57225619843e-05 -38.709789572 -11.8627245337
204 32683 -0.0302625999727 1.61781571746e-05 -38.6573447374 -11.8783521058
205 32643 -0.0304043421436 1.65101469438e-05 -38.6035272365 -11.8248894723
206 31524 -0.0305515392477 1.60611166695e-05 -38.5478311714 -11.8558031836
207 31862 -0.0306939710145 1.63154364831e-05 -38.494124059 -11.8389188883
208 31383 -0.0308397575618 1.59764629841e-05 -38.4393402886 -11.8624352527
209 31993 -0.0309811477219 1.65468857527e-05 -38.3863896747 -11.851148513
210 30781 -0.031130441286 1.58894573427e-05 -38.3306717814 -11.8577603279
211 31658 -0.0312718040871 1.6036040518e-05 -38.2780951079 -11.8476494574
212 32079 -0.0314135317053 1.58498024236e-05 -38.2255589656 -11.837331681
213 33126 -0.0315513815807 1.65117706967e-05 -38.174628677 -11.8598749362
214 31985 -0.0316975280285 1.59686006156e-05 -38.1208136173 -11.8373968508
215 32633 -0.0318374565118 1.61899927867e-05 -38.0694614035 -11.881206394
216 32554 -0.0319794962682 1.63483356683e-05 -38.0175068275 -11.8443882412
217 31958 -0.0321242571699 1.60370211194e-05 -37.9647348079 -11.8711049753
218 32380 -0.0322653336451 1.61956783776e-05 -37.9134778494 -11.8132214983
219 32283 -0.0324080184597 1.57490960623e-05 -37.8618082971 -11.8084585151
220 33679 -0.0325438623902 1.70022227764e-05 -37.8127757237 -11.8160331398
221 30942 -0.0326968660275 1.56762844876e-05 -37.7577350392 -11.8434880312
222 32520 -0.0328344709332 1.5822523294e-05 -37.7084009674 -11.8390688921
223 33674 -0.0329709580823 1.63094371649e-05 -37.6596232437 -11.8426648102
224 33188 -0.0331126727306 1.6213174046e-05 -37.6091405295 -11.8324199738
225 33030 -0.0332538874627 1.61332829185e-05 -37.5590005047 -11.8445555485
226 33140 -0.0333941722745 1.64823458159e-05 -37.5093525678 -11.8427734532
227 32094 -0.0335398100228 1.58864807384e-05 -37.4579800786 -11.8273581098
228 33018 -0.0336782041232 1.59719888012e-05 -37.409322328 -11.848301861
229 33675 -0.0338159792299 1.66276071931e-05 -37.361035958 -11.7995749673
230 32135 -0.0339628060834 1.61690305612e-05 -37.3097452439 -11.8384459958
231 32126 -0.0341056049373 1.61916763236e-05 -37.2600271348 -11.835520146
232 32043 -0.0342487882294 1.61108775462e-05 -37.2103382441 -11.7995790471
233 32223 -0.0343908577984 1.59690677372e-05 -37.1611964551 -11.8091972287
234 32874 -0.0345302759501 1.6205032977e-05 -37.1131265737 -11.8422539264
235 32745 -0.0346720336905 1.65169659314e-05 -37.0644064848 -11.7939211851
236 31600 -0.0348191128991 1.55903031146e-05 -37.0140234352 -11.8147696049
237 33503 -0.0349539403263 1.66325592624e-05 -36.9679850931 -11.7848915676
238 31955 -0.0351012244014 1.61270278921e-05 -36.9178540523 -11.8079229178
239 32082 -0.0352437488206 1.60025945488e-05 -36.869502108 -11.8243356531
240 32619 -0.0353840048447 1.63239433341e-05 -36.8220717181 -11.8145445624
241 32101 -0.0355282271408 1.57790654954e-05 -36.7734565343 -11.8149942915
242 33388 -0.0356649227914 1.64144377515e-05 -36.7275242414 -11.7836847391
243 32558 -0.03580892414 1.58338306132e-05 -36.6792898137 -11.836635251
244 33675 -0.0359455075071 1.65987903859e-05 -36.63368422 -11.823253415
245 32229 -0.0360918659364 1.59659917005e-05 -36.5849696993 -11.8143729849
246 32890 -0.036231222495 1.57619589387e-05 -36.5387340397 -11.8058251868
247 34268 -0.0363660050169 1.67624358263e-05 -36.4941529618 -11.7986440608
248 32257 -0.036513742409 1.58835143591e-05 -36.4454409414 -11.785020966
249 33196 -0.0366517398394 1.65545215523e-05 -36.4000852414 -11.7917756388
250 31914 -0.0367984277023 1.55051881756e-05 -36.3520259359 -11.763794716
251 34130 -0.0369312816252 1.63654634069e-05 -36.3086342043 -11.8048803544
252 33447 -0.0370729318657 1.64510123135e-05 -36.2625103493 -11.79726268
253 32494 -0.0372173944034 1.62132357487e-05 -36.2156198078 -11.8019971517
254 32339 -0.0373601101754 1.61286588964e-05 -36.1694433436 -11.8081874442
255 32462 -0.0375018119403 1.61979835371e-05 -36.123738942 -11.8066573147
256 32357 -0.0376443533793 1.58985482319e-05 -36.0779077784 -11.7834923084
257 33248 -0.0377823731329 1.61930342235e-05 -36.0336675231 -11.7803510603
258 33157 -0.0379231412322 1.62401346825e-05 -35.9886845914 -11.8147193206
259 32909 -0.0380648505759 1.62166852251e-05 -35.9435412717 -11.7805256161
260 32741 -0.0382067186273 1.62169974151e-05 -35.8984878398 -11.7586535736
261 32573 -0.0383489551791 1.59331960363e-05 -35.8534578054 -11.7901986787
262 33352 -0.0384870590631 1.5970801274e-05 -35.8098700374 -11.7822936926
263 34020 -0.0386241241121 1.65044218002e-05 -35.7667400193 -11.7864775495
264 32873 -0.0387682196244 1.61254599781e-05 -35.7215366202 -11.800992037
265 33009 -0.0389087150695 1.62079430215e-05 -35.6775990217 -11.7827546593
266 32869 -0.0390502289273 1.59990750869e-05 -35.6334784951 -11.7683148065
267 33431 -0.0391887404447 1.60838401006e-05 -35.5904251842 -11.7611033572
268 33711 -0.0393274057017 1.5949128724e-05 -35.5474534744 -11.7804272768
269 34462 -0.0394634042587 1.62215420683e-05 -35.5054333565 -11.8057250169
270 34269 -0.0396021145747 1.60382749016e-05 -35.4627025215 -11.7691509961
271 34717 -0.0397383704594 1.67273131766e-05 -35.420852262 -11.7401032647
272 32796 -0.0398845813138 1.58813344748e-05 -35.3760809777 -11.796042603
273 33758 -0.0400214061288 1.62175317064e-05 -35.3343113054 -11.7523769496
274 33582 -0.0401614921854 1.61259072234e-05 -35.2916731966 -11.7528621145
275 33719 -0.0403005036236 1.60804069794e-05 -35.2494887814 -11.7921958461
276 34014 -0.0404385219092 1.63340448124e-05 -35.2077299733 -11.7762508167
277 33440 -0.0405799156014 1.61070850802e-05 -35.1650776929 -11.7673927887
278 33641 -0.0407189264496 1.60007738986e-05 -35.1232697391 -11.7452751558
279 34210 -0.0408558657941 1.62990809633e-05 -35.0822059542 -11.7624755921
280 33752 -0.0409963028069 1.61985078235e-05 -35.0402176768 -11.7831957458
281 33641 -0.0411361019881 1.62649244127e-05 -34.9985446119 -11.7644616775
282 33306 -0.0412771802788 1.59753384871e-05 -34.9566156366 -11.7604042444
283 33957 -0.0414144105169 1.62428506476e-05 -34.9159506346 -11.7766762977
284 33694 -0.0415544833466 1.59266376694e-05 -34.8745651284 -11.745978573
285 34523 -0.0416901693606 1.64313472451e-05 -34.8345925912 -11.7896356526
286 33607 -0.0418320512777 1.63804646723e-05 -34.7929172225 -11.7701507114
287 32884 -0.0419750390472 1.63305799235e-05 -34.7510431312 -11.7716784568
288 32340 -0.0421187858241 1.58279738788e-05 -34.7090737976 -11.7503564376
289 33470 -0.0422557373334 1.59128172445e-05 -34.6692064188 -11.74468559
290 34342 -0.0423916630897 1.6226126062e-05 -34.6297509658 -11.7465613182
291 34134 -0.0425306871306 1.64842785616e-05 -34.5895124562 -11.7473841357
292 33050 -0.0426742195807 1.59922224558e-05 -34.548091901 -11.7791884636
293 33639 -0.0428122441133 1.58069354973e-05 -34.5083780249 -11.7435887324
294 34888 -0.0429462036423 1.6240301779e-05 -34.4699431906 -11.7314845811
295 34626 -0.0430843553362 1.65214269039e-05 -34.4304179832 -11.7274322572
296 33400 -0.0432274548392 1.62698043746e-05 -34.3895970482 -11.7270526231
297 33051 -0.0433691187371 1.58249915372e-05 -34.349305237 -11.7477006571
298 34216 -0.0435045431344 1.66964622322e-05 -34.3108988255 -11.7512549479
299 32424 -0.0436513191914 1.55769372538e-05 -34.2693948206 -11.7144354305
300 34424 -0.0437842179553 1.56704299583e-05 -34.2319236928 -11.7274954183
301 36201 -0.043914590463 1.69080188033e-05 -34.1952648838 -11.7295549884
302 33578 -0.0440606515848 1.59915349578e-05 -34.1543118555 -11.7403275564
303 34178 -0.0441975759634 1.6191360087e-05 -34.1160325991 -11.7297980903
304 34091 -0.0443363895254 1.61536847643e-05 -34.0773353429 -11.7117099183
305 34134 -0.0444747918831 1.60288435933e-05 -34.0388626673 -11.7244020141
306 34613 -0.044611171368 1.63864718536e-05 -34.0010592444 -11.7178034666
307 33848 -0.0447521605155 1.62094490692e-05 -33.9620891826 -11.755824637
308 33700 -0.04489193316 1.59212149063e-05 -33.923566414 -11.724361401
309 34548 -0.0450275235649 1.60515714766e-05 -33.8863015218 -11.7141839495
310 34952 -0.0451634323419 1.60903157868e-05 -33.8490526752 -11.7020586311
311 35222 -0.0452991460964 1.67893956276e-05 -33.811960299 -11.7352780408
312 33065 -0.0454453029513 1.5554143854e-05 -33.7721283348 -11.7146294961
313 35185 -0.0455765624652 1.60556659303e-05 -33.7364572438 -11.7559083758
314 35582 -0.045711297703 1.64362567461e-05 -33.699940505 -11.7354700169
315 34620 -0.045851128874 1.60261307137e-05 -33.6621481707 -11.7350488554
316 35115 -0.0459865061582 1.65416443723e-05 -33.625661586 -11.7272598459
317 33803 -0.0461289255866 1.56408589559e-05 -33.5873848744 -11.7321324808
318 35655 -0.0462600447379 1.63188322855e-05 -33.5522426085 -11.7192588998
319 35107 -0.0463979112942 1.68033806064e-05 -33.515392191 -11.6633178039
320 32910 -0.0465445331718 1.58958021287e-05 -33.4763138812 -11.6857145308
321 33826 -0.0466813456962 1.62058194407e-05 -33.4399539859 -11.6765970369
322 33690 -0.0468211067413 1.57760031307e-05 -33.4029136967 -11.7343875032
323 35051 -0.0469544931628 1.62960322827e-05 -33.3676597427 -11.7241956958
324 34592 -0.0470931877518 1.60928324435e-05 -33.3311027927 -11.7160978771
325 34850 -0.0472296446295 1.5984837353e-05 -33.295234702 -11.7136770605
326 35497 -0.0473639450036 1.58856714386e-05 -33.2600289918 -11.6918220774
327 36522 -0.0474955261618 1.69191632398e-05 -33.2256276546 -11.6686789353
328 33837 -0.0476411220446 1.57782939215e-05 -33.1876674086 -11.7225817507
329 35196 -0.0477742532284 1.61984487229e-05 -33.1530533262 -11.7003923331
330 35081 -0.0479111536679 1.6253489332e-05 -33.1175548098 -11.7345718751
331 34771 -0.0480491289553 1.61250840497e-05 -33.0818752423 -11.6857412768
332 34916 -0.0481857302813 1.58894133962e-05 -33.0466471656 -11.684684893
333 35911 -0.0483184581413 1.65521730873e-05 -33.0125093305 -11.6821769363
334 34532 -0.0484594551785 1.60961606646e-05 -32.9763428413 -11.7450637722
335 34778 -0.0485960818716 1.64342180637e-05 -32.9413934875 -11.6993811202
336 33845 -0.0487374879582 1.54896795342e-05 -32.9053207786 -11.7109747504
337 36252 -0.0488662656524 1.72299015149e-05 -32.8725570374 -11.6691900744
338 32546 -0.0490174488882 1.54395452875e-05 -32.8341988196 -11.6855394465
339 35039 -0.0491480130096 1.61959879201e-05 -32.8011638129 -11.6869920636
340 34933 -0.0492851818434 1.60986562543e-05 -32.7665489029 -11.7031712705
341 35173 -0.0494210603635 1.61431901538e-05 -32.7323513876 -11.6847487299
342 35255 -0.0495571563007 1.59128720608e-05 -32.6981903587 -11.6951552863
343 36173 -0.0496895971508 1.65271406962e-05 -32.6650340748 -11.6870971808
344 34872 -0.0498296922702 1.5577120061e-05 -32.6300549056 -11.6661179291
345 37022 -0.0499578441382 1.66831595306e-05 -32.5981414658 -11.6920597389
346 35131 -0.0500987408609 1.58868703457e-05 -32.5631461553 -11.6920687103
347 36141 -0.0502310236939 1.62774596398e-05 -32.5303776502 -11.6937919729
348 35735 -0.0503673266486 1.60739515016e-05 -32.4967014182 -11.6992654949
349 36071 -0.0505012975323 1.61213963054e-05 -32.4636881896 -11.6615983712
350 36235 -0.0506353589526 1.63742530581e-05 -32.4307384775 -11.6971771662
351 35478 -0.0507729683542 1.61974833995e-05 -32.3970056889 -11.6614750208
352 35365 -0.0509093088227 1.62015161783e-05 -32.3636724823 -11.6509757486
353 35238 -0.0510459288861 1.59309928154e-05 -32.3303589582 -11.6486347804
354 36089 -0.0511786746013 1.61830085488e-05 -32.2980742486 -11.6691820063
355 36027 -0.0513136360461 1.6191021359e-05 -32.2653353002 -11.6482825207
356 35936 -0.0514488354019 1.63370192308e-05 -32.2326238817 -11.6548971867
357 35318 -0.0515864417958 1.58415176448e-05 -32.1994173533 -11.6671927073
358 36501 -0.0517176947094 1.66337007311e-05 -32.1678257418 -11.6509422671
359 34810 -0.051858818487 1.58981573657e-05 -32.1339469624 -11.6722531998
360 35770 -0.0519918804924 1.61558465711e-05 -32.1020873714 -11.6702962326
361 35807 -0.0521270284978 1.61833394673e-05 -32.0698113032 -11.6542162635
362 35745 -0.0522625253938 1.64615016241e-05 -32.0375355462 -11.6621885766
363 34690 -0.0524024306344 1.59579366386e-05 -32.0042972427 -11.6645541641
364 35431 -0.0525366304532 1.62428642766e-05 -31.9724976655 -11.6511489429
365 35156 -0.0526737588881 1.61955569507e-05 -31.9400880115 -11.6479306738
366 35051 -0.0528106926433 1.61373088869e-05 -31.9078086499 -11.6468208705
367 35154 -0.0529469348949 1.58776314844e-05 -31.8757755605 -11.6571542488
368 36199 -0.053079035559 1.6340462323e-05 -31.8447952403 -11.6707047526
369 35564 -0.0532161940035 1.58868250114e-05 -31.8127107658 -11.6620787074
370 36587 -0.0533476684053 1.62034844402e-05 -31.7820340439 -11.6907611113
371 36449 -0.0534820172812 1.62367367332e-05 -31.7507653287 -11.6289469461
372 36189 -0.0536171241896 1.63378206305e-05 -31.7194001176 -11.6503894257
373 35564 -0.0537542610318 1.59512895638e-05 -31.6876453175 -11.6485085537
374 36348 -0.0538867016787 1.65735174453e-05 -31.6570557484 -11.6321481079
375 34877 -0.0540271812261 1.57078827469e-05 -31.6246926795 -11.6326994883
376 36538 -0.0541572611656 1.605865595e-05 -31.5948015448 -11.6311424644
377 36939 -0.0542895229437 1.65165808063e-05 -31.5644838094 -11.6327838293
378 35649 -0.0544279951487 1.61589076263e-05 -31.532822969 -11.6398589847
379 35675 -0.0545634190006 1.60680958196e-05 -31.5019384481 -11.6417896217
380 36032 -0.0546974138258 1.5779028246e-05 -31.4714567507 -11.6375201075
381 37476 -0.0548264370664 1.66820893319e-05 -31.4421780542 -11.6440016138
382 35565 -0.0549664611678 1.60767544755e-05 -31.410482663 -11.6323223712
383 35889 -0.0551007943832 1.61632518957e-05 -31.3801531084 -11.6630734428
384 35900 -0.0552358307132 1.56633606444e-05 -31.3497411723 -11.6374993086
385 37780 -0.0553633915872 1.62381489886e-05 -31.3210828769 -11.6415430525
386 37505 -0.0554961182803 1.67050737893e-05 -31.2913360162 -11.6118911354
387 35510 -0.0556364444801 1.61697416384e-05 -31.2599655172 -11.6362464147
388 35497 -0.0557722987538 1.59140326803e-05 -31.2296723643 -11.6255443154
389 36417 -0.0559043047806 1.64643173409e-05 -31.2003101901 -11.6093174593
390 35332 -0.0560429566834 1.58382983551e-05 -31.1695468399 -11.6147912893
391 36528 -0.056174135475 1.63205948856e-05 -31.1405140126 -11.5988653112
392 35960 -0.0563103714898 1.61213748022e-05 -31.110436181 -11.6382993959
393 36124 -0.056444639333 1.62956535121e-05 -31.0808666543 -11.6200332229
394 35652 -0.0565812527547 1.56303434705e-05 -31.0508554601 -11.6392460187
395 37646 -0.0567087725582 1.63540281926e-05 -31.0229098718 -11.6362679548
396 36935 -0.0568434734949 1.63365698875e-05 -30.9934615317 -11.6079142389
397 36302 -0.0569791993502 1.61438252178e-05 -30.96386261 -11.6456365292
398 36384 -0.0571131718525 1.60246525537e-05 -30.934718136 -11.6190593934
399 36910 -0.0572452045412 1.63272693634e-05 -30.9060654604 -11.6077337443
400 36312 -0.0573808350665 1.6320038065e-05 -30.8767039104 -11.6105157376
401 35749 -0.0575174671563 1.58522997673e-05 -30.8471989481 -11.6142679318
402 36906 -0.0576480867534 1.63846402443e-05 -30.8190609894 -11.5868185824
403 36097 -0.0577845978425 1.58203152347e-05 -30.7897253337 -11.6100370809
404 37387 -0.0579141134669 1.63564124475e-05 -30.7619602369 -11.6170140217
405 36672 -0.0580493162248 1.62306185586e-05 -30.7330455743 -11.6262858576
406 36433 -0.0581839191821 1.58386032181e-05 -30.7043295797 -11.6101701324
407 37665 -0.0583131051529 1.65120997654e-05 -30.6768350568 -11.6037290038
408 36366 -0.0584501679776 1.59954593592e-05 -30.6477343445 -11.6257674186
409 37001 -0.0585817975589 1.63683841641e-05 -30.6198550282 -11.6193093695
410 36250 -0.0587178857873 1.61550608946e-05 -30.5911009859 -11.6420347139
411 36291 -0.0588521241579 1.56828302629e-05 -30.5628068968 -11.6103067496
412 38116 -0.058979279437 1.60575608448e-05 -30.5360688125 -11.6274459058
413 38538 -0.059108758435 1.65906723382e-05 -30.5089049311 -11.6203349311
414 36914 -0.0592454481283 1.63428686743e-05 -30.480296848 -11.6149700553
415 36258 -0.0593813083242 1.6180732314e-05 -30.4519319 -11.6095875994
416 36204 -0.0595159203863 1.61116306038e-05 -30.4238956569 -11.6024642974
417 36405 -0.0596495880214 1.57556750496e-05 -30.3961229684 -11.6067934799
418 37954 -0.059777606656 1.59012306555e-05 -30.369586235 -11.6155748242
419 38988 -0.059905082828 1.68439311311e-05 -30.3432222499 -11.6050967853
420 36398 -0.0600448385303 1.57518243759e-05 -30.3143875822 -11.6196233156
421 37962 -0.0601728131484 1.65402508953e-05 -30.2880466099 -11.5981889864
422 36548 -0.0603097668464 1.6025065142e-05 -30.2599239546 -11.5955703781
423 37075 -0.0604415091207 1.63556960432e-05 -30.2329360687 -11.5687574073
424 36369 -0.0605772686985 1.58478110664e-05 -30.2051912981 -11.594674285
425 37563 -0.0607067039651 1.64413723494e-05 -30.1788012453 -11.6068402354
426 36529 -0.0608428756591 1.60069227274e-05 -30.1511030783 -11.5867119873
427 37124 -0.0609743818519 1.60901465317e-05 -30.1244172866 -11.5872584836
428 37411 -0.0611060631808 1.56084800147e-05 -30.0977581428 -11.586434112
429 39591 -0.0612302368258 1.66994147359e-05 -30.0726757608 -11.5498597498
430 37507 -0.0613667307712 1.6560984763e-05 -30.0451681595 -11.586161794
431 36035 -0.0615048304678 1.58910500348e-05 -30.0174043047 -11.6075904855
432 37055 -0.0616355055832 1.6230371707e-05 -29.9911952669 -11.5888757322
433 36814 -0.0617694073931 1.57105299044e-05 -29.9644015484 -11.5817156176
434 38557 -0.0618960573295 1.65475622171e-05 -29.9391169345 -11.5947119633
435 37094 -0.0620320606776 1.57037363833e-05 -29.9120275677 -11.6069026226
436 38877 -0.0621581336254 1.64890874571e-05 -29.8869738427 -11.5756832468
437 37624 -0.0622926979348 1.60880217324e-05 -29.8602937076 -11.5745035759
438 37923 -0.0624234699804 1.65528492691e-05 -29.834425641 -11.5733152892
439 36464 -0.0625606860649 1.55399255553e-05 -29.8073464273 -11.5657762986
440 38859 -0.0626854737693 1.64306890462e-05 -29.7827762342 -11.5605752948
441 37830 -0.0628191959991 1.59456193549e-05 -29.7565062093 -11.5550158561
442 38686 -0.0629475262384 1.59517516018e-05 -29.73135299 -11.5785993009
443 39537 -0.0630745170932 1.68819778261e-05 -29.7065175853 -11.5937751768
444 36769 -0.0632138810539 1.60230530765e-05 -29.6793254782 -11.5568309362
445 37307 -0.0633451969108 1.59145300778e-05 -29.6537638874 -11.5735555155
446 38272 -0.0634739681759 1.63652424351e-05 -29.6287541548 -11.5771193842
447 37507 -0.0636077306062 1.54668668412e-05 -29.6028341273 -11.5323125745
448 40268 -0.0637297384689 1.69222228504e-05 -29.5792441889 -11.5503025557
449 37296 -0.0638684434996 1.58392987669e-05 -29.5524863295 -11.5645324112
450 38554 -0.0639961362096 1.64037801972e-05 -29.5279095442 -11.5638918216
451 37636 -0.0641299837082 1.54698384191e-05 -29.5022062746 -11.5387482974
452 40394 -0.0642518241084 1.68984360538e-05 -29.4788603283 -11.5715196638
453 37503 -0.0643899513544 1.61215179936e-05 -29.4524528694 -11.5474759601
454 37673 -0.0645214301939 1.60818411991e-05 -29.427374738 -11.5577765881
455 37997 -0.0646520259941 1.64426921311e-05 -29.4025211099 -11.5711876747
456 36946 -0.0647874377111 1.57603933675e-05 -29.3768097835 -11.5391682135
457 38500 -0.0649145841278 1.63488668292e-05 -29.3527221632 -11.5460014125
458 37793 -0.0650477058427 1.59467908471e-05 -29.3275587359 -11.5573969528
459 38644 -0.0651761159548 1.60935348462e-05 -29.3033402202 -11.5598737638
460 38930 -0.0653052309444 1.63033220015e-05 -29.2790423459 -11.5528526127
461 38392 -0.0654369420293 1.62570813248e-05 -29.2543110993 -11.5507438621
462 38039 -0.0655688867504 1.56619761359e-05 -29.229591679 -11.5412133284
463 40037 -0.0656927895788 1.65909215361e-05 -29.2064294696 -11.5419471541
464 38349 -0.0658268997143 1.58428395707e-05 -29.1814141615 -11.539528489
465 39628 -0.0659528779076 1.61703700362e-05 -29.1579676409 -11.546291607
466 39611 -0.0660814889587 1.63404429976e-05 -29.1340828526 -11.5799559674
467 38917 -0.0662126068618 1.62656669316e-05 -29.1097861583 -11.534374411
468 38526 -0.0663437849035 1.64257812131e-05 -29.0855323494 -11.5814519104
469 37525 -0.0664780102816 1.60384915845e-05 -29.060770867 -11.5347579682
470 38014 -0.0666082238609 1.62229941882e-05 -29.0368031851 -11.5463169379
471 37795 -0.0667403163374 1.60289714185e-05 -29.0125435397 -11.5162628275
472 38325 -0.066869924318 1.59023198089e-05 -28.9887927567 -11.530527249
473 39365 -0.0669967976865 1.64228583454e-05 -28.9655933655 -11.5495794102
474 38353 -0.0671295416597 1.6726799195e-05 -28.9413735766 -11.5566722481
475 36233 -0.0672686414195 1.55977292478e-05 -28.9160521823 -11.5393259612
476 38386 -0.0673946616854 1.6384484787e-05 -28.8931628616 -11.5628503283
477 37545 -0.06752851294 1.6001918315e-05 -28.8689042227 -11.5480882211
478 38176 -0.0676581541056 1.62207267567e-05 -28.845460524 -11.5275234223
479 37965 -0.0677899324351 1.55767352336e-05 -28.8216825432 -11.5309888908
480 40307 -0.0679127477263 1.66447647801e-05 -28.7995690697 -11.5266126225
481 38397 -0.0680472082183 1.5848366871e-05 -28.7754109024 -11.5159683775
482 39656 -0.0681731869248 1.64102580163e-05 -28.7528258753 -11.5304135095
483 38686 -0.0683052570706 1.59790902558e-05 -28.7291997791 -11.5195631501
484 39427 -0.0684326422294 1.62824145547e-05 -28.7064610699 -11.5113110323
485 38965 -0.0685632141573 1.63027804694e-05 -28.68320358 -11.5129713498
486 38429 -0.0686948580859 1.63890391532e-05 -28.659806296 -11.5384154822
487 37570 -0.0688287025281 1.56914655689e-05 -28.6360703968 -11.5036433129
488 39425 -0.0689537983736 1.6150007041e-05 -28.6139336621 -11.5148408906
489 39490 -0.069082444757 1.60690904789e-05 -28.5912165419 -11.5507087181
490 39881 -0.0692098171347 1.65524737289e-05 -28.5687721078 -11.4912888538
491 38348 -0.0693436168607 1.59754120428e-05 -28.5452460732 -11.5107807452
492 39098 -0.0694715088427 1.62099850366e-05 -28.5228074615 -11.5353768905
493 38924 -0.0696015669966 1.61417491656e-05 -28.5000374209 -11.5321642308
494 39020 -0.0697309182418 1.58372590867e-05 -28.4774396256 -11.559827085
495 40345 -0.0698557291907 1.63367960248e-05 -28.4556807176 -11.5186261761
496 39652 -0.0699855958806 1.62016158151e-05 -28.4330879103 -11.5177849677
497 39509 -0.0701146208104 1.61096703204e-05 -28.4106893611 -11.5483234496
498 39736 -0.0702425472996 1.62766917873e-05 -28.3885284088 -11.5127517107
499 39293 -0.0703725271035 1.64065733346e-05 -28.3660594476 -11.4723029899
500 38346 -0.0705051513236 1.58008559104e-05 -28.3431827517 -11.5023564012
501 39795 -0.0706305329637 1.60794511287e-05 -28.3216010819 -11.4974770497
502 40147 -0.0707575648757 1.58214834933e-05 -28.2997805473 -11.505832809
503 41577 -0.0708803905074 1.6614090695e-05 -28.2787256583 -11.4810326413
504 39730 -0.0710123321726 1.60577609374e-05 -28.2561551813 -11.5214315025
505 40169 -0.0711391567804 1.64158985951e-05 -28.2345058843 -11.5032441896
506 39164 -0.0712704635367 1.59354113832e-05 -28.2121386645 -11.5148728043
507 40092 -0.0713964432096 1.61650458455e-05 -28.1907238686 -11.5399177515
508 40096 -0.0715242312387 1.61855724182e-05 -28.1690465522 -11.4953165428
509 40017 -0.0716523084634 1.63815710229e-05 -28.1473653889 -11.5038112819
510 39152 -0.0717833609299 1.59069986995e-05 -28.1252272784 -11.5000173409
511 40195 -0.0719089539517 1.64508769472e-05 -28.1040556049 -11.5231726583
512 39051 -0.0720407314485 1.6021233302e-05 -28.0818877538 -11.5195396753
513 39630 -0.0721681265011 1.57032370516e-05 -28.0605021219 -11.4955406834
514 41537 -0.0722900919666 1.64468844075e-05 -28.0400692702 -11.5134979231
515 40371 -0.0724196655208 1.62679768233e-05 -28.0184059886 -11.5059095602
516 39956 -0.0725484930334 1.64947640238e-05 -27.9969123968 -11.4903361856
517 38646 -0.0726813118908 1.5716301181e-05 -27.9747996789 -11.5197005104
518 40452 -0.0728050051567 1.63939692678e-05 -27.9542488514 -11.5143176323
519 39528 -0.0729355317753 1.59697169294e-05 -27.9326071137 -11.4828309689
520 40324 -0.0730614190562 1.63794404149e-05 -27.9117776621 -11.4749942988
521 39461 -0.0731919406133 1.62192935568e-05 -27.8902259359 -11.4810626111
522 39249 -0.0733215347091 1.6148990651e-05 -27.8688720572 -11.4731988398
523 39317 -0.0734504544445 1.62204848197e-05 -27.8476733601 -11.47986366
524 39101 -0.0735803030276 1.572246883e-05 -27.8263662197 -11.4700508677
525 40903 -0.0737033613197 1.58798427193e-05 -27.806214214 -11.4678663383
526 42109 -0.0738258579199 1.66791291752e-05 -27.7861936056 -11.4755957238
527 39974 -0.0739579113569 1.58351020593e-05 -27.7646549628 -11.4860397066
528 41340 -0.0740811936729 1.65153139719e-05 -27.7445879433 -11.4829797563
529 39901 -0.0742120692869 1.63277984071e-05 -27.7233281403 -11.4886660697
530 39252 -0.0743425250596 1.57070204234e-05 -27.7021806816 -11.4789139711
531 41125 -0.0744651294782 1.62568606579e-05 -27.6823460167 -11.4656860456
532 40748 -0.0745926114218 1.63610032902e-05 -27.6617633137 -11.4936652956
533 39950 -0.0747221847766 1.65394510654e-05 -27.6408856866 -11.4613560872
534 38466 -0.0748556755661 1.58599608153e-05 -27.619421791 -11.4769333231
535 39680 -0.0749817074895 1.62499038939e-05 -27.5991989257 -11.462795321
536 39344 -0.0751113885811 1.57402506605e-05 -27.578432696 -11.471186591
537 41083 -0.0752343160072 1.63372210873e-05 -27.558787329 -11.4838993934
538 40376 -0.0753630170953 1.57421111043e-05 -27.5382602038 -11.4717093204
539 42152 -0.0754843891694 1.6500646812e-05 -27.5189402821 -11.4703626809
540 40746 -0.0756137867178 1.61700628668e-05 -27.498383661 -11.4908281934
541 40730 -0.075740616678 1.59910322424e-05 -27.4782756697 -11.4628440868
542 41460 -0.0758649324556 1.68572304567e-05 -27.4586053026 -11.4694315148
543 38654 -0.0760006562116 1.56857670562e-05 -27.4371738386 -11.4726209622
544 40586 -0.0761239050311 1.59126213413e-05 -27.4177518838 -11.4682284471
545 41644 -0.076247338184 1.6371020365e-05 -27.3983385986 -11.4473865176
546 40787 -0.0763756536698 1.58538625102e-05 -27.3781973312 -11.4630878136
547 42101 -0.0764979621821 1.65138755081e-05 -27.3590367129 -11.4482910407
548 40642 -0.0766276288231 1.64026900976e-05 -27.3387635084 -11.46770342
549 39678 -0.0767579768844 1.55365444964e-05 -27.3184252652 -11.4357418571
550 42298 -0.0768775572585 1.64813804368e-05 -27.2998035967 -11.4745974866
551 40967 -0.0770064544918 1.61723592421e-05 -27.2797700504 -11.475571824
552 40941 -0.0771329745944 1.62780185478e-05 -27.2601451929 -11.4338437209
553 40479 -0.0772610463473 1.61724130257e-05 -27.2403191214 -11.4397689825
554 40453 -0.0773883275758 1.6130710584e-05 -27.2206546524 -11.4572432542
555 40599 -0.0775150529664 1.61117962984e-05 -27.2011147943 -11.4746803779
556 40823 -0.0776412807604 1.61914553732e-05 -27.1816899742 -11.4496815059
557 40718 -0.0777682964638 1.65049601123e-05 -27.1621823906 -11.471051616
558 39342 -0.0779000160657 1.55877402765e-05 -27.1419930211 -11.4518016574
559 41722 -0.078020815694 1.60973004349e-05 -27.1235137012 -11.4483571071
560 42014 -0.078145129606 1.62254790824e-05 -27.1045329281 -11.4428588692
561 41762 -0.0782708119042 1.63599648594e-05 -27.0853803897 -11.448227196
562 40949 -0.0783987876799 1.63191195615e-05 -27.0659166406 -11.4427649247
563 40318 -0.0785274381776 1.59085772677e-05 -27.0463891026 -11.4448064565
564 41386 -0.078651223998 1.60730255478e-05 -27.0276366076 -11.4394113334
565 41779 -0.0787756998657 1.65565546481e-05 -27.0088157142 -11.4401302656
566 40157 -0.0789064843236 1.60311832968e-05 -26.9890798836 -11.4512375806
567 40711 -0.0790322542968 1.62489388996e-05 -26.9701382747 -11.4407297802
568 40370 -0.0791602689117 1.56605584189e-05 -26.9508962782 -11.4194010306
569 42497 -0.0792805218756 1.63976017271e-05 -26.9328554597 -11.3934131561
570 41511 -0.079407920919 1.62867046225e-05 -26.9137789336 -11.4254166396
571 41006 -0.079535234285 1.62367917083e-05 -26.894752519 -11.4586697273
572 40713 -0.0796626137273 1.58555857283e-05 -26.8757534219 -11.4281743271
573 42017 -0.0797850573635 1.64869810914e-05 -26.8575254869 -11.442176045
574 40672 -0.0799144655869 1.59352570161e-05 -26.838297901 -11.4322477161
575 41636 -0.0800380855536 1.60756541001e-05 -26.8199658965 -11.4028929473
576 42020 -0.0801622240094 1.62156690102e-05 -26.8015918682 -11.4314524817
577 41809 -0.0802877588622 1.63399620015e-05 -26.7830465868 -11.4065197899
578 41078 -0.0804153767729 1.63575117996e-05 -26.7642299935 -11.4158950758
579 40288 -0.0805443782303 1.60409689918e-05 -26.7452466151 -11.4214006008
580 40803 -0.080670082624 1.60048893596e-05 -26.7267843087 -11.4158728651
581 41476 -0.080794482244 1.59503429195e-05 -26.7085484117 -11.3916444267
582 42394 -0.0809171079486 1.66415115642e-05 -26.6906063203 -11.4203164338
583 40398 -0.0810481697776 1.59836971526e-05 -26.6714668475 -11.4096526428
584 41153 -0.081172891634 1.59293642901e-05 -26.6532885873 -11.4059439443
585 42154 -0.081295704844 1.61968931491e-05 -26.6354221164 -11.4273184206
586 42023 -0.0814207756993 1.66780074551e-05 -26.6172613859 -11.4241418105
587 39897 -0.0815529477852 1.52911866104e-05 -26.5981069062 -11.411593322
588 43607 -0.0816688604623 1.69228781898e-05 -26.5813402755 -11.3950135788
589 40386 -0.0818021589986 1.58564352252e-05 -26.5620951149 -11.4094675999
590 41676 -0.0819251092308 1.59003205728e-05 -26.5443783516 -11.3861509773
591 42816 -0.0820467473931 1.65709601135e-05 -26.5268829976 -11.4285862713
592 41093 -0.082176145222 1.60168802726e-05 -26.5083067796 -11.4119790361
593 41720 -0.0823002735055 1.60366035276e-05 -26.4905210769 -11.4318808523
594 42272 -0.0824237407436 1.59366234156e-05 -26.4728630528 -11.3967282209
595 43268 -0.0825450174387 1.65541317047e-05 -26.4555502324 -11.4288122863
596 41598 -0.0826734972344 1.62346028866e-05 -26.4372435465 -11.4029487123
597 41310 -0.0827999359428 1.59194209922e-05 -26.4192621584 -11.4168455957
598 42358 -0.0829223772111 1.65014949499e-05 -26.4018817627 -11.4306155724
599 40941 -0.083051471912 1.6059847475e-05 -26.3835914558 -11.4328703685
600 41385 -0.0831764362244 1.58411049322e-05 -26.3659200217 -11.4091541672
601 42773 -0.0832976815787 1.63979925315e-05 -26.3488060682 -11.3915080505
602 41779 -0.0834246744682 1.6195704177e-05 -26.3309140968 -11.3910613586
603 41654 -0.0835502885758 1.58238416608e-05 -26.3132497635 -11.4056425362
604 43127 -0.0836709043024 1.67171829395e-05 -26.2963194815 -11.4043923338
605 40783 -0.08380194011 1.58009728448e-05 -26.2779610828 -11.4251561463
606 42323 -0.0839235195641 1.60609876155e-05 -26.2609595884 -11.4080601274
607 42777 -0.0840464425113 1.6202736229e-05 -26.2438014991 -11.41297575
608 42618 -0.0841706808788 1.6077107288e-05 -26.2264916686 -11.3814288667
609 43005 -0.0842934009477 1.67091413357e-05 -26.2094247503 -11.3838753155
610 40701 -0.084424505916 1.56574919626e-05 -26.1912260806 -11.4265772163
611 42858 -0.0845442267968 1.64971925027e-05 -26.174638551 -11.403000696
612 41443 -0.0846725048031 1.5988787113e-05 -26.1568980803 -11.3726213666
613 42196 -0.0847957152098 1.62558602254e-05 -26.1398901728 -11.3755222064
614 41814 -0.0849215547793 1.63275700129e-05 -26.1225513421 -11.4056119232
615 41135 -0.0850489881669 1.59157769303e-05 -26.1050257779 -11.4190271153
616 42194 -0.0851716388276 1.58939377485e-05 -26.0881891238 -11.4020080191
617 43376 -0.0852924403469 1.64084408197e-05 -26.0716360994 -11.3997380909
618 42323 -0.0854186946665 1.61471387726e-05 -26.0543674104 -11.3803162247
619 42405 -0.0855428184112 1.61330521837e-05 -26.0374214508 -11.3952491865
620 42548 -0.0856666253858 1.60886667521e-05 -26.0205495859 -11.3822488517
621 42884 -0.0857896067913 1.64407653528e-05 -26.0038206462 -11.3701084407
622 41706 -0.0859170421456 1.54952070114e-05 -25.9865177438 -11.404594406
623 44647 -0.0860331243522 1.64048419057e-05 -25.9707845315 -11.3817778162
624 43579 -0.0861575186091 1.61041027393e-05 -25.9539544914 -11.3820748455
625 43854 -0.0862792484498 1.62194002196e-05 -25.9375146524 -11.3849628589
626 43618 -0.0864021818402 1.65960693799e-05 -25.9209420256 -11.3808708137
627 41757 -0.0865307423429 1.58540070976e-05 -25.9036427087 -11.3708223639
628 43101 -0.0866516239067 1.59913234878e-05 -25.8874063539 -11.3937892804
629 43872 -0.0867724759821 1.61348029826e-05 -25.8712026316 -11.3848109339
630 44012 -0.0868942194413 1.63323277624e-05 -25.8549083052 -11.3660178426
631 43276 -0.0870184961838 1.63867312631e-05 -25.8383047726 -11.3654276361
632 42318 -0.0871445901594 1.58694825787e-05 -25.8214891987 -11.398122486
633 43612 -0.0872648795024 1.59755650935e-05 -25.8054765015 -11.3674986481
634 44464 -0.087384807121 1.66289868957e-05 -25.7895398647 -11.3801103396
635 42425 -0.0875126043506 1.60517256264e-05 -25.7725880607 -11.3651921147
636 42920 -0.0876352509759 1.59647691348e-05 -25.7563490659 -11.3807418518
637 43806 -0.0877559936422 1.62153051087e-05 -25.7403904117 -11.3593846477
638 43588 -0.0878789377667 1.63100755437e-05 -25.7241695122 -11.3751554023
639 42956 -0.088003506683 1.58251782725e-05 -25.7077637257 -11.3725975654
640 44469 -0.0881222985041 1.63435512397e-05 -25.6921463588 -11.3775943776
641 43676 -0.088246090419 1.60428533497e-05 -25.6759002062 -11.3693917297
642 44226 -0.0883668466171 1.62685052152e-05 -25.6600804758 -11.360815037
643 43769 -0.0884899387481 1.62423218247e-05 -25.6439831344 -11.3408462631
644 43432 -0.0886133087176 1.60527041922e-05 -25.6278781632 -11.3834242379
645 43935 -0.0887345385927 1.60047812093e-05 -25.6120804859 -11.3667830396
646 44660 -0.0888544207273 1.64722091377e-05 -25.5964855832 -11.38202879
647 43295 -0.0889797349776 1.58340650286e-05 -25.5802128275 -11.3870473182
648 44779 -0.0890981807058 1.62475612397e-05 -25.5648589673 -11.3442540763
649 44410 -0.0892202231989 1.64759306804e-05 -25.5490662223 -11.3768855853
650 43036 -0.0893459417861 1.64099690722e-05 -25.5328267355 -11.3665597482
651 41984 -0.0894727154816 1.54708277698e-05 -25.5164806382 -11.3537229286
652 45056 -0.089588087573 1.62185302138e-05 -25.5016304933 -11.3385905912
653 44817 -0.0897093582173 1.66926413344e-05 -25.4860475906 -11.3553668809
654 42487 -0.0898375514009 1.60734992322e-05 -25.4696045917 -11.3599846484
655 42888 -0.0899604104343 1.58242856176e-05 -25.4538741007 -11.3363559446
656 44402 -0.0900792842966 1.67418943721e-05 -25.4386801666 -11.3439211316
657 41884 -0.0902087780541 1.55381343547e-05 -25.4221582135 -11.343572072
658 44643 -0.0903251880469 1.60844717611e-05 -25.4073316761 -11.3641381848
659 45014 -0.0904451922993 1.60350136306e-05 -25.3920731331 -11.3589848329
660 45617 -0.0905640348534 1.6499595695e-05 -25.3769880265 -11.323674395
661 44100 -0.0906884063812 1.60951960909e-05 -25.3612284547 -11.3313100858
662 44419 -0.0908092934493 1.63456332018e-05 -25.3459371486 -11.3505047114
663 43617 -0.0909331838765 1.62785738131e-05 -25.3302932182 -11.3450523648
664 43122 -0.0910572724315 1.61131646235e-05 -25.3146518787 -11.3350936851
665 43354 -0.0911797707842 1.55365254542e-05 -25.2992380171 -11.3488302628
666 46217 -0.091294169001 1.63922774895e-05 -25.2848675819 -11.3425606959
667 45169 -0.0914162606987 1.63451279867e-05 -25.2695564225 -11.3343967336
668 44356 -0.091539111318 1.61645162577e-05 -25.2541768202 -11.330316073
669 44363 -0.0916605947207 1.59426516497e-05 -25.238994681 -11.3775770432
670 45381 -0.0917790598287 1.62752961145e-05 -25.2242148726 -11.3196830553
671 44881 -0.0919006680494 1.63792043782e-05 -25.2090686687 -11.3310914172
672 43921 -0.0920243827561 1.614699909e-05 -25.1936867976 -11.3211299504
673 44006 -0.0921462256336 1.62353152609e-05 -25.1785639069 -11.3592889954
674 43698 -0.0922691661631 1.58079140683e-05 -25.1633311137 -11.3375314799
675 45316 -0.0923867135124 1.64385641111e-05 -25.1487912336 -11.3323497256
676 44081 -0.0925106517064 1.63860860645e-05 -25.133486908 -11.3493303816
677 43108 -0.0926355800165 1.57640679986e-05 -25.1180873258 -11.3571038538
678 44904 -0.0927533382313 1.63441383354e-05 -25.1035963445 -11.3339347654
679 44100 -0.0928765371737 1.59021295833e-05 -25.0884615011 -11.3257227028
680 45298 -0.0929948094261 1.58567521401e-05 -25.0739565199 -11.3154643289
681 46743 -0.0931109064078 1.66131169854e-05 -25.0597417189 -11.326247053
682 44671 -0.0932353301771 1.63772960765e-05 -25.0445330722 -11.3647900999
683 43724 -0.0933593088903 1.63398326998e-05 -25.0294051852 -11.3382553568
684 42960 -0.0934840990363 1.53744974199e-05 -25.0142047912 -11.3164998925
685 46558 -0.0935968888454 1.66880591045e-05 -25.0004889519 -11.3343078451
686 44158 -0.0937225986233 1.61063822234e-05 -24.9852274479 -11.3291222271
687 44426 -0.0938435588771 1.59366394719e-05 -24.9705678368 -11.3400565974
688 45473 -0.0939618592019 1.65346396707e-05 -24.956254522 -11.3140860699
689 43805 -0.0940869140676 1.56190048605e-05 -24.9411496322 -11.3178021765
690 46308 -0.0942018067345 1.63104678323e-05 -24.927295389 -11.3448757031
691 45635 -0.0943226671914 1.61153732665e-05 -24.9127454387 -11.294467053
692 45871 -0.0944417746247 1.61696328428e-05 -24.89843046 -11.3346644583
693 45855 -0.0945613038811 1.59815256561e-05 -24.8840886098 -11.358337693
694 46722 -0.0946783406364 1.65297511289e-05 -24.8700688962 -11.3372867722
695 45030 -0.094801645619 1.58904744461e-05 -24.8553229531 -11.3047255722
696 46308 -0.0949185351884 1.65953666915e-05 -24.8413675073 -11.3023291664
697 44335 -0.0950432961072 1.63599416252e-05 -24.8264972418 -11.3188482413
698 43472 -0.0951675024945 1.55895960721e-05 -24.8117185901 -11.2994601603
699 46093 -0.0952824452684 1.64328379539e-05 -24.7980647955 -11.2770912744
700 44863 -0.0954052559245 1.58179970778e-05 -24.7835003721 -11.3103234897
701 46477 -0.0955214004623 1.62538939428e-05 -24.7697492389 -11.2940801995
702 46065 -0.0956412780433 1.64552078653e-05 -24.7555792514 -11.2930761534
703 44734 -0.095764432866 1.59878057568e-05 -24.7410462868 -11.3038113892
704 45551 -0.0958830113318 1.62810169035e-05 -24.7270766746 -11.2955305169
705 45023 -0.0960044703193 1.5924171067e-05 -24.7127913692 -11.3070268133
706 46142 -0.0961218174578 1.61091117899e-05 -24.6990123619 -11.3247880652
707 46410 -0.0962401850808 1.6105982873e-05 -24.6851360618 -11.2969623012
708 46694 -0.0963581687869 1.63687568712e-05 -24.6713272369 -11.305569374
709 45744 -0.0964793163964 1.64695219036e-05 -24.6571713954 -11.3056849042
710 44358 -0.0966030998856 1.5671525828e-05 -24.642731869 -11.3193513753
711 46643 -0.0967179642363 1.60375269744e-05 -24.6293547026 -11.3045741601
712 47256 -0.0968347462627 1.66417171221e-05 -24.615775793 -11.2918135567
713 45031 -0.0969588857173 1.60506881171e-05 -24.601365207 -11.3012276631
714 45562 -0.0970779166382 1.62984265974e-05 -24.5875706313 -11.2863884282
715 44954 -0.0971995982293 1.60054358134e-05 -24.5734920781 -11.2979230267
716 45693 -0.09731812264 1.60656772116e-05 -24.5598013177 -11.2927671616
717 46161 -0.0974364885112 1.61710398445e-05 -24.5461509848 -11.3000061054
718 46138 -0.097555660588 1.60285414458e-05 -24.5324299516 -11.2886829025
719 46787 -0.0976729606952 1.64974016304e-05 -24.5189462246 -11.304885921
720 45241 -0.0977957373122 1.57036950701e-05 -24.5048560532 -11.303963596
721 47416 -0.0979098951118 1.62125090647e-05 -24.4917761337 -11.2720501243
722 47193 -0.0980280293069 1.64660093339e-05 -24.4782619998 -11.2857132563
723 45779 -0.0981498499849 1.60263606204e-05 -24.4643488787 -11.3254204844
724 46433 -0.098267580075 1.62703070612e-05 -24.4509248248 -11.2913616755
725 45945 -0.0983877355433 1.62491559706e-05 -24.4372463448 -11.2825570314
726 45560 -0.0985082410505 1.60955891895e-05 -24.4235504123 -11.2849372458
727 45887 -0.0986271806719 1.62057174849e-05 -24.4100543906 -11.3213447419
728 45703 -0.0987471752576 1.57065153871e-05 -24.3964606997 -11.2743460832
729 47886 -0.0988607912732 1.65562038013e-05 -24.3836099646 -11.2975150884
730 46028 -0.0989829470327 1.58376341992e-05 -24.3698153621 -11.2962518539
731 47589 -0.0990978692045 1.63647336635e-05 -24.3568584195 -11.2960351633
732 46640 -0.0992178182324 1.63033436505e-05 -24.3433561774 -11.2686899679
733 45995 -0.0993381516667 1.55745679586e-05 -24.329832633 -11.2904733745
734 48843 -0.0994497044875 1.66160279695e-05 -24.3173154978 -11.2862899261
735 46664 -0.0995714633716 1.60796132752e-05 -24.3036746448 -11.2565407878
736 47075 -0.0996887758097 1.64814818723e-05 -24.2905530984 -11.2897086456
737 45593 -0.0998109595046 1.63242897243e-05 -24.2769087256 -11.2640090898
738 44867 -0.0999329526664 1.61170340475e-05 -24.263308003 -11.2871950609
739 45091 -0.100053097674 1.59132988428e-05 -24.2499351253 -11.3007289483
740 46263 -0.100170211574 1.60103770411e-05 -24.2369204006 -11.2803949029
741 47000 -0.100287112529 1.56426530087e-05 -24.2239497445 -11.2872756181
742 49566 -0.100398332872 1.66761668579e-05 -24.2116282578 -11.2628897995
743 47067 -0.1005200083 1.56760408369e-05 -24.1981695513 -11.268818808
744 49468 -0.100631575805 1.67213141371e-05 -24.1858481768 -11.2685735628
745 46760 -0.100753981237 1.62975515872e-05 -24.172351045 -11.272277325
746 46141 -0.100874082183 1.57579911687e-05 -24.1591294986 -11.2598360032
747 48093 -0.100987825304 1.62653852816e-05 -24.1466274366 -11.2712787732
748 47611 -0.101105823716 1.63536395568e-05 -24.1336777299 -11.2593500436
749 46714 -0.101225596323 1.62126633194e-05 -24.1205541744 -11.2619207206
750 46494 -0.10134461691 1.58238885212e-05 -24.1075337885 -11.2285955333
751 48138 -0.101458782745 1.64280258717e-05 -24.0950639047 -11.2665047135
752 46876 -0.101578891966 1.60103434505e-05 -24.0819653191 -11.2496973255
753 47623 -0.101695025603 1.64302315778e-05 -24.069320208 -11.2956461892
754 46364 -0.101815812237 1.59945674892e-05 -24.0561891838 -11.268242296
755 47178 -0.101932376908 1.6462274712e-05 -24.0435371313 -11.2783927327
756 45782 -0.102054166252 1.57371900301e-05 -24.0303389147 -11.2747786471
757 47820 -0.102168083289 1.62691843326e-05 -24.0180131276 -11.2433237262
758 47323 -0.102286468493 1.64052912425e-05 -24.0052236231 -11.2604530098
759 46189 -0.102407300538 1.61475727351e-05 -23.9921904767 -11.2752074716
760 46276 -0.102526122043 1.63155627077e-05 -23.9793945345 -11.2599731494
761 45580 -0.102647093302 1.54348706727e-05 -23.9663877608 -11.2638560728
762 49095 -0.102757361614 1.65416937446e-05 -23.9545498973 -11.251118428
763 47260 -0.10287780954 1.63534086835e-05 -23.9416389202 -11.2419059398
764 46370 -0.102998022995 1.60128899483e-05 -23.9287735601 -11.2687517518
765 47097 -0.103114822219 1.59353740737e-05 -23.9162931502 -11.2417855464
766 48213 -0.103229702512 1.62937627019e-05 -23.9040365447 -11.2573421637
767 47593 -0.103347929647 1.64477850198e-05 -23.8914422462 -11.233207727
768 46252 -0.103468991135 1.60723026477e-05 -23.8785663421 -11.2584997148
769 46694 -0.103586727647 1.56563683346e-05 -23.8660637613 -11.2752161689
770 49175 -0.10369848753 1.65153469365e-05 -23.8542137633 -11.2452274371
771 47463 -0.103818485355 1.58596358563e-05 -23.8415096738 -11.2506237496
772 48963 -0.10393194082 1.61982136877e-05 -23.8295166415 -11.2506409908
773 48804 -0.104048007085 1.64179879735e-05 -23.817266117 -11.2460649703
774 47573 -0.104167160408 1.57514446522e-05 -23.8047091682 -11.2386252106
775 49619 -0.104279094785 1.67450364139e-05 -23.7929308592 -11.252664976
776 46790 -0.10440163447 1.61862035352e-05 -23.7800564135 -11.2323657667
777 46695 -0.104520204997 1.56077523998e-05 -23.7676186469 -11.2393022893
778 49419 -0.104631341721 1.64955516762e-05 -23.7559781905 -11.232248262
779 47795 -0.104750779536 1.59236745793e-05 -23.7434871385 -11.2241804685
780 48986 -0.104864666495 1.65175481541e-05 -23.7315947654 -11.2662471775
781 47271 -0.104984925033 1.5791516621e-05 -23.7190562552 -11.2374062392
782 49103 -0.10509773145 1.66616925042e-05 -23.707312613 -11.2486375357
783 46696 -0.10521978349 1.61854373799e-05 -23.6946259208 -11.2544417281
784 46605 -0.105338463068 1.5993939357e-05 -23.682309131 -11.242245416
785 47427 -0.105454717691 1.605079751e-05 -23.6702624667 -11.246379673
786 47985 -0.105570704375 1.62974495268e-05 -23.6582617325 -11.2247539065
787 47350 -0.105689261036 1.61257652952e-05 -23.6460138028 -11.2359692658
788 47544 -0.105806328679 1.60236888671e-05 -23.6339382221 -11.2582084998
789 48236 -0.105921817905 1.60201415553e-05 -23.6220434493 -11.222167104
790 48956 -0.106036429706 1.6229063083e-05 -23.6102566765 -11.2235580492
791 48644 -0.106152907476 1.61308988932e-05 -23.5982959612 -11.2204118016
792 48818 -0.106268474408 1.62954402594e-05 -23.5864466266 -11.2252728975
793 48182 -0.106385988761 1.60088588908e-05 -23.5744158108 -11.2216725443
794 48957 -0.1065005184 1.58040218516e-05 -23.5627081754 -11.2092295262
795 50790 -0.106611523626 1.66530510836e-05 -23.5513773753 -11.2267382142
796 48343 -0.106731416785 1.60903206248e-05 -23.5391576127 -11.2178587285
797 48716 -0.106846813467 1.59687342757e-05 -23.52741402 -11.245729885
798 49702 -0.106960197023 1.61176785513e-05 -23.5158923421 -11.2404325288
799 49947 -0.107074357003 1.66622893152e-05 -23.504308799 -11.2228538492
800 47496 -0.107195381432 1.58908197599e-05 -23.4920473591 -11.2162640813
801 48842 -0.107309200563 1.60933902349e-05 -23.4805333661 -11.2346874749
802 49204 -0.107424046039 1.65704402411e-05 -23.4689326556 -11.2306657049
803 47227 -0.107544745341 1.58093105823e-05 -23.4567591225 -11.2395235653
804 48969 -0.107657833624 1.61171243174e-05 -23.4453703741 -11.2009623293
805 49213 -0.107772837652 1.60425896596e-05 -23.433805676 -11.2417635783
806 49834 -0.107886594615 1.62222270793e-05 -23.4223831901 -11.2195738708
