100 500000 0.95 gpomdp hoeffding 30000000

1 100 0 3.35777412038e-05 -56.6666666667 -12.3006850155
2 114196 -0.000276360529649 1.90703095535e-05 -56.4109626557 -12.1295681086
3 85045 -0.000458239976411 1.61819900074e-05 -56.244096674 -12.1315974156
4 84908 -0.000612697505115 1.61609971022e-05 -56.1032635613 -12.1448688472
5 84952 -0.000766914713045 1.60620171174e-05 -55.9634437587 -12.1386971118
6 85854 -0.000919380015333 1.6222814625e-05 -55.8259858668 -12.0983000474
7 85361 -0.00107381544698 1.60768850705e-05 -55.6875293279 -12.1666162101
8 86137 -0.00122617075312 1.63012176352e-05 -55.5516981372 -12.1344929127
9 84964 -0.001381714785 1.62056567903e-05 -55.4137967366 -12.1142882419
10 84623 -0.00153665785362 1.60523108233e-05 -55.2771978354 -12.1341356306
11 85606 -0.00168925174882 1.62658199549e-05 -55.1434145777 -12.1002364332
12 84744 -0.00184465935948 1.60343789856e-05 -55.0079176445 -12.1392209685
13 85884 -0.00199683538295 1.6212177275e-05 -54.8759687521 -12.1108018788
14 85483 -0.00215105934733 1.62042485677e-05 -54.7429755383 -12.1340912746
15 85152 -0.00230550688315 1.61682089898e-05 -54.6105214004 -12.1132598111
16 85133 -0.00245962808469 1.61204851576e-05 -54.4790712335 -12.1123214692
17 85528 -0.00261293982809 1.62032383739e-05 -54.3490232619 -12.1097049398
18 85206 -0.00276732918947 1.61853653138e-05 -54.2187728015 -12.1062929033
19 85039 -0.00292169934169 1.6125633497e-05 -54.0892467296 -12.1315144701
20 85389 -0.00307518487506 1.60865093772e-05 -53.9611592948 -12.111086169
21 86081 -0.00322768085212 1.61101102377e-05 -53.834579832 -12.0874685789
22 86571 -0.00337996773977 1.62662485095e-05 -53.7088470732 -12.1174357471
23 85695 -0.00353451419618 1.60799207652e-05 -53.5819309964 -12.10128509
24 86447 -0.00368662445007 1.62153504354e-05 -53.4576813495 -12.1021282752
25 86016 -0.00384040022921 1.60877987011e-05 -53.3327372796 -12.1045208861
26 86702 -0.0039923615121 1.61891979077e-05 -53.2099201818 -12.102811269
27 86499 -0.00414546008184 1.61548693689e-05 -53.0868348526 -12.0957723045
28 86597 -0.00429814701564 1.61334235692e-05 -52.9647260948 -12.0851562004
29 86884 -0.00445037921139 1.62295971883e-05 -52.8436178701 -12.102966781
30 86326 -0.00460401354206 1.60435602953e-05 -52.7220338687 -12.1117134165
31 87406 -0.00475494538635 1.62541493295e-05 -52.603209486 -12.0978639952
32 86628 -0.00490854317026 1.61666865987e-05 -52.48291318 -12.0897353065
33 86623 -0.00506131955511 1.61735799532e-05 -52.3638826568 -12.081295656
34 86557 -0.00521421895878 1.6240037407e-05 -52.2453730271 -12.0780332653
35 85910 -0.00536832383034 1.60877652164e-05 -52.1265485372 -12.0902876865
36 86595 -0.00552037825814 1.62416464073e-05 -52.009909926 -12.0796456755
37 85933 -0.00567447715523 1.59658807622e-05 -51.8923112933 -12.0690784131
38 87697 -0.00582442888719 1.62441674737e-05 -51.7784608679 -12.0811225383
39 87005 -0.00597759987636 1.62724624797e-05 -51.6627557653 -12.0748164473
40 86071 -0.00613186790383 1.60961459744e-05 -51.5468196004 -12.0931912108
41 86684 -0.00628392384273 1.61361351996e-05 -51.4331283401 -12.0934162018
42 86948 -0.00643612613901 1.60903056985e-05 -51.3199023582 -12.0764608952
43 87619 -0.00658731357321 1.62966702213e-05 -51.2079963254 -12.0798487382
44 86466 -0.00674145796905 1.60207200133e-05 -51.0944769596 -12.0642240918
45 87751 -0.00689187840333 1.62342624203e-05 -50.9842559567 -12.0771910588
46 87146 -0.00704483201588 1.61318866941e-05 -50.8727375567 -12.0708572519
47 87449 -0.00719655765181 1.60076665127e-05 -50.7626670357 -12.0760953233
48 88866 -0.00734590941587 1.61863268879e-05 -50.6548521734 -12.0682874256
49 88683 -0.00749708358572 1.61839530411e-05 -50.5462568213 -12.0639855092
50 88522 -0.00764837323627 1.61919168159e-05 -50.4381135109 -12.0780800083
51 88290 -0.00779993614099 1.6228256061e-05 -50.3303075916 -12.0758454819
52 87735 -0.00795231930335 1.60420219332e-05 -50.2224518166 -12.0688933102
53 88846 -0.00810200823718 1.62175354433e-05 -50.1170201228 -12.0835089325
54 88383 -0.00825373095568 1.62277635994e-05 -50.0106751544 -12.0635404787
55 87831 -0.00840602549881 1.61386852849e-05 -49.9044512297 -12.057243038
56 88075 -0.00855727417582 1.61174596146e-05 -49.7994704795 -12.0684133005
57 88510 -0.00870795218534 1.61507432904e-05 -49.6953911749 -12.0602363195
58 88648 -0.00885882444415 1.62083154146e-05 -49.5916794295 -12.0566576005
59 88269 -0.00901055916659 1.61451549668e-05 -49.4878775488 -12.0400492564
60 88456 -0.00916154215714 1.60944640585e-05 -49.3850867677 -12.0561389359
61 89101 -0.0093115057077 1.62445906403e-05 -49.2834771267 -12.0475788395
62 88394 -0.00946347233754 1.61496123718e-05 -49.1810019608 -12.0575954354
63 88542 -0.00961442432588 1.60366905828e-05 -49.0796975139 -12.0608224592
64 89712 -0.00976333972314 1.62417397865e-05 -48.9802315904 -12.0475466908
65 89026 -0.00991473949593 1.61129969081e-05 -48.8795832236 -12.0402169941
66 89507 -0.0100645351309 1.62614839676e-05 -48.780471234 -12.04431974
67 88645 -0.0102164445073 1.61567002988e-05 -48.6804347361 -12.0423715165
68 88729 -0.0103673030325 1.60916046134e-05 -48.5815593603 -12.0505823975
69 89402 -0.0105169873789 1.60810775932e-05 -48.4839123629 -12.0307600118
70 90176 -0.010665930124 1.64143998525e-05 -48.3871996206 -12.0243280617
71 87933 -0.0108198875174 1.61270060375e-05 -48.2876997316 -12.035282788
72 88282 -0.0109708495673 1.60232113658e-05 -48.1905953978 -12.0253540393
73 89571 -0.0111197568326 1.60982853037e-05 -48.0952556248 -12.0486252403
74 90189 -0.0112688483603 1.62553452172e-05 -48.0002354796 -12.0304466794
75 89376 -0.0114200780579 1.6231126857e-05 -47.9042968919 -12.0357315987
76 88788 -0.0115715814477 1.60547059824e-05 -47.8086302409 -12.0160584027
77 89797 -0.0117205936449 1.61957140962e-05 -47.7149686928 -12.015418631
78 89527 -0.0118711409955 1.62119659863e-05 -47.6207743545 -12.0256875238
79 89111 -0.0120221909724 1.60872770108e-05 -47.5266990806 -12.0360709691
80 89826 -0.0121714811839 1.62127949774e-05 -47.4341436116 -12.0273812189
81 89401 -0.0123222936077 1.61518024301e-05 -47.3410693009 -12.0282626088
82 89530 -0.0124724300748 1.60697324698e-05 -47.2488334632 -12.0471176323
83 90410 -0.0126210757023 1.62313764172e-05 -47.157924845 -12.0387311268
84 89813 -0.0127717144679 1.61053959939e-05 -47.066212002 -12.0278444111
85 90368 -0.0129207245199 1.62657826941e-05 -46.9758987683 -12.0157934094
86 89458 -0.0130719814336 1.60701523374e-05 -46.8846359646 -12.0271703577
87 90333 -0.0132206939217 1.62265345649e-05 -46.7953105632 -12.0225601676
88 89780 -0.0133713149211 1.6015203633e-05 -46.7052425724 -12.0070782107
89 91165 -0.0135188409185 1.63652959797e-05 -46.61741663 -11.9978913696
90 89341 -0.0136711231985 1.59585132094e-05 -46.5271626265 -12.0054516427
91 91243 -0.0138180642644 1.61462587029e-05 -46.4404602375 -12.0271076967
92 91427 -0.0139665847493 1.61209396016e-05 -46.3532086312 -12.0043853452
93 91847 -0.0141145328566 1.62945247698e-05 -46.2666733357 -12.019175343
94 90658 -0.0142650513839 1.61241644347e-05 -46.1790213128 -11.9879012483
95 91044 -0.0144136796849 1.61927886042e-05 -46.0928502679 -12.0097116112
96 90797 -0.0145631432902 1.61448405162e-05 -46.006573469 -12.0048003309
97 90993 -0.0147120043098 1.62190016245e-05 -45.9210193609 -12.0021390338
98 90506 -0.0148619510841 1.61410703779e-05 -45.8352169828 -11.9992614535
99 90736 -0.0150109878947 1.60824738536e-05 -45.7503065614 -11.9903404699
100 91509 -0.0151588550218 1.63205383255e-05 -45.6664259641 -12.0122632483
101 90086 -0.0153100914218 1.6000153385e-05 -45.5810061189 -12.021029998
102 91616 -0.015457115894 1.62703953036e-05 -45.4983235598 -11.9815757496
103 90651 -0.0156074168203 1.60881189164e-05 -45.414161246 -11.9891196473
104 91371 -0.0157554475822 1.61565673129e-05 -45.3316264079 -11.9948163511
105 91459 -0.0159040364542 1.61811724379e-05 -45.2491336928 -11.99558883
106 91319 -0.0160529658042 1.61404186751e-05 -45.1668048784 -11.9795439197
107 91557 -0.0162013268084 1.61129114256e-05 -45.0851393292 -11.9758992084
108 92052 -0.0163490360349 1.61600686114e-05 -45.0041764873 -11.9858803631
109 92108 -0.0164971326445 1.62060515512e-05 -44.9233436736 -11.9816504775
110 91735 -0.0166459522772 1.61853932111e-05 -44.8424593804 -11.9842935206
111 91555 -0.0167947280627 1.60778234869e-05 -44.7619405954 -11.9847621044
112 92378 -0.0169418550456 1.62720617625e-05 -44.6826480226 -11.962892641
113 91390 -0.017091562778 1.6069261126e-05 -44.6023032405 -11.9809754978
114 92292 -0.0172386801524 1.62988331288e-05 -44.5236793632 -11.9750626401
115 91057 -0.0173889078936 1.60182832169e-05 -44.4437294 -11.9600713087
116 92433 -0.0175354468443 1.61893027304e-05 -44.3660678462 -11.9911327156
117 92215 -0.0176837250386 1.6112154878e-05 -44.2878094789 -11.9952570698
118 92721 -0.0178308937717 1.61331645253e-05 -44.2104578728 -11.9683498437
119 93031 -0.0179780085156 1.61958246523e-05 -44.1334525067 -11.9638309268
120 92750 -0.0181259178514 1.61345394757e-05 -44.0563496446 -11.9686508876
121 93047 -0.0182730323934 1.61571631415e-05 -43.9799758736 -11.9672230196
122 93131 -0.0184202868447 1.62487806035e-05 -43.9038419296 -11.9640034562
123 92353 -0.0185689990783 1.61325697404e-05 -43.8272696107 -11.9654019272
124 92667 -0.0187163967527 1.61703145742e-05 -43.7516849539 -11.9703181006
125 92627 -0.0188641714947 1.609568922e-05 -43.6762156504 -11.9733013417
126 93291 -0.0190107399877 1.63046991359e-05 -43.6016658713 -11.9738155316
127 91988 -0.0191602594688 1.60917925101e-05 -43.5259246638 -11.9636849834
128 92684 -0.0193072714745 1.61440597273e-05 -43.4517566242 -11.9660199448
129 92891 -0.0194545963714 1.60410711525e-05 -43.3777302804 -11.9680735755
130 94077 -0.0196000560485 1.62230569849e-05 -43.3049335963 -11.9533241499
131 93534 -0.0197475918128 1.6210945204e-05 -43.2313929752 -11.938454863
132 93109 -0.0198953539247 1.61130939415e-05 -43.1580355908 -11.9611929663
133 93611 -0.020041829938 1.61752569956e-05 -43.0856073872 -11.9587296782
134 93524 -0.020188939513 1.61648395278e-05 -43.0131554745 -11.9444557
135 93536 -0.0203359449901 1.6154491394e-05 -42.9410430007 -11.9450472164
136 93646 -0.0204827698281 1.61886821977e-05 -42.8693049761 -11.94471351
137 93431 -0.020630074282 1.61528361795e-05 -42.7976179823 -11.9570762697
138 93556 -0.0207769542115 1.61819593134e-05 -42.7264205112 -11.9396517578
139 93405 -0.020924218062 1.61377519921e-05 -42.655318897 -11.9366364711
140 93674 -0.0210708689694 1.61868174405e-05 -42.5847921416 -11.9469377931
141 93477 -0.0212181205095 1.61924020944e-05 -42.5142549417 -11.9420690268
142 93227 -0.0213656197737 1.60622225879e-05 -42.4438771229 -11.9327702494
143 94215 -0.021511164694 1.61736039049e-05 -42.3747029864 -11.9555606733
144 94143 -0.0216577746781 1.61781926561e-05 -42.3052934113 -11.9111886944
145 94027 -0.0218045164852 1.60796283971e-05 -42.2360919694 -11.9363601439
146 94855 -0.0219497261767 1.6129538807e-05 -42.1678779558 -11.9503785247
147 95207 -0.0220951172121 1.62506226869e-05 -42.0998412456 -11.9515976552
148 94394 -0.0222422295857 1.6126898493e-05 -42.0312648298 -11.9325339321
149 94770 -0.0223879318391 1.61032269118e-05 -41.9636077703 -11.9298872419
150 95376 -0.0225329570251 1.63973025244e-05 -41.896522581 -11.9215406221
151 93165 -0.0226823731076 1.59006587403e-05 -41.8276733849 -11.928199738
152 95709 -0.0228253247907 1.62529851817e-05 -41.7620552274 -11.9384882557
153 94869 -0.0229720897679 1.61370699238e-05 -41.6949419167 -11.9276316747
154 95148 -0.0231175935457 1.61413428571e-05 -41.6286591674 -11.9164651124
155 95387 -0.0232629538212 1.61562384851e-05 -41.5626927276 -11.9331926084
156 95482 -0.0234083757147 1.62427846956e-05 -41.4969478865 -11.9150534029
157 94742 -0.023555146865 1.60675977521e-05 -41.4308447235 -11.9307087303
158 95693 -0.0236996111234 1.63136958488e-05 -41.3660260649 -11.9078032427
159 94270 -0.023847391005 1.61025493964e-05 -41.2999703486 -11.9244301064
160 94880 -0.0239927891663 1.62713953948e-05 -41.2352252001 -11.9012589518
161 93871 -0.0241404987613 1.60303875154e-05 -41.1696991927 -11.9213700875
162 95172 -0.0242850223994 1.61248069365e-05 -41.1058274958 -11.9266161073
163 95571 -0.0244300936804 1.6110484298e-05 -41.0419521412 -11.9103376527
164 96111 -0.0245746281472 1.61038118943e-05 -40.9785493353 -11.9130451061
165 96720 -0.0247186475454 1.62875907397e-05 -40.9156056755 -11.9064132882
166 95535 -0.0248652113434 1.61718363297e-05 -40.8517876598 -11.9079017261
167 95479 -0.0250107759887 1.61395980011e-05 -40.7886407041 -11.8922487471
168 95736 -0.0251558555523 1.61888701519e-05 -40.7259369089 -11.9267690103
169 95515 -0.0253015463222 1.61536283188e-05 -40.6632014745 -11.8843119964
170 95636 -0.0254468280232 1.61128543319e-05 -40.6008729505 -11.9039632923
171 96154 -0.0255913519996 1.62755938359e-05 -40.5390968936 -11.908693233
172 95091 -0.0257381489044 1.60714872333e-05 -40.4765801883 -11.9143177141
173 96008 -0.0258824111936 1.61250831927e-05 -40.4153683838 -11.8994457187
174 96408 -0.026026853981 1.6236616916e-05 -40.3543027101 -11.8941763311
175 95720 -0.0261728174219 1.61011946149e-05 -40.2928193173 -11.8953499524
176 96352 -0.0263170880511 1.62948398996e-05 -40.2322701963 -11.8951441414
177 95101 -0.0264640508525 1.60633447387e-05 -40.1708160894 -11.8943184378
178 96097 -0.0266081729047 1.61141434431e-05 -40.1107691197 -11.9004616906
179 96605 -0.0267523707735 1.61472898113e-05 -40.0509066707 -11.892157118
180 96789 -0.0268967274212 1.60829668091e-05 -39.9911936726 -11.900522816
181 97609 -0.0270399042122 1.61920391879e-05 -39.9321804395 -11.8993237531
182 97352 -0.027184241844 1.62914150927e-05 -39.8729010291 -11.892725436
183 96122 -0.0273303917767 1.60685520698e-05 -39.8130933264 -11.8909687185
184 97078 -0.0274738307322 1.61912383299e-05 -39.7546052462 -11.8694061047
185 96830 -0.0276185495383 1.61927655807e-05 -39.6958052376 -11.8751192483
186 96568 -0.027763478449 1.61430813914e-05 -39.6371300748 -11.8634915221
187 96793 -0.0279077943 1.60567448653e-05 -39.5789110383 -11.8826745347
188 97873 -0.0280505446126 1.61789398022e-05 -39.5215266104 -11.8859628825
189 97745 -0.0281944751504 1.61919459929e-05 -39.4638711236 -11.8713980867
190 97489 -0.0283387108212 1.62812473367e-05 -39.4062972055 -11.8599454584
191 96356 -0.0284845916218 1.60385804417e-05 -39.3482730357 -11.8637366137
192 97611 -0.0286273717341 1.62878601415e-05 -39.2916821411 -11.8797653348
193 96412 -0.0287732694831 1.59636339627e-05 -39.2340588531 -11.8670964381
194 98413 -0.0289148016882 1.62004293769e-05 -39.1783550953 -11.8718821972
195 98070 -0.0290586842324 1.62483904312e-05 -39.1219224578 -11.8561899849
196 97254 -0.0292035970224 1.60098423505e-05 -39.0652846151 -11.8623278172
197 98808 -0.0293452549991 1.63103069847e-05 -39.0101107984 -11.8756951365
198 97372 -0.0294906315873 1.60626839049e-05 -38.9536848834 -11.8525893635
199 98399 -0.0296330524141 1.63075828084e-05 -38.8985979882 -11.8687033186
200 96996 -0.0297786863664 1.59843248613e-05 -38.8424635594 -11.8718916722
201 98802 -0.0299201232205 1.63720879063e-05 -38.7881349256 -11.8607860498
202 96758 -0.0300665128675 1.58926221663e-05 -38.732097949 -11.8815990327
203 99481 -0.0302066571722 1.6338694997e-05 -38.6786357133 -11.8633624451
204 97754 -0.0303520024661 1.60101688959e-05 -38.6233786333 -11.8584003061
205 99313 -0.0304933029204 1.63796644623e-05 -38.569843088 -11.8615284378
206 97184 -0.0306394391783 1.59104651721e-05 -38.5146649828 -11.8586391991
207 99738 -0.0307795598715 1.62971886784e-05 -38.4619383869 -11.8458844585
208 98420 -0.0309240445498 1.60472789099e-05 -38.4077534058 -11.8554665641
209 99614 -0.0310654586193 1.63199739783e-05 -38.3548997371 -11.8539905027
210 98071 -0.0312104027379 1.61104906138e-05 -38.3009103258 -11.8463833045
211 98626 -0.0313530831967 1.61119279271e-05 -38.24794473 -11.8478359994
212 99169 -0.0314953847066 1.62061313543e-05 -38.1952974135 -11.8617468417
213 98767 -0.0316388096986 1.61217693179e-05 -38.1424130219 -11.8573118132
214 99212 -0.0317811675266 1.61111505002e-05 -38.0900985232 -11.8343507719
215 99766 -0.0319230357164 1.61101015027e-05 -38.0381379289 -11.8615792445
216 100334 -0.0320644927201 1.62405846464e-05 -37.9864999969 -11.8677678208
217 99578 -0.0322076357127 1.62298480015e-05 -37.9344206375 -11.8159582201
218 98936 -0.0323511478768 1.59812665967e-05 -37.8823818338 -11.8545365954
219 100809 -0.032491142645 1.63821591463e-05 -37.8317863496 -11.8488627527
220 98623 -0.0326362309685 1.62393325958e-05 -37.7795240957 -11.8261559635
221 97892 -0.0327805900084 1.60210566818e-05 -37.7276995358 -11.8365631078
222 99343 -0.03292196496 1.61856914349e-05 -37.6771146021 -11.8376338189
223 99145 -0.0330649352249 1.60460095494e-05 -37.6261274389 -11.8379853644
224 100360 -0.0332058110781 1.61659399056e-05 -37.5760522172 -11.8321694389
225 100361 -0.0333477392258 1.62279731064e-05 -37.5257677828 -11.8265151028
226 99732 -0.0334906603568 1.61739964802e-05 -37.4752979129 -11.8243441491
227 99652 -0.0336331638465 1.61703121932e-05 -37.425140938 -11.826015918
228 99609 -0.033775665412 1.6021386372e-05 -37.3751490039 -11.8302502168
229 101082 -0.0339158218283 1.62239964103e-05 -37.3261393407 -11.841218254
230 100489 -0.0340581687148 1.62209509311e-05 -37.2765248951 -11.8389629225
231 99931 -0.0342008861382 1.60611034011e-05 -37.2269435774 -11.8328696031
232 101001 -0.0343414464984 1.63281171059e-05 -37.1782697017 -11.8099829239
233 99354 -0.0344855232671 1.60812408296e-05 -37.1285401535 -11.8113243447
234 100213 -0.0346268122501 1.61140356767e-05 -37.0799313507 -11.8229702437
235 100743 -0.03476801607 1.6132882659e-05 -37.0315079173 -11.8206249009
236 101083 -0.0349091475886 1.61085687027e-05 -36.98326444 -11.815051559
237 101674 -0.0350496557566 1.62521051987e-05 -36.9353874097 -11.8269877675
238 100790 -0.0351920364048 1.62733470862e-05 -36.887027704 -11.8223207894
239 99699 -0.0353353813572 1.60505212914e-05 -36.8384976966 -11.8108552294
240 100875 -0.0354759369418 1.61188443846e-05 -36.7910644932 -11.8103424162
241 101359 -0.0356167530231 1.61561645982e-05 -36.743694038 -11.8088637757
242 101461 -0.0357578246313 1.62520231033e-05 -36.6963881214 -11.8033401466
243 100580 -0.0359003533395 1.60679201513e-05 -36.6487458463 -11.8077469212
244 101587 -0.0360405674401 1.61520311822e-05 -36.6020258895 -11.7999660025
245 101732 -0.0361814150573 1.61549777606e-05 -36.5552425576 -11.8028122483
246 101846 -0.0363222089862 1.62576179941e-05 -36.508624332 -11.7927408258
247 100904 -0.0364645574115 1.61556410473e-05 -36.4616403903 -11.7970791725
248 101011 -0.0366059383871 1.61564667152e-05 -36.4151233608 -11.7975998009
249 101109 -0.0367472576029 1.60484317126e-05 -36.3687729574 -11.8040466194
250 102323 -0.0368867967293 1.62473452625e-05 -36.3231492504 -11.7943519287
251 101483 -0.0370286493003 1.61282860404e-05 -36.2769139652 -11.8080528541
252 101873 -0.0371691924739 1.61563113778e-05 -36.2312487991 -11.791538699
253 101974 -0.0373099100701 1.61856988216e-05 -36.1856692348 -11.7805139069
254 101771 -0.0374510240338 1.60758738988e-05 -36.14010359 -11.8081540383
255 102707 -0.0375905405775 1.63189012051e-05 -36.0951932035 -11.7868985964
256 101127 -0.0377332683825 1.5890355332e-05 -36.0493919329 -11.7947646572
257 103997 -0.0378703166017 1.62749844438e-05 -36.0055485571 -11.7796064113
258 102854 -0.0380114599727 1.622361845e-05 -35.9605330332 -11.7976676389
259 102255 -0.0381525693411 1.6203648209e-05 -35.9156676385 -11.7810721348
260 101866 -0.0382937740782 1.62172332018e-05 -35.8709106918 -11.7772632984
261 101338 -0.0384354643967 1.61250499085e-05 -35.826138728 -11.7772414598
262 101761 -0.038576056775 1.61233768766e-05 -35.7818505888 -11.7932805602
263 102203 -0.0387163301769 1.60658826005e-05 -35.7377982083 -11.7838807618
264 103247 -0.038855394492 1.60755079552e-05 -35.6942583172 -11.801849087
265 104200 -0.0389939044691 1.6292216996e-05 -35.6510228109 -11.7721392421
266 102875 -0.0391351830227 1.60908940502e-05 -35.6070570025 -11.7689295851
267 103663 -0.0392741845005 1.61742896956e-05 -35.563931202 -11.7751892969
268 103576 -0.0394139645568 1.61705705124e-05 -35.5206946669 -11.7820302605
269 103529 -0.0395537447728 1.62442184411e-05 -35.4775886846 -11.7607660449
270 102711 -0.0396947192074 1.60169159718e-05 -35.4342461122 -11.778472911
271 104277 -0.0398326731316 1.62331663377e-05 -35.3919596532 -11.7748950303
272 103569 -0.0399729667903 1.62302501797e-05 -35.3490847319 -11.7652422739
273 102897 -0.0401136930497 1.61340701149e-05 -35.306207435 -11.7708627344
274 103231 -0.0402533582568 1.61664372891e-05 -35.2637814167 -11.7763293484
275 103227 -0.040393306714 1.61725601839e-05 -35.2213966817 -11.7640399688
276 103159 -0.0405333543865 1.60899804737e-05 -35.1791089235 -11.767303154
277 103958 -0.0406721500789 1.61993145099e-05 -35.1373240214 -11.7682152638
278 103608 -0.0408121252268 1.61863373662e-05 -35.0953093307 -11.7524638226
279 103395 -0.0409521320739 1.61631130437e-05 -35.0534104342 -11.7689104213
280 103426 -0.0410919171652 1.62011575379e-05 -35.0117023754 -11.7766547906
281 103058 -0.0412322809412 1.62180961259e-05 -34.969946251 -11.7605912744
282 102515 -0.0413731631226 1.59016073562e-05 -34.9281609031 -11.7568134263
283 105304 -0.041509454627 1.63291315167e-05 -34.8878557905 -11.7572407776
284 103576 -0.0416505730409 1.61267073039e-05 -34.8462456496 -11.7603560732
285 103990 -0.0417896642026 1.61582825046e-05 -34.8053546142 -11.7387535316
286 104072 -0.0419289730124 1.61111433016e-05 -34.7645198211 -11.7740004244
287 104654 -0.0420674889757 1.62599113503e-05 -34.7240362105 -11.7636596955
288 103662 -0.0422079508696 1.60605927115e-05 -34.6831042926 -11.7616735448
289 104777 -0.0423459505629 1.6042492066e-05 -34.6430074664 -11.7528402249
290 106099 -0.042482933428 1.62878589892e-05 -34.6033208503 -11.7510294778
291 104796 -0.0426228735573 1.62545438621e-05 -34.5628950187 -11.7465149519
292 103859 -0.0427631557199 1.6034082564e-05 -34.5224891205 -11.7594035209
293 105259 -0.0429006118397 1.60912067715e-05 -34.4830120362 -11.755749149
294 106062 -0.0430380350386 1.62871365112e-05 -34.4436575324 -11.731355745
295 104767 -0.0431779882379 1.62558882508e-05 -34.4036942603 -11.7411504049
296 103816 -0.0433183109876 1.60366341243e-05 -34.36374224 -11.7216064492
297 105189 -0.0434558352578 1.61916520818e-05 -34.3246999588 -11.7399230907
298 104916 -0.0435948690704 1.6148964738e-05 -34.2853423229 -11.7355946128
299 105098 -0.0437334162477 1.61933455314e-05 -34.2462351792 -11.7265628621
300 104807 -0.0438725367383 1.60120457704e-05 -34.207078965 -11.7396629498
301 106458 -0.0440090289791 1.6334572864e-05 -34.16877183 -11.7296170529
302 104653 -0.0441494659705 1.60442742691e-05 -34.129470147 -11.7385232051
303 105954 -0.044286557591 1.62127295764e-05 -34.0912143318 -11.7305394097
304 105453 -0.044425417309 1.61845406715e-05 -34.0525750969 -11.7415519963
305 105255 -0.0445641659232 1.61323445862e-05 -34.0140768584 -11.7314925856
306 105616 -0.0447022309701 1.6110806271e-05 -33.975877053 -11.738416198
307 106210 -0.0448397254957 1.62069245868e-05 -33.9379424732 -11.7367720137
308 105770 -0.0449783272828 1.61437747186e-05 -33.8998103976 -11.7159178707
309 106009 -0.0451162333364 1.62331650722e-05 -33.8619768976 -11.739896107
310 105290 -0.0452553761801 1.61690404433e-05 -33.8239119789 -11.7100189249
311 105258 -0.0453939901185 1.59616977776e-05 -33.7860990512 -11.7237319872
312 107464 -0.0455294148236 1.6287267981e-05 -33.7492591236 -11.7179585109
313 106150 -0.0456684541445 1.60712944989e-05 -33.7115413772 -11.7450081884
314 107176 -0.045804991998 1.62422481203e-05 -33.6746057829 -11.7166851278
315 106351 -0.0459435164727 1.61556595792e-05 -33.6372372229 -11.7182861338
