100 100000 0.95 reinforce cheb_reinforce 30000000

1 100 0 1.63703349581e-05 -56.6666666667 -12.7211512619
2 16428 -0.000146677676577 1.73598702658e-05 -56.5306266894 -12.1298800999
3 14556 -0.000311921369666 1.61796592772e-05 -56.3782491539 -12.1553241186
4 14536 -0.000466033076733 1.6409028824e-05 -56.2369718148 -12.1569056647
5 14183 -0.000624267238484 1.54791063958e-05 -56.0927465039 -12.1414992999
6 15208 -0.000768411379937 1.647969731e-05 -55.9620906838 -12.1066123422
7 14732 -0.000924334042806 1.627718603e-05 -55.8215323011 -12.184154018
8 14567 -0.00107921013072 1.67844218018e-05 -55.6827068785 -12.1324386233
9 13682 -0.00124399835402 1.55027756689e-05 -55.5358531486 -12.1435136459
10 14636 -0.00139115929463 1.63103427361e-05 -55.4054484699 -12.1127713506
11 14424 -0.00154712106512 1.60304488403e-05 -55.2680009247 -12.147453766
12 14624 -0.00169935162863 1.59300233308e-05 -55.1345856593 -12.1102608586
13 14979 -0.00184882658725 1.66511068217e-05 -55.0042947235 -12.0962716084
14 14260 -0.00200895625013 1.54609205956e-05 -54.8654898837 -12.0814149591
15 15319 -0.00215240906954 1.68625165925e-05 -54.7418148536 -12.1696100081
16 14275 -0.00231448966752 1.61408874134e-05 -54.6028401789 -12.1366576235
17 14312 -0.00246943279278 1.6195399929e-05 -54.4707331199 -12.1652995492
18 14270 -0.00262512813179 1.53472379644e-05 -54.3387147229 -12.130156016
19 15508 -0.00276665540716 1.68551018353e-05 -54.2193396944 -12.1240976185
20 14462 -0.00292761398461 1.60957784947e-05 -54.0842979878 -12.0942161824
21 14566 -0.00308077093495 1.64463580968e-05 -53.9565106152 -12.1449157569
22 14158 -0.00323950184036 1.57883804088e-05 -53.8247960465 -12.1379653186
23 14712 -0.00338898697446 1.62348164455e-05 -53.701421499 -12.0745243274
24 14610 -0.00354323301877 1.63796828229e-05 -53.5747913249 -12.131290741
25 14297 -0.00370054938523 1.51058847276e-05 -53.4463397309 -12.1459840778
26 15924 -0.00383801965336 1.62207470314e-05 -53.3346664403 -12.15089991
27 15836 -0.00398604541817 1.6819234538e-05 -53.2150120752 -12.0633727551
28 14821 -0.00414470073356 1.58756377858e-05 -53.0874437354 -12.0594059143
29 15265 -0.00429226402003 1.60087483193e-05 -52.9694190383 -12.1219381761
30 15511 -0.00443987873851 1.62674481288e-05 -52.8519511983 -12.1587138316
31 15353 -0.00459065081454 1.68579540411e-05 -52.7325835502 -12.1336901928
32 14313 -0.00475247061513 1.60802117923e-05 -52.6051528665 -12.0481013773
33 14439 -0.00490615235269 1.62042208702e-05 -52.484780825 -12.0817455616
34 14384 -0.00506131530748 1.62902546518e-05 -52.3638859576 -12.1168557387
35 14204 -0.00521828355671 1.56695235745e-05 -52.2422310039 -12.0879299067
36 14939 -0.00536551122384 1.57492880957e-05 -52.1287116894 -12.0922732157
37 15585 -0.00551038812558 1.69361442268e-05 -52.0175548545 -12.0770251438
38 14415 -0.00567238460946 1.53238550221e-05 -51.8939041132 -12.0924674096
39 15703 -0.0058128165352 1.72579594883e-05 -51.7872570593 -12.0858030649
40 14058 -0.00597997397997 1.54641289516e-05 -51.6609670365 -12.0602714674
41 15097 -0.00612450732633 1.57690474391e-05 -51.5523376952 -12.0723293247
42 15718 -0.00626894983806 1.70423282689e-05 -51.4442987635 -12.091422094
43 14382 -0.00643214671621 1.57853601559e-05 -51.3228554374 -12.0694124117
44 14949 -0.00658041204559 1.67900742058e-05 -51.2130924981 -12.1044464924
45 14033 -0.00674318258902 1.53930530597e-05 -51.0932101359 -12.0457659571
46 15180 -0.00688666007613 1.58534017499e-05 -50.9880705525 -12.0533447894
47 15670 -0.00703209948308 1.65903175111e-05 -50.8819994417 -12.0273219699
48 15010 -0.00718760720389 1.5755465001e-05 -50.7691450054 -12.0199471416
49 15649 -0.00733224311579 1.66263258772e-05 -50.6646957782 -12.0663011119
50 14936 -0.00748847782418 1.58867012258e-05 -50.5524243536 -12.0804290159
51 15366 -0.00763565702412 1.58296000403e-05 -50.4471826776 -12.0304519489
52 15900 -0.0077798221113 1.74469985568e-05 -50.3445840532 -12.0681623801
53 13964 -0.00794937720531 1.58728645585e-05 -50.224529173 -12.0390333557
54 14386 -0.00810135324563 1.61458055984e-05 -50.1174803477 -11.9959999048
55 14416 -0.00825578301667 1.57098620526e-05 -50.009240396 -12.038887056
56 15100 -0.0084026009459 1.60955630726e-05 -49.9068341027 -12.0988353669
57 15209 -0.00855248376569 1.65233801824e-05 -49.8027876602 -12.0622984601
58 14668 -0.00870916122082 1.55825150956e-05 -49.694558076 -12.0417863176
59 15564 -0.00885260133069 1.64243244999e-05 -49.5959474059 -12.0628444773
60 15162 -0.00900578186754 1.60751267963e-05 -49.4911380535 -12.0329355912
61 15303 -0.00915501316844 1.6683991329e-05 -49.3895215663 -12.0692917854
62 14520 -0.00931401630969 1.58852326377e-05 -49.2817801494 -12.0130102588
63 14940 -0.00946326404458 1.5736560874e-05 -49.1811420811 -12.0587979739
64 15606 -0.00960792546329 1.64939660081e-05 -49.084048983 -12.0671721587
65 15096 -0.00976209180124 1.62406843856e-05 -48.9810631844 -12.0538662184
66 14983 -0.00991446380105 1.55414613916e-05 -48.8797660665 -12.0322038386
67 15965 -0.0100557190483 1.6601143851e-05 -48.7862914903 -12.0700242273
68 15276 -0.0102099685138 1.57960724682e-05 -48.684689659 -12.0582113169
69 15861 -0.0103540059379 1.66479742767e-05 -48.5902558117 -12.0350301914
70 15105 -0.0105095656902 1.6227937115e-05 -48.4887432029 -12.055122364
71 15011 -0.0106616743375 1.57775730267e-05 -48.3899568154 -12.0119387899
72 15615 -0.0108066711185 1.60594283662e-05 -48.2962226282 -12.0350710513
73 15785 -0.0109534612506 1.59335110717e-05 -48.2017571079 -12.0323414296
74 16162 -0.011097391213 1.64906883061e-05 -48.1095475484 -12.0526582893
75 15639 -0.0112488272792 1.63348149204e-05 -48.012970123 -12.0151173055
76 15374 -0.0114001189561 1.64358486906e-05 -47.9169332244 -12.0408850893
77 14959 -0.0115544414258 1.57980678633e-05 -47.8194310136 -12.0296945158
78 15529 -0.0117000301573 1.63903776842e-05 -47.7278684881 -11.997192632
79 15180 -0.0118528030444 1.56952884398e-05 -47.632224896 -12.0345391114
80 15924 -0.0119956401195 1.67738356422e-05 -47.5432038615 -11.9939426026
81 14973 -0.0121530667202 1.63883231396e-05 -47.4455373462 -12.0486072974
82 14640 -0.0123086145397 1.52707817278e-05 -47.3494938419 -12.0167510163
83 16035 -0.0124471059156 1.64352351216e-05 -47.2643619259 -12.0082431302
84 15603 -0.0125982038044 1.63560149094e-05 -47.1718862967 -12.0053282281
85 15306 -0.0127500296448 1.61739594311e-05 -47.0793886753 -12.0336130907
86 15294 -0.0129002217792 1.62684543473e-05 -46.9883012621 -12.0470418255
87 15136 -0.0130520768502 1.65217544972e-05 -46.8966220197 -12.0114744465
88 14600 -0.0132091032785 1.59173626424e-05 -46.8022583123 -12.063631676
89 14974 -0.0133584860959 1.57069841298e-05 -46.7128981593 -12.0062965113
90 15689 -0.0135024950507 1.60038101043e-05 -46.6271287401 -12.0058420052
91 15950 -0.0136480200453 1.64776594204e-05 -46.5408290366 -12.0180106299
92 15454 -0.0138002381703 1.65807504096e-05 -46.450958379 -11.9951564845
93 14818 -0.0139566626957 1.56741979047e-05 -46.3590256152 -12.040757931
94 15577 -0.0141008850748 1.64193222248e-05 -46.2746401487 -11.9770206963
95 15182 -0.0142539162223 1.61540240106e-05 -46.1854923893 -12.0405942342
96 15201 -0.014404382321 1.59826221354e-05 -46.0982296201 -12.0285372816
97 15487 -0.0145518703289 1.62061177775e-05 -46.0130675253 -12.0064883852
98 15425 -0.0147017233766 1.58216212509e-05 -45.9269160917 -11.9759188728
99 15974 -0.0148454816964 1.63001743971e-05 -45.8446227182 -11.9974252749
100 15759 -0.0149945988824 1.58419465646e-05 -45.7596257993 -11.9686164842
101 16287 -0.0151371554053 1.69558274026e-05 -45.678712934 -11.9807422754
102 15034 -0.0152959647742 1.57325628849e-05 -45.5889691274 -12.0223212829
103 15711 -0.0154401073199 1.62011582285e-05 -45.5078707208 -11.9784252676
104 15656 -0.0155888053166 1.54019502149e-05 -45.4245630997 -11.9731904484
105 16920 -0.0157247825303 1.64678530816e-05 -45.3486948433 -11.9898036982
106 16410 -0.0158724116576 1.65788851031e-05 -45.2666614269 -12.0024446946
107 15737 -0.0160241799616 1.63764068895e-05 -45.1826903805 -11.9544447732
108 15405 -0.0161757031238 1.65461283687e-05 -45.099219132 -11.9978291078
109 14823 -0.016331774896 1.51937520456e-05 -45.0136200782 -11.9748129856
110 16363 -0.0164681784699 1.66336985686e-05 -44.9391203338 -11.9772629081
111 15605 -0.0166210913982 1.5408778311e-05 -44.8559475651 -11.9461404394
112 16853 -0.0167573983486 1.74753472617e-05 -44.7821117829 -11.9970335735
113 14758 -0.0169225945061 1.565144533e-05 -44.693009479 -11.9532413794
114 15550 -0.0170667332368 1.60704104685e-05 -44.6156051589 -11.9767922727
115 15702 -0.0172140124961 1.59066987061e-05 -44.5368396999 -11.978747154
116 16121 -0.0173578835395 1.64412550485e-05 -44.4602125757 -11.9433628023
117 15678 -0.0175086790821 1.62811464937e-05 -44.3802301243 -11.978089959
118 15496 -0.0176588766137 1.59872785235e-05 -44.3009012859 -12.0064185333
119 15780 -0.0178050310978 1.57894344031e-05 -44.2240281553 -11.9955580227
120 16395 -0.0179466423299 1.64765056021e-05 -44.1498441841 -11.9926480203
121 15887 -0.0180967611636 1.62992465268e-05 -44.0715234048 -11.9744565369
122 15674 -0.0182462705401 1.59065089739e-05 -43.9938458816 -11.9621397827
123 16093 -0.0183902669269 1.61461630196e-05 -43.9193376425 -11.9639456192
124 16126 -0.01853628279 1.59262176555e-05 -43.8440882233 -11.9768666658
125 16524 -0.0186785649756 1.6520936518e-05 -43.7710554543 -11.8977227484
126 15940 -0.0188288380618 1.69906313522e-05 -43.6942325941 -11.9843329887
127 14662 -0.0189899801837 1.59321192422e-05 -43.6122067178 -11.9191831873
128 15015 -0.0191392968453 1.55367194734e-05 -43.5365248051 -11.9576872155
129 16007 -0.019280324434 1.69298444301e-05 -43.4653290916 -11.9381205914
130 14814 -0.0194400607933 1.60024930802e-05 -43.3850206898 -11.9499954528
131 15062 -0.0195897995696 1.47455763122e-05 -43.3100570634 -11.9343815507
132 17404 -0.019718158169 1.74334116899e-05 -43.2460408152 -11.94954644
133 15306 -0.0198799838478 1.60411575093e-05 -43.1656524028 -11.9462563574
134 15502 -0.0200279423465 1.52977399758e-05 -43.0924620321 -11.9205404312
135 16932 -0.0201629509158 1.70051772976e-05 -43.0259339089 -11.9442477133
136 15551 -0.02031955061 1.60111602374e-05 -42.9490709269 -11.9405064885
137 15798 -0.0204658415734 1.57416735284e-05 -42.8775615381 -11.9163278641
138 16494 -0.0206066020855 1.68712998218e-05 -42.8090218559 -11.9603232567
139 15356 -0.0207629538279 1.5853612813e-05 -42.7331948162 -11.9800305245
140 15851 -0.0209075608443 1.61476872449e-05 -42.6633471903 -12.0011220094
141 15881 -0.0210547123788 1.65484560142e-05 -42.5925485105 -11.9056280342
142 15277 -0.0212084671606 1.59196365724e-05 -42.5188706264 -11.9235183255
143 15664 -0.0213545402491 1.65406408416e-05 -42.4491539785 -11.9478647642
144 15080 -0.0215092219691 1.46546059038e-05 -42.3756245516 -11.9651842361
145 17588 -0.0216361215679 1.71472121732e-05 -42.3155276021 -11.9687619744
146 15923 -0.0217921757187 1.57610614096e-05 -42.2419013217 -11.9802699282
147 16592 -0.0219326936463 1.66424281834e-05 -42.175865601 -11.9333693544
148 15810 -0.0220846946137 1.63294264536e-05 -42.104709863 -11.9352979368
149 15551 -0.0222350751458 1.60046637446e-05 -42.034593709 -11.9334775488
150 15808 -0.0223812585412 1.62299005402e-05 -41.9667008493 -11.9498727523
151 15706 -0.0225299793038 1.61663477252e-05 -41.8978974305 -11.9353889601
152 15706 -0.022678119562 1.5715030325e-05 -41.8296296346 -11.9193846103
153 16442 -0.0228188621633 1.58922767473e-05 -41.7650164188 -11.9029018806
154 16906 -0.0229592280611 1.59577050127e-05 -41.7008130716 -11.9026438758
155 17268 -0.0230986867045 1.72597902805e-05 -41.6372577482 -11.8732373819
156 15456 -0.0232581212342 1.55680282453e-05 -41.5648818046 -11.9216595102
157 16424 -0.0233976242957 1.65435071347e-05 -41.5018000594 -11.9537828766
158 15808 -0.0235487329104 1.58979810393e-05 -41.4337281931 -11.9076158817
159 16244 -0.0236919787796 1.59538613456e-05 -41.3694444958 -11.8519407546
160 16598 -0.0238341887408 1.60455281557e-05 -41.3058613189 -11.9172645015
161 16803 -0.0239763422348 1.64625228728e-05 -41.2425367505 -11.9304196508
162 16306 -0.0241243964751 1.58292358955e-05 -41.1768302721 -11.9279199253
163 16874 -0.0242643386993 1.63829888496e-05 -41.1149540177 -11.9287410679
164 16507 -0.0244107755744 1.62784537021e-05 -41.0504442296 -11.9324474405
165 16320 -0.0245571087833 1.64814738499e-05 -40.9862220265 -11.8923379169
166 15807 -0.024707655453 1.63062760712e-05 -40.9204015914 -11.9403618686
167 15584 -0.0248576608059 1.59992455497e-05 -40.8550695404 -11.8977496197
168 15851 -0.025003599766 1.62007596129e-05 -40.7917483077 -11.9243913245
169 15796 -0.0251516330013 1.56523471827e-05 -40.7277586364 -11.874331376
170 16642 -0.0252909697946 1.64581382469e-05 -40.6677479828 -11.9105181732
171 16157 -0.0254396657877 1.61772113501e-05 -40.6039403004 -11.8675350852
172 16139 -0.025585902577 1.57656328322e-05 -40.5414221224 -11.8784296255
173 16809 -0.0257255499174 1.61505319179e-05 -40.4819366482 -11.8508031123
174 16836 -0.0258684924175 1.62791001981e-05 -40.4212645389 -11.8852774528
175 16644 -0.0260133992963 1.68074499335e-05 -40.3599815293 -11.8760501065
176 15596 -0.0261679548866 1.58106242719e-05 -40.2948639052 -11.9177786391
177 16169 -0.0263107437833 1.63873994793e-05 -40.2349282233 -11.8778096005
178 15810 -0.0264604128115 1.60458434921e-05 -40.1723346461 -11.9052127614
179 16004 -0.0266060710217 1.58238723109e-05 -40.1116432931 -11.8888854949
180 16570 -0.0267472411272 1.61891950758e-05 -40.0530325021 -11.9051137589
181 16532 -0.0268918388287 1.63477949354e-05 -39.9932123218 -11.8481054174
182 16230 -0.027039201568 1.64398862582e-05 -39.9324695356 -11.8647120375
183 15786 -0.0271894669474 1.54436535755e-05 -39.8707590644 -11.9094956533
184 16988 -0.0273255381131 1.61630250662e-05 -39.8150760729 -11.8881435426
185 16994 -0.027467925751 1.63379433382e-05 -39.757008941 -11.8948119533
186 16701 -0.0276131114345 1.64916370379e-05 -39.6980109678 -11.8530962498
187 16159 -0.0277620995094 1.59311015979e-05 -39.6376873573 -11.8541181101
188 16549 -0.0279043151822 1.6050680028e-05 -39.580312131 -11.8693344542
189 16744 -0.0280467619219 1.59503971291e-05 -39.5230446246 -11.8690692786
190 17115 -0.0281867774529 1.66390955664e-05 -39.4669495046 -11.8732516428
191 16314 -0.0283363827343 1.62214120629e-05 -39.4072248834 -11.9039110415
192 16223 -0.0284826393857 1.58150939012e-05 -39.349048173 -11.864678099
193 16812 -0.0286227131535 1.69776929582e-05 -39.2935254581 -11.8795632779
194 15484 -0.0287793983366 1.53915320579e-05 -39.2316427027 -11.8544933049
195 16752 -0.0289159638125 1.65995224934e-05 -39.1778985039 -11.8394816064
196 16032 -0.0290665193324 1.59730822767e-05 -39.118855086 -11.8837052595
197 16350 -0.0292099788359 1.59026849299e-05 -39.0627949135 -11.8644184684
198 16793 -0.0293509057349 1.61043365062e-05 -39.0079138366 -11.8504205525
199 16899 -0.0294931733973 1.64186047079e-05 -38.9527000771 -11.8694811286
200 16472 -0.0296400851234 1.59743787326e-05 -38.8958827099 -11.8749873443
201 16796 -0.0297816364155 1.63537648078e-05 -38.8413284998 -11.891983084
202 16480 -0.0299279341181 1.63201640973e-05 -38.7851399883 -11.8059987637
203 16225 -0.0300750733625 1.61257039316e-05 -38.7288271385 -11.8793770578
204 16292 -0.0302201590952 1.54519891906e-05 -38.6734944763 -11.8034054091
205 17518 -0.0303542296545 1.65875914925e-05 -38.622533399 -11.8771573781
206 16785 -0.030501261974 1.64039757582e-05 -38.5668329541 -11.8802182934
207 16385 -0.0306484311953 1.54095202221e-05 -38.5112760533 -11.8432398364
208 17694 -0.0307814655987 1.63928727046e-05 -38.4612224844 -11.8458270591
209 17292 -0.030924627044 1.63575349635e-05 -38.4075353338 -11.869641684
210 16960 -0.0310688721122 1.61057797335e-05 -38.3536261309 -11.8391629321
211 17064 -0.0312104606639 1.57755282441e-05 -38.3008887863 -11.8445775066
212 17755 -0.0313464238572 1.67047243349e-05 -38.2504128246 -11.8519693761
213 16811 -0.0314943787843 1.63215386222e-05 -38.1956689543 -11.8252900494
214 16548 -0.0316400847063 1.61554014883e-05 -38.1419436959 -11.8496047129
215 16566 -0.0317842291087 1.62297068844e-05 -38.0889753588 -11.8810586884
216 16460 -0.0319295044119 1.60715176866e-05 -38.0357728326 -11.8140396463
217 16619 -0.0320726724904 1.55075052638e-05 -37.9835192635 -11.861499329
218 17769 -0.0322062710645 1.65729325152e-05 -37.9349163103 -11.8658423667
219 17051 -0.0323520238483 1.63067071654e-05 -37.8820647345 -11.8023660113
220 16810 -0.0324964605404 1.66545239264e-05 -37.8298676677 -11.852055875
221 15998 -0.0326476751271 1.57612347079e-05 -37.7754093102 -11.840511397
222 16670 -0.0327878660632 1.6229703789e-05 -37.725092054 -11.8670952218
223 16563 -0.0329326874388 1.59731037472e-05 -37.6732847985 -11.8473587019
224 16891 -0.0330738289398 1.61648080576e-05 -37.6229612756 -11.8364521849
225 16894 -0.0332166535092 1.61734293788e-05 -37.5722049714 -11.8178793409
226 16882 -0.0333596040777 1.66409517269e-05 -37.5215715933 -11.7805561377
227 16089 -0.0335102692033 1.48310232893e-05 -37.4683864021 -11.7983510082
228 18430 -0.0336357292057 1.67780498465e-05 -37.4242395166 -11.8167651721
229 17321 -0.0337821299879 1.62895787967e-05 -37.3728850069 -11.823409055
230 17106 -0.033925161676 1.6049881176e-05 -37.322879003 -11.8640711078
231 17309 -0.0340652574176 1.6396472291e-05 -37.2740583875 -11.7878774971
232 16910 -0.0342100604729 1.58763028756e-05 -37.2237618708 -11.823668188
233 17415 -0.0343482191384 1.62467839209e-05 -37.1759283894 -11.7695950367
234 17273 -0.0344901810451 1.60866164817e-05 -37.1269352023 -11.8326958294
235 17413 -0.0346301777478 1.66119571592e-05 -37.0787753988 -11.8082360216
236 16643 -0.0347780518731 1.58548061014e-05 -37.0280722295 -11.8012746639
237 17178 -0.0349169740612 1.56523778473e-05 -36.9805936145 -11.8044583718
238 18098 -0.0350505888725 1.65055596285e-05 -36.9350699679 -11.7807959174
239 17486 -0.0351939332001 1.64175387819e-05 -36.8863845081 -11.8265493945
240 17046 -0.0353383408022 1.64654765095e-05 -36.8374974214 -11.844729871
241 16536 -0.0354853843511 1.58146343163e-05 -36.7878816784 -11.790827758
242 17137 -0.0356241188293 1.59541252123e-05 -36.7412203216 -11.8184530256
243 17510 -0.0357625781226 1.57331550445e-05 -36.6947967356 -11.8212387317
244 18297 -0.0358961502364 1.63069000858e-05 -36.6501486109 -11.7833629241
245 18038 -0.0360355852696 1.66716503838e-05 -36.6036834526 -11.8224028976
246 17137 -0.0361818389355 1.6641402506e-05 -36.5551019868 -11.7727015366
247 16331 -0.0363313863731 1.54219772535e-05 -36.5055907062 -11.7939994269
248 17614 -0.0364648327968 1.68781553309e-05 -36.4615496405 -11.8036555731
249 16387 -0.0366162461081 1.59294800346e-05 -36.4117376588 -11.8123676647
250 16786 -0.0367574429598 1.57639891154e-05 -36.365437959 -11.7646199407
251 17486 -0.036894346862 1.5882398115e-05 -36.3206846946 -11.8145105298
252 17997 -0.0370303051891 1.62480843254e-05 -36.276375106 -11.8031449071
253 17848 -0.0371699731886 1.64958853974e-05 -36.2309955272 -11.7680172437
254 17261 -0.0373141626034 1.61239590386e-05 -36.1842940142 -11.7878176339
255 17335 -0.0374547992935 1.61987500115e-05 -36.1388865112 -11.7845520845
256 17278 -0.0375963224445 1.5725186256e-05 -36.093335003 -11.7725478594
257 18069 -0.0377306658315 1.66858523099e-05 -36.050225801 -11.8323718737
258 17142 -0.0378770237898 1.58723745811e-05 -36.0034062391 -11.7801434518
259 17661 -0.0380141830355 1.59069524304e-05 -35.9596659259 -11.7345514156
260 18132 -0.0381498442674 1.67450574459e-05 -35.9165327545 -11.7747951235
261 17098 -0.0382969068258 1.59425918792e-05 -35.86991929 -11.7796901288
262 17491 -0.0384353426545 1.62409196874e-05 -35.8261771371 -11.7953255248
263 17359 -0.0385769025611 1.64691272227e-05 -35.7815845683 -11.8213102891
264 16834 -0.0387226736972 1.56056690236e-05 -35.7358092312 -11.7328774301
265 17820 -0.0388569249528 1.67871904393e-05 -35.6937798758 -11.829358665
266 16733 -0.0390059605314 1.56963265244e-05 -35.647265702 -11.8110765092
267 17551 -0.0391420240064 1.60416805109e-05 -35.6049315141 -11.7889765701
268 17774 -0.0392802041133 1.61690120969e-05 -35.5620665264 -11.7752938291
269 17769 -0.039419501697 1.61192521165e-05 -35.518984621 -11.7571672715
270 17854 -0.0395580399147 1.65443547264e-05 -35.4762661935 -11.7722058405
271 17182 -0.0397029844478 1.70380267888e-05 -35.4317090566 -11.7573997748
272 15728 -0.0398590005153 1.44987967571e-05 -35.3839039064 -11.7967151659
273 18638 -0.0399809621229 1.63575489499e-05 -35.3466451888 -11.770825221
274 18280 -0.0401199012648 1.65914337676e-05 -35.3043188654 -11.8138310652
275 17508 -0.0402638978374 1.63129473193e-05 -35.2605849726 -11.7861864337
276 17249 -0.0404065366799 1.61481474313e-05 -35.217396433 -11.76810357
277 17281 -0.0405476063609 1.61679048464e-05 -35.1748126043 -11.7674628805
278 17278 -0.0406888593338 1.57085903637e-05 -35.1323019988 -11.7492225352
279 18100 -0.0408229478329 1.64526418771e-05 -35.0920660608 -11.7648345388
280 17582 -0.0409654418529 1.58005261361e-05 -35.0494338102 -11.7146900205
281 18247 -0.0410997699009 1.61507970799e-05 -35.0093630119 -11.7915686015
282 18276 -0.0412369684597 1.63653180841e-05 -34.9685539323 -11.7736114038
283 17911 -0.0413773988258 1.63877533883e-05 -34.926906536 -11.7739339324
284 17513 -0.0415196090352 1.59994696442e-05 -34.8848575119 -11.7108867691
285 17812 -0.0416572797179 1.65904110251e-05 -34.8442712116 -11.7795770926
286 17062 -0.0418031391835 1.58943067936e-05 -34.8013995223 -11.7448657208
287 17540 -0.0419409629766 1.63882164098e-05 -34.7610108782 -11.7569097774
288 17150 -0.0420846767413 1.5777246201e-05 -34.719021033 -11.7928083841
289 17841 -0.042220325213 1.64062679587e-05 -34.679504087 -11.7345057901
290 17412 -0.0423631091101 1.62716187344e-05 -34.6380300456 -11.7670376076
291 17227 -0.0425054795044 1.60677482672e-05 -34.5967997354 -11.7865424183
292 17400 -0.0426453645653 1.54752493826e-05 -34.5564088764 -11.7856532579
293 18665 -0.0427754453083 1.66220783592e-05 -34.5189549596 -11.7874785614
294 17822 -0.0429184342143 1.61435691065e-05 -34.4779017888 -11.7706019332
295 17863 -0.0430571460093 1.60010439522e-05 -34.4381935689 -11.7800955061
296 18165 -0.043193485597 1.60889324267e-05 -34.399276192 -11.7354226357
297 18308 -0.0433300374357 1.61684656545e-05 -34.3604088202 -11.7853828208
298 18304 -0.043467280056 1.64763376091e-05 -34.3214558778 -11.7451599228
299 17737 -0.0436093524705 1.60405081642e-05 -34.2812488939 -11.7445666658
300 17965 -0.0437467879286 1.65612720734e-05 -34.2424667468 -11.758037462
301 17259 -0.0438915558496 1.60945934151e-05 -34.2017346859 -11.7364902725
302 17385 -0.0440317355026 1.58904544016e-05 -34.1624096215 -11.7632680134
303 17879 -0.0441682131709 1.62253995447e-05 -34.1242323022 -11.7598811918
304 17772 -0.0443079847383 1.59780041838e-05 -34.0852447839 -11.7510337532
305 18115 -0.0444443165894 1.58275433391e-05 -34.0473246969 -11.6995761191
306 18749 -0.044577062011 1.57049416795e-05 -34.010504185 -11.6937469268
307 19648 -0.0447057292002 1.7174135096e-05 -33.9749105688 -11.7140106942
308 17739 -0.0448538098468 1.55258788323e-05 -33.9340626497 -11.6921848578
309 18931 -0.0449833963232 1.65161620359e-05 -33.8984178544 -11.6935666173
310 18271 -0.045123716901 1.62738407962e-05 -33.8599268864 -11.7175006844
311 18073 -0.045262734925 1.59925294432e-05 -33.8219018761 -11.7047772278
312 18395 -0.0453981494331 1.65067993832e-05 -33.7849660691 -11.7199560479
313 17770 -0.0455403514726 1.6189312532e-05 -33.746288429 -11.7429854518
314 17729 -0.0456799833795 1.55961805313e-05 -33.7084185803 -11.7441974075
315 18786 -0.0458106595223 1.61399235905e-05 -33.6730748424 -11.739678375
316 18836 -0.0459457099733 1.61930744948e-05 -33.6366463448 -11.7587477331
317 18785 -0.0460813905983 1.66198227883e-05 -33.6001481323 -11.7931713604
318 17940 -0.0462238864251 1.66496573867e-05 -33.5619243794 -11.7096415907
319 17082 -0.0463701823621 1.55754415842e-05 -33.5227956325 -11.7203406829
320 18138 -0.0465029931509 1.60921247212e-05 -33.487373585 -11.7266601209
321 18275 -0.0466396958439 1.59308669006e-05 -33.4510124302 -11.7032120459
322 18717 -0.046773421407 1.63016159557e-05 -33.415539845 -11.7077573668
323 18462 -0.0469112015337 1.64529685045e-05 -33.379091346 -11.691883949
324 17933 -0.0470522967753 1.65325808578e-05 -33.3418702177 -11.7554880942
325 17279 -0.0471967325288 1.58637714366e-05 -33.3038767759 -11.7346280876
326 17818 -0.0473332132617 1.55583368302e-05 -33.2680767161 -11.7013398181
327 18953 -0.0474629964414 1.67358491861e-05 -33.2341239997 -11.6972485632
328 17889 -0.0476066923489 1.59896529725e-05 -33.1966340823 -11.6671534507
329 18213 -0.0477427571394 1.68199643249e-05 -33.1612340138 -11.703255298
330 17045 -0.0478907093768 1.50974708222e-05 -33.122849909 -11.6773319462
331 19001 -0.0480164873516 1.66591234883e-05 -33.0903073294 -11.6848081736
332 18075 -0.048158789186 1.61470371252e-05 -33.0535874384 -11.6647567614
333 18110 -0.0482965806024 1.54922239701e-05 -33.0181300914 -11.6877940473
334 19393 -0.0484243360433 1.61251248562e-05 -32.9853416478 -11.7215399401
335 19474 -0.0485570346016 1.66010804072e-05 -32.9513722165 -11.7059639285
336 18634 -0.0486966963549 1.62952229646e-05 -32.9157163871 -11.7300589548
337 18392 -0.0488346840885 1.63225049351e-05 -32.8805843499 -11.7050436724
338 18103 -0.0489740018521 1.65100526449e-05 -32.845210512 -11.7465411539
339 17483 -0.0491173980596 1.58855690861e-05 -32.8089023192 -11.6742236349
340 17988 -0.0492534170965 1.5482211981e-05 -32.7745565229 -11.668718995
341 19282 -0.0493814569947 1.62556521174e-05 -32.7423092387 -11.6660012412
342 19108 -0.049516505531 1.65000431952e-05 -32.7083844463 -11.6975038247
343 18472 -0.0496559243968 1.60376249203e-05 -32.6734558323 -11.699854823
344 18715 -0.0497905539163 1.62576197104e-05 -32.6398173928 -11.691541059
345 18542 -0.0499276632166 1.66913054914e-05 -32.6056501843 -11.6690646161
346 17581 -0.0500722295185 1.58005188943e-05 -32.5697235871 -11.6536924322
347 18246 -0.0502065612756 1.54092175315e-05 -32.5364310114 -11.6785853125
348 19705 -0.05033262442 1.64353154807e-05 -32.5052667948 -11.6681955057
349 19174 -0.0504689284046 1.67134736512e-05 -32.471656752 -11.6423912965
350 18139 -0.050611441057 1.57252538686e-05 -32.4366107573 -11.6793997634
351 18970 -0.0507425582722 1.62813136631e-05 -32.4044525054 -11.6859708868
352 18750 -0.0508791054102 1.63444880753e-05 -32.3710491851 -11.710031816
353 18414 -0.0510174267076 1.59432903869e-05 -32.3373016896 -11.6685273532
354 18836 -0.0511508345991 1.59213436721e-05 -32.3048382841 -11.7134003196
355 19310 -0.051282411338 1.58615978634e-05 -32.2729022188 -11.6982261856
356 19917 -0.0514114833465 1.69572228864e-05 -32.2416526827 -11.6653285431
357 18382 -0.0515551153316 1.54370088758e-05 -32.206969186 -11.6589528615
358 19795 -0.0516811157825 1.67637699257e-05 -32.1766220181 -11.6667467324
359 18631 -0.0518221563948 1.55557203532e-05 -32.1427394061 -11.6793875135
360 19823 -0.0519490380965 1.71203347188e-05 -32.1123364415 -11.6527233722
361 17995 -0.0520956016633 1.56891358286e-05 -32.0773092192 -11.6712531789
362 18888 -0.0522266993002 1.56350377949e-05 -32.0460613009 -11.6492611743
363 19935 -0.0523538690512 1.6735279957e-05 -32.0158243146 -11.6641167677
364 18817 -0.0524939722201 1.61177148844e-05 -31.9825970113 -11.6718548087
365 18910 -0.0526285739379 1.60283777995e-05 -31.9507579138 -11.590727688
366 19176 -0.0527614960353 1.61647693391e-05 -31.9193960813 -11.6702926043
367 19179 -0.0528955407518 1.667070151e-05 -31.8878495447 -11.668942891
368 18222 -0.0530373623465 1.5790581565e-05 -31.8545600839 -11.6123810712
369 18930 -0.0531691607157 1.64960167653e-05 -31.8237035275 -11.6468993845
370 18307 -0.0533091707629 1.57765757339e-05 -31.7910087393 -11.6795907506
371 19046 -0.0534404527465 1.62220194135e-05 -31.760430688 -11.6643026168
372 18939 -0.0535758231134 1.63226358914e-05 -31.7289797177 -11.6902442472
373 18641 -0.0537131162478 1.58798334384e-05 -31.6971640011 -11.6653403665
374 19191 -0.0538447568179 1.61634456907e-05 -31.6667354205 -11.6598609417
375 19196 -0.0539787291691 1.59372949278e-05 -31.6358451947 -11.585076438
376 19647 -0.0541093025607 1.64833956352e-05 -31.6058134763 -11.6303058514
377 19025 -0.0542465410923 1.56732179282e-05 -31.5743280819 -11.5994996098
378 20002 -0.0543738082479 1.64240520055e-05 -31.5452026942 -11.6640503212
379 19486 -0.0545089265815 1.64522533212e-05 -31.5143564782 -11.6500394275
380 18929 -0.0546462535282 1.62329301286e-05 -31.4830858952 -11.653081447
381 18801 -0.0547822081692 1.6480875203e-05 -31.4522067842 -11.6431318893
382 18210 -0.0549224610525 1.60975258144e-05 -31.420433465 -11.6502653494
383 18337 -0.0550589764276 1.64587234218e-05 -31.389586569 -11.6164796655
384 17801 -0.0552006426161 1.59590650487e-05 -31.3576586284 -11.6595789249
385 18179 -0.0553365711602 1.60446381379e-05 -31.327102813 -11.6106702023
386 18405 -0.0554723889681 1.55110678517e-05 -31.296648878 -11.6412636833
387 19672 -0.0555993922045 1.63887801769e-05 -31.2682407763 -11.6341965493
388 19233 -0.0557351035821 1.66628829513e-05 -31.2379586682 -11.6809480206
389 18288 -0.0558766034298 1.53401026086e-05 -31.2064658741 -11.5912138042
390 19889 -0.0560015169299 1.57256730966e-05 -31.178733017 -11.6645282217
391 20799 -0.0561267389602 1.64704827585e-05 -31.1509958219 -11.6309507156
392 20167 -0.056259930996 1.62717556627e-05 -31.1215634962 -11.6246988784
393 19952 -0.0563922219167 1.71567913626e-05 -31.0924017345 -11.6491668471
394 18046 -0.0565388927366 1.60794690357e-05 -31.0601530321 -11.6171831797
395 18206 -0.0566757477435 1.61822415135e-05 -31.0301408824 -11.6674457277
396 18177 -0.0568135878461 1.56298039468e-05 -30.9999888559 -11.6408791336
397 19195 -0.0569431430255 1.66445587016e-05 -30.9717185474 -11.6944970631
398 18286 -0.0570844957427 1.56893203416e-05 -30.940950347 -11.6247072721
399 19193 -0.0572145488132 1.6210536285e-05 -30.9127119565 -11.6266624172
400 19107 -0.0573492258456 1.64159611266e-05 -30.8835402355 -11.6234441926
401 18629 -0.0574873477513 1.5759638558e-05 -30.853696754 -11.6305826576
402 19414 -0.0576172386778 1.52126712031e-05 -30.8257002159 -11.6287631366
403 21390 -0.0577366911452 1.72732063822e-05 -30.8000119805 -11.5878569174
404 19119 -0.0578801511223 1.60924799417e-05 -30.7692346408 -11.6310161913
405 19263 -0.058013305852 1.59673210077e-05 -30.740739872 -11.6157109429
406 19656 -0.0581440967521 1.59848940962e-05 -30.7128179366 -11.5846648264
407 20021 -0.0582738317157 1.66431190007e-05 -30.6851867771 -11.6479037418
408 19076 -0.0584122157777 1.64437176743e-05 -30.6557850018 -11.5901366967
409 18547 -0.0585508786246 1.61243922291e-05 -30.6263977395 -11.618272598
410 18626 -0.0586865586733 1.60762427923e-05 -30.5977138245 -11.6167040013
411 18797 -0.05882121697 1.5872737499e-05 -30.5693152902 -11.6253463376
412 19366 -0.0589522043622 1.58146425369e-05 -30.5417570012 -11.6104219569
413 20070 -0.0590804020169 1.66914210558e-05 -30.5148485185 -11.6367727088
414 19029 -0.0592193579915 1.58384269223e-05 -30.4857518836 -11.5780735929
415 19673 -0.0593490368904 1.6579961008e-05 -30.4586632796 -11.6208280214
416 18865 -0.0594876652062 1.59760883259e-05 -30.4297748764 -11.5627009477
417 19233 -0.0596199600035 1.58776947511e-05 -30.402273172 -11.606607951
418 19805 -0.0597495272366 1.62004609064e-05 -30.3754015604 -11.5997202953
419 19736 -0.0598819569843 1.60836728131e-05 -30.3480005624 -11.5895601068
420 19902 -0.0600128835488 1.57251529365e-05 -30.3209742532 -11.5869766756
421 20814 -0.0601380572263 1.60454457435e-05 -30.2951944645 -11.5798376532
422 21071 -0.0602649987178 1.71067913021e-05 -30.2691092858 -11.588977385
423 19154 -0.0604069457645 1.64519196506e-05 -30.2400103781 -11.5892245589
424 18607 -0.0605454526028 1.50999046684e-05 -30.2116874518 -11.6028277688
425 20737 -0.060665869874 1.68548508595e-05 -30.1871202021 -11.5594889145
426 19338 -0.0608050595636 1.60677818376e-05 -30.1587883995 -11.5763488566
427 19532 -0.060937089384 1.6221529384e-05 -30.1319785179 -11.5819301439
428 19423 -0.0610707576218 1.54874299538e-05 -30.1048997291 -11.5916175875
429 20810 -0.0611940511242 1.60098186239e-05 -30.0799793871 -11.5793310087
430 21143 -0.0613204940844 1.68295645238e-05 -30.054478807 -11.5536039231
431 19768 -0.061457957807 1.65108304072e-05 -30.0268201036 -11.6189423171
432 19089 -0.0615951941572 1.58831255224e-05 -29.9992739501 -11.5970998069
433 19646 -0.061725329539 1.61793711157e-05 -29.973214546 -11.5325968587
434 19620 -0.0618579790034 1.58843820675e-05 -29.9467130406 -11.5837527091
435 20189 -0.0619863596456 1.66069524374e-05 -29.921123157 -11.5706603009
436 19306 -0.0621236153929 1.60361352102e-05 -29.8938279381 -11.5838383675
437 19563 -0.0622552826918 1.6167631848e-05 -29.8677057345 -11.5931863648
438 19560 -0.062388037713 1.60789272388e-05 -29.8414286641 -11.5745485059
439 19734 -0.0625194815316 1.55829651783e-05 -29.8154712039 -11.6070778775
440 20938 -0.0626431534159 1.69553300283e-05 -29.7911029402 -11.5983350318
441 19328 -0.0627832105977 1.52575230664e-05 -29.7635695943 -11.6024353631
442 21198 -0.0629035559869 1.65671311065e-05 -29.7399649935 -11.5929173838
443 20353 -0.0630369146163 1.60553045622e-05 -29.7138657224 -11.5823443194
444 20583 -0.0631654288451 1.62749034102e-05 -29.6887717961 -11.5623676684
445 20357 -0.0632964223305 1.64983272146e-05 -29.6632514096 -11.5531782879
446 19683 -0.0634314706921 1.58137674907e-05 -29.6370017651 -11.5845420612
447 20400 -0.0635586191409 1.57555177288e-05 -29.612343798 -11.5317688872
448 21269 -0.0636826854942 1.68156175713e-05 -29.5883358692 -11.5577023525
449 19914 -0.0638195310875 1.63615515478e-05 -29.5619147917 -11.5910154463
450 19523 -0.0639540054296 1.54193977196e-05 -29.5360123858 -11.5740562593
451 21062 -0.0640760196414 1.63000343118e-05 -29.5125620657 -11.5502197966
452 20778 -0.0642058803944 1.61842287182e-05 -29.4876578838 -11.5652200031
453 20740 -0.0643349363645 1.63327196858e-05 -29.4629632232 -11.5348037772
454 20393 -0.0644662812877 1.66282845942e-05 -29.4378868732 -11.5791858793
455 19459 -0.0646031721754 1.61579884152e-05 -29.4118119274 -11.5260546428
456 19475 -0.0647361370164 1.61013349149e-05 -29.38654348 -11.5099535414
457 19604 -0.0648682010339 1.58262370866e-05 -29.3615032569 -11.5860007229
458 20292 -0.0649957866511 1.66751147763e-05 -29.3373659716 -11.5309832071
459 19271 -0.0651337313547 1.53452279475e-05 -29.3113281932 -11.5430399899
460 20948 -0.0652554896908 1.6354483668e-05 -29.2883966948 -11.5442905196
461 20552 -0.0653864995799 1.65162393728e-05 -29.2637760498 -11.5663098889
462 19835 -0.0655211739128 1.55608234075e-05 -29.2385241033 -11.5721757544
463 21093 -0.0656442166796 1.61112166264e-05 -29.2155037857 -11.5620333416
464 21211 -0.0657712560357 1.66402070892e-05 -29.1917863376 -11.5147943661
465 20216 -0.0659056588264 1.62290837789e-05 -29.1667499674 -11.5949448127
466 20088 -0.0660371578727 1.64905569627e-05 -29.1423098322 -11.5367766099
467 19438 -0.066172989896 1.6452751447e-05 -29.117121647 -11.5461780646
468 18881 -0.066310493931 1.6032442011e-05 -29.0916824862 -11.584889633
469 19139 -0.0664435792484 1.5298817511e-05 -29.06711723 -11.5494345559
470 20903 -0.0665650998714 1.59994342081e-05 -29.0447349275 -11.5112520095
471 21260 -0.0666911129689 1.66205006737e-05 -29.0215737291 -11.5558649614
472 20303 -0.0668250679147 1.58442457223e-05 -28.9970068529 -11.5582713189
473 20978 -0.06695069551 1.69743229921e-05 -28.9740176222 -11.5206879231
474 19328 -0.0670909107414 1.58371939943e-05 -28.9484163886 -11.5516554
475 19985 -0.0672195646064 1.68150759226e-05 -28.9249792416 -11.5480426519
476 18712 -0.0673607293892 1.57181458177e-05 -28.8993212832 -11.5213566783
477 19583 -0.0674897185146 1.59336462961e-05 -28.8759295484 -11.5039084714
478 20051 -0.0676189417351 1.56032785263e-05 -28.8525461249 -11.5445124514
479 21231 -0.0677419189633 1.67669139473e-05 -28.8303399746 -11.523775773
480 19976 -0.0678781535457 1.58464731456e-05 -28.8057933144 -11.520128222
481 20635 -0.0680048373406 1.63844945066e-05 -28.783017704 -11.5326572387
482 20183 -0.0681372807372 1.62106722344e-05 -28.7592581677 -11.5197466476
483 20092 -0.0682686152137 1.58041043861e-05 -28.7357494383 -11.5355080643
484 20844 -0.0683943242583 1.66699076316e-05 -28.7132958853 -11.4820931164
485 19806 -0.0685303517384 1.59107541544e-05 -28.6890522741 -11.5381740228
486 20326 -0.0686585117759 1.62660053818e-05 -28.6662610601 -11.5202372255
487 20121 -0.0687901992755 1.59877467034e-05 -28.6428931301 -11.5387553653
488 20489 -0.0689184678318 1.57119395102e-05 -28.6201810298 -11.5558408049
489 21456 -0.0690416490135 1.62676635059e-05 -28.5984152384 -11.5403187028
490 21236 -0.0691698457377 1.61564196739e-05 -28.5758104111 -11.5336198481
491 21257 -0.0692971034131 1.64961314311e-05 -28.5534186311 -11.5587036001
492 20557 -0.0694292296501 1.60095763006e-05 -28.5302200801 -11.5445553935
493 20886 -0.0695564448228 1.6501554126e-05 -28.5079316781 -11.5194906825
494 20188 -0.0696898198626 1.59960507059e-05 -28.4846143232 -11.5126439295
495 20540 -0.0698179959203 1.63957282996e-05 -28.4622542202 -11.5065577537
496 20067 -0.0699509119631 1.56387319136e-05 -28.4391171124 -11.5080483201
497 21171 -0.0700743416751 1.63420791282e-05 -28.4176766551 -11.5069741187
498 20797 -0.0702044790169 1.62394155236e-05 -28.3951181777 -11.4953548822
499 20643 -0.0703342787739 1.6246872071e-05 -28.3726662632 -11.5030343087
500 20475 -0.0704646709266 1.60314515348e-05 -28.35016004 -11.4974787593
501 20757 -0.0705924565577 1.65875627672e-05 -28.3281503996 -11.4967551295
502 19889 -0.0707275304431 1.58420649389e-05 -28.3049355253 -11.5057766533
503 20554 -0.0708544272821 1.6101052654e-05 -28.283172772 -11.5139393412
504 20690 -0.0709829740697 1.5961486118e-05 -28.2611730861 -11.4607523791
505 21124 -0.0711090905598 1.6653157476e-05 -28.2396342122 -11.4872328505
506 20106 -0.0712439631654 1.55201031487e-05 -28.216648964 -11.5116211871
507 21470 -0.0713656020095 1.6286097834e-05 -28.1959623791 -11.5225059793
508 21210 -0.0714940221759 1.57714184789e-05 -28.1741669932 -11.5134714257
509 22077 -0.0716159176629 1.714063327e-05 -28.1535210997 -11.5045769549
510 20000 -0.0717551057497 1.54593984531e-05 -28.1299963128 -11.4901384559
511 21489 -0.0718762150442 1.60335241696e-05 -28.109570361 -11.4930829213
512 21780 -0.0720009785885 1.62926169192e-05 -28.0885700604 -11.5112843356
513 21503 -0.0721285747832 1.66792576589e-05 -28.0671368876 -11.4765769897
514 20413 -0.0722626402791 1.61946150212e-05 -28.0446647272 -11.4739254523
515 20354 -0.0723929971765 1.53383146149e-05 -28.0228609332 -11.4497451919
516 22140 -0.0725113769383 1.65792926573e-05 -28.0031002595 -11.4877155376
517 21232 -0.0726420440262 1.57571381893e-05 -27.9813323614 -11.4931563105
518 22132 -0.0727636777668 1.68661507607e-05 -27.9611105656 -11.4762521122
519 20616 -0.0728985770021 1.54338329864e-05 -27.9387297155 -11.4711927862
520 22208 -0.0730175112046 1.66850641753e-05 -27.9190379101 -11.4770156397
521 21070 -0.0731495163357 1.6125364448e-05 -27.8972260715 -11.5053552164
522 21158 -0.073276827992 1.63353893552e-05 -27.8762335861 -11.5051741215
523 20798 -0.0734069078771 1.58738733661e-05 -27.8548289587 -11.4786294209
524 21424 -0.0735314508149 1.62150644141e-05 -27.83437728 -11.4716938345
525 21318 -0.0736589876831 1.60826558933e-05 -27.8134762524 -11.475795873
526 21500 -0.0737849481436 1.71657114949e-05 -27.7928754541 -11.4768051621
527 19428 -0.0739263775694 1.58388950085e-05 -27.7697941632 -11.49530002
528 20084 -0.0740547247723 1.59148719297e-05 -27.7488930307 -11.456047351
529 20603 -0.0741820542876 1.5561503004e-05 -27.7281999364 -11.4412274129
530 21908 -0.0743027914404 1.61673280987e-05 -27.7086170178 -11.5090473808
531 21906 -0.0744282361832 1.65833463994e-05 -27.6883104549 -11.451328554
532 20999 -0.0745596584353 1.59643506516e-05 -27.6670797627 -11.4763421331
533 21434 -0.0746848842601 1.63425234501e-05 -27.6468913573 -11.5043403078
534 21054 -0.0748142271616 1.58901428671e-05 -27.6260813796 -11.435531961
535 21652 -0.0749382398859 1.62720421486e-05 -27.606169092 -11.4853782426
536 21421 -0.075065917758 1.64273691502e-05 -27.585709216 -11.4989198227
537 20861 -0.075196532404 1.61814188327e-05 -27.5648215569 -11.461199924
538 20829 -0.0753252906611 1.59805936239e-05 -27.544273033 -11.4707129311
539 21225 -0.0754512582266 1.66126037798e-05 -27.5242103627 -11.4661898313
540 20286 -0.0755852062409 1.56522107963e-05 -27.502920456 -11.448629997
541 21373 -0.0757081578932 1.6522884769e-05 -27.4834179472 -11.4930309814
542 20614 -0.0758403179345 1.54107275981e-05 -27.4624969732 -11.4496147166
543 22258 -0.0759589403474 1.65955186637e-05 -27.4437561052 -11.4691991677
544 21310 -0.0760894955041 1.58944391091e-05 -27.4231704591 -11.4558880771
545 21906 -0.0762128213136 1.6905408159e-05 -27.4037635377 -11.4838679207
546 20324 -0.0763490009123 1.55140734871e-05 -27.3823775874 -11.4436922239
547 21716 -0.0764699015591 1.64759040242e-05 -27.3634293849 -11.4598194408
548 21044 -0.0766003298706 1.59184489597e-05 -27.3430282369 -11.4494848853
549 21580 -0.0767247717377 1.62148804982e-05 -27.3236023303 -11.4774807235
550 21474 -0.0768518441662 1.57448658938e-05 -27.3038048293 -11.4527228999
551 22413 -0.0769726210763 1.62832633059e-05 -27.2850246194 -11.4607533247
552 22148 -0.0770982707084 1.63590344356e-05 -27.2655243401 -11.444869439
553 21719 -0.0772257469248 1.64011877808e-05 -27.2457796703 -11.4781758657
554 21207 -0.0773550838506 1.64881924948e-05 -27.2257869158 -11.4730874499
555 20526 -0.0774872488812 1.53407211009e-05 -27.2053986174 -11.4070306079
556 22322 -0.077605164545 1.61878159887e-05 -27.1872438925 -11.4082739212
557 22273 -0.0777297274446 1.68269905099e-05 -27.1681019011 -11.4528704626
558 20829 -0.0778636207799 1.54317468224e-05 -27.1475673897 -11.4445985391
559 22443 -0.0779819167546 1.58801833384e-05 -27.1294604817 -11.4506271267
560 23104 -0.0781018946359 1.71272455435e-05 -27.1111300742 -11.419238188
561 20959 -0.0782377555418 1.61833162964e-05 -27.0904141837 -11.4415829575
562 20923 -0.0783662398537 1.56518142469e-05 -27.0708631601 -11.4370407806
563 22045 -0.0784872999033 1.63259310504e-05 -27.0524774195 -11.4308334108
564 21691 -0.0786146011147 1.57085607281e-05 -27.0331809242 -11.4549779108
565 22723 -0.0787342743422 1.61490631098e-05 -27.0150752837 -11.4476688705
566 22763 -0.0788571957751 1.67378373307e-05 -26.9965130207 -11.425666838
567 21481 -0.0789883444739 1.61125990434e-05 -26.9767471485 -11.452468478
568 21598 -0.0791142509127 1.5605978609e-05 -26.9578089187 -11.4471521547
569 22862 -0.0792327788424 1.67640296163e-05 -26.9400140592 -11.4724282582
570 21517 -0.0793640221817 1.59336347795e-05 -26.9203480397 -11.461883774
571 22031 -0.07948730108 1.65419776688e-05 -26.9019115549 -11.4230431239
572 21207 -0.07961774918 1.59462378668e-05 -26.8824408914 -11.4136738385
573 21686 -0.0797421036034 1.58474949643e-05 -26.8639160286 -11.4288825694
574 22399 -0.079863704322 1.63232207553e-05 -26.8458355096 -11.4399119804
575 22045 -0.0799899572536 1.61709958814e-05 -26.8270988738 -11.4268440905
576 22034 -0.0801150632455 1.61894562481e-05 -26.808568136 -11.4318231481
577 21982 -0.0802404607033 1.68664269521e-05 -26.7900297737 -11.3898570004
578 20475 -0.0803758235278 1.58645268656e-05 -26.7700579922 -11.4057291773
579 21112 -0.0805012115446 1.57789460947e-05 -26.7515947069 -11.4270641704
580 21959 -0.0806234946805 1.66486233423e-05 -26.7336225927 -11.4415218324
581 20911 -0.0807557117318 1.58899837328e-05 -26.7142281249 -11.4147782379
582 21506 -0.0808801455129 1.58062525362e-05 -26.6960109888 -11.4182020829
583 22306 -0.081001681446 1.63870534591e-05 -26.6782513573 -11.4293275633
584 21812 -0.081129103875 1.58774586288e-05 -26.6596667485 -11.4340889889
585 22461 -0.0812507670904 1.68393307665e-05 -26.6419556538 -11.4096650509
586 20979 -0.0813842801601 1.55010221376e-05 -26.6225571095 -11.4520132842
587 22445 -0.0815030994921 1.63352882347e-05 -26.6053264549 -11.4200525568
588 22063 -0.0816293934956 1.62670614598e-05 -26.5870458229 -11.4156108412
589 21838 -0.0817558058996 1.61087261927e-05 -26.5687830086 -11.4163890304
590 21966 -0.081880624414 1.62096092395e-05 -26.5507846822 -11.4068714357
591 21870 -0.0820065007864 1.62868273478e-05 -26.5326681566 -11.4028500093
592 21604 -0.0821337515456 1.57995132715e-05 -26.5143887791 -11.4100712011
593 22423 -0.0822549183279 1.64460128949e-05 -26.4970159299 -11.3910639502
594 21796 -0.0823828470525 1.54310760724e-05 -26.478707947 -11.3852571569
595 23486 -0.0824984801297 1.76077489435e-05 -26.4621899182 -11.4084171133
596 20293 -0.0826404273651 1.58107968078e-05 -26.441952191 -11.4333726483
597 21039 -0.0827656078036 1.60616406178e-05 -26.4241407334 -11.4246727176
598 21264 -0.0828921000452 1.57859686586e-05 -26.4061765999 -11.4089949097
599 22101 -0.0830140430609 1.58453457878e-05 -26.3888907813 -11.3853312294
600 22833 -0.0831344672153 1.65331516997e-05 -26.371851248 -11.4224674477
601 21999 -0.0832624782069 1.54502172741e-05 -26.353771875 -11.3821052719
602 23659 -0.0833778315562 1.66989178883e-05 -26.337509819 -11.3965404224
603 22415 -0.0835059208323 1.62948191956e-05 -26.3194851377 -11.4056898989
604 22124 -0.0836317277436 1.62825087343e-05 -26.3018151748 -11.4160382719
605 21865 -0.0837581846766 1.59065471029e-05 -26.2840873233 -11.3936309302
606 22449 -0.0838801029089 1.67260931815e-05 -26.2670273747 -11.4221119035
607 21210 -0.0840119944298 1.5152970674e-05 -26.2486067367 -11.3980385312
608 23511 -0.0841254835458 1.6543472066e-05 -26.232785201 -11.3876770877
609 22628 -0.0842517800846 1.66952863249e-05 -26.2152095557 -11.4100871529
610 21446 -0.0843827023391 1.57050534636e-05 -26.1970249837 -11.3805450017
611 22474 -0.0845030088898 1.64317870897e-05 -26.1803460351 -11.383633262
612 21877 -0.084630589782 1.5723417898e-05 -26.1626910932 -11.3741898984
613 22883 -0.0847499559596 1.63778213693e-05 -26.1462031348 -11.4062353974
614 22397 -0.0848756319105 1.65773663832e-05 -26.1288750916 -11.3886545433
615 21482 -0.0850055193701 1.57411467883e-05 -26.1110002107 -11.4402307127
616 22429 -0.0851262224587 1.61008302325e-05 -26.0944200185 -11.3743860113
617 22578 -0.0852492758388 1.57822369726e-05 -26.0775473963 -11.4027011535
618 23476 -0.0853675668337 1.72998348042e-05 -26.0613566475 -11.3638851786
619 20927 -0.0855049011934 1.53538374696e-05 -26.0425947996 -11.3989907899
620 22728 -0.0856218595336 1.63978668474e-05 -26.0266465268 -11.3821521515
621 22200 -0.0857482460527 1.57420386304e-05 -26.0094434945 -11.4026525667
622 23177 -0.0858669932952 1.65938698292e-05 -25.9933094045 -11.3812213661
623 22193 -0.0859949105221 1.59677462405e-05 -25.975960884 -11.3864390164
624 22645 -0.0861167680672 1.56326229502e-05 -25.9594644904 -11.3914288131
625 23906 -0.086232878238 1.70387320281e-05 -25.9437735738 -11.3536638573
626 21882 -0.0863651558132 1.50694144764e-05 -25.9259303553 -11.413460147
627 24463 -0.086475800591 1.74893740184e-05 -25.9110317779 -11.3490453306
628 21392 -0.0866131228474 1.54599381669e-05 -25.8925745543 -11.3798624102
629 22983 -0.0867302328147 1.65404370432e-05 -25.8768632977 -11.3540567122
630 22127 -0.0868579287675 1.57912294489e-05 -25.8597624718 -11.408591894
631 22986 -0.0869775419099 1.59903282147e-05 -25.8437729893 -11.3793887376
632 23400 -0.0870975858699 1.63726114443e-05 -25.827753957 -11.372147201
633 22915 -0.0872217933674 1.60529982105e-05 -25.8112088228 -11.3679455341
634 23180 -0.0873428789053 1.60853385831e-05 -25.7951083512 -11.3922098372
635 23371 -0.0874637110025 1.70560408583e-05 -25.7790698502 -11.392706837
636 21355 -0.0875977474638 1.54718023801e-05 -25.7613116361 -11.3742052906
637 22916 -0.0877151195887 1.63777657296e-05 -25.7457896344 -11.3764123561
638 22429 -0.0878407042367 1.59943943318e-05 -25.7292108352 -11.3542411541
639 22824 -0.0879622856299 1.59996025817e-05 -25.7131892777 -11.3711591382
640 23213 -0.0880828814901 1.6344326215e-05 -25.6973254695 -11.4046448595
641 22797 -0.0882071943874 1.60616722758e-05 -25.6810016907 -11.3551076197
642 23040 -0.0883287119752 1.60083459794e-05 -25.6650733395 -11.3706057184
643 23412 -0.0884488601134 1.61175303471e-05 -25.649351998 -11.3629065546
644 23528 -0.0885695296092 1.60789453561e-05 -25.6335898938 -11.3442725559
645 23737 -0.0886893782121 1.68615808086e-05 -25.6179621839 -11.381469373
646 22121 -0.0888195715087 1.58028112238e-05 -25.6010161748 -11.345296462
647 22952 -0.0889393590557 1.62364191492e-05 -25.5854526584 -11.3653737566
648 22789 -0.0890628735162 1.63113464142e-05 -25.5694330219 -11.316685989
649 22456 -0.0891878751113 1.62745582108e-05 -25.5532494827 -11.3788426924
650 22211 -0.0893132818919 1.55030077327e-05 -25.5370427009 -11.3773222888
651 23759 -0.0894287853317 1.66291921868e-05 -25.5221415863 -11.3708768568
652 22669 -0.089555621965 1.62027084442e-05 -25.5058068255 -11.3649730864
653 22585 -0.0896794350541 1.59026088669e-05 -25.4898901063 -11.3370416068
654 23197 -0.0897993405176 1.6335424625e-05 -25.4745026407 -11.3702668258
655 22802 -0.089923572454 1.60911971859e-05 -25.4585878176 -11.3460420295
656 22976 -0.0900454825922 1.6103979196e-05 -25.4429979229 -11.3492857793
657 23122 -0.090167105566 1.64131135945e-05 -25.4274718191 -11.3485898183
658 22550 -0.0902926241598 1.53709640525e-05 -25.4114766863 -11.3772336329
659 24448 -0.0904055189834 1.67653098165e-05 -25.3971147044 -11.3465878219
660 23007 -0.0905324518413 1.59651011037e-05 -25.380994476 -11.333344679
661 23481 -0.0906520983887 1.57252710972e-05 -25.3658262868 -11.3231922291
662 24556 -0.0907673399011 1.67510591884e-05 -25.3512409751 -11.3508052531
663 23142 -0.09089379429 1.57978055076e-05 -25.3352640425 -11.3434215153
664 24024 -0.0910108427218 1.69309619551e-05 -25.3205011044 -11.3392824757
665 22231 -0.091141246255 1.54571260856e-05 -25.3040826342 -11.3283253407
666 23891 -0.0912560877771 1.69383655319e-05 -25.2896486648 -11.3573441681
667 22092 -0.0913869600595 1.55104852637e-05 -25.2732285114 -11.3340667117
668 23614 -0.0915028740893 1.6002296464e-05 -25.258710555 -11.3360717382
669 24010 -0.0916214717165 1.63633060953e-05 -25.243881147 -11.3428319034
670 23535 -0.0917439637411 1.64151038207e-05 -25.2285909079 -11.342952369
671 22948 -0.0918684037837 1.62714402663e-05 -25.2130846184 -11.3662284501
672 22704 -0.0919924155524 1.63039092288e-05 -25.1976588132 -11.3444445287
673 22389 -0.0921175466106 1.56885228046e-05 -25.1821211484 -11.3147732128
674 23502 -0.0922350696307 1.66132568274e-05 -25.1675531549 -11.3081203376
675 22460 -0.0923623727859 1.57779051334e-05 -25.1518000533 -11.3267330811
676 23363 -0.0924809154724 1.58390001083e-05 -25.1371564073 -11.3317539028
677 24152 -0.0925979573691 1.65400477811e-05 -25.1227221209 -11.3021945713
678 23253 -0.0927225192478 1.63435949153e-05 -25.1073865201 -11.3449477474
679 22838 -0.0928467150134 1.60091314427e-05 -25.0921227146 -11.3370115915
680 23205 -0.0929674040641 1.51694046578e-05 -25.0773153862 -11.2959804494
681 25679 -0.0930761136962 1.66229696383e-05 -25.0639992747 -11.330972631
682 24517 -0.0931980323603 1.61015170751e-05 -25.0490892986 -11.3321432861
683 24678 -0.0933157383334 1.66051576467e-05 -25.0347186716 -11.3351626165
684 23603 -0.0934398596887 1.62791124339e-05 -25.0195904438 -11.3184577448
685 23334 -0.093562243917 1.58016262914e-05 -25.0046996564 -11.29623108
686 24214 -0.0936788606176 1.68729206037e-05 -24.990534317 -11.3460189494
687 22539 -0.0938079260219 1.5793470767e-05 -24.9748837383 -11.3508565046
688 23408 -0.0939264712081 1.62437881788e-05 -24.9605336855 -11.316305926
689 23224 -0.0940488779463 1.58344843986e-05 -24.9457410795 -11.2943366193
690 24019 -0.0941662092007 1.6131054147e-05 -24.9315855184 -11.28460317
691 24105 -0.0942855259918 1.60711371464e-05 -24.9172141262 -11.3079593598
692 24339 -0.0944038271164 1.62890916432e-05 -24.9029886226 -11.3278556049
693 24037 -0.0945244816543 1.59731942468e-05 -24.8885042251 -11.3146479728
694 24513 -0.0946416441346 1.58132827286e-05 -24.8744622793 -11.3211677114
695 25407 -0.0947555731841 1.72956460014e-05 -24.8608297642 -11.2932534764
696 22658 -0.0948875255542 1.57720934479e-05 -24.8450675421 -11.3215775096
697 23583 -0.0950054708573 1.61465459198e-05 -24.8310029202 -11.3210501571
698 23630 -0.0951260959767 1.61484939e-05 -24.8166425042 -11.3199417814
699 23673 -0.0952466275254 1.62101196126e-05 -24.802317175 -11.3108258575
700 23568 -0.0953678876409 1.54805308189e-05 -24.7879293519 -11.3124687208
701 25268 -0.0954797260819 1.6648208978e-05 -24.7746808098 -11.3095165498
702 24062 -0.0956029764942 1.6329424339e-05 -24.7601040902 -11.3061499981
703 23667 -0.095724873093 1.56920199891e-05 -24.7457118705 -11.3070245718
704 24834 -0.0958392248014 1.67491294924e-05 -24.7322324622 -11.3207887047
705 23408 -0.0959649426297 1.58014266068e-05 -24.7174377636 -11.3252704527
706 24291 -0.0960813722012 1.6375276454e-05 -24.7037589659 -11.3056070493
707 23781 -0.0962033167592 1.61813012878e-05 -24.6894557315 -11.3101980112
708 23745 -0.09632390969 1.60659009359e-05 -24.6753346171 -11.3007646982
709 23988 -0.0964430337336 1.58575131264e-05 -24.6614084759 -11.3333351467
710 24752 -0.0965587845989 1.62228776952e-05 -24.6478984922 -11.2943269525
711 24610 -0.0966775424236 1.61892554929e-05 -24.6340598454 -11.263233239
712 24553 -0.0967961929827 1.69737804707e-05 -24.6202561979 -11.2777753254
713 22623 -0.0969257912305 1.57136663608e-05 -24.6052045467 -11.3160756384
714 23687 -0.0970430419406 1.5952083767e-05 -24.591609956 -11.2835596989
715 24207 -0.097160784615 1.65816613804e-05 -24.5779802657 -11.2588816491
716 23208 -0.0972857813682 1.60666499595e-05 -24.5635348591 -11.3029157284
717 23444 -0.0974062859088 1.54799853272e-05 -24.5496319488 -11.3036768309
718 25136 -0.0975184126659 1.7063121559e-05 -24.536716142 -11.3009131295
719 22951 -0.0976477576581 1.5696962217e-05 -24.5218415113 -11.27500573
720 24071 -0.0977639451222 1.58367535103e-05 -24.5085023473 -11.3007898935
721 24890 -0.0978792233883 1.64877066722e-05 -24.4952884262 -11.3405231531
722 24091 -0.0980012122662 1.58440318925e-05 -24.481327868 -11.3004749171
723 24892 -0.0981165382487 1.60808339767e-05 -24.4681511171 -11.2748723303
724 25109 -0.0982330817919 1.61295999804e-05 -24.4548562316 -11.2950244242
725 25202 -0.0983497609056 1.61316325775e-05 -24.4415669592 -11.2779590188
726 25291 -0.0984662512265 1.64613219489e-05 -24.428320181 -11.3148604986
727 24545 -0.0985869139531 1.62704387104e-05 -24.4146209984 -11.2657374843
728 24287 -0.0987068100397 1.64618945805e-05 -24.4010310411 -11.2553053306
729 23569 -0.0988299494066 1.5903214665e-05 -24.3870964319 -11.2761312789
730 24207 -0.0989473332551 1.54017518399e-05 -24.3738347406 -11.2509852877
731 26162 -0.0990566850919 1.68975599278e-05 -24.3614994223 -11.3105770935
732 24292 -0.0991811892084 1.58605586139e-05 -24.3474770572 -11.2740075303
733 25058 -0.0992962534009 1.63251823558e-05 -24.3345388311 -11.3092028845
734 24657 -0.099415646157 1.58226046309e-05 -24.3211351217 -11.2828201027
735 25532 -0.0995293628284 1.66344712021e-05 -24.3083887063 -11.2600585571
736 24348 -0.0996517879192 1.60179638163e-05 -24.2946880023 -11.2773993066
737 24717 -0.0997687915909 1.61124619899e-05 -24.2816151209 -11.3368857114
738 24852 -0.0998861652367 1.63878319164e-05 -24.268521581 -11.2869757326
739 24299 -0.100006894856 1.60857760558e-05 -24.2550752263 -11.2528266089
740 24498 -0.100124917756 1.63142282972e-05 -24.2419514185 -11.2800804503
741 24133 -0.100245519358 1.63205741737e-05 -24.2285623497 -11.2439202035
742 23758 -0.100367115953 1.52776276881e-05 -24.2150847514 -11.2745327765
743 26003 -0.100475917313 1.72876553339e-05 -24.2030439864 -11.2461473448
744 23208 -0.100606235667 1.58132438882e-05 -24.1886450931 -11.284439824
745 24055 -0.100723323543 1.57863582647e-05 -24.1757294635 -11.2415819985
746 25001 -0.100837979347 1.61450465482e-05 -24.1631017161 -11.2936827594
747 25055 -0.100955113953 1.64656641339e-05 -24.1502209532 -11.2688560165
748 24305 -0.101076402305 1.64842486673e-05 -24.1369046647 -11.2448750777
749 23533 -0.101199803007 1.56857696633e-05 -24.1233785901 -11.3061094257
750 24710 -0.101314397744 1.61394480623e-05 -24.1108376884 -11.2773986636
751 24777 -0.101432145747 1.60876285286e-05 -24.0979716612 -11.2732371099
752 24975 -0.101549049098 1.63971307164e-05 -24.0852178945 -11.3036746197
753 24397 -0.101669606229 1.63947393407e-05 -24.0720863031 -11.2519944368
754 23838 -0.101791550509 1.56293313695e-05 -24.0588250447 -11.2736856013
755 25174 -0.101904675202 1.58272143667e-05 -24.0465421274 -11.2525422684
756 26055 -0.102017277259 1.65379940009e-05 -24.0343342913 -11.2794204613
757 25091 -0.102137176659 1.66850496553e-05 -24.0213553721 -11.2485551348
758 23805 -0.102261366438 1.61715383474e-05 -24.0079337942 -11.2484523559
759 23792 -0.10238176619 1.60033034806e-05 -23.9949429142 -11.2545851375
760 24189 -0.102499932815 1.57103494598e-05 -23.9822131337 -11.2547527103
761 25335 -0.102613281569 1.64831242462e-05 -23.9700210848 -11.2523781383
762 24534 -0.102734132668 1.65075269504e-05 -23.9570422066 -11.2536605065
763 23699 -0.10285727481 1.5582294096e-05 -23.9438386119 -11.249150092
764 25147 -0.10297011921 1.6328911951e-05 -23.9317580289 -11.2668481055
765 24735 -0.103089350281 1.57497316151e-05 -23.9190132757 -11.2492173779
766 25803 -0.103201947061 1.64048788424e-05 -23.9069960781 -11.2362230257
767 25186 -0.103320656803 1.65671235335e-05 -23.8943457789 -11.2633227476
768 24182 -0.103443002473 1.53684025803e-05 -23.8813287227 -11.2364536644
769 26224 -0.10355198885 1.63980715374e-05 -23.8697506996 -11.2703055335
770 25614 -0.103669652366 1.6182119297e-05 -23.8572695126 -11.2631313765
771 25573 -0.103785860943 1.61530309123e-05 -23.8449616141 -11.2367195355
772 25607 -0.103901782374 1.62084875066e-05 -23.8327028542 -11.2226481404
773 25497 -0.104018352049 1.64094493702e-05 -23.820394361 -11.2433652621
774 24876 -0.104137832969 1.6337488281e-05 -23.8077980126 -11.2478122662
775 24447 -0.10425782688 1.63909639657e-05 -23.7951674467 -11.2381007471
776 23896 -0.104379595025 1.59075516314e-05 -23.7823704294 -11.2243256519
777 24532 -0.104496230421 1.59373622653e-05 -23.7701319651 -11.2615741026
778 25108 -0.104611734387 1.6260862178e-05 -23.7580306318 -11.2667553051
779 24868 -0.10473015132 1.64390936695e-05 -23.7456430856 -11.2258293874
780 24189 -0.10485153474 1.59407496169e-05 -23.7329651145 -11.2609161918
781 24749 -0.104967899479 1.56473164989e-05 -23.7208301929 -11.2342001551
782 26088 -0.105079152013 1.64635304959e-05 -23.7092456243 -11.2561089746
783 25313 -0.10519798654 1.67138403419e-05 -23.6968901219 -11.2231483446
784 23945 -0.105322024774 1.57399692572e-05 -23.6840139912 -11.2356752244
785 25004 -0.105436336255 1.6081688822e-05 -23.6721659937 -11.2767339164
786 25219 -0.105552629716 1.63867540004e-05 -23.660130662 -11.252393292
787 24661 -0.105672463222 1.54292282207e-05 -23.6477480138 -11.2620220037
788 26578 -0.105781148898 1.62965385161e-05 -23.6365339765 -11.222082025
789 26229 -0.10589670594 1.6799063421e-05 -23.6246283288 -11.2118139093
790 24599 -0.106019710538 1.578841045e-05 -23.611974997 -11.2123454508
791 25561 -0.106133118024 1.61166870081e-05 -23.6003267996 -11.2294723561
792 25690 -0.106248592639 1.64558136669e-05 -23.5884838839 -11.2123056371
793 24946 -0.106368241189 1.63469362316e-05 -23.576231587 -11.2396058084
794 24493 -0.106488193384 1.62685887141e-05 -23.5639672496 -11.1987741358
795 24240 -0.106608191768 1.58547046438e-05 -23.551717236 -11.2148954924
796 25019 -0.106723302574 1.54177621822e-05 -23.5399840323 -11.1882257753
797 26995 -0.106831064793 1.67665536682e-05 -23.5290156859 -11.2437909486
798 25400 -0.106951877791 1.6035517806e-05 -23.5167371426 -11.2311852924
799 25739 -0.10706666061 1.63413361772e-05 -23.5050891972 -11.2359533894
800 25286 -0.107184676552 1.64403007202e-05 -23.4931311392 -11.2544993379
801 24593 -0.10730506871 1.54997831823e-05 -23.4809510507 -11.2216641007
802 26315 -0.107414795246 1.59347132472e-05 -23.4698664563 -11.2787649894
803 26941 -0.107526284007 1.69750837294e-05 -23.458619877 -11.2643040961
804 24819 -0.107650023002 1.5844385396e-05 -23.4461564234 -11.2105654142
805 25643 -0.107763649579 1.62519773739e-05 -23.4347289916 -11.2337540305
806 25421 -0.10788070792 1.62102899851e-05 -23.4229738712 -11.1833756143
807 25308 -0.107997726987 1.57273882267e-05 -23.4112403518 -11.2267520668
808 26461 -0.108108757797 1.65402243237e-05 -23.400123563 -11.2048635681
809 25476 -0.108227763314 1.62574257556e-05 -23.3882258908 -11.1964284544
810 25241 -0.108345276542 1.57478079025e-05 -23.3764952136 -11.1937982062
811 26336 -0.108456714504 1.68594432572e-05 -23.3653873027 -11.204034891
812 24548 -0.108580287769 1.55021611179e-05 -23.3530882904 -11.2286077924
813 26261 -0.108690144963 1.63904734226e-05 -23.3421707328 -11.2084241476
814 25670 -0.108807625804 1.63873013132e-05 -23.3305125014 -11.2216101185
815 25101 -0.108926409223 1.5774887801e-05 -23.3187427928 -11.1947150546
816 26118 -0.109038503775 1.67253166521e-05 -23.3076522191 -11.2066272576
817 24678 -0.109160770467 1.59623670697e-05 -23.2955733002 -11.1683552653
818 25194 -0.109276259443 1.61318351077e-05 -23.2841812513 -11.2163062329
819 25282 -0.109392770917 1.61197794378e-05 -23.2727053242 -11.1634156104
820 25401 -0.10950892145 1.61435087866e-05 -23.2612818911 -11.2318984911
821 25460 -0.109625109978 1.54429117127e-05 -23.2498716098 -11.215175222
822 27401 -0.109732246047 1.64593864385e-05 -23.239365262 -11.1842576836
823 26598 -0.109848144927 1.64911370244e-05 -23.2280156903 -11.208152477
824 25736 -0.109966197125 1.63958826638e-05 -23.2164724235 -11.2402635273
825 25143 -0.110084941922 1.53500535407e-05 -23.2048788789 -11.2241327071
826 27317 -0.110191597966 1.68353296268e-05 -23.1944804931 -11.2102143288
827 25525 -0.110312610554 1.62874880657e-05 -23.1826994436 -11.1822505892
828 25213 -0.110430407511 1.63935857299e-05 -23.1712487922 -11.2181771362
829 24638 -0.110550346785 1.59865942225e-05 -23.1596074347 -11.2299002897
830 25091 -0.110666247349 1.53056255457e-05 -23.1483748559 -11.1878732295
831 27384 -0.110772464421 1.63309316539e-05 -23.1380952122 -11.193968069
832 26930 -0.110886747595 1.63314999088e-05 -23.1270503404 -11.1836175708
833 26482 -0.111001997397 1.56000826543e-05 -23.1159281892 -11.1896413736
834 28049 -0.111108966368 1.69494357006e-05 -23.1056196508 -11.187107139
835 25907 -0.111229896228 1.6023690925e-05 -23.0939824556 -11.2064376926
836 26284 -0.111343398373 1.63261481136e-05 -23.0830761713 -11.1800669864
837 25861 -0.111459985986 1.59107776748e-05 -23.07188964 -11.1609569552
838 26540 -0.111572143795 1.61910041858e-05 -23.0611436388 -11.2097916922
839 26473 -0.111686421254 1.57774052568e-05 -23.0502101441 -11.2104090333
840 27539 -0.111795603814 1.70971135755e-05 -23.0397787764 -11.186877404
841 25058 -0.111919636483 1.5686015509e-05 -23.0279459802 -11.2049415637
842 26310 -0.112030692565 1.63427161409e-05 -23.0173667946 -11.1943230821
843 25843 -0.112147438872 1.61927725565e-05 -23.0062614531 -11.1781471097
844 25773 -0.112263270181 1.5806039585e-05 -22.9952592167 -11.2087427697
845 26733 -0.112374287691 1.63570193491e-05 -22.9847292078 -11.1555600036
846 26220 -0.112490292153 1.63857497137e-05 -22.973741829 -11.1904522313
847 25642 -0.112607802772 1.55051528518e-05 -22.9626280589 -11.1450258973
848 27423 -0.112715328029 1.64171909116e-05 -22.9524729851 -11.1906406805
849 26734 -0.112830636429 1.62351923211e-05 -22.9415980111 -11.1853440773
850 26547 -0.11294506547 1.68152874917e-05 -22.9308214589 -11.168693771
851 24856 -0.113067549886 1.54605197572e-05 -22.9193033375 -11.1729473973
852 26703 -0.113176200734 1.62595547924e-05 -22.9091008232 -11.1576184541
853 26451 -0.113291009783 1.66941385663e-05 -22.898335063 -11.1688538923
854 25072 -0.113412086431 1.54084580614e-05 -22.8869982709 -11.1444512333
855 27078 -0.11351961882 1.5818380949e-05 -22.8769440048 -11.1677088109
856 28051 -0.113628080633 1.70046770045e-05 -22.8668164705 -11.1825974631
857 25765 -0.113749740427 1.59192528749e-05 -22.8554728444 -11.1386007397
858 26419 -0.113862215233 1.61040962956e-05 -22.8450008943 -11.165231776
859 26586 -0.113975638037 1.59481918106e-05 -22.8344555001 -11.1472324647
860 27181 -0.114086726932 1.61266531749e-05 -22.8241414956 -11.1610226122
861 27290 -0.11419883344 1.62938375527e-05 -22.8137474256 -11.1522281541
862 26939 -0.11431283855 1.612218176e-05 -22.8031921451 -11.1467245401
863 27060 -0.114425390711 1.61822632351e-05 -22.7927860183 -11.1769834902
864 27016 -0.114538453586 1.63345232612e-05 -22.7823472798 -11.1786305333
865 26559 -0.114653558754 1.5602052099e-05 -22.7717349915 -11.1494095524
866 28125 -0.11476039673 1.66194153061e-05 -22.7618984329 -11.1517820901
867 26861 -0.114876847364 1.61405871133e-05 -22.7511916384 -11.1635341504
868 26931 -0.114989796935 1.60199124231e-05 -22.7408214608 -11.1475727343
869 27334 -0.115101072723 1.65859301394e-05 -22.7306191027 -11.1778935323
870 26195 -0.115218758343 1.65102451543e-05 -22.7198443027 -11.1762037498
871 25297 -0.11533796844 1.57752174384e-05 -22.7089458735 -11.1731318714
872 26321 -0.115449632099 1.5761371658e-05 -22.6987518816 -11.1913072473
873 27425 -0.115558929135 1.63944732001e-05 -22.6887875243 -11.1492566699
874 26797 -0.115673941204 1.60470841147e-05 -22.67831662 -11.1504383974
875 27123 -0.11578583828 1.61723692475e-05 -22.6681435323 -11.1300222273
876 27106 -0.115898644083 1.61352833182e-05 -22.657901998 -11.1386258139
877 27191 -0.116011014851 1.62524128178e-05 -22.6477140773 -11.1708474569
878 26954 -0.116124697823 1.57747853965e-05 -22.637421497 -11.123902885
879 28047 -0.116232869442 1.64759854214e-05 -22.6276412378 -11.1557319528
880 27179 -0.116347637892 1.66820048119e-05 -22.6172787218 -11.1333509211
881 25794 -0.116466921787 1.54826467184e-05 -22.6065239571 -11.1300833337
882 27649 -0.116573851699 1.60737050687e-05 -22.5968964035 -11.1524780306
883 27910 -0.116684343158 1.62424301386e-05 -22.5869614267 -11.1394989905
884 27695 -0.116796426568 1.59660224893e-05 -22.5768970356 -11.1169816986
885 28263 -0.11690548892 1.65627130198e-05 -22.5671171629 -11.1673219199
886 27149 -0.117020926265 1.63840713987e-05 -22.5567798353 -11.1202683866
887 26556 -0.117136387206 1.58001987593e-05 -22.546454979 -11.186396961
888 27561 -0.117245682961 1.59297921768e-05 -22.5366948436 -11.1560597829
889 28230 -0.117354561591 1.66357192224e-05 -22.5269849016 -11.1439272754
890 26917 -0.117471005686 1.62470360599e-05 -22.5166145308 -11.1517612266
891 26697 -0.117585196858 1.57646394684e-05 -22.5064590976 -11.1566091716
892 27808 -0.117693762016 1.63281909927e-05 -22.4968171068 -11.1285503717
893 27355 -0.11780713579 1.65305970768e-05 -22.4867616529 -11.1624432855
894 26362 -0.117924055312 1.5840393282e-05 -22.4764062453 -11.127256364
895 27248 -0.118034256278 1.60061223839e-05 -22.4666593703 -11.1245097322
896 27694 -0.118144710323 1.63208260604e-05 -22.4569032112 -11.1465723027
897 27263 -0.118258223552 1.62973016468e-05 -22.4468904795 -11.1442929113
898 26903 -0.118372329396 1.59025297502e-05 -22.4368393803 -11.1462138318
899 27633 -0.118482190703 1.67235853955e-05 -22.4271753125 -11.1348751572
900 26114 -0.118601035735 1.55697353346e-05 -22.416735477 -11.174610012
901 27745 -0.118708380508 1.64500788205e-05 -22.4073187953 -11.1415043111
902 26957 -0.118823439207 1.58708404014e-05 -22.397239013 -11.0995621168
903 27777 -0.118932795616 1.5708797547e-05 -22.3876717949 -11.1498436069
904 29097 -0.11903855183 1.70535354475e-05 -22.3784315847 -11.1420539703
905 26593 -0.119158645067 1.55879494185e-05 -22.3679530353 -11.1372675469
906 28201 -0.119265241775 1.66697430266e-05 -22.3586648435 -11.1339015712
907 26797 -0.119382185525 1.59347012259e-05 -22.3484888269 -11.135650562
908 27434 -0.119492666907 1.64737506378e-05 -22.3388883365 -11.1550578149
909 26591 -0.119608681611 1.62006074081e-05 -22.3288207888 -11.1130573661
910 26498 -0.119722972812 1.56312671049e-05 -22.3189165718 -11.1416489445
911 27977 -0.119830293212 1.6474196166e-05 -22.3096288449 -11.127686318
912 27116 -0.119945182249 1.55339327514e-05 -22.2996994148 -11.0876685325
913 28914 -0.120050091672 1.68479403025e-05 -22.2906444778 -11.1477939678
914 26983 -0.120167878231 1.53930895947e-05 -22.2804917057 -11.152009519
915 29188 -0.12027134854 1.66695588409e-05 -22.2715848034 -11.1414424486
916 27735 -0.120386295701 1.67779086794e-05 -22.2617029367 -11.1304789919
917 26067 -0.120505635477 1.55181174469e-05 -22.2514578727 -11.1637124971
918 27841 -0.120612440132 1.60802610626e-05 -22.2423013637 -11.1293922018
919 28085 -0.120722631506 1.60777713362e-05 -22.2328667998 -11.106095156
920 28338 -0.120832312324 1.64759200577e-05 -22.2234883251 -11.1200816255
921 27461 -0.12094648915 1.59695420637e-05 -22.2137385017 -11.1403661038
922 28015 -0.121056058904 1.5933646191e-05 -22.2043946198 -11.1244040278
923 28684 -0.121164098974 1.65447808722e-05 -22.1951931828 -11.1640795102
924 27603 -0.121278457965 1.6306605431e-05 -22.1854665359 -11.1226733887
925 27213 -0.121391977177 1.59937165705e-05 -22.1758244649 -11.1500340532
926 27694 -0.121502347043 1.59915816078e-05 -22.1664624293 -11.1064837328
927 28189 -0.12161172778 1.63032968099e-05 -22.1571964678 -11.1079155685
928 27800 -0.121724019224 1.63119363986e-05 -22.1476965131 -11.1084719933
929 27392 -0.121837203082 1.6205059016e-05 -22.1381339338 -11.1054260295
930 27284 -0.12194986721 1.54469606647e-05 -22.1286280771 -11.1390032643
931 29352 -0.122053408643 1.66274244498e-05 -22.119903184 -11.1463693608
932 28011 -0.122167500552 1.61498970894e-05 -22.1103017136 -11.0982618813
933 28057 -0.122278223323 1.6523118353e-05 -22.1009962387 -11.1264137555
934 27059 -0.122393574911 1.57395693374e-05 -22.0913147767 -11.1134139682
935 28257 -0.122501102904 1.61659558666e-05 -22.0823019036 -11.11590598
936 28258 -0.12261154222 1.58172256246e-05 -22.0730569916 -11.131814272
937 29277 -0.122717701322 1.66507278826e-05 -22.0641818049 -11.1433767583
938 27873 -0.122832234599 1.61279113438e-05 -22.0546190529 -11.0619447924
939 27981 -0.122942956439 1.65228780623e-05 -22.0453868786 -11.1291643847
940 26987 -0.123058461488 1.582500001e-05 -22.0357687848 -11.0817913904
941 27938 -0.123167188018 1.60629548012e-05 -22.0267271628 -11.106583029
942 28232 -0.123276973086 1.6123925313e-05 -22.0176093236 -11.1408073683
943 28353 -0.123386939266 1.61750796346e-05 -22.0084883177 -11.0913370355
944 28327 -0.123497304756 1.60607225503e-05 -21.999346119 -11.0929844741
945 28632 -0.123606305908 1.65973636356e-05 -21.9903286428 -11.1277860176
946 27407 -0.123721438996 1.64087714413e-05 -21.9808164924 -11.0941290118
947 26741 -0.123836672688 1.59854193482e-05 -21.971308978 -11.0969391626
948 27236 -0.123947907733 1.60625195923e-05 -21.962143641 -11.1113694533
949 27524 -0.124059093171 1.62830923074e-05 -21.9529944075 -11.0979451911
950 27199 -0.124172475955 1.57841583912e-05 -21.9436767074 -11.1009220223
951 28275 -0.124280274576 1.63578582626e-05 -21.9348294511 -11.0868429252
952 27730 -0.124393082078 1.62590448958e-05 -21.92558313 -11.1009361049
953 27470 -0.124505738606 1.55558140162e-05 -21.9163614336 -11.0970416137
954 29227 -0.124610232865 1.63923081789e-05 -21.9078187974 -11.0807088884
955 28564 -0.124721616036 1.66080731392e-05 -21.8987245316 -11.0765794336
956 27312 -0.124837023105 1.54281718196e-05 -21.8893142741 -11.088596693
957 29438 -0.12494028684 1.64520568237e-05 -21.8809049909 -11.1125675921
958 28597 -0.125052012634 1.56813547167e-05 -21.8718180784 -11.0936635709
959 30040 -0.125155914512 1.66423245486e-05 -21.8633781901 -11.1119094109
960 28624 -0.125268878697 1.59244995651e-05 -21.8542138409 -11.0848748788
961 29335 -0.125375652315 1.69939712057e-05 -21.8455628601 -11.08320078
962 26973 -0.12549448039 1.56589952644e-05 -21.8359479246 -11.0791424863
963 28399 -0.125601190578 1.60602110101e-05 -21.8273249006 -11.1072122986
964 28706 -0.125710047174 1.62754559028e-05 -21.8185395215 -11.069823055
965 28389 -0.125820976048 1.65345710826e-05 -21.8095983999 -11.0556168842
966 27348 -0.12593579729 1.4854253834e-05 -21.8003557516 -11.0648601737
967 31252 -0.126032291564 1.72792335593e-05 -21.7925979361 -11.065792924
968 27917 -0.126151054635 1.53950114876e-05 -21.78306178 -11.0909480175
969 30192 -0.126252802 1.63438721614e-05 -21.7749024204 -11.0775802159
970 29653 -0.126361798817 1.64123287074e-05 -21.7661724504 -11.0743949885
971 28922 -0.126472626535 1.61874027534e-05 -21.7573072075 -11.0897733834
972 28860 -0.126582052632 1.60830065227e-05 -21.7485653107 -11.0504523633
973 29105 -0.126690314746 1.60770358001e-05 -21.7399273628 -11.0435577851
974 29369 -0.126798047562 1.63907658937e-05 -21.7313424482 -11.0730732558
975 28707 -0.126909141993 1.582369246e-05 -21.7225009214 -11.094111689
976 29723 -0.127014545292 1.62770911411e-05 -21.7141228825 -11.0257282056
977 29390 -0.127123579878 1.6154826239e-05 -21.7054670044 -11.0788715392
978 29424 -0.127231733883 1.6082452464e-05 -21.6968918593 -11.080424179
979 29675 -0.127338946683 1.65583600521e-05 -21.6884019626 -11.0855922318
980 28518 -0.127451549718 1.64639250054e-05 -21.6794965949 -11.0704293892
981 27670 -0.127565213629 1.57281986309e-05 -21.6705191164 -11.0875243828
982 28928 -0.127671409615 1.64589164314e-05 -21.6621421584 -11.0349159585
983 28082 -0.127784202184 1.57818361507e-05 -21.6532561302 -11.0897664915
984 29199 -0.12789026436 1.65036835999e-05 -21.6449109196 -11.0908511898
985 28216 -0.128003093464 1.57598565747e-05 -21.636044512 -11.0472069119
986 29404 -0.128108638225 1.62458880038e-05 -21.6277609983 -11.0668810254
987 29167 -0.128217879477 1.61871054431e-05 -21.619198012 -11.0742663027
988 29105 -0.128326841375 1.61285045357e-05 -21.6106676863 -11.0630541639
989 29216 -0.128435201724 1.60330133803e-05 -21.602195096 -11.0565653652
990 29614 -0.128542195948 1.63497292958e-05 -21.5938397155 -11.0438312453
991 29068 -0.128652323462 1.63322557021e-05 -21.5852504174 -11.0486769005
992 28582 -0.128763263302 1.62130263511e-05 -21.5766087865 -11.0759051354
993 28446 -0.12887365597 1.628531041e-05 -21.5680207402 -11.0558148885
994 28104 -0.128985213863 1.55329134917e-05 -21.5593531341 -11.0453636069
995 29971 -0.129088250635 1.63362061424e-05 -21.5513574706 -11.0854043343
996 29458 -0.129197554756 1.60094736994e-05 -21.5428858185 -11.0463732219
997 29930 -0.129303825105 1.58753743268e-05 -21.5346595063 -11.0227767453
998 30827 -0.129407661762 1.65067622001e-05 -21.5266312875 -11.0423956498
999 29780 -0.129517508786 1.66894724548e-05 -21.5181487933 -11.0616625736
1000 28241 -0.1296315587 1.58314206808e-05 -21.5093530648 -11.0974543823
1001 29217 -0.129737921701 1.59685375415e-05 -21.5011605358 -11.0365376625
1002 29809 -0.129844135657 1.67595099653e-05 -21.4929894579 -11.0419226371
1003 28068 -0.129959015567 1.56230417642e-05 -21.4841629019 -11.0538929262
1004 29660 -0.130063192833 1.58610566426e-05 -21.4761687034 -11.082790532
1005 30593 -0.130167331227 1.63577883003e-05 -21.4681870175 -11.0385547136
1006 30004 -0.130275780055 1.63877248239e-05 -21.459885069 -11.066696128
1007 29337 -0.130385655267 1.54243976579e-05 -21.4514844297 -11.0367709237
1008 31633 -0.130485247875 1.7125689175e-05 -21.4438790761 -11.0866192348
1009 28700 -0.130601337706 1.59256175332e-05 -21.4350248412 -11.0656947523
1010 29409 -0.130707983397 1.64155095919e-05 -21.4269012609 -11.0781623567
1011 28674 -0.130819309446 1.58507202809e-05 -21.4184317099 -11.0871497058
1012 29607 -0.130925098623 1.67573109925e-05 -21.4103933648 -11.0517193647
1013 27884 -0.131040341792 1.51627788383e-05 -21.4016476965 -11.0431599677
1014 30878 -0.13113943525 1.62760382705e-05 -21.3941367955 -11.0316481195
1015 30536 -0.131246398536 1.66062678102e-05 -21.3860389068 -11.0252008892
1016 29203 -0.131357994604 1.63328415456e-05 -21.3776007946 -11.0239806561
1017 28713 -0.131468684978 1.58206471237e-05 -21.3692417495 -11.0449158197
1018 29738 -0.131574040685 1.62613149042e-05 -21.3612953393 -11.0474297611
1019 29452 -0.131682855005 1.58988483645e-05 -21.3530980553 -11.0521532347
1020 30262 -0.131787810696 1.64072589449e-05 -21.3452010545 -11.0502158676
1021 29531 -0.131897455504 1.58427188378e-05 -21.336961291 -11.0225875852
1022 30517 -0.132001603412 1.63912020064e-05 -21.3291441138 -11.0261570618
1023 29828 -0.132110593526 1.62560447453e-05 -21.3209733786 -11.0611762291
1024 29557 -0.132219179315 1.64737962217e-05 -21.3128429962 -11.0397936636
1025 28649 -0.132330950443 1.55386687839e-05 -21.3044845609 -11.0419959831
1026 30534 -0.132433070146 1.66407169539e-05 -21.296857127 -11.0311898427
1027 29099 -0.132545096845 1.54534601833e-05 -21.288499872 -11.0500273533
1028 31284 -0.13264543253 1.69284655709e-05 -21.2810237673 -11.0334299586
1029 28957 -0.132759676134 1.58177516466e-05 -21.2725217004 -11.0360545977
1030 30000 -0.132864552399 1.5955206741e-05 -21.2647264226 -11.0587247817
1031 30649 -0.132969212744 1.65462830529e-05 -21.2569564028 -11.0273441164
1032 29490 -0.133079863536 1.64211422609e-05 -21.2487516379 -11.0357552976
1033 28737 -0.133191106507 1.56708970092e-05 -21.240513293 -11.039605369
1034 30219 -0.133294630835 1.6055604361e-05 -21.2328558578 -11.047294215
1035 30560 -0.133400103545 1.63531333042e-05 -21.2250634992 -11.0481799453
1036 29986 -0.133508554426 1.57218154697e-05 -21.2170607718 -11.0171693963
1037 31370 -0.133610492467 1.6534333603e-05 -21.2095475496 -11.0543880322
1038 30220 -0.133719719103 1.61506366606e-05 -21.2015067011 -11.0454343557
1039 30268 -0.133826327204 1.60798856148e-05 -21.1936681511 -11.0216067059
1040 30534 -0.133932004024 1.59786127685e-05 -21.1859073527 -11.0370304238
1041 31121 -0.134036020849 1.636291982e-05 -21.1782774679 -11.0015589051
1042 30506 -0.134143607493 1.62354645227e-05 -21.1703951116 -11.0230733635
1043 30292 -0.134250732009 1.61476384262e-05 -21.1625560774 -11.0286116925
1044 30349 -0.134357177377 1.60442437815e-05 -21.1547760797 -11.0406761566
1045 30727 -0.134462288857 1.62305969647e-05 -21.1471026938 -11.0445346364
1046 30527 -0.134568969092 1.64505832411e-05 -21.139324035 -11.0481170839
1047 29659 -0.134678665949 1.62341965041e-05 -21.1313351183 -11.0202605865
1048 29455 -0.134787293853 1.58391123131e-05 -21.1234337269 -11.0447727853
1049 30449 -0.134891533203 1.6198418289e-05 -21.1158605887 -11.0268234107
1050 30350 -0.13499831241 1.58426013724e-05 -21.1081120886 -11.0090795681
1051 31363 -0.135101044108 1.68335111055e-05 -21.1006660361 -11.0124646554
1052 29311 -0.135213959023 1.63167014763e-05 -21.0924917665 -11.0179536088
1053 28867 -0.135324245784 1.61323211849e-05 -21.0845177164 -11.0401465823
1054 28966 -0.135433098741 1.63285728307e-05 -21.0766569685 -11.0337904331
1055 28493 -0.135544187927 1.56790567755e-05 -21.0686445835 -11.0303437131
1056 29938 -0.13564825185 1.61803950991e-05 -21.0611479122 -11.0061479426
1057 29895 -0.135755720359 1.65358159358e-05 -21.0534151118 -11.0183893347
1058 28795 -0.13586762758 1.56795241104e-05 -21.0453727755 -11.010259873
1059 30254 -0.135971149901 1.62543458239e-05 -21.0379419601 -11.0212644197
1060 29985 -0.136078947935 1.58646067137e-05 -21.0302133415 -11.0076727101
1061 30917 -0.136182562286 1.6306545749e-05 -21.0227934163 -11.0293538144
1062 30480 -0.136289824296 1.60314667786e-05 -21.0151212913 -11.0081965422
1063 30900 -0.136394558189 1.62212895385e-05 -21.0076388271 -11.0363045349
1064 30728 -0.136500828178 1.61876367237e-05 -21.0000555252 -11.0370515743
1065 30661 -0.136606992686 1.63950743957e-05 -20.9924886921 -11.0149155042
1066 29957 -0.13671577361 1.56642634277e-05 -20.9847446299 -10.9959355372
1067 31523 -0.136817090933 1.66963620147e-05 -20.9775403096 -11.0366740101
1068 29873 -0.13692802743 1.57257872939e-05 -20.9696612926 -11.0052374985
1069 31239 -0.137030204506 1.67024716914e-05 -20.9624129703 -11.0085067598
1070 29585 -0.137141719445 1.59413981483e-05 -20.9545116006 -11.0195603025
1071 30268 -0.137246946287 1.53731489088e-05 -20.9470647255 -11.0181434885
1072 32808 -0.137344415047 1.74145842609e-05 -20.9401746302 -11.0205805381
1073 28907 -0.137462039706 1.56539120391e-05 -20.9318696073 -10.9832055635
1074 30450 -0.137565058347 1.58598934538e-05 -20.9246047374 -10.9985858874
1075 31412 -0.137667823364 1.60870497059e-05 -20.9173659994 -11.0082384559
1076 31665 -0.137771641958 1.65018315357e-05 -20.9100613975 -10.9982267653
1077 30605 -0.13787996625 1.59909040644e-05 -20.9024487101 -11.0006846143
1078 31154 -0.137984007164 1.6331728618e-05 -20.8951456187 -11.0093763046
1079 30635 -0.138091162197 1.5966218556e-05 -20.8876327008 -11.0128456316
1080 31263 -0.1381948616 1.64206640465e-05 -20.8803705233 -11.0221772636
1081 30466 -0.138302898338 1.6127938268e-05 -20.8728134307 -10.9735825401
1082 30584 -0.138408803895 1.57343636157e-05 -20.8654141474 -10.9707423804
1083 31955 -0.138509885412 1.63113541336e-05 -20.8583599569 -10.9848992777
1084 31488 -0.138615447788 1.66300053593e-05 -20.8510014424 -11.0129629712
1085 30041 -0.138725633526 1.56441767343e-05 -20.8433297635 -11.0047153022
1086 31676 -0.138826576268 1.63248558826e-05 -20.8363097905 -11.0010541817
1087 31170 -0.138932762971 1.66178461922e-05 -20.8289335412 -11.0183807771
1088 29774 -0.139043360182 1.55853245834e-05 -20.8212600691 -10.9879507623
1089 31583 -0.139144071385 1.61879018088e-05 -20.8142806204 -10.9833969163
1090 31513 -0.13924879214 1.63480836127e-05 -20.8070314892 -10.9756082915
1091 30937 -0.139355530257 1.59593432121e-05 -20.7996512838 -10.9866634356
1092 31593 -0.139458641843 1.58547955902e-05 -20.7925300351 -10.9684337156
1093 32608 -0.139559472238 1.68036433877e-05 -20.7855741205 -10.9965431191
1094 30567 -0.139669846886 1.64701277539e-05 -20.7779685968 -11.00661555
1095 29639 -0.13977971101 1.56004211404e-05 -20.7704073843 -11.0000140603
1096 31392 -0.139880826649 1.61677968695e-05 -20.7634563105 -10.9945613833
1097 31387 -0.139985628092 1.61220909879e-05 -20.7562599795 -10.9806725505
1098 31528 -0.140089899497 1.58440967474e-05 -20.7491082328 -10.9868682218
1099 32576 -0.14019071088 1.63642498597e-05 -20.7422015549 -10.9868459585
1100 31928 -0.140295883053 1.67973428478e-05 -20.735004227 -11.0083496031
1101 29948 -0.140407349459 1.56733463126e-05 -20.7273851881 -10.9909753296
1102 31485 -0.140508787569 1.57320391107e-05 -20.7204596712 -10.9898288161
1103 32904 -0.140608385794 1.6796616226e-05 -20.7136672304 -10.9996735605
1104 30866 -0.140718177801 1.60946234144e-05 -20.7061881425 -10.9881118142
1105 31091 -0.140823000199 1.60623681939e-05 -20.6990559428 -11.0179557939
1106 31420 -0.140927062829 1.58181678582e-05 -20.691983499 -11.0077952547
1107 32550 -0.141027749391 1.66753504153e-05 -20.6851481369 -10.981548845
1108 30912 -0.1411366683 1.59167199102e-05 -20.6777623401 -11.0046778996
1109 31705 -0.141239323703 1.65496428656e-05 -20.6708092879 -10.9807891239
1110 30495 -0.141348156792 1.58918878771e-05 -20.6634462899 -10.9664771245
1111 31356 -0.141451220416 1.61357261186e-05 -20.6564816534 -10.9912383807
1112 31453 -0.141555703844 1.59331461056e-05 -20.6494290366 -10.9862558829
1113 32206 -0.141657662587 1.61157395523e-05 -20.6425545545 -11.0087700762
1114 32371 -0.141760525932 1.58412953226e-05 -20.6356267942 -10.9772262507
1115 33456 -0.141859984258 1.67266981408e-05 -20.6289357152 -10.9624290851
1116 31607 -0.141968029935 1.57988386982e-05 -20.6216751035 -10.9918271773
1117 32808 -0.14206819715 1.6832564914e-05 -20.6149515207 -10.9695558935
1118 30664 -0.142178585944 1.58112830858e-05 -20.6075502854 -10.9744675785
1119 31789 -0.142280426152 1.62726810357e-05 -20.6007300583 -10.9888123443
1120 31447 -0.142385805944 1.6288990419e-05 -20.5936807052 -10.9646389801
1121 31058 -0.142491951175 1.59295010054e-05 -20.5865882784 -10.9706361118
1122 31813 -0.142594513777 1.63886264334e-05 -20.5797429748 -10.9648449122
1123 31103 -0.142701230073 1.56395542042e-05 -20.5726285038 -10.9732612831
1124 32812 -0.142800381915 1.65101671828e-05 -20.5660256897 -10.9855686288
1125 31687 -0.142906894794 1.65303286241e-05 -20.5589405646 -10.976370407
1126 30538 -0.143015525316 1.56687395333e-05 -20.5517229722 -10.9464533671
1127 32120 -0.143115925714 1.62135282158e-05 -20.5450597304 -10.9422730199
1128 31966 -0.143220067079 1.64096724693e-05 -20.5381558412 -10.9518647079
1129 31186 -0.143326778222 1.62674147851e-05 -20.5310896378 -10.9681546564
1130 30867 -0.143433109088 1.59035121833e-05 -20.5240567021 -10.9644667994
1131 31701 -0.143535685238 1.63880665766e-05 -20.5172797484 -10.9699317077
1132 30995 -0.143642583196 1.63148835086e-05 -20.5102252319 -10.9863849768
1133 30531 -0.143749810268 1.54113887715e-05 -20.5031571534 -10.9788614113
1134 32964 -0.143847289167 1.63429854307e-05 -20.4967387229 -10.9768704035
1135 32378 -0.143951592146 1.68390477904e-05 -20.4898784198 -10.9682262375
1136 30242 -0.144062790866 1.60608096262e-05 -20.4825730382 -10.9615892243
1137 30567 -0.144168285506 1.54682200174e-05 -20.4756504662 -10.9630689909
1138 32813 -0.144266349292 1.68896628589e-05 -20.4692225442 -10.937737052
1139 30492 -0.144377425073 1.58716307886e-05 -20.4619498828 -10.9763134882
1140 31417 -0.144480256562 1.64051706899e-05 -20.455224744 -10.939275122
1141 30664 -0.144587841942 1.56680105711e-05 -20.4481966444 -10.9394336967
1142 32255 -0.14468802748 1.60220708966e-05 -20.4416592367 -10.9456610387
1143 32730 -0.144789730649 1.66866556982e-05 -20.4350299801 -10.9776249754
1144 31047 -0.14489848559 1.59398193977e-05 -20.4279490647 -10.9744515534
1145 31769 -0.145001186592 1.63544141708e-05 -20.4212698862 -10.9708257403
1146 31168 -0.145107569097 1.57102129365e-05 -20.4143590232 -10.9568235657
1147 32645 -0.145207422864 1.63215637108e-05 -20.4078794402 -10.9399718416
1148 32134 -0.145311983174 1.60896428874e-05 -20.4011018634 -10.9735216426
1149 32384 -0.145414658879 1.62724221283e-05 -20.3944538191 -10.9790088158
1150 32037 -0.145519063065 1.58896552194e-05 -20.3877013387 -10.9106390152
1151 32949 -0.145619590258 1.58291892035e-05 -20.3812067242 -10.9555010494
1152 34096 -0.145718036482 1.63705771251e-05 -20.374853308 -10.9463283534
1153 33396 -0.145820910393 1.66909423285e-05 -20.368221275 -10.9575107503
1154 31665 -0.145928626511 1.56802896966e-05 -20.3612848767 -10.9253165452
1155 33266 -0.146027354636 1.67288331904e-05 -20.3549342595 -10.9456375577
1156 31421 -0.146135733986 1.59065426959e-05 -20.3479705286 -10.9342691141
1157 32260 -0.146237436849 1.63752401475e-05 -20.3414430969 -10.9683438651
1158 31583 -0.146343252809 1.54946015335e-05 -20.334659185 -10.944202961
1159 33813 -0.146440020659 1.65242957834e-05 -20.3284620409 -10.9456199477
1160 32607 -0.146545110132 1.59373142956e-05 -20.3217391962 -10.9207608387
1161 33373 -0.146645295797 1.6243402022e-05 -20.3153370569 -10.9241923584
1162 33112 -0.146747806928 1.62706527494e-05 -20.308793372 -10.9424921618
1163 32763 -0.146851036529 1.59237499624e-05 -20.3022110276 -10.9344759788
1164 33579 -0.146950829584 1.63963516127e-05 -20.2958546726 -10.9678091371
1165 32804 -0.147054791429 1.66131236166e-05 -20.2892399475 -10.9361575701
1166 31350 -0.147162542542 1.53987563231e-05 -20.2823918266 -10.9445156873
1167 33892 -0.147258599126 1.67552922914e-05 -20.2762935507 -10.9322164303
1168 31926 -0.147366287058 1.60840912848e-05 -20.2694642287 -10.9437071174
1169 32193 -0.147469232141 1.61114236324e-05 -20.2629429747 -10.9729754185
1170 32372 -0.147572066176 1.57516788912e-05 -20.256435856 -10.9178674963
1171 33763 -0.147670511211 1.65095073033e-05 -20.2502131029 -10.9632384366
1172 32607 -0.147775505596 1.6798668269e-05 -20.2435835086 -10.9363455029
1173 30581 -0.147885821435 1.53787521083e-05 -20.236625839 -10.961556959
1174 33128 -0.147982853112 1.64870557001e-05 -20.2305127177 -10.9124115328
1175 32067 -0.148088584417 1.55189739698e-05 -20.2238586477 -10.9179054248
1176 34246 -0.148184889548 1.66826370876e-05 -20.2178042723 -10.9648041593
1177 32498 -0.148291162808 1.59657433391e-05 -20.2111303824 -10.9553775365
1178 33166 -0.148391840553 1.67857434096e-05 -20.2048147945 -10.937295254
1179 31146 -0.148501067041 1.58056600227e-05 -20.1979705268 -10.9428868247
1180 32307 -0.148602051381 1.60828600294e-05 -20.1916497383 -10.9499363447
1181 32581 -0.148704373414 1.60525499923e-05 -20.1852520859 -10.9389265602
1182 32959 -0.148805915948 1.59839887232e-05 -20.1789099927 -10.9482543802
1183 33574 -0.148906094105 1.6345791467e-05 -20.1726597638 -10.9306313581
1184 32968 -0.149009477665 1.63312694575e-05 -20.1662164598 -10.91745152
1185 32420 -0.149113637639 1.60786862941e-05 -20.1597318578 -10.9734582988
1186 32709 -0.149215733061 1.58449383739e-05 -20.1533826839 -10.9181237611
1187 33793 -0.149314717239 1.66321890475e-05 -20.1472335035 -10.9330570064
1188 32233 -0.149421104505 1.5814689363e-05 -20.1406315569 -10.9545668265
1189 33404 -0.149520473752 1.63395714254e-05 -20.1344717859 -10.9105266855
1190 32821 -0.149624047931 1.59598149753e-05 -20.1280582002 -10.9377470295
1191 33516 -0.14972416172 1.64038735163e-05 -20.1218655202 -10.8964127768
1192 32717 -0.149828308685 1.60893212404e-05 -20.115430268 -10.9268698961
1193 32973 -0.149930061769 1.63435215058e-05 -20.1091497247 -10.9329288222
1194 32385 -0.150034356768 1.61874123711e-05 -20.1027192407 -10.9017931159
1195 32315 -0.150137767018 1.59947558057e-05 -20.0963502484 -10.93042686
1196 32882 -0.150239061964 1.59458535795e-05 -20.0901182274 -10.9573760188
1197 33626 -0.150338924549 1.62729730293e-05 -20.0839808023 -10.9463169573
1198 33264 -0.150441388805 1.59618176377e-05 -20.0776901515 -10.9239766654
1199 33961 -0.150540856308 1.6745568871e-05 -20.0715899346 -10.8893873423
1200 32023 -0.150648319381 1.63090848196e-05 -20.0650064921 -10.900803077
1201 31562 -0.150753742812 1.51129548175e-05 -20.0585551911 -10.9398614383
1202 35129 -0.150846342309 1.68836903962e-05 -20.0528945044 -10.925433242
1203 32664 -0.150953623699 1.60096564138e-05 -20.0463431484 -10.9049180735
1204 33187 -0.151054546208 1.60865658676e-05 -20.0401868106 -10.907135095
1205 33456 -0.151155544775 1.57946270772e-05 -20.0340323262 -10.9149113192
1206 34742 -0.151252857927 1.69975946153e-05 -20.028108553 -10.9092092836
1207 31933 -0.151362091727 1.57358142559e-05 -20.0214662929 -10.9142382839
1208 33359 -0.151461031538 1.58923530275e-05 -20.0154565158 -10.9221832013
1209 34299 -0.151559576899 1.64298041802e-05 -20.009476858 -10.8904531004
1210 33394 -0.151662826651 1.60137622277e-05 -20.0032183266 -10.9251425868
1211 33914 -0.151762686376 1.62450928521e-05 -19.9971716842 -10.9171151983
1212 33643 -0.151864395894 1.64543195081e-05 -19.991019495 -10.9204416975
1213 32674 -0.151968932836 1.60670467337e-05 -19.9847030654 -10.9115347139
1214 33004 -0.152070497021 1.58006799469e-05 -19.9785728355 -10.9113349284
1215 34252 -0.152168541958 1.66366107439e-05 -19.9726611612 -10.9030126453
1216 32656 -0.152274265778 1.61331106977e-05 -19.9662932335 -10.9002993129
1217 32766 -0.152376618221 1.59992341398e-05 -19.9601350316 -10.9177307581
1218 33326 -0.152477264667 1.61419297991e-05 -19.9540858557 -10.8944006783
1219 33408 -0.152578683776 1.6141019092e-05 -19.9479966321 -10.910184547
1220 33493 -0.152679967946 1.60355183203e-05 -19.9419219043 -10.9146453806
1221 33940 -0.15277992576 1.57154647572e-05 -19.9359329834 -10.9369689135
1222 35529 -0.15287567251 1.66983616829e-05 -19.9302021852 -10.9045803694
1223 33662 -0.152980190912 1.57341276708e-05 -19.9239528621 -10.8912348063
1224 35171 -0.153076537696 1.63314536832e-05 -19.9181981259 -10.8864694398
1225 34586 -0.153177384876 1.59740342798e-05 -19.9121807329 -10.8773164741
1226 35267 -0.153275068076 1.69611603168e-05 -19.9063581177 -10.8860161164
1227 32536 -0.153383053804 1.5745926812e-05 -19.8999282462 -10.8997931713
1228 33954 -0.153481185878 1.61943144447e-05 -19.8940913251 -10.8943450642
1229 33857 -0.153582257044 1.60841255662e-05 -19.8880857757 -10.8900875691
1230 34140 -0.153682223733 1.56287083454e-05 -19.8821520228 -10.8959664187
1231 36055 -0.153776744992 1.69387959263e-05 -19.8765471313 -10.9013661788
1232 33338 -0.153883282516 1.62900196962e-05 -19.8702362602 -10.8902668328
1233 32922 -0.153986385312 1.57953804824e-05 -19.864135456 -10.8869198725
1234 34185 -0.15408449294 1.60787581249e-05 -19.8583362512 -10.9155839895
1235 34490 -0.154183918605 1.5481556095e-05 -19.8524651223 -10.9125257072
1236 36974 -0.154276379327 1.66558392589e-05 -19.8470106763 -10.889288721
1237 35183 -0.15437835406 1.64369814494e-05 -19.8410010057 -10.8811008609
1238 34230 -0.154480380104 1.65228759773e-05 -19.8349946282 -10.8753601057
1239 33014 -0.154584811007 1.57464228243e-05 -19.8288532083 -10.9075551666
1240 34451 -0.154682235602 1.65567019703e-05 -19.8231297699 -10.8778140007
1241 33113 -0.154786723152 1.60894745137e-05 -19.8169977767 -10.8892784327
1242 33372 -0.154887867721 1.56189116999e-05 -19.8110682469 -10.8787671234
1243 35279 -0.154983362932 1.64805077964e-05 -19.8054755649 -10.8967707205
1244 34172 -0.155085745582 1.63157478496e-05 -19.7994856154 -10.9100246805
1245 33657 -0.155187876471 1.62113473351e-05 -19.7935166712 -10.8780055057
1246 33503 -0.155289587223 1.58002967023e-05 -19.7875785018 -10.9097075876
1247 34771 -0.155386895017 1.66706963103e-05 -19.781903192 -10.8882568304
1248 33036 -0.155492223664 1.59366212205e-05 -19.775766465 -10.8815407301
1249 33815 -0.155591748876 1.61969690011e-05 -19.7699739521 -10.907023173
1250 33709 -0.155693057805 1.58688537175e-05 -19.7640836938 -10.9048798244
1251 34742 -0.155790828546 1.62494880934e-05 -19.7584049493 -10.875511073
1252 34449 -0.155891368344 1.64596061897e-05 -19.7525713026 -10.8806234384
1253 33439 -0.155994736025 1.59395548088e-05 -19.7465798336 -10.8813191121
1254 34217 -0.156093692638 1.63192751867e-05 -19.7408499807 -10.8939345926
1255 33690 -0.156195796677 1.63596370551e-05 -19.7349439638 -10.8803225422
1256 33035 -0.156299162077 1.57751028094e-05 -19.7289712675 -10.890923219
1257 34373 -0.156396875342 1.60780692006e-05 -19.7233309676 -10.8560717162
1258 34682 -0.15649602102 1.62177077953e-05 -19.7176137409 -10.8762656437
1259 34501 -0.156596289167 1.60478410943e-05 -19.7118376757 -10.9035512784
1260 34918 -0.156694913291 1.56963491816e-05 -19.7061620853 -10.8683608331
1261 36624 -0.156789103315 1.66482857815e-05 -19.7007470008 -10.8766827387
1262 34876 -0.156891478482 1.568244637e-05 -19.6948672457 -10.9019324836
1263 36632 -0.156985575232 1.6542770165e-05 -19.689468363 -10.8963545417
1264 35259 -0.157086747807 1.6620140055e-05 -19.6836692767 -10.8658109529
1265 33672 -0.157190760904 1.6182985376e-05 -19.6777136084 -10.8595842852
1266 33615 -0.15729212514 1.58429747516e-05 -19.6719156821 -10.8815640649
1267 34736 -0.157389744448 1.57665087476e-05 -19.6663376187 -10.883588476
1268 36174 -0.157484941726 1.63808969363e-05 -19.6609032909 -10.8875862631
1269 35394 -0.157584932442 1.64591889019e-05 -19.6552009982 -10.9039431653
1270 34357 -0.157686906115 1.63363355761e-05 -19.6493915941 -10.8755770285
1271 33769 -0.157788996732 1.59522414803e-05 -19.6435815612 -10.9035484046
1272 34510 -0.15788761051 1.6406077227e-05 -19.637975121 -10.8806099542
1273 33680 -0.15799027189 1.59363242241e-05 -19.6321445318 -10.8894469505
1274 34475 -0.158088837669 1.56481432567e-05 -19.6265522695 -10.8751314469
1275 36337 -0.1581831086 1.65150563064e-05 -19.6212089164 -10.8845084488
1276 35073 -0.158284378454 1.61349096382e-05 -19.6154745538 -10.8645300799
1277 35184 -0.158383161251 1.58930520695e-05 -19.6098866951 -10.8724574359
