100 100000 0.75 reinforce cheb_reinforce 30000000

1 100 0 1.702782262e-05 -56.6666666667 -12.0818212265
2 17560 -0.000166081819995 1.53929444376e-05 -56.5126851108 -12.1598609104
3 18995 -0.00031043371016 1.66819766489e-05 -56.3796168369 -12.1116824028
4 18027 -0.000471020093378 1.56899608072e-05 -56.2324134958 -12.1735645244
5 18920 -0.000618448533646 1.667078851e-05 -56.0980352339 -12.1806704087
6 17976 -0.000779153808087 1.5849746581e-05 -55.952381071 -12.0959304658
7 18563 -0.000929510190391 1.63246308926e-05 -55.8168799142 -12.1391818178
8 18267 -0.00108562045194 1.64555900182e-05 -55.6769777548 -12.1486529629
9 17739 -0.00124530989962 1.56901712966e-05 -55.5346878651 -12.0996235182
10 18618 -0.00139393388557 1.62911685347e-05 -55.4029964734 -12.096020901
11 18384 -0.00154923007654 1.71089666241e-05 -55.266147575 -12.1618870652
12 16708 -0.00172030375746 1.4954361882e-05 -55.1162803612 -12.1271209792
13 18899 -0.00186089810999 1.6415345611e-05 -54.993802993 -12.097842778
14 18427 -0.00201719154379 1.665440383e-05 -54.8583728084 -12.168609152
15 17537 -0.00217973729463 1.52248989212e-05 -54.7183261527 -12.0872503823
16 19298 -0.00232139019999 1.71746261715e-05 -54.5969411689 -12.1202612096
17 17423 -0.00248956298764 1.54884702164e-05 -54.4536231064 -12.1448916058
18 18665 -0.00263609084226 1.61166101487e-05 -54.329446557 -12.1104956378
19 18759 -0.00278817670841 1.65375980467e-05 -54.2012392166 -12.1367110162
20 18066 -0.00294720330419 1.61286744008e-05 -54.0679150952 -12.0831618718
21 18135 -0.00310200035388 1.61181594019e-05 -53.9388519602 -12.1107284419
22 18224 -0.00325631955243 1.60475576386e-05 -53.8108836415 -12.1488183011
23 18445 -0.00340903901808 1.58532836958e-05 -53.6849209483 -12.0918402961
24 19040 -0.00355753133525 1.67442905489e-05 -53.5630874106 -12.116470979
25 17956 -0.00371903630794 1.60310438174e-05 -53.4312909303 -12.1206717063
26 18204 -0.00387260416276 1.5569180409e-05 -53.306655634 -12.0636273441
27 19342 -0.00401729386658 1.62845214411e-05 -53.1898311316 -12.1601809455
28 19111 -0.00416954234741 1.64828858238e-05 -53.0675327765 -12.1312098414
29 18507 -0.00432614134994 1.6163134125e-05 -52.9424076501 -12.133893294
30 18513 -0.00447967794445 1.62697228054e-05 -52.8203818375 -12.0952374268
31 18320 -0.00463503980596 1.55331786234e-05 -52.6975576746 -12.1029707473
32 19537 -0.00477867405689 1.68478163232e-05 -52.5845842412 -12.0867919816
33 18232 -0.0049399412877 1.54104847177e-05 -52.4583998815 -12.0939014288
34 19687 -0.0050818959608 1.64726508508e-05 -52.3478984245 -12.1016692452
35 19085 -0.00523601127353 1.57896815967e-05 -52.2285321467 -12.1164675271
36 19829 -0.0053809380196 1.63429940411e-05 -52.1168495972 -12.0886146333
37 19477 -0.00553229339422 1.65500999819e-05 -52.0007952577 -12.0501438174
38 18733 -0.00568857829874 1.58551081862e-05 -51.881580599 -12.1101442958
39 19334 -0.00583595535008 1.63858848101e-05 -51.769733123 -12.0946096944
40 18908 -0.00598997294277 1.61088541422e-05 -51.6534350435 -12.1089705939
41 19018 -0.00614094622039 1.64292867769e-05 -51.5400156132 -12.0547540923
42 18517 -0.00629699250107 1.63511120821e-05 -51.4233838299 -12.0751439145
43 18173 -0.00645376050097 1.59210849536e-05 -51.3068208152 -12.0953301614
44 18631 -0.00660451787186 1.59601394113e-05 -51.1952975296 -12.0832095488
45 19025 -0.00675407216172 1.63058578625e-05 -51.0852128403 -12.0768536611
46 18757 -0.00690795137992 1.59245008053e-05 -50.9725107357 -12.0564155742
47 19223 -0.0070564008539 1.57229523055e-05 -50.8643255257 -12.0710695715
48 20108 -0.00719970957662 1.64979500166e-05 -50.7603862536 -12.0685732337
49 19443 -0.00735263324432 1.66751496168e-05 -50.6500107284 -12.1095065905
50 18465 -0.00751123889804 1.59155713334e-05 -50.5361158324 -12.0923860484
51 18941 -0.00766070586233 1.6374234638e-05 -50.429321502 -12.0484765977
52 18546 -0.0078161106031 1.55878901504e-05 -50.3188341041 -12.1025512501
53 19668 -0.00795976884322 1.69101162764e-05 -50.2171927309 -12.0781725019
54 18239 -0.00812160264063 1.50816617385e-05 -50.1032567672 -12.1074584024
55 20365 -0.00825819579465 1.66117782993e-05 -50.0075535532 -12.0724095925
56 19465 -0.00841208541861 1.62100075631e-05 -49.9002352581 -12.0592422821
57 19379 -0.00856258771368 1.6821490789e-05 -49.7957916488 -12.1505351449
58 18133 -0.00872404244728 1.48432437122e-05 -49.6843066459 -12.032402727
59 20745 -0.0088572395178 1.67588954156e-05 -49.5927663336 -12.0498309724
60 19535 -0.00901221492523 1.63309513251e-05 -49.48674761 -12.0687726368
61 19211 -0.00916449958447 1.60871764911e-05 -49.3830782457 -12.0603187844
62 19366 -0.00931391153616 1.62662971006e-05 -49.2818509656 -12.0655753882
63 19170 -0.00946575494134 1.59626012861e-05 -49.1794664949 -12.0504332772
64 19570 -0.00961323291527 1.59184116255e-05 -49.0804951846 -12.0821070999
65 20069 -0.00975846567215 1.68499283974e-05 -48.9834797607 -12.0477737462
66 18725 -0.00991761804958 1.58085233627e-05 -48.8776742396 -12.011969334
67 19418 -0.0100642461661 1.66792509062e-05 -48.7806619791 -12.0120845459
68 18434 -0.0102230259273 1.52931389006e-05 -48.6761114274 -12.0405571259
69 20144 -0.0103622916494 1.61858767693e-05 -48.5848364384 -12.0801861165
70 20104 -0.0105098347205 1.63344110508e-05 -48.4885680692 -12.022855182
71 19764 -0.0106600070184 1.65366719673e-05 -48.3910371201 -12.0022274084
72 19035 -0.0108149216612 1.55126784068e-05 -48.2909016681 -12.0517298657
73 20342 -0.0109554998961 1.69278105593e-05 -48.2004481733 -12.0398738442
74 18830 -0.0111149394817 1.57267091869e-05 -48.0983331421 -12.0572743469
75 19689 -0.0112597982201 1.63615263211e-05 -48.0059909557 -12.0462260116
76 19303 -0.0114120059805 1.64671367384e-05 -47.9094064826 -12.0480625216
77 18723 -0.0115675510793 1.63152357837e-05 -47.8111694648 -12.0155577374
78 18442 -0.0117228294109 1.59805450631e-05 -47.7135666506 -11.9975021037
79 18793 -0.0118734962641 1.60587217525e-05 -47.6193041469 -12.039106048
80 18999 -0.0120240759151 1.53471908862e-05 -47.5255278523 -12.0156474075
81 20648 -0.0121621192871 1.68037590324e-05 -47.4399353801 -11.9851739581
82 19355 -0.0123182287112 1.56523141349e-05 -47.3435723882 -12.0310080643
83 20392 -0.01245989689 1.67246380508e-05 -47.2565171723 -12.0328519135
84 19269 -0.0126156177593 1.58178619595e-05 -47.1612556049 -12.0167988693
85 19963 -0.0127603152627 1.6014205759e-05 -47.0731375996 -12.023035237
86 20273 -0.0129056818724 1.60461673252e-05 -46.984997603 -11.9680221167
87 20522 -0.0130504553369 1.62362224773e-05 -46.8975987704 -12.0075867699
88 20377 -0.0131974629442 1.6858473844e-05 -46.8092382707 -12.0105719656
89 18996 -0.0133555564999 1.60747445763e-05 -46.7146468032 -12.0484405388
90 19173 -0.0135056008032 1.61766545099e-05 -46.6252830532 -12.0062059525
91 19153 -0.0136566769578 1.58572337397e-05 -46.535707039 -12.036528545
92 19763 -0.0138024644348 1.62329457826e-05 -46.4496469845 -12.0513668257
93 19630 -0.0139522132421 1.66300176093e-05 -46.3616347424 -12.0195661995
94 18728 -0.0141092746675 1.55593315918e-05 -46.269742393 -12.01861777
95 19919 -0.0142517642413 1.63637861444e-05 -46.186743234 -12.0106055873
96 19524 -0.0144031289437 1.63277053949e-05 -46.0989549228 -12.0000918867
97 19207 -0.0145554011498 1.60535330306e-05 -46.0110332815 -12.0068642085
98 19428 -0.0147042617842 1.61316271066e-05 -45.925459998 -11.9870560546
99 19496 -0.0148535839227 1.60631880483e-05 -45.8399949382 -12.0183678305
100 19701 -0.0150014984375 1.58156130444e-05 -45.7557019826 -11.950912439
101 20415 -0.0151445640098 1.62264985852e-05 -45.6745170899 -11.9821437076
102 20291 -0.0152917954485 1.68026348941e-05 -45.5913199459 -11.9826533756
103 19023 -0.0154492526733 1.57075763305e-05 -45.5027367163 -11.9282249193
104 19930 -0.0155930595058 1.63095649316e-05 -45.4221849668 -11.995210278
105 19642 -0.0157434668473 1.57544383672e-05 -45.338293194 -11.98354428
106 20481 -0.0158857501222 1.60560356725e-05 -45.2592667693 -11.977125777
107 20711 -0.0160299473507 1.67946163209e-05 -45.1795065884 -11.9648539338
108 19432 -0.01618566218 1.59899106408e-05 -45.0937455631 -11.9834941037
109 19783 -0.0163325967168 1.643174831e-05 -45.0131703534 -12.0022598756
110 19257 -0.0164856381555 1.62044719483e-05 -44.9296052748 -11.9535842025
111 19182 -0.0166368569307 1.61091313213e-05 -44.8473929223 -11.985922081
112 19294 -0.0167867527493 1.59304991927e-05 -44.7662482758 -11.9666848429
113 19761 -0.0169332215178 1.59629844911e-05 -44.6872918411 -11.9919088581
114 20173 -0.0170784837234 1.63218485524e-05 -44.6093089118 -12.0047453353
115 19857 -0.0172281882656 1.65284840854e-05 -44.5292757253 -11.9908190489
116 19141 -0.0173825990758 1.54706280961e-05 -44.4470800952 -11.9840433573
117 20542 -0.0175221088756 1.640301509e-05 -44.3731233617 -11.9627721423
118 20054 -0.0176718154531 1.55842130043e-05 -44.2940831036 -11.9757236077
119 21275 -0.0178099084096 1.67292971577e-05 -44.2214682519 -11.9854539349
120 20094 -0.0179624419944 1.64259187736e-05 -44.1415856302 -11.9535951664
121 19572 -0.0181141957452 1.55908662844e-05 -44.0624485948 -11.9975835745
122 20750 -0.0182540857469 1.65199675522e-05 -43.9897943848 -12.0018961438
123 20019 -0.018404994389 1.61840671466e-05 -43.911733991 -11.9941037433
124 19983 -0.0185529672449 1.60662668772e-05 -43.835509263 -11.9663129615
125 20187 -0.0186991190885 1.64262689664e-05 -43.7605288906 -11.9752796286
126 19662 -0.0188505287931 1.61502296246e-05 -43.6831701455 -11.9467008152
127 19694 -0.0189992712146 1.64997482953e-05 -43.6074884264 -11.9483479432
128 19039 -0.0191538248092 1.60040227456e-05 -43.5291778195 -11.9627423894
129 19355 -0.0193025055736 1.57874801416e-05 -43.4541563441 -11.9685871938
130 20114 -0.0194463817604 1.65946570525e-05 -43.3818500129 -11.986716039
131 19259 -0.0196009347922 1.61065521389e-05 -43.3044947001 -11.9714607036
132 19376 -0.0197504871337 1.56656813904e-05 -43.2299527357 -11.910142679
133 20386 -0.019892295736 1.61036669049e-05 -43.1595508561 -11.9632791453
134 20516 -0.0200376081395 1.66580426067e-05 -43.0876909111 -11.9624640911
135 19518 -0.0201917184086 1.59333662812e-05 -43.0117896414 -11.9486845995
136 19985 -0.0203373916824 1.56746137085e-05 -42.940334762 -11.9849481473
137 21008 -0.0204771659553 1.64352372915e-05 -42.8720377826 -11.9346329658
138 20443 -0.0206257361868 1.62654072711e-05 -42.799725085 -11.9241028053
139 20238 -0.0207735109335 1.60020332483e-05 -42.7280863586 -11.9290019953
140 20578 -0.0209176876759 1.68563296841e-05 -42.6584659247 -11.9440340311
141 19187 -0.0210749701287 1.55229698034e-05 -42.5828238137 -11.965741711
142 20482 -0.0212151566524 1.64063137325e-05 -42.5156719635 -11.9252263682
143 19989 -0.0213651375808 1.56606789967e-05 -42.4441067449 -11.937925711
144 21042 -0.0215046747813 1.6752795175e-05 -42.3777817755 -11.9293636152
145 19827 -0.021658449026 1.60324572813e-05 -42.3049747801 -11.924738982
146 20098 -0.0218046149238 1.6311415299e-05 -42.2360456376 -11.9665420199
147 19804 -0.0219544233669 1.66165620632e-05 -42.1656757764 -11.9328456267
148 18920 -0.0221105602317 1.54293554298e-05 -42.09262995 -11.9617214528
149 20391 -0.0222502146401 1.58001555352e-05 -42.0275502177 -11.8744605727
150 21163 -0.0223905911333 1.66716756891e-05 -41.9623753368 -11.9335069105
151 20106 -0.0225425565353 1.58390801157e-05 -41.8920911054 -11.9273202706
152 20785 -0.0226845531353 1.61117252384e-05 -41.8266708523 -11.9285178647
153 20900 -0.0228285949338 1.63843748906e-05 -41.7605570311 -11.9518770557
154 20443 -0.022976705066 1.61006058961e-05 -41.6928355915 -11.9334704032
155 20580 -0.023121764629 1.61380232257e-05 -41.6267627855 -11.9000172806
156 20639 -0.0232669519425 1.55331953904e-05 -41.5608818573 -11.9086473932
157 22010 -0.0234022767014 1.67037824307e-05 -41.4997002373 -11.9333251516
158 20842 -0.0235518195664 1.61292210429e-05 -41.4323404902 -11.8937236665
159 20920 -0.0236959483599 1.60921299594e-05 -41.3676664862 -11.9275653303
160 21078 -0.0238392075055 1.63555656258e-05 -41.3036216634 -11.9055866343
161 20677 -0.0239862166646 1.5847394866e-05 -41.23814666 -11.9220482092
162 21357 -0.0241263715771 1.62522860291e-05 -41.1759554166 -11.9035028561
163 21171 -0.0242707368959 1.61585711833e-05 -41.1121303443 -11.9540030513
164 21187 -0.0244142151445 1.67250465628e-05 -41.0489319131 -11.8948548557
165 20020 -0.0245669934181 1.56695686828e-05 -40.9818925787 -11.9160482187
166 21056 -0.0247065647241 1.62575635668e-05 -40.9208775566 -11.924626982
167 20862 -0.0248520444012 1.63409706751e-05 -40.8575111506 -11.9344971973
168 20495 -0.0249995715488 1.58351358183e-05 -40.7934929428 -11.9131393819
169 21196 -0.0251401509433 1.59415634223e-05 -40.73271331 -11.8645535563
170 21685 -0.0252800692963 1.70508854101e-05 -40.6724350342 -11.8972750931
171 19825 -0.0254365887404 1.58822915119e-05 -40.6052582697 -11.8691298874
172 20405 -0.0255802932365 1.59765887311e-05 -40.543815922 -11.8950640046
173 20802 -0.0257234654292 1.58474236267e-05 -40.4828230328 -11.8853236975
174 21486 -0.0258631990667 1.64295889991e-05 -40.423507407 -11.9363309789
175 20920 -0.026010014835 1.59362398208e-05 -40.3614103118 -11.9380064924
176 21414 -0.0261507680652 1.67065865511e-05 -40.3020925841 -11.9331697964
177 20272 -0.0263024247119 1.62052086034e-05 -40.2384142654 -11.8624117306
178 20192 -0.0264498213932 1.58124331605e-05 -40.1767564037 -11.8998301176
179 20930 -0.0265910856005 1.63017701316e-05 -40.1178770633 -11.9097134677
180 20644 -0.0267377277306 1.62849564202e-05 -40.0569757706 -11.9300254936
181 20397 -0.0268851041206 1.57125158907e-05 -39.9959936911 -11.9034886564
182 21359 -0.0270240614374 1.6311736653e-05 -39.9387000222 -11.8776185709
183 21046 -0.0271693856198 1.69231099098e-05 -39.8789926676 -11.9091760714
184 19491 -0.0273260549981 1.57443603852e-05 -39.8148649114 -11.9120005529
185 20344 -0.0274687239276 1.59402829852e-05 -39.756684013 -11.8813790931
186 20816 -0.0276115213444 1.58124693225e-05 -39.6986559746 -11.8624053172
187 21577 -0.0277506526809 1.63635911597e-05 -39.6423141925 -11.9254738949
188 21149 -0.0278960824709 1.61463106352e-05 -39.5836280446 -11.8888956933
189 21192 -0.0280394371989 1.59460237209e-05 -39.5259844766 -11.9020227316
190 21671 -0.0281794396055 1.64643679513e-05 -39.4698845195 -11.8680073433
191 21025 -0.028326195401 1.56836698341e-05 -39.4112848745 -11.8849831348
192 22081 -0.0284626103634 1.68693564924e-05 -39.3570028529 -11.8574747654
193 20561 -0.0286146632679 1.59930886925e-05 -39.2967111478 -11.8730816495
194 20926 -0.028757558221 1.66592272012e-05 -39.240254281 -11.8737725788
195 19905 -0.0289101713073 1.55332944864e-05 -39.1801744713 -11.8986725772
196 21227 -0.0290479701136 1.64909176444e-05 -39.1261178842 -11.8810134354
197 20539 -0.0291966919781 1.60661379009e-05 -39.0679788757 -11.9040232057
198 20749 -0.0293408499506 1.58349048219e-05 -39.0118236551 -11.8571635895
199 21459 -0.0294805625633 1.63170701784e-05 -38.9575866498 -11.852856568
200 21133 -0.029625634386 1.61990556898e-05 -38.9014625343 -11.8494036329
201 21063 -0.0297698973786 1.59827264289e-05 -38.8458456842 -11.8731701356
202 21459 -0.0299109135695 1.62401204189e-05 -38.7916669101 -11.8769221712
203 21299 -0.030054738786 1.57237100701e-05 -38.7365977104 -11.8339983524
204 22278 -0.0301908961864 1.64245659917e-05 -38.6846392555 -11.8494675655
205 21702 -0.0303349978429 1.61683578963e-05 -38.6298334958 -11.8646361036
206 21697 -0.0304768661791 1.67567796951e-05 -38.576061315 -11.8578875576
207 20436 -0.0306283681414 1.55762019195e-05 -38.5188384551 -11.8555331994
208 21698 -0.0307650383712 1.64331942553e-05 -38.4673945767 -11.8807239556
209 21118 -0.0309111939242 1.59307900329e-05 -38.4125651424 -11.8524311731
210 21629 -0.0310511991079 1.62778631826e-05 -38.3602212094 -11.8405718934
211 21385 -0.0311950660985 1.59114259927e-05 -38.3066142178 -11.8565215002
212 21945 -0.0313338888695 1.61534675014e-05 -38.2550596151 -11.883494816
213 21973 -0.03147473318 1.61796101612e-05 -38.202926894 -11.8620853056
214 21943 -0.0316159026379 1.59227367367e-05 -38.1508474362 -11.8362095231
215 22492 -0.0317531251426 1.66657010828e-05 -38.1003898467 -11.8769202034
216 21381 -0.031900435101 1.6383264558e-05 -38.0464040282 -11.8168099422
217 20915 -0.0320468516006 1.56526405082e-05 -37.992930421 -11.8675017558
218 22035 -0.0321831391627 1.63999644265e-05 -37.9433207778 -11.8213037067
219 21519 -0.0323276358042 1.65875010511e-05 -37.8908955664 -11.8057354358
220 20619 -0.0324769395964 1.61892393952e-05 -37.8369119372 -11.8249740164
221 20571 -0.0326228284733 1.60778428325e-05 -37.7843444023 -11.867178975
222 20756 -0.0327670648723 1.58021877065e-05 -37.7325476406 -11.8393822693
223 21537 -0.0329062338701 1.60954482668e-05 -37.6827350832 -11.8741796485
224 21692 -0.0330474789302 1.61566276742e-05 -37.6323437798 -11.8436103426
225 21713 -0.0331891926479 1.61284564886e-05 -37.5819508489 -11.8146885049
226 21796 -0.0333303888763 1.65018552303e-05 -37.5319060756 -11.8027307697
227 21066 -0.0334773354705 1.60941230095e-05 -37.4799963069 -11.8325391378
228 21221 -0.0336201294396 1.62000802515e-05 -37.4297218185 -11.8497766436
229 21148 -0.033764109593 1.57060313992e-05 -37.3791968738 -11.8316803132
230 22160 -0.0339004760531 1.63623363288e-05 -37.3314977355 -11.8057563276
231 21723 -0.034043959925 1.57228300281e-05 -37.2814700375 -11.8252625203
232 22723 -0.0341787684111 1.65879552554e-05 -37.234616867 -11.8264326851
233 21772 -0.0343240701926 1.64254403967e-05 -37.184278376 -11.8297148022
234 21207 -0.0344698509784 1.54824785502e-05 -37.1339416762 -11.8373931584
235 22732 -0.0346025725994 1.68407380473e-05 -37.088259594 -11.7961448347
236 21229 -0.034751961366 1.58074877877e-05 -37.0370057655 -11.8321111158
237 22016 -0.034889654444 1.64083804796e-05 -36.9899186435 -11.8390090357
238 21482 -0.0350343493467 1.6537638325e-05 -36.9405955412 -11.8250655338
239 20688 -0.0351829563212 1.60008127044e-05 -36.8901071077 -11.7868040814
240 21038 -0.035325536685 1.608882979e-05 -36.8418256202 -11.7737684279
241 21204 -0.0354683402885 1.6744790449e-05 -36.793624284 -11.8529769352
242 19996 -0.0356213906793 1.56967068162e-05 -36.7421364898 -11.7873931443
243 20972 -0.0357614806307 1.599639351e-05 -36.6951641416 -11.7810613923
244 21337 -0.0359030214379 1.59313982637e-05 -36.6478554505 -11.8126964475
245 21852 -0.0360423158906 1.60060104137e-05 -36.6014442257 -11.802224708
246 22210 -0.0361811285285 1.65275270818e-05 -36.5553375799 -11.8198922721
247 21411 -0.036327115474 1.56755273794e-05 -36.5070023933 -11.8064831222
248 22505 -0.036462169122 1.64849747441e-05 -36.4624274443 -11.8238170167
249 21789 -0.0366065109573 1.60160952846e-05 -36.4149352724 -11.791127642
250 22124 -0.0367456829374 1.64816631992e-05 -36.3692886187 -11.8268203311
251 21427 -0.0368912086502 1.55172971694e-05 -36.3217090367 -11.8320105037
252 22887 -0.0370237786093 1.6123698485e-05 -36.2784991 -11.7848117476
253 22986 -0.0371612320417 1.6560162001e-05 -36.2338314956 -11.8006246301
254 22086 -0.037305255046 1.57228653125e-05 -36.1871747647 -11.79452925
255 23103 -0.0374389516427 1.63100467717e-05 -36.1439962026 -11.7511072853
256 22768 -0.0375786566392 1.62478844301e-05 -36.0990132576 -11.7831121493
257 22580 -0.0377184079706 1.64092386498e-05 -36.0541539134 -11.8048610665
258 22030 -0.0378612980523 1.56146913255e-05 -36.0084296367 -11.8085517981
259 23299 -0.0379935146891 1.69550628283e-05 -35.9662486626 -11.8002618054
260 21508 -0.0381429395245 1.58468062583e-05 -35.9187250015 -11.7730899815
261 22217 -0.038280350987 1.61883033278e-05 -35.8751593873 -11.7913741963
262 22167 -0.0384208804985 1.66719406293e-05 -35.8307406111 -11.7619520912
263 21059 -0.0385693689276 1.62219386553e-05 -35.7839542542 -11.7827553498
264 20940 -0.0387142574066 1.57319169014e-05 -35.7384481741 -11.7924136006
265 21884 -0.038851705971 1.59807738245e-05 -35.695411461 -11.757541825
266 22300 -0.0389900210833 1.62405222194e-05 -35.6522332252 -11.7570107245
267 22133 -0.039131114562 1.61490796984e-05 -35.6083212198 -11.7656660672
268 22172 -0.0392712901185 1.62445657644e-05 -35.5648278718 -11.7884846881
269 21996 -0.0394128545454 1.5836436803e-05 -35.5210374986 -11.7546192406
270 22745 -0.0395485727629 1.66012224901e-05 -35.4791813297 -11.7707507528
271 21763 -0.0396940182057 1.57142357618e-05 -35.4344613089 -11.739405387
272 22785 -0.0398285703644 1.6503618102e-05 -35.3932154441 -11.8115095277
273 22018 -0.0399723206176 1.59879769278e-05 -35.349281911 -11.7919230712
274 22420 -0.0401103268035 1.57515667446e-05 -35.307231569 -11.7792805015
275 23384 -0.0402434600068 1.65404226397e-05 -35.2667840163 -11.7631560267
276 22513 -0.040385939239 1.59776815281e-05 -35.2236248232 -11.785832315
277 22948 -0.0405222606542 1.62060771973e-05 -35.1824540837 -11.7585071364
278 22855 -0.0406608104844 1.62348150517e-05 -35.1407331958 -11.7776671453
279 22696 -0.0408000910057 1.66430722576e-05 -35.0989165713 -11.7775505278
280 21624 -0.0409463704217 1.54599530096e-05 -35.0551322192 -11.7468486023
281 23232 -0.0410774646145 1.65034644718e-05 -35.0160088735 -11.7475522723
282 22451 -0.0412198227888 1.62645086357e-05 -34.9736473301 -11.7390500413
283 22228 -0.0413608201231 1.63991406818e-05 -34.9318168189 -11.7609068291
284 21709 -0.0415046748478 1.55007644284e-05 -34.8892673327 -11.7368248045
285 23227 -0.0416361300714 1.6290919549e-05 -34.8504985944 -11.7445022359
286 22935 -0.0417751633085 1.64128657083e-05 -34.8096120833 -11.7891516807
287 22368 -0.0419170006374 1.60265806421e-05 -34.7680245019 -11.7660990849
288 22687 -0.0420545226542 1.62723593672e-05 -34.7278208244 -11.7617369121
289 22444 -0.04219490831 1.55785945543e-05 -34.6868999242 -11.7268970489
290 23824 -0.0423253574645 1.64142124531e-05 -34.6489835644 -11.742893565
291 23232 -0.0424645442065 1.62987686448e-05 -34.6086419408 -11.7438853631
292 22922 -0.0426036848443 1.6218070296e-05 -34.5684312337 -11.7456246127
293 22802 -0.0427425002509 1.61277468217e-05 -34.5284311344 -11.7317253762
294 22891 -0.0428802725144 1.62271068971e-05 -34.4888462988 -11.6934122512
295 22750 -0.0430193230121 1.61950145415e-05 -34.4490095454 -11.766475246
296 22684 -0.0431583014481 1.63040096952e-05 -34.4093087304 -11.7664498027
297 22369 -0.0432991954636 1.59024819318e-05 -34.3691778593 -11.7161779171
298 22976 -0.0434347926383 1.56577406014e-05 -34.3306665995 -11.7293167222
299 24193 -0.0435649000347 1.6984212411e-05 -34.2938163475 -11.7361721812
300 22267 -0.0437120073126 1.63559936688e-05 -34.2522708594 -11.7450515397
301 21842 -0.0438550445233 1.60546933762e-05 -34.2119960498 -11.7035928914
302 22091 -0.0439946557672 1.56675493325e-05 -34.1728006456 -11.7275314053
303 23238 -0.0441274930415 1.61075107311e-05 -34.135611818 -11.7317885101
304 23377 -0.0442636555932 1.62816583947e-05 -34.0975976831 -11.7151304669
305 23105 -0.0444020982226 1.59901424342e-05 -34.059056175 -11.7468137893
306 23522 -0.0445368520341 1.651480861e-05 -34.0216468998 -11.7143920045
307 22705 -0.0446785086292 1.61452117078e-05 -33.9824328452 -11.6731134675
308 22753 -0.044816846922 1.62595510145e-05 -33.9442472326 -11.7413256224
309 22539 -0.0449568275062 1.61126457165e-05 -33.9057183217 -11.7110439911
310 22662 -0.0450951654524 1.61714050468e-05 -33.8677498149 -11.7509669539
311 22650 -0.0452340440172 1.61024699122e-05 -33.8297407437 -11.6998186532
312 22797 -0.0453718842288 1.58692592356e-05 -33.7921222263 -11.7440011806
313 23495 -0.0455056959643 1.68255018536e-05 -33.7557040903 -11.7232780343
314 21976 -0.0456523927419 1.61480075562e-05 -33.7158929723 -11.7173510416
315 22017 -0.0457930511341 1.59236545688e-05 -33.6778318863 -11.6954307541
316 22566 -0.0459300571203 1.65179705133e-05 -33.6408634349 -11.755062999
317 21775 -0.0460747340866 1.56107227748e-05 -33.6019364019 -11.695306505
318 23039 -0.0462076620287 1.64039350648e-05 -33.5662709334 -11.7482053867
319 22490 -0.0463490378203 1.53824822088e-05 -33.5284438704 -11.7030097723
320 24354 -0.0464764360999 1.66230670798e-05 -33.4944490452 -11.7004083252
321 23251 -0.0466173357648 1.59541253024e-05 -33.4569530765 -11.7370232558
322 23757 -0.0467511184369 1.60128109376e-05 -33.4214493932 -11.702112506
323 24130 -0.0468843518617 1.65208906669e-05 -33.386186274 -11.7000805493
324 23277 -0.0470243070793 1.60352074057e-05 -33.3492455647 -11.7359944255
325 23589 -0.0471592487761 1.62100247033e-05 -33.3137262157 -11.6877511239
326 23484 -0.047295963849 1.64313741355e-05 -33.2778378565 -11.6957199151
327 22861 -0.0474364232945 1.58518127542e-05 -33.2410686619 -11.7166877492
328 23602 -0.0475697824892 1.58542038848e-05 -33.2062535173 -11.7040418849
329 24362 -0.0477010672788 1.63608447342e-05 -33.1720702936 -11.7053346875
330 23886 -0.0478378902609 1.62520465704e-05 -33.1365401055 -11.7162641353
331 23679 -0.0479743955912 1.66650992666e-05 -33.1011886881 -11.6939813821
332 22511 -0.0481179562801 1.55632858619e-05 -33.0641134443 -11.6972003301
333 23933 -0.0482479819361 1.6451248872e-05 -33.0306247471 -11.6742704156
334 23251 -0.0483874263365 1.58299849812e-05 -32.9948060079 -11.6932585378
335 24058 -0.0485193339664 1.63049208094e-05 -32.961014117 -11.7086521593
336 23722 -0.0486561594351 1.61461942676e-05 -32.9260553867 -11.6854051381
337 23770 -0.0487915148376 1.64350167533e-05 -32.8915650767 -11.6397093297
338 23131 -0.0489311834695 1.62291169998e-05 -32.856072092 -11.6975169306
339 22984 -0.0490695419567 1.61169837353e-05 -32.8210081889 -11.6948125334
340 23099 -0.0492066012051 1.59149546224e-05 -32.7863675175 -11.6604091971
341 23696 -0.0493402277851 1.60909083013e-05 -32.7526841118 -11.6830429168
342 23878 -0.0494748156121 1.60781362461e-05 -32.718847559 -11.6614369364
343 24092 -0.0496086963174 1.67849525257e-05 -32.68527721 -11.7064340384
344 22627 -0.0497529182762 1.53928007884e-05 -32.6492120941 -11.6655850047
345 24477 -0.049880082228 1.67806526945e-05 -32.6174968554 -11.7471535447
346 22998 -0.0500230976281 1.58652889306e-05 -32.5819221383 -11.6737159088
347 23711 -0.0501562631489 1.61485183496e-05 -32.5488866222 -11.6428619101
348 23754 -0.0502916854003 1.6571609684e-05 -32.5153789999 -11.6374302368
349 22797 -0.0504335412846 1.591033421e-05 -32.4803740099 -11.7186528789
350 23397 -0.0505679794607 1.54166096089e-05 -32.4472883462 -11.6606850899
351 25248 -0.0506933786272 1.70376967359e-05 -32.4165048964 -11.6849709072
352 23113 -0.0508382251878 1.56078857174e-05 -32.3810403957 -11.6526009368
353 24461 -0.0509672061595 1.59236352986e-05 -32.3495440181 -11.6951905905
354 25071 -0.0510971873649 1.72161940919e-05 -32.3178827233 -11.6639251871
355 22539 -0.0512454019065 1.57430743428e-05 -32.281876892 -11.6777732061
356 23528 -0.0513780543618 1.60928981818e-05 -32.249738699 -11.633472313
357 23704 -0.0515131521857 1.5765515793e-05 -32.2170923199 -11.6629030748
358 24688 -0.0516428359252 1.63678735607e-05 -32.185833942 -11.6666091158
359 24188 -0.0517788594153 1.62796372793e-05 -32.1531310181 -11.614018154
360 23911 -0.0519149304887 1.61546087709e-05 -32.1205019273 -11.6479237363
361 23939 -0.0520498777457 1.66497554195e-05 -32.088226233 -11.6433271609
362 22793 -0.0521924143369 1.59478690006e-05 -32.0542257698 -11.6807857666
363 23304 -0.0523274385534 1.59862935402e-05 -32.0221026173 -11.6325226354
364 23733 -0.052461557277 1.62672422003e-05 -31.9902767481 -11.6791655453
365 23491 -0.0525987356447 1.57954734468e-05 -31.9578089139 -11.645046576
366 24392 -0.0527294522939 1.62845224868e-05 -31.9269492753 -11.6652367378
367 24101 -0.0528650274154 1.67021916583e-05 -31.8950235949 -11.6216032747
368 22826 -0.0530079108252 1.57447984869e-05 -31.8614658038 -11.6762938645
369 23824 -0.0531397526809 1.62599065569e-05 -31.8305818402 -11.6659664239
370 23599 -0.0532765561542 1.63201631362e-05 -31.7986170794 -11.6534958891
371 23233 -0.0534149419289 1.60502645031e-05 -31.7663666989 -11.6536525228
372 23508 -0.0535502415294 1.60323058953e-05 -31.734916998 -11.6188450101
373 23830 -0.0536844745253 1.6148812616e-05 -31.7037945106 -11.6116174153
374 23872 -0.0538195627026 1.64987205891e-05 -31.6725531765 -11.6435804862
375 23080 -0.0539599254929 1.58278804427e-05 -31.6401760931 -11.671588507
376 23886 -0.0540922891245 1.58423539406e-05 -31.6097223712 -11.6453530567
377 24684 -0.054222615114 1.65991906138e-05 -31.5798113664 -11.6365003859
378 23623 -0.0543621996885 1.60456127858e-05 -31.5478564608 -11.6182411955
379 23914 -0.0544963072362 1.61956218247e-05 -31.5172340501 -11.6250249332
380 23843 -0.0546318703928 1.59281320275e-05 -31.4863573003 -11.6412948892
381 24426 -0.0547635925962 1.64161483611e-05 -31.45643027 -11.6474895337
382 23814 -0.0549010831576 1.60902121753e-05 -31.4252711095 -11.6477009648
383 23998 -0.0550353265742 1.62874653185e-05 -31.3949248507 -11.6493712924
384 23705 -0.0551720552114 1.62027276089e-05 -31.3640947205 -11.6310310907
385 23617 -0.0553083235206 1.57752035598e-05 -31.3334463365 -11.6354389963
386 24573 -0.0554383897298 1.63977286625e-05 -31.3042651987 -11.6154532497
387 24003 -0.0555751867825 1.60508915812e-05 -31.2736498882 -11.6349848119
388 24286 -0.0557083079712 1.59410564467e-05 -31.2439317058 -11.6607465692
389 24847 -0.0558390149135 1.6139886083e-05 -31.2148236894 -11.6527504018
390 24913 -0.0559711765942 1.68305696132e-05 -31.185463186 -11.6557232364
391 23290 -0.0561137168791 1.62407789742e-05 -31.1538772801 -11.6602792061
392 23114 -0.0562517830088 1.52230645003e-05 -31.1233619358 -11.6297790265
393 25439 -0.0563751425341 1.66530547047e-05 -31.0961626621 -11.6199711167
394 24213 -0.0565134635078 1.64714425188e-05 -31.0657379558 -11.6270260507
395 23475 -0.0566524116662 1.59839840642e-05 -31.0352531223 -11.6315136899
396 23913 -0.0567860060464 1.60135779091e-05 -31.0060161726 -11.6365895939
397 24286 -0.0569188157068 1.62250213735e-05 -30.9770219067 -11.6290192993
398 24142 -0.057053781953 1.66385033688e-05 -30.9476290378 -11.6372984122
399 23013 -0.0571955412108 1.55687805543e-05 -30.916834883 -11.6229680143
400 24453 -0.0573242222148 1.62130006278e-05 -30.8889507236 -11.6133114841
401 24337 -0.0574585452132 1.63633528776e-05 -30.8599138053 -11.6439151657
402 23855 -0.0575954768548 1.59066353374e-05 -30.8303861134 -11.6420071918
403 24492 -0.0577268447413 1.62003375987e-05 -30.8021273363 -11.6158012668
404 24407 -0.0578608697976 1.62022368546e-05 -30.7733665116 -11.6168101391
405 24318 -0.0579951567074 1.63162905857e-05 -30.744619687 -11.6170886575
406 23951 -0.0581314222213 1.58258922816e-05 -30.7155208645 -11.6064835385
407 24793 -0.058261327364 1.57131087173e-05 -30.6878471459 -11.5990670879
408 25960 -0.0583873734874 1.69060771614e-05 -30.6610576975 -11.6135499058
409 24084 -0.0585281740305 1.56052057165e-05 -30.6312045544 -11.6056844473
410 25496 -0.0586544892726 1.63084990038e-05 -30.6044872268 -11.6315059482
411 25131 -0.058787453494 1.56219312107e-05 -30.5764293032 -11.640801102
412 26559 -0.0589113472992 1.69268310884e-05 -30.5503458935 -11.6128127502
413 24588 -0.0590508685734 1.59757271191e-05 -30.5210420382 -11.5902448577
414 25068 -0.0591812821954 1.6647913707e-05 -30.4937175223 -11.6260911064
415 23873 -0.059320543654 1.58983191561e-05 -30.4646098209 -11.6183966364
416 24531 -0.0594517379443 1.61929660528e-05 -30.4372547729 -11.5859446405
417 24464 -0.0595855454341 1.60125077715e-05 -30.409421069 -11.6303808448
418 24849 -0.059716835042 1.62483073192e-05 -30.3821758855 -11.5916560573
419 24643 -0.0598506129983 1.59848743968e-05 -30.3544800782 -11.6055042513
420 25101 -0.0599810161293 1.61763110087e-05 -30.327546618 -11.5674862085
421 25075 -0.0601130479632 1.61317326729e-05 -30.3003405758 -11.5750503394
422 25163 -0.0602444865696 1.64318333935e-05 -30.2733203268 -11.5793271902
423 24494 -0.0603801860013 1.6298163735e-05 -30.2454904632 -11.5844075601
424 24168 -0.0605156855938 1.59161776968e-05 -30.217768553 -11.6170792098
425 24789 -0.0606463416152 1.61572979624e-05 -30.1911007436 -11.585579012
426 24811 -0.0607789176338 1.67575219532e-05 -30.1641042068 -11.5791960384
427 23367 -0.060920605136 1.5551504196e-05 -30.1353223722 -11.5828932179
428 24872 -0.0610480539966 1.62094502921e-05 -30.1094945613 -11.6104121959
429 24763 -0.0611811876236 1.58880817066e-05 -30.0825768475 -11.6159923686
430 25472 -0.0613098528862 1.64130468608e-05 -30.0566226932 -11.5680214404
431 24842 -0.0614444442445 1.58522872229e-05 -30.029536159 -11.5782388044
432 25646 -0.0615723825989 1.64094694094e-05 -30.0038480831 -11.5790661365
433 25021 -0.061706463038 1.63330328832e-05 -29.9769888341 -11.5413078865
434 24601 -0.0618410527095 1.61024982915e-05 -29.9500912376 -11.5741370974
435 24761 -0.061973314697 1.60682114159e-05 -29.9237207502 -11.5775660702
436 25008 -0.0621046392617 1.63553300218e-05 -29.8975976919 -11.6026081156
437 24533 -0.0622396002246 1.57259565422e-05 -29.8708139046 -11.5661540008
438 25654 -0.0623664989144 1.63326061393e-05 -29.8456878301 -11.5487260593
439 25225 -0.0624994113977 1.6062644998e-05 -29.8194307852 -11.5693616466
440 25491 -0.0626294407241 1.62477598829e-05 -29.7938022897 -11.5875682472
441 25281 -0.062761515197 1.64231291025e-05 -29.7678302129 -11.5892561219
442 24631 -0.0628967661423 1.564948215e-05 -29.7412954391 -11.5711332778
443 25958 -0.0630223074911 1.63873381111e-05 -29.71672149 -11.5734941472
444 25382 -0.063155250682 1.58986738368e-05 -29.6907571583 -11.5543630228
445 26081 -0.0632824904954 1.63642501422e-05 -29.6659628751 -11.5756610545
446 25562 -0.06341477799 1.620317554e-05 -29.6402430301 -11.5617221731
447 25466 -0.0635460098569 1.62992544882e-05 -29.6147866957 -11.5864504887
448 25125 -0.0636789146272 1.57647969032e-05 -29.5890648051 -11.5677606371
449 26170 -0.063804867375 1.653787407e-05 -29.5647429549 -11.5735205426
450 25202 -0.0639395110847 1.61807465348e-05 -29.5388013881 -11.5982535337
451 25165 -0.0640713438802 1.62056861828e-05 -29.5134598059 -11.5627098714
452 25064 -0.0642036441889 1.5888871574e-05 -29.4880862626 -11.6004660617
453 25780 -0.0643315460184 1.63938010387e-05 -29.4636112586 -11.5523254649
454 25192 -0.0644650437354 1.61031687429e-05 -29.438122882 -11.5501070431
455 25354 -0.0645957549827 1.60064628075e-05 -29.4132231806 -11.55283551
456 25768 -0.0647246314453 1.5704310764e-05 -29.3887277023 -11.5379128288
457 27005 -0.0648481454817 1.68203960951e-05 -29.3653022712 -11.5591141752
458 25272 -0.0649849001036 1.63537316174e-05 -29.339423484 -11.5809254401
459 24796 -0.0651191302894 1.60247108645e-05 -29.3140813109 -11.5512533962
460 25155 -0.0652497182413 1.58590092264e-05 -29.2894825897 -11.5495009502
461 25952 -0.0653769554823 1.62756401669e-05 -29.2655678083 -11.5688048524
462 25665 -0.0655082618172 1.62826937719e-05 -29.2409426552 -11.5776653044
463 25363 -0.0656404047731 1.6273694168e-05 -29.2162162383 -11.5545521552
464 25088 -0.0657731980191 1.59010358098e-05 -29.1914241796 -11.582480363
465 25772 -0.0659012155722 1.60451033471e-05 -29.1675767361 -11.5252826376
466 26091 -0.0660296027544 1.60336762058e-05 -29.143712532 -11.5485130199
467 26444 -0.0661570378603 1.66106725057e-05 -29.1200767235 -11.5567120826
468 25278 -0.0662920692432 1.57388062074e-05 -29.0950877347 -11.5298223785
469 26399 -0.0664172678036 1.6451234356e-05 -29.0719694773 -11.553784725
470 25647 -0.0665500394096 1.61573374533e-05 -29.0475063434 -11.5580841223
471 25670 -0.0666803795312 1.61500846326e-05 -29.023544612 -11.5151180922
472 25712 -0.0668105548545 1.63896758527e-05 -28.999665814 -11.5304283494
473 25136 -0.0669441673941 1.57341729053e-05 -28.9752110352 -11.5508131706
474 26263 -0.0670696525955 1.63330053654e-05 -28.9522939221 -11.5144936379
475 25822 -0.0672010208894 1.63032351221e-05 -28.9283542588 -11.524321145
476 25465 -0.0673330652121 1.59558196875e-05 -28.9043446953 -11.5570255797
477 26015 -0.0674609245117 1.64189448437e-05 -28.881146847 -11.538398094
478 25356 -0.0675941915382 1.62630754835e-05 -28.8570208389 -11.5320390371
479 25108 -0.0677268449836 1.6366712559e-05 -28.8330594397 -11.5325800414
480 24602 -0.067861708485 1.58739657859e-05 -28.8087534027 -11.5111570893
481 25343 -0.0679905869703 1.59021943355e-05 -28.7855772706 -11.5435995312
482 26031 -0.0681179756152 1.59133956844e-05 -28.7627181142 -11.5584207296
483 26708 -0.0682438296373 1.63423327796e-05 -28.740182083 -11.5272732051
484 26235 -0.0683742349944 1.5919275896e-05 -28.7168809734 -11.5155122805
485 26901 -0.0684996825188 1.66081593949e-05 -28.6945135229 -11.5241024009
486 25722 -0.0686335247095 1.5949773948e-05 -28.6707007944 -11.5112625403
487 26293 -0.0687606564276 1.60552166499e-05 -28.6481310519 -11.5399705547
488 26591 -0.068887910654 1.6177795323e-05 -28.625587299 -11.5145377679
489 26560 -0.0690162114603 1.6362823852e-05 -28.6029063412 -11.5255083471
490 26035 -0.0691472797426 1.63941483014e-05 -28.5797859706 -11.5505557159
491 25440 -0.0692801272322 1.60111968434e-05 -28.5564029676 -11.5194653053
492 25843 -0.069408854656 1.56855362664e-05 -28.5337941871 -11.5587778144
493 27136 -0.0695319244328 1.64445315052e-05 -28.5122240622 -11.5451086866
494 26381 -0.069662782783 1.66618084228e-05 -28.4893369429 -11.5114099266
495 25088 -0.069798743476 1.51595169651e-05 -28.4656097598 -11.5171746942
496 27791 -0.0699162751935 1.68408512008e-05 -28.4451415586 -11.4923860873
497 25953 -0.0700513860002 1.56192734691e-05 -28.4216608905 -11.489757313
498 27435 -0.0701732647913 1.66235165547e-05 -28.4005245618 -11.5035038347
499 26192 -0.0703060238814 1.59889751758e-05 -28.377549532 -11.505629236
500 26667 -0.0704325710048 1.60908629708e-05 -28.3556961482 -11.5129683514
501 26872 -0.0705594395614 1.64215317565e-05 -28.3338327867 -11.5329226596
502 26185 -0.0706906021619 1.64052245004e-05 -28.3112772105 -11.4790250522
503 25558 -0.0708232325703 1.59300488535e-05 -28.2885184612 -11.487706671
504 26178 -0.0709504863023 1.61188603902e-05 -28.2667287232 -11.5273481564
505 26304 -0.071078939477 1.59296868948e-05 -28.2447795447 -11.4900966164
506 26943 -0.0712043705721 1.63696932146e-05 -28.2233911631 -11.5099213013
507 26392 -0.0713346039329 1.63001976844e-05 -28.2012301903 -11.4814490416
508 26036 -0.0714651701113 1.55948663518e-05 -28.1790597755 -11.497532386
509 27591 -0.0715865137069 1.60414827038e-05 -28.1584976091 -11.5136257152
510 27942 -0.0717105458343 1.68549237088e-05 -28.137521785 -11.4741204215
511 26057 -0.071845499889 1.6377015601e-05 -28.1147468893 -11.5099227902
512 25506 -0.0719780373086 1.56867315469e-05 -28.0924283651 -11.5272147761
513 26778 -0.0721019344164 1.6557321443e-05 -28.0716081834 -11.5030465908
514 25736 -0.0722353287726 1.58350920047e-05 -28.0492387453 -11.5151572719
515 26616 -0.0723607794289 1.65323266975e-05 -28.0282454692 -11.4897873722
516 25646 -0.0724942079553 1.58855456238e-05 -28.0059638668 -11.5154688304
517 26387 -0.0726206023655 1.58827269872e-05 -27.9849011886 -11.4985660134
518 27157 -0.0727451694949 1.64398162963e-05 -27.9641850344 -11.4739007787
519 26414 -0.0728759084705 1.60312580258e-05 -27.9424872027 -11.5008935668
520 26778 -0.0730025273757 1.6048085593e-05 -27.9215166899 -11.5050628175
521 27101 -0.073128522316 1.61455921473e-05 -27.9006919162 -11.4977689248
522 27158 -0.073255150134 1.62170931092e-05 -27.8798050251 -11.4758870899
523 27018 -0.0733826669131 1.67883623382e-05 -27.8588144166 -11.5043406084
524 25366 -0.0735189068685 1.53556521318e-05 -27.8364353197 -11.4974284037
525 27543 -0.0736384931294 1.62523173959e-05 -27.8168320648 -11.4856124939
526 27303 -0.0737656175265 1.6739577805e-05 -27.7960342723 -11.4763534282
527 25761 -0.0739004169991 1.6147983348e-05 -27.7740270173 -11.4858858652
528 25809 -0.07403033144 1.55737571055e-05 -27.7528621456 -11.4986609501
529 27410 -0.0741519119996 1.60560512781e-05 -27.7330947426 -11.4978742824
530 27718 -0.0742765581126 1.62111260729e-05 -27.7128687159 -11.5233957919
531 27592 -0.0744026955461 1.63670427648e-05 -27.6924415941 -11.4801208091
532 27035 -0.0745313500324 1.57364299187e-05 -27.6716491081 -11.4773213655
533 28241 -0.0746523790475 1.68069401885e-05 -27.6521278529 -11.4895626485
534 26464 -0.0747859094983 1.6388069806e-05 -27.6306337509 -11.4667389445
535 25875 -0.074917586362 1.56671067605e-05 -27.609482635 -11.4317228965
536 27220 -0.0750403205148 1.63269415568e-05 -27.5898077526 -11.4954240663
537 26780 -0.0751692712542 1.62279575509e-05 -27.5691775409 -11.4958576863
538 26613 -0.0752978417003 1.59614456416e-05 -27.5486500983 -11.4804072879
539 27172 -0.0754229927168 1.61390363902e-05 -27.5287086907 -11.4632624926
540 27247 -0.0755493615985 1.64020196237e-05 -27.5086132433 -11.4495551731
541 26603 -0.0756793350398 1.53506337663e-05 -27.4879864119 -11.4240896508
542 28901 -0.0757960399483 1.69467160551e-05 -27.4695013333 -11.4497013779
543 26702 -0.0759300808765 1.57950194821e-05 -27.4483123184 -11.4628799606
544 27727 -0.0760526799723 1.67658085978e-05 -27.4289711663 -11.4811041331
545 26091 -0.0761868326534 1.53201582262e-05 -27.407850061 -11.4586693516
546 28433 -0.0763042608779 1.64092138406e-05 -27.3893986145 -11.4680887103
547 27741 -0.0764315969672 1.64632899959e-05 -27.3694287947 -11.4340032743
548 26917 -0.0765612914519 1.60756000898e-05 -27.3491301151 -11.4331234288
549 27166 -0.076687352012 1.60686609129e-05 -27.3294397258 -11.4541510439
550 27436 -0.0768127351883 1.60815315653e-05 -27.3098936939 -11.4667084907
551 27673 -0.0769376814024 1.60690069419e-05 -27.2904539174 -11.4592871993
552 27947 -0.0770619155466 1.62491443792e-05 -27.2711625666 -11.4810241178
553 27713 -0.0771880728016 1.69377745384e-05 -27.2516108878 -11.4677278436
554 25627 -0.0773248224063 1.55827357428e-05 -27.2304610803 -11.4367486724
555 27191 -0.0774469600021 1.64556872502e-05 -27.2116092884 -11.4501212423
556 26404 -0.0775778486407 1.56382448617e-05 -27.1914465819 -11.4532280517
557 27858 -0.0776989455264 1.65375718064e-05 -27.1728288089 -11.4656553245
558 26828 -0.0778294418781 1.62948782102e-05 -27.1528051644 -11.4386470799
559 26480 -0.0779588655647 1.56394649438e-05 -27.13298619 -11.4610202445
560 27935 -0.078079805479 1.66292382701e-05 -27.114502327 -11.4630889499
561 26653 -0.0782114545612 1.58841270022e-05 -27.0944211168 -11.4455980063
562 27427 -0.078335418272 1.61672474168e-05 -27.0755496289 -11.4778169046
563 27424 -0.0784615986733 1.62876250674e-05 -27.0563778599 -11.4349173743
564 27088 -0.0785895042228 1.61178851484e-05 -27.0369821407 -11.4685018542
565 27221 -0.0787157674354 1.6144991709e-05 -27.0178730489 -11.429993367
566 27280 -0.0788421072868 1.63462568073e-05 -26.9987896249 -11.4224897462
567 26786 -0.0789711949177 1.58125119734e-05 -26.9793295457 -11.4622999483
568 27765 -0.0790938461105 1.6647317108e-05 -26.960875615 -11.4164731814
569 26443 -0.0792261623794 1.58469715857e-05 -26.941006548 -11.4284315405
570 27314 -0.0793500921913 1.58282552717e-05 -26.9224334817 -11.4319658774
571 28267 -0.079471770307 1.64627875632e-05 -26.9042322754 -11.4171780588
572 27429 -0.0796002452361 1.59777090873e-05 -26.8850512627 -11.4232521841
573 27959 -0.079723748132 1.64957709744e-05 -26.8666481887 -11.4204778987
574 27040 -0.0798534042396 1.60719149735e-05 -26.8473656982 -11.4544453766
575 27300 -0.0799791254143 1.61421152865e-05 -26.8287049586 -11.4347734281
576 27367 -0.0801052414501 1.61313308512e-05 -26.8100216607 -11.4372424916
577 27464 -0.0802310499975 1.60681068577e-05 -26.7914197896 -11.4215020464
578 27739 -0.0803557432733 1.61393974393e-05 -26.7730180775 -11.4044169344
579 27814 -0.0804808190522 1.60048151708e-05 -26.7545950803 -11.4624971097
580 28273 -0.0806038414248 1.66047907807e-05 -26.7365087985 -11.4571257071
581 27043 -0.0807343469928 1.58056890436e-05 -26.7173594004 -11.3860954102
582 28051 -0.080856319049 1.60631213419e-05 -26.6994965191 -11.4578783351
583 28346 -0.0809796312654 1.68963295263e-05 -26.6814710384 -11.4451419078
584 26323 -0.0811142314806 1.54318238708e-05 -26.6618340388 -11.4331230807
585 28362 -0.0812326641523 1.60270196579e-05 -26.6445889141 -11.4050341444
586 28765 -0.0813547988205 1.6258767689e-05 -26.6268371701 -11.4349232181
587 28496 -0.0814792837468 1.65461183706e-05 -26.6087776237 -11.4085303184
588 27419 -0.08160843361 1.55770905878e-05 -26.5900772773 -11.4234354007
589 29109 -0.0817264359071 1.66541393391e-05 -26.5730229811 -11.4471270111
590 27703 -0.0818557591469 1.58937461309e-05 -26.5543674459 -11.4220307791
591 28480 -0.0819774839985 1.63163165653e-05 -26.536841291 -11.3965099506
592 28049 -0.0821034000674 1.62958064873e-05 -26.5187455363 -11.4101874605
593 27683 -0.0822299886135 1.59105677843e-05 -26.5005877511 -11.371150127
594 28411 -0.0823519904621 1.61359089983e-05 -26.483120631 -11.4218407522
595 28498 -0.0824755296112 1.62442309966e-05 -26.4654660829 -11.425967003
596 28273 -0.0826003924067 1.64016531686e-05 -26.4476556902 -11.4202091965
597 27606 -0.0827279805282 1.58514772168e-05 -26.4294910579 -11.3885476042
598 28502 -0.0828493340101 1.65196380046e-05 -26.412246317 -11.4060733068
599 27498 -0.082978090632 1.59188943012e-05 -26.3939838695 -11.396604562
600 28197 -0.0831006180415 1.62138526577e-05 -26.3766376639 -11.4182058534
601 28061 -0.0832257178352 1.58266276035e-05 -26.3589601059 -11.4378225758
602 29045 -0.0833457431889 1.65987578374e-05 -26.3420306925 -11.3842363257
603 27798 -0.0834744165527 1.63348101194e-05 -26.3239152105 -11.4061314513
604 27326 -0.0836021320764 1.5828649972e-05 -26.3059689907 -11.4125838106
605 28279 -0.0837237889443 1.65574791662e-05 -26.2889059103 -11.4231935576
606 27179 -0.0838535971389 1.55403825324e-05 -26.2707336748 -11.4272550414
607 28963 -0.0839716195394 1.63938767724e-05 -26.2542418558 -11.3905475819
608 28302 -0.0840975692568 1.59097887851e-05 -26.2366742588 -11.3913412506
609 29048 -0.0842182188837 1.61561385419e-05 -26.2198767709 -11.3947962587
610 29078 -0.0843406747642 1.61053000962e-05 -26.2028585897 -11.4238716175
611 29258 -0.0844623680071 1.67166170251e-05 -26.1859770371 -11.3711116657
612 27669 -0.0845922561498 1.61573101914e-05 -26.1679922803 -11.3838521809
613 27694 -0.0847177430359 1.58016206558e-05 -26.1506498082 -11.3961106286
614 28738 -0.0848382170537 1.65690360144e-05 -26.1340304348 -11.3762859049
615 27587 -0.0849671498322 1.60695388709e-05 -26.1162769839 -11.3935395246
616 27859 -0.0850915849481 1.61696456886e-05 -26.0991749201 -11.4010258643
617 27849 -0.0852168170179 1.58633512848e-05 -26.0819950521 -11.4014709173
618 28718 -0.0853378033328 1.62174424661e-05 -26.0654277826 -11.4016369356
619 28569 -0.0854618131832 1.61259124497e-05 -26.0484771517 -11.3738467786
620 28686 -0.0855848714863 1.61764436299e-05 -26.0316871934 -11.4157560644
621 28656 -0.0857083796467 1.65033498193e-05 -26.0148664334 -11.3851641604
622 27693 -0.0858365573197 1.57228170343e-05 -25.9974420301 -11.4081029152
623 28968 -0.085955953789 1.63386554574e-05 -25.9812408604 -11.3986394858
624 28466 -0.086081117413 1.63269658247e-05 -25.9642876224 -11.3863813794
625 28005 -0.0862072147325 1.62042320127e-05 -25.9472393923 -11.3495305871
626 27897 -0.0863326069337 1.62040951266e-05 -25.9303177375 -11.3719831888
627 27790 -0.0864582396873 1.60674898813e-05 -25.9133947828 -11.3650257826
628 28070 -0.0865821907863 1.58668830591e-05 -25.8967288376 -11.3832588462
629 28936 -0.0867027483357 1.62157179571e-05 -25.8805481485 -11.3538314384
630 28791 -0.0868262662226 1.62346260973e-05 -25.8639996917 -11.3577624696
631 28592 -0.086950358114 1.59428306777e-05 -25.8474043762 -11.3867242109
632 29248 -0.0870708455701 1.61801923591e-05 -25.8313198361 -11.3576162874
633 29206 -0.0871932129871 1.67861749741e-05 -25.8150132366 -11.3676574096
634 27426 -0.0873242187239 1.49468851493e-05 -25.7975877032 -11.3705656064
635 31046 -0.0874338579872 1.65512943449e-05 -25.7830297309 -11.3609018486
636 29857 -0.0875576614737 1.64957430345e-05 -25.7666189189 -11.3668951655
637 28875 -0.0876831284298 1.57467778217e-05 -25.7500177155 -11.3754763812
638 30131 -0.0878003764393 1.71307687371e-05 -25.7345313322 -11.3528567696
639 27324 -0.087934322321 1.56406005261e-05 -25.7168716801 -11.3728195347
640 28822 -0.0880533952687 1.59013090782e-05 -25.7012016801 -11.3658357783
641 29607 -0.0881728364183 1.62301160647e-05 -25.685510367 -11.3345415823
642 29416 -0.0882951443303 1.6480473237e-05 -25.6694705387 -11.3584802794
643 28493 -0.0884213335316 1.54703229763e-05 -25.6529514301 -11.3529263576
644 30580 -0.088535674702 1.63031835862e-05 -25.6380093203 -11.3853012321
645 30158 -0.0886570117494 1.63061323036e-05 -25.622179958 -11.3730670561
646 29733 -0.0887792351577 1.61443662541e-05 -25.6062629675 -11.3836119916
647 29799 -0.0889001118109 1.6346183897e-05 -25.5905489364 -11.3572557511
648 29260 -0.0890236218972 1.60577054629e-05 -25.5745208082 -11.3275204629
649 29584 -0.0891442857803 1.64668431683e-05 -25.5588895425 -11.3446881373
650 28695 -0.0892699252465 1.58188553917e-05 -25.5426425357 -11.3824810016
651 29725 -0.0893885121415 1.66067074026e-05 -25.5273344285 -11.3373648829
652 28426 -0.0895158174106 1.57373038844e-05 -25.510929886 -11.3156501044
653 29691 -0.0896338598598 1.61113047151e-05 -25.4957457114 -11.3678430589
654 29857 -0.0897543719265 1.65247939581e-05 -25.4802703602 -11.3356622231
655 28790 -0.089880245109 1.59116593273e-05 -25.4641350835 -11.3530868246
656 29543 -0.0899998932671 1.6360819339e-05 -25.4488247122 -11.3808796533
657 28965 -0.0901241405759 1.61351009605e-05 -25.4329535448 -11.3284057651
658 29056 -0.0902464814403 1.60454813666e-05 -25.4173534287 -11.3627696852
659 29414 -0.0903674009503 1.62015377101e-05 -25.4019613244 -11.3462159855
660 29309 -0.0904897159425 1.59250834752e-05 -25.3864185937 -11.3643396206
661 30035 -0.0906084809743 1.66586123099e-05 -25.3713528878 -11.3239524799
662 28572 -0.0907358581164 1.58131116072e-05 -25.3552230279 -11.3339772553
663 29615 -0.0908546221893 1.57603574179e-05 -25.3402101843 -11.3514461234
664 30861 -0.0909705758747 1.61944619063e-05 -25.3255770584 -11.3579908456
665 30773 -0.0910898939192 1.66790869557e-05 -25.3105445241 -11.3559977364
666 29213 -0.0912160199115 1.61121926639e-05 -25.2946819607 -11.3476231832
667 29373 -0.0913375260924 1.64968088401e-05 -25.2794272604 -11.351716244
668 28404 -0.0914640375388 1.56836314048e-05 -25.2635720833 -11.3225815779
669 29830 -0.0915814024693 1.62631877829e-05 -25.2488886059 -11.322142953
670 29538 -0.09170370565 1.61710315867e-05 -25.2336132563 -11.3372973116
671 29523 -0.0918253454047 1.64158944644e-05 -25.2184469716 -11.338940578
672 28785 -0.0919504019739 1.56005184438e-05 -25.202881848 -11.329851736
673 30487 -0.0920658809744 1.64132018128e-05 -25.1885332011 -11.3553784476
674 29732 -0.0921889075303 1.59490909338e-05 -25.1732724651 -11.3319786425
675 30394 -0.0923071464802 1.63153210992e-05 -25.1586305482 -11.3419569494
676 29938 -0.0924290198432 1.61991594557e-05 -25.1435640945 -11.3498044767
677 29838 -0.0925502272584 1.61402772221e-05 -25.1286056036 -11.3504560169
678 29917 -0.0926708354545 1.6307594226e-05 -25.1137463772 -11.341712537
679 29491 -0.0927935702702 1.63842273945e-05 -25.0986510045 -11.3532999109
680 28846 -0.0929182529147 1.55938421189e-05 -25.0833427067 -11.30093038
681 30572 -0.0930335212597 1.6400999362e-05 -25.0692141069 -11.3172927004
682 29852 -0.0931562093915 1.62339935205e-05 -25.0542011431 -11.3118578981
683 29647 -0.0932780674357 1.61262972594e-05 -25.0393153019 -11.3088538349
684 29767 -0.0933988729916 1.63471548257e-05 -25.0245830995 -11.3455940983
685 29225 -0.0935224628735 1.64026019941e-05 -25.0095371159 -11.3322120516
686 28532 -0.0936479690067 1.5625038652e-05 -24.9942844483 -11.334756093
687 30144 -0.0937642860454 1.62511075128e-05 -24.9801724006 -11.3677345529
688 29885 -0.0938857857163 1.57847461616e-05 -24.9654560421 -11.3431180451
689 31065 -0.0940015363434 1.62764214944e-05 -24.9514592208 -11.311976854
690 30719 -0.0941215618303 1.67375736484e-05 -24.9369693219 -11.3206668823
691 28989 -0.0942486174045 1.55227303268e-05 -24.9216571168 -11.3093749988
692 30947 -0.0943626637042 1.64120262578e-05 -24.9079357939 -11.3058943918
693 30185 -0.0944847564719 1.60886515959e-05 -24.8932704903 -11.3205310069
694 30423 -0.0946039731632 1.66313414049e-05 -24.8789746587 -11.3260231842
695 29021 -0.0947301537026 1.62541450314e-05 -24.8638695378 -11.3042142365
696 28763 -0.0948540240736 1.60919227164e-05 -24.8490666905 -11.3184717934
697 28981 -0.0949761972726 1.60710868636e-05 -24.8344915611 -11.2988940027
698 29262 -0.0950976240479 1.58468887193e-05 -24.8200299224 -11.298326804
699 30226 -0.0952154321207 1.59961735939e-05 -24.8060224961 -11.2903502546
700 30752 -0.0953333284912 1.64073393812e-05 -24.7920274243 -11.328296955
701 30009 -0.0954557436704 1.6320961036e-05 -24.7775200754 -11.3035960424
702 29541 -0.0955784738289 1.58032754499e-05 -24.7630000228 -11.310423406
703 30650 -0.0956951428681 1.62523787052e-05 -24.7492198581 -11.3497849561
704 30383 -0.0958156526434 1.59822690617e-05 -24.7350093321 -11.3097535557
705 30955 -0.0959330589039 1.68327346829e-05 -24.721187471 -11.2925748281
706 28932 -0.0960609642663 1.54122006685e-05 -24.706155019 -11.300030646
707 31235 -0.0961736746392 1.62195794574e-05 -24.6929303342 -11.3211753185
708 31066 -0.0962926115979 1.61861008102e-05 -24.6789972909 -11.3060875713
709 31003 -0.0964114235015 1.68149248284e-05 -24.6651016333 -11.3147529322
710 29029 -0.0965389793932 1.57011693691e-05 -24.6502085548 -11.2711936785
711 30432 -0.0966553074392 1.62515866015e-05 -24.6366491343 -11.2817284424
712 30169 -0.0967762373275 1.69089814207e-05 -24.6225762412 -11.3175091801
713 27980 -0.0969068889301 1.51235772303e-05 -24.6073982113 -11.3099780817
714 31108 -0.0970177140889 1.65494885915e-05 -24.5945447365 -11.2866742844
715 29922 -0.0971413693257 1.61444739904e-05 -24.5802262346 -11.339347431
716 29988 -0.0972618650829 1.60188587617e-05 -24.5662968649 -11.2974815799
717 30440 -0.0973805327891 1.61215796075e-05 -24.5526012277 -11.3234288769
718 30578 -0.0974996909883 1.59008924437e-05 -24.5388713047 -11.3134352951
719 31413 -0.0976156463746 1.64860558276e-05 -24.525531849 -11.2859536649
720 30410 -0.0977378345868 1.59578078866e-05 -24.5114981858 -11.3032419822
721 31060 -0.0978548636955 1.61517820835e-05 -24.4980789586 -11.2815723023
722 31105 -0.0979732288641 1.6377219893e-05 -24.4845282742 -11.263822895
723 30446 -0.0980945385649 1.56254404749e-05 -24.47066313 -11.3106402691
724 32165 -0.0982071452984 1.63031177469e-05 -24.4578131553 -11.3286003075
725 31721 -0.0983254541343 1.68193615037e-05 -24.4443336639 -11.3094272739
726 29688 -0.0984516197997 1.58421151338e-05 -24.4299828538 -11.2825909619
727 30681 -0.0985685160179 1.61386334195e-05 -24.4167083197 -11.282788519
728 30767 -0.0986874337084 1.62286693328e-05 -24.4032258095 -11.308529822
729 30573 -0.0988073942978 1.59732872046e-05 -24.3896470585 -11.283355086
730 31177 -0.098924316075 1.61638585483e-05 -24.3764334951 -11.2970564024
731 31184 -0.0990426197351 1.64998448248e-05 -24.3630850276 -11.2892643836
732 30146 -0.0991654441863 1.63389827927e-05 -24.3492490483 -11.2960279388
733 29622 -0.0992881424589 1.59216654492e-05 -24.3354501956 -11.2830249713
734 30366 -0.0994062325108 1.62136322929e-05 -24.3221911669 -11.28177305
735 30220 -0.0995267787024 1.60181094229e-05 -24.308678142 -11.3173507489
736 30678 -0.0996449799976 1.58207652366e-05 -24.2954492895 -11.257612847
737 31773 -0.0997596951657 1.60914445045e-05 -24.2826307308 -11.2862059856
738 32015 -0.0998759311184 1.66106080586e-05 -24.2696624183 -11.2980842605
739 30604 -0.0999986519904 1.61352762983e-05 -24.2559925874 -11.2621025724
740 30700 -0.100117674142 1.66669748378e-05 -24.2427562881 -11.2969316267
741 29180 -0.100243780851 1.55724348443e-05 -24.228755203 -11.2762359082
742 30994 -0.1003581058 1.60623427875e-05 -24.2160826699 -11.2852034353
743 31322 -0.100475407215 1.61591626962e-05 -24.2031003966 -11.2980063943
744 31344 -0.100593374326 1.59351503833e-05 -24.1900650262 -11.2683575253
745 32088 -0.100708350616 1.66149068587e-05 -24.1773799552 -11.2703756479
746 30660 -0.100830990261 1.62682653934e-05 -24.1638709125 -11.2651276209
747 30344 -0.100951695392 1.61985962808e-05 -24.1505965911 -11.2516361951
748 30244 -0.101072081579 1.58664177178e-05 -24.137378668 -11.2551423037
749 31178 -0.101188219221 1.63112430094e-05 -24.1246473527 -11.2727559916
750 30722 -0.10130849556 1.65491534938e-05 -24.1114831371 -11.2769831093
751 29551 -0.101432920559 1.56685975923e-05 -24.0978870663 -11.2676804927
752 31082 -0.101547787153 1.62764366342e-05 -24.0853554624 -11.2547929833
753 30736 -0.101667780015 1.58771006354e-05 -24.0722850648 -11.2816602859
754 31651 -0.101783124503 1.63830831135e-05 -24.0597406682 -11.2582130143
755 30962 -0.101903462147 1.60014590199e-05 -24.0466737412 -11.2811204167
756 31484 -0.102020018582 1.62964444813e-05 -24.0340373164 -11.2689126205
757 31071 -0.102139510686 1.57860958649e-05 -24.0211029224 -11.2616043293
758 32293 -0.102253048172 1.66045928677e-05 -24.0088320841 -11.2675305708
759 30888 -0.10237515818 1.56831457152e-05 -23.9956553666 -11.2212884266
760 32441 -0.102487698731 1.67176916731e-05 -23.9835301544 -11.2454559622
761 30676 -0.102611064958 1.53707937915e-05 -23.9702593331 -11.2515012733
762 33258 -0.102720000735 1.667511452e-05 -23.9585588427 -11.2504840298
763 31585 -0.102841269946 1.59909217967e-05 -23.9455534761 -11.2578214873
764 32152 -0.102956533485 1.64099458812e-05 -23.9332114979 -11.2766771645
765 31367 -0.103076288677 1.62176813735e-05 -23.9204084677 -11.2514023037
766 31203 -0.103194949798 1.58102621706e-05 -23.9077423597 -11.2633849543
767 32351 -0.103308559681 1.63220856585e-05 -23.895634002 -11.2359408219
768 31843 -0.103426778849 1.60401928843e-05 -23.8830536399 -11.2434078586
769 32253 -0.103542216525 1.62349636115e-05 -23.8707881713 -11.2360565602
770 32029 -0.103659463915 1.62021233077e-05 -23.8583494907 -11.245742011
771 31912 -0.103776687135 1.63331137417e-05 -23.8459325478 -11.2269293114
772 31376 -0.103895863733 1.61727120944e-05 -23.8333283015 -11.247837259
773 31355 -0.104013909236 1.6140066543e-05 -23.8208631284 -11.2225903414
774 31438 -0.10413156087 1.57499364458e-05 -23.8084587612 -11.2154421557
775 32795 -0.104243968506 1.61578859731e-05 -23.7966251646 -11.2543985445
776 32823 -0.104359239335 1.63421835666e-05 -23.7845082543 -11.2226041738
777 32242 -0.104476869777 1.63945847786e-05 -23.7721621686 -11.241024508
778 31503 -0.104596252734 1.59034850523e-05 -23.7596515805 -11.2508956053
779 32354 -0.104710526748 1.62770865154e-05 -23.7476946774 -11.2592362029
780 31992 -0.104828145768 1.6070533928e-05 -23.7354064264 -11.2444032888
781 32304 -0.104943709969 1.62324693171e-05 -23.7233512407 -11.2023901556
782 32087 -0.105060831951 1.65198542975e-05 -23.7111521092 -11.2359199832
783 30956 -0.105182185682 1.64173502316e-05 -23.6985318698 -11.2216467074
784 30177 -0.105304333273 1.57634581872e-05 -23.6858492331 -11.2543751867
785 31436 -0.105419242853 1.62122595384e-05 -23.673936545 -11.2285152242
786 31289 -0.105537701463 1.57027149923e-05 -23.6616745831 -11.2469790777
787 32797 -0.105649769427 1.63788789966e-05 -23.6500915294 -11.2630658393
788 32097 -0.105767930414 1.61772500106e-05 -23.6378969949 -11.2337027606
789 32061 -0.105884702179 1.62828727579e-05 -23.6258642241 -11.2048832978
790 31684 -0.106002934125 1.56794239985e-05 -23.6136995757 -11.2432972195
791 33289 -0.106114004625 1.64770864521e-05 -23.602288755 -11.243418141
792 32255 -0.106232581442 1.61736146156e-05 -23.590124911 -11.2468451133
793 32231 -0.1063490192 1.59709613402e-05 -23.5781986836 -11.1917798113
794 32876 -0.106462863956 1.63517460027e-05 -23.5665554333 -11.2265976775
795 32263 -0.106580525364 1.58656714186e-05 -23.5545398684 -11.215428125
796 33262 -0.106692960839 1.66966367774e-05 -23.5430750592 -11.223231408
797 31520 -0.106814511803 1.62660187539e-05 -23.5306995033 -11.2302678132
798 31202 -0.106933528867 1.58846948817e-05 -23.5186007581 -11.2049887642
799 32106 -0.107048107715 1.65231847897e-05 -23.506970741 -11.2049582164
800 30964 -0.107169470482 1.62040628462e-05 -23.4946708845 -11.2140305086
801 30845 -0.107288718597 1.58955078301e-05 -23.4826040842 -11.210434362
802 31704 -0.107404100382 1.60347195151e-05 -23.4709461643 -11.2370393336
803 32130 -0.107519719239 1.60226315464e-05 -23.4592816597 -11.2365346571
804 32601 -0.107634412096 1.59762079456e-05 -23.4477277185 -11.2221877116
805 33236 -0.107747676324 1.64452812383e-05 -23.4363344144 -11.2352679388
806 32308 -0.107865927724 1.62444465068e-05 -23.4244571387 -11.2097600102
807 32052 -0.107983200098 1.57853090405e-05 -23.4126960066 -11.2162805091
808 33316 -0.10809497655 1.62425803088e-05 -23.4015025282 -11.2006551926
809 33059 -0.108210437019 1.64372201291e-05 -23.3899569717 -11.2142057192
810 32162 -0.108328898009 1.59484990238e-05 -23.3781291299 -11.2323819362
811 32880 -0.108442574834 1.64722489907e-05 -23.3667958382 -11.2366591347
812 31875 -0.108561822589 1.5857434921e-05 -23.3549248585 -11.2215163069
813 32890 -0.108674834307 1.6691932892e-05 -23.3436913788 -11.2037991817
814 31182 -0.108797007164 1.56374660196e-05 -23.3315655243 -11.2010490903
815 32902 -0.108908430724 1.59990948661e-05 -23.3205230535 -11.235266136
816 33465 -0.109021468428 1.62101084118e-05 -23.3093366643 -11.23302717
817 33316 -0.109136252027 1.69211302661e-05 -23.2979940051 -11.1911100002
818 30861 -0.109260745934 1.51587653388e-05 -23.2857105576 -11.2358701572
819 34188 -0.109366706665 1.66981234462e-05 -23.2752710724 -11.2102389897
820 32392 -0.109486619905 1.5810800704e-05 -23.263473943 -11.2206070838
821 33582 -0.109598132026 1.64798722976e-05 -23.2525194727 -11.2006490425
822 32530 -0.109716227065 1.62878190781e-05 -23.2409352607 -11.208869036
823 32131 -0.109833668731 1.57337132839e-05 -23.22943238 -11.2190158881
824 33573 -0.109944651523 1.64424298245e-05 -23.2185778838 -11.2134323485
825 32645 -0.110062270525 1.65014089511e-05 -23.2070910314 -11.2124224755
826 31554 -0.110182335965 1.60588421377e-05 -23.1953829302 -11.1981253712
827 31900 -0.110298545842 1.57842724881e-05 -23.1840677703 -11.2064012659
828 33161 -0.110410575022 1.65608362267e-05 -23.1731754463 -11.2026640297
829 31860 -0.110530492445 1.55569586747e-05 -23.1615332847 -11.1908272817
830 33894 -0.110639708698 1.58063715823e-05 -23.1509454126 -11.2066440764
831 35155 -0.110748666962 1.67232935168e-05 -23.1403971201 -11.1623056091
832 33224 -0.110867248934 1.60656761008e-05 -23.1289336556 -11.2188525042
833 33565 -0.110980588016 1.61729510716e-05 -23.1179930715 -11.1721717411
834 33542 -0.111094722425 1.60851526691e-05 -23.1069915282 -11.2086533663
835 33819 -0.111207771394 1.65808537932e-05 -23.0961102227 -11.2049132927
836 32426 -0.111326780742 1.60892071502e-05 -23.0846719645 -11.1822779417
837 32680 -0.111441811294 1.61367500971e-05 -23.0736324131 -11.184020881
838 32778 -0.111557010109 1.56612981579e-05 -23.0625927335 -11.182646307
839 34502 -0.111665984675 1.60928618101e-05 -23.0521642593 -11.17265278
840 34760 -0.111777546842 1.62510954823e-05 -23.0415029621 -11.1782054712
841 34462 -0.111890691765 1.62589682524e-05 -23.0307056751 -11.1916343333
842 34139 -0.112004425288 1.67180179525e-05 -23.0198676792 -11.2137730185
843 32281 -0.112124688739 1.56960646831e-05 -23.0084242537 -11.1949556835
844 33859 -0.112234937349 1.60309106351e-05 -22.9979489339 -11.1920711135
845 34327 -0.112346768169 1.64931010574e-05 -22.987338068 -11.1791573657
846 33207 -0.112463746867 1.6160307259e-05 -22.9762546607 -11.1917568012
847 33227 -0.112578331622 1.58464325467e-05 -22.9654138079 -11.1944276229
848 34323 -0.112688881668 1.62832935144e-05 -22.9549694081 -11.1843134924
849 33917 -0.11280315667 1.61010252759e-05 -22.9441882609 -11.1667535222
850 34142 -0.112915780559 1.64126901923e-05 -22.9335779487 -11.226428317
851 33299 -0.113032028944 1.60791843372e-05 -22.9226418223 -11.1596971252
852 33594 -0.113145413206 1.62256432329e-05 -22.9119904239 -11.2035879778
853 33392 -0.113260176406 1.61707912899e-05 -22.9012248255 -11.1824922819
854 33376 -0.113374578274 1.63683964692e-05 -22.8905084498 -11.1805961833
855 32698 -0.113491572685 1.58327220978e-05 -22.8795650169 -11.1691319984
856 33824 -0.113602839484 1.61376163618e-05 -22.8691721214 -11.1684386802
857 33922 -0.113716084464 1.57838622481e-05 -22.8586092268 -11.2060603135
858 35264 -0.113824718381 1.6261429258e-05 -22.8484904056 -11.1945818317
859 34925 -0.113937182216 1.65551827791e-05 -22.8380292336 -11.1615306952
860 33574 -0.114053958628 1.64571091493e-05 -22.8271823761 -11.1835116624
861 32598 -0.114171768541 1.57593384222e-05 -22.8162554511 -11.1892335759
862 33973 -0.114282276711 1.60297814703e-05 -22.80602028 -11.1876118582
863 34446 -0.114393905482 1.62271085965e-05 -22.795695555 -11.1941308287
864 34234 -0.114507259159 1.65918660972e-05 -22.7852259021 -11.1735951771
865 32787 -0.114625689624 1.61743275154e-05 -22.7743030387 -11.183090541
866 32760 -0.11474118813 1.56739029513e-05 -22.7636660072 -11.1635732939
867 34439 -0.114850350258 1.63109455474e-05 -22.7536265008 -11.1669883282
868 33937 -0.114964786765 1.60075649877e-05 -22.7431164581 -11.1624252723
869 34488 -0.115076194238 1.61075841531e-05 -22.7328988778 -11.1756807777
870 34694 -0.115187964598 1.667240891e-05 -22.7226621362 -11.1606646016
871 32958 -0.115306662049 1.61847681434e-05 -22.7118064153 -11.1888059163
872 32896 -0.115421995975 1.57597125176e-05 -22.7012735299 -11.1610822181
873 34282 -0.11553200717 1.63420207803e-05 -22.6912406917 -11.1899656561
874 33676 -0.115647105197 1.61126430396e-05 -22.6807584915 -11.1890017703
875 33859 -0.115760279613 1.58275989977e-05 -22.6704659559 -11.1896105306
876 35043 -0.115869558329 1.66871186444e-05 -22.660541307 -11.1656328984
877 33240 -0.115987855611 1.598850524e-05 -22.6498126224 -11.1623052481
878 33845 -0.116100182305 1.61978171582e-05 -22.6396398567 -11.1619425157
879 33736 -0.116214162071 1.60828867519e-05 -22.6293317223 -11.1273928961
880 34022 -0.116326856687 1.59711742446e-05 -22.6191539879 -11.1324912427
881 34702 -0.116437667077 1.62573280502e-05 -22.6091601373 -11.1547134118
882 34382 -0.116550985763 1.65020838804e-05 -22.5989541028 -11.1943025081
883 33230 -0.116667987796 1.55640269874e-05 -22.5884311915 -11.1561822099
884 35326 -0.116775016021 1.6286480992e-05 -22.5788185022 -11.1425198892
885 34897 -0.11688769732 1.6214168261e-05 -22.5687116859 -11.1579992895
886 34727 -0.117000152485 1.61394356886e-05 -22.5586390351 -11.1427012919
887 34821 -0.11711193834 1.63011544144e-05 -22.5486400525 -11.1486575667
888 34347 -0.117225620624 1.63965045351e-05 -22.5384854385 -11.1436670855
889 33554 -0.117341312282 1.59255715764e-05 -22.5281658031 -11.1658333561
890 34383 -0.117452316891 1.60932972791e-05 -22.51827794 -11.1668505369
891 34638 -0.117564077444 1.58453630026e-05 -22.5083362578 -11.1644720144
892 35785 -0.11767233923 1.60819816134e-05 -22.4987187174 -11.1247112924
893 36092 -0.117781748736 1.67159102655e-05 -22.4890120992 -11.1278821219
894 34135 -0.117898685866 1.59875459288e-05 -22.4786519318 -11.1508700114
895 34759 -0.118009518161 1.61747134182e-05 -22.4688462297 -11.1603124735
896 34729 -0.118121697386 1.62857575913e-05 -22.4589348122 -11.1348902168
897 34310 -0.118235333851 1.61056378486e-05 -22.448908414 -11.1339089179
898 34521 -0.118347369161 1.61207147799e-05 -22.4390368315 -11.1534793324
899 34681 -0.118459251675 1.60742624815e-05 -22.4291921045 -11.1242072147
900 35006 -0.118570292105 1.62448091876e-05 -22.4194346809 -11.1401154404
901 34728 -0.118682959226 1.59144678922e-05 -22.4095477372 -11.1260042288
902 35627 -0.118791933891 1.62558434031e-05 -22.3999976571 -11.1502964769
903 35304 -0.118903753196 1.61166902971e-05 -22.3902113815 -11.1550311443
904 35482 -0.119014337839 1.65688425109e-05 -22.3805461836 -11.1439587732
905 34062 -0.119130369961 1.57193945654e-05 -22.3704187661 -11.1425059811
906 35643 -0.119237984601 1.63345094422e-05 -22.3610387298 -11.1224938951
907 35039 -0.11935076892 1.58719392783e-05 -22.3512211726 -11.1345350024
908 36101 -0.119458735574 1.66346310226e-05 -22.3418355019 -11.1513345126
909 34426 -0.119574611201 1.62551653289e-05 -22.3317758962 -11.1408245146
910 34116 -0.119688355616 1.62183613632e-05 -22.3219149787 -11.1424782851
911 33936 -0.119802144301 1.55556378536e-05 -22.3120637471 -11.1120969751
912 36107 -0.119907951154 1.66893521085e-05 -22.3029156543 -11.140716293
913 34241 -0.120024521208 1.56470062074e-05 -22.2928504606 -11.1147962074
914 36095 -0.12013096767 1.66697647393e-05 -22.2836717137 -11.1022185658
915 34298 -0.120247304698 1.54508591452e-05 -22.2736535504 -11.1733577184
916 36883 -0.120351287298 1.68018869227e-05 -22.2647111206 -11.147885064
917 34580 -0.120468066472 1.6213319296e-05 -22.2546815075 -11.1383433689
918 34415 -0.120581025128 1.5840177176e-05 -22.2449933963 -11.1275867821
919 35573 -0.120689572964 1.64125766587e-05 -22.2356959561 -11.1190613374
920 34695 -0.120803457736 1.62966029816e-05 -22.225954398 -11.1240829888
921 34239 -0.12091728818 1.60183995248e-05 -22.2162307706 -11.1086521
922 34756 -0.121028339363 1.60502082198e-05 -22.2067573263 -11.1338218153
923 35167 -0.121138958815 1.6649085855e-05 -22.1973332297 -11.1535347442
924 33486 -0.121256551283 1.5483866406e-05 -22.1873287483 -11.1147666099
925 35889 -0.121362189056 1.57081958511e-05 -22.1783533356 -11.1276515846
926 37597 -0.121466894471 1.67597591684e-05 -22.1694683193 -11.1370696012
927 35400 -0.121582023359 1.58463192327e-05 -22.1597116189 -11.1063997053
928 36568 -0.121689125278 1.64198943314e-05 -22.1506472079 -11.1086321929
929 35639 -0.121801541774 1.6744189386e-05 -22.1411454622 -11.1201655036
930 33610 -0.121919587907 1.55241408408e-05 -22.1311815904 -11.1373307795
931 35875 -0.122025521614 1.6545401105e-05 -22.1222520184 -11.1245511814
932 34521 -0.122140616314 1.56210657191e-05 -22.1125629973 -11.1048736379
933 36486 -0.12224631501 1.66740220745e-05 -22.1036766516 -11.1161489289
934 34654 -0.122362081532 1.59586873496e-05 -22.0939566985 -11.0903305823
935 35391 -0.122471721461 1.60142077491e-05 -22.0847634784 -11.1309529674
936 35941 -0.122580898483 1.59258301431e-05 -22.0756209729 -11.1351172952
937 36828 -0.122688156765 1.64726393486e-05 -22.0666506857 -11.0999869738
938 35701 -0.122800836532 1.59447265775e-05 -22.0572392852 -11.1165031691
939 36512 -0.122908685838 1.63691408757e-05 -22.0482431235 -11.1148750025
940 35768 -0.123020552478 1.62055806474e-05 -22.0389240122 -11.108769491
941 35625 -0.123131522799 1.59239691504e-05 -22.0296917735 -11.0978000485
942 36512 -0.123239232964 1.60558326998e-05 -22.0207423686 -11.0937505506
943 36923 -0.12334722823 1.59578009453e-05 -22.0117807299 -11.0874881788
944 37712 -0.123453435263 1.64714195673e-05 -22.0029786482 -11.0808276049
945 36562 -0.123564771414 1.63127132637e-05 -21.9937633489 -11.1068995372
946 36022 -0.123675857812 1.62904791342e-05 -21.9845808046 -11.1133583879
947 35570 -0.123787495245 1.57577742408e-05 -21.9753648479 -11.1118949982
948 37076 -0.123893267147 1.64632313496e-05 -21.9666443097 -11.0563768856
949 35975 -0.124005451759 1.6260082859e-05 -21.9574069566 -11.0883851829
950 35634 -0.124116781874 1.6200113381e-05 -21.9482520426 -11.1200814418
951 35511 -0.124227892318 1.61669955485e-05 -21.9391271677 -11.0940349825
952 35508 -0.124338781018 1.56366987272e-05 -21.9300324089 -11.102286178
953 37469 -0.124443187549 1.61871988404e-05 -21.9214801492 -11.0991045166
954 37389 -0.124551385796 1.65092374406e-05 -21.9126283832 -11.0723486724
955 36110 -0.124663673653 1.64505606598e-05 -21.9034539521 -11.0981251824
956 35083 -0.124777188477 1.56215240834e-05 -21.8941915781 -11.0803309699
957 37078 -0.124882042672 1.66479996628e-05 -21.885646851 -11.1028130778
958 35310 -0.124996550919 1.57962585852e-05 -21.8763274157 -11.1074378012
959 36661 -0.125103179028 1.65439371153e-05 -21.8676605764 -11.1132301138
960 35283 -0.125217014723 1.58947086325e-05 -21.8584198578 -11.1028993975
961 36269 -0.125324886399 1.58476752262e-05 -21.8496746511 -11.1038627875
962 37461 -0.125430713808 1.66090432267e-05 -21.8411059128 -11.1040770208
963 35815 -0.125544144384 1.61723515477e-05 -21.8319333422 -11.0818287486
964 35792 -0.125654628064 1.61202217777e-05 -21.823010777 -11.1108623369
965 35959 -0.125764499998 1.58715794335e-05 -21.8141490494 -11.0914823006
966 37050 -0.125871072193 1.6361881631e-05 -21.8055643361 -11.0724521925
967 36322 -0.125982033554 1.64965234985e-05 -21.7966374199 -11.0747898155
968 35125 -0.126095797672 1.60014254571e-05 -21.7874970278 -11.1002618017
969 35717 -0.126205228817 1.58487067906e-05 -21.7787162194 -11.0660223849
970 36887 -0.126311883391 1.61783516774e-05 -21.7701689892 -11.0977490973
971 36841 -0.12642082336 1.59628360263e-05 -21.7614495802 -11.0729005682
972 37609 -0.126527209261 1.60639430211e-05 -21.752945277 -11.0689850167
973 38001 -0.126633715417 1.69450752164e-05 -21.744441915 -11.0612904837
974 35115 -0.12675058949 1.54068695539e-05 -21.7351229171 -11.0627847992
975 37931 -0.126852833707 1.63517574819e-05 -21.7269808269 -11.0624652111
976 37223 -0.126962374768 1.63585732343e-05 -21.7182684017 -11.1011013117
977 36503 -0.12707303702 1.61262590703e-05 -21.709478063 -11.0806725516
978 36651 -0.12718190775 1.67198359124e-05 -21.7008410573 -11.1106943057
979 34650 -0.127298000042 1.57255210527e-05 -21.691643171 -11.074887327
980 36235 -0.127404772494 1.60033775029e-05 -21.683194624 -11.0877853731
981 36839 -0.127512538301 1.5987863508e-05 -21.6746780828 -11.0876936774
982 37512 -0.127619229351 1.68595852906e-05 -21.6662569565 -11.0593551265
983 34965 -0.127735763249 1.53513897725e-05 -21.6570708256 -11.0493783988
984 37983 -0.127837569808 1.60952478953e-05 -21.6490557645 -11.0807513162
985 38257 -0.127943925667 1.66026491807e-05 -21.6406926293 -11.0713443282
986 36600 -0.12805609041 1.60838066488e-05 -21.6318838665 -11.0754671168
987 36907 -0.128164297204 1.56779673208e-05 -21.6233967615 -11.0755530249
988 38783 -0.128267191633 1.64701076837e-05 -21.6153361692 -11.0735754278
989 37605 -0.128376963691 1.63606595002e-05 -21.6067473532 -11.0651101848
990 36870 -0.128487088135 1.60562999023e-05 -21.5981418997 -11.0448608614
991 37283 -0.128594563491 1.65200206422e-05 -21.5897539944 -11.0709935704
992 35968 -0.128707145839 1.61677079432e-05 -21.5809786606 -11.0810050464
993 35962 -0.128817336663 1.59665850245e-05 -21.5724007604 -11.0502473849
994 36698 -0.12892506067 1.59297542332e-05 -21.5640254151 -11.1007230007
995 37589 -0.129031254243 1.64743487015e-05 -21.5557792239 -11.0720331149
996 36432 -0.129142808802 1.56965992875e-05 -21.5471275899 -11.0803070679
997 38211 -0.12924659311 1.66072725854e-05 -21.5390885451 -11.047023547
998 36539 -0.129358882917 1.61832624679e-05 -21.5304014717 -11.0661451913
999 36476 -0.129468400939 1.61651619453e-05 -21.521939626 -11.0892958113
1000 36480 -0.129577790399 1.54873117495e-05 -21.5134983349 -11.05185142
1001 39084 -0.129679040665 1.63060046535e-05 -21.5056945669 -11.0747023031
1002 38533 -0.129786402505 1.68759090731e-05 -21.4974296551 -11.0594370322
1003 35857 -0.129901588736 1.54264085354e-05 -21.4885737184 -11.0749317167
1004 38655 -0.130002998597 1.65312441797e-05 -21.4807866342 -11.0827666013
1005 37250 -0.130113703019 1.60575222729e-05 -21.4722961619 -11.0415944739
1006 37663 -0.130220643548 1.64407475343e-05 -21.4641045776 -11.0495713319
1007 36628 -0.130331671832 1.56829294975e-05 -21.4556104774 -11.0840113625
1008 38470 -0.130435016142 1.67817793022e-05 -21.4477139217 -11.0545620768
1009 36142 -0.130549108028 1.53553836293e-05 -21.4390069735 -11.0986403216
1010 39245 -0.130649289559 1.67919597406e-05 -21.4313709539 -11.0535095319
1011 36832 -0.130762376163 1.60370115434e-05 -21.42276178 -11.0496086171
1012 37318 -0.130869672685 1.58287296958e-05 -21.4146036705 -11.0626680853
1013 38618 -0.130973777167 1.66571136237e-05 -21.4066978049 -11.0466307002
1014 36742 -0.131086092323 1.58599622878e-05 -21.3981789287 -11.0296593
1015 37902 -0.131191383535 1.60413299938e-05 -21.3902027047 -11.0505148827
1016 38385 -0.13129720636 1.61592303198e-05 -21.3821958455 -11.0512147654
1017 38412 -0.131403769797 1.658580029e-05 -21.3741426955 -11.0401870634
1018 36811 -0.131515498934 1.6191352053e-05 -21.3657096505 -11.0543029094
1019 36717 -0.131624710941 1.57932014238e-05 -21.3574769466 -11.0475146838
1020 38134 -0.131729239623 1.60702125969e-05 -21.3496068554 -11.0456048271
1021 38507 -0.131835085043 1.63982197395e-05 -21.3416471476 -11.0505924967
1022 37611 -0.131944369855 1.59541700453e-05 -21.3334388298 -11.047706426
1023 38429 -0.132049557673 1.61417890826e-05 -21.3255478492 -11.0531176727
1024 38524 -0.132155851032 1.63413478104e-05 -21.3175834968 -11.0397826513
1025 37845 -0.132264419212 1.62163548757e-05 -21.3094586037 -11.0619212772
1026 37653 -0.132372432189 1.61006898561e-05 -21.3013851788 -11.0560485673
1027 37904 -0.132479318725 1.6343103782e-05 -21.2934056717 -11.049643278
1028 37230 -0.132588792745 1.62371669259e-05 -21.2852430063 -11.0145408311
1029 36963 -0.132697949144 1.5821554228e-05 -21.2771140894 -11.0353759636
1030 38279 -0.132802466838 1.65506358807e-05 -21.2693400221 -11.025880304
1031 36815 -0.132913953686 1.58035693302e-05 -21.2610577087 -11.0244254522
1032 38195 -0.1330184667 1.62926552868e-05 -21.2533029514 -11.0463867032
1033 37708 -0.133126908431 1.6227003275e-05 -21.245266361 -11.0098897289
1034 37476 -0.133235247008 1.54787157949e-05 -21.2372472366 -11.0551087832
1035 40186 -0.13333504367 1.65989874862e-05 -21.2298690485 -11.0191420303
1036 38460 -0.133444438808 1.60682239782e-05 -21.2217907616 -11.0304168909
1037 38844 -0.133549811005 1.65822249463e-05 -21.2140189649 -11.0205187532
1038 37239 -0.133660873029 1.55722883298e-05 -21.2058374955 -11.0381555776
1039 39554 -0.133762072289 1.65803683771e-05 -21.1983914814 -11.0202932887
1040 37927 -0.133872110329 1.58841513808e-05 -21.1903047518 -11.0191087865
1041 39028 -0.133976029238 1.62570327805e-05 -21.1826769076 -11.0402140682
1042 38670 -0.13408287966 1.63043150881e-05 -21.1748431761 -11.0491236445
1043 38132 -0.134190794245 1.57761814388e-05 -21.1669409711 -11.0197828178
1044 39672 -0.134293166094 1.67139857339e-05 -21.1594534929 -11.0183329639
1045 37528 -0.134404678577 1.58247318193e-05 -21.1513072588 -11.0215249873
1046 38851 -0.134508444085 1.64992376737e-05 -21.1437361125 -11.029116831
1047 37560 -0.134618476411 1.63942105594e-05 -21.135717338 -11.0524550644
1048 36701 -0.134729080802 1.57418724995e-05 -21.1276668394 -11.0215010707
1049 38316 -0.134833021109 1.594818332e-05 -21.1201104873 -10.9948237657
1050 39173 -0.134937165964 1.63445784213e-05 -21.1125480851 -11.052284792
1051 38470 -0.135044869964 1.64771158504e-05 -21.1047365094 -11.0214449635
1052 37275 -0.135155173769 1.6547891798e-05 -21.0967461293 -11.007361716
1053 35859 -0.13526811764 1.52006422117e-05 -21.0885747139 -11.0177968768
1054 39556 -0.135366899038 1.65864854051e-05 -21.081436399 -11.0347741858
1055 37905 -0.135477009033 1.59585344296e-05 -21.0734887197 -11.0215604717
1056 38712 -0.135581840014 1.61736732443e-05 -21.0659311554 -11.0149554945
1057 38682 -0.135688125122 1.62548171474e-05 -21.0582777844 -11.0436742472
1058 38336 -0.135795425667 1.60989162583e-05 -21.0505604968 -10.9936116751
1059 38598 -0.135901334569 1.62168739058e-05 -21.0429523516 -11.0380233724
1060 38400 -0.136008294996 1.60175961175e-05 -21.0352777808 -11.0309232776
1061 38983 -0.136113147455 1.66983873577e-05 -21.0277633336 -11.022422447
1062 36934 -0.136225447267 1.55876960857e-05 -21.019724885 -11.0369054786
1063 39169 -0.136327243758 1.64260729675e-05 -21.0124469455 -11.0102317786
1064 38150 -0.136435938582 1.58573939215e-05 -21.0046849052 -11.0349922855
1065 39365 -0.136539238332 1.61574686962e-05 -20.9973168257 -11.009247643
1066 39400 -0.136644446074 1.6269527251e-05 -20.9898213466 -11.0246248366
1067 38989 -0.136750940083 1.65357783785e-05 -20.9822431465 -11.0207435539
1068 37554 -0.136861224894 1.5334470049e-05 -20.9744046313 -11.0028049162
1069 40865 -0.136959266763 1.70646302849e-05 -20.9674443387 -11.0168966325
1070 37307 -0.137073455883 1.59395512069e-05 -20.9593472422 -11.019724139
1071 38175 -0.137178896342 1.63768314174e-05 -20.9518796093 -11.0167767262
1072 37368 -0.137288393351 1.58314310433e-05 -20.9441339111 -11.0187714799
1073 38660 -0.137392460192 1.62624621908e-05 -20.9367810411 -11.0053774653
1074 38284 -0.137499883394 1.59775096927e-05 -20.9291999095 -11.0307152151
1075 39024 -0.13760441886 1.59490162517e-05 -20.9218312218 -11.0090057135
1076 39894 -0.13770762441 1.67441123107e-05 -20.914564635 -11.026596118
1077 37623 -0.137819196876 1.58660546483e-05 -20.9067182664 -11.0182546165
1078 38787 -0.137923320186 1.64689176092e-05 -20.8994044856 -11.0203212225
1079 37614 -0.138033072029 1.54495079369e-05 -20.8917044502 -10.9788567602
1080 40454 -0.138132349906 1.65431551491e-05 -20.8847472875 -11.0054359638
1081 38936 -0.138240708195 1.63235359511e-05 -20.8771624867 -11.0203640877
1082 38319 -0.138348485326 1.60026921375e-05 -20.8696273541 -11.0263081633
1083 38960 -0.138453271583 1.61107635727e-05 -20.8623099063 -11.0167527638
1084 39180 -0.138558469456 1.60043566015e-05 -20.8549722102 -10.9997030013
1085 39829 -0.138662117487 1.62411124697e-05 -20.8477509297 -11.0102155716
