100 100000 0.5 reinforce cheb_reinforce 30000000

1 100 0 1.72157017526e-05 -56.6666666667 -11.9677264012
2 17897 -0.000203703338867 1.16713033617e-05 -56.4779359416 -12.1871266571
3 28444 -0.000313248489383 1.65040516662e-05 -56.3770291269 -12.1686751229
4 27486 -0.000470829682815 1.6290668574e-05 -56.2325875228 -12.1810075866
5 27141 -0.000627357970262 1.56785141118e-05 -56.0899377389 -12.1495633474
6 28519 -0.000774320342347 1.66943549284e-05 -55.9567493578 -12.1326864083
7 27032 -0.000935052021363 1.58049961215e-05 -55.8118998203 -12.0869180275
8 28042 -0.00108445525438 1.63510772416e-05 -55.6780190324 -12.1542460391
9 27521 -0.00124047593749 1.62291238143e-05 -55.5389830237 -12.1273575015
10 27346 -0.00139582794369 1.5807562382e-05 -55.4013227738 -12.1291325425
11 28360 -0.00154441442431 1.62155241431e-05 -55.2703796638 -12.1366107325
12 28218 -0.00169721752142 1.6445264207e-05 -55.1364509446 -12.0912022736
13 27430 -0.00185439573775 1.57343749316e-05 -54.9994538392 -12.1224537928
14 28659 -0.00200151968067 1.6526946917e-05 -54.8719184913 -12.1311299157
15 27629 -0.00215890904989 1.60359987635e-05 -54.7362260218 -12.1425506419
16 27996 -0.00231061813583 1.62822059794e-05 -54.6061504428 -12.143553983
17 27668 -0.00246556704844 1.61575234677e-05 -54.4740202771 -12.1312259277
18 27692 -0.0026192629378 1.62051428051e-05 -54.3436747907 -12.1102797572
19 27583 -0.00277371768436 1.60704978409e-05 -54.2133984538 -12.1383563353
20 27852 -0.00292614651763 1.64480917403e-05 -54.0855257114 -12.1158675646
21 27067 -0.00308440398393 1.55215490587e-05 -53.953487707 -12.0886840658
22 28899 -0.00322893606272 1.64965957979e-05 -53.8335407493 -12.0999048941
23 27946 -0.00338514212916 1.60202920346e-05 -53.7045866903 -12.0627097188
24 28363 -0.00353572048498 1.63188183226e-05 -53.580943061 -12.1313256212
25 27927 -0.0036902965995 1.59387084796e-05 -53.4546899144 -12.0835104611
26 28579 -0.00383953974627 1.64492730384e-05 -53.3334345757 -12.0996716717
27 27770 -0.00399579192839 1.63546789748e-05 -53.2071551231 -12.0895776021
28 27244 -0.00415263802336 1.5765389088e-05 -53.0810800137 -12.0903513182
29 28375 -0.00430078754475 1.62487065692e-05 -52.9626200186 -12.0899437017
30 28138 -0.00445412073659 1.63523413019e-05 -52.8406492667 -12.1612481763
31 27612 -0.00460989706703 1.56540090386e-05 -52.7173904398 -12.1023147092
32 29086 -0.00475519185213 1.66068327309e-05 -52.6030159511 -12.102361102
33 27815 -0.00491281390418 1.63254825196e-05 -52.479577371 -12.1027533242
34 27369 -0.00506902182261 1.59385303756e-05 -52.3578980477 -12.109003163
35 28009 -0.0052197756321 1.53849493781e-05 -52.2410777054 -12.1034302653
36 30323 -0.00535963104543 1.67311524368e-05 -52.1332347498 -12.096359393
37 28634 -0.00551614346657 1.66579432095e-05 -52.0131502773 -12.0827552219
38 27241 -0.00567590703925 1.56699211237e-05 -51.8912229478 -12.0823144668
39 28649 -0.0058224550175 1.66801539618e-05 -51.7799558045 -12.1036537394
40 27194 -0.00598256989308 1.57147986019e-05 -51.6590113517 -12.1145040887
41 28469 -0.00613000031467 1.60392191797e-05 -51.5482195707 -12.0984803697
42 28838 -0.00627950894403 1.62833525788e-05 -51.4364212215 -12.0804687355
43 28497 -0.0064321986632 1.63362622222e-05 -51.3228168857 -12.1049115927
44 28010 -0.00658671240568 1.6114800323e-05 -51.2084401886 -12.0610880764
45 28156 -0.00673873329626 1.61978116183e-05 -51.0964785216 -12.0893883122
46 28066 -0.00689178384821 1.61500009954e-05 -50.9843250706 -12.1278304644
47 28112 -0.007044256824 1.62395502527e-05 -50.8731558785 -12.0884573058
48 27904 -0.00719814729362 1.58158759157e-05 -50.7615167166 -12.0510952108
49 28914 -0.00734538013262 1.6134490284e-05 -50.6552333252 -12.0830639524
50 29007 -0.00749533824258 1.62032736162e-05 -50.5475075247 -12.0763481818
51 28898 -0.0076462196526 1.56711016543e-05 -50.4396491767 -12.0364507508
52 30388 -0.00778852336526 1.65189633283e-05 -50.3384069647 -12.06788321
53 29320 -0.00794123397791 1.64400634334e-05 -50.2302799753 -12.0454677441
54 28517 -0.00809534070309 1.63717970369e-05 -50.1217054703 -12.0408091532
55 27928 -0.00825041545065 1.59101001907e-05 -50.0129934872 -12.0591627631
56 28663 -0.00839917183884 1.63316658884e-05 -49.9092204077 -12.0422404811
57 28186 -0.00855315825542 1.61297404302e-05 -49.8023205703 -12.0932770316
58 28290 -0.008704959308 1.58757221643e-05 -49.6974535881 -12.0515986954
59 29137 -0.00885218430986 1.61879676883e-05 -49.5962334402 -12.0345585272
60 29073 -0.00900246980168 1.62365342442e-05 -49.4933988284 -12.088280466
61 28866 -0.00915374424519 1.66378937167e-05 -49.390383586 -12.066913277
62 27518 -0.00931251153969 1.60782618444e-05 -49.282797244 -12.0437976139
63 27765 -0.00946525419019 1.5731013439e-05 -49.1798033315 -12.0545455213
64 29019 -0.0096114316674 1.63381074506e-05 -49.0817012092 -12.0483432034
65 28517 -0.00976458101693 1.595080217e-05 -48.9794044457 -12.0177682258
66 29147 -0.00991247505281 1.60866198738e-05 -48.8810850663 -12.0422970187
67 29383 -0.0100610281565 1.66832720757e-05 -48.7827862976 -12.0536113746
68 27882 -0.0102191850658 1.54734908675e-05 -48.6786343661 -12.0409040303
69 29915 -0.0103608017038 1.61533361576e-05 -48.5858108527 -12.0450744982
70 29954 -0.0105085429647 1.72415866466e-05 -48.489408991 -12.0381215948
71 26860 -0.0106750734842 1.56336886426e-05 -48.3812771476 -12.0557498716
72 28352 -0.0108220450596 1.61691470574e-05 -48.2863087226 -12.0297583091
73 28343 -0.0109740745081 1.59096393719e-05 -48.18852594 -12.0371850495
74 29091 -0.0111217300985 1.69039589715e-05 -48.0939951553 -12.0534369179
75 26994 -0.0112845929141 1.56327899087e-05 -47.9902264803 -12.0402316883
76 28496 -0.0114311841237 1.58886526422e-05 -47.8972688685 -12.0362212998
77 29310 -0.0115780919098 1.60155566875e-05 -47.8045291635 -12.0523312992
78 29761 -0.0117250460069 1.68504142267e-05 -47.7121767244 -12.0380927379
79 27766 -0.0118851201118 1.604075668e-05 -47.6120498462 -12.0206899155
80 28122 -0.0120365359219 1.59427563757e-05 -47.5177873894 -12.0038099027
81 28767 -0.0121853290821 1.60209018905e-05 -47.4255795806 -12.0417725162
82 29194 -0.0123337534016 1.64739379404e-05 -47.3340142327 -12.0039624232
83 28297 -0.0124887765901 1.58141555203e-05 -47.2388162905 -12.058580266
84 29327 -0.0126349547634 1.63678044074e-05 -47.149457489 -12.0178579319
85 28733 -0.01278780472 1.58538794809e-05 -47.0564403959 -12.0053192667
86 29658 -0.0129335276577 1.59840577939e-05 -46.9681577801 -11.9738093947
87 30211 -0.0130790967981 1.60191996323e-05 -46.8803529991 -11.9890443342
88 30665 -0.0132239026568 1.70804226764e-05 -46.7933875848 -12.0401628336
89 27950 -0.013385626458 1.54689113752e-05 -46.6967056342 -12.022244251
90 30001 -0.013526995931 1.62838266243e-05 -46.6125729893 -12.0086539357
91 29645 -0.0136767048192 1.61732476132e-05 -46.5238622875 -12.0126686726
92 29624 -0.0138254504847 1.63112753175e-05 -46.4361119698 -12.0004585418
93 29191 -0.0139765731767 1.60396695053e-05 -46.3473544575 -12.0091838171
94 29568 -0.0141242288026 1.62996735463e-05 -46.2610153323 -11.9720727348
95 29170 -0.014275298023 1.58064573533e-05 -46.1730684649 -11.9683972608
96 30255 -0.0144191458322 1.62006835311e-05 -46.0896883011 -11.997365022
97 30149 -0.0145668395659 1.60986706004e-05 -46.0044446089 -12.0244494501
98 30356 -0.0147131020676 1.64519855192e-05 -45.9203898358 -12.0261908343
99 29489 -0.0148647577456 1.64065381906e-05 -45.8336145377 -12.0125062242
100 28779 -0.0150178484108 1.59662374978e-05 -45.746406806 -11.9992959078
101 29369 -0.0151653256786 1.61817273928e-05 -45.6627635848 -12.0254905032
102 29323 -0.0153149113352 1.60422489914e-05 -45.5782899424 -11.988297539
103 29694 -0.0154622772275 1.61606115167e-05 -45.4954273573 -12.0228579077
104 29711 -0.0156106888191 1.54959908104e-05 -45.412333124 -11.9844361072
105 31804 -0.0157482340596 1.69716369739e-05 -45.3356401607 -11.966417805
106 29310 -0.015905156594 1.60074824037e-05 -45.2485131586 -12.019044725
107 29786 -0.0160519764214 1.62006558239e-05 -45.1673506527 -11.9525500891
108 29682 -0.0162008279171 1.60057858231e-05 -45.0854133634 -11.9766605341
109 30169 -0.0163466967833 1.62410167807e-05 -45.0054560219 -11.9927944583
110 29941 -0.0164952727845 1.63813998435e-05 -44.9243566897 -11.9955385537
111 29294 -0.0166467774488 1.61782075417e-05 -44.84201185 -12.0016959207
112 29258 -0.0167964951535 1.6240798483e-05 -44.7609862743 -11.9938365691
113 29037 -0.0169473628149 1.5991185246e-05 -44.6796860867 -11.9984856899
114 29557 -0.0170945991884 1.63316060633e-05 -44.6006771868 -11.9561794778
115 29065 -0.0172462379224 1.52237875776e-05 -44.5196490829 -12.0041290444
116 31986 -0.0173809812681 1.65895481172e-05 -44.4479394298 -11.9701468883
117 30642 -0.0175310002478 1.62596173046e-05 -44.3684197118 -11.9584195925
118 30353 -0.0176787332221 1.63199487809e-05 -44.2904387681 -11.9716831685
119 29883 -0.0178281752122 1.6159634503e-05 -44.2118838533 -11.9822409417
120 29903 -0.0179761004556 1.59118941308e-05 -44.1344492308 -11.9786487215
121 30685 -0.0181198897938 1.62010750193e-05 -44.0594857622 -11.9735757288
122 30577 -0.0182665514904 1.65689480618e-05 -43.9833338177 -11.9899069234
123 29353 -0.0184196375214 1.59842925897e-05 -43.9041769613 -11.964362657
124 29900 -0.0185659648878 1.59751727298e-05 -43.8288287693 -11.9690810239
125 30485 -0.0187107978127 1.681505499e-05 -43.7545504264 -11.9966076469
126 28544 -0.0188683451762 1.59766832466e-05 -43.6740886003 -11.9565842696
127 29098 -0.0190166037581 1.61252450073e-05 -43.5986896179 -11.9917186973
128 29219 -0.0191659312661 1.5948564201e-05 -43.5230576638 -11.9786160095
129 29872 -0.0193120007939 1.54697650852e-05 -43.4493756341 -11.973335436
130 32062 -0.0194487602038 1.6813891972e-05 -43.3806570978 -11.9471745828
131 30024 -0.0196023644761 1.63793943727e-05 -43.3037806546 -11.9503058853
132 29382 -0.0197536256752 1.61347081969e-05 -43.2283916378 -11.9658474379
133 29476 -0.0199023883699 1.58990299641e-05 -43.1545506566 -11.9668452261
134 30286 -0.020047003882 1.58060184829e-05 -43.0830542905 -11.936158528
135 31414 -0.0201881694463 1.64402119728e-05 -43.0135339821 -11.9739178155
136 30553 -0.0203370538308 1.64353539959e-05 -42.9405001572 -11.9583984844
137 29730 -0.0204879396787 1.60095371854e-05 -42.8667841933 -11.9301423871
138 30206 -0.0206337526643 1.57431600181e-05 -42.7958315089 -11.9405866775
139 31532 -0.0207740940915 1.6068321118e-05 -42.7278042177 -11.9357019093
140 31847 -0.0209166237725 1.70420103711e-05 -42.6589786776 -11.9565736858
141 29141 -0.0210746531857 1.5959656444e-05 -42.5829759209 -11.9285756369
142 29758 -0.0212211022401 1.59109590999e-05 -42.5128294879 -11.9468142942
143 30539 -0.0213652261572 1.61611083805e-05 -42.4440645642 -11.9248142506
144 30555 -0.0215115782946 1.62660543629e-05 -42.3745067939 -11.9596818304
145 30247 -0.0216596283436 1.58734899068e-05 -42.3044175632 -11.9220092495
146 31159 -0.0218019747778 1.64342509091e-05 -42.2372883094 -11.9231963413
147 30323 -0.0219513677751 1.61866689544e-05 -42.1671082955 -11.9448800989
148 30260 -0.0220986634286 1.57694840125e-05 -42.0981850385 -11.8966747031
149 31504 -0.0222393019697 1.63036169501e-05 -42.0326269401 -11.9445475974
150 31068 -0.0223857204967 1.63246556741e-05 -41.964632669 -11.9478412613
151 30572 -0.022533510725 1.593335861e-05 -41.896266943 -11.9368329465
152 31303 -0.0226760652026 1.62408023258e-05 -41.8305745339 -11.9235227203
153 31067 -0.0228219216674 1.64652653318e-05 -41.7636144842 -11.9281420232
154 30139 -0.0229720539678 1.58283280873e-05 -41.6949582561 -11.9251860517
155 31191 -0.0231139237632 1.64996845592e-05 -41.6303278039 -11.9436252562
156 30153 -0.0232643328159 1.59848647026e-05 -41.5620681178 -11.9243350876
157 30713 -0.023408715362 1.62356292154e-05 -41.4967946239 -11.9174410891
158 30497 -0.0235558805947 1.6241145905e-05 -41.4305148972 -11.9167512437
159 30266 -0.0237036575998 1.59549555983e-05 -41.3642139733 -11.9227614918
160 30922 -0.0238472824889 1.58582811138e-05 -41.3000187613 -11.8941723459
161 31904 -0.0239878232331 1.62319282864e-05 -41.2374324987 -11.9207414997
162 31692 -0.0241321554325 1.6618675089e-05 -41.1733937607 -11.8954452321
163 30270 -0.0242833563626 1.55857569587e-05 -41.1065624418 -11.9171687447
164 32108 -0.0244210419748 1.65698971442e-05 -41.0459306757 -11.9035019683
165 30820 -0.0245704493876 1.57258619985e-05 -40.9803791306 -11.9001452343
166 32229 -0.0247091112672 1.61683167133e-05 -40.9197663335 -11.9057975027
167 32222 -0.0248516902644 1.64663576762e-05 -40.8576651156 -11.9330693695
168 31256 -0.0249991252042 1.64689377174e-05 -40.7936862673 -11.9111981055
169 30311 -0.0251488641672 1.58611106996e-05 -40.7289532958 -11.8968788956
170 31264 -0.0252908600626 1.58966528457e-05 -40.6677951595 -11.8899425621
171 32131 -0.0254312414492 1.64932420166e-05 -40.6075488807 -11.9100013292
172 31082 -0.0255793278 1.60120715657e-05 -40.5442279586 -11.888558198
173 31572 -0.0257219751771 1.64841931298e-05 -40.4834567597 -11.9023171095
174 30570 -0.025871216301 1.58158496655e-05 -40.4201105073 -11.8978846956
175 31677 -0.0260118822236 1.64313027864e-05 -40.3606219609 -11.8996554615
176 30836 -0.0261599999836 1.62388336971e-05 -40.2982093038 -11.9346916954
177 30609 -0.0263069242833 1.6326625169e-05 -40.2365286647 -11.8686903384
178 30115 -0.0264558513278 1.54834817434e-05 -40.174238853 -11.8908676828
179 32277 -0.0265922737595 1.6324440495e-05 -40.117382717 -11.903363129
180 31763 -0.0267372661876 1.66220777186e-05 -40.0571671023 -11.9197883535
181 30328 -0.0268883550158 1.58709316324e-05 -39.9946510446 -11.89409544
182 31251 -0.0270304698602 1.67444256507e-05 -39.9360625332 -11.8882904619
183 29471 -0.0271848670953 1.54798053139e-05 -39.8726447006 -11.8687332494
184 31599 -0.0273227135041 1.65929504759e-05 -39.81623005 -11.905805005
185 30260 -0.0274737053429 1.59593628841e-05 -39.7546562838 -11.8686250869
186 30902 -0.0276174162978 1.55113663585e-05 -39.6962648628 -11.8780512616
187 33027 -0.0277525243258 1.65866271416e-05 -39.6415575799 -11.8808750904
188 31648 -0.0279001122504 1.63069989052e-05 -39.5820048744 -11.9031040418
189 31199 -0.0280462526606 1.61550842428e-05 -39.5232490046 -11.9087967063
190 31234 -0.0281909503122 1.5792537438e-05 -39.4652806671 -11.8483406251
191 32442 -0.0283297434483 1.64504057216e-05 -39.4098707447 -11.8793152858
192 31520 -0.0284764166063 1.61438875103e-05 -39.3515191806 -11.8920424246
193 31591 -0.0286201940936 1.62914728265e-05 -39.2945222924 -11.8661767683
194 31192 -0.0287662119855 1.60938262784e-05 -39.2368415455 -11.8391299101
195 31422 -0.0289099297248 1.60028411982e-05 -39.1802693999 -11.849945761
196 31947 -0.0290516550491 1.6441275317e-05 -39.1246748169 -11.8550071793
197 31068 -0.0291993097351 1.57975648273e-05 -39.0669574071 -11.8707398001
198 32253 -0.0293385530234 1.62651582188e-05 -39.0127168635 -11.8446844987
199 31931 -0.0294826387539 1.61268275653e-05 -38.9567820442 -11.8657278686
200 32059 -0.0296252135049 1.60351667615e-05 -38.9016250771 -11.882774604
201 32488 -0.0297660380371 1.6558798463e-05 -38.8473310386 -11.845298705
202 31220 -0.0299143861157 1.62279649484e-05 -38.7903350654 -11.8605964426
203 31025 -0.0300602258883 1.61436658799e-05 -38.7345005181 -11.8430783368
204 31096 -0.0302051421935 1.59726677682e-05 -38.6792126878 -11.8424160626
205 31713 -0.0303471222367 1.60952892575e-05 -38.6252308733 -11.8619503465
206 31942 -0.0304896780863 1.57877205011e-05 -38.5712141989 -11.8594692563
207 33193 -0.0306268489893 1.62400841891e-05 -38.519411219 -11.861830438
208 32945 -0.0307684806625 1.65433195885e-05 -38.4661010278 -11.8414793019
209 31708 -0.0309155430742 1.6398914413e-05 -38.4109364997 -11.8392017119
210 30968 -0.031063054124 1.57808059334e-05 -38.3557969387 -11.8536083003
211 32204 -0.0312022555523 1.62891686267e-05 -38.3039401103 -11.8518062974
212 31805 -0.0313468396955 1.61373382304e-05 -38.2502586946 -11.8519772775
213 31898 -0.0314898659466 1.56352193658e-05 -38.1973358949 -11.8477981636
214 33665 -0.0316247563124 1.6740466169e-05 -38.1475869602 -11.8325226312
215 31760 -0.0317734499207 1.65694328916e-05 -38.0929301438 -11.846131127
216 30487 -0.0319236659008 1.56239576969e-05 -38.0379075039 -11.8402413093
217 32213 -0.0320614641893 1.64983533101e-05 -37.9876037478 -11.8537225255
218 31146 -0.0322094461182 1.5908283388e-05 -37.9337630795 -11.8527686207
219 31972 -0.0323502792208 1.61767326481e-05 -37.8826962914 -11.8378123759
220 31938 -0.0324935657968 1.62775951953e-05 -37.8309120536 -11.8440497393
221 31579 -0.03263856249 1.58055997133e-05 -37.7786857004 -11.8274496817
222 32756 -0.0327768012397 1.64292210143e-05 -37.7290574717 -11.8296550332
223 31893 -0.0329224252059 1.57668034827e-05 -37.6769501941 -11.8344683891
224 33213 -0.0330593739852 1.61435908996e-05 -37.6281075725 -11.8237335276
225 33289 -0.0331994344057 1.65762580421e-05 -37.578315318 -11.8457138591
226 31933 -0.0333462712809 1.5985238733e-05 -37.5262870243 -11.8366722331
227 32525 -0.0334865780121 1.62282638151e-05 -37.4767372061 -11.8542052773
228 32321 -0.0336294668675 1.60870893992e-05 -37.426440084 -11.8370709086
229 32581 -0.0337705448659 1.64312180281e-05 -37.3769425394 -11.8246630193
230 31717 -0.0339165919351 1.60873036224e-05 -37.3258704867 -11.8068513838
231 31972 -0.0340590103465 1.56481072465e-05 -37.2762320291 -11.8331766426
232 33699 -0.034193943925 1.67746714469e-05 -37.2293516169 -11.8010032885
233 31682 -0.0343431245882 1.62034323712e-05 -37.1776895496 -11.8302374878
234 31562 -0.0344874984587 1.59201469063e-05 -37.1278595322 -11.8094086077
235 32360 -0.0346275890499 1.59428739479e-05 -37.0796645344 -11.8171635688
236 33102 -0.0347662989977 1.61063194122e-05 -37.0320958237 -11.843727945
237 33304 -0.0349060056841 1.67092786748e-05 -36.9843367652 -11.8085190219
238 31519 -0.0350549887886 1.59065123117e-05 -36.9335732265 -11.8275539065
239 32361 -0.0351949579196 1.61672464592e-05 -36.8860370412 -11.8214267169
240 32357 -0.0353372286868 1.57848962048e-05 -36.8378733021 -11.8183873834
241 33634 -0.03547347317 1.64987543378e-05 -36.7918946449 -11.807208217
242 32518 -0.0356183017914 1.56165517499e-05 -36.743173869 -11.813722262
243 34385 -0.0357516139858 1.66753990288e-05 -36.6984675935 -11.7827915329
244 32654 -0.0358976881479 1.59238256698e-05 -36.6496353252 -11.8512072226
245 33467 -0.0360354739564 1.65517775992e-05 -36.6037204885 -11.8003327776
246 32183 -0.0361815221735 1.60899421662e-05 -36.5552070345 -11.8093469097
247 32433 -0.0363229478614 1.6206235952e-05 -36.5083800705 -11.8218383507
248 32301 -0.0364656854118 1.59652197861e-05 -36.4612686756 -11.8190503375
249 32967 -0.0366048743842 1.63764599437e-05 -36.4154728904 -11.7893706573
250 32271 -0.0367491788128 1.62122411737e-05 -36.3681438364 -11.8035223774
251 32120 -0.0368923708255 1.60516351262e-05 -36.3213296833 -11.8036853873
252 32495 -0.0370333238232 1.61559378994e-05 -36.2753928332 -11.7856300978
253 32529 -0.0371751202567 1.59715184734e-05 -36.2293258748 -11.7587701131
254 33178 -0.037313919668 1.58173224688e-05 -36.1843725732 -11.7959073957
255 34374 -0.037448966513 1.61986588507e-05 -36.140766942 -11.7840710366
256 34261 -0.0375874974348 1.65480314677e-05 -36.0961713166 -11.8059500094
257 32959 -0.0377317833198 1.63077059797e-05 -36.0498677473 -11.7910180179
258 32489 -0.0378749990922 1.61280228823e-05 -36.0040529069 -11.817430786
259 32615 -0.0380163632268 1.63494231694e-05 -35.9589717231 -11.8169379144
260 32014 -0.0381610062895 1.60324611812e-05 -35.9129895288 -11.7927914332
261 32451 -0.0383018866365 1.56817439863e-05 -35.8683434991 -11.7801456645
262 34087 -0.0384363381722 1.61112258761e-05 -35.8258630587 -11.7843901953
263 34278 -0.038574087765 1.61759746479e-05 -35.7824699098 -11.7866174818
264 34244 -0.0387124589366 1.63688329108e-05 -35.7390121504 -11.7830328975
265 33547 -0.038853926488 1.60599102016e-05 -35.6947172488 -11.7767778114
266 33911 -0.0389919780933 1.66716154067e-05 -35.6516232311 -11.8002309457
267 32216 -0.039139008031 1.57139619708e-05 -35.6058685365 -11.7585973982
268 33730 -0.0392744478185 1.63956079081e-05 -35.5638496298 -11.7786486161
269 32954 -0.0394174163354 1.58012364771e-05 -35.5196286233 -11.7679000401
270 34198 -0.0395526730288 1.64779491103e-05 -35.4779186979 -11.8125750523
271 33133 -0.0396959700532 1.6164553052e-05 -35.43386213 -11.7843980199
272 33138 -0.0398365309614 1.61554046622e-05 -35.3907789349 -11.7943932542
273 33174 -0.0399769365346 1.59809070551e-05 -35.3478734275 -11.7748028964
274 33804 -0.0401145263392 1.6396372145e-05 -35.3059539296 -11.8072217206
275 33024 -0.0402573504767 1.59567546562e-05 -35.2625705712 -11.7903875136
276 33733 -0.0403948752742 1.59802584523e-05 -35.2209223483 -11.7601370001
277 34375 -0.0405313102649 1.63874230073e-05 -35.1797252402 -11.7732811494
278 33612 -0.0406728016858 1.6048276162e-05 -35.1371281452 -11.7846813456
279 34017 -0.040810538484 1.63972357428e-05 -35.0957849016 -11.7487493642
280 33229 -0.0409529285019 1.60407244286e-05 -35.05317245 -11.7678923981
281 33655 -0.0410913385642 1.64701247706e-05 -35.0118747586 -11.7586275467
282 32633 -0.0412356611046 1.53932488879e-05 -34.9689422379 -11.7607586701
283 35299 -0.0413653542956 1.67828370936e-05 -34.9304737154 -11.7319178334
284 33159 -0.0415112461154 1.61576161646e-05 -34.8873267732 -11.7195860442
285 33188 -0.0416516421875 1.59037448937e-05 -34.8459308753 -11.7346671623
286 34084 -0.0417880035566 1.59363018027e-05 -34.8058421145 -11.7392438473
287 34889 -0.0419230591631 1.64135601392e-05 -34.7662508753 -11.7640072348
288 34024 -0.0420639150339 1.61979085094e-05 -34.7250792706 -11.7329350138
289 33915 -0.0422031449066 1.60398563238e-05 -34.6845027976 -11.712827403
290 34352 -0.0423401345549 1.65018975445e-05 -34.6446950046 -11.759663743
291 33202 -0.04248349178 1.61232616687e-05 -34.6031593181 -11.7763953792
292 33347 -0.0426232547559 1.58131193749e-05 -34.56278506 -11.7091501692
293 34564 -0.0427578944242 1.67343018795e-05 -34.5240024078 -11.7542109078
294 32629 -0.042904541689 1.57176773852e-05 -34.4818850587 -11.7326257401
295 34149 -0.043039178818 1.63596876845e-05 -34.4433304564 -11.7448402434
296 33485 -0.0431806982109 1.63352826032e-05 -34.4029215842 -11.7557885553
297 32915 -0.0433232241498 1.54854665828e-05 -34.3623455006 -11.7302062215
298 35271 -0.0434537449701 1.65111256241e-05 -34.3252925438 -11.7599674428
299 34058 -0.0435953676164 1.62566446005e-05 -34.2852013989 -11.7362227662
300 33747 -0.043735449357 1.57778058192e-05 -34.2456621372 -11.728799747
301 35104 -0.0438687505178 1.68280841128e-05 -34.2081431257 -11.7567465594
302 32825 -0.0440157782006 1.57549743574e-05 -34.1668804339 -11.7184324961
303 34224 -0.0441505864808 1.64751937922e-05 -34.1291570268 -11.7495751494
304 33168 -0.0442937851044 1.59877100156e-05 -34.0892004708 -11.7391416206
305 33774 -0.0444314934751 1.58954029977e-05 -34.0508868575 -11.726180234
306 34715 -0.0445665385785 1.61051690778e-05 -34.0134194778 -11.7433492997
307 34930 -0.0447029432848 1.63114069192e-05 -33.9756802505 -11.7233867137
308 34419 -0.044842117455 1.62826523795e-05 -33.93728348 -11.7331773695
309 34015 -0.044981869812 1.65217643762e-05 -33.8988371953 -11.73076095
310 32810 -0.0451262542385 1.60020231998e-05 -33.8592318917 -11.746002543
311 33361 -0.045264936535 1.6071384811e-05 -33.8213005465 -11.7482029845
312 33683 -0.0454035520563 1.61634157248e-05 -33.7834945577 -11.6931789841
313 33692 -0.0455429427997 1.63902735108e-05 -33.7455846502 -11.6960865311
314 32935 -0.0456859066976 1.56433549926e-05 -33.7068144808 -11.7209092165
315 34731 -0.0458187804834 1.63792933522e-05 -33.6708814739 -11.7017814717
316 33988 -0.0459594170538 1.59003058791e-05 -33.6329545707 -11.6996999757
317 34918 -0.0460941113903 1.66208869426e-05 -33.596731366 -11.7494236327
318 33344 -0.0462381938455 1.61109613667e-05 -33.5580925703 -11.718823988
319 33531 -0.0463774655549 1.56581130084e-05 -33.520850667 -11.7128717127
320 35306 -0.0465093762844 1.63311984245e-05 -33.4856735238 -11.7183647552
321 34720 -0.046648114546 1.62681546665e-05 -33.4487764346 -11.7416167151
322 34363 -0.0467870337169 1.55063009387e-05 -33.4119343359 -11.7071861284
323 36745 -0.0469150824268 1.66495665558e-05 -33.3780661504 -11.7217759322
324 34987 -0.0470559843075 1.60518900895e-05 -33.3408988534 -11.7211883009
325 35395 -0.0471910425987 1.61420723097e-05 -33.3053714177 -11.7170715391
326 35482 -0.0473266939743 1.63434068956e-05 -33.2697845585 -11.7016144076
327 34850 -0.0474652769562 1.60319296237e-05 -33.2335281786 -11.703475409
328 35328 -0.0476002953309 1.63134526863e-05 -33.1983007636 -11.7231541628
329 34804 -0.047738715041 1.6221672287e-05 -33.1622842664 -11.7117723794
330 34608 -0.0478767441789 1.59383113561e-05 -33.1264681523 -11.6999662221
331 35418 -0.0480108040237 1.61945736471e-05 -33.0917760245 -11.6859012182
332 35316 -0.0481472152759 1.61004181404e-05 -33.056570123 -11.7200988673
333 35552 -0.0482823818642 1.63449282237e-05 -33.0217793247 -11.6970376404
334 34913 -0.0484208519182 1.6105178562e-05 -32.9862347491 -11.693718704
335 35130 -0.0485568694282 1.5671554633e-05 -32.9514144438 -11.6420839899
336 36939 -0.0486859418917 1.6748140023e-05 -32.918458522 -11.6623786851
337 34822 -0.0488280134041 1.61470473079e-05 -32.882280525 -11.703914897
338 34890 -0.0489648529929 1.58738186797e-05 -32.8475304998 -11.6778294755
339 35941 -0.0490973949888 1.62817575185e-05 -32.8139609895 -11.6898737134
340 35522 -0.0492341425552 1.61229950577e-05 -32.7794179049 -11.6890651364
341 35678 -0.0493692603349 1.60801663222e-05 -32.7453775189 -11.6850024212
342 35991 -0.0495034323423 1.60381891081e-05 -32.7116645655 -11.7095320153
343 36461 -0.0496363873847 1.67795206822e-05 -32.6783446999 -11.6927770831
344 34262 -0.0497798831301 1.61726659227e-05 -32.642480359 -11.6869630878
345 34239 -0.0499182350703 1.62914322794e-05 -32.6079967216 -11.7212061016
346 33807 -0.0500584922981 1.60748191672e-05 -32.5731331116 -11.6824293758
347 34122 -0.0501962438701 1.58108539162e-05 -32.5389849749 -11.7024417028
348 35375 -0.0503293113664 1.62823144115e-05 -32.5060848413 -11.6864946674
349 34961 -0.0504671571802 1.62086387645e-05 -32.4720929328 -11.6986276117
350 34811 -0.0506046744374 1.63036804652e-05 -32.4382725802 -11.6992409336
351 34329 -0.0507439656516 1.57556742626e-05 -32.4041077698 -11.6502903562
352 35790 -0.0508757983354 1.58966538994e-05 -32.3718571473 -11.6576198917
353 36783 -0.0510070035214 1.63818392548e-05 -32.3398415864 -11.6625954877
354 35987 -0.051143699868 1.62051860357e-05 -32.3065723306 -11.6395616988
355 35845 -0.0512791900137 1.65745109797e-05 -32.2736831257 -11.6712321067
356 34391 -0.0514206673829 1.61391634261e-05 -32.2394321004 -11.6402687615
357 34485 -0.0515582394904 1.57094835076e-05 -32.2062158447 -11.6615566402
358 36122 -0.0516890806393 1.63809129318e-05 -32.1747061519 -11.6729598296
359 35344 -0.0518270077464 1.63245649838e-05 -32.1415755814 -11.6758694592
360 34780 -0.0519655684592 1.57275761543e-05 -32.1083809313 -11.6665362109
361 36364 -0.0520961235372 1.63239794015e-05 -32.077184672 -11.6241697822
362 35786 -0.0522327181767 1.5900168212e-05 -32.0446285442 -11.6831335631
363 36765 -0.052363983123 1.64096144097e-05 -32.0134226548 -11.6744680619
364 35868 -0.0525011377987 1.59335425611e-05 -31.9808999852 -11.6634545843
365 36725 -0.0526327506439 1.64240518241e-05 -31.9497712481 -11.6667384337
366 35777 -0.0527702013203 1.59377429171e-05 -31.917344909 -11.6510042515
367 36616 -0.0529020442912 1.61383438757e-05 -31.8863210222 -11.6816607539
368 36719 -0.0530353587424 1.59938162551e-05 -31.8550297618 -11.6463376951
369 37367 -0.0531663297018 1.65930598372e-05 -31.8243655132 -11.6660101534
370 35784 -0.0533051814326 1.61354317942e-05 -31.7919391188 -11.6637475907
371 35896 -0.0534399925452 1.59724432901e-05 -31.7605377451 -11.6295317042
372 36609 -0.0535721359483 1.63185907692e-05 -31.7298353023 -11.6722863873
373 36047 -0.0537081906228 1.60637203593e-05 -31.6983040199 -11.6629421473
374 36424 -0.0538414263638 1.65395293562e-05 -31.6675043215 -11.6440677941
375 35070 -0.0539812303822 1.60323460449e-05 -31.635269226 -11.6372835049
376 35549 -0.0541158309349 1.59671008955e-05 -31.6043138917 -11.6313127773
377 36274 -0.0542485373012 1.59484444235e-05 -31.5738707079 -11.672138799
378 37084 -0.0543796330694 1.64418836425e-05 -31.5438713324 -11.6428932861
379 36061 -0.054516689196 1.59875968653e-05 -31.5125867176 -11.6106657028
380 36720 -0.0546487565666 1.61726207715e-05 -31.4825166758 -11.6449932245
381 36696 -0.0547823970585 1.59341631385e-05 -31.4521639367 -11.645457624
382 37570 -0.0549125257587 1.66306191793e-05 -31.4226815016 -11.6298275086
383 35841 -0.0550515798176 1.62797028783e-05 -31.3912558906 -11.6430248893
384 35430 -0.0551884864716 1.60559533539e-05 -31.3603950121 -11.6532333619
385 35828 -0.0553227594134 1.63710397002e-05 -31.330204077 -11.6359027628
386 35091 -0.055461098514 1.55623071947e-05 -31.2991775698 -11.641757504
387 37310 -0.0555886323103 1.64705944519e-05 -31.2706449573 -11.6472512424
388 36175 -0.0557257107224 1.59282598624e-05 -31.240052103 -11.6327638637
389 37059 -0.0558566853282 1.63337938212e-05 -31.2108939448 -11.627296853
390 36434 -0.0559921418248 1.63805491811e-05 -31.1808122235 -11.64672007
391 35650 -0.0561294715147 1.59750622679e-05 -31.1503912644 -11.6518782143
392 36348 -0.0562621094309 1.61021190441e-05 -31.1210827136 -11.6285136465
393 36585 -0.0563953689399 1.61506032646e-05 -31.0917088803 -11.6256255629
394 36643 -0.0565289242234 1.65596156973e-05 -31.0623420671 -11.6302498178
395 35209 -0.0566686213039 1.57601193964e-05 -31.0317018408 -11.5991449178
396 36691 -0.0567988622071 1.61077074289e-05 -31.0032063988 -11.6111368605
397 36909 -0.0569315810383 1.63859881927e-05 -30.9742387676 -11.6257786074
398 36095 -0.0570681071418 1.60808035017e-05 -30.9445135689 -11.6253076618
399 36409 -0.0572015114627 1.61817232449e-05 -30.9155397252 -11.6283992404
400 36351 -0.0573358590754 1.65153890669e-05 -30.8864323381 -11.6364119079
401 35086 -0.0574754282195 1.57108321958e-05 -30.8562691986 -11.6267026141
402 36746 -0.0576051639426 1.5948619577e-05 -30.8282999971 -11.6326137843
403 37566 -0.0577354176199 1.63486994217e-05 -30.8002855575 -11.6043264462
404 36877 -0.0578701815467 1.61389346673e-05 -30.7713708795 -11.5992389224
405 36979 -0.0580030322335 1.60637149146e-05 -30.7429359473 -11.6009025022
406 37365 -0.0581345781759 1.62064165866e-05 -30.7148477782 -11.6112744641
407 37213 -0.0582675648507 1.65457276177e-05 -30.6865200113 -11.6045394613
408 35807 -0.058405974169 1.57663737412e-05 -30.6571095401 -11.5985278888
409 37290 -0.0585352152454 1.66541296012e-05 -30.62971364 -11.6088666773
410 35489 -0.0586751543815 1.57978786652e-05 -30.6001220842 -11.6134298966
411 36841 -0.0588054409327 1.59601532043e-05 -30.5726387849 -11.6234754996
412 37619 -0.0589356968801 1.66045253185e-05 -30.545226411 -11.627476058
413 35983 -0.0590742589001 1.56830014878e-05 -30.5161365332 -11.6120591817
414 37792 -0.0592019597239 1.63640838572e-05 -30.4893910081 -11.6272766564
415 37041 -0.059336551501 1.59478559631e-05 -30.4612686073 -11.6376574016
416 37871 -0.0594662742211 1.61206132541e-05 -30.4342278041 -11.6127528393
417 38046 -0.0595970993496 1.64868484442e-05 -30.4070208325 -11.5946763856
418 36828 -0.0597330913864 1.62057236721e-05 -30.3788068259 -11.6025943813
419 36680 -0.0598670336758 1.57677563975e-05 -30.3510850976 -11.6232471653
420 38194 -0.0599947476612 1.65051716574e-05 -30.3247141563 -11.5987433697
421 36903 -0.0601307531015 1.57382094026e-05 -30.2966971839 -11.5907123328
422 38542 -0.0602576514141 1.60796908714e-05 -30.2706174735 -11.5841992781
423 38882 -0.0603867352091 1.59697007089e-05 -30.2441490212 -11.6044151929
424 39665 -0.0605136637176 1.65648302087e-05 -30.2181817186 -11.6166807583
425 38093 -0.0606480115482 1.63490179871e-05 -30.190760299 -11.5959942191
426 37393 -0.0607818447983 1.63439598388e-05 -30.1635088626 -11.5842424655
427 36724 -0.0609168484963 1.63791328615e-05 -30.1360845487 -11.574687435
428 35939 -0.0610536132324 1.54524382057e-05 -30.1083692947 -11.5810893161
429 38641 -0.0611780466317 1.64738734114e-05 -30.0832111815 -11.6041366023
430 37453 -0.0613127927199 1.61255930454e-05 -30.0560303636 -11.6173263122
431 37607 -0.061444419763 1.61941077824e-05 -30.0295410801 -11.5534410715
432 37500 -0.0615767944998 1.57568609356e-05 -30.0029632732 -11.5656022927
433 39091 -0.0617029473084 1.65772171899e-05 -29.9776923026 -11.5967949566
434 37495 -0.0618384641792 1.58167579877e-05 -29.9506079523 -11.5921599188
435 38849 -0.0619654908497 1.61714523305e-05 -29.92527897 -11.6064693983
436 38828 -0.062095400782 1.65310327883e-05 -29.8994334407 -11.600084216
437 37417 -0.062230679887 1.64104687826e-05 -29.8725822426 -11.6111670643
438 36501 -0.0623666473042 1.56713982028e-05 -29.8456584815 -11.5779462781
439 38382 -0.0624932702769 1.62035895816e-05 -29.8206426276 -11.5781327798
440 38236 -0.0626244415613 1.63231417588e-05 -29.7947865379 -11.5811565375
441 37632 -0.0627576379709 1.56840891157e-05 -29.768591806 -11.556451117
442 39520 -0.0628825251488 1.6779988517e-05 -29.7440864219 -11.5843667584
443 37135 -0.0630203626054 1.55826919922e-05 -29.7171017799 -11.5537827119
444 39402 -0.0631446279366 1.66302529582e-05 -29.6928296158 -11.5692098593
445 37590 -0.0632804053428 1.64061348672e-05 -29.6663687517 -11.5472795379
446 36686 -0.0634159938912 1.55826036619e-05 -29.6400069038 -11.5841597936
447 38926 -0.0635410160815 1.63525674839e-05 -29.6157543274 -11.5612523034
448 38197 -0.0636734621835 1.61963224819e-05 -29.5901188861 -11.5866997299
449 38080 -0.0638048433196 1.59776973623e-05 -29.564747595 -11.5902167437
450 38815 -0.0639332178035 1.64853315966e-05 -29.5400125589 -11.5657552546
451 37578 -0.0640678332281 1.60426705746e-05 -29.5141338942 -11.5560413052
452 38052 -0.064198016461 1.55462539241e-05 -29.4891644116 -11.5567851927
453 40525 -0.0643202616442 1.63018039193e-05 -29.465768442 -11.572607423
454 39971 -0.0644493327815 1.68189955529e-05 -29.4411194942 -11.5688902182
455 37410 -0.064586980886 1.62465448711e-05 -29.4148928413 -11.5576541778
456 37106 -0.0647204881369 1.57759098504e-05 -29.3895143754 -11.573533922
457 38606 -0.0648475851755 1.63823993428e-05 -29.3654084257 -11.5701943248
458 37768 -0.0649810234021 1.63756772263e-05 -29.3401562573 -11.5510667927
459 36974 -0.0651158325561 1.56006639683e-05 -29.3147032134 -11.5341313318
460 39159 -0.0652406257235 1.63077054338e-05 -29.2911935591 -11.5575190518
461 38601 -0.065372015641 1.60387614609e-05 -29.2664953028 -11.565229326
462 39103 -0.0655004054657 1.63428723596e-05 -29.2424144813 -11.5219315215
463 38408 -0.065632408201 1.60801691891e-05 -29.2177109632 -11.5548189537
464 38745 -0.0657617239627 1.62121656971e-05 -29.1935641353 -11.5522733212
465 38564 -0.0658924052752 1.60853478822e-05 -29.1692162772 -11.5661056272
466 38881 -0.0660215347095 1.60793472274e-05 -29.1452106617 -11.5417155198
467 39225 -0.0661500495496 1.63182924355e-05 -29.1213715435 -11.5522466604
468 38624 -0.0662814846658 1.60416807116e-05 -29.0970444562 -11.5450492523
469 39115 -0.0664098786406 1.62639149417e-05 -29.073332545 -11.5430717285
470 38729 -0.0665406985299 1.57411908597e-05 -29.0492256006 -11.5435629628
471 40437 -0.0666646114485 1.65395855006e-05 -29.0264406093 -11.5440959622
472 38934 -0.0667972979427 1.63220913237e-05 -29.0020952037 -11.5307253473
473 38323 -0.0669292794689 1.63484855147e-05 -28.9779332071 -11.5592688306
474 37621 -0.0670627025578 1.62269271856e-05 -28.9535619259 -11.5487670168
475 37390 -0.0671955418715 1.56946361374e-05 -28.9293516597 -11.5384987117
476 39224 -0.0673209840127 1.64113808024e-05 -28.9065391986 -11.5502342753
477 38260 -0.0674537961025 1.60612918246e-05 -28.8824388613 -11.5080862202
478 38669 -0.0675830857153 1.62417485183e-05 -28.8590293214 -11.523798049
479 38373 -0.0677143308882 1.64219688633e-05 -28.8353176037 -11.5010682832
480 37390 -0.0678487663838 1.61198379876e-05 -28.8110835365 -11.5465162839
481 37566 -0.0679804188058 1.62807895867e-05 -28.7874039889 -11.55505985
482 37132 -0.0681141614995 1.59520238416e-05 -28.7634018284 -11.5615440923
483 37948 -0.0682437864499 1.60182085433e-05 -28.7401898083 -11.527713304
484 38522 -0.0683729754453 1.61220015803e-05 -28.7171057899 -11.5256342953
485 38695 -0.0685027107384 1.59546681789e-05 -28.6939741655 -11.5063927689
486 39535 -0.068629728845 1.627368031e-05 -28.6713754101 -11.5278455062
487 39106 -0.068759994636 1.63079292724e-05 -28.6482484165 -11.5488725724
488 38547 -0.0688914768565 1.6239582865e-05 -28.6249562141 -11.5048240005
489 38261 -0.0690228975927 1.59229936832e-05 -28.6017256938 -11.5328402147
490 39217 -0.0691501756355 1.6257595303e-05 -28.5792757041 -11.5135794754
491 38855 -0.069280732664 1.55005218472e-05 -28.5562965209 -11.5059192168
492 41573 -0.0694010720459 1.6752087978e-05 -28.5351597021 -11.5059050483
493 39175 -0.0695350499428 1.67498011175e-05 -28.5116768334 -11.5631711343
494 36923 -0.069673032664 1.548148896e-05 -28.487546328 -11.5246118613
495 39582 -0.0697962094363 1.62730754376e-05 -28.466051501 -11.5165810497
496 39155 -0.0699263890318 1.61608387482e-05 -28.4433820819 -11.5339786036
497 39176 -0.0700556357946 1.58187040017e-05 -28.4209231736 -11.4999727068
498 40582 -0.0701799348709 1.64855931818e-05 -28.3993690536 -11.5092281791
499 39288 -0.0703115908383 1.5695930385e-05 -28.3765872203 -11.5342984759
500 41209 -0.0704339835627 1.64872655152e-05 -28.3554524702 -11.5123288391
501 39888 -0.0705646584434 1.662531109e-05 -28.3329343867 -11.5500098543
502 38073 -0.0706995322568 1.58680657949e-05 -28.3097432956 -11.5008780489
503 39243 -0.0708263298915 1.58493512971e-05 -28.2879875659 -11.5199554273
504 40525 -0.0709509572465 1.637452016e-05 -28.2666481673 -11.5237249142
505 39677 -0.0710810831309 1.59739790519e-05 -28.2444136429 -11.4882703107
506 40458 -0.0712067945457 1.62463164917e-05 -28.2229782608 -11.4994588439
507 40130 -0.071335170997 1.63102300715e-05 -28.2011337996 -11.5045682105
508 39548 -0.0714649983182 1.63856006413e-05 -28.1790889153 -11.4783816052
509 38677 -0.0715968849462 1.61651220525e-05 -28.1567420439 -11.5103674219
510 38681 -0.0717269906599 1.59756235042e-05 -28.1347438766 -11.5252575088
511 39436 -0.0718543340012 1.60354074461e-05 -28.1132577821 -11.5063048368
512 39963 -0.0719813091404 1.63220626018e-05 -28.0918780149 -11.4986637614
513 39336 -0.0721115799823 1.63815064951e-05 -28.0699890571 -11.4861740575
514 38486 -0.0722437610431 1.58312163853e-05 -28.0478263276 -11.4911882021
515 39817 -0.0723693483996 1.61490614912e-05 -28.0268130675 -11.475624043
516 39886 -0.0724973463165 1.60706041821e-05 -28.0054403616 -11.4728874821
517 40275 -0.0726241064974 1.66778572978e-05 -27.9843178638 -11.498291413
518 38238 -0.072759114117 1.53598050938e-05 -27.9618685629 -11.4969050825
519 41502 -0.0728784619498 1.67488249988e-05 -27.9420638748 -11.4724555486
520 39121 -0.0730125061099 1.60056701966e-05 -27.919865838 -11.4973040229
521 39763 -0.0731395630897 1.6127345801e-05 -27.8988690795 -11.4968034841
522 39920 -0.0732673347935 1.6277740513e-05 -27.8777974426 -11.4643935216
523 39471 -0.0733970299531 1.61318014309e-05 -27.8564528013 -11.4612947379
524 39609 -0.0735253378385 1.58997931724e-05 -27.8353801621 -11.4682137004
525 40694 -0.0736501020112 1.60374433166e-05 -27.8149310718 -11.4848474398
526 41229 -0.0737751278985 1.66127703751e-05 -27.7944800593 -11.493581625
527 39403 -0.0739076058341 1.59327702959e-05 -27.7728547064 -11.4740118775
528 40347 -0.0740331652067 1.61523282687e-05 -27.7524009752 -11.4947532789
529 40404 -0.074160366455 1.60886893354e-05 -27.7317215859 -11.4895193262
530 40723 -0.0742865689536 1.65598278507e-05 -27.7112460251 -11.4968085593
531 39129 -0.0744190864413 1.61844494604e-05 -27.6897902113 -11.4735015849
532 39056 -0.074548720221 1.61873933811e-05 -27.668845089 -11.4807776302
533 38972 -0.0746785180807 1.56135497338e-05 -27.6479167172 -11.4978157355
534 41221 -0.0748002503409 1.65755008165e-05 -27.628328049 -11.4919089745
535 39544 -0.074932194368 1.58958421156e-05 -27.6071388907 -11.4746762058
536 40644 -0.0750570049686 1.61497355142e-05 -27.5871361103 -11.4425690807
537 40712 -0.0751837036008 1.63266412053e-05 -27.5668712016 -11.4569542095
538 40054 -0.0753128367382 1.62427141765e-05 -27.5462587243 -11.4431279845
539 39744 -0.0754418068146 1.58418795085e-05 -27.5257142884 -11.4725332254
540 41074 -0.0755655408332 1.62359692921e-05 -27.5060432846 -11.4791389348
541 40784 -0.0756928030345 1.61630116043e-05 -27.4858514562 -11.4642762504
542 40797 -0.0758194732895 1.59068228934e-05 -27.4657937902 -11.4640646509
543 41885 -0.0759425057459 1.62532766004e-05 -27.4463504777 -11.4552354674
544 41516 -0.0760687750128 1.63920717176e-05 -27.4264347953 -11.4593000054
545 40575 -0.0761975908538 1.59470502103e-05 -27.4061582115 -11.4666635729
546 41487 -0.0763215242714 1.62110396856e-05 -27.3866888955 -11.4450005784
547 41298 -0.0764477972229 1.60490715371e-05 -27.3668910092 -11.4374623301
548 41792 -0.0765720687701 1.61374723989e-05 -27.347445199 -11.4522421857
549 41914 -0.0766968425825 1.64516624306e-05 -27.3279588935 -11.4527003248
550 40717 -0.0768259008256 1.59272336067e-05 -27.3078435236 -11.482474357
551 41716 -0.0769493399618 1.65089162768e-05 -27.2886419566 -11.4476652293
552 40290 -0.0770795317215 1.60001228162e-05 -27.2684301203 -11.4658378525
553 40975 -0.0772046532482 1.65014605378e-05 -27.2490441363 -11.444187579
554 39605 -0.0773359079877 1.61474773342e-05 -27.2287485519 -11.4792136889
555 39680 -0.0774642251211 1.5812658561e-05 -27.2089473327 -11.4575493128
556 41130 -0.077587647174 1.62179039842e-05 -27.1899388226 -11.476130949
557 40914 -0.0777145648411 1.56177304412e-05 -27.1704300056 -11.4424794425
558 43257 -0.077833430011 1.65364735719e-05 -27.1521938562 -11.4264954323
559 41662 -0.0779616742147 1.6044956105e-05 -27.1325565359 -11.435146851
560 42177 -0.0780853441318 1.61657210069e-05 -27.113656657 -11.4517500718
561 42179 -0.078209943031 1.63341388506e-05 -27.0946514468 -11.440921201
562 41466 -0.078336917183 1.61848801674e-05 -27.0753216655 -11.4270965347
563 41387 -0.0784628510484 1.62679263865e-05 -27.0561877625 -11.456450458
564 40962 -0.0785900867369 1.58936726602e-05 -27.0368938954 -11.4438803684
565 42111 -0.078712687756 1.63767196937e-05 -27.0183386944 -11.4407221613
566 41221 -0.0788403710874 1.6483087954e-05 -26.9990516228 -11.4378756694
567 39917 -0.0789709661753 1.59873608862e-05 -26.9793639946 -11.4338564777
568 40648 -0.0790964893327 1.61932639183e-05 -26.9604783032 -11.4475325994
569 40536 -0.0792238040587 1.60089065744e-05 -26.9413603274 -11.4319173416
570 41188 -0.0793486694847 1.59847524475e-05 -26.9226464985 -11.4313880089
571 41953 -0.0794722042184 1.66541978422e-05 -26.9041674297 -11.474829941
572 39927 -0.0796041383464 1.56212131676e-05 -26.8844706207 -11.4114549981
573 42199 -0.0797245118649 1.6461952693e-05 -26.8665344939 -11.4572265709
574 40951 -0.0798532811803 1.64517067739e-05 -26.8473839815 -11.4568019965
575 39782 -0.0799838487121 1.5854285096e-05 -26.8280045816 -11.4311276311
576 41061 -0.0801076984678 1.59848528168e-05 -26.8096580269 -11.443435037
577 41823 -0.0802314255052 1.66802171084e-05 -26.7913643211 -11.441662116
578 39698 -0.080363945637 1.55403948005e-05 -26.771808835 -11.433036097
579 42303 -0.0804835489225 1.64782989048e-05 -26.7541933769 -11.4153426239
580 40984 -0.0806123943066 1.59163681149e-05 -26.735252647 -11.4163664733
581 42036 -0.080735278957 1.62715629913e-05 -26.7172227879 -11.4108875006
582 41589 -0.0808615801376 1.58099234282e-05 -26.6987267753 -11.4172990029
583 43120 -0.0809820986888 1.6887261659e-05 -26.6811107013 -11.4146413233
584 40079 -0.081115624483 1.55149933472e-05 -26.6616310217 -11.415905149
585 42819 -0.0812343099768 1.64009875512e-05 -26.6443494819 -11.461524856
586 41811 -0.0813612770988 1.63727866298e-05 -26.6258964985 -11.4322019231
587 40944 -0.0814893613603 1.60143250987e-05 -26.6073171124 -11.4311860383
588 41580 -0.0816136793353 1.5843689079e-05 -26.5893184913 -11.4228652456
589 42964 -0.0817346756597 1.63200253818e-05 -26.5718332666 -11.4423352259
590 42298 -0.081860285836 1.58254810364e-05 -26.5537151083 -11.4325539135
591 43786 -0.0819800022024 1.65906656284e-05 -26.5364790557 -11.4214089558
592 41941 -0.0821082389208 1.57578992827e-05 -26.5180508167 -11.4195289938
593 43716 -0.082227540088 1.63440618161e-05 -26.5009386376 -11.427964136
594 42934 -0.0823524007309 1.62157764213e-05 -26.4830619466 -11.4232120385
595 42718 -0.0824765936711 1.61456236436e-05 -26.4653141643 -11.4085352149
596 42807 -0.0826001211269 1.66474438057e-05 -26.4476943492 -11.4106037822
597 40768 -0.0827306349202 1.55191281998e-05 -26.4291135236 -11.4287746622
598 43537 -0.0828483693296 1.65997412412e-05 -26.4123832775 -11.4067814185
599 41664 -0.0829771018004 1.63014950822e-05 -26.394123988 -11.4148087918
600 41096 -0.0831043920495 1.58280830668e-05 -26.376103883 -11.4245043611
601 42531 -0.0832258825883 1.60324224807e-05 -26.3589368469 -11.403824661
602 43112 -0.0833481091752 1.62149712691e-05 -26.3416972788 -11.3899758757
603 42899 -0.083472034252 1.61142762287e-05 -26.32425029 -11.4247747576
604 43125 -0.0835948659819 1.59842186784e-05 -26.3069890834 -11.3926073392
605 43929 -0.0837155872008 1.62789912011e-05 -26.2900552788 -11.4105935797
606 43429 -0.0838392400973 1.6478069441e-05 -26.2727418304 -11.4251596869
607 42076 -0.0839664009504 1.61932333917e-05 -26.2549704609 -11.4190050854
608 41960 -0.0840915361573 1.56577651331e-05 -26.237515011 -11.4054997768
609 44183 -0.0842094509547 1.66164598574e-05 -26.2210964737 -11.3876330683
610 42210 -0.0843374760244 1.62694574159e-05 -26.2033027375 -11.3945399069
611 41770 -0.084463486845 1.5574802701e-05 -26.1858219709 -11.3953650617
612 44355 -0.0845805486884 1.67690903672e-05 -26.1696119148 -11.416680163
613 41724 -0.0847105005116 1.59650206466e-05 -26.1516498588 -11.3946263821
614 42584 -0.0848329649618 1.61432100663e-05 -26.1347543421 -11.3783945444
615 42683 -0.0849566529754 1.66557801926e-05 -26.1177210867 -11.3997698401
616 40615 -0.0850874769353 1.56155171523e-05 -26.0997390135 -11.408765805
617 42951 -0.0852067485096 1.62021589932e-05 -26.0833751183 -11.4063340228
618 42794 -0.0853307269212 1.60492114165e-05 -26.0663959771 -11.3914946855
619 43305 -0.0854528089231 1.61183006342e-05 -26.0497068805 -11.3991904142
620 43516 -0.0855751190072 1.60720999757e-05 -26.0330167019 -11.3833445858
621 43933 -0.0856964975715 1.64836015428e-05 -26.0164833414 -11.3714685805
622 42541 -0.0858230048505 1.61085734731e-05 -25.9992827925 -11.3879351372
623 42790 -0.0859462730097 1.60468603828e-05 -25.9825534077 -11.4033721438
624 43311 -0.0860683282688 1.61780981565e-05 -25.966018465 -11.3823839356
625 43258 -0.0861914566151 1.62064216502e-05 -25.9493681494 -11.3791846941
626 43081 -0.0863150535355 1.58091871325e-05 -25.932684693 -11.3777971506
627 44671 -0.08643345683 1.65370348807e-05 -25.9167306119 -11.3950725797
628 43022 -0.0865596628894 1.62023819318e-05 -25.8997555961 -11.3750837018
629 42864 -0.0866835420623 1.60831448709e-05 -25.8831240174 -11.4002088837
630 43226 -0.0868059929398 1.62733909949e-05 -25.8667137804 -11.4073037613
631 42758 -0.0869305690119 1.62113405326e-05 -25.8500488387 -11.3673410556
632 42562 -0.087054955253 1.58618345701e-05 -25.8334395045 -11.3758194557
633 43897 -0.0871747949475 1.6414947915e-05 -25.8174657527 -11.3769503674
634 42803 -0.0873003890001 1.62384924122e-05 -25.8007549047 -11.3798093457
635 42490 -0.0874250897017 1.5934510011e-05 -25.784193135 -11.4297292235
636 43501 -0.0875460258665 1.62991427868e-05 -25.7681600229 -11.3732563695
637 42918 -0.0876705666258 1.59275686596e-05 -25.7516784718 -11.4127776862
638 43970 -0.0877908034635 1.66678913069e-05 -25.7357947644 -11.3614763713
639 41788 -0.0879198715377 1.5903452777e-05 -25.7187752448 -11.3708901059
640 42917 -0.0880413898368 1.61392619619e-05 -25.7027803692 -11.3805266026
641 43034 -0.0881645422531 1.60482093705e-05 -25.6865991174 -11.3483004686
642 43552 -0.0882862695627 1.62597713202e-05 -25.6706334474 -11.3586333237
643 43140 -0.088410189005 1.5984535156e-05 -25.6544091185 -11.3445702506
644 43942 -0.0885308935633 1.61855656185e-05 -25.6386336252 -11.3769214745
645 43855 -0.0886532374268 1.60616436199e-05 -25.62267193 -11.3501387512
646 44322 -0.0887740031887 1.65577632289e-05 -25.6069437449 -11.3979828285
647 42596 -0.0889009973615 1.56555265772e-05 -25.5904339153 -11.3372194548
648 44863 -0.0890179985144 1.63798522758e-05 -25.5752499454 -11.3773556215
649 43901 -0.0891417469976 1.63078007829e-05 -25.5592181467 -11.3942936612
650 43274 -0.089265839422 1.63009618211e-05 -25.5431704304 -11.3420656592
651 42686 -0.0893907318601 1.58250833461e-05 -25.5270481388 -11.3673572944
652 44190 -0.0895098974942 1.60448280763e-05 -25.5116920611 -11.3706116928
653 44737 -0.0896299761559 1.62062326421e-05 -25.4962448756 -11.3520265792
654 44555 -0.0897515102728 1.58387604674e-05 -25.4806375247 -11.3348254653
655 46061 -0.0898683316646 1.62798732582e-05 -25.4656609833 -11.3351750473
656 45532 -0.0899891008766 1.63808148169e-05 -25.4502046483 -11.3475956422
657 44551 -0.0901119500945 1.64726027344e-05 -25.4345094914 -11.3385124758
658 43187 -0.0902374230522 1.6275640617e-05 -25.4185075611 -11.3783333331
659 42710 -0.0903620868142 1.60449114888e-05 -25.402637214 -11.3327068328
660 43239 -0.0904842294113 1.61860765464e-05 -25.3871151937 -11.333077852
661 43152 -0.0906075709172 1.6116081323e-05 -25.3714682343 -11.3452596756
662 43372 -0.0907300669753 1.60413057597e-05 -25.3559557293 -11.3550698965
663 43925 -0.0908512244263 1.60034966698e-05 -25.3406393394 -11.331000497
664 44656 -0.0909711027673 1.62736883141e-05 -25.3255106206 -11.3527350994
665 44171 -0.0910936720748 1.61342645485e-05 -25.3100689415 -11.3780326451
666 44314 -0.0912149954211 1.59636502829e-05 -25.294810694 -11.3333113673
667 45234 -0.0913338087154 1.63402831774e-05 -25.2798935749 -11.3604847198
668 44442 -0.0914565044976 1.59203068364e-05 -25.2645153733 -11.3554489894
669 45565 -0.0915745643722 1.65859774288e-05 -25.2497434477 -11.3447589279
670 43665 -0.0917002073974 1.57602071532e-05 -25.2340498116 -11.3378161931
671 45502 -0.0918171605321 1.67074048069e-05 -25.2194666589 -11.3702942521
672 43071 -0.0919445929777 1.58542215228e-05 -25.2036042536 -11.3542184889
673 44457 -0.0920636192519 1.63270755968e-05 -25.1888140029 -11.3166163634
674 43737 -0.0921871997576 1.60876263099e-05 -25.1734841232 -11.3243764767
675 44087 -0.0923084837587 1.61548856398e-05 -25.1584650882 -11.3400329075
676 44137 -0.0924302051284 1.60208263078e-05 -25.143417692 -11.3365635051
677 44793 -0.092550030072 1.63423164453e-05 -25.1286299181 -11.3323385276
678 43999 -0.0926733564216 1.54659866419e-05 -25.1134360568 -11.343704095
679 47242 -0.0927859927341 1.72001516687e-05 -25.0995822248 -11.3456801228
680 42540 -0.0929180007082 1.59458052115e-05 -25.0833736451 -11.3309920206
681 43502 -0.0930390208316 1.57411594856e-05 -25.0685405881 -11.3256550742
682 45420 -0.0931559380726 1.63385483496e-05 -25.0542343151 -11.3486105572
683 44632 -0.0932783585993 1.63183640967e-05 -25.0392797646 -11.3427274972
684 43948 -0.0934015763286 1.57445138894e-05 -25.0242537134 -11.321616661
685 45870 -0.0935179434137 1.67182043875e-05 -25.0100868622 -11.3493385533
686 43372 -0.0936450152381 1.63359957584e-05 -24.9946431101 -11.3351246841
687 42631 -0.0937702569529 1.55560259111e-05 -24.9794486051 -11.3331279204
688 45356 -0.0938858805283 1.61321596104e-05 -24.9654445679 -11.335919893
689 45513 -0.094005580094 1.65151873107e-05 -24.9509706501 -11.3274492523
690 43930 -0.0941303098627 1.60058996714e-05 -24.9359141765 -11.3189798645
691 44650 -0.0942502140045 1.5967790126e-05 -24.9214648736 -11.2996342024
692 45558 -0.0943686349874 1.65861846644e-05 -24.9072179672 -11.3108405604
693 43658 -0.0944942905549 1.58553935681e-05 -24.8921263418 -11.3057360949
694 45057 -0.0946125297192 1.63233751808e-05 -24.8779495129 -11.3172724593
695 44344 -0.094735233787 1.62671486425e-05 -24.8632619531 -11.3131205502
696 43892 -0.0948581433257 1.56513683574e-05 -24.8485748657 -11.3311562705
697 46247 -0.0949733492273 1.60769678642e-05 -24.8348310488 -11.3074886905
698 46667 -0.0950911541669 1.66337029443e-05 -24.8207998562 -11.3079057172
699 44506 -0.0952159636946 1.60067828793e-05 -24.8059593435 -11.3065221266
700 45232 -0.0953351013194 1.64603880081e-05 -24.7918171522 -11.3220464675
701 43902 -0.0954594567724 1.61030191139e-05 -24.7770804216 -11.2988561412
702 44184 -0.0955807231561 1.55564330684e-05 -24.7627341374 -11.3261588371
703 47006 -0.0956943018829 1.64637719182e-05 -24.7493191102 -11.3149918982
704 45608 -0.0958163342038 1.62440611231e-05 -24.7349290296 -11.2782397603
705 45249 -0.0959372149345 1.64163769655e-05 -24.7206986048 -11.3189915804
706 44115 -0.0960609381733 1.56508294101e-05 -24.7061580829 -11.3243901315
707 46485 -0.0961758454206 1.59834837047e-05 -24.6926758305 -11.2781169523
708 47355 -0.0962921121822 1.62121011763e-05 -24.679055748 -11.3257112066
709 47135 -0.0964103170196 1.65984995291e-05 -24.6652309373 -11.292524233
710 45113 -0.0965340215978 1.58774502143e-05 -24.6507869263 -11.265719912
711 46454 -0.0966506307306 1.63192821329e-05 -24.6371938429 -11.3196206547
712 45738 -0.0967714203104 1.62895672492e-05 -24.6231363625 -11.2755397594
713 45169 -0.0968927470141 1.61420090761e-05 -24.6090397915 -11.2847802567
714 45280 -0.0970128273317 1.57821966599e-05 -24.5951110904 -11.2938588077
715 47080 -0.097127964624 1.63419424841e-05 -24.5817772444 -11.3141557455
716 46248 -0.0972482532461 1.60496936764e-05 -24.5678692503 -11.2989022542
717 46798 -0.0973656943932 1.63871968828e-05 -24.5543125369 -11.2880401504
718 45760 -0.0974869569838 1.61067187151e-05 -24.5403375059 -11.2966556081
719 46037 -0.097605785553 1.60968158048e-05 -24.5266654125 -11.287604264
720 46362 -0.0977241237722 1.62373159147e-05 -24.5130717474 -11.3078151497
721 46028 -0.0978439267286 1.65594055982e-05 -24.4993321475 -11.2980531939
722 44228 -0.0979685679376 1.53055481602e-05 -24.4850614536 -11.2767306424
723 48270 -0.0980788430615 1.67634802476e-05 -24.4724557656 -11.2878951337
724 45433 -0.098203336427 1.55951508881e-05 -24.4582474785 -11.2978100308
725 48145 -0.0983158430576 1.63914054264e-05 -24.4454278914 -11.2843367668
726 47057 -0.0984354535014 1.661638459e-05 -24.4318203289 -11.2850535067
727 44956 -0.0985595063893 1.54713295795e-05 -24.4177306891 -11.2768988659
728 48243 -0.0986710061692 1.6221477904e-05 -24.405087018 -11.288699439
729 47973 -0.0987882415546 1.6516107014e-05 -24.3918135431 -11.2862034773
730 46300 -0.0989097436716 1.67747356126e-05 -24.3780792108 -11.3016330774
731 43529 -0.0990370158913 1.54385366427e-05 -24.36371684 -11.3042163842
732 46868 -0.0991498999621 1.62005899474e-05 -24.350998811 -11.2705866354
733 46704 -0.0992685636571 1.64219041405e-05 -24.337650527 -11.2656528462
734 45508 -0.0993904195829 1.60182542441e-05 -24.3239654007 -11.2728521298
735 46196 -0.099508391419 1.62507105831e-05 -24.3107379055 -11.2844370097
736 45801 -0.0996285900809 1.627471416e-05 -24.2972823577 -11.2612359711
737 45299 -0.0997496315361 1.63042141252e-05 -24.2837544734 -11.2926369184
738 44669 -0.0998717450242 1.61157688247e-05 -24.2701291039 -11.2809557164
739 44898 -0.0999921388333 1.54233121299e-05 -24.2567175186 -11.281466224
740 48417 -0.100103093024 1.62872087709e-05 -24.2443766974 -11.2562804928
741 47826 -0.100220984175 1.65855898751e-05 -24.231284464 -11.2927155417
742 45834 -0.100343616048 1.59685539952e-05 -24.2176877338 -11.2706498068
743 46762 -0.100460507601 1.635385635e-05 -24.2047482714 -11.2642612309
744 45880 -0.10058136553 1.5743676981e-05 -24.1913910565 -11.2838830436
745 47891 -0.100695245268 1.65508506399e-05 -24.178824852 -11.257371031
746 46058 -0.10081732202 1.59038821661e-05 -24.1653754033 -11.286251928
747 47300 -0.100933076053 1.66796751914e-05 -24.1526428204 -11.2869198494
748 44899 -0.101057680299 1.53920826607e-05 -24.1389587514 -11.273873154
749 48572 -0.101168232825 1.64940401488e-05 -24.1268369076 -11.2667136002
750 46983 -0.101288687248 1.64141518499e-05 -24.1136496987 -11.2751748228
751 45816 -0.101410075743 1.61300886172e-05 -24.1003816564 -11.2653068657
752 45984 -0.101529145089 1.63372893666e-05 -24.0873879522 -11.2359696519
753 45192 -0.101650795405 1.58120658847e-05 -24.0741338694 -11.2674876251
754 46846 -0.101766438169 1.59735020368e-05 -24.0615542147 -11.2746248128
755 47771 -0.101882125123 1.64977879109e-05 -24.0489891081 -11.2776861245
756 46191 -0.102003635892 1.60867225651e-05 -24.0358122578 -11.2793686692
757 46565 -0.102121642143 1.59890685456e-05 -24.0230357934 -11.2690393188
758 47409 -0.102237882526 1.65215619666e-05 -24.0104700782 -11.2531096338
759 45730 -0.102360179416 1.59272683781e-05 -23.9972705556 -11.233513211
760 46852 -0.102476656871 1.59251027347e-05 -23.9847190134 -11.2508289477
761 48012 -0.102591702892 1.65499389456e-05 -23.9723407258 -11.2611065033
762 46179 -0.102713613367 1.59632239358e-05 -23.9592444267 -11.2583909804
763 47140 -0.102829997092 1.65206359978e-05 -23.94676154 -11.2583029132
764 45475 -0.102952629793 1.57025390034e-05 -23.9336291828 -11.275663152
765 47667 -0.103066478434 1.62651176113e-05 -23.9214565195 -11.229879579
766 47191 -0.103184999389 1.61796440134e-05 -23.9088037229 -11.2631279211
767 47126 -0.103302977957 1.58671749658e-05 -23.8962284694 -11.2494357799
768 48578 -0.103416936105 1.65719701942e-05 -23.8841003132 -11.2544746043
769 46619 -0.103538431252 1.59429086269e-05 -23.8711900679 -11.2670615255
770 47687 -0.103653997789 1.6510411621e-05 -23.8589289611 -11.2472065464
771 46050 -0.103775786515 1.58101795888e-05 -23.8460278736 -11.2529451432
772 47744 -0.103890322251 1.61669800621e-05 -23.833913937 -11.2410531667
773 47740 -0.104007448494 1.63221779028e-05 -23.8215448592 -11.243962252
774 46990 -0.104126638725 1.61768185606e-05 -23.8089773339 -11.2468763572
775 46939 -0.10424483176 1.6209768751e-05 -23.7965343539 -11.2323430605
776 46732 -0.104363528114 1.59238067397e-05 -23.7840577845 -11.2552824709
777 47896 -0.104478704797 1.64449792839e-05 -23.771969722 -11.250381238
778 46560 -0.104599344997 1.58580486732e-05 -23.7593277904 -11.2509904717
779 48039 -0.10471387468 1.61947140801e-05 -23.7473446407 -11.2479183912
780 47900 -0.104831005745 1.61952652763e-05 -23.7351078655 -11.2498902496
781 47758 -0.10494831391 1.58885477854e-05 -23.7228713534 -11.2434631939
782 49123 -0.105061791087 1.60804758819e-05 -23.711052285 -11.2641623058
783 49552 -0.105176140755 1.66069718592e-05 -23.699160042 -11.2532032926
784 47385 -0.105296904087 1.58650047382e-05 -23.6866200319 -11.2278694438
785 48856 -0.105410522303 1.67028339758e-05 -23.6748399799 -11.2159276257
786 46268 -0.10553344069 1.59471238821e-05 -23.662115299 -11.2328373052
787 47308 -0.105649500261 1.58969476999e-05 -23.6501193296 -11.2236819603
788 48618 -0.105763624806 1.63660615967e-05 -23.6383410164 -11.2126130874
789 47642 -0.105882315308 1.63461220348e-05 -23.626109997 -11.2430701011
790 46780 -0.106001948282 1.57997649966e-05 -23.6138009299 -11.2166025817
791 48553 -0.106115451931 1.63400629252e-05 -23.6021401747 -11.2594548938
792 47704 -0.10623387693 1.58321575265e-05 -23.5899921206 -11.2297896044
793 49349 -0.106346691836 1.63598864633e-05 -23.5784368894 -11.2328101969
794 48388 -0.10646441866 1.63726836048e-05 -23.5663965477 -11.2607990501
795 47385 -0.106583479025 1.591216145e-05 -23.5542384765 -11.2129128759
796 48622 -0.10669770814 1.58164743443e-05 -23.5425913538 -11.2350520655
797 50379 -0.106809253405 1.67358718452e-05 -23.531234478 -11.2220431566
798 47550 -0.106930742276 1.61109592095e-05 -23.5188838178 -11.2534165008
799 47817 -0.107047368547 1.58863919848e-05 -23.5070457131 -11.2357680605
800 49194 -0.107160747895 1.63016717897e-05 -23.4955542578 -11.2334858421
801 48522 -0.10727789408 1.59608930282e-05 -23.4836986593 -11.2373035366
802 49543 -0.107391403096 1.63928958114e-05 -23.4722282213 -11.2118863038
803 48416 -0.107509333519 1.61701872399e-05 -23.4603287398 -11.2151852612
804 48396 -0.107625686088 1.62074621255e-05 -23.4486061609 -11.2307288571
805 48193 -0.107742551754 1.62363415598e-05 -23.436849539 -11.2095559681
806 47851 -0.107860043974 1.60482447137e-05 -23.4250476812 -11.2331158588
