100 100000 0.75 reinforce cheb_reinforce 30000000

1 100 0 2.07854692098e-05 -56.6666666667 -12.7250186187
2 25754 -0.000167402093823 1.9766420363e-05 -56.5114648191 -12.1622810192
3 17865 -0.000358541486666 1.54673063637e-05 -56.3354268572 -12.1262339483
4 19180 -0.00050289218612 1.67673508818e-05 -56.2033009581 -12.1327308222
5 18046 -0.000664216711052 1.6237371436e-05 -56.0564661444 -12.1568952382
6 17916 -0.000821005576872 1.60471720385e-05 -55.9145894496 -12.099125695
7 18134 -0.000975025459344 1.53777386001e-05 -55.7760080183 -12.1114785994
8 19647 -0.00111682431492 1.67710779347e-05 -55.6491088668 -12.1392135027
9 18478 -0.00127628555618 1.59821367244e-05 -55.5071826898 -12.1147251009
10 18827 -0.00142683272321 1.6696734393e-05 -55.3739414521 -12.1497588369
11 17841 -0.0015883975112 1.5809226823e-05 -55.2317537694 -12.1265234477
12 18500 -0.0017386263859 1.65472051674e-05 -55.1002836908 -12.1147483823
13 17799 -0.00189893338764 1.59788771384e-05 -54.9607750683 -12.1418980899
14 18141 -0.00205226857377 1.54470596938e-05 -54.8280821453 -12.1031256424
15 19516 -0.00219518222834 1.65777338676e-05 -54.7050613088 -12.1204216092
16 18718 -0.00235179083738 1.61300177968e-05 -54.5709700324 -12.1454803248
17 18787 -0.00250389102015 1.60506405756e-05 -54.4414521879 -12.0928754273
18 19009 -0.00265435720444 1.64715770632e-05 -54.3140116774 -12.1113349767
19 18429 -0.00281117811489 1.61835895295e-05 -54.1819090958 -12.1235185024
20 18397 -0.00296539396788 1.60487222669e-05 -54.052712038 -12.0963693952
21 18618 -0.00311741368909 1.59164403385e-05 -53.9260393762 -12.0886426921
22 19096 -0.0032662799329 1.64168067613e-05 -53.8026478077 -12.0980522708
23 18617 -0.00342179045382 1.58123769537e-05 -53.6744339772 -12.1301224832
24 19298 -0.00356890789846 1.6710296607e-05 -53.5537792671 -12.1065254532
25 18262 -0.00372872833157 1.60356325817e-05 -53.4234052508 -12.0488172426
26 18506 -0.00388108321796 1.59366491742e-05 -53.2997933711 -12.1272757751
27 18942 -0.00403074231227 1.59721557804e-05 -53.1790023376 -12.1106582248
28 19319 -0.00417926603072 1.6336889654e-05 -53.0597437287 -12.0875126039
29 18987 -0.00433250147495 1.61138419318e-05 -52.9373400437 -12.1054909751
30 19088 -0.00448324514082 1.61770358168e-05 -52.8175543848 -12.1277003082
31 19067 -0.00463466379556 1.64095138057e-05 -52.6978541485 -12.0764944621
32 18602 -0.00479016587893 1.6487577256e-05 -52.5755694333 -12.0664801323
33 18006 -0.00494897585376 1.57449839557e-05 -52.4513512209 -12.1132180392
34 18793 -0.00509742195578 1.58773424117e-05 -52.3358448586 -12.1013450119
35 19352 -0.00524493635236 1.60643852598e-05 -52.2216385227 -12.1081775416
36 19553 -0.00539342025641 1.65719700066e-05 -52.1072561817 -12.1247053716
37 18765 -0.00554978052496 1.5932275361e-05 -51.9874248301 -12.0627247356
38 19216 -0.00569832943294 1.67494948087e-05 -51.8741631504 -12.1228894596
39 18112 -0.00585918548242 1.61187011883e-05 -51.7521536981 -12.0536621815
40 18200 -0.00601361206884 1.53855464589e-05 -51.6356382348 -12.1078508681
41 19702 -0.00615528171403 1.66190610361e-05 -51.5292756889 -12.0672114017
42 18818 -0.00631186560556 1.63336775464e-05 -51.4122990071 -12.0549838602
43 18501 -0.0064670716651 1.61515725403e-05 -51.2969513814 -12.0609477755
44 18529 -0.00662043332261 1.61402401929e-05 -51.1835564938 -12.1104321626
45 18578 -0.00677348351283 1.61279078059e-05 -51.0709642864 -12.0745737183
46 18650 -0.00692611940424 1.54603216107e-05 -50.959242058 -12.0995822482
47 20037 -0.007067285547 1.69162058426e-05 -50.8564138755 -12.0997758986
48 18570 -0.007227729509 1.56832381511e-05 -50.7401209482 -12.0846761616
49 19504 -0.00737287467555 1.69005343908e-05 -50.6354424544 -12.0896669196
50 18105 -0.0075352164991 1.64128413976e-05 -50.5189487511 -12.0615109023
51 17658 -0.00769485567346 1.51036119965e-05 -50.4049942855 -12.1219329875
52 19672 -0.00783403541327 1.63134882953e-05 -50.3061260289 -12.0558785314
53 19380 -0.00798549239788 1.64276590709e-05 -50.1990426534 -12.0593653772
54 18873 -0.00814004633832 1.64088570995e-05 -50.0903096396 -12.0448276538
55 18414 -0.00829633413981 1.6123673055e-05 -49.9809073513 -12.0682488351
56 18494 -0.00844957504525 1.53413289145e-05 -49.87417145 -12.0885591551
57 20111 -0.00858939528606 1.68253386364e-05 -49.777240971 -12.0597450355
58 18811 -0.00874795164355 1.5900532036e-05 -49.667846216 -12.0936057951
59 19325 -0.00889578476012 1.64086002564e-05 -49.5663485308 -12.0515764708
60 18856 -0.00905022957988 1.61931596103e-05 -49.4608216646 -12.0214413981
61 18805 -0.00920285354096 1.55868130699e-05 -49.3570474359 -12.0246324119
62 19945 -0.00934550138557 1.68518984304e-05 -49.2605100792 -12.0862459242
63 18605 -0.00950518233747 1.57781969549e-05 -49.1529618903 -12.0453939602
64 19353 -0.00965177439643 1.62406511318e-05 -49.0547061728 -12.0087075779
65 19207 -0.00980323215028 1.64334136773e-05 -48.9536651598 -12.0396790172
66 18693 -0.00995858028236 1.57205075017e-05 -48.850527814 -12.0426047875
67 19558 -0.0101038657675 1.63921779997e-05 -48.7545252669 -12.0350871839
68 19115 -0.0102571065393 1.60849636734e-05 -48.6537382304 -12.0700804126
69 19273 -0.0104068557921 1.6893272902e-05 -48.555712714 -12.0701288061
70 17903 -0.0105700373719 1.53776756e-05 -48.4494141402 -12.031142964
71 19396 -0.0107127470591 1.58041052619e-05 -48.3568923845 -12.0600442183
72 20122 -0.0108567439905 1.63688834431e-05 -48.2639504171 -12.0418853532
73 19713 -0.0110074290981 1.62338884849e-05 -48.1671342543 -12.0298794286
74 19578 -0.0111573835747 1.63627812376e-05 -48.0712338724 -12.0606332776
75 19192 -0.0113100436286 1.61731698235e-05 -47.9740574071 -12.0316177403
76 19179 -0.0114609857664 1.56001614961e-05 -47.8784219413 -11.995779841
77 20314 -0.0116024528294 1.6404283324e-05 -47.7891909579 -12.0264253068
78 19829 -0.0117530185226 1.66221517513e-05 -47.6946445238 -12.0487807397
79 18933 -0.0119091536559 1.62576300554e-05 -47.5970589551 -12.0387453323
80 18758 -0.0120625742951 1.5998544465e-05 -47.5016211777 -12.0342551491
81 19080 -0.0122122716534 1.65192724992e-05 -47.4089276485 -12.0291195505
82 18409 -0.0123696338465 1.60081645121e-05 -47.3119407425 -11.9547683136
83 18707 -0.012520908244 1.57061776534e-05 -47.2191403697 -12.0129900277
84 19602 -0.0126659013708 1.59326239779e-05 -47.130590292 -11.9906856853
85 20072 -0.0128112499346 1.62812687912e-05 -47.0422105855 -11.9865368711
86 19839 -0.0129606497044 1.58687430942e-05 -46.9517691645 -12.0396954517
87 20447 -0.0131040822336 1.69031140146e-05 -46.865320693 -12.0351182346
88 18975 -0.0132626812643 1.56005218813e-05 -46.7701623376 -11.9974506409
89 20097 -0.0134049126406 1.67702611747e-05 -46.6852070433 -11.9886235527
90 18903 -0.0135625642892 1.64195860341e-05 -46.5914610231 -12.0014895919
91 18423 -0.0137189151715 1.5361469532e-05 -46.4989215557 -12.0438036895
92 19993 -0.0138593323218 1.61231564544e-05 -46.4161779196 -12.0517501093
93 20081 -0.0140063889137 1.63803549451e-05 -46.3298898599 -11.9828171342
94 19650 -0.0141574213197 1.61581868075e-05 -46.24165831 -12.0220522452
95 19666 -0.0143063425704 1.62997484978e-05 -46.1550438985 -12.0083025806
96 19401 -0.0144575896382 1.63616416526e-05 -46.0674642933 -11.9668749626
97 19020 -0.0146109249459 1.53560771162e-05 -45.9790715197 -11.9819874245
98 20652 -0.0147490344085 1.68511051574e-05 -45.8997950684 -12.0118984972
99 19266 -0.0149059446063 1.55918308684e-05 -45.8101142535 -11.9733353338
100 20423 -0.0150469567981 1.66483618251e-05 -45.7298692501 -12.0486405761
101 19448 -0.0152012520526 1.5576352385e-05 -45.6424418455 -12.0071903616
102 20649 -0.0153413532721 1.61879487296e-05 -45.5633958101 -11.9513311793
103 20604 -0.0154871149658 1.68504400654e-05 -45.4814960908 -11.9781752311
104 19223 -0.0156441963344 1.57921398576e-05 -45.3936218351 -11.9852156879
105 19967 -0.0157886424528 1.63693206075e-05 -45.3131668452 -11.9765823263
106 19560 -0.0159399186932 1.60977641431e-05 -45.2292656055 -12.0052591242
107 19696 -0.0160881687839 1.6326908447e-05 -45.1473958977 -12.0438669813
108 19378 -0.0162397611282 1.53305152127e-05 -45.0640396472 -12.0045496844
109 21095 -0.0163761835587 1.65982975625e-05 -44.9893334632 -11.938904001
110 20191 -0.016527161119 1.60404115888e-05 -44.9069953994 -11.9708364462
111 20451 -0.0166721338735 1.67115268412e-05 -44.8282649579 -11.9442126476
112 19351 -0.0168274048321 1.59628167879e-05 -44.7443011798 -11.9725952173
113 19755 -0.0169741950539 1.63545128399e-05 -44.6652630123 -11.978284309
114 19381 -0.0171260291935 1.565075919e-05 -44.5838540392 -12.0341728585
115 20423 -0.0172675770654 1.62759621028e-05 -44.5082743427 -11.9514011086
116 20197 -0.0174155993179 1.63920753478e-05 -44.4295598233 -11.9723890185
117 19740 -0.0175663947335 1.59077474341e-05 -44.3497072243 -11.916719911
118 20265 -0.0177108256721 1.61391349221e-05 -44.2735414581 -11.9738672823
119 20321 -0.0178571553659 1.71504627973e-05 -44.1966883249 -11.9728253075
120 18391 -0.0180206095545 1.52575056601e-05 -44.1112125897 -11.9871431108
121 20170 -0.0181594610407 1.6332195816e-05 -44.0389083078 -11.9827125822
122 19833 -0.0183093502677 1.57900561271e-05 -43.9611697272 -11.9508806138
123 20605 -0.0184515238743 1.64663798891e-05 -43.8877316756 -11.9709930223
124 19987 -0.0186020617556 1.58504496222e-05 -43.8102884142 -11.9483169822
125 20638 -0.0187446649847 1.6518083281e-05 -43.7372243741 -11.9844937161
126 19914 -0.0188959508415 1.62851924543e-05 -43.6600259822 -12.004622138
127 19675 -0.0190460081257 1.61127886421e-05 -43.5837721932 -11.9590655301
128 19782 -0.0191940751256 1.59870536212e-05 -43.5088380176 -11.9655536516
129 20145 -0.0193396568814 1.65157984447e-05 -43.4354582771 -11.9459921252
130 19443 -0.0194927438102 1.60375129206e-05 -43.358610991 -11.9288484392
131 19699 -0.0196404304764 1.5660606141e-05 -43.2847791164 -11.9632005074
132 20737 -0.0197809898527 1.67502620853e-05 -43.2147864659 -11.9343430818
133 19544 -0.0199358475203 1.60249668846e-05 -43.1379837926 -11.9716460814
134 19826 -0.0200829431533 1.63735204842e-05 -43.0653298597 -11.9360132864
135 19413 -0.0202348276665 1.56955950652e-05 -42.9906145268 -11.984462711
136 20363 -0.0203769875072 1.59183479519e-05 -42.9209610993 -11.940279118
137 20882 -0.0205193632401 1.62466671688e-05 -42.8514698557 -11.9614794916
138 20712 -0.0206652691877 1.64731774716e-05 -42.7805321943 -11.9289674775
139 20077 -0.020815531485 1.61180333088e-05 -42.7077674911 -11.9646064304
140 20175 -0.0209621953593 1.64892773668e-05 -42.6370283695 -11.9782450975
141 19525 -0.0211147175525 1.62240075933e-05 -42.5637584705 -11.9478049334
142 19411 -0.0212652250628 1.58421588364e-05 -42.4917493022 -11.9653744422
143 20060 -0.0214097920529 1.6088328835e-05 -42.4228546605 -11.9362074275
144 20219 -0.0215560270646 1.66853415916e-05 -42.353435009 -11.9412521277
145 19182 -0.0217117348042 1.561630035e-05 -42.2798151674 -11.9396524729
146 20284 -0.0218534533467 1.64519317995e-05 -42.2130739222 -11.9688813879
147 19705 -0.0220049335626 1.58806787202e-05 -42.1420124388 -11.9593460006
148 20285 -0.0221490485227 1.57148424259e-05 -42.0746702103 -11.9165042213
149 21236 -0.0222884260312 1.66644246465e-05 -42.0097852803 -11.9273359594
150 20190 -0.0224400083064 1.57267429544e-05 -41.9394889571 -11.9226941411
151 21111 -0.0225799036878 1.63768600059e-05 -41.8748609688 -11.9223658831
152 20665 -0.0227271480792 1.60744924893e-05 -41.8070941571 -11.9096661601
153 20858 -0.0228710016082 1.61634526042e-05 -41.7411402897 -11.9012135031
154 20864 -0.0230156318656 1.61655051184e-05 -41.6750803276 -11.9077200179
155 20866 -0.0231602747504 1.63400395539e-05 -41.6092639178 -11.9075086217
156 20501 -0.023307772386 1.66209836111e-05 -41.5424038318 -11.9301213694
157 19577 -0.0234613073469 1.57979122948e-05 -41.473079329 -11.8677281902
158 20323 -0.0236045358442 1.62037413557e-05 -41.4086573948 -11.9041353762
159 20246 -0.0237517231804 1.53200182831e-05 -41.3427037861 -11.9435775176
160 22064 -0.0238850265663 1.66620296686e-05 -41.2831880555 -11.9124963584
161 20982 -0.0240336979932 1.63790481515e-05 -41.2170524732 -11.9232535406
162 20534 -0.0241814304561 1.58068054953e-05 -41.151585444 -11.922262072
163 21297 -0.0243214234504 1.6571169023e-05 -41.0897776027 -11.8769810676
164 20440 -0.0244712315398 1.62408655706e-05 -41.0238822891 -11.9160381226
165 20286 -0.0246186105627 1.64848019482e-05 -40.9593021951 -11.9142489128
166 19641 -0.0247706391165 1.52827077456e-05 -40.8929397059 -11.8972747152
167 21486 -0.0249053942508 1.63254300337e-05 -40.8343325893 -11.9275221244
168 21142 -0.0250505106888 1.61740306561e-05 -40.7714442063 -11.8731340133
169 21125 -0.0251943374373 1.62158455207e-05 -40.7093437552 -11.9185276714
170 21019 -0.0253389003765 1.6172481144e-05 -40.6471539407 -11.9337911047
171 21006 -0.0254831221797 1.60619705324e-05 -40.5853379161 -11.9142569584
172 21229 -0.0256256015929 1.65346069358e-05 -40.5244901813 -11.8852524583
173 20450 -0.0257750410975 1.55238925354e-05 -40.4609052723 -11.8875026208
174 21829 -0.0259108440894 1.68865431163e-05 -40.4033303093 -11.8956012837
175 20291 -0.0260640613526 1.61432477975e-05 -40.3386086038 -11.8929606641
176 20338 -0.0262103650605 1.61591732422e-05 -40.2770397795 -11.9142456723
177 20353 -0.0263567620273 1.57205831716e-05 -40.2156577731 -11.8838794813
178 21295 -0.0264959979427 1.63840995906e-05 -40.1574869758 -11.8937858436
179 20830 -0.0266427234873 1.61695941636e-05 -40.0964061073 -11.8870925168
180 20823 -0.0267875510314 1.62591310469e-05 -40.0363345743 -11.9096255557
181 20628 -0.0269338681083 1.56703903498e-05 -39.9758651731 -11.8675384268
182 21693 -0.0270713800844 1.65592663189e-05 -39.9192351776 -11.8779581896
183 20845 -0.0272196184261 1.63387307278e-05 -39.8584042736 -11.8769300902
184 20483 -0.0273671687252 1.59781217654e-05 -39.7980774999 -11.9091824827
185 20878 -0.0275100928891 1.62363248225e-05 -39.7398519864 -11.868146926
186 20730 -0.0276558434372 1.64646073548e-05 -39.6806865676 -11.9094911385
187 20112 -0.0278058971248 1.53211111959e-05 -39.6199963056 -11.8857868649
188 21915 -0.027939660834 1.61417959328e-05 -39.5660834883 -11.8795239744
189 21969 -0.0280804162996 1.65153635704e-05 -39.5095438946 -11.8751992087
190 21205 -0.0282270033448 1.64378195877e-05 -39.4508692088 -11.8612650449
191 20629 -0.0283749244401 1.62927881624e-05 -39.39187389 -11.8774221495
192 20366 -0.0285224839079 1.61935614752e-05 -39.3332351879 -11.8817603137
193 20310 -0.028669347541 1.59615883058e-05 -39.2750825091 -11.8806505585
194 20736 -0.0288126103175 1.57298072274e-05 -39.2185559625 -11.844239629
195 21676 -0.0289507000107 1.62618109694e-05 -39.1642568214 -11.8967484453
196 21467 -0.0290941523745 1.60118491169e-05 -39.1080416514 -11.8633243766
197 21806 -0.0292342968633 1.67795030424e-05 -39.0533113833 -11.8733071798
198 20491 -0.0293857990265 1.60782221137e-05 -38.9943542482 -11.9148403031
199 20675 -0.0295303229026 1.60670443611e-05 -38.9383136593 -11.829046953
200 20884 -0.0296740206746 1.57693776386e-05 -38.8827869065 -11.8656724311
201 21743 -0.0298122439138 1.62175373064e-05 -38.8295567266 -11.8953959405
202 21630 -0.0299547646889 1.62919093842e-05 -38.7748566061 -11.8936597529
203 21356 -0.030098855115 1.61658406015e-05 -38.719744084 -11.8623165133
204 21357 -0.030241827549 1.65798305255e-05 -38.6652470765 -11.8632046641
205 20480 -0.0303915689869 1.54759773455e-05 -38.6083695498 -11.7983459858
206 21967 -0.030526524408 1.61763734018e-05 -38.5572824254 -11.8802580339
207 21944 -0.0306676617201 1.64089901659e-05 -38.5040308507 -11.8415360931
208 21410 -0.0308126036725 1.61837721395e-05 -38.4495298015 -11.8494933994
209 21372 -0.0309556841878 1.65481649125e-05 -38.3959126441 -11.8586369252
210 20560 -0.0311048475257 1.56433173064e-05 -38.3402096329 -11.8486268871
211 21681 -0.0312421597114 1.62082833764e-05 -38.2891060832 -11.9010017075
212 21589 -0.0313847357317 1.59406019259e-05 -38.2362189282 -11.8484746281
213 22089 -0.0315233595903 1.61431459739e-05 -38.1849683262 -11.8644572756
214 22141 -0.0316635809092 1.65740645482e-05 -38.1332973456 -11.8298748794
215 21244 -0.0318105532108 1.60740736138e-05 -38.0793215003 -11.8363623909
216 21444 -0.0319524261381 1.58556528107e-05 -38.0273950402 -11.8145734938
217 22131 -0.0320901811978 1.66957830678e-05 -37.9771409575 -11.8578242348
218 20974 -0.0322391828449 1.60872371712e-05 -37.922966379 -11.8301596692
219 21143 -0.0323821784429 1.57493679769e-05 -37.8711528093 -11.7931606278
220 22057 -0.0325192387639 1.67696912268e-05 -37.8216520407 -11.8492294468
221 20748 -0.0326697135053 1.62119365195e-05 -37.7674884266 -11.845684401
222 20652 -0.0328155198366 1.53019092661e-05 -37.7151859391 -11.8812719959
223 22548 -0.0329472289479 1.61636338158e-05 -37.6680924548 -11.8138715724
224 22554 -0.0330863363819 1.72038781314e-05 -37.6185097292 -11.8701857554
225 20302 -0.0332423932859 1.55795285061e-05 -37.5630755295 -11.8326579071
226 21548 -0.0333795662871 1.60961953788e-05 -37.5145142424 -11.8418227381
227 21702 -0.0335207871991 1.62913425218e-05 -37.4646804224 -11.871006099
228 21428 -0.0336646292637 1.62605131964e-05 -37.4140882317 -11.8190913563
229 21224 -0.0338088883615 1.57704904002e-05 -37.3635173785 -11.8271281126
230 22094 -0.0339460174164 1.70210299563e-05 -37.3156012407 -11.7916450224
231 20260 -0.0341005758197 1.55745987926e-05 -37.2617753529 -11.8197502301
232 21515 -0.0342378130861 1.62760492586e-05 -37.2141411872 -11.8160953309
233 21277 -0.0343820313781 1.58179109769e-05 -37.164244863 -11.7904347851
234 22043 -0.0345197326198 1.61229536069e-05 -37.116756458 -11.8324249201
235 22140 -0.0346597810339 1.63861360232e-05 -37.0686113363 -11.7799388113
236 21652 -0.0348037121095 1.65135796744e-05 -37.0192911898 -11.8323261217
237 20902 -0.0349513390208 1.56340446647e-05 -36.9688720051 -11.8460152816
238 22063 -0.0350873783715 1.61088140719e-05 -36.9225596947 -11.8254908331
239 22192 -0.0352271402195 1.56862252465e-05 -36.8751286099 -11.7979441951
240 23300 -0.0353599588306 1.66390409341e-05 -36.8301926827 -11.8185195408
241 22209 -0.0355042653524 1.66653403833e-05 -36.7815227369 -11.812391146
242 21113 -0.0356525049754 1.60451035275e-05 -36.7316910188 -11.8010702835
243 21374 -0.0357943521741 1.55599081e-05 -36.684163708 -11.805912119
244 22732 -0.0359277395425 1.68241537616e-05 -36.6396090803 -11.8236187987
245 21265 -0.0360768558028 1.58102674204e-05 -36.5899583744 -11.7941831692
246 22048 -0.0362144758984 1.60833967364e-05 -36.5442825918 -11.7987325805
247 22234 -0.0363538847572 1.58769841563e-05 -36.4981563991 -11.803369718
248 22896 -0.0364894992061 1.66218079467e-05 -36.4534233997 -11.8215953862
249 21862 -0.0366347955494 1.60378989732e-05 -36.4056468185 -11.8127747854
250 22149 -0.0367740781746 1.66456684083e-05 -36.3599927048 -11.7541458314
251 21098 -0.0369221954494 1.58284844892e-05 -36.3115977808 -11.7955748003
252 21834 -0.037060646364 1.61367127956e-05 -36.2665049877 -11.7560042446
253 21899 -0.0372015819153 1.60646732666e-05 -36.2207450087 -11.7941372694
254 22126 -0.037341168698 1.62144651381e-05 -36.1755635717 -11.7980668375
255 22018 -0.0374824017978 1.63856873325e-05 -36.1299910224 -11.8075484326
256 21533 -0.0376267238418 1.55997826914e-05 -36.0835683732 -11.8235424881
257 22808 -0.0377602287213 1.66682822105e-05 -36.0407565405 -11.7577178569
258 21676 -0.0379065564468 1.56897519284e-05 -35.9939770812 -11.8346203397
259 22750 -0.0380410009461 1.69997727827e-05 -35.951129045 -11.7694063746
260 20906 -0.0381929606747 1.5632255005e-05 -35.902850856 -11.7768718027
261 22071 -0.0383289590691 1.61939101509e-05 -35.8597798148 -11.7855553886
262 22009 -0.0384700415751 1.6261223986e-05 -35.8152339179 -11.7875279139
263 21798 -0.0386123951958 1.61238146003e-05 -35.770425689 -11.7639340912
264 21892 -0.0387532421262 1.60635764045e-05 -35.7262285173 -11.7641429315
265 22121 -0.0388928339209 1.58308314948e-05 -35.6825588513 -11.7619759787
266 22887 -0.039028081734 1.65255027701e-05 -35.6403744881 -11.781674984
267 22068 -0.0391718609454 1.63486910457e-05 -35.5956648886 -11.7832693625
268 21663 -0.0393154243041 1.51926360786e-05 -35.5511613579 -11.7881602459
269 23916 -0.0394423966357 1.63696742793e-05 -35.5119161068 -11.7951191232
270 23427 -0.0395806259113 1.62233297643e-05 -35.4693138957 -11.7631517979
271 23292 -0.039718018174 1.66693535618e-05 -35.4270955411 -11.7824118209
272 22133 -0.0398628347691 1.63290254583e-05 -35.3827310689 -11.795428467
273 21770 -0.0400058719967 1.58802406039e-05 -35.3390473557 -11.7705245771
274 22411 -0.0401429748295 1.60478089909e-05 -35.297301981 -11.797304554
275 22682 -0.0402806951338 1.61492206568e-05 -35.2554921819 -11.7462120026
276 22721 -0.0404191660783 1.6184438624e-05 -35.2135788309 -11.7465118901
277 22679 -0.0405580678158 1.60314439829e-05 -35.1716597871 -11.741668041
278 22991 -0.0406947188197 1.65397063325e-05 -35.1305413351 -11.760412282
279 22136 -0.040838399196 1.61656879115e-05 -35.087436963 -11.7638016481
280 22137 -0.0409788276864 1.62212028746e-05 -35.0454356 -11.737710685
281 22014 -0.0411201326554 1.60693480541e-05 -35.0032986803 -11.7224226265
282 22232 -0.0412594279192 1.6489186622e-05 -34.9618847934 -11.7853639004
283 21516 -0.04140472141 1.58442898322e-05 -34.9188178949 -11.7723151072
284 22231 -0.041542067955 1.61873531204e-05 -34.878228386 -11.7411200241
285 22183 -0.0416825381923 1.6668161594e-05 -34.8368376584 -11.7707571212
286 21082 -0.0418309109903 1.57053717331e-05 -34.7932516646 -11.7581145142
287 22092 -0.0419674804264 1.55317469307e-05 -34.7532535198 -11.7560637071
288 23563 -0.0420982574919 1.68292625367e-05 -34.7150596214 -11.7669451324
289 22031 -0.0422448031126 1.53880149263e-05 -34.6723852176 -11.7818128309
290 23844 -0.0423736042233 1.65577654852e-05 -34.6349864645 -11.7375727537
291 22916 -0.0425149745921 1.65877383847e-05 -34.5940543459 -11.7578056435
292 21957 -0.0426596597271 1.64919717812e-05 -34.5522879072 -11.763054762
293 21243 -0.0428059055946 1.58749273558e-05 -34.5101993002 -11.7106815156
294 21881 -0.0429446147787 1.58213114132e-05 -34.4703984276 -11.7443799543
295 22661 -0.0430804548259 1.58936683853e-05 -34.4315323578 -11.7549603931
296 23297 -0.0432150406384 1.60765144058e-05 -34.3931335379 -11.7195228059
297 23510 -0.0433505556513 1.58887110036e-05 -34.3545781628 -11.7628878843
298 24182 -0.0434826145598 1.69363353431e-05 -34.3171104501 -11.7261126089
299 22365 -0.0436289849267 1.60286758183e-05 -34.2757021546 -11.703791531
300 22679 -0.0437665487739 1.63458482537e-05 -34.2368996183 -11.7247837236
301 22269 -0.0439081200053 1.59190367539e-05 -34.1970819498 -11.7442874452
302 22835 -0.0440442771624 1.63329158163e-05 -34.1588968152 -11.7356979381
303 22452 -0.0441851599269 1.57533967608e-05 -34.1194992321 -11.714414112
304 23413 -0.0443182260475 1.62502235196e-05 -34.0823925119 -11.7014940095
305 23214 -0.0444560751398 1.63474174723e-05 -34.0440590893 -11.7437473597
306 22791 -0.0445960300769 1.62460941609e-05 -34.0052510778 -11.7387669968
307 22607 -0.0447356828005 1.57695081522e-05 -33.9666378855 -11.7275303014
308 23536 -0.0448685362743 1.66408624933e-05 -33.9300071498 -11.6887423261
309 22430 -0.0450121464574 1.6065047833e-05 -33.8905224829 -11.7260016102
310 22661 -0.0451500769172 1.54076949442e-05 -33.8527084476 -11.7265278837
311 24476 -0.0452773647973 1.71058589056e-05 -33.8179065002 -11.6972818788
312 22252 -0.0454255775897 1.58322297753e-05 -33.7774971433 -11.7228440033
313 23019 -0.0455604481935 1.57409504888e-05 -33.7408313301 -11.713008338
314 24035 -0.0456916784377 1.6734262546e-05 -33.705251616 -11.7448677214
315 22690 -0.0458352658557 1.61593468383e-05 -33.6664300956 -11.7174984791
316 22706 -0.0459738703916 1.60458583968e-05 -33.6290629151 -11.741342884
317 22985 -0.0461106629557 1.60278064029e-05 -33.5922869822 -11.7154845877
318 23310 -0.0462463454408 1.61431787267e-05 -33.5559099079 -11.6973642902
319 23365 -0.0463828454062 1.63590768998e-05 -33.5194141695 -11.693233139
320 22912 -0.0465225294384 1.60510859818e-05 -33.4821710488 -11.7220745848
321 23181 -0.0466587861783 1.62293306049e-05 -33.4459426084 -11.7395397185
322 23033 -0.0467969986863 1.66625989809e-05 -33.4092955278 -11.6999979432
323 21902 -0.0469425183735 1.5629380347e-05 -33.370820816 -11.70921309
324 23129 -0.0470753446649 1.59041967894e-05 -33.3358001546 -11.7235034972
325 23752 -0.0472087214179 1.57927234155e-05 -33.3007280687 -11.7253462555
326 24670 -0.0473386771041 1.63594749779e-05 -33.2666455377 -11.7156553333
327 24191 -0.0474746224727 1.66043307612e-05 -33.2310867958 -11.7175135704
328 23140 -0.0476157026241 1.6391379933e-05 -33.1942869027 -11.6804571584
329 22617 -0.0477565718583 1.56982089893e-05 -33.1576451936 -11.6999419348
330 23718 -0.0478883173481 1.60544825475e-05 -33.1234695884 -11.7041660031
331 23988 -0.0480222903275 1.64975792748e-05 -33.0888078858 -11.6544470807
332 23195 -0.0481622955385 1.60759770719e-05 -33.0526839599 -11.6655513265
333 23408 -0.0482980999457 1.63920132271e-05 -33.0177396641 -11.6857385127
334 22878 -0.0484381703567 1.56571796998e-05 -32.9817960443 -11.657857926
335 24092 -0.0485685477317 1.62810402845e-05 -32.9484291768 -11.6695368103
336 23813 -0.0487049110926 1.65923280827e-05 -32.9136222146 -11.6965452131
337 22806 -0.0488469173443 1.55900026293e-05 -32.8774743426 -11.6617298304
338 24180 -0.0489764969325 1.62004902704e-05 -32.8445778766 -11.7039077191
339 24096 -0.049111386211 1.6134162351e-05 -32.8104224746 -11.7255812445
340 24174 -0.0492455050812 1.61081884445e-05 -32.7765518512 -11.6717414949
341 24317 -0.0493790157599 1.65504040918e-05 -32.7429233147 -11.698460848
342 23388 -0.0495188900008 1.61895438966e-05 -32.7077862632 -11.6980189687
343 23333 -0.0496558754112 1.59265933585e-05 -32.673468088 -11.6942147094
344 23907 -0.0497890061263 1.65253290306e-05 -32.6402036197 -11.6580554407
345 23052 -0.0499296819932 1.60131421256e-05 -32.6051477944 -11.6757403953
346 23413 -0.0500649424867 1.57649753277e-05 -32.5715320863 -11.6929258427
347 24386 -0.0501954216012 1.67477307509e-05 -32.5391885409 -11.6943959706
348 22989 -0.0503381840649 1.56557632206e-05 -32.5038941469 -11.6698420377
349 24212 -0.050468225175 1.59512557498e-05 -32.4718299272 -11.6722423529
350 24746 -0.0505992833046 1.61827776289e-05 -32.4395967516 -11.6836232009
351 24704 -0.0507323556232 1.67831661574e-05 -32.4069519114 -11.6830842496
352 23206 -0.0508747518995 1.62013412286e-05 -32.3721128162 -11.673702732
353 23123 -0.0510124560392 1.60986569391e-05 -32.3385128662 -11.7445082055
354 23282 -0.0511488204576 1.61177525372e-05 -32.3053277829 -11.7027027123
355 23397 -0.0512850115388 1.62727864717e-05 -32.2722719187 -11.6643523955
356 23145 -0.051423257353 1.57937209699e-05 -32.2388059497 -11.6552104951
357 24037 -0.0515549211037 1.60768833645e-05 -32.2070160225 -11.649802515
358 24256 -0.051688339396 1.59705685948e-05 -32.1748844382 -11.6732330534
359 24742 -0.0518195657275 1.62080103227e-05 -32.1433609437 -11.6787585679
360 24637 -0.0519530270455 1.6106308516e-05 -32.111381821 -11.6432617127
361 24787 -0.0520852492014 1.65768934794e-05 -32.0797801302 -11.6543099841
362 23776 -0.0522241991959 1.64111623593e-05 -32.0466564838 -11.6806058979
363 23192 -0.0523634789315 1.61999644463e-05 -32.0135423678 -11.6741886391
364 23113 -0.0525012033025 1.59321273129e-05 -31.980884473 -11.6636168905
365 23669 -0.0526350501937 1.60261867127e-05 -31.9492280576 -11.6821415888
366 24008 -0.0527687332903 1.59858774048e-05 -31.917690788 -11.6769745823
367 24451 -0.0529008647331 1.64431491912e-05 -31.886598239 -11.6665542481
368 23774 -0.053038699601 1.60278396506e-05 -31.8542466193 -11.6529165849
369 24110 -0.0531721121088 1.61456819118e-05 -31.823013431 -11.6743741034
370 24160 -0.0533063662123 1.64098791184e-05 -31.7916628007 -11.6425075345
371 23570 -0.0534445148618 1.56389683677e-05 -31.7594857546 -11.6625150189
372 24866 -0.0535726959948 1.64986726771e-05 -31.729705343 -11.6303673572
373 24041 -0.0537102239909 1.66489749866e-05 -31.6978333911 -11.6392605896
374 22892 -0.0538524455933 1.56222919307e-05 -31.6649604992 -11.7032339075
375 24192 -0.0539822623032 1.65724701853e-05 -31.6350316074 -11.6738817726
376 23215 -0.0541228415918 1.61134488172e-05 -31.6027037304 -11.6398820575
377 23340 -0.0542591628687 1.53303625798e-05 -31.5714364523 -11.6418696776
378 25409 -0.054383466019 1.64303019154e-05 -31.5429953261 -11.6513343317
379 24737 -0.0545184838869 1.64513557364e-05 -31.5121775914 -11.6804326681
380 24032 -0.0546556450974 1.63498385751e-05 -31.480950283 -11.6341766115
381 23588 -0.054793234789 1.60465560157e-05 -31.4497057662 -11.6636535139
382 23876 -0.0549274561089 1.60298851223e-05 -31.4193034022 -11.613128236
383 24209 -0.0550606141506 1.52861380211e-05 -31.3892169867 -11.6421493698
384 26474 -0.055182040235 1.69777764871e-05 -31.3618463299 -11.672835725
385 24383 -0.0553225682734 1.66064138817e-05 -31.3302470008 -11.640884003
386 23318 -0.0554631243425 1.5859372054e-05 -31.2987238115 -11.6168016515
387 24056 -0.0555952839356 1.66176701911e-05 -31.2691586676 -11.6557256163
388 22979 -0.0557369688342 1.54560964219e-05 -31.2375429933 -11.6562514362
389 24698 -0.0558640825381 1.65142523008e-05 -31.2092492518 -11.6144541524
390 23841 -0.0560023169437 1.55247640495e-05 -31.178555607 -11.6589905426
391 25446 -0.0561281044146 1.69588516666e-05 -31.1506937214 -11.6565769365
392 23481 -0.0562711459281 1.60339867536e-05 -31.1190885562 -11.648260789
393 23798 -0.0564054816177 1.60599328961e-05 -31.0894827268 -11.6210510657
394 24056 -0.056539311643 1.64673720796e-05 -31.0600610511 -11.6365808545
395 23332 -0.0566786492726 1.51207025166e-05 -31.0295053969 -11.6129751985
396 25948 -0.0567999714159 1.65320296423e-05 -31.0029640071 -11.6201414905
397 25003 -0.0569351020438 1.62981309461e-05 -30.9734712211 -11.6289973493
398 24671 -0.0570692148313 1.61260579393e-05 -30.9442727006 -11.6467804034
399 24772 -0.0572016405045 1.62842836199e-05 -30.9155117331 -11.6457148614
400 24477 -0.0573361681497 1.62391508315e-05 -30.8863654572 -11.6270630808
401 24297 -0.0574708203307 1.56908504707e-05 -30.8572638118 -11.619789021
402 25499 -0.057597822439 1.64526560851e-05 -30.8298809576 -11.625873167
403 24769 -0.0577329382619 1.61177549683e-05 -30.8008181879 -11.6349479021
404 24891 -0.0578649780117 1.63882165138e-05 -30.7724860248 -11.6221507777
405 24337 -0.05800075406 1.61026909366e-05 -30.7434229823 -11.6083722229
406 24494 -0.0581337343713 1.58909337305e-05 -30.7150277368 -11.5992862669
407 25188 -0.0582631461856 1.60381516456e-05 -30.6874601442 -11.6147775277
408 25517 -0.0583929111517 1.68794296627e-05 -30.6598821409 -11.6263001305
409 23737 -0.0585345134348 1.60880580632e-05 -30.6298622336 -11.6080948565
410 23926 -0.0586689417133 1.65016107048e-05 -30.6014342305 -11.6249001699
411 23126 -0.0588091911273 1.57697164602e-05 -30.571848656 -11.5913077667
412 24076 -0.0589405485 1.56391410287e-05 -30.5442066295 -11.6020162016
413 25400 -0.0590673780161 1.60116090786e-05 -30.517579403 -11.6062177024
414 25802 -0.0591962127728 1.6253595609e-05 -30.4905933244 -11.6014870984
415 25574 -0.0593275748949 1.64401657619e-05 -30.4631421175 -11.585869034
416 24873 -0.0594623046659 1.6495622915e-05 -30.4350543281 -11.5797847253
417 24056 -0.0595997666326 1.57347223764e-05 -30.4064667956 -11.6234615762
418 25133 -0.0597280458134 1.55737487289e-05 -30.379852395 -11.6039198195
419 26692 -0.0598512504757 1.67284980154e-05 -30.354348261 -11.5913189489
420 25212 -0.0599874173177 1.64505580602e-05 -30.3262261311 -11.6074521721
421 24495 -0.0601232682272 1.61809213967e-05 -30.2982372931 -11.5885840042
422 24458 -0.0602569926676 1.64830125378e-05 -30.2707527046 -11.5784881375
423 23685 -0.0603954214364 1.57949096103e-05 -30.2423701052 -11.5947591589
424 24595 -0.0605255932705 1.59226867242e-05 -30.2157441569 -11.5759752997
425 25211 -0.0606552059424 1.62903766807e-05 -30.189293713 -11.5772107299
426 24895 -0.0607886483065 1.59976748697e-05 -30.162125244 -11.5774191215
427 25324 -0.060918578044 1.62413097224e-05 -30.1357336382 -11.5867090496
428 25132 -0.0610509913497 1.60120810093e-05 -30.1088999864 -11.5797615751
429 25528 -0.0611805181322 1.66533737156e-05 -30.0827120506 -11.6001257467
430 24297 -0.0613186026546 1.57977254442e-05 -30.0548598447 -11.607037646
431 25223 -0.0614471659278 1.63641893421e-05 -30.028989083 -11.6067044491
432 24721 -0.061581683676 1.60490471219e-05 -30.0019828258 -11.5810208873
433 25017 -0.0617128300747 1.62979670041e-05 -29.9757149533 -11.5966306981
434 24685 -0.0618469028674 1.59474216695e-05 -29.9489235331 -11.5718766986
435 25239 -0.0619766428398 1.67331716912e-05 -29.9230579727 -11.6048809496
436 23829 -0.0621167466844 1.56682999599e-05 -29.8951923148 -11.5382787751
437 25065 -0.062244658925 1.60750888355e-05 -29.8698112075 -11.5689991462
438 25298 -0.0623752861273 1.60285087118e-05 -29.8439500185 -11.5856251798
439 25654 -0.062504627498 1.62264189696e-05 -29.8184015816 -11.5689304157
440 25498 -0.062635966532 1.6496405645e-05 -29.7925176009 -11.6007909471
441 24658 -0.0627717451621 1.65184079728e-05 -29.7658210157 -11.5780971474
442 23793 -0.0629101556168 1.56543507474e-05 -29.7386719706 -11.5458481175
443 25062 -0.0630379600001 1.60375532348e-05 -29.7136613724 -11.57207635
444 25391 -0.0631680419513 1.617362487e-05 -29.6882621379 -11.6068246948
445 25372 -0.0632992779428 1.6731666802e-05 -29.6626957208 -11.5506840696
446 23958 -0.0634389908681 1.59778453e-05 -29.6355418599 -11.5999541539
447 24420 -0.0635711397683 1.57044294699e-05 -29.6099186047 -11.5520485112
448 25592 -0.063698018767 1.63709725377e-05 -29.5853723266 -11.5598718599
449 25066 -0.0638316645397 1.6210523682e-05 -29.5595751774 -11.5357504504
450 24954 -0.0639642979718 1.61306600649e-05 -29.5340323186 -11.5631726676
451 25044 -0.0640960389299 1.59383582738e-05 -29.5087192068 -11.5762723659
452 25630 -0.0642247132254 1.60699929687e-05 -29.4840508268 -11.5816427306
453 25881 -0.0643538182579 1.63632494722e-05 -29.4593548044 -11.590879912
454 25369 -0.0644866010472 1.61099994097e-05 -29.434012489 -11.5714010516
455 25514 -0.064616955935 1.61963440336e-05 -29.409189799 -11.5611494462
456 25436 -0.0647482103099 1.62911105848e-05 -29.3842519449 -11.5540849508
457 25116 -0.0648810720962 1.60983727422e-05 -29.3590658499 -11.5420671132
458 25289 -0.0650119101233 1.59770146546e-05 -29.3343194069 -11.5325380127
459 25779 -0.0651405223078 1.5626181329e-05 -29.3100479529 -11.5619745456
460 27232 -0.0652629087732 1.66938083109e-05 -29.2870009561 -11.5543007712
461 25813 -0.0653972028864 1.67166611897e-05 -29.2617670149 -11.5556184666
462 24411 -0.0655354877684 1.60735701921e-05 -29.2358436118 -11.5240622384
463 24642 -0.0656678305303 1.63585133798e-05 -29.2110913434 -11.5505985662
464 24166 -0.0658038384842 1.60688728485e-05 -29.1857116633 -11.5449916777
465 24406 -0.0659367798478 1.60424598794e-05 -29.1609609438 -11.5654251978
466 24714 -0.0660686715893 1.58598290538e-05 -29.1364608682 -11.544487101
467 25495 -0.0661970510105 1.56925433505e-05 -29.1126658962 -11.5521583751
468 26751 -0.0663210573701 1.65958359043e-05 -29.0897306324 -11.5346910708
469 25610 -0.066455090928 1.62673094105e-05 -29.0649949738 -11.5602235732
470 25349 -0.0665871476267 1.62302318645e-05 -29.040678988 -11.5455943176
471 25185 -0.0667193310478 1.58606152233e-05 -29.0163940069 -11.5403323486
472 25978 -0.0668465157338 1.62451555576e-05 -28.9930785562 -11.521588384
473 25771 -0.0669773081235 1.62932183679e-05 -28.9691538967 -11.4920137799
474 25441 -0.0671093347348 1.63891249083e-05 -28.9450569342 -11.5467217588
475 24872 -0.0672436487482 1.52044203919e-05 -28.9205974213 -11.5551407009
476 27426 -0.067362310399 1.69221903712e-05 -28.8990342654 -11.5289827329
477 25402 -0.0674995387451 1.60254819529e-05 -28.8741507592 -11.5162898852
478 25767 -0.0676285708739 1.62670032984e-05 -28.8508057259 -11.5370224609
479 25505 -0.0677602201214 1.56089835199e-05 -28.8270392245 -11.5451126534
480 26990 -0.0678830194291 1.63750896377e-05 -28.8049176183 -11.5568744078
481 26424 -0.068013217869 1.61071260957e-05 -28.7815127283 -11.5506173704
482 26583 -0.0681409025888 1.64108173301e-05 -28.7586091683 -11.5502726701
483 25931 -0.0682726186104 1.64185684678e-05 -28.7350336441 -11.5171464751
484 25276 -0.0684060957054 1.56168919089e-05 -28.7111957356 -11.5331786034
485 26726 -0.0685295621538 1.65477073985e-05 -28.68919284 -11.5235572855
486 25712 -0.0686629436587 1.60451361263e-05 -28.6654737902 -11.5300935904
487 26030 -0.0687914810284 1.61904272902e-05 -28.6426659346 -11.4853847358
488 25966 -0.0689213414876 1.62916988311e-05 -28.619672755 -11.5284684881
489 25637 -0.0690528490138 1.59058365871e-05 -28.5964384341 -11.4999013768
490 26324 -0.0691795575578 1.63284382379e-05 -28.574099891 -11.471191569
491 25894 -0.0693107064819 1.59526728425e-05 -28.5510278781 -11.5248828551
492 26461 -0.0694374569437 1.58419920691e-05 -28.5287772198 -11.5209168948
493 27346 -0.0695612743543 1.61419917111e-05 -28.5070864559 -11.5236822121
494 27413 -0.0696872825178 1.72735050645e-05 -28.4850574366 -11.5247651948
495 24502 -0.0698299099689 1.58166632829e-05 -28.4601782351 -11.4687727623
496 25387 -0.0699582111067 1.65290111085e-05 -28.4378479956 -11.4866030271
497 24470 -0.070094780783 1.57358398778e-05 -28.4141304673 -11.4895012597
498 25563 -0.0702219864324 1.60001921782e-05 -28.3920870631 -11.4989494654
499 25997 -0.0703502438646 1.57576998633e-05 -28.3699080325 -11.4972425865
500 27098 -0.0704739658672 1.66095728244e-05 -28.348557534 -11.5095391273
501 25906 -0.0706073415657 1.59828774435e-05 -28.3255896227 -11.4974058125
502 26393 -0.0707344974156 1.61207799904e-05 -28.3037395188 -11.515069054
503 26515 -0.0708624540222 1.604671954e-05 -28.2817977093 -11.5031606384
504 26838 -0.0709890527318 1.61741467389e-05 -28.2601339197 -11.4597350977
505 26816 -0.0711167093387 1.60614441904e-05 -28.2383344559 -11.5174505969
506 27103 -0.0712428052393 1.61084940636e-05 -28.2168460847 -11.5326091872
507 27262 -0.0713688998586 1.6770592568e-05 -28.1954020995 -11.4982457332
508 25641 -0.0715042632271 1.54773904351e-05 -28.1724308512 -11.502225066
509 27499 -0.0716248941619 1.60677539971e-05 -28.1520023352 -11.5017581647
510 27775 -0.0717495030913 1.62565482001e-05 -28.1309422145 -11.5069454985
511 27522 -0.0718761555829 1.66554544725e-05 -28.1095803797 -11.5008090987
512 26190 -0.072009174519 1.59975432617e-05 -28.0871920026 -11.5139576449
513 26642 -0.0721358493703 1.61391578506e-05 -28.0659162629 -11.4837918857
514 26715 -0.0722634707625 1.59071045542e-05 -28.044525673 -11.4696017626
515 27427 -0.0723876144071 1.64092889566e-05 -28.0237603575 -11.4979395742
516 26759 -0.0725172658455 1.64944902058e-05 -28.0021182342 -11.5071711936
517 25883 -0.0726497783718 1.60649491688e-05 -27.9800453322 -11.4832135261
518 26150 -0.0727781776767 1.59578896989e-05 -27.9587025799 -11.5057588608
519 26709 -0.0729043808546 1.63477280885e-05 -27.9377679021 -11.5026344639
520 26222 -0.0730348625205 1.60502358596e-05 -27.9161682232 -11.4843727829
521 26532 -0.0731622171826 1.60738412386e-05 -27.895129892 -11.4689016183
522 26782 -0.0732891638435 1.57790741275e-05 -27.8742018031 -11.4910851245
523 27856 -0.0734113571094 1.65359764412e-05 -27.8540976287 -11.5077021987
524 26831 -0.0735418350024 1.63564769264e-05 -27.8326738973 -11.4994863587
525 26318 -0.0736721471592 1.64340423218e-05 -27.8113220787 -11.4718469388
526 25613 -0.0738048682125 1.61733191094e-05 -27.789621336 -11.4863134448
527 25594 -0.0739355297268 1.598593367e-05 -27.7683023288 -11.4928505239
528 26067 -0.0740635025806 1.58882010666e-05 -27.7474651447 -11.4894933282
529 26813 -0.0741889100223 1.62637649462e-05 -27.7270869624 -11.4591085724
530 26549 -0.0743179189607 1.65978971338e-05 -27.706166073 -11.4765848975
531 25412 -0.0744524922261 1.53870505988e-05 -27.684388652 -11.4962720681
532 27505 -0.0745724059159 1.66883600459e-05 -27.6650228254 -11.4732072123
533 26086 -0.0747059514039 1.58680973677e-05 -27.643498947 -11.4667135366
534 26887 -0.0748310268002 1.58432035382e-05 -27.6233816234 -11.4776302309
535 27783 -0.0749538763584 1.65451375352e-05 -27.6036611809 -11.5007464866
536 26735 -0.0750846586644 1.58575819513e-05 -27.5827095456 -11.4491443736
537 27586 -0.075208058831 1.6396340687e-05 -27.5629803468 -11.4730596385
538 26949 -0.0753371492871 1.64311084521e-05 -27.5423826214 -11.4868822802
539 26234 -0.0754682644096 1.63014059362e-05 -27.5215048743 -11.5064634494
540 25877 -0.0755992409131 1.5811458166e-05 -27.5006923705 -11.4935813258
541 26826 -0.0757240127468 1.64727579825e-05 -27.4809058156 -11.4399039795
542 26005 -0.0758560397562 1.58533916572e-05 -27.4600111056 -11.4491148177
543 26844 -0.0759811002743 1.58437329649e-05 -27.4402589941 -11.5062611325
544 27737 -0.0761040556006 1.63508807998e-05 -27.4208772772 -11.4463376121
545 27222 -0.0762321416263 1.63794314982e-05 -27.4007266447 -11.4598190885
546 26639 -0.0763618470008 1.62143214296e-05 -27.3803625702 -11.4570221876
547 26509 -0.0764905598698 1.56622631447e-05 -27.3601952994 -11.4963462585
548 27901 -0.0766117501408 1.61042100004e-05 -27.3412439041 -11.4371060909
549 28077 -0.0767359683964 1.67089277559e-05 -27.3218563412 -11.4540333672
550 26573 -0.0768684475035 1.57201427043e-05 -27.3012209879 -11.4184310197
551 27804 -0.0769902968797 1.63765337896e-05 -27.2822790951 -11.4523800817
552 27217 -0.077118596003 1.63147054865e-05 -27.2623735393 -11.4819043726
553 26810 -0.0772473772574 1.61231304142e-05 -27.2424332674 -11.4665919225
554 26927 -0.0773743685072 1.62002676369e-05 -27.2228093701 -11.4497871933
555 26834 -0.0775021890689 1.60729216311e-05 -27.2030965264 -11.4384476591
556 27089 -0.0776284062433 1.58690811112e-05 -27.1836694474 -11.4735059316
557 27918 -0.0777511580134 1.66871071086e-05 -27.1648123338 -11.4313061606
558 26481 -0.0778836936605 1.52661916688e-05 -27.1444926007 -11.4296750679
559 29017 -0.0779995247699 1.67051553238e-05 -27.1267681639 -11.4287224671
560 27473 -0.0781297860613 1.64231245448e-05 -27.1068736654 -11.4208476995
561 26766 -0.0782595291312 1.54939262047e-05 -27.0870982306 -11.455229241
562 28658 -0.0783778233099 1.65673663183e-05 -27.069102456 -11.4730274605
563 27515 -0.078506911985 1.62948803685e-05 -27.0495021166 -11.447931084
564 27158 -0.078634709751 1.65716182168e-05 -27.0301363012 -11.4749460982
565 26064 -0.0787673780775 1.55078269689e-05 -27.0100728498 -11.4568416084
566 27867 -0.0788874471119 1.61584448061e-05 -26.9919501889 -11.4445963717
567 27889 -0.0790125033795 1.63315969682e-05 -26.9731104347 -11.4650961704
568 27425 -0.0791399645149 1.61016021586e-05 -26.9539457199 -11.4358540119
569 27605 -0.0792652192603 1.62921566604e-05 -26.9351493641 -11.4452631243
570 27254 -0.0793927695791 1.58978137912e-05 -26.9160457133 -11.4237260466
571 28007 -0.0795155497854 1.57642407728e-05 -26.8976918482 -11.4514051171
572 29174 -0.0796348386203 1.67271368516e-05 -26.8798930118 -11.445551487
573 27561 -0.0797650648992 1.65683176151e-05 -26.8604993869 -11.4619290269
574 26459 -0.0798967114481 1.54263301775e-05 -26.8409335705 -11.454613254
575 28524 -0.0800147643077 1.66302496237e-05 -26.823421625 -11.4112391899
576 27213 -0.080145061674 1.65536685967e-05 -26.8041300287 -11.4361284311
577 26164 -0.0802773318896 1.59170703672e-05 -26.7845856106 -11.3989254831
578 26834 -0.0804029180421 1.56540599759e-05 -26.7660653537 -11.4507823227
579 28266 -0.0805232589156 1.64106919975e-05 -26.7483518989 -11.4386904028
580 27574 -0.0806509916902 1.67637739902e-05 -26.7295859322 -11.4501656759
581 25953 -0.0807854858475 1.57240712801e-05 -26.7098660464 -11.4117104305
582 27145 -0.0809088375138 1.63108191043e-05 -26.6918153641 -11.4185881072
583 26750 -0.0810377333185 1.59080175549e-05 -26.6729895277 -11.4099883611
584 27460 -0.0811618085931 1.59552587222e-05 -26.6549025513 -11.4438963703
585 28054 -0.0812849279274 1.56050493818e-05 -26.6369885753 -11.4283013763
586 29699 -0.0814019626876 1.67424456892e-05 -26.6199909019 -11.4137295661
587 28013 -0.0815312512165 1.69893454825e-05 -26.6012485592 -11.4033106039
588 25770 -0.0816680377759 1.54511157512e-05 -26.5814591725 -11.4402875277
589 27712 -0.0817880017214 1.59290990899e-05 -26.5641372507 -11.3941689118
590 28387 -0.0819101966525 1.60218046875e-05 -26.5465254565 -11.4132871753
591 28806 -0.0820322055063 1.63336177565e-05 -26.5289728834 -11.4022449178
592 28321 -0.0821576498316 1.60820238233e-05 -26.5109597386 -11.4329135111
593 28564 -0.0822806351724 1.62746373103e-05 -26.4933327378 -11.41131882
594 28251 -0.0824057799499 1.59566123785e-05 -26.4754297279 -11.4114019333
595 28858 -0.0825271820782 1.60250851486e-05 -26.4580943337 -11.4383912851
596 29274 -0.0826482360948 1.67346648388e-05 -26.4408401361 -11.4164992224
597 27634 -0.0827783479026 1.56605489991e-05 -26.4223298691 -11.4286867144
598 29090 -0.0828970223421 1.60357193927e-05 -26.4054782358 -11.3994250848
599 29478 -0.0830177378208 1.70536868532e-05 -26.3883675303 -11.4243297646
600 26941 -0.0831520242142 1.53109888707e-05 -26.3693695699 -11.4002559135
601 29387 -0.0832674620904 1.70217198711e-05 -26.3530686867 -11.3953079716
602 26945 -0.083401486826 1.60698516172e-05 -26.3341784584 -11.4063032972
603 27210 -0.0835274000792 1.52156715849e-05 -26.3164659614 -11.3601833296
604 29970 -0.083640998301 1.64227777011e-05 -26.3005144094 -11.4066608064
605 29200 -0.0837652141555 1.61620948507e-05 -26.2831028497 -11.3898820199
606 29212 -0.0838874328568 1.67928554019e-05 -26.2660026869 -11.4119842531
607 27413 -0.0840185216492 1.60105215348e-05 -26.2476960515 -11.4100398337
608 27850 -0.0841425206383 1.57896908036e-05 -26.2304123629 -11.4062261177
609 28935 -0.0842624933514 1.63074734353e-05 -26.2137201969 -11.395072252
610 28523 -0.0843872917966 1.59452986803e-05 -26.196388168 -11.4091217027
611 29170 -0.0845079586923 1.64051214401e-05 -26.1796604467 -11.3785244128
612 28471 -0.08463361844 1.65618150463e-05 -26.1622723862 -11.3901416499
613 27351 -0.0847630505265 1.57601339475e-05 -26.1443961667 -11.3867243686
614 28502 -0.0848837048064 1.60397718939e-05 -26.1277631124 -11.3788781193
615 28870 -0.0850057150284 1.6492401572e-05 -26.1109733104 -11.4235959662
616 27930 -0.0851332612194 1.62007601946e-05 -26.0934540625 -11.3832140684
617 27832 -0.0852587726545 1.55861551148e-05 -26.0762465023 -11.3835848204
618 29521 -0.0853760183257 1.65531133834e-05 -26.0602009545 -11.3550055226
619 28385 -0.0855030049412 1.61244145223e-05 -26.0428535964 -11.4067875539
620 28506 -0.0856264406002 1.5997922153e-05 -26.0260224181 -11.3833591774
621 28997 -0.0857478657506 1.62273789554e-05 -26.0094952111 -11.39567469
622 28817 -0.0858714154438 1.60744586586e-05 -25.9927091149 -11.4055550421
623 29086 -0.0859932336449 1.6233527187e-05 -25.9761880962 -11.3811937344
624 28888 -0.086116679403 1.66031005816e-05 -25.9594764825 -11.3719389723
625 27636 -0.0862457641206 1.55713219414e-05 -25.9420338464 -11.3934730118
626 29357 -0.0863632242462 1.6609662005e-05 -25.9261906598 -11.3961868204
627 28066 -0.0864913669209 1.58959548023e-05 -25.908937672 -11.4107410692
628 28846 -0.0866123323988 1.60843029873e-05 -25.8926806909 -11.3744886559
629 29087 -0.0867342247953 1.57368316558e-05 -25.876328215 -11.3839298576
630 30383 -0.0868509119826 1.66606752766e-05 -25.8607013196 -11.3837777721
631 28897 -0.0869775864791 1.59929898156e-05 -25.8437670366 -11.3773876788
632 29409 -0.0870981199778 1.5998183385e-05 -25.8276827467 -11.3646216221
633 29915 -0.087217669959 1.65806703503e-05 -25.8117576033 -11.399161333
634 28683 -0.0873442042127 1.5910816375e-05 -25.7949322851 -11.363973879
635 29436 -0.0874640638524 1.63273572578e-05 -25.7790230564 -11.3464307967
636 28959 -0.0875880715699 1.63148092566e-05 -25.7625924166 -11.3617899484
637 28526 -0.0877129208507 1.60312798455e-05 -25.7460801656 -11.3741513766
638 28919 -0.0878347626416 1.57319340063e-05 -25.7299945217 -11.3615148932
639 30223 -0.0879517227497 1.64373035111e-05 -25.7145800955 -11.3812504188
640 29403 -0.0880756182308 1.64716174402e-05 -25.698280132 -11.3415588625
641 28506 -0.0882017108709 1.64073694335e-05 -25.681721123 -11.3725003945
642 27817 -0.0883288576235 1.62650687493e-05 -25.665054265 -11.3617203199
643 27539 -0.0884555355355 1.59751084745e-05 -25.6484793219 -11.3631254475
644 28078 -0.0885787551993 1.59563144921e-05 -25.6323859581 -11.3265725867
645 28683 -0.0887005266425 1.55829540226e-05 -25.6165098535 -11.3668725546
646 30433 -0.0888159774213 1.64007212623e-05 -25.6014835556 -11.3414829568
647 29717 -0.0889389415982 1.65708347781e-05 -25.5855068503 -11.3543638585
648 28522 -0.0890657581323 1.55972911628e-05 -25.569059232 -11.3376321742
649 30218 -0.0891817253006 1.65355770898e-05 -25.5540449976 -11.3586610588
650 29107 -0.0893069944625 1.61973706852e-05 -25.5378545531 -11.3404692829
651 29015 -0.0894298951999 1.5727105059e-05 -25.5219985219 -11.347468657
652 30338 -0.0895465971834 1.60375781309e-05 -25.506968107 -11.3803667569
653 30737 -0.0896648285351 1.70370785028e-05 -25.4917663685 -11.3420876217
654 28139 -0.0897960973526 1.57116437834e-05 -25.4749184882 -11.3441847475
655 29468 -0.0899143924889 1.67063353648e-05 -25.4597628552 -11.3521428063
656 27897 -0.0900436699928 1.52990847585e-05 -25.4432295194 -11.3713329366
657 30466 -0.0901569558049 1.69983270541e-05 -25.4287664815 -11.38909615
658 28001 -0.0902882491564 1.57810197709e-05 -25.4120337211 -11.3524639548
659 29118 -0.0904077795838 1.63138530578e-05 -25.3968273571 -11.3390955047
660 28685 -0.0905322741907 1.56619157843e-05 -25.3810170169 -11.3474291947
661 30192 -0.0906487725218 1.71554146117e-05 -25.3662475741 -11.3273032939
662 27311 -0.0907829430144 1.58051129805e-05 -25.3492680376 -11.354489472
663 28331 -0.0909043071712 1.59589869183e-05 -25.3339370822 -11.3608973788
664 28933 -0.09102557043 1.62460788879e-05 -25.3186452862 -11.3617169391
665 28699 -0.0911495167458 1.6234237237e-05 -25.3030423627 -11.3212433283
666 28502 -0.0912738019491 1.60145098339e-05 -25.287424336 -11.3663000929
667 28944 -0.0913954639196 1.59883717606e-05 -25.272162612 -11.3360658912
668 29471 -0.0915158365196 1.62759732474e-05 -25.2570885239 -11.3324134496
669 29145 -0.0916390589823 1.59107720247e-05 -25.2416841613 -11.3285242764
670 29910 -0.0917579642339 1.64011538733e-05 -25.2268449642 -11.3360289115
671 29205 -0.0918820048077 1.60259355377e-05 -25.2113914686 -11.3480420887
672 29624 -0.0920023491017 1.56497746728e-05 -25.1964243495 -11.3481867525
673 31219 -0.0921168267072 1.6307497041e-05 -25.1822104611 -11.3245864733
674 30775 -0.092236973608 1.66836615806e-05 -25.1673173392 -11.3330787061
675 29201 -0.0923631593514 1.57843840479e-05 -25.1517028078 -11.3529504152
676 30355 -0.0924802529544 1.6707180402e-05 -25.1372381806 -11.3448348672
677 28734 -0.0926076395525 1.59631450316e-05 -25.1215291225 -11.2907405307
678 29332 -0.0927281062366 1.57769884922e-05 -25.1066993 -11.3155375426
679 30514 -0.0928448394716 1.63287996402e-05 -25.0923530228 -11.3151307143
680 30015 -0.092966656689 1.6481573059e-05 -25.0774070044 -11.3189059368
681 29070 -0.0930915956891 1.60858040926e-05 -25.0621044992 -11.2950876071
682 29308 -0.0932130381368 1.66157066184e-05 -25.0472559367 -11.3773821395
683 28002 -0.0933413738798 1.5421769185e-05 -25.0315919905 -11.3143315207
684 30202 -0.093456067568 1.64815538933e-05 -25.0176169262 -11.3037698001
685 29251 -0.0935806189128 1.63112764962e-05 -25.0024661266 -11.2885603198
686 28824 -0.093704794322 1.56060734e-05 -24.987387308 -11.3252550216
687 30511 -0.0938202688627 1.65609079161e-05 -24.9733885129 -11.3509651017
688 29314 -0.0939452865126 1.56789330464e-05 -24.9582582506 -11.3531142088
689 30801 -0.0940607532126 1.68498023863e-05 -24.9443073212 -11.3344176445
690 28738 -0.0941892190248 1.53751816388e-05 -24.9288121864 -11.3119391898
691 31143 -0.0943018252873 1.65770179443e-05 -24.9152527726 -11.3160848113
692 29872 -0.0944257894912 1.58617287063e-05 -24.9003502621 -11.3088244555
693 30810 -0.094542585686 1.6600103035e-05 -24.8863329594 -11.3070487663
694 29483 -0.0946675377133 1.57700419577e-05 -24.8713620125 -11.3125995144
695 30693 -0.0947838793107 1.63313737815e-05 -24.8574460552 -11.3276637751
696 30183 -0.0949053758012 1.61173837563e-05 -24.8429374762 -11.3182475377
697 30333 -0.0950249836129 1.64556499006e-05 -24.8286782995 -11.2998245245
698 29455 -0.0951489075064 1.61016102715e-05 -24.8139294898 -11.3138164243
699 29649 -0.0952697691207 1.56470160644e-05 -24.7995695011 -11.3306090055
700 31254 -0.0953841622439 1.64316732986e-05 -24.786000165 -11.2971180646
701 30423 -0.0955059205723 1.6439743647e-05 -24.7715807324 -11.3389187991
702 29590 -0.0956294417535 1.60451551413e-05 -24.7569773024 -11.3139738542
703 29956 -0.0957492607807 1.59125601279e-05 -24.7428353447 -11.3256801552
704 30737 -0.0958665692552 1.61439185778e-05 -24.7290123355 -11.351057829
705 30806 -0.0959854493509 1.63461542505e-05 -24.715026927 -11.288232006
706 30249 -0.0961069235863 1.63952227699e-05 -24.7007599803 -11.2977101485
707 29554 -0.096230185458 1.57730487386e-05 -24.6863074491 -11.2985683202
708 30757 -0.0963464271308 1.64060036674e-05 -24.6727004779 -11.3085783974
709 30018 -0.0964688141044 1.60322764626e-05 -24.6583976333 -11.3274338978
710 30429 -0.0965876027147 1.59753842078e-05 -24.6445382932 -11.2873453373
711 31024 -0.0967048286852 1.6589067293e-05 -24.6308834088 -11.3058529946
712 29721 -0.096829196635 1.62194330644e-05 -24.6164205878 -11.3107851776
713 29561 -0.0969511233098 1.65806821579e-05 -24.602265579 -11.3278153856
714 28344 -0.0970784131145 1.55555851518e-05 -24.5875131414 -11.3123954442
715 30157 -0.0971941870827 1.63361064639e-05 -24.5741176497 -11.3098199317
716 29642 -0.0973168234885 1.60920053265e-05 -24.5599512626 -11.2837363641
717 29866 -0.0974371727237 1.59150426547e-05 -24.5460721434 -11.2805672858
718 30637 -0.0975546909576 1.61783081583e-05 -24.5325415012 -11.2954506129
719 30599 -0.0976742269438 1.64953380936e-05 -24.5188007861 -11.3200833529
720 29594 -0.0977981577432 1.56083015927e-05 -24.5045785151 -11.2959769252
721 31319 -0.0979121493095 1.67054487105e-05 -24.491518058 -11.2917943013
722 29652 -0.0980375360973 1.5939942996e-05 -24.477175401 -11.2869295035
723 30341 -0.0981558115911 1.61005101335e-05 -24.463668596 -11.2753450529
724 30544 -0.0982748806826 1.5883729731e-05 -24.4500930875 -11.3066223682
725 31432 -0.0983906744116 1.61488140081e-05 -24.4369120641 -11.2876817268
726 31487 -0.0985082977288 1.66570082748e-05 -24.4235439759 -11.3184601305
727 29958 -0.0986326811632 1.58980423318e-05 -24.409430779 -11.2813775252
728 30785 -0.0987497923438 1.61162819412e-05 -24.3961644671 -11.2836082364
729 30941 -0.0988682102006 1.60617114832e-05 -24.3827715216 -11.2703859429
730 31271 -0.098985603663 1.62217843982e-05 -24.3695156118 -11.2707689723
731 31095 -0.0991045015981 1.69234189576e-05 -24.3561112623 -11.2849571529
732 28797 -0.0992333972763 1.56614212172e-05 -24.3416041044 -11.268894511
733 30311 -0.099349662245 1.56980786213e-05 -24.3285401802 -11.2689874329
734 31786 -0.0994634633922 1.67355806103e-05 -24.3157729416 -11.3002943721
735 30002 -0.0995883407583 1.55084762527e-05 -24.3017856095 -11.2859188406
736 32075 -0.099700261085 1.63318169361e-05 -24.2892695701 -11.2835415885
737 31540 -0.0998191172234 1.60941182076e-05 -24.2759985444 -11.3046706735
738 31771 -0.0999358169464 1.6712516308e-05 -24.2629889395 -11.2406766125
739 30058 -0.100060405907 1.61631841879e-05 -24.2491223709 -11.2570739198
740 30067 -0.100180882402 1.60211926043e-05 -24.2357355824 -11.3031565684
741 30513 -0.100299425415 1.56106478515e-05 -24.2225847624 -11.2814763585
742 32284 -0.100411717507 1.67029470068e-05 -24.2101466874 -11.2711151384
743 30573 -0.10053518196 1.62334411563e-05 -24.1964927088 -11.2699339156
744 30365 -0.100655587077 1.58854417082e-05 -24.1831988101 -11.2842288007
745 31243 -0.100771744217 1.62619896062e-05 -24.1703942333 -11.2759322409
746 30941 -0.100891233684 1.62102670829e-05 -24.1572430755 -11.2752544472
747 30803 -0.101010609354 1.6035668927e-05 -24.1441254154 -11.2464259222
748 31214 -0.10112791957 1.61044026383e-05 -24.1312550946 -11.2605185373
749 31410 -0.101245363355 1.54170543129e-05 -24.118390306 -11.2617542072
750 33894 -0.101353597208 1.68404300734e-05 -24.1065522177 -11.2724681113
751 31654 -0.101475934999 1.64344547913e-05 -24.0931920714 -11.239344297
752 30804 -0.101596959122 1.59998321574e-05 -24.0799968075 -11.2766261961
753 31328 -0.101713792568 1.60430991696e-05 -24.0672786179 -11.2528920602
754 31722 -0.101830213472 1.67361049469e-05 -24.0546249964 -11.2843923643
755 29940 -0.101955223985 1.57905164721e-05 -24.0410595831 -11.2596099818
756 31104 -0.102070944433 1.55655961426e-05 -24.0285223496 -11.2612730138
757 33060 -0.102181589943 1.61631496675e-05 -24.016552948 -11.2774765162
758 33070 -0.102296465929 1.67902497584e-05 -24.0041444902 -11.2453567472
759 31042 -0.102419635765 1.63379918379e-05 -23.9908611529 -11.229028116
760 30506 -0.102540536873 1.53307131702e-05 -23.9778435648 -11.26146107
761 33209 -0.102649268931 1.67330610247e-05 -23.9661540288 -11.2653529471
762 31354 -0.102771407525 1.64249102896e-05 -23.9530432373 -11.2673325458
763 30542 -0.102892879833 1.55630268767e-05 -23.940024962 -11.2672253989
764 32471 -0.103004505679 1.6764960978e-05 -23.9280803576 -11.2535090756
765 30558 -0.103128460195 1.59765149227e-05 -23.914837139 -11.2552984801
766 31152 -0.103245453464 1.60319534803e-05 -23.9023575199 -11.2427767074
767 31579 -0.103362055691 1.61811796654e-05 -23.8899387639 -11.2289639185
768 31531 -0.103479833357 1.62596590284e-05 -23.8774141828 -11.2877025501
769 31233 -0.103598744767 1.62348020106e-05 -23.8647887389 -11.252351049
770 31016 -0.103717889133 1.58352353905e-05 -23.8521583693 -11.2680091093
771 32076 -0.103832165825 1.62480257573e-05 -23.8400626043 -11.2360079001
772 31811 -0.103949908849 1.63331482583e-05 -23.8276189356 -11.2446742685
773 31277 -0.104069274951 1.58638715012e-05 -23.8150233669 -11.2521792357
774 32252 -0.104183445535 1.63722889092e-05 -23.8029944884 -11.2614222026
775 31585 -0.10430251295 1.62149749075e-05 -23.7904688664 -11.2545831987
776 31429 -0.104420727896 1.61144993466e-05 -23.7780522531 -11.259901853
777 31594 -0.104537902683 1.60884825654e-05 -23.7657638579 -11.2437796881
778 31844 -0.104654428474 1.60298992202e-05 -23.7535622083 -11.2413117882
779 32287 -0.104769730004 1.64305459314e-05 -23.7415070528 -11.2618990227
780 31433 -0.104889509646 1.592560648e-05 -23.7290029303 -11.2184828049
781 32210 -0.105004198699 1.60367920877e-05 -23.7170485567 -11.2748466229
782 32636 -0.105118932704 1.63200287006e-05 -23.7051073996 -11.2668383568
783 32130 -0.105236607444 1.59609359796e-05 -23.6928787394 -11.2312169191
784 32806 -0.105350501441 1.61067271364e-05 -23.6810608303 -11.205927464
785 33004 -0.1054650902 1.66408428491e-05 -23.6691885214 -11.2408362877
786 31453 -0.105586364096 1.59601245381e-05 -23.6566428643 -11.2193420369
787 32118 -0.10570146671 1.60585033156e-05 -23.6447539233 -11.2500580781
788 32471 -0.10581664732 1.60069671526e-05 -23.6328747307 -11.2311843601
789 33000 -0.105930534233 1.62835580419e-05 -23.6211464383 -11.2085937009
790 32609 -0.106047080877 1.64162313305e-05 -23.6091621919 -11.262779747
791 31792 -0.106166077419 1.57952644285e-05 -23.5969447207 -11.2032699877
792 33012 -0.106278437586 1.64638505171e-05 -23.585425911 -11.2203101461
793 32030 -0.106397335375 1.60491001632e-05 -23.5732551435 -11.2249226279
794 32413 -0.106512551568 1.61749453794e-05 -23.5614791091 -11.2139986804
795 32384 -0.106628722586 1.6293062641e-05 -23.5496232564 -11.2254695075
796 31970 -0.106746497904 1.58633729198e-05 -23.5376218546 -11.2323695235
797 32968 -0.106859417887 1.6581954642e-05 -23.5261323647 -11.1923863566
798 31607 -0.106979968167 1.58415474948e-05 -23.5138849882 -11.1874555251
799 32666 -0.107093252855 1.61018245102e-05 -23.5023931275 -11.2383294902
800 32880 -0.107208023395 1.62549521832e-05 -23.4907676582 -11.2579790075
801 32585 -0.107324408411 1.59998628354e-05 -23.4789962127 -11.213773786
802 33140 -0.107438004502 1.65574935737e-05 -23.4675238602 -11.2347901512
803 31850 -0.107557915378 1.57918460115e-05 -23.4554319586 -11.2206874997
804 33084 -0.107670129413 1.65111596637e-05 -23.4441331042 -11.2102891461
805 31946 -0.107789525089 1.59244291169e-05 -23.4321290231 -11.2404786051
806 32740 -0.107903274348 1.6142066749e-05 -23.4207097594 -11.1939901565
807 32820 -0.108018436539 1.62627209178e-05 -23.4091656375 -11.2114183388
808 32500 -0.108135029502 1.60385180762e-05 -23.3974954657 -11.2049814215
809 32924 -0.10824927277 1.60648354415e-05 -23.3860774026 -11.2294458007
810 33264 -0.108363116234 1.6133741322e-05 -23.3747159228 -11.1979286194
811 33374 -0.108477260609 1.66597405297e-05 -23.3633410388 -11.2163195425
812 31744 -0.108598113054 1.56804302099e-05 -23.3513157786 -11.2148567145
813 33349 -0.10870909133 1.63081558938e-05 -23.3402894021 -11.2298866309
814 32872 -0.108825346619 1.63949962782e-05 -23.3287554925 -11.1994101642
815 32118 -0.108943585474 1.63010052128e-05 -23.3170423538 -11.2489765393
816 31682 -0.109061952817 1.5797622461e-05 -23.3053341904 -11.2136742959
817 32890 -0.109174538159 1.62223662933e-05 -23.2942143481 -11.1994454028
818 32703 -0.109290480392 1.60986120695e-05 -23.2827796299 -11.2022550805
819 32928 -0.10940514441 1.63493792333e-05 -23.2714875838 -11.2208358378
820 32322 -0.10952268175 1.58874043001e-05 -23.2599296813 -11.196381537
821 33250 -0.109635292635 1.60663229216e-05 -23.2488724269 -11.1972043138
822 33589 -0.109748595677 1.65845815384e-05 -23.2377631867 -11.1971001053
823 32193 -0.109868061208 1.5166490648e-05 -23.2260670414 -11.2117011194
824 35636 -0.109971900417 1.69448698944e-05 -23.215915188 -11.2152327643
825 32930 -0.11009258768 1.62252746312e-05 -23.2041329907 -11.1958041476
826 32733 -0.110208497347 1.61886853821e-05 -23.192834186 -11.1978216202
827 32658 -0.110324278003 1.56053478208e-05 -23.1815645268 -11.2091497395
828 34572 -0.110432753679 1.67032123404e-05 -23.1710209025 -11.1810536796
829 32739 -0.11055206622 1.62098979179e-05 -23.1594406742 -11.1956351401
830 32594 -0.110668112779 1.59935782401e-05 -23.1481942012 -11.1982798477
831 33170 -0.110781612361 1.60838476295e-05 -23.137210524 -11.1996365267
832 33448 -0.110895276731 1.61256297069e-05 -23.1262266835 -11.1938707647
833 33586 -0.111009002666 1.6337685394e-05 -23.1152526693 -11.2148820258
834 33007 -0.111125230754 1.61620750049e-05 -23.1040534799 -11.2103445105
835 33021 -0.11124018502 1.62891151701e-05 -23.0929931745 -11.1893840059
836 32612 -0.111356767216 1.60173849018e-05 -23.0817926022 -11.1974915445
837 33108 -0.111470541768 1.61854973497e-05 -23.0708776283 -11.1995624576
838 33043 -0.111585623572 1.64696473805e-05 -23.0598531431 -11.1826997821
839 32041 -0.111704542366 1.58721508904e-05 -23.0484778505 -11.2139717472
840 33012 -0.1118174499 1.62157242482e-05 -23.0376933072 -11.1937421863
841 32846 -0.111933091339 1.55006080377e-05 -23.0266634867 -11.1952025979
842 35143 -0.112039959585 1.70021362517e-05 -23.0164846865 -11.2030473004
843 32287 -0.112162255567 1.63261302778e-05 -23.0048531975 -11.2014982002
844 31767 -0.112280645452 1.60806135269e-05 -22.9936102049 -11.2120637782
845 32044 -0.112396750305 1.60054488867e-05 -22.9826004112 -11.1979071548
846 32571 -0.112511373794 1.61038118656e-05 -22.9717467923 -11.1818330125
847 32778 -0.112626337368 1.57500860211e-05 -22.9608766099 -11.1749562881
848 34192 -0.112736425237 1.62795853811e-05 -22.9504820913 -11.1955615609
849 33801 -0.11285087134 1.59331926073e-05 -22.9396912315 -11.1889734094
850 34610 -0.11296156537 1.61913754924e-05 -22.9292688232 -11.1968731039
851 34522 -0.113074196786 1.66961525405e-05 -22.9186787839 -11.1786515446
852 32715 -0.113193502532 1.56368171312e-05 -22.9074774291 -11.1795421966
853 34522 -0.113302276059 1.63268227927e-05 -22.8972794434 -11.1784166999
854 33964 -0.113416778342 1.67428592917e-05 -22.8865592966 -11.1577187251
855 32035 -0.113537682525 1.5226943207e-05 -22.8752563715 -11.1687064103
856 35243 -0.113642514625 1.65822179358e-05 -22.865469739 -11.1746587027
857 33787 -0.11375911254 1.59070930089e-05 -22.8545996956 -11.1869330613
858 34687 -0.113869501767 1.63931197468e-05 -22.8443229876 -11.1648604206
859 33897 -0.113984581507 1.60018793713e-05 -22.8336246202 -11.1367226669
860 34467 -0.114095982947 1.62629688056e-05 -22.8232827666 -11.1675223726
861 34130 -0.114209759289 1.61605794144e-05 -22.8127351976 -11.1715324206
862 34149 -0.114322787494 1.62216631218e-05 -22.8022717199 -11.1547264884
863 33957 -0.114436563395 1.60513923856e-05 -22.7917538283 -11.1948117952
864 34355 -0.114548491688 1.66465640984e-05 -22.7814212001 -11.1536379008
865 32721 -0.114667432496 1.56749919374e-05 -22.7704569028 -11.1784776117
866 34394 -0.114776673293 1.58249570238e-05 -22.760400993 -11.1780489084
867 35606 -0.114885066118 1.67253459103e-05 -22.7504365659 -11.1433506545
868 33643 -0.115002921413 1.63262498231e-05 -22.7396174088 -11.1661227398
869 33101 -0.115118902427 1.56611775867e-05 -22.7289856835 -11.1852390651
870 34843 -0.115227342503 1.65733255962e-05 -22.7190589855 -11.1765842224
871 33433 -0.115344492075 1.53936296847e-05 -22.7083499319 -11.1700201003
872 36163 -0.115449116126 1.71023387771e-05 -22.6987989535 -11.1649418919
873 32888 -0.115571002969 1.60237423116e-05 -22.6876876038 -11.1625168033
874 33367 -0.115684380656 1.56991618615e-05 -22.6773669276 -11.1464903131
875 34987 -0.115792858754 1.62412781668e-05 -22.6675057351 -11.1562130962
876 34721 -0.115905511787 1.63642954587e-05 -22.6572789443 -11.1654485885
877 34030 -0.116020165203 1.58810143865e-05 -22.6468850945 -11.1520463651
878 35029 -0.116129833953 1.67842982045e-05 -22.6369568236 -11.1822497943
879 32901 -0.116249431594 1.5277234771e-05 -22.6261449291 -11.1446046285
880 36011 -0.116353482539 1.68711014806e-05 -22.6167513954 -11.1573642349
881 33527 -0.11647257104 1.60481381295e-05 -22.6060150045 -11.1509100958
882 33931 -0.116585173378 1.56452600532e-05 -22.595877782 -11.1290069297
883 35774 -0.116692083571 1.65264804312e-05 -22.5862659418 -11.1418552292
884 34490 -0.116807098443 1.62386313152e-05 -22.5759394877 -11.1727969247
885 34237 -0.116920526515 1.59152896178e-05 -22.5657697306 -11.1514079347
886 35120 -0.117030290059 1.68087561126e-05 -22.5559419543 -11.1771721981
887 32904 -0.117150055078 1.58409947244e-05 -22.5452337219 -11.1582772131
888 34008 -0.117261077618 1.59669054567e-05 -22.5353211438 -11.1457329858
889 34703 -0.117371857182 1.66964366633e-05 -22.5254436452 -11.1446855863
890 32886 -0.117490855129 1.61563178845e-05 -22.5148482326 -11.1606224833
891 32919 -0.117605946035 1.57248655784e-05 -22.504615316 -11.1261029687
892 34428 -0.117715481549 1.62750608977e-05 -22.4948896621 -11.1587299969
893 34050 -0.117829476858 1.54166984237e-05 -22.4847817948 -11.1538229008
894 36744 -0.117933425936 1.70874445486e-05 -22.4755769392 -11.1419284976
895 33467 -0.118054148829 1.5767626242e-05 -22.4649013382 -11.1700603905
896 34849 -0.118163316147 1.59914822871e-05 -22.4552610891 -11.1363420788
897 35472 -0.118273056111 1.67474697363e-05 -22.4455831546 -11.1347557731
898 33441 -0.118391422654 1.54153909866e-05 -22.435158896 -11.1340219891
899 36091 -0.118496298109 1.66892277258e-05 -22.4259352726 -11.1206356844
900 34226 -0.118612892395 1.61140950126e-05 -22.4156947647 -11.1556202465
901 34407 -0.11872517218 1.594270016e-05 -22.4058468754 -11.1412209265
902 35196 -0.118835005539 1.60249651664e-05 -22.3962265148 -11.105084394
903 35704 -0.11894461796 1.61231618859e-05 -22.386638257 -11.1440422024
904 35860 -0.119054661691 1.63563509234e-05 -22.3770250595 -11.132493932
905 35175 -0.119167379386 1.58917705788e-05 -22.3671915293 -11.1536016196
906 36168 -0.119275380455 1.72516907443e-05 -22.3577820433 -11.1437624138
907 32398 -0.119399257319 1.53537799387e-05 -22.347004504 -11.1435349645
908 35186 -0.11950504957 1.61403939158e-05 -22.3378131191 -11.1596952827
909 35278 -0.119616115904 1.62853606535e-05 -22.3281761345 -11.167322841
910 34854 -0.119728859673 1.6139206787e-05 -22.3184067993 -11.1496244014
911 34949 -0.119840438803 1.60980581921e-05 -22.3087514461 -11.1322489052
912 35191 -0.119951350265 1.61946571263e-05 -22.2991667248 -11.1049554457
913 35089 -0.120063089284 1.61331648747e-05 -22.2895234245 -11.1194866846
914 35207 -0.120174218446 1.63197072699e-05 -22.2799456103 -11.1262833749
915 34663 -0.120287511052 1.6131806214e-05 -22.270194507 -11.1163780659
916 34784 -0.12039930388 1.59579561827e-05 -22.2605854991 -11.1437332765
917 35527 -0.12050872966 1.63843133394e-05 -22.251192439 -11.1436993252
918 34749 -0.120622328961 1.60088776353e-05 -22.2414541745 -11.1168309899
919 35308 -0.120732443443 1.61685011046e-05 -22.2320273083 -11.1346813212
920 35300 -0.120843669309 1.6076940399e-05 -22.2225179281 -11.1234012047
921 35621 -0.120953765161 1.64916384182e-05 -22.2131176383 -11.1185835135
922 34464 -0.121068580769 1.62385089348e-05 -22.2033275616 -11.1438043443
923 34212 -0.121182050059 1.57741638476e-05 -22.1936654971 -11.1088020243
924 35601 -0.121290102866 1.60671629642e-05 -22.1844768411 -11.1346543975
925 35960 -0.121399611287 1.63556583334e-05 -22.17517651 -11.1120492735
926 35275 -0.121512163427 1.6349147219e-05 -22.1656303603 -11.1071698757
927 34626 -0.121625720385 1.6271593621e-05 -22.1560119864 -11.1183805154
928 34258 -0.121739345099 1.60885905136e-05 -22.1464009179 -11.1229021184
929 34529 -0.121851249884 1.60990856247e-05 -22.1369480602 -11.143709576
930 34765 -0.121962846793 1.59672112752e-05 -22.1275337654 -11.1167935306
931 35474 -0.122072417418 1.63864205839e-05 -22.1183025835 -11.1098515268
932 34690 -0.122186128321 1.57234972588e-05 -22.1087353215 -11.1181037195
933 36285 -0.122292814493 1.62474687748e-05 -22.0997708672 -11.1050537743
934 35987 -0.122403511166 1.61622535957e-05 -22.0904814479 -11.1037312553
935 36001 -0.122513605262 1.62267911314e-05 -22.0812547178 -11.0924804436
936 35780 -0.122624479907 1.61936898359e-05 -22.0719747672 -11.1090780756
937 35680 -0.122735283346 1.62505753811e-05 -22.0627129802 -11.1199825034
938 35376 -0.122846953515 1.59055189598e-05 -22.0533910657 -11.1402134789
939 36324 -0.122954815762 1.61673150001e-05 -22.0443987469 -11.123007396
940 36320 -0.123064460433 1.64439934098e-05 -22.035269613 -11.0753602857
941 35311 -0.123177563759 1.6138863261e-05 -22.0258649321 -11.0887649048
942 35409 -0.123288414209 1.57926585268e-05 -22.0166598006 -11.1100530004
943 36777 -0.123394849422 1.60935009202e-05 -22.0078326775 -11.0773477633
944 37049 -0.123502913726 1.63070441633e-05 -21.9988818149 -11.1086980077
945 36523 -0.123613197542 1.61785715649e-05 -21.9897589004 -11.1117723891
946 36477 -0.123722681739 1.63656509723e-05 -21.9807138892 -11.0918610566
947 35746 -0.123834558371 1.57934395663e-05 -21.9714833062 -11.107163657
948 37124 -0.123940500121 1.67811760744e-05 -21.9627536256 -11.120488526
949 34879 -0.124056634175 1.60665690952e-05 -21.9531966238 -11.1265891521
950 35233 -0.124167262786 1.60743449134e-05 -21.9441048481 -11.1068978741
951 35563 -0.124277430965 1.57357291217e-05 -21.9350626878 -11.1075679713
952 37152 -0.124382947055 1.5840290892e-05 -21.9264133498 -11.1204265723
953 38401 -0.124487421383 1.71579363209e-05 -21.9178599894 -11.1046732901
954 34727 -0.124606422496 1.58358551189e-05 -21.908130119 -11.1128740947
955 35911 -0.124714428423 1.59427715026e-05 -21.8993110297 -11.1067790979
956 36734 -0.12482193807 1.63844961195e-05 -21.8905435782 -11.1153324001
957 35929 -0.124933657751 1.65813505217e-05 -21.8814445245 -11.109101821
958 34447 -0.125049126068 1.53965523171e-05 -21.8720526994 -11.1059893483
959 37248 -0.125152233631 1.64482625586e-05 -21.8636770101 -11.0846819159
960 36197 -0.125263972318 1.6335896058e-05 -21.8546116243 -11.132734259
961 35579 -0.125375907592 1.62381045052e-05 -21.8455421901 -11.0842406721
962 35320 -0.125487579666 1.58913823553e-05 -21.8365059285 -11.0791069547
963 36319 -0.12559535406 1.63767743648e-05 -21.8277962589 -11.0695063736
964 35551 -0.125707613291 1.59109648452e-05 -21.8187358281 -11.0854624666
965 36484 -0.125815276339 1.65907922077e-05 -21.8100575269 -11.0824016911
966 34946 -0.12592998317 1.57162963816e-05 -21.8008234668 -11.0766759556
967 36579 -0.126036190313 1.66132529365e-05 -21.7922846736 -11.0907547513
968 34957 -0.126151033873 1.59797053285e-05 -21.783063446 -11.0677426207
969 35625 -0.126260458057 1.52872323358e-05 -21.7742888551 -11.0908263858
970 38953 -0.126360568241 1.63628904946e-05 -21.76627095 -11.0888772684
971 38183 -0.126468797435 1.64920686806e-05 -21.7576133109 -11.0986303464
972 36941 -0.126579699534 1.65758016999e-05 -21.7487531792 -11.0864936116
973 35438 -0.126693505112 1.62620639623e-05 -21.739672977 -11.0991015773
974 35095 -0.126805700501 1.59469794664e-05 -21.7307330172 -11.0760485002
975 35884 -0.126914504774 1.59614174639e-05 -21.7220744098 -11.0681003413
976 36637 -0.127022282617 1.67670385606e-05 -21.7135082814 -11.0677313749
977 34471 -0.127139003826 1.53708753792e-05 -21.7042434358 -11.0905399986
978 37372 -0.127241769262 1.64431744178e-05 -21.6960967359 -11.0677969159
979 36336 -0.127353259145 1.59570835072e-05 -21.6872693959 -11.0893129396
980 37115 -0.127460311904 1.61179093448e-05 -21.6788041131 -11.0855426102
981 37297 -0.127568179688 1.63592678519e-05 -21.6702850075 -11.0725343277
982 36573 -0.127678740694 1.63795454828e-05 -21.6615642481 -11.0690291908
983 35790 -0.127790644079 1.61842306351e-05 -21.652748975 -11.0674482031
984 35724 -0.127901314201 1.60894330863e-05 -21.6440420826 -11.0877337784
985 36003 -0.128010909249 1.61547408739e-05 -21.6354307557 -11.0608280194
986 36045 -0.128120885788 1.62136684852e-05 -21.6268004223 -11.0795926676
987 35872 -0.12823152945 1.61425461734e-05 -21.6181288048 -11.0691786278
988 35958 -0.128341555349 1.62528368117e-05 -21.6095165928 -11.0899984244
989 35643 -0.128452821249 1.62562992597e-05 -21.6008184442 -11.0820849628
990 35318 -0.128564621174 1.61922448589e-05 -21.5920897948 -11.0727599644
991 35225 -0.12867612885 1.59389920079e-05 -21.583395171 -11.0770949214
992 36047 -0.128784633759 1.54839970963e-05 -21.5749454094 -11.0626698897
993 38633 -0.128886451361 1.63554720549e-05 -21.5670260235 -11.0628963945
994 37898 -0.128995037735 1.65962527044e-05 -21.5585903916 -11.1029058709
995 36280 -0.129107652541 1.61513628557e-05 -21.5498529415 -11.0726361941
996 36334 -0.129217166757 1.63609480117e-05 -21.5413669108 -11.0890156921
997 35623 -0.129329204391 1.58965133665e-05 -21.5326964004 -11.0397546217
998 36611 -0.129436582077 1.65117731619e-05 -21.5243969943 -11.0676568243
999 35350 -0.129550088766 1.60529928601e-05 -21.5156349929 -11.094736053
1000 35758 -0.129659809424 1.58526659501e-05 -21.5071760988 -11.0606208516
1001 36914 -0.129766450903 1.62326425462e-05 -21.498964796 -11.0501536872
1002 36666 -0.129876017825 1.57604143713e-05 -21.4905386931 -11.067741409
1003 38208 -0.129980228326 1.65477600403e-05 -21.4825343352 -11.0636053273
1004 36757 -0.130091783054 1.59096922236e-05 -21.4739764581 -11.0534275104
1005 37726 -0.130197649846 1.64027573416e-05 -21.4658650359 -11.0585811888
1006 36831 -0.130308116033 1.58840381479e-05 -21.4574116868 -11.027443701
1007 37901 -0.130413568434 1.60783761655e-05 -21.449351977 -11.052935028
1008 38240 -0.130519836652 1.66826887404e-05 -21.4412397422 -11.0543881971
1009 36288 -0.1306330255 1.62050462795e-05 -21.432610036 -11.0413602411
1010 36145 -0.130743191241 1.58922593568e-05 -21.4242215265 -11.0415086633
1011 37164 -0.130849739198 1.59893490198e-05 -21.4161185238 -11.0554386165
1012 37837 -0.130955980597 1.61052694955e-05 -21.4080486405 -11.0460847854
1013 38071 -0.13106266204 1.63984460147e-05 -21.3999551675 -11.0693566114
1014 37184 -0.131172573629 1.55536633739e-05 -21.391626927 -11.042499653
1015 39570 -0.13127363085 1.64931749621e-05 -21.3839788008 -11.052940231
1016 38279 -0.13138258537 1.67256783884e-05 -21.3757428546 -11.0415586354
1017 36167 -0.1314962555 1.53166299931e-05 -21.3671613341 -11.0755490918
1018 39428 -0.131595952847 1.66026823076e-05 -21.3596438197 -11.06026849
1019 37720 -0.131706439812 1.64298523054e-05 -21.3513226835 -11.0471006026
1020 36724 -0.131817249416 1.59275488571e-05 -21.3429877384 -11.057182275
1021 37624 -0.131923378811 1.62906015697e-05 -21.3350146644 -11.0478579784
1022 37152 -0.132032615174 1.60109495187e-05 -21.3268182053 -11.0559563277
1023 37742 -0.132139134 1.59685607693e-05 -21.3188354347 -11.0390543624
1024 38506 -0.132244310631 1.64321052623e-05 -21.3109627104 -11.0414225149
1025 37481 -0.13235401103 1.63194411453e-05 -21.3027613684 -11.0335586373
1026 36903 -0.132463809819 1.57726898139e-05 -21.2945628743 -11.0410976285
1027 38407 -0.132567830897 1.64510970871e-05 -21.2868051927 -11.0441607786
1028 37313 -0.132677905494 1.57020137111e-05 -21.2786059948 -11.0539421946
1029 39114 -0.132780520854 1.68148089208e-05 -21.2709716108 -11.0656339541
1030 36624 -0.13289408225 1.59145459036e-05 -21.2625331853 -11.0369042017
1031 37571 -0.133000199598 1.61307406e-05 -21.254657691 -11.0378389749
1032 37706 -0.133107566017 1.60957502115e-05 -21.2466991014 -11.0525186057
1033 37976 -0.133214317875 1.62371008578e-05 -21.238795628 -11.060180962
1034 37704 -0.133322396022 1.57345983731e-05 -21.2308036575 -11.0642160192
1035 39393 -0.133424859245 1.61234528385e-05 -21.2232358828 -11.0424239425
1036 39564 -0.1335296272 1.63725611421e-05 -21.2155069202 -11.0550731765
1037 38744 -0.133637133613 1.62616057338e-05 -21.2075854177 -11.0452769749
1038 38371 -0.133744429988 1.60779814224e-05 -21.1996889516 -11.018838796
1039 38716 -0.133850040662 1.65347359471e-05 -21.1919258556 -11.0517805989
1040 37295 -0.133960700792 1.5907754564e-05 -21.1838014839 -11.0246279358
1041 38286 -0.134065778079 1.66495480478e-05 -21.1760963448 -11.0577412469
1042 36454 -0.134178484692 1.60946624813e-05 -21.1678418721 -11.0409176375
1043 36719 -0.134287040923 1.56763533933e-05 -21.1599012458 -11.0301592693
1044 38591 -0.134390179346 1.61159912685e-05 -21.152365883 -11.0130587041
1045 38788 -0.134495941313 1.61754644267e-05 -21.1446478977 -11.0121108297
1046 38751 -0.134602143655 1.63579709292e-05 -21.1369069872 -11.0277919141
1047 38004 -0.134710594884 1.58800398951e-05 -21.1290116687 -11.0285445518
1048 39124 -0.134814359927 1.63809261593e-05 -21.1214664877 -11.0329822649
1049 38281 -0.134922570304 1.64694371858e-05 -21.1136074068 -11.0552288833
1050 37121 -0.135033051514 1.58379139085e-05 -21.1055932202 -11.0261520626
1051 38379 -0.135137541159 1.62188553334e-05 -21.0980227691 -10.996700823
1052 38174 -0.135244830212 1.59129342094e-05 -21.0902586995 -11.0332902653
1053 39168 -0.135348751836 1.63647482796e-05 -21.0827471931 -11.0134915632
1054 38387 -0.135456706001 1.57520945083e-05 -21.0749534463 -11.038992988
1055 40035 -0.135558456909 1.72168315296e-05 -21.0676161435 -11.0315168939
1056 35989 -0.135675753891 1.52389527531e-05 -21.0591681444 -11.0306073493
1057 39545 -0.13577479824 1.60512022758e-05 -21.0520433489 -11.0368923335
1058 40009 -0.135878515113 1.63466036649e-05 -21.0445908666 -11.0063208044
1059 39283 -0.135985112073 1.61819624756e-05 -21.0369404137 -11.0209782575
1060 39220 -0.136090720377 1.59667950213e-05 -21.0293698741 -11.0090180251
1061 40022 -0.136193875539 1.61145479559e-05 -21.0219837815 -11.0111067543
1062 40232 -0.136297712612 1.70433696779e-05 -21.0145574255 -10.9960749756
1063 36808 -0.136412529378 1.55066387455e-05 -21.0063557943 -11.0184992453
1064 39358 -0.136513552532 1.66859491894e-05 -20.9991481308 -10.9925730895
1065 37337 -0.136625162431 1.60027364172e-05 -20.9911945454 -11.0164293703
1066 37961 -0.136731318268 1.59425563302e-05 -20.9836387771 -11.0021850919
1067 38832 -0.136835882164 1.59348123206e-05 -20.9762050216 -11.0037949471
1068 39755 -0.136939175893 1.64457128649e-05 -20.9688700342 -10.9983118342
1069 38643 -0.137047303275 1.60831920342e-05 -20.9612008059 -11.0123273265
1070 38970 -0.137152603553 1.62385137482e-05 -20.9537409324 -11.0182931303
1071 38685 -0.137259311364 1.59085069264e-05 -20.9461902224 -11.0126869296
1072 39710 -0.137362492424 1.63521916171e-05 -20.9388975528 -11.0078130839
1073 38967 -0.137469556861 1.60811611788e-05 -20.9313392176 -11.0270000222
1074 39304 -0.137574394407 1.65196306086e-05 -20.923946768 -11.0294941316
1075 37920 -0.137684039326 1.59707634562e-05 -20.9162245032 -11.0177995929
1076 38679 -0.137788995021 1.61052399016e-05 -20.9088412661 -11.0304400475
1077 38919 -0.137894508553 1.62433837538e-05 -20.9014274168 -10.9995468193
1078 38615 -0.13800134467 1.59189653538e-05 -20.8939294382 -11.0088226835
1079 39596 -0.138104741992 1.66784379823e-05 -20.8866812206 -11.0161172371
1080 37591 -0.138215923528 1.58671676873e-05 -20.8788965496 -11.0080317118
1081 38749 -0.138320104342 1.55568733822e-05 -20.8716107141 -11.000181933
1082 41222 -0.138419136364 1.62474267331e-05 -20.8646927132 -11.0016026937
1083 40883 -0.138522992353 1.68170790601e-05 -20.8574458363 -11.0346697834
1084 38271 -0.13863409747 1.58651891056e-05 -20.8497023043 -10.9865893078
1085 39458 -0.138737325345 1.60852012354e-05 -20.842516267 -11.0047486068
