100 100000 0.75 reinforce cheb_reinforce 30000000

1 100 0 1.71078378738e-05 -56.6666666667 -12.3359143898
2 17703 -0.0001661869769 1.61531395634e-05 -56.5125879151 -12.136024051
3 17727 -0.000322994762939 1.57182364216e-05 -56.3680711644 -12.1195125237
4 18552 -0.000472147508928 1.62029250043e-05 -56.2313831119 -12.1362222918
5 18483 -0.000626185951684 1.65462394398e-05 -56.091002797 -12.146501232
6 17784 -0.000786549446898 1.58137022097e-05 -55.9456986931 -12.1568428786
7 18432 -0.000937095691259 1.59140195588e-05 -55.8100635572 -12.1150471755
8 18910 -0.00108667002501 1.69546405336e-05 -55.6760398427 -12.1189445542
9 17457 -0.00125252387243 1.5837251418e-05 -55.5282793776 -12.1282639935
10 18050 -0.00140488195643 1.62268432875e-05 -55.3933237079 -12.1712498038
11 17939 -0.00156146814911 1.55417619705e-05 -55.2553958277 -12.0922236148
12 19114 -0.00170676328371 1.61203805122e-05 -55.1281087228 -12.1053650064
13 19203 -0.0018571161587 1.65696289736e-05 -54.9970895138 -12.1338411842
14 18433 -0.00201485391849 1.60475469038e-05 -54.8603928092 -12.1224908207
15 18656 -0.00216670493746 1.67184598108e-05 -54.7295246495 -12.0747023642
16 17640 -0.00232939873524 1.60084633983e-05 -54.5900967847 -12.1149280454
17 17925 -0.00248394052491 1.56363738254e-05 -54.4584007872 -12.1374644797
18 18916 -0.0026308822026 1.6675857479e-05 -54.3338496305 -12.0913564705
19 17963 -0.00279169465257 1.56392325172e-05 -54.1982817594 -12.1104325045
20 18951 -0.00293852898994 1.61724283466e-05 -54.0751681826 -12.1413817065
21 18939 -0.00309041518387 1.66266067766e-05 -53.9484868858 -12.1014405129
22 18075 -0.00325025574182 1.54977404306e-05 -53.8158989671 -12.1045821255
23 19345 -0.00339427052998 1.70151499859e-05 -53.6970726122 -12.11127293
24 17750 -0.00355933969661 1.53050680797e-05 -53.5616075882 -12.147456222
25 19373 -0.00370146033939 1.65880953479e-05 -53.4455979658 -12.1083618833
26 18562 -0.00385882676715 1.6294738835e-05 -53.3178102466 -12.1526685109
27 18322 -0.00401441929849 1.56750848424e-05 -53.1921464094 -12.0833157275
28 19259 -0.00416040701959 1.59734250155e-05 -53.0748529081 -12.1166898623
29 19640 -0.00430772452447 1.64960843974e-05 -52.9570880206 -12.1117533894
30 18994 -0.00446242733653 1.60808621486e-05 -52.8340600006 -12.0665552474
31 19159 -0.0046125832532 1.62702404154e-05 -52.7152707436 -12.0691677169
32 18958 -0.00476531229148 1.64631998274e-05 -52.5950703796 -12.069087934
33 18396 -0.00492219747885 1.59118102533e-05 -52.472249699 -12.0382799498
34 18877 -0.00507188051939 1.60327192723e-05 -52.3556772582 -12.0930383793
35 19135 -0.00522168366939 1.62595639319e-05 -52.2396029745 -12.1110605973
36 18955 -0.00537432548794 1.5948927134e-05 -52.1219333996 -12.0828944345
37 19378 -0.00552240762051 1.65351539273e-05 -52.0083572752 -12.0773950302
38 18666 -0.00567883116502 1.64956386196e-05 -51.8889974343 -12.1174047014
39 18053 -0.00583751100977 1.58179780969e-05 -51.7685554483 -12.1224213265
40 18703 -0.00598700429481 1.6034822193e-05 -51.6556709961 -12.0896641419
41 18954 -0.00613753847064 1.53985207398e-05 -51.5425694009 -12.0852157487
42 20492 -0.00627657047864 1.7253803546e-05 -51.4386131636 -12.1155341057
43 18353 -0.00644118190025 1.5631584091e-05 -51.3161511045 -12.0585947028
44 19377 -0.00658632028115 1.63608811833e-05 -51.2087297127 -12.1204327456
45 18998 -0.00673973747046 1.5944823447e-05 -51.0957408279 -12.0819940818
46 19430 -0.00688758306152 1.62899287179e-05 -50.9873958027 -12.0764559836
47 19188 -0.00703957849947 1.58879919818e-05 -50.8765585941 -12.0242405685
48 19738 -0.00718574358783 1.65881389072e-05 -50.770494054 -12.0863341931
49 18911 -0.0073416489501 1.65491259389e-05 -50.6579204427 -12.0614783583
50 18191 -0.00750023822348 1.58274100728e-05 -50.5439964057 -12.0523408629
51 18828 -0.00764932358699 1.58374468393e-05 -50.4374358742 -12.0543095774
52 19467 -0.00779603296726 1.65234487157e-05 -50.3330772426 -12.0980364281
53 18774 -0.00795189552741 1.56506277776e-05 -50.2227510241 -12.0567710921
54 19783 -0.00809571128763 1.59130041334e-05 -50.1214450301 -12.0715969971
55 20298 -0.00824007137315 1.66787301327e-05 -50.02022807 -12.0747434018
56 19270 -0.00839536217919 1.62684398039e-05 -49.9118718466 -12.0747840368
57 19071 -0.00854761994301 1.59099033268e-05 -49.806156198 -12.0670504548
58 19574 -0.00869459832624 1.69316737988e-05 -49.7045949409 -12.0569153918
59 18112 -0.00885720460987 1.55331617301e-05 -49.5927902732 -12.0524827452
60 19315 -0.00900166098021 1.71485722603e-05 -49.4939509561 -12.063562713
61 17484 -0.00916928326243 1.5979978856e-05 -49.3798298342 -12.0514469948
62 17818 -0.00932401288206 1.54515345717e-05 -49.2750245608 -12.0645333085
63 19160 -0.00946829067693 1.61387942655e-05 -49.1777608818 -12.0659732563
64 19213 -0.00961877502869 1.59776524705e-05 -49.0767848953 -12.0239153426
65 19584 -0.00976633948081 1.59016557624e-05 -48.9782327364 -12.0476396734
66 20117 -0.00991124417158 1.68355758581e-05 -48.8819014664 -12.031795307
67 18797 -0.0100699556675 1.59568889709e-05 -48.7768934686 -12.0900823769
68 19201 -0.0102187932367 1.62742854733e-05 -48.678891763 -11.9952029457
69 18992 -0.0103714243878 1.59361839924e-05 -48.5788646791 -11.9997286768
70 19441 -0.0105191484043 1.63526541528e-05 -48.4825059428 -12.0559211779
71 19077 -0.010672171982 1.60804251844e-05 -48.3831563695 -12.0426838534
72 19244 -0.0108219935007 1.58373866908e-05 -48.2863419625 -12.0327194601
73 19897 -0.0109671075053 1.69629770027e-05 -48.192996953 -12.0616132722
74 18353 -0.0111289432645 1.59023819789e-05 -48.0893882301 -12.0052846078
75 18851 -0.0112786410787 1.59669405357e-05 -47.9940095626 -12.0241766641
76 19236 -0.0114274348422 1.60188595244e-05 -47.8996411814 -12.0350094523
77 19526 -0.0115756009772 1.5975128619e-05 -47.8060981579 -12.0619788762
78 19908 -0.011721936058 1.65315231533e-05 -47.714126858 -11.9920917536
79 19184 -0.0118762010801 1.61320154265e-05 -47.617615875 -12.0587941769
80 19251 -0.0120264764054 1.55433904519e-05 -47.5240363805 -12.0383238405
81 20508 -0.0121667593906 1.71237271643e-05 -47.4370645589 -12.0361803479
82 18611 -0.0123289930437 1.57073168005e-05 -47.3369445858 -12.0013435753
83 19499 -0.0124743786017 1.60396875031e-05 -47.2476391428 -12.0020715641
84 19751 -0.0126218893175 1.62524772761e-05 -47.1574283759 -12.0548346381
85 19579 -0.012772012505 1.5505507784e-05 -47.0660309612 -12.0131402988
86 20938 -0.0129105094299 1.67022481586e-05 -46.9820771142 -12.0237653697
87 19830 -0.013063806711 1.61413864238e-05 -46.8895577185 -12.0137089402
88 19880 -0.0132117702146 1.65714732713e-05 -46.8006594646 -12.0043301929
89 19079 -0.0133668306371 1.63018697254e-05 -46.7079182308 -12.0359227248
90 18818 -0.0135204232814 1.59315856996e-05 -46.6164766993 -12.0062015448
91 19272 -0.0136687512368 1.62689046383e-05 -46.5285653019 -12.0077983958
92 19072 -0.01382100904 1.59163581196e-05 -46.4387265341 -12.0194617851
93 19562 -0.0139680913927 1.63817745042e-05 -46.3523254834 -12.0067142163
94 19139 -0.0141211384846 1.55332270463e-05 -46.2628184907 -12.0229353117
95 20410 -0.0142616667062 1.66567933109e-05 -46.1809880566 -11.9945971709
96 19419 -0.0144161552739 1.58851245841e-05 -46.0914181671 -11.9971327624
97 19981 -0.0145614010328 1.68235567285e-05 -46.0075769974 -11.9785624705
98 18693 -0.0147204411414 1.57055941017e-05 -45.9161816572 -11.9651130905
99 19588 -0.0148654788645 1.57108506167e-05 -45.8332028407 -12.0409869659
100 20515 -0.0150072496497 1.68625889929e-05 -45.7524318376 -11.9837339725
101 19116 -0.0151648819115 1.59544509088e-05 -45.6630147341 -11.9987314165
102 19531 -0.0153124315722 1.63908906508e-05 -45.5796873213 -12.0094788764
103 19091 -0.015465756176 1.60112142638e-05 -45.493475443 -11.9856476271
104 19394 -0.0156143552658 1.58056977356e-05 -45.4102848224 -11.9704436578
105 20117 -0.0157583857811 1.63743565866e-05 -45.3299917725 -11.9378551574
106 19697 -0.0159091818526 1.60855277059e-05 -45.2462834136 -11.9921797175
107 19859 -0.0160567115432 1.62039335321e-05 -45.1647387525 -11.9692298572
108 19783 -0.0162056116643 1.62391782704e-05 -45.0827858779 -11.9577935729
109 19637 -0.0163553895684 1.57575278465e-05 -45.0007016338 -11.9923297328
110 20469 -0.0164977412009 1.61438571545e-05 -44.9230122209 -11.9588759173
111 20516 -0.016643417388 1.62675182126e-05 -44.8438342389 -11.9936955293
112 20306 -0.0167909639364 1.60186513479e-05 -44.7639735793 -11.9842579561
113 20612 -0.0169351701297 1.66851702219e-05 -44.6862436187 -12.0072350695
114 19555 -0.0170893833962 1.58003473256e-05 -44.6034704257 -11.9668507825
115 20295 -0.0172327322561 1.65291941181e-05 -44.5268517617 -11.9765904046
116 19561 -0.0173854798163 1.59826887127e-05 -44.4455500226 -11.979043847
117 19929 -0.0175318092562 1.59030919981e-05 -44.3679917943 -11.9834441052
118 20469 -0.0176754776659 1.59007479329e-05 -44.2921537328 -12.0107869971
119 21028 -0.0178172005621 1.68852821702e-05 -44.2176415486 -11.955903571
120 19549 -0.0179732871014 1.6089876238e-05 -44.1359189555 -11.9598656587
121 19701 -0.0181214469164 1.58546915485e-05 -44.0586756134 -12.0023927695
122 20334 -0.0182651508953 1.67225913836e-05 -43.9840595863 -11.958733021
123 19218 -0.0184210584346 1.60743101623e-05 -43.9034438198 -11.9792384147
124 19398 -0.0185702262695 1.58332404985e-05 -43.8266390396 -11.9088774674
125 20065 -0.0187146948369 1.62626507146e-05 -43.7525559277 -11.9891002888
126 19870 -0.0188638089065 1.54447698027e-05 -43.6764004493 -12.0185772572
127 21381 -0.0190003270699 1.70473866487e-05 -43.6069523047 -11.9634247201
128 19554 -0.0191578950153 1.57694193594e-05 -43.5271199881 -11.9709884185
129 20358 -0.0193007423601 1.6458840363e-05 -43.4550442344 -11.9707172611
130 19763 -0.0194520635086 1.55569107175e-05 -43.3790004447 -11.9455302733
131 21025 -0.019590733129 1.67544343925e-05 -43.3095906587 -11.9317569054
132 19808 -0.019744597365 1.58152025548e-05 -43.2328826438 -11.9222335898
133 20527 -0.0198872693265 1.63157318755e-05 -43.1620416057 -11.9592352902
134 20218 -0.0200355757515 1.5965042458e-05 -43.0886940118 -11.9597380047
135 20635 -0.0201792203678 1.59482541036e-05 -43.0179332644 -11.9414692471
136 21097 -0.0203211356458 1.64197745846e-05 -42.9482946181 -11.9492163494
137 20561 -0.0204691365918 1.58397221155e-05 -42.8759541347 -11.9726353766
138 21254 -0.0206095635311 1.65789088725e-05 -42.8075826513 -11.9158147193
139 20383 -0.020759652008 1.63874100821e-05 -42.7347928256 -11.9446759333
140 19931 -0.0209096796047 1.6069203731e-05 -42.6623258102 -11.9543116315
141 20128 -0.0210560705467 1.59017070005e-05 -42.5918963592 -11.9265353255
142 20676 -0.0211990044856 1.690133535e-05 -42.523396299 -11.9625714167
143 19191 -0.0213566919661 1.56142241648e-05 -42.4481290561 -11.9168361892
144 20298 -0.0214983434885 1.67715019218e-05 -42.3807858294 -11.9103873683
145 19090 -0.0216552340983 1.5105424555e-05 -42.3064938933 -11.9104278679
146 21264 -0.0217891203654 1.67167068749e-05 -42.2433399076 -11.9618181304
147 20109 -0.0219414813095 1.58051729173e-05 -42.1717440522 -11.9320169978
148 20860 -0.0220829195926 1.57878144922e-05 -42.1055391469 -11.9232697521
149 21677 -0.0222215137517 1.65082071811e-05 -42.0409053968 -11.9589202014
150 20938 -0.0223689673381 1.65219307859e-05 -41.9723992558 -11.9040903285
151 20196 -0.0225192297657 1.57642812575e-05 -41.9028615169 -11.9255682284
152 21037 -0.0226597058586 1.63035264862e-05 -41.8381008077 -11.9105783714
153 20746 -0.022806003373 1.63673088108e-05 -41.7709098392 -11.9220236336
154 20327 -0.0229543788943 1.56616348108e-05 -41.7030271482 -11.887747623
155 21396 -0.0230927662769 1.66984785643e-05 -41.639951153 -11.8936662141
156 20272 -0.0232443507585 1.62481030692e-05 -41.5711211003 -11.9103865945
157 20104 -0.0233924595224 1.59584550469e-05 -41.5041314318 -11.8771300125
158 20533 -0.0235364032515 1.61509166346e-05 -41.4392724867 -11.9378806742
159 20565 -0.0236819679623 1.62704054213e-05 -41.3739292403 -11.8987524728
160 20349 -0.0238293863707 1.5399750277e-05 -41.3080046791 -11.9390861464
161 21997 -0.0239635873047 1.66525377647e-05 -41.248209145 -11.9248146694
162 20938 -0.0241123285681 1.63859901653e-05 -41.1821766218 -11.909047106
163 20476 -0.0242603309494 1.57542122997e-05 -41.116722968 -11.8887742873
164 21351 -0.0243996828597 1.67600616961e-05 -41.0553224049 -11.918672499
165 20103 -0.0245524627843 1.62103596453e-05 -40.9882573426 -11.8917139227
166 20013 -0.0247005634738 1.6492133323e-05 -40.9234965806 -11.9189794607
167 19362 -0.0248537504407 1.56740412855e-05 -40.8567694499 -11.8749130046
168 20354 -0.0249957463122 1.59573026763e-05 -40.7951498322 -11.9178035373
169 20790 -0.0251387846104 1.62370688361e-05 -40.7333029987 -11.9023815798
170 20641 -0.0252848555054 1.61099812632e-05 -40.6703768759 -11.9269455753
171 20759 -0.0254293704426 1.62648866527e-05 -40.6083504343 -11.8513849846
172 20552 -0.0255760075731 1.63551993459e-05 -40.5456450682 -11.8858342849
173 20162 -0.0257248799953 1.59138373511e-05 -40.4822215133 -11.9197150179
174 20685 -0.0258678903595 1.618618449e-05 -40.4215196243 -11.8731039291
175 20643 -0.0260134962516 1.62268947689e-05 -40.3599406005 -11.8976409957
176 20516 -0.0261599188716 1.55743209194e-05 -40.2982434185 -11.8600775831
177 21787 -0.0262962928628 1.67100887276e-05 -40.2409842348 -11.8620139812
178 20618 -0.0264467039182 1.58055442698e-05 -40.178058126 -11.8743525385
179 21387 -0.0265863913525 1.60094363064e-05 -40.1198302992 -11.8573669429
180 21730 -0.0267267593591 1.65759622491e-05 -40.0615232832 -11.8617800304
181 20845 -0.0268751463245 1.6145405636e-05 -40.0001070198 -11.9236789553
182 20889 -0.0270195278762 1.65756439599e-05 -39.9405661357 -11.8941816945
183 20039 -0.0271708670799 1.60801382414e-05 -39.8783851096 -11.8293198806
184 20215 -0.0273170434384 1.62294297662e-05 -39.8185467651 -11.8817003798
185 20086 -0.0274650501455 1.58950803799e-05 -39.7581796186 -11.8342052752
186 20647 -0.0276080257047 1.53713866722e-05 -39.7000740408 -11.8927520361
187 22384 -0.0277408175095 1.66411584191e-05 -39.6462906351 -11.8936071907
188 21331 -0.0278880816317 1.60719712484e-05 -39.5868512101 -11.8846364934
189 21536 -0.0280296313232 1.66411779894e-05 -39.5299209928 -11.9120149551
190 20523 -0.0281797671092 1.555374629e-05 -39.4697535123 -11.8836925967
191 21840 -0.0283157953636 1.60943324494e-05 -39.4154306801 -11.8624260787
192 22000 -0.0284560395462 1.69523845418e-05 -39.3596133519 -11.8548029251
193 20314 -0.0286097673874 1.59766868133e-05 -39.2986489666 -11.8896775053
194 20709 -0.028753261499 1.56457407284e-05 -39.241949022 -11.8593851684
195 21833 -0.0288901168656 1.65929898965e-05 -39.1880566572 -11.8814590351
196 20908 -0.0290384334468 1.58392154203e-05 -39.129853163 -11.88022493
197 21614 -0.0291776821737 1.68042594999e-05 -39.0753985895 -11.8889770617
198 20260 -0.029330271619 1.53362111352e-05 -39.0159376735 -11.8294115146
199 22043 -0.0294637797598 1.66816931923e-05 -38.9640921281 -11.8796087884
200 20920 -0.0296128460337 1.58675402413e-05 -38.9064020883 -11.8866534983
201 21564 -0.0297525044966 1.64231842455e-05 -38.8525408169 -11.8528176141
202 21009 -0.0298989497988 1.66664496796e-05 -38.7962562918 -11.8495903933
203 19970 -0.0300513829548 1.56974873128e-05 -38.7378804584 -11.8496633498
204 20943 -0.0301915766016 1.60058123546e-05 -38.6843800307 -11.8810865327
205 21287 -0.0303333665409 1.635653783e-05 -38.6304528672 -11.8475162935
206 20880 -0.030479668146 1.62380289649e-05 -38.5750011229 -11.8865702509
207 20728 -0.0306254396115 1.59724038998e-05 -38.5199426134 -11.831494253
208 21140 -0.0307674245397 1.63864318506e-05 -38.4664978878 -11.8330074987
209 20673 -0.0309147253865 1.59713141316e-05 -38.4112426895 -11.8431684559
210 21086 -0.0310568814985 1.59923022518e-05 -38.3581003962 -11.8733261618
211 21462 -0.0311979737658 1.60534338028e-05 -38.3055326601 -11.84508316
212 21709 -0.0313387954931 1.60495211201e-05 -38.2532405381 -11.8789277607
213 21968 -0.0314787518894 1.66194206679e-05 -38.2014419344 -11.8365300555
214 20981 -0.0316270461337 1.62704361119e-05 -38.1467438157 -11.8308973185
215 20760 -0.0317729962611 1.59724200357e-05 -38.0930966093 -11.8530695973
216 21172 -0.0319148719771 1.56254950623e-05 -38.041123283 -11.8504871775
217 22367 -0.0320499085046 1.67813289243e-05 -37.9918159481 -11.8452166385
218 21014 -0.0321995287687 1.54406641764e-05 -37.9373655052 -11.8968225447
219 22621 -0.0323322159152 1.67594855552e-05 -37.8892367391 -11.8494251543
220 21300 -0.0324806357316 1.63694840479e-05 -37.8355779147 -11.8231877318
221 20865 -0.0326271045796 1.58320541067e-05 -37.7828063055 -11.8129838627
222 21585 -0.0327663830343 1.59061822559e-05 -37.7327920868 -11.8364365132
223 22162 -0.0329044788551 1.62525075821e-05 -37.6833622509 -11.8454538803
224 21969 -0.0330462015246 1.68047578612e-05 -37.632798774 -11.8509125715
225 20592 -0.033197561404 1.55154916298e-05 -37.5789801156 -11.7949655613
226 21999 -0.0333327643443 1.61704811878e-05 -37.5310655253 -11.8388015105
227 21990 -0.0334737054582 1.63731047593e-05 -37.4812765103 -11.8459171852
228 21533 -0.0336179164112 1.58748344e-05 -37.4304997135 -11.8333015668
229 22179 -0.0337556869252 1.61789470136e-05 -37.382147915 -11.8464581361
230 22150 -0.0338961887719 1.60952627657e-05 -37.3329950938 -11.8520142649
231 22310 -0.0340354627283 1.65063769412e-05 -37.284428121 -11.8213178175
232 21553 -0.0341807798178 1.57084361171e-05 -37.2339188903 -11.8217411882
233 22578 -0.0343158961672 1.66644954685e-05 -37.1871057549 -11.8158459547
234 21465 -0.034462905684 1.62432968375e-05 -37.13633602 -11.8166754887
235 21298 -0.0346067621023 1.61923624074e-05 -37.0868198385 -11.7687121682
236 21242 -0.0347503570462 1.56147458294e-05 -37.0375552667 -11.8073387506
237 22466 -0.03488500457 1.69080050023e-05 -36.9915063654 -11.826239539
238 20838 -0.0350363905828 1.58991020002e-05 -36.9399008894 -11.847534887
239 21411 -0.0351768267809 1.5749000271e-05 -36.8921862272 -11.7812612902
240 22337 -0.0353130208895 1.63410152726e-05 -36.8460575682 -11.7870618564
241 21944 -0.0354555946686 1.63915680785e-05 -36.7979200719 -11.7869268125
242 21448 -0.0356002548689 1.57971015602e-05 -36.7492362326 -11.8599085361
243 22267 -0.0357370809645 1.63162480262e-05 -36.7033347313 -11.7831827193
244 21931 -0.0358794832503 1.63177106175e-05 -36.6557124386 -11.8077263137
245 21597 -0.0360229957544 1.60476350737e-05 -36.6078727973 -11.8027516194
246 21859 -0.0361632846633 1.61858683212e-05 -36.5612563925 -11.8148714601
247 21815 -0.036304921467 1.6420683589e-05 -36.5143404894 -11.7832930309
248 21259 -0.0364504812149 1.57393508792e-05 -36.4662797665 -11.8336963454
249 22201 -0.0365870106585 1.60459659582e-05 -36.4213424405 -11.7731430237
250 22474 -0.0367253519484 1.61324298831e-05 -36.3759481036 -11.7776968278
251 22551 -0.0368641992237 1.66033539361e-05 -36.3305281246 -11.802195848
252 21573 -0.0370103034804 1.59931843772e-05 -36.2828853861 -11.7986379142
253 21955 -0.0371498080529 1.58715126268e-05 -36.2375387109 -11.7822197362
254 22622 -0.0372861965331 1.65942899347e-05 -36.1933402948 -11.7997042677
255 21661 -0.0374319247203 1.58201441032e-05 -36.1462624363 -11.7925208359
256 22436 -0.0375684346884 1.64361386981e-05 -36.1022998726 -11.782593462
257 21830 -0.0377122135723 1.56003888181e-05 -36.0561393527 -11.7760486851
258 23121 -0.0378448164031 1.65303903152e-05 -36.0136963667 -11.7895366835
259 22283 -0.0379879439638 1.60697564198e-05 -35.9680234146 -11.790403597
260 22502 -0.0381264022775 1.66007241603e-05 -35.9239769063 -11.7891258628
261 21532 -0.0382726228636 1.60798054293e-05 -35.8776060702 -11.7686542291
262 21722 -0.0384136350519 1.61187089225e-05 -35.8330274247 -11.7567965666
263 21827 -0.0385546469473 1.55566612348e-05 -35.7885861422 -11.7870519316
264 23221 -0.0386865935659 1.67462027723e-05 -35.7471256332 -11.7984450044
265 21895 -0.0388328687319 1.54340585419e-05 -35.7013019989 -11.7816991751
266 23586 -0.0389627597118 1.70533941906e-05 -35.6607332124 -11.7458236575
267 21557 -0.0391128802026 1.61081279686e-05 -35.613988664 -11.7876296552
268 21684 -0.0392542618828 1.62652943373e-05 -35.570104301 -11.7420126607
269 21467 -0.0393977438542 1.60553741144e-05 -35.5257053181 -11.7999558065
270 21710 -0.039538580067 1.61383196752e-05 -35.4822589391 -11.7629943848
271 21772 -0.0396799431321 1.57350913295e-05 -35.4387828281 -11.7768112916
272 22746 -0.0398147888147 1.63595561693e-05 -35.3974345675 -11.7883672329
273 22304 -0.0399563683288 1.62034738788e-05 -35.3541506095 -11.7880357995
274 22220 -0.0400968630198 1.64191997864e-05 -35.3113284802 -11.7724267365
275 21657 -0.0402410662383 1.5669999168e-05 -35.2675102534 -11.7398183188
276 22776 -0.0403752656036 1.63605433638e-05 -35.2268534689 -11.7395597059
277 22331 -0.0405167674663 1.62175941322e-05 -35.1841107719 -11.7794253674
278 22215 -0.0406574002574 1.61301858353e-05 -35.1417586196 -11.7586690747
279 22296 -0.0407970192583 1.6259371781e-05 -35.0998374715 -11.7355005799
280 22086 -0.0409384243089 1.6305800672e-05 -35.0575071448 -11.7753966757
281 21775 -0.0410812416644 1.57435953037e-05 -35.0148832795 -11.7617049611
282 22730 -0.0412162092246 1.62598483548e-05 -34.9747210343 -11.7100566148
283 22515 -0.0413562652861 1.57365918022e-05 -34.9331661737 -11.7784598436
284 23519 -0.0414888900886 1.70439443656e-05 -34.8939298302 -11.7353438999
285 21516 -0.0416390690115 1.59281604944e-05 -34.849633075 -11.7967746713
286 22042 -0.0417777318456 1.57576181906e-05 -34.8088578646 -11.7285733878
287 22976 -0.0419120946334 1.63409599226e-05 -34.7694608952 -11.7756458465
288 22572 -0.0420526709572 1.59441652147e-05 -34.7283613826 -11.7402428379
289 23087 -0.0421882975518 1.64544275102e-05 -34.6888241775 -11.7590420632
290 22422 -0.0423303241876 1.6003479382e-05 -34.6475419894 -11.7409357872
291 22795 -0.0424673217864 1.64047990064e-05 -34.6078380909 -11.737403492
292 22250 -0.0426094659273 1.5873818206e-05 -34.5667630753 -11.7219240074
293 22920 -0.0427449827873 1.60924481521e-05 -34.5277168408 -11.7570402096
294 23092 -0.0428818538029 1.62544202679e-05 -34.4883926229 -11.7731854884
295 22886 -0.0430207231098 1.62706400667e-05 -34.4486090172 -11.7730476725
296 22645 -0.0431604701314 1.64563950703e-05 -34.4086901313 -11.720117113
297 21988 -0.0433039076109 1.56476972779e-05 -34.3678377299 -11.7607682885
298 23177 -0.0434367528578 1.63780969135e-05 -34.3301106686 -11.7154324707
299 22684 -0.0435773008339 1.58504561086e-05 -34.2903092668 -11.7351342644
300 23423 -0.043711158629 1.68128335258e-05 -34.2525101783 -11.726804853
301 21936 -0.0438578758435 1.55380069063e-05 -34.2112000412 -11.7250530267
302 23381 -0.0439892117916 1.65331507814e-05 -34.1743269059 -11.7302990825
303 22527 -0.0441315850208 1.5426644595e-05 -34.1344678546 -11.7369199554
304 24285 -0.0442595312062 1.65901235146e-05 -34.0987475715 -11.7561977815
305 23263 -0.0444001162828 1.61878862594e-05 -34.0596071592 -11.7158068533
306 23212 -0.044537443622 1.63938243201e-05 -34.0214828963 -11.7729499814
307 22682 -0.0446781326224 1.62809611355e-05 -33.9825367823 -11.7330852084
308 22419 -0.044818669272 1.5694182966e-05 -33.9437449305 -11.7191800044
309 23520 -0.0449509342619 1.6601756466e-05 -33.9073381804 -11.7220115879
310 22504 -0.0450939718423 1.59725994702e-05 -33.8680769564 -11.7688658881
311 22951 -0.0452302419866 1.61092618725e-05 -33.8307798707 -11.7208117653
312 23084 -0.0453672803148 1.63431520998e-05 -33.7933769927 -11.7194562906
313 22673 -0.0455075618152 1.65041306573e-05 -33.7551969824 -11.6966408221
314 21909 -0.0456516749 1.55811473419e-05 -33.7160874939 -11.7228713052
315 23250 -0.0457837459519 1.60137578805e-05 -33.6803464408 -11.7015708862
316 23613 -0.0459184386546 1.6532781886e-05 -33.6439944718 -11.7394293829
317 22751 -0.0460601049314 1.59945354046e-05 -33.6058673661 -11.7010608552
318 23151 -0.0461959706647 1.66308344946e-05 -33.5694039613 -11.7293208184
319 22085 -0.0463406092362 1.57022535607e-05 -33.530696029 -11.7385450285
320 23150 -0.046473993833 1.67350155119e-05 -33.4950999162 -11.7066717364
321 21852 -0.0466203122749 1.52594611073e-05 -33.4561621203 -11.7171994889
322 23961 -0.0467477231497 1.65419458771e-05 -33.4223492643 -11.7135244305
323 23065 -0.0468885002547 1.63854558202e-05 -33.3850898264 -11.6801586626
324 22558 -0.0470295049715 1.61618556279e-05 -33.3478755956 -11.6865365463
325 22568 -0.0471685537234 1.57680907131e-05 -33.3112805059 -11.730309945
326 23499 -0.0473015004161 1.67390858494e-05 -33.276386549 -11.7010855808
327 22173 -0.0474467935508 1.60721844526e-05 -33.2383580465 -11.7114484926
328 22386 -0.0475856329631 1.58900802386e-05 -33.2021217044 -11.6984234298
329 23022 -0.0477209876772 1.60425234022e-05 -33.1668913407 -11.7025452857
330 23313 -0.0478567869677 1.57480923936e-05 -33.1316406115 -11.7156905249
331 24324 -0.0479872936201 1.68689516586e-05 -33.0978533846 -11.64564193
332 22651 -0.0481321598836 1.58090569466e-05 -33.0604510372 -11.712500218
333 23487 -0.0482654846733 1.62909228999e-05 -33.0261234287 -11.7121104877
334 23192 -0.048403746275 1.66365297901e-05 -32.9906204083 -11.6967624794
335 22112 -0.0485483481705 1.57948743041e-05 -32.9535931257 -11.6754006272
336 22962 -0.0486830699951 1.66621408235e-05 -32.9191908865 -11.707036748
337 21836 -0.0488288070947 1.57943469144e-05 -32.8820786992 -11.6947842755
338 22676 -0.048964369508 1.61518820941e-05 -32.8476531146 -11.7340895694
339 22709 -0.0491029002994 1.5382784428e-05 -32.8125685272 -11.7290841342
340 24590 -0.0492296872323 1.69945468882e-05 -32.7805418784 -11.6683131723
341 22609 -0.0493757674465 1.55329449961e-05 -32.7437404514 -11.7379910385
342 24111 -0.0495050584722 1.63194731849e-05 -32.7112565168 -11.6696871306
343 23739 -0.0496419564648 1.66175403961e-05 -32.6769509241 -11.680662136
344 22677 -0.0497845821721 1.52865933165e-05 -32.6413076131 -11.7060171233
345 24797 -0.0499100494904 1.67818345572e-05 -32.6100343513 -11.6809757625
346 23296 -0.0500521576222 1.55386290349e-05 -32.574705661 -11.6885580398
347 24829 -0.0501796114193 1.67892019721e-05 -32.5431032405 -11.69123972
348 23309 -0.0503217433578 1.59259061867e-05 -32.5079537028 -11.6557951605
349 23885 -0.0504549322002 1.65181458075e-05 -32.4751038588 -11.6750728276
350 23047 -0.0505955604369 1.64290099689e-05 -32.4405112441 -11.6801815542
351 22441 -0.0507373078786 1.57208024869e-05 -32.4057386651 -11.6717231762
352 23479 -0.0508699114698 1.6831124198e-05 -32.3732955144 -11.6806567734
353 21948 -0.0510167490963 1.57694624838e-05 -32.3374667927 -11.6611709512
354 22850 -0.0511515816131 1.62664771563e-05 -32.3046567414 -11.6455659472
355 22619 -0.0512913733722 1.56633877082e-05 -32.2707299157 -11.6745670065
356 23804 -0.0514225884457 1.62285151646e-05 -32.2389676616 -11.6542379925
357 23654 -0.0515589678138 1.62840148515e-05 -32.2060402276 -11.6768481405
358 23373 -0.051696633813 1.51503906218e-05 -32.1728895827 -11.6589055182
359 25915 -0.051818271307 1.6847169372e-05 -32.143671505 -11.6748983386
360 24186 -0.0519582843656 1.63847220238e-05 -32.11012377 -11.6701386141
361 23656 -0.0520959713014 1.61330783106e-05 -32.0772210035 -11.6695001866
362 23736 -0.0522313151865 1.60557332424e-05 -32.0449625027 -11.641407484
363 24004 -0.052365256292 1.59902732335e-05 -32.0131203645 -11.6434290128
364 24436 -0.0524974645769 1.6566562948e-05 -31.9817698865 -11.6623406221
365 23464 -0.0526372485166 1.57331019231e-05 -31.9487088008 -11.6404086641
366 24519 -0.0527671118001 1.67393357479e-05 -31.9180728346 -11.6665277291
367 23135 -0.0529093546327 1.60907440265e-05 -31.884603103 -11.694191811
368 23313 -0.0530455619677 1.55127904786e-05 -31.8526381434 -11.6344132581
369 24913 -0.0531725904348 1.66898248881e-05 -31.8229015922 -11.6187063024
370 23625 -0.053312933965 1.56254704711e-05 -31.7901311612 -11.6425566881
371 24959 -0.0534407675797 1.6275368271e-05 -31.7603574486 -11.6522410738
372 24684 -0.0535746563831 1.63297159788e-05 -31.729250444 -11.6642824169
373 24278 -0.0537101113802 1.64009903755e-05 -31.6978594547 -11.6741362015
374 23707 -0.0538477871741 1.59480065467e-05 -31.6660358449 -11.6694292133
375 24238 -0.053980185011 1.64313768846e-05 -31.6355099463 -11.6465312557
376 23595 -0.05411844252 1.57205992912e-05 -31.6037140553 -11.6560741853
377 24687 -0.0542477597226 1.63499921523e-05 -31.5740488657 -11.6568143559
378 24231 -0.0543835141988 1.67360993027e-05 -31.5429843152 -11.6525966825
379 22870 -0.0545265487242 1.56331357869e-05 -31.5103392625 -11.6515620907
380 24142 -0.0546565896585 1.62550110879e-05 -31.4807355137 -11.6220123521
381 23925 -0.0547924145043 1.58650467993e-05 -31.4498918024 -11.6051489536
382 24668 -0.0549229711206 1.65150463005e-05 -31.4203180643 -11.6714400004
383 23810 -0.0550613017765 1.57351948018e-05 -31.3890618146 -11.6481319582
384 24875 -0.0551902488975 1.68992383953e-05 -31.3599982465 -11.6575845735
385 23093 -0.0553339793819 1.5735207475e-05 -31.3276847054 -11.639989413
386 24126 -0.05546491319 1.60697929237e-05 -31.298323148 -11.6529002456
387 24363 -0.0555979785452 1.58900077881e-05 -31.2685566157 -11.6541517156
388 25056 -0.0557277241561 1.65931584458e-05 -31.2396033281 -11.6501288027
389 23994 -0.0558661759751 1.60017869669e-05 -31.2087838387 -11.6279339455
390 24398 -0.0559985843832 1.62090276342e-05 -31.1793833572 -11.6129732629
391 24292 -0.0561329986504 1.60899819044e-05 -31.1496109568 -11.6398318722
392 24481 -0.0562659112784 1.61253376658e-05 -31.1202436885 -11.6325309996
393 24583 -0.0563988390482 1.6075727516e-05 -31.0909449416 -11.5925519731
394 24810 -0.0565307501567 1.61014819604e-05 -31.0619410714 -11.6385147251
395 24973 -0.0566624387727 1.62713206622e-05 -31.0330562133 -11.5961626205
396 24708 -0.0567962292822 1.68130989659e-05 -31.0037817828 -11.6192699782
397 23139 -0.056939084542 1.54582648535e-05 -30.9726031331 -11.5836899746
398 24864 -0.0570657897495 1.63187335928e-05 -30.9450175044 -11.605159372
399 24482 -0.0572005876784 1.65507214521e-05 -30.9157401173 -11.6367214151
400 23546 -0.0573399946871 1.57965964832e-05 -30.8855374606 -11.6698332089
401 24446 -0.0574705753106 1.60325937128e-05 -30.8573167018 -11.631915285
402 24780 -0.0576022121241 1.60903273502e-05 -30.8289356328 -11.6132283914
403 24972 -0.0577338146326 1.64711667398e-05 -30.800629918 -11.6192829965
404 24211 -0.0578706306955 1.55951966505e-05 -30.7712746294 -11.6173161374
405 25656 -0.0579964693647 1.68212328297e-05 -30.7443390321 -11.6228746222
406 24007 -0.0581367861584 1.63457628203e-05 -30.7143768935 -11.5745426938
407 23574 -0.0582743847099 1.56253280263e-05 -30.6850691385 -11.6044925911
408 24905 -0.0584023544344 1.61686791211e-05 -30.6578777563 -11.5889371764
409 24899 -0.058534790963 1.66689798128e-05 -30.6298034726 -11.6190887391
410 23661 -0.0586748505382 1.62032796696e-05 -30.600186254 -11.5948456646
411 23572 -0.0588112539583 1.54545765057e-05 -30.5714140607 -11.5848129804
412 25339 -0.0589367365381 1.66173420122e-05 -30.5450078736 -11.6358331471
413 24206 -0.0590747828261 1.53918720748e-05 -30.5160266771 -11.5795473331
414 26187 -0.0591977160488 1.64523916775e-05 -30.4902788129 -11.6092633832
415 25438 -0.0593310412074 1.63525980452e-05 -30.4624186266 -11.5762503314
416 24961 -0.0594648157407 1.59379951055e-05 -30.4345314759 -11.5812125967
417 25546 -0.0595936984786 1.63916589614e-05 -30.4077272855 -11.592944068
418 24968 -0.0597277741298 1.62637661681e-05 -30.3799086973 -11.6026034968
419 24722 -0.0598614646728 1.63702828187e-05 -30.3522363792 -11.5960382049
420 24215 -0.0599974312143 1.61354787234e-05 -30.3241606894 -11.6239224254
421 24291 -0.0601312399806 1.55677505267e-05 -30.2965970094 -11.5942715683
422 25813 -0.0602564753175 1.66803785005e-05 -30.2708589102 -11.6098438209
423 24501 -0.0603942065186 1.58500496779e-05 -30.2426189006 -11.5757920753
424 25300 -0.060522999288 1.63136792052e-05 -30.2162741405 -11.5659322987
425 24924 -0.0606565550381 1.61413927746e-05 -30.189018719 -11.5822387449
426 24987 -0.060788534819 1.58020433184e-05 -30.1621483224 -11.6007993569
427 25928 -0.0609153730333 1.68052817605e-05 -30.1363839161 -11.5944272919
428 24301 -0.0610547068328 1.61540469538e-05 -30.1081479478 -11.5824947317
429 24331 -0.0611885583735 1.56748791403e-05 -30.0810884377 -11.589601132
430 25576 -0.061315239685 1.64683713123e-05 -30.0555373625 -11.5769523571
431 24804 -0.0614503884775 1.62323349351e-05 -30.0283413635 -11.6032232184
432 24638 -0.0615840477663 1.59075600534e-05 -30.0015087749 -11.5702462028
433 25293 -0.0617133249358 1.60554764188e-05 -29.9756159502 -11.6226724419
434 25579 -0.0618430741888 1.66097765853e-05 -29.9496877323 -11.5569468273
435 24454 -0.0619803561133 1.59569910559e-05 -29.9223185447 -11.5931232312
436 24979 -0.0621108490228 1.59421779205e-05 -29.8963639372 -11.5754691237
437 25553 -0.0622397464962 1.61168401134e-05 -29.8707849105 -11.5792356714
438 25681 -0.0623697314756 1.58444673272e-05 -29.8450485085 -11.5725691065
439 26534 -0.0624954505924 1.68290803381e-05 -29.8202123658 -11.5621833292
440 24809 -0.0626335456266 1.59379357723e-05 -29.79299417 -11.5737813141
441 25391 -0.0627628217109 1.62199725454e-05 -29.7675735895 -11.593197652
442 25253 -0.0628947436015 1.58464304278e-05 -29.7416917791 -11.5920088249
443 26086 -0.063021551965 1.63943010865e-05 -29.716869219 -11.5523474138
444 25489 -0.0631542717929 1.62024888788e-05 -29.6909481198 -11.5832152505
445 25395 -0.0632856813011 1.65228490264e-05 -29.6653418107 -11.5735655205
446 24493 -0.0634221359212 1.5423312836e-05 -29.638814206 -11.6220251025
447 26413 -0.0635447924367 1.63185784075e-05 -29.6150225845 -11.5908661948
448 26008 -0.0636755757405 1.69503259055e-05 -29.5897102758 -11.5612090727
449 24020 -0.0638169311188 1.65072631265e-05 -29.5624161906 -11.6027404208
450 23203 -0.0639569939185 1.48863909076e-05 -29.5354374276 -11.5723052521
451 26429 -0.064075345495 1.58480997681e-05 -29.5126914964 -11.574041104
452 27296 -0.0641993240546 1.69084561475e-05 -29.4889138961 -11.5453484056
453 25317 -0.0643366715174 1.56967984805e-05 -29.4626315783 -11.5747922563
454 26553 -0.0644611737062 1.65817659091e-05 -29.4388609528 -11.5763030913
455 25457 -0.0645954961639 1.62114900873e-05 -29.4132724288 -11.5321055725
456 25340 -0.0647271213796 1.671928224e-05 -29.3882549756 -11.5710221615
457 23958 -0.0648667313473 1.56818494291e-05 -29.3617816073 -11.5671548789
458 25166 -0.0649944970085 1.62301431672e-05 -29.3376096886 -11.5540045913
459 25003 -0.0651271588373 1.61648407295e-05 -29.3125673953 -11.5497690834
460 25006 -0.0652592784563 1.6603643239e-05 -29.287683899 -11.5777239209
461 23921 -0.0653980299269 1.57879447223e-05 -29.2616117928 -11.5811121373
462 24857 -0.0655274551343 1.6051951592e-05 -29.2373477666 -11.5324883941
463 25147 -0.0656582852233 1.5873259262e-05 -29.2128747488 -11.5324453289
464 25906 -0.0657857492483 1.63875260762e-05 -29.1890838058 -11.5465625842
465 25331 -0.0659188285928 1.56779288897e-05 -29.1642997996 -11.5479181871
466 26619 -0.0660430276083 1.62224266968e-05 -29.1412201686 -11.5195636781
467 26468 -0.0661719061684 1.66732880589e-05 -29.1173223796 -11.5819855029
468 25141 -0.0663078158115 1.59843070297e-05 -29.0921773899 -11.5754901953
469 25609 -0.0664369126511 1.59292615456e-05 -29.0683464516 -11.5299582666
470 26232 -0.0665640282438 1.63586269964e-05 -29.0449321043 -11.5478707985
471 25725 -0.0666958515199 1.58726578165e-05 -29.0207037461 -11.5286945772
472 26503 -0.0668218668288 1.58957384262e-05 -28.997593273 -11.5251774322
473 27241 -0.0669463450875 1.65150358084e-05 -28.9748129138 -11.5323660099
474 26294 -0.0670779806932 1.65776266314e-05 -28.9507746929 -11.5645180459
475 25219 -0.0672129010675 1.59060624057e-05 -28.9261919063 -11.5033757686
476 25894 -0.0673406586592 1.63916650421e-05 -28.9029656031 -11.559238454
477 25308 -0.0674738304047 1.60948906565e-05 -28.8788080654 -11.5097850806
478 25492 -0.0676041199667 1.63392618489e-05 -28.8552256046 -11.5152977775
479 25048 -0.067737553475 1.59283701597e-05 -28.8311274725 -11.5488407019
480 25660 -0.0678660716804 1.59996163476e-05 -28.8079679541 -11.559873551
481 26098 -0.0679940781149 1.64002663197e-05 -28.7849501556 -11.5189345938
482 25486 -0.0681268558665 1.57732162722e-05 -28.7611264189 -11.519504926
483 26523 -0.0682520337069 1.61196128553e-05 -28.7387146667 -11.5190583202
484 26649 -0.0683796595449 1.60816372016e-05 -28.715912801 -11.5278531359
485 26879 -0.0685064388073 1.64975612323e-05 -28.6933101951 -11.5190126238
486 25991 -0.0686387004142 1.63805373371e-05 -28.6697810169 -11.5235270122
487 25432 -0.068771458251 1.56973009857e-05 -28.6462155994 -11.4853280806
488 26672 -0.0688956857784 1.60589969147e-05 -28.6242114399 -11.5300923394
489 26964 -0.0690220866469 1.55196382675e-05 -28.6018688849 -11.5084337135
490 28794 -0.0691402957333 1.74644502512e-05 -28.5810166785 -11.5325597804
491 25243 -0.0692823675528 1.5670635783e-05 -28.5560090812 -11.5323177604
492 26546 -0.0694066789131 1.68406018238e-05 -28.5341759191 -11.5465111718
493 24791 -0.069544917953 1.61460172752e-05 -28.5099492821 -11.510201712
494 24842 -0.0696773202629 1.51116981934e-05 -28.4867973907 -11.4948420628
495 27653 -0.0697947734654 1.66800115742e-05 -28.4663018319 -11.522585475
496 26249 -0.0699278381526 1.59320406763e-05 -28.4431300064 -11.5346083842
497 26880 -0.0700534341488 1.63621225484e-05 -28.4213053483 -11.5162018232
498 26351 -0.0701837097094 1.63594887659e-05 -28.3987151661 -11.5035207398
499 25839 -0.0703152476719 1.64395459932e-05 -28.3759551429 -11.5287286256
500 25132 -0.0704492755154 1.58711857898e-05 -28.3528148432 -11.4972659822
501 25896 -0.0705767474961 1.5976121925e-05 -28.3308536225 -11.5102956868
502 26400 -0.0707038305527 1.61186150112e-05 -28.3090050609 -11.4971854537
503 26528 -0.0708317389602 1.60471047662e-05 -28.287060491 -11.518084966
504 26851 -0.0709583121592 1.68345476596e-05 -28.2653901766 -11.48651002
505 25091 -0.0710956722611 1.59728901349e-05 -28.2419237543 -11.498904862
506 25588 -0.0712247305495 1.58258208584e-05 -28.2199235306 -11.5222762793
507 26488 -0.0713504106339 1.58157154337e-05 -28.1985436679 -11.4911486973
508 27447 -0.0714737948931 1.65435632714e-05 -28.1775969293 -11.4794297124
509 26416 -0.0716053522477 1.64354582436e-05 -28.1553089826 -11.501292428
510 25704 -0.0717378478094 1.59573722568e-05 -28.132910262 -11.4872175479
511 26255 -0.0718651337074 1.60913171751e-05 -28.1114376381 -11.500857234
512 26455 -0.0719930003721 1.60140686354e-05 -28.089911688 -11.495840808
513 26867 -0.0721192752452 1.60857244475e-05 -28.0686974945 -11.4833837967
514 27087 -0.0722455974026 1.61604890504e-05 -28.0475187603 -11.4987473488
515 27103 -0.0723724706634 1.62259717588e-05 -28.0262911946 -11.4524744393
516 26939 -0.0725002441831 1.65954081915e-05 -28.0049569964 -11.5196014985
517 25791 -0.0726338028919 1.55844211797e-05 -27.9827038993 -11.4685449117
518 27361 -0.0727555751443 1.63337260695e-05 -27.9624564054 -11.4664435152
519 26900 -0.0728842909207 1.64395169456e-05 -27.9410975857 -11.4919490599
520 26164 -0.0730156485597 1.6011304323e-05 -27.9193460155 -11.4668435474
521 26579 -0.073142583986 1.63833017099e-05 -27.8983703845 -11.5021081612
522 26000 -0.0732739056905 1.60861112304e-05 -27.8767149643 -11.4977257283
523 26212 -0.0734023223637 1.6543756536e-05 -27.8555827442 -11.4961401744
524 25227 -0.0735369461565 1.49498020365e-05 -27.8334758097 -11.4794149538
525 28549 -0.0736513034537 1.673197128e-05 -27.8147343518 -11.4774965993
526 26957 -0.0737830178036 1.64502478146e-05 -27.7931908472 -11.5093966264
527 26191 -0.0739143936109 1.59502019717e-05 -27.7717479214 -11.4948244145
528 26772 -0.0740403880374 1.57062088578e-05 -27.751225618 -11.4544348674
529 28052 -0.0741615902734 1.66458978776e-05 -27.731522831 -11.5134437234
530 26720 -0.0742932072464 1.63363744009e-05 -27.7101701448 -11.4804692075
531 26263 -0.074423496405 1.58564999625e-05 -27.689076976 -11.4494543219
532 27102 -0.0745479851756 1.58937346673e-05 -27.6689637296 -11.4873262209
533 27862 -0.0746710521201 1.65426159111e-05 -27.6491193441 -11.4407668173
534 26818 -0.0748016122879 1.6550954613e-05 -27.6281091043 -11.4751440433
535 25792 -0.0749348128672 1.56157779716e-05 -27.6067188297 -11.4862520204
536 27275 -0.0750570223911 1.64804232946e-05 -27.5871333208 -11.451370698
537 26419 -0.0751880700311 1.54564551571e-05 -27.5661735347 -11.5023207764
538 28394 -0.0753066244517 1.69501835861e-05 -27.5472493766 -11.4826610389
539 26224 -0.0754419082373 1.61107640825e-05 -27.5256981487 -11.4738906273
540 26372 -0.0755701315495 1.57124279651e-05 -27.5053142009 -11.4725789618
541 27615 -0.0756923364618 1.6484579959e-05 -27.48592541 -11.4706441512
542 26737 -0.0758226351712 1.5491697166e-05 -27.4652936331 -11.4655388673
543 28633 -0.075940963045 1.70239352953e-05 -27.4465940436 -11.4603048826
544 26248 -0.0760767738867 1.58571843029e-05 -27.425174515 -11.4549700336
545 27084 -0.076201307925 1.61999238631e-05 -27.4055737262 -11.4845524372
546 26991 -0.0763287525472 1.62458632214e-05 -27.3855545399 -11.414379848
547 26774 -0.0764570772749 1.62732419927e-05 -27.365437571 -11.4521294052
548 26485 -0.0765863174805 1.55118643304e-05 -27.3452180059 -11.4979969561
549 28305 -0.0767054838668 1.68977678705e-05 -27.3266107686 -11.4410136909
550 26281 -0.0768402028182 1.57831289192e-05 -27.3056168775 -11.4513618176
551 27323 -0.076963612396 1.64501595319e-05 -27.2864242001 -11.4587284238
552 26547 -0.0770941040425 1.62210324293e-05 -27.2661703748 -11.4264230032
553 26400 -0.0772231370361 1.58928878133e-05 -27.2461835194 -11.4388543798
554 27143 -0.0773478174716 1.5676127596e-05 -27.226909075 -11.4702992007
555 28528 -0.0774677745131 1.67854178817e-05 -27.2084001722 -11.4629389727
556 26792 -0.0776003167934 1.61708877333e-05 -27.1879896131 -11.4271602274
557 26779 -0.0777280360784 1.61399573247e-05 -27.1683615706 -11.4540119023
558 26850 -0.0778553420694 1.66169869735e-05 -27.1488358124 -11.4420525239
559 25650 -0.0779894425174 1.55880962509e-05 -27.1283096802 -11.4311654236
560 27201 -0.0781116006195 1.5806815679e-05 -27.1096486705 -11.4473519551
561 28212 -0.0782332335444 1.6472702494e-05 -27.09110299 -11.4432973165
562 27348 -0.078361975803 1.59318695863e-05 -27.0715113822 -11.4612566005
563 28006 -0.0784850199485 1.58540029198e-05 -27.0528233647 -11.4107841387
564 28908 -0.0786055383426 1.65071352467e-05 -27.0345534165 -11.4079791654
565 27925 -0.0787332098839 1.66503795047e-05 -27.0152361805 -11.417555471
566 26587 -0.0788651913041 1.57819856533e-05 -26.995306842 -11.4405849351
567 27645 -0.0789878726304 1.60608103522e-05 -26.97681819 -11.4610185999
568 27942 -0.0791120546046 1.65189386011e-05 -26.9581389618 -11.4532943405
569 26960 -0.0792420849482 1.60972968489e-05 -26.9386182872 -11.443974239
570 27149 -0.0793683538908 1.61979771904e-05 -26.9196996358 -11.4526701083
571 27062 -0.0794956179928 1.5564415698e-05 -26.9006690093 -11.4137956417
572 28768 -0.0796142229863 1.68838798017e-05 -26.8829666979 -11.4295766951
573 26749 -0.079747649661 1.61316254703e-05 -26.8630906648 -11.4454106033
574 26843 -0.0798749074556 1.59583716369e-05 -26.8441714371 -11.4330702672
575 27415 -0.0799994777104 1.60152981155e-05 -26.8256874533 -11.4476884875
576 27838 -0.080123539243 1.60255725578e-05 -26.8073139511 -11.433740105
577 28238 -0.0802467978501 1.67068680719e-05 -26.7890938529 -11.4329051298
578 26731 -0.0803788686769 1.57751501043e-05 -26.7696091777 -11.4381609295
579 27814 -0.0805011236667 1.64568168387e-05 -26.7516076345 -11.4335924318
580 27006 -0.0806305544266 1.5890035754e-05 -26.732586035 -11.4223215765
581 27774 -0.0807537880753 1.66448245413e-05 -26.7145100196 -11.4139736348
582 26458 -0.0808860463836 1.53343515001e-05 -26.6951479562 -11.4437470752
583 28791 -0.0810028497069 1.64672098704e-05 -26.6780808025 -11.4270269805
584 27925 -0.0811302128889 1.55657406429e-05 -26.6595051562 -11.4206610799
585 29681 -0.0812469886074 1.68690722285e-05 -26.6425052137 -11.4227800981
586 27639 -0.0813781334601 1.64743676124e-05 -26.6234493211 -11.4356713748
587 26788 -0.0815082275188 1.60793257093e-05 -26.6045835091 -11.4099983204
588 27025 -0.0816346444266 1.60125451602e-05 -26.5862865248 -11.426768585
589 27450 -0.0817595589894 1.59420272439e-05 -26.5682413329 -11.4572992087
590 28082 -0.0818825160089 1.63024450785e-05 -26.5505121829 -11.4079055858
591 27696 -0.082009124317 1.58874636774e-05 -26.5322909359 -11.4638855054
592 28491 -0.0821307776163 1.65743054542e-05 -26.5148155791 -11.4174164958
593 27336 -0.082260343864 1.627386462e-05 -26.4962387604 -11.4002002744
594 27039 -0.0823882575808 1.54899908131e-05 -26.477934419 -11.4119328967
595 28961 -0.0825058996253 1.64780456034e-05 -26.4611310341 -11.4022502183
596 28059 -0.0826330418446 1.63084836878e-05 -26.443004096 -11.4357418049
597 27657 -0.0827597877624 1.60648024213e-05 -26.4249681032 -11.4249784809
598 27943 -0.0828839988151 1.59637114166e-05 -26.4073260959 -11.4103067981
599 28523 -0.0830061665102 1.65495694147e-05 -26.3900063534 -11.4371669216
600 27435 -0.0831353047486 1.59212775167e-05 -26.371732848 -11.4123378379
601 28126 -0.0832580059697 1.61672153442e-05 -26.3544029185 -11.3790529355
602 28123 -0.0833826081102 1.60217559813e-05 -26.3368370442 -11.3885305481
603 28538 -0.0835051876196 1.67146169309e-05 -26.319588217 -11.3677320375
604 26994 -0.0836366749969 1.58234399599e-05 -26.3011209961 -11.3720374861
605 27950 -0.0837590050482 1.61315096161e-05 -26.2839724255 -11.3918101177
606 28049 -0.08388349709 1.63242529347e-05 -26.2665528723 -11.3976870039
607 27603 -0.0840104897039 1.59272789976e-05 -26.2488166904 -11.408543496
608 28281 -0.0841329003601 1.59465474673e-05 -26.2317521515 -11.3961397781
609 28919 -0.0842540996022 1.59770590595e-05 -26.2148870761 -11.3760223793
610 29479 -0.0843743699297 1.6834011217e-05 -26.1981812682 -11.3927010751
611 27549 -0.0845054566855 1.56385958024e-05 -26.1800069889 -11.4224521875
612 29065 -0.0846240151071 1.66010456326e-05 -26.1636000959 -11.4340109699
613 27811 -0.0847526768424 1.58210414011e-05 -26.1458276412 -11.3899442403
614 28803 -0.0848731637164 1.62654600519e-05 -26.1292150928 -11.400407233
615 28514 -0.08499765996 1.59602220462e-05 -26.1120808327 -11.3819988195
616 29116 -0.0851185503993 1.66277506037e-05 -26.0954729989 -11.3949995027
617 27784 -0.0852474806158 1.64330949128e-05 -26.0777933303 -11.4052055717
618 27042 -0.0853766391104 1.5799320086e-05 -26.0601160715 -11.4040722932
619 28068 -0.0854985248381 1.58367978103e-05 -26.0434650607 -11.4380374402
620 29022 -0.0856186743832 1.64982578269e-05 -26.0270804855 -11.3658353078
621 28061 -0.0857459690931 1.61128546592e-05 -26.0097531386 -11.4022359443
622 28213 -0.0858699535687 1.60942085456e-05 -25.9929075545 -11.3924936186
623 28420 -0.0859933437107 1.64355370214e-05 -25.9761731825 -11.4035769505
624 27654 -0.0861210836303 1.61991407592e-05 -25.9588808145 -11.38414513
625 27562 -0.086247196872 1.54341201351e-05 -25.9418404304 -11.3908346906
626 29690 -0.0863629677155 1.62516233169e-05 -25.9262252313 -11.4102158609
627 29434 -0.0864853998977 1.6366861039e-05 -25.9097403468 -11.3602702685
628 28841 -0.0866099611765 1.60129034379e-05 -25.8929990914 -11.396411958
629 29293 -0.0867308840284 1.62962595838e-05 -25.8767760073 -11.4145706823
630 28909 -0.0868547617569 1.57804240798e-05 -25.8601862068 -11.3954293478
631 30064 -0.0869723920486 1.65910888955e-05 -25.8444608304 -11.3522487742
632 28796 -0.0870987583924 1.60612069686e-05 -25.8275976303 -11.3610679908
633 29104 -0.0872204386837 1.62901417444e-05 -25.8113891127 -11.3990365697
634 28740 -0.0873446327893 1.6082167456e-05 -25.7948753497 -11.3514702966
635 28986 -0.0874667203181 1.60722889749e-05 -25.7786707722 -11.3897751642
636 29263 -0.0875881531097 1.54435717357e-05 -25.7625816226 -11.4074396294
637 31492 -0.0877006316814 1.7174278495e-05 -25.7477041715 -11.3632034269
638 28432 -0.0878322739351 1.56378252081e-05 -25.730322798 -11.3524367804
639 29999 -0.0879489665077 1.66114199609e-05 -25.7149430458 -11.3693980454
640 28674 -0.0880757553099 1.65030539062e-05 -25.6982621138 -11.3793398763
641 27711 -0.0882038885251 1.52424232645e-05 -25.68143541 -11.3755112445
642 30438 -0.0883168067705 1.67716829621e-05 -25.6666326194 -11.361610076
643 28625 -0.0884449289129 1.59195665297e-05 -25.6498659621 -11.3908336939
644 29351 -0.0885650292479 1.61249585794e-05 -25.6341772474 -11.3649689357
645 29474 -0.0886864241029 1.67115765956e-05 -25.6183470613 -11.3640292381
646 27888 -0.0888157633586 1.57236196122e-05 -25.6015113935 -11.3702534321
647 29170 -0.0889347525953 1.65341887549e-05 -25.5860506607 -11.3790720238
648 28101 -0.089062232515 1.57925262929e-05 -25.5695160853 -11.3452400999
649 29187 -0.0891817068777 1.6225081694e-05 -25.5540473808 -11.3464687479
650 29013 -0.0893048219938 1.6071556052e-05 -25.538135086 -11.361901439
651 29293 -0.0894261882193 1.62836340194e-05 -25.5224763684 -11.3532299982
652 28946 -0.0895498907304 1.62783315119e-05 -25.5065442859 -11.3234359562
653 28618 -0.0896742585191 1.60260981291e-05 -25.4905550067 -11.3663287994
654 29028 -0.0897958330098 1.55844752483e-05 -25.4749523838 -11.3341334116
655 30795 -0.0899106157459 1.66407118224e-05 -25.460246324 -11.3348290772
656 29348 -0.0900361621303 1.60442811313e-05 -25.4441888657 -11.3730141184
657 29713 -0.0901564622599 1.65506247931e-05 -25.4288294409 -11.3460297099
658 28577 -0.0902830029327 1.5972757319e-05 -25.4127017274 -11.3458548649
659 29144 -0.0904039318124 1.63475524352e-05 -25.3973164569 -11.3638072199
660 28613 -0.0905288412327 1.57362473855e-05 -25.3814526131 -11.3404616132
661 29890 -0.0906464831039 1.63218986433e-05 -25.3665375861 -11.3267163341
662 29421 -0.0907694702434 1.64148860343e-05 -25.3509715779 -11.3431973021
663 28688 -0.0908947293039 1.62806618761e-05 -25.3351460148 -11.3453547292
664 28357 -0.0910196877333 1.56052574176e-05 -25.3193865101 -11.3566265622
665 30019 -0.0911360983275 1.60829575645e-05 -25.3047302079 -11.3237955268
666 30274 -0.0912555673538 1.62896799274e-05 -25.2897140217 -11.355217495
667 29897 -0.0913773316427 1.67448519778e-05 -25.2744355214 -11.3454583951
668 28193 -0.0915062255785 1.56542600916e-05 -25.2582911437 -11.3331724469
669 29697 -0.0916236329025 1.64242544296e-05 -25.2436111441 -11.3324755661
670 28930 -0.0917484389656 1.58228556622e-05 -25.2280327835 -11.3828499334
671 29956 -0.0918665971035 1.57473548755e-05 -25.2133095509 -11.3290195338
672 31257 -0.0919817177474 1.70601653193e-05 -25.1989884463 -11.3217715035
673 28548 -0.0921122190695 1.59158886527e-05 -25.1827821158 -11.3386295141
674 29283 -0.0922324310304 1.62179835377e-05 -25.1678799672 -11.36303506
675 29129 -0.0923552461698 1.59423839002e-05 -25.152681188 -11.3554082287
676 29798 -0.0924746117995 1.65131762792e-05 -25.1379344882 -11.3741430125
677 28767 -0.092600446811 1.5824671772e-05 -25.1224153667 -11.3315330617
678 29782 -0.0927189637617 1.57694311379e-05 -25.1078238861 -11.3177150012
679 31006 -0.0928347117982 1.6648185732e-05 -25.0935967609 -11.3446360873
680 29527 -0.0929599339021 1.61856042376e-05 -25.0782311712 -11.3182159662
681 29469 -0.0930817960129 1.62319140679e-05 -25.0633037923 -11.2979663745
682 29273 -0.0932044147321 1.59747891279e-05 -25.0483094719 -11.357952421
683 29847 -0.0933239248746 1.60300544076e-05 -25.0337200647 -11.3232469572
684 30262 -0.0934430233384 1.65294381925e-05 -25.0192051936 -11.3663144329
685 29167 -0.0935681159857 1.60510178551e-05 -25.0039858284 -11.3422470639
686 29510 -0.0936888807584 1.62520698282e-05 -24.9893182555 -11.3242548778
687 29254 -0.093811691924 1.59086178352e-05 -24.9744275055 -11.3253301007
688 30029 -0.0939303464021 1.57540310335e-05 -24.9600649888 -11.3220236796
689 31312 -0.0940454147973 1.59060270283e-05 -24.9461592469 -11.3006075456
690 32150 -0.0941600699289 1.72209743963e-05 -24.9323256239 -11.3340152233
691 28889 -0.0942910218703 1.61541698106e-05 -24.9165527374 -11.3374746106
692 28924 -0.0944137870498 1.61927932638e-05 -24.9017920266 -11.3237162984
693 28846 -0.0945370125052 1.51631346279e-05 -24.8870013079 -11.308535018
694 31942 -0.0946466676347 1.6816352683e-05 -24.8738607229 -11.3474834141
695 29904 -0.0947723544254 1.57527929174e-05 -24.8588235773 -11.3227746489
696 31186 -0.0948876467515 1.70288976322e-05 -24.8450530779 -11.2807976239
697 28574 -0.0950178506012 1.57931586074e-05 -24.8295280064 -11.3192962798
698 29677 -0.0951363405266 1.56042009119e-05 -24.8154239962 -11.342958634
699 31420 -0.0952501189534 1.65769572558e-05 -24.8019025705 -11.3087047801
700 30138 -0.0953735346794 1.63884479242e-05 -24.7872599043 -11.2950731784
701 29466 -0.0954969299036 1.55034208743e-05 -24.7726446376 -11.3346062657
702 31518 -0.0956097977528 1.65668900966e-05 -24.7592980705 -11.3306147619
703 30263 -0.0957328837897 1.59698653424e-05 -24.7447669027 -11.2736323368
704 30872 -0.0958503573045 1.60585281603e-05 -24.7309213342 -11.2957604985
705 31211 -0.0959678396092 1.62298549728e-05 -24.7170971439 -11.2935274624
706 31010 -0.0960869597433 1.61816573384e-05 -24.7031030617 -11.2973377944
707 30961 -0.0962058194338 1.64855297618e-05 -24.6891624368 -11.3017899037
708 29974 -0.0963288891178 1.63497292179e-05 -24.6747520426 -11.2958784232
709 29421 -0.0964520869852 1.55809607273e-05 -24.6603510416 -11.307483641
710 31223 -0.0965660544475 1.6835907531e-05 -24.6470507008 -11.2862541104
711 29173 -0.0966934541856 1.61964007515e-05 -24.6322073876 -11.2719962102
712 29084 -0.0968162024296 1.54164848544e-05 -24.617930538 -11.3128211506
713 31386 -0.0969286736477 1.62901831398e-05 -24.6048700841 -11.2967305239
714 30994 -0.0970482681885 1.64458015331e-05 -24.5910045086 -11.2830565977
715 30127 -0.0971707289764 1.62315683012e-05 -24.5768301287 -11.3199218294
716 29928 -0.0972919965428 1.58494546688e-05 -24.5628172388 -11.2985987997
717 30906 -0.09740852047 1.62108353512e-05 -24.549374358 -11.2827177011
718 30766 -0.0975279713467 1.58223745039e-05 -24.5356159983 -11.2996229494
719 31859 -0.0976425433529 1.67842811026e-05 -24.522440647 -11.2850722509
720 29923 -0.0977679497222 1.5650238086e-05 -24.5080429667 -11.2996671799
721 31532 -0.0978818599991 1.60559605521e-05 -24.494986444 -11.2890643301
722 31887 -0.097998072553 1.62083837863e-05 -24.48168689 -11.2783352759
723 31751 -0.0981156392223 1.69193532092e-05 -24.4682537569 -11.2900082848
724 29416 -0.0982431394892 1.57371742756e-05 -24.4537098712 -11.3106911499
725 30726 -0.0983591768501 1.58689715387e-05 -24.44049544 -11.2626677747
726 31667 -0.0984744334549 1.65375028197e-05 -24.4273905203 -11.2755051388
727 30496 -0.0985968292634 1.59307581307e-05 -24.4134962817 -11.2917775305
728 31233 -0.0987133350498 1.64046363189e-05 -24.4002920791 -11.299397636
729 30486 -0.0988347672939 1.61065920102e-05 -24.3865517059 -11.3054783668
730 30671 -0.0989536344342 1.59790491572e-05 -24.3731234471 -11.2800365848
731 31259 -0.0990704455375 1.62921859557e-05 -24.3599484818 -11.2664802572
732 30862 -0.0991903096875 1.61484367245e-05 -24.3464507841 -11.3088060905
733 30918 -0.0993090092006 1.59794750777e-05 -24.3331057615 -11.3103526079
734 31509 -0.0994253583903 1.61836340728e-05 -24.320045721 -11.2778568325
735 31453 -0.0995432993811 1.65654074686e-05 -24.3068279131 -11.292006384
736 30205 -0.0996664922487 1.57860476723e-05 -24.2930439475 -11.2809068818
737 31393 -0.099781645202 1.6256727053e-05 -24.2801802357 -11.2428873817
738 31106 -0.0999007784767 1.61312253024e-05 -24.2668928581 -11.2849771508
739 31216 -0.100018782413 1.60330314818e-05 -24.2537524209 -11.3036279608
740 31641 -0.100135279253 1.66099797127e-05 -24.2408002435 -11.2540069804
741 30248 -0.10025871468 1.58144901499e-05 -24.2270987341 -11.2636154849
742 31347 -0.100374159735 1.59383630301e-05 -24.2143047021 -11.2967837534
743 32080 -0.100489172459 1.61035784153e-05 -24.201578274 -11.2966994596
744 32284 -0.100605009426 1.67193870293e-05 -24.1887804634 -11.2646715659
745 30523 -0.10072869843 1.61254716829e-05 -24.1751370611 -11.3038967512
746 30649 -0.100847746744 1.59527085918e-05 -24.1620268681 -11.2779560694
747 31320 -0.100964251252 1.61718972323e-05 -24.1492170139 -11.2859104043
748 31302 -0.101082391403 1.58557765911e-05 -24.1362476787 -11.2669931397
749 32304 -0.101196411272 1.66620953437e-05 -24.1237500638 -11.2943435329
750 30719 -0.101319280927 1.54291614825e-05 -24.1103037135 -11.2569434904
751 33107 -0.101428878752 1.61992415092e-05 -24.098328365 -11.2884257341
752 32996 -0.10154414036 1.66558151498e-05 -24.0857530218 -11.2434200644
753 31397 -0.101665630257 1.59778598846e-05 -24.0725190466 -11.2588236392
754 32003 -0.101781067375 1.5986845834e-05 -24.0599642245 -11.2389827695
755 32591 -0.101895522826 1.61806951457e-05 -24.0475351923 -11.2490181962
756 32543 -0.102011451164 1.66556582786e-05 -24.0349654836 -11.2294956888
757 30967 -0.102133781586 1.58522530636e-05 -24.0217225991 -11.2296836026
758 31970 -0.102248370547 1.6158606683e-05 -24.0093372646 -11.2419795118
759 31995 -0.102365128688 1.67636907958e-05 -23.9967368306 -11.2655180024
760 30114 -0.102489984355 1.57473781669e-05 -23.9832840867 -11.2572630236
761 31422 -0.102604802904 1.59297474984e-05 -23.970932436 -11.2580231269
762 32185 -0.102719565982 1.64510121753e-05 -23.9586055047 -11.2649551865
763 31268 -0.102839809433 1.60574850947e-05 -23.9457099829 -11.2639092141
764 31615 -0.102956531667 1.63094130535e-05 -23.9332116925 -11.2616265679
765 31159 -0.103075949366 1.63885598405e-05 -23.9204447147 -11.2621622245
766 30464 -0.103197307598 1.57296293606e-05 -23.9074908847 -11.2439575774
767 31845 -0.103311233233 1.6095244082e-05 -23.8953492776 -11.2434185729
768 32075 -0.103427387518 1.60154209608e-05 -23.8829889187 -11.2597969519
769 32569 -0.103542085024 1.66892474305e-05 -23.870802133 -11.2511709172
770 30886 -0.103664822012 1.59106798427e-05 -23.8577815133 -11.2717735401
771 31697 -0.103780326187 1.62441929934e-05 -23.8455473853 -11.2555052371
772 31447 -0.103898720083 1.60744420629e-05 -23.8330264531 -11.236177756
773 31741 -0.104015332861 1.6504599957e-05 -23.8207129168 -11.2121446868
774 30670 -0.104137139311 1.59136340199e-05 -23.8078710849 -11.2501325989
775 31466 -0.104253088416 1.63214440831e-05 -23.7956658407 -11.2414352099
776 30974 -0.104372949936 1.57595785304e-05 -23.7830682569 -11.2435725213
777 32279 -0.104486321237 1.63639126213e-05 -23.7711710016 -11.214694945
778 31638 -0.104605227432 1.59442358031e-05 -23.7587118782 -11.233785742
779 32359 -0.104719786335 1.57404186688e-05 -23.7467265961 -11.2104518708
780 33788 -0.104830462273 1.67395666802e-05 -23.7351645992 -11.2457542038
781 31879 -0.104951636875 1.56980489868e-05 -23.7225250053 -11.2606572675
782 33431 -0.105062603647 1.68576605433e-05 -23.710967717 -11.2514351471
783 31167 -0.105186019444 1.61091794505e-05 -23.6981335014 -11.2441089266
784 31348 -0.105303615111 1.58787245642e-05 -23.6859237412 -11.255291497
785 32276 -0.105417849228 1.60015234239e-05 -23.6740809153 -11.2228550626
786 32820 -0.105532009259 1.63599657521e-05 -23.6622633656 -11.2084630223
787 32181 -0.105649879328 1.60935299879e-05 -23.6500801787 -11.2345680058
788 32419 -0.105765403288 1.61433878566e-05 -23.6381576051 -11.2560456219
789 32494 -0.10588115145 1.63236376299e-05 -23.6262298406 -11.2521989289
790 31979 -0.105999130703 1.60577485266e-05 -23.6140906115 -11.2209753117
791 32333 -0.106114551517 1.63407570829e-05 -23.6022326108 -11.2323334125
792 31765 -0.106233051022 1.63469467288e-05 -23.5900767778 -11.2542659559
793 31188 -0.10635268813 1.55719959376e-05 -23.577823183 -11.2496883062
794 33128 -0.106463265936 1.6169922103e-05 -23.5665143519 -11.220230846
795 33115 -0.1065781115 1.68844536994e-05 -23.5547861879 -11.2262393677
796 30789 -0.106702480606 1.59019752248e-05 -23.5421051141 -11.262235804
797 31626 -0.106818052205 1.60583330332e-05 -23.5303393332 -11.2468783197
798 31974 -0.106934123046 1.5757690364e-05 -23.5185404031 -11.2126341077
799 33328 -0.107045683327 1.60847272203e-05 -23.5072166438 -11.2130330781
800 33605 -0.107159089212 1.63787921775e-05 -23.4957222508 -11.2489647882
801 32888 -0.10727581989 1.57079670234e-05 -23.4839084188 -11.2036769404
802 34454 -0.107385195305 1.67723683419e-05 -23.4728551042 -11.1893277367
803 32400 -0.107505628237 1.61162188002e-05 -23.4607023374 -11.1967653657
804 32565 -0.107621056238 1.58750055409e-05 -23.4490722852 -11.2106147839
805 33542 -0.107733088077 1.67873593215e-05 -23.4378009224 -11.242574484
806 31494 -0.107855349258 1.5853478781e-05 -23.4255189141 -11.1856188938
807 32510 -0.107968991306 1.61285107484e-05 -23.4141200496 -11.2295792477
808 32634 -0.1080843837 1.62564307857e-05 -23.402562625 -11.2358878672
809 32336 -0.108201225945 1.60787842594e-05 -23.3908774124 -11.2181530414
810 32624 -0.108316280973 1.61599271604e-05 -23.3793880345 -11.2089490217
811 32645 -0.108431880078 1.62395626572e-05 -23.3678613751 -11.2197747761
812 32403 -0.108548481604 1.60058155829e-05 -23.3562520383 -11.2159030724
813 32935 -0.108662473089 1.65727511369e-05 -23.3449193054 -11.2264318347
814 31604 -0.108782960575 1.56880620103e-05 -23.3329587076 -11.2314952336
815 33176 -0.108894281681 1.64173210054e-05 -23.3219244027 -11.2159707319
816 32341 -0.109012271327 1.58688147475e-05 -23.3102462207 -11.2188186884
817 33332 -0.109124611312 1.59776113004e-05 -23.2991435577 -11.1966746589
818 33976 -0.109236644483 1.62208467137e-05 -23.2880870548 -11.2240406068
819 33788 -0.109350699216 1.64507427545e-05 -23.2768472578 -11.2085823558
820 32827 -0.109468052136 1.65582805248e-05 -23.2652994714 -11.2172762957
821 31547 -0.109588543854 1.60414607934e-05 -23.2534607626 -11.1894864299
822 31949 -0.109704538463 1.6291218733e-05 -23.2420810466 -11.1906020913
823 31546 -0.109823088345 1.58309094507e-05 -23.2304679773 -11.1784410519
824 32638 -0.109936345158 1.59461261828e-05 -23.219389745 -11.2083352497
825 33375 -0.110049159614 1.63586245184e-05 -23.2083706138 -11.2062992069
826 32730 -0.110166028 1.65038433519e-05 -23.196972144 -11.1893329975
827 31628 -0.110285969926 1.55834577728e-05 -23.1852914617 -11.1620494261
828 33556 -0.11039592074 1.57461487663e-05 -23.1745993676 -11.1821183006
829 35018 -0.110504675971 1.65998273295e-05 -23.1640381793 -11.1799760549
830 33511 -0.11062187667 1.63075491145e-05 -23.1526731231 -11.1854690306
831 33034 -0.110737842732 1.60753300198e-05 -23.141444368 -11.2144422251
832 33340 -0.110851631325 1.65035403475e-05 -23.1304424467 -11.226258317
833 32218 -0.110970466929 1.5770454578e-05 -23.1189694199 -11.1991526091
834 33539 -0.111081766127 1.64931782406e-05 -23.1082396028 -11.2081365774
835 32445 -0.111200112073 1.5671555207e-05 -23.0968469655 -11.1964051051
836 34116 -0.111309773321 1.58856162596e-05 -23.0863055353 -11.177787533
837 35101 -0.111419361099 1.65939097308e-05 -23.0757857153 -11.1953339612
838 33611 -0.111536346319 1.66052460287e-05 -23.0645717979 -11.1712178813
839 32147 -0.111656046884 1.5797760728e-05 -23.0531146777 -11.1788014232
840 33372 -0.111767816761 1.60517437128e-05 -23.0424322097 -11.1755251142
841 33762 -0.111880726309 1.63922714841e-05 -23.0316560504 -11.1767271843
842 32996 -0.111997360801 1.65849441863e-05 -23.0205404237 -11.1581950716
843 31624 -0.112117899914 1.59888674951e-05 -23.0090697706 -11.1844812634
844 32198 -0.11223306555 1.560370185e-05 -22.9981266628 -11.1898871234
845 34091 -0.112342292691 1.62143599754e-05 -22.9877624299 -11.1865504704
846 33925 -0.112456071909 1.62664007483e-05 -22.9769813438 -11.2129703764
847 33582 -0.112570797689 1.62703250024e-05 -22.9661261149 -11.1946239767
848 33229 -0.112686158653 1.62297475421e-05 -22.9552264959 -11.1695897547
849 33015 -0.112801603656 1.59349906934e-05 -22.9443346751 -11.1571702483
850 33799 -0.112913630468 1.66334197263e-05 -22.9337803692 -11.2064619442
851 32235 -0.113033371086 1.58714625907e-05 -22.9225156523 -11.2059226791
852 33214 -0.113145929535 1.61930792436e-05 -22.911941954 -11.1936372442
853 33123 -0.113260925603 1.60496706103e-05 -22.9011545963 -11.1708925724
854 33517 -0.113374232192 1.62978604899e-05 -22.8905408453 -11.1812714926
855 33072 -0.113490062048 1.60508062597e-05 -22.8797062174 -11.1923284395
856 33461 -0.113603470528 1.58657137878e-05 -22.8691132197 -11.1741504501
857 34497 -0.113713875433 1.64832755486e-05 -22.8588151312 -11.1626556492
858 33405 -0.113830437941 1.55913115785e-05 -22.8479580298 -11.1640729771
859 35413 -0.113937521002 1.70081054369e-05 -22.8379977425 -11.1579820791
860 32515 -0.114059429526 1.54804883223e-05 -22.8266745937 -11.1524526677
861 34860 -0.114166591235 1.69226073835e-05 -22.8167353131 -11.1653788402
862 32286 -0.114288316647 1.52758549479e-05 -22.8054612707 -11.1825750448
863 35343 -0.114393337061 1.64157782585e-05 -22.7957480929 -11.1891551453
864 34459 -0.114507632636 1.6327266765e-05 -22.7851914311 -11.1714264893
865 33900 -0.114622245239 1.59576150868e-05 -22.7746204888 -11.1773972229
866 34625 -0.11473308428 1.66724255765e-05 -22.7644118492 -11.1721154582
867 32892 -0.11485190016 1.5759938038e-05 -22.7534840558 -11.1732784573
868 34277 -0.114961920879 1.60489639161e-05 -22.7433794844 -11.1518295224
869 34687 -0.115073294899 1.62237078621e-05 -22.7331646084 -11.1899940343
870 34485 -0.115186210954 1.64305205318e-05 -22.7228226386 -11.199511532
871 33572 -0.115302110174 1.5821457184e-05 -22.7122224234 -11.1563481737
872 34768 -0.115411778197 1.60581555089e-05 -22.7022060651 -11.1576117529
873 35151 -0.115522477961 1.61279606318e-05 -22.6921092017 -11.1558593535
874 35287 -0.11563344395 1.62176236153e-05 -22.6820018705 -11.1609083116
875 35103 -0.115745319389 1.66246058095e-05 -22.6718256763 -11.1644233441
876 33508 -0.115862700191 1.6170435802e-05 -22.6611637679 -11.1538216918
877 33493 -0.115976899295 1.61364033055e-05 -22.6508056233 -11.1692149627
878 33594 -0.116090686921 1.5823816879e-05 -22.6404992544 -11.1656860487
879 34782 -0.116200348521 1.672600633e-05 -22.6305802278 -11.1512641955
880 32862 -0.116319600366 1.55185473999e-05 -22.6198089006 -11.1749111512
881 35096 -0.116426663859 1.65957795142e-05 -22.6101518964 -11.152861785
882 33600 -0.116543681686 1.58915735965e-05 -22.5996115163 -11.1565236568
883 34550 -0.116654182567 1.63731749711e-05 -22.5896720194 -11.159767613
884 33832 -0.116769233526 1.57530842741e-05 -22.5793375323 -11.1178827504
885 35281 -0.116877630128 1.64836510386e-05 -22.569614084 -11.1421410819
886 34163 -0.116992895078 1.63602403421e-05 -22.5592886656 -11.1266916731
887 33497 -0.117108428641 1.61069188886e-05 -22.5489537792 -11.1569438453
888 33699 -0.117221831785 1.60267171983e-05 -22.5388236475 -11.1333193439
889 34179 -0.117333874601 1.57146308158e-05 -22.5288288021 -11.128953723
890 35782 -0.117441246345 1.63338501971e-05 -22.5192634604 -11.1685051579
891 35178 -0.117553803082 1.56572108787e-05 -22.5092496502 -11.136121221
892 37044 -0.117658945326 1.66918436048e-05 -22.49990789 -11.1433026176
893 35121 -0.11777406338 1.65788553498e-05 -22.4896935081 -11.1731494314
894 33681 -0.117890820042 1.63050845832e-05 -22.4793483502 -11.1818669262
895 33210 -0.118006461135 1.53628690485e-05 -22.4691165177 -11.1530621815
896 36034 -0.118111062267 1.68641735464e-05 -22.4598738813 -11.1324110944
897 33572 -0.118230022092 1.60661015046e-05 -22.449376774 -11.1214774302
898 33915 -0.118342777639 1.56726742145e-05 -22.4394411327 -11.1386615787
899 35658 -0.11845004976 1.64531643805e-05 -22.4300012917 -11.1515561413
900 34635 -0.118564314939 1.61162520878e-05 -22.419959576 -11.1542631436
901 34811 -0.118675956967 1.62503577835e-05 -22.410161817 -11.1553085113
902 34515 -0.118789009616 1.58493088449e-05 -22.4002537636 -11.1094428684
903 35643 -0.118897512881 1.6632060187e-05 -22.3907571764 -11.1422552366
904 33998 -0.119014097395 1.57016050291e-05 -22.3805671846 -11.1225306478
905 35640 -0.119121594174 1.67785767268e-05 -22.3711842302 -11.1397707645
906 33494 -0.119240087427 1.56889908937e-05 -22.3608555623 -11.1402413703
907 35157 -0.119348233622 1.62783424286e-05 -22.3514417162 -11.1347431323
908 34759 -0.119461082389 1.6128890587e-05 -22.3416316263 -11.107880934
909 34891 -0.119572684043 1.65843323504e-05 -22.3319430852 -11.1323005929
910 33442 -0.11968989614 1.50194938938e-05 -22.3217815179 -11.1472326313
911 37577 -0.119790037498 1.65198821027e-05 -22.3131112487 -11.1239077388
912 36253 -0.119902176835 1.66355329997e-05 -22.3034146029 -11.1337182791
913 34568 -0.120017820845 1.62004541576e-05 -22.293428618 -11.1391620305
914 34448 -0.120130635804 1.58228465125e-05 -22.2837003118 -11.1386265195
915 35670 -0.120238917586 1.66591591727e-05 -22.2743753233 -11.1308102786
916 33930 -0.120355808313 1.5390951915e-05 -22.26432257 -11.1505039946
917 36710 -0.12045963107 1.6572504158e-05 -22.255405513 -11.1352875954
918 35228 -0.120573752361 1.61981816742e-05 -22.2456167631 -11.1112069438
919 35114 -0.120685476967 1.62864823428e-05 -22.2360465705 -11.1244491945
920 34688 -0.120798497927 1.59154096448e-05 -22.2263783768 -11.1239942232
921 35582 -0.120907547071 1.60261344471e-05 -22.2170623569 -11.1006222882
922 36091 -0.121016577747 1.59480589362e-05 -22.207760078 -11.1186670247
923 36899 -0.121123883329 1.61503899084e-05 -22.1986168339 -11.1136828582
924 36958 -0.121232463179 1.64432335728e-05 -22.1893769594 -11.1038938744
925 35934 -0.121344576512 1.6671427061e-05 -22.1798489811 -11.1367608009
926 34139 -0.121461195322 1.57316194794e-05 -22.1699516475 -11.1287431056
927 35679 -0.121568838963 1.63771068866e-05 -22.1608282621 -11.122640844
928 34924 -0.121682104767 1.58845657351e-05 -22.1512410235 -11.1156407698
929 35937 -0.121790404478 1.67049710982e-05 -22.1420862478 -11.114618381
930 34026 -0.121907451907 1.63488544164e-05 -22.1322053021 -11.1295161692
931 33401 -0.122023070475 1.57358559992e-05 -22.1224585072 -11.1267402903
932 34893 -0.122131949557 1.55964291032e-05 -22.1132921288 -11.1099032507
933 36971 -0.122236786139 1.68447344548e-05 -22.1044773084 -11.1223255424
934 34512 -0.122353977927 1.59608661439e-05 -22.0946366552 -11.1338122831
935 35239 -0.122463870335 1.6094596856e-05 -22.0854213906 -11.1096821166
936 35496 -0.122574281336 1.60934769567e-05 -22.0761747565 -11.1111624589
937 35759 -0.122684278003 1.6458126886e-05 -22.0669748775 -11.128796571
938 34715 -0.122798444839 1.60762639013e-05 -22.0574389169 -11.0999799716
939 35033 -0.122909455972 1.58373794911e-05 -22.0481789247 -11.1264151404
940 36222 -0.123017007846 1.64796693758e-05 -22.03921911 -11.112402106
941 35088 -0.123130715291 1.5843667675e-05 -22.0297589107 -11.1253238241
942 36256 -0.123238259845 1.58183198707e-05 -22.0208231718 -11.0993623345
943 37559 -0.123343752775 1.68675831939e-05 -22.0120689509 -11.111280926
944 34980 -0.123460316225 1.59502607342e-05 -22.0024087587 -11.1010914158
945 35755 -0.123569339787 1.63376599652e-05 -21.9933854835 -11.107304532
946 35138 -0.12368198704 1.61343337176e-05 -21.9840745057 -11.0923869342
947 35252 -0.123793053322 1.57434612126e-05 -21.9749063319 -11.0993600252
948 36798 -0.123899127565 1.67106532083e-05 -21.9661614564 -11.1196522234
949 34821 -0.124014870226 1.58795384258e-05 -21.9566319902 -11.1109785333
950 35849 -0.124123267993 1.56537457328e-05 -21.9477190455 -11.1044186998
951 37764 -0.124227380209 1.68011810554e-05 -21.9391691969 -11.1032494768
952 35409 -0.124342780192 1.56643239464e-05 -21.9297046305 -11.1062832475
953 37260 -0.124447664427 1.64841902954e-05 -21.9211136694 -11.1036082679
954 36077 -0.124559833303 1.63392422689e-05 -21.9119377616 -11.1037346323
955 35449 -0.124671996583 1.60356952044e-05 -21.9027744129 -11.0952759053
956 35921 -0.124781349819 1.66398890499e-05 -21.8938522635 -11.1007465089
957 34236 -0.124897583105 1.56790748486e-05 -21.884381333 -11.1111569179
958 35972 -0.125004429493 1.58249195069e-05 -21.8756866662 -11.0871065338
959 37240 -0.125110417744 1.6356627947e-05 -21.8670725994 -11.093389602
960 36527 -0.125221030665 1.61444698426e-05 -21.8580940852 -11.1037154979
961 36607 -0.12533008925 1.63393310522e-05 -21.849253133 -11.1063253625
962 35969 -0.12544143872 1.61070486045e-05 -21.8402381204 -11.1046559639
963 36185 -0.125550877245 1.60655053921e-05 -21.831389272 -11.0796423237
964 36556 -0.125659478035 1.6459501778e-05 -21.8226193619 -11.0924798576
965 35484 -0.125772410776 1.61303093054e-05 -21.8135114446 -11.0930865633
966 35613 -0.125882884105 1.61540781528e-05 -21.804613509 -11.0625663185
967 35657 -0.12599345293 1.58638480042e-05 -21.7957193802 -11.0846296577
968 36768 -0.126100381364 1.61351036154e-05 -21.7871290049 -11.0724871489
969 36884 -0.126208967264 1.60042739593e-05 -21.7784164426 -11.0980378253
970 37495 -0.1263157916 1.66109226939e-05 -21.7698559898 -11.0839768197
971 35841 -0.126429194369 1.58352540452e-05 -21.760780034 -11.1032061309
972 37065 -0.126535501261 1.64086254074e-05 -21.7522828719 -11.0875377568
973 36164 -0.126647021146 1.60769505612e-05 -21.7433803378 -11.0632706704
974 36493 -0.126755794013 1.61468164757e-05 -21.7347082274 -11.0690138125
975 36565 -0.126864932244 1.62232275824e-05 -21.7260180158 -11.0707827393
976 36354 -0.126974904425 1.61237662828e-05 -21.7172725538 -11.1054242716
977 36511 -0.127083967376 1.64213516487e-05 -21.7086104352 -11.0747127825
978 35578 -0.127196489888 1.60808001798e-05 -21.6996850467 -11.0818398158
979 35887 -0.127306202577 1.57907184924e-05 -21.6909937605 -11.068996422
980 37281 -0.127411903174 1.64826370401e-05 -21.6826307699 -11.0780417992
981 36103 -0.127524021057 1.57111478389e-05 -21.6737712484 -11.0975192921
982 37810 -0.127628450971 1.66820203123e-05 -21.6655295828 -11.0749475003
983 35883 -0.12774227321 1.57955264996e-05 -21.6565580243 -11.0646262125
984 37259 -0.127848037709 1.62008019229e-05 -21.6482321797 -11.0969569653
985 37128 -0.127956706592 1.60292992578e-05 -21.639688313 -11.0628617925
986 37647 -0.128063481356 1.65344771436e-05 -21.6313038261 -11.0805592105
987 36266 -0.128175698376 1.61482838367e-05 -21.6225031387 -11.0980673331
988 36332 -0.12828519574 1.61522642347e-05 -21.6139267401 -11.0823611602
989 36383 -0.128394642669 1.6557209044e-05 -21.6053651275 -11.0998962235
990 34968 -0.128509081088 1.54819120885e-05 -21.5964246147 -11.0448871487
991 37485 -0.128612432758 1.63037356449e-05 -21.5883603972 -11.0671799795
992 36965 -0.128722032687 1.63910345582e-05 -21.5798191443 -11.0935881047
993 36131 -0.128833484135 1.60248101938e-05 -21.5711446614 -11.0687041131
994 36653 -0.128941667084 1.62840296301e-05 -21.5627352211 -11.0675126089
995 36217 -0.129052259398 1.57806078695e-05 -21.5541493163 -11.0498857383
996 37663 -0.129157355978 1.67597018514e-05 -21.5460001995 -11.0648487385
997 35463 -0.129272383218 1.57643866879e-05 -21.5370923533 -11.0881307523
998 36939 -0.129378394625 1.59779406952e-05 -21.5288931313 -11.0731334278
999 37651 -0.129484821414 1.63927874357e-05 -21.5206718253 -11.0809465445
1000 36795 -0.129595274502 1.58878464069e-05 -21.5121501162 -11.0649902986
1001 37849 -0.129700824181 1.64194530103e-05 -21.5040168083 -11.0474709006
1002 36889 -0.12981131649 1.6283148151e-05 -21.4955131855 -11.0632384725
1003 36454 -0.129921543579 1.56262604181e-05 -21.4870407058 -11.0773388464
1004 38508 -0.130024463105 1.65230600157e-05 -21.4791395727 -11.0763479869
1005 37139 -0.130135277725 1.60031832143e-05 -21.4706427438 -11.0562909277
1006 37758 -0.130241721547 1.6266661239e-05 -21.4624911977 -11.0713658529
1007 37375 -0.130350471518 1.63559104341e-05 -21.4541732955 -11.0940002187
1008 36662 -0.130460875629 1.60591531828e-05 -21.4457394535 -11.059003211
1009 37062 -0.130568690196 1.62001479552e-05 -21.4375136974 -11.0645304591
1010 36934 -0.130677639494 1.58999823433e-05 -21.4292116563 -11.0255874532
1011 37945 -0.130783135827 1.64462860968e-05 -21.4211825743 -11.0399992849
1012 36882 -0.130893819115 1.63739917449e-05 -21.4127691143 -11.061506286
1013 36112 -0.131005183595 1.61351616024e-05 -21.4043145922 -11.0507665927
1014 36226 -0.131114752042 1.56779219185e-05 -21.3960068938 -11.0283913563
1015 38067 -0.131218608566 1.61131407381e-05 -21.3881418582 -11.0546474567
1016 38272 -0.131325061729 1.61102458389e-05 -21.3800898323 -11.0304765643
1017 38490 -0.131431194741 1.64828181478e-05 -21.3720717339 -11.0667494052
1018 37273 -0.131541539947 1.64408449685e-05 -21.363745678 -11.0252959135
1019 36249 -0.131653148795 1.58061005805e-05 -21.3553348999 -11.0482108997
1020 37598 -0.131758505008 1.59571714609e-05 -21.3474051042 -11.0245861519
1021 38404 -0.131863746836 1.6500985616e-05 -21.3394933914 -11.0621949942
1022 37122 -0.131974439199 1.61672772386e-05 -21.3311821256 -11.0451257453
1023 37118 -0.132082898508 1.57476538983e-05 -21.323048652 -11.0506284325
1024 38729 -0.132186321639 1.65627309374e-05 -21.3153021647 -11.0374858301
1025 37202 -0.132297307934 1.61893195141e-05 -21.306999291 -11.0505862531
1026 37115 -0.132405919668 1.58809280148e-05 -21.2988841651 -11.0326891577
1027 38205 -0.132510930686 1.64633401626e-05 -21.2910475631 -11.0361605086
1028 37070 -0.132621446618 1.58163216531e-05 -21.2828102075 -11.0473224993
1029 38410 -0.132725751123 1.61020300874e-05 -21.2750452698 -11.057768274
1030 38661 -0.132831595143 1.62615531972e-05 -21.2671750843 -11.0192382898
1031 38289 -0.132939005999 1.61244295258e-05 -21.2591980184 -11.0288461409
1032 38451 -0.13304528533 1.60824498145e-05 -21.251314513 -11.033175501
1033 38779 -0.133150839334 1.61404403659e-05 -21.2434941729 -11.0402933268
1034 38880 -0.133256635848 1.65956493958e-05 -21.2356652126 -11.0649552841
1035 37223 -0.13336781195 1.57807659314e-05 -21.2274482282 -11.0458249164
1036 38708 -0.133471480487 1.63632668015e-05 -21.2197954038 -11.0487799917
1037 37942 -0.133580056225 1.64985832555e-05 -21.2117899129 -11.0331791172
1038 36684 -0.133691390695 1.59640200438e-05 -21.2035911804 -11.0746262406
1039 37444 -0.133798018324 1.63163927122e-05 -21.1957486944 -11.0361909183
1040 36878 -0.133907833848 1.60876257844e-05 -21.187681572 -11.0581693188
1041 37173 -0.134015678515 1.57188927928e-05 -21.1797689251 -10.9947384593
1042 38900 -0.13411868574 1.6799619188e-05 -21.1722201603 -11.0539729563
1043 36480 -0.13423236865 1.59689671453e-05 -21.1638991801 -11.0367249924
1044 37217 -0.134339353999 1.57494456621e-05 -21.1560781264 -11.0239673497
1045 38825 -0.134442660637 1.62324122301e-05 -21.1485349128 -11.0333508013
1046 38565 -0.134549494282 1.64021580227e-05 -21.1407433589 -11.0398941483
1047 37653 -0.134658744926 1.62584380432e-05 -21.1327851808 -10.9968492885
1048 37302 -0.134767545979 1.61501530313e-05 -21.1248694352 -11.0297507447
1049 37363 -0.134875534821 1.56511433704e-05 -21.1170223197 -11.0283244654
1050 39369 -0.134977485402 1.6634276747e-05 -21.1096226863 -11.0244640008
1051 37543 -0.135088443109 1.62281273602e-05 -21.1015789031 -11.0282049858
1052 37308 -0.13519703321 1.60264642874e-05 -21.0937164221 -11.0063462772
1053 37841 -0.135303515923 1.62321085409e-05 -21.0860157947 -11.028496222
1054 37589 -0.135411725989 1.55602881712e-05 -21.078199634 -11.0008146584
1055 39975 -0.135512314 1.68808278736e-05 -21.0709424958 -11.0196994332
1056 37180 -0.135625464786 1.50770816521e-05 -21.0627887271 -11.0140719617
1057 41533 -0.135721083189 1.71922075895e-05 -21.0559063856 -11.0335322515
1058 37429 -0.1358359373 1.58229048984e-05 -21.0476492138 -10.9838660507
1059 38756 -0.135939818314 1.66753505322e-05 -21.0401900314 -11.0137741451
1060 36805 -0.136052159883 1.55485917281e-05 -21.0321330537 -11.0367076306
1061 39187 -0.13615367679 1.65297227401e-05 -21.0248610742 -11.0093867244
1062 37768 -0.136263608588 1.59217375046e-05 -21.0169955753 -11.0229323996
1063 38717 -0.136368191821 1.64220938469e-05 -21.0095216884 -11.0243742531
1064 37725 -0.136477470745 1.578418025e-05 -21.0017215159 -11.0174946266
1065 39217 -0.136580487367 1.61196330165e-05 -20.9943770119 -11.0056527983
1066 39402 -0.136685444928 1.65323276423e-05 -20.9869027735 -11.0477865611
1067 37965 -0.136795108149 1.65208673255e-05 -20.9791027399 -11.0166469132
1068 36623 -0.136906685212 1.58898956402e-05 -20.9711763224 -11.0179579363
1069 37664 -0.137012507113 1.60814414614e-05 -20.9636678144 -11.0288970652
1070 37989 -0.137119146063 1.57627525151e-05 -20.9561102446 -11.0308120478
1071 39577 -0.137221553224 1.62523058884e-05 -20.9488609907 -11.0243864804
1072 39232 -0.137327603678 1.6486095184e-05 -20.9413625 -11.0301672389
1073 37979 -0.137436940311 1.58583082219e-05 -20.9336408709 -10.999036345
1074 39185 -0.13754048313 1.65697735759e-05 -20.9263370283 -10.9979377229
1075 37613 -0.137650908092 1.58894778299e-05 -20.9185569405 -11.0221269813
1076 38684 -0.137755323093 1.57604691795e-05 -20.9112090258 -11.0160331464
1077 40311 -0.137856779688 1.63727270505e-05 -20.9040774215 -10.9839023815
1078 39475 -0.137963287323 1.65734966978e-05 -20.8965993666 -10.9972508342
1079 37877 -0.138073351416 1.57691624732e-05 -20.8888808452 -11.001519189
1080 39435 -0.138175984989 1.60567542653e-05 -20.8816918534 -11.020401674
1081 39875 -0.138279911619 1.6289948849e-05 -20.8744205811 -11.0100941414
1082 39377 -0.138386012157 1.57376260865e-05 -20.8670058038 -11.0051970607
1083 41128 -0.138486309811 1.69096018241e-05 -20.8600045283 -10.9992786043
1084 38141 -0.138598216486 1.58697642293e-05 -20.8522020132 -10.9855482282
1085 39306 -0.138701673984 1.64498900656e-05 -20.8449971542 -10.9890435498
