100 100000 0.95 reinforce cheb_reinforce 20000000

1 100 0 1.35964332489e-05 -56.6666666667 -12.3940339163
2 12377 -0.000140348845497 1.49521257006e-05 -56.5364812791 -12.1299600901
3 14004 -0.00028545197387 1.60640126096e-05 -56.4025950724 -12.1644765628
4 14150 -0.000440535903062 1.57974333071e-05 -56.2602902587 -12.0976197393
5 14690 -0.00059021783561 1.6673265138e-05 -56.1237106833 -12.1196056054
6 13954 -0.000752312106222 1.60813317286e-05 -55.9766492648 -12.1514502037
7 14075 -0.000907977891542 1.57668687174e-05 -55.8362391944 -12.1139818406
8 14658 -0.00105753535329 1.63636113696e-05 -55.702088273 -12.1126899262
9 14368 -0.00121431199593 1.63139298563e-05 -55.5622437581 -12.1518058993
10 14154 -0.00137178485573 1.58143382123e-05 -55.4225771575 -12.1095235122
11 14669 -0.00152173447886 1.6434203529e-05 -55.2903211335 -12.1286753342
12 14276 -0.00167969284977 1.57924837809e-05 -55.1517735491 -12.084015535
13 14828 -0.00182862863604 1.65144529751e-05 -55.0218595525 -12.1159212861
14 14314 -0.00198714871465 1.62343805591e-05 -54.8843464491 -12.116977222
15 14216 -0.00214351680183 1.59782864788e-05 -54.74946273 -12.1637336323
16 14490 -0.0022959538999 1.58638388836e-05 -54.6186928979 -12.1297076927
17 14942 -0.00244499285246 1.60885141404e-05 -54.4915227204 -12.089663866
18 15060 -0.00259554618661 1.6387802898e-05 -54.3637420438 -12.0851982304
19 14725 -0.00275063504864 1.61800446433e-05 -54.232822543 -12.1471465508
20 14705 -0.00290386647267 1.59498676612e-05 -54.1041736133 -12.1350361705
21 15032 -0.00305326530921 1.70146993677e-05 -53.9794094195 -12.135981412
22 13793 -0.00321964080071 1.55602436249e-05 -53.8412365946 -12.0614524563
23 14669 -0.00336718218046 1.60292461279e-05 -53.7193774897 -12.1244397816
24 14875 -0.0035181155829 1.62720250073e-05 -53.5953653763 -12.0992214019
25 14716 -0.00367215622597 1.64953339216e-05 -53.4694712845 -12.1452735702
26 14233 -0.00383094017747 1.56490070794e-05 -53.3404044161 -12.1264210931
27 15001 -0.0039776721473 1.6367055177e-05 -53.2217641335 -12.1645275811
28 14699 -0.00413270575446 1.55116520503e-05 -53.0970640158 -12.0837323855
29 15710 -0.00427482996369 1.6746346964e-05 -52.9833319961 -12.1087021084
30 14813 -0.00443284510684 1.60836150409e-05 -52.8575348706 -12.088899428
31 14938 -0.0045839689522 1.58231338459e-05 -52.7378605947 -12.1195113128
32 15468 -0.00473007703003 1.70223045542e-05 -52.6227454976 -12.1178823669
33 14182 -0.00489422749563 1.57108283572e-05 -52.4940984868 -12.0765439862
34 14853 -0.0050422680745 1.65663881834e-05 -52.3786922537 -12.112836267
35 14262 -0.00520157169416 1.62469140074e-05 -52.2551524077 -12.0764159267
36 14146 -0.00535844523181 1.53583276113e-05 -52.1341469921 -12.1012488124
37 15356 -0.00550077445138 1.60513574601e-05 -52.02491413 -12.0789005953
38 15536 -0.00564866233718 1.68169875027e-05 -51.9119690505 -12.0754811139
39 14544 -0.00580880250543 1.60201624034e-05 -51.7902984266 -12.0837692437
40 14761 -0.00596022739761 1.63459504809e-05 -51.6758490933 -12.0876944823
41 14494 -0.00611614777116 1.64136305906e-05 -51.5586063496 -12.0690202531
42 14135 -0.00627469246089 1.55869478527e-05 -51.4400141793 -12.056633129
43 14992 -0.00642088645662 1.57245117335e-05 -51.3312136476 -12.1114795002
44 15680 -0.00656509790197 1.69301899863e-05 -51.2244048106 -12.0553777652
45 14511 -0.00672649740585 1.54130179193e-05 -51.1054693064 -12.0763635545
46 15665 -0.00686791855318 1.63161884468e-05 -51.0017760111 -12.0592822442
47 15429 -0.00701876967575 1.63111820125e-05 -50.8916999507 -12.0762485117
48 15204 -0.00717068490075 1.63852382251e-05 -50.7813978765 -12.0824360043
49 14870 -0.00732499335076 1.63846344609e-05 -50.6699194483 -12.02989048
50 14544 -0.00748101463727 1.62278085141e-05 -50.5577744342 -12.0939938763
51 14454 -0.00763602690197 1.55952518488e-05 -50.4469188287 -12.0732574159
52 15317 -0.0077807367343 1.58683028814e-05 -50.3439346731 -12.0525891695
53 15787 -0.00792577004543 1.65767974511e-05 -50.2412048866 -12.0534474263
54 15143 -0.00808046812126 1.58524776246e-05 -50.1321602315 -12.103626285
55 15633 -0.00822606977989 1.69657282912e-05 -50.0300245412 -12.0692241922
56 14416 -0.00838834303382 1.62945788152e-05 -49.9167578677 -12.0522955707
57 14230 -0.0085452129928 1.48743291142e-05 -49.8078233741 -12.0422849685
58 16228 -0.00867930201887 1.65474638163e-05 -49.7151423202 -12.0314422598
59 15613 -0.00883138729426 1.66776266083e-05 -49.6105029315 -12.068809339
60 14824 -0.00898869318581 1.5802617231e-05 -49.5028051353 -12.0793484157
61 15382 -0.00913501926493 1.65544901625e-05 -49.4031080997 -12.0331165306
62 14788 -0.00929135286914 1.61174433811e-05 -49.2971038196 -12.0447028608
63 14862 -0.00944318293316 1.63173769328e-05 -49.1946551466 -12.1028176336
64 14636 -0.00959807633902 1.60299880388e-05 -49.0906454016 -12.0588031571
65 14840 -0.00974919248547 1.59126298463e-05 -48.9896609845 -12.0400894625
66 15227 -0.00989728278675 1.62640215999e-05 -48.8911637703 -12.0322351249
67 15077 -0.0100493959046 1.60400828667e-05 -48.7904669332 -12.0175303132
68 15271 -0.0101984557 1.62658020844e-05 -48.6922560526 -12.0204366047
69 15118 -0.0103503798682 1.55312923915e-05 -48.5926279288 -12.0431208997
70 16125 -0.0104908383653 1.69646897987e-05 -48.5009379393 -12.0127249224
71 14871 -0.0106505986425 1.61331274925e-05 -48.39713413 -12.0267264051
72 14921 -0.0108022723995 1.60392288854e-05 -48.2990600168 -12.0342477575
73 15115 -0.0109520949125 1.65906686155e-05 -48.2026344263 -12.0335080815
74 14478 -0.0111104380696 1.62166007258e-05 -48.1012092382 -12.0330678219
75 14404 -0.0112656077034 1.55447528291e-05 -48.0022962052 -12.0392363142
76 15343 -0.011409728636 1.63703128761e-05 -47.910848261 -12.0973793347
77 15029 -0.0115630804783 1.62020458913e-05 -47.813986412 -12.0513502601
78 14975 -0.0117151300991 1.60796630989e-05 -47.7183952692 -12.0524824408
79 15107 -0.0118653672261 1.61077730998e-05 -47.6243789077 -12.0225028849
80 15197 -0.012015421934 1.60765314594e-05 -47.5309056451 -12.0245600441
81 15336 -0.0121645049413 1.6533344087e-05 -47.4384593309 -12.0817231098
82 14776 -0.0123207052866 1.5960594848e-05 -47.3420473227 -12.0360848675
83 15088 -0.0124699262293 1.56477335795e-05 -47.250368261 -12.0227119437
84 15904 -0.01261241928 1.57836382968e-05 -47.1632077611 -12.0323058751
85 16534 -0.0127533840891 1.71751713572e-05 -47.077349802 -12.0183340531
86 14926 -0.0129148264581 1.57404082661e-05 -46.9794658347 -12.0329205938
87 15586 -0.0130596193862 1.7112119146e-05 -46.8920792473 -12.0350564671
88 14161 -0.0132247600787 1.57994350527e-05 -46.7928737675 -11.978952471
89 14698 -0.0133744180392 1.5073493951e-05 -46.70339123 -12.0023992813
90 16425 -0.0135094862474 1.68047275414e-05 -46.6229742513 -12.012158221
91 15395 -0.0136650221331 1.59431614543e-05 -46.530770732 -11.9749354366
92 15748 -0.0138109235092 1.6144185263e-05 -46.4446649045 -12.0001890709
93 15783 -0.0139584972416 1.6319472386e-05 -46.3579499508 -11.9899725855
94 15540 -0.0141088386808 1.59965691845e-05 -46.2699968876 -11.9642767113
95 15810 -0.0142549398047 1.6038539727e-05 -46.1848974572 -11.9856098389
96 16016 -0.0144004777558 1.63382251057e-05 -46.1004891966 -11.9949422787
97 15739 -0.0145500352797 1.61673116963e-05 -46.014124852 -12.0218836204
98 15737 -0.0146980362156 1.66508885585e-05 -45.9290313313 -12.0406382178
99 14982 -0.0148542580487 1.5132581397e-05 -45.8396099444 -11.9914104327
100 16642 -0.0149889692914 1.71552808614e-05 -45.7628279644 -12.0166236967
101 15054 -0.0151495386587 1.6413626736e-05 -45.6717002174 -11.9946561896
102 14681 -0.0153051064501 1.55790834671e-05 -45.5838157105 -12.005791255
103 15583 -0.0154484264606 1.57309456873e-05 -45.5032004785 -12.0189021774
104 16287 -0.0155899809345 1.64040466115e-05 -45.4239058887 -11.9907855059
105 15899 -0.0157393843593 1.61553817901e-05 -45.3405654565 -12.0101140619
106 15917 -0.0158864410098 1.6009084408e-05 -45.2588838282 -12.0158203164
107 16173 -0.0160310062842 1.610888125e-05 -45.1789220789 -12.0094732739
108 16268 -0.0161760496083 1.6815524803e-05 -45.0990286754 -11.9763064215
109 15231 -0.0163325202389 1.55921468974e-05 -45.0132122039 -11.8958214491
110 16146 -0.0164734403054 1.65227482367e-05 -44.9362522761 -11.979566549
111 15573 -0.0166254929016 1.58318510268e-05 -44.8535588491 -11.969952592
112 16111 -0.0167687333828 1.62248109275e-05 -44.7759846124 -11.9593950617
113 16016 -0.0169159647942 1.6311931039e-05 -44.6965773272 -12.0042455419
114 15781 -0.0170650826336 1.6316915296e-05 -44.6164897671 -11.9535521797
115 15542 -0.0172153905458 1.64302120659e-05 -44.5361042607 -11.9667089689
116 15131 -0.0173687801955 1.58992763454e-05 -44.4544215632 -12.0048173011
117 15547 -0.0175152171542 1.61540992145e-05 -44.3767699796 -11.9762145401
118 15566 -0.017663907761 1.60160759022e-05 -44.298249805 -11.9648618764
119 15805 -0.0178102096113 1.62252436806e-05 -44.2213101748 -11.9633392237
120 15711 -0.0179588666892 1.64370040064e-05 -44.1434541387 -11.9568679623
121 15285 -0.0181115447579 1.55822968667e-05 -44.063828166 -11.9205891546
122 16219 -0.0182520564418 1.6254712436e-05 -43.9908463162 -11.937005707
123 16074 -0.0183992904303 1.61053881654e-05 -43.9146785226 -11.9800468787
124 16174 -0.0185447224024 1.60980636434e-05 -43.8397481729 -11.9760814221
125 16286 -0.0186895843043 1.65775710203e-05 -43.7654112814 -11.9380372922
126 15621 -0.018841907064 1.58076114392e-05 -43.6875665038 -11.9430574076
127 16200 -0.0189845326409 1.63553548487e-05 -43.6149737213 -11.9215893117
128 15892 -0.0191335236893 1.61533876351e-05 -43.5394451824 -12.0012029304
129 15913 -0.0192805796878 1.54354937665e-05 -43.4652004804 -12.0195780738
130 17139 -0.0194159789672 1.70691763699e-05 -43.3971054695 -11.9411792377
131 15640 -0.0195727234666 1.60135812821e-05 -43.318590357 -11.9561018435
132 15884 -0.0197186375861 1.63232066751e-05 -43.245802136 -11.9396113172
133 15633 -0.0198685629674 1.52600966575e-05 -43.1713142115 -11.9457384647
134 17141 -0.0200024171349 1.6958011254e-05 -43.1050675297 -11.9733172472
135 15819 -0.0201572569306 1.66657096498e-05 -43.02873481 -11.9487104224
136 15038 -0.0203133292456 1.54052423983e-05 -42.9521183093 -11.9506787195
137 16247 -0.0204521252805 1.62217249044e-05 -42.8842542729 -11.9730352037
138 16156 -0.0205986883434 1.61151489183e-05 -42.8128683436 -11.9413544724
139 16240 -0.0207439105999 1.63479536775e-05 -42.7424132791 -11.9695140004
140 15943 -0.0208925948906 1.62098381747e-05 -42.6705634081 -11.9119402598
141 15873 -0.0210403511413 1.66009368223e-05 -42.5994457971 -11.9756807985
142 15189 -0.0211950434236 1.56044985177e-05 -42.5252910793 -11.9589559423
143 16081 -0.0213363586678 1.59336882919e-05 -42.4578167218 -11.9079974402
144 16465 -0.0214789607008 1.64778109221e-05 -42.3899856722 -11.9842357001
145 15953 -0.021628781867 1.65046059179e-05 -42.3189979986 -11.9371091693
146 15415 -0.0217814430157 1.58392937305e-05 -42.2469552344 -11.9191477088
147 15935 -0.021925537852 1.55908425507e-05 -42.1792224876 -11.9139905787
148 16894 -0.02206328921 1.62451582626e-05 -42.1147129932 -11.9108188226
149 16759 -0.0222073971955 1.65625175835e-05 -42.0474778675 -11.9348759218
150 16099 -0.0223573042192 1.60203124264e-05 -41.9778081794 -11.8937058883
151 16339 -0.0225012328287 1.59751308499e-05 -41.9111755616 -11.9392801203
152 16659 -0.0226433711875 1.63062622866e-05 -41.8456189572 -11.9157172677
153 16424 -0.0227894900722 1.6311021435e-05 -41.778481103 -11.9625755369
154 16185 -0.0229367290894 1.6393685438e-05 -41.7110882289 -11.9696158381
155 15816 -0.0230864292149 1.57840724627e-05 -41.6428345606 -11.8939790353
156 16442 -0.0232277926488 1.5902247236e-05 -41.5786264175 -11.8994071349
157 16889 -0.0233683177309 1.64867028227e-05 -41.5150331629 -11.9064255407
158 16349 -0.0235163928768 1.62989748636e-05 -41.4482743571 -11.9156571083
159 16130 -0.0236637701642 1.62905338375e-05 -41.3820846502 -11.9166193655
160 15928 -0.0238120042437 1.55985340452e-05 -41.3157647756 -11.8747067683
161 16873 -0.0239499077434 1.68270542881e-05 -41.2542948204 -11.882385928
162 15779 -0.0241037427645 1.55728190083e-05 -41.1859813354 -11.9569647253
163 16759 -0.024241886739 1.6357799425e-05 -41.1248662702 -11.9144157274
164 16437 -0.0243884119591 1.57550905795e-05 -41.0602803638 -11.9178905195
165 17138 -0.0245266210548 1.64457858563e-05 -40.9995824964 -11.9237410842
166 16659 -0.0246729478511 1.61717904516e-05 -40.9355535851 -11.9279379607
167 16650 -0.024816876598 1.63474527406e-05 -40.8728075577 -11.8931197244
168 16347 -0.0249637106006 1.59236448338e-05 -40.8090323479 -11.928001548
169 16755 -0.0251049864515 1.62608621667e-05 -40.7478963067 -11.8633299551
170 16595 -0.0252499462751 1.63630805903e-05 -40.685394236 -11.9418647542
171 16267 -0.0253972807273 1.60186982653e-05 -40.6221038376 -11.8926785794
172 16513 -0.0255404380295 1.60320979567e-05 -40.56083402 -11.8893060808
173 16739 -0.0256827406005 1.63536779387e-05 -40.5001497789 -11.9323900853
174 16424 -0.0258292857553 1.61614568194e-05 -40.4378840693 -11.9118951089
175 16432 -0.0259740719812 1.65083652081e-05 -40.3765914459 -11.892394271
176 15872 -0.0261245545451 1.59246763135e-05 -40.313123857 -11.8968481437
177 16266 -0.0262679455836 1.64764468783e-05 -40.2528702362 -11.9281495003
178 15762 -0.026418657526 1.54665633141e-05 -40.1897736543 -11.8876630442
179 16923 -0.0265551932491 1.64231615174e-05 -40.1328173869 -11.8874859784
180 16488 -0.026702075445 1.62374770268e-05 -40.0717618469 -11.8898464387
181 16369 -0.0268478211231 1.57546003467e-05 -40.011399655 -11.9118461585
182 17068 -0.0269863092367 1.6598419809e-05 -39.9542460812 -11.9004485154
183 16336 -0.0271354462942 1.64724704558e-05 -39.8929175645 -11.8938006983
184 15836 -0.0272857683826 1.56139381547e-05 -39.8313311988 -11.8471908038
185 16750 -0.0274243168938 1.64209599292e-05 -39.7747713378 -11.8938330468
186 16323 -0.0275719193964 1.63044535033e-05 -39.7147283503 -11.868479735
187 16096 -0.0277195045945 1.62825417297e-05 -39.654910936 -11.8763136057
188 15907 -0.0278677622386 1.57411852107e-05 -39.5950398013 -11.8953732081
189 16609 -0.0280080318218 1.66979552872e-05 -39.5385953435 -11.8931310142
190 15737 -0.028160891519 1.62930852434e-05 -39.4773057961 -11.8898851365
191 15536 -0.0283110080388 1.60030844146e-05 -39.4173394241 -11.8730097151
192 15796 -0.0284572358324 1.54813974246e-05 -39.359138052 -11.9238641097
193 16934 -0.0285938583731 1.64962959834e-05 -39.3049474484 -11.8918985102
194 16377 -0.028741894676 1.55795568966e-05 -39.2464332536 -11.881734126
195 17383 -0.0288775981998 1.6455615035e-05 -39.1929789356 -11.8765133805
196 16880 -0.0290230494667 1.59610009366e-05 -39.1358805144 -11.8852957427
197 17235 -0.0291626676562 1.70678243808e-05 -39.0812613206 -11.8770454099
198 15729 -0.0293189519186 1.58397421736e-05 -39.0203411841 -11.9126814422
199 16259 -0.0294616084999 1.55285091928e-05 -38.9649339611 -11.8584844483
200 17347 -0.0295970054821 1.63554323695e-05 -38.9125226795 -11.8704693889
201 17017 -0.0297409878329 1.68177876179e-05 -38.8569755293 -11.8734528443
202 15929 -0.0298940143387 1.54092969407e-05 -38.7981499516 -11.8197917895
203 17202 -0.0300289360084 1.70715457083e-05 -38.7464633372 -11.8511367109
204 15693 -0.0301854337248 1.58748459579e-05 -38.6867204994 -11.8302595434
205 16164 -0.0303288257379 1.53432742782e-05 -38.6321770427 -11.8641101283
206 17574 -0.0304617419449 1.6707317969e-05 -38.58178516 -11.8684486097
207 16636 -0.0306104994824 1.63549262445e-05 -38.525576765 -11.8604752361
208 16321 -0.0307575181242 1.58770645897e-05 -38.470220914 -11.8032644491
209 16807 -0.0308981598492 1.6171718169e-05 -38.4174470698 -11.8353658042
210 16798 -0.0310414523211 1.58485524879e-05 -38.3638596247 -11.8414961282
211 17349 -0.0311796336557 1.61044331944e-05 -38.3123558316 -11.8620009797
212 17458 -0.0313196045876 1.65176535914e-05 -38.2603565576 -11.8547929937
213 16847 -0.0314657492502 1.59548575586e-05 -38.2062470695 -11.8511181169
214 17212 -0.0316054067626 1.595421805e-05 -38.1547135545 -11.8605952991
215 17587 -0.0317435655185 1.63972758706e-05 -38.1038997018 -11.8620439462
216 17180 -0.0318872324494 1.6063728445e-05 -38.0512348845 -11.8191665392
217 17360 -0.0320272451142 1.62800374502e-05 -38.0000803696 -11.8711473452
218 17161 -0.0321699632782 1.6577518879e-05 -37.9481099806 -11.8550479181
219 16460 -0.0323183510812 1.58836591282e-05 -37.8942588577 -11.8462623714
220 16939 -0.0324585027978 1.60362998516e-05 -37.8435679324 -11.83381401
221 17164 -0.0325990713854 1.63807106831e-05 -37.7928925142 -11.8350225324
222 16795 -0.0327442289428 1.58068920225e-05 -37.7407366752 -11.8415172978
223 17419 -0.0328817680473 1.63274912662e-05 -37.6914804337 -11.8567407962
224 17136 -0.0330250039359 1.63142978048e-05 -37.6403510299 -11.8072178112
225 16881 -0.0331692045292 1.56632159367e-05 -37.5890485419 -11.8309561026
226 17766 -0.0333041572421 1.67095089563e-05 -37.5411911087 -11.8181280486
227 16814 -0.0334521446093 1.62137375594e-05 -37.4888826266 -11.812473229
228 16733 -0.0335960860134 1.57347496271e-05 -37.4381753766 -11.7754991635
229 17482 -0.0337327490802 1.6439847395e-05 -37.3901875228 -11.8082039907
230 17004 -0.0338775331404 1.56991087324e-05 -37.3395124006 -11.8157426046
231 17830 -0.0340125510193 1.64507527429e-05 -37.2924071246 -11.8224350595
232 17323 -0.0341560896451 1.652435429e-05 -37.2424888333 -11.7877938617
233 16705 -0.0343029120512 1.55540267833e-05 -37.1915980207 -11.7996132674
234 17777 -0.034436882546 1.67381668379e-05 -37.1453106991 -11.796147351
235 16775 -0.0345852932764 1.63770868386e-05 -37.0941992216 -11.7768417952
236 16420 -0.0347320647789 1.63066059601e-05 -37.0438220332 -11.7937673597
237 16188 -0.0348792489003 1.55038238409e-05 -36.9934718989 -11.8397728126
238 17315 -0.0350145568333 1.67941891995e-05 -36.9473327872 -11.8140509759
239 16247 -0.0351658668373 1.52644156293e-05 -36.8959045228 -11.8115746503
240 17806 -0.0352972334051 1.65785807137e-05 -36.851397476 -11.8038374921
241 17077 -0.035442926011 1.59414287527e-05 -36.8021911456 -11.8669934057
242 17471 -0.0355814286479 1.57758925177e-05 -36.7555630086 -11.7722424021
243 18177 -0.035715804416 1.64093540144e-05 -36.7104631619 -11.777908174
244 17734 -0.0358573112363 1.62237271985e-05 -36.6631172033 -11.7668025018
245 17631 -0.0359976266842 1.69095711641e-05 -36.6163183209 -11.7944140205
246 16351 -0.0361494902813 1.52515977379e-05 -36.5658336127 -11.7873484072
247 17944 -0.0362802431 1.62543954905e-05 -36.5225042783 -11.7732482464
248 17784 -0.0364202163458 1.61931377186e-05 -36.4762597111 -11.7953453003
249 17736 -0.0365598533556 1.68128680268e-05 -36.4302700962 -11.7753712717
250 16610 -0.0367096647933 1.53458982022e-05 -36.3810885458 -11.7843922852
251 18054 -0.0368408243061 1.68287671457e-05 -36.3381647529 -11.7826348164
252 16881 -0.0369895707384 1.62243229962e-05 -36.2896366594 -11.8169334266
253 16782 -0.0371333972108 1.56526790929e-05 -36.2428658604 -11.7851453885
254 17680 -0.0372685839367 1.63465849455e-05 -36.1990403761 -11.8250753735
255 17360 -0.0374110628052 1.63730561093e-05 -36.1529926299 -11.8250647838
256 17000 -0.03755527516 1.55360123359e-05 -36.1065320846 -11.7890438275
257 18124 -0.0376878029351 1.60930815894e-05 -36.0639661315 -11.7742189761
258 18259 -0.0378245731891 1.69848327542e-05 -36.0201677232 -11.7602297728
259 16805 -0.0379750393613 1.61542856796e-05 -35.9721354674 -11.775466306
260 16825 -0.0381180593358 1.5310416111e-05 -35.9266271838 -11.7755334192
261 18354 -0.0382478422646 1.69810540844e-05 -35.8854542705 -11.7951147847
262 16899 -0.0383978564075 1.61324267826e-05 -35.8380087471 -11.8138556584
263 16957 -0.0385401271914 1.60589111753e-05 -35.7931558645 -11.768660628
264 17143 -0.0386809807941 1.61329220695e-05 -35.7488868591 -11.8163455994
265 17201 -0.0388222433508 1.6601921589e-05 -35.7046256966 -11.758186123
266 16458 -0.0389708604397 1.55044774899e-05 -35.6582069116 -11.7565319139
267 17602 -0.039105064011 1.57288711387e-05 -35.6164187114 -11.8158169473
268 18401 -0.0392382213409 1.67039460106e-05 -35.5750764617 -11.7608853688
269 17424 -0.0393835434488 1.58142101348e-05 -35.5300933345 -11.7521052094
270 18058 -0.039518689917 1.61258742319e-05 -35.4883868037 -11.7619205464
271 18132 -0.039656217742 1.67621765266e-05 -35.4460702899 -11.7503812974
272 17069 -0.0398035584411 1.65797761578e-05 -35.4008735932 -11.8063256334
273 16368 -0.0399523828929 1.54394812246e-05 -35.3553672405 -11.7373196242
274 17622 -0.0400859485592 1.65378123488e-05 -35.3146505249 -11.7764445686
275 16970 -0.0402317380372 1.57661314528e-05 -35.2703406597 -11.771918383
276 17674 -0.0403679310395 1.66662600599e-05 -35.229072514 -11.7527012472
277 16800 -0.0405155949686 1.57009713845e-05 -35.1844644101 -11.7795940649
278 17613 -0.0406514590992 1.61131137101e-05 -35.1435452496 -11.7342844181
279 17708 -0.0407905131786 1.63726854214e-05 -35.1017881732 -11.7804016022
280 17341 -0.0409332955449 1.60270145961e-05 -35.0590402378 -11.7743876798
281 17588 -0.0410720793832 1.57027984303e-05 -35.0176138762 -11.7457352468
282 18435 -0.0412048928385 1.61148698542e-05 -34.9780840237 -11.7742948432
283 18531 -0.0413408383464 1.64525520133e-05 -34.9377373202 -11.7603802211
284 18001 -0.0414816641206 1.62885360917e-05 -34.8960647548 -11.7737427107
285 17779 -0.0416219518416 1.58170747749e-05 -34.8546748467 -11.786249504
286 18421 -0.0417557859513 1.61655555104e-05 -34.8153033203 -11.7193868864
287 18422 -0.0418925621576 1.62787883435e-05 -34.7751811412 -11.774599233
288 18213 -0.0420310861126 1.63877422779e-05 -34.7346641126 -11.7327081149
289 17808 -0.0421721121846 1.67068090517e-05 -34.6935365289 -11.7596930154
290 16858 -0.0423198808278 1.57430902145e-05 -34.6505733145 -11.7549982083
291 17598 -0.0424561661881 1.6214301391e-05 -34.6110668782 -11.7447878734
292 17512 -0.0425968736483 1.59223965819e-05 -34.5703968952 -11.7618359236
293 17951 -0.0427333500365 1.63428218795e-05 -34.5310642216 -11.7562683047
294 17632 -0.0428746898104 1.51311922106e-05 -34.490448111 -11.755603639
295 19588 -0.0429988457061 1.73627599685e-05 -34.4548688581 -11.7835710597
296 17350 -0.0431502220758 1.56812434664e-05 -34.4116135507 -11.7409964946
297 18226 -0.0432836136391 1.62483207292e-05 -34.3736102482 -11.7314060675
298 18075 -0.0434224051217 1.64592913614e-05 -34.3341803032 -11.7240734586
299 17546 -0.0435651033862 1.58457051731e-05 -34.2937588302 -11.717158383
300 18126 -0.0437002634168 1.65137776453e-05 -34.2555828758 -11.7382716988
301 17498 -0.0438436280242 1.62293663083e-05 -34.2152062025 -11.7232456341
302 17386 -0.043984976066 1.53560698826e-05 -34.1755145429 -11.7048287404
303 18878 -0.0441133264932 1.70149333533e-05 -34.1395729976 -11.7474543308
304 17321 -0.0442617938124 1.54782940565e-05 -34.0981167397 -11.7729941185
305 18575 -0.0443922167065 1.67832023192e-05 -34.0618034847 -11.752514548
306 17449 -0.0445381278367 1.59661597071e-05 -34.0212932167 -11.727819418
307 17807 -0.0446755310945 1.54807156641e-05 -33.9832559278 -11.7334850347
308 19091 -0.0448041978524 1.68030373288e-05 -33.9477342671 -11.6901243464
309 17897 -0.0449484386345 1.58094524184e-05 -33.908024205 -11.7214936463
310 18557 -0.0450817149243 1.6914969088e-05 -33.8714367621 -11.7329115896
311 17200 -0.0452298287834 1.54234097905e-05 -33.8308928075 -11.7440197821
312 18548 -0.045359881998 1.64030789818e-05 -33.7953936018 -11.7291028063
313 18108 -0.0454998683282 1.55234009997e-05 -33.757288071 -11.7781761881
314 19330 -0.0456280910452 1.69805931353e-05 -33.7224798523 -11.7270126939
315 17798 -0.0457742615367 1.56114020083e-05 -33.6829099185 -11.6576319362
316 18830 -0.0459049124591 1.66864592385e-05 -33.6476405482 -11.7152972232
317 17862 -0.0460482920706 1.60139904546e-05 -33.6090424206 -11.7395303812
318 18140 -0.0461848354875 1.63001906198e-05 -33.572388632 -11.700458965
319 17895 -0.0463247673735 1.62166919576e-05 -33.5349300888 -11.7016959095
320 17804 -0.0464643397982 1.58623645154e-05 -33.4976730574 -11.6935684301
321 18362 -0.0465987716899 1.65626484385e-05 -33.4618872294 -11.6941178155
322 17638 -0.046741987958 1.58228659281e-05 -33.4238694323 -11.7293919552
323 18264 -0.0468764446812 1.60626454372e-05 -33.388276447 -11.6670251311
324 18457 -0.0470122221792 1.648792471e-05 -33.3524312427 -11.7451661887
325 17865 -0.0471538872141 1.58935302526e-05 -33.3151356543 -11.6902904685
326 18367 -0.0472885660377 1.570033828e-05 -33.2797773052 -11.691438406
327 19257 -0.0474184958646 1.6551588448e-05 -33.2457559239 -11.7268591733
328 18519 -0.0475581727068 1.6588907257e-05 -33.2092807196 -11.6999007752
329 17742 -0.0477011969705 1.56619179277e-05 -33.1720365694 -11.7188409428
330 18674 -0.0478328148167 1.60465803658e-05 -33.1378563688 -11.6986192696
331 18902 -0.0479668498764 1.58701377165e-05 -33.1031403322 -11.7107837211
332 19479 -0.048097434312 1.67716699802e-05 -33.0694068691 -11.6999683766
333 18319 -0.0482397383182 1.54916369289e-05 -33.0327453651 -11.7144073443
334 19618 -0.0483667542877 1.73554255232e-05 -33.0001097417 -11.6801535697
335 17390 -0.0485178947787 1.61791360291e-05 -32.9613823303 -11.7067378699
336 17367 -0.0486588824994 1.48878904874e-05 -32.9253606059 -11.6832269874
337 19778 -0.048780453366 1.65931157821e-05 -32.8943802278 -11.6792696914
338 18940 -0.0489189152137 1.68471100157e-05 -32.8591858234 -11.7081405183
339 17676 -0.0490644343655 1.53800554839e-05 -32.8223008985 -11.6999701306
340 19146 -0.0491920820628 1.65621997387e-05 -32.7900327013 -11.7020897895
341 18392 -0.0493323284466 1.57231564262e-05 -32.7546728509 -11.6693492167
342 19238 -0.0494625094756 1.665233653e-05 -32.7219377216 -11.6629966253
343 18313 -0.0496038258166 1.56676931031e-05 -32.6864969375 -11.6565842105
344 19264 -0.0497334612974 1.70526426361e-05 -32.6540717037 -11.7072785769
345 17608 -0.0498810411375 1.55198127604e-05 -32.6172579984 -11.6866640289
346 18803 -0.0500110178567 1.64679420323e-05 -32.5849231149 -11.7048679634
347 18236 -0.050151061359 1.58892321141e-05 -32.550175467 -11.6890638627
348 18756 -0.0502842980352 1.57765809139e-05 -32.5172045849 -11.6567256327
349 19513 -0.0504139991968 1.68404583002e-05 -32.4851905733 -11.6757776493
350 18224 -0.0505572609298 1.56384369076e-05 -32.4499230451 -11.6611189231
351 19227 -0.0506867772163 1.64306400335e-05 -32.4181235698 -11.6343281237
352 18718 -0.050824693162 1.61612736249e-05 -32.3843493921 -11.6818237194
353 18727 -0.0509603145032 1.60557777404e-05 -32.3512249335 -11.6985437896
354 18938 -0.0510942990014 1.63990540055e-05 -32.3185854183 -11.6513720158
355 18496 -0.0512327741669 1.5651767725e-05 -32.2849405453 -11.6716968496
356 19488 -0.0513615313892 1.68254006382e-05 -32.2537373035 -11.6560352399
357 18228 -0.0515046475416 1.5692142795e-05 -32.2191449647 -11.6575754082
358 19127 -0.0516349494755 1.65065817496e-05 -32.1877326322 -11.680107859
359 18478 -0.0517744005209 1.59596936938e-05 -32.1542016777 -11.6833117613
360 18870 -0.0519078252563 1.63527620683e-05 -32.1222036175 -11.6661124092
361 18516 -0.0520458337366 1.60891308805e-05 -32.0891922379 -11.6511646462
362 18662 -0.0521810881353 1.6106201505e-05 -32.056924117 -11.6613507521
363 18776 -0.0523160722425 1.57328883116e-05 -32.0248035459 -11.630332522
364 19621 -0.0524450586913 1.62326998347e-05 -31.9941874102 -11.6393579377
365 19489 -0.0525785909112 1.63910955515e-05 -31.962571523 -11.686613087
366 19050 -0.0527149732344 1.63334781576e-05 -31.9303637185 -11.6776680732
367 18730 -0.0528520320741 1.59896339596e-05 -31.8980802178 -11.6460249599
368 19069 -0.0529850067575 1.60474420591e-05 -31.8668389608 -11.6729924664
369 19300 -0.0531176592588 1.61844965985e-05 -31.8357518433 -11.683244961
370 19264 -0.0532515696895 1.60308571657e-05 -31.804449103 -11.670984756
371 19531 -0.0533833017665 1.67502518144e-05 -31.7737329006 -11.6556946347
372 18408 -0.0535250807226 1.66534056367e-05 -31.7407594171 -11.6684007593
373 17521 -0.0536695649564 1.52239896409e-05 -31.7072474677 -11.6411392784
374 19282 -0.0537954709711 1.58729966485e-05 -31.6781189556 -11.6768833831
375 19865 -0.0539248043228 1.63517812515e-05 -31.6482693717 -11.6510200849
376 19495 -0.0540592973556 1.63640886581e-05 -31.6173059042 -11.6492948278
377 19108 -0.0541952476894 1.63073525438e-05 -31.5860863709 -11.6579785987
378 18836 -0.0543316985403 1.58072463237e-05 -31.5548319069 -11.6829335851
379 19535 -0.0544615776804 1.6584963768e-05 -31.5251568938 -11.6581936062
380 18723 -0.0546007720612 1.61836837439e-05 -31.4934335397 -11.6375092399
381 18690 -0.0547367178065 1.58285981542e-05 -31.4625301908 -11.6742991074
382 19342 -0.0548674210235 1.62772598315e-05 -31.4328924895 -11.6220291051
383 19125 -0.0550025872316 1.61979914827e-05 -31.4023187094 -11.6574444977
384 19064 -0.0551373133016 1.63146476219e-05 -31.371921032 -11.6423934209
385 18779 -0.0552740332157 1.64930820367e-05 -31.3411513279 -11.6393922847
386 18167 -0.0554145591191 1.56223060533e-05 -31.3096064662 -11.6213410008
387 19199 -0.0555440384337 1.65711998775e-05 -31.2806140881 -11.6435444797
388 18426 -0.0556842311639 1.60662485259e-05 -31.249301221 -11.5902178923
389 18614 -0.0558194655199 1.57685821156e-05 -31.2191727994 -11.6458036294
390 19381 -0.0559495415949 1.61420030528e-05 -31.1902646206 -11.6298058344
391 19429 -0.0560825340122 1.6079948857e-05 -31.1607800775 -11.6352126272
392 19600 -0.0562144354341 1.66757011751e-05 -31.131608823 -11.6222984503
393 18613 -0.0563548032696 1.52464163388e-05 -31.1006429681 -11.6677231232
394 20437 -0.0564772798086 1.74561999593e-05 -31.0736893467 -11.6622258657
395 17932 -0.0566269834516 1.55374911944e-05 -31.0408261828 -11.6321647916
396 19115 -0.0567560432536 1.59662532038e-05 -31.0125672536 -11.6357126096
397 19507 -0.0568873236123 1.61926927702e-05 -30.9838907007 -11.6449935904
398 19455 -0.0570206445274 1.6349971643e-05 -30.9548389588 -11.641251055
399 19096 -0.0571565198324 1.57920671282e-05 -30.9253034759 -11.6220438312
400 19835 -0.0572852885825 1.63226724373e-05 -30.8973804186 -11.6119570171
401 19523 -0.0574194454834 1.64939350181e-05 -30.8683587425 -11.6297602695
402 18885 -0.0575572808235 1.61889984564e-05 -30.8386152256 -11.5765005565
403 18841 -0.0576927231929 1.58544764901e-05 -30.8094607855 -11.6452324321
404 19447 -0.0578232859009 1.61909006825e-05 -30.7814246768 -11.6202728823
405 19398 -0.05795678541 1.61484134771e-05 -30.7528266829 -11.6051049923
406 19433 -0.058089815592 1.61778493025e-05 -30.7243981239 -11.5936560596
407 19410 -0.0582231672018 1.61554309196e-05 -30.695969655 -11.6324134776
408 19431 -0.0583562614263 1.5570700388e-05 -30.667664476 -11.6004891896
409 20643 -0.0584807181168 1.68074028493e-05 -30.641257872 -11.5932740077
410 19344 -0.0586194974869 1.58959201211e-05 -30.611882344 -11.6143152139
411 19882 -0.0587489604912 1.62614336378e-05 -30.5845451208 -11.6160681528
412 19691 -0.0588820419904 1.6969180886e-05 -30.5565102931 -11.6085612517
413 18151 -0.0590266853786 1.47664214298e-05 -30.5261159977 -11.6118082299
414 20929 -0.0591439026761 1.66462174253e-05 -30.5015428015 -11.5771135006
415 19935 -0.0592792980342 1.72025508616e-05 -30.4732231767 -11.607750051
416 17947 -0.0594267643275 1.53923767927e-05 -30.4424570091 -11.5914838122
417 19415 -0.0595536256022 1.6240186766e-05 -30.4160547497 -11.5907261858
418 19270 -0.0596879772953 1.61563774439e-05 -30.3881589478 -11.6276314194
419 19289 -0.059821568363 1.55590396119e-05 -30.360487507 -11.6188940994
420 20516 -0.0599463148039 1.62964763915e-05 -30.3347077043 -11.5881712168
421 20247 -0.0600778397694 1.66194138907e-05 -30.3075891941 -11.5784326797
422 19337 -0.0602150883041 1.58340356844e-05 -30.2793583269 -11.58305905
423 20000 -0.0603436659509 1.71172966308e-05 -30.2529735523 -11.5634120246
424 18161 -0.0604895311791 1.54469290523e-05 -30.2231142933 -11.6038869922
425 19538 -0.0606164414374 1.61864808902e-05 -30.1971981196 -11.5750619565
426 19498 -0.0607495634798 1.61177579068e-05 -30.170076139 -11.6121724276
427 19594 -0.060881794354 1.61196223384e-05 -30.1431990541 -11.5750581653
428 19687 -0.06101372864 1.59472635993e-05 -30.1164449426 -11.595058744
429 20129 -0.0611428094361 1.61946736581e-05 -30.0903298677 -11.5729987869
430 20071 -0.0612740835809 1.65381845753e-05 -30.0638321022 -11.6237835976
431 19328 -0.061410695076 1.63960767005e-05 -30.0363221436 -11.5658408588
432 18883 -0.0615477204719 1.52404506296e-05 -30.0087953574 -11.5708430467
433 20746 -0.0616692337476 1.6683187268e-05 -29.9844403189 -11.6037651731
434 19686 -0.0618057826379 1.60783678702e-05 -29.9571337674 -11.5983151464
435 19862 -0.0619367968518 1.64161821725e-05 -29.9309955815 -11.6271837002
436 19365 -0.0620722715028 1.65697510976e-05 -29.9040306912 -11.5766836717
437 18588 -0.0622118396065 1.52663957438e-05 -29.8763179855 -11.5525594559
438 20368 -0.0623346839661 1.66496903057e-05 -29.8519819803 -11.586182877
439 19393 -0.0624719840728 1.60457459502e-05 -29.8248440938 -11.5712074719
440 19632 -0.0626034985659 1.58134667471e-05 -29.7989107838 -11.5708996649
441 20348 -0.0627308076949 1.56830079468e-05 -29.7738634169 -11.5320660889
442 21371 -0.062854006087 1.65404178295e-05 -29.7496777367 -11.5882468635
443 20575 -0.0629864302211 1.61449488545e-05 -29.723738763 -11.6141863681
444 20620 -0.0631155489403 1.67632768576e-05 -29.6985047774 -11.6129268867
445 19409 -0.0632537317375 1.61504459355e-05 -29.6715620872 -11.5585233697
446 19440 -0.0633867546724 1.63882958321e-05 -29.6456865017 -11.5718519739
447 19007 -0.063523266061 1.54634270909e-05 -29.6191943841 -11.5515004046
448 20414 -0.0636475565299 1.62845896898e-05 -29.5951283966 -11.5348426456
449 20170 -0.0637792340851 1.66473606952e-05 -29.5696885237 -11.5803108261
450 19209 -0.0639171708581 1.60277408779e-05 -29.5431014633 -11.5457726835
451 19481 -0.0640490448869 1.56224975775e-05 -29.517742181 -11.6053229463
452 20587 -0.0641740840127 1.62008277018e-05 -29.4937505118 -11.5782676006
453 20515 -0.0643039795877 1.67962488534e-05 -29.4688817491 -11.5563694505
454 19245 -0.0644430202176 1.53866173464e-05 -29.4423237426 -11.5412850429
455 20831 -0.0645654469505 1.64020087133e-05 -29.4189916945 -11.5773001016
456 20339 -0.064697523953 1.71009944989e-05 -29.3938755061 -11.5507402148
457 18500 -0.0648419113744 1.56455485078e-05 -29.3664834305 -11.559191608
458 19505 -0.0649705628533 1.63162853107e-05 -29.3421337507 -11.5414892825
459 19210 -0.0651057531373 1.60124929071e-05 -29.3166042565 -11.5660310099
460 19512 -0.0652373963587 1.58276063574e-05 -29.2918013035 -11.5822089152
461 20194 -0.0653653023671 1.62669832523e-05 -29.2677558988 -11.5826139106
462 19989 -0.0654974340559 1.61382249592e-05 -29.2429712032 -11.5767573992
463 20046 -0.0656283325119 1.60030260578e-05 -29.2184728723 -11.5356934983
464 20381 -0.0657570634103 1.64312405263e-05 -29.1944334656 -11.5690306805
465 19840 -0.0658910269444 1.60655030085e-05 -29.1694727982 -11.5168577439
466 20044 -0.0660213421678 1.57519580563e-05 -29.1452464167 -11.5340576595
467 20905 -0.0661464545345 1.65968208172e-05 -29.1220377009 -11.5572728327
468 20012 -0.0662811877757 1.59451204302e-05 -29.0970993459 -11.50226168
469 20466 -0.066409184996 1.61038138632e-05 -29.0734605093 -11.5686002329
470 20596 -0.0665380479973 1.64949141802e-05 -29.0497135 -11.549204834
471 19921 -0.0666722595064 1.57590439531e-05 -29.0250358555 -11.5724529968
472 20762 -0.066797859181 1.63668614471e-05 -29.0019923432 -11.5437515708
473 20344 -0.0669296368911 1.56560809677e-05 -28.9778678465 -11.5325849168
474 21426 -0.0670524676657 1.64519166508e-05 -28.9554295073 -11.5231546012
475 20814 -0.0671834251313 1.66128828435e-05 -28.9315577188 -11.4971640644
476 19892 -0.067318693357 1.61575929365e-05 -28.9069553377 -11.5003370231
477 19909 -0.0674501972192 1.596944546e-05 -28.8830912127 -11.5255783775
478 20311 -0.0675788796874 1.61516235014e-05 -28.8597900772 -11.5093006451
479 20341 -0.0677089325945 1.60919915852e-05 -28.8362918701 -11.561414427
480 20495 -0.0678380185791 1.61450295829e-05 -28.8130189866 -11.5289225587
481 20539 -0.0679673902301 1.61396370329e-05 -28.7897450364 -11.5373909192
482 20595 -0.0680965447249 1.62856417376e-05 -28.7665603577 -11.5214909948
483 20347 -0.0682276578421 1.61750962948e-05 -28.743075231 -11.5364861707
484 20329 -0.0683579395449 1.57735174966e-05 -28.7197899079 -11.5347498662
485 21156 -0.0684824781663 1.65007314173e-05 -28.6975783134 -11.5044855253
486 20450 -0.06861498725 1.60162718007e-05 -28.6739957477 -11.5029425646
487 20764 -0.0687426315147 1.6060790038e-05 -28.651328118 -11.5216159661
488 20987 -0.0688699463988 1.61382667309e-05 -28.6287668712 -11.5218763346
489 21047 -0.0689976952258 1.65472773506e-05 -28.60617665 -11.5235559578
490 20249 -0.0691312365161 1.55472236129e-05 -28.5826132876 -11.4623898873
491 21563 -0.0692528244299 1.68301863509e-05 -28.5612044383 -11.5652586669
492 20159 -0.0693889521428 1.58054043557e-05 -28.5372865768 -11.5508386207
493 20911 -0.0695144707219 1.58972366538e-05 -28.5152804584 -11.5267532222
494 21490 -0.0696390071542 1.62413318537e-05 -28.4934916216 -11.5987560893
495 21327 -0.0697667243813 1.63187667997e-05 -28.4711927805 -11.4955069389
496 21000 -0.0698960469368 1.62811095599e-05 -28.4486614931 -11.5116983005
497 20757 -0.0700258236226 1.63650700129e-05 -28.4260993234 -11.5334710657
498 20343 -0.0701575908062 1.62550231443e-05 -28.4032403834 -11.5430766798
499 20161 -0.0702890611385 1.57678904883e-05 -28.3804822778 -11.5157992474
500 20993 -0.0704140372296 1.64148324802e-05 -28.3588939018 -11.5151112021
501 20470 -0.0705457921506 1.5261610312e-05 -28.336182472 -11.4863785859
502 22441 -0.0706627880607 1.67513555627e-05 -28.3160562539 -11.4850901938
503 21148 -0.0707950716057 1.57512450479e-05 -28.2933466165 -11.4988551327
504 22058 -0.0709168646251 1.70272470067e-05 -28.2724813757 -11.507957664
505 20214 -0.0710543989173 1.53100823779e-05 -28.2489693035 -11.4801527698
506 22051 -0.0711727990347 1.66378127846e-05 -28.2287705845 -11.5676130787
507 21021 -0.0713045820707 1.62325019704e-05 -28.2063346426 -11.5142784984
508 20880 -0.0714335881864 1.59575776391e-05 -28.184418129 -11.5410167917
509 21327 -0.0715590739179 1.63022481557e-05 -28.1631438393 -11.5064130787
510 21035 -0.0716881573737 1.62288654017e-05 -28.1413049039 -11.5222458576
511 20902 -0.071817067877 1.61649152967e-05 -28.1195409341 -11.4920433504
512 20905 -0.0719454610486 1.58766645333e-05 -28.0979095661 -11.5246283531
513 21529 -0.0720697243008 1.61165593184e-05 -28.0770168805 -11.5189070541
514 21638 -0.0721955464974 1.63435820721e-05 -28.055904937 -11.5192131149
515 21252 -0.0723242934927 1.56712055044e-05 -28.0343467358 -11.4909552713
516 22348 -0.0724446802149 1.70043199569e-05 -28.0142290322 -11.4944641171
517 20527 -0.0725809767897 1.63735150002e-05 -27.9914998652 -11.5278649926
518 20100 -0.0727136052923 1.54865702629e-05 -27.9694303845 -11.5129231745
519 21537 -0.0728347926236 1.62441495103e-05 -27.9493059816 -11.4855994309
520 21367 -0.0729624107888 1.63761314468e-05 -27.9281561354 -11.5102271228
521 20917 -0.0730924441688 1.59934838008e-05 -27.9066506928 -11.4896167576
522 21287 -0.0732183302101 1.65336700313e-05 -27.8858739803 -11.4744833002
523 20508 -0.073350915868 1.58411267135e-05 -27.8640369545 -11.5142427951
524 21196 -0.0734758695936 1.57712765388e-05 -27.8434994379 -11.4752310735
525 22063 -0.0735978033535 1.67962672807e-05 -27.8234979443 -11.5084970179
526 20697 -0.0737318778228 1.60288118613e-05 -27.8015500241 -11.4774301916
527 20988 -0.0738589383282 1.60232321487e-05 -27.7807937365 -11.5005633479
528 21295 -0.07398503527 1.63943648817e-05 -27.7602365316 -11.4865422388
529 20808 -0.0741155539452 1.60277731215e-05 -27.7390020623 -11.4785433922
530 21102 -0.0742422602039 1.64947464434e-05 -27.7184301442 -11.479592198
531 20410 -0.07437485036 1.58920198891e-05 -27.6969474051 -11.4885706245
532 20986 -0.0745008312709 1.58256161361e-05 -27.6765775416 -11.4711359183
533 21724 -0.0746241356486 1.5922737414e-05 -27.6566799815 -11.4908343517
534 22268 -0.0747466740779 1.65333596945e-05 -27.6369446567 -11.4688781094
535 21454 -0.0748763018888 1.62019574105e-05 -27.6161093567 -11.4779491302
536 21376 -0.0750035618903 1.62054075547e-05 -27.5956963201 -11.4687663819
537 21291 -0.0751311033338 1.57873777817e-05 -27.5752794503 -11.4586881336
538 22126 -0.0752529886062 1.70178254805e-05 -27.555806556 -11.4658115524
539 20296 -0.0753901698929 1.55543061231e-05 -27.533934819 -11.4691867051
540 21597 -0.0755117160245 1.62120224467e-05 -27.5145955245 -11.4772578
541 21497 -0.0756386976295 1.59965519199e-05 -27.494431034 -11.4916649266
542 21870 -0.0757629169892 1.64364892809e-05 -27.4747442728 -11.4737948934
543 21279 -0.0758923154902 1.64329381966e-05 -27.4542776914 -11.4213128394
544 20711 -0.076023446676 1.5072274533e-05 -27.4335796013 -11.4495269504
545 23147 -0.0761372145403 1.72221651158e-05 -27.4156567808 -11.4684384059
546 20797 -0.0762743595909 1.55626598635e-05 -27.3940937587 -11.4558438413
547 22112 -0.0763945482919 1.63781147951e-05 -27.3752349319 -11.4609996149
548 21642 -0.0765224006935 1.63042148612e-05 -27.3552126301 -11.4566089463
549 21341 -0.0766505695423 1.64204683403e-05 -27.3351810482 -11.4824241631
550 20798 -0.0767813280382 1.55717149139e-05 -27.3147861636 -11.4513414381
551 22092 -0.0769016391473 1.6046987998e-05 -27.2960576567 -11.4276506105
552 22361 -0.0770248757136 1.64341466656e-05 -27.2769102728 -11.4511744815
553 21761 -0.0771528122339 1.65531530426e-05 -27.257071643 -11.4605817051
554 20924 -0.0772842302175 1.54839957356e-05 -27.2367343917 -11.4583522771
555 22425 -0.0774029720733 1.66043077512e-05 -27.2183946361 -11.4692976576
556 21450 -0.0775331670783 1.62381215677e-05 -27.1983249201 -11.4319145996
557 21294 -0.0776609572532 1.5783629883e-05 -27.1786654549 -11.4543914083
558 22137 -0.0777827818125 1.66198619945e-05 -27.1599601198 -11.462615231
559 21142 -0.0779140472077 1.60458607717e-05 -27.1398448274 -11.4183685783
560 21402 -0.0780400060669 1.61724592414e-05 -27.1205812436 -11.4786762239
561 21388 -0.0781669984066 1.58932591697e-05 -27.1011976916 -11.4412516695
562 21989 -0.0782900826192 1.61974231978e-05 -27.0824470515 -11.4480084141
563 21920 -0.0784157208656 1.59540257694e-05 -27.0633441722 -11.4452225515
564 22397 -0.0785381442368 1.58806682936e-05 -27.0447658078 -11.4712029481
565 23056 -0.0786582518881 1.67363874556e-05 -27.0265730183 -11.4640136776
566 21761 -0.0787885437277 1.61273925205e-05 -27.0068757661 -11.4310678257
567 21847 -0.0789138463963 1.5985175392e-05 -26.9879701048 -11.4499610049
568 22252 -0.0790369079928 1.64433151191e-05 -26.9694381084 -11.4236029917
569 21635 -0.0791652886951 1.6189012815e-05 -26.9501425226 -11.4185120297
570 21585 -0.0792918308684 1.6227447099e-05 -26.9311605573 -11.4154376476
571 21451 -0.0794190681356 1.58413719841e-05 -26.9121115446 -11.4412421529
572 22170 -0.079541247884 1.63455131425e-05 -26.8938547334 -11.4473082246
573 21770 -0.079668468255 1.63969106786e-05 -26.8748810908 -11.4252324811
574 21266 -0.0797975918967 1.59167960973e-05 -26.8556614268 -11.4284728803
575 21811 -0.0799213592828 1.61006544692e-05 -26.8372746987 -11.4230072147
576 21957 -0.0800461413281 1.57763987704e-05 -26.8187724831 -11.4667158408
577 22843 -0.0801660135195 1.62703812622e-05 -26.8010315224 -11.4086305248
578 22603 -0.0802902952114 1.62636526028e-05 -26.7826722581 -11.4347794656
579 22381 -0.0804151406897 1.65360368807e-05 -26.7642647689 -11.3956653
580 21557 -0.0805444793372 1.54376642263e-05 -26.7452317512 -11.4260088885
581 23213 -0.0806608402803 1.669450646e-05 -26.7281405349 -11.4289684365
582 22002 -0.0807900911487 1.64150316337e-05 -26.70919152 -11.4171556794
583 21454 -0.0809187923713 1.54679474579e-05 -26.6903600955 -11.3890969586
584 23031 -0.081035841249 1.62059271565e-05 -26.6732656067 -11.4100653556
585 22938 -0.0811587219056 1.7141169332e-05 -26.6553520975 -11.421147698
586 20779 -0.0812952807085 1.61146892256e-05 -26.635483761 -11.4181780714
587 20888 -0.0814233264862 1.61549142589e-05 -26.6168913608 -11.4082880103
588 20912 -0.0815516181019 1.54383254419e-05 -26.598299414 -11.4006933329
589 22517 -0.0816697689424 1.68193142282e-05 -26.581208981 -11.4358695403
590 21074 -0.0818028223253 1.57644766429e-05 -26.5619994431 -11.4014864465
591 21951 -0.081925013583 1.60448751873e-05 -26.5443921213 -11.4140984602
592 22223 -0.0820486157822 1.63746586145e-05 -26.5266145155 -11.4377799658
593 21758 -0.0821760992252 1.61599061168e-05 -26.5083133765 -11.3763188443
594 21772 -0.0823018704783 1.59355508151e-05 -26.4902924716 -11.4239621777
595 22288 -0.0824244519717 1.64411432126e-05 -26.4727614295 -11.4316448941
596 21675 -0.0825526978826 1.61451202518e-05 -26.4544548759 -11.4079459956
597 21721 -0.0826785000043 1.60658777864e-05 -26.4365314322 -11.4091362667
598 21943 -0.082803050216 1.62188569553e-05 -26.418819695 -11.4194512923
599 21826 -0.0829291235238 1.58943268422e-05 -26.4009250592 -11.4360528442
600 22437 -0.0830509812531 1.56710883051e-05 -26.3836609061 -11.3694226309
601 23594 -0.0831681441942 1.71701912791e-05 -26.3670915887 -11.4347055456
602 21310 -0.0833032176915 1.5751120625e-05 -26.3480253791 -11.404483517
603 22227 -0.0834245451631 1.57335744413e-05 -26.3309322973 -11.3869100239
604 23225 -0.0835431054598 1.6690886746e-05 -26.3142589872 -11.3874057384
605 22021 -0.0836722712142 1.59883121796e-05 -26.2961277889 -11.3833265886
606 22422 -0.083794889233 1.59052613769e-05 -26.2789480128 -11.4136742704
607 23024 -0.0839152660257 1.62116590663e-05 -26.262112777 -11.4039483596
608 22918 -0.084038244584 1.63460949104e-05 -26.2449448223 -11.4244670279
609 22504 -0.0841633797626 1.64571131613e-05 -26.2275080308 -11.4094663569
610 21850 -0.0842912361829 1.58732771862e-05 -26.2097255386 -11.4072207876
611 22510 -0.0844127357452 1.5576733059e-05 -26.1928584495 -11.3889348924
612 23899 -0.084528448035 1.71789565759e-05 -26.1768230393 -11.400332878
613 21567 -0.0846627850332 1.5812566655e-05 -26.1582411147 -11.3903114662
614 22355 -0.0847842363915 1.63008977524e-05 -26.1414733925 -11.3938525028
615 22052 -0.0849102978735 1.65953893566e-05 -26.1241010622 -11.3815154317
616 21113 -0.085041459525 1.54099658828e-05 -26.1060602536 -11.4149301052
617 22799 -0.0851586614166 1.64339497615e-05 -26.0899691319 -11.4187489736
618 22188 -0.0852853602763 1.56116406293e-05 -26.0726054433 -11.4102647032
619 23473 -0.0854023778013 1.66366703257e-05 -26.0565973732 -11.3824546174
620 22379 -0.0855300905874 1.60925420296e-05 -26.0391576871 -11.3679577314
621 22547 -0.085653166167 1.6165477915e-05 -26.0223822584 -11.3700233102
622 22549 -0.0857767947747 1.62619354346e-05 -26.0055620294 -11.3953833511
623 22331 -0.0859017655695 1.60344566949e-05 -25.988590255 -11.3829218814
624 22632 -0.0860241672932 1.5904721521e-05 -25.9719975723 -11.4191394203
625 23241 -0.0861439769515 1.67916609065e-05 -25.9557851326 -11.3994413936
626 21813 -0.0862745430557 1.56792905089e-05 -25.9381495793 -11.3444017993
627 22919 -0.0863934817631 1.60067506994e-05 -25.9221138998 -11.3573211749
628 23293 -0.086513924885 1.617138924e-05 -25.9059038431 -11.3831670604
629 23281 -0.0866356386454 1.66057022569e-05 -25.8895517865 -11.3803751877
630 22266 -0.0867634374842 1.6520137482e-05 -25.8724135139 -11.3939327688
631 21481 -0.0868928806414 1.52615944041e-05 -25.8550873346 -11.4140543311
632 23549 -0.0870070899624 1.58808603996e-05 -25.8398274035 -11.3843120658
633 24241 -0.0871242255484 1.67268375464e-05 -25.8242028784 -11.3858746169
634 22901 -0.0872511589223 1.65469223077e-05 -25.8073015422 -11.3450061415
635 22034 -0.0873791755284 1.54451304796e-05 -25.7902875989 -11.3716699048
636 23709 -0.0874943694693 1.7235658276e-05 -25.7750049193 -11.3736979718
637 21273 -0.0876300782633 1.5845120494e-05 -25.757033373 -11.3727713993
638 21978 -0.0877528205059 1.55582405737e-05 -25.7408094496 -11.3942025562
639 23378 -0.0878696759609 1.64792523803e-05 -25.7253904808 -11.388636776
640 22647 -0.0879954294648 1.62658144367e-05 -25.708826601 -11.3617023514
641 22419 -0.0881201838636 1.56797604999e-05 -25.6924241322 -11.3527382354
642 23554 -0.0882375103825 1.59505743699e-05 -25.6770252906 -11.3764987619
643 24075 -0.0883555647932 1.68052964456e-05 -25.6615572871 -11.3837436666
644 22564 -0.0884840423806 1.60215655371e-05 -25.6447535773 -11.3793662713
645 22898 -0.0886056330154 1.60035632388e-05 -25.6288793283 -11.3738252713
646 23279 -0.0887260878697 1.60904354434e-05 -25.6131808185 -11.3937381937
647 23459 -0.088846732164 1.62118290012e-05 -25.5974849434 -11.3452452951
648 23351 -0.0889685675194 1.55673606881e-05 -25.5816617921 -11.3816942613
649 24815 -0.089082054539 1.7146077138e-05 -25.5669478276 -11.3620807953
650 22468 -0.0892134174255 1.57560261914e-05 -25.5499461845 -11.3587426256
651 23423 -0.0893316431887 1.60555389667e-05 -25.534672254 -11.3563207379
652 23688 -0.0894514428743 1.68992804241e-05 -25.5192214331 -11.3935298655
653 21991 -0.0895823119608 1.53227881521e-05 -25.502373318 -11.3546652422
654 23959 -0.0896959953124 1.70078851778e-05 -25.4877633543 -11.3709110744
655 21999 -0.0898276812641 1.55971494197e-05 -25.470869535 -11.3549263536
656 23308 -0.0899450048489 1.61464542326e-05 -25.4558450673 -11.3286003189
657 23355 -0.0900663382273 1.64697835777e-05 -25.4403336227 -11.3466555875
658 22647 -0.0901920209892 1.62247530929e-05 -25.4242945049 -11.3559387619
659 22513 -0.0903162015343 1.64299053937e-05 -25.4084753638 -11.352527892
660 21919 -0.0904436451142 1.56599592941e-05 -25.3922696915 -11.3430437542
661 23075 -0.0905620332435 1.56874084464e-05 -25.3772418863 -11.3677489343
662 24225 -0.0906777813772 1.62569273599e-05 -25.362573697 -11.343319568
663 24003 -0.090798283914 1.67946915831e-05 -25.3473286829 -11.3105809458
664 22521 -0.0909268037545 1.58106114123e-05 -25.3310981777 -11.342562417
665 23349 -0.0910456284142 1.61204969971e-05 -25.3161184321 -11.328918649
666 23458 -0.0911665010296 1.59404391415e-05 -25.3009064437 -11.3646451835
667 24002 -0.0912846607787 1.64518772289e-05 -25.2860610935 -11.3288422171
668 23316 -0.0914083908285 1.59734103308e-05 -25.2705425604 -11.3444792788
669 23777 -0.091527353937 1.61118759586e-05 -25.2556475619 -11.323057784
670 23908 -0.0916470173083 1.67942257604e-05 -25.2406901941 -11.3439528997
671 22433 -0.0917757856246 1.61645058548e-05 -25.2246230323 -11.3824868816
672 22437 -0.0918997143971 1.57146826273e-05 -25.209187344 -11.3293755208
673 23490 -0.0920174637951 1.58252337879e-05 -25.194546346 -11.344485305
674 24317 -0.0921340059103 1.67014651273e-05 -25.1800794207 -11.3332870027
675 23032 -0.0922603858905 1.57345696991e-05 -25.1644181467 -11.3317159306
676 24064 -0.092376869094 1.65243706015e-05 -25.1500080031 -11.3157742025
677 23205 -0.092501441189 1.5564177962e-05 -25.1346233365 -11.3942593173
678 24668 -0.0926152429754 1.66588282741e-05 -25.1205923742 -11.2981323061
679 23466 -0.0927401300701 1.60767866136e-05 -25.1052205075 -11.2974746966
680 23680 -0.0928601076395 1.66528170874e-05 -25.0904783359 -11.3461390116
681 22540 -0.0929874886258 1.64916997786e-05 -25.0748536481 -11.3213781899
682 21808 -0.0931157361012 1.59615317246e-05 -25.0591508775 -11.3532337274
683 22266 -0.0932385779795 1.57238959887e-05 -25.0441364399 -11.305416945
684 23289 -0.093356903336 1.57899403674e-05 -25.0296984611 -11.3207911229
685 24196 -0.0934734771103 1.64062898006e-05 -25.0154975893 -11.3275939829
686 23614 -0.0935960849101 1.69708757984e-05 -25.0005866381 -11.3623153862
687 21764 -0.093728192684 1.51910072223e-05 -24.984548937 -11.3361989984
688 24032 -0.0938407270779 1.54030296709e-05 -24.9709107497 -11.3289408682
689 25969 -0.0939504925809 1.71549332634e-05 -24.9576287586 -11.3279055637
690 23492 -0.0940790275778 1.6752950173e-05 -24.9421014325 -11.3416720255
691 22135 -0.094208340931 1.5849675126e-05 -24.9265081344 -11.2934810303
692 22858 -0.0943287319054 1.57774101331e-05 -24.9120159748 -11.3113406404
693 23778 -0.0944462313955 1.57040141073e-05 -24.8978952814 -11.320680947
694 24921 -0.0945604726828 1.649985357e-05 -24.8841882598 -11.3061676437
695 24092 -0.0946825506425 1.66816015245e-05 -24.8695650085 -11.3081878037
696 22865 -0.0948092407614 1.58358989824e-05 -24.8544154812 -11.3366495906
697 23645 -0.0949275085885 1.61344716393e-05 -24.8402971081 -11.3412042603
698 23721 -0.0950478116485 1.57603199461e-05 -24.8259595161 -11.3207995875
699 24719 -0.0951629290288 1.66118196006e-05 -24.8122623115 -11.2945934237
700 23627 -0.0952870390686 1.59307364593e-05 -24.7975195596 -11.3194338556
701 24199 -0.095404645861 1.62884132486e-05 -24.7835726599 -11.3155490265
702 23901 -0.0955256397079 1.6491635e-05 -24.7692477435 -11.3194382492
703 23125 -0.095650181357 1.56281536586e-05 -24.7545277814 -11.3155294582
704 24424 -0.095765021237 1.66084517619e-05 -24.7409769149 -11.3018637379
705 23353 -0.0958898319213 1.60814714263e-05 -24.7262738423 -11.3089165963
706 23555 -0.0960101630632 1.55454031243e-05 -24.712122408 -11.3020797544
707 25088 -0.0961228723215 1.63646067557e-05 -24.6988885998 -11.297792953
708 24588 -0.0962427212176 1.65881029802e-05 -24.6848389964 -11.3199513434
709 23558 -0.0963668344597 1.61670704151e-05 -24.6703138886 -11.3056020683
710 23556 -0.0964878028837 1.5537547928e-05 -24.6561806502 -11.291106679
711 25109 -0.096600407819 1.70175379163e-05 -24.6430456416 -11.3220696156
712 23032 -0.0967291787838 1.55914364574e-05 -24.6280497794 -11.287680823
713 24416 -0.0968437658898 1.65603438574e-05 -24.6147279339 -11.3382167339
714 23459 -0.0969679322388 1.5851272472e-05 -24.6003160098 -11.3200051642
715 24221 -0.0970848977814 1.68716744844e-05 -24.5867622795 -11.3266139408
716 22549 -0.0972139268543 1.53233613016e-05 -24.5718357987 -11.2991331462
717 24565 -0.0973262022583 1.61917599654e-05 -24.558868848 -11.2752309094
718 24501 -0.0974449949089 1.68891129499e-05 -24.5451708495 -11.2961015668
719 22769 -0.0975735307358 1.58372348137e-05 -24.5303743724 -11.2800273465
720 23542 -0.0976920656631 1.5700559903e-05 -24.5167521379 -11.2619642061
721 24682 -0.0978068327388 1.65121925646e-05 -24.5035838739 -11.3188073135
722 23831 -0.0979296688823 1.60974770301e-05 -24.4895125695 -11.3028563697
723 23998 -0.0980490025573 1.60195485351e-05 -24.4758650046 -11.2970741033
724 24358 -0.0981668775037 1.58010717754e-05 -24.4624060039 -11.2925516012
725 25278 -0.0982810094074 1.70559623747e-05 -24.4493949232 -11.2985271418
726 23097 -0.0984098897022 1.51811439293e-05 -24.434726755 -11.2793869427
727 25529 -0.0985190027365 1.67422717085e-05 -24.4223283928 -11.3470637916
728 24080 -0.0986429036452 1.63530390534e-05 -24.4082719409 -11.3160416182
729 23628 -0.0987650771236 1.60619881302e-05 -24.3944345655 -11.2657658792
730 23879 -0.0988844429503 1.58114705616e-05 -24.3809372864 -11.2741558356
731 24755 -0.0989998506795 1.6364744431e-05 -24.3679082906 -11.2851590158
732 24261 -0.0991205048337 1.59686347761e-05 -24.35430873 -11.2746686823
733 24752 -0.0992370649137 1.67187323783e-05 -24.3411916828 -11.27182667
734 23403 -0.0993625687569 1.58782639129e-05 -24.3270912253 -11.2433358687
735 24097 -0.0994800344521 1.59892255369e-05 -24.3139154854 -11.283122736
736 24534 -0.0995972637781 1.60388641382e-05 -24.3007870563 -11.2669022117
737 24853 -0.0997140990426 1.65380209781e-05 -24.2877233833 -11.2730052755
738 23933 -0.0998368640069 1.59610948069e-05 -24.2740188276 -11.2745432355
739 24436 -0.0999541197913 1.6449117219e-05 -24.2609504035 -11.2476292757
740 23745 -0.100076708424 1.58434041368e-05 -24.2473096426 -11.2468746847
741 24536 -0.100192863298 1.6077218125e-05 -24.234405505 -11.287642303
742 24759 -0.100310201351 1.61657484192e-05 -24.2213903486 -11.2642821231
743 24760 -0.100428181798 1.5896335318e-05 -24.2083245888 -11.2383895159
744 25448 -0.100542618149 1.67782846184e-05 -24.1956710593 -11.3013691986
745 23916 -0.100667210242 1.62644955688e-05 -24.181916634 -11.2775551075
746 23679 -0.100788591789 1.60295900669e-05 -24.1685386951 -11.2903347809
747 24010 -0.100907392992 1.62707573699e-05 -24.1554661755 -11.2737586453
748 23757 -0.101028621838 1.60279088682e-05 -24.1421479212 -11.3019870022
749 24093 -0.101147205295 1.58011994995e-05 -24.1291411521 -11.2785534577
750 25003 -0.101261964826 1.61175906898e-05 -24.1165734082 -11.2549202202
751 25127 -0.101378732774 1.60567370245e-05 -24.1038054579 -11.2425129883
752 25408 -0.101494414679 1.5892582187e-05 -24.0911758544 -11.2615846317
753 26124 -0.101607334133 1.66888603716e-05 -24.0788666096 -11.2601660415
754 24775 -0.101729095095 1.59713989707e-05 -24.0656142888 -11.2600506672
755 25270 -0.101844475873 1.66124522486e-05 -24.0530761836 -11.2623438708
756 24152 -0.101967233988 1.62449259257e-05 -24.0397575142 -11.2803546931
757 23960 -0.102087756011 1.57422060328e-05 -24.0267025746 -11.2483143315
758 25014 -0.102202060931 1.64518738483e-05 -24.0143403659 -11.2760920155
759 24300 -0.1023232622 1.51886467078e-05 -24.0012527804 -11.2349376819
760 26838 -0.102429733316 1.68139576306e-05 -23.9897731373 -11.2705138731
761 25132 -0.102551534039 1.64939546702e-05 -23.9766605192 -11.2545307935
762 24310 -0.102673018654 1.56261680985e-05 -23.9636029888 -11.263085119
763 25680 -0.10278499908 1.65914354215e-05 -23.9515855811 -11.2643751962
764 24596 -0.102906489721 1.61117131853e-05 -23.9385676827 -11.2700968791
765 24732 -0.103024141783 1.53864596986e-05 -23.9259810037 -11.2384052517
766 26771 -0.103132135296 1.69606162495e-05 -23.9144448244 -11.2527635192
767 24699 -0.103256069852 1.63463584374e-05 -23.9012260279 -11.2661667147
768 24252 -0.103376612546 1.63183179245e-05 -23.8883897218 -11.2649408172
769 23881 -0.103497879802 1.57930313357e-05 -23.8754968248 -11.2577792442
770 24803 -0.103613040215 1.54817299777e-05 -23.8632722475 -11.2177526604
771 26589 -0.103722073849 1.68075951992e-05 -23.8517151118 -11.2482002721
772 24915 -0.103844357816 1.54860147562e-05 -23.8387732 -11.2408801721
773 26697 -0.103953199928 1.69423628915e-05 -23.8272713945 -11.2592542342
774 24676 -0.10407705793 1.65762448965e-05 -23.8142027886 -11.2434773288
775 23671 -0.1042007867 1.54574226557e-05 -23.8011690198 -11.2237795289
776 25438 -0.1043120841 1.63380656068e-05 -23.7894628522 -11.2605741218
777 24998 -0.104430752766 1.61527000934e-05 -23.7770001834 -11.2405039966
778 25032 -0.104547995451 1.63307090064e-05 -23.7647062875 -11.2283209074
779 24618 -0.104667524135 1.60622237094e-05 -23.7521920982 -11.2276245465
780 24879 -0.10478446833 1.58088183925e-05 -23.7399674223 -11.2362230137
781 25798 -0.1048974987 1.65154795053e-05 -23.7281696273 -11.225677669
782 24900 -0.105017692523 1.56876990445e-05 -23.7156432333 -11.2525307271
783 26140 -0.105129121883 1.62325283842e-05 -23.7040478061 -11.227270244
784 25965 -0.105244809129 1.64526559697e-05 -23.6920271268 -11.26721732
785 25221 -0.105363780494 1.599891779e-05 -23.6796841062 -11.2219042092
786 25653 -0.105478493707 1.62723106819e-05 -23.6678009687 -11.2357296815
787 25378 -0.105595796579 1.56235901848e-05 -23.6556679138 -11.2006668421
788 26816 -0.105705362967 1.66170683605e-05 -23.6443517906 -11.257720679
789 25617 -0.10582459093 1.66259777901e-05 -23.6320561193 -11.2516244861
790 24450 -0.105946697751 1.58006392029e-05 -23.6194832941 -11.2354632412
791 25374 -0.106060609105 1.60054911083e-05 -23.607772287 -11.22573921
792 25791 -0.106175061115 1.64028827544e-05 -23.596023123 -11.2066673972
793 25179 -0.106293772006 1.641280287e-05 -23.5838551758 -11.2137204977
794 24557 -0.106414050079 1.62070305326e-05 -23.5715456744 -11.2169106093
795 24455 -0.106533066296 1.58860589495e-05 -23.5593841788 -11.2194483982
796 25160 -0.106648079588 1.56119472857e-05 -23.5476495062 -11.1973542484
797 26617 -0.106757972573 1.65253694849e-05 -23.5364535534 -11.2438187258
798 25665 -0.106876433021 1.58087953873e-05 -23.5244025459 -11.2289221946
799 26613 -0.106987718843 1.66313220481e-05 -23.5130982061 -11.2610516192
800 25387 -0.107107589912 1.58916268782e-05 -23.5009399409 -11.2055372479
801 26105 -0.10722054379 1.62891762439e-05 -23.4895004689 -11.218272795
802 25781 -0.107337046841 1.66296963342e-05 -23.4777189958 -11.2277637619
803 24597 -0.10745881484 1.53233245445e-05 -23.4654239911 -11.2073268541
804 26796 -0.107566314068 1.70253369152e-05 -23.4545857278 -11.2127395453
805 24560 -0.107691072043 1.5411186961e-05 -23.4420261921 -11.231921558
806 26518 -0.107799753838 1.61109767874e-05 -23.431101478 -11.1822138446
807 26667 -0.107913052642 1.64649853891e-05 -23.4197288973 -11.1987170439
808 25871 -0.108030609067 1.67896848206e-05 -23.4079464328 -11.2537179331
809 24286 -0.10815433383 1.55203945219e-05 -23.3955649164 -11.18320147
810 25932 -0.108265014484 1.6059606856e-05 -23.3845054051 -11.1864772924
811 26214 -0.108378923634 1.64456257884e-05 -23.3731396681 -11.2197108755
812 25481 -0.108497235835 1.59394724358e-05 -23.3613521473 -11.2190636678
813 26074 -0.108610595659 1.66876872965e-05 -23.3500747732 -11.2261008735
814 24731 -0.108732457497 1.57150415396e-05 -23.3379698232 -11.2542072176
815 25890 -0.10884461752 1.61248076448e-05 -23.326845245 -11.1837393628
816 25999 -0.108959461212 1.61671602993e-05 -23.3154709966 -11.2096405969
817 25996 -0.109074612103 1.58276124556e-05 -23.3040830592 -11.2570903625
818 26905 -0.109185424635 1.68395425402e-05 -23.293139958 -11.2063159587
819 25129 -0.109307416803 1.57393765772e-05 -23.2811107031 -11.2175350219
820 26242 -0.109418995231 1.64101628883e-05 -23.2701246793 -11.1987616456
821 25601 -0.109536777314 1.56111282673e-05 -23.258544771 -11.2272937712
822 27086 -0.109645709435 1.64802775413e-05 -23.2478504026 -11.1960737392
823 26237 -0.109762551958 1.65499320475e-05 -23.2363958954 -11.2344208446
824 25235 -0.109882193417 1.61130069955e-05 -23.2246846168 -11.2001693997
825 25372 -0.109998363291 1.58860841854e-05 -23.2133301818 -11.1945970064
826 26104 -0.110111279364 1.62844191087e-05 -23.2023098126 -11.195872455
827 25793 -0.110227722521 1.5953501994e-05 -23.1909617332 -11.1916312354
828 26356 -0.110340574161 1.66757262893e-05 -23.1799796468 -11.2104162895
829 25029 -0.110461622015 1.5769829682e-05 -23.1682173967 -11.2023006729
830 26057 -0.110573812858 1.59439774866e-05 -23.1573318745 -11.1834259352
831 26651 -0.110685970081 1.60966839391e-05 -23.146465054 -11.1947263659
832 26840 -0.1107988037 1.69230722653e-05 -23.1355482434 -11.1732416588
833 24857 -0.110922070092 1.53307596465e-05 -23.1236398314 -11.1839655085
834 27059 -0.111029098005 1.65185526125e-05 -23.1133152023 -11.1853637822
835 26109 -0.111146497915 1.65840421959e-05 -23.1020060541 -11.1819656029
836 25026 -0.111266887487 1.54715165616e-05 -23.0904262956 -11.1893913872
837 26856 -0.111375306312 1.66665218613e-05 -23.0800129847 -11.1986175445
838 25527 -0.111495099954 1.607511163e-05 -23.0685236881 -11.1975889005
839 25764 -0.111610110466 1.54501382292e-05 -23.0575094336 -11.1966828911
840 27708 -0.111716701596 1.64833730855e-05 -23.0473157064 -11.2003153041
841 26831 -0.111832265048 1.59246544259e-05 -23.0362793506 -11.1907753293
842 27497 -0.111942550525 1.66746564922e-05 -23.0257619834 -11.1827307021
843 26115 -0.112061046276 1.60631712797e-05 -23.0144778713 -11.1821341548
844 26389 -0.112174601349 1.59217755879e-05 -23.0036799902 -11.1613345382
845 27052 -0.112285770246 1.64177777575e-05 -22.9931239015 -11.1634165195
846 26370 -0.112401874248 1.6499187498e-05 -22.9821148957 -11.1683034454
847 25494 -0.112520542004 1.58742877414e-05 -22.9708793337 -11.2120148595
848 26261 -0.112633036527 1.58092672606e-05 -22.9602436647 -11.1792753609
849 27230 -0.112743058192 1.63679768197e-05 -22.9498562635 -11.1978743036
850 26678 -0.112858140057 1.59877373247e-05 -22.9390064023 -11.175019596
851 27166 -0.112969535619 1.68796017949e-05 -22.9285189397 -11.1738401297
852 25270 -0.113091476481 1.5732389562e-05 -22.917055398 -11.1736133332
853 26408 -0.113202654321 1.60122366901e-05 -22.9066188763 -11.1614060302
854 26824 -0.113314929002 1.63963950745e-05 -22.8960940736 -11.1813664973
855 26205 -0.113431247343 1.62353752974e-05 -22.8852057413 -11.1609092111
856 26022 -0.113546827977 1.62842166531e-05 -22.8744020863 -11.1749846577
857 25712 -0.113663451809 1.55315966903e-05 -22.8635166716 -11.1504685526
858 27424 -0.113771158451 1.6040709616e-05 -22.8534775931 -11.1579667729
859 27775 -0.113881689266 1.68050008694e-05 -22.8431892543 -11.1945440271
860 26033 -0.114001299776 1.5831313281e-05 -22.8320716817 -11.1682773997
861 26933 -0.114112080243 1.67469088022e-05 -22.8217895713 -11.1703446036
862 25393 -0.114232770267 1.54920911594e-05 -22.8106037886 -11.1560439736
863 27193 -0.114340658721 1.64572225909e-05 -22.800618651 -11.1772341731
864 26402 -0.114456971956 1.6122401165e-05 -22.7898687493 -11.1522892304
865 26520 -0.114570665789 1.59047703668e-05 -22.7793759043 -11.1488222407
866 27233 -0.114681345737 1.62829352921e-05 -22.7691753958 -11.1653765215
867 26912 -0.114795330684 1.62619616901e-05 -22.7586848887 -11.1839918327
868 26652 -0.114909723952 1.56904262351e-05 -22.748171664 -11.1746310739
869 27971 -0.115017462242 1.66422873314e-05 -22.7382836475 -11.1844662711
870 26652 -0.115134529366 1.61083695261e-05 -22.7275543602 -11.136434684
871 26809 -0.115247509754 1.57053153561e-05 -22.717214323 -11.1778746111
872 28093 -0.11535511542 1.69223006866e-05 -22.7073795799 -11.1794007088
873 26020 -0.115475591296 1.55416288417e-05 -22.6963840261 -11.1792054688
874 27724 -0.115582782392 1.60968028247e-05 -22.6866146617 -11.1644664745
875 27920 -0.115693412454 1.68183344295e-05 -22.6765453901 -11.1918570564
876 26133 -0.115812887336 1.5522335497e-05 -22.6656864779 -11.157844261
877 27899 -0.115919608916 1.68031749623e-05 -22.6560001858 -11.1731318039
878 26154 -0.116038929309 1.5626888083e-05 -22.6451854381 -11.172939705
879 27626 -0.116146898895 1.69619819761e-05 -22.6354131432 -11.164542268
880 25484 -0.116268918816 1.54297693794e-05 -22.6243847444 -11.1509796483
881 27464 -0.116375841793 1.61298232633e-05 -22.614734407 -11.1472930928
882 27566 -0.116487409078 1.64682558951e-05 -22.6046783835 -11.1555884344
883 26734 -0.116603074847 1.62542032517e-05 -22.5942674595 -11.1572812916
884 26496 -0.116717748414 1.56724721232e-05 -22.5839603981 -11.1867318369
885 27858 -0.116825581339 1.63980895657e-05 -22.5742813816 -11.1306081914
886 27210 -0.116939742191 1.64519858749e-05 -22.5640482852 -11.131010033
887 26432 -0.117055951225 1.56765357002e-05 -22.5536462607 -11.1485258633
888 27779 -0.117163964914 1.58487258146e-05 -22.5439910541 -11.154008556
889 28689 -0.117271420362 1.62070041022e-05 -22.5343983825 -11.1530130827
890 28570 -0.117381532401 1.68633433159e-05 -22.5245816024 -11.1514657345
891 26620 -0.117500226904 1.58664821623e-05 -22.5140144358 -11.1652411539
892 27442 -0.117610218779 1.61144636505e-05 -22.5042356957 -11.1558956567
893 27586 -0.117721637625 1.58235718206e-05 -22.4943434495 -11.13721461
894 28562 -0.117829159733 1.65159688413e-05 -22.4848098945 -11.1277499079
895 27566 -0.117943396131 1.64021158342e-05 -22.4746946746 -11.1480652092
896 26914 -0.118058211647 1.5864912663e-05 -22.4645423332 -11.1306995346
897 27750 -0.118167581577 1.64234319066e-05 -22.4548846811 -11.1387875338
898 27035 -0.118282288451 1.60478552111e-05 -22.4447695455 -11.1617324176
899 27362 -0.118393701614 1.61578658463e-05 -22.4349583404 -11.1416204464
900 27385 -0.118505830411 1.5822474225e-05 -22.4250975042 -11.1422273693
901 28357 -0.118613732891 1.66358650551e-05 -22.4156209962 -11.1399664208
902 27038 -0.118729917818 1.58944851625e-05 -22.4054309379 -11.1552356413
903 27794 -0.118839404348 1.60463791627e-05 -22.3958414875 -11.1342633419
904 28134 -0.118949267405 1.6358204901e-05 -22.3862318318 -11.1351868726
905 27591 -0.11906236162 1.65679116248e-05 -22.3763528884 -11.1610636992
906 26489 -0.119179263768 1.60312822157e-05 -22.3661555127 -11.1502473122
907 26854 -0.119291608542 1.60739711477e-05 -22.3563692484 -11.1312101288
908 27106 -0.119403726967 1.55387576073e-05 -22.346615937 -11.1668716343
909 28890 -0.119508714082 1.69355324694e-05 -22.3374949513 -11.1517688771
910 26722 -0.119627689179 1.62399175618e-05 -22.3271726894 -11.1543731808
911 26523 -0.119742204668 1.62988827748e-05 -22.3172513239 -11.1253679363
912 26168 -0.119857911859 1.58612558165e-05 -22.3072406136 -11.1169657172
913 26991 -0.119968783642 1.58640072871e-05 -22.2976613353 -11.1359731525
914 27832 -0.120077986201 1.6125744148e-05 -22.2882387705 -11.1231258814
915 27946 -0.120188762493 1.652165121e-05 -22.2786930596 -11.1035341707
916 26956 -0.120304324079 1.54759043607e-05 -22.26874854 -11.1220022834
917 28914 -0.12040884248 1.6680270637e-05 -22.2597662186 -11.1275740099
918 27445 -0.120524469979 1.66328753898e-05 -22.2498423123 -11.1432392865
919 26176 -0.12064253043 1.5142201916e-05 -22.2397238 -11.1458923948
920 29047 -0.120744559973 1.6029789369e-05 -22.2309907763 -11.1108205485
921 29452 -0.120851825869 1.70791425435e-05 -22.2218210729 -11.1038354558
922 26848 -0.12097152762 1.58286603731e-05 -22.2116021916 -11.1502487071
923 27784 -0.121080580725 1.65044974965e-05 -22.2023051283 -11.1056396031
924 26847 -0.121196257743 1.59973537502e-05 -22.1924566176 -11.1390941478
925 27311 -0.12130742318 1.58490349886e-05 -22.1830050506 -11.1254665661
926 28205 -0.121415799208 1.64868536278e-05 -22.173802735 -11.1336850943
927 27302 -0.121530384369 1.57162102994e-05 -22.1640861516 -11.1415022918
928 28578 -0.121637147127 1.64585469862e-05 -22.1550448535 -11.1256752907
929 27743 -0.121750623617 1.58178077498e-05 -22.1454476232 -11.1023947472
930 28742 -0.121857770628 1.67148760006e-05 -22.1363976268 -11.1271987942
931 27186 -0.121974188217 1.61360925542e-05 -22.1265777059 -11.0974138634
932 27269 -0.122086403762 1.58260710845e-05 -22.1171251195 -11.1214876413
933 28227 -0.122194579843 1.63182928332e-05 -22.1080247553 -11.1175505069
934 27795 -0.122306984356 1.61323755183e-05 -22.0985810808 -11.1305735632
935 27891 -0.122417917259 1.61662612282e-05 -22.0892734197 -11.1058342102
936 27891 -0.122529082655 1.60453437762e-05 -22.0799585615 -11.1312720043
937 28235 -0.122638741665 1.63844783189e-05 -22.0707819783 -11.1069958621
938 27617 -0.122751965502 1.58487352233e-05 -22.0613196151 -11.1194088072
939 28521 -0.122859735769 1.61582107521e-05 -22.0523248266 -11.1060578418
940 28544 -0.122969566931 1.66388307149e-05 -22.0431698575 -11.1167718553
941 27208 -0.123085408709 1.56128053187e-05 -22.0335267867 -11.1207662207
942 28781 -0.123191095275 1.67128077489e-05 -22.0247406139 -11.0973325963
943 27229 -0.123307407371 1.58673076725e-05 -22.0150838018 -11.0806700429
944 28068 -0.123416172476 1.6505778066e-05 -22.0060656029 -11.113472123
945 27118 -0.123531279183 1.5765177561e-05 -21.9965342266 -11.1012606433
946 28245 -0.123639004943 1.5876826905e-05 -21.9876257736 -11.1044920853
947 29087 -0.12374591167 1.6409676595e-05 -21.9787962583 -11.106972038
948 28377 -0.123857779355 1.63740921361e-05 -21.969568945 -11.1085301274
949 27785 -0.123970588521 1.59696076413e-05 -21.9602763084 -11.1066388283
950 28345 -0.124079518367 1.6008481062e-05 -21.9513149622 -11.0742837794
951 28802 -0.124187842867 1.62760986495e-05 -21.942414826 -11.0574760106
952 28483 -0.124298594704 1.59565560353e-05 -21.9333269972 -11.0786292027
953 29096 -0.124406022434 1.64387476494e-05 -21.9245232527 -11.1112093639
954 28303 -0.124518236266 1.59339642015e-05 -21.9153391692 -11.0716128683
955 28978 -0.124625729124 1.64006422087e-05 -21.906552838 -11.1201507245
956 28297 -0.124737693995 1.62681299411e-05 -21.8974127742 -11.1060457078
957 28006 -0.124849329884 1.59754674607e-05 -21.8883115358 -11.0884551446
958 28553 -0.124957901191 1.57545649254e-05 -21.8794715841 -11.1016076558
959 29772 -0.125062757832 1.68277787791e-05 -21.8709447751 -11.1047789698
960 27840 -0.125178577418 1.58893124516e-05 -21.861538662 -11.0746734832
961 28634 -0.125286411969 1.58752553263e-05 -21.8527925221 -11.1159034408
