100 100000 0.95 reinforce cheb_reinforce 30000000

1 100 0 1.6744653289e-05 -56.6666666667 -11.7103176118
2 17063 -0.000147211191922 1.74208837461e-05 -56.5301332148 -12.1173372299
3 15025 -0.000310424774861 1.63782568656e-05 -56.3796250518 -12.1108379221
4 14705 -0.000465528618154 1.62244522049e-05 -56.2374329554 -12.1193175773
5 14619 -0.000619631834982 1.66770550122e-05 -56.0969596176 -12.1849484372
6 13881 -0.000782187409336 1.61656344558e-05 -55.949639822 -12.1413010948
7 13882 -0.000939752730292 1.59505668038e-05 -55.807676379 -12.2115587036
8 14189 -0.00109352858879 1.58160145569e-05 -55.6699118228 -12.1245792135
9 14703 -0.00124332178519 1.60320028443e-05 -55.536454289 -12.1644064407
10 14905 -0.00139412759929 1.63790675327e-05 -55.4028252914 -12.1837843053
11 14587 -0.00154986867112 1.64964731346e-05 -55.2655864209 -12.1647043464
12 14107 -0.00170937340669 1.54243256675e-05 -55.1258281859 -12.0929353766
13 15211 -0.00185299310258 1.64625745645e-05 -55.0006729636 -12.1257209624
14 14761 -0.00200860323871 1.61313419725e-05 -54.8657950089 -12.1304489927
15 14814 -0.00216081044951 1.62964904155e-05 -54.7345914 -12.1188049901
16 14620 -0.00231559195064 1.64555480515e-05 -54.6018977806 -12.1556218138
17 14197 -0.00247419186343 1.52672408051e-05 -54.4666869604 -12.1156955969
18 15555 -0.00261476941765 1.66110769153e-05 -54.3474755605 -12.0899154521
19 14869 -0.0027712107795 1.5703615188e-05 -54.2155072533 -12.1140177483
20 15584 -0.00291567158567 1.70642410964e-05 -54.0942911733 -12.0385488516
21 14228 -0.00307996167564 1.59149399762e-05 -53.9571840186 -12.1230442568
22 14596 -0.00323124310567 1.58681373957e-05 -53.8316310627 -12.1237099572
23 15045 -0.00337981255454 1.65329916901e-05 -53.7089748583 -12.0826632174
24 14496 -0.00353751009777 1.57326855559e-05 -53.5794774671 -12.1227477776
25 15149 -0.00368430516549 1.65733310607e-05 -53.4595709 -12.1507939279
26 14536 -0.00384216643387 1.65750188237e-05 -53.3313060933 -12.1426356075
27 13946 -0.00400335212959 1.61935208801e-05 -53.2010624432 -12.1129213951
28 13908 -0.00416104394496 1.55697713165e-05 -53.0743424655 -12.0422955864
29 14777 -0.00430813526904 1.5723829355e-05 -52.9567605076 -12.1187055846
30 15456 -0.00445338069908 1.65966052386e-05 -52.8412363975 -12.1173109624
31 14796 -0.00461007056228 1.66222001037e-05 -52.7172535271 -12.0872915069
32 14127 -0.00477067222614 1.6035320635e-05 -52.5908633987 -12.0921720626
33 14316 -0.00492457947991 1.65022902922e-05 -52.470389957 -12.1033480055
34 13836 -0.00508569112725 1.51950351126e-05 -52.3449514702 -12.086413733
35 15272 -0.00522689726556 1.59281541252e-05 -52.2355738478 -12.1029252576
36 15646 -0.00537313565567 1.69106330925e-05 -52.122848279 -12.0806071744
37 14509 -0.00553436390533 1.57462497334e-05 -51.9992117613 -12.0983886824
38 15141 -0.0056813209292 1.67360652412e-05 -51.88710268 -12.0985682778
39 14291 -0.0058420951686 1.60998819615e-05 -51.7650854784 -12.111240275
40 14388 -0.0059962370717 1.54893126018e-05 -51.6487176995 -12.0594092077
41 15412 -0.00613951935619 1.66445074702e-05 -51.5410848783 -12.0615411456
42 14682 -0.00629726822532 1.65871936073e-05 -51.4231782846 -12.1033707783
43 14068 -0.00645786739 1.59704920009e-05 -51.3037753371 -12.1155079804
44 14350 -0.00661096889432 1.50107398557e-05 -51.1905377806 -12.0854675702
45 16139 -0.0067466612829 1.71968695494e-05 -51.0906550725 -12.1004409157
46 14538 -0.00691045380607 1.54981904163e-05 -50.9706826638 -12.0688775756
47 15559 -0.00705314109516 1.66555131064e-05 -50.8666954653 -12.0718001466
48 14806 -0.00721033448295 1.62333963862e-05 -50.752699641 -12.1033150048
49 14706 -0.00736406558711 1.63495174511e-05 -50.6417813948 -12.0899943539
50 14435 -0.00752033961296 1.58349392782e-05 -50.529598474 -12.1224950385
51 14929 -0.00766917162041 1.60776130668e-05 -50.4232882506 -12.0555521482
52 15064 -0.0078196051942 1.55043342822e-05 -50.3163559787 -12.0767220389
53 16112 -0.00795987857835 1.69755067317e-05 -50.2171152717 -12.0465663354
54 14843 -0.00811989289698 1.56692119449e-05 -50.1044573657 -12.0562355397
55 15611 -0.00826391143712 1.62690140117e-05 -50.0035581059 -12.0475600057
56 15449 -0.00841422623922 1.61377021485e-05 -49.8987460555 -12.0590546179
57 15494 -0.00856311238285 1.59339870818e-05 -49.7954284278 -12.0787228024
58 15864 -0.00870839551654 1.64987515651e-05 -49.695085689 -12.0203153242
59 15338 -0.00886138457493 1.56366888339e-05 -49.5899238701 -12.0679508533
60 16186 -0.00900253257869 1.7393994263e-05 -49.4933559753 -12.022516566
61 14292 -0.00916962296333 1.55328629872e-05 -49.3795991752 -12.0490900482
62 15242 -0.00931410946613 1.6373310198e-05 -49.2817171852 -12.0486461061
63 14925 -0.00946802012093 1.61064895622e-05 -49.1779428595 -12.0143657771
64 15016 -0.00961896510173 1.57215023258e-05 -49.0766576582 -12.0445283177
65 15710 -0.00976301165211 1.62997886058e-05 -48.9804502082 -12.0251272557
66 15499 -0.00991337004318 1.61532069884e-05 -48.8804914706 -12.0384642634
67 15520 -0.0100622757513 1.70920603036e-05 -48.781962692 -12.0671559554
68 14130 -0.010227405268 1.53047088239e-05 -48.6732351487 -12.0437431117
69 15423 -0.0103689311776 1.6184632501e-05 -48.5804947826 -12.1302909194
70 15394 -0.010518732371 1.6074678525e-05 -48.4827766948 -12.0223057407
71 15538 -0.0106668273857 1.63825904872e-05 -48.3866183585 -12.0262364369
72 15201 -0.0108194231865 1.61921884281e-05 -48.2879991069 -12.0286379605
73 15161 -0.0109704426105 1.60169003159e-05 -48.1908565583 -12.044480555
74 15393 -0.0111186995173 1.64496150864e-05 -48.0959310412 -12.009501134
75 14957 -0.0112731636795 1.56181664212e-05 -47.9974916978 -12.0466720733
76 15813 -0.0114157944687 1.65539422399e-05 -47.907008228 -12.0875619721
77 15203 -0.0115699734493 1.62602098869e-05 -47.8096432789 -12.0448067962
78 15059 -0.0117221414832 1.65119668263e-05 -47.7139980379 -12.0124181079
79 14540 -0.0118793975368 1.52902806776e-05 -47.6156209138 -11.9945084069
80 15894 -0.0120186799545 1.60308643411e-05 -47.5288808663 -12.024295029
81 16114 -0.0121637068407 1.7269278342e-05 -47.4389531189 -12.0052035013
82 14409 -0.0123289217508 1.57190894939e-05 -47.3369884751 -12.013712431
83 15078 -0.0124759304979 1.59416613919e-05 -47.2466879815 -12.0230148321
84 15426 -0.0126233325156 1.64047877832e-05 -47.1565477641 -12.0051712588
85 15057 -0.0127768615019 1.58062494743e-05 -47.063085695 -12.0484068665
86 15618 -0.0129221111684 1.6229825256e-05 -46.9750602341 -12.0422909281
87 15518 -0.0130717325585 1.63169105325e-05 -46.8847857871 -11.9998550931
88 15283 -0.0132233087522 1.63210342329e-05 -46.7937434949 -12.0353221873
89 15045 -0.0133761164171 1.56195574478e-05 -46.7023780382 -12.0098617956
90 15904 -0.0135183521839 1.67803822296e-05 -46.6177069495 -12.0136935114
91 14944 -0.0136759915179 1.58418825589e-05 -46.5242840227 -12.0163112604
92 15444 -0.0138223826691 1.63498669599e-05 -46.4379178772 -11.994396011
93 15159 -0.0139748831337 1.52864340869e-05 -46.3483448629 -11.9986743945
94 16577 -0.0141112311816 1.69122122164e-05 -46.2686003751 -12.0326397474
95 15369 -0.0142678937144 1.57828440542e-05 -46.1773698635 -12.0233100324
96 15979 -0.0144112780508 1.59836040288e-05 -46.0942396862 -12.0000415546
97 16278 -0.0145551467499 1.72397949496e-05 -46.0111798442 -12.0102622326
98 14599 -0.0147190016215 1.54417507496e-05 -45.9170069976 -12.0507983607
99 15714 -0.0148604653354 1.63074388786e-05 -45.8360653145 -12.0232780699
100 15491 -0.0150109335235 1.60485544831e-05 -45.750337471 -12.0211858793
101 15677 -0.0151581289443 1.61228659373e-05 -45.6668369655 -12.0128815972
102 15746 -0.0153056814544 1.58214011791e-05 -45.5834916102 -11.9601135701
103 16307 -0.0154479633218 1.69834331721e-05 -45.5034604482 -12.0345356679
104 15010 -0.015607156238 1.57693479159e-05 -45.4143068453 -12.0215275309
105 15627 -0.0157520217205 1.61421307097e-05 -45.333532524 -12.0487279902
106 15665 -0.0159001313897 1.56637408544e-05 -45.251297174 -12.0276956995
107 16485 -0.0160402325213 1.73295496981e-05 -45.1738301373 -11.9810319292
108 14651 -0.0162046493106 1.53893551954e-05 -45.0833144243 -12.0236794851
109 15854 -0.0163450080133 1.61704257737e-05 -45.0063798063 -11.976783512
110 15847 -0.0164925229042 1.63466080034e-05 -44.9258545745 -11.9711616532
111 15560 -0.016643016902 1.54959141959e-05 -44.8440514613 -12.0045770163
112 16656 -0.0167809024551 1.67100078127e-05 -44.769408797 -12.0117214308
113 15762 -0.0169337498581 1.58313920441e-05 -44.6870076237 -11.9474643871
114 16307 -0.0170761215144 1.64779475908e-05 -44.6105744829 -11.9831055107
115 15800 -0.0172266690382 1.64771626409e-05 -44.530086217 -11.9728974347
116 15310 -0.0173795995476 1.63113598654e-05 -44.4486733925 -11.9301021592
117 15086 -0.0175321070639 1.5365628177e-05 -44.3678342741 -11.9757905705
118 16365 -0.0176700474886 1.66043134345e-05 -44.2950145948 -11.9994786824
119 15654 -0.0178224537527 1.59730438259e-05 -44.2148853155 -12.0065132554
120 15964 -0.017967634363 1.54394785239e-05 -44.1388723525 -11.9920148813
121 17187 -0.0181028794968 1.69373649252e-05 -44.0683382711 -11.9762619693
122 15894 -0.0182571621584 1.574204976e-05 -43.988199778 -11.9911185241
123 16594 -0.0183975029652 1.58944195892e-05 -43.9156013546 -11.9370850232
124 17058 -0.0185372585569 1.70990970317e-05 -43.8435863856 -11.9299176589
125 15519 -0.0186948890195 1.57783771699e-05 -43.7626947849 -11.9804589483
126 16142 -0.0188375059813 1.61579147396e-05 -43.6898110901 -11.9228323782
127 16156 -0.0189834931891 1.66622629854e-05 -43.6155017435 -12.010368833
128 15363 -0.0191378702466 1.54795831398e-05 -43.5372464134 -11.9864597343
129 16473 -0.0192763757203 1.66441589011e-05 -43.4673187913 -12.0064741836
130 15694 -0.0194289539728 1.59825933745e-05 -43.3905933413 -11.9901118722
131 15989 -0.0195741064825 1.57460003152e-05 -43.3178990861 -11.9314248759
132 16686 -0.0197140929503 1.664725631e-05 -43.2480648219 -11.9823153116
133 15892 -0.0198657462518 1.593550566e-05 -43.1727108461 -11.9613378207
134 16269 -0.0200092233441 1.62425641174e-05 -43.1017054622 -11.9484875953
135 16144 -0.0201560305442 1.65139208738e-05 -43.0293381324 -11.9419309119
136 15585 -0.0203079433145 1.61713634017e-05 -42.9547568899 -11.9701370582
137 15577 -0.0204567415314 1.62168543083e-05 -42.8820015402 -11.95500332
138 15497 -0.0206063414955 1.5647508423e-05 -42.8091485031 -11.9556670083
139 16335 -0.0207469379883 1.65740809513e-05 -42.7409474623 -11.9397244408
140 15673 -0.0208989731925 1.57979391851e-05 -42.6674875917 -11.9583805026
141 16270 -0.021041204958 1.68593319393e-05 -42.5990356594 -11.9501406623
142 15166 -0.0211984222586 1.52732045259e-05 -42.5236747956 -11.9598756571
143 16607 -0.021334529177 1.66749225985e-05 -42.4586886287 -11.9304964218
144 15772 -0.0214870090874 1.59015495014e-05 -42.3861650103 -11.9253496022
145 16202 -0.0216304765259 1.60558959811e-05 -42.3181966608 -11.9718617024
146 16385 -0.0217745254933 1.57917336661e-05 -42.2502133838 -11.9214106785
147 17020 -0.021913534178 1.69649157754e-05 -42.1848550148 -11.9403464941
148 15696 -0.0220690410723 1.65293472478e-05 -42.1120244878 -11.9297667816
149 15129 -0.0222233711372 1.57328665452e-05 -42.0400408066 -11.9278463994
150 15810 -0.022367065401 1.60984108148e-05 -41.9732811905 -11.9068737028
151 15919 -0.0225135911615 1.54318039663e-05 -41.9054659593 -11.9573311716
152 17152 -0.022648907163 1.62166019117e-05 -41.8430706235 -11.9289677881
153 17065 -0.0227914691354 1.66053411952e-05 -41.7775735398 -11.9102851636
154 16322 -0.0229407338601 1.6791427514e-05 -41.7092588295 -11.9451584902
155 15319 -0.0230965311829 1.60166744225e-05 -41.6382383204 -11.9142447151
156 15553 -0.0232440177768 1.60021992697e-05 -41.5712719995 -11.8857964185
157 15814 -0.0233901509831 1.58513443542e-05 -41.5051736049 -11.9131254181
158 16328 -0.0235326117818 1.61389514222e-05 -41.4409777587 -11.9260048247
159 16373 -0.0236774553181 1.59280524919e-05 -41.3759512396 -11.9341357661
160 16774 -0.023818689628 1.68764836805e-05 -41.312779732 -11.90431811
161 15608 -0.0239738193177 1.57636527803e-05 -41.2436585983 -11.9438930326
162 16259 -0.024115790148 1.64683830964e-05 -41.1806428952 -11.8946828687
163 15768 -0.024266399162 1.60431407387e-05 -41.1140446367 -11.9408354125
164 15966 -0.0244122066635 1.54826288215e-05 -41.0498149895 -11.9273178046
165 17114 -0.0245481192244 1.64536844103e-05 -40.9901603857 -11.8948709067
166 16622 -0.0246946775988 1.63069350849e-05 -40.9260656441 -11.9299225359
167 16387 -0.0248409700485 1.60190107202e-05 -40.8623265118 -11.901960047
168 16634 -0.02498360727 1.61634710023e-05 -40.800408891 -11.912324398
169 16639 -0.0251275092836 1.6601844605e-05 -40.7381700433 -11.9282707225
170 15920 -0.0252786140898 1.63078557522e-05 -40.6730608494 -11.921316069
171 15693 -0.025428112584 1.5857664563e-05 -40.608889332 -11.9235090145
172 16192 -0.0255712244902 1.59980549121e-05 -40.5476867504 -11.9244056863
173 16471 -0.0257143779677 1.60866794652e-05 -40.4866878297 -11.8732984611
174 16605 -0.0258577435155 1.66191973317e-05 -40.4258193152 -11.8919020975
175 15860 -0.0260092943008 1.62672977615e-05 -40.3617145079 -11.8985828926
176 15698 -0.0261583957605 1.5230164725e-05 -40.2988840336 -11.8920625853
177 17265 -0.0262915075198 1.66658247259e-05 -40.2429901338 -11.8825318844
178 16412 -0.0264409030577 1.62486033032e-05 -40.1804805841 -11.9001399507
179 16276 -0.0265871684302 1.60923545127e-05 -40.1195069481 -11.911130445
180 16399 -0.0267314826727 1.61731053382e-05 -40.0595648336 -11.8929148465
181 16388 -0.0268765693743 1.65991786216e-05 -39.9995191293 -11.8989753052
182 15684 -0.0270287819271 1.51870735351e-05 -39.9367571883 -11.9068227052
183 17325 -0.0271612852427 1.68416052677e-05 -39.8823150887 -11.876778645
184 16178 -0.0273133436457 1.64082212184e-05 -39.8200586278 -11.9184275069
185 15786 -0.0274633194264 1.49576189619e-05 -39.7588842457 -11.8799770847
186 17851 -0.0275918864519 1.72490259297e-05 -39.7066227934 -11.8395869621
187 15995 -0.027748512598 1.58391930229e-05 -39.643179364 -11.8471103573
188 16535 -0.0278899691531 1.64398324103e-05 -39.5860907584 -11.8657604021
189 16083 -0.0280388413112 1.56066231935e-05 -39.5262236654 -11.8883105764
190 17024 -0.0281762063148 1.56810509793e-05 -39.4711779487 -11.8695885669
191 17884 -0.0283108660382 1.69244980778e-05 -39.4173960443 -11.925492656
192 16561 -0.0284618989442 1.61614613834e-05 -39.3572854701 -11.8510605636
193 16569 -0.0286060851324 1.62619825544e-05 -39.3001065777 -11.8786069816
194 16409 -0.0287518746579 1.53304044759e-05 -39.2424960667 -11.8529736518
195 17864 -0.0288835979103 1.65288360823e-05 -39.1906196916 -11.8878481678
196 17219 -0.0290282520921 1.64499460171e-05 -39.1338419049 -11.879287328
197 16731 -0.0291743020477 1.63416031216e-05 -39.076718244 -11.8396938582
198 16436 -0.0293206843366 1.56993243021e-05 -39.0196671728 -11.9397970858
199 17234 -0.0294580187837 1.60356911646e-05 -38.9663258498 -11.9126481823
200 17464 -0.0295973695045 1.64081979072e-05 -38.9123819996 -11.8725233208
201 17041 -0.0297417174327 1.6022105989e-05 -38.8566945464 -11.847800574
202 17292 -0.0298816398165 1.63573444193e-05 -38.8028988525 -11.8533968289
203 16960 -0.0300258818106 1.62365459085e-05 -38.7476315065 -11.8186351934
204 16840 -0.0301695700861 1.57487820157e-05 -38.6927662236 -11.8043231625
205 17569 -0.03030601701 1.65018608502e-05 -38.6408405135 -11.8787457699
206 16981 -0.0304514434938 1.6613969176e-05 -38.5856838456 -11.8657786545
207 16227 -0.030601220192 1.57002908614e-05 -38.5290771378 -11.8831181
208 17013 -0.0307394515252 1.63600836686e-05 -38.4770129583 -11.8612681576
209 16682 -0.030884915997 1.6082111176e-05 -38.4224091183 -11.8257425557
210 16825 -0.0310272985236 1.63276277667e-05 -38.3691446477 -11.8291219122
211 16552 -0.031173043152 1.65524289365e-05 -38.3148084566 -11.8563770595
212 15916 -0.031323715669 1.49044982291e-05 -38.2588318901 -11.8536387866
213 18095 -0.0314509566623 1.70233750122e-05 -38.2117154752 -11.8275926034
214 16589 -0.0316027423342 1.55243524304e-05 -38.1556951394 -11.8341075132
215 17707 -0.0317367216454 1.70230634837e-05 -38.1064129429 -11.8721547301
216 16234 -0.0318901560573 1.57232802239e-05 -38.0501650058 -11.8051529272
217 16981 -0.0320287216996 1.60758025988e-05 -37.9995417849 -11.8731338807
218 17138 -0.032169744616 1.68994154954e-05 -37.9481894729 -11.8537629793
219 15910 -0.0323236052944 1.56675039356e-05 -37.8923554857 -11.8240632811
220 16737 -0.032462683514 1.60944996728e-05 -37.8420583722 -11.8231110876
221 16859 -0.0326050308656 1.63951220994e-05 -37.7907477704 -11.8374849665
222 16472 -0.0327517316071 1.57911634829e-05 -37.7380457169 -11.8860484447
223 17111 -0.0328903636846 1.60133361369e-05 -37.6884073421 -11.8125143789
224 17379 -0.0330298610306 1.62677929859e-05 -37.6386202211 -11.8143530018
225 17201 -0.0331723053799 1.60209107017e-05 -37.5879472282 -11.7885864303
226 17457 -0.0333115566413 1.66509346811e-05 -37.5385714236 -11.8345570124
227 16620 -0.0334598836076 1.5889758755e-05 -37.4861520704 -11.8505389706
228 17093 -0.0335994558574 1.65264432453e-05 -37.4369902727 -11.8642888049
229 16480 -0.0337472971117 1.58034685715e-05 -37.3850880135 -11.8320193139
230 17098 -0.0338860902545 1.62474394311e-05 -37.3365226435 -11.8339922617
231 16958 -0.034029372662 1.60943133158e-05 -37.2865485778 -11.7948121945
232 17082 -0.0341707864476 1.64106957568e-05 -37.237386999 -11.8345617469
233 16664 -0.034316780168 1.63060536279e-05 -37.1867999553 -11.8484988048
234 16429 -0.034462873714 1.59647799571e-05 -37.1363470423 -11.7773119696
235 16768 -0.0346044559563 1.57194645811e-05 -37.0876123467 -11.7890102163
236 17546 -0.0347407378324 1.58553277183e-05 -37.0408503978 -11.8093595417
237 18109 -0.0348760460431 1.66415996574e-05 -36.9945657705 -11.8322440651
238 17257 -0.0350215278295 1.60918669879e-05 -36.9449595593 -11.8192716246
239 17388 -0.0351616724667 1.6423331314e-05 -36.8973277588 -11.851837046
240 16940 -0.0353065800947 1.58739859362e-05 -36.8482358516 -11.8231344864
241 17450 -0.0354445799885 1.70460976379e-05 -36.8016334592 -11.7840770525
242 15961 -0.0355995300602 1.56189701462e-05 -36.7494797635 -11.7814595994
243 16873 -0.0357376147638 1.59865280352e-05 -36.7031559327 -11.8173244553
244 17184 -0.035877666618 1.6116805571e-05 -36.6563189986 -11.8302356101
245 17271 -0.0360185043823 1.7100794515e-05 -36.6093676532 -11.7878694787
246 15710 -0.0361751888462 1.53253357664e-05 -36.5573075107 -11.7957435151
247 17111 -0.0363097314327 1.60728551925e-05 -36.5127498414 -11.7630596133
248 17274 -0.0364501708553 1.61302109794e-05 -36.4663820744 -11.7864652232
249 17337 -0.0365908537472 1.60534088333e-05 -36.4200795053 -11.7703978214
250 17537 -0.0367300685417 1.63632765701e-05 -36.3744028988 -11.8523746256
251 17190 -0.0368733944847 1.61851035836e-05 -36.3275251036 -11.7765174119
252 17157 -0.0370152952652 1.60112787804e-05 -36.2812603584 -11.8075727254
253 17429 -0.0371545730381 1.60198836514e-05 -36.2359923045 -11.7832235515
254 17690 -0.0372928944043 1.61868093183e-05 -36.1911732015 -11.7903621538
255 17653 -0.037432802278 1.57055580645e-05 -36.1459793983 -11.7873276761
256 18498 -0.037565412882 1.69669398189e-05 -36.1032716015 -11.801806218
257 17056 -0.0377146110186 1.55777667553e-05 -36.0553708869 -11.8105335485
258 18107 -0.0378475585511 1.66414073372e-05 -36.0128199777 -11.7694629525
259 17255 -0.0379930452722 1.64377385845e-05 -35.9663982036 -11.7857302516
260 16786 -0.0381387443072 1.56309306694e-05 -35.9200571397 -11.8184591024
261 17724 -0.0382735780063 1.62632972986e-05 -35.8773036546 -11.7738994222
262 17550 -0.0384145580608 1.59825159957e-05 -35.8327360837 -11.7657329932
263 17880 -0.0385518196443 1.67788322368e-05 -35.7894758501 -11.7675644997
264 16803 -0.0387004678876 1.57363889923e-05 -35.7427729491 -11.7785424592
265 17553 -0.0388368715619 1.59526107816e-05 -35.7000500835 -11.7602627512
266 17938 -0.0389736567956 1.67461702155e-05 -35.6573349406 -11.8484184531
267 16914 -0.0391215306241 1.64453026559e-05 -35.6112997359 -11.7730036188
268 16442 -0.0392688152341 1.50802558629e-05 -35.5655946272 -11.8104832265
269 18361 -0.0393966206788 1.64554679119e-05 -35.5260523374 -11.7850871879
270 17830 -0.0395381428834 1.65211687982e-05 -35.4823936007 -11.8015158339
271 17200 -0.0396828115064 1.60479667318e-05 -35.4379020345 -11.7788400869
272 17408 -0.0398224936666 1.53933435401e-05 -35.3950756275 -11.7411661836
273 18830 -0.0399513183841 1.66705635534e-05 -35.35569222 -11.7604546836
274 17891 -0.0400944460382 1.62684526705e-05 -35.3120640721 -11.7903829117
275 17707 -0.040234847766 1.6546875853e-05 -35.2693970283 -11.7574426154
276 17036 -0.0403804334922 1.58485370558e-05 -35.2252901529 -11.7270058891
277 17594 -0.0405176459654 1.61795224612e-05 -35.1838458126 -11.7993450328
278 17570 -0.0406578200323 1.58326043092e-05 -35.1416323931 -11.7287126471
279 18175 -0.0407926862909 1.65968197328e-05 -35.1011365842 -11.7793119608
280 17398 -0.0409371845389 1.57221292103e-05 -35.0578777222 -11.8042807588
281 18201 -0.041071017004 1.60984308733e-05 -35.0179305271 -11.7988871737
282 18327 -0.0412075800759 1.66114536064e-05 -34.9772853607 -11.7691911336
283 17518 -0.0413517116227 1.55270072763e-05 -34.9345153111 -11.7696403022
284 18693 -0.0414821299027 1.66203208817e-05 -34.8959271288 -11.7324075651
285 17852 -0.041624983843 1.64024061784e-05 -34.8537816537 -11.7584325373
286 17429 -0.0417676622008 1.63944907185e-05 -34.8118149238 -11.761930553
287 17030 -0.0419119339672 1.54533505946e-05 -34.769507938 -11.7882128412
288 18309 -0.0420430879945 1.60473768075e-05 -34.7311592342 -11.7367282354
289 18531 -0.0421784646829 1.62938312958e-05 -34.6916868149 -11.7371898266
290 18293 -0.0423168137872 1.61364323438e-05 -34.6514636904 -11.7486290866
291 18348 -0.0424536181178 1.63310976389e-05 -34.6118044773 -11.7960243768
292 18044 -0.0425932370913 1.63613776295e-05 -34.5714464939 -11.7468476525
293 17690 -0.0427345051 1.55105499519e-05 -34.5307318101 -11.7275050894
294 18908 -0.0428640418047 1.59442432234e-05 -34.4935037982 -11.7185795349
295 19339 -0.0429957096581 1.70615803983e-05 -34.4557664181 -11.7248049768
296 17661 -0.0431431470187 1.5811455217e-05 -34.4136321864 -11.718105231
297 18309 -0.0432773414699 1.65114307789e-05 -34.3753948283 -11.7045367575
298 17679 -0.0434199505651 1.62564036312e-05 -34.3348766424 -11.6977720695
299 17518 -0.0435610007649 1.61498536534e-05 -34.2949192898 -11.7348865695
300 17547 -0.0437010100592 1.60908506429e-05 -34.2553722835 -11.722928641
301 17682 -0.0438399758381 1.5568526709e-05 -34.216233304 -11.717661831
302 18789 -0.0439704100475 1.65038370059e-05 -34.1795994396 -11.7250834142
303 18157 -0.0441110668405 1.55844364211e-05 -34.1402049375 -11.7642020116
304 19262 -0.044240019402 1.6666946287e-05 -34.1041888313 -11.7288941451
305 18308 -0.0443814763047 1.67202600716e-05 -34.0647902199 -11.7320849867
306 17308 -0.0445274299794 1.59102881758e-05 -34.0242592069 -11.7409549125
307 17764 -0.0446645196004 1.60145755312e-05 -33.9863002819 -11.7305201763
308 18040 -0.0448014482076 1.59318002439e-05 -33.9484923955 -11.6987315708
309 18474 -0.0449360562113 1.66038068587e-05 -33.9114285355 -11.7412740872
310 17672 -0.0450794914795 1.62642838395e-05 -33.872046332 -11.6881714309
311 17497 -0.0452206944294 1.61448502536e-05 -33.833389654 -11.7247273943
312 17535 -0.0453607087671 1.59242117777e-05 -33.7951682287 -11.7299601957
313 17971 -0.0454971237399 1.60141114576e-05 -33.7580341289 -11.7367391303
314 18251 -0.0456332543014 1.65488462582e-05 -33.7210800996 -11.7439779894
315 17556 -0.045776685311 1.56397422908e-05 -33.6822547661 -11.7070709258
316 18520 -0.0459086623903 1.6378646939e-05 -33.646629629 -11.6911015071
317 18125 -0.0460483726316 1.60309189539e-05 -33.6090207648 -11.7178520369
318 18376 -0.0461841817101 1.59691768624e-05 -33.5725638912 -11.7083246842
319 18747 -0.046318120197 1.65023693262e-05 -33.5367070852 -11.6977522585
320 18119 -0.0464589114629 1.62197433996e-05 -33.4991201205 -11.7126033964
321 18021 -0.0465976660348 1.56974981313e-05 -33.4621811602 -11.7106123331
322 18900 -0.0467287945939 1.6707885116e-05 -33.4273671269 -11.7114072665
323 17890 -0.0468722479183 1.58043629398e-05 -33.3893859483 -11.7630342844
324 18560 -0.0470054729243 1.5907073527e-05 -33.3542107372 -11.7292688274
325 19055 -0.0471378096522 1.6368084658e-05 -33.3193630048 -11.6917711093
326 18669 -0.047275382102 1.65995160785e-05 -33.2832343861 -11.71736737
327 17866 -0.0474179984063 1.61543455428e-05 -33.245886012 -11.6977646841
328 17888 -0.0475567075908 1.66487929414e-05 -33.2096627923 -11.6705482831
329 17034 -0.0477032019867 1.56911780364e-05 -33.1715152088 -11.6843698337
330 17876 -0.0478379784511 1.59886009525e-05 -33.1365172355 -11.6936708637
331 18201 -0.0479740764846 1.62534521363e-05 -33.1012712167 -11.7114841735
332 18041 -0.0481130432827 1.62587977856e-05 -33.0653805037 -11.68401362
333 17872 -0.0482527087209 1.60531695305e-05 -33.0294089682 -11.6876064165
334 18078 -0.0483898202705 1.6299680245e-05 -32.9941919473 -11.6944963036
335 17835 -0.0485299838879 1.59123232278e-05 -32.9582896816 -11.667162803
336 18301 -0.0486650641457 1.59506163717e-05 -32.9237835182 -11.689023891
337 18706 -0.04879899456 1.57817251791e-05 -32.889661831 -11.688144226
338 19451 -0.0489289452472 1.61654834063e-05 -32.8566401055 -11.6879367023
339 19453 -0.0490620497239 1.61570828086e-05 -32.8229044857 -11.658396673
340 19471 -0.0491950215055 1.65220845323e-05 -32.7892905898 -11.690194755
341 18781 -0.0493334737899 1.67952482517e-05 -32.7543844799 -11.68847006
342 17620 -0.0494787753349 1.55901520379e-05 -32.7178534016 -11.6755222639
343 18682 -0.0496097642342 1.59606492204e-05 -32.6850097854 -11.6753330692
344 19076 -0.0497424728792 1.62169163365e-05 -32.6518207252 -11.7020697055
345 18978 -0.0498776592067 1.58614585065e-05 -32.6181004316 -11.6977654062
346 19574 -0.0500078532441 1.67587960896e-05 -32.5857094162 -11.7067976289
347 18432 -0.0501496100056 1.62073745607e-05 -32.5505350915 -11.7015217588
348 18355 -0.0502869902758 1.59631059827e-05 -32.516539241 -11.6883458098
349 18737 -0.0504209131346 1.59677934919e-05 -32.4834862772 -11.6668748096
350 19118 -0.0505535342663 1.67269300643e-05 -32.4508392165 -11.6871170783
351 18061 -0.0506964678557 1.60600258174e-05 -32.4157474852 -11.6848091287
352 18257 -0.0508329658543 1.58701950574e-05 -32.3823263615 -11.6371996003
353 18814 -0.0509658378389 1.5929408026e-05 -32.3498777417 -11.6867588802
354 19272 -0.051097612109 1.71577306622e-05 -32.3177793928 -11.7249040813
355 17429 -0.051246863365 1.57006690449e-05 -32.2815223714 -11.6510201622
356 18273 -0.0513802487313 1.56757824852e-05 -32.2492077513 -11.6736768409
357 19206 -0.0515101464113 1.64106719384e-05 -32.2178177425 -11.6726388845
358 18736 -0.0516478305517 1.66417558379e-05 -32.184631617 -11.6717534303
359 17854 -0.051790859826 1.59607516425e-05 -32.1502499616 -11.6675853935
360 18230 -0.051926612433 1.56542643778e-05 -32.1177046264 -11.7026064124
361 19203 -0.0520563427693 1.60150826238e-05 -32.0866820682 -11.6717534455
362 19500 -0.0521880485876 1.59192553565e-05 -32.055265794 -11.6699739828
363 19995 -0.0523173350761 1.7033984717e-05 -32.0245034352 -11.6618831847
364 18311 -0.052461896851 1.67962561225e-05 -31.9901962718 -11.6252684312
365 17178 -0.0526090677028 1.51697507346e-05 -31.955366922 -11.6588594175
366 19009 -0.0527354220172 1.59453833323e-05 -31.9255417724 -11.6767122034
367 19440 -0.0528667566024 1.63174760112e-05 -31.8946169312 -11.6360129142
368 19144 -0.0530021907713 1.6365334097e-05 -31.8628074754 -11.6574373194
369 18761 -0.0531394008577 1.57889413714e-05 -31.8306641521 -11.6664366758
370 19494 -0.0532692678468 1.67121699064e-05 -31.8003179387 -11.6626860376
371 18444 -0.0534105856002 1.58341052855e-05 -31.7673806419 -11.673640238
372 19077 -0.0535422401611 1.63495241365e-05 -31.7367746401 -11.6658780768
373 18726 -0.0536794481397 1.61573364184e-05 -31.7049584797 -11.6672717481
374 18743 -0.0538149803986 1.62989331826e-05 -31.6736116063 -11.6338960468
375 18492 -0.0539526235394 1.61432476005e-05 -31.6418583059 -11.6434711544
376 18535 -0.0540887943226 1.63365357752e-05 -31.6105254685 -11.633899899
377 18218 -0.0542277917892 1.55734586994e-05 -31.5786247827 -11.6561768365
378 19349 -0.0543563658313 1.63427490346e-05 -31.5491903236 -11.6516430413
379 19006 -0.054492502749 1.59467648805e-05 -31.5181017155 -11.6558640174
380 19434 -0.0546238682922 1.68866045625e-05 -31.4881777372 -11.644801538
381 18065 -0.0547681513321 1.59299136248e-05 -31.455395852 -11.6154201546
382 18504 -0.0549026373512 1.55853762839e-05 -31.4249193431 -11.6618762481
383 19628 -0.0550303888926 1.657094404e-05 -31.3960396888 -11.642419509
384 18839 -0.0551690371563 1.6424017756e-05 -31.3647743972 -11.6424730044
385 18353 -0.0553082631765 1.53421628576e-05 -31.3334598914 -11.66062233
386 19956 -0.0554329851018 1.62530702452e-05 -31.3054763563 -11.6353445475
387 19781 -0.0555656949984 1.5955251321e-05 -31.275771651 -11.6168777243
388 20209 -0.0556945854864 1.6838189755e-05 -31.2469917471 -11.6492278097
389 18878 -0.0558353234846 1.63389885061e-05 -31.2156447929 -11.6424994101
390 18550 -0.0559730902341 1.55759341077e-05 -31.1850385861 -11.6310029001
391 19696 -0.05610054479 1.62071472019e-05 -31.1567926358 -11.6163440035
392 19614 -0.0562334403519 1.60126749698e-05 -31.1274115514 -11.6430139549
393 19922 -0.0563637234415 1.68888099838e-05 -31.0986778379 -11.6202229096
394 18515 -0.0565062629229 1.55450070605e-05 -31.0673198672 -11.6280377019
395 19721 -0.0566333845602 1.66971847548e-05 -31.039423017 -11.6318898858
396 18687 -0.0567736540661 1.58110667936e-05 -31.0087163798 -11.6058962659
397 19373 -0.0569041067968 1.60546739476e-05 -30.9802295985 -11.5957395354
398 19594 -0.0570358220388 1.65115885506e-05 -30.9515361479 -11.6622431129
399 18920 -0.0571736780184 1.60997163739e-05 -30.9215789857 -11.5842655804
400 19048 -0.0573076405494 1.58632283157e-05 -30.8925401613 -11.6391841081
401 19643 -0.057437621321 1.63183287588e-05 -30.8644322932 -11.6349440861
402 19342 -0.057572366721 1.67138265865e-05 -30.8353643725 -11.6605858671
403 18297 -0.0577142646428 1.54915782368e-05 -30.804830538 -11.6038602134
404 19595 -0.0578413560895 1.61144184874e-05 -30.7775496556 -11.640491452
405 19698 -0.0579732095971 1.57723030419e-05 -30.7493131165 -11.5944036649
406 20502 -0.0580997096669 1.69955174786e-05 -30.7222865004 -11.5865898003
407 18849 -0.0582418729816 1.61855393e-05 -30.6919873699 -11.6068621976
408 18812 -0.0583773918782 1.55083774302e-05 -30.6631769294 -11.6088443524
409 20112 -0.0585029747663 1.63332904358e-05 -30.6365418289 -11.6140637439
410 19774 -0.0586363630807 1.66383048103e-05 -30.6083174086 -11.6329566865
411 18850 -0.0587755345022 1.5616517194e-05 -30.5789416866 -11.6104033563
412 19932 -0.0589025619549 1.61861300527e-05 -30.5521935575 -11.6432811065
413 19892 -0.0590343565019 1.65839442222e-05 -30.5245062537 -11.6244729296
414 19067 -0.0591722805641 1.59633836352e-05 -30.4956015035 -11.6150522983
415 19464 -0.059303683297 1.52932863188e-05 -30.4681300119 -11.6054207516
416 21269 -0.0594241076309 1.71151491607e-05 -30.4430105608 -11.6412456936
417 19318 -0.0595655213306 1.61599556627e-05 -30.4135820982 -11.6128660328
418 19330 -0.0596990001069 1.63747026083e-05 -30.385873229 -11.6180612569
419 18926 -0.0598356915523 1.59394518592e-05 -30.3575659565 -11.6389113915
420 19367 -0.0599672252311 1.60998637581e-05 -30.3303920245 -11.6126786232
421 19498 -0.0600996349787 1.59972953566e-05 -30.3031014873 -11.6231760927
422 19835 -0.0602300776708 1.63500017452e-05 -30.2762793216 -11.6454303352
423 19469 -0.0603646455815 1.61478947193e-05 -30.2486741564 -11.6069013813
424 19505 -0.0604974252126 1.59193581894e-05 -30.221500558 -11.558468033
425 20000 -0.060626696639 1.61603519424e-05 -30.1951064689 -11.6084282843
426 20012 -0.0607578857174 1.65253981925e-05 -30.1683827122 -11.6153061487
427 19296 -0.060894504076 1.48950190015e-05 -30.1406190085 -11.5793165569
428 21959 -0.0610099355088 1.6939691635e-05 -30.1172132552 -11.6034201185
429 20303 -0.0611464635152 1.64474773017e-05 -30.0895914575 -11.6063511349
430 19732 -0.0612809274263 1.62819275724e-05 -30.0624523527 -11.592248882
431 19502 -0.061414821271 1.60627558553e-05 -30.0354922679 -11.6190780495
432 19708 -0.06154622013 1.63710122859e-05 -30.0090963985 -11.5638291466
433 19303 -0.06168153852 1.60043785454e-05 -29.9819769645 -11.5734296605
434 19623 -0.0618127436374 1.59915025208e-05 -29.9557434882 -11.5909303054
435 19974 -0.0619426849031 1.59313545318e-05 -29.9298222893 -11.593093765
436 20456 -0.0620706037836 1.65006323686e-05 -29.9043622446 -11.5682654024
437 19774 -0.0622053595271 1.62277894682e-05 -29.8776031725 -11.5821107293
438 19651 -0.06233830079 1.61124496597e-05 -29.8512662648 -11.5832505271
439 19759 -0.062469937052 1.62863063488e-05 -29.8252482167 -11.5878161212
440 19520 -0.0626038050978 1.59812189379e-05 -29.7988504084 -11.5648394873
441 19890 -0.062733937012 1.61437701623e-05 -29.7732484417 -11.5837765853
442 19935 -0.0628652428571 1.62911413525e-05 -29.7474743759 -11.5280111252
443 19684 -0.0629985909172 1.59800232561e-05 -29.7213597485 -11.5647714514
444 20060 -0.0631281620314 1.57678545962e-05 -29.6960428086 -11.5792033878
445 20888 -0.0632534518346 1.67434402666e-05 -29.6716165969 -11.5201091377
446 19700 -0.0633904450309 1.55583186799e-05 -29.6449695058 -11.5888296915
447 20955 -0.0635138730807 1.70301787593e-05 -29.6210152264 -11.5702792939
448 19197 -0.0636550258906 1.58911754326e-05 -29.593683777 -11.6017042277
449 19741 -0.0637849135422 1.60492282672e-05 -29.5685925663 -11.5729116688
450 19977 -0.0639153150269 1.6354802061e-05 -29.5434587508 -11.5361101535
451 19599 -0.064049475844 1.60706899042e-05 -29.5176594029 -11.5473863277
452 19790 -0.0641806666927 1.65915231607e-05 -29.4924889047 -11.5636514569
453 18955 -0.0643190620947 1.53930347622e-05 -29.4659977791 -11.5645727058
454 20504 -0.0644425135488 1.63032563285e-05 -29.4424204055 -11.5640603046
455 20221 -0.0645741770003 1.60695948875e-05 -29.4173297999 -11.5820184139
456 20420 -0.0647033183904 1.64457759137e-05 -29.3927749216 -11.5843972957
457 19849 -0.0648373710958 1.58404210139e-05 -29.3673437442 -11.5655735527
458 20517 -0.0649643719483 1.6789012033e-05 -29.3433042648 -11.5385897428
459 19261 -0.065103294931 1.56657208004e-05 -29.3170679398 -11.5384607983
460 20265 -0.0652296713413 1.64836947483e-05 -29.2932552351 -11.5339597751
461 19623 -0.0653648055642 1.59337667177e-05 -29.2678491925 -11.5930298747
462 20092 -0.0654938987765 1.6535663256e-05 -29.2436336082 -11.5400163859
463 19353 -0.0656304005942 1.53378889659e-05 -29.2180862585 -11.5545586859
464 21052 -0.0657517972547 1.71316653031e-05 -29.1954158419 -11.5264568213
465 19089 -0.0658941942247 1.54007025863e-05 -29.168883345 -11.631547972
466 20633 -0.0660173209162 1.64931823105e-05 -29.1459931892 -11.5647875276
467 19960 -0.0661513861827 1.61722495117e-05 -29.1211238753 -11.5243681735
468 19948 -0.0662828826795 1.60269607701e-05 -29.0967859918 -11.5390976292
469 20232 -0.0664122795101 1.5823180366e-05 -29.0728896415 -11.5249880729
470 20949 -0.0665378256457 1.62023424537e-05 -29.0497544306 -11.5221838415
471 20872 -0.0666666159646 1.61837778624e-05 -29.0260724131 -11.5471983289
472 20835 -0.0667953744635 1.65489412831e-05 -29.0024477352 -11.5314775831
473 20042 -0.0669296182587 1.59940680895e-05 -28.9778712537 -11.5091209379
474 20395 -0.0670582314433 1.61171724458e-05 -28.9543777396 -11.5471294602
475 20497 -0.0671875132373 1.55208358144e-05 -28.9308133591 -11.5812053072
476 21886 -0.0673079964815 1.67201289508e-05 -28.908898831 -11.5581291956
477 20690 -0.0674414856402 1.63760423326e-05 -28.8846704799 -11.4950492439
478 20254 -0.067573627999 1.66515852381e-05 -28.8607400398 -11.5237086729
479 19281 -0.0677113428598 1.52216820033e-05 -28.8358568624 -11.5320634866
480 21224 -0.0678313326468 1.65041953987e-05 -28.8142231561 -11.5432513341
481 20509 -0.0679636803011 1.61969868783e-05 -28.7904117506 -11.5129821974
482 20445 -0.0680937664482 1.62123825171e-05 -28.7670585627 -11.5298131594
483 20350 -0.0682242817847 1.56451025637e-05 -28.7436793091 -11.5383976374
484 21456 -0.0683469398808 1.65999876834e-05 -28.7217539278 -11.5411101849
485 20533 -0.0684799785976 1.64065136752e-05 -28.6980236608 -11.5496915758
486 20039 -0.0686130775202 1.59388830382e-05 -28.6743352517 -11.519639819
487 20507 -0.0687408979642 1.6248070984e-05 -28.6516356471 -11.5264498451
488 20337 -0.0688717393861 1.6236484687e-05 -28.6284494799 -11.5092358282
489 20193 -0.0690029556977 1.55026914982e-05 -28.6052474513 -11.5046400932
490 21601 -0.0691240887634 1.6486021746e-05 -28.5838731868 -11.4940897582
491 20912 -0.0692550112575 1.66303449248e-05 -28.5608197828 -11.5422914213
492 19950 -0.0693902236452 1.54728027835e-05 -28.5370634258 -11.5055657658
493 21406 -0.0695116725159 1.64204862116e-05 -28.5157705467 -11.5093756387
494 20861 -0.0696422325951 1.59455054871e-05 -28.4929278954 -11.5439850989
495 21334 -0.0697676036271 1.6660211546e-05 -28.4710394311 -11.5365698038
496 20292 -0.0699019156531 1.60808247716e-05 -28.4476401524 -11.5124908351
497 20469 -0.0700309945471 1.60203484542e-05 -28.4252013375 -11.5343516771
498 20774 -0.0701586384391 1.57542161945e-05 -28.4030588389 -11.5378088812
499 21661 -0.070281564636 1.65762184565e-05 -28.3817786339 -11.4918509519
500 20779 -0.0704136234973 1.62020567993e-05 -28.3589652969 -11.4925591655
501 20704 -0.0705429354276 1.61507973898e-05 -28.3366743829 -11.4961107508
502 20736 -0.0706717361121 1.55305595421e-05 -28.3145185541 -11.5048401181
503 22119 -0.0707916573274 1.66429446206e-05 -28.2939321407 -11.5146129791
504 21075 -0.0709233124686 1.59849419942e-05 -28.2713779076 -11.5000551865
505 21466 -0.0710486044195 1.65568318692e-05 -28.2499588313 -11.5377368879
506 20632 -0.0711809764313 1.57950557762e-05 -28.2273769855 -11.522216809
507 21424 -0.071304901488 1.68515939603e-05 -28.2062803207 -11.4778578318
508 19986 -0.0714417922478 1.607133453e-05 -28.1830259202 -11.4999161538
509 20179 -0.0715717161883 1.56676977237e-05 -28.1610029347 -11.5132210438
510 21227 -0.0716952125151 1.66127556677e-05 -28.1401126037 -11.5252764139
511 20287 -0.0718291564749 1.56379100986e-05 -28.1175023526 -11.4899699326
512 21405 -0.0719519035255 1.61000861368e-05 -28.096825341 -11.5198609348
513 21549 -0.0720778553367 1.70887612545e-05 -28.0756512569 -11.4934156609
514 19625 -0.0722179432166 1.58551541099e-05 -28.0521514602 -11.5297719681
515 20255 -0.0723458812871 1.5734592834e-05 -28.0307363374 -11.496619541
516 21162 -0.0724700934595 1.62150761144e-05 -28.0099872556 -11.4701554747
517 21057 -0.0725984175645 1.61606330746e-05 -27.9885950077 -11.5014898018
518 21069 -0.072726275645 1.65680396404e-05 -27.9673244999 -11.4883651119
519 20228 -0.072860055409 1.60966749852e-05 -27.945115788 -11.5073920162
520 20371 -0.0729895698995 1.56149322428e-05 -27.9236607318 -11.5090613971
521 21544 -0.073111740871 1.64861554779e-05 -27.9034631604 -11.4933933134
522 20856 -0.073242838397 1.56739010287e-05 -27.8818339446 -11.5300472597
523 21925 -0.0733644002087 1.64984845139e-05 -27.8618186713 -11.4583056715
524 21198 -0.0734945321808 1.63836236502e-05 -27.8404355706 -11.4975289276
525 20736 -0.0736251922366 1.57951212617e-05 -27.8190105651 -11.4571369758
526 21532 -0.0737488070574 1.62426968567e-05 -27.7987820679 -11.4628145823
527 21366 -0.0738764192214 1.6826201577e-05 -27.777941403 -11.506854726
528 19983 -0.0740131130724 1.52061388857e-05 -27.7556647314 -11.4870640648
529 22031 -0.0741307629047 1.65906475332e-05 -27.7365305506 -11.4681767965
530 21103 -0.0742619180262 1.56956251686e-05 -27.7152422433 -11.4950358269
531 22136 -0.0743830674861 1.65714780548e-05 -27.6956175304 -11.4714687001
532 21245 -0.0745136330473 1.61768295721e-05 -27.6745099084 -11.4503174737
533 21222 -0.0746411564747 1.63722002505e-05 -27.6539364057 -11.4799718024
534 20783 -0.074771576002 1.58122912153e-05 -27.6329387968 -11.5111873979
535 21543 -0.0748952930322 1.68312124062e-05 -27.6130604793 -11.464727929
536 20138 -0.0750314993053 1.60044673081e-05 -27.5912205578 -11.4726760935
537 20471 -0.075159956779 1.56388297526e-05 -27.5706663066 -11.4976633517
538 21597 -0.0752821638368 1.62855168911e-05 -27.5511509749 -11.4949065589
539 21337 -0.0754101975223 1.63654265016e-05 -27.5307456494 -11.4766277371
540 20910 -0.0755401666456 1.5926769485e-05 -27.5100740904 -11.4683689859
541 21424 -0.0756651246423 1.65342852578e-05 -27.490239546 -11.4582937358
542 20639 -0.075797294738 1.63699211391e-05 -27.46930277 -11.4627441408
543 20217 -0.0759295097578 1.54736299217e-05 -27.4484025052 -11.4618759227
544 21691 -0.0760501655177 1.64390997079e-05 -27.42936747 -11.4931994535
545 21099 -0.0761801346755 1.58395815975e-05 -27.4089035389 -11.461124686
546 21810 -0.0763033042633 1.70414431835e-05 -27.3895487894 -11.4881863349
547 19958 -0.0764418332381 1.51086710441e-05 -27.367825198 -11.4795655956
548 22223 -0.0765582229192 1.65309546911e-05 -27.3496098988 -11.4468140317
549 21416 -0.0766879472134 1.59789945573e-05 -27.3293468489 -11.4610127944
550 21827 -0.0768121539228 1.66385421059e-05 -27.3099842191 -11.4533051174
551 20806 -0.0769446221493 1.65540668958e-05 -27.2893751542 -11.4330128633
552 20003 -0.0770790360001 1.61306510574e-05 -27.2685070014 -11.4813291585
553 20075 -0.0772097769764 1.5551409038e-05 -27.2482510871 -11.454767096
554 21369 -0.0773319495521 1.55844929551e-05 -27.229360027 -11.4834509692
555 22670 -0.0774508169468 1.71686758539e-05 -27.2110145582 -11.4269787609
556 20479 -0.0775885929194 1.56395111204e-05 -27.1897933072 -11.4325253815
557 21604 -0.0777107856597 1.62488587325e-05 -27.1710103561 -11.4450378473
558 21424 -0.0778382731717 1.60454291477e-05 -27.1514515388 -11.4413867347
559 21688 -0.0779633941919 1.63624799962e-05 -27.1322934312 -11.4665602837
560 21260 -0.0780922648422 1.55266479162e-05 -27.1126000696 -11.4713607743
561 22687 -0.0782106455992 1.65474640666e-05 -27.0945443874 -11.4972253706
562 21826 -0.0783392723042 1.59237931029e-05 -27.074963495 -11.4679644518
563 22370 -0.0784615387255 1.65054699622e-05 -27.0563869595 -11.4407400202
564 21613 -0.07859047006 1.66314636225e-05 -27.0368358261 -11.4331637794
565 20617 -0.0787234881118 1.55389915145e-05 -27.0167057853 -11.4145512515
566 21973 -0.0788438718112 1.60240568378e-05 -26.9985233598 -11.4394137696
567 22292 -0.0789671215292 1.60187171308e-05 -26.979943021 -11.4112065323
568 22628 -0.0790894122906 1.67396077811e-05 -26.961542114 -11.4536273142
569 21350 -0.0792209773478 1.57575943012e-05 -26.9417843884 -11.4305636095
570 22254 -0.0793422808135 1.6047081046e-05 -26.9236031091 -11.4053709481
571 22525 -0.0794650692965 1.65980256503e-05 -26.9052337599 -11.4267112616
572 21560 -0.0795948844813 1.54817107646e-05 -26.8858508549 -11.4205330635
573 23112 -0.0797118309875 1.67823064189e-05 -26.8684224339 -11.4270291473
574 21712 -0.079842625994 1.6189893927e-05 -26.8489671817 -11.3868688397
575 21660 -0.0799689561038 1.59252198199e-05 -26.8302130498 -11.4103771929
576 22196 -0.0800917100373 1.66621963329e-05 -26.8120245283 -11.4253848526
577 21107 -0.0802234171163 1.58141448829e-05 -26.7925473573 -11.4226671776
578 21875 -0.0803462068749 1.61671673377e-05 -26.774424182 -11.4551274643
579 21873 -0.080471743931 1.57053701876e-05 -26.7559306146 -11.446470514
580 22921 -0.0805908747141 1.6143574045e-05 -26.738413516 -11.418168123
581 22974 -0.0807131884053 1.66109975899e-05 -26.7204614659 -11.4049265973
582 21961 -0.0808419138696 1.62152699617e-05 -26.7016044398 -11.424876189
583 21852 -0.0809678847039 1.59395987173e-05 -26.6831866661 -11.3967850029
584 22360 -0.0810902978411 1.61630609726e-05 -26.6653228135 -11.4006533134
585 22367 -0.0812144085533 1.58039306773e-05 -26.6472451132 -11.4304264331
586 23205 -0.0813335507593 1.68929478284e-05 -26.6299231211 -11.4116129549
587 21556 -0.0814656828553 1.61193655699e-05 -26.6107491042 -11.3954851953
588 21659 -0.0815914660321 1.61590452536e-05 -26.5925320238 -11.4179417182
589 21675 -0.0817175121774 1.62493807976e-05 -26.5743116204 -11.4207204725
590 21493 -0.0818447981752 1.55146853277e-05 -26.5559472078 -11.3995427804
591 22963 -0.0819623732696 1.67636940695e-05 -26.5390152088 -11.4315439662
592 21613 -0.0820933228134 1.63453560187e-05 -26.5201925016 -11.4528281381
593 21224 -0.0822221698226 1.5363727735e-05 -26.50170827 -11.4160156713
594 23027 -0.082338440253 1.65704428694e-05 -26.485059043 -11.4184110088
595 22102 -0.082466440147 1.633778265e-05 -26.466763908 -11.4105998052
596 21721 -0.0825937458919 1.58409781682e-05 -26.4486029047 -11.4199574119
597 22450 -0.0827151584494 1.64030730605e-05 -26.4313149549 -11.3880905092
598 21917 -0.0828423990506 1.60589067049e-05 -26.4132309521 -11.4398607712
599 22157 -0.0829662934562 1.62106491566e-05 -26.3956556777 -11.410769927
600 22057 -0.0830916407614 1.63607434965e-05 -26.3779074964 -11.397554753
601 21626 -0.0832194040881 1.60019404002e-05 -26.3598514935 -11.4277816561
602 21990 -0.0833433280153 1.58198359368e-05 -26.3423710499 -11.3832849387
603 22777 -0.0834637053086 1.60786464146e-05 -26.3254218807 -11.4082725978
604 22980 -0.083585509591 1.63728162629e-05 -26.3083027975 -11.4346225873
605 22503 -0.0837108498743 1.64096442221e-05 -26.2907192181 -11.4218745851
606 21954 -0.0838380338328 1.5794178322e-05 -26.2729105732 -11.3906915661
607 22799 -0.083958157748 1.60566244745e-05 -26.2561214698 -11.3934984754
608 23054 -0.0840796007027 1.63455622376e-05 -26.2391785177 -11.416618462
609 22638 -0.0842043588009 1.65672224061e-05 -26.221804914 -11.3685163363
610 21736 -0.0843334075927 1.588916442e-05 -26.2038676733 -11.3949476508
611 22356 -0.0844554456894 1.62814138168e-05 -26.1869364982 -11.3836614571
612 22096 -0.0845812293109 1.57553535449e-05 -26.1695177484 -11.3706333071
613 23037 -0.0847004369597 1.62866123158e-05 -26.1530396162 -11.3424546219
614 22757 -0.0848244197317 1.56280002514e-05 -26.1359322702 -11.3542970992
615 24035 -0.0849401823782 1.69934224028e-05 -26.1199874775 -11.4055039929
616 22101 -0.0850714519111 1.58949122013e-05 -26.1019398233 -11.4014909779
617 22718 -0.0851925571962 1.63409993534e-05 -26.0853206359 -11.4031243428
618 22319 -0.0853181703417 1.65825638766e-05 -26.068114217 -11.4111536323
619 21396 -0.0854483596616 1.59006080789e-05 -26.0503145848 -11.3464287072
620 21981 -0.085571523712 1.60436174071e-05 -26.0335068794 -11.3468531844
621 22256 -0.0856950239687 1.5832759287e-05 -26.0166838884 -11.3694094385
622 23022 -0.0858148561055 1.66856435736e-05 -26.0003897714 -11.3845841822
623 21841 -0.0859445148609 1.59069050125e-05 -25.9827918025 -11.3798299494
624 22424 -0.0860665050213 1.65328357903e-05 -25.9662652441 -11.355064217
625 21605 -0.0861956736215 1.49435413379e-05 -25.9487984276 -11.3733640989
626 24465 -0.0863053890787 1.65782714634e-05 -25.9339881388 -11.3346780891
627 23464 -0.0864296782167 1.64721296842e-05 -25.9172393283 -11.3966849635
628 22747 -0.0865551014954 1.57406544013e-05 -25.9003685683 -11.3889935232
629 23751 -0.086672393721 1.64014158607e-05 -25.8846195204 -11.3854785898
630 23191 -0.0867960774469 1.64716809587e-05 -25.8680415112 -11.394376145
631 22483 -0.086922230488 1.60848792788e-05 -25.8511633633 -11.4024955711
632 22669 -0.087044914897 1.63584952135e-05 -25.8347790782 -11.3747096549
633 22231 -0.0871709101112 1.62450117094e-05 -25.8179831353 -11.3657506133
634 22054 -0.0872965326732 1.59212697015e-05 -25.8012675514 -11.3782464218
635 22609 -0.0874181305873 1.61182329836e-05 -25.7851165982 -11.4028204374
636 22719 -0.0875409340168 1.5935952998e-05 -25.7688345064 -11.3521505257
637 23256 -0.0876609390036 1.63152354571e-05 -25.7529515143 -11.3536467985
638 22907 -0.0877847330841 1.62129604141e-05 -25.7365960182 -11.3731067124
639 22799 -0.0879080433429 1.56525018144e-05 -25.7203336396 -11.3915664305
640 24020 -0.0880240249649 1.68879777059e-05 -25.7050642994 -11.3802835286
641 22325 -0.088153825182 1.57978293796e-05 -25.6880061092 -11.3641781413
642 23176 -0.0882729964315 1.60436130545e-05 -25.672372976 -11.3411733988
643 23466 -0.0883932705351 1.64067390436e-05 -25.6566224797 -11.3259143219
644 22900 -0.088517777068 1.57021836946e-05 -25.6403465545 -11.3816453935
645 24005 -0.0886341634039 1.66118891063e-05 -25.6251585834 -11.3458947183
646 22944 -0.0887601066423 1.60696737627e-05 -25.6087521961 -11.3794992876
647 23170 -0.0888813438916 1.61702048707e-05 -25.5929869808 -11.3787966928
648 23161 -0.0890033640184 1.64435856629e-05 -25.5771477553 -11.3546314199
649 22518 -0.0891292040222 1.58037672622e-05 -25.5608418075 -11.3817808968
650 23362 -0.0892479438741 1.59236484471e-05 -25.5454829278 -11.385225626
651 23944 -0.0893661206484 1.63300571034e-05 -25.5302228969 -11.3412161402
652 23549 -0.0894883258983 1.61638312796e-05 -25.5144699009 -11.3426562292
653 23555 -0.0896092733169 1.65464683427e-05 -25.4989062364 -11.34684657
654 22664 -0.0897354938668 1.58788124683e-05 -25.4826927882 -11.3437436974
655 23335 -0.0898548667378 1.66071091682e-05 -25.4673859137 -11.3277806019
656 22315 -0.0899825375406 1.54729682515e-05 -25.4510439534 -11.3437492676
657 23943 -0.0900973726753 1.66356691183e-05 -25.4363704537 -11.344687242
658 22830 -0.0902238117232 1.59956129702e-05 -25.4202420661 -11.3474796471
659 23229 -0.0903443372582 1.60504817596e-05 -25.4048951005 -11.3545152641
660 23503 -0.0904645674112 1.6545526373e-05 -25.3896120365 -11.3618925101
661 22616 -0.0905909142868 1.5401512352e-05 -25.3735796683 -11.358197258
662 24443 -0.0907040439843 1.69565638919e-05 -25.3592489325 -11.344652678
663 22561 -0.090833688601 1.5822411797e-05 -25.3428545353 -11.3478610483
664 23362 -0.0909525677091 1.6677265795e-05 -25.3278480705 -11.3315041175
665 22182 -0.0910811602623 1.55475478014e-05 -25.3116439877 -11.3359802768
666 23621 -0.0911973340263 1.62419002914e-05 -25.2970302471 -11.349063354
667 23440 -0.0913191617898 1.6667290453e-05 -25.281731151 -11.3335108921
668 22279 -0.0914473985612 1.54249737193e-05 -25.2656557562 -11.3454376476
669 24021 -0.0915616906189 1.64487574574e-05 -25.2513530415 -11.3506009789
670 23342 -0.0916853287116 1.58004960256e-05 -25.2359067999 -11.2996516893
671 24225 -0.0918019103937 1.69164153871e-05 -25.2213668657 -11.2921980652
672 22450 -0.0919315646132 1.52304827565e-05 -25.2052246739 -11.3516373719
673 24690 -0.0920428777737 1.59952851999e-05 -25.1913895583 -11.3414728592
674 25122 -0.0921587702797 1.68925191665e-05 -25.1770083673 -11.3725071516
675 23338 -0.0922857550242 1.58578139911e-05 -25.1612777135 -11.3308203088
676 24080 -0.0924031107608 1.65342460061e-05 -25.1467649093 -11.3312250592
677 23198 -0.0925277782888 1.62143372419e-05 -25.1313741573 -11.3147809331
678 23085 -0.092650331659 1.57944910104e-05 -25.1162707164 -11.3193209437
679 23973 -0.0927674801947 1.65275969497e-05 -25.1018576893 -11.3339210061
680 23110 -0.0928923332895 1.56724224542e-05 -25.0865228614 -11.3298825815
681 24298 -0.0930077952961 1.67638468693e-05 -25.072365392 -11.3500401993
682 22869 -0.0931350988011 1.55856522238e-05 -25.05678254 -11.334088689
683 24258 -0.0932500170904 1.63705180134e-05 -25.0427396019 -11.3345393188
684 23760 -0.0933719796709 1.64610348817e-05 -25.0278605755 -11.3227736033
685 23060 -0.0934964652438 1.63021796776e-05 -25.012699938 -11.3266967318
686 22744 -0.0936206025977 1.57789023616e-05 -24.9976079858 -11.340808325
687 23656 -0.0937384162622 1.62498201193e-05 -24.9833090428 -11.3302340525
688 23456 -0.0938602621702 1.66411103239e-05 -24.9685454496 -11.3516366857
689 22353 -0.0939880840911 1.57348787882e-05 -24.9530847361 -11.3068315799
690 23354 -0.0941063273998 1.5906060946e-05 -24.9388071326 -11.3103915759
691 23979 -0.0942242884869 1.6152663282e-05 -24.9245870381 -11.303984244
692 24012 -0.0943439959019 1.66861631866e-05 -24.9101802938 -11.2955937663
693 22779 -0.0944709609464 1.57245703313e-05 -24.8949263066 -11.316070252
694 23824 -0.0945879553534 1.60053145844e-05 -24.8808940518 -11.3701396348
695 24216 -0.0947060694881 1.68350500451e-05 -24.8667506243 -11.3003923893
696 22628 -0.0948345929692 1.57895650297e-05 -24.8513870778 -11.3239783523
697 23510 -0.0949528520748 1.60553164352e-05 -24.8372747094 -11.3163991206
698 23776 -0.0950724268847 1.60956913849e-05 -24.8230288436 -11.3032276167
699 23947 -0.0951918744281 1.6338611803e-05 -24.8088216873 -11.3414935025
700 23532 -0.0953141890946 1.6730396237e-05 -24.7942978439 -11.3154514169
701 22223 -0.0954430711331 1.51662727375e-05 -24.7790207509 -11.2969527605
702 24600 -0.0955541160082 1.6300302747e-05 -24.7658798081 -11.3104921517
703 24268 -0.0956742796917 1.67275432582e-05 -24.751682447 -11.3244303137
704 22925 -0.0958011523251 1.56509666616e-05 -24.736717961 -11.3391774333
705 24156 -0.095916794414 1.61611363898e-05 -24.7231009023 -11.3103321915
706 24168 -0.0960361763271 1.58533288278e-05 -24.7090662251 -11.2933995361
707 24948 -0.0961514404152 1.67514868755e-05 -24.6955375256 -11.3067537754
708 23510 -0.0962769033249 1.56205303517e-05 -24.6808361531 -11.2788283533
709 24850 -0.0963906993584 1.60727796962e-05 -24.6675237936 -11.2777560544
710 25087 -0.0965072352842 1.64636280579e-05 -24.6539124719 -11.3071806635
711 24341 -0.0966284187561 1.63335083914e-05 -24.6397814073 -11.3415291024
712 23931 -0.0967496701674 1.56405476266e-05 -24.6256659231 -11.307466149
713 25243 -0.0968627202834 1.65570983878e-05 -24.612526321 -11.3028053161
714 24262 -0.0969847917346 1.62237312435e-05 -24.5983610264 -11.2864731548
715 24121 -0.0971047542979 1.62259239131e-05 -24.5844635005 -11.3145358046
716 23975 -0.0972250966182 1.62007978433e-05 -24.5705448846 -11.3011055091
717 23891 -0.0973454643628 1.58421745332e-05 -24.5566462214 -11.2914815623
718 24690 -0.0974612475592 1.6758274643e-05 -24.5432984818 -11.3039304275
719 23251 -0.0975874588006 1.56390879683e-05 -24.5287725933 -11.2739149462
720 24530 -0.0977021309279 1.59755645369e-05 -24.5155964347 -11.2590868537
721 25009 -0.0978181412439 1.65113676459e-05 -24.5022874613 -11.3220065074
722 24149 -0.0979401604859 1.61602135414e-05 -24.4883118109 -11.3012951837
723 24164 -0.0980595472921 1.63983451699e-05 -24.4746601242 -11.2942031286
724 23602 -0.0981821274432 1.60356797812e-05 -24.4606663364 -11.2939751376
725 23917 -0.0983012042834 1.57351887872e-05 -24.4470948002 -11.2654222517
726 24987 -0.0984155201535 1.67959454832e-05 -24.4340865253 -11.2854379414
727 23441 -0.0985415014016 1.63278633364e-05 -24.419774183 -11.2974173132
728 23060 -0.0986649805087 1.59087644814e-05 -24.4057698176 -11.2803293929
729 23671 -0.0987837276537 1.58648622986e-05 -24.3923242201 -11.3005431681
730 24406 -0.0989003485207 1.63707535376e-05 -24.3791404122 -11.2544175526
731 23905 -0.099021943945 1.6085601539e-05 -24.3654163831 -11.2894507522
732 24101 -0.0991409331464 1.6129747222e-05 -24.3520083435 -11.2801336878
733 24190 -0.0992600292375 1.65155364315e-05 -24.3386098358 -11.2589417828
734 23348 -0.0993841544434 1.55640670713e-05 -24.3246684633 -11.2885950365
735 24820 -0.0994976057445 1.61767244752e-05 -24.3119463663 -11.2889093325
736 24794 -0.0996155868112 1.58607306649e-05 -24.2987369473 -11.275746579
737 25575 -0.0997294824349 1.64387166112e-05 -24.2860048554 -11.2768685651
738 24878 -0.0998491712902 1.61954330407e-05 -24.272646184 -11.3104951505
739 24804 -0.0999672630681 1.66659698023e-05 -24.25948684 -11.2640577798
740 23578 -0.10009190582 1.60705756289e-05 -24.245620154 -11.2573921266
741 23808 -0.100211514146 1.5828479568e-05 -24.2323353789 -11.2498255168
742 24638 -0.100327318157 1.6305804709e-05 -24.2194934627 -11.2915788461
743 24292 -0.10044746319 1.61653744386e-05 -24.206191234 -11.2675147803
744 24294 -0.100566567277 1.61839309519e-05 -24.1930253967 -11.2599206977
745 24250 -0.100685915486 1.61981043716e-05 -24.1798536379 -11.2719588474
746 24172 -0.100805562538 1.59539658523e-05 -24.1666700134 -11.2918714601
747 24698 -0.100922142891 1.63476873496e-05 -24.1538445913 -11.2569437898
748 24247 -0.101042705951 1.62913325983e-05 -24.1406020332 -11.3314140586
749 23941 -0.101163619544 1.53275864819e-05 -24.1273423859 -11.3004736078
750 26070 -0.101272635544 1.65857611856e-05 -24.1154057961 -11.2405883563
751 24984 -0.101393138121 1.59352899747e-05 -24.1022316881 -11.2593498439
752 25576 -0.101507565572 1.64625316636e-05 -24.0897413346 -11.2651920736
753 24819 -0.101627570306 1.59144774264e-05 -24.0766626391 -11.2478704898
754 25461 -0.101742106458 1.58079642086e-05 -24.0641994173 -11.2622897354
755 26404 -0.101853826625 1.66119480438e-05 -24.0520609066 -11.2531557083
756 25237 -0.101973912986 1.68340233989e-05 -24.0390334981 -11.2464830504
757 23584 -0.102099795596 1.58267995674e-05 -24.0253995954 -11.2738616551
758 24411 -0.102216125983 1.57722561684e-05 -24.0128205101 -11.2185499834
759 25407 -0.102329759572 1.64252254607e-05 -24.0005517738 -11.2402600519
760 24748 -0.102449662881 1.5843941792e-05 -23.9876261451 -11.2735023846
761 25571 -0.102563446584 1.61170149514e-05 -23.9753791939 -11.2725182184
762 25699 -0.102678902889 1.62556552006e-05 -23.9629710667 -11.2559043329
763 25467 -0.102795881904 1.66373032116e-05 -23.9504186177 -11.26508484
764 24279 -0.102918501601 1.56659974772e-05 -23.9372817278 -11.2443877042
765 25544 -0.103031066713 1.64824810248e-05 -23.9252407689 -11.2516127443
766 24738 -0.103151413776 1.60801950643e-05 -23.9123871712 -11.2276119311
767 24955 -0.103268311077 1.66434115204e-05 -23.8999215576 -11.271006833
768 23776 -0.103392266132 1.54237901132e-05 -23.8867243047 -11.2688102132
769 25639 -0.103502886483 1.6929438826e-05 -23.874964967 -11.2728746922
770 23730 -0.103629095063 1.59611728805e-05 -23.8615694555 -11.2307327534
771 24229 -0.103746852358 1.6015752115e-05 -23.8490909988 -11.2500637745
772 24602 -0.103864113649 1.60356033344e-05 -23.8366842953 -11.2530779893
773 24930 -0.103980744311 1.5311034252e-05 -23.8243632706 -11.2050696382
774 27193 -0.104087370814 1.70228004076e-05 -23.8131156057 -11.2715262431
775 24931 -0.104211180381 1.62572045073e-05 -23.8000750975 -11.2651743437
776 24702 -0.104329968154 1.61160081856e-05 -23.7875834151 -11.2709128931
777 24828 -0.104447424405 1.57568542388e-05 -23.7752508681 -11.264248434
778 25882 -0.104559901621 1.6719739822e-05 -23.7634588795 -11.2518181095
779 24469 -0.104682648824 1.60158116429e-05 -23.7506099968 -11.2452253652
780 24845 -0.104799334415 1.62557728481e-05 -23.738414746 -11.2606379077
781 24620 -0.104918308481 1.61508582317e-05 -23.7259994596 -11.2417719956
782 24658 -0.105036423263 1.55006243388e-05 -23.7136929181 -11.2244579062
783 26383 -0.105146015715 1.68509113062e-05 -23.7022912923 -11.2507301423
784 24613 -0.105269363031 1.57392308167e-05 -23.6894781445 -11.2158980771
785 25703 -0.105382103109 1.64980022202e-05 -23.6777848752 -11.2301727706
786 24852 -0.105502284877 1.59475378358e-05 -23.6653386648 -11.2386912409
787 25410 -0.105617175411 1.65013345235e-05 -23.6534586203 -11.2472441509
788 24561 -0.105738092936 1.54276279623e-05 -23.6409745352 -11.2479192214
789 26475 -0.105846979485 1.66129415499e-05 -23.6297493702 -11.2351889211
790 25302 -0.10596691793 1.60114684862e-05 -23.6174032316 -11.2418464946
791 25702 -0.106081610264 1.57403778299e-05 -23.6056150885 -11.2119655712
792 26838 -0.106191950548 1.69886415034e-05 -23.5942908014 -11.2146685455
793 24691 -0.106316111062 1.61164547774e-05 -23.5815675005 -11.2444579432
794 24816 -0.106433599392 1.61952354682e-05 -23.5695467699 -11.2028815802
795 24743 -0.10655183597 1.5754634456e-05 -23.5574679378 -11.2663793766
796 25799 -0.106664477642 1.6101632524e-05 -23.5459778539 -11.2388493335
797 25969 -0.106779223333 1.63198159553e-05 -23.5342903504 -11.2509972678
798 25567 -0.10689643277 1.60560327801e-05 -23.5223697867 -11.2243151875
799 25854 -0.107011105802 1.67159474639e-05 -23.5107246396 -11.2369146376
800 24452 -0.107133867997 1.61385310933e-05 -23.4982771239 -11.2300624664
801 24521 -0.107252223334 1.59213547148e-05 -23.4862950953 -11.2216043792
802 25138 -0.107367543409 1.64581750911e-05 -23.4746379241 -11.2270120842
803 24404 -0.107488530337 1.557031931e-05 -23.4624265216 -11.216015037
804 25926 -0.107599579751 1.6210510203e-05 -23.45123486 -11.2448906586
805 25810 -0.107715456403 1.62747650866e-05 -23.4395737431 -11.2331806917
806 25527 -0.107832434161 1.62605995392e-05 -23.4278194297 -11.2336445321
807 25284 -0.107949871764 1.62094341178e-05 -23.416036671 -11.182144027
808 25173 -0.108067196144 1.57779079596e-05 -23.4042830044 -11.2284655812
809 26185 -0.108179168881 1.63783951339e-05 -23.3930819645 -11.2257878357
810 25627 -0.108296661402 1.67384183716e-05 -23.3813460436 -11.1998131859
811 24182 -0.108420272572 1.54516200978e-05 -23.3690180161 -11.2257577423
812 26003 -0.108530313941 1.59562433279e-05 -23.3580597474 -11.1815888249
813 26563 -0.108642743921 1.64081861445e-05 -23.3468795446 -11.2086883082
814 25919 -0.108759786339 1.61419669554e-05 -23.3352577455 -11.204191559
815 25983 -0.108874787992 1.60845863529e-05 -23.3238555111 -11.2061663937
816 26199 -0.108988906871 1.6361974116e-05 -23.3125573518 -11.2243799236
817 25684 -0.109106152549 1.62921687687e-05 -23.3009667613 -11.213728637
818 25358 -0.10922364596 1.56998937689e-05 -23.2893690631 -11.2173990096
819 26588 -0.109334218776 1.62483009135e-05 -23.2784703524 -11.1709206573
820 26367 -0.109449130595 1.64115717766e-05 -23.2671602258 -11.197127321
821 25719 -0.109566651641 1.58901361531e-05 -23.2556103951 -11.2039993979
822 26450 -0.109678855085 1.65147047414e-05 -23.2445992816 -11.1840498511
823 25531 -0.109797548027 1.61979840695e-05 -23.2329684113 -11.1866332397
824 25449 -0.109914153272 1.63770005256e-05 -23.2215591921 -11.2291805363
825 24911 -0.110033314084 1.5831609586e-05 -23.2099173704 -11.184736944
826 25772 -0.110146565694 1.65420206729e-05 -23.1988691791 -11.2004491475
827 24808 -0.110267175572 1.55669892609e-05 -23.1871205979 -11.1577991353
828 26365 -0.110377274856 1.63639872297e-05 -23.1764115255 -11.1787812102
829 25841 -0.110494177163 1.62876463916e-05 -23.1650570812 -11.2030579686
830 25525 -0.110611253735 1.61585714296e-05 -23.153702544 -11.1847538336
831 25545 -0.110727356542 1.56377213974e-05 -23.142459047 -11.2267185503
832 26953 -0.110836741504 1.66762410047e-05 -23.1318812048 -11.2181559723
833 25594 -0.110956448085 1.58352106286e-05 -23.1203219784 -11.2015352086
834 26469 -0.111068224217 1.64538214834e-05 -23.1095443074 -11.2321423947
835 25708 -0.111186072775 1.58672957273e-05 -23.0981975771 -11.1718953187
836 26500 -0.11129800901 1.65235702891e-05 -23.0874357079 -11.201957124
837 25557 -0.111416706924 1.61200853489e-05 -23.0760403298 -11.2010612167
838 25677 -0.111532234846 1.55731709098e-05 -23.0649656336 -11.2271794875
839 27271 -0.111640532021 1.67710936704e-05 -23.0545987069 -11.1818240668
840 25648 -0.11176079233 1.5692829559e-05 -23.0431031315 -11.188456329
841 26911 -0.111870649341 1.68243042967e-05 -23.0326171812 -11.204030844
842 25174 -0.111992423443 1.57779135293e-05 -23.0210106391 -11.1650221516
843 26186 -0.112104394027 1.65485140906e-05 -23.0103541444 -11.1799245785
844 25190 -0.112224133068 1.55775356594e-05 -22.9989748671 -11.1728566976
845 26742 -0.112333527004 1.60729164326e-05 -22.9885936558 -11.2040757384
846 26996 -0.112445866583 1.69516578463e-05 -22.9779477163 -11.1608858436
847 24929 -0.11256916241 1.59599197412e-05 -22.9662807338 -11.1983893889
848 25456 -0.11268403662 1.56923581123e-05 -22.9554268494 -11.1674961852
849 26711 -0.112794301193 1.65179223191e-05 -22.9450231704 -11.1904322175
850 25775 -0.112912455107 1.60141858754e-05 -22.933891026 -11.1396794964
851 26176 -0.113026125164 1.60676064106e-05 -22.9231968407 -11.188009612
852 26439 -0.113139604703 1.62725069677e-05 -22.9125357125 -11.1727311756
853 26155 -0.113255153327 1.60474732699e-05 -22.9016957034 -11.1802574503
854 26472 -0.113368420372 1.60568459033e-05 -22.8910848903 -11.1769420675
855 26767 -0.113481126549 1.64514712996e-05 -22.88054148 -11.192622877
856 26004 -0.113598286558 1.56565519402e-05 -22.8695971058 -11.1626410788
857 27385 -0.113706936312 1.63702800319e-05 -22.8594619656 -11.2018733185
858 26824 -0.113821721585 1.64625946756e-05 -22.848769362 -11.1736159026
859 26030 -0.113938902253 1.62523053515e-05 -22.8378693526 -11.2003052183
860 25804 -0.114055091432 1.61623781156e-05 -22.8270772318 -11.1452379823
861 25814 -0.114170614379 1.56129599161e-05 -22.8163624227 -11.1670521159
862 27306 -0.11427911898 1.61696527049e-05 -22.8063125516 -11.2071756753
863 27296 -0.114391511769 1.63729360541e-05 -22.7959168035 -11.1739540859
864 26729 -0.114506518165 1.60195568327e-05 -22.7852942945 -11.1595479814
865 27130 -0.114618209141 1.63226109496e-05 -22.7749924911 -11.1403327603
866 26703 -0.114732919129 1.66730059669e-05 -22.7644270498 -11.1720335819
867 25365 -0.114853141718 1.58268322469e-05 -22.7533699514 -11.1848828764
868 26254 -0.114965314139 1.63303905864e-05 -22.7430680576 -11.1679876924
869 25820 -0.115082023768 1.55244596439e-05 -22.7323646178 -11.1552002385
870 27559 -0.115189416549 1.65187486785e-05 -22.7225292489 -11.1886631876
871 26591 -0.115305749135 1.60166192556e-05 -22.7118898471 -11.1514776129
872 26998 -0.115417692332 1.62975368016e-05 -22.7016662916 -11.1394969517
873 26641 -0.115532359837 1.64159097489e-05 -22.6912085509 -11.1759006588
874 25975 -0.115649331607 1.60382580892e-05 -22.6805558744 -11.1358920169
875 26314 -0.115762872049 1.60127685324e-05 -22.6702303573 -11.1407214032
876 26727 -0.11587535386 1.58858704823e-05 -22.6600153317 -11.1634871891
877 27498 -0.115985367733 1.62281715461e-05 -22.6500380939 -11.1632871363
878 27326 -0.116098106986 1.66371952354e-05 -22.6398276789 -11.1559960667
879 26051 -0.116216480872 1.56326204995e-05 -22.6291221636 -11.1505124003
880 27501 -0.11632473491 1.60209291108e-05 -22.619345481 -11.1592793727
881 27909 -0.116434864151 1.6482260358e-05 -22.6094127622 -11.160670995
882 27028 -0.11654999644 1.59983131315e-05 -22.5990431448 -11.1499469806
883 27492 -0.116660801067 1.64351142428e-05 -22.5890771158 -11.1686110882
884 26752 -0.116776195233 1.60064332378e-05 -22.5787126619 -11.1661929197
885 27189 -0.116887672445 1.6175711556e-05 -22.5687139156 -11.1914063671
886 27163 -0.117000383646 1.63610478048e-05 -22.5586183442 -11.165048484
887 26631 -0.11711551811 1.59577722554e-05 -22.5483200762 -11.1581693163
888 27200 -0.117226633815 1.60487494774e-05 -22.5383949991 -11.1421627013
889 27526 -0.117337719769 1.63032162249e-05 -22.5284860342 -11.1769262896
890 27146 -0.117451354484 1.58480316999e-05 -22.5183636099 -11.1863127276
891 28037 -0.117560046963 1.64876619042e-05 -22.5086945546 -11.1480316495
892 27137 -0.117674985257 1.61019356923e-05 -22.4984838138 -11.1264194803
893 27315 -0.117786870231 1.60253919194e-05 -22.488558046 -11.1409108671
894 27708 -0.117897429618 1.5819753786e-05 -22.4787631521 -11.1614980838
895 28700 -0.118004668069 1.70901637726e-05 -22.4692750569 -11.1382800299
896 26133 -0.118126073939 1.54348300786e-05 -22.4585484028 -11.1321950477
897 28149 -0.118231722701 1.62908419605e-05 -22.4492268208 -11.0983600035
898 27795 -0.118343937145 1.57866794334e-05 -22.4393390316 -11.1165971035
899 28887 -0.118450604446 1.60440365223e-05 -22.4299525118 -11.1365699079
900 29247 -0.118558340471 1.64709480936e-05 -22.4204842723 -11.1347025639
901 28357 -0.118670666741 1.63714942078e-05 -22.4106257906 -11.1053084134
902 27772 -0.118783482912 1.62404568047e-05 -22.4007378143 -11.1481520306
903 27564 -0.118895819553 1.57046194621e-05 -22.3909052867 -11.127027332
904 28887 -0.11900193283 1.68702591159e-05 -22.3816297486 -11.1167684797
905 26896 -0.119120064081 1.56925086635e-05 -22.3713177002 -11.0977432988
906 28221 -0.119227338142 1.65501775711e-05 -22.3619661654 -11.1512023159
907 27143 -0.119342700583 1.5916362086e-05 -22.3519230544 -11.1493138176
908 27840 -0.119452247154 1.5895083565e-05 -22.3423992025 -11.1455278727
909 28617 -0.119560152486 1.67542836801e-05 -22.3330303445 -11.1397180911
910 26960 -0.119677332957 1.59689368164e-05 -22.3228699812 -11.137154251
911 27505 -0.119787908509 1.58632210313e-05 -22.3132954684 -11.1275765611
912 28364 -0.119896076214 1.66612658976e-05 -22.3039417844 -11.1023277719
913 26975 -0.120012574089 1.52299014928e-05 -22.29388138 -11.1651679114
914 29668 -0.120114115813 1.73758322596e-05 -22.2851240452 -11.1048821083
915 26244 -0.120237291105 1.56726333511e-05 -22.2745153025 -11.1506926638
916 27593 -0.120345642512 1.60359507142e-05 -22.2651962813 -11.1227032601
917 27960 -0.120455775026 1.64055947458e-05 -22.2557364995 -11.11239448
918 27289 -0.120569823006 1.56952341655e-05 -22.2459535805 -11.1218713376
919 28626 -0.120676355066 1.6193858027e-05 -22.2368274604 -11.1686844008
920 28546 -0.120786425358 1.61119354425e-05 -22.2274104799 -11.1280569854
921 28704 -0.120895637279 1.61864353304e-05 -22.2180792129 -11.1285065133
922 28645 -0.121005466167 1.66541329e-05 -22.2087075398 -11.1283537674
923 27262 -0.121121299706 1.60644409916e-05 -22.19883684 -11.1066000528
924 27545 -0.121232456245 1.64803336556e-05 -22.1893775491 -11.1258430729
925 26681 -0.121348321891 1.5768633999e-05 -22.1795308997 -11.1432293473
926 27780 -0.121456969156 1.62551391002e-05 -22.1703100775 -11.1207366813
927 27530 -0.121569474925 1.59832647668e-05 -22.1607743956 -11.1402594992
928 28046 -0.12167907764 1.60205671604e-05 -22.1514970822 -11.1465850381
929 28464 -0.12178812713 1.66355101716e-05 -22.1422786346 -11.1255538854
930 27141 -0.121904088913 1.58455344547e-05 -22.132489008 -11.1441000557
931 28039 -0.122012760492 1.65593164005e-05 -22.1233271068 -11.1473003229
932 26943 -0.122128614307 1.60491651052e-05 -22.1135727424 -11.0902750554
933 27265 -0.122240234054 1.62052559682e-05 -22.1041875892 -11.1474244941
934 27157 -0.122353162771 1.60343403387e-05 -22.0947050568 -11.1246213663
935 27523 -0.122464155622 1.63510083337e-05 -22.085397483 -11.1118042975
936 27012 -0.12257840626 1.58859529273e-05 -22.0758295399 -11.1020088143
937 27791 -0.12268783925 1.58248057745e-05 -22.0666772235 -11.0819786678
938 28771 -0.122794979123 1.60753210296e-05 -22.0577282059 -11.1377929859
939 29038 -0.122903314481 1.68338998245e-05 -22.0486908984 -11.1281364382
940 27137 -0.123020667791 1.54420458175e-05 -22.0389144123 -11.1133957825
941 29208 -0.12312443031 1.66477260847e-05 -22.0302814739 -11.1550204474
942 27816 -0.123239060675 1.62548272387e-05 -22.0207566746 -11.0852427709
943 27567 -0.123351489682 1.57836345758e-05 -22.011427342 -11.1169694989
944 28659 -0.123458559965 1.65975102052e-05 -22.0025542098 -11.1046682546
945 27432 -0.123573640678 1.59187248534e-05 -21.993029761 -11.1050579666
946 28130 -0.123682637928 1.62396931508e-05 -21.9840207418 -11.1296579332
947 27921 -0.123794247875 1.60514960645e-05 -21.9748077907 -11.082368694
948 28248 -0.123903924221 1.57752085092e-05 -21.9657662736 -11.1453808202
949 29392 -0.124009594309 1.65162510398e-05 -21.9570660904 -11.0940737968
950 28367 -0.124122209732 1.61303569764e-05 -21.9478060054 -11.0842980818
951 28470 -0.124231993514 1.58935093483e-05 -21.9387905883 -11.1432958491
952 29269 -0.124338679176 1.69487502211e-05 -21.9300407561 -11.1095141427
953 27036 -0.124457052992 1.61398494631e-05 -21.9203451788 -11.0783941921
954 27108 -0.124569627058 1.54039933156e-05 -21.9111371641 -11.0836697455
955 29290 -0.124672988974 1.64262917753e-05 -21.9026933919 -11.1101036736
956 28527 -0.12478467526 1.66314404375e-05 -21.8935811197 -11.0992752059
957 27212 -0.124900456699 1.57606209635e-05 -21.8841473504 -11.0995141272
958 28356 -0.125007940273 1.60424528272e-05 -21.8754011601 -11.0724236926
959 28714 -0.12511666089 1.62385979131e-05 -21.8665655293 -11.1169344355
960 28504 -0.125227116428 1.57443310486e-05 -21.8576004383 -11.1021828829
961 29751 -0.125331940477 1.65115115762e-05 -21.8491031589 -11.1049648985
962 28727 -0.125443815377 1.67172166338e-05 -21.8400458311 -11.1071316769
963 27166 -0.125560293481 1.57294345401e-05 -21.8306284351 -11.0964075112
964 28398 -0.125667485197 1.65359413076e-05 -21.8219731955 -11.1015769106
965 27353 -0.125782305733 1.60118868631e-05 -21.812713999 -11.1073781132
966 27785 -0.125892619547 1.58890530322e-05 -21.803829931 -11.0949662923
967 28578 -0.12600055759 1.6521028226e-05 -21.7951482759 -11.0758159712
968 27568 -0.126114826297 1.56112980143e-05 -21.7859693557 -11.0725150257
969 29166 -0.126219802355 1.63155769632e-05 -21.7775476777 -11.0595175694
970 28727 -0.126330349 1.63034075905e-05 -21.7686902468 -11.0585143086
971 28330 -0.126441585357 1.63939559884e-05 -21.7597890741 -11.0584301417
972 27683 -0.126554738951 1.57518549047e-05 -21.7507463184 -11.0964287945
973 28872 -0.126661197549 1.58330647144e-05 -21.7422494764 -11.1048922365
974 29865 -0.126766411551 1.64976405434e-05 -21.7338623135 -11.0363864266
975 28878 -0.126877900482 1.62702230686e-05 -21.7249861437 -11.0568371948
976 28575 -0.126988433611 1.61959778996e-05 -21.716197427 -11.1026339538
977 28489 -0.127098628357 1.64500180038e-05 -21.7074468516 -11.072079853
978 27680 -0.127212173948 1.58757626736e-05 -21.6984418989 -11.0699157325
979 28508 -0.127320153171 1.54164051104e-05 -21.6898894071 -11.0712975383
980 30764 -0.12742109006 1.67065167458e-05 -21.6819043914 -11.0677297928
981 29123 -0.127533512867 1.59596450137e-05 -21.6730217372 -11.0622112132
982 29740 -0.127639790868 1.65095445102e-05 -21.6646352323 -11.0834284946
983 28722 -0.127751661967 1.63108725889e-05 -21.6558185232 -11.0655980436
984 28303 -0.12786300109 1.58301948554e-05 -21.6470550765 -11.0606891921
985 29285 -0.127969232689 1.55821504751e-05 -21.638704165 -11.0559705687
986 31075 -0.128070744186 1.66052976105e-05 -21.6307338885 -11.0651597359
987 29721 -0.128181356292 1.66378285238e-05 -21.6220597156 -11.1103250651
988 28333 -0.128294868534 1.55353233822e-05 -21.6131696384 -11.0748861835
989 30208 -0.128397516564 1.69453661503e-05 -21.6051404596 -11.0488222175
990 27913 -0.128513992818 1.60007699891e-05 -21.5960411496 -11.0939128618
991 28386 -0.128623057075 1.60134971683e-05 -21.5875319589 -11.0628207026
992 28829 -0.128731364806 1.6228019272e-05 -21.5790923797 -11.0642828555
993 28649 -0.128841468905 1.57911045005e-05 -21.5705236189 -11.0751260626
994 29761 -0.128946587426 1.62972856061e-05 -21.5623529947 -11.0831622648
995 29368 -0.129055799379 1.61909267465e-05 -21.5538746682 -11.074991131
996 29294 -0.129164434452 1.63915955926e-05 -21.5454516936 -11.0358020434
997 28632 -0.129275681318 1.58531973506e-05 -21.5368371183 -11.0884666761
998 29556 -0.129381577922 1.60318069377e-05 -21.5286470806 -11.0897804865
999 29962 -0.12948794044 1.60795714616e-05 -21.520431037 -11.0464631554
1000 30226 -0.129594151756 1.65474436309e-05 -21.5122366843 -11.0317400994
1001 29079 -0.129705588485 1.60453774053e-05 -21.5036499192 -11.0576917855
1002 29438 -0.129812984528 1.65081001289e-05 -21.4953848939 -11.0834875224
1003 28435 -0.129925409926 1.59162657075e-05 -21.4867437177 -11.0788847063
1004 29166 -0.130032437663 1.63523276125e-05 -21.4785277547 -11.0776730843
1005 28620 -0.130143440015 1.61141002822e-05 -21.4700173179 -11.0755969392
1006 28772 -0.130252537293 1.57869191765e-05 -21.4616634757 -11.0611201059
1007 29901 -0.130357380792 1.63646808249e-05 -21.4536451792 -11.0513825185
1008 29305 -0.130467161948 1.65410831899e-05 -21.4452595578 -11.0746490317
1009 28212 -0.130580256275 1.54753861692e-05 -21.4366318606 -11.044716392
1010 30263 -0.130682415492 1.62862353252e-05 -21.428847957 -11.0487714032
1011 29897 -0.13079058378 1.66871620066e-05 -21.4206160933 -11.0794330834
1012 28358 -0.130904381226 1.58729982294e-05 -21.4119668032 -11.0322527274
1013 29215 -0.131011028277 1.59712669479e-05 -21.4038711746 -11.0348848484
1014 29799 -0.131117278745 1.59733971238e-05 -21.3958154366 -11.0581193484
1015 30388 -0.131222508323 1.65703023655e-05 -21.3878467116 -11.0373656781
1016 29168 -0.131333930197 1.61390266902e-05 -21.3794194695 -11.0590480095
1017 29248 -0.131442301918 1.57843176261e-05 -21.3712331727 -11.0117358475
1018 30404 -0.131546257899 1.66199828724e-05 -21.3633899197 -11.0349521247
1019 29036 -0.13165826617 1.58485464328e-05 -21.3549495134 -11.0629927221
1020 29987 -0.131763367806 1.62017223305e-05 -21.3470393275 -11.0664913395
1021 29879 -0.131871006414 1.65388905224e-05 -21.3389479904 -11.0450652478
1022 28771 -0.13198298186 1.56943375023e-05 -21.3305411394 -11.0638180371
1023 30183 -0.132086723249 1.64745165221e-05 -21.3227620135 -11.0340440542
1024 29254 -0.132197338105 1.59252477454e-05 -21.3144775567 -11.0693361718
1025 29978 -0.132302964727 1.67287968266e-05 -21.3065763866 -11.0294524238
1026 28315 -0.132417132561 1.5964554899e-05 -21.2980469418 -11.0284057357
1027 28900 -0.132524976312 1.60236171807e-05 -21.2900000941 -11.0332058163
1028 29321 -0.13263243959 1.6220133025e-05 -21.2819914048 -11.0254947443
1029 29161 -0.132741519317 1.56338315287e-05 -21.2738722056 -11.0246650435
1030 30781 -0.132843852261 1.6192740756e-05 -21.2662642971 -11.0293656041
1031 30698 -0.132949986255 1.61911518391e-05 -21.2583830948 -11.0458142231
1032 30620 -0.133056244639 1.64898679139e-05 -21.2505021201 -11.0302614172
1033 29631 -0.133166255258 1.6115413811e-05 -21.2423528099 -11.0520740655
1034 29784 -0.133273491089 1.5967540669e-05 -21.234418785 -11.0293599357
1035 30391 -0.133378677297 1.61342514571e-05 -21.2266457272 -11.0407234367
1036 30490 -0.133484788945 1.62541051895e-05 -21.2188136195 -11.0579458586
1037 30219 -0.133592166077 1.62632489527e-05 -21.2108976382 -11.0548417287
1038 29923 -0.133700134347 1.61047512337e-05 -21.2029477284 -11.0395268579
1039 30110 -0.133806717386 1.63322525557e-05 -21.1951092918 -11.0313108543
1040 29607 -0.133915720669 1.59920915807e-05 -21.1871025845 -11.0256401743
1041 30135 -0.1340215148 1.61141914193e-05 -21.1793409861 -11.0577758783
1042 30294 -0.134127835444 1.62808029899e-05 -21.1715500576 -11.0463470969
1043 29944 -0.134235882536 1.59195099734e-05 -21.1636421518 -11.0282179849
1044 30703 -0.134340217075 1.59963705637e-05 -21.1560150704 -11.0274217615
1045 31237 -0.134444156159 1.64711858324e-05 -21.1484257774 -11.0419439378
1046 30285 -0.134552848476 1.65026921984e-05 -21.1404988832 -11.02076659
1047 29269 -0.1346636239 1.58131844497e-05 -21.1324300076 -11.0300914505
1048 30337 -0.134767885383 1.61692413211e-05 -21.1248447571 -11.0513621998
1049 30328 -0.134874510878 1.64749224803e-05 -21.1170966809 -11.044967509
1050 29393 -0.13498486598 1.61118452089e-05 -21.1090873274 -11.0261448058
1051 29555 -0.135092491757 1.61801418946e-05 -21.1012855888 -11.0212909722
1052 29513 -0.135200651279 1.552610373e-05 -21.0934546197 -11.0267096177
1053 31495 -0.135301119526 1.69410711249e-05 -21.0861889967 -11.0161126687
1054 29115 -0.135415137404 1.57116931847e-05 -21.0779533766 -11.0332231308
1055 30490 -0.13551846923 1.58979563313e-05 -21.0704986782 -11.0067047822
1056 31331 -0.135621612439 1.60156951184e-05 -21.063066162 -11.0158998746
1057 31813 -0.135724729965 1.66654338554e-05 -21.0556440465 -11.0213378099
1058 30242 -0.13583478244 1.64739676613e-05 -21.0477321872 -11.0191521089
1059 29312 -0.135945282585 1.65389855055e-05 -21.0397979082 -11.0131100721
1060 28224 -0.136058337043 1.52481936798e-05 -21.0316903291 -11.0078234041
1061 30984 -0.136157818407 1.66032810519e-05 -21.0245645716 -11.0461002119
1062 29640 -0.136268568054 1.59746340007e-05 -21.0166409579 -10.9752329642
1063 30222 -0.136374094296 1.58373176397e-05 -21.009100136 -11.0198399638
1064 31248 -0.136476981369 1.6371583364e-05 -21.0017564257 -11.0032926094
1065 30604 -0.136584453216 1.59044167402e-05 -20.9940944373 -11.0032702299
1066 31428 -0.136687479766 1.6434453673e-05 -20.9867579547 -10.9984906124
1067 30584 -0.136795398452 1.59758605229e-05 -20.9790821041 -11.0078147788
1068 31180 -0.136899297798 1.64479575079e-05 -20.9717008197 -11.0094923582
1069 30301 -0.137007808118 1.63101941482e-05 -20.9640010408 -11.0088127546
1070 29861 -0.137116199224 1.59382058189e-05 -20.9563189689 -11.0319579839
1071 30560 -0.137220900695 1.6284171712e-05 -20.9489071562 -11.0142230826
1072 30196 -0.137328517175 1.60083981773e-05 -20.9412979478 -10.99687894
1073 30683 -0.137433468069 1.65201948856e-05 -20.9338859457 -11.0026403848
1074 29601 -0.137543737228 1.58759730685e-05 -20.926107622 -11.0122553474
1075 30486 -0.137648156448 1.59531094592e-05 -20.9187506945 -11.0275889058
1076 31152 -0.137751954509 1.66122453613e-05 -20.9114459481 -11.0067190396
1077 29774 -0.137862514985 1.58545556139e-05 -20.9036745138 -10.978939761
1078 30731 -0.137966376929 1.59391787742e-05 -20.8963825722 -11.0268865742
1079 31447 -0.1380695971 1.61115610789e-05 -20.8891439715 -11.0100868039
1080 31622 -0.138173645337 1.60655051874e-05 -20.8818556441 -11.0156148365
1081 31947 -0.138276867137 1.65406300832e-05 -20.8746334711 -11.040854961
1082 30756 -0.138385178687 1.61673499153e-05 -20.8670640166 -10.9863345667
1083 30752 -0.138491052845 1.61869937549e-05 -20.8596736324 -11.0209519604
1084 30687 -0.138597168242 1.58284792876e-05 -20.8522750557 -10.9761324375
1085 31757 -0.13869917004 1.65755269186e-05 -20.8451714338 -10.9922925624
1086 30465 -0.138808227084 1.57294621052e-05 -20.8375852883 -11.0098122502
1087 31846 -0.138909449069 1.66587351387e-05 -20.8305523011 -11.0256356445
1088 30294 -0.139019362967 1.57512989942e-05 -20.8229242549 -10.9716426071
1089 31597 -0.139121123978 1.59042885227e-05 -20.8158702332 -11.0329055942
1090 32448 -0.139222517218 1.70265658753e-05 -20.8088495462 -10.9975101194
1091 29737 -0.139335905384 1.5569672008e-05 -20.8010075597 -10.995690402
1092 31594 -0.139436497944 1.58810994971e-05 -20.7940586913 -10.9749850888
1093 32522 -0.139537629012 1.63325718417e-05 -20.7870803508 -11.0191359436
1094 31978 -0.139642516059 1.6300463778e-05 -20.7798510094 -11.0128774993
1095 31545 -0.139747911778 1.62309049619e-05 -20.7725949765 -10.9966384108
1096 31338 -0.139853203398 1.63173612321e-05 -20.7653544736 -11.0084926088
1097 30861 -0.139959871645 1.61994176278e-05 -20.7580278151 -11.0032908796
1098 30757 -0.140065947617 1.57608761361e-05 -20.7507503177 -10.9951041436
1099 32049 -0.140167050376 1.63174063177e-05 -20.7438218733 -10.9865268353
1100 31561 -0.140272529313 1.61477532922e-05 -20.7366016966 -10.9783902201
1101 31620 -0.140376814106 1.63305684662e-05 -20.7294714415 -11.0000895256
1102 31097 -0.140483162796 1.66069019151e-05 -20.7222084353 -11.0128767454
1103 29738 -0.140593755445 1.6179026563e-05 -20.7146645342 -10.9842157591
1104 29699 -0.140701568128 1.58663501895e-05 -20.7073190267 -10.9556710662
1105 30617 -0.140805700844 1.57631543467e-05 -20.7002324428 -10.9863932354
1106 31896 -0.140907060868 1.63212177446e-05 -20.6933422761 -10.9851150904
1107 31398 -0.141012837628 1.63372207639e-05 -20.6861599865 -10.9960367746
1108 30858 -0.141119641128 1.58292669847e-05 -20.6789163757 -10.9533865798
1109 31932 -0.141221369043 1.63947269372e-05 -20.6720248317 -10.9995002524
1110 31200 -0.141327958925 1.61674200639e-05 -20.6648120981 -10.977088935
1111 31196 -0.141433077879 1.60493751429e-05 -20.6577070888 -11.0021783295
1112 31568 -0.141536812773 1.5995430177e-05 -20.650703588 -10.9582124951
1113 32120 -0.141639307022 1.61948544671e-05 -20.6437916008 -10.9602580152
1114 32027 -0.141743229947 1.60652034064e-05 -20.636791123 -10.9752566031
1115 32357 -0.141845793523 1.62817023259e-05 -20.6298899579 -10.9433075506
1116 31980 -0.141950350031 1.62964741428e-05 -20.622862601 -11.0053625484
1117 31560 -0.14205569534 1.59540322871e-05 -20.615790288 -11.0051256245
1118 32247 -0.14215772265 1.64723069549e-05 -20.6089484274 -10.9877152089
1119 31261 -0.142264712626 1.59988836189e-05 -20.6017819001 -10.9491945939
1120 31796 -0.142367749217 1.6266868833e-05 -20.5948880338 -10.9652492301
1121 31473 -0.142473048725 1.60635500123e-05 -20.5878507083 -10.9851404358
1122 31802 -0.142576491717 1.60138883514e-05 -20.5809452652 -10.9447425329
1123 32297 -0.142678821858 1.66076904161e-05 -20.5741217143 -11.0101282311
1124 30883 -0.142787350008 1.55580893171e-05 -20.5668931188 -10.9795198655
1125 32850 -0.142885927048 1.61601147622e-05 -20.5603346723 -10.9918360503
1126 32870 -0.142988287782 1.6399350845e-05 -20.5535318835 -10.961555906
1127 32102 -0.143093400071 1.63415281765e-05 -20.5465540541 -10.9445645132
1128 31536 -0.143199076906 1.60159579348e-05 -20.5395467275 -10.9589469137
1129 32020 -0.143301861785 1.64624354092e-05 -20.5327388275 -11.0098245861
1130 31072 -0.143409112295 1.50926645159e-05 -20.5256431932 -10.9506343432
1131 34655 -0.143502217479 1.70380044708e-05 -20.5194900572 -10.9783604657
1132 31723 -0.143612073072 1.59150903477e-05 -20.5122378578 -10.9797997112
1133 32542 -0.143713389028 1.64524708271e-05 -20.5055570141 -10.9560638686
1134 31610 -0.143819657766 1.59664879168e-05 -20.4985574093 -10.952616431
1135 32257 -0.143921748474 1.60318205749e-05 -20.4918405365 -10.949179682
1136 32700 -0.144023560744 1.60630461335e-05 -20.4851493276 -10.9825706406
1137 33044 -0.14412503866 1.68110256686e-05 -20.4784873802 -10.9613320849
1138 30952 -0.14423477194 1.57941811531e-05 -20.471291649 -10.9789663558
1139 32143 -0.14433593969 1.63630225386e-05 -20.4646651137 -10.9582830626
1140 31507 -0.144441803353 1.6196249767e-05 -20.4577386996 -10.9605823678
1141 31411 -0.144546748838 1.59249191287e-05 -20.4508801259 -10.9417846325
1142 32190 -0.14464868046 1.62881680343e-05 -20.4442259103 -10.9409745987
1143 31794 -0.14475358386 1.59108478258e-05 -20.4373852865 -10.9515937098
1144 32629 -0.144854737858 1.61133930558e-05 -20.4307964395 -10.9475835068
1145 32804 -0.144956905226 1.64302904779e-05 -20.4241488318 -11.000678446
1146 31937 -0.145062487231 1.63338928431e-05 -20.4172866883 -10.9707811052
1147 31398 -0.145168346195 1.59510200336e-05 -20.4104143287 -10.9704580242
1148 32091 -0.145270601423 1.57787878144e-05 -20.4037833131 -10.9527874492
1149 33378 -0.145369783177 1.63300327832e-05 -20.3973585321 -10.973386136
1150 32828 -0.145473287116 1.61894803945e-05 -20.3906610317 -10.9462139068
1151 32750 -0.145576021157 1.63525836487e-05 -20.3840206734 -10.9502419605
1152 32136 -0.145680776794 1.64704632758e-05 -20.3772571479 -10.9533504293
1153 31159 -0.145787929374 1.55291488029e-05 -20.3703466886 -10.9626864013
1154 33242 -0.145885742279 1.62871680335e-05 -20.3640454591 -10.9405279843
1155 32836 -0.145988960837 1.61870712581e-05 -20.357403119 -10.9347410117
1156 32766 -0.146091654525 1.59840518388e-05 -20.3508018086 -10.9649648858
1157 33377 -0.146192128004 1.6969636653e-05 -20.344350208 -10.9315433682
1158 30766 -0.146303232215 1.56353623708e-05 -20.3372240254 -10.937647345
1159 32470 -0.146402877664 1.59440211561e-05 -20.3308399735 -10.9322150016
1160 33210 -0.146503350917 1.66526583361e-05 -20.3244097406 -10.9278677639
1161 31611 -0.146610911558 1.55937465028e-05 -20.3175335352 -10.9584897067
1162 33503 -0.146708747357 1.69478583348e-05 -20.3112858554 -10.9339928579
1163 30950 -0.146819377954 1.59383130108e-05 -20.3042289408 -10.9748566125
1164 31674 -0.146922222181 1.59070877089e-05 -20.2976761425 -10.9637272792
1165 32518 -0.147023524321 1.59470140873e-05 -20.2912285952 -10.9507234192
1166 33249 -0.147123957497 1.55056594469e-05 -20.2848431985 -10.9573454701
1167 35556 -0.147218390221 1.69359548541e-05 -20.2788455084 -10.9372703402
1168 32886 -0.147325639287 1.65737254601e-05 -20.2720411008 -10.960444034
1169 31554 -0.147432786545 1.57785486947e-05 -20.2652508772 -10.9762423735
1170 32820 -0.147532805968 1.6223454707e-05 -20.2589193215 -10.9497072099
1171 32630 -0.14763594576 1.61244027276e-05 -20.2523972608 -10.918744785
1172 32769 -0.147738238498 1.61249395437e-05 -20.2459357978 -10.936913001
1173 32906 -0.147840320231 1.63492574938e-05 -20.2394946361 -10.9414407109
1174 32300 -0.147944788381 1.60228414552e-05 -20.2329100971 -10.9114613897
1175 32773 -0.148046429542 1.57343930623e-05 -20.2265107213 -10.9567556859
1176 34242 -0.148144077297 1.65671921846e-05 -20.220369247 -10.9636840339
1177 32877 -0.148249005431 1.61579943413e-05 -20.2137769408 -10.9376527909
1178 32904 -0.148351299694 1.61971143712e-05 -20.2073571443 -10.9393316376
1179 32801 -0.148454003177 1.61312624753e-05 -20.2009186394 -10.9208583071
1180 32917 -0.148556107865 1.63107460802e-05 -20.1945245891 -10.9354758201
1181 32438 -0.148660109187 1.5751235298e-05 -20.1880188452 -10.916595066
1182 33834 -0.148758449034 1.68024968184e-05 -20.1818738126 -10.9394629935
1183 31720 -0.148866791787 1.52673167493e-05 -20.1751110934 -10.9583487642
1184 34754 -0.148960840211 1.64457092564e-05 -20.169246879 -10.9320567694
1185 33782 -0.149063593996 1.69547880156e-05 -20.1628464961 -10.9397063866
1186 31186 -0.149173850569 1.54620661667e-05 -20.1559864732 -10.9450099034
1187 33498 -0.149270867268 1.55067000047e-05 -20.1499567991 -10.9111043164
1188 35819 -0.149364959656 1.66770941538e-05 -20.1441147498 -10.9139947613
1189 34010 -0.149468809501 1.62214653509e-05 -20.1376735829 -10.9348498599
1190 33820 -0.149570106164 1.66033313072e-05 -20.1313975453 -10.8983243118
1191 32353 -0.149676111252 1.60207533026e-05 -20.1248369372 -10.9196385352
1192 32834 -0.149777645129 1.63042369897e-05 -20.1185598957 -10.9341419131
1193 32377 -0.149881701904 1.58825240087e-05 -20.1121338223 -10.9220122832
1194 33323 -0.149981618807 1.6431947075e-05 -20.1059700093 -10.9565258866
1195 32437 -0.150086394738 1.58613541054e-05 -20.0995133816 -10.9092105556
1196 33456 -0.150185979024 1.63233464702e-05 -20.0933832512 -10.9350796303
1197 32927 -0.150289284868 1.59916432164e-05 -20.0870307901 -10.9440882482
1198 33515 -0.150389598658 1.60796609062e-05 -20.080868892 -10.909766895
1199 33810 -0.150490023455 1.60121107082e-05 -20.0747066559 -10.909560401
1200 34343 -0.150589248387 1.67062758148e-05 -20.0686244049 -10.9020555036
1201 32512 -0.150695649248 1.60548917173e-05 -20.0621092995 -10.9204091035
1202 32881 -0.150797326388 1.54855643535e-05 -20.055890207 -10.8961624933
1203 35235 -0.150892066156 1.68880579274e-05 -20.0501013866 -10.9340486187
1204 32748 -0.150999237484 1.56113672454e-05 -20.0435598744 -10.9182888059
1205 34646 -0.151095554707 1.64846599124e-05 -20.0376871194 -10.9513790856
1206 33545 -0.151198916203 1.64562109832e-05 -20.0313914208 -10.8996855852
1207 32572 -0.15130362781 1.61130850552e-05 -20.0250204098 -10.9311603232
1208 32748 -0.151405880981 1.59557118446e-05 -20.0188056921 -10.9219286105
1209 33455 -0.151506059657 1.60082828604e-05 -20.0127234815 -10.9342774313
1210 33995 -0.15160576643 1.61849843036e-05 -20.0066762258 -10.9132292773
1211 33930 -0.15170667066 1.64495309855e-05 -20.0005627376 -10.9031266318
1212 32969 -0.151810708988 1.61792328078e-05 -19.9942660881 -10.9326764184
1213 32925 -0.151913104972 1.59744066578e-05 -19.9880754941 -10.901167452
1214 33572 -0.152013226043 1.62284092958e-05 -19.9820288113 -10.9229771074
1215 33361 -0.152115260933 1.58585667313e-05 -19.9758730226 -10.9221025447
1216 34419 -0.15221342529 1.65481027102e-05 -19.9699569059 -10.9193573913
1217 33111 -0.152317861567 1.60509221082e-05 -19.9636694209 -10.933614128
1218 33500 -0.152418569603 1.56973336871e-05 -19.9576128497 -10.8972551368
1219 35133 -0.152514743265 1.70163317313e-05 -19.9518348862 -10.9046194923
1220 32231 -0.152623590577 1.59499269722e-05 -19.9453024658 -10.9211683388
1221 32946 -0.152724503262 1.59618895864e-05 -19.9392528267 -10.8832880198
1222 33636 -0.152824450465 1.59138449677e-05 -19.9332673068 -10.8736170579
1223 34509 -0.152922829227 1.56814323961e-05 -19.9273817711 -10.9023103786
1224 36250 -0.15301741402 1.71162974226e-05 -19.9217288669 -10.8950076662
1225 32921 -0.15312574818 1.61660769455e-05 -19.9152610283 -10.9057588659
1226 32921 -0.153228067147 1.62095592047e-05 -19.9091589732 -10.9268370383
1227 32776 -0.153330887894 1.59754187075e-05 -19.9030335012 -10.9092261329
1228 33417 -0.153431247796 1.6200288514e-05 -19.8970609147 -10.9005446921
1229 33301 -0.153533196293 1.60329465495e-05 -19.8910001335 -10.9003462255
1230 33754 -0.153633412691 1.60680758415e-05 -19.8850485486 -10.897213868
1231 34092 -0.153733350452 1.62939829193e-05 -19.8791196473 -10.9119209034
1232 33653 -0.153835352037 1.61761075983e-05 -19.8730746173 -10.9237455139
1233 33619 -0.153936666433 1.56515749347e-05 -19.8670766135 -10.9097286478
1234 35422 -0.154032167563 1.60963262066e-05 -19.8614285071 -10.9159440097
1235 35674 -0.154130035672 1.65666803772e-05 -19.8556461856 -10.911692738
1236 34254 -0.154232830419 1.64348660063e-05 -19.8495790671 -10.910389087
1237 33333 -0.15433620633 1.59898558658e-05 -19.8434841294 -10.9090445252
1238 33935 -0.154435887143 1.63589161617e-05 -19.8376131979 -10.9025354937
1239 33278 -0.15453887043 1.57774137471e-05 -19.8315540888 -10.8784445468
1240 34618 -0.154636251977 1.60335398131e-05 -19.8258304715 -10.9138552998
1241 35087 -0.154734550182 1.61313020718e-05 -19.8200587939 -10.8976934527
1242 35211 -0.154833273114 1.66493819323e-05 -19.8142680514 -10.9133979613
1243 33527 -0.154937694885 1.63072842106e-05 -19.8081494312 -10.8886006217
1244 33050 -0.155040705788 1.61688594681e-05 -19.8021199151 -10.9128355836
1245 33041 -0.155142856871 1.58874955619e-05 -19.7961470276 -10.865720694
1246 33989 -0.155241820641 1.60869070394e-05 -19.7903664813 -10.9155401317
1247 34263 -0.155341624365 1.64184697814e-05 -19.7845428197 -10.8823991877
1248 33397 -0.155444797762 1.62206361475e-05 -19.7785288032 -10.870438058
1249 33213 -0.15554701032 1.53594926076e-05 -19.7725770698 -10.8674766798
1250 36050 -0.15563991028 1.66888536733e-05 -19.7671730103 -10.8776352727
1251 34189 -0.155743561628 1.61014013673e-05 -19.7611496076 -10.8988664123
1252 34414 -0.155843235951 1.59419293883e-05 -19.755363351 -10.8692755054
1253 35206 -0.15594080699 1.55728173537e-05 -19.7497049142 -10.8691460443
1254 37393 -0.156033290278 1.75409550294e-05 -19.7443467489 -10.8659056073
1255 32528 -0.156144980499 1.58638737741e-05 -19.7378825591 -10.9156320921
1256 33542 -0.156244453914 1.59974888968e-05 -19.7321316473 -10.9011965925
1257 34121 -0.156343909648 1.52236830969e-05 -19.7263876053 -10.8866699532
1258 37551 -0.156434128963 1.67581474082e-05 -19.7211820613 -10.9048864208
1259 35363 -0.156536468096 1.65650240884e-05 -19.7152830271 -10.9061087971
1260 33961 -0.156639694877 1.58785269118e-05 -19.709339073 -10.8686940432
1261 34967 -0.156737209463 1.62359950758e-05 -19.7037297893 -10.8871695386
1262 34720 -0.156837273541 1.61330310794e-05 -19.6979796552 -10.864454796
1263 34837 -0.156936536211 1.61752876642e-05 -19.6922813727 -10.8420799802
1264 34805 -0.157036104857 1.60326426746e-05 -19.6865713197 -10.8605186996
1265 35280 -0.15713412869 1.66077944651e-05 -19.6809555196 -10.8787960128
1266 33735 -0.157237968578 1.56186779939e-05 -19.6750126347 -10.8723429867
1267 35664 -0.157332946069 1.64770207254e-05 -19.6695824593 -10.867915866
1268 34557 -0.157434735055 1.61322202994e-05 -19.6637686776 -10.8803925325
1269 34676 -0.157534222459 1.64372043917e-05 -19.658092173 -10.8916946917
1270 33736 -0.157636994217 1.58846314507e-05 -19.6522343042 -10.8961432331
1271 34714 -0.157734901403 1.61241049601e-05 -19.6466594046 -10.8957096402
1272 34862 -0.157834072799 1.58526644561e-05 -19.6410181765 -10.8855771838
1273 35989 -0.157930036143 1.62296102528e-05 -19.635564846 -10.8743717555
1274 35758 -0.158028598485 1.6197998763e-05 -19.6299693554 -10.8777321675
1275 35643 -0.158127127947 1.65037967627e-05 -19.6243813285 -10.8949736268
1276 34443 -0.158229250926 1.57619785741e-05 -19.6185953957 -10.8778561501
