100 100000 0.95 reinforce cheb_reinforce 30000000

1 100 0 1.21662276827e-05 -56.6666666667 -11.9539190042
2 10667 -0.000135279758123 1.31519048617e-05 -56.5411715114 -12.1507665423
3 14520 -0.000260623357041 1.62996808487e-05 -56.4254534758 -12.1002211347
4 14325 -0.000417019921755 1.62587093263e-05 -56.2818162138 -12.1278364084
5 14191 -0.000573755512377 1.59704436878e-05 -56.1386952375 -12.1064488378
6 14476 -0.00072619123673 1.5984882525e-05 -56.0002886417 -12.1369885044
7 14745 -0.000877366157362 1.60193138993e-05 -55.8637878302 -12.1671891807
8 14967 -0.00102774097418 1.6459120571e-05 -55.7287551169 -12.1596788486
9 14529 -0.00118455402266 1.60184444554e-05 -55.5887265916 -12.1387966185
10 14749 -0.00133602760655 1.57441130947e-05 -55.4542212395 -12.096123806
11 15395 -0.00148174846716 1.61967159493e-05 -55.3255188598 -12.1526035116
12 15348 -0.00163188978133 1.66360526413e-05 -55.193619104 -12.0742727131
13 14634 -0.00178981920848 1.58915756046e-05 -55.0556453372 -12.1151570691
14 15048 -0.00193859175004 1.602579807e-05 -54.9263856803 -12.1534558893
15 15264 -0.0020875541947 1.64852570911e-05 -54.7976496705 -12.1058482764
16 14778 -0.00224328697529 1.65724829903e-05 -54.6637934569 -12.1386772016
17 14182 -0.00240310245532 1.60552565482e-05 -54.5271983917 -12.1516237371
18 14343 -0.00255705764503 1.61973398821e-05 -54.3963439328 -12.1051124637
19 14298 -0.00271261857716 1.6660136701e-05 -54.2648480392 -12.1123919814
20 13600 -0.00287668125672 1.54011732458e-05 -54.1269468726 -12.0888595008
21 14699 -0.00302256201602 1.62498472263e-05 -54.0049964842 -12.1278580258
22 14575 -0.00317713693619 1.65441857338e-05 -53.8764588686 -12.1177532002
23 14027 -0.00333755643901 1.59461260619e-05 -53.7437958784 -12.1249943808
24 14344 -0.00349045836216 1.63656649709e-05 -53.6180406527 -12.1010000239
25 14057 -0.00364897808708 1.56667369462e-05 -53.488371163 -12.0891189489
26 14789 -0.00379692629278 1.65631644276e-05 -53.3679926144 -12.1053747601
27 14206 -0.00395651708493 1.54490504457e-05 -53.2388319185 -12.0817934158
28 15280 -0.00410004527227 1.69669722606e-05 -53.1232787469 -12.1355013384
29 14089 -0.00426420463367 1.55431911498e-05 -52.9918154582 -12.0861419827
30 15010 -0.00440990157063 1.57862802334e-05 -52.875758048 -12.095441664
31 15600 -0.00455504738344 1.58535143157e-05 -52.7607155198 -12.1312429135
32 16103 -0.00469851743282 1.64759396859e-05 -52.6475618963 -12.092918456
33 15605 -0.00484998167528 1.63074662564e-05 -52.5287037001 -12.1013512481
34 15383 -0.00500097491771 1.64866369451e-05 -52.4108242598 -12.1034231266
35 14891 -0.00515612800833 1.68862620616e-05 -52.2903259255 -12.1156075047
36 13843 -0.00532095111802 1.52963087525e-05 -52.1630099446 -12.120848246
37 15123 -0.00546379703204 1.56307888373e-05 -52.05324262 -12.1107048981
38 15968 -0.00560584859333 1.69149987242e-05 -51.944608991 -12.0706412923
39 14801 -0.0057655194785 1.55494281207e-05 -51.8231193282 -12.1114477432
40 15758 -0.0059077709992 1.65193445274e-05 -51.7154307719 -12.0940291897
41 15204 -0.00606162590379 1.6223445472e-05 -51.5995340877 -12.0855552744
42 15116 -0.00621316202265 1.61721315096e-05 -51.4859648491 -12.0812756882
43 15107 -0.00636426403241 1.61235381915e-05 -51.3732904763 -12.029083394
44 15173 -0.00651458580515 1.66132020207e-05 -51.2617580044 -12.097795343
45 14501 -0.00667302156482 1.64899511381e-05 -51.1448054032 -12.1213562083
46 14033 -0.00683288246267 1.51495048154e-05 -51.0274202217 -12.0843039588
47 15561 -0.00697235004499 1.62058557266e-05 -50.9255141492 -12.0617953256
48 15499 -0.0071218419519 1.6147394316e-05 -50.8168015929 -12.0803145289
49 15529 -0.0072706501836 1.65168987266e-05 -50.7091148005 -12.0880958429
50 14987 -0.00742559319383 1.6372348118e-05 -50.5975448115 -12.0756009408
51 14677 -0.00758079100865 1.61651547034e-05 -50.4863560548 -12.0707544895
52 14679 -0.0077340157541 1.59986275961e-05 -50.3771311559 -12.0758973219
53 14931 -0.00788437567386 1.65740113436e-05 -50.2704760162 -12.0301542276
54 14326 -0.00804339720364 1.56480322714e-05 -50.158241325 -12.0984773272
55 15100 -0.00818963577341 1.65350264216e-05 -50.0555370072 -12.0478359874
56 14546 -0.00834708147099 1.59198281721e-05 -49.9455023268 -12.0645518568
57 14915 -0.00849678323258 1.59710885211e-05 -49.8413956712 -12.0315672313
58 15214 -0.00864548405858 1.63870674849e-05 -49.7384794235 -12.0647908315
59 14877 -0.00879977332104 1.61748503105e-05 -49.6322124489 -12.0552281898
60 14864 -0.00895213084723 1.60369814408e-05 -49.5277889626 -12.1102587285
61 15060 -0.0091022022004 1.62911568374e-05 -49.4254271366 -12.1093841648
62 14870 -0.0092556225932 1.63215905065e-05 -49.3212848913 -12.0607429981
63 14638 -0.00941054741897 1.60790594777e-05 -49.2166346992 -12.0614862021
64 14768 -0.00956249374639 1.57723053662e-05 -49.1144938241 -12.0755762016
65 15371 -0.00970859068153 1.61835418542e-05 -49.0167461781 -12.0317201234
66 15344 -0.00985862663527 1.64275060709e-05 -48.9168303626 -12.0819160167
67 14943 -0.0100129561847 1.62758972039e-05 -48.8145457794 -12.0460297978
68 14778 -0.0101667127069 1.60913393204e-05 -48.7131321407 -12.0334576766
69 14891 -0.0103181474175 1.65174673423e-05 -48.6137256866 -12.033869671
70 14370 -0.0104763848668 1.62535592751e-05 -48.5103545361 -12.016149981
71 14243 -0.0106327844224 1.57695157434e-05 -48.4086833503 -12.0585567503
72 14829 -0.0107815021876 1.63211526164e-05 -48.3124630438 -12.0524582558
73 14598 -0.0109366334301 1.59129295993e-05 -48.2125647453 -12.0390817921
74 14978 -0.0110859512629 1.59833863318e-05 -48.1168616387 -12.0495013443
75 15259 -0.0112345460204 1.66912311797e-05 -48.0220586812 -12.1022754839
76 14468 -0.0113939058124 1.55770345625e-05 -47.9208684166 -12.0471794422
77 15360 -0.0115382429364 1.67816540811e-05 -47.8296436944 -12.069262872
78 14431 -0.0116986720113 1.54006295056e-05 -47.7287207597 -12.0272425287
79 15598 -0.0118402813549 1.56690877961e-05 -47.6400473409 -11.9543568445
80 16406 -0.0119807691541 1.74876283345e-05 -47.5524539134 -12.0225580479
81 14349 -0.0121484226657 1.56256265301e-05 -47.4484118067 -12.0430246008
82 15159 -0.0122941687083 1.64091350124e-05 -47.3583944009 -12.0125970638
83 14790 -0.012449119065 1.59514189649e-05 -47.2631270526 -11.9835216111
84 15116 -0.0125981141982 1.57299100549e-05 -47.171941013 -12.043684245
85 15801 -0.0127418216379 1.66012755913e-05 -47.084378473 -11.9987205385
86 15119 -0.0128968717875 1.60093886768e-05 -46.9903284609 -11.997437675
87 15362 -0.0130452082851 1.65090582135e-05 -46.9007597612 -12.0080646578
88 14837 -0.013200855375 1.51584550981e-05 -46.8072037978 -12.070399248
89 16438 -0.0133366335521 1.64179034824e-05 -46.7259453869 -12.0161776782
90 16024 -0.0134855794287 1.65463264582e-05 -46.6371843532 -11.9982258692
91 15418 -0.0136386103899 1.66167827341e-05 -46.5463979001 -12.0448792942
92 14729 -0.0137958447101 1.61128899788e-05 -46.453546627 -11.9966781787
93 14809 -0.0139479004469 1.59165751154e-05 -46.3641640618 -12.0063132196
94 15189 -0.0140962121271 1.57209782984e-05 -46.277368692 -11.9880130057
95 15892 -0.0142394274092 1.71521326976e-05 -46.1939155802 -12.072847963
96 14380 -0.0144036856553 1.53139900401e-05 -46.0986327624 -12.0191405866
97 15681 -0.0145441273376 1.67071197222e-05 -46.0175293022 -12.0221452328
98 14844 -0.0147016046146 1.58664334535e-05 -45.9269842191 -11.9614157802
99 15303 -0.0148488991898 1.58739085761e-05 -45.8426706018 -12.0277972972
100 15764 -0.014994091409 1.6866206122e-05 -45.7599144335 -12.001065228
101 14684 -0.0151539327998 1.58144706938e-05 -45.6692123935 -11.9990472957
102 15218 -0.0153011536585 1.56337390975e-05 -45.5860438414 -12.0323376963
103 16064 -0.0154428091054 1.66887348364e-05 -45.5063538552 -11.9759768084
104 15235 -0.0155980817785 1.62231882607e-05 -45.419377844 -11.9824621698
105 15147 -0.0157494592716 1.58088745075e-05 -45.3349583686 -11.9866733496
106 15707 -0.0158943201377 1.57115074625e-05 -45.2545171697 -11.9667613662
107 16449 -0.0160350015274 1.61180540679e-05 -45.1767169467 -11.9854375208
108 16530 -0.0161789717442 1.69272189274e-05 -45.0974225026 -12.0207217763
109 15303 -0.0163361155196 1.59094434407e-05 -45.0112448791 -11.9929533848
110 15707 -0.0164818955527 1.6074482689e-05 -44.9316444937 -12.0267395832
111 15854 -0.0166285043232 1.62916180268e-05 -44.8519247093 -11.996656467
112 15654 -0.0167780413022 1.65576301486e-05 -44.770954677 -11.9796007349
113 15045 -0.0169330648181 1.55494479479e-05 -44.6873761375 -11.9518783907
114 16018 -0.0170741584272 1.59774042489e-05 -44.6116262859 -11.9716097148
115 16328 -0.0172177509435 1.65911663603e-05 -44.5348446274 -11.9489379767
116 15639 -0.0173701074016 1.55861806992e-05 -44.4537163429 -11.958668734
117 16588 -0.0175090817485 1.66619573737e-05 -44.3800170027 -11.9642323761
118 15775 -0.0176614301753 1.59718814379e-05 -44.2995554785 -11.9523500416
119 16089 -0.0178060338626 1.65392284567e-05 -44.2235018161 -11.9592978959
120 15492 -0.0179586349472 1.54038852331e-05 -44.143575257 -11.9542793363
121 16740 -0.0180953606327 1.67912617666e-05 -44.0722525814 -11.9340532956
122 15712 -0.0182491977082 1.59834302852e-05 -43.9923282994 -11.997613219
123 16006 -0.0183942808089 1.61377156549e-05 -43.9172650042 -11.9697129278
124 16053 -0.0185405536586 1.62899969412e-05 -43.8418918124 -11.9694131359
125 15853 -0.0186891338801 1.5991999596e-05 -43.765641958 -11.9455468679
126 16136 -0.0188337106514 1.64536589366e-05 -43.6917469569 -11.9699068299
127 15672 -0.0189846447018 1.58096143274e-05 -43.6149167973 -12.0005322983
128 16250 -0.019127070552 1.67913735605e-05 -43.5427100802 -11.9624071055
129 15252 -0.0192832117156 1.57199742784e-05 -43.4638743688 -11.9287219964
130 15959 -0.0194261144916 1.59971073052e-05 -43.3920182731 -11.9876111274
131 16235 -0.0195702937205 1.6369493488e-05 -43.3198048769 -12.0056000261
132 15904 -0.0197193595869 1.64334891054e-05 -43.2454426916 -11.9265971189
133 15479 -0.0198710489416 1.56341112402e-05 -43.17008166 -11.9728759244
134 16339 -0.0200115110457 1.58707578739e-05 -43.1005755445 -11.9751636367
135 16837 -0.0201519744552 1.69180692281e-05 -43.0313336741 -11.9378978277
136 15601 -0.0203075226771 1.62301538251e-05 -42.9549629773 -11.9535215884
137 15500 -0.0204572310902 1.61851088234e-05 -42.8817626517 -11.8965618087
138 15470 -0.0206066677423 1.59010468671e-05 -42.8089899467 -11.9213420563
139 15892 -0.0207515204976 1.5556241988e-05 -42.7387289061 -11.9532409489
140 16908 -0.020888910104 1.69905049782e-05 -42.6723405675 -11.9345127085
141 15552 -0.021045369304 1.61365992211e-05 -42.597035417 -11.9106991063
142 15599 -0.021193743151 1.57317992652e-05 -42.5259131105 -11.9353519004
143 16303 -0.0213352388223 1.63091707839e-05 -42.4583504177 -11.9525433161
144 16068 -0.0214829925925 1.67721541429e-05 -42.3880715842 -12.0049810802
145 15111 -0.0216396831186 1.50488454289e-05 -42.313843855 -11.9182132468
146 16929 -0.0217725079886 1.66037569115e-05 -42.2511637402 -11.9378011755
147 16194 -0.0219223447442 1.62303700663e-05 -42.1807206261 -11.9390997344
148 16089 -0.0220692901147 1.62674818386e-05 -42.1119080909 -11.923159173
149 15925 -0.022217329724 1.63250656793e-05 -42.0428531659 -11.9510357129
150 15671 -0.0223670931567 1.54148558054e-05 -41.9732683198 -11.893659263
151 16914 -0.0225032084922 1.66187769344e-05 -41.910262672 -11.9248627336
152 16155 -0.0226533615658 1.59120739933e-05 -41.8410204309 -11.910356742
153 16577 -0.0227952877931 1.65410396928e-05 -41.7758225043 -11.9281467128
154 15959 -0.0229456562059 1.62678977319e-05 -41.7070105398 -11.9073190427
155 15795 -0.0230943044843 1.57518153925e-05 -41.6392513299 -11.8975076752
156 16474 -0.0232352416524 1.62647876514e-05 -41.5752495965 -11.9181652126
157 16310 -0.0233814969621 1.61750223105e-05 -41.5090809565 -11.9499828468
158 16296 -0.0235270103732 1.61233091523e-05 -41.4434973859 -11.9056883254
159 16367 -0.0236717406121 1.65651835716e-05 -41.3785121913 -11.9557983188
160 15718 -0.0238234771218 1.61736081115e-05 -41.3106424193 -11.9313126144
161 15706 -0.0239716819072 1.57359677675e-05 -41.2446090828 -11.9251182565
162 16407 -0.0241127620101 1.64827992435e-05 -41.1819845686 -11.9531732602
163 15889 -0.0242629311696 1.60336246225e-05 -41.1155752557 -11.9188965951
164 16104 -0.0244080261737 1.60158861211e-05 -41.0516531872 -11.957070467
165 16352 -0.0245518603602 1.69148285404e-05 -40.9885212699 -11.9251232285
166 15157 -0.0247096423542 1.55081718229e-05 -40.9195345946 -11.9156424189
167 16205 -0.024849546643 1.52823842003e-05 -40.8585971093 -11.8962133477
168 17728 -0.0249813586837 1.62600288834e-05 -40.8013832361 -11.8982000038
169 17560 -0.0251222711395 1.67665002139e-05 -40.7404315867 -11.9086023573
170 16523 -0.0252720637916 1.6015331285e-05 -40.6758781084 -11.8837097895
171 16778 -0.0254140536334 1.63598387008e-05 -40.6149137035 -11.9011951863
172 16452 -0.0255605292692 1.68654065642e-05 -40.5522529521 -11.8608441734
173 15326 -0.0257169790375 1.56196250513e-05 -40.4855815328 -11.9167721836
174 16201 -0.02585790593 1.5732294465e-05 -40.425750484 -11.8627585194
175 16931 -0.0259967557171 1.6628596058e-05 -40.3670089477 -11.8570977328
176 16155 -0.0261469968281 1.53637401425e-05 -40.3036791628 -11.9270516918
177 17527 -0.0262802661053 1.69778797341e-05 -40.247703208 -11.8839530314
178 16142 -0.0264337252296 1.60435868492e-05 -40.1834785557 -11.8797106088
179 16344 -0.026577840968 1.65954231729e-05 -40.1233886293 -11.8706936383
180 15648 -0.0267301947786 1.6031525381e-05 -40.0600988163 -11.9108287447
181 15864 -0.026876368124 1.59526832384e-05 -39.9996022685 -11.8124404479
182 16212 -0.0270202519948 1.64369056217e-05 -39.9402680585 -11.8691273541
183 15773 -0.0271705507931 1.55990442556e-05 -39.8785148193 -11.8853118301
184 16708 -0.0273091383464 1.68758516733e-05 -39.8217772263 -11.8765994871
185 15548 -0.0274645633315 1.57080266399e-05 -39.758377812 -11.8684405971
186 16289 -0.0276059058984 1.62691189023e-05 -39.7009340362 -11.8593851504
187 16120 -0.0277530608941 1.55780451724e-05 -39.6413406786 -11.9178769651
188 17112 -0.0278898181143 1.64007916642e-05 -39.5861516082 -11.8582578413
189 16710 -0.0280355225752 1.60441600745e-05 -39.5275558676 -11.892570063
190 16918 -0.0281771769557 1.64485783895e-05 -39.4707896477 -11.844198202
191 16440 -0.0283244979552 1.62259708149e-05 -39.4119614615 -11.8938683596
192 16341 -0.028470267708 1.61148335207e-05 -39.3539612199 -11.9105584981
193 16427 -0.0286146604413 1.57343649534e-05 -39.2967122665 -11.8789361901
194 17163 -0.0287525844384 1.67154432559e-05 -39.2422160888 -11.8145171753
195 16233 -0.0289032478225 1.6131691111e-05 -39.1828952392 -11.8535527006
196 16290 -0.0290483957425 1.63084468816e-05 -39.125951196 -11.8539312062
197 16057 -0.0291961964697 1.55068102913e-05 -39.0681722341 -11.8621902023
198 17169 -0.0293321020386 1.59797778525e-05 -39.0152257298 -11.862652191
199 17497 -0.0294708352028 1.67532493504e-05 -38.9613569221 -11.8619462738
200 16486 -0.029620678015 1.61534955618e-05 -38.9033767724 -11.8552875422
201 16507 -0.0297650622096 1.65394584716e-05 -38.8477066296 -11.878215841
202 15894 -0.02991572263 1.56450990379e-05 -38.7898224944 -11.890464721
203 16758 -0.030054513739 1.57568424807e-05 -38.7366837301 -11.8770588374
204 17469 -0.0301914201383 1.63328181819e-05 -38.6844396397 -11.8395909381
205 17176 -0.0303345362185 1.65418484942e-05 -38.6300087625 -11.8909698364
206 16534 -0.0304822726525 1.58595588008e-05 -38.5740157084 -11.8816207278
207 17057 -0.0306217274426 1.62605183252e-05 -38.5213423419 -11.8666377256
208 16895 -0.0307653927099 1.62282166414e-05 -38.467261418 -11.85275431
209 16789 -0.0309092224878 1.57203678019e-05 -38.4133034491 -11.8696016471
210 17567 -0.0310454331812 1.6819725688e-05 -38.3623734926 -11.82717475
211 16441 -0.0311960772599 1.59211178503e-05 -38.3062380902 -11.8482048759
212 16855 -0.0313369082411 1.63137420329e-05 -38.2539401911 -11.8165294926
213 16605 -0.0314822968425 1.60067970596e-05 -38.2001321501 -11.8674153498
214 16876 -0.0316237988744 1.6393685541e-05 -38.1479395159 -11.8829349336
215 16491 -0.03177040218 1.50674146249e-05 -38.0940485137 -11.8527150189
216 18440 -0.0318978255349 1.72546034035e-05 -38.0473587508 -11.909667801
217 16514 -0.0320520233599 1.62393186009e-05 -37.99104497 -11.8330232609
218 16392 -0.0321976843836 1.594225157e-05 -37.9380355607 -11.8254151711
219 16769 -0.0323390645261 1.60107137538e-05 -37.8867566364 -11.8278891677
220 17036 -0.032479935373 1.6460315149e-05 -37.8358306818 -11.8570493998
221 16535 -0.0326269374891 1.59695706514e-05 -37.7828664043 -11.844721332
222 16868 -0.0327681418699 1.59281356248e-05 -37.7321615334 -11.7959680838
223 17281 -0.0329072897668 1.60726319055e-05 -37.682357763 -11.8409007539
224 17446 -0.0330470331783 1.61028735695e-05 -37.6325025489 -11.8411451511
225 17559 -0.0331865898849 1.65286459375e-05 -37.5828748926 -11.8267294043
226 16925 -0.0333324918952 1.63629884591e-05 -37.531161928 -11.7676079865
227 16591 -0.0334783814261 1.66790506078e-05 -37.4796274477 -11.8131210618
228 15750 -0.0336310045419 1.55158948894e-05 -37.4258997203 -11.8054684381
229 16826 -0.033768372089 1.61286606175e-05 -37.3777036455 -11.8270394632
230 16890 -0.0339108906386 1.61123632636e-05 -37.3278609938 -11.8391533227
231 16983 -0.0340528777134 1.66719694199e-05 -37.2783661554 -11.8086329993
232 16134 -0.0342036109698 1.51575624414e-05 -37.225998522 -11.816141929
233 17876 -0.0343338036821 1.64490727071e-05 -37.1809122706 -11.8258107522
234 17371 -0.0344771306558 1.60337534881e-05 -37.1314324634 -11.8168241952
235 17606 -0.03461590036 1.59671075871e-05 -37.0836798815 -11.8352477597
236 17966 -0.0347527043084 1.69066183356e-05 -37.0367513045 -11.8373046255
237 16667 -0.0349030966146 1.54758721282e-05 -36.9853296925 -11.8067331317
238 17878 -0.0350360165573 1.61759919384e-05 -36.9400281714 -11.8312872533
239 17860 -0.0351750175601 1.69261707515e-05 -36.892799964 -11.7865816345
240 16536 -0.0353261796606 1.63118462907e-05 -36.8416082441 -11.8481681651
241 16294 -0.0354729327584 1.58269529002e-05 -36.7920767392 -11.8627736827
242 16865 -0.0356128900857 1.59533037176e-05 -36.7449915227 -11.8072826643
243 17234 -0.0357524484472 1.62176003062e-05 -36.6981881791 -11.7754720228
244 17145 -0.0358946868176 1.61488586129e-05 -36.6506370507 -11.8120584444
245 17175 -0.0360361950473 1.65976893791e-05 -36.6034805703 -11.8117210102
246 16440 -0.0361848547708 1.57603037466e-05 -36.5541018834 -11.8036778884
247 17132 -0.036323133597 1.63254012876e-05 -36.5083186696 -11.7631102567
248 16858 -0.0364675304718 1.54577585226e-05 -36.4606606853 -11.757815524
249 18116 -0.0365994190397 1.69694411968e-05 -36.417265125 -11.8152087211
250 16699 -0.0367502233339 1.6066788919e-05 -36.367801808 -11.808374829
251 16868 -0.0368922872741 1.60846117999e-05 -36.3213569555 -11.7749842074
252 17008 -0.037033922602 1.59386016542e-05 -36.2751979966 -11.8002083196
253 17406 -0.0371726613752 1.62162777041e-05 -36.2301234852 -11.77453116
254 17318 -0.0373141741882 1.60769196417e-05 -36.184290268 -11.7979030943
255 17476 -0.0374538358645 1.62346971358e-05 -36.1391970945 -11.7912979222
256 17355 -0.0375953575705 1.61226079781e-05 -36.0936450817 -11.7740728869
257 17432 -0.0377355915115 1.63606527556e-05 -36.0486476331 -11.7874147441
258 17092 -0.0378793062858 1.59529668904e-05 -36.0026772676 -11.7696091292
259 17466 -0.0380179295104 1.63820925071e-05 -35.9584730174 -11.7916078682
260 17088 -0.0381618488787 1.61022922123e-05 -35.912722096 -11.7801259006
261 17199 -0.0383028506398 1.54990831955e-05 -35.8680384737 -11.7720605285
262 18405 -0.038434049709 1.62996664296e-05 -35.8265850621 -11.7861767932
263 18158 -0.0385729623938 1.55813521569e-05 -35.7828238896 -11.7676327892
264 19269 -0.0387018656736 1.69531759646e-05 -35.7423345055 -11.761299778
265 17791 -0.038847828009 1.65715443146e-05 -35.6966239297 -11.7721887998
266 17075 -0.0389934681962 1.61953045933e-05 -35.6511587879 -11.7899437148
267 17025 -0.0391360095115 1.57804472162e-05 -35.6068001963 -11.7655759445
268 17705 -0.0392722048127 1.56809439006e-05 -35.5645444965 -11.7826501872
269 18599 -0.039404247766 1.69653374678e-05 -35.5236960179 -11.7740513415
270 17151 -0.039553014115 1.60305709508e-05 -35.4778136692 -11.8095968929
271 17389 -0.0396926207272 1.56403532929e-05 -35.434890323 -11.7665913601
272 18343 -0.0398252393296 1.62480056841e-05 -35.3942351019 -11.7864230787
273 18192 -0.0399635825731 1.63179605943e-05 -35.351948588 -11.7423008071
274 17914 -0.0401035927887 1.60314679053e-05 -35.3092805224 -11.7583940645
275 18161 -0.0402402078234 1.63545370706e-05 -35.267770694 -11.7954836709
276 17817 -0.0403809123525 1.65298700514e-05 -35.2251453036 -11.7556430149
277 17172 -0.040525773857 1.61627639828e-05 -35.1813946405 -11.7686434848
278 17178 -0.0406673924266 1.66483950969e-05 -35.1387542776 -11.7786713497
279 16358 -0.0408168770317 1.5341815759e-05 -35.093885239 -11.7718516085
280 17787 -0.0409489803541 1.62547024446e-05 -35.0543522531 -11.7867324574
281 17628 -0.0410895748356 1.54338173239e-05 -35.0124002411 -11.7548839502
282 18990 -0.0412181942891 1.66810930216e-05 -34.9741311987 -11.7656917903
283 18024 -0.0413608838676 1.64029885062e-05 -34.9317979357 -11.7961336259
284 17596 -0.0415028890503 1.56102205912e-05 -34.8897947429 -11.7341845317
285 18618 -0.0416342699281 1.66776623444e-05 -34.8510464354 -11.7347152079
286 17677 -0.0417783232815 1.6033273594e-05 -34.8086842027 -11.7347704603
287 17917 -0.0419158791792 1.60756178298e-05 -34.7683528324 -11.7772148285
288 18083 -0.0420531662415 1.6098946629e-05 -34.7282167943 -11.7859454892
289 18207 -0.042190182133 1.63203593438e-05 -34.6882755881 -11.7463055733
290 17925 -0.0423301722658 1.59442355629e-05 -34.647586082 -11.7574621317
291 18334 -0.0424654021239 1.60148331594e-05 -34.6083936489 -11.7313829983
292 18618 -0.0426001893156 1.65774677067e-05 -34.5694399827 -11.7796052227
293 17857 -0.0427426518021 1.61728172957e-05 -34.5283875279 -11.774616199
294 17845 -0.0428816848231 1.61140133295e-05 -34.488441103 -11.7579179147
295 17940 -0.0430198460551 1.58554467921e-05 -34.4488599163 -11.7049884566
296 18515 -0.0431536620051 1.64752229083e-05 -34.410632187 -11.7319818603
297 17944 -0.0432949050195 1.64077556463e-05 -34.3703981711 -11.7442990734
298 17510 -0.0434373021835 1.55133621535e-05 -34.3299548803 -11.7086754412
299 18711 -0.0435675452231 1.70420315105e-05 -34.2930681838 -11.7606913549
300 17121 -0.0437171163947 1.58162278649e-05 -34.2508302463 -11.7046330223
301 17740 -0.0438534848688 1.58767411948e-05 -34.2124345571 -11.7575996429
302 18269 -0.0439883795362 1.62957439225e-05 -34.1745602502 -11.7403850981
303 18031 -0.0441277470327 1.67877615153e-05 -34.1355408088 -11.719680832
304 16930 -0.0442759173619 1.5740576426e-05 -34.0941796513 -11.7198976677
305 17678 -0.0444118735377 1.63622627535e-05 -34.0563389413 -11.7043815654
306 17330 -0.0445546105679 1.58595165583e-05 -34.016724641 -11.7217727913
307 17878 -0.0446908243442 1.59681002525e-05 -33.9790289351 -11.731654376
308 18241 -0.0448265989023 1.60388703022e-05 -33.9415594708 -11.7183507233
309 18478 -0.0449620972838 1.65198133082e-05 -33.904269999 -11.7125710767
310 17827 -0.0451041851715 1.6574967195e-05 -33.8652779719 -11.7569745423
311 17103 -0.0452497335373 1.58749558966e-05 -33.8254535184 -11.7358365727
312 17616 -0.0453870894102 1.57544097242e-05 -33.7879789907 -11.6928577053
313 18368 -0.0455205830157 1.61646629069e-05 -33.7516585681 -11.7114111354
314 18371 -0.0456575426448 1.57685967741e-05 -33.714497529 -11.6919260634
315 19128 -0.045788476395 1.69220798941e-05 -33.6790680661 -11.7199535791
316 17717 -0.0459344767277 1.56996922257e-05 -33.6396725974 -11.7263229773
317 18577 -0.0460667587279 1.62647222021e-05 -33.6040792965 -11.7328675557
318 18392 -0.0462044860784 1.65903382429e-05 -33.5671219448 -11.6734160481
319 17618 -0.0463480260891 1.60972851382e-05 -33.5287141896 -11.7260720694
320 17742 -0.0464868123386 1.54015503563e-05 -33.4916841057 -11.7048194857
321 19175 -0.0466145400549 1.63524106541e-05 -33.4576960314 -11.692465834
322 18816 -0.0467514411634 1.60726320465e-05 -33.4213638625 -11.7121079317
323 18996 -0.0468853632265 1.64405624992e-05 -33.3859189552 -11.6813395106
324 18475 -0.0470242688625 1.62717566483e-05 -33.3492556378 -11.7436024295
325 18278 -0.0471624849237 1.65876331863e-05 -33.3128755759 -11.7078189268
326 17513 -0.0473064286506 1.51516785766e-05 -33.2750948398 -11.7297531719
327 19415 -0.0474313045581 1.68291147762e-05 -33.242406823 -11.6984550822
328 18153 -0.0475747481668 1.65628549591e-05 -33.2049589517 -11.6606692402
329 17437 -0.0477187898219 1.49916419138e-05 -33.1674626435 -11.6633974482
330 19649 -0.047841610035 1.72423417862e-05 -33.1355755055 -11.7198810922
331 17618 -0.0479907897813 1.58719929518e-05 -33.096949459 -11.7372415763
332 18152 -0.0481260775931 1.62310245713e-05 -33.0620192328 -11.7276630586
333 18033 -0.048264881812 1.6043853005e-05 -33.0262784454 -11.6854490743
334 18258 -0.0484012362138 1.66343711325e-05 -32.9912640796 -11.7578480314
335 17411 -0.0485460071676 1.49119810975e-05 -32.9541917284 -11.6896171118
336 19780 -0.0486677703238 1.68720237096e-05 -32.9230931671 -11.7121407079
337 18414 -0.0488105568224 1.63617261141e-05 -32.8867203187 -11.7028823696
338 18052 -0.0489504038012 1.62826856359e-05 -32.851195409 -11.6788772462
339 17840 -0.0490904013469 1.58794297115e-05 -32.8157301139 -11.6969675135
340 18367 -0.0492249585614 1.60363596059e-05 -32.7817349188 -11.6807519235
341 18611 -0.0493599530342 1.64667986149e-05 -32.7477194247 -11.6610232104
342 18052 -0.0495006991271 1.61946853649e-05 -32.7123504471 -11.7018274493
343 18000 -0.0496393198652 1.57917283862e-05 -32.677610768 -11.691151347
344 18698 -0.0497719458564 1.61698537712e-05 -32.6444615189 -11.6937546838
345 18691 -0.0499077708663 1.57689609459e-05 -32.6106016252 -11.6638100165
346 19460 -0.0500375843487 1.6214755948e-05 -32.5783241355 -11.693009971
347 19364 -0.0501713977322 1.72657479389e-05 -32.5451374763 -11.6667379391
348 17321 -0.050322053888 1.48535817378e-05 -32.5078770143 -11.6431461207
349 19795 -0.0504432931565 1.67170546507e-05 -32.4779711372 -11.6633117428
350 18720 -0.0505836080929 1.66325571183e-05 -32.4434476876 -11.6765524724
351 17855 -0.0507265527129 1.58152886239e-05 -32.4083737065 -11.7170761423
352 18503 -0.0508600744918 1.5333666149e-05 -32.3756993977 -11.6769819598
353 20136 -0.0509841673829 1.72552120925e-05 -32.3454080298 -11.6897613666
354 18031 -0.0511317383158 1.507384322e-05 -32.309480038 -11.6560158944
355 20149 -0.0512536906581 1.68710403395e-05 -32.2798663388 -11.6444290646
356 18759 -0.0513951483543 1.63454392882e-05 -32.2456032448 -11.6919779551
357 18421 -0.0515334511865 1.60037381193e-05 -32.2121943959 -11.6986029047
358 18727 -0.0516677508987 1.65283513385e-05 -32.1798374647 -11.6776133247
359 18052 -0.0518090250909 1.58199639913e-05 -32.1458901095 -11.6737424318
360 18698 -0.0519418871154 1.65395350615e-05 -32.1140479705 -11.6455993307
361 18003 -0.0520834467296 1.61346551796e-05 -32.0802103916 -11.6957826703
362 18061 -0.0522213208888 1.55751573369e-05 -32.0473417382 -11.6832406592
363 19178 -0.0523504777903 1.60098705622e-05 -32.0166296979 -11.6673826312
364 19485 -0.0524821916849 1.63231764042e-05 -31.9853875026 -11.6440311999
365 19177 -0.0526175557612 1.63744423854e-05 -31.9533611206 -11.6170240766
366 18776 -0.0527547874146 1.62703161478e-05 -31.9209770237 -11.6710768476
367 18579 -0.0528918689677 1.55150911021e-05 -31.888712605 -11.6645617685
368 19849 -0.0530183347419 1.66969322444e-05 -31.8590211885 -11.6445157429
369 18809 -0.0531581473352 1.66233480627e-05 -31.8262790235 -11.6456469363
370 17957 -0.0533006078843 1.55563130195e-05 -31.7930058342 -11.6507963748
371 19105 -0.0534298576658 1.6558161834e-05 -31.7628956678 -11.6662125034
372 18360 -0.0535701914957 1.56364952762e-05 -31.7302865249 -11.6730410344
373 19375 -0.0536991984496 1.68272599018e-05 -31.7003855003 -11.6399447011
374 18119 -0.0538427607291 1.527056551e-05 -31.6671962512 -11.6416607939
375 19846 -0.0539672452141 1.63061728638e-05 -31.638490019 -11.6725538704
376 19566 -0.0541011172807 1.6625385384e-05 -31.6076939163 -11.6603105845
377 18676 -0.0542408263241 1.60399236436e-05 -31.5756375517 -11.6576021258
378 18917 -0.0543747533532 1.55325519385e-05 -31.5449866644 -11.6183586286
379 20175 -0.0545003367096 1.63899341715e-05 -31.516315141 -11.6403228239
380 19722 -0.0546343629205 1.6490930395e-05 -31.4857903186 -11.5920229495
381 19083 -0.0547714552323 1.6020280798e-05 -31.4546462225 -11.6317584376
382 19368 -0.0549036522629 1.62557921461e-05 -31.4246896398 -11.6052543761
383 19193 -0.0550384027545 1.65417752952e-05 -31.3942303575 -11.6668465371
384 18476 -0.0551781597844 1.56152226892e-05 -31.3627200658 -11.6477630004
385 19539 -0.0553064473943 1.63842104454e-05 -31.3338677729 -11.6409293487
386 19112 -0.055442550362 1.60591963866e-05 -31.3033328988 -11.6134474618
387 19321 -0.0555752297319 1.61672946173e-05 -31.2736402882 -11.6179723844
388 19319 -0.0557088084878 1.62089928987e-05 -31.2438201079 -11.6065345443
389 19235 -0.0558430223253 1.58831586703e-05 -31.2139323637 -11.6091173238
390 19796 -0.0559726633699 1.63670330941e-05 -31.1851332978 -11.6163872589
391 19397 -0.056107620602 1.66183731547e-05 -31.1552264704 -11.6763860264
392 18528 -0.0562478279145 1.56460646399e-05 -31.1242350093 -11.590294785
393 19533 -0.0563763897589 1.6725522959e-05 -31.0958879797 -11.6479725248
394 18456 -0.0565177748261 1.5615448395e-05 -31.0647908937 -11.6103369484
395 19518 -0.056646135255 1.62372483817e-05 -31.0366284712 -11.6468047815
396 19378 -0.0567800877679 1.6019324472e-05 -31.0073098627 -11.6609424593
397 19669 -0.0569112604937 1.67544790425e-05 -30.9786694255 -11.6320705528
398 18530 -0.0570526071425 1.60978522536e-05 -30.947884574 -11.5960996235
399 18659 -0.0571879436083 1.51978401694e-05 -30.9184832747 -11.5894832831
400 20589 -0.0573095781352 1.70616461211e-05 -30.8921206755 -11.6668076478
401 18802 -0.0574524708368 1.60387574502e-05 -30.8612253815 -11.6038170234
402 19047 -0.0575859307573 1.62091354595e-05 -30.8324422276 -11.5973314584
403 18964 -0.057721101682 1.58195646227e-05 -30.8033613236 -11.6083703613
404 19643 -0.0578507237013 1.56541991193e-05 -30.7755413401 -11.6483177261
405 20691 -0.0579757000174 1.66787867317e-05 -30.7487804415 -11.5933470884
406 19643 -0.0581123637181 1.58020533444e-05 -30.7195863868 -11.5995122348
407 20383 -0.0582394716331 1.65014279655e-05 -30.692498519 -11.6255328633
408 19702 -0.0583744804241 1.62681894192e-05 -30.6637951429 -11.6415313943
409 19499 -0.0585082698458 1.68482989288e-05 -30.6354201145 -11.626339778
410 18196 -0.0586517067123 1.50938140195e-05 -30.6050751183 -11.5978073013
411 20292 -0.0587733894625 1.64697316812e-05 -30.5793938931 -11.5716212196
412 19677 -0.0589082238645 1.64272786956e-05 -30.551002756 -11.5980011719
413 19163 -0.0590445025456 1.63817109577e-05 -30.5223775023 -11.5965702617
414 18749 -0.0591818958928 1.56792759216e-05 -30.4935890907 -11.6228196826
415 19699 -0.0593101853991 1.62450211837e-05 -30.4667723438 -11.5779654007
416 19542 -0.0594436375314 1.60961175866e-05 -30.4389419088 -11.5864398618
417 19682 -0.0595753973555 1.57377612085e-05 -30.4115296636 -11.609997564
418 20557 -0.0597014503053 1.68017106137e-05 -30.3853652108 -11.5995665666
419 19274 -0.059840432461 1.58373245431e-05 -30.3565854082 -11.5891054189
420 19928 -0.059969268341 1.59897612057e-05 -30.3299704357 -11.627455276
421 20288 -0.0600981859547 1.65224903352e-05 -30.3033997921 -11.5911606771
422 19568 -0.0602338279714 1.64675971842e-05 -30.2755090911 -11.5740486745
423 18979 -0.0603711014466 1.57209699174e-05 -30.2473514666 -11.5868797745
424 19857 -0.0604992214302 1.63587770694e-05 -30.2211333984 -11.5911299994
425 19473 -0.0606338468601 1.54426619022e-05 -30.1936483354 -11.5458475353
426 20958 -0.0607563468152 1.62139352759e-05 -30.1686958325 -11.6222143823
427 20857 -0.0608852774112 1.66433336727e-05 -30.1424919433 -11.6260613773
428 19872 -0.0610208629478 1.56285314931e-05 -30.1150000023 -11.6031696783
429 20987 -0.061144751635 1.61246549502e-05 -30.0899373855 -11.5838954534
430 21076 -0.061272304586 1.64254358511e-05 -30.0641907828 -11.5898156806
431 20529 -0.0614039555258 1.63117932112e-05 -30.0376777568 -11.5901459134
432 20228 -0.0615356647008 1.56116381364e-05 -30.0112145528 -11.5728972876
433 21400 -0.0616582203655 1.67568748399e-05 -29.986645596 -11.6042800989
434 20156 -0.0617937657098 1.66189092516e-05 -29.9595342377 -11.5844036165
435 19252 -0.0619313160237 1.55288353587e-05 -29.9320878367 -11.565860378
436 20540 -0.0620557486586 1.67639476828e-05 -29.9073159678 -11.5688554169
437 19332 -0.0621942105425 1.55498415111e-05 -29.8798146798 -11.5792527314
438 20581 -0.0623186862854 1.6605905653e-05 -29.8551482264 -11.5432268537
439 19683 -0.0624546128323 1.64656081605e-05 -29.8282739844 -11.5739939096
440 19094 -0.0625914543692 1.5940165144e-05 -29.8012832975 -11.5938439564
441 19537 -0.0627224187175 1.66239110099e-05 -29.7755121892 -11.5517398848
442 18651 -0.0628622085645 1.57041643072e-05 -29.7480693123 -11.5465946519
443 19547 -0.0629912018654 1.56943756594e-05 -29.7228052193 -11.5767893599
444 20506 -0.0631170629235 1.65101947112e-05 -29.6982092321 -11.5402234891
445 19803 -0.0632517975832 1.59803805799e-05 -29.6719387595 -11.5906107971
446 20180 -0.0633809840338 1.6483755551e-05 -29.6468077651 -11.5589640937
447 19540 -0.0635164034734 1.66110662413e-05 -29.620524677 -11.5694610292
448 18678 -0.0636559836688 1.60559479799e-05 -29.5934985504 -11.5911785049
449 18888 -0.0637901463814 1.54754467013e-05 -29.5675828875 -11.5817070234
450 20261 -0.0639150009796 1.63183141747e-05 -29.5435192128 -11.5761069812
451 19951 -0.0640476752501 1.63066565633e-05 -29.5180052645 -11.5275301168
452 19669 -0.0641812018112 1.65238914656e-05 -29.4923863526 -11.5827114009
453 18968 -0.0643189831482 1.55516224778e-05 -29.4660128728 -11.5745636923
454 20190 -0.0644446733459 1.63302386061e-05 -29.4420083625 -11.534507044
455 19857 -0.064577758276 1.63725735203e-05 -29.4166481231 -11.5545089562
456 19446 -0.0647125915503 1.60768875525e-05 -29.391013823 -11.5675947923
457 19623 -0.0648443897273 1.56858415129e-05 -29.3660138486 -11.5568632523
458 20604 -0.0649698840824 1.62455872461e-05 -29.3422620798 -11.5497283766
459 20439 -0.0651003807556 1.67173958797e-05 -29.3176176562 -11.5668372195
460 19328 -0.0652384726576 1.52852559943e-05 -29.2915987476 -11.5640740679
461 21138 -0.0653592071134 1.65902815198e-05 -29.2689005703 -11.54626074
462 20248 -0.0654930985413 1.61357283764e-05 -29.2437835537 -11.5894440426
463 20311 -0.0656231205248 1.61488061345e-05 -29.219447278 -11.571111818
464 20347 -0.0657531321603 1.60134374733e-05 -29.1951668132 -11.5341674073
465 20665 -0.0658810580454 1.64544314417e-05 -29.1713282878 -11.542285839
466 20070 -0.0660144423921 1.59455891255e-05 -29.1465277813 -11.5637724493
467 20525 -0.0661422613281 1.60227019947e-05 -29.1228147548 -11.5488365819
468 20826 -0.0662697649271 1.60520310976e-05 -29.0992114394 -11.5619500699
469 21069 -0.0663967643634 1.62789193177e-05 -29.075752136 -11.5268103566
470 20830 -0.0665262965477 1.69532079751e-05 -29.0518769233 -11.5545870307
471 19232 -0.0666666836732 1.53406347457e-05 -29.0260599764 -11.510674253
472 20915 -0.0667885004443 1.60311350006e-05 -29.0037076857 -11.5545970122
473 21204 -0.0669149302559 1.62974816071e-05 -28.9805575257 -11.5035815041
474 20924 -0.0670443184271 1.63484246921e-05 -28.9569167458 -11.5454249901
475 20541 -0.0671753146064 1.640979153e-05 -28.9330346296 -11.5597406735
476 20040 -0.06730843632 1.58970918245e-05 -28.9088189108 -11.5147269799
477 20595 -0.0674356482414 1.60147001726e-05 -28.8857288345 -11.5151951522
478 20914 -0.0675628197438 1.65256955561e-05 -28.8626953772 -11.5349732837
479 20165 -0.0676964639454 1.65361416113e-05 -28.8385425083 -11.5175926558
480 19422 -0.067832725708 1.52638125865e-05 -28.8139722478 -11.561833043
481 21287 -0.067952867465 1.66158866034e-05 -28.7923551699 -11.569043965
482 20338 -0.0680866689665 1.57706369664e-05 -28.7683313994 -11.5424026671
483 21171 -0.0682111390778 1.59007321855e-05 -28.7460312588 -11.5248589599
484 21749 -0.0683349576232 1.68811966348e-05 -28.7238938027 -11.5137305357
485 20228 -0.0684712647608 1.58015922932e-05 -28.6995763473 -11.5123291064
486 20991 -0.0685965146037 1.56299642006e-05 -28.6772801926 -11.547714763
487 22166 -0.0687170757335 1.67504680438e-05 -28.6558625721 -11.5565383569
488 20891 -0.0688501642904 1.59896278339e-05 -28.6322692914 -11.5432587678
489 21269 -0.0689760736276 1.61653984098e-05 -28.6099966957 -11.5558551973
490 21271 -0.0691033611806 1.59266875835e-05 -28.5875275806 -11.5188828957
491 21795 -0.0692272531274 1.65235718049e-05 -28.5657033775 -11.4946903278
492 21019 -0.0693581374585 1.68959612265e-05 -28.5426960477 -11.4972594611
493 19520 -0.0694970165531 1.56057344431e-05 -28.5183378171 -11.5048182438
494 20663 -0.0696216904044 1.60008410886e-05 -28.4965186688 -11.5129550581
495 21013 -0.0697484534047 1.6336538648e-05 -28.4743799279 -11.5530747781
496 20653 -0.0698789981181 1.62410873573e-05 -28.4516290829 -11.5338260579
497 20497 -0.0700092740511 1.6077143519e-05 -28.4289738462 -11.5029336353
498 20683 -0.0701376524483 1.60761722121e-05 -28.4066961026 -11.5034474811
499 20873 -0.0702654382753 1.68288127062e-05 -28.3845678767 -11.5152613794
500 19517 -0.0704037767615 1.52875002906e-05 -28.3606646261 -11.507468645
501 21340 -0.0705239565758 1.64128841091e-05 -28.3399430143 -11.5027795681
502 20813 -0.0706546074831 1.63192504064e-05 -28.3174622626 -11.4990155638
503 20492 -0.0707855242715 1.58741415728e-05 -28.294983998 -11.4955225013
504 21109 -0.0709109974707 1.6507529707e-05 -28.2734855672 -11.480375556
505 20391 -0.0710437543966 1.6024193252e-05 -28.2507871429 -11.483642219
506 20687 -0.0711716978455 1.64664582158e-05 -28.2289582643 -11.5295354895
507 20067 -0.0713051900704 1.55542642804e-05 -28.2062312429 -11.4891461239
508 21354 -0.071427427174 1.61609792068e-05 -28.1854637598 -11.4762553047
509 21365 -0.0715543979396 1.61478381842e-05 -28.1639358042 -11.5212495755
510 21405 -0.0716811482598 1.67381141034e-05 -28.142489561 -11.5180802353
511 20199 -0.0718163973628 1.56910826354e-05 -28.1196540192 -11.4859645743
512 21197 -0.0719401637462 1.6207178052e-05 -28.0988011511 -11.5147400162
513 21109 -0.072068268074 1.58428215834e-05 -28.0772614758 -11.4676218923
514 21814 -0.072191453939 1.61375908102e-05 -28.0565909579 -11.5318707472
515 21877 -0.0723167482533 1.62746419918e-05 -28.0356089186 -11.4974726051
516 21638 -0.072443804908 1.66468522429e-05 -28.0143751625 -11.4958119385
517 20609 -0.0725769729437 1.56842598376e-05 -27.9921668435 -11.5126908113
518 21643 -0.0726994062948 1.71756633027e-05 -27.9717908502 -11.4737404777
519 19537 -0.0728405205948 1.52196595654e-05 -27.9483557662 -11.5182051079
520 21510 -0.0729596935457 1.65926204207e-05 -27.9286060044 -11.4938056824
521 20600 -0.0730924565992 1.64134001902e-05 -27.9066486391 -11.4741326273
522 20090 -0.0732254411064 1.60227189761e-05 -27.8847016254 -11.482915832
523 20385 -0.0733543179505 1.59082229766e-05 -27.8634772391 -11.481543962
524 20926 -0.0734806084692 1.58848561697e-05 -27.8427213621 -11.4694314219
525 21532 -0.0736049251345 1.60182961385e-05 -27.8223309262 -11.4991454064
526 21858 -0.0737293494576 1.66286505892e-05 -27.8019634802 -11.5123319301
527 20857 -0.0738615786987 1.60205681429e-05 -27.7803628597 -11.4715604377
528 21168 -0.0739880328899 1.6591258079e-05 -27.7597483429 -11.4640974187
529 20275 -0.0741218439066 1.54899810811e-05 -27.7379798477 -11.5476548558
530 21717 -0.0742425546115 1.66317227173e-05 -27.7183823929 -11.4201545158
531 20716 -0.0743752575878 1.55180016143e-05 -27.6968814945 -11.4339465428
532 22126 -0.074495063143 1.64207066629e-05 -27.677509298 -11.4453014219
533 21562 -0.074623484542 1.66473460535e-05 -27.6567849477 -11.4555829766
534 20535 -0.074756894358 1.64314722629e-05 -27.6353003746 -11.4622325297
535 19990 -0.0748903580749 1.60581709968e-05 -27.6138526591 -11.4728037697
536 20210 -0.0750200759247 1.60080948546e-05 -27.5930504207 -11.4762435712
537 20537 -0.0751483570549 1.56186669815e-05 -27.5725206389 -11.4587570625
538 21711 -0.0752700854786 1.64069402839e-05 -27.5530780947 -11.4554467028
539 21187 -0.0753995293573 1.59009788421e-05 -27.5324443062 -11.4860001682
540 21765 -0.0755233046112 1.62715622454e-05 -27.5127535959 -11.4762051398
541 21534 -0.0756506437561 1.6277655e-05 -27.4925360877 -11.4548829586
542 21292 -0.0757787515977 1.60807410426e-05 -27.4722375156 -11.4687897302
543 21478 -0.0759047616892 1.58193575291e-05 -27.4523113132 -11.4620553761
544 22248 -0.0760265586871 1.66507292734e-05 -27.4330889125 -11.4448436736
545 21181 -0.0761579448268 1.6294518986e-05 -27.4123944174 -11.4460778179
546 20907 -0.0762873602471 1.55255959191e-05 -27.3920521054 -11.4542634479
547 22313 -0.076406721736 1.69917732098e-05 -27.3733267802 -11.4929564616
548 20521 -0.0765429378768 1.54130402644e-05 -27.352000152 -11.4597340346
549 22153 -0.0766618606123 1.63655253448e-05 -27.3334182893 -11.444668775
550 21710 -0.0767894149976 1.62337649092e-05 -27.3135261821 -11.4299316797
551 21562 -0.0769163755154 1.67145823778e-05 -27.2937661095 -11.4712002147
552 20396 -0.0770507814608 1.56006877241e-05 -27.2728899636 -11.4534669363
553 21602 -0.0771726778692 1.58832272229e-05 -27.2539947097 -11.4769898029
554 22232 -0.0772950112625 1.61574718752e-05 -27.2350678498 -11.4325204724
555 22252 -0.0774194004254 1.64457967673e-05 -27.2158599401 -11.4502717498
556 21630 -0.0775478166614 1.67904876101e-05 -27.1960692167 -11.4512240831
557 20303 -0.0776831402224 1.63379606617e-05 -27.1752567698 -11.4463470387
558 19952 -0.0778159690486 1.58296780536e-05 -27.1548705843 -11.4472505957
559 20645 -0.0779424867102 1.54110252336e-05 -27.1354921233 -11.427642089
560 22291 -0.0780610241135 1.64997869012e-05 -27.1173705034 -11.4679976345
561 21549 -0.0781901020447 1.64430488391e-05 -27.0976753571 -11.4294095422
562 20952 -0.0783205561694 1.58025980717e-05 -27.077810234 -11.4405545861
563 21740 -0.0784436370931 1.66671060331e-05 -27.0591046455 -11.4203672746
564 20663 -0.0785767906413 1.58542056129e-05 -27.0389083234 -11.463306313
565 21328 -0.0787014603779 1.64878675829e-05 -27.0200364539 -11.4120744814
566 20643 -0.0788332452017 1.54895975993e-05 -27.0001270146 -11.4499734289
567 22112 -0.078952869827 1.63289444964e-05 -26.9820897108 -11.4589272075
568 21750 -0.0790800209222 1.55888264739e-05 -26.9629539901 -11.4324599225
569 23064 -0.0791979013285 1.67418331913e-05 -26.945246926 -11.4378544446
570 21756 -0.0793282489317 1.619932372e-05 -26.9257045093 -11.4564359629
571 21683 -0.0794545851605 1.62586298784e-05 -26.9068008497 -11.4047381788
572 21481 -0.0795819798671 1.63081841763e-05 -26.8877759336 -11.4626338388
573 21174 -0.0797106853602 1.63019540935e-05 -26.868593014 -11.4482061648
574 20884 -0.0798402300759 1.60028209458e-05 -26.8493232147 -11.4172632879
575 21233 -0.0799663488477 1.59443180429e-05 -26.8305997392 -11.4056855797
576 21717 -0.0800906000386 1.57893600624e-05 -26.8121888445 -11.4257680632
577 22564 -0.0802113112478 1.60425630474e-05 -26.794335967 -11.4308437186
578 22849 -0.0803331910544 1.63399335864e-05 -26.776343644 -11.4237709887
579 22450 -0.0804584286554 1.692654934e-05 -26.7578904832 -11.4085082677
580 20784 -0.0805932608239 1.59140740744e-05 -26.7380629851 -11.4292589454
581 21323 -0.0807184164162 1.60691954506e-05 -26.719694893 -11.4417180838
582 21534 -0.080844170767 1.58023626905e-05 -26.7012741558 -11.421268736
583 22344 -0.0809655737825 1.61667682913e-05 -26.6835242205 -11.4292833713
584 22343 -0.081089780761 1.59136804957e-05 -26.6653982016 -11.4131485481
585 22923 -0.0812104855955 1.63167884725e-05 -26.6478160016 -11.4114242465
586 22576 -0.0813351972975 1.61277142572e-05 -26.6296839515 -11.3983583138
587 22664 -0.0814582219085 1.65870049933e-05 -26.6118307582 -11.4045652748
588 21717 -0.0815874802324 1.60845897138e-05 -26.5931087519 -11.3951548385
589 21898 -0.0817123054666 1.61477691178e-05 -26.5750635805 -11.4339286617
590 21939 -0.0818375027509 1.60696001268e-05 -26.5569988138 -11.4074999716
591 22155 -0.0819614847443 1.61305534163e-05 -26.5391430527 -11.3979149454
592 22235 -0.0820857124983 1.60450920019e-05 -26.5212853918 -11.3880379124
593 22510 -0.0822085258074 1.62008167968e-05 -26.503663924 -11.4005003605
594 22431 -0.0823327489779 1.62432989895e-05 -26.4858733209 -11.4143198103
595 22256 -0.0824577861969 1.6497015557e-05 -26.4679997139 -11.3967653089
596 21522 -0.0825869257385 1.55991601439e-05 -26.4495749633 -11.4055456823
597 22798 -0.0827055697576 1.6348752936e-05 -26.4326791433 -11.4251669255
598 22380 -0.0828310711544 1.65373263508e-05 -26.4148395229 -11.4146867133
599 21553 -0.0829604312341 1.60798566175e-05 -26.3964865383 -11.3980926934
600 21743 -0.0830856635215 1.59860438281e-05 -26.3787530692 -11.4174942307
601 22144 -0.0832090312177 1.61660989389e-05 -26.3613161393 -11.3824996039
602 22144 -0.0833337884387 1.61718928716e-05 -26.3437155311 -11.4045389279
603 22131 -0.0834586270644 1.61869060028e-05 -26.3261362834 -11.4448723307
604 22085 -0.0835837135175 1.6322447001e-05 -26.308555002 -11.3978361744
605 21738 -0.0837108497841 1.59079046088e-05 -26.2907192307 -11.4099741648
606 22316 -0.0838331425032 1.64197393536e-05 -26.2735948463 -11.4355365767
607 21749 -0.0839610022346 1.58004744161e-05 -26.2557242745 -11.3838824067
608 22572 -0.0840817776757 1.62830084548e-05 -26.2388750796 -11.4011658857
609 22306 -0.0842069804018 1.6725237888e-05 -26.2214401799 -11.3930889347
610 21077 -0.0843392815129 1.60344457306e-05 -26.2030520413 -11.3918851205
611 21361 -0.084465271689 1.56619940187e-05 -26.1855746045 -11.4095104738
612 22483 -0.0845852241234 1.60933874028e-05 -26.1689650717 -11.3803303455
613 22650 -0.084708026435 1.65516196697e-05 -26.1519915049 -11.3955766743
614 21782 -0.0848368176163 1.63404080082e-05 -26.1342233168 -11.3898777337
615 21400 -0.0849650927632 1.5409106511e-05 -26.1165599671 -11.4188716938
616 23111 -0.0850814945113 1.62753961115e-05 -26.1005605536 -11.4105566495
617 22856 -0.0852051230304 1.62846663873e-05 -26.083597938 -11.360557469
618 22583 -0.0853295685975 1.6052740022e-05 -26.0665544686 -11.3739246086
619 22845 -0.0854515373869 1.57965986556e-05 -26.0498805497 -11.3590717755
620 23719 -0.0855693279948 1.6782253124e-05 -26.0338062531 -11.4164021095
621 22283 -0.0856984377889 1.5624723437e-05 -26.0162192981 -11.4162570872
622 23543 -0.0858153811911 1.66740220218e-05 -26.0003184363 -11.3841397812
623 22361 -0.0859434325047 1.5294782441e-05 -25.9829385668 -11.3963682102
624 24431 -0.0860558050571 1.70677936882e-05 -25.9677136321 -11.3935615044
625 22297 -0.0861870700178 1.60398116344e-05 -25.9499608204 -11.4073715203
626 22585 -0.0863096392454 1.63130937679e-05 -25.9334148959 -11.3788715913
627 22251 -0.0864352286935 1.63840989388e-05 -25.9164920748 -11.4049785813
628 21765 -0.0865627663942 1.57718983522e-05 -25.8993385623 -11.3813153066
629 22654 -0.0866831042933 1.56330716137e-05 -25.8831827377 -11.3791513494
630 23914 -0.0867991973765 1.69868575734e-05 -25.8676237173 -11.3637882749
631 22005 -0.0869307039892 1.56668111305e-05 -25.8500307988 -11.3743361603
632 23150 -0.0870489534127 1.65524209795e-05 -25.8342402401 -11.3889177498
633 22261 -0.0871763575116 1.55450051067e-05 -25.8172576587 -11.3933588857
634 23711 -0.0872922909999 1.62563958959e-05 -25.8018314578 -11.3937853748
635 23495 -0.0874140853778 1.66301488536e-05 -25.785653434 -11.3908341597
636 22415 -0.08754164614 1.56034439958e-05 -25.7687401731 -11.4046189951
637 23733 -0.0876579600366 1.66533363137e-05 -25.7533454536 -11.3883051522
638 22589 -0.0877852060276 1.57143367408e-05 -25.7365335899 -11.3742670395
639 23650 -0.0879025539476 1.65146844956e-05 -25.7210569723 -11.3752908685
640 22829 -0.0880280763323 1.62284806382e-05 -25.7045313883 -11.3592286635
641 22685 -0.0881518126948 1.57865960726e-05 -25.6882703432 -11.3655572053
642 23576 -0.0882698831186 1.68253390019e-05 -25.6727810439 -11.3664562335
643 22052 -0.0884000001896 1.61805365394e-05 -25.6557420068 -11.3658147213
644 22020 -0.0885252207199 1.58564013608e-05 -25.639374422 -11.3591542163
645 22724 -0.088646018135 1.60562132458e-05 -25.6236130183 -11.373680184
646 22979 -0.0887676556804 1.62277322452e-05 -25.607769744 -11.3688972954
647 22836 -0.0888909771553 1.63320978914e-05 -25.5917354904 -11.3478485738
648 22455 -0.0890161405749 1.5789928888e-05 -25.5754908619 -11.3446012132
649 23329 -0.0891348592878 1.56381529817e-05 -25.5601097095 -11.3571872107
650 24614 -0.0892493272692 1.65245624317e-05 -25.5453041416 -11.36982345
651 23735 -0.0893725023469 1.67601684929e-05 -25.5293995728 -11.3529944316
652 22348 -0.0895012545684 1.59368540468e-05 -25.5128049336 -11.3470251762
653 22874 -0.0896222639355 1.5424409483e-05 -25.4972361932 -11.3491626392
654 24664 -0.0897350523493 1.66358208517e-05 -25.4827494515 -11.3661132063
655 23517 -0.0898596316949 1.61352229132e-05 -25.4667754588 -11.3527653852
656 23591 -0.0899802719232 1.63048029994e-05 -25.451333694 -11.3172703817
657 23262 -0.0901030403316 1.58480449905e-05 -25.4356468711 -11.3491741222
658 24026 -0.0902204569439 1.68928467585e-05 -25.4206696208 -11.3488884793
659 22319 -0.0903503104115 1.5549535008e-05 -25.4041352034 -11.3541699032
660 23762 -0.0904661535796 1.57253798531e-05 -25.3894105858 -11.3702754739
661 24850 -0.0905807130904 1.69871107668e-05 -25.3748730437 -11.3573737753
662 22865 -0.0907097228463 1.59538243158e-05 -25.3585301698 -11.307167626
663 23363 -0.0908295869332 1.63802819691e-05 -25.3433727542 -11.3495542409
664 22861 -0.0909539993686 1.60550511175e-05 -25.3276675024 -11.3325543315
665 23120 -0.091075255966 1.58931695789e-05 -25.3123873457 -11.3346899195
666 23770 -0.0911936389004 1.57940799861e-05 -25.2974946935 -11.3547483316
667 24685 -0.0913090816985 1.68754191828e-05 -25.2829960025 -11.3535642974
668 22972 -0.0914369449818 1.60800233704e-05 -25.2669650929 -11.2932371492
669 23174 -0.0915582500517 1.59656203603e-05 -25.2517832622 -11.3754128491
670 23651 -0.091677471732 1.66290585303e-05 -25.2368875765 -11.3409090656
671 22566 -0.091804595746 1.55861756294e-05 -25.2210322341 -11.3626497126
672 23935 -0.0919202899458 1.6330930415e-05 -25.2066272167 -11.3719669398
673 23538 -0.09204253012 1.60846273409e-05 -25.1914327343 -11.2970659926
674 23734 -0.092162430172 1.60127213981e-05 -25.1765545915 -11.3538270898
675 24107 -0.092280867322 1.62010391368e-05 -25.1618826725 -11.3548823799
676 24022 -0.0924009083295 1.66996947673e-05 -25.1470370522 -11.3536275026
677 22757 -0.0925280370537 1.57345480868e-05 -25.1313422398 -11.3341160985
678 23777 -0.0926452216569 1.61141965814e-05 -25.1168999513 -11.3574932926
679 23903 -0.0927649163571 1.68335772977e-05 -25.1021728695 -11.3342128682
680 22339 -0.092894257611 1.47643000481e-05 -25.086286721 -11.3479253682
681 25764 -0.0929998908725 1.70687813102e-05 -25.0733338678 -11.3268377738
682 23511 -0.0931277287809 1.62196752064e-05 -25.057683924 -11.3845370169
683 23384 -0.0932495367032 1.59451821484e-05 -25.0427982578 -11.3643885263
684 23915 -0.0933679469881 1.5962486163e-05 -25.028352143 -11.3314802975
685 24415 -0.0934852654026 1.65935566348e-05 -25.014062844 -11.3186394189
686 23379 -0.0936098929904 1.59911474499e-05 -24.9989089697 -11.337108566
687 23798 -0.0937289347558 1.65408088126e-05 -24.9844589341 -11.3197280619
688 22911 -0.0938544302718 1.58090651644e-05 -24.9692515056 -11.310572177
689 23757 -0.0939722184787 1.59274247491e-05 -24.9550022641 -11.2987495401
690 24340 -0.0940894589584 1.67712576166e-05 -24.9408425182 -11.3211822775
691 22891 -0.0942167566163 1.59814563381e-05 -24.9254942994 -11.2967848128
692 23324 -0.0943369285437 1.60286055724e-05 -24.911030181 -11.3100333309
693 23652 -0.0944566170992 1.6357754777e-05 -24.8966482726 -11.3206418985
694 23197 -0.0945799560725 1.57957765532e-05 -24.8818527551 -11.3239007424
695 24086 -0.0946968386006 1.60066438923e-05 -24.8678551295 -11.3317935649
696 24479 -0.0948143262576 1.6926132232e-05 -24.8538079168 -11.3410048446
697 22664 -0.0949434437174 1.58255449385e-05 -24.8383966018 -11.3194276583
698 23462 -0.0950620947508 1.57188387035e-05 -24.8242588584 -11.297591507
699 24552 -0.0951772981038 1.62374163445e-05 -24.8105541445 -11.3285122838
700 24375 -0.0952967335611 1.65170490183e-05 -24.7963690388 -11.3040866342
701 23523 -0.0954204076396 1.59915797372e-05 -24.7817052061 -11.297966904
702 23944 -0.0955390902909 1.61511314274e-05 -24.7676567575 -11.3421669308
703 23981 -0.0956588644943 1.59689034596e-05 -24.7535024384 -11.314890742
704 24466 -0.0957761066438 1.65800693364e-05 -24.7396699963 -11.3131406482
705 23460 -0.0959004180502 1.62244389645e-05 -24.7250279284 -11.2879251439
706 23322 -0.0960224235951 1.60673289202e-05 -24.7106818361 -11.3186244923
707 23557 -0.0961426424786 1.57323861859e-05 -24.6965693944 -11.2996781614
708 24618 -0.0962577916173 1.64670908147e-05 -24.6830739683 -11.2760101675
709 23878 -0.0963801711976 1.62685587425e-05 -24.66875455 -11.345917761
710 23631 -0.0965017046835 1.61094478744e-05 -24.6545579501 -11.3258750832
711 23768 -0.0966217042702 1.59544910882e-05 -24.6405637607 -11.2905537614
712 24284 -0.0967392782491 1.61685587358e-05 -24.6268747787 -11.2450758641
713 24278 -0.096858444669 1.59960885836e-05 -24.6130228972 -11.3168497879
714 24701 -0.0969753270278 1.69646825635e-05 -24.5994584736 -11.3394142606
715 22780 -0.0971044076513 1.54377576844e-05 -24.5845036263 -11.2893983513
716 24530 -0.0972176031683 1.59509614714e-05 -24.5714108973 -11.297972188
717 25072 -0.0973332902466 1.65151697318e-05 -24.5580509071 -11.2846531061
718 24200 -0.0974552076514 1.6090074766e-05 -24.5439942539 -11.2954868851
719 24388 -0.0975735291278 1.65518877418e-05 -24.5303745573 -11.3064618314
720 23452 -0.0976976500727 1.55620723742e-05 -24.5161109111 -11.3202663853
721 24936 -0.097810823555 1.61028787777e-05 -24.5031263419 -11.279040779
722 25097 -0.0979275543671 1.64408757904e-05 -24.4897545955 -11.2860770778
723 24407 -0.0980484067499 1.60610473815e-05 -24.4759330889 -11.3136207443
724 24669 -0.09816583974 1.64206622139e-05 -24.462524402 -11.2934335639
725 24040 -0.0982874613992 1.53665201405e-05 -24.4486599962 -11.2815244635
726 26075 -0.0983967453275 1.68170827222e-05 -24.4362215717 -11.2649016297
727 24409 -0.0985203577972 1.64577344389e-05 -24.4221745346 -11.29272997
728 23698 -0.0986431321017 1.60922410829e-05 -24.4082460445 -11.2868667589
729 23877 -0.0987627294708 1.62619851302e-05 -24.394700245 -11.2790817161
730 23646 -0.0988841758909 1.59196441755e-05 -24.3809674598 -11.2756029836
731 24245 -0.0990015874306 1.60510258967e-05 -24.3677123748 -11.3129822551
732 24530 -0.0991192787086 1.62876277722e-05 -24.3544468214 -11.2863603673
733 24230 -0.099239442874 1.59498984113e-05 -24.3409242949 -11.2977770562
734 24768 -0.0993558298912 1.61952371691e-05 -24.3278477353 -11.2754006523
735 24695 -0.0994741810066 1.62540189368e-05 -24.3145715528 -11.2901162277
736 24476 -0.0995934923654 1.6549421159e-05 -24.3012090912 -11.2922577248
737 23543 -0.099717356026 1.59385030936e-05 -24.2873595056 -11.2836174569
738 24093 -0.0998352763635 1.58644009444e-05 -24.2741959156 -11.2973834351
739 24843 -0.099950865315 1.64510619357e-05 -24.2613128442 -11.238369615
740 24135 -0.100072471988 1.59833828782e-05 -24.2477806671 -11.2595294186
741 24587 -0.100189531465 1.58247434178e-05 -24.234775372 -11.2627075825
742 25454 -0.100303437664 1.65589433324e-05 -24.2221400211 -11.2525611205
743 24460 -0.100425027027 1.60939964406e-05 -24.2086736952 -11.286793521
744 24640 -0.100542770083 1.56654130903e-05 -24.1956542725 -11.2464779861
745 25925 -0.100654500072 1.63887899434e-05 -24.1833187301 -11.2555563961
746 25346 -0.100772717528 1.71167798786e-05 -24.1702870246 -11.2543127756
747 23017 -0.100902282491 1.59080443811e-05 -24.1560280918 -11.2420069169
748 23628 -0.101021130779 1.59426984024e-05 -24.1429702666 -11.2620415272
749 24170 -0.101138894883 1.60191356164e-05 -24.1300520043 -11.2605794094
750 24533 -0.101256344177 1.57578552442e-05 -24.117188498 -11.3087544724
751 25571 -0.101369508562 1.65172932392e-05 -24.1048133527 -11.2747292143
752 24676 -0.101490259062 1.60417982775e-05 -24.0916292077 -11.289019137
753 24990 -0.101606796338 1.59308862504e-05 -24.0789251902 -11.2400131919
754 25594 -0.101721152864 1.61548976909e-05 -24.0664780571 -11.279816986
755 25623 -0.101837051096 1.58213851742e-05 -24.053882434 -11.2630045464
756 26536 -0.10194858808 1.68016793071e-05 -24.0417791063 -11.2604317074
757 24880 -0.102070914337 1.56705491252e-05 -24.0285256077 -11.2801462435
758 26164 -0.102182169616 1.64349415017e-05 -24.0164902864 -11.2596054579
759 25460 -0.102300453774 1.6416124376e-05 -24.0037140782 -11.2749208096
760 24823 -0.102420110614 1.56652573469e-05 -23.9908099844 -11.2769261411
761 26118 -0.102531426006 1.65687346253e-05 -23.9788238179 -11.2554092148
762 25073 -0.102651590441 1.65863764358e-05 -23.965904632 -11.2805620475
763 24027 -0.102774473879 1.55312345786e-05 -23.9527143566 -11.2383479398
764 25628 -0.102885888585 1.61789190453e-05 -23.9407736521 -11.2405668446
765 25595 -0.103002023583 1.64286771916e-05 -23.9283457646 -11.2569056163
766 24923 -0.103121531745 1.64884603944e-05 -23.9155767982 -11.2788623689
767 24121 -0.103243450067 1.57578396644e-05 -23.9025710593 -11.2748095214
768 25142 -0.103357576612 1.64134089923e-05 -23.890415457 -11.2558939404
769 24519 -0.1034779513 1.60041671164e-05 -23.8776141697 -11.2073732984
770 24926 -0.10359436428 1.61457838601e-05 -23.8652534874 -11.2641227404
771 24978 -0.103711684723 1.64358558256e-05 -23.8528156036 -11.2631779059
772 24304 -0.103832756835 1.620589889e-05 -23.8400000954 -11.2461875606
773 24206 -0.103952375696 1.61303755594e-05 -23.8273584328 -11.2782820779
774 24294 -0.104071221619 1.52965835835e-05 -23.8148181171 -11.2581382165
775 26538 -0.104179053529 1.60432816267e-05 -23.8034568917 -11.2142002871
776 26871 -0.104291446978 1.66414994878e-05 -23.7916321573 -11.2240780719
777 25606 -0.104410875793 1.65717983333e-05 -23.7790863263 -11.2649800179
778 24574 -0.10453227694 1.54102972842e-05 -23.766353412 -11.254009009
779 26535 -0.104640916582 1.69329190347e-05 -23.754976112 -11.2317503544
780 24550 -0.104765023431 1.58148461803e-05 -23.7419987848 -11.2653056389
781 25441 -0.104878886891 1.63302055222e-05 -23.7301110775 -11.2397798802
782 25021 -0.104997444203 1.5853855313e-05 -23.7177521013 -11.2423698516
783 25827 -0.10511073329 1.62807071766e-05 -23.7059601758 -11.2366777981
784 25529 -0.105227750502 1.66527137978e-05 -23.6937984922 -11.2585140568
785 24300 -0.105350430451 1.55863258163e-05 -23.6810681908 -11.2494874193
786 25774 -0.105461922332 1.63445084439e-05 -23.6695164996 -11.204938296
787 25312 -0.10557989999 1.64910724092e-05 -23.6573110697 -11.2458638878
788 24491 -0.105700913041 1.53398987177e-05 -23.6448110691 -11.2112620034
789 26636 -0.10580885218 1.66402178335e-05 -23.6336781242 -11.2537068975
790 25386 -0.105928789647 1.57602673708e-05 -23.6213259683 -11.2324909504
791 26454 -0.10604006722 1.59315600624e-05 -23.6098828786 -11.2414148915
792 27092 -0.106151222893 1.64932518729e-05 -23.5984688165 -11.2097544654
793 26208 -0.106268221394 1.67951324478e-05 -23.5864725493 -11.2242338644
794 24589 -0.106391221958 1.59997022302e-05 -23.5738804756 -11.2510964982
795 25008 -0.106507410352 1.60237818207e-05 -23.5620042089 -11.2292634062
796 25372 -0.106622935788 1.59510711533e-05 -23.5502134074 -11.2156620235
797 25932 -0.106736688479 1.59939551577e-05 -23.5386207453 -11.2233131599
798 26389 -0.106849754591 1.64350030936e-05 -23.527114939 -11.2177060974
799 25679 -0.106967534217 1.65235773898e-05 -23.5151473409 -11.2167364891
800 24765 -0.107088114781 1.58507401586e-05 -23.502913982 -11.1888848263
801 25571 -0.107201947523 1.65220665818e-05 -23.4913826711 -11.2349810495
802 24664 -0.107322762154 1.58369901091e-05 -23.4791625958 -11.2238528806
803 25502 -0.107436649232 1.60537214918e-05 -23.4676606333 -11.2187338801
804 25795 -0.107551438317 1.62136154324e-05 -23.4560846335 -11.2424499302
805 25671 -0.107667649395 1.60137851597e-05 -23.4443826415 -11.2214234567
806 26071 -0.107781544307 1.64068299846e-05 -23.4329308391 -11.2259225603
807 25442 -0.10789966806 1.60377156491e-05 -23.4210715377 -11.2205950162
808 25776 -0.108014384613 1.64344916084e-05 -23.4095715222 -11.1770522703
809 25084 -0.108133549717 1.60463598428e-05 -23.3976434729 -11.2324282782
810 25391 -0.108249194984 1.5909021472e-05 -23.3860851713 -11.2060860706
811 26063 -0.108362363496 1.67589296521e-05 -23.3747909909 -11.1985676775
812 24542 -0.108485214236 1.5377003517e-05 -23.3625490519 -11.2157637975
813 26591 -0.108593506238 1.6338029724e-05 -23.3517738327 -11.1795254486
814 26131 -0.108709573159 1.60666899581e-05 -23.3402415636 -11.2133473083
815 26396 -0.108823138606 1.59886732648e-05 -23.328974394 -11.2111853115
816 26876 -0.108935139509 1.63526641453e-05 -23.3178784529 -11.2045728304
817 26372 -0.109050778595 1.60758324563e-05 -23.3064387191 -11.1874326369
818 26615 -0.109163940761 1.65766390504e-05 -23.2952603523 -11.2095340877
819 25530 -0.109283082475 1.60257023876e-05 -23.2835087393 -11.1783433693
820 25897 -0.109397445616 1.55039640057e-05 -23.27224524 -11.1838796989
821 27699 -0.109504425507 1.67247464764e-05 -23.2617237539 -11.1958407827
822 26174 -0.109623144093 1.67681260663e-05 -23.250064529 -11.1611135291
823 24624 -0.109745858518 1.5883327659e-05 -23.2380313735 -11.2129247599
824 25341 -0.109860440852 1.58958131789e-05 -23.2268125741 -11.1537984157
825 26046 -0.109973551025 1.63823367574e-05 -23.2157539241 -11.171072368
826 25481 -0.110091408548 1.59274191689e-05 -23.2042480171 -11.1984483923
827 26106 -0.110204613357 1.6170298445e-05 -23.193212526 -11.2152345869
828 26095 -0.11031956863 1.60636154592e-05 -23.182022597 -11.1827171781
829 26368 -0.110433172913 1.60897021754e-05 -23.1709801818 -11.2373583036
830 26573 -0.110546521054 1.65301289711e-05 -23.1599784889 -11.1698132015
831 25610 -0.110665142303 1.58508723817e-05 -23.1484818744 -11.2005989827
832 26443 -0.110777083027 1.65176777952e-05 -23.1376485386 -11.2009263893
833 25517 -0.110895830947 1.59898288736e-05 -23.1261731661 -11.2126451576
834 25978 -0.111009759515 1.61495391825e-05 -23.1151796898 -11.2014095639
835 26022 -0.111124728549 1.6160964519e-05 -23.1041018346 -11.2018874693
836 26036 -0.111239748268 1.60104940746e-05 -23.0930351662 -11.1773385183
837 26451 -0.111352799885 1.55578997397e-05 -23.082173491 -11.1931929841
838 28137 -0.111459313466 1.6806396549e-05 -23.071954121 -11.1942492208
839 26368 -0.111578170331 1.653912422e-05 -23.0605666572 -11.2277745536
840 25389 -0.111697370952 1.56525571616e-05 -23.049163357 -11.1601344034
841 26748 -0.111807278378 1.62393955457e-05 -23.0386642289 -11.1826773081
842 26550 -0.111921731487 1.6016654319e-05 -23.0277462738 -11.175114064
843 26956 -0.11203376153 1.66958107712e-05 -23.0170746549 -11.1759414598
844 25546 -0.112153720858 1.60544843906e-05 -23.0056643486 -11.1751620807
845 25837 -0.112268420936 1.60546837671e-05 -22.9947703433 -11.1801713802
846 26131 -0.112382475827 1.58893176085e-05 -22.9839531435 -11.1885316041
847 26876 -0.112493780856 1.62768061213e-05 -22.9734116432 -11.1985031929
848 26576 -0.112608441507 1.6600791247e-05 -22.9625676942 -11.2102278864
849 25430 -0.112727990613 1.55862344068e-05 -22.9512779838 -11.1900175192
850 26973 -0.112836976092 1.61508247834e-05 -22.941000559 -11.184926245
851 27015 -0.112949821012 1.60598942802e-05 -22.9303739309 -11.215500305
852 27308 -0.113061427191 1.63425130653e-05 -22.9198786819 -11.1762426038
853 26824 -0.113176017729 1.64252113117e-05 -22.909117996 -11.1767995537
854 26128 -0.113292710891 1.65135836918e-05 -22.8981756643 -11.17495222
855 25223 -0.113412118082 1.60375300804e-05 -22.8869953096 -11.1856963512
856 25555 -0.113527329156 1.55000452585e-05 -22.8762236067 -11.1839667618
857 27344 -0.113634973846 1.6405532551e-05 -22.8661732844 -11.1941309044
858 26688 -0.113750298495 1.60879387293e-05 -22.8554208493 -11.19601991
859 26901 -0.113862942613 1.64100889069e-05 -22.8449332193 -11.2122211874
860 26244 -0.113979272122 1.60476980757e-05 -22.8341178696 -11.1905935437
861 26562 -0.114092349821 1.54803028548e-05 -22.823619819 -11.1973111384
862 28479 -0.114197694026 1.67694738984e-05 -22.8138529948 -11.1748343469
863 26789 -0.114315355119 1.60577420496e-05 -22.8029593144 -11.1887354346
864 27085 -0.114427403821 1.63223482511e-05 -22.7926000263 -11.1516083189
865 26659 -0.114542205683 1.63841422983e-05 -22.7820011111 -11.1509934784
866 26076 -0.114658723819 1.63393982791e-05 -22.7712591453 -11.185297093
867 25622 -0.114775949249 1.60946026723e-05 -22.7604675986 -11.1864184968
868 25809 -0.114890999279 1.62138458843e-05 -22.7498915228 -11.1687628824
869 25685 -0.115007181842 1.55463166843e-05 -22.739226595 -11.1814153378
870 27354 -0.115115127966 1.63725443421e-05 -22.7293314403 -11.188053432
871 26787 -0.115230007341 1.6234316056e-05 -22.7188152113 -11.1900976454
872 26602 -0.115344311871 1.54913771126e-05 -22.7083663931 -11.1788081351
873 28489 -0.115449711491 1.70805596069e-05 -22.6987446387 -11.1701622246
874 25966 -0.115571438378 1.53554625823e-05 -22.6876479413 -11.1797555914
875 28195 -0.115676456448 1.62246185886e-05 -22.6780877933 -11.1676288763
876 28028 -0.115787749049 1.62876992764e-05 -22.667969937 -11.1703643541
877 27685 -0.115900165837 1.65891423738e-05 -22.6577639364 -11.1687262053
878 26522 -0.116017144743 1.61159752376e-05 -22.6471587249 -11.1777298416
879 26657 -0.116130498899 1.62071134039e-05 -22.6368966672 -11.1259147932
880 26547 -0.116244732063 1.6295925226e-05 -22.6265694776 -11.1646045782
881 26200 -0.116360348609 1.64131669068e-05 -22.6161319606 -11.1986280483
882 25552 -0.116478264599 1.5667966168e-05 -22.6055020959 -11.1418564923
883 26878 -0.116588014661 1.58904320526e-05 -22.5956221714 -11.1502614467
884 27641 -0.116697775992 1.65018999263e-05 -22.5857545134 -11.1218484764
885 26716 -0.116813718326 1.57086169974e-05 -22.5753455729 -11.1485536811
886 27987 -0.116921551868 1.60197165172e-05 -22.5656778637 -11.162575218
887 28406 -0.117030705732 1.63991069835e-05 -22.5559047616 -11.1272063572
888 27743 -0.117143772891 1.61220329251e-05 -22.5457950251 -11.1642849621
889 27868 -0.117254680304 1.68159478937e-05 -22.5358919591 -11.1667902011
890 26091 -0.117374235169 1.56678797033e-05 -22.5252317618 -11.1415853615
891 27445 -0.117482844605 1.62441416998e-05 -22.5155609958 -11.17113893
892 27229 -0.117595895265 1.62376906586e-05 -22.5055083739 -11.146153395
893 27032 -0.117709311244 1.59081820027e-05 -22.4954371782 -11.1898090532
894 27749 -0.117818980525 1.63378400428e-05 -22.4857119093 -11.1269933879
895 27270 -0.117932597418 1.64058454366e-05 -22.4756502597 -11.1551912895
896 26615 -0.118048082469 1.56921723523e-05 -22.4654374162 -11.1529243925
897 27927 -0.118155917187 1.67581348053e-05 -22.4559140658 -11.1519345935
898 26300 -0.118274586858 1.61900624021e-05 -22.4454482497 -11.1433045506
899 26236 -0.118389372388 1.54046614497e-05 -22.4353393305 -11.1459263184
900 28346 -0.1184944461 1.63868609135e-05 -22.4260980519 -11.1410667929
901 27718 -0.118607478122 1.59849626043e-05 -22.4161699813 -11.1491315222
902 28233 -0.118716729527 1.64218189084e-05 -22.4065869018 -11.1698047388
903 27510 -0.118830430517 1.6145344251e-05 -22.3966269879 -11.1323084497
904 27568 -0.11894209966 1.59579644533e-05 -22.3868584004 -11.1538322495
905 28157 -0.119051313083 1.67517542907e-05 -22.3773173983 -11.1236825404
906 26534 -0.119169413887 1.56113624256e-05 -22.3670141619 -11.095751676
907 28072 -0.119276416589 1.64709527249e-05 -22.3576918307 -11.1218811595
908 27217 -0.119391069622 1.57409822632e-05 -22.3477163528 -11.1276481305
909 28418 -0.119498302372 1.65356180724e-05 -22.3383989752 -11.1496133983
910 27373 -0.119613078371 1.63007728209e-05 -22.328439523 -11.1340500007
911 27002 -0.119726999024 1.60198404451e-05 -22.3185679182 -11.1509484624
912 27406 -0.119838127514 1.59030962802e-05 -22.3089513187 -11.0791451648
913 28148 -0.119946982983 1.61166755665e-05 -22.2995438934 -11.1267901651
914 28290 -0.120057023118 1.6506759078e-05 -22.2900466138 -11.1265035866
915 27329 -0.120171689814 1.61720136797e-05 -22.2801634014 -11.1469708929
916 27313 -0.120284065163 1.61390291353e-05 -22.2704908991 -11.1571578277
917 27388 -0.120396056574 1.61806432394e-05 -22.260864435 -11.1389400258
918 27348 -0.1205084199 1.59030748918e-05 -22.2512190113 -11.1247990151
919 28088 -0.120617390474 1.65414417265e-05 -22.2418772487 -11.1410622981
920 27039 -0.120732913507 1.57683699955e-05 -22.2319870929 -11.1215189312
921 28153 -0.120840835869 1.61385650955e-05 -22.2227600189 -11.1224661331
922 28232 -0.120951138118 1.59879208396e-05 -22.2133417981 -11.1216775816
923 28747 -0.121059426717 1.66235477669e-05 -22.2041076139 -11.1282957197
924 27444 -0.121174663418 1.59629719153e-05 -22.1942940804 -11.1332229669
925 28016 -0.121284185476 1.6031641436e-05 -22.1849797401 -11.1335519735
926 28401 -0.121393430142 1.61030024589e-05 -22.175701138 -11.1204043493
927 28584 -0.1215028102 1.65344683734e-05 -22.1664231685 -11.1035761193
928 27536 -0.121617237809 1.60087979701e-05 -22.1567300173 -11.1293730825
929 27979 -0.121727146006 1.57608472856e-05 -22.1474321668 -11.128191184
930 29154 -0.121833148837 1.63027505786e-05 -22.1384762424 -11.1317484385
931 28753 -0.121943559456 1.63214410805e-05 -22.1291599464 -11.1294006376
932 28304 -0.122054970348 1.6240489777e-05 -22.1197716697 -11.0840061079
933 28091 -0.122166246657 1.64587650743e-05 -22.110407165 -11.1135457206
934 27270 -0.122280705346 1.60455424825e-05 -22.1007877825 -11.1297570109
935 27606 -0.122391608413 1.65464012106e-05 -22.0914797137 -11.1043849465
936 26562 -0.122508199846 1.55011858339e-05 -22.0817074513 -11.1097401949
937 28418 -0.12261379824 1.57398906305e-05 -22.0728682659 -11.101610951
938 29675 -0.1227187275 1.69456291233e-05 -22.0640960683 -11.1248556472
939 27420 -0.122836248519 1.66793158585e-05 -22.0542841536 -11.1018150126
940 26030 -0.122954971725 1.54255002739e-05 -22.0443857528 -11.0782137114
941 28064 -0.123060715125 1.55675440058e-05 -22.0355812556 -11.1132727296
942 29823 -0.123164237281 1.68408608318e-05 -22.0269723902 -11.1082885862
943 27851 -0.123280124569 1.61527616412e-05 -22.0173477625 -11.076535746
944 27889 -0.123391200766 1.63041070225e-05 -22.0081350919 -11.1038250989
945 27501 -0.123504104801 1.60207150308e-05 -21.9987832231 -11.114692964
946 27910 -0.123614231374 1.58932747114e-05 -21.9896734359 -11.0973021609
947 28694 -0.123721979143 1.63430361462e-05 -21.9807718967 -11.0939949971
948 28184 -0.123833774453 1.61233782431e-05 -21.9715479424 -11.1038075354
949 28307 -0.123943827445 1.58935100538e-05 -21.9624796284 -11.1250730017
950 29101 -0.124050819839 1.63238793296e-05 -21.9536747907 -11.0973506235
951 28639 -0.124161592823 1.60787055137e-05 -21.9445705335 -11.0963663539
952 28894 -0.124270219075 1.61003698335e-05 -21.9356542517 -11.0593591123
953 29088 -0.124378629764 1.63788353758e-05 -21.9267670349 -11.1098688356
954 28467 -0.124490110788 1.6346437118e-05 -21.9176399455 -11.114204344
955 27951 -0.12460239367 1.61385708206e-05 -21.9084593045 -11.0820581304
956 28029 -0.124713093846 1.5634560989e-05 -21.8994199346 -11.1143503641
957 29584 -0.124817481525 1.6731998132e-05 -21.8909067911 -11.0932198872
958 27934 -0.124932447734 1.58347589931e-05 -21.8815430109 -11.0897846228
959 28890 -0.1250394343 1.65102291465e-05 -21.8728405075 -11.0970815945
960 27899 -0.125152947849 1.60051088403e-05 -21.8636190277 -11.0932669872
961 28359 -0.125262093083 1.59104481151e-05 -21.8547639889 -11.0849263568
962 29105 -0.125369193325 1.63590456417e-05 -21.8460858709 -11.0981943828
963 28541 -0.12548039547 1.60884680056e-05 -21.8370869022 -11.0882044044
964 28767 -0.125589328075 1.55998696678e-05 -21.8282829522 -11.0750628503
965 30470 -0.125691958303 1.70313088514e-05 -21.8199986265 -11.080742603
966 27911 -0.125809029707 1.57660333425e-05 -21.8105607452 -11.1149535982
967 29068 -0.125915224482 1.65376657785e-05 -21.8020108679 -11.1148525295
968 27993 -0.126028735789 1.61080032366e-05 -21.7928836533 -11.0591593316
969 28159 -0.126138972259 1.58869876798e-05 -21.784031338 -11.080089244
970 28968 -0.126246165925 1.62802367452e-05 -21.7754342875 -11.0890068861
971 28635 -0.12635665124 1.57517195023e-05 -21.7665844898 -11.094592964
972 29866 -0.126461323597 1.62786799849e-05 -21.7582108187 -11.1062552967
973 29527 -0.126570116224 1.64956308227e-05 -21.749518352 -11.0665800735
974 28557 -0.126682216373 1.62056656886e-05 -21.7405731337 -11.061272001
975 28443 -0.126792565998 1.67397284448e-05 -21.7317789982 -11.0660461288
976 26836 -0.126909915629 1.55147790912e-05 -21.722439391 -11.0757540592
977 28672 -0.127015138382 1.59363232272e-05 -21.7140757694 -11.0785033784
978 29349 -0.127121965905 1.60595262316e-05 -21.7055950522 -11.0715211565
979 29668 -0.127229037927 1.67244697734e-05 -21.6971054812 -11.0973237414
980 28035 -0.127343745833 1.55159055033e-05 -21.6880221776 -11.051764791
981 29949 -0.127446707288 1.68040301488e-05 -21.6798793259 -11.0648141246
982 28073 -0.127561882431 1.58236647424e-05 -21.670782055 -11.0856834595
983 29066 -0.12766846896 1.63635690356e-05 -21.6623739844 -11.0503054595
984 28490 -0.12777980199 1.60361705754e-05 -21.6536025688 -11.0823908056
985 28868 -0.127888189588 1.6145687763e-05 -21.6450740691 -11.066314266
986 28928 -0.127997204759 1.64513583861e-05 -21.6365069757 -11.0710740048
987 28103 -0.128109902335 1.61433511766e-05 -21.6276618479 -11.1083851216
988 28168 -0.128220362225 1.55012718249e-05 -21.6190035249 -11.0702898781
989 30136 -0.12832290711 1.63996446291e-05 -21.6109755022 -11.0727758571
990 29431 -0.128432687506 1.64054976509e-05 -21.6023915601 -11.0807955841
991 28725 -0.128543847615 1.62380632867e-05 -21.5937108145 -11.0467769927
992 28516 -0.128654275372 1.57395291924e-05 -21.5850982783 -11.0509318331
993 29778 -0.128759019845 1.59148524517e-05 -21.5769391263 -11.0369299888
994 30547 -0.12886358945 1.66680449062e-05 -21.568803417 -11.0849645066
995 29031 -0.128975931764 1.61006612509e-05 -21.5600738917 -11.0545820333
996 29225 -0.129084089907 1.60738606177e-05 -21.5516801598 -11.0661263395
997 29500 -0.129191562764 1.64292227165e-05 -21.5433499538 -11.0696100541
998 28723 -0.129302887215 1.5641900248e-05 -21.5347320638 -11.0736906626
999 30294 -0.129406092978 1.62842003442e-05 -21.5267525081 -11.0659184646
1000 29933 -0.129514181241 1.6086564376e-05 -21.5184055924 -11.0681918112
1001 30176 -0.12962052794 1.68428748953e-05 -21.5102032732 -11.0701591395
1002 28175 -0.129735760948 1.58324815277e-05 -21.5013268667 -11.0639526386
1003 29146 -0.129842261326 1.6171210955e-05 -21.4931335646 -11.0558648273
1004 29131 -0.129951067665 1.62821302486e-05 -21.484773188 -11.0560940542
1005 28790 -0.130061266839 1.57632874614e-05 -21.4763164108 -11.0474287174
1006 29992 -0.130165795117 1.66371868526e-05 -21.4683046835 -11.0352293134
1007 28593 -0.130278785328 1.55183245811e-05 -21.4596551568 -11.0603391775
1008 30538 -0.130380765612 1.60744804724e-05 -21.4518580496 -11.0427139295
1009 30823 -0.130485910017 1.63589460695e-05 -21.4438285408 -11.0552113013
1010 30226 -0.130593967458 1.64721629104e-05 -21.4355866249 -11.0641669119
1011 29302 -0.130704474624 1.6386279293e-05 -21.4271683791 -11.0635811236
1012 28655 -0.130815640253 1.57569149739e-05 -21.4187106861 -11.065087268
1013 29871 -0.130920338216 1.66378183007e-05 -21.4107548738 -11.0846381261
1014 28476 -0.131033564965 1.56584135293e-05 -21.4021616639 -11.0523536101
1015 29983 -0.1311374139 1.67585762528e-05 -21.3942899213 -11.0651492016
1016 28235 -0.131251948182 1.59046233633e-05 -21.385619028 -11.0742518802
1017 28995 -0.131359212322 1.64158564507e-05 -21.3775087784 -11.0540631923
1018 28270 -0.13147133467 1.55824484901e-05 -21.3690417808 -11.0537794443
1019 29997 -0.131574655962 1.60992896377e-05 -21.3612489602 -11.033737328
1020 30201 -0.131681041865 1.6059833833e-05 -21.3532345611 -11.0281111652
1021 30529 -0.131786596448 1.62023089976e-05 -21.3452923622 -11.0759284219
1022 30417 -0.131893282328 1.65375679049e-05 -21.3372747157 -11.0708416438
1023 29292 -0.132004246759 1.60272236975e-05 -21.3289458286 -11.0445558309
1024 29708 -0.132111032121 1.59094883064e-05 -21.3209405185 -11.0476959211
1025 30492 -0.132215661065 1.60415803903e-05 -21.313106269 -11.0339103266
1026 30880 -0.132320494202 1.6529960748e-05 -21.3052660474 -11.0425561269
1027 29761 -0.132430530512 1.64790189374e-05 -21.2970467081 -11.0667338151
1028 28831 -0.132541982731 1.56571991769e-05 -21.2887320435 -11.0225812386
1029 30360 -0.132645175961 1.63256916166e-05 -21.2810428737 -11.0766084119
1030 29873 -0.132753649812 1.66526453867e-05 -21.2729699078 -11.0614378825
1031 28435 -0.13286705888 1.57124256064e-05 -21.2645402331 -11.0248242458
1032 29776 -0.13297162772 1.66850509056e-05 -21.2567772226 -11.0328913262
1033 28250 -0.133085629524 1.57835228031e-05 -21.2483243706 -11.0331767594
1034 29369 -0.13319139622 1.59861012899e-05 -21.2404918512 -11.0431104316
1035 29911 -0.133297546083 1.63301308989e-05 -21.2326403538 -11.0435916926
1036 29418 -0.133406885395 1.56725815035e-05 -21.224562771 -11.0548899094
1037 30930 -0.133509224218 1.57641255288e-05 -21.2170113774 -11.0484073939
1038 32219 -0.133610081264 1.71677990993e-05 -21.2095778395 -11.0457326334
1039 29108 -0.133725639723 1.60867152041e-05 -21.2010711302 -11.0295715517
1040 29344 -0.133833484806 1.58382498308e-05 -21.1931422126 -11.0475128014
1041 30337 -0.133937910863 1.64147023905e-05 -21.1854738327 -11.0342353521
1042 29582 -0.134047511096 1.61962693628e-05 -21.1774351779 -11.0351397764
1043 29492 -0.134155817585 1.60182591839e-05 -21.169501139 -11.0421167223
1044 29938 -0.13426213234 1.62855620558e-05 -21.1617223925 -11.0382351447
1045 29578 -0.134370877959 1.63725497229e-05 -21.1537753917 -11.0620778226
1046 28965 -0.134481354061 1.5435171222e-05 -21.1457118587 -11.0277222051
1047 31198 -0.134581709154 1.63901736858e-05 -21.1383957073 -11.0704205571
1048 30497 -0.134689490786 1.62755057351e-05 -21.1305473082 -11.0118938331
1049 30161 -0.134797113717 1.63579714345e-05 -21.1227199223 -11.0424324392
1050 29580 -0.134906338683 1.6072530728e-05 -21.1147856664 -11.0148258696
1051 29862 -0.135013148637 1.58306967529e-05 -21.1070362213 -11.0501134281
1052 30896 -0.135116575975 1.65358326776e-05 -21.0995410223 -11.0030424396
1053 29759 -0.135226655633 1.60115360072e-05 -21.0915732641 -11.036406181
1054 30230 -0.135332411865 1.61478918998e-05 -21.0839276761 -10.9884295311
1055 30286 -0.135438969376 1.65420380817e-05 -21.076233296 -11.0315882159
1056 29153 -0.135550228803 1.57872820653e-05 -21.068209166 -11.0216942572
1057 30296 -0.135654389264 1.61837380792e-05 -21.0607060503 -11.0055961637
1058 30242 -0.135761261119 1.62317300918e-05 -21.0530166827 -11.0290552168
1059 30041 -0.135868807072 1.5714918779e-05 -21.0452880634 -11.0285849531
1060 31449 -0.135970571415 1.7067083237e-05 -21.0379834599 -10.9977411179
1061 28703 -0.136086257814 1.52324554357e-05 -21.0296895931 -11.0429185208
1062 31560 -0.136184724859 1.67933716792e-05 -21.0226386435 -11.0384977085
1063 29615 -0.136296790184 1.5605324739e-05 -21.0146233592 -11.0110462057
1064 31351 -0.136398003807 1.68399858715e-05 -21.0073928112 -11.0316253223
1065 29280 -0.13651102085 1.58004030506e-05 -20.999328659 -11.0140085813
1066 30388 -0.136615110898 1.62491976116e-05 -20.9919104372 -11.0411227982
1067 30133 -0.136722608851 1.5969974491e-05 -20.9842583448 -11.0153991397
1068 30739 -0.136827213014 1.58041575994e-05 -20.976821009 -11.0118255628
1069 31890 -0.136928846279 1.66152940181e-05 -20.9696031717 -10.9892657873
1070 30470 -0.137038156915 1.65342432948e-05 -20.9618491802 -11.0321152744
1071 29353 -0.137148983827 1.62530518e-05 -20.953997223 -11.0184246269
1072 29095 -0.137258407909 1.53949036172e-05 -20.9462541139 -11.022816919
1073 31466 -0.13735807297 1.65458942502e-05 -20.9392097418 -10.9951685965
1074 30277 -0.137467273098 1.5787206791e-05 -20.931500349 -11.0145393262
1075 31465 -0.137569480974 1.5830064233e-05 -20.9242930393 -10.998894645
1076 32557 -0.137670232033 1.64439367822e-05 -20.9171964321 -11.0100699632
1077 31652 -0.137776375237 1.66352172488e-05 -20.9097285672 -11.0021025834
1078 30181 -0.137886338641 1.60313791385e-05 -20.9020011624 -10.9841388153
1079 30597 -0.137991589005 1.61770643503e-05 -20.8946137438 -11.0299937576
1080 30563 -0.138097854042 1.61639585572e-05 -20.887163813 -11.0052421153
1081 30570 -0.138204021415 1.61501859242e-05 -20.8797294513 -11.0019992476
1082 30620 -0.138310012092 1.6178840331e-05 -20.8723161446 -11.0375838458
1083 30581 -0.138416258445 1.62490894423e-05 -20.8648936471 -11.0078710315
1084 30325 -0.138523415345 1.55921352848e-05 -20.8574163378 -11.0102434888
1085 32145 -0.138623285578 1.66710194575e-05 -20.8504554289 -11.009894452
1086 30541 -0.138732835964 1.56908411017e-05 -20.842828618 -11.0060219361
1087 32051 -0.138833486013 1.62007728758e-05 -20.8358295436 -10.9958914888
1088 31939 -0.138937590014 1.60884347802e-05 -20.8285984358 -11.0143475756
1089 32192 -0.139040564633 1.67818188269e-05 -20.8214539154 -11.0088425726
1090 30244 -0.139151383218 1.56908895294e-05 -20.8137741993 -11.0124377785
1091 31739 -0.139252526819 1.65055633998e-05 -20.8067731158 -11.0076043727
1092 30665 -0.139360769706 1.58555533147e-05 -20.7992892347 -10.9845126981
1093 31647 -0.13946312325 1.68935132791e-05 -20.7922207161 -11.0192184786
1094 29397 -0.139576274621 1.56513936889e-05 -20.7844157341 -10.9854196107
1095 30975 -0.139678401572 1.60355493443e-05 -20.7773795081 -11.0118280483
1096 31388 -0.13978234323 1.58479119907e-05 -20.7702263379 -10.9679230772
1097 32419 -0.139883423099 1.64928475091e-05 -20.763277922 -10.9567191533
1098 31362 -0.139990373267 1.60260439044e-05 -20.755934341 -10.9767476482
1099 31811 -0.1400935606 1.63770196336e-05 -20.7488572741 -11.0230780545
1100 31138 -0.140200141917 1.62577184421e-05 -20.7415558157 -11.0068484442
1101 30850 -0.140306438985 1.60658733608e-05 -20.7342823018 -10.9742614574
1102 31166 -0.140410948679 1.59043657111e-05 -20.7271393261 -10.9915117286
1103 32005 -0.140513041499 1.6687485701e-05 -20.7201694089 -10.9902084296
1104 30357 -0.140623031437 1.615200028e-05 -20.7126690436 -11.0037753547
1105 30401 -0.140729415047 1.5941202473e-05 -20.7054231609 -10.9850020644
1106 31103 -0.140833217769 1.6002322772e-05 -20.6983611672 -10.9907425086
1107 31625 -0.140936555979 1.63407440068e-05 -20.6913387121 -10.9617393353
1108 31070 -0.141043017449 1.61463297383e-05 -20.6841122808 -10.994670862
1109 31133 -0.141148106163 1.60861124759e-05 -20.6769872464 -11.0063792748
1110 31387 -0.141252377873 1.61651020685e-05 -20.6699256602 -11.0151707138
1111 31390 -0.141357155866 1.66113176299e-05 -20.6628378564 -10.9884834377
1112 30004 -0.141467285078 1.59795005724e-05 -20.6553967695 -10.971001597
1113 30578 -0.141572227133 1.54819164125e-05 -20.6483144505 -10.9800763495
1114 32779 -0.141670428471 1.67925219181e-05 -20.641694362 -10.9729060279
1115 30762 -0.141780379987 1.59456302309e-05 -20.6342905313 -10.9719033676
1116 31458 -0.141883623702 1.64723837982e-05 -20.6273464294 -11.0085363998
1117 30496 -0.141991948009 1.60295904287e-05 -20.6200689725 -10.993741394
1118 30922 -0.142096632198 1.60247808403e-05 -20.6130441893 -10.9869088193
1119 31369 -0.142200536231 1.642635655e-05 -20.6060796406 -10.9897220339
1120 30552 -0.142308458816 1.60917783845e-05 -20.5988540348 -10.9543901052
1121 30784 -0.142413784665 1.58811574014e-05 -20.5918104278 -10.9639209174
1122 31688 -0.142516238268 1.57022567159e-05 -20.5849666057 -10.9938084921
1123 33216 -0.14261517919 1.68579964009e-05 -20.5783646292 -10.9967175323
1124 30966 -0.142725195391 1.57909202512e-05 -20.5710319335 -10.9729546187
1125 32168 -0.142826302639 1.58826041149e-05 -20.5643007191 -10.9485366866
1126 33107 -0.142926544517 1.67803511463e-05 -20.5576343766 -10.9770528524
1127 31108 -0.143035803303 1.57587593945e-05 -20.550376607 -10.9576959097
1128 32422 -0.143136309749 1.65934549491e-05 -20.5437077916 -10.9860403875
1129 31047 -0.143244457565 1.57389265602e-05 -20.5365400334 -10.9691115765
1130 32423 -0.143344834903 1.60943547734e-05 -20.5298947642 -10.9589099304
1131 32660 -0.143447106373 1.62004542159e-05 -20.5231314943 -10.9843195828
1132 32547 -0.143550231515 1.5889021853e-05 -20.5163193183 -10.9629814686
1133 33476 -0.143649960802 1.66147201415e-05 -20.5097386612 -10.9747781375
1134 31987 -0.143756643814 1.57663730995e-05 -20.5027069837 -10.9814776581
1135 33312 -0.143855845932 1.61666713744e-05 -20.4961756301 -10.9762789684
1136 33310 -0.143957569449 1.65707089447e-05 -20.4894855088 -10.9942870936
1137 31971 -0.144063996935 1.59122098295e-05 -20.4824938513 -10.9371164372
1138 32806 -0.144164886148 1.60353484128e-05 -20.4758734101 -10.9559259283
1139 33244 -0.144265883221 1.65409711e-05 -20.4692530784 -10.9925447681
1140 32004 -0.144372064911 1.61863266291e-05 -20.462300639 -10.9781056298
1141 31939 -0.144476076171 1.58637309822e-05 -20.4554979951 -10.9724858963
1142 32935 -0.144576460979 1.66519565289e-05 -20.4489397311 -10.9632853561
1143 31352 -0.144684461346 1.56378718843e-05 -20.4418918171 -10.9356236678
1144 33080 -0.144783199602 1.67591288539e-05 -20.4354554723 -10.9518773259
1145 31149 -0.144892247368 1.53605944939e-05 -20.4283550054 -10.9877565887
1146 33806 -0.1449881881 1.63368070403e-05 -20.4221148393 -10.9565277081
1147 33226 -0.145091112768 1.64766153294e-05 -20.4154275512 -10.9456484676
1148 32196 -0.145196565338 1.57742463749e-05 -20.4085836574 -10.9741018273
1149 33503 -0.145295533898 1.62525411201e-05 -20.4021675995 -10.93276408
1150 33211 -0.145397950984 1.67734246898e-05 -20.3955351243 -10.9915521682
1151 31227 -0.145506955261 1.56989990571e-05 -20.3884840409 -10.9794048964
1152 32744 -0.145606586663 1.57793491211e-05 -20.3820464358 -10.9529965271
1153 34055 -0.145704780759 1.65716316413e-05 -20.3757084024 -10.9690032732
1154 32683 -0.145810048469 1.61401631243e-05 -20.3689211732 -10.9698731362
1155 32769 -0.145912439983 1.61316462682e-05 -20.362326702 -10.9331308145
1156 32884 -0.146014598933 1.6155991804e-05 -20.355754385 -10.9525913711
1157 32918 -0.146116859241 1.58771109309e-05 -20.3491827147 -10.9318899083
1158 33898 -0.146215890691 1.65828884033e-05 -20.3428253688 -10.9276248214
1159 32495 -0.146321533838 1.61722772802e-05 -20.336050975 -10.9612263087
1160 32475 -0.146424593221 1.58514285345e-05 -20.3294496072 -10.9567695804
1161 33529 -0.146524006826 1.65271491987e-05 -20.3230886258 -10.9675253645
1162 32323 -0.146629573924 1.57884140106e-05 -20.3163412765 -10.9358595987
1163 33587 -0.146728507747 1.64080183092e-05 -20.3100247689 -10.9607241582
1164 32773 -0.146832592736 1.62299770555e-05 -20.3033865499 -10.9624347964
1165 32561 -0.146935882123 1.58342013228e-05 -20.2968063274 -10.9607587928
1166 33677 -0.147034969733 1.67530330909e-05 -20.2905005686 -10.9244238289
1167 31731 -0.147142973933 1.58900282825e-05 -20.2836349273 -10.9721944325
1168 32633 -0.147243988968 1.6468132215e-05 -20.2772206946 -10.9443927559
1169 31649 -0.147350294837 1.59262662191e-05 -20.2704779257 -10.9417577401
1170 32429 -0.147451858008 1.58892201267e-05 -20.2640430734 -10.9500508491
1171 33354 -0.147551770827 1.6238057371e-05 -20.2577195409 -10.9719056984
1172 33112 -0.147654249624 1.62449944421e-05 -20.2512405575 -10.955495113
1173 32848 -0.147757182379 1.62034369102e-05 -20.2447399491 -10.9259677945
1174 32724 -0.147860046484 1.59346385105e-05 -20.2382507496 -10.9035830829
1175 33502 -0.147960022517 1.62311090954e-05 -20.2319505103 -10.9464450053
1176 33282 -0.148062194933 1.61928760357e-05 -20.2255187409 -10.9564543833
1177 33192 -0.148164264853 1.58336884924e-05 -20.219100358 -10.9178612999
1178 34331 -0.148262400351 1.69841411119e-05 -20.212935906 -10.9798586672
1179 31598 -0.14837212425 1.59314212444e-05 -20.2060510838 -10.9502090442
1180 32360 -0.148473828866 1.61175602675e-05 -20.1996765662 -10.9182281093
1181 32520 -0.148576468233 1.60438825086e-05 -20.1932503958 -10.9446255867
1182 32926 -0.148678006403 1.60510852535e-05 -20.1869000145 -10.9571684796
1183 33313 -0.148778998828 1.61134603722e-05 -20.1805905075 -10.9215270156
1184 33492 -0.148880112647 1.57819844999e-05 -20.1742801427 -10.9526175287
1185 34824 -0.148977233248 1.67516277175e-05 -20.1682253163 -10.9112893688
1186 32816 -0.149083427411 1.57931841684e-05 -20.1616118989 -10.9172548467
1187 34082 -0.149181668738 1.65401675832e-05 -20.1555003389 -10.9221524311
1188 32813 -0.149286527554 1.58300991699e-05 -20.1489840753 -10.9225433732
1189 33952 -0.149385187812 1.61217621042e-05 -20.1428595701 -10.9153243029
1190 34105 -0.149485439418 1.67504822222e-05 -20.1366427846 -10.9516545255
1191 32143 -0.149592733566 1.59989238086e-05 -20.129996532 -10.9536010021
1192 32693 -0.14969434713 1.61228325026e-05 -20.123709063 -10.9446590558
1193 32837 -0.149796523168 1.64042053908e-05 -20.1173935526 -10.9205972833
1194 32054 -0.149901745292 1.57373784913e-05 -20.1108968397 -10.9164837071
1195 33480 -0.15000051585 1.64261484543e-05 -20.1048049886 -10.9209004331
1196 32609 -0.150104978218 1.58418730027e-05 -20.0983689487 -10.92643657
1197 33700 -0.150204079448 1.63097705509e-05 -20.0922697268 -10.9297198206
1198 33213 -0.15030685423 1.60999441324e-05 -20.0859511026 -10.9180155247
1199 33437 -0.150407965839 1.60826164776e-05 -20.0797413663 -10.900124278
1200 33722 -0.150508541266 1.61122202006e-05 -20.0735710789 -10.9237547175
1201 33907 -0.150609025971 1.5650745676e-05 -20.067412841 -10.9347334743
1202 35729 -0.150704111606 1.677623665e-05 -20.0615914462 -10.9107260707
1203 33585 -0.150809237278 1.64063705889e-05 -20.0551621088 -10.9447659218
1204 32776 -0.150913306217 1.59347470342e-05 -20.0488043559 -10.9207224741
1205 33555 -0.151013204142 1.60221318456e-05 -20.0427079184 -10.9173199654
1206 34049 -0.151112918428 1.63685117746e-05 -20.0366290288 -10.9180870975
1207 33357 -0.151215839548 1.62303942545e-05 -20.030361275 -10.9243216014
1208 33140 -0.151318225569 1.61270202397e-05 -20.0241327851 -10.9363059979
1209 33272 -0.151419758112 1.61175305832e-05 -20.017962782 -10.9309317245
1210 33437 -0.151520980671 1.5665248006e-05 -20.0118181161 -10.9088038025
1211 35182 -0.151616891631 1.69611524423e-05 -20.0060018676 -10.9068274463
1212 32457 -0.151725007634 1.60533510285e-05 -19.9994524445 -10.9219955907
1213 32831 -0.151826753164 1.59096793453e-05 -19.9932956631 -10.9061917469
1214 33697 -0.151926283603 1.6372267373e-05 -19.9872792276 -10.8992202554
1215 33000 -0.152029784334 1.57153399568e-05 -19.9810294016 -10.9369531155
1216 34546 -0.152126883788 1.66703780626e-05 -19.9751722274 -10.9119475041
1217 32824 -0.152232551162 1.55463306907e-05 -19.9688049408 -10.9280933351
1218 34957 -0.152328039819 1.64368555635e-05 -19.9630570139 -10.9403814124
1219 34010 -0.152430393698 1.59216356347e-05 -19.9569021654 -10.9355479048
1220 34865 -0.15252831666 1.62581937993e-05 -19.9510198824 -10.8910465794
1221 34541 -0.152628777078 1.65776314987e-05 -19.9449913846 -10.8784886272
1222 33129 -0.152733371247 1.61268212558e-05 -19.9387215004 -10.9074998304
1223 33261 -0.152834918367 1.61018463148e-05 -19.9326407764 -10.9144827668
1224 33479 -0.152935978683 1.61379445806e-05 -19.9265955561 -10.915259398
1225 33575 -0.153037120347 1.59472769399e-05 -19.9205518064 -10.9050949973
1226 34329 -0.153135962922 1.64898561121e-05 -19.9146515553 -10.9208669095
1227 33220 -0.153239860651 1.64139602101e-05 -19.9084560526 -10.8713823804
1228 32395 -0.153344588454 1.5799318243e-05 -19.9022177922 -10.9132315447
1229 33624 -0.153443535312 1.600207977e-05 -19.89633009 -10.8466638921
1230 34189 -0.153542921362 1.65367354744e-05 -19.8904223173 -10.8913415498
1231 32928 -0.153647576026 1.5999391505e-05 -19.884207923 -10.9212797162
1232 33490 -0.153747976375 1.57676977519e-05 -19.8782524642 -10.9082911446
1233 34873 -0.153844941562 1.5991274139e-05 -19.8725066304 -10.9406274916
1234 35497 -0.153942412221 1.63130346497e-05 -19.86673664 -10.888734444
1235 34972 -0.154042588408 1.65098614964e-05 -19.8608125366 -10.893875826
1236 33774 -0.154145756042 1.60958150601e-05 -19.8547179263 -10.9020488056
1237 34016 -0.154245977665 1.62132622202e-05 -19.8488035584 -10.8875015653
1238 33854 -0.154347172053 1.58662527827e-05 -19.8428379826 -10.8892527802
1239 34900 -0.154444704316 1.67165381487e-05 -19.8370941805 -10.9076387686
1240 33005 -0.154550372478 1.56775579696e-05 -19.830877755 -10.8940542376
1241 34684 -0.154647045395 1.602711782e-05 -19.8251964397 -10.9058919788
1242 35177 -0.154745178704 1.6559501005e-05 -19.8194350793 -10.9089580471
1243 33801 -0.154848614559 1.62692750359e-05 -19.8133687036 -10.8956639249
1244 33449 -0.154950770836 1.60957278937e-05 -19.8073837054 -10.8863541365
1245 33689 -0.155051477182 1.61411476119e-05 -19.801489804 -10.8818999931
1246 33775 -0.155152339523 1.64236472258e-05 -19.7955928844 -10.8843991122
1247 32904 -0.155256315664 1.52376927062e-05 -19.7895203095 -10.9113814605
1248 36160 -0.155348338434 1.69543568772e-05 -19.7841512603 -10.8809543825
1249 33382 -0.155454902903 1.58626170773e-05 -19.777940113 -10.8957789224
1250 34427 -0.155553081633 1.54762646535e-05 -19.7722237398 -10.8742180316
1251 36926 -0.155645570393 1.67092263763e-05 -19.7668439238 -10.8853680584
1252 34947 -0.15574821586 1.64460974308e-05 -19.7608792903 -10.8790586172
1253 33969 -0.155850689951 1.61979912982e-05 -19.7549308717 -10.8984119967
1254 33859 -0.155951780597 1.55247297053e-05 -19.7490688756 -10.8977589566
1255 36138 -0.156045564794 1.66280405957e-05 -19.7436359867 -10.8970614294
1256 34484 -0.15614839514 1.62439908453e-05 -19.7376850495 -10.8755474077
1257 34213 -0.156249248076 1.62635069649e-05 -19.7318546275 -10.8655659346
1258 33877 -0.156350721703 1.54617736655e-05 -19.7259943904 -10.879597515
1259 36390 -0.156443802305 1.64110523719e-05 -19.7206242062 -10.8869573032
1260 35497 -0.156543832197 1.63824686259e-05 -19.7148587834 -10.8861833885
1261 34727 -0.156644789653 1.60982076667e-05 -19.7090458703 -10.8818031156
1262 34967 -0.156743653232 1.62594918539e-05 -19.7033593242 -10.8887563876
1263 34637 -0.156843981634 1.59654593557e-05 -19.6975943878 -10.8561237501
1264 35350 -0.156941498038 1.65285414597e-05 -19.691996685 -10.9025036899
1265 34074 -0.157044326043 1.57521574315e-05 -19.6861001111 -10.8797022383
1266 35537 -0.157140286161 1.60205297285e-05 -19.6806029445 -10.8779223344
1267 36066 -0.157237162313 1.6279586115e-05 -19.675058754 -10.8712993064
1268 35653 -0.157336173242 1.65270153004e-05 -19.6693980434 -10.8770250531
1269 34372 -0.157438545993 1.61189215891e-05 -19.663551129 -10.8890716056
1270 34537 -0.157538151305 1.59672286653e-05 -19.6578681208 -10.885086914
1271 35241 -0.157635828378 1.59587667024e-05 -19.6523007213 -10.8851638743
1272 35991 -0.157732432144 1.60507166435e-05 -19.6467999376 -10.8520333135
1273 36415 -0.157829024605 1.63350996726e-05 -19.6413051986 -10.8527240774
1274 35796 -0.157928174718 1.69049449929e-05 -19.6356705751 -10.8735281638
1275 33212 -0.158034700382 1.57504923669e-05 -19.6296231283 -10.861480355
