10000 0.0001 1.0 gpomdp 1000000

1 -0.575853 -13.20910981 -9.57798373913
2 -0.575907104447 -13.2090893978 -9.54676504165
3 -0.57596613835 -13.2090672282 -9.62136533875
4 -0.576023863368 -13.2090456534 -9.55185410469
5 -0.576083449051 -13.2090234903 -9.58885962875
6 -0.576139080472 -13.2090028961 -9.59067190642
7 -0.576192144313 -13.2089833407 -9.58510133118
8 -0.576253284608 -13.2089609159 -9.52730112246
9 -0.576312401994 -13.2089393418 -9.58396079763
10 -0.576366488211 -13.2089196975 -9.61898892438
11 -0.576416009434 -13.2089017897 -9.61406539627
12 -0.576461582174 -13.2088853761 -9.58927707129
13 -0.576511600401 -13.2088674346 -9.56319613502
14 -0.576566817774 -13.2088477169 -9.59013789719
15 -0.576613541407 -13.2088311052 -9.57651630912
16 -0.576677100857 -13.208808615 -9.57850498762
17 -0.576732276416 -13.2087891915 -9.59927845385
18 -0.576787910271 -13.208769701 -9.61431640086
19 -0.576846240791 -13.2087493673 -9.59940031998
20 -0.576904152908 -13.2087292824 -9.54717865249
21 -0.576956681159 -13.2087111533 -9.64434069984
22 -0.577010216273 -13.2086927635 -9.59180483058
23 -0.577067499464 -13.2086731831 -9.60455344059
24 -0.57711936923 -13.2086555396 -9.54195886045
25 -0.57717574274 -13.2086364574 -9.5859954343
26 -0.577224393456 -13.2086200673 -9.58484720356
27 -0.577274665748 -13.2086032068 -9.59675967371
28 -0.577318551564 -13.2085885513 -9.56271561468
29 -0.577373957455 -13.2085701327 -9.60395223012
30 -0.577432013566 -13.2085509335 -9.57787865691
31 -0.577491238067 -13.208531454 -9.61312766695
32 -0.577544385139 -13.2085140645 -9.57767310006
33 -0.577592536759 -13.2084983839 -9.54352152595
34 -0.577652123535 -13.2084790773 -9.56840532316
35 -0.577716683284 -13.2084582817 -9.58155854348
36 -0.577771697408 -13.2084406611 -9.54879434278
37 -0.577825154269 -13.2084236277 -9.56991104129
38 -0.577872182778 -13.2084087146 -9.57472361236
39 -0.577935081431 -13.2083888744 -9.56038191283
40 -0.577989753428 -13.2083717271 -9.56696485406
41 -0.578031682258 -13.2083586382 -9.60009340634
42 -0.578078981014 -13.2083439373 -9.60208867888
43 -0.578133620471 -13.2083270396 -9.59110119262
44 -0.578187007921 -13.208310617 -9.5897033517
45 -0.578247277358 -13.2082921816 -9.5445979034
46 -0.578294996111 -13.2082776638 -9.58909464812
47 -0.578343393618 -13.2082630102 -9.57173160207
48 -0.578405601654 -13.2082442799 -9.59371902546
49 -0.578451004208 -13.2082306839 -9.56887978185
50 -0.57850132961 -13.208215687 -9.57183524501
51 -0.57855685971 -13.2081992285 -9.5403008566
52 -0.578614892683 -13.2081821285 -9.56739366826
53 -0.578671499022 -13.2081655475 -9.54817997886
54 -0.578718904291 -13.2081517367 -9.57881454778
55 -0.578764835358 -13.2081384205 -9.57911390241
56 -0.578824296534 -13.208121277 -9.59894857524
57 -0.578873927713 -13.2081070498 -9.58049284646
58 -0.578919409094 -13.208094078 -9.57075082131
59 -0.578976623002 -13.2080778492 -9.59280294326
60 -0.579034155249 -13.2080616305 -9.57097953699
61 -0.579087607684 -13.2080466519 -9.57522689735
62 -0.579140637882 -13.2080318774 -9.58645263708
63 -0.579183930382 -13.2080198793 -9.56644874003
64 -0.579243596451 -13.2080034365 -9.55746509149
65 -0.579289684359 -13.2079908097 -9.56677854952
66 -0.579344806081 -13.2079757925 -9.57094880039
67 -0.579396440904 -13.2079618089 -9.58323081624
68 -0.579444468177 -13.2079488749 -9.60312686706
69 -0.579486876583 -13.2079375123 -9.61704127344
70 -0.579536981357 -13.2079241579 -9.56731075532
71 -0.579586730857 -13.2079109736 -9.58846613743
72 -0.57964076329 -13.2078967392 -9.54364115343
73 -0.579693485723 -13.2078829353 -9.59624295426
74 -0.579750100104 -13.2078682063 -9.5808711629
75 -0.579803883619 -13.2078543038 -9.61286139372
76 -0.579850248456 -13.2078423893 -9.59469385875
77 -0.579903260401 -13.2078288465 -9.52514351522
78 -0.579967036435 -13.2078126667 -9.55967593754
79 -0.580015761175 -13.2078003885 -9.51704956696
80 -0.580067005729 -13.2077875529 -9.56216364592
81 -0.580116092546 -13.2077753323 -9.57781352609
82 -0.580165584566 -13.2077630847 -9.54934229734
83 -0.580211994236 -13.2077516673 -9.59555967794
84 -0.580264082402 -13.2077389306 -9.54905259487
85 -0.580311375899 -13.2077274375 -9.58944312769
86 -0.580367824819 -13.2077138081 -9.53479853823
87 -0.580428755621 -13.2076992047 -9.58351690882
88 -0.580482934991 -13.2076863139 -9.57499917912
89 -0.580534206994 -13.2076741966 -9.56991901487
90 -0.580585936367 -13.2076620518 -9.54062550026
91 -0.580639709742 -13.2076495129 -9.5879691595
92 -0.58068719675 -13.2076385126 -9.57386095887
93 -0.580736588472 -13.2076271434 -9.50007325891
94 -0.580797840049 -13.2076131468 -9.58994140597
95 -0.580851530289 -13.2076009712 -9.56153078893
96 -0.580911753925 -13.2075874178 -9.58320172871
97 -0.5809653977 -13.2075754375 -9.56417609302
98 -0.581011222274 -13.2075652723 -9.54744630038
99 -0.581065520038 -13.2075533096 -9.58344589099
100 -0.581120895181 -13.2075412014 -9.61745807614
