1000 1e-05 0.5 gpomdp 1000000

1 -0.575853 -7.13417489272 -3.67988190809
2 -0.575853822303 -7.1341747172 -3.62937728121
3 -0.57585434016 -7.13417460668 -3.6680207709
4 -0.575856876997 -7.13417406532 -3.71448706929
5 -0.575857443353 -7.13417394447 -3.68218192166
6 -0.575857630278 -7.13417390459 -3.65775672777
7 -0.575859168387 -7.13417357643 -3.65462969782
8 -0.575861482284 -7.13417308284 -3.65520660536
9 -0.575864139061 -7.13417251621 -3.71679242751
10 -0.575865636449 -7.13417219691 -3.7144985989
11 -0.575866340837 -7.13417204672 -3.68217552813
12 -0.575868271048 -7.1341716352 -3.66660972146
13 -0.575868202688 -7.13417164978 -3.56651425197
14 -0.575869600771 -7.13417135175 -3.80110935197
15 -0.575874255867 -7.13417035967 -3.66124367019
16 -0.575877878988 -7.13416958777 -3.73438872861
17 -0.575877324318 -7.13416970593 -3.73611664546
18 -0.575879340058 -7.13416927656 -3.71213783165
19 -0.575883143679 -7.13416846656 -3.6322433571
20 -0.575885190305 -7.13416803082 -3.69821245374
21 -0.575885799289 -7.13416790118 -3.70355675354
22 -0.575886613491 -7.13416772786 -3.73455937149
23 -0.575887858649 -7.13416746282 -3.66703467778
24 -0.575888983336 -7.13416722345 -3.69277960878
25 -0.575891799831 -7.13416662411 -3.72492794117
26 -0.575892785237 -7.13416641445 -3.60622297894
27 -0.575894883226 -7.13416596813 -3.6928639914
28 -0.575896343929 -7.13416565742 -3.76900574186
29 -0.57589671062 -7.13416557943 -3.71689041376
30 -0.575898457848 -7.13416520784 -3.7344319278
31 -0.575899791207 -7.13416492431 -3.69638865978
32 -0.575900813506 -7.13416470694 -3.69641291013
33 -0.575900754468 -7.13416471949 -3.68572118429
34 -0.575902394488 -7.13416437082 -3.65580109865
35 -0.575904331227 -7.13416395912 -3.65968272949
36 -0.575905270627 -7.13416375945 -3.668170974
37 -0.575906377699 -7.13416352416 -3.69480316356
38 -0.575906647558 -7.13416346681 -3.70249720556
39 -0.575910384893 -7.13416267268 -3.69163968975
40 -0.575912796143 -7.13416216046 -3.6935378115
41 -0.575917528448 -7.13416115546 -3.61299522091
42 -0.575918402375 -7.13416096991 -3.72157376578
43 -0.575920730744 -7.13416047561 -3.69336898668
44 -0.575922922594 -7.13416001038 -3.65463032568
45 -0.575922968297 -7.13416000068 -3.65151682416
46 -0.575923342107 -7.13415992135 -3.71452989268
47 -0.575929034679 -7.1341587135 -3.72977992348
48 -0.57592920616 -7.13415867713 -3.67573187885
49 -0.575931129323 -7.13415826921 -3.69504110112
50 -0.575932394364 -7.13415800091 -3.68079285832
51 -0.575932885997 -7.13415789665 -3.66251638968
52 -0.575933382333 -7.1341577914 -3.65399741542
53 -0.57593390323 -7.13415768095 -3.65266191967
54 -0.575934044622 -7.13415765096 -3.62480724683
55 -0.575936919256 -7.13415704149 -3.6874666218
56 -0.575936376549 -7.13415715654 -3.7047134105
57 -0.575937095809 -7.13415700406 -3.6633018961
58 -0.575938852641 -7.13415663166 -3.68932870745
59 -0.575939384726 -7.13415651888 -3.69555424142
60 -0.575941240415 -7.1341561256 -3.67522333966
61 -0.575942347605 -7.13415589097 -3.74340513037
62 -0.575943435708 -7.13415566041 -3.6671425241
63 -0.575947764917 -7.1341547433 -3.64539250527
64 -0.575949813529 -7.13415430943 -3.71770461075
65 -0.575950846607 -7.13415409066 -3.69183240201
66 -0.575951434493 -7.13415396618 -3.70831739261
67 -0.57595351535 -7.13415352561 -3.69291870053
68 -0.57595418303 -7.13415338427 -3.73473288744
69 -0.575956416459 -7.1341529115 -3.68303098157
70 -0.57595864421 -7.13415244003 -3.73268791536
71 -0.5759605767 -7.13415203111 -3.69047144745
72 -0.575959714166 -7.13415221362 -3.6390324606
73 -0.575961467371 -7.13415184267 -3.69814140376
74 -0.575960287947 -7.13415209221 -3.62981716248
75 -0.575961574956 -7.13415181991 -3.68587468637
76 -0.575963746944 -7.13415136043 -3.71289128049
77 -0.575963485615 -7.13415141571 -3.64258995684
78 -0.575965411934 -7.13415100826 -3.67826085635
79 -0.575965745363 -7.13415093774 -3.74534205091
80 -0.575966309932 -7.13415081834 -3.76909031638
81 -0.575968971217 -7.13415025558 -3.74116916382
82 -0.575970896994 -7.13414984843 -3.63186205584
83 -0.57597176235 -7.13414966549 -3.69306103662
84 -0.575972019423 -7.13414961115 -3.65124057319
85 -0.575972553021 -7.13414949836 -3.74074006344
86 -0.57597414486 -7.1341491619 -3.67715518891
87 -0.575971338648 -7.13414975506 -3.74197309187
88 -0.575972061907 -7.13414960217 -3.64129188413
89 -0.575972428741 -7.13414952463 -3.648106686
90 -0.57597526108 -7.134148926 -3.62912990481
91 -0.575978780034 -7.13414818245 -3.65607319437
92 -0.57597941419 -7.13414804847 -3.66841167682
93 -0.575979486181 -7.13414803326 -3.70717020793
94 -0.575978808716 -7.13414817639 -3.69751905799
95 -0.575979643845 -7.13414799996 -3.75610141856
96 -0.575980597261 -7.13414779855 -3.74684728141
97 -0.575982289828 -7.13414744104 -3.74585869872
98 -0.575982240569 -7.13414745145 -3.66094494604
99 -0.575983973587 -7.13414708544 -3.74732378086
100 -0.575985211219 -7.13414682409 -3.6429627456
101 -0.575986090211 -7.13414663849 -3.73731525081
102 -0.575986806799 -7.1341464872 -3.64596539237
103 -0.575987516877 -7.13414633728 -3.67016879467
104 -0.575988443058 -7.13414614176 -3.63086135023
105 -0.575989061763 -7.13414601115 -3.69119906521
106 -0.57599137226 -7.13414552347 -3.68594465951
107 -0.575991385742 -7.13414552062 -3.7653294038
108 -0.575993035332 -7.1341451725 -3.69158036006
109 -0.575994622874 -7.13414483751 -3.63351132424
110 -0.57599449886 -7.13414486368 -3.73172900451
111 -0.575997133487 -7.13414430784 -3.68298943088
112 -0.575998424936 -7.13414403542 -3.72609029595
113 -0.575997414766 -7.13414424851 -3.77662062537
114 -0.575998988724 -7.13414391651 -3.70772498369
115 -0.575999745864 -7.13414375682 -3.65801658868
116 -0.576004722128 -7.1341427075 -3.69419428801
117 -0.576004853809 -7.13414267974 -3.7018147849
118 -0.57600811192 -7.13414199297 -3.74947787462
119 -0.576009012007 -7.13414180327 -3.70979348849
120 -0.576008664313 -7.13414187654 -3.69427718196
121 -0.576010124401 -7.13414156885 -3.73060391668
122 -0.576010335704 -7.13414152432 -3.67329539833
123 -0.576012584888 -7.13414105041 -3.74327806693
124 -0.576012276519 -7.13414111538 -3.72644899298
125 -0.576014686336 -7.1341406077 -3.75138666181
126 -0.576015346129 -7.13414046872 -3.61453359428
127 -0.576016114252 -7.13414030693 -3.60868183948
128 -0.576017103665 -7.13414009855 -3.66869730282
129 -0.576017717877 -7.13413996919 -3.62918434991
130 -0.57601862398 -7.13413977838 -3.66207629948
131 -0.576019694811 -7.13413955289 -3.74577224688
132 -0.576020239394 -7.13413943823 -3.71831840634
133 -0.576021273525 -7.1341392205 -3.72621321918
134 -0.576024396538 -7.13413856308 -3.64319159006
135 -0.576025418126 -7.13413834807 -3.75696349692
136 -0.576028090869 -7.13413778562 -3.66416639654
137 -0.57602806254 -7.13413779158 -3.72880340304
138 -0.57602828566 -7.13413774463 -3.68198746653
139 -0.576029016397 -7.13413759088 -3.78959025208
140 -0.576029757591 -7.13413743494 -3.65074028768
141 -0.576030204228 -7.13413734097 -3.69046118479
142 -0.576031306785 -7.13413710903 -3.75485028205
143 -0.576033200298 -7.13413671074 -3.75604131723
144 -0.576033059726 -7.1341367403 -3.7444188876
145 -0.576035050419 -7.13413632163 -3.62876005953
146 -0.576034815263 -7.13413637109 -3.70641668402
147 -0.576040337439 -7.13413521004 -3.66284799761
148 -0.576039313629 -7.13413542526 -3.66436635585
149 -0.576041428055 -7.13413498079 -3.73443780831
150 -0.576041748226 -7.1341349135 -3.70465312428
151 -0.57604332745 -7.1341345816 -3.64456466725
152 -0.576044015112 -7.13413443709 -3.68656222536
153 -0.576043792302 -7.13413448391 -3.74981991305
154 -0.576044814443 -7.13413426912 -3.66487556553
155 -0.576044606251 -7.13413431287 -3.68738107281
156 -0.576044319116 -7.13413437321 -3.66003940305
157 -0.576044235219 -7.13413439084 -3.72712709798
158 -0.576046627877 -7.1341338881 -3.61749594494
159 -0.576048663195 -7.13413346052 -3.63154199351
160 -0.576049704015 -7.1341332419 -3.66281324968
161 -0.576050917685 -7.13413298699 -3.81651594385
162 -0.576051250442 -7.1341329171 -3.67867420305
163 -0.576052874945 -7.13413257596 -3.66379834691
164 -0.576053053222 -7.13413253852 -3.64662034153
165 -0.576052435935 -7.13413266814 -3.71142024814
166 -0.576052732121 -7.13413260595 -3.58189038476
167 -0.576055581118 -7.13413200776 -3.67604049413
168 -0.576059261756 -7.13413123516 -3.78649401331
169 -0.576060544485 -7.13413096596 -3.70638591916
170 -0.576062767938 -7.1341304994 -3.74310748589
171 -0.576067983588 -7.1341294053 -3.63737123951
172 -0.576070958743 -7.13412878141 -3.64357664618
173 -0.576070713752 -7.13412883278 -3.69394830419
174 -0.576073611073 -7.13412822534 -3.75215279727
175 -0.576076278545 -7.13412766622 -3.68340986334
176 -0.576075707197 -7.13412778597 -3.68136654183
177 -0.576076063 -7.1341277114 -3.6804268929
178 -0.576077197898 -7.13412747355 -3.70786458523
179 -0.576078584516 -7.13412718298 -3.67766912138
180 -0.576080370222 -7.13412680882 -3.67359392695
181 -0.576080400113 -7.13412680256 -3.67765807166
182 -0.576081202599 -7.13412663444 -3.76683940176
183 -0.576080469263 -7.13412678807 -3.68722580683
184 -0.576083151827 -7.13412622611 -3.6609115091
185 -0.576084418092 -7.13412596089 -3.66686549364
186 -0.5760851207 -7.13412581373 -3.68339417878
187 -0.57608688141 -7.13412544502 -3.70049435329
188 -0.576087898182 -7.13412523211 -3.71559348074
189 -0.576087732443 -7.13412526682 -3.68788844946
190 -0.576087408924 -7.13412533456 -3.70168197483
191 -0.576086691843 -7.13412548471 -3.67725787796
192 -0.576086993827 -7.13412542148 -3.67717261503
193 -0.576086173296 -7.1341255933 -3.74180387435
194 -0.576090058764 -7.13412477977 -3.66880279198
195 -0.576091119872 -7.13412455764 -3.76117402499
196 -0.576091331339 -7.13412451337 -3.66829108887
197 -0.576092605123 -7.13412424675 -3.67592361316
198 -0.576096503046 -7.13412343105 -3.63083274773
199 -0.57610066487 -7.13412256041 -3.68083285543
200 -0.576101914905 -7.13412229896 -3.67937477186
201 -0.576102580437 -7.13412215977 -3.6899251057
202 -0.576101274494 -7.1341224329 -3.63137693868
203 -0.576103911064 -7.13412188152 -3.64539046363
204 -0.576104504094 -7.13412175752 -3.69416512284
205 -0.576103426534 -7.13412198284 -3.69916087807
206 -0.576103674359 -7.13412193102 -3.73251382446
207 -0.576106766535 -7.1341212845 -3.67591758507
208 -0.576109005839 -7.1341208164 -3.71606734437
209 -0.57611035029 -7.1341205354 -3.66241959527
210 -0.576112725976 -7.13412003895 -3.75118623162
211 -0.576115023502 -7.13411955892 -3.70549334404
212 -0.576116365946 -7.13411927848 -3.70788098892
213 -0.576119947149 -7.13411853051 -3.65695700142
214 -0.576118955876 -7.13411873753 -3.68156843686
215 -0.576120357344 -7.13411844485 -3.6686206797
216 -0.576121230911 -7.13411826244 -3.62522044071
217 -0.576120731606 -7.1341183667 -3.78694269575
218 -0.576123877324 -7.13411770992 -3.67004092422
219 -0.576124352555 -7.13411761071 -3.72923570023
220 -0.576126070172 -7.13411725218 -3.78069933444
221 -0.576126332845 -7.13411719735 -3.73303459524
222 -0.576126765284 -7.1341171071 -3.75637504011
223 -0.576124547979 -7.13411756991 -3.69809218318
224 -0.576127810198 -7.13411688902 -3.71638391975
225 -0.576130894283 -7.13411624548 -3.67910912313
226 -0.576134339883 -7.1341155267 -3.68866962014
227 -0.576137457608 -7.13411487649 -3.65900317841
228 -0.576140935548 -7.13411415136 -3.73498058864
229 -0.576143255404 -7.13411366779 -3.60652976657
230 -0.576144966941 -7.13411331109 -3.64708815427
231 -0.576146898998 -7.13411290849 -3.67826133486
232 -0.576148568069 -7.13411256075 -3.67038186451
233 -0.576151744131 -7.13411189915 -3.71282490519
234 -0.576152894624 -7.13411165954 -3.65454537338
235 -0.576152361679 -7.13411177054 -3.74169924855
236 -0.576154350046 -7.13411135646 -3.66223763656
237 -0.576155700095 -7.13411107535 -3.66899712354
238 -0.576157237174 -7.13411075533 -3.66745132789
239 -0.576159692514 -7.13411024422 -3.68324430806
240 -0.576162655514 -7.13410962758 -3.68126980426
241 -0.576163526035 -7.13410944644 -3.68158612109
242 -0.576163279346 -7.13410949777 -3.68513162315
243 -0.576165842031 -7.13410896459 -3.67688301972
244 -0.576167630309 -7.13410859259 -3.65649590126
245 -0.576168143074 -7.13410848594 -3.66327613608
246 -0.576170022212 -7.13410809511 -3.69670173599
247 -0.576170991127 -7.13410789363 -3.63811065562
248 -0.576171968055 -7.13410769049 -3.610381045
249 -0.576173410546 -7.13410739057 -3.63658777301
250 -0.576173695796 -7.13410733126 -3.64847645902
251 -0.576175122375 -7.1341070347 -3.70455290373
252 -0.576176429085 -7.13410676308 -3.62808102636
253 -0.576177729038 -7.1341064929 -3.72637187783
254 -0.576179033592 -7.13410622179 -3.7210352189
255 -0.576184387737 -7.13410510941 -3.68180209756
256 -0.57618586773 -7.13410480202 -3.67587927919
257 -0.576186658129 -7.13410463786 -3.67598244488
258 -0.576187583291 -7.13410444574 -3.66082650259
259 -0.576190033225 -7.13410393704 -3.6667095978
260 -0.576189551703 -7.13410403701 -3.70311371126
261 -0.576191223199 -7.13410368999 -3.76546420129
262 -0.576193771736 -7.13410316099 -3.59651738538
263 -0.576195500753 -7.13410280215 -3.68841712659
264 -0.576196155433 -7.13410266629 -3.75941622961
265 -0.576195129158 -7.13410287927 -3.73732688369
266 -0.57619740842 -7.1341024063 -3.61427360353
267 -0.576199744045 -7.13410192173 -3.71270252985
268 -0.576200977171 -7.13410166593 -3.67109933526
269 -0.576201307537 -7.13410159741 -3.69326876687
270 -0.576202600774 -7.13410132918 -3.69557860371
271 -0.576202038741 -7.13410144575 -3.7713146745
272 -0.576202242525 -7.13410140348 -3.68936516363
273 -0.57620195098 -7.13410146395 -3.66571792014
274 -0.576201304142 -7.13410159811 -3.64731034614
275 -0.576200865178 -7.13410168916 -3.72556537707
276 -0.576201884643 -7.13410147771 -3.76441637984
277 -0.576201608021 -7.13410153508 -3.69380453011
278 -0.57620554738 -7.13410071813 -3.63814555096
279 -0.576207145634 -7.13410038676 -3.73544385842
280 -0.576207946008 -7.13410022083 -3.762651215
281 -0.576209097973 -7.13409998203 -3.72816104193
282 -0.576211450092 -7.13409949451 -3.75376545004
283 -0.57621227921 -7.13409932269 -3.6219256218
284 -0.576214887047 -7.13409878232 -3.76655394984
285 -0.576218979725 -7.13409793452 -3.64594625475
286 -0.576219242051 -7.13409788018 -3.70366694784
287 -0.57622051818 -7.1340976159 -3.70370275398
288 -0.576221611084 -7.13409738958 -3.65942059817
289 -0.576224656264 -7.13409675909 -3.68777506571
290 -0.576225941238 -7.13409649309 -3.75102560664
291 -0.576225426265 -7.13409659969 -3.63108332806
292 -0.576225703247 -7.13409654236 -3.64337170268
293 -0.576227734806 -7.13409612186 -3.72848308441
294 -0.576232165203 -7.13409520509 -3.72765514958
295 -0.576233832802 -7.13409486011 -3.70366036361
296 -0.576237333651 -7.13409413604 -3.71347304607
297 -0.576236385665 -7.13409433209 -3.73046527889
298 -0.576237687388 -7.13409406288 -3.69510747558
299 -0.576242433652 -7.13409308159 -3.75448708134
300 -0.576243535307 -7.13409285387 -3.71755825422
301 -0.576247205744 -7.13409209534 -3.6859793312
302 -0.576247179859 -7.13409210069 -3.6348770772
303 -0.57624531189 -7.1340924867 -3.65856701032
304 -0.576246902635 -7.13409215797 -3.67313302892
305 -0.576248414465 -7.1340918456 -3.66759173861
306 -0.576249241944 -7.13409167464 -3.71714405665
307 -0.576250379098 -7.13409143972 -3.6084444851
308 -0.576251371692 -7.13409123469 -3.67958803204
309 -0.57625349703 -7.13409079573 -3.70483947353
310 -0.57625725835 -7.13409001906 -3.72641333803
311 -0.57625502265 -7.13409048068 -3.65431231016
312 -0.576255945087 -7.13409029021 -3.73669360169
313 -0.576256910628 -7.13409009085 -3.72155752274
314 -0.576257308906 -7.13409000862 -3.70553921819
315 -0.576257655306 -7.13408993711 -3.67046646241
316 -0.5762594871 -7.13408955897 -3.67831282305
317 -0.576259576268 -7.13408954056 -3.66275620985
318 -0.57626021655 -7.1340894084 -3.73329878535
319 -0.576261293141 -7.1340891862 -3.75011779715
320 -0.576263686075 -7.13408869239 -3.71640322805
321 -0.57626526739 -7.13408836612 -3.72857678642
322 -0.576267201298 -7.13408796715 -3.72554034353
323 -0.576265914026 -7.13408823271 -3.67121143101
324 -0.576268476902 -7.13408770403 -3.68692613099
325 -0.576268846729 -7.13408762775 -3.62715186901
326 -0.576267849559 -7.13408783343 -3.67798936364
327 -0.57626852176 -7.13408769478 -3.68406810381
328 -0.576271320529 -7.13408711757 -3.6845904856
329 -0.576268756199 -7.13408764642 -3.7308426122
330 -0.576269584523 -7.13408747558 -3.74448073136
331 -0.576270605722 -7.13408726498 -3.66096772377
332 -0.576274637106 -7.13408643375 -3.59981495574
333 -0.57627558542 -7.13408623826 -3.70190426922
334 -0.576278728323 -7.13408559047 -3.71968406504
335 -0.576278662286 -7.13408560408 -3.65040717056
336 -0.576280946914 -7.1340851333 -3.67639144089
337 -0.576281233909 -7.13408507417 -3.64086685549
338 -0.576281197822 -7.13408508161 -3.71081926572
339 -0.576280740706 -7.13408517579 -3.75944071381
340 -0.576281616541 -7.13408499533 -3.65615437517
341 -0.576284469251 -7.13408440765 -3.65714564703
342 -0.576284975235 -7.13408430343 -3.65822605625
343 -0.576287555286 -7.13408377206 -3.76552935045
344 -0.576289835122 -7.13408330261 -3.66207438976
345 -0.576290297312 -7.13408320746 -3.71177744545
346 -0.576290964343 -7.13408307013 -3.69189063058
347 -0.576291929942 -7.13408287135 -3.694190694
348 -0.576296417203 -7.13408194779 -3.78189712705
349 -0.576296217481 -7.13408198889 -3.74497290215
350 -0.576296570095 -7.13408191633 -3.66923502445
351 -0.576297332509 -7.13408175945 -3.59687517676
352 -0.576298878999 -7.13408144126 -3.69326114155
353 -0.576302128992 -7.13408077272 -3.65858333929
354 -0.576302593483 -7.13408067718 -3.7155939723
355 -0.576303896126 -7.13408040928 -3.65464947042
356 -0.576304558053 -7.13408027316 -3.71997238241
357 -0.576305657359 -7.13408004711 -3.63185348544
358 -0.576308375205 -7.13407948834 -3.67757835307
359 -0.576310418552 -7.13407906832 -3.72150012197
360 -0.576311469445 -7.13407885234 -3.75897021769
361 -0.576313121483 -7.13407851284 -3.72875055079
362 -0.576315643242 -7.1340779947 -3.67958418595
363 -0.576316834269 -7.13407775002 -3.69123368943
364 -0.576320328229 -7.13407703238 -3.78388312635
365 -0.576321801961 -7.13407672975 -3.73170204045
366 -0.576324826574 -7.13407610875 -3.67458440082
367 -0.57632647373 -7.13407577064 -3.65719170131
368 -0.576327835595 -7.13407549112 -3.69856492386
369 -0.576331355064 -7.13407476891 -3.62266295914
370 -0.576331153266 -7.13407481031 -3.64998661153
371 -0.576335478669 -7.134073923 -3.67521138201
372 -0.576339124932 -7.13407317526 -3.63426023351
373 -0.576339050659 -7.13407319048 -3.71368516202
374 -0.576340162613 -7.1340729625 -3.65633631452
375 -0.576343683469 -7.13407224075 -3.68101549099
376 -0.576346754831 -7.13407161133 -3.67854105035
377 -0.576346747064 -7.13407161292 -3.7637095898
378 -0.576350548199 -7.13407083416 -3.82730917341
379 -0.576352645225 -7.13407040464 -3.63458764403
380 -0.576354488709 -7.13407002711 -3.69967017634
381 -0.57635501838 -7.13406991865 -3.66681078505
382 -0.576354283916 -7.13407006905 -3.65936972346
383 -0.57635449333 -7.13407002616 -3.71594175632
384 -0.576357533998 -7.13406940359 -3.62801378969
385 -0.576358203303 -7.13406926658 -3.68025722221
386 -0.576361940328 -7.13406850169 -3.74809993972
387 -0.576362326321 -7.1340684227 -3.67123051179
388 -0.576363998848 -7.13406808046 -3.67866557678
389 -0.57636586302 -7.13406769906 -3.61052181437
390 -0.57636858303 -7.13406714267 -3.64137696875
391 -0.576371198859 -7.13406660771 -3.70268623897
392 -0.576371829671 -7.13406647873 -3.73501636326
393 -0.576373602916 -7.13406611617 -3.72525998832
394 -0.576374517882 -7.13406592912 -3.68582850163
395 -0.576376507205 -7.13406552248 -3.75347059474
396 -0.576377553333 -7.13406530866 -3.72297004536
397 -0.576378495778 -7.13406511606 -3.70587459249
398 -0.576379637756 -7.1340648827 -3.68762692698
399 -0.57638044514 -7.13406471772 -3.76942294302
400 -0.576381162426 -7.13406457117 -3.67644852755
401 -0.576383763013 -7.13406403989 -3.73079346959
402 -0.576385375365 -7.13406371056 -3.6764736547
403 -0.5763862242 -7.1340635372 -3.71734178099
404 -0.576389380556 -7.13406289268 -3.70155974373
405 -0.576390928121 -7.13406257673 -3.75114446448
406 -0.576390330596 -7.13406269871 -3.713114527
407 -0.576390007085 -7.13406276476 -3.63797341325
408 -0.576391536961 -7.13406245244 -3.66750421256
409 -0.576390711413 -7.13406262097 -3.70563008444
410 -0.576390363715 -7.13406269195 -3.61554878439
411 -0.576392973124 -7.13406215929 -3.76121541271
412 -0.5763924682 -7.13406226235 -3.69471685564
413 -0.576393458555 -7.13406206021 -3.76735400611
414 -0.576393767357 -7.13406199718 -3.74876474238
415 -0.576397890304 -7.13406115585 -3.75948253319
416 -0.576397931453 -7.13406114746 -3.689662749
417 -0.576400216395 -7.13406068132 -3.6771476077
418 -0.576404928994 -7.13405972022 -3.63254350408
419 -0.576405235582 -7.1340596577 -3.65203041847
420 -0.576404585044 -7.13405979035 -3.72084392172
421 -0.576403319436 -7.13406004843 -3.70418226645
422 -0.576404193153 -7.13405987026 -3.71493355614
423 -0.576404947939 -7.13405971635 -3.76579385141
424 -0.576403698372 -7.13405997116 -3.69165841632
425 -0.576407692008 -7.1340591569 -3.71238505263
426 -0.576407281138 -7.13405924066 -3.72233098531
427 -0.576408015452 -7.13405909096 -3.72202998147
428 -0.576409064091 -7.13405887721 -3.6567847453
429 -0.576409483537 -7.13405879171 -3.68579756418
430 -0.576410792212 -7.13405852499 -3.68516100754
431 -0.576410123238 -7.13405866133 -3.70810312385
432 -0.576410487628 -7.13405858706 -3.64355569972
433 -0.576411580859 -7.13405836427 -3.72173297583
434 -0.576414134165 -7.13405784399 -3.58139669707
435 -0.576414696275 -7.13405772946 -3.73384383242
436 -0.576414551467 -7.13405775897 -3.72358077063
437 -0.576415013906 -7.13405766475 -3.63773322456
438 -0.576416672431 -7.13405732689 -3.7031794908
439 -0.576419575959 -7.13405673551 -3.74522183834
440 -0.576420001536 -7.13405664885 -3.70811209591
441 -0.57641978233 -7.13405669349 -3.72853776568
442 -0.57642204561 -7.13405623262 -3.62249527551
443 -0.576423535963 -7.13405592919 -3.70655535098
444 -0.576425913499 -7.13405544522 -3.72570939983
445 -0.576426376916 -7.1340553509 -3.68967547762
446 -0.576424998169 -7.13405563153 -3.74413675402
447 -0.576424988457 -7.13405563351 -3.65579464563
448 -0.576426189915 -7.13405538896 -3.68369212526
449 -0.576427195932 -7.13405518421 -3.69081312705
450 -0.576428388862 -7.13405494144 -3.8157914191
451 -0.576427443175 -7.13405513389 -3.65885714285
452 -0.576427213637 -7.1340551806 -3.64494888648
453 -0.576427034544 -7.13405521705 -3.62208052712
454 -0.576426743028 -7.13405527638 -3.73584574192
455 -0.576428270449 -7.13405496553 -3.63388419868
456 -0.576430705881 -7.13405446998 -3.66895996351
457 -0.576432978882 -7.13405400756 -3.69646966372
458 -0.576434558128 -7.13405368634 -3.66913751157
459 -0.576437499826 -7.1340530881 -3.6931097868
460 -0.576438329739 -7.13405291935 -3.73059817781
461 -0.576441043148 -7.1340523677 -3.71793122409
462 -0.576441709149 -7.13405223232 -3.72627697956
463 -0.576445220524 -7.13405151868 -3.70431783758
464 -0.576448770958 -7.13405079732 -3.65111987994
465 -0.576451301921 -7.13405028322 -3.7268406054
466 -0.576450798345 -7.1340503855 -3.65887724906
467 -0.57645240053 -7.1340500601 -3.60306974215
468 -0.576454233606 -7.13404968786 -3.63037364907
469 -0.576454700623 -7.13404959304 -3.68963248484
470 -0.576460303644 -7.13404845565 -3.65352225486
471 -0.576461844902 -7.13404814288 -3.74043080895
472 -0.576463736935 -7.13404775898 -3.65270574486
473 -0.576464338005 -7.13404763704 -3.70669862288
474 -0.576465984173 -7.13404730309 -3.70318512971
475 -0.576465839934 -7.13404733235 -3.74230412807
476 -0.576469419858 -7.13404660627 -3.65519394268
477 -0.576467079033 -7.13404708101 -3.69654048117
478 -0.576468958478 -7.13404669983 -3.66310446155
479 -0.576470894731 -7.1340463072 -3.77907150434
480 -0.57647121878 -7.1340462415 -3.68899084731
481 -0.576472750696 -7.13404593091 -3.65738596141
482 -0.57647561494 -7.13404535031 -3.66048516584
483 -0.576477222684 -7.13404502447 -3.71302383562
484 -0.576478760356 -7.13404471288 -3.72823416819
485 -0.576479751537 -7.13404451204 -3.64064896045
486 -0.576480636257 -7.1340443328 -3.69446648167
487 -0.576480256641 -7.13404440971 -3.74930847677
488 -0.576482485211 -7.13404395824 -3.66729861768
489 -0.576482140026 -7.13404402816 -3.6701116462
490 -0.576484241958 -7.13404360241 -3.77181878693
491 -0.576485349175 -7.13404337817 -3.6151770469
492 -0.576486723674 -7.13404309984 -3.73699818149
493 -0.576484757173 -7.13404349807 -3.69463697687
494 -0.576485193389 -7.13404340972 -3.6906846945
495 -0.57648818732 -7.13404280348 -3.6349561571
496 -0.576490299165 -7.13404237595 -3.6393323361
497 -0.576493101479 -7.13404180875 -3.67188392398
498 -0.576492562751 -7.13404191778 -3.59451120851
499 -0.576493794369 -7.13404166852 -3.70068299197
500 -0.576497019513 -7.13404101595 -3.62565306289
501 -0.576495332884 -7.1340413572 -3.6557712532
502 -0.576500924895 -7.13404022597 -3.68302719298
503 -0.576501669059 -7.13404007547 -3.61197944834
504 -0.576500435151 -7.13404032502 -3.68096667797
505 -0.576499644832 -7.13404048487 -3.68367894894
506 -0.576502259811 -7.13403995601 -3.71096316137
507 -0.576504968798 -7.13403940826 -3.68640313224
508 -0.576506636534 -7.13403907111 -3.7112790163
509 -0.576509580468 -7.13403847608 -3.69138835055
510 -0.576510377898 -7.13403831492 -3.68300130026
511 -0.576509960473 -7.13403839928 -3.73686634438
512 -0.576511922042 -7.1340380029 -3.76997615473
513 -0.576514415376 -7.13403749917 -3.69290005932
514 -0.576517326754 -7.13403691111 -3.71328727917
515 -0.576518784739 -7.13403661667 -3.70467824958
516 -0.576519349544 -7.13403650262 -3.71015473974
517 -0.576520765787 -7.13403621666 -3.80301184284
518 -0.576520047985 -7.13403636159 -3.748162572
519 -0.576522133193 -7.13403594059 -3.6907036109
520 -0.576523484766 -7.13403566775 -3.63665336789
521 -0.576523360581 -7.13403569282 -3.66922179408
522 -0.576522708573 -7.13403582444 -3.64619469558
523 -0.576522340225 -7.1340358988 -3.74020263918
524 -0.576526719092 -7.13403501498 -3.73618496672
525 -0.576526021696 -7.13403515572 -3.72470042595
526 -0.576527447723 -7.13403486795 -3.69633461798
527 -0.576527432766 -7.13403487096 -3.66397214994
528 -0.576528632296 -7.13403462893 -3.7355072366
529 -0.576531095708 -7.13403413195 -3.70433857204
530 -0.576532993744 -7.1340337491 -3.69161727769
531 -0.576534838088 -7.13403337714 -3.69936073908
532 -0.576534387684 -7.13403346797 -3.67952925659
533 -0.576534154882 -7.13403351492 -3.63199265886
534 -0.576534193739 -7.13403350708 -3.66471896236
535 -0.576533810657 -7.13403358434 -3.66755260799
536 -0.57653411923 -7.13403352211 -3.67345186869
537 -0.576534624833 -7.13403342015 -3.73554248293
538 -0.576532345219 -7.1340338799 -3.61797899076
539 -0.576533303041 -7.13403368672 -3.77166739917
540 -0.576534466209 -7.13403345214 -3.69293028709
541 -0.576535550219 -7.13403323354 -3.66845919863
542 -0.576535851081 -7.13403317287 -3.73041952504
543 -0.576536014743 -7.13403313987 -3.7985393674
544 -0.576538447034 -7.13403264948 -3.80508053045
545 -0.576541406048 -7.13403205303 -3.69721981758
546 -0.576543043715 -7.13403172298 -3.71684133235
547 -0.576546577222 -7.13403101103 -3.70749834298
548 -0.576550623959 -7.13403019593 -3.65631320386
549 -0.576550690633 -7.1340301825 -3.66289967423
550 -0.576551691982 -7.13402998085 -3.68514620883
551 -0.57655361932 -7.13402959278 -3.74596848317
552 -0.57655619579 -7.13402907411 -3.6793498418
553 -0.576557744617 -7.13402876236 -3.60631708083
554 -0.57655929761 -7.13402844982 -3.6793983836
555 -0.576560037771 -7.13402830088 -3.71628959552
556 -0.576561719928 -7.13402796242 -3.70799358511
557 -0.576558338051 -7.13402864293 -3.72633693997
558 -0.576562029481 -7.13402790014 -3.71768448823
559 -0.576564538189 -7.13402739546 -3.6977968899
560 -0.576567215448 -7.13402685701 -3.6478403862
561 -0.57656820223 -7.13402665857 -3.67359940357
562 -0.576570280624 -7.13402624068 -3.77690020271
563 -0.576569802915 -7.13402633672 -3.78021677822
564 -0.576571264812 -7.13402604282 -3.67159429995
565 -0.576572196158 -7.1340258556 -3.70382458199
566 -0.576573476046 -7.13402559834 -3.73869902714
567 -0.576573145715 -7.13402566473 -3.67876351495
568 -0.576573941997 -7.13402550469 -3.69416298375
569 -0.576575103063 -7.13402527134 -3.77493357003
570 -0.57657625843 -7.13402503917 -3.73226251022
571 -0.576575287133 -7.13402523435 -3.64072496936
572 -0.576576140753 -7.13402506282 -3.7248210488
573 -0.576578525693 -7.13402458362 -3.71555345447
574 -0.576583649802 -7.13402355439 -3.7115342896
575 -0.576587348922 -7.13402281167 -3.65153448567
576 -0.576587640902 -7.13402275305 -3.64674775038
577 -0.576590476994 -7.13402218378 -3.66093197362
578 -0.576592670722 -7.13402174355 -3.7208228974
579 -0.576592964343 -7.13402168463 -3.65142352933
580 -0.576593471902 -7.13402158279 -3.59510642334
581 -0.576596364304 -7.13402100251 -3.67094355889
582 -0.576597005595 -7.13402087387 -3.76885113916
583 -0.576597012186 -7.13402087255 -3.74390722161
584 -0.57660034516 -7.1340202041 -3.59811481167
585 -0.576600697174 -7.13402013351 -3.60581779689
586 -0.576602582623 -7.13401975547 -3.70772438288
587 -0.576604580095 -7.13401935503 -3.63750633794
588 -0.576603153017 -7.13401964112 -3.63132808171
589 -0.576602583492 -7.1340197553 -3.70995807319
590 -0.57660080205 -7.13402011248 -3.6750599503
591 -0.576605483779 -7.13401917389 -3.66564104746
592 -0.576606428068 -7.13401898463 -3.69459749595
593 -0.57660759624 -7.13401875051 -3.73028005973
594 -0.57660689356 -7.13401889133 -3.6392863701
595 -0.57661073189 -7.1340181222 -3.72712444444
596 -0.576611491784 -7.13401796996 -3.61100847604
597 -0.576615140898 -7.13401723903 -3.67916070677
598 -0.576615386855 -7.13401718977 -3.69734021878
599 -0.576615290912 -7.13401720899 -3.67841325482
600 -0.576616836644 -7.13401689945 -3.67297398439
601 -0.576620726849 -7.13401612059 -3.71717334585
602 -0.576621286195 -7.13401600863 -3.7414830438
603 -0.576624257497 -7.13401541395 -3.63367857548
604 -0.576625796165 -7.13401510606 -3.70759621789
605 -0.576626545564 -7.13401495612 -3.67512773024
606 -0.576624742533 -7.13401531689 -3.69596200989
607 -0.576625048347 -7.13401525569 -3.58355050897
608 -0.57662772221 -7.13401472071 -3.6511035534
609 -0.576632492672 -7.13401376655 -3.70873935999
610 -0.576632928468 -7.1340136794 -3.72683987235
611 -0.576632689307 -7.13401372723 -3.80041004045
612 -0.576632841499 -7.1340136968 -3.71350355905
613 -0.576631617761 -7.13401394152 -3.61838913291
614 -0.576633521064 -7.13401356091 -3.70175392064
615 -0.576634626495 -7.13401333988 -3.67889892371
616 -0.576638552335 -7.1340125551 -3.66406742714
617 -0.576639730708 -7.13401231959 -3.70778261694
618 -0.576640395898 -7.13401218666 -3.63103447538
619 -0.57664311461 -7.13401164343 -3.69847751469
620 -0.576643542519 -7.13401155794 -3.76888622788
621 -0.57664668918 -7.13401092937 -3.66195418023
622 -0.576647537994 -7.13401075985 -3.71502436909
623 -0.576648000298 -7.13401066752 -3.67122534095
624 -0.576649872476 -7.13401029367 -3.68050895806
625 -0.576650175876 -7.13401023309 -3.692821188
626 -0.576653640788 -7.13400954136 -3.72378031207
627 -0.576653828192 -7.13400950396 -3.73629051069
628 -0.576654304726 -7.13400940884 -3.7724891506
629 -0.576655262501 -7.13400921768 -3.65120156881
630 -0.576657892839 -7.13400869278 -3.71120436356
631 -0.57666052699 -7.13400816723 -3.62875079106
632 -0.576663995907 -7.13400747533 -3.63814563984
633 -0.576663703618 -7.13400753362 -3.67925303518
634 -0.576664018588 -7.1340074708 -3.74960431023
635 -0.576664687417 -7.13400733742 -3.67654781097
636 -0.576665988535 -7.13400707797 -3.70833511438
637 -0.576668643665 -7.13400654862 -3.70747165244
638 -0.576666751464 -7.13400692585 -3.63528074395
639 -0.576669835237 -7.13400631109 -3.71113590475
640 -0.576669135085 -7.13400645065 -3.69923488192
641 -0.57666819405 -7.13400663825 -3.68020545484
642 -0.576672464752 -7.13400578701 -3.77977566915
643 -0.576673261624 -7.13400562821 -3.66886705527
644 -0.576673785387 -7.13400552385 -3.70387660666
645 -0.576674010194 -7.13400547905 -3.68911598261
646 -0.576678039913 -7.13400467625 -3.7516994723
647 -0.576682052485 -7.13400387714 -3.68670271461
648 -0.576683657505 -7.13400355757 -3.66390956258
649 -0.576688287467 -7.13400263598 -3.71207020215
650 -0.576687752787 -7.13400274239 -3.71049616259
651 -0.57669293734 -7.1340017108 -3.62056777654
652 -0.576693565308 -7.13400158588 -3.74425407621
653 -0.576698882083 -7.13400052852 -3.74042756735
654 -0.576699071745 -7.13400049081 -3.70661230811
655 -0.576699739528 -7.13400035804 -3.78870659507
656 -0.576700307405 -7.13400024514 -3.67329059466
657 -0.576701108144 -7.13400008596 -3.6342435108
658 -0.576702674217 -7.13399977466 -3.69289747805
659 -0.576702373848 -7.13399983437 -3.65431251688
660 -0.576704793402 -7.13399935349 -3.76982952516
661 -0.576707330235 -7.13399884941 -3.69165950447
662 -0.576709197269 -7.1339984785 -3.6764849566
663 -0.576709373303 -7.13399844353 -3.72403761324
664 -0.576709202553 -7.13399847745 -3.68073985929
665 -0.576711550203 -7.13399801114 -3.68073132803
666 -0.576710151848 -7.13399828888 -3.67139858486
667 -0.576709812115 -7.13399835636 -3.63316850459
668 -0.576710267253 -7.13399826596 -3.70176572816
669 -0.576712256462 -7.13399787088 -3.68888402415
670 -0.576714210412 -7.13399748286 -3.64283309289
671 -0.576717103313 -7.13399690851 -3.70511240639
672 -0.576718072522 -7.13399671612 -3.67962579692
673 -0.576719631475 -7.1339964067 -3.65122019066
674 -0.576719785799 -7.13399637607 -3.75689335084
675 -0.576720846447 -7.13399616558 -3.70729964086
676 -0.576720746841 -7.13399618534 -3.70049062888
677 -0.576720367199 -7.13399626068 -3.73430473515
678 -0.576722050356 -7.13399592668 -3.75089054706
679 -0.576727137065 -7.13399491756 -3.58905721318
680 -0.576730349299 -7.13399428054 -3.63217935841
681 -0.576732252426 -7.13399390321 -3.69848935923
682 -0.576734004758 -7.13399355584 -3.68677330132
683 -0.576735488842 -7.13399326168 -3.66666327796
684 -0.576735232382 -7.13399331251 -3.71828027567
685 -0.576736190356 -7.13399312265 -3.72365574383
686 -0.576737703757 -7.13399282274 -3.75125910728
687 -0.576740113072 -7.13399234536 -3.66288947569
688 -0.576744647207 -7.13399144726 -3.71176904704
689 -0.576744538979 -7.13399146869 -3.7618616004
690 -0.576744113327 -7.13399155299 -3.64123586027
691 -0.576745465916 -7.13399128513 -3.73967163828
692 -0.576746538961 -7.13399107265 -3.70024879012
693 -0.576748683887 -7.13399064799 -3.71542307236
694 -0.576753393783 -7.13398971578 -3.67382041057
695 -0.576754066465 -7.13398958267 -3.65155610401
696 -0.576752541379 -7.13398988446 -3.7445554589
697 -0.576753152844 -7.13398976346 -3.65359646592
698 -0.576755062547 -7.13398938558 -3.66125501205
699 -0.576754873529 -7.13398942297 -3.66111174325
700 -0.576757762549 -7.13398885142 -3.77500497715
701 -0.57675739077 -7.13398892497 -3.648656719
702 -0.576759775191 -7.13398845334 -3.67179872119
703 -0.576762510648 -7.13398791239 -3.7155042317
704 -0.576766279276 -7.13398716735 -3.69463873037
705 -0.576766758387 -7.13398707265 -3.67637156759
706 -0.576769028873 -7.13398662392 -3.62786371858
707 -0.576769037395 -7.13398662224 -3.72148817965
708 -0.576772835822 -7.13398587173 -3.65126521014
709 -0.576771202951 -7.13398619433 -3.66458951133
710 -0.576771519654 -7.13398613176 -3.62241905321
711 -0.576772805848 -7.13398587765 -3.72879612129
712 -0.576773112899 -7.133985817 -3.69112972142
713 -0.576772868532 -7.13398586527 -3.68210287289
714 -0.576774131189 -7.13398561585 -3.67004579544
715 -0.576774359265 -7.1339855708 -3.66721030394
716 -0.576776388079 -7.13398517009 -3.71356897602
717 -0.576777316187 -7.13398498681 -3.66371013587
718 -0.576776589011 -7.13398513041 -3.64619520365
719 -0.576778128341 -7.13398482644 -3.6742589115
720 -0.576777183617 -7.13398501299 -3.69288827786
721 -0.576778398694 -7.13398477305 -3.67744691318
722 -0.576776265518 -7.1339851943 -3.66151098079
723 -0.576779706682 -7.1339845148 -3.71007554986
724 -0.576780038625 -7.13398444926 -3.53422571687
725 -0.576782026062 -7.13398405693 -3.64968009664
726 -0.57678217911 -7.13398402672 -3.74834842637
727 -0.576786126712 -7.13398324764 -3.65905775509
728 -0.576786942747 -7.13398308662 -3.73182074941
729 -0.576786700895 -7.13398313434 -3.66911770747
730 -0.576786279833 -7.13398321742 -3.66599923422
731 -0.576788136618 -7.13398285107 -3.64049516117
732 -0.576790443896 -7.13398239593 -3.73111967689
733 -0.576790197018 -7.13398244462 -3.65812266615
734 -0.57679106393 -7.13398227363 -3.63857229422
735 -0.576791883359 -7.13398211202 -3.6831128826
736 -0.576793352438 -7.1339818223 -3.63280073218
737 -0.576794933075 -7.13398151063 -3.68277936225
738 -0.576796869241 -7.13398112891 -3.67950767526
739 -0.576798473841 -7.1339808126 -3.65762974072
740 -0.576801055081 -7.13398030388 -3.76828395423
741 -0.57680208632 -7.13398010067 -3.69859820626
742 -0.576804216593 -7.13397968095 -3.66576017991
743 -0.576803833128 -7.13397975649 -3.69576965404
744 -0.576806672182 -7.13397919723 -3.72042558511
745 -0.576808815009 -7.1339787752 -3.76203171435
746 -0.576810815216 -7.13397838134 -3.66623823093
747 -0.576813360464 -7.13397788024 -3.61701519748
748 -0.576815373916 -7.13397748393 -3.70608254056
749 -0.576816771199 -7.13397720894 -3.6507623021
750 -0.576818754291 -7.13397681872 -3.66461475663
751 -0.576820441847 -7.1339764867 -3.720458436
752 -0.576820818527 -7.1339764126 -3.66547542322
753 -0.576820794897 -7.13397641725 -3.68958709844
754 -0.576821297728 -7.13397631833 -3.69408661016
755 -0.576823461216 -7.13397589278 -3.63605962651
756 -0.57682080118 -7.13397641601 -3.71968810283
757 -0.576820638182 -7.13397644808 -3.6460777316
758 -0.576822195404 -7.13397614175 -3.63911125375
759 -0.576824167034 -7.13397575397 -3.65013210347
760 -0.576824934913 -7.13397560296 -3.62956412389
761 -0.576827035194 -7.13397518997 -3.64686445309
762 -0.576829963797 -7.13397461424 -3.70495937542
763 -0.57683312672 -7.13397399261 -3.67943378147
764 -0.576835956894 -7.13397343652 -3.70970270636
765 -0.576837729513 -7.1339730883 -3.69831582453
766 -0.576841267868 -7.13397239336 -3.7674543924
767 -0.57684327113 -7.13397200002 -3.71985192979
768 -0.576845804878 -7.13397150261 -3.71658782338
769 -0.576847730637 -7.13397112463 -3.70399350324
770 -0.576848714763 -7.1339709315 -3.69597085036
771 -0.576848123192 -7.13397104759 -3.72044077976
772 -0.576848842018 -7.13397090653 -3.69628081574
773 -0.576851544765 -7.1339703762 -3.70825584692
774 -0.576854173025 -7.13396986062 -3.62508319571
775 -0.576857627601 -7.13396918312 -3.69848841422
776 -0.576857158742 -7.13396927506 -3.59255882745
777 -0.576855824319 -7.13396953675 -3.68277240567
778 -0.576856436288 -7.13396941673 -3.64573143851
779 -0.57685580101 -7.13396954132 -3.6682159376
780 -0.576857339469 -7.13396923962 -3.70050526587
781 -0.576857199692 -7.13396926703 -3.70708425601
782 -0.5768592833 -7.13396885848 -3.68123237251
783 -0.576857948483 -7.1339691202 -3.72070800647
784 -0.576858880268 -7.1339689375 -3.69151256527
785 -0.576858618057 -7.13396898891 -3.69545786143
786 -0.576859857375 -7.13396874593 -3.63281702819
787 -0.57686166359 -7.13396839185 -3.64529297684
788 -0.576861664545 -7.13396839167 -3.66081227351
789 -0.576861788925 -7.13396836729 -3.7179734245
790 -0.576864453304 -7.13396784509 -3.73079471434
791 -0.576864187572 -7.13396789716 -3.71743116429
792 -0.576866875456 -7.13396737047 -3.7141740388
793 -0.576868593118 -7.13396703396 -3.69620877278
794 -0.57686962225 -7.13396683236 -3.69486631005
795 -0.576871126523 -7.13396653772 -3.66835390828
796 -0.576873143541 -7.13396614272 -3.68656315435
797 -0.576875109526 -7.13396575777 -3.64866413798
798 -0.576878630766 -7.13396506847 -3.69830652822
799 -0.576881510551 -7.1339645049 -3.77247345391
800 -0.576882005317 -7.13396440809 -3.67826334696
801 -0.57688338975 -7.13396413722 -3.72217662065
802 -0.576882408667 -7.13396432917 -3.60110261924
803 -0.576883020772 -7.1339642094 -3.67990516364
804 -0.576881361857 -7.13396453399 -3.67516206959
805 -0.576882252012 -7.13396435982 -3.63243325462
806 -0.576884843905 -7.13396385274 -3.70231400805
807 -0.57688631787 -7.13396356442 -3.65577547768
808 -0.576889379474 -7.13396296568 -3.71335544598
809 -0.576892596613 -7.13396233669 -3.81354790962
810 -0.576896874398 -7.13396150061 -3.70166645581
811 -0.576896698188 -7.13396153504 -3.65150383389
812 -0.576898283648 -7.13396122525 -3.73341801541
813 -0.576899204041 -7.13396104542 -3.64834058544
814 -0.576901267446 -7.13396064233 -3.74220185119
815 -0.576905245196 -7.13395986548 -3.70029590419
816 -0.576906925001 -7.13395953749 -3.72598982357
817 -0.576909201559 -7.13395909307 -3.62623639755
818 -0.576907731635 -7.13395938001 -3.67120772143
819 -0.576909155133 -7.13395910213 -3.65389301935
820 -0.576910220269 -7.13395889423 -3.67789646875
821 -0.576913866163 -7.13395818274 -3.70534986834
822 -0.576916972242 -7.13395757677 -3.62840679285
823 -0.576917356579 -7.1339575018 -3.73500451301
824 -0.576922661101 -7.13395646736 -3.66729657442
825 -0.576923147085 -7.13395637261 -3.63912882816
826 -0.57692508855 -7.13395599414 -3.65548019728
827 -0.576925700133 -7.13395587494 -3.66201963625
828 -0.576926671538 -7.1339556856 -3.65521417908
829 -0.576928880846 -7.13395525506 -3.67746145913
830 -0.576930529562 -7.13395493382 -3.66098119642
831 -0.576932391925 -7.13395457101 -3.71282725582
832 -0.576935195057 -7.13395402503 -3.65853718355
833 -0.57693557577 -7.13395395089 -3.68139782278
834 -0.57693543402 -7.13395397849 -3.73217815484
835 -0.576934425415 -7.13395417492 -3.59711140962
836 -0.576937175837 -7.13395363931 -3.68365301124
837 -0.576939177181 -7.13395324965 -3.72550022756
838 -0.57694220427 -7.13395266042 -3.69256715301
839 -0.576942542998 -7.13395259449 -3.64066885157
840 -0.576943758743 -7.13395235789 -3.75770370415
841 -0.576943643551 -7.13395238031 -3.66606803811
842 -0.576944092586 -7.13395229293 -3.65105575207
843 -0.576946602939 -7.13395180448 -3.65669605777
844 -0.576949604036 -7.13395122069 -3.68170027218
845 -0.576953524066 -7.13395045837 -3.75293741361
846 -0.57695366272 -7.13395043141 -3.72606850037
847 -0.576956016038 -7.1339499739 -3.7234201573
848 -0.576960065482 -7.13394918687 -3.79567088047
849 -0.576962036424 -7.13394880391 -3.65988498436
850 -0.576963391845 -7.13394854059 -3.70623598692
851 -0.576965859501 -7.13394806127 -3.68158448406
852 -0.576971879357 -7.1339468924 -3.5861476129
853 -0.576972194856 -7.13394683116 -3.6366500471
854 -0.576974365091 -7.13394640994 -3.6018426855
855 -0.576974465516 -7.13394639045 -3.72536740041
856 -0.576977080902 -7.13394588293 -3.68554439718
857 -0.576977658458 -7.13394577087 -3.75971881459
858 -0.576976748843 -7.13394594736 -3.69938224226
859 -0.576975301976 -7.13394622812 -3.7212314534
860 -0.576975395619 -7.13394620995 -3.62889061318
861 -0.576975778869 -7.13394613558 -3.64078118817
862 -0.576975983205 -7.13394609593 -3.70605212274
863 -0.576976822101 -7.13394593315 -3.71285963279
864 -0.576977266264 -7.13394584697 -3.73115944836
865 -0.576980059279 -7.13394530512 -3.72057741679
866 -0.576980955823 -7.13394513122 -3.67900381537
867 -0.576980944609 -7.1339451334 -3.69728252195
868 -0.576980918792 -7.13394513841 -3.68127359039
869 -0.576984706386 -7.13394440389 -3.71681728123
870 -0.576985138853 -7.13394432004 -3.75306153313
871 -0.576984210686 -7.1339445 -3.69120405587
872 -0.576986450203 -7.1339440658 -3.63492081371
873 -0.576991166719 -7.13394315162 -3.66846759792
874 -0.576993771842 -7.13394264685 -3.76460782147
875 -0.576995630956 -7.1339422867 -3.7457070871
876 -0.576995551196 -7.13394230215 -3.72503489009
877 -0.576995871495 -7.1339422401 -3.70100953545
878 -0.576997577629 -7.13394190964 -3.69043744819
879 -0.57699842091 -7.13394174633 -3.73629264501
880 -0.57699943416 -7.13394155011 -3.65884368404
881 -0.577000055032 -7.13394142989 -3.75891618689
882 -0.577001794799 -7.13394109305 -3.6938611265
883 -0.577003520224 -7.13394075903 -3.71670209993
884 -0.577003934819 -7.13394067878 -3.70602657941
885 -0.577004304712 -7.13394060718 -3.67572037273
886 -0.577006196758 -7.13394024099 -3.6965801556
887 -0.577008728809 -7.13393975103 -3.66450626842
888 -0.577010440723 -7.13393941984 -3.72749652792
889 -0.577012222229 -7.13393907523 -3.60681609596
890 -0.577014238546 -7.13393868527 -3.73496919061
891 -0.577015674129 -7.13393840766 -3.64511547853
892 -0.577016071987 -7.13393833074 -3.63327772745
893 -0.577018924928 -7.13393777918 -3.66689481932
894 -0.577020056646 -7.13393756042 -3.66902919591
895 -0.577022378996 -7.13393711159 -3.76760200074
896 -0.577023006697 -7.13393699029 -3.62298534989
897 -0.577022466044 -7.13393709477 -3.7264094383
898 -0.577021286104 -7.1339373228 -3.6397786064
899 -0.577022236282 -7.13393713917 -3.70682384468
900 -0.57702410963 -7.13393677718 -3.66429997516
901 -0.577024646692 -7.13393667341 -3.71324411983
902 -0.577027077796 -7.13393620376 -3.73148224404
903 -0.577028743619 -7.13393588201 -3.63665001614
904 -0.577030047997 -7.1339356301 -3.74505422062
905 -0.577031963582 -7.13393526021 -3.65717782437
906 -0.577032767288 -7.13393510503 -3.71262979682
907 -0.577033499778 -7.13393496362 -3.7365639067
908 -0.57703316802 -7.13393502767 -3.66556075801
909 -0.577032935908 -7.13393507248 -3.71480767621
910 -0.577033570066 -7.13393495005 -3.76176694579
911 -0.577035351705 -7.13393460613 -3.82858627492
912 -0.57703399295 -7.13393486841 -3.76754797583
913 -0.577035639616 -7.13393455055 -3.72317514458
914 -0.577037193214 -7.13393425071 -3.6386171287
915 -0.577037660094 -7.1339341606 -3.67531737448
916 -0.577039125773 -7.13393387777 -3.52461679551
917 -0.577039638438 -7.13393377885 -3.6701326678
918 -0.577038093097 -7.13393407704 -3.65960346697
919 -0.577038213624 -7.13393405379 -3.69224200986
920 -0.577040030025 -7.1339337033 -3.7074598201
921 -0.577041240944 -7.13393346968 -3.63383570939
922 -0.577037928605 -7.13393410879 -3.66755893426
923 -0.577038886327 -7.13393392398 -3.69279283851
924 -0.577038416019 -7.13393401473 -3.65278728624
925 -0.577039780144 -7.13393375151 -3.70105858159
926 -0.57704443587 -7.1339328534 -3.69854206358
927 -0.577046261807 -7.13393250127 -3.66916736386
928 -0.577047052398 -7.13393234882 -3.75800188227
929 -0.57704801066 -7.13393216406 -3.62209505043
930 -0.577048879386 -7.13393199657 -3.70535502365
931 -0.577051223118 -7.13393154477 -3.65270397677
932 -0.57705320219 -7.13393116334 -3.67379689291
933 -0.577055355772 -7.13393074836 -3.71273258229
934 -0.577057454251 -7.13393034407 -3.78422200462
935 -0.577058261695 -7.13393018853 -3.64498941402
936 -0.577059012067 -7.13393004399 -3.64587235248
937 -0.57705891179 -7.13393006331 -3.69049845741
938 -0.577059974579 -7.13392985861 -3.63196406743
939 -0.577059936561 -7.13392986593 -3.72593018836
940 -0.577059162764 -7.13393001497 -3.71412667569
941 -0.577059312979 -7.13392998603 -3.74265968394
942 -0.577060595915 -7.13392973894 -3.70239242308
943 -0.577064689593 -7.1339289507 -3.69136731858
944 -0.577063535547 -7.13392917288 -3.65801755231
945 -0.577066116236 -7.13392867607 -3.72896916565
946 -0.5770677584 -7.13392835999 -3.70166629267
947 -0.577069103716 -7.13392810108 -3.76345214106
948 -0.577072163793 -7.13392751228 -3.68377434025
949 -0.577074337741 -7.13392709408 -3.65576007646
950 -0.577075622386 -7.133926847 -3.68400389419
951 -0.577076855619 -7.13392660983 -3.71280107171
952 -0.577077044471 -7.13392657351 -3.71095143497
953 -0.577077552848 -7.13392647575 -3.68116569029
954 -0.577076944282 -7.13392659278 -3.58360639583
955 -0.577080304562 -7.13392594668 -3.71039372772
956 -0.577079977368 -7.13392600958 -3.64013458659
957 -0.577081096059 -7.13392579452 -3.69543656093
958 -0.577081824544 -7.13392565448 -3.6284126106
959 -0.577080312351 -7.13392594518 -3.72829308745
960 -0.577079398053 -7.13392612096 -3.81363556781
961 -0.577079120724 -7.13392617428 -3.65103975373
962 -0.57707765539 -7.13392645603 -3.7337179951
963 -0.577078640603 -7.13392626659 -3.66803090881
964 -0.577081129572 -7.13392578808 -3.66330389378
965 -0.577081341187 -7.1339257474 -3.64526855646
966 -0.57708201495 -7.13392561789 -3.66499908957
967 -0.577083525913 -7.13392532747 -3.65955277395
968 -0.577083626444 -7.13392530815 -3.64606556288
969 -0.577084288935 -7.13392518083 -3.74380444812
970 -0.577086617618 -7.13392473336 -3.72147065848
971 -0.577089261143 -7.1339242255 -3.74210014201
972 -0.577090083101 -7.13392406761 -3.73204319973
973 -0.577093574229 -7.13392339715 -3.67566833243
974 -0.577092106095 -7.13392367907 -3.62830320592
975 -0.577093316065 -7.13392344672 -3.66059562335
976 -0.577096559468 -7.13392282401 -3.677542954
977 -0.577096801642 -7.13392277752 -3.62158619259
978 -0.577098677263 -7.1339224175 -3.72149084437
979 -0.577098627749 -7.133922427 -3.69581037248
980 -0.577099906723 -7.13392218154 -3.65647253557
981 -0.577101399803 -7.13392189503 -3.76250074301
982 -0.577103804183 -7.13392143372 -3.67359290811
983 -0.577105757432 -7.13392105904 -3.74204868082
984 -0.57710803585 -7.13392062206 -3.65178943976
985 -0.577112244027 -7.13391981522 -3.76828457454
986 -0.577114537098 -7.13391937569 -3.65617383178
987 -0.577118376251 -7.13391864002 -3.71617418161
988 -0.577118720303 -7.13391857411 -3.66254229788
989 -0.577121960898 -7.13391795335 -3.72235408269
990 -0.5771244434 -7.13391747794 -3.73695286023
991 -0.577125689575 -7.13391723932 -3.71102533406
992 -0.577126462752 -7.13391709129 -3.6814768915
993 -0.577128333127 -7.13391673324 -3.66451749451
994 -0.577129791931 -7.13391645402 -3.64652284834
995 -0.57712983561 -7.13391644566 -3.67197614804
996 -0.57713213526 -7.13391600557 -3.67593529336
997 -0.577132700692 -7.13391589737 -3.75428281339
998 -0.577134374637 -7.1339155771 -3.77239064232
999 -0.577136679983 -7.1339151361 -3.60544132154
1000 -0.577138588613 -7.13391477106 -3.65386217812
