1000 0.0001 0.5 gpomdp 1000000

1 -0.575853 -7.13417489272 -3.65743215945
2 -0.575888745993 -7.13416727397 -3.75440399093
3 -0.575906797977 -7.13416343484 -3.69067926913
4 -0.575907536189 -7.13416327797 -3.60482351725
5 -0.575930585892 -7.13415838447 -3.70185291038
6 -0.575932452889 -7.1341579885 -3.63832016252
7 -0.575935724236 -7.13415729484 -3.70666154039
8 -0.575972515049 -7.13414950638 -3.66881101379
9 -0.576004159519 -7.13414282612 -3.78009881643
10 -0.575998606609 -7.1341439971 -3.75819631805
11 -0.575974198272 -7.13414915061 -3.70331370706
12 -0.575987306059 -7.13414638179 -3.71190035572
13 -0.576011158757 -7.13414135089 -3.66951825157
14 -0.576021523784 -7.13413916781 -3.66377475402
15 -0.576035216547 -7.1341362867 -3.71697659989
16 -0.576070061075 -7.13412896963 -3.72606714907
17 -0.576089581527 -7.13412487967 -3.65442554976
18 -0.576090452942 -7.13412469725 -3.64772128188
19 -0.576099826174 -7.13412273583 -3.69261503545
20 -0.576131014303 -7.13411622044 -3.69073672916
21 -0.576153798033 -7.13411147141 -3.72160525311
22 -0.576169710945 -7.13410815985 -3.80425346401
23 -0.576163711002 -7.13410940795 -3.66997343673
24 -0.576170715173 -7.13410795101 -3.75449269259
25 -0.576187317819 -7.13410450087 -3.70546002861
26 -0.576198208781 -7.13410224024 -3.59172096233
27 -0.576224399566 -7.13409681223 -3.57196282605
28 -0.576206250637 -7.13410057231 -3.65886866968
29 -0.576218833268 -7.13409796485 -3.70903957407
30 -0.576207846032 -7.13410024155 -3.6901185409
31 -0.576205078742 -7.1341008153 -3.71610430797
32 -0.576243441505 -7.13409287326 -3.72355098426
33 -0.576251541693 -7.13409119957 -3.63911361114
34 -0.576278227522 -7.13408569368 -3.76869495813
35 -0.576289249231 -7.13408342325 -3.69538317526
36 -0.576299256182 -7.13408136367 -3.66094714712
37 -0.576323936999 -7.13407629138 -3.68138452608
38 -0.576330226577 -7.13407500046 -3.70734202763
39 -0.576351704672 -7.13407059728 -3.62264856935
40 -0.576366184159 -7.13406763337 -3.72210202217
41 -0.576382414919 -7.13406431528 -3.66335800682
42 -0.576377183326 -7.13406538429 -3.71028015965
43 -0.576417016514 -7.1340572568 -3.68816313605
44 -0.576436361505 -7.13405331957 -3.68344525308
45 -0.576449975835 -7.13405055257 -3.65515716111
46 -0.576471933637 -7.13404609656 -3.69364443909
47 -0.576490196088 -7.13404239681 -3.64127281957
48 -0.576497914907 -7.13404083481 -3.68267873633
49 -0.576514754545 -7.13403743065 -3.61345852583
50 -0.576536163283 -7.13403310992 -3.71145880525
51 -0.576546726292 -7.134030981 -3.71401607897
52 -0.576567066044 -7.13402688705 -3.68681632725
53 -0.576594036923 -7.13402146942 -3.62808427435
54 -0.576605112312 -7.13401924835 -3.75079042184
55 -0.576639039093 -7.13401245781 -3.71377121981
56 -0.576636035691 -7.13401305815 -3.71521557246
57 -0.576636318328 -7.13401300165 -3.63709738076
58 -0.576642875909 -7.13401169112 -3.64072681638
59 -0.57665350841 -7.13400956779 -3.73314157605
60 -0.576695989224 -7.13400110377 -3.69177137004
61 -0.576695998548 -7.13400110191 -3.63402347679
62 -0.576726690833 -7.13399500607 -3.65868340533
63 -0.576741395371 -7.13399209134 -3.60661222751
64 -0.576765303797 -7.13398736018 -3.7077947886
65 -0.576777408391 -7.1339849686 -3.63623284028
66 -0.576800831963 -7.13398034785 -3.63032770254
67 -0.576817041418 -7.13397715576 -3.76103868529
68 -0.576807959264 -7.13397894373 -3.65886651871
69 -0.576809751512 -7.13397859078 -3.68089735031
70 -0.576810196821 -7.1339785031 -3.66075323955
71 -0.576834843029 -7.13397365536 -3.67458914475
72 -0.576844982271 -7.13397166409 -3.68025814105
73 -0.576843113413 -7.13397203098 -3.66335952574
74 -0.576856815395 -7.13396934239 -3.69671247042
75 -0.576874746738 -7.1339658288 -3.7503914007
76 -0.576876487008 -7.1339654881 -3.71035038785
77 -0.57690628456 -7.13395966253 -3.68332976081
78 -0.576911955935 -7.13395855549 -3.62254901263
79 -0.576911214973 -7.13395870009 -3.66154873091
80 -0.576946061909 -7.13395190974 -3.68189544168
81 -0.576932309699 -7.13395458702 -3.6797514458
82 -0.576940259116 -7.13395303903 -3.64916663746
83 -0.576946317304 -7.13395186005 -3.7080990573
84 -0.576973574003 -7.13394656347 -3.72773070146
85 -0.576977634566 -7.13394577551 -3.71140331096
86 -0.57697342499 -7.13394659239 -3.69918782176
87 -0.576979502744 -7.13394541308 -3.75433373686
88 -0.576988756684 -7.1339436187 -3.72054561245
89 -0.577010995751 -7.13393931247 -3.68370271196
90 -0.57700891534 -7.13393971494 -3.67241874804
91 -0.577027810804 -7.13393606217 -3.6416656492
92 -0.577056790849 -7.13393047187 -3.73593625753
93 -0.577060261697 -7.13392980331 -3.68535513924
94 -0.577068333295 -7.13392824935 -3.71372720104
95 -0.57708963903 -7.13392415291 -3.63889830052
96 -0.577099585815 -7.13392224313 -3.76957048781
97 -0.577133364408 -7.13391577038 -3.7192464415
98 -0.577150398681 -7.13391251368 -3.63934218666
99 -0.577154303253 -7.13391176789 -3.75421827605
100 -0.577160597328 -7.13391056625 -3.69716080392
101 -0.577179211388 -7.13390701652 -3.62385168543
102 -0.577165493221 -7.13390963202 -3.65721238366
103 -0.577179872693 -7.13390689052 -3.67585103347
104 -0.577162096987 -7.13391028004 -3.67901976117
105 -0.577170478487 -7.13390868115 -3.70737010826
106 -0.577202030488 -7.13390267302 -3.621453025
107 -0.577219611264 -7.13389933274 -3.73645928773
108 -0.577249673795 -7.13389363331 -3.74907865223
109 -0.577262856483 -7.13389113897 -3.73219631235
110 -0.577279115192 -7.13388806673 -3.71408878755
111 -0.577289253777 -7.13388615326 -3.71114810587
112 -0.577302068954 -7.13388373716 -3.70767627246
113 -0.577306148095 -7.13388296869 -3.68129954061
114 -0.577337690059 -7.13387703623 -3.70636928309
115 -0.577348559934 -7.13387499577 -3.71075601518
116 -0.577385198919 -7.13386813303 -3.68356202667
117 -0.577389294351 -7.13386736736 -3.68077697976
118 -0.57739977006 -7.13386541018 -3.71658171121
119 -0.577422184695 -7.13386122879 -3.66575415225
120 -0.577441957804 -7.13385754735 -3.74760717692
121 -0.57744821261 -7.13385638421 -3.68241835222
122 -0.577466846801 -7.13385292299 -3.76619945039
123 -0.577463600737 -7.1338535255 -3.67051878762
124 -0.577473272765 -7.13385173078 -3.61656596533
125 -0.577509578867 -7.13384500828 -3.69535190608
126 -0.577512623305 -7.1338444456 -3.67480634074
127 -0.577516398496 -7.13384374808 -3.65147496719
128 -0.577508429101 -7.13384522083 -3.68780022945
129 -0.577522565358 -7.13384260919 -3.66296540129
130 -0.577528976424 -7.1338414259 -3.66373365051
131 -0.577562440098 -7.13383526099 -3.67653812824
132 -0.577543603644 -7.1338387288 -3.62949824632
133 -0.577556221191 -7.13383640523 -3.65922219651
134 -0.577571620316 -7.13383357312 -3.70243859162
135 -0.577585242088 -7.1338310713 -3.79458670875
136 -0.57759621908 -7.13382905755 -3.71510208328
137 -0.577613170533 -7.13382595186 -3.68963711682
138 -0.577634178989 -7.13382210974 -3.70714801231
139 -0.577663107643 -7.13381683158 -3.76257745355
140 -0.577648401815 -7.13381951292 -3.65043283298
141 -0.577672507644 -7.1338151196 -3.68446527644
142 -0.577682712301 -7.13381326281 -3.68007692527
143 -0.577702285794 -7.13380970631 -3.71186249905
144 -0.577677253255 -7.13381425589 -3.66923727134
145 -0.577676749699 -7.13381434752 -3.6604725082
146 -0.577715103561 -7.1338073809 -3.68805436885
147 -0.577730683926 -7.13380455811 -3.70910876843
148 -0.577747836684 -7.13380145526 -3.62953009442
149 -0.577781846244 -7.13379531809 -3.68794614358
150 -0.577804076344 -7.13379131733 -3.69678083939
151 -0.577812605456 -7.13378978459 -3.72085536822
152 -0.577811264973 -7.1337900254 -3.72133496701
153 -0.577817020389 -7.1337889917 -3.69731125428
154 -0.577817567879 -7.13378889339 -3.74394319536
155 -0.577855487524 -7.1337820974 -3.69972572801
156 -0.577894110475 -7.13377520079 -3.7346002598
157 -0.577903016096 -7.13377361423 -3.69824711268
158 -0.577924556795 -7.13376978232 -3.70351728641
159 -0.577923806061 -7.13376991573 -3.64951611096
160 -0.577949206156 -7.13376540719 -3.63330835001
161 -0.57796887403 -7.13376192375 -3.70232049755
162 -0.57795020711 -7.13376522975 -3.70587185201
163 -0.577991007273 -7.13375801162 -3.7161646296
164 -0.577995290422 -7.13375725553 -3.72230989383
165 -0.578004506836 -7.13375562966 -3.64936146748
166 -0.578010679824 -7.1337545415 -3.67498373635
167 -0.57801160297 -7.13375437882 -3.69438568072
168 -0.578009677692 -7.1337547181 -3.71972867936
169 -0.578007218194 -7.13375515162 -3.70317029049
170 -0.57804073802 -7.13374925226 -3.71402197073
171 -0.578057552768 -7.1337463002 -3.67421193739
172 -0.578078837303 -7.13374257038 -3.67893997101
173 -0.578085059655 -7.13374148148 -3.68242552398
174 -0.578092770758 -7.13374013296 -3.69470073684
175 -0.57812817056 -7.13373395537 -3.71199196262
176 -0.578142528759 -7.13373145588 -3.66610091841
177 -0.578121758356 -7.13373507276 -3.66154601726
178 -0.578151664416 -7.13372986738 -3.61127145649
179 -0.578177083203 -7.13372545512 -3.67270384232
180 -0.578172033317 -7.13372633081 -3.66650321445
181 -0.5781631259 -7.13372787649 -3.80457671693
182 -0.578181172315 -7.13372474636 -3.69979616865
183 -0.578193570977 -7.13372259907 -3.65897512077
184 -0.578205133001 -7.13372059906 -3.63312152317
185 -0.578227976135 -7.13371665439 -3.69984103456
186 -0.578216467376 -7.13371864066 -3.68966647326
187 -0.578213742073 -7.13371911135 -3.68194043993
188 -0.578221295748 -7.13371780706 -3.64260315275
189 -0.578218645403 -7.13371826458 -3.74895687004
190 -0.578246128285 -7.13371352617 -3.78517664574
191 -0.578238788358 -7.1337147904 -3.72144571209
192 -0.578251715265 -7.13371256449 -3.7629991712
193 -0.578270737999 -7.13370929415 -3.76440757669
194 -0.578300792806 -7.13370413987 -3.67986188943
195 -0.578323007193 -7.13370034017 -3.72735395646
196 -0.578330645927 -7.13369903555 -3.63437988798
197 -0.57832255554 -7.13370041734 -3.722328204
198 -0.578334993591 -7.13369829346 -3.59623785148
199 -0.578332002233 -7.13369880401 -3.69799989153
200 -0.578347988216 -7.13369607737 -3.66191001501
201 -0.578365348768 -7.13369312126 -3.62652961678
202 -0.578373471079 -7.13369173999 -3.7227397776
203 -0.578365502326 -7.13369309514 -3.6710094874
204 -0.578379456336 -7.13369072287 -3.69634854334
205 -0.578406651497 -7.13368610915 -3.65329908966
206 -0.578406565643 -7.13368612369 -3.6916275992
207 -0.578414310851 -7.13368481201 -3.72253314302
208 -0.578440149606 -7.13368044358 -3.63745726233
209 -0.578464464466 -7.13367634325 -3.65275718781
210 -0.578457200945 -7.13367756707 -3.67315951589
211 -0.578478417584 -7.13367399486 -3.63455449183
212 -0.578477589243 -7.13367413418 -3.69255819975
213 -0.57847545295 -7.13367449354 -3.66268722785
214 -0.578498107971 -7.13367068654 -3.66862025898
215 -0.578509427936 -7.13366878761 -3.68153866575
216 -0.578537417349 -7.13366410181 -3.71655872158
217 -0.578532840203 -7.13366486717 -3.65314719186
218 -0.57853476756 -7.13366454484 -3.70166661918
219 -0.578540864557 -7.13366352563 -3.65341175013
220 -0.578544416723 -7.13366293213 -3.70889018083
221 -0.578532218646 -7.13366497113 -3.65819417852
222 -0.578570288352 -7.13365861595 -3.76061216915
223 -0.578580644292 -7.13365689149 -3.68406756918
224 -0.578567676358 -7.13365905119 -3.664461487
225 -0.5785777663 -7.13365737054 -3.66337869503
226 -0.578584421499 -7.13365626297 -3.64311466626
227 -0.578606562492 -7.13365258367 -3.64706996575
228 -0.578603557155 -7.13365308259 -3.72935692845
229 -0.578611051017 -7.13365183882 -3.73046474832
230 -0.578621056415 -7.1336501797 -3.72705320985
231 -0.578615333435 -7.13365112849 -3.62118339569
232 -0.578591690006 -7.13365505419 -3.67627920849
233 -0.57861858086 -7.13365059004 -3.8073505179
234 -0.578649084507 -7.13364554116 -3.66370609982
235 -0.578632532228 -7.13364827887 -3.69577234927
236 -0.578638093111 -7.13364735858 -3.6744043033
237 -0.578676434719 -7.13364102781 -3.70162895957
238 -0.578681805104 -7.13364014309 -3.63842147459
239 -0.578687503961 -7.13363920481 -3.74061422439
240 -0.578678161336 -7.13364074331 -3.71297665914
241 -0.578682007366 -7.13364010978 -3.72678672874
242 -0.578699471843 -7.13363723617 -3.65954114148
243 -0.578720699427 -7.13363375043 -3.75789440234
244 -0.578731837268 -7.13363192459 -3.70044967378
245 -0.578734711119 -7.13363145383 -3.7031946854
246 -0.578742191829 -7.13363022908 -3.5880687862
247 -0.578737877654 -7.13363093528 -3.75141690877
248 -0.578772335808 -7.13362530359 -3.70743707767
249 -0.578776695093 -7.13362459258 -3.65387660518
250 -0.578772826807 -7.1336252235 -3.65386586409
251 -0.578782715686 -7.13362361115 -3.66979967999
252 -0.578806187664 -7.13361979084 -3.66363020363
253 -0.578798093019 -7.13362110726 -3.6099660476
254 -0.578795528878 -7.1336215245 -3.74928105363
255 -0.578793364453 -7.13362187678 -3.75547747579
256 -0.578815302734 -7.13361830982 -3.65641097944
257 -0.578824406078 -7.13361683212 -3.66407634256
258 -0.578871067068 -7.13360928023 -3.65945271198
259 -0.578911963494 -7.13360269203 -3.64987900031
260 -0.578948433146 -7.13359684115 -3.67876863431
261 -0.578999188093 -7.13358873644 -3.66167667903
262 -0.579007186441 -7.13358746327 -3.64283675984
263 -0.578996156119 -7.13358921936 -3.73696895267
264 -0.579019076772 -7.13358557261 -3.70508336134
265 -0.579014817871 -7.13358624953 -3.68982370256
266 -0.579036422932 -7.13358281876 -3.65458437177
267 -0.579037648679 -7.13358262436 -3.65660583635
268 -0.579037693777 -7.13358261721 -3.60930737287
269 -0.579039136729 -7.13358238839 -3.59350705622
270 -0.579055347566 -7.13357982021 -3.69520625277
271 -0.579029980106 -7.13358384101 -3.69003182224
272 -0.579043353669 -7.1335817199 -3.68615790459
273 -0.579077150996 -7.13357637314 -3.67624998634
274 -0.579112548629 -7.13357079421 -3.75771401493
275 -0.579102173191 -7.13357242723 -3.6871705305
276 -0.579120133791 -7.13356960153 -3.66307740386
277 -0.579129065254 -7.13356819842 -3.66715451094
278 -0.579134694725 -7.13356731475 -3.7153471329
279 -0.579142599405 -7.13356607484 -3.723620173
280 -0.579172476114 -7.13356139817 -3.71308353447
281 -0.579203842871 -7.13355650471 -3.73790819883
282 -0.579198170884 -7.13355738834 -3.60885431317
283 -0.579210491477 -7.13355546964 -3.6312994067
284 -0.579239151343 -7.1335510165 -3.6266607132
285 -0.579266354377 -7.13354680273 -3.69926088472
286 -0.579267279506 -7.13354665965 -3.64621441558
287 -0.579296351152 -7.13354217092 -3.64470304391
288 -0.579310353813 -7.13354001404 -3.62755900099
289 -0.579312353085 -7.13353970636 -3.7221638162
290 -0.579325112239 -7.13353774439 -3.69383426812
291 -0.57932446202 -7.13353784431 -3.78809683513
292 -0.579352670333 -7.13353351631 -3.710510604
293 -0.579340613685 -7.13353536449 -3.70431468366
294 -0.579373852575 -7.13353027528 -3.65282288699
295 -0.579376770378 -7.13352982944 -3.70799079596
296 -0.579383408231 -7.13352881572 -3.66835682578
297 -0.57940249546 -7.13352590495 -3.72344032592
298 -0.579413298025 -7.13352426035 -3.68272371501
299 -0.579432616203 -7.13352132429 -3.72036014829
300 -0.579444324184 -7.13351954798 -3.66475243696
301 -0.579440998678 -7.13352005228 -3.69334042433
302 -0.579434607924 -7.13352102194 -3.62233577494
303 -0.579467253266 -7.13351607602 -3.67145873989
304 -0.57946842339 -7.13351589908 -3.68913458098
305 -0.579473248536 -7.13351516969 -3.72564436263
306 -0.579482523866 -7.13351376871 -3.68756334111
307 -0.579483323262 -7.13351364804 -3.69740809726
308 -0.579489791812 -7.13351267197 -3.73964636074
309 -0.57953563399 -7.13350577517 -3.63277668943
310 -0.57953935638 -7.13350521673 -3.66900667227
311 -0.579551695066 -7.13350336735 -3.66679491894
312 -0.579555919238 -7.13350273481 -3.76967047053
313 -0.579563522499 -7.13350159704 -3.73287911975
314 -0.579587388472 -7.13349803213 -3.68543881354
315 -0.579586069679 -7.13349822887 -3.64965323389
316 -0.57957845425 -7.13349936551 -3.72023617219
317 -0.579577500953 -7.13349950787 -3.72290368904
318 -0.579574533499 -7.13349995109 -3.7186085469
319 -0.579552284865 -7.13350327901 -3.66990283814
320 -0.579578573318 -7.13349934773 -3.68982491645
321 -0.579607554015 -7.13349502756 -3.74677816004
322 -0.579627530323 -7.13349205805 -3.71622821446
323 -0.579644180515 -7.1334895882 -3.71240266178
324 -0.579633339758 -7.13349119576 -3.78172466102
325 -0.579664390483 -7.13348659667 -3.66757467756
326 -0.579694986449 -7.13348208109 -3.71184265047
327 -0.579689469701 -7.13348289411 -3.72803748147
328 -0.579722873158 -7.13347797931 -3.64849933202
329 -0.579735107147 -7.13347618406 -3.6648505457
330 -0.579730305684 -7.13347688833 -3.69189405537
331 -0.579731870837 -7.13347665871 -3.69818823812
332 -0.579745695124 -7.13347463241 -3.73559544202
333 -0.579754486855 -7.13347334545 -3.71608986139
334 -0.579802932143 -7.13346627764 -3.6384012338
335 -0.579825873693 -7.13346294465 -3.58547076112
336 -0.57982363987 -7.13346326879 -3.67852327647
337 -0.579822859901 -7.13346338198 -3.65479034949
338 -0.579846258968 -7.1334599906 -3.74058972869
339 -0.579845412556 -7.13346011311 -3.7193998221
340 -0.579885151901 -7.1334543743 -3.66670678213
341 -0.57988726253 -7.13345407026 -3.63627984108
342 -0.579907656794 -7.13345113633 -3.77882413782
343 -0.579900968693 -7.1334520977 -3.64362153892
344 -0.579902392822 -7.13345189292 -3.74274421484
345 -0.579916392165 -7.13344988183 -3.72350289776
346 -0.579952689651 -7.13344468307 -3.63339181785
347 -0.579948648088 -7.13344526082 -3.68053654454
348 -0.579970619972 -7.1334421233 -3.64013705839
349 -0.57997172121 -7.13344196626 -3.68247920263
350 -0.579980576646 -7.13344070423 -3.70356923841
351 -0.580010931522 -7.1334363884 -3.65423906397
352 -0.580027619186 -7.13343402247 -3.68180334493
353 -0.580022862187 -7.13343469642 -3.67863013234
354 -0.580015463886 -7.13343574534 -3.75119926066
355 -0.580025543953 -7.13343431643 -3.6985086613
356 -0.580028728014 -7.13343386544 -3.68295384014
357 -0.58005029026 -7.13343081587 -3.66887391501
358 -0.580068114897 -7.13342830092 -3.65766987117
359 -0.580089452164 -7.1334252975 -3.72957318552
360 -0.580115125425 -7.13342169407 -3.68998114439
361 -0.58011638815 -7.13342151713 -3.61729319856
362 -0.580099799795 -7.13342384378 -3.72545771975
363 -0.580081875988 -7.13342636302 -3.71638837798
364 -0.580082928095 -7.133426215 -3.73060569574
365 -0.580078466945 -7.1334268428 -3.60237387723
366 -0.580096344621 -7.13342432899 -3.72540998712
367 -0.5801129123 -7.13342200425 -3.69029323409
368 -0.580122556865 -7.13342065312 -3.67992912826
369 -0.580107419075 -7.13342277453 -3.71950868164
370 -0.580104081941 -7.13342324272 -3.69345074391
371 -0.580098111866 -7.13342408079 -3.68579540179
372 -0.580100811818 -7.1334237017 -3.74364261585
373 -0.580114501414 -7.13342178152 -3.67568228598
374 -0.580119668771 -7.13342105755 -3.74591857454
375 -0.580132178618 -7.13341930676 -3.6414610148
376 -0.580152723403 -7.13341643726 -3.6160394094
377 -0.580151142814 -7.13341665776 -3.7093244858
378 -0.58014615636 -7.13341735369 -3.68262668862
379 -0.580139462571 -7.13341828858 -3.73548834177
380 -0.580142520345 -7.13341786142 -3.7007188255
381 -0.580175014277 -7.13341333204 -3.61455946713
382 -0.58015113291 -7.13341665914 -3.66989297814
383 -0.580192831732 -7.1334108561 -3.66923925045
384 -0.580197959243 -7.13341014457 -3.64106854098
385 -0.580199962961 -7.13340986665 -3.70947041906
386 -0.580213389273 -7.13340800613 -3.75787247831
387 -0.580217327483 -7.13340746099 -3.73718972742
388 -0.580223329153 -7.13340663072 -3.60884767885
389 -0.580226265163 -7.13340622478 -3.66203779279
390 -0.580242134632 -7.13340403317 -3.65703038204
391 -0.580277452102 -7.1333991712 -3.59336254477
392 -0.580282972396 -7.13339841318 -3.66233382918
393 -0.580292458995 -7.13339711173 -3.70691007342
394 -0.58032015259 -7.13339332132 -3.72212979844
395 -0.580322307224 -7.13339302696 -3.66521472448
396 -0.580340777675 -7.13339050688 -3.75088598782
397 -0.580373218391 -7.13338609483 -3.58464293719
398 -0.580381437411 -7.13338497987 -3.70026478387
399 -0.580403373528 -7.13338200975 -3.68922486012
400 -0.580399812361 -7.13338249136 -3.69248943232
401 -0.580410850622 -7.13338099924 -3.6115292501
402 -0.580399223335 -7.13338257105 -3.73344712994
403 -0.580427848698 -7.13337870555 -3.64109225893
404 -0.580422395684 -7.13337944083 -3.68154681934
405 -0.580414248749 -7.1333805403 -3.6695058329
406 -0.580414023933 -7.13338057066 -3.67565535454
407 -0.580440582291 -7.13337699053 -3.60619293988
408 -0.580422744813 -7.13337939374 -3.71118394714
409 -0.580435281246 -7.13337770416 -3.70424339178
410 -0.58045180146 -7.13337548178 -3.63766032322
411 -0.580460958013 -7.133374252 -3.62937729561
412 -0.580482821623 -7.13337132139 -3.69336640493
413 -0.58048791111 -7.13337064036 -3.63749561405
414 -0.580482981083 -7.13337130005 -3.71173290198
415 -0.580469882303 -7.1333730548 -3.75094225928
416 -0.580480076315 -7.13337168892 -3.709284893
417 -0.580506038928 -7.13336821826 -3.7302491936
418 -0.580524530229 -7.13336575338 -3.68534226659
419 -0.58053135163 -7.13336484557 -3.65416405213
420 -0.580552217564 -7.13336207359 -3.69019754032
421 -0.580574472573 -7.13335912528 -3.70549928969
422 -0.580596923597 -7.13335615957 -3.66790126932
423 -0.580606232938 -7.13335493235 -3.73343622196
424 -0.580624701865 -7.13335250205 -3.67948677112
425 -0.580625165397 -7.13335244113 -3.65451679228
426 -0.580632153044 -7.13335152321 -3.68373003904
427 -0.580641215019 -7.13335033404 -3.59148562634
428 -0.580653592107 -7.1333487121 -3.74250022809
429 -0.580667781784 -7.13334685586 -3.63468007542
430 -0.580700952721 -7.13334252996 -3.64624368748
431 -0.580695348658 -7.13334325948 -3.6599427605
432 -0.580720876321 -7.13333994071 -3.68240938902
433 -0.580751743701 -7.13333594259 -3.70916543704
434 -0.580732230195 -7.1333384682 -3.68095447189
435 -0.580754213217 -7.13333562343 -3.66526632182
436 -0.580758811507 -7.13333502942 -3.65301923498
437 -0.580779120988 -7.13333241014 -3.73653090049
438 -0.580787385491 -7.1333313463 -3.5909412832
439 -0.580798075858 -7.13332997191 -3.66066786528
440 -0.580824002605 -7.1333266468 -3.67588738704
441 -0.580849336252 -7.13332340884 -3.71013038207
442 -0.580859722274 -7.13332208454 -3.71188894122
443 -0.580873173967 -7.13332037207 -3.7549816144
444 -0.58085595511 -7.13332256467 -3.7326926674
445 -0.58085123305 -7.13332316684 -3.71681620567
446 -0.580858688658 -7.13332221625 -3.68930806842
447 -0.580856085502 -7.13332254805 -3.69194119489
448 -0.580864335013 -7.13332149697 -3.6665939666
449 -0.580858393383 -7.13332225388 -3.66547327536
450 -0.580855279556 -7.13332265079 -3.69976511941
451 -0.580865780167 -7.13332131296 -3.65408000737
452 -0.58089483 -7.13331762165 -3.74529010798
453 -0.580909017318 -7.13331582412 -3.75176755887
454 -0.580941161258 -7.13331176421 -3.69757304092
455 -0.580926193767 -7.13331365247 -3.68914195038
456 -0.580945692364 -7.13331119333 -3.65776021633
457 -0.580972499614 -7.13330782302 -3.66544718833
458 -0.580964790541 -7.13330879098 -3.71845722026
459 -0.580990714289 -7.13330553999 -3.6596826155
460 -0.581007102453 -7.13330349073 -3.73726614749
461 -0.581026094828 -7.13330112156 -3.64700497837
462 -0.581042749595 -7.13329904906 -3.70586367164
463 -0.581068868088 -7.13329580842 -3.63186310703
464 -0.581083242156 -7.13329402993 -3.71708583413
465 -0.581101427057 -7.13329178498 -3.70544298986
466 -0.581102927447 -7.1332916 -3.79803432387
467 -0.581114596291 -7.13329016274 -3.58637675448
468 -0.581118699076 -7.13328965794 -3.6261772827
469 -0.581136674989 -7.13328744963 -3.71783449572
470 -0.581139491489 -7.13328710412 -3.71379967018
471 -0.581166771876 -7.1332837646 -3.71285198569
472 -0.581165689923 -7.1332838968 -3.67175098662
473 -0.581187175897 -7.13328127514 -3.68795233376
474 -0.581188816341 -7.1332810753 -3.63905092655
475 -0.581169122287 -7.13328347747 -3.79242139714
476 -0.581148029987 -7.13328605752 -3.65599113846
477 -0.58116153002 -7.13328440529 -3.6855784894
478 -0.581181238613 -7.1332819988 -3.65843163665
479 -0.581202035618 -7.13327946659 -3.67119795627
480 -0.581210008612 -7.13327849777 -3.70097962708
481 -0.581236260373 -7.13327531549 -3.70362492346
482 -0.581247059949 -7.13327400976 -3.63992122353
483 -0.5812559091 -7.13327294133 -3.7178970174
484 -0.581270335317 -7.1332712024 -3.73082739142
485 -0.581276160443 -7.13327050125 -3.63909756084
486 -0.581304708669 -7.13326707334 -3.68191464063
487 -0.581294131618 -7.13326834175 -3.73471133217
488 -0.581299266409 -7.13326772574 -3.62966005356
489 -0.581289830648 -7.13326885807 -3.7169183556
490 -0.581296080317 -7.13326810792 -3.67463495673
491 -0.581326391609 -7.13326447906 -3.69476465209
492 -0.581330701958 -7.13326396429 -3.66012512656
493 -0.581346766113 -7.13326204862 -3.61499517684
494 -0.581343128447 -7.13326248203 -3.64543339683
495 -0.581322387943 -7.13326495748 -3.70709625037
496 -0.581331290946 -7.13326389398 -3.68734681211
497 -0.581354948205 -7.13326107459 -3.69687355165
498 -0.581365278681 -7.13325984643 -3.72886340039
499 -0.581354738265 -7.13326109957 -3.72571254738
500 -0.581359358552 -7.13326055004 -3.73257444887
501 -0.581362340323 -7.13326019558 -3.66329154298
502 -0.581351678414 -7.1332614637 -3.64172552308
503 -0.581371310614 -7.13325913016 -3.64464378026
504 -0.581367733899 -7.13325955481 -3.6810059328
505 -0.581378943969 -7.1332582246 -3.7412312398
506 -0.581399002285 -7.1332558498 -3.65210019195
507 -0.581406270784 -7.13325499094 -3.71853586
508 -0.581440185346 -7.13325099541 -3.66432752772
509 -0.581469461088 -7.13324756215 -3.7663611655
510 -0.581478826557 -7.13324646692 -3.69442689289
511 -0.581481367664 -7.13324617001 -3.80289584016
512 -0.581508632274 -7.13324299126 -3.70248470295
513 -0.581523678552 -7.13324124245 -3.68238929863
514 -0.581530884697 -7.13324040626 -3.69158767516
515 -0.581542567425 -7.13323905249 -3.71458806763
516 -0.581529550667 -7.13324056099 -3.72859059684
517 -0.581518383101 -7.1332418575 -3.7091328681
518 -0.581532998604 -7.13324016113 -3.64148275858
519 -0.581534121068 -7.133240031 -3.6797735479
520 -0.58153778113 -7.13323960683 -3.65976530509
521 -0.581534324746 -7.13324000739 -3.69551902812
522 -0.581555262998 -7.13323758399 -3.67168274009
523 -0.581552415987 -7.13323791306 -3.62593157833
524 -0.58157300973 -7.13323553581 -3.73587333953
525 -0.581573687657 -7.13323545768 -3.7002861863
526 -0.58158588599 -7.13323405311 -3.61708524522
527 -0.581617866666 -7.13323038273 -3.64770319079
528 -0.581600473753 -7.13323237673 -3.68374203965
529 -0.581601194808 -7.13323229396 -3.72156542698
530 -0.581592356046 -7.13323330914 -3.76018850444
531 -0.581618596459 -7.13323029918 -3.60785533068
532 -0.5816114014 -7.13323112334 -3.73379968163
533 -0.581631800616 -7.133228789 -3.70476309011
534 -0.581629085966 -7.13322909924 -3.75596956355
535 -0.581638848195 -7.13322798417 -3.6949362809
536 -0.581656257578 -7.13322599967 -3.64359120832
537 -0.581648810958 -7.13322684788 -3.76391463249
538 -0.5816346383 -7.13322846484 -3.66059465147
539 -0.581666271187 -7.13322486055 -3.6648738803
540 -0.581677702069 -7.13322356229 -3.69845188742
541 -0.581677980976 -7.13322353064 -3.78820685507
542 -0.581699089725 -7.13322113916 -3.68075821561
543 -0.581715979777 -7.1332192311 -3.69851332179
544 -0.58171624657 -7.133219201 -3.64108548351
545 -0.581720724945 -7.13321869592 -3.70276032902
546 -0.581738335554 -7.13321671305 -3.73503854308
547 -0.581752900561 -7.13321507709 -3.721703647
548 -0.581746120623 -7.13321583817 -3.64980465502
549 -0.581747829828 -7.13321564623 -3.68146819458
550 -0.581742576209 -7.13321623636 -3.72193322387
551 -0.58176377535 -7.13321385798 -3.67684919312
552 -0.58179076994 -7.13321084045 -3.65963172668
553 -0.581809802412 -7.13320872041 -3.66062518472
554 -0.581808714122 -7.13320884147 -3.70677250429
555 -0.581812873258 -7.13320837893 -3.68190026796
556 -0.581847588083 -7.13320452971 -3.73479821731
557 -0.5818779524 -7.1332011797 -3.72966427953
558 -0.58189298788 -7.13319952668 -3.68390044876
559 -0.581926070467 -7.13319590309 -3.64555367878
560 -0.581937600703 -7.13319464454 -3.72449239597
561 -0.581951127666 -7.13319317092 -3.65826456091
562 -0.581938360047 -7.13319456173 -3.63303712496
563 -0.581949429181 -7.13319335578 -3.70260788178
564 -0.58194841721 -7.13319346595 -3.62995734529
565 -0.58193876576 -7.13319451749 -3.60179494857
566 -0.581943742723 -7.13319397505 -3.71446436159
567 -0.58193773684 -7.13319462969 -3.73061811495
568 -0.581962145662 -7.13319197293 -3.68292539238
569 -0.581991399586 -7.13318880217 -3.6368870579
570 -0.582009864249 -7.13318680832 -3.75665036153
571 -0.582032983365 -7.13318432005 -3.70863577222
572 -0.582038391413 -7.13318373931 -3.64839796595
573 -0.582037823848 -7.13318380023 -3.68862358389
574 -0.582026943745 -7.13318496921 -3.65709060945
575 -0.582051562488 -7.13318232701 -3.74400742938
576 -0.58207423345 -7.13317990296 -3.72575505452
577 -0.582071982062 -7.1331801433 -3.71929000461
578 -0.582090062107 -7.1331782157 -3.69377375201
579 -0.582091480758 -7.13317806469 -3.77802910382
580 -0.582119325506 -7.13317510758 -3.71153312594
581 -0.582133665812 -7.13317358979 -3.65311440398
582 -0.582164650673 -7.13317032225 -3.67167070615
583 -0.582152804996 -7.13317156952 -3.72028694626
584 -0.582177869128 -7.13316893326 -3.68414507775
585 -0.582179675105 -7.13316874372 -3.68634881029
586 -0.582182830865 -7.13316841264 -3.78838709292
587 -0.582166919603 -7.13317008362 -3.61942860727
588 -0.582170891545 -7.13316966609 -3.68527461727
589 -0.58217590849 -7.13316913909 -3.61525687932
590 -0.582184671409 -7.13316821963 -3.7423542973
591 -0.582188772992 -7.13316778972 -3.72692015338
592 -0.582231743792 -7.13316330283 -3.716371303
593 -0.582254929229 -7.13316089492 -3.62717809702
594 -0.582255953918 -7.13316078871 -3.71798785983
595 -0.582279305157 -7.13315837322 -3.68540120596
596 -0.582274191098 -7.13315890143 -3.69996535723
597 -0.582261502195 -7.13316021395 -3.66902964813
598 -0.582269990736 -7.13315933561 -3.68194940571
599 -0.58226132019 -7.13316023279 -3.69054211412
600 -0.582257306118 -7.13316064858 -3.70278303364
601 -0.582286643482 -7.13315761604 -3.57065903288
602 -0.582298081733 -7.13315643766 -3.62134868422
603 -0.582318122627 -7.13315437838 -3.73775251349
604 -0.582313120595 -7.13315489172 -3.66699909355
605 -0.582327910846 -7.13315337509 -3.71189167058
606 -0.582323976878 -7.13315377812 -3.69706935736
607 -0.582334849986 -7.13315266481 -3.67651067215
608 -0.582340507724 -7.1331520863 -3.70048521493
609 -0.582352435689 -7.13315086844 -3.75251967676
610 -0.582389136611 -7.13314713637 -3.73290907465
611 -0.5823916049 -7.1331468862 -3.66560251766
612 -0.582400237582 -7.13314601204 -3.69227967746
613 -0.582410191653 -7.13314500565 -3.67102739737
614 -0.582452186744 -7.13314077834 -3.70208367465
615 -0.582468216685 -7.13313917263 -3.62159849963
616 -0.582464379485 -7.1331395566 -3.68197696523
617 -0.582460850258 -7.13313990998 -3.65802365464
618 -0.582492114013 -7.13313678696 -3.72438296117
619 -0.582482511961 -7.13313774437 -3.66035134118
620 -0.582494508463 -7.13313654846 -3.61222006206
621 -0.582495594792 -7.13313644028 -3.67001790564
622 -0.582480023225 -7.13313799277 -3.6188988232
623 -0.58250581243 -7.13313542382 -3.67599790176
624 -0.582506245503 -7.13313538078 -3.63192377938
625 -0.582509440355 -7.13313506334 -3.64705802389
626 -0.58254300644 -7.1331317387 -3.65835017172
627 -0.582541587631 -7.13313187884 -3.62047237619
628 -0.582552925573 -7.13313075989 -3.64489050092
629 -0.582569650034 -7.13312911334 -3.74234891077
630 -0.582578811974 -7.13312821334 -3.77189137393
631 -0.582573349339 -7.13312874977 -3.65513610673
632 -0.582560476487 -7.1331300159 -3.67927528337
633 -0.582554728237 -7.13313058219 -3.65441610439
634 -0.582564237806 -7.13312964566 -3.68982374155
635 -0.582580606657 -7.13312803721 -3.72511112703
636 -0.582569323449 -7.13312914544 -3.69199679903
637 -0.582582633179 -7.13312783839 -3.67280408009
638 -0.582598778948 -7.13312625688 -3.70203019478
639 -0.582580337454 -7.13312806363 -3.73326185176
640 -0.582589844741 -7.13312713146 -3.66025841136
641 -0.582605151194 -7.13312563392 -3.66917940592
642 -0.582627089832 -7.13312349445 -3.67626861906
643 -0.582626448986 -7.13312355683 -3.67891765674
644 -0.582613643416 -7.13312480478 -3.70277301873
645 -0.582606816848 -7.1331254712 -3.62727588441
646 -0.582621208802 -7.13312406717 -3.70120710918
647 -0.582603938192 -7.13312575245 -3.65006758483
648 -0.582635020133 -7.13312272309 -3.74219929425
649 -0.582638357994 -7.13312239874 -3.73466178028
650 -0.582642514194 -7.13312199514 -3.7351872955
651 -0.582636814349 -7.13312254872 -3.70857496417
652 -0.582649849781 -7.13312128351 -3.71863614491
653 -0.582663131203 -7.1331199974 -3.71523778594
654 -0.582689451347 -7.13311745754 -3.62711445094
655 -0.582703082009 -7.13311614681 -3.66434770388
656 -0.582699962217 -7.13311644653 -3.69265824285
657 -0.582696765804 -7.13311675379 -3.7343650901
658 -0.582697828291 -7.13311665164 -3.60746026033
659 -0.582721370136 -7.13311439318 -3.66292427455
660 -0.582725050836 -7.13311404093 -3.72009639104
661 -0.582748204469 -7.13311183035 -3.70116433934
662 -0.582722154153 -7.13311431813 -3.64526673732
663 -0.582723130306 -7.1331142247 -3.67607750749
664 -0.582722033571 -7.13311432967 -3.59349864532
665 -0.582716830132 -7.13311482799 -3.69269430907
666 -0.582726405029 -7.13311391139 -3.77167896525
667 -0.58272305814 -7.13311423161 -3.65493063098
668 -0.582733512162 -7.13311323203 -3.69088242786
669 -0.582740034632 -7.13311260932 -3.63937598631
670 -0.582742728681 -7.13311235232 -3.70644039445
671 -0.582749681395 -7.13311168965 -3.74904312766
672 -0.582733130721 -7.13311326847 -3.64825002639
673 -0.582758296139 -7.13311086969 -3.65939962795
674 -0.582775718342 -7.1331092153 -3.58735976223
675 -0.582786880537 -7.13310815806 -3.63680011309
676 -0.58279559042 -7.13310733456 -3.67949534159
677 -0.58281624272 -7.13310538708 -3.6220684337
678 -0.582811669573 -7.1331058177 -3.68256758947
679 -0.582801949042 -7.13310673418 -3.71884537637
680 -0.582826861269 -7.13310438858 -3.62753008117
681 -0.582827121807 -7.13310436411 -3.67466000298
682 -0.582848869244 -7.1331023252 -3.74626681992
683 -0.582876303576 -7.13309976457 -3.63192103032
684 -0.582849837784 -7.13310223458 -3.67333633803
685 -0.582843723953 -7.13310280686 -3.76432195494
686 -0.582829171912 -7.13310417156 -3.67476645145
687 -0.582841899876 -7.13310297773 -3.65036260345
688 -0.582841715026 -7.13310299505 -3.6769694554
689 -0.582825228091 -7.13310454203 -3.7084895426
690 -0.582832176997 -7.13310388945 -3.65208688995
691 -0.582837484169 -7.13310339159 -3.59142406998
692 -0.582834057739 -7.13310371296 -3.66622803665
693 -0.582873630407 -7.13310001351 -3.63213946462
694 -0.58292884044 -7.1330948966 -3.75081828815
695 -0.582920508209 -7.13309566552 -3.63431175393
696 -0.582932494783 -7.13309455974 -3.7115493783
697 -0.582952522998 -7.13309271753 -3.69341139064
698 -0.582951609805 -7.13309280138 -3.68529674256
699 -0.582972046872 -7.13309092827 -3.65757585713
700 -0.582953465817 -7.13309263098 -3.71885655236
701 -0.582954731991 -7.13309251476 -3.7323600652
702 -0.582970684942 -7.13309105287 -3.68023347536
703 -0.582993108573 -7.13308900532 -3.72365212016
704 -0.583014531854 -7.13308705708 -3.69666223997
705 -0.583011204447 -7.13308735916 -3.65767588709
706 -0.583018066123 -7.13308673642 -3.63972233516
707 -0.58302463526 -7.13308614098 -3.66783516475
708 -0.583006603454 -7.13308777718 -3.70776223701
709 -0.583031254473 -7.13308554173 -3.68367430669
710 -0.58302806974 -7.13308582996 -3.71927858097
711 -0.583055190421 -7.13308338099 -3.64548791744
712 -0.583056721711 -7.13308324309 -3.65993787342
713 -0.583060635528 -7.1330828908 -3.76558317966
714 -0.58307119534 -7.13308194161 -3.70365794726
715 -0.583072135232 -7.13308185722 -3.63792921933
716 -0.583075339991 -7.13308156958 -3.79715481565
717 -0.58307584864 -7.13308152394 -3.70320745217
718 -0.583080483339 -7.13308110831 -3.73972688924
719 -0.583120016375 -7.13307757782 -3.66524209521
720 -0.583111481671 -7.13307833777 -3.70803896219
721 -0.583111923722 -7.13307829838 -3.6424513576
722 -0.583107466208 -7.13307869574 -3.66234617888
723 -0.583128593537 -7.13307681534 -3.66704444324
724 -0.583142142322 -7.13307561344 -3.71674691062
725 -0.583161360253 -7.13307391397 -3.72714211013
726 -0.583177458614 -7.1330724952 -3.73750592455
727 -0.583132746904 -7.13307644657 -3.70456497996
728 -0.583131504067 -7.13307655689 -3.69202855543
729 -0.583138146193 -7.13307596761 -3.73925905324
730 -0.583126745239 -7.13307697954 -3.67233426631
731 -0.58316680178 -7.13307343391 -3.73399102721
732 -0.583167600907 -7.13307336345 -3.74600117186
733 -0.58317911111 -7.13307234981 -3.70954995384
734 -0.583174196699 -7.13307278232 -3.65578573109
735 -0.583178514002 -7.13307240234 -3.65872162904
736 -0.583190295199 -7.13307136703 -3.69927683704
737 -0.583202078291 -7.13307033392 -3.70030012227
738 -0.583205363952 -7.13307004626 -3.68960097913
739 -0.583219327763 -7.13306882577 -3.6876347761
740 -0.58321257656 -7.13306941544 -3.63613992358
741 -0.583202639696 -7.13307028475 -3.72165874665
742 -0.583189410202 -7.13307144472 -3.6139250701
743 -0.583190221767 -7.13307137348 -3.71653292106
744 -0.583197079303 -7.13307077193 -3.70572411344
745 -0.583198399455 -7.13307065622 -3.73637036889
746 -0.583206033269 -7.13306998768 -3.64482833596
747 -0.583208468802 -7.1330697746 -3.73656650514
748 -0.583251956861 -7.13306598675 -3.65952823661
749 -0.583247723635 -7.13306635406 -3.70535472048
750 -0.583252726745 -7.13306591998 -3.67306506677
751 -0.58323821021 -7.13306718063 -3.67053663348
752 -0.583245346823 -7.13306656042 -3.68616486789
753 -0.583263209198 -7.13306501188 -3.73791818701
754 -0.58325980428 -7.13306530665 -3.65168072077
755 -0.583258943117 -7.13306538123 -3.69745941621
756 -0.583259562822 -7.13306532756 -3.62006285862
757 -0.583259017012 -7.13306537483 -3.68417905789
758 -0.583272191694 -7.13306423521 -3.72139299714
759 -0.583271666368 -7.13306428059 -3.69725953889
760 -0.583276924383 -7.13306382654 -3.72914319015
761 -0.583263236831 -7.13306500949 -3.65456289409
762 -0.58327997364 -7.13306356344 -3.70787499674
763 -0.583322093131 -7.13305994536 -3.71140541621
764 -0.583335918686 -7.1330587643 -3.71859405043
765 -0.583344151362 -7.13305806255 -3.74383342556
766 -0.583341654197 -7.13305827529 -3.57857270373
767 -0.583337899033 -7.13305859539 -3.75000205653
768 -0.583324414241 -7.13305974685 -3.6130618768
769 -0.583315889851 -7.13306047634 -3.70666626084
770 -0.583318759405 -7.13306023064 -3.71407774696
771 -0.583318747535 -7.13306023165 -3.73920798833
772 -0.583303818695 -7.13306151145 -3.69851513303
773 -0.583323489508 -7.13305982593 -3.67917293615
774 -0.583315100887 -7.13306054392 -3.68811959746
775 -0.583348017625 -7.13305773339 -3.74764957954
776 -0.583371321962 -7.1330557547 -3.68033299877
777 -0.583383144289 -7.13305475443 -3.69655201324
778 -0.583362109077 -7.13305653584 -3.74797927189
779 -0.583384299276 -7.13305465683 -3.71084343606
780 -0.583396768089 -7.13305360467 -3.6319959601
781 -0.583402704555 -7.13305310466 -3.78593566964
782 -0.583410910151 -7.13305241451 -3.65331814692
783 -0.583419712864 -7.1330516754 -3.6431358538
784 -0.583436851786 -7.13305024012 -3.68229763059
785 -0.583449020419 -7.1330492241 -3.66360850324
786 -0.583456589157 -7.13304859341 -3.69382104217
787 -0.583467091586 -7.13304771987 -3.66093621729
788 -0.583476870966 -7.13304690815 -3.64491684326
789 -0.583485722429 -7.13304617484 -3.67588112008
790 -0.583494051192 -7.13304548605 -3.69520854878
791 -0.583460098561 -7.1330483013 -3.6199432198
792 -0.583443638821 -7.13304967313 -3.66721559989
793 -0.583462881743 -7.1330480698 -3.72056457013
794 -0.583453061859 -7.13304888721 -3.69784076902
795 -0.583453318221 -7.13304886585 -3.68945420987
796 -0.58346398008 -7.13304797847 -3.69442902985
797 -0.583508725799 -7.13304427532 -3.619386018
798 -0.583506806948 -7.13304443343 -3.69736763154
799 -0.583517376794 -7.13304356328 -3.65232763982
800 -0.583518427722 -7.13304347687 -3.66017935476
801 -0.583535091678 -7.13304210917 -3.59861032737
802 -0.583574189302 -7.13303891869 -3.69198527807
803 -0.5835828812 -7.13303821292 -3.66075007577
804 -0.583588350464 -7.13303776948 -3.69662597211
805 -0.583587628983 -7.13303782795 -3.681859166
806 -0.583602515752 -7.13303662334 -3.64094147302
807 -0.583603189193 -7.13303656893 -3.70811375119
808 -0.583603050554 -7.13303658013 -3.71513235168
809 -0.583590916029 -7.13303756164 -3.71383642162
810 -0.583571689744 -7.13303912188 -3.66124485804
811 -0.583579057866 -7.13303852321 -3.78783583182
812 -0.583604616325 -7.13303645367 -3.70087511288
813 -0.58358974345 -7.13303765662 -3.72627863995
814 -0.583587878834 -7.1330378077 -3.66201228024
815 -0.58360944472 -7.13303606394 -3.74617121676
816 -0.583627208827 -7.1330346335 -3.63927755245
817 -0.583634219936 -7.1330340704 -3.64167661637
818 -0.58362789984 -7.13303457796 -3.70217319629
819 -0.583633218338 -7.1330341508 -3.67038686155
820 -0.583638430323 -7.13303373265 -3.69355480197
821 -0.583655283887 -7.13303238367 -3.59968019224
822 -0.583671378298 -7.13303109995 -3.6563150976
823 -0.583685408184 -7.13302998447 -3.66932463825
824 -0.583674701865 -7.1330308354 -3.70303861335
825 -0.583668171192 -7.1330313554 -3.65821804529
826 -0.583690787596 -7.13302955765 -3.71129032963
827 -0.583695734198 -7.13302916561 -3.66735010517
828 -0.583708517822 -7.13302815436 -3.62133248181
829 -0.583739093715 -7.13302574687 -3.71307551604
830 -0.583756641145 -7.13302437237 -3.68743963101
831 -0.583765681537 -7.13302366626 -3.60449298254
832 -0.583758628974 -7.13302421699 -3.65686890182
833 -0.583784068912 -7.13302223437 -3.68992736304
834 -0.583785310275 -7.13302213791 -3.66330455756
835 -0.583788626218 -7.13302188036 -3.6170449596
836 -0.583792136207 -7.13302160795 -3.67909983713
837 -0.58381196973 -7.13302007257 -3.73277392815
838 -0.583851370258 -7.13301704219 -3.61169417335
839 -0.583841032601 -7.13301783474 -3.66053184242
840 -0.583853391405 -7.13301688745 -3.68006560359
841 -0.583858985929 -7.13301645948 -3.71979025494
842 -0.583874195726 -7.13301529865 -3.65933866228
843 -0.583861687664 -7.133016253 -3.67011008661
844 -0.583883430715 -7.13301459574 -3.68818428473
845 -0.583900463537 -7.13301330309 -3.66758861685
846 -0.583921866221 -7.13301168576 -3.72866691767
847 -0.583921393855 -7.13301172137 -3.58689239935
848 -0.583917084503 -7.13301204642 -3.71431114928
849 -0.583928337625 -7.13301119826 -3.68394121094
850 -0.583908972146 -7.13301265919 -3.65690658325
851 -0.583933983245 -7.13301077355 -3.65578516336
852 -0.583925008033 -7.13301144899 -3.67114504665
853 -0.583942761639 -7.13301011424 -3.72475167588
854 -0.583947056316 -7.13300979215 -3.71572388168
855 -0.583965994312 -7.13300837561 -3.70634364492
856 -0.583990571311 -7.13300654632 -3.64619888847
857 -0.58397999338 -7.13300733239 -3.68019125049
858 -0.584000111413 -7.13300583899 -3.60901552696
859 -0.584023698707 -7.13300409678 -3.78706608382
860 -0.584033921065 -7.13300334466 -3.71062930709
861 -0.584050739886 -7.13300211105 -3.72940240513
862 -0.584072335261 -7.1330005341 -3.71978256429
863 -0.584083128166 -7.13299974893 -3.67843416036
864 -0.584127948771 -7.13299650938 -3.68348020103
865 -0.584117955015 -7.13299722876 -3.73592048207
866 -0.584134905219 -7.13299600962 -3.68705008824
867 -0.584137470966 -7.13299582551 -3.66181664498
868 -0.584139060028 -7.13299571153 -3.61526540578
869 -0.58411124587 -7.13299771266 -3.70655597083
870 -0.584143734552 -7.1329953765 -3.69677320117
871 -0.584145673702 -7.13299523763 -3.73662954029
872 -0.584154093569 -7.13299463537 -3.65304153822
873 -0.584150448603 -7.13299489594 -3.71855392323
874 -0.584153376943 -7.13299468658 -3.60817287357
875 -0.584146495631 -7.13299517878 -3.68308013263
876 -0.584162820609 -7.1329940124 -3.72262979507
877 -0.584159162896 -7.13299427335 -3.68318915544
878 -0.584158539884 -7.13299431781 -3.7403643011
879 -0.584167189586 -7.13299370102 -3.6461653315
880 -0.584176778397 -7.13299301873 -3.72657802162
881 -0.584197937966 -7.13299151863 -3.72672718346
882 -0.584197616087 -7.1329915414 -3.72641170559
883 -0.584216822962 -7.13299018619 -3.67785125013
884 -0.584226198372 -7.13298952693 -3.7086151761
885 -0.584246687406 -7.13298809138 -3.66664742272
886 -0.584259445496 -7.13298720108 -3.70855914522
887 -0.584286671634 -7.13298531035 -3.72754149908
888 -0.584285934633 -7.13298536136 -3.69783869899
889 -0.584287162507 -7.13298527637 -3.65385021934
890 -0.584267205153 -7.13298666093 -3.72078123575
891 -0.584287952928 -7.13298522168 -3.6997820332
892 -0.584262919645 -7.13298695912 -3.68362960221
893 -0.584275022941 -7.13298611776 -3.65593379572
894 -0.584270265676 -7.13298644817 -3.69619898505
895 -0.584264564249 -7.13298684465 -3.62172266365
896 -0.58426743181 -7.13298664517 -3.69765012573
897 -0.584272717201 -7.13298627785 -3.67379133008
898 -0.584279217508 -7.13298582676 -3.66594928695
899 -0.584296221261 -7.13298465014 -3.71991670045
900 -0.584324936788 -7.13298267419 -3.71545214453
901 -0.584327096271 -7.13298252616 -3.71799868303
902 -0.584317952307 -7.13298315352 -3.68765979257
903 -0.584327420796 -7.13298250392 -3.60778337532
904 -0.584330301777 -7.13298230657 -3.70062138081
905 -0.58432172535 -7.13298289448 -3.6911108628
906 -0.584336213362 -7.13298190205 -3.66371111771
907 -0.584345148341 -7.13298129177 -3.63397520987
908 -0.584338754045 -7.13298172838 -3.6918474058
909 -0.584350846395 -7.13298090328 -3.64224468716
910 -0.584349373565 -7.13298100365 -3.72031622751
911 -0.584356771665 -7.13298049989 -3.61099942561
912 -0.584351533939 -7.13298085645 -3.62718734444
913 -0.584342125973 -7.13298149805 -3.66292008272
914 -0.58435484257 -7.13298063116 -3.66808356959
915 -0.584345652575 -7.13298125737 -3.68295090135
916 -0.584381944436 -7.13297879273 -3.68187772403
917 -0.584376461235 -7.13297916368 -3.73768131082
918 -0.584372956949 -7.13297940101 -3.69370888789
919 -0.584396444596 -7.13297781423 -3.66645166181
920 -0.584415715953 -7.13297651925 -3.69386928272
921 -0.584420364319 -7.13297620784 -3.66638906707
922 -0.584439317448 -7.13297494186 -3.71030794388
923 -0.58443207527 -7.13297542488 -3.6196087179
924 -0.584434203118 -7.13297528287 -3.61823946069
925 -0.584416457167 -7.13297646957 -3.64457863035
926 -0.584407746078 -7.13297705404 -3.64414669053
927 -0.584389451433 -7.1329782857 -3.64764691297
928 -0.584385920255 -7.13297852408 -3.69725060145
929 -0.58436952114 -7.13297963391 -3.70982935025
930 -0.584378087251 -7.13297905362 -3.63977895042
931 -0.584392103181 -7.13297810683 -3.64398018613
932 -0.584401938627 -7.13297744441 -3.63552032397
933 -0.58440407115 -7.132977301 -3.65244557944
934 -0.584407330546 -7.13297708196 -3.66069217277
935 -0.584398777507 -7.13297765713 -3.71524136509
936 -0.584437829631 -7.13297504102 -3.68655239822
937 -0.584450928757 -7.13297416927 -3.67448659682
938 -0.58445549759 -7.1329738659 -3.74869153172
939 -0.584489954529 -7.13297158931 -3.64054494961
940 -0.584493777377 -7.13297133797 -3.66343602079
941 -0.584512673669 -7.13297009921 -3.63211637403
942 -0.584526546653 -7.13296919361 -3.6576973898
943 -0.584539580308 -7.13296834575 -3.66454709991
944 -0.584553102524 -7.13296746915 -3.70376179584
945 -0.584553256995 -7.13296745915 -3.70971776357
946 -0.584571912926 -7.13296625487 -3.65088897624
947 -0.584554812093 -7.13296735854 -3.72126089734
948 -0.584561743847 -7.13296691058 -3.6886571638
949 -0.584575962005 -7.13296599426 -3.67596638319
950 -0.584603657096 -7.13296421921 -3.65570157363
951 -0.584610491569 -7.13296378317 -3.64113081372
952 -0.584622384639 -7.13296302626 -3.71931043626
953 -0.584625661039 -7.13296281816 -3.64054845324
954 -0.58464583607 -7.13296154074 -3.70832379057
955 -0.584665142822 -7.13296032474 -3.67358479423
956 -0.58469182219 -7.13295865475 -3.6375682315
957 -0.584678629173 -7.13295947906 -3.64320626373
958 -0.584688239925 -7.13295887828 -3.65646043969
959 -0.584689321631 -7.13295881076 -3.73302498837
960 -0.584680061555 -7.13295938943 -3.72672063767
961 -0.584694531845 -7.13295848581 -3.66779436203
962 -0.584701206143 -7.13295807022 -3.67678026114
963 -0.584715534582 -7.13295718057 -3.64368838735
964 -0.58472446555 -7.13295662779 -3.68496410581
965 -0.584744681653 -7.13295538152 -3.69376238892
966 -0.584759944557 -7.13295444517 -3.6129933694
967 -0.584756762779 -7.13295464004 -3.7516590477
968 -0.584771808032 -7.13295372008 -3.69485709419
969 -0.58475378868 -7.13295482234 -3.65834266299
970 -0.584769079798 -7.13295388662 -3.72424897177
971 -0.584754723315 -7.13295476504 -3.64991360826
972 -0.584740705641 -7.13295562608 -3.70919080514
973 -0.584759034241 -7.1329545009 -3.6811167268
974 -0.584756901535 -7.13295463154 -3.64844276533
975 -0.584755503295 -7.13295471722 -3.67195235765
976 -0.58476378634 -7.1329542101 -3.56617385067
977 -0.584784185057 -7.13295296614 -3.65335592087
978 -0.584792903531 -7.13295243661 -3.68863649655
979 -0.58480133293 -7.13295192586 -3.66520555385
980 -0.584808891575 -7.13295146889 -3.80440306363
981 -0.584822262454 -7.13295066289 -3.68135059388
982 -0.584856863443 -7.13294859115 -3.66675588754
983 -0.584861401001 -7.13294832096 -3.65146661448
984 -0.584865720532 -7.13294806408 -3.6565312817
985 -0.584884742 -7.13294693662 -3.67093827824
986 -0.584888104787 -7.13294673793 -3.71611012122
987 -0.584875497167 -7.13294748383 -3.64239649682
988 -0.584883632646 -7.13294700221 -3.75283960725
989 -0.584894247753 -7.13294637547 -3.69467072163
990 -0.584911508181 -7.13294536045 -3.68270824779
991 -0.584885555297 -7.13294688855 -3.70601593281
992 -0.584888655258 -7.13294670542 -3.64453634826
993 -0.584893043961 -7.13294644645 -3.5810922338
994 -0.584887846112 -7.13294675321 -3.70801740637
995 -0.584903415137 -7.13294583574 -3.77706548223
996 -0.584895095622 -7.13294632549 -3.66930512281
997 -0.584858849483 -7.13294847285 -3.61534179249
998 -0.584896306069 -7.13294625417 -3.73824394743
999 -0.584890342883 -7.1329466058 -3.71603410855
1000 -0.584895333957 -7.13294631145 -3.68195191925
