10000 1e-06 1.0 gpomdp 1000000

1 -0.575853 -13.20910981 -9.54345743533
2 -0.575853484945 -13.2091096266 -9.60653010576
3 -0.575854065149 -13.2091094072 -9.54470187482
4 -0.575854579163 -13.2091092129 -9.60921575209
5 -0.575855152934 -13.209108996 -9.55386510343
6 -0.575855697686 -13.2091087901 -9.5822854713
7 -0.575856198348 -13.2091086008 -9.57585229433
8 -0.575856711276 -13.2091084069 -9.56739778331
9 -0.575857308813 -13.2091081811 -9.57808673704
10 -0.575857852896 -13.2091079754 -9.57500572813
11 -0.575858434159 -13.2091077557 -9.55825937372
12 -0.575858945498 -13.2091075625 -9.55587038269
13 -0.575859481287 -13.20910736 -9.57811521022
14 -0.575860031479 -13.2091071521 -9.59353480558
15 -0.575860532576 -13.2091069627 -9.59683843121
16 -0.575860999543 -13.2091067863 -9.58518335319
17 -0.575861531346 -13.2091065853 -9.60922155885
18 -0.575862071271 -13.2091063813 -9.60101005776
19 -0.575862605244 -13.2091061796 -9.59710941437
20 -0.57586320899 -13.2091059515 -9.59031521479
21 -0.575863792439 -13.2091057311 -9.59794533295
22 -0.575864365242 -13.2091055147 -9.59990809737
23 -0.575864882929 -13.2091053192 -9.59714402131
24 -0.575865454703 -13.2091051032 -9.57764503465
25 -0.575865945729 -13.2091049177 -9.54477101258
26 -0.575866501322 -13.2091047079 -9.57181522685
27 -0.575866963566 -13.2091045333 -9.60951890089
28 -0.575867463299 -13.2091043445 -9.56698720438
29 -0.575868111672 -13.2091040997 -9.57922971058
30 -0.575868677123 -13.2091038862 -9.57347696913
31 -0.575869248448 -13.2091036704 -9.58950512554
32 -0.57586979007 -13.2091034659 -9.56622304068
33 -0.575870347086 -13.2091032556 -9.58327174378
34 -0.575870925618 -13.2091030372 -9.5803999229
35 -0.575871438984 -13.2091028433 -9.61176022255
36 -0.575871964692 -13.2091026449 -9.59488670961
37 -0.575872552383 -13.209102423 -9.60266091233
38 -0.575873088411 -13.2091022207 -9.5713424463
39 -0.575873618287 -13.2091020206 -9.52813332656
40 -0.575874219913 -13.2091017935 -9.5513449747
41 -0.575874830284 -13.2091015632 -9.56971095823
42 -0.575875348435 -13.2091013676 -9.60433465745
43 -0.575875897775 -13.2091011603 -9.57192630716
44 -0.575876456618 -13.2091009494 -9.5441338616
45 -0.575877040136 -13.2091007292 -9.54753683714
46 -0.57587769063 -13.2091004837 -9.60164312407
47 -0.575878217915 -13.2091002847 -9.62504911932
48 -0.575878833611 -13.2091000524 -9.60103904196
49 -0.57587935669 -13.2090998551 -9.52516348667
50 -0.575879919865 -13.2090996426 -9.57351435784
51 -0.57588051483 -13.2090994181 -9.60449922917
52 -0.575881055802 -13.209099214 -9.60934137162
53 -0.575881560794 -13.2090990235 -9.53005143073
54 -0.575882136145 -13.2090988065 -9.54383472392
55 -0.575882659261 -13.2090986092 -9.61996803033
56 -0.575883260787 -13.2090983823 -9.57266417858
57 -0.575883783474 -13.2090981852 -9.60489396341
58 -0.575884398738 -13.2090979531 -9.60520474383
59 -0.575885002207 -13.2090977255 -9.5619452108
60 -0.57588558781 -13.2090975047 -9.52964735111
61 -0.575886151095 -13.2090972923 -9.5888573974
62 -0.57588672486 -13.2090970759 -9.57061871832
63 -0.575887315885 -13.2090968531 -9.60011718806
64 -0.575887822006 -13.2090966622 -9.5889568981
65 -0.575888399549 -13.2090964445 -9.58710257954
66 -0.57588899183 -13.2090962212 -9.61371056058
67 -0.575889508695 -13.2090960263 -9.59057141577
68 -0.575890010761 -13.2090958371 -9.6050958023
69 -0.575890531084 -13.2090956409 -9.59832959641
70 -0.575891134955 -13.2090954133 -9.58631243221
71 -0.575891728183 -13.2090951897 -9.54674028114
72 -0.575892217119 -13.2090950054 -9.59319821438
73 -0.575892776632 -13.2090947946 -9.59145225152
74 -0.575893380106 -13.2090945671 -9.60001131125
75 -0.575893966233 -13.2090943462 -9.5854681175
76 -0.575894540065 -13.20909413 -9.58232055969
77 -0.575895148602 -13.2090939007 -9.58716949315
78 -0.575895757283 -13.2090936713 -9.58790516268
79 -0.575896415083 -13.2090934235 -9.57119809469
80 -0.575897034904 -13.20909319 -9.54978907018
81 -0.575897631051 -13.2090929654 -9.55915899498
82 -0.57589807922 -13.2090927965 -9.62111931295
83 -0.575898683051 -13.2090925691 -9.58239921125
84 -0.575899280301 -13.2090923441 -9.57358048347
85 -0.57589985075 -13.2090921292 -9.55235225923
86 -0.575900473689 -13.2090918946 -9.5877088358
87 -0.575901006875 -13.2090916937 -9.57444578074
88 -0.57590155267 -13.2090914882 -9.58537541889
89 -0.575902072942 -13.2090912923 -9.55946528377
90 -0.575902648783 -13.2090910754 -9.58419842633
91 -0.575903198683 -13.2090908683 -9.55770784228
92 -0.575903845528 -13.2090906247 -9.61708487165
93 -0.575904404494 -13.2090904143 -9.59020981229
94 -0.575904882129 -13.2090902344 -9.595015349
95 -0.575905414438 -13.209090034 -9.59700243902
96 -0.575905974456 -13.2090898232 -9.54518011967
97 -0.575906593749 -13.20908959 -9.56003079036
98 -0.575907167849 -13.2090893739 -9.60146670249
99 -0.575907750432 -13.2090891546 -9.56199251175
100 -0.575908357888 -13.209088926 -9.58017739688
