1000 1e-06 1.0 gpomdp 1000000

1 -0.575853 -13.20910981 -9.53054892226
2 -0.575853633849 -13.2091095703 -9.59485146214
3 -0.575854290481 -13.209109322 -9.4374438868
4 -0.575855255633 -13.2091089572 -9.5612516434
5 -0.575855809345 -13.2091087479 -9.4500842124
6 -0.575856412892 -13.2091085197 -9.66849115077
7 -0.57585696967 -13.2091083093 -9.45503980527
8 -0.575857252735 -13.2091082023 -9.61856168307
9 -0.575857861618 -13.2091079721 -9.54128014623
10 -0.575858512472 -13.2091077261 -9.57849811762
11 -0.575859178597 -13.2091074744 -9.52752484875
12 -0.575859517327 -13.2091073464 -9.52695542277
13 -0.575860028152 -13.2091071533 -9.52549922837
14 -0.575860540561 -13.2091069597 -9.60749877341
15 -0.575861142398 -13.2091067323 -9.63695763056
16 -0.575861525997 -13.2091065874 -9.52781340083
17 -0.575862214028 -13.2091063274 -9.60751096081
18 -0.575862730048 -13.2091061324 -9.64726908006
19 -0.575863309897 -13.2091059134 -9.62487839227
20 -0.575863955432 -13.2091056695 -9.48891622171
21 -0.575864457596 -13.2091054798 -9.46787874369
22 -0.575864837746 -13.2091053362 -9.58408794858
23 -0.575865373182 -13.209105134 -9.48857146782
24 -0.57586592821 -13.2091049243 -9.590517741
25 -0.575866389804 -13.20910475 -9.58617756508
26 -0.575867098653 -13.2091044823 -9.52997284786
27 -0.57586760424 -13.2091042913 -9.67036917861
28 -0.575867996913 -13.209104143 -9.66151725245
29 -0.575868707062 -13.2091038749 -9.6001157587
30 -0.575869190145 -13.2091036924 -9.60526654139
31 -0.575869795394 -13.2091034639 -9.48893461905
32 -0.575870321378 -13.2091032653 -9.72843780691
33 -0.575870800999 -13.2091030842 -9.54109503895
34 -0.575871157451 -13.2091029496 -9.618965141
35 -0.575871567264 -13.2091027949 -9.54533631581
36 -0.575872244304 -13.2091025393 -9.54636180837
37 -0.575873031066 -13.2091022423 -9.64979583383
38 -0.575873352419 -13.209102121 -9.73986119339
39 -0.57587407225 -13.2091018493 -9.50074413175
40 -0.57587484374 -13.2091015581 -9.74773218383
41 -0.575875400972 -13.2091013478 -9.57041282847
42 -0.575876066754 -13.2091010965 -9.64062238195
43 -0.575876781514 -13.2091008268 -9.71492525553
44 -0.575877117376 -13.2091007 -9.54723563231
45 -0.575877745867 -13.2091004629 -9.60532889557
46 -0.575878620382 -13.2091001329 -9.51327354167
47 -0.575879045587 -13.2090999724 -9.56838112333
48 -0.575879433533 -13.2090998261 -9.56189583543
49 -0.575879938917 -13.2090996354 -9.44052605346
50 -0.575880461287 -13.2090994383 -9.55054344918
51 -0.575880788326 -13.2090993149 -9.48400731647
52 -0.575881441732 -13.2090990685 -9.5227273813
53 -0.575881772021 -13.2090989439 -9.54105484152
54 -0.575882429267 -13.2090986959 -9.55515460186
55 -0.575883110012 -13.2090984392 -9.6735908549
56 -0.575883741493 -13.209098201 -9.60553811699
57 -0.575884324299 -13.2090979812 -9.64263385161
58 -0.57588488512 -13.2090977697 -9.53907400078
59 -0.575885560003 -13.2090975152 -9.57346161524
60 -0.575886038584 -13.2090973347 -9.49782334023
61 -0.575886562553 -13.2090971371 -9.68806696544
62 -0.575887230704 -13.2090968852 -9.47252950503
63 -0.575887738166 -13.2090966939 -9.58824904425
64 -0.575888243242 -13.2090965034 -9.41473082859
65 -0.57588909596 -13.2090961819 -9.7103898551
66 -0.575889565957 -13.2090960048 -9.60172948422
67 -0.575890360359 -13.2090957053 -9.4445712993
68 -0.575890815877 -13.2090955336 -9.49525075539
69 -0.575891578968 -13.209095246 -9.58012001063
70 -0.575892456842 -13.2090949151 -9.58674396199
71 -0.575892955214 -13.2090947272 -9.72597214314
72 -0.575893649144 -13.2090944657 -9.5585155822
73 -0.575894242285 -13.2090942422 -9.53422233334
74 -0.575894640046 -13.2090940923 -9.56258837958
75 -0.575895404118 -13.2090938044 -9.62623825367
76 -0.575896060863 -13.2090935569 -9.60896507981
77 -0.575896741732 -13.2090933004 -9.43366898951
78 -0.575897216429 -13.2090931216 -9.62629746421
79 -0.575897713421 -13.2090929343 -9.56124239092
80 -0.575898267413 -13.2090927256 -9.43139949369
81 -0.575898735285 -13.2090925494 -9.53471068754
82 -0.575899311195 -13.2090923324 -9.55959436972
83 -0.57589996965 -13.2090920844 -9.4838070705
84 -0.575900506445 -13.2090918822 -9.55556690483
85 -0.575900977139 -13.2090917049 -9.59947088086
86 -0.575901203399 -13.2090916197 -9.4882270363
87 -0.575901712336 -13.2090914281 -9.73628357863
88 -0.575902204607 -13.2090912427 -9.55157424163
89 -0.575902908662 -13.2090909775 -9.5054940931
90 -0.575903621099 -13.2090907093 -9.56596347722
91 -0.575904176937 -13.2090905 -9.66888355645
92 -0.575904658424 -13.2090903187 -9.6173276544
93 -0.575904945561 -13.2090902106 -9.53788624874
94 -0.57590576125 -13.2090899034 -9.42510569799
95 -0.575906426422 -13.209089653 -9.5212971087
96 -0.575906999209 -13.2090894374 -9.64876873481
97 -0.575907841892 -13.2090891202 -9.68246571427
98 -0.575908576286 -13.2090888437 -9.76567004208
99 -0.575908848115 -13.2090887414 -9.60775408886
100 -0.575909460541 -13.2090885109 -9.74920318363
101 -0.575909690116 -13.2090884245 -9.63753488876
102 -0.57591022319 -13.2090882239 -9.69904154309
103 -0.575910896506 -13.2090879705 -9.50678239394
104 -0.575911735415 -13.2090876548 -9.5527108734
105 -0.575912203421 -13.2090874787 -9.66988955326
106 -0.575912516531 -13.2090873609 -9.47018566099
107 -0.575913099694 -13.2090871415 -9.64371825805
108 -0.575913937996 -13.209086826 -9.55111940031
109 -0.575914651226 -13.2090865577 -9.54423903034
110 -0.575915255522 -13.2090863304 -9.66084344425
111 -0.575915906025 -13.2090860857 -9.48679408206
112 -0.575916442049 -13.209085884 -9.629384752
113 -0.575916883115 -13.2090857181 -9.49672021611
114 -0.575917674359 -13.2090854205 -9.4877158576
115 -0.575918235759 -13.2090852094 -9.49071689451
116 -0.575918680831 -13.209085042 -9.75013159278
117 -0.575919108925 -13.209084881 -9.57923925179
118 -0.575919759806 -13.2090846362 -9.60224106473
119 -0.575920206629 -13.2090844682 -9.47721638501
120 -0.575920676887 -13.2090842913 -9.65319979997
121 -0.575921057915 -13.2090841481 -9.58509762136
122 -0.575921530567 -13.2090839703 -9.52884987062
123 -0.575922132328 -13.2090837441 -9.62842990365
124 -0.575922410141 -13.2090836396 -9.68852444471
125 -0.575923072497 -13.2090833906 -9.54528488974
126 -0.575923733829 -13.209083142 -9.61973740558
127 -0.575924336252 -13.2090829155 -9.51702578735
128 -0.575925018887 -13.2090826589 -9.53829619292
129 -0.575925660111 -13.2090824179 -9.64243777054
130 -0.575925966867 -13.2090823026 -9.64917976348
131 -0.575926330496 -13.2090821659 -9.71868893079
132 -0.575926784638 -13.2090819952 -9.67779087967
133 -0.575927265867 -13.2090818144 -9.5357703286
134 -0.57592776146 -13.2090816281 -9.63486660941
135 -0.575928249413 -13.2090814447 -9.68248551954
136 -0.575928793435 -13.2090812403 -9.71423709078
137 -0.575929711573 -13.2090808953 -9.6907737379
138 -0.575929953859 -13.2090808042 -9.54677750421
139 -0.575930537888 -13.2090805848 -9.46679852775
140 -0.575930868275 -13.2090804607 -9.56095992887
141 -0.575931423138 -13.2090802522 -9.62181374963
142 -0.575931847507 -13.2090800928 -9.43690253995
143 -0.575932400395 -13.2090798851 -9.46994774352
144 -0.575932891405 -13.2090797006 -9.60519238519
145 -0.575933194676 -13.2090795867 -9.50043958073
146 -0.575933659673 -13.209079412 -9.7928874291
147 -0.575934246375 -13.2090791916 -9.51626096759
148 -0.57593477819 -13.2090789919 -9.59249607897
149 -0.575935459847 -13.2090787359 -9.6441476637
150 -0.575935814056 -13.2090786028 -9.5932495737
151 -0.575936251741 -13.2090784385 -9.50978124518
152 -0.575936942534 -13.209078179 -9.73087765119
153 -0.575937596327 -13.2090779335 -9.61946794179
154 -0.575938078017 -13.2090777527 -9.59509700217
155 -0.575938607462 -13.2090775539 -9.66422292109
156 -0.575938930328 -13.2090774326 -9.63987925417
157 -0.575939704773 -13.2090771419 -9.66923513435
158 -0.57594021457 -13.2090769505 -9.57932243529
159 -0.575940705122 -13.2090767663 -9.50749448118
160 -0.575941496205 -13.2090764693 -9.67539690783
161 -0.575942067953 -13.2090762547 -9.50599369022
162 -0.575942914577 -13.2090759369 -9.5755361855
163 -0.575943611731 -13.2090756752 -9.66971675414
164 -0.575944099703 -13.2090754921 -9.55546118943
165 -0.57594485773 -13.2090752076 -9.69926083574
166 -0.575945560886 -13.2090749437 -9.48665999371
167 -0.57594623218 -13.2090746918 -9.53416181316
168 -0.575946952416 -13.2090744216 -9.56843976408
169 -0.575947292578 -13.2090742939 -9.51346529405
170 -0.575947631127 -13.2090741669 -9.66886953109
171 -0.575947900711 -13.2090740658 -9.66821099939
172 -0.575948567551 -13.2090738156 -9.70969410184
173 -0.575949117129 -13.2090736094 -9.53188153631
174 -0.575949559128 -13.2090734436 -9.6296708198
175 -0.575949954291 -13.2090732953 -9.57026597065
176 -0.575950506598 -13.2090730881 -9.47897017316
177 -0.575951311116 -13.2090727864 -9.53260571252
178 -0.575951810766 -13.209072599 -9.59274237626
179 -0.575952732875 -13.2090722531 -9.69982009636
180 -0.575953377093 -13.2090720115 -9.62478198372
181 -0.575953773714 -13.2090718628 -9.56522856687
182 -0.5759541974 -13.2090717039 -9.57970477484
183 -0.575954882853 -13.2090714468 -9.62249347714
184 -0.575955401117 -13.2090712525 -9.41114056784
185 -0.575955818868 -13.2090710959 -9.39752169767
186 -0.575956143103 -13.2090709743 -9.6116472535
187 -0.575956755088 -13.2090707448 -9.59407929055
188 -0.575957355073 -13.2090705199 -9.67141945988
189 -0.575958086165 -13.2090702458 -9.64988565656
190 -0.575958762327 -13.2090699923 -9.71399732111
191 -0.575959341069 -13.2090697754 -9.5710824239
192 -0.57595992145 -13.2090695579 -9.51081044796
193 -0.575960863515 -13.2090692048 -9.55696959851
194 -0.575961460229 -13.2090689811 -9.5277734843
195 -0.575961951499 -13.209068797 -9.51414096586
196 -0.575962401468 -13.2090686284 -9.6365114647
197 -0.575962925081 -13.2090684322 -9.56050108969
198 -0.575963664287 -13.2090681552 -9.55224023636
199 -0.575964011496 -13.2090680251 -9.52147390199
200 -0.575964444311 -13.2090678629 -9.51165579443
201 -0.575965134602 -13.2090676042 -9.53025194931
202 -0.575965461107 -13.2090674819 -9.50101189259
203 -0.575965963375 -13.2090672937 -9.61638078554
204 -0.575966366875 -13.2090671426 -9.58488973985
205 -0.575967290376 -13.2090667966 -9.63511547527
206 -0.575967838156 -13.2090665914 -9.57879725939
207 -0.575968230959 -13.2090664443 -9.69531977813
208 -0.575968793685 -13.2090662335 -9.73963522928
209 -0.575969548014 -13.209065951 -9.65553579183
210 -0.575969942041 -13.2090658034 -9.65665869655
211 -0.575970423819 -13.209065623 -9.44859520037
212 -0.575971083936 -13.2090653758 -9.62110182283
213 -0.57597165391 -13.2090651623 -9.45697532479
214 -0.575972419281 -13.2090648757 -9.52275321107
215 -0.575972828118 -13.2090647227 -9.59795490723
216 -0.57597366177 -13.2090644105 -9.62813330688
217 -0.575974441809 -13.2090641185 -9.59292031598
218 -0.575975000646 -13.2090639093 -9.54666161415
219 -0.57597558419 -13.2090636908 -9.46989582751
220 -0.575975818231 -13.2090636032 -9.55248927508
221 -0.575976266997 -13.2090634352 -9.50142621218
222 -0.575976867656 -13.2090632104 -9.50755006646
223 -0.575977366899 -13.2090630235 -9.5762133938
224 -0.575977818855 -13.2090628544 -9.61662207585
225 -0.575978565492 -13.2090625749 -9.55455450945
226 -0.575979210723 -13.2090623334 -9.44458684149
227 -0.575979700923 -13.20906215 -9.59187901839
228 -0.575980101997 -13.2090619999 -9.60572684094
229 -0.575980465054 -13.209061864 -9.51644588536
230 -0.575981134787 -13.2090616134 -9.63141245935
231 -0.575981629039 -13.2090614285 -9.70122599392
232 -0.575982176494 -13.2090612237 -9.53963368743
233 -0.575982576447 -13.209061074 -9.43622191382
234 -0.575983097298 -13.2090608792 -9.50169305536
235 -0.575983644852 -13.2090606743 -9.57645556494
236 -0.575984080539 -13.2090605113 -9.59704337947
237 -0.575984672475 -13.2090602899 -9.65607326668
238 -0.575985125736 -13.2090601204 -9.5746596531
239 -0.575985541978 -13.2090599647 -9.59542544708
240 -0.575986490048 -13.2090596101 -9.57729384344
241 -0.575986831229 -13.2090594825 -9.4454571173
242 -0.575987460838 -13.209059247 -9.81458409099
243 -0.575988048171 -13.2090590274 -9.59964376563
244 -0.575988427831 -13.2090588854 -9.60917594296
245 -0.575989175609 -13.2090586058 -9.52744363746
246 -0.575989703495 -13.2090584084 -9.51229923024
247 -0.5759903253 -13.2090581759 -9.53123120797
248 -0.575990954163 -13.2090579407 -9.61487813347
249 -0.575991566182 -13.2090577119 -9.45375917188
250 -0.575992112252 -13.2090575078 -9.66514280182
251 -0.575992456362 -13.2090573791 -9.52289978628
252 -0.575992941588 -13.2090571978 -9.60157455979
253 -0.575993702024 -13.2090569135 -9.51049856936
254 -0.575994189652 -13.2090567312 -9.53080084424
255 -0.575994468254 -13.2090566271 -9.54585859052
256 -0.575994906216 -13.2090564634 -9.56555521437
257 -0.575995412705 -13.2090562741 -9.67802782703
258 -0.57599583016 -13.2090561181 -9.55847944329
259 -0.575996233618 -13.2090559673 -9.49429726851
260 -0.575996466246 -13.2090558804 -9.57147161944
261 -0.575996905004 -13.2090557164 -9.68315633286
262 -0.575997750627 -13.2090554004 -9.6333470151
263 -0.575998267587 -13.2090552073 -9.50480450282
264 -0.575998930747 -13.2090549595 -9.60809840586
265 -0.575999335285 -13.2090548083 -9.49372312132
266 -0.576000054515 -13.2090545396 -9.62838909119
267 -0.576000784301 -13.209054267 -9.53268035276
268 -0.57600117917 -13.2090541195 -9.56828138675
269 -0.576001533376 -13.2090539872 -9.61020628378
270 -0.576001911982 -13.2090538457 -9.69374372554
271 -0.576002295102 -13.2090537026 -9.5309897917
272 -0.576002748168 -13.2090535334 -9.52923171615
273 -0.576003351556 -13.209053308 -9.68337603494
274 -0.576003810119 -13.2090531368 -9.69706847658
275 -0.576004286071 -13.209052959 -9.51526426056
276 -0.576004900204 -13.2090527296 -9.48207286719
277 -0.576005522857 -13.2090524971 -9.59292404341
278 -0.576006237921 -13.2090522301 -9.61661943564
279 -0.576006911979 -13.2090519784 -9.48134711038
280 -0.576007664538 -13.2090516974 -9.5220358377
281 -0.576007922319 -13.2090516012 -9.62361301377
282 -0.576008499276 -13.2090513858 -9.58210031078
283 -0.57600907448 -13.209051171 -9.58838960692
284 -0.576009649064 -13.2090509565 -9.35005831339
285 -0.576010259025 -13.2090507288 -9.64230568841
286 -0.576010551869 -13.2090506195 -9.65745397836
287 -0.576010980938 -13.2090504594 -9.52163673247
288 -0.576011332945 -13.209050328 -9.64298389084
289 -0.576011918912 -13.2090501093 -9.64455206022
290 -0.57601263291 -13.2090498428 -9.49258355869
291 -0.576013284316 -13.2090495997 -9.57200354326
292 -0.576014274954 -13.20904923 -9.47479826498
293 -0.576015050395 -13.2090489407 -9.46360751802
294 -0.576015520217 -13.2090487654 -9.71493282097
295 -0.576016147242 -13.2090485314 -9.48815863472
296 -0.576016683042 -13.2090483315 -9.55416516512
297 -0.57601705803 -13.2090481916 -9.65620799329
298 -0.576017640603 -13.2090479743 -9.46011563387
299 -0.576018192307 -13.2090477684 -9.50141804395
300 -0.576018797824 -13.2090475426 -9.62702205249
301 -0.576019478896 -13.2090472885 -9.57985471491
302 -0.57601997643 -13.2090471029 -9.64681342896
303 -0.576020217871 -13.2090470129 -9.56575994158
304 -0.576020964178 -13.2090467345 -9.61295747905
305 -0.576021580493 -13.2090465047 -9.62148575541
306 -0.576021987198 -13.209046353 -9.61322884227
307 -0.576022417224 -13.2090461927 -9.6742936733
308 -0.576022963957 -13.2090459888 -9.68661700106
309 -0.576023431562 -13.2090458144 -9.55232591067
310 -0.57602416922 -13.2090455394 -9.62493888456
311 -0.576024888197 -13.2090452713 -9.48941468788
312 -0.576025489489 -13.2090450471 -9.66344949203
313 -0.576025967673 -13.2090448688 -9.61734506341
314 -0.576026456364 -13.2090446867 -9.62527267597
315 -0.576027182466 -13.209044416 -9.70402459696
316 -0.57602772234 -13.2090442147 -9.5331762169
317 -0.576028342703 -13.2090439835 -9.61814448507
318 -0.576028532918 -13.2090439126 -9.63742747506
319 -0.576029377774 -13.2090435977 -9.5794614108
320 -0.576029722801 -13.2090434691 -9.49204300987
321 -0.57603034469 -13.2090432374 -9.63569578786
322 -0.576030822954 -13.2090430591 -9.61808972237
323 -0.576031486089 -13.209042812 -9.6456223549
324 -0.57603206977 -13.2090425945 -9.56168059844
325 -0.576032601401 -13.2090423964 -9.66831953155
326 -0.576033194942 -13.2090421753 -9.61687685583
327 -0.576033850876 -13.2090419309 -9.62158404503
328 -0.576034310462 -13.2090417597 -9.72191472765
329 -0.576035060424 -13.2090414803 -9.64871895982
330 -0.576035778489 -13.2090412128 -9.64576178401
331 -0.576036217777 -13.2090410492 -9.69415014631
332 -0.576036645833 -13.2090408897 -9.68773528795
333 -0.576037300259 -13.209040646 -9.60369714903
334 -0.576037931174 -13.209040411 -9.62623001023
335 -0.576038447014 -13.2090402189 -9.48114174857
336 -0.57603891598 -13.2090400443 -9.5280807841
337 -0.576039193392 -13.2090399409 -9.58611310729
338 -0.576040078061 -13.2090396115 -9.68037140242
339 -0.576040775223 -13.2090393519 -9.54041041971
340 -0.576041578609 -13.2090390528 -9.57811718906
341 -0.576042183185 -13.2090388277 -9.61852461956
342 -0.576042833394 -13.2090385856 -9.65037654689
343 -0.576043356526 -13.2090383909 -9.64166403919
344 -0.576043828146 -13.2090382153 -9.61609305768
345 -0.576044242037 -13.2090380612 -9.65352553517
346 -0.576045068898 -13.2090377534 -9.53864617518
347 -0.576045619636 -13.2090375485 -9.57534157516
348 -0.576046233158 -13.2090373201 -9.56208047956
349 -0.576046674012 -13.209037156 -9.566122796
350 -0.576047169453 -13.2090369717 -9.43931186363
351 -0.576048295238 -13.2090365527 -9.61381713373
352 -0.576048703585 -13.2090364008 -9.59206425114
353 -0.576049263874 -13.2090361923 -9.66416290628
354 -0.576049944601 -13.209035939 -9.51567591637
355 -0.57605050963 -13.2090357288 -9.63483433971
356 -0.576050874714 -13.2090355929 -9.51540258821
357 -0.576051524172 -13.2090353513 -9.52179928646
358 -0.5760521758 -13.2090351089 -9.59686629019
359 -0.576052976443 -13.2090348111 -9.64264299553
360 -0.576053575147 -13.2090345884 -9.66721440186
361 -0.576054011697 -13.209034426 -9.6759838773
362 -0.576054836308 -13.2090341193 -9.70968357728
363 -0.576055493129 -13.209033875 -9.43297227441
364 -0.576055825354 -13.2090337515 -9.56774268333
365 -0.576056598386 -13.209033464 -9.65749108756
366 -0.576057288553 -13.2090332074 -9.65778883781
367 -0.576058033073 -13.2090329305 -9.68876768599
368 -0.576058634666 -13.2090327069 -9.47158923764
369 -0.576059022275 -13.2090325627 -9.61095956526
370 -0.576059258523 -13.2090324749 -9.64275108029
371 -0.57605976481 -13.2090322867 -9.63637923346
372 -0.576060246773 -13.2090321075 -9.56855698606
373 -0.576061077861 -13.2090317986 -9.57340636422
374 -0.576061836212 -13.2090315167 -9.4301787334
375 -0.576062448854 -13.209031289 -9.7088529988
376 -0.57606331914 -13.2090309655 -9.54513964174
377 -0.576064048606 -13.2090306944 -9.53379512548
378 -0.576064515732 -13.2090305208 -9.52140744542
379 -0.576065202729 -13.2090302655 -9.60308265845
380 -0.5760657267 -13.2090300708 -9.3970492749
381 -0.576066369737 -13.2090298319 -9.54985418454
382 -0.576066752712 -13.2090296896 -9.6136881869
383 -0.576067211793 -13.209029519 -9.58607416077
384 -0.576067730726 -13.2090293262 -9.5323142865
385 -0.576068476808 -13.209029049 -9.5338170329
386 -0.576068679557 -13.2090289737 -9.56883242288
387 -0.576069209087 -13.209028777 -9.60842412461
388 -0.576069719866 -13.2090285872 -9.4633825613
389 -0.576070312073 -13.2090283673 -9.62850705535
390 -0.576070882448 -13.2090281554 -9.67002198002
391 -0.576071149353 -13.2090280563 -9.52692500649
392 -0.576072182081 -13.2090276727 -9.42976987332
393 -0.576072824586 -13.2090274341 -9.59407663516
394 -0.576073393078 -13.209027223 -9.60553739418
395 -0.576074119085 -13.2090269534 -9.53760630042
396 -0.576074594852 -13.2090267767 -9.70060144465
397 -0.576075008542 -13.2090266231 -9.58121718017
398 -0.576075544372 -13.2090264242 -9.64528749618
399 -0.576075802442 -13.2090263284 -9.65384879035
400 -0.576076395044 -13.2090261083 -9.65928264179
401 -0.576076851798 -13.2090259388 -9.53227528642
402 -0.576077403601 -13.2090257339 -9.57679100979
403 -0.576077901573 -13.2090255491 -9.61459422461
404 -0.576078307289 -13.2090253985 -9.64993047376
405 -0.576079029774 -13.2090251303 -9.57764448376
406 -0.576080007759 -13.2090247673 -9.67418151833
407 -0.576080294026 -13.2090246611 -9.69434097747
408 -0.576080896478 -13.2090244375 -9.55110463525
409 -0.576081282122 -13.2090242943 -9.49763194091
410 -0.576081989976 -13.2090240317 -9.48586522066
411 -0.576082471427 -13.209023853 -9.64140328407
412 -0.576082848381 -13.2090237131 -9.53756126447
413 -0.576083336722 -13.2090235319 -9.62728253945
414 -0.576083971514 -13.2090232964 -9.55098976143
415 -0.576084499444 -13.2090231005 -9.71326950931
416 -0.576084971153 -13.2090229255 -9.54970204906
417 -0.576085401064 -13.209022766 -9.59381562837
418 -0.576085937633 -13.209022567 -9.45670661656
419 -0.576086652158 -13.2090223019 -9.56414141388
420 -0.576087097025 -13.2090221369 -9.5245763293
421 -0.576087696317 -13.2090219146 -9.61808364547
422 -0.576088261765 -13.2090217049 -9.51425650471
423 -0.576088917366 -13.2090214617 -9.5438086342
424 -0.57608955758 -13.2090212243 -9.64778259994
425 -0.576089971481 -13.2090210708 -9.67967995623
426 -0.576090845782 -13.2090207466 -9.73590183372
427 -0.576091456934 -13.20902052 -9.57778628611
428 -0.576091765612 -13.2090204055 -9.63784057935
429 -0.576092377459 -13.2090201787 -9.52527782971
430 -0.576092833355 -13.2090200096 -9.56605476536
431 -0.576093352032 -13.2090198173 -9.5161569416
432 -0.576093807655 -13.2090196484 -9.68243939907
433 -0.576094318786 -13.2090194589 -9.70364114148
434 -0.576094996 -13.2090192079 -9.67660691808
435 -0.576095400903 -13.2090190578 -9.6043335536
436 -0.576096054627 -13.2090188155 -9.46075459759
437 -0.576096620733 -13.2090186057 -9.4946649327
438 -0.576096922784 -13.2090184937 -9.5400244966
439 -0.576097154696 -13.2090184078 -9.62819711369
440 -0.576097662292 -13.2090182196 -9.69237180598
441 -0.576098383665 -13.2090179523 -9.468092201
442 -0.576098896539 -13.2090177622 -9.72983884963
443 -0.576099378697 -13.2090175836 -9.7313027884
444 -0.576100036273 -13.2090173399 -9.37110183499
445 -0.576100580895 -13.2090171381 -9.53615130184
446 -0.576101240521 -13.2090168937 -9.61070100366
447 -0.576101744908 -13.2090167069 -9.62805708416
448 -0.576102192309 -13.2090165411 -9.57187569574
449 -0.576102893494 -13.2090162813 -9.5602545029
450 -0.576103471677 -13.2090160672 -9.55478082699
451 -0.576103666939 -13.2090159948 -9.5702443959
452 -0.576104285906 -13.2090157656 -9.74172482858
453 -0.576104993936 -13.2090155033 -9.56595886818
454 -0.576105366243 -13.2090153654 -9.6035256525
455 -0.576105992215 -13.2090151336 -9.75388287018
456 -0.576106644236 -13.2090148921 -9.63042994801
457 -0.576107037418 -13.2090147465 -9.55198394699
458 -0.576107477777 -13.2090145834 -9.49749388614
459 -0.576108051061 -13.2090143711 -9.60304536817
460 -0.576108485672 -13.2090142102 -9.57297685437
461 -0.57610913516 -13.2090139697 -9.71721078049
462 -0.576109814116 -13.2090137184 -9.6122800161
463 -0.57611047148 -13.209013475 -9.67368916869
464 -0.576110746999 -13.209013373 -9.59954453332
465 -0.576111282954 -13.2090131746 -9.65876925413
466 -0.576112010152 -13.2090129054 -9.59541101311
467 -0.576112533998 -13.2090127115 -9.50374785514
468 -0.576113315915 -13.2090124221 -9.64814743194
469 -0.576113577538 -13.2090123252 -9.61382202521
470 -0.57611394473 -13.2090121893 -9.63036475014
471 -0.576114262691 -13.2090120716 -9.56072268406
472 -0.57611473877 -13.2090118955 -9.53432340278
473 -0.57611536979 -13.2090116619 -9.56485798688
474 -0.576115945518 -13.2090114489 -9.64220976373
475 -0.576116645504 -13.2090111899 -9.61674552263
476 -0.576117112794 -13.209011017 -9.62371707314
477 -0.576117660583 -13.2090108143 -9.62541675194
478 -0.576118343623 -13.2090105616 -9.69987927348
479 -0.576119033227 -13.2090103064 -9.66312172343
480 -0.576119613364 -13.2090100918 -9.5077731487
481 -0.576120142789 -13.209009896 -9.54251752969
482 -0.576120674327 -13.2090096993 -9.58451630672
483 -0.576121498554 -13.2090093945 -9.6656077889
484 -0.576122120108 -13.2090091646 -9.75545143234
485 -0.576122755505 -13.2090089296 -9.76099523625
486 -0.576123512024 -13.2090086498 -9.50726487542
487 -0.576124186075 -13.2090084005 -9.6495831053
488 -0.57612476439 -13.2090081867 -9.58025768832
489 -0.576125270332 -13.2090079996 -9.54511184048
490 -0.576125865663 -13.2090077795 -9.64208362071
491 -0.576126233303 -13.2090076435 -9.68733551488
492 -0.576126854404 -13.2090074139 -9.52037483193
493 -0.576127348847 -13.2090072311 -9.59679293405
494 -0.576127971578 -13.2090070009 -9.59995371222
495 -0.576128637464 -13.2090067547 -9.53332511647
496 -0.576129236644 -13.2090065333 -9.4494041976
497 -0.57612967187 -13.2090063724 -9.57028004695
498 -0.576130124138 -13.2090062052 -9.58158342318
499 -0.576130974892 -13.2090058908 -9.77339705387
500 -0.5761314983 -13.2090056973 -9.5287282153
501 -0.57613202279 -13.2090055035 -9.53176140408
502 -0.576132790244 -13.2090052199 -9.54107003786
503 -0.576133280017 -13.2090050389 -9.50840433304
504 -0.576133868114 -13.2090048216 -9.54205215847
505 -0.576134270058 -13.2090046731 -9.62069695407
506 -0.576134592503 -13.209004554 -9.59877120765
507 -0.576135291619 -13.2090042957 -9.69199489419
508 -0.576135710055 -13.2090041411 -9.5117260021
509 -0.576136258294 -13.2090039385 -9.57263549834
510 -0.576136980194 -13.2090036719 -9.48060478297
511 -0.576137414529 -13.2090035114 -9.73606717979
512 -0.576137886392 -13.2090033371 -9.64593374226
513 -0.576138492896 -13.2090031131 -9.63766580281
514 -0.576139166569 -13.2090028643 -9.60000619811
515 -0.576139744618 -13.2090026508 -9.56523546221
516 -0.576140168436 -13.2090024943 -9.42402364643
517 -0.576140666077 -13.2090023105 -9.66288403015
518 -0.576141114827 -13.2090021448 -9.70787478625
519 -0.576141687026 -13.2090019335 -9.57772131351
520 -0.576142612785 -13.2090015916 -9.74117717437
521 -0.576143178595 -13.2090013827 -9.61055425589
522 -0.57614353745 -13.2090012502 -9.62314067907
523 -0.576143766071 -13.2090011658 -9.67013627362
524 -0.576144167211 -13.2090010177 -9.43880449719
525 -0.576144898042 -13.2090007479 -9.51414591831
526 -0.57614543998 -13.2090005479 -9.54512923718
527 -0.576146230376 -13.2090002561 -9.53175774313
528 -0.576146766169 -13.2090000584 -9.67802576001
529 -0.57614723383 -13.2089998857 -9.51640723312
530 -0.576147624688 -13.2089997415 -9.51124805826
531 -0.576148201509 -13.2089995286 -9.55922027298
532 -0.576148925691 -13.2089992613 -9.56534923256
533 -0.576149522522 -13.2089990411 -9.64567946432
534 -0.576150128106 -13.2089988176 -9.57937188836
535 -0.576150399323 -13.2089987176 -9.6671110079
536 -0.576151188456 -13.2089984264 -9.50688662256
537 -0.576151639271 -13.20899826 -9.47867903986
538 -0.576152134309 -13.2089980774 -9.67835942218
539 -0.576152543448 -13.2089979265 -9.50090949528
540 -0.576152923204 -13.2089977864 -9.4894358756
541 -0.576153899381 -13.2089974262 -9.58484134972
542 -0.576154538293 -13.2089971906 -9.63936290824
543 -0.576154902827 -13.2089970561 -9.51694309127
544 -0.5761552682 -13.2089969213 -9.51658922303
545 -0.576155612805 -13.2089967942 -9.64335666571
546 -0.576156236624 -13.2089965642 -9.57690360894
547 -0.576156801323 -13.2089963559 -9.64042855224
548 -0.576157500449 -13.2089960981 -9.71086069648
549 -0.57615786432 -13.2089959639 -9.58890838984
550 -0.576157966498 -13.2089959262 -9.64299206625
551 -0.576158595904 -13.2089956941 -9.58960195661
552 -0.57615904373 -13.208995529 -9.73823039444
553 -0.576159486399 -13.2089953658 -9.57275322165
554 -0.576160018027 -13.2089951698 -9.51531987937
555 -0.576160523421 -13.2089949834 -9.54378548366
556 -0.576161057936 -13.2089947864 -9.66276480591
557 -0.576161800373 -13.2089945127 -9.56198508307
558 -0.576162284792 -13.2089943341 -9.59431326468
559 -0.576162745189 -13.2089941644 -9.60500247993
560 -0.576163106859 -13.2089940311 -9.55134998491
561 -0.576163656838 -13.2089938283 -9.62320201946
562 -0.576163914023 -13.2089937335 -9.46936618132
563 -0.576164361937 -13.2089935685 -9.67012481269
564 -0.576164743349 -13.2089934279 -9.57777729045
565 -0.576165244444 -13.2089932432 -9.54084805308
566 -0.576166037356 -13.208992951 -9.58143285657
567 -0.576166568592 -13.2089927552 -9.57799111665
568 -0.576167206087 -13.2089925203 -9.55238666471
569 -0.576167953289 -13.208992245 -9.69934740223
570 -0.576168695551 -13.2089919715 -9.55827341074
571 -0.576169048321 -13.2089918416 -9.47082570502
572 -0.576169806476 -13.2089915623 -9.69928726367
573 -0.576170842565 -13.2089911806 -9.65273254695
574 -0.57617134566 -13.2089909953 -9.59582927454
575 -0.576171694815 -13.2089908666 -9.64470541347
576 -0.576172258279 -13.2089906591 -9.50572538653
577 -0.576172906156 -13.2089904205 -9.64918456975
578 -0.576173492226 -13.2089902046 -9.51543170904
579 -0.576173949781 -13.2089900361 -9.70528401255
580 -0.576174803754 -13.2089897217 -9.56817525608
581 -0.576175239525 -13.2089895612 -9.42239200957
582 -0.576175810426 -13.208989351 -9.66413756841
583 -0.576176222852 -13.2089891991 -9.66873148547
584 -0.576176744924 -13.2089890069 -9.48016608341
585 -0.576177483618 -13.2089887349 -9.56539841731
586 -0.576178422391 -13.2089883893 -9.52714039237
587 -0.576178904311 -13.2089882119 -9.48876054614
588 -0.576179414798 -13.208988024 -9.55503897337
589 -0.576180150499 -13.2089877532 -9.57129572524
590 -0.576180909855 -13.2089874737 -9.57780993144
591 -0.576181592938 -13.2089872223 -9.61093729912
592 -0.576181912392 -13.2089871047 -9.62117828561
593 -0.57618251609 -13.2089868825 -9.59473097081
594 -0.576182896748 -13.2089867425 -9.5264720136
595 -0.576183494294 -13.2089865226 -9.53914530752
596 -0.576184057832 -13.2089863152 -9.62665779168
597 -0.576184411398 -13.2089861851 -9.47189388025
598 -0.576184675339 -13.208986088 -9.68046730493
599 -0.576185027271 -13.2089859585 -9.50513134014
600 -0.576185791345 -13.2089856774 -9.84919760064
601 -0.576186404277 -13.2089854519 -9.57251340643
602 -0.57618711267 -13.2089851913 -9.64265917209
603 -0.57618751322 -13.2089850439 -9.50607839264
604 -0.576187896888 -13.2089849028 -9.57553188677
605 -0.576188720991 -13.2089845997 -9.60283834817
606 -0.576188902481 -13.2089845329 -9.52904980005
607 -0.576189356399 -13.208984366 -9.58687204004
608 -0.576189961365 -13.2089841435 -9.66160878726
609 -0.576190570569 -13.2089839194 -9.61524071529
610 -0.576191027473 -13.2089837514 -9.59127580836
611 -0.576191630081 -13.2089835298 -9.626148099
612 -0.576192221527 -13.2089833123 -9.49224446876
613 -0.576192808266 -13.2089830966 -9.60212591916
614 -0.576193109204 -13.2089829859 -9.59413906998
615 -0.576193917667 -13.2089826887 -9.61236602463
616 -0.576194548227 -13.2089824568 -9.62616371167
617 -0.576195016282 -13.2089822848 -9.6029783645
618 -0.576195408884 -13.2089821404 -9.45835160692
619 -0.576196089119 -13.2089818904 -9.42851493025
620 -0.576196344297 -13.2089817966 -9.57400853829
621 -0.576196779793 -13.2089816365 -9.48203450625
622 -0.576197472351 -13.2089813819 -9.59389494188
623 -0.57619812709 -13.2089811413 -9.50346230558
624 -0.57619866612 -13.2089809432 -9.68424590955
625 -0.576199147443 -13.2089807663 -9.55831374719
626 -0.576199456857 -13.2089806526 -9.44762491577
627 -0.576200010441 -13.2089804492 -9.5145211302
628 -0.576200540743 -13.2089802543 -9.6192599418
629 -0.576201481662 -13.2089799086 -9.62238925722
630 -0.576201836051 -13.2089797784 -9.63127977375
631 -0.576202136335 -13.208979668 -9.60909399026
632 -0.576202573964 -13.2089795072 -9.42156810301
633 -0.576202958151 -13.2089793661 -9.6287376059
634 -0.576203495484 -13.2089791687 -9.65224443239
635 -0.576203926859 -13.2089790102 -9.61818518502
636 -0.576204430554 -13.2089788252 -9.60308490253
637 -0.576205059206 -13.2089785943 -9.64366660116
638 -0.576205713109 -13.2089783541 -9.48995997209
639 -0.576206384534 -13.2089781075 -9.557821236
640 -0.576206854322 -13.208977935 -9.5392099646
641 -0.576207518206 -13.2089776911 -9.64202700406
642 -0.576208209941 -13.2089774371 -9.64660206194
643 -0.576209075262 -13.2089771194 -9.72170638976
644 -0.576209720659 -13.2089768824 -9.69272014234
645 -0.576210080665 -13.2089767502 -9.57131922695
646 -0.576210730943 -13.2089765114 -9.56593549364
647 -0.576211335033 -13.2089762897 -9.67196263038
648 -0.576211922222 -13.2089760741 -9.47648702714
649 -0.576212668984 -13.2089758 -9.57143002304
650 -0.576213184964 -13.2089756106 -9.48668249478
651 -0.576213709243 -13.2089754181 -9.62644535148
652 -0.576214317469 -13.2089751949 -9.51718649242
653 -0.576215044297 -13.2089749281 -9.51092595201
654 -0.576215650671 -13.2089747056 -9.60342149995
655 -0.576216391773 -13.2089744336 -9.49357512459
656 -0.576216921397 -13.2089742392 -9.56805167841
657 -0.576217549147 -13.2089740089 -9.49594533468
658 -0.576218343431 -13.2089737175 -9.49214562089
659 -0.576218981316 -13.2089734834 -9.47385590777
660 -0.576219174504 -13.2089734125 -9.68134213097
661 -0.576219842838 -13.2089731673 -9.56698991171
662 -0.576220446841 -13.2089729458 -9.55130781685
663 -0.576221247158 -13.2089726522 -9.55191276731
664 -0.576221596425 -13.2089725241 -9.62960561732
665 -0.576222042138 -13.2089723606 -9.60699659639
666 -0.576222362976 -13.2089722429 -9.5865375633
667 -0.576222535218 -13.2089721797 -9.59215831932
668 -0.576223286699 -13.2089719041 -9.59624142231
669 -0.576223645427 -13.2089717725 -9.6123248161
670 -0.576224139666 -13.2089715913 -9.545927462
671 -0.576224442088 -13.2089714804 -9.66089928806
672 -0.576225056161 -13.2089712552 -9.62428102792
673 -0.576225613221 -13.2089710509 -9.55311833828
674 -0.576226146544 -13.2089708553 -9.55192859491
675 -0.576226642029 -13.2089706737 -9.75705136905
676 -0.576227033464 -13.2089705301 -9.49974849615
677 -0.576227557909 -13.2089703379 -9.56609486065
678 -0.576228111691 -13.2089701348 -9.59997142802
679 -0.576228627023 -13.2089699459 -9.61429120139
680 -0.576229307838 -13.2089696963 -9.55270532966
681 -0.576229720787 -13.208969545 -9.66355090453
682 -0.576230389292 -13.2089692999 -9.59778708897
683 -0.576230884656 -13.2089691184 -9.68392916601
684 -0.576231812197 -13.2089687784 -9.60285401688
685 -0.576232382641 -13.2089685693 -9.53476920957
686 -0.576232908301 -13.2089683767 -9.67370590497
687 -0.576233531594 -13.2089681483 -9.6914738526
688 -0.576233872338 -13.2089680234 -9.53908874311
689 -0.576234274318 -13.2089678761 -9.57764709682
690 -0.576234891384 -13.20896765 -9.59696269249
691 -0.576235518643 -13.2089674202 -9.43355552309
692 -0.576235811365 -13.208967313 -9.67192923152
693 -0.576236437815 -13.2089670834 -9.69202984599
694 -0.576236983085 -13.2089668837 -9.55614029516
695 -0.576237536098 -13.2089666811 -9.64139293407
696 -0.576238027369 -13.2089665011 -9.51266277818
697 -0.576238548685 -13.2089663102 -9.44353108932
698 -0.576239135404 -13.2089660953 -9.67192016421
699 -0.576239605812 -13.208965923 -9.54119791112
700 -0.576240130837 -13.2089657307 -9.53811673081
701 -0.576240490929 -13.2089655988 -9.48822795256
702 -0.576241184161 -13.2089653449 -9.55045404398
703 -0.576242082439 -13.208965016 -9.59646369169
704 -0.576242677585 -13.2089647981 -9.67736099712
705 -0.576243125689 -13.208964634 -9.40367180966
706 -0.576243623493 -13.2089644517 -9.62678152759
707 -0.576243965943 -13.2089643263 -9.53731069111
708 -0.57624485764 -13.2089639999 -9.64981635224
709 -0.576245402875 -13.2089638003 -9.5988513807
710 -0.57624590867 -13.2089636151 -9.62248305679
711 -0.576246347235 -13.2089634546 -9.59421693752
712 -0.576246947777 -13.2089632347 -9.50027477108
713 -0.576247411973 -13.2089630648 -9.58495357012
714 -0.576247794755 -13.2089629247 -9.49279302358
715 -0.576248486706 -13.2089626715 -9.54891824526
716 -0.576249018254 -13.2089624769 -9.62113351617
717 -0.576249804219 -13.2089621893 -9.61392230716
718 -0.576250239143 -13.2089620302 -9.61234935216
719 -0.576250830937 -13.2089618136 -9.58356088078
720 -0.576251640353 -13.2089615174 -9.60228137778
721 -0.576251953694 -13.2089614028 -9.6211759643
722 -0.576252538296 -13.2089611889 -9.54983101635
723 -0.576253155954 -13.2089609629 -9.57716249482
724 -0.576253798195 -13.208960728 -9.51616371035
725 -0.576254295946 -13.2089605459 -9.55460170358
726 -0.576254981985 -13.2089602949 -9.72002235802
727 -0.576255571856 -13.2089600792 -9.50550323073
728 -0.576256045254 -13.208959906 -9.61622380203
729 -0.576256652546 -13.2089596839 -9.46337222465
730 -0.576257288759 -13.2089594512 -9.51476141151
731 -0.576257588173 -13.2089593417 -9.63347230716
732 -0.576257900114 -13.2089592276 -9.59600420149
733 -0.576258266682 -13.2089590936 -9.6700270497
734 -0.57625885128 -13.2089588798 -9.64959619783
735 -0.576259404126 -13.2089586777 -9.52319106913
736 -0.57625968415 -13.2089585753 -9.55232814058
737 -0.576260351311 -13.2089583313 -9.63969377701
738 -0.576261161943 -13.208958035 -9.65660671994
739 -0.576261448949 -13.20895793 -9.59093660692
740 -0.576261891193 -13.2089577683 -9.57672637074
741 -0.576262552704 -13.2089575265 -9.63539384547
742 -0.576262950817 -13.208957381 -9.59965102626
743 -0.576263457022 -13.208957196 -9.31600277556
744 -0.576264170641 -13.2089569351 -9.5621935289
745 -0.576264856102 -13.2089566846 -9.51342788943
746 -0.576265255846 -13.2089565385 -9.51095299322
747 -0.576265632056 -13.208956401 -9.48276262971
748 -0.576266162684 -13.2089562071 -9.45033108964
749 -0.576266816223 -13.2089559682 -9.53756286145
750 -0.576267462883 -13.2089557319 -9.54523925491
751 -0.576268034966 -13.2089555229 -9.70008959706
752 -0.576268423722 -13.2089553809 -9.6030158535
753 -0.576269175222 -13.2089551063 -9.67195978878
754 -0.576269565963 -13.2089549635 -9.64963346942
755 -0.576270250776 -13.2089547133 -9.49615001733
756 -0.576270682765 -13.2089545555 -9.54272984756
757 -0.576271112079 -13.2089543987 -9.64787453493
758 -0.576271850457 -13.208954129 -9.67760964513
759 -0.576272529396 -13.208953881 -9.54531962326
760 -0.576273102379 -13.2089536717 -9.64864085956
761 -0.576273640089 -13.2089534753 -9.53133370912
762 -0.57627416667 -13.208953283 -9.5662949467
763 -0.576274492431 -13.2089531641 -9.53148149055
764 -0.576274964175 -13.2089529918 -9.50183719817
765 -0.576275697158 -13.2089527241 -9.53346889526
766 -0.576276226017 -13.208952531 -9.60436464101
767 -0.576276787986 -13.2089523258 -9.54685893124
768 -0.576277118425 -13.2089522052 -9.6125549984
769 -0.576277510302 -13.2089520621 -9.72357898657
770 -0.576277815696 -13.2089519506 -9.61559720913
771 -0.576278367903 -13.208951749 -9.65572432724
772 -0.576278838569 -13.2089515772 -9.66739192183
773 -0.576279490152 -13.2089513393 -9.48910109074
774 -0.576279973983 -13.2089511627 -9.52850855678
775 -0.576280329013 -13.2089510331 -9.40973183492
776 -0.576280952546 -13.2089508055 -9.47604662463
777 -0.576281771548 -13.2089505066 -9.71324058472
778 -0.576282364467 -13.2089502902 -9.58577274289
779 -0.576282832638 -13.2089501193 -9.73560703449
780 -0.576283532257 -13.208949864 -9.54170704245
781 -0.576284163482 -13.2089496337 -9.71685873255
782 -0.576284382959 -13.2089495536 -9.5054960584
783 -0.576284941242 -13.2089493499 -9.59613390015
784 -0.576285697283 -13.2089490741 -9.55753539537
785 -0.576286183916 -13.2089488965 -9.49649338217
786 -0.576286803419 -13.2089486705 -9.67898979912
787 -0.576287159364 -13.2089485406 -9.52352862284
788 -0.576287680986 -13.2089483504 -9.62762606588
789 -0.576288118366 -13.2089481908 -9.65657409027
790 -0.576288545125 -13.2089480351 -9.53198290156
791 -0.576289027626 -13.2089478592 -9.5928572633
792 -0.576289545341 -13.2089476703 -9.69975043861
793 -0.576290000701 -13.2089475042 -9.60271658991
794 -0.576290637587 -13.208947272 -9.59457361451
795 -0.576291362365 -13.2089470076 -9.49591106943
796 -0.576291888351 -13.2089468158 -9.66100547962
797 -0.576292330609 -13.2089466546 -9.61243923083
798 -0.576292877939 -13.208946455 -9.54312148328
799 -0.576293355894 -13.2089462807 -9.54294283655
800 -0.576293983192 -13.208946052 -9.41062888938
801 -0.576294331189 -13.2089459251 -9.53140753576
802 -0.576294969003 -13.2089456926 -9.49136212162
803 -0.576295586584 -13.2089454675 -9.5727272216
804 -0.576296092332 -13.2089452831 -9.67929359477
805 -0.57629663191 -13.2089450864 -9.49163954703
806 -0.576297238818 -13.2089448652 -9.5539255213
807 -0.576298026204 -13.2089445782 -9.42505878856
808 -0.576298467658 -13.2089444173 -9.54268235822
809 -0.576298948938 -13.2089442419 -9.6682817851
810 -0.576299445552 -13.2089440609 -9.64007851559
811 -0.576299904198 -13.2089438938 -9.6269473042
812 -0.576300328627 -13.2089437391 -9.75132545147
813 -0.576300991578 -13.2089434975 -9.59386031125
814 -0.576301483505 -13.2089433183 -9.5504344959
815 -0.576302105022 -13.2089430918 -9.47252444474
816 -0.576302583081 -13.2089429177 -9.59213064043
817 -0.576303113237 -13.2089427245 -9.60023048113
818 -0.576303539196 -13.2089425693 -9.55946167078
819 -0.576303808213 -13.2089424713 -9.52090003946
820 -0.576304489323 -13.2089422232 -9.6694492545
821 -0.576305079858 -13.2089420081 -9.47122383826
822 -0.576305460467 -13.2089418695 -9.56296054173
823 -0.576306067397 -13.2089416484 -9.59320545141
824 -0.576306544103 -13.2089414748 -9.55344700889
825 -0.576307054291 -13.208941289 -9.60699210073
826 -0.576307621021 -13.2089410826 -9.62036937085
827 -0.576308101966 -13.2089409074 -9.74859402428
828 -0.576308749663 -13.2089406716 -9.60838454715
829 -0.576309354511 -13.2089404513 -9.52223432053
830 -0.576309832069 -13.2089402774 -9.62486942989
831 -0.576310302874 -13.208940106 -9.61485643619
832 -0.576310720754 -13.2089399539 -9.62181614228
833 -0.576311232068 -13.2089397677 -9.62773027198
834 -0.576311989293 -13.208939492 -9.6078685658
835 -0.576312415116 -13.208939337 -9.50615504008
836 -0.57631311034 -13.2089390839 -9.53213511314
837 -0.576313787533 -13.2089388374 -9.58306838179
838 -0.576314231602 -13.2089386758 -9.71631286341
839 -0.576314609132 -13.2089385384 -9.64307920214
840 -0.576315536739 -13.2089382008 -9.68068898541
841 -0.576316021423 -13.2089380244 -9.70255787532
842 -0.576316644133 -13.2089377978 -9.59025056963
843 -0.576317152521 -13.2089376128 -9.53334923763
844 -0.576317826427 -13.2089373676 -9.64350900329
845 -0.576318275475 -13.2089372042 -9.63981565881
846 -0.576318759288 -13.2089370282 -9.60615775415
847 -0.57631941534 -13.2089367895 -9.53772513091
848 -0.57631976443 -13.2089366625 -9.48381269771
849 -0.576320155322 -13.2089365203 -9.57832458223
850 -0.576320632587 -13.2089363466 -9.58161621207
851 -0.576321213209 -13.2089361354 -9.57516695487
852 -0.5763218333 -13.2089359099 -9.5784631792
853 -0.576322336751 -13.2089357267 -9.61664530434
854 -0.576322838098 -13.2089355444 -9.46197970055
855 -0.576323339583 -13.208935362 -9.55111502595
856 -0.576323832577 -13.2089351827 -9.45068419217
857 -0.576324312631 -13.2089350081 -9.62381497397
858 -0.576324994623 -13.2089347601 -9.48605028903
859 -0.576325631182 -13.2089345286 -9.61134497832
860 -0.576326084284 -13.2089343639 -9.6241780816
861 -0.576326541831 -13.2089341975 -9.63553843094
862 -0.576327102604 -13.2089339936 -9.48712669533
863 -0.576327484178 -13.2089338549 -9.55066141987
864 -0.576327800729 -13.2089337398 -9.57005372815
865 -0.576328132407 -13.2089336192 -9.57572606797
866 -0.576328635648 -13.2089334363 -9.56082245147
867 -0.576328894813 -13.2089333421 -9.60043434272
868 -0.576329646972 -13.2089330686 -9.59106152451
869 -0.57633007553 -13.2089329129 -9.60033698211
870 -0.576330800615 -13.2089326493 -9.57677246181
871 -0.576331296179 -13.2089324692 -9.55914720536
872 -0.576331743433 -13.2089323066 -9.67773446288
873 -0.576332350874 -13.2089320859 -9.51901002913
874 -0.576333262707 -13.2089317545 -9.45795826445
875 -0.576333922857 -13.2089315146 -9.64147532873
876 -0.576334386697 -13.2089313461 -9.62422470849
877 -0.576334776871 -13.2089312043 -9.59149526867
878 -0.576335659563 -13.2089308836 -9.53851737241
879 -0.576336252904 -13.208930668 -9.51389289339
880 -0.576337004035 -13.2089303951 -9.58855681644
881 -0.5763373823 -13.2089302577 -9.61696486568
882 -0.576337808394 -13.2089301029 -9.50293247837
883 -0.576338370714 -13.2089298987 -9.59481976236
884 -0.57633891427 -13.2089297013 -9.66124735084
885 -0.576339225952 -13.208929588 -9.47022761563
886 -0.576339688202 -13.2089294202 -9.56827403258
887 -0.576340479919 -13.2089291326 -9.55401117121
888 -0.576340865305 -13.2089289927 -9.58976196435
889 -0.576341342082 -13.2089288195 -9.65398939399
890 -0.576341983655 -13.2089285865 -9.63670763267
891 -0.576342513202 -13.2089283943 -9.60904468455
892 -0.576343030038 -13.2089282066 -9.81421613354
893 -0.576343506521 -13.2089280336 -9.57665003685
894 -0.576344235992 -13.2089277687 -9.60163671666
895 -0.576344473037 -13.2089276827 -9.59656316761
896 -0.576344897245 -13.2089275287 -9.63392859761
897 -0.576345623309 -13.2089272651 -9.65017852839
898 -0.576346218538 -13.208927049 -9.5503174431
899 -0.576346843514 -13.2089268222 -9.64142299192
900 -0.576347260303 -13.2089266709 -9.56044015667
901 -0.576347979986 -13.2089264097 -9.44017414979
902 -0.576348514547 -13.2089262157 -9.49888755956
903 -0.576348785589 -13.2089261173 -9.61096356724
904 -0.57634910152 -13.2089260026 -9.68228366341
905 -0.576349785567 -13.2089257544 -9.73720144675
906 -0.576350505172 -13.2089254933 -9.42017942367
907 -0.576351197689 -13.208925242 -9.60148124926
908 -0.576351615268 -13.2089250905 -9.40905240302
909 -0.576352188153 -13.2089248826 -9.682697067
910 -0.576352575893 -13.2089247419 -9.54889821045
911 -0.576353166302 -13.2089245277 -9.51711210294
912 -0.576353586032 -13.2089243755 -9.36794830492
913 -0.576354103446 -13.2089241878 -9.52124934563
914 -0.576354615658 -13.208924002 -9.6049459839
915 -0.57635546638 -13.2089236934 -9.60536251315
916 -0.576356051025 -13.2089234813 -9.50577354874
917 -0.576356611951 -13.2089232779 -9.38817693677
918 -0.576357000715 -13.2089231369 -9.52024680943
919 -0.576357308673 -13.2089230252 -9.64340075916
920 -0.576357786676 -13.2089228519 -9.61084565114
921 -0.576358259937 -13.2089226803 -9.56681550417
922 -0.576358666761 -13.2089225327 -9.62893869167
923 -0.5763590845 -13.2089223813 -9.69014798267
924 -0.576359718734 -13.2089221513 -9.60973722331
925 -0.576360269257 -13.2089219517 -9.57670335241
926 -0.576360381341 -13.208921911 -9.59794626297
927 -0.576360860148 -13.2089217375 -9.64824219943
928 -0.576361385209 -13.2089215471 -9.50614220051
929 -0.576361965088 -13.2089213369 -9.57583273547
930 -0.576362604149 -13.2089211052 -9.59987716033
931 -0.576363212985 -13.2089208845 -9.53150539301
932 -0.576363578453 -13.208920752 -9.47464438906
933 -0.576364181445 -13.2089205335 -9.56029976489
934 -0.576364624828 -13.2089203728 -9.59654038511
935 -0.576364908765 -13.2089202699 -9.63918758641
936 -0.576365613134 -13.2089200146 -9.68891955156
937 -0.576366266085 -13.208919778 -9.51508131537
938 -0.576366739418 -13.2089196065 -9.71444561959
939 -0.576367392997 -13.2089193696 -9.57216556636
940 -0.576368015333 -13.2089191441 -9.54065960054
941 -0.576368308111 -13.2089190381 -9.66219125493
942 -0.576368803507 -13.2089188586 -9.60486609925
943 -0.576369277508 -13.2089186868 -9.54778216352
944 -0.576369868362 -13.2089184728 -9.62611154329
945 -0.576370433659 -13.208918268 -9.58558345448
946 -0.576370950846 -13.2089180806 -9.50497259069
947 -0.576371466581 -13.2089178938 -9.5375717996
948 -0.576371830658 -13.208917762 -9.55365967829
949 -0.576372080951 -13.2089176713 -9.56577064859
950 -0.576372624502 -13.2089174744 -9.71484749816
951 -0.576373383436 -13.2089171996 -9.80909464675
952 -0.576373891563 -13.2089170155 -9.51814380342
953 -0.576374385417 -13.2089168367 -9.66867551303
954 -0.576374905586 -13.2089166483 -9.66656902022
955 -0.576375258702 -13.2089165205 -9.55574326158
956 -0.576376055388 -13.208916232 -9.53218955252
957 -0.576376683031 -13.2089160047 -9.71991389573
958 -0.576377212314 -13.2089158131 -9.61442369137
959 -0.576377725106 -13.2089156274 -9.64460883586
960 -0.57637799345 -13.2089155303 -9.69804842635
961 -0.576378630429 -13.2089152997 -9.57628156042
962 -0.576379186768 -13.2089150983 -9.55889392256
963 -0.576379376601 -13.2089150296 -9.64151131827
964 -0.576379679771 -13.2089149199 -9.57739624145
965 -0.576380510473 -13.2089146192 -9.60751037856
966 -0.576381105724 -13.2089144037 -9.5643147416
967 -0.576381393715 -13.2089142995 -9.49195564185
968 -0.576381845317 -13.2089141361 -9.66344676708
969 -0.576382285793 -13.2089139767 -9.53107331682
970 -0.576382571497 -13.2089138733 -9.65198614547
971 -0.576383153165 -13.2089136628 -9.56133150784
972 -0.576383436008 -13.2089135604 -9.56000646929
973 -0.576384084847 -13.2089133256 -9.5755095617
974 -0.576384652799 -13.2089131201 -9.46933739021
975 -0.576385095655 -13.2089129599 -9.47559971068
976 -0.576385425106 -13.2089128407 -9.58172110201
977 -0.576385805494 -13.2089127031 -9.59716332753
978 -0.576386338773 -13.2089125102 -9.6822630022
979 -0.57638680852 -13.2089123402 -9.61885275192
980 -0.576387273355 -13.2089121721 -9.54396293362
981 -0.576387710749 -13.2089120139 -9.51000325212
982 -0.576387942053 -13.2089119302 -9.63922671404
983 -0.57638832721 -13.2089117909 -9.7750822366
984 -0.576388970787 -13.2089115581 -9.55748643113
985 -0.576389405905 -13.2089114007 -9.67165062786
986 -0.576390075132 -13.2089111587 -9.67168142138
987 -0.576390412297 -13.2089110367 -9.46641615625
988 -0.57639083876 -13.2089108825 -9.48908732146
989 -0.576391598023 -13.208910608 -9.5308159157
990 -0.576392295444 -13.2089103558 -9.48794278712
991 -0.576392782556 -13.2089101796 -9.59106587392
992 -0.576393487763 -13.2089099247 -9.44830242762
993 -0.576393774257 -13.2089098211 -9.63669218981
994 -0.576394037107 -13.2089097261 -9.55199498513
995 -0.576394613276 -13.2089095178 -9.44662147561
996 -0.576395342874 -13.208909254 -9.61472647744
997 -0.576396221603 -13.2089089364 -9.58366038194
998 -0.576396759616 -13.2089087419 -9.67005615412
999 -0.576397517575 -13.2089084679 -9.58074935726
1000 -0.576398102301 -13.2089082566 -9.52155631374
