10000 1e-06 0.5 gpomdp 1000000

1 -0.575853 -7.13417489272 -3.67227787098
2 -0.575853110957 -7.13417486903 -3.68666941118
3 -0.575853262245 -7.13417483674 -3.68829879186
4 -0.575853391504 -7.13417480915 -3.6990772201
5 -0.575853549773 -7.13417477537 -3.68659251811
6 -0.575853576102 -7.13417476975 -3.67034801469
7 -0.575853673963 -7.13417474887 -3.68089769368
8 -0.575853816894 -7.13417471836 -3.69142865028
9 -0.575853895595 -7.13417470156 -3.67358455125
10 -0.575854137304 -7.13417464997 -3.69718341143
11 -0.575854194349 -7.1341746378 -3.7160033693
12 -0.575854347997 -7.13417460501 -3.68495677949
13 -0.575854455547 -7.13417458205 -3.67306201971
14 -0.575854622639 -7.13417454639 -3.69448055477
15 -0.575854825296 -7.13417450314 -3.66029227909
16 -0.57585504413 -7.13417445644 -3.70588182296
17 -0.575855204089 -7.13417442231 -3.69044615232
18 -0.575855382803 -7.13417438417 -3.69626720462
19 -0.575855520401 -7.1341743548 -3.69350087657
20 -0.575855690645 -7.13417431847 -3.70038329779
21 -0.575855828137 -7.13417428913 -3.69853652226
22 -0.57585588397 -7.13417427722 -3.70415801315
23 -0.575856079518 -7.13417423549 -3.69597968154
24 -0.57585625112 -7.13417419887 -3.69347865499
25 -0.575856446559 -7.13417415717 -3.689579935
26 -0.575856563333 -7.13417413225 -3.67027508884
27 -0.575856721525 -7.13417409849 -3.64249782864
28 -0.575856786317 -7.13417408467 -3.67583592061
29 -0.57585688724 -7.13417406313 -3.68662628978
30 -0.575856933395 -7.13417405329 -3.68062194789
31 -0.575857021236 -7.13417403454 -3.67972081651
32 -0.575857213276 -7.13417399357 -3.69482088316
33 -0.575857326614 -7.13417396938 -3.66366121978
34 -0.575857491198 -7.13417393427 -3.70495490716
35 -0.575857596945 -7.1341739117 -3.70180992344
36 -0.575857747901 -7.13417387949 -3.69026943438
37 -0.57585788929 -7.13417384933 -3.67380216533
38 -0.575857991681 -7.13417382748 -3.67459831934
39 -0.575858112234 -7.13417380176 -3.67697406109
40 -0.575858315043 -7.13417375849 -3.67922264998
41 -0.575858440276 -7.13417373177 -3.69717988605
42 -0.575858572507 -7.13417370356 -3.68545066942
43 -0.575858797512 -7.13417365556 -3.70119913618
44 -0.575859085398 -7.13417359414 -3.68261945654
45 -0.575859265135 -7.13417355579 -3.6981422406
46 -0.575859359879 -7.13417353558 -3.71019118583
47 -0.575859534396 -7.13417349835 -3.67324833162
48 -0.57585967241 -7.13417346891 -3.71372100756
49 -0.575859877875 -7.13417342508 -3.67337750317
50 -0.575860010873 -7.1341733967 -3.68029603287
51 -0.575860188425 -7.13417335883 -3.69795500119
52 -0.575860267143 -7.13417334204 -3.70330731517
53 -0.575860407659 -7.13417331206 -3.66515835568
54 -0.575860480771 -7.13417329647 -3.69357269058
55 -0.575860657708 -7.13417325872 -3.67376335965
56 -0.575860806642 -7.13417322695 -3.69450818544
57 -0.575860853102 -7.13417321704 -3.68460368226
58 -0.575861032266 -7.13417317883 -3.70663486329
59 -0.57586110822 -7.13417316262 -3.68064458245
60 -0.575861217289 -7.13417313936 -3.69206936749
61 -0.575861349254 -7.13417311121 -3.68836505153
62 -0.575861539554 -7.13417307062 -3.68573165638
63 -0.575861681985 -7.13417304024 -3.68563843246
64 -0.575861878814 -7.13417299826 -3.6648509345
65 -0.57586197031 -7.13417297874 -3.69379953487
66 -0.575862018777 -7.13417296841 -3.69537876427
67 -0.575862175807 -7.13417293491 -3.67491035196
68 -0.57586228681 -7.13417291124 -3.70346953476
69 -0.575862475775 -7.13417287094 -3.69959417798
70 -0.575862627676 -7.13417283854 -3.67393605157
71 -0.575862762609 -7.13417280976 -3.67610567106
72 -0.575862925446 -7.13417277503 -3.7025093011
73 -0.575863060394 -7.13417274625 -3.67167566739
74 -0.575863214757 -7.13417271333 -3.67977032047
75 -0.575863358235 -7.13417268273 -3.68243741541
76 -0.575863549166 -7.13417264201 -3.69888272619
77 -0.575863721143 -7.13417260534 -3.69355271645
78 -0.575863785759 -7.13417259156 -3.67811679048
79 -0.575863864927 -7.13417257467 -3.68045561693
80 -0.575863977939 -7.13417255057 -3.67440047283
81 -0.575864121541 -7.13417251995 -3.66468038235
82 -0.575864315631 -7.13417247856 -3.71625973299
83 -0.575864382172 -7.13417246437 -3.70013107889
84 -0.575864514105 -7.13417243623 -3.69213895269
85 -0.575864626833 -7.1341724122 -3.6882569851
86 -0.575864760517 -7.13417238369 -3.68029948817
87 -0.575864905282 -7.13417235282 -3.70586586963
88 -0.575865000681 -7.13417233248 -3.67812104956
89 -0.575865129877 -7.13417230493 -3.67200790265
90 -0.575865202476 -7.13417228945 -3.71551286267
91 -0.575865359818 -7.1341722559 -3.6812385652
92 -0.575865375427 -7.13417225257 -3.65831208679
93 -0.575865481298 -7.13417222999 -3.6822796718
94 -0.575865578291 -7.13417220931 -3.67927522172
95 -0.57586570049 -7.13417218325 -3.68721517176
96 -0.575865857743 -7.13417214972 -3.69953989741
97 -0.575865982728 -7.13417212307 -3.68240555223
98 -0.575866176755 -7.1341720817 -3.67164639654
99 -0.575866272791 -7.13417206123 -3.6655640431
100 -0.575866407592 -7.13417203249 -3.6848956469
