1000 0.001 1.0 gpomdp 1000000

1 -0.575853 -13.20910981 -9.50507103774
2 -0.576405906901 -13.2089054369 -9.4967694199
3 -0.577077369896 -13.2086698194 -9.62062016503
4 -0.577545593694 -13.2085136701 -9.62079246857
5 -0.578014192948 -13.2083640913 -9.62160136469
6 -0.578369282272 -13.208255201 -9.47674599492
7 -0.578929483702 -13.2080912131 -9.6537213818
8 -0.579287612579 -13.2079913759 -9.55889099832
9 -0.579601676218 -13.2079070275 -9.44945309503
10 -0.580124213288 -13.2077733176 -9.71551596098
11 -0.580590350571 -13.2076610192 -9.56645086447
12 -0.581068085224 -13.2075527467 -9.47606147112
13 -0.581492736931 -13.2074622932 -9.59998493248
14 -0.581857564784 -13.2073889283 -9.62799375823
15 -0.582404084545 -13.207286532 -9.57528178835
16 -0.583111197359 -13.2071673861 -9.63052154101
17 -0.583964410066 -13.2070436177 -9.56845716757
18 -0.584490350244 -13.2069781978 -9.56915596913
19 -0.58503842374 -13.2069188339 -9.64093013243
20 -0.585538783815 -13.2068724776 -9.48485123925
21 -0.586202401135 -13.2068225221 -9.52659278081
22 -0.586766694118 -13.2067903667 -9.53614074765
23 -0.58709053689 -13.2067761922 -9.49387714265
24 -0.587639176176 -13.2067592913 -9.48483714296
25 -0.588014087282 -13.2067528815 -9.50842860187
26 -0.58863307414 -13.206751418 -9.58781328497
27 -0.589005833119 -13.2067560099 -9.3857863709
28 -0.589489190138 -13.2067680829 -9.50970243441
29 -0.589638453703 -13.2067732061 -9.47549661048
30 -0.590190692056 -13.2067978779 -9.62045137547
31 -0.590648626762 -13.2068251568 -9.46235556898
32 -0.591390944582 -13.2068824922 -9.53350328457
33 -0.591761974558 -13.2069172227 -9.54591106026
34 -0.592338148085 -13.2069791673 -9.52100601134
35 -0.592872653332 -13.207045336 -9.56962536349
36 -0.592895313672 -13.2070483262 -9.56672514317
37 -0.593468245307 -13.2071289206 -9.58911403976
38 -0.594124686084 -13.2072330587 -9.58012660863
39 -0.594594003912 -13.2073152233 -9.58289438155
40 -0.594991624429 -13.2073898607 -9.66904652574
41 -0.595539079426 -13.2075001569 -9.48831575095
42 -0.595816980883 -13.2075594821 -9.50976283808
43 -0.596245717972 -13.2076554091 -9.47628539089
44 -0.596769090972 -13.2077797432 -9.70619789082
45 -0.596863045168 -13.2078029044 -9.62982814151
46 -0.597476599046 -13.207960444 -9.65946090029
47 -0.597871051374 -13.208067481 -9.6439598827
48 -0.598166650888 -13.208150643 -9.50086876806
49 -0.598361913156 -13.2082069615 -9.68491876072
50 -0.599029195689 -13.2084077305 -9.45523441636
51 -0.599156999678 -13.2084476491 -9.42038904803
52 -0.599414371472 -13.2085294658 -9.57646221231
53 -0.599700425108 -13.2086226391 -9.57631783091
54 -0.600428291414 -13.2088703371 -9.55765066901
55 -0.600518903178 -13.2089022389 -9.59643808984
56 -0.601175954382 -13.2091406211 -9.69118509115
57 -0.601567386037 -13.2092885217 -9.45002246026
58 -0.601905164817 -13.2094196789 -9.52129150253
59 -0.602283669153 -13.2095705305 -9.500892061
60 -0.602489787406 -13.2096544018 -9.46287129112
61 -0.603024140818 -13.2098774897 -9.53786990061
62 -0.60336294229 -13.2100231605 -9.46379340482
63 -0.60395373177 -13.2102850084 -9.52541909899
64 -0.604246162627 -13.2104182988 -9.58909561608
65 -0.604612458087 -13.2105886913 -9.54082974177
66 -0.604929544365 -13.2107392747 -9.53511376965
67 -0.605329191681 -13.2109331368 -9.55229787785
68 -0.605750482928 -13.2111424084 -9.4871112379
69 -0.605888378511 -13.2112120005 -9.59373421977
70 -0.606352143011 -13.2114500049 -9.55041659542
71 -0.606700144006 -13.211632601 -9.56699488229
72 -0.607111133757 -13.2118526618 -9.55494678012
73 -0.607330156441 -13.2119718868 -9.63125890362
74 -0.607792090678 -13.212227785 -9.68471647667
75 -0.607909612851 -13.2122938505 -9.53334879938
76 -0.608027137126 -13.212360307 -9.51117782206
77 -0.608216210155 -13.21246804 -9.6461510565
78 -0.608364513072 -13.2125532479 -9.50096745938
79 -0.608642581161 -13.2127146842 -9.54512497641
80 -0.608935142612 -13.2128868867 -9.58972946687
81 -0.60909869175 -13.2129842025 -9.45525190597
82 -0.609611250459 -13.2132940635 -9.59631938652
83 -0.609874620744 -13.2134561539 -9.32289789088
84 -0.610079011338 -13.2135832886 -9.53465395003
85 -0.610222470174 -13.2136732234 -9.5279774274
86 -0.610400620796 -13.2137857108 -9.56323044013
87 -0.61076226969 -13.214016801 -9.59125119582
88 -0.610923266706 -13.2141208564 -9.44000481587
89 -0.611268453967 -13.2143464058 -9.54883894937
90 -0.611309361421 -13.2143733564 -9.50124924931
91 -0.611709001597 -13.2146391118 -9.51359232702
92 -0.611780793501 -13.2146873261 -9.54165966037
93 -0.612375659258 -13.2150923727 -9.57729520888
94 -0.612880894564 -13.2154441538 -9.47824647373
95 -0.613080261114 -13.2155849275 -9.49692326704
96 -0.613290862336 -13.2157348382 -9.44781766715
97 -0.613304622718 -13.2157446762 -9.60918541315
98 -0.613369127418 -13.2157908642 -9.52393126466
99 -0.613430827316 -13.2158351524 -9.49406670055
100 -0.613866298765 -13.2161507499 -9.61976237015
101 -0.614132223097 -13.2163460692 -9.47055917714
102 -0.614334819498 -13.2164961953 -9.56718930039
103 -0.614709071271 -13.2167765217 -9.55411883633
104 -0.615137769231 -13.2171024129 -9.63524158023
105 -0.61530866816 -13.2172337511 -9.54610982744
106 -0.615791543444 -13.2176092269 -9.52424671201
107 -0.616238925854 -13.2179628733 -9.66544879141
108 -0.616701750115 -13.2183345597 -9.57905308083
109 -0.616671801145 -13.2183103288 -9.46614665799
110 -0.617107393491 -13.2186651988 -9.61277232778
111 -0.617151867642 -13.2187017264 -9.53601457492
112 -0.617230339329 -13.2187663102 -9.79667707952
113 -0.61754719021 -13.2190288153 -9.60018632544
114 -0.617682537932 -13.2191417936 -9.57033631136
115 -0.618008776781 -13.2194161923 -9.58217473145
116 -0.618300914479 -13.2196644006 -9.64719260299
117 -0.618484373368 -13.2198214752 -9.63788663409
118 -0.618704171362 -13.2200108842 -9.52104445417
119 -0.618746078833 -13.2200471487 -9.70113569556
120 -0.618905965595 -13.2201859504 -9.63768661284
121 -0.619109361172 -13.2203635404 -9.63524074575
122 -0.619333258162 -13.2205603473 -9.51325502998
123 -0.619416743025 -13.2206340841 -9.55399982944
124 -0.619481605198 -13.2206915049 -9.64827895302
125 -0.619718181556 -13.2209019205 -9.48992953801
126 -0.620020784518 -13.2211733036 -9.591218251
127 -0.620334143892 -13.2214569842 -9.55328056798
128 -0.620535491258 -13.2216406842 -9.46204375008
129 -0.620786859832 -13.2218715823 -9.46414025308
130 -0.620884687797 -13.221961912 -9.61784147643
131 -0.62100442456 -13.2220728283 -9.37120279273
132 -0.621305210439 -13.2223531902 -9.62035450829
133 -0.621446842276 -13.2224860632 -9.50760125214
134 -0.621919251281 -13.2229332283 -9.62459580259
135 -0.622130685732 -13.2231353425 -9.53170992971
136 -0.622399816623 -13.2233943781 -9.74037884773
137 -0.622554693704 -13.2235443431 -9.50271808001
138 -0.622557651347 -13.2235472133 -9.57283531385
139 -0.622606559214 -13.2235947101 -9.5195675552
140 -0.622920664385 -13.2239013099 -9.54385495871
141 -0.62291347835 -13.2238942655 -9.62686733822
142 -0.622994104035 -13.2239733833 -9.5740574411
143 -0.622977962907 -13.2239575299 -9.50810168132
144 -0.62302343894 -13.2240022137 -9.49415431708
145 -0.623294115088 -13.2242693419 -9.42594131059
146 -0.623530643383 -13.2245044061 -9.59733333454
147 -0.623834805643 -13.2248089274 -9.54297547553
148 -0.62384390599 -13.2248180774 -9.44523110962
149 -0.62417003255 -13.22514747 -9.63179720861
150 -0.624288441765 -13.2252677818 -9.49383768281
151 -0.624484513599 -13.2254678431 -9.5400210142
152 -0.624564228758 -13.2255494794 -9.53679325969
153 -0.624782292941 -13.225773682 -9.43876113412
154 -0.624803142578 -13.2257951863 -9.64548031199
155 -0.625092335959 -13.2260946788 -9.54858424626
156 -0.62532701773 -13.2263393888 -9.37061820147
157 -0.625465737757 -13.22648474 -9.55395442884
158 -0.625785832086 -13.2268221295 -9.61403795357
159 -0.626078977394 -13.227133553 -9.51300318037
160 -0.626310789878 -13.2273814695 -9.56916940264
161 -0.626693677876 -13.2277941465 -9.58828754302
162 -0.626897937123 -13.2280159216 -9.40486160146
163 -0.627087207121 -13.2282224304 -9.45850724047
164 -0.627239848023 -13.2283896801 -9.48922283742
165 -0.627341834473 -13.2285017786 -9.52633944192
166 -0.627675764823 -13.2288707871 -9.62809747779
167 -0.627613359992 -13.2288015978 -9.60714811738
168 -0.627996915254 -13.2292285165 -9.71173528859
169 -0.628089371082 -13.2293320196 -9.57401984965
170 -0.628191113384 -13.2294461856 -9.59817148959
171 -0.628205656807 -13.2294625277 -9.56458168847
172 -0.628403138476 -13.229684999 -9.53038345683
173 -0.628519051063 -13.2298160696 -9.60751988802
174 -0.628894928971 -13.2302435951 -9.71508127491
175 -0.629208684462 -13.2306033795 -9.6350862778
176 -0.629555504502 -13.2310041658 -9.53782799416
177 -0.629568217604 -13.2310189186 -9.50296784904
178 -0.62972396738 -13.2312000109 -9.54597832474
179 -0.630067343327 -13.2316015648 -9.53538939225
180 -0.630031182071 -13.2315591273 -9.6066472691
181 -0.630094068752 -13.2316329514 -9.59701425295
182 -0.630118305155 -13.2316614314 -9.59734056751
183 -0.630506704377 -13.2321199918 -9.60111323129
184 -0.630655941321 -13.2322972656 -9.40399565283
185 -0.630661960593 -13.2323044282 -9.40838907206
186 -0.630793088452 -13.2324607059 -9.5737272072
187 -0.630952431231 -13.2326512315 -9.53962299337
188 -0.63112415962 -13.23285733 -9.75388265701
189 -0.631400727125 -13.2331909142 -9.55032935116
190 -0.631411349489 -13.2332037673 -9.60393122802
191 -0.63153476183 -13.2333533195 -9.50828208549
192 -0.631909988033 -13.2338105308 -9.6281146192
193 -0.632126309736 -13.2340758327 -9.49516300753
194 -0.632307582326 -13.234299115 -9.45126982264
195 -0.632281734213 -13.2342672228 -9.64556864766
196 -0.632277515185 -13.2342620189 -9.62187763792
197 -0.632564741988 -13.2346173806 -9.53653426691
198 -0.632663215492 -13.234739722 -9.72703970999
199 -0.632923341099 -13.2350641446 -9.49347708457
200 -0.632969320725 -13.2351216776 -9.55445353241
201 -0.633199539864 -13.2354105944 -9.59561961771
202 -0.63341085486 -13.2356770342 -9.50162998305
203 -0.633431331653 -13.2357029162 -9.63135351875
204 -0.633407429922 -13.2356727063 -9.50061921346
205 -0.633575076595 -13.2358849198 -9.48132626863
206 -0.633436558772 -13.2357095248 -9.4552139183
207 -0.633432302791 -13.2357041439 -9.51631970699
208 -0.633439900633 -13.2357137504 -9.72635252427
209 -0.633520331367 -13.2358155387 -9.48809754277
210 -0.63361455062 -13.2359349968 -9.72730602777
211 -0.633664808815 -13.2359988148 -9.59078305769
212 -0.633902763871 -13.2363018865 -9.56865399084
213 -0.634077321016 -13.2365251727 -9.55175604383
214 -0.634268176317 -13.2367702373 -9.57325125386
215 -0.634173801095 -13.2366489348 -9.54900800825
216 -0.634056417807 -13.2364983913 -9.63777231095
217 -0.634360850045 -13.236889584 -9.55301667151
218 -0.634824365008 -13.237489943 -9.54177825463
219 -0.634978249335 -13.237690525 -9.46260674457
220 -0.635152466551 -13.2379183714 -9.45032568068
221 -0.635335111572 -13.2381581078 -9.66664340433
222 -0.635441385874 -13.2382980102 -9.69745791292
223 -0.635598507118 -13.2385053997 -9.51359477496
224 -0.635708029967 -13.238650351 -9.67724847905
225 -0.635626323459 -13.2385421838 -9.52930220154
226 -0.635755694272 -13.2387135334 -9.5820150744
227 -0.636024334071 -13.2390707645 -9.60360033056
228 -0.636103440238 -13.2391763238 -9.58915048119
229 -0.636040555614 -13.239092397 -9.67171140267
230 -0.636307561392 -13.2394494715 -9.42272260755
231 -0.636346612165 -13.2395018541 -9.72060790833
232 -0.636466784434 -13.2396633068 -9.5612671676
233 -0.636423458644 -13.2396050539 -9.48400914312
234 -0.636631545701 -13.2398852889 -9.48718966085
235 -0.636940280865 -13.2403031872 -9.46003606316
236 -0.637036250844 -13.2404336058 -9.57548063106
237 -0.637006571387 -13.2403932468 -9.65337036899
238 -0.637184629169 -13.240635726 -9.47349420383
239 -0.6373321965 -13.2408373207 -9.52439573543
240 -0.637503657552 -13.2410722823 -9.54968844209
241 -0.637565772622 -13.2411575941 -9.56336567608
242 -0.637941531572 -13.2416758593 -9.50412179445
243 -0.63806265431 -13.2418437149 -9.63867239614
244 -0.638382296665 -13.2422885506 -9.56297638534
245 -0.638479815893 -13.2424248033 -9.59564383069
246 -0.638895946665 -13.2430090438 -9.55335512913
247 -0.63915773664 -13.2433789391 -9.55092985536
248 -0.639201738365 -13.243441289 -9.41899723743
249 -0.639281672427 -13.2435546855 -9.54117414301
250 -0.639672604091 -13.2441117024 -9.51767511085
251 -0.639659364705 -13.2440927723 -9.56515176368
252 -0.639991798264 -13.2445694971 -9.55854380676
253 -0.640055384792 -13.2446610154 -9.58449177753
254 -0.640133648803 -13.244773805 -9.58321867697
255 -0.640240609474 -13.2449282118 -9.57906756157
256 -0.640489170504 -13.2452881962 -9.59356095502
257 -0.640366335437 -13.2451100938 -9.60357644558
258 -0.640255341306 -13.2449495021 -9.59602845974
259 -0.64042140394 -13.2451898902 -9.55883166857
260 -0.640416828005 -13.2451832564 -9.50011661904
261 -0.640716640135 -13.2456190618 -9.5283872976
262 -0.640891224935 -13.2458739287 -9.5521414332
263 -0.641192349987 -13.2463154115 -9.51263703882
264 -0.641470437427 -13.2467252391 -9.56409748915
265 -0.641433266956 -13.2466703418 -9.50865991304
266 -0.641689912 -13.2470501236 -9.60685134081
267 -0.641772951537 -13.247173376 -9.59990786156
268 -0.641734051706 -13.2471156159 -9.55431759671
269 -0.642002121242 -13.2475144648 -9.48005717172
270 -0.642094066375 -13.247651701 -9.41242573776
271 -0.642023391108 -13.2475461922 -9.5894911138
272 -0.642058233983 -13.2475981916 -9.49342055634
273 -0.642050906637 -13.2475872536 -9.58146981553
274 -0.642109647094 -13.2476749786 -9.56264106996
275 -0.642246576153 -13.2478798253 -9.56473285163
276 -0.642392215054 -13.2480982427 -9.57577872266
277 -0.64247398746 -13.2482211226 -9.48038283886
278 -0.64237568762 -13.2480734282 -9.55793259785
279 -0.642486060676 -13.2482392799 -9.62653646928
280 -0.642554608346 -13.248342444 -9.5767255081
281 -0.642612577291 -13.2484297834 -9.55715487122
282 -0.642884765624 -13.248841058 -9.54438861526
283 -0.642948632034 -13.2489378414 -9.55234542779
284 -0.642923448687 -13.2488996656 -9.52384521448
285 -0.643264959398 -13.2494187828 -9.45918971919
286 -0.643194673801 -13.2493116943 -9.6087904738
287 -0.643186632876 -13.2492994513 -9.56799447525
288 -0.643157704977 -13.2492554199 -9.51681239642
289 -0.643108671251 -13.2491808355 -9.52728811875
290 -0.643364265179 -13.2495703078 -9.58562462054
291 -0.64330995806 -13.2494874116 -9.65482228314
292 -0.643566073515 -13.2498790324 -9.57682946955
293 -0.643477187747 -13.2497429242 -9.6001394831
294 -0.643612662171 -13.249950455 -9.59761788826
295 -0.643784355843 -13.2502141606 -9.53372099452
296 -0.64362523677 -13.2499697422 -9.44870105283
297 -0.644010935071 -13.2505633476 -9.57854407283
298 -0.644239427346 -13.2509168446 -9.6418892392
299 -0.644322470866 -13.2510456587 -9.48099727317
300 -0.644474773586 -13.2512823744 -9.60218132758
301 -0.644550858913 -13.2514008569 -9.70236084001
302 -0.64456892253 -13.2514290084 -9.58767700302
303 -0.644604143236 -13.2514839232 -9.56770821897
304 -0.644718021568 -13.2516617001 -9.56688863567
305 -0.64450111459 -13.2513233763 -9.75726594154
306 -0.644656159781 -13.2515650848 -9.43406776069
307 -0.644781570486 -13.2517610546 -9.73302567724
308 -0.645023491208 -13.2521402479 -9.53541831795
309 -0.644965408905 -13.2520490685 -9.5624286553
310 -0.644878573955 -13.2519129167 -9.58102823396
311 -0.644813745413 -13.2518113982 -9.63608874493
312 -0.644946066421 -13.2520187236 -9.49447648762
313 -0.645207361931 -13.2524294755 -9.45286643914
314 -0.645370522248 -13.2526868657 -9.59825109018
315 -0.645461290413 -13.2528303562 -9.42795788547
316 -0.645624453799 -13.2530888338 -9.54433592057
317 -0.645680527622 -13.2531778244 -9.51002229238
318 -0.64604464018 -13.2537576781 -9.52913345723
319 -0.645912876454 -13.2535474432 -9.59861271362
320 -0.645842442283 -13.2534352482 -9.46329772729
321 -0.645707301152 -13.2532203437 -9.4991027799
322 -0.645769173683 -13.2533186756 -9.51810933442
323 -0.645966716896 -13.2536332933 -9.71322963838
324 -0.646110766884 -13.253863357 -9.55588544634
325 -0.646364089722 -13.2542692549 -9.56338940107
326 -0.646533929455 -13.2545423255 -9.67943529984
327 -0.646367649595 -13.2542749708 -9.34879180275
328 -0.646331620637 -13.2542171363 -9.54636040418
329 -0.646392053441 -13.2543141636 -9.37028547508
330 -0.646538263236 -13.2545493033 -9.5064218976
331 -0.646514305251 -13.254510735 -9.47901551357
332 -0.646436619397 -13.2543857771 -9.49091049405
333 -0.646515851718 -13.2545132241 -9.51407436357
334 -0.646349734456 -13.2542462088 -9.55494240915
335 -0.646475007179 -13.2544475043 -9.44652542718
336 -0.646712530086 -13.2548302934 -9.44168215998
337 -0.646711242686 -13.2548282147 -9.56154600087
338 -0.64680441762 -13.2549787728 -9.50023216365
339 -0.646896984559 -13.2551285726 -9.48081335326
340 -0.646904244369 -13.2551403305 -9.49088582875
341 -0.646957853079 -13.2552271969 -9.51003149771
342 -0.647196489131 -13.2556147863 -9.54630114179
343 -0.647417267733 -13.2559746926 -9.56320957419
344 -0.647744305282 -13.256510151 -9.49462040202
345 -0.647784061258 -13.2565754331 -9.53855912977
346 -0.64786103717 -13.25670195 -9.56982205532
347 -0.64784061346 -13.2566683668 -9.60399439383
348 -0.647972823765 -13.2568859558 -9.48943807145
349 -0.64790370112 -13.2567721384 -9.71770922826
350 -0.647728806421 -13.2564847119 -9.52898652268
351 -0.64759468224 -13.2562648278 -9.55769483004
352 -0.647689144878 -13.2564196417 -9.61632863331
353 -0.6477678191 -13.2565487574 -9.72534146079
354 -0.648069760421 -13.2570457811 -9.59103882504
355 -0.648251317885 -13.2573457831 -9.63922870255
356 -0.648635327785 -13.2579831362 -9.69364535482
357 -0.648658901933 -13.2580223878 -9.50937787803
358 -0.648849998179 -13.2583411009 -9.48076169175
359 -0.648749941171 -13.2581741061 -9.48953896095
360 -0.64863646877 -13.2579850357 -9.54480679726
361 -0.648670833031 -13.2580422589 -9.47390857082
362 -0.648793690664 -13.2582470918 -9.4847004176
363 -0.648685133548 -13.2580660811 -9.54285250555
364 -0.648782206774 -13.2582279288 -9.41311529737
365 -0.648883816615 -13.2583976025 -9.45137900558
366 -0.648880787378 -13.2583925402 -9.6122426489
367 -0.648957019301 -13.2585200065 -9.64994369097
368 -0.64847129209 -13.2577104123 -9.43217222149
369 -0.648539950372 -13.2578244777 -9.42802774381
370 -0.648759725823 -13.2581904251 -9.54851878023
371 -0.648687332837 -13.2580697452 -9.47368549257
372 -0.648328978657 -13.2574743699 -9.28036236525
373 -0.648466394156 -13.2577022798 -9.5093592012
374 -0.648361955069 -13.2575290181 -9.54370703213
375 -0.648288973301 -13.2574081115 -9.59530819596
376 -0.64822196313 -13.2572972198 -9.51963521606
377 -0.64839320044 -13.2575808236 -9.53828987071
378 -0.648276974202 -13.2573882462 -9.58303062553
379 -0.648437559757 -13.2576544159 -9.4700173484
380 -0.648279378198 -13.2573922259 -9.56329498651
381 -0.648311268237 -13.2574450321 -9.53673737765
382 -0.648496677526 -13.2577525721 -9.59596807533
383 -0.6486240039 -13.2579642868 -9.58668736022
384 -0.648445126919 -13.257666975 -9.4422971596
385 -0.648692969867 -13.2580791373 -9.54185685328
386 -0.648789530174 -13.2582401489 -9.58385699446
387 -0.648866101314 -13.2583680012 -9.48562761154
388 -0.64886765286 -13.2583705935 -9.6461977713
389 -0.648748344883 -13.258171444 -9.4547377672
390 -0.64893489993 -13.2584830055 -9.53632308816
391 -0.648848032627 -13.2583378179 -9.47795007654
392 -0.648940396941 -13.2584921996 -9.54640140251
393 -0.648888940588 -13.2584061659 -9.42799028087
394 -0.64875670483 -13.2581853864 -9.67462578757
395 -0.648880880673 -13.2583926962 -9.52132141139
396 -0.649004678272 -13.258599773 -9.47437734895
397 -0.648968097762 -13.2585385432 -9.4911087882
398 -0.648927942592 -13.25847137 -9.43086182173
399 -0.649198784232 -13.258925256 -9.48712288829
400 -0.649338800202 -13.2591606463 -9.57346226591
401 -0.649309529825 -13.2591113958 -9.60499274164
402 -0.649326138007 -13.2591393381 -9.50771429161
403 -0.649358365576 -13.2591935795 -9.51765623998
404 -0.649519744425 -13.2594655973 -9.40183796055
405 -0.649585336215 -13.2595763509 -9.48731027323
406 -0.649509391153 -13.2594481257 -9.47851474537
407 -0.649406480471 -13.2592746105 -9.48651346327
408 -0.649279799372 -13.259061394 -9.53128783286
409 -0.649344861314 -13.2591708475 -9.61934607684
410 -0.64951240947 -13.2594532189 -9.55197070991
411 -0.649425574346 -13.2593067835 -9.52090752903
412 -0.649676892545 -13.259731133 -9.70781963526
413 -0.649632411955 -13.2596559084 -9.56248394885
414 -0.649603557607 -13.259607138 -9.53185392454
415 -0.649586388446 -13.2595781285 -9.56191132872
416 -0.649757041802 -13.2598668091 -9.72014058005
417 -0.649636019524 -13.2596620076 -9.61224871138
418 -0.649600373562 -13.2596017576 -9.62243751574
419 -0.649802508664 -13.2599438491 -9.38542988324
420 -0.649702566772 -13.259774576 -9.47449465
421 -0.649576053513 -13.25956067 -9.56399659779
422 -0.649573249038 -13.259555933 -9.48707995597
423 -0.649809983831 -13.2599565203 -9.54539736255
424 -0.649809950101 -13.2599564631 -9.69830829091
425 -0.649640276128 -13.2596692044 -9.74257213846
426 -0.649563631728 -13.2595396899 -9.6505091698
427 -0.649417847237 -13.2592937623 -9.54768519489
428 -0.649722515731 -13.2598083432 -9.58125912264
429 -0.649870904496 -13.2600598414 -9.54162115506
430 -0.649896717117 -13.2601036485 -9.38368566961
431 -0.6498351694 -13.2599992232 -9.48328215466
432 -0.649860198261 -13.2600416767 -9.68333199015
433 -0.649849041089 -13.2600227501 -9.65243231581
434 -0.650029617578 -13.2603294697 -9.59443663053
435 -0.650001985157 -13.2602824797 -9.60258872568
436 -0.65023219484 -13.2606745646 -9.64868290018
437 -0.6501397016 -13.2605168684 -9.63441717935
438 -0.650180697228 -13.2605867365 -9.59284369588
439 -0.650127021979 -13.2604952676 -9.61748912363
440 -0.650439895175 -13.2610294906 -9.49887577595
441 -0.650510394786 -13.2611502169 -9.57187692078
442 -0.650447255534 -13.2610420888 -9.4697494758
443 -0.65060771234 -13.2613170788 -9.59711655697
444 -0.650453431458 -13.2610526607 -9.59230983894
445 -0.650416155551 -13.2609888669 -9.53828089865
446 -0.650510347577 -13.2611501361 -9.40338720669
447 -0.650332373042 -13.2608456133 -9.5238398318
448 -0.650337352746 -13.2608541227 -9.53837072939
449 -0.650151979939 -13.2605377896 -9.56750873106
450 -0.649941930569 -13.2601804227 -9.53164143057
451 -0.650125929147 -13.260493406 -9.55960866756
452 -0.650104273521 -13.2604565241 -9.37393834388
453 -0.649835783097 -13.260000264 -9.68930280339
454 -0.649869201295 -13.2600569515 -9.58905870542
455 -0.649904370931 -13.2601166413 -9.57283434421
456 -0.649861350991 -13.2600436324 -9.53637604301
457 -0.649738989502 -13.2598362357 -9.51204175798
458 -0.649715011275 -13.2597956393 -9.64241626252
459 -0.649678683152 -13.2597341623 -9.59374801996
460 -0.649656513266 -13.2596966616 -9.40586860903
461 -0.649504617526 -13.2594400709 -9.59003255084
462 -0.649328366738 -13.2591430884 -9.52092846917
463 -0.649192048822 -13.2589139455 -9.52283811187
464 -0.64910667444 -13.2587706815 -9.47072599804
465 -0.6493643926 -13.2592037264 -9.57288567619
466 -0.649401658674 -13.2592664874 -9.61192155184
467 -0.649203196255 -13.2589326656 -9.50301675573
468 -0.649258705014 -13.2590259306 -9.7035741724
469 -0.649208017841 -13.2589407636 -9.55499393475
470 -0.648999465308 -13.2585910452 -9.56643859792
471 -0.648831540832 -13.2583102761 -9.63504197087
472 -0.648859656662 -13.2583572346 -9.56762867088
473 -0.649007202951 -13.2586040002 -9.66664052629
474 -0.64910750363 -13.258772072 -9.72738204933
475 -0.649019197379 -13.2586240853 -9.63513614701
476 -0.649082297975 -13.2587298108 -9.47588015096
477 -0.649155169471 -13.2588520362 -9.50283455927
478 -0.649060689729 -13.2586935944 -9.57291312215
479 -0.649102782623 -13.2587641553 -9.44723167422
480 -0.649251441307 -13.2590137217 -9.5658256872
481 -0.649451996076 -13.2593513194 -9.53711648351
482 -0.649533591891 -13.2594889698 -9.66899921952
483 -0.649380480385 -13.2592308159 -9.61437419878
484 -0.649269246325 -13.259043651 -9.56577642874
485 -0.649531057008 -13.2594846909 -9.47575650496
486 -0.649513840256 -13.2594556334 -9.57397874271
487 -0.649472902576 -13.2593865718 -9.53271904568
488 -0.649608925708 -13.2596162097 -9.58115515284
489 -0.649638073925 -13.259665481 -9.52949034034
490 -0.649636727085 -13.2596632038 -9.52463241138
491 -0.649557099528 -13.2595286588 -9.55617417688
492 -0.649569612591 -13.2595497909 -9.52993004534
493 -0.649675331861 -13.2597284927 -9.40992339853
494 -0.64965169029 -13.2596885052 -9.59564397741
495 -0.649588336785 -13.2595814201 -9.59449584208
496 -0.649618136273 -13.2596317766 -9.46818955004
497 -0.649662093803 -13.2597061 -9.46343927974
498 -0.649454860955 -13.2593561494 -9.62304479865
499 -0.649591531386 -13.2595868174 -9.46559494885
500 -0.649589431231 -13.2595832692 -9.53144606187
501 -0.649887920552 -13.2600887178 -9.61029350296
502 -0.650259875788 -13.2607218023 -9.56052256782
503 -0.650454169346 -13.2610539239 -9.57214970041
504 -0.650624500218 -13.2613458883 -9.51845544905
505 -0.650756745 -13.2615730873 -9.56964370639
506 -0.651041397945 -13.2620636619 -9.65236262606
507 -0.651156233071 -13.2622621638 -9.57449356372
508 -0.65117675979 -13.2622976818 -9.70476419001
509 -0.651260046642 -13.2624419075 -9.50229776135
510 -0.651395040035 -13.2626760532 -9.63300815704
511 -0.651149788478 -13.2622510147 -9.54483073089
512 -0.651039195145 -13.2620598575 -9.58627600016
513 -0.650936809335 -13.2618831689 -9.51194890854
514 -0.650865401472 -13.2617600998 -9.60151506494
515 -0.650798385968 -13.2616447209 -9.64211965075
516 -0.650897572288 -13.2618155288 -9.64084782805
517 -0.650808866768 -13.2616627578 -9.63234471949
518 -0.650909153272 -13.2618354889 -9.51195171885
519 -0.651164914646 -13.2622771845 -9.62314461437
520 -0.651450226946 -13.2627719104 -9.53436576604
521 -0.651209781659 -13.2623548435 -9.70330076159
522 -0.650975317932 -13.2619495919 -9.69323421339
523 -0.651123963969 -13.2622063496 -9.50588797795
524 -0.65110642773 -13.2621760293 -9.6560824287
525 -0.651219285077 -13.2623712994 -9.41382483273
526 -0.651337719285 -13.2625765729 -9.52792611221
527 -0.651594671161 -13.2630231763 -9.59027450867
528 -0.65158905759 -13.2630134012 -9.59945538307
529 -0.651633958957 -13.2630916121 -9.68005140414
530 -0.651674799371 -13.2631627947 -9.55436313243
531 -0.651651581891 -13.2631223226 -9.56565471718
532 -0.651934438818 -13.2636163402 -9.52246762945
533 -0.651783428553 -13.2633523393 -9.45118847412
534 -0.651286719851 -13.2624881348 -9.6121400835
535 -0.651546107649 -13.2629386381 -9.69530704649
536 -0.651590924056 -13.2630166512 -9.54454268355
537 -0.65173271537 -13.2632638131 -9.85936910045
538 -0.651742824469 -13.2632814545 -9.38199180796
539 -0.651527226481 -13.2629057867 -9.73958942723
540 -0.651681183063 -13.263173925 -9.54058176351
541 -0.651784701054 -13.2633545615 -9.39251986951
542 -0.651809369314 -13.2633976478 -9.55964784105
543 -0.6517449508 -13.2632851655 -9.56609023648
544 -0.651734355723 -13.2632666755 -9.6355557677
545 -0.651623476687 -13.263073349 -9.62057413927
546 -0.651323331952 -13.262551617 -9.52879111426
547 -0.65123811918 -13.2624039189 -9.55665117918
548 -0.651276614316 -13.2624706187 -9.60228916821
549 -0.651192260464 -13.2623245104 -9.39033461298
550 -0.651163269452 -13.2622743378 -9.53545126924
551 -0.651140305688 -13.2622346116 -9.52086843145
552 -0.651161209183 -13.2622707731 -9.43948146177
553 -0.651128795092 -13.262214704 -9.53794902349
554 -0.650917394647 -13.2618496953 -9.68041173893
555 -0.650980317439 -13.2619582183 -9.53402354593
556 -0.651006865401 -13.2620040363 -9.49026747519
557 -0.650973614933 -13.2619466536 -9.54909285519
558 -0.651172252623 -13.262289882 -9.47104846715
559 -0.65099896571 -13.2619904007 -9.59155339521
560 -0.651206425398 -13.2623490324 -9.47377059076
561 -0.651136366631 -13.2622277986 -9.56724935168
562 -0.65110891417 -13.2621803279 -9.68754003841
563 -0.650979310419 -13.2619564807 -9.41258237757
564 -0.651094204628 -13.2621549002 -9.54182356989
565 -0.651382798155 -13.2626548002 -9.41737316857
566 -0.651304542188 -13.2625190329 -9.50616896923
567 -0.651319096161 -13.2625442708 -9.53757950224
568 -0.651236955859 -13.2624019038 -9.52763067606
569 -0.650868769007 -13.2617659007 -9.51849465396
570 -0.651014546917 -13.262017297 -9.45271555557
571 -0.651076659587 -13.2621245783 -9.72846879024
572 -0.650979655178 -13.2619570756 -9.4836157438
573 -0.650930868641 -13.2618729253 -9.61437855658
574 -0.65085276735 -13.2617383391 -9.41842804216
575 -0.650760980553 -13.2615803715 -9.5413007742
576 -0.651181581158 -13.262306026 -9.48760806317
577 -0.651300067545 -13.2625112745 -9.54022614419
578 -0.651175853801 -13.2622961139 -9.62093204786
579 -0.650876266792 -13.2617788173 -9.48686271399
580 -0.650689526991 -13.2614575489 -9.57186068127
581 -0.650827015433 -13.2616939973 -9.54628237319
582 -0.650699117747 -13.2614740269 -9.52256320425
583 -0.650833757077 -13.261705604 -9.65062613701
584 -0.650654010775 -13.2613965487 -9.33789303078
585 -0.650710980259 -13.2614944114 -9.50701074346
586 -0.650604379569 -13.2613113603 -9.50845014234
587 -0.650808936443 -13.2616628777 -9.59503194166
588 -0.650862265444 -13.261754698 -9.41045474749
589 -0.650877633267 -13.2617811716 -9.49714190038
590 -0.650858085356 -13.2617474982 -9.71028760766
591 -0.651076803249 -13.2621248265 -9.51928105931
592 -0.650939138356 -13.2618871851 -9.54904356155
593 -0.650996218167 -13.2619856585 -9.54390689431
594 -0.651215066582 -13.2623639944 -9.52848608557
595 -0.651301527701 -13.2625138061 -9.6041194633
596 -0.651344220259 -13.2625878511 -9.46527564892
597 -0.651343747628 -13.2625870311 -9.44631130758
598 -0.651334224958 -13.2625705113 -9.62982454724
599 -0.651479969426 -13.2628236044 -9.58128095056
600 -0.651462355366 -13.2627929874 -9.51627606999
601 -0.651541917498 -13.2629313469 -9.5472607664
602 -0.651708026701 -13.26322074 -9.49965952192
603 -0.651749597485 -13.2632932755 -9.61211610395
604 -0.651504906801 -13.2628669645 -9.52180529803
605 -0.651437281674 -13.2627494179 -9.4921610809
606 -0.651267955204 -13.2624556119 -9.74015519555
607 -0.651204842236 -13.2623462914 -9.62490572034
608 -0.651409288367 -13.2627007943 -9.71344259292
609 -0.651462620369 -13.262793448 -9.4851009913
610 -0.651530904671 -13.2629121857 -9.61960335047
611 -0.651379631301 -13.2626493029 -9.62973013247
612 -0.651299181071 -13.2625097376 -9.57400728357
613 -0.651363977047 -13.2626221328 -9.55437252485
614 -0.651494389494 -13.2628486755 -9.54902292745
615 -0.651597089 -13.2630273868 -9.55987258576
616 -0.651624011843 -13.2630742813 -9.57831559437
617 -0.651845104099 -13.2634600912 -9.64133674957
618 -0.651845047357 -13.2634599921 -9.55099702295
619 -0.651850171912 -13.2634689495 -9.62327231341
620 -0.651695017476 -13.2631980497 -9.60100151785
621 -0.651649525823 -13.2631187392 -9.57196494968
622 -0.651817476787 -13.263411812 -9.52620875067
623 -0.651738068835 -13.2632731551 -9.51743197412
624 -0.65175364569 -13.2633003415 -9.51847144101
625 -0.651884067284 -13.2635282136 -9.58221125211
626 -0.651846139447 -13.2634619009 -9.45720015781
627 -0.652067311781 -13.26384912 -9.58003741762
628 -0.651908573707 -13.2635710802 -9.49395747836
629 -0.652030966663 -13.2637854018 -9.54786734434
630 -0.652095101974 -13.2638978633 -9.57227651477
631 -0.652110379671 -13.2639246684 -9.50292525803
632 -0.652053797244 -13.2638254231 -9.63816690213
633 -0.651904250168 -13.2635635163 -9.5074963926
634 -0.651992658839 -13.2637182796 -9.46305018468
635 -0.651985894613 -13.2637064314 -9.57228290782
636 -0.652058123314 -13.2638330081 -9.50200201065
637 -0.651910641199 -13.2635746973 -9.42617726615
638 -0.651904881347 -13.2635646205 -9.41045935399
639 -0.651590774971 -13.2630163916 -9.58902343246
640 -0.651301957663 -13.2625145516 -9.50999180683
641 -0.651304974423 -13.2625197823 -9.60886587806
642 -0.651279941676 -13.2624763858 -9.51779072683
643 -0.65141716767 -13.2627144784 -9.55010191727
644 -0.651429208291 -13.2627353926 -9.43935059329
645 -0.651406340603 -13.2626956753 -9.40999620606
646 -0.65147432856 -13.2628137985 -9.46747484603
647 -0.651454975489 -13.262780162 -9.52963970591
648 -0.651521852767 -13.2628964386 -9.59141899501
649 -0.651446496918 -13.262765429 -9.58908510715
650 -0.65152905799 -13.2629089729 -9.73798173215
651 -0.65144763275 -13.2627674026 -9.62051289886
652 -0.651465372859 -13.2627982319 -9.48897420944
653 -0.651263660724 -13.26244817 -9.51153957224
654 -0.651290914314 -13.2624954059 -9.55778332687
655 -0.651369720428 -13.2626321005 -9.50931274584
656 -0.651161258921 -13.2622708592 -9.44830614756
657 -0.651268874885 -13.2624572057 -9.56437769215
658 -0.651380082383 -13.2626500859 -9.58776505043
659 -0.65142585194 -13.2627295624 -9.55404418394
660 -0.651465985507 -13.2627992967 -9.5869720235
661 -0.651483504173 -13.2628297495 -9.52470610799
662 -0.651614196316 -13.2630571823 -9.5272307276
663 -0.651766850182 -13.2633233924 -9.66779062045
664 -0.651967889694 -13.2636748997 -9.50976297578
665 -0.651935987905 -13.2636190514 -9.49599665559
666 -0.651928617009 -13.2636061514 -9.43067567695
667 -0.652030037282 -13.2637837729 -9.63148044574
668 -0.652052248949 -13.2638227086 -9.52434898552
669 -0.651877869656 -13.2635173752 -9.66788384646
670 -0.652042540001 -13.2638056878 -9.44289981255
671 -0.652076197056 -13.2638647024 -9.46515573573
672 -0.651931093018 -13.2636104846 -9.45128340571
673 -0.651774696965 -13.2633370925 -9.51801602379
674 -0.651878615372 -13.2635186792 -9.47976975293
675 -0.65188113324 -13.2635230824 -9.5268419586
676 -0.651953583925 -13.2636498523 -9.54364594512
677 -0.651947016289 -13.2636383551 -9.6173882538
678 -0.652136086687 -13.2639697857 -9.45641288599
679 -0.651841817651 -13.2634543471 -9.50357457261
680 -0.651993342606 -13.2637194773 -9.54203099794
681 -0.65207561389 -13.2638636796 -9.54313032414
682 -0.652034274418 -13.2637911994 -9.43981831043
683 -0.651937265838 -13.2636212881 -9.59606324106
684 -0.652016853744 -13.263760669 -9.63332533822
685 -0.651839544265 -13.2634503738 -9.53532067875
686 -0.65164109192 -13.2631040413 -9.56572588751
687 -0.651707962936 -13.2632206287 -9.58605472599
688 -0.651930154292 -13.2636088417 -9.52738602983
689 -0.652020920767 -13.2637677959 -9.55569957902
690 -0.652102324188 -13.2639105341 -9.62135411876
691 -0.652212688126 -13.2641043269 -9.48346968532
692 -0.652240132567 -13.2641525666 -9.54228337319
693 -0.652271956923 -13.2642085293 -9.62855871229
694 -0.652075927092 -13.2638642289 -9.38238152162
695 -0.651893706808 -13.2635450732 -9.60003811906
696 -0.651886203001 -13.2635319488 -9.56941974591
697 -0.651793132276 -13.2633692859 -9.48771412899
698 -0.651836032366 -13.2634442361 -9.66975386778
699 -0.652050099424 -13.26381894 -9.6512241249
700 -0.65234623862 -13.2643392545 -9.50118481795
701 -0.652202235408 -13.264085959 -9.52160890736
702 -0.652383136614 -13.2644042426 -9.62616142538
703 -0.652325613292 -13.2643029425 -9.63191340892
704 -0.652479510548 -13.264574151 -9.64648785949
705 -0.652512552055 -13.2646324587 -9.58123250735
706 -0.652755226074 -13.2650615643 -9.46267810869
707 -0.652693694974 -13.2649526189 -9.66955613352
708 -0.65247834956 -13.2645721027 -9.43781448565
709 -0.652410287749 -13.2644520861 -9.57779179208
710 -0.652633411238 -13.2648459767 -9.64193517752
711 -0.652805913538 -13.2651513837 -9.41733029055
712 -0.6528251188 -13.2651854331 -9.66453144888
713 -0.653181306251 -13.2658186506 -9.61733933928
714 -0.652968737981 -13.2654403606 -9.54315628384
715 -0.653205879371 -13.2658624564 -9.61815237605
716 -0.653476203882 -13.2663453838 -9.52930676088
717 -0.65345559534 -13.2663085009 -9.55708361704
718 -0.653314406639 -13.2660561112 -9.48851094391
719 -0.653126837966 -13.2657216069 -9.47498902756
720 -0.653149418307 -13.265761828 -9.56655098483
721 -0.653233582228 -13.2659118602 -9.50283547816
722 -0.653389457113 -13.2661902079 -9.53242382735
723 -0.653508737291 -13.2664036308 -9.57130797274
724 -0.653410351026 -13.266227566 -9.55712203968
725 -0.653310607312 -13.2660493266 -9.56864106045
726 -0.65349685859 -13.2663823603 -9.44474285
727 -0.65368056934 -13.2667117269 -9.5579245902
728 -0.6535044656 -13.2663959813 -9.56834486226
729 -0.653553316636 -13.2664834888 -9.75748839919
730 -0.653710299786 -13.266765111 -9.60838798554
731 -0.653476005764 -13.2663450292 -9.70319770805
732 -0.653666555818 -13.2666865721 -9.41539297403
733 -0.653812587197 -13.2669489525 -9.6576039143
734 -0.653636478574 -13.2666325993 -9.58658337746
735 -0.653731081803 -13.2668024408 -9.6019583382
736 -0.653713946049 -13.2667716598 -9.4266532058
737 -0.653766452833 -13.2668660017 -9.62052178091
738 -0.653792947244 -13.2669136326 -9.48661286567
739 -0.653541978145 -13.2664631726 -9.55765184355
740 -0.653659458682 -13.2666738344 -9.49901100229
741 -0.653512529963 -13.2664104229 -9.5650150954
742 -0.653648745606 -13.2666546094 -9.62084200286
743 -0.653556561017 -13.2664893027 -9.52058203019
744 -0.65361970027 -13.2666025012 -9.68268052186
745 -0.653527671155 -13.2664375421 -9.51366041741
746 -0.653767091781 -13.2668671502 -9.36687345639
747 -0.653739227978 -13.2668170764 -9.50951645451
748 -0.653842248166 -13.2670023126 -9.52721529975
749 -0.654048280558 -13.2673735904 -9.46946530375
750 -0.653988358488 -13.267265496 -9.43391356596
751 -0.653835756466 -13.2669906321 -9.61220797363
752 -0.653927295406 -13.2671554384 -9.58546106746
753 -0.653805980603 -13.2669370703 -9.64020927743
754 -0.653881486713 -13.2670729376 -9.60694090628
755 -0.653990850147 -13.2672699889 -9.53603897256
756 -0.65407000806 -13.2674128078 -9.56994333982
757 -0.654149069156 -13.2675556131 -9.55454549225
758 -0.65409007049 -13.2674490307 -9.49348129859
759 -0.654270578034 -13.2677754038 -9.54916584812
760 -0.654461357354 -13.2681212606 -9.5843036642
761 -0.654368819744 -13.2679533856 -9.55552016835
762 -0.654587856389 -13.2683511021 -9.54346058414
763 -0.654535791258 -13.2682564529 -9.54662455309
764 -0.65455249525 -13.2682868115 -9.42944237699
765 -0.654610809359 -13.2683928505 -9.51581736681
766 -0.654882403277 -13.2688878717 -9.63197618701
767 -0.65473639254 -13.2686215092 -9.47315935504
768 -0.654759272465 -13.2686632121 -9.62080748204
769 -0.65479314343 -13.2687249728 -9.51705808327
770 -0.654727045648 -13.2686044767 -9.50313953212
771 -0.654812015643 -13.2687593975 -9.61656895697
772 -0.65455976416 -13.2683000246 -9.57643814579
773 -0.65455836567 -13.2682974824 -9.4836630961
774 -0.654510969349 -13.2682113537 -9.63680178181
775 -0.654555128577 -13.2682915981 -9.55175884341
776 -0.654572986825 -13.2683240636 -9.52349803618
777 -0.654629585099 -13.2684270111 -9.60644567198
778 -0.65446073227 -13.2681201258 -9.5835155538
779 -0.654193084594 -13.2676351863 -9.55619067299
780 -0.654354412294 -13.2679272685 -9.54374769482
781 -0.65416308957 -13.2675809545 -9.61914527604
782 -0.654210363052 -13.2676664368 -9.46238890013
783 -0.654231320998 -13.2677043524 -9.59312208653
784 -0.654288100403 -13.2678071304 -9.63326988051
785 -0.654366377253 -13.2679489576 -9.45217985319
786 -0.654423054874 -13.2680517483 -9.57824251965
787 -0.654415284312 -13.2680376507 -9.60204366852
788 -0.654732045186 -13.2686135869 -9.57391222963
789 -0.654850461452 -13.2688295544 -9.44877737812
790 -0.6550039994 -13.2691101136 -9.58444410611
791 -0.655139574959 -13.2693583538 -9.5217884309
792 -0.655255319999 -13.2695706578 -9.56228597526
793 -0.655208863223 -13.2694854036 -9.56579940633
794 -0.655474776342 -13.2699741378 -9.66136053969
795 -0.655432108923 -13.2698955951 -9.62597177822
796 -0.655371310923 -13.269783758 -9.54892168778
797 -0.655494382548 -13.2700102449 -9.47235254169
798 -0.655476320379 -13.269976981 -9.4672180263
799 -0.655559413277 -13.270130077 -9.60989110449
800 -0.655463104675 -13.2699526478 -9.59754920429
801 -0.655455155149 -13.2699380131 -9.58409757437
802 -0.65516690893 -13.2694084597 -9.5433143329
803 -0.655224588398 -13.2695142551 -9.61103707494
804 -0.654915678039 -13.2689486504 -9.52877961464
805 -0.655035301039 -13.2691673852 -9.46845606109
806 -0.654795740037 -13.2687297087 -9.60887598109
807 -0.654869829291 -13.2688649118 -9.60741052649
808 -0.65493312429 -13.2689805285 -9.50996949425
809 -0.654730244505 -13.2686103056 -9.39309544279
810 -0.654796624218 -13.2687313214 -9.50722710335
811 -0.654801791368 -13.2687407463 -9.713607467
812 -0.654884917649 -13.2688924633 -9.62104376773
813 -0.654883596944 -13.2688900515 -9.51386165133
814 -0.655140287487 -13.2693596597 -9.50596775325
815 -0.654934799417 -13.2689835898 -9.49434122079
816 -0.654867435532 -13.2688605413 -9.55767705438
817 -0.655336608483 -13.269719966 -9.67691006859
818 -0.655253189064 -13.269566746 -9.50728423438
819 -0.655229513815 -13.2695232933 -9.55523418882
820 -0.655366967774 -13.2697757725 -9.47102597117
821 -0.655303781549 -13.26965965 -9.37922708556
822 -0.655324368862 -13.2696974738 -9.55506855499
823 -0.655131043784 -13.2693427192 -9.57894713175
824 -0.655040328101 -13.2691765854 -9.5210916033
825 -0.655096376233 -13.2692792052 -9.51238603181
826 -0.655095923414 -13.2692783758 -9.53663546527
827 -0.654967970279 -13.2690442233 -9.65825073206
828 -0.654755256765 -13.2686558917 -9.66022591415
829 -0.654595235563 -13.2683645224 -9.4574397615
830 -0.654529965712 -13.268245867 -9.52528618833
831 -0.65444522343 -13.2680919757 -9.56092414445
832 -0.654491669479 -13.2681762985 -9.73989008627
833 -0.654628126508 -13.268424357 -9.56929827493
834 -0.65475240924 -13.2686507012 -9.61502661509
835 -0.65489264275 -13.2689065717 -9.54265748172
836 -0.654715386675 -13.268583234 -9.47167152127
837 -0.654861726519 -13.2688501184 -9.56940846335
838 -0.655079620653 -13.2692485186 -9.49914499043
839 -0.654925285194 -13.2689662038 -9.72417198676
840 -0.65512171871 -13.2693256318 -9.58541868949
841 -0.654995288461 -13.2690941799 -9.45949228172
842 -0.655101021369 -13.2692877137 -9.56177386668
843 -0.655081393529 -13.2692517651 -9.60405430125
844 -0.655010984092 -13.2691228911 -9.58838227031
845 -0.65495645026 -13.2690231625 -9.48333745545
846 -0.654990031516 -13.2690845651 -9.36572828089
847 -0.654805723679 -13.2687479193 -9.41750571087
848 -0.65496000626 -13.2690296632 -9.68641625273
849 -0.654928130003 -13.2689714021 -9.56172038753
850 -0.654931003538 -13.268976653 -9.60887784565
851 -0.654748144297 -13.2686429273 -9.61435629256
852 -0.654849458839 -13.2688277244 -9.55956008949
853 -0.655044165929 -13.2691836096 -9.64138533696
854 -0.654907697181 -13.2689340702 -9.70811000948
855 -0.654889630502 -13.2689010703 -9.59164725063
856 -0.654760863434 -13.2686661124 -9.78240689262
857 -0.654836437001 -13.2688039578 -9.59166338438
858 -0.654763748184 -13.2686713715 -9.51400964868
859 -0.654725313395 -13.2686013203 -9.57356585475
860 -0.654756537534 -13.2686582264 -9.61143915267
861 -0.654684112225 -13.2685262693 -9.48372984367
862 -0.654499936568 -13.2681913132 -9.6316580941
863 -0.654451810236 -13.2681039307 -9.53784965762
864 -0.654658691603 -13.2684799855 -9.41753542402
865 -0.654640953291 -13.2684476988 -9.64701692992
866 -0.654641903109 -13.2684494274 -9.77405548961
867 -0.65444208854 -13.2680862863 -9.61795090524
868 -0.654508220537 -13.2682063603 -9.40082266423
869 -0.654284642906 -13.2678008696 -9.56410287784
870 -0.654369966502 -13.2679554647 -9.4610780539
871 -0.654492593666 -13.2681779769 -9.53885739473
872 -0.654539331444 -13.2682628864 -9.63277311277
873 -0.654494862253 -13.268182097 -9.52168668049
874 -0.654632373093 -13.2684320844 -9.44641648104
875 -0.654347063327 -13.2679139487 -9.62776865386
876 -0.654272487828 -13.2677788614 -9.53521137365
877 -0.654452769846 -13.2681056725 -9.64156102039
878 -0.654480059651 -13.2681552157 -9.5214252992
879 -0.654498130448 -13.2681880328 -9.52675079024
880 -0.654525485314 -13.268237726 -9.62067030375
881 -0.654585735175 -13.2683472446 -9.57205316691
882 -0.654677880436 -13.2685149214 -9.62407893728
883 -0.654748347707 -13.268643298 -9.48350595999
884 -0.654814719273 -13.2687643299 -9.47607620663
885 -0.654633449081 -13.2684340424 -9.65601852612
886 -0.654692857934 -13.2685421966 -9.49237530609
887 -0.65462738357 -13.2684230052 -9.46551118804
888 -0.654575987575 -13.2683295197 -9.59384674542
889 -0.654613950772 -13.2683985654 -9.66872766522
890 -0.654617634873 -13.2684052678 -9.55149038402
891 -0.654563383622 -13.2683066044 -9.50718974171
892 -0.654370386907 -13.2679562268 -9.49537221229
893 -0.654750285465 -13.26864683 -9.58659585622
894 -0.6546896412 -13.2685363382 -9.5844568963
895 -0.654548350444 -13.2682792779 -9.61604447188
896 -0.65449046772 -13.268174116 -9.60273544741
897 -0.654535814762 -13.2682564956 -9.54843150222
898 -0.654539731749 -13.2682636139 -9.66347417271
899 -0.654528794656 -13.2682437391 -9.61812471503
900 -0.654221748344 -13.2676870328 -9.54965510133
901 -0.654484079945 -13.2681625159 -9.52471245773
902 -0.654447416946 -13.2680959568 -9.56137068639
903 -0.654437173921 -13.2680773675 -9.52624092344
904 -0.654524039685 -13.2682350994 -9.49533532309
905 -0.654771685551 -13.2686858428 -9.58254231197
906 -0.65477130973 -13.2686851576 -9.56639660425
907 -0.654603185589 -13.2683789824 -9.57581616264
908 -0.654582592645 -13.26834153 -9.58753322997
909 -0.654686420303 -13.2685304724 -9.56832242743
910 -0.654527432247 -13.2682412636 -9.55540349547
911 -0.654580999386 -13.2683386328 -9.54331138712
912 -0.65465520141 -13.2684736321 -9.51949125666
913 -0.654825104215 -13.2687832776 -9.49019467941
914 -0.654840265865 -13.2688109455 -9.68947831801
915 -0.654761990556 -13.2686681672 -9.61606306389
916 -0.654949364229 -13.2690102095 -9.60257825652
917 -0.654849081701 -13.268827036 -9.57916151101
918 -0.654909887355 -13.2689380712 -9.58885189574
919 -0.655089663031 -13.2692669096 -9.61180033944
920 -0.655115436819 -13.269314122 -9.50120200723
921 -0.654908368625 -13.2689352968 -9.56290592179
922 -0.654714971188 -13.2685824771 -9.50720784495
923 -0.654785855146 -13.2687116808 -9.49204999563
924 -0.654528092267 -13.2682424628 -9.57422110834
925 -0.654693378977 -13.2685431455 -9.53322062266
926 -0.654532181771 -13.2682498938 -9.61383227006
927 -0.65449720128 -13.2681863452 -9.54726978031
928 -0.654485952362 -13.2681659161 -9.5384910788
929 -0.654323376093 -13.2678710258 -9.59539022931
930 -0.654381831006 -13.2679769764 -9.49565660296
931 -0.654588511747 -13.268352294 -9.73819503161
932 -0.65433111735 -13.2678850519 -9.74741489253
933 -0.654204253608 -13.2676553861 -9.60247713396
934 -0.65415370425 -13.2675639903 -9.39619451282
935 -0.654097864234 -13.2674631051 -9.39882218265
936 -0.653969200168 -13.2672309555 -9.44651437624
937 -0.654234676727 -13.2677104244 -9.50978142854
938 -0.654232748383 -13.2677069351 -9.57931902471
939 -0.654267655575 -13.2677701131 -9.50835252124
940 -0.654481674503 -13.2681581479 -9.5574231411
941 -0.654471272628 -13.2681392612 -9.45432801638
942 -0.654228437825 -13.2676991357 -9.62584163328
943 -0.654409522409 -13.2680271983 -9.60927756443
944 -0.654331334252 -13.2678854449 -9.49509160097
945 -0.654407169402 -13.26802293 -9.53881279197
946 -0.654507921344 -13.2682058168 -9.51072790717
947 -0.654570770622 -13.2683200342 -9.46028090636
948 -0.654486543401 -13.2681669894 -9.51115006512
949 -0.654427042887 -13.2680589841 -9.63845484796
950 -0.654339011827 -13.2678993572 -9.5257861932
951 -0.654442383932 -13.2680868224 -9.59571385737
952 -0.654401627958 -13.2680128787 -9.42454385048
953 -0.654432025399 -13.2680680248 -9.37640587435
954 -0.654316203874 -13.267858032 -9.54520752513
955 -0.654349122714 -13.2679176812 -9.42119377282
956 -0.654473588581 -13.268143466 -9.44122278155
957 -0.654491563519 -13.2681761061 -9.48040197519
958 -0.654635699234 -13.2684381371 -9.58676742313
959 -0.654458070986 -13.2681152949 -9.62975058679
960 -0.65433498206 -13.2678920548 -9.61036739448
961 -0.654316234715 -13.2678580879 -9.66459323396
962 -0.654335450216 -13.2678929031 -9.47790383903
963 -0.654205801043 -13.267658185 -9.48265719497
964 -0.65437587744 -13.2679661814 -9.56851097051
965 -0.654481891968 -13.2681585428 -9.57146359111
966 -0.65451482765 -13.2682183628 -9.59040196862
967 -0.654835451954 -13.2688021602 -9.58437496027
968 -0.65464234714 -13.2684502356 -9.46697900703
969 -0.654621495513 -13.2684122918 -9.45240265549
970 -0.654580911353 -13.2683384727 -9.588396451
971 -0.654620725933 -13.2684108916 -9.6438117171
972 -0.65462874246 -13.2684254778 -9.51703733373
973 -0.654418702444 -13.2680438518 -9.50038424203
974 -0.654474886528 -13.2681458227 -9.45734393787
975 -0.654514872042 -13.2682184435 -9.44805825175
976 -0.654730890225 -13.2686114822 -9.64887160888
977 -0.654909964284 -13.2689382118 -9.58486119977
978 -0.655081350178 -13.2692516857 -9.69700798791
979 -0.655022536618 -13.2691440275 -9.60108732041
980 -0.655199035208 -13.269467375 -9.61611728414
981 -0.655267755288 -13.2695934875 -9.68630285142
982 -0.655210936503 -13.2694892072 -9.47617522991
983 -0.654964775243 -13.2690383818 -9.53181720397
984 -0.654819426899 -13.2687729188 -9.41423591899
985 -0.654674614273 -13.2685089742 -9.65111077882
986 -0.654837090197 -13.2688051499 -9.53486764363
987 -0.654744025085 -13.2686354194 -9.532434403
988 -0.65479931319 -13.268736226 -9.58580806384
989 -0.654678998557 -13.2685169574 -9.54761467413
990 -0.654691139766 -13.2685390674 -9.62920211581
991 -0.654877885232 -13.2688796213 -9.57787595325
992 -0.654961127323 -13.2690317127 -9.46455998055
993 -0.65506663285 -13.2692247373 -9.57134230007
994 -0.655437323906 -13.2699051924 -9.55341161192
995 -0.655252059522 -13.2695646726 -9.62161388078
996 -0.655156356708 -13.2693891142 -9.45679336257
997 -0.655075420725 -13.2692408278 -9.61584146448
998 -0.65524658243 -13.269554619 -9.47273786341
999 -0.655424004005 -13.2698806807 -9.53383584948
1000 -0.655479785659 -13.2699833621 -9.48177443931
