10000 0.001 1.0 gpomdp 1000000

1 -0.575853 -13.20910981 -9.5471963176
2 -0.576472193203 -13.2088815635 -9.6252616253
3 -0.577042390407 -13.2086817535 -9.58113780254
4 -0.577615654885 -13.2084908806 -9.57228766949
5 -0.57815462866 -13.2083205669 -9.62371472993
6 -0.578728566 -13.2081489303 -9.55867963195
7 -0.579243894077 -13.2080033548 -9.57388024386
8 -0.579797624431 -13.2078559172 -9.58813008142
9 -0.580305403954 -13.207728885 -9.56195207689
10 -0.58088206027 -13.2075940867 -9.6078935495
11 -0.581382767774 -13.207485195 -9.56442843506
12 -0.581991546547 -13.2073629928 -9.61421725991
13 -0.582515615179 -13.2072667405 -9.5730779016
14 -0.583073299963 -13.2071733904 -9.54690961539
15 -0.583606750059 -13.2070928413 -9.54980970756
16 -0.584038459108 -13.2070339058 -9.55464216552
17 -0.584481139836 -13.2069792722 -9.5692560648
18 -0.584971339733 -13.2069256176 -9.59814481943
19 -0.585490600823 -13.2068766163 -9.57900170745
20 -0.586025481107 -13.2068345565 -9.54886555086
21 -0.586403072819 -13.2068100008 -9.57136892036
22 -0.586843319736 -13.2067867312 -9.60264532846
23 -0.587376742622 -13.2067662601 -9.59745743378
24 -0.587878108064 -13.2067547244 -9.55926605776
25 -0.588353163338 -13.2067506738 -9.56820085612
26 -0.588798905273 -13.2067529531 -9.56347865769
27 -0.589236102698 -13.2067609001 -9.55038015637
28 -0.589726714321 -13.206776545 -9.55175868997
29 -0.590191673436 -13.2067979298 -9.56232701783
30 -0.590646766941 -13.2068250335 -9.60178188942
31 -0.591195923547 -13.2068658592 -9.56161841842
32 -0.591674974453 -13.206908716 -9.59129306079
33 -0.592147611044 -13.2069576047 -9.57275167299
34 -0.592658568958 -13.2070178287 -9.59110479685
35 -0.593016412495 -13.2070645606 -9.55349541387
36 -0.593437435555 -13.2071243423 -9.58633268297
37 -0.593808224967 -13.2071812837 -9.56811354338
38 -0.594262173752 -13.2072564635 -9.54549698741
39 -0.594723664693 -13.2073390557 -9.52300417588
40 -0.595118589771 -13.2074146635 -9.58206285244
41 -0.595545686877 -13.2075015414 -9.5607326533
42 -0.596035361711 -13.2076076761 -9.57422016623
43 -0.596441127006 -13.2077009013 -9.51806267166
44 -0.596839569151 -13.2077970932 -9.59331616442
45 -0.597227827449 -13.2078952538 -9.55268155961
46 -0.597644118351 -13.2080053515 -9.51999598074
47 -0.598022074388 -13.2081096533 -9.54047769535
48 -0.598369398026 -13.2082091423 -9.57031423273
49 -0.598784148904 -13.2083325092 -9.58011695626
50 -0.59912614217 -13.2084379679 -9.58543252404
51 -0.599489153037 -13.2085535962 -9.54077442781
52 -0.599940880565 -13.2087027823 -9.57845673464
53 -0.600260405689 -13.2088118527 -9.55518288951
54 -0.600769806494 -13.2089918056 -9.57377174837
55 -0.601186616504 -13.2091445916 -9.58807929074
56 -0.601543992412 -13.2092795592 -9.5625950567
57 -0.601970656177 -13.2094454869 -9.59337643084
58 -0.602310151143 -13.2095812382 -9.56774372097
59 -0.602622666864 -13.2097091157 -9.59290585543
60 -0.603066696223 -13.2098956069 -9.5781179192
61 -0.603414485632 -13.2100456091 -9.57593923861
62 -0.603744373169 -13.2101910789 -9.61556343308
63 -0.604100331156 -13.2103515242 -9.53409036706
64 -0.604525679286 -13.2105479786 -9.58227052894
65 -0.60490368013 -13.2107268848 -9.5698624888
66 -0.605207369145 -13.210873562 -9.55421809816
67 -0.60552770865 -13.2110311203 -9.54292294064
68 -0.605857827055 -13.2111965355 -9.57256326508
69 -0.606158037105 -13.2113496478 -9.55791308533
70 -0.606405920042 -13.2114779977 -9.55520623107
71 -0.606761738776 -13.2116652769 -9.57322217861
72 -0.60709135223 -13.2118419605 -9.59207441203
73 -0.607390680443 -13.2120050722 -9.57700878681
74 -0.607724832138 -13.2121901509 -9.55193471153
75 -0.608058294858 -13.2123779911 -9.63715549517
76 -0.608395077341 -13.2125708858 -9.59278560949
77 -0.608757245695 -13.2127818887 -9.55278803872
78 -0.609012763008 -13.2129329789 -9.55320724453
79 -0.609372555521 -13.213148844 -9.54015488405
80 -0.609663217882 -13.2133258923 -9.58372515358
81 -0.609963999371 -13.2135116047 -9.58143271794
82 -0.610221199208 -13.2136724241 -9.53648411546
83 -0.610525779087 -13.2138652706 -9.55716347431
84 -0.610765180189 -13.2140186756 -9.55273076739
85 -0.61106661685 -13.2142141177 -9.56425930572
86 -0.611265934722 -13.2143447476 -9.58178981121
87 -0.611594541018 -13.2145625403 -9.56810600665
88 -0.611877202919 -13.2147522999 -9.57079260011
89 -0.612141692222 -13.2149318834 -9.59834209616
90 -0.61243751482 -13.2151350581 -9.5624229813
91 -0.612754747127 -13.2153556534 -9.55114443798
92 -0.612999658483 -13.2155278801 -9.59178201313
93 -0.613249410737 -13.2157052343 -9.55174673457
94 -0.613504384819 -13.2158880906 -9.54358917365
95 -0.613767100875 -13.2160783941 -9.60487412759
96 -0.613978406678 -13.2162328523 -9.55029683893
97 -0.614284942126 -13.2164591297 -9.58015669325
98 -0.614492043134 -13.2166134864 -9.5682074864
99 -0.614730658858 -13.2167928103 -9.57835997681
100 -0.614964838627 -13.2169703388 -9.58852533554
