10000 1e-05 0.5 gpomdp 1000000

1 -0.575853 -7.13417489272 -3.68433658333
2 -0.575854526369 -7.13417456694 -3.70938829109
3 -0.575856576652 -7.13417412941 -3.72314802007
4 -0.575857896498 -7.13417384779 -3.66510132438
5 -0.575859081397 -7.13417359499 -3.65961804388
6 -0.57586059392 -7.13417327233 -3.67578702871
7 -0.57586246484 -7.13417287327 -3.68582502775
8 -0.57586297624 -7.1341727642 -3.69342384237
9 -0.575864819522 -7.13417237111 -3.67345129535
10 -0.57586598477 -7.13417212264 -3.67748454042
11 -0.57586670024 -7.13417197009 -3.67622290107
12 -0.575867858538 -7.13417172314 -3.69913664073
13 -0.575869888018 -7.13417129052 -3.69177869744
14 -0.575871226512 -7.13417100523 -3.6680117808
15 -0.575872827636 -7.13417066401 -3.67153254166
16 -0.575874564664 -7.13417029387 -3.68351171343
17 -0.575875964829 -7.13416999555 -3.68681728122
18 -0.575877943618 -7.13416957401 -3.68628891481
19 -0.575878937713 -7.13416936226 -3.69092820184
20 -0.575879827199 -7.13416917281 -3.69612107883
21 -0.575880805938 -7.13416896437 -3.6919674704
22 -0.575883132413 -7.13416846896 -3.69598633487
23 -0.575884237763 -7.13416823361 -3.67644839544
24 -0.575885886843 -7.13416788254 -3.69561335439
25 -0.575887478157 -7.13416754381 -3.68718484305
26 -0.575888904267 -7.13416724028 -3.69308001513
27 -0.575890722367 -7.13416685337 -3.69399721994
28 -0.575892346531 -7.13416650779 -3.6983742422
29 -0.575894580542 -7.13416603251 -3.70046594073
30 -0.575896282315 -7.13416567053 -3.70942689382
31 -0.575897706522 -7.13416536762 -3.70047949391
32 -0.575897941015 -7.13416531775 -3.67757838776
33 -0.575899259086 -7.13416503746 -3.6702977121
34 -0.575900594016 -7.13416475361 -3.71792152695
35 -0.575902830518 -7.13416427812 -3.64802400249
36 -0.575903302151 -7.13416417786 -3.67939773348
37 -0.575905390065 -7.13416373406 -3.67541472406
38 -0.575906491844 -7.1341634999 -3.68384079892
39 -0.575908151486 -7.13416314722 -3.69780019193
40 -0.575908127474 -7.13416315232 -3.67008927978
41 -0.575908626096 -7.13416304637 -3.68625560158
42 -0.575909788202 -7.13416279946 -3.70281827196
43 -0.575910720645 -7.13416260135 -3.66580845297
44 -0.575911674887 -7.13416239864 -3.6853413427
45 -0.575912969943 -7.13416212354 -3.68601796327
46 -0.575915020685 -7.13416168799 -3.68771795701
47 -0.575916701103 -7.13416133114 -3.67790350902
48 -0.575917816042 -7.1341610944 -3.69240861439
49 -0.575919802076 -7.13416067275 -3.68619277529
50 -0.575920144129 -7.13416060014 -3.68496887085
51 -0.575921134209 -7.13416038997 -3.68779879576
52 -0.575923201709 -7.13415995114 -3.67086113934
53 -0.575924902648 -7.13415959018 -3.69167448399
54 -0.575926012844 -7.1341593546 -3.68877930193
55 -0.575928603208 -7.13415880503 -3.68140838384
56 -0.575930547654 -7.13415839258 -3.67164612229
57 -0.575931800153 -7.13415812693 -3.67263416837
58 -0.57593398166 -7.13415766432 -3.65762596206
59 -0.57593531181 -7.13415738228 -3.68818699772
60 -0.575937328637 -7.13415695471 -3.68005091874
61 -0.575938429921 -7.13415672126 -3.68295571937
62 -0.575938983162 -7.13415660399 -3.68863030732
63 -0.575940256046 -7.13415633421 -3.70219001247
64 -0.575941642842 -7.13415604032 -3.68654570258
65 -0.575942415403 -7.13415587661 -3.68199722834
66 -0.575943683482 -7.13415560792 -3.68958228791
67 -0.575944802808 -7.13415537077 -3.68547235732
68 -0.575946614893 -7.13415498689 -3.69104213193
69 -0.575948655943 -7.13415455458 -3.66809164954
70 -0.575949728269 -7.13415432749 -3.67237321652
71 -0.575950537031 -7.13415415622 -3.68667863244
72 -0.575951394386 -7.13415397467 -3.69157129169
73 -0.575952691354 -7.13415370006 -3.66727055292
74 -0.575954186085 -7.13415338362 -3.66643976119
75 -0.575955996393 -7.13415300042 -3.68169707074
76 -0.575958207123 -7.13415253253 -3.69389219507
77 -0.575959511597 -7.13415225648 -3.69527672566
78 -0.575960706451 -7.13415200366 -3.67091227317
79 -0.575961590172 -7.13415181669 -3.69870019952
80 -0.575963585834 -7.13415139451 -3.67989359516
81 -0.5759653049 -7.1341510309 -3.70482968769
82 -0.575966908356 -7.13415069178 -3.69740044579
83 -0.575968891477 -7.13415027244 -3.69218055015
84 -0.575971003711 -7.13414982587 -3.70947630687
85 -0.575972186284 -7.13414957588 -3.68977402424
86 -0.575974383607 -7.13414911144 -3.67152096114
87 -0.575975713013 -7.13414883049 -3.70383285643
88 -0.575977688941 -7.13414841297 -3.67346784317
89 -0.575979730173 -7.13414798172 -3.70584542573
90 -0.575980931254 -7.134147728 -3.70159997159
91 -0.575982228544 -7.13414745399 -3.68091392276
92 -0.575982959595 -7.13414729959 -3.6668644672
93 -0.575984671771 -7.134146938 -3.69787096548
94 -0.575986608385 -7.13414652909 -3.69221931439
95 -0.575986718742 -7.13414650579 -3.68519168952
96 -0.575988357749 -7.13414615976 -3.67594824644
97 -0.575990523794 -7.13414570255 -3.67355704861
98 -0.575991992634 -7.13414539254 -3.679924896
99 -0.575993105399 -7.13414515771 -3.67742231607
100 -0.575994409899 -7.13414488245 -3.70209724531
