10000 0.001 0.5 gpomdp 1000000

1 -0.575853 -7.13417489272 -3.70033494417
2 -0.576037257579 -7.13413585752 -3.70970956604
3 -0.576183766587 -7.13410523844 -3.68173644042
4 -0.576320007494 -7.13407709825 -3.68991702434
5 -0.576480345799 -7.13404439164 -3.69942257818
6 -0.576673954854 -7.13400549008 -3.67236252894
7 -0.576835878136 -7.13397345199 -3.67897610442
8 -0.576997385054 -7.13394194694 -3.70441755053
9 -0.577196619499 -7.13390370217 -3.7080338907
10 -0.577327379719 -7.13387897353 -3.68013168207
11 -0.5774148334 -7.1338625992 -3.6730106321
12 -0.577531885171 -7.13384088927 -3.68071836007
13 -0.577683180203 -7.13381317771 -3.68006153825
14 -0.577767462617 -7.13379791125 -3.68784417222
15 -0.577802585009 -7.13379158546 -3.68547195427
16 -0.577897019355 -7.13377468242 -3.68442373542
17 -0.577957690509 -7.13376390369 -3.69871488647
18 -0.578146990907 -7.13373067982 -3.66512721788
19 -0.578302593159 -7.13370383161 -3.67763222264
20 -0.578428541679 -7.13368240465 -3.70438349697
21 -0.578540816947 -7.13366353359 -3.70046743185
22 -0.578717165676 -7.13363433016 -3.69281364679
23 -0.578853424065 -7.13361213129 -3.67246333732
24 -0.578962411994 -7.13359460456 -3.69949680326
25 -0.579024168425 -7.13358476373 -3.68836524396
26 -0.579113520248 -7.13357064138 -3.68798714738
27 -0.579192865549 -7.13355821534 -3.6842279931
28 -0.579452088615 -7.13351837126 -3.68860283844
29 -0.579535379629 -7.13350581334 -3.70216284848
30 -0.579656391424 -7.13348777987 -3.67938453671
31 -0.579778662619 -7.13346981336 -3.67721486918
32 -0.579810098986 -7.13346523546 -3.69215536146
33 -0.579913202451 -7.13345033975 -3.69145320125
34 -0.580042946785 -7.13343185357 -3.66160225635
35 -0.58008608621 -7.13342577077 -3.69794777228
36 -0.580191089825 -7.13341109791 -3.68397666367
37 -0.580334186881 -7.13339140545 -3.71513987326
38 -0.580435247882 -7.13337770865 -3.70451949244
39 -0.580488133625 -7.1333706106 -3.68074620774
40 -0.580611023878 -7.13335430136 -3.69148677589
41 -0.580715197747 -7.133340678 -3.69168096154
42 -0.580875521893 -7.13332007349 -3.70237391842
43 -0.580927877784 -7.13331343983 -3.69544490596
44 -0.58097913104 -7.13330699118 -3.67549864828
45 -0.581094919654 -7.13329258768 -3.68853054974
46 -0.581197380989 -7.13328003269 -3.69574670803
47 -0.581210336866 -7.13327845791 -3.69326112315
48 -0.581295800869 -7.13326814145 -3.70951605228
49 -0.581357959994 -7.13326071634 -3.67595553937
50 -0.58140543893 -7.13325508918 -3.6962439803
51 -0.58149369745 -7.13324473092 -3.70381163086
52 -0.581589560709 -7.13323363048 -3.68728485945
53 -0.581660513666 -7.1332255153 -3.69615397125
54 -0.581776915325 -7.13321238761 -3.71464866827
55 -0.581937725185 -7.13319463096 -3.68502801104
56 -0.581979217053 -7.13319012084 -3.67345681963
57 -0.582019750032 -7.13318574322 -3.68997061026
58 -0.582129557824 -7.13317402422 -3.69882007817
59 -0.58216432299 -7.13317035672 -3.69655847499
60 -0.582253995625 -7.1331609917 -3.69635859818
61 -0.582280571394 -7.1331582425 -3.65936920003
62 -0.582354115794 -7.13315069709 -3.68555012148
63 -0.58238298916 -7.1331477599 -3.67476014576
64 -0.582542528703 -7.13313178588 -3.69510860534
65 -0.582733883949 -7.13311319652 -3.68741143475
66 -0.582862962122 -7.13310100822 -3.69556678409
67 -0.582956283916 -7.13309237236 -3.69307803245
68 -0.583043529116 -7.13308443246 -3.7034291172
69 -0.583113766747 -7.13307813418 -3.69329455862
70 -0.583214986752 -7.13306920483 -3.68191155966
71 -0.583352306989 -7.13305736851 -3.65182953497
72 -0.583493920478 -7.13304549685 -3.70576491529
73 -0.583537461491 -7.13304191505 -3.68389467051
74 -0.583642096413 -7.1330334388 -3.68275065665
75 -0.583672476903 -7.13303101248 -3.71299007064
76 -0.58384132907 -7.13301781198 -3.6964978029
77 -0.583963976773 -7.13300852623 -3.70217454146
78 -0.58397847715 -7.13300744522 -3.72300909387
79 -0.584033918013 -7.13300334489 -3.71448418338
80 -0.5841110261 -7.13299772852 -3.66498302925
81 -0.584174180121 -7.13299320345 -3.66168744753
82 -0.584303858831 -7.13298412323 -3.68987934576
83 -0.58441137801 -7.1329768102 -3.68970499569
84 -0.584540922584 -7.1329682586 -3.70180334289
85 -0.584614100384 -7.13296355324 -3.70107539569
86 -0.584716579215 -7.13295711584 -3.68109391191
87 -0.584773739538 -7.13295360225 -3.68736441499
88 -0.584915250468 -7.13294514104 -3.69537956712
89 -0.585013252368 -7.1329394794 -3.70447513622
90 -0.585034260276 -7.13293828685 -3.67944648295
91 -0.584979095171 -7.13294143429 -3.68174763329
92 -0.585116419257 -7.13293369447 -3.7015118576
93 -0.58511663698 -7.13293368245 -3.70283450505
94 -0.585216733197 -7.13292824166 -3.7073510372
95 -0.585269761891 -7.13292542773 -3.66226243832
96 -0.585307066209 -7.13292347661 -3.69051879117
97 -0.585416772968 -7.13291787459 -3.70947566825
98 -0.585403616034 -7.13291853572 -3.65734701339
99 -0.585401850227 -7.13291862468 -3.69941985999
100 -0.585379554825 -7.13291975234 -3.6938124488
