4000 0.01 gpomdp 30000000

1 4000 0.01 [ 0.  0.  0.  0.] 40.1595
2 4000 0.01 [-0.00085969 -0.00379089  0.01537569  0.04537352] 40.815
3 4000 0.01 [-0.00228886 -0.00819822  0.03233833  0.09499545] 40.4455
4 4000 0.01 [-0.00378104 -0.01365208  0.04870212  0.14211529] 41.1995
5 4000 0.01 [-0.0074127  -0.01963281  0.06617021  0.19546121] 41.951
6 4000 0.01 [-0.00793982 -0.0242203   0.08530658  0.25299952] 41.5995
7 4000 0.01 [-0.00866934 -0.02902919  0.10245925  0.30488441] 42.09825
8 4000 0.01 [-0.01018341 -0.03555318  0.11948272  0.3565771 ] 41.82475
9 4000 0.01 [-0.0105515  -0.03920385  0.13600573  0.40440459] 42.87375
10 4000 0.01 [-0.01005101 -0.0387685   0.15449515  0.45748862] 42.797
11 4000 0.01 [-0.01125409 -0.04245179  0.17218044  0.50919506] 43.3305
12 4000 0.01 [-0.01144151 -0.04148169  0.1911068   0.5602414 ] 43.46475
13 4000 0.01 [-0.01248832 -0.04258297  0.20933019  0.61085796] 43.748
14 4000 0.01 [-0.01250462 -0.03847361  0.22981531  0.66793682] 44.298
15 4000 0.01 [-0.01324441 -0.03894232  0.24967418  0.72369425] 44.676
16 4000 0.01 [-0.01471503 -0.03897884  0.26945801  0.77853196] 44.597
17 4000 0.01 [-0.01423663 -0.0365278   0.2896607   0.8357268 ] 45.5565
18 4000 0.01 [-0.01439873 -0.03306519  0.31182284  0.89567274] 45.757
19 4000 0.01 [-0.01334344 -0.02688953  0.3342936   0.95512493] 46.344
20 4000 0.01 [-0.01203295 -0.02126163  0.35655562  1.01619929] 46.38675
21 4000 0.01 [-0.01087128 -0.01447394  0.37861436  1.0751363 ] 46.7415
22 4000 0.01 [-0.00936811 -0.00793067  0.40161665  1.13545055] 47.36425
23 4000 0.01 [ -7.93733311e-03   8.40176793e-04   4.24388897e-01   1.19259593e+00] 47.69825
24 4000 0.01 [-0.00301668  0.01362975  0.44731681  1.24978858] 48.57075
25 4000 0.01 [-0.00252919  0.02134742  0.47255814  1.31731323] 48.477
26 4000 0.01 [ -1.38014502e-04   3.47208128e-02   4.96870367e-01   1.37892863e+00] 49.3255
27 4000 0.01 [  3.46944145e-04   4.63160769e-02   5.23292181e-01   1.44646740e+00] 49.765
28 4000 0.01 [ 0.00529391  0.0657707   0.55117532  1.51382859] 50.8565
29 4000 0.01 [ 0.00555697  0.08175479  0.57857941  1.57745434] 51.53325
30 4000 0.01 [ 0.00704025  0.09912131  0.6081705   1.64928613] 51.42675
31 4000 0.01 [ 0.01275231  0.12084608  0.63776956  1.72137011] 52.283
32 4000 0.01 [ 0.01688006  0.1409173   0.66862838  1.79913008] 52.6765
33 4000 0.01 [ 0.01919281  0.16298117  0.70071646  1.87562194] 52.481
34 4000 0.01 [ 0.0226756   0.18681409  0.73081603  1.94750828] 54.20275
35 4000 0.01 [ 0.02920136  0.21955567  0.76471151  2.0267439 ] 55.43725
36 4000 0.01 [ 0.03490022  0.25776111  0.80111484  2.10816623] 55.7455
37 4000 0.01 [ 0.04391761  0.29965872  0.8390197   2.1938064 ] 56.70275
38 4000 0.01 [ 0.04752598  0.33262946  0.87702523  2.28066386] 57.68675
39 4000 0.01 [ 0.0591645   0.37790222  0.91575416  2.3650491 ] 58.99875
40 4000 0.01 [ 0.0703789   0.42990264  0.95865853  2.45525701] 60.75025
41 4000 0.01 [ 0.0811141   0.49073191  1.0050875   2.55375537] 61.86775
42 4000 0.01 [ 0.10410491  0.57157805  1.05645463  2.66142186] 64.759
43 4000 0.01 [ 0.12621278  0.66208528  1.11521645  2.78243083] 67.645
44 4000 0.01 [ 0.1625173   0.79542099  1.1859502   2.92090449] 72.453
45 4000 0.01 [ 0.20190129  0.96622839  1.2733038   3.08357961] 79.04825
46 4000 0.01 [ 0.2287458   1.14528127  1.37755246  3.28245045] 86.76275
47 4000 0.01 [ 0.20888373  1.28608292  1.49123058  3.51455964] 95.7415
48 4000 0.01 [ 0.12742126  1.29475299  1.58791497  3.74036932] 101.78575
49 4000 0.01 [ 0.04661488  1.33262227  1.69212863  3.96819496] 109.173
50 4000 0.01 [-0.0547224   1.35965102  1.79617699  4.19851061] 116.854
51 4000 0.01 [-0.22937285  1.25422665  1.87943626  4.40036855] 125.101
52 4000 0.01 [-0.38974967  1.33575775  2.00872324  4.63621198] 135.68425
53 4000 0.01 [-0.65212442  1.29212977  2.12647078  4.86564926] 149.78325
54 4000 0.01 [-0.71820547  1.72630095  2.30900968  5.0983708 ] 152.3865
55 4000 0.01 [-1.35802514  1.17265508  2.39665248  5.34398544] 122.261
56 4000 0.01 [-0.99269281  1.87400692  2.53246044  5.48281894] 175.63
57 4000 0.01 [-1.6917959   1.18119945  2.61706252  5.74442605] 120.18725
58 4000 0.01 [-1.41425356  1.72991803  2.72434867  5.85302347] 170.7195
59 4000 0.01 [-1.06517062  2.20161975  2.80162956  5.91812758] 173.56925
60 4000 0.01 [-1.55249744  1.62376817  2.87891521  6.17149453] 161.85375
61 4000 0.01 [-1.15091048  2.17659481  2.96145484  6.23683697] 186.033
62 4000 0.01 [-1.43778815  1.70892837  3.00081294  6.41494176] 174.3165
63 4000 0.01 [-1.04925882  2.19523132  3.06868372  6.46168816] 185.56575
64 4000 0.01 [-1.43822868  1.7027812   3.12197558  6.64534477] 175.969
65 4000 0.01 [-1.11289603  2.13585278  3.18916301  6.69196512] 193.25025
66 4000 0.01 [-1.25147915  1.85226226  3.20829113  6.78491981] 189.9225
67 4000 0.01 [-0.84493437  2.25160153  3.25720089  6.81779305] 183.48375
68 4000 0.01 [-1.23146035  1.86449578  3.32598459  6.99629026] 192.08075
69 4000 0.01 [-0.9543681   2.18528845  3.3696875   7.02019612] 192.10025
70 4000 0.01 [-1.18101194  1.87892055  3.40453859  7.13185788] 194.5255
71 4000 0.01 [-0.93411003  2.15633633  3.43844573  7.14770143] 194.3295
72 4000 0.01 [-1.09849031  1.89786135  3.46395598  7.23813458] 197.0655
