100 100000 0.95 gpomdp sample_bernstein 1000000

-0.5 -0.  -0.  -0.5
 -5.00000874e-01   5.92564589e-08   1.93975397e-07  -5.00000924e-01
 -5.00001999e-01  -1.64836748e-08   2.50185591e-07  -5.00002099e-01
 -5.00003483e-01   1.23146607e-07   2.77481540e-07  -5.00003146e-01
 -5.00004567e-01   2.39436465e-07   3.78872730e-07  -5.00004481e-01
 -5.00005944e-01   3.99584345e-07   2.89003864e-07  -5.00006021e-01
 -5.00007522e-01   5.99444482e-07   2.29139725e-07  -5.00007329e-01
 -5.00008247e-01   2.44807174e-07   6.95624532e-08  -5.00008407e-01
 -5.00009314e-01   1.82177133e-07  -2.35336806e-08  -5.00009762e-01
 -5.00010784e-01   5.25565225e-07   4.01794631e-07  -5.00010850e-01
 -5.00012122e-01   6.85087092e-07   5.33921956e-07  -5.00012220e-01
 -5.00013349e-01   6.17391182e-07   7.53603050e-07  -5.00013022e-01
 -5.00014558e-01   7.73030482e-07   5.29711295e-07  -5.00014433e-01
 -5.00015700e-01   5.96176113e-07   5.87582916e-08  -5.00015810e-01
 -5.00016449e-01   8.01758458e-07  -2.12711271e-07  -5.00017110e-01
 -5.00017529e-01   8.37783214e-07  -2.20308419e-07  -5.00017924e-01
 -5.00018494e-01   1.07790497e-06  -1.11926380e-07  -5.00019001e-01
 -5.00019867e-01   5.96286085e-07  -4.41863948e-07  -5.00020345e-01
 -5.00021336e-01   5.67976597e-07  -5.30151074e-07  -5.00021913e-01
 -5.00022476e-01   7.26777371e-07  -5.40311722e-07  -5.00023001e-01
 -5.00023747e-01   3.62285350e-07  -1.67206518e-07  -5.00024162e-01
 -5.00025017e-01   5.89443452e-07   5.48424822e-09  -5.00025624e-01
 -5.00026407e-01   7.95489197e-07  -1.07881309e-07  -5.00026605e-01
 -5.00027654e-01   6.90254062e-07  -2.84678073e-07  -5.00027803e-01
 -5.00028814e-01   4.58606123e-07  -2.02578038e-07  -5.00028716e-01
 -5.00030378e-01   5.89335435e-07  -5.29043036e-07  -5.00029886e-01
 -5.00031743e-01   5.29359934e-07  -2.21947727e-07  -5.00031099e-01
 -5.00032935e-01   1.41366982e-07  -6.20736021e-07  -5.00032543e-01
 -5.00033881e-01   1.60863860e-07  -7.68534742e-07  -5.00033418e-01
 -5.00035034e-01  -4.20603361e-07  -7.99403396e-07  -5.00034667e-01
 -5.00036685e-01  -1.06331782e-06  -7.15164926e-07  -5.00035626e-01
 -5.00037848e-01  -9.73383627e-07  -6.58852992e-07  -5.00036621e-01
 -5.00038563e-01  -1.00575044e-06  -2.65471210e-07  -5.00037754e-01
 -5.00040009e-01  -1.11290665e-06  -2.65072695e-07  -5.00039254e-01
 -5.00041318e-01  -1.33098525e-06  -5.83012410e-07  -5.00040405e-01
 -5.00042658e-01  -9.91021984e-07  -3.36630559e-07  -5.00041665e-01
 -5.00043786e-01  -1.53166199e-06  -5.93387247e-07  -5.00043065e-01
 -5.00045081e-01  -1.64917140e-06  -3.66418497e-07  -5.00044579e-01
 -5.00046484e-01  -1.86998191e-06  -5.13327532e-07  -5.00045828e-01
 -5.00047627e-01  -2.02450668e-06  -5.02190618e-07  -5.00047088e-01
 -5.00048671e-01  -2.01239514e-06  -4.05124684e-07  -5.00048649e-01
 -5.00049356e-01  -2.20798995e-06  -6.51641239e-07  -5.00049763e-01
 -5.00050766e-01  -2.00784361e-06  -6.16797836e-07  -5.00050730e-01
 -5.00052092e-01  -1.48868903e-06  -7.00056865e-07  -5.00051921e-01
 -5.00053189e-01  -1.70359270e-06  -9.16563894e-07  -5.00053018e-01
 -5.00054308e-01  -1.62628922e-06  -1.28027856e-06  -5.00054183e-01
 -5.00055351e-01  -1.37876700e-06  -8.78470922e-07  -5.00055090e-01
 -5.00056485e-01  -1.59317351e-06  -7.66116378e-07  -5.00056734e-01
 -5.00057675e-01  -1.49373782e-06  -8.84115593e-07  -5.00057699e-01
 -5.00059221e-01  -1.25510073e-06  -5.71271014e-07  -5.00059114e-01
 -5.00060459e-01  -1.50165427e-06  -9.59896172e-07  -5.00060413e-01
 -5.00061881e-01  -1.25019460e-06  -8.66204670e-07  -5.00061295e-01
 -5.00063201e-01  -1.26030966e-06  -6.89963114e-07  -5.00062761e-01
 -5.00064262e-01  -9.60932855e-07  -7.71910579e-07  -5.00063944e-01
 -5.00066023e-01  -6.46446545e-07  -8.73375549e-07  -5.00065164e-01
 -5.00067374e-01  -5.20708836e-07  -1.05538123e-06  -5.00066438e-01
 -5.00068608e-01  -5.24998211e-08  -1.10890826e-06  -5.00067403e-01
 -5.00069595e-01  -2.00887494e-07  -7.61837224e-07  -5.00068979e-01
 -5.00070544e-01  -2.35160067e-07  -5.82370898e-07  -5.00070199e-01
 -5.00071555e-01  -2.89227172e-07  -4.77252029e-07  -5.00071267e-01
 -5.00072514e-01  -2.79076154e-07  -4.95453075e-07  -5.00072289e-01
 -5.00073793e-01   2.18904540e-07  -1.64325762e-07  -5.00073649e-01
 -5.00074976e-01   1.96053450e-07  -3.31535245e-07  -5.00074770e-01
 -5.00076350e-01   3.89775890e-07   1.35908613e-07  -5.00076227e-01
 -5.00077462e-01   2.12721838e-07  -4.99670750e-07  -5.00077198e-01
 -5.00078522e-01   1.51289179e-07  -4.47355629e-07  -5.00078344e-01
 -5.00079634e-01   7.84213728e-08  -2.44484682e-07  -5.00079756e-01
 -5.00081000e-01  -1.97572053e-07  -3.58994783e-07  -5.00081022e-01
 -5.00082430e-01  -2.72246823e-07  -5.29525284e-07  -5.00081986e-01
 -5.00083479e-01  -5.31777915e-07  -2.89890970e-07  -5.00083031e-01
 -5.00084109e-01  -5.67523458e-07  -1.06624503e-06  -5.00084191e-01
 -5.00085302e-01  -2.09942079e-07  -8.09289215e-07  -5.00085643e-01
 -5.00086622e-01  -1.91462749e-07  -1.16091300e-06  -5.00087016e-01
 -5.00087724e-01  -1.66832928e-07  -7.56286747e-07  -5.00088468e-01
 -5.00088936e-01  -7.68789761e-08  -8.30219277e-07  -5.00089813e-01
 -5.00089492e-01  -1.64094922e-07  -9.36056598e-07  -5.00090607e-01
 -5.00091149e-01  -2.69257144e-07  -8.98782841e-07  -5.00091705e-01
 -5.00092422e-01   5.28514917e-08  -1.00147602e-06  -5.00092841e-01
 -5.00093573e-01  -1.49381881e-07  -8.51220929e-07  -5.00094063e-01
 -5.00094700e-01  -2.26718103e-07  -8.31991300e-07  -5.00095514e-01
 -5.00095879e-01  -3.83229718e-07  -1.10975178e-06  -5.00096785e-01
 -5.00097206e-01  -7.43842513e-07  -1.31960016e-06  -5.00098251e-01
 -5.00098388e-01  -8.18463964e-07  -9.30762526e-07  -5.00099345e-01
 -5.00099846e-01  -1.12021984e-06  -9.77585485e-07  -5.00100827e-01
 -5.00100984e-01  -1.05976352e-06  -7.20395671e-07  -5.00101978e-01
 -5.00102395e-01  -9.32815010e-07  -9.56098037e-07  -5.00103080e-01
 -5.00103663e-01  -4.48179883e-07  -1.75026110e-07  -5.00104254e-01
 -5.00104473e-01  -4.46856396e-07  -3.24290751e-07  -5.00105634e-01
 -5.00105709e-01  -6.09019695e-07  -5.48188974e-08  -5.00106414e-01
 -5.00106928e-01  -2.99300608e-07  -8.53620281e-08  -5.00107637e-01
 -5.00108484e-01  -2.35100547e-07  -3.01370191e-07  -5.00108947e-01
 -5.00109821e-01  -3.05371900e-07  -1.22324418e-07  -5.00110466e-01
 -5.00110928e-01  -1.10875678e-08  -1.47674809e-07  -5.00111662e-01
 -5.00112289e-01  -9.54473108e-08   2.01973073e-07  -5.00112755e-01
 -5.00113054e-01  -3.98445153e-08   1.79202202e-07  -5.00113931e-01
 -5.00114196e-01  -4.47141946e-08   4.10959311e-07  -5.00114873e-01
 -5.00115554e-01  -1.48361611e-07   5.64777453e-07  -5.00116161e-01
 -5.00116500e-01  -3.17699922e-08   3.91562723e-07  -5.00117082e-01
 -5.00117803e-01   8.12376196e-08   2.64019733e-07  -5.00118190e-01
 -5.00119169e-01  -5.75872703e-08  -4.69721893e-08  -5.00119009e-01
 -5.00120459e-01  -4.99048873e-07  -1.73694062e-07  -5.00120307e-01
 -5.00121517e-01  -3.89362471e-07  -4.01383982e-07  -5.00121516e-01
 -5.00122672e-01   1.61322727e-07  -3.29964355e-07  -5.00122875e-01
 -5.00123877e-01  -1.21447712e-07  -6.58378918e-07  -5.00124638e-01
 -5.00124854e-01  -4.23469758e-07  -2.26398856e-07  -5.00126240e-01
 -5.00125899e-01  -4.33114222e-07  -1.82309319e-07  -5.00127215e-01
 -5.00127272e-01  -3.89434917e-07  -4.75158868e-07  -5.00128004e-01
 -5.00128512e-01  -4.05325866e-07  -4.28387728e-07  -5.00129389e-01
 -5.00129631e-01  -7.37271148e-07  -6.71974867e-07  -5.00130603e-01
 -5.00130306e-01  -1.08531031e-06  -7.89853943e-07  -5.00131787e-01
 -5.00131434e-01  -8.59162765e-07  -1.43085382e-06  -5.00133023e-01
 -5.00132858e-01  -5.95660287e-07  -1.55132656e-06  -5.00134362e-01
 -5.00134379e-01  -9.59082323e-07  -1.83514080e-06  -5.00135428e-01
 -5.00135364e-01  -1.42525161e-06  -1.76013503e-06  -5.00136493e-01
 -5.00136866e-01  -1.39143248e-06  -2.07842015e-06  -5.00137735e-01
 -5.00138144e-01  -1.71460676e-06  -2.09559511e-06  -5.00138749e-01
 -5.00139545e-01  -1.72779772e-06  -2.50578932e-06  -5.00140291e-01
 -5.00140659e-01  -1.72846829e-06  -2.81166555e-06  -5.00141978e-01
 -5.00141771e-01  -2.11831698e-06  -2.78998262e-06  -5.00143096e-01
 -5.00142967e-01  -2.42558206e-06  -2.54927040e-06  -5.00144218e-01
 -5.00144105e-01  -2.94866767e-06  -2.38445680e-06  -5.00145181e-01
 -5.00145139e-01  -2.87512178e-06  -2.62107891e-06  -5.00146698e-01
 -5.00146791e-01  -2.62902799e-06  -2.91136574e-06  -5.00148004e-01
 -5.00147828e-01  -2.82373388e-06  -2.52345997e-06  -5.00149332e-01
 -5.00148512e-01  -3.29106220e-06  -2.11498223e-06  -5.00150397e-01
 -5.00149635e-01  -3.50504676e-06  -2.27894105e-06  -5.00151370e-01
 -5.00151033e-01  -3.80928356e-06  -1.98505630e-06  -5.00152693e-01
 -5.00152135e-01  -3.58916581e-06  -1.84410864e-06  -5.00153937e-01
 -5.00152997e-01  -3.35404020e-06  -1.43640224e-06  -5.00155299e-01
 -5.00154126e-01  -3.63614605e-06  -1.55620613e-06  -5.00156916e-01
 -5.00155419e-01  -4.05824117e-06  -1.70337031e-06  -5.00158558e-01
 -5.00156752e-01  -4.16017664e-06  -1.46475917e-06  -5.00159485e-01
 -5.00157693e-01  -4.05447571e-06  -1.22004612e-06  -5.00160674e-01
 -5.00158915e-01  -4.28773542e-06  -1.39286040e-06  -5.00161971e-01
 -5.00159660e-01  -4.57356118e-06  -8.18432615e-07  -5.00162766e-01
 -5.00160625e-01  -4.57892546e-06  -6.71790629e-07  -5.00163625e-01
 -5.00162028e-01  -4.58802461e-06  -7.77663148e-07  -5.00164801e-01
 -5.00163195e-01  -4.12272135e-06  -5.38902436e-07  -5.00165863e-01
 -5.00164904e-01  -3.79927850e-06  -5.97466771e-07  -5.00166979e-01
 -5.00165977e-01  -3.95592922e-06  -7.43523986e-07  -5.00168564e-01
 -5.00167406e-01  -3.99596171e-06  -8.01703733e-07  -5.00170275e-01
 -5.00168731e-01  -4.15933006e-06  -9.95674251e-07  -5.00171572e-01
 -5.00169893e-01  -4.13144151e-06  -7.63359809e-07  -5.00172401e-01
 -5.00171222e-01  -4.22010975e-06  -7.52077028e-07  -5.00173476e-01
 -5.00172236e-01  -4.12753643e-06  -5.50510273e-07  -5.00174535e-01
 -5.00173446e-01  -4.26330707e-06  -5.79703873e-07  -5.00175549e-01
 -5.00175002e-01  -4.07212831e-06  -6.31767156e-07  -5.00176417e-01
 -5.00176362e-01  -3.97890331e-06  -8.54730971e-07  -5.00177479e-01
 -5.00177595e-01  -3.55568258e-06  -3.64021811e-07  -5.00178996e-01
 -5.00178800e-01  -3.32522442e-06  -5.61503939e-07  -5.00180109e-01
 -5.00180002e-01  -3.65569299e-06  -3.95675754e-07  -5.00181436e-01
 -5.00181334e-01  -3.60817238e-06  -4.17812320e-08  -5.00182272e-01
 -5.00182696e-01  -3.51666768e-06  -4.26916212e-08  -5.00183234e-01
 -5.00183984e-01  -3.74129499e-06  -1.24654300e-07  -5.00184181e-01
 -5.00184788e-01  -3.75429191e-06   4.52851281e-07  -5.00185326e-01
 -5.00186168e-01  -3.35888373e-06   8.59145134e-07  -5.00186165e-01
 -5.00187094e-01  -3.67608364e-06   7.95918176e-07  -5.00187298e-01
 -5.00188048e-01  -3.51623815e-06   4.92321633e-07  -5.00188688e-01
 -5.00188952e-01  -3.47445424e-06   5.48118142e-07  -5.00189535e-01
 -5.00190225e-01  -3.09272113e-06   6.81862417e-07  -5.00190560e-01
 -5.00191537e-01  -3.04980702e-06   7.33346856e-07  -5.00191801e-01
 -5.00193015e-01  -3.24746950e-06   7.99184957e-07  -5.00192505e-01
 -5.00194002e-01  -3.52554365e-06   6.01961922e-07  -5.00193817e-01
 -5.00195099e-01  -2.89452010e-06   3.82126307e-07  -5.00194784e-01
 -5.00196122e-01  -3.16634259e-06   1.93424750e-07  -5.00195858e-01
 -5.00197167e-01  -2.75630824e-06   1.57464435e-07  -5.00196841e-01
 -5.00198145e-01  -2.86848395e-06   2.03007749e-07  -5.00197714e-01
 -5.00199665e-01  -2.67871694e-06   3.74224477e-07  -5.00198560e-01
 -5.00200893e-01  -2.60650690e-06   1.12768937e-07  -5.00200013e-01
 -5.00201970e-01  -2.88069930e-06  -1.68378953e-07  -5.00201115e-01
 -5.00203354e-01  -3.19135132e-06  -2.26525694e-07  -5.00202314e-01
 -5.00204468e-01  -3.68217047e-06  -3.17976011e-07  -5.00203571e-01
 -5.00205877e-01  -3.94532239e-06   1.13345284e-07  -5.00204897e-01
 -5.00207291e-01  -4.14472764e-06   3.33033127e-08  -5.00206196e-01
 -5.00208532e-01  -4.71783043e-06  -1.37753839e-07  -5.00207630e-01
 -5.00209939e-01  -5.23875545e-06  -4.18275117e-07  -5.00208993e-01
 -5.00211333e-01  -5.72684532e-06  -8.28405839e-07  -5.00210310e-01
 -5.00211977e-01  -5.85527634e-06  -1.10303405e-06  -5.00211286e-01
 -5.00213193e-01  -6.28285483e-06  -1.25450880e-06  -5.00212500e-01
 -5.00214643e-01  -6.34276840e-06  -9.88814530e-07  -5.00213866e-01
 -5.00215418e-01  -6.29794752e-06  -1.00152076e-06  -5.00214962e-01
 -5.00217330e-01  -6.47757777e-06  -1.13229864e-06  -5.00216226e-01
 -5.00218410e-01  -5.98337359e-06  -9.05365930e-07  -5.00216977e-01
 -5.00219938e-01  -6.23855238e-06  -4.29161902e-07  -5.00217940e-01
 -5.00221764e-01  -6.53854573e-06  -4.69109631e-07  -5.00219085e-01
 -5.00223062e-01  -6.46241936e-06  -2.24555183e-07  -5.00220781e-01
 -5.00224475e-01  -6.14901863e-06  -5.02223296e-07  -5.00222343e-01
 -5.00225741e-01  -6.26423037e-06  -4.27790595e-07  -5.00223400e-01
 -5.00226790e-01  -6.61068346e-06  -6.08867659e-07  -5.00224571e-01
 -5.00227733e-01  -6.71176124e-06  -4.96354174e-07  -5.00225495e-01
 -5.00229338e-01  -6.56592222e-06  -3.84931423e-07  -5.00226769e-01
 -5.00230613e-01  -6.06613472e-06  -5.07072542e-07  -5.00228117e-01
 -5.00231879e-01  -5.95911430e-06  -8.12484588e-07  -5.00229097e-01
 -5.00232986e-01  -6.48247102e-06  -8.66538329e-07  -5.00229850e-01
 -5.00234156e-01  -6.33759596e-06  -9.59555506e-07  -5.00230914e-01
 -5.00235065e-01  -6.15565908e-06  -8.49240556e-07  -5.00232274e-01
 -5.00235774e-01  -6.07300073e-06  -9.84115951e-07  -5.00232716e-01
 -5.00236844e-01  -6.06541258e-06  -9.27556894e-07  -5.00233698e-01
 -5.00237806e-01  -6.14413153e-06  -1.55859139e-06  -5.00234706e-01
 -5.00238886e-01  -6.03154372e-06  -1.73506293e-06  -5.00236223e-01
 -5.00239656e-01  -5.98848548e-06  -2.08534066e-06  -5.00237401e-01
 -5.00240920e-01  -5.78826843e-06  -2.30385504e-06  -5.00238440e-01
 -5.00242077e-01  -6.08670002e-06  -1.86303976e-06  -5.00239365e-01
 -5.00243150e-01  -6.18208079e-06  -1.66816541e-06  -5.00240859e-01
 -5.00243973e-01  -6.29408913e-06  -1.50291330e-06  -5.00242442e-01
 -5.00245218e-01  -6.62694496e-06  -1.65904613e-06  -5.00243602e-01
 -5.00246171e-01  -6.45884274e-06  -1.74632804e-06  -5.00244416e-01
 -5.00247485e-01  -6.50805549e-06  -1.75404441e-06  -5.00245650e-01
 -5.00248428e-01  -6.34958517e-06  -1.82511839e-06  -5.00247152e-01
 -5.00249685e-01  -6.23589469e-06  -1.69324939e-06  -5.00248123e-01
 -5.00251100e-01  -6.46789558e-06  -1.43456365e-06  -5.00249099e-01
 -5.00252216e-01  -6.59306010e-06  -1.54291859e-06  -5.00250355e-01
 -5.00253468e-01  -6.52997428e-06  -1.77538929e-06  -5.00251187e-01
 -5.00254786e-01  -6.11021240e-06  -1.76890151e-06  -5.00252534e-01
 -5.00255556e-01  -5.99951505e-06  -2.04399446e-06  -5.00253718e-01
 -5.00256409e-01  -6.27797096e-06  -2.04591753e-06  -5.00255048e-01
 -5.00257803e-01  -6.07614741e-06  -2.10523538e-06  -5.00256276e-01
 -5.00258740e-01  -5.58605258e-06  -1.79815161e-06  -5.00257333e-01
 -5.00260090e-01  -5.74499903e-06  -1.95005505e-06  -5.00258742e-01
 -5.00261469e-01  -5.87273769e-06  -2.18752463e-06  -5.00259956e-01
 -5.00262636e-01  -5.83706075e-06  -1.92874448e-06  -5.00260915e-01
 -5.00263820e-01  -5.91296877e-06  -1.94747391e-06  -5.00262397e-01
 -5.00264801e-01  -5.63732247e-06  -2.07395063e-06  -5.00263519e-01
 -5.00266231e-01  -5.83471283e-06  -2.34014581e-06  -5.00264655e-01
 -5.00267891e-01  -5.49382308e-06  -2.28094294e-06  -5.00265789e-01
 -5.00269196e-01  -5.60025173e-06  -2.48312040e-06  -5.00266975e-01
 -5.00270483e-01  -5.42128403e-06  -2.16640342e-06  -5.00268556e-01
 -5.00271723e-01  -5.81682375e-06  -1.73848701e-06  -5.00269522e-01
 -5.00273057e-01  -5.23735847e-06  -1.49869989e-06  -5.00270934e-01
 -5.00274627e-01  -5.10267851e-06  -1.27616678e-06  -5.00272006e-01
 -5.00275880e-01  -5.03021097e-06  -7.49792035e-07  -5.00273487e-01
 -5.00277350e-01  -5.15078564e-06  -6.37489093e-07  -5.00274439e-01
 -5.00278566e-01  -4.99071602e-06  -7.54098270e-07  -5.00275724e-01
 -5.00280056e-01  -5.07211748e-06  -7.67598567e-07  -5.00276780e-01
 -5.00281041e-01  -5.12723528e-06  -5.61150111e-07  -5.00277932e-01
 -5.00282259e-01  -5.17370631e-06  -2.62058477e-07  -5.00279351e-01
 -5.00283612e-01  -4.66468334e-06   4.06241434e-10  -5.00280681e-01
 -5.00284707e-01  -4.64163796e-06   8.28533348e-09  -5.00282229e-01
 -5.00286246e-01  -4.70406052e-06  -1.74320675e-07  -5.00283308e-01
 -5.00287756e-01  -4.78306316e-06  -1.14589919e-07  -5.00284506e-01
 -5.00289280e-01  -4.77274348e-06  -1.69320061e-07  -5.00285397e-01
 -5.00290461e-01  -4.56358102e-06  -1.74876341e-07  -5.00286914e-01
 -5.00291845e-01  -4.67166108e-06  -1.85984878e-07  -5.00288152e-01
 -5.00292930e-01  -4.99765627e-06  -1.01114556e-07  -5.00289352e-01
 -5.00294392e-01  -4.99424588e-06  -2.24104710e-07  -5.00290521e-01
 -5.00296401e-01  -4.82831209e-06  -4.38206680e-07  -5.00291952e-01
 -5.00297873e-01  -4.76851775e-06  -7.22350214e-07  -5.00293050e-01
 -5.00298955e-01  -4.97691749e-06  -9.86834301e-07  -5.00294060e-01
 -5.00300413e-01  -4.78465054e-06  -4.23507747e-07  -5.00295301e-01
 -5.00301666e-01  -4.69812983e-06  -5.74917776e-07  -5.00296238e-01
 -5.00302315e-01  -4.28105599e-06  -9.64921320e-07  -5.00297170e-01
 -5.00303006e-01  -4.18040904e-06  -1.30034672e-06  -5.00298313e-01
 -5.00304383e-01  -4.45191413e-06  -1.57670927e-06  -5.00298988e-01
 -5.00305619e-01  -3.78842206e-06  -1.33433747e-06  -5.00300142e-01
 -5.00306497e-01  -3.99526287e-06  -1.51607938e-06  -5.00301442e-01
 -5.00307924e-01  -3.41033088e-06  -1.45321811e-06  -5.00302863e-01
 -5.00309080e-01  -3.56426481e-06  -1.87307633e-06  -5.00304030e-01
 -5.00310418e-01  -3.84080156e-06  -1.89135082e-06  -5.00305360e-01
 -5.00311443e-01  -3.84290881e-06  -1.67593336e-06  -5.00306535e-01
 -5.00312583e-01  -3.00029907e-06  -1.75653287e-06  -5.00307481e-01
 -5.00313899e-01  -2.99770480e-06  -1.64855062e-06  -5.00308635e-01
 -5.00315360e-01  -3.21112807e-06  -1.37717304e-06  -5.00309975e-01
 -5.00316550e-01  -3.50985770e-06  -1.32176882e-06  -5.00311033e-01
 -5.00317801e-01  -3.46820335e-06  -7.26553651e-07  -5.00312257e-01
 -5.00319286e-01  -3.43682970e-06  -9.90125623e-07  -5.00313787e-01
 -5.00320497e-01  -3.56468618e-06  -1.15234725e-06  -5.00314740e-01
 -5.00321808e-01  -3.39720182e-06  -9.00968473e-07  -5.00315965e-01
 -5.00323170e-01  -3.34164529e-06  -6.23271430e-07  -5.00317331e-01
 -5.00324129e-01  -3.16377221e-06  -6.58483645e-07  -5.00318248e-01
 -5.00325725e-01  -3.05114573e-06  -7.17252909e-07  -5.00319213e-01
 -5.00327069e-01  -2.95596494e-06  -8.81607575e-07  -5.00320231e-01
 -5.00328349e-01  -2.69669548e-06  -1.09138766e-06  -5.00321164e-01
 -5.00329851e-01  -2.73536583e-06  -1.30957520e-06  -5.00322199e-01
 -5.00330955e-01  -2.45585124e-06  -1.34434777e-06  -5.00323541e-01
 -5.00332087e-01  -2.34286266e-06  -1.42798911e-06  -5.00324751e-01
 -5.00333182e-01  -2.89607998e-06  -1.48283069e-06  -5.00325907e-01
 -5.00334480e-01  -2.97952134e-06  -1.79749531e-06  -5.00326990e-01
 -5.00335720e-01  -2.98082471e-06  -1.49401217e-06  -5.00328337e-01
 -5.00337239e-01  -3.04832301e-06  -1.20604030e-06  -5.00329676e-01
 -5.00338197e-01  -2.59671030e-06  -1.39554158e-06  -5.00331116e-01
 -5.00339274e-01  -2.46787690e-06  -1.21024447e-06  -5.00332437e-01
 -5.00340379e-01  -2.53801979e-06  -8.47383472e-07  -5.00333736e-01
 -5.00341475e-01  -2.20567503e-06  -8.29555304e-07  -5.00335054e-01
 -5.00342537e-01  -2.28087037e-06  -1.07507788e-06  -5.00335753e-01
 -5.00343417e-01  -2.22942910e-06  -1.21190337e-06  -5.00337107e-01
 -5.00344685e-01  -1.79606364e-06  -9.00192885e-07  -5.00338411e-01
 -5.00346113e-01  -1.90048124e-06  -1.15477355e-06  -5.00339711e-01
 -5.00347977e-01  -1.21144500e-06  -1.05953671e-06  -5.00341154e-01
 -5.00348829e-01  -1.48341501e-06  -1.09145113e-06  -5.00342247e-01
 -5.00350326e-01  -1.65465403e-06  -1.14001032e-06  -5.00343655e-01
 -5.00351536e-01  -1.90669045e-06  -1.03021792e-06  -5.00344726e-01
 -5.00352629e-01  -1.79551962e-06  -1.07023439e-06  -5.00346099e-01
 -5.00354193e-01  -2.03592441e-06  -1.63971725e-06  -5.00346894e-01
 -5.00355756e-01  -2.37878315e-06  -1.37450874e-06  -5.00348166e-01
 -5.00357169e-01  -1.97510845e-06  -1.59454277e-06  -5.00349598e-01
 -5.00357995e-01  -1.54318759e-06  -1.24615356e-06  -5.00350381e-01
 -5.00359051e-01  -1.44713240e-06  -1.19532094e-06  -5.00351303e-01
 -5.00360518e-01  -1.52700946e-06  -1.18273326e-06  -5.00352724e-01
 -5.00361990e-01  -1.95634240e-06  -1.53199231e-06  -5.00353945e-01
 -5.00363330e-01  -2.43116704e-06  -1.40005659e-06  -5.00354877e-01
 -5.00364504e-01  -2.46874450e-06  -1.04282979e-06  -5.00356042e-01
 -5.00365457e-01  -2.04986156e-06  -1.40852194e-06  -5.00357122e-01
 -5.00366641e-01  -1.98993370e-06  -1.38844932e-06  -5.00358573e-01
 -5.00367722e-01  -1.63494081e-06  -1.21000887e-06  -5.00359895e-01
 -5.00369077e-01  -1.41482536e-06  -6.93659925e-07  -5.00360713e-01
 -5.00370216e-01  -1.27778123e-06  -8.37743966e-07  -5.00361877e-01
 -5.00370897e-01  -1.37035421e-06  -1.15871388e-06  -5.00363052e-01
 -5.00371755e-01  -1.61935045e-06  -1.37064991e-06  -5.00364348e-01
 -5.00372855e-01  -2.15779008e-06  -1.11728004e-06  -5.00365662e-01
 -5.00374425e-01  -1.58725858e-06  -1.13657092e-06  -5.00366769e-01
 -5.00375113e-01  -1.56588262e-06  -1.38222761e-06  -5.00368017e-01
 -5.00376412e-01  -1.40977845e-06  -1.11188041e-06  -5.00369163e-01
 -5.00377822e-01  -1.70377203e-06  -9.73999443e-07  -5.00370192e-01
 -5.00379056e-01  -1.59766863e-06  -1.01463137e-06  -5.00371358e-01
 -5.00380448e-01  -1.64196298e-06  -5.30411901e-07  -5.00372830e-01
 -5.00381322e-01  -1.58661889e-06  -4.19033070e-07  -5.00373966e-01
 -5.00382764e-01  -1.29998279e-06  -4.35105631e-07  -5.00375072e-01
 -5.00384050e-01  -1.37174865e-06  -6.54255423e-07  -5.00376220e-01
 -5.00385486e-01  -1.64278283e-06  -9.19500984e-07  -5.00377568e-01
 -5.00386582e-01  -1.39762477e-06  -6.01063402e-07  -5.00379047e-01
 -5.00387498e-01  -1.07313929e-06  -5.75895372e-07  -5.00379960e-01
 -5.00388864e-01  -1.13637509e-06  -5.63865230e-07  -5.00381133e-01
 -5.00389786e-01  -1.62426302e-06  -8.63322937e-07  -5.00382320e-01
 -5.00391078e-01  -1.43708801e-06  -1.20235853e-06  -5.00383567e-01
 -5.00392363e-01  -1.19824744e-06  -1.11984184e-06  -5.00384707e-01
 -5.00393576e-01  -1.50091518e-06  -9.37524542e-07  -5.00386097e-01
 -5.00394867e-01  -1.85325971e-06  -1.70089388e-06  -5.00387320e-01
 -5.00396152e-01  -1.65364883e-06  -1.80462857e-06  -5.00388876e-01
 -5.00397225e-01  -2.11479615e-06  -1.97835680e-06  -5.00389951e-01
 -5.00398308e-01  -2.06608574e-06  -1.95552007e-06  -5.00391047e-01
 -5.00400194e-01  -2.02075392e-06  -1.93160636e-06  -5.00392365e-01
 -5.00401246e-01  -1.70340951e-06  -1.91083991e-06  -5.00393439e-01
 -5.00402823e-01  -1.94401529e-06  -1.83843988e-06  -5.00394430e-01
 -5.00404030e-01  -1.20906287e-06  -1.72048240e-06  -5.00395788e-01
 -5.00405464e-01  -1.92479851e-06  -1.89457940e-06  -5.00396966e-01
 -5.00406748e-01  -2.15576846e-06  -1.45074291e-06  -5.00397991e-01
 -5.00408015e-01  -1.64604241e-06  -1.66634479e-06  -5.00399168e-01
 -5.00409312e-01  -1.58832063e-06  -1.59910553e-06  -5.00400047e-01
 -5.00410976e-01  -1.60315297e-06  -1.81361534e-06  -5.00401472e-01
 -5.00412124e-01  -1.83876659e-06  -2.26219839e-06  -5.00402593e-01
 -5.00413302e-01  -1.64670474e-06  -2.22785149e-06  -5.00403401e-01
 -5.00413819e-01  -1.81213614e-06  -1.87978333e-06  -5.00404524e-01
 -5.00415187e-01  -2.23064961e-06  -1.72746842e-06  -5.00406161e-01
 -5.00416740e-01  -1.89438716e-06  -2.42674808e-06  -5.00407652e-01
 -5.00417921e-01  -2.59860361e-06  -2.30877732e-06  -5.00408606e-01
 -5.00418779e-01  -2.16592037e-06  -2.49514877e-06  -5.00409917e-01
 -5.00420229e-01  -1.96073590e-06  -3.11436225e-06  -5.00411133e-01
 -5.00421469e-01  -2.51419764e-06  -3.38617982e-06  -5.00412410e-01
 -5.00422407e-01  -2.31006630e-06  -3.22560639e-06  -5.00413414e-01
 -5.00423835e-01  -2.53471669e-06  -2.82669477e-06  -5.00414853e-01
 -5.00425311e-01  -2.39708103e-06  -2.56711616e-06  -5.00416196e-01
 -5.00426267e-01  -2.83055272e-06  -2.36217022e-06  -5.00417091e-01
 -5.00427648e-01  -2.84261452e-06  -2.34478897e-06  -5.00418620e-01
 -5.00428923e-01  -2.60490196e-06  -2.65878752e-06  -5.00419929e-01
 -5.00430405e-01  -2.44619963e-06  -2.67987499e-06  -5.00420943e-01
 -5.00431674e-01  -2.92362513e-06  -2.51147790e-06  -5.00422216e-01
 -5.00433127e-01  -2.90773503e-06  -2.31496430e-06  -5.00423463e-01
 -5.00434279e-01  -3.29003487e-06  -2.24195870e-06  -5.00424935e-01
 -5.00435440e-01  -3.03417053e-06  -2.34966725e-06  -5.00426180e-01
 -5.00436437e-01  -3.22603340e-06  -2.85559528e-06  -5.00427186e-01
 -5.00437186e-01  -3.52557887e-06  -2.68930266e-06  -5.00428795e-01
 -5.00438767e-01  -3.50479266e-06  -2.32205878e-06  -5.00429718e-01
 -5.00440004e-01  -3.71185021e-06  -2.24322130e-06  -5.00431114e-01
 -5.00441382e-01  -4.07829685e-06  -2.18262916e-06  -5.00432478e-01
 -5.00442449e-01  -4.01159607e-06  -2.24489505e-06  -5.00433823e-01
 -5.00443624e-01  -3.59862807e-06  -1.93535046e-06  -5.00435442e-01
 -5.00444858e-01  -3.36873119e-06  -1.93744166e-06  -5.00436939e-01
 -5.00446119e-01  -2.72134734e-06  -1.61698190e-06  -5.00438336e-01
 -5.00447057e-01  -3.03189689e-06  -2.17926227e-06  -5.00439824e-01
 -5.00448757e-01  -2.97472951e-06  -2.41846438e-06  -5.00440838e-01
 -5.00450218e-01  -3.51629616e-06  -2.64404244e-06  -5.00442057e-01
 -5.00451384e-01  -3.35559375e-06  -2.34020251e-06  -5.00443199e-01
 -5.00452497e-01  -3.76571783e-06  -1.98946140e-06  -5.00444704e-01
 -5.00453618e-01  -3.97284226e-06  -2.08373796e-06  -5.00445898e-01
 -5.00454897e-01  -3.89005884e-06  -1.65028042e-06  -5.00447489e-01
 -5.00456180e-01  -4.15022680e-06  -1.67697171e-06  -5.00448644e-01
 -5.00457365e-01  -3.73177440e-06  -1.62307546e-06  -5.00449601e-01
 -5.00458148e-01  -3.72289126e-06  -1.60846776e-06  -5.00450820e-01
 -5.00459400e-01  -4.13621283e-06  -1.72853788e-06  -5.00451908e-01
 -5.00460132e-01  -4.24696987e-06  -1.96158906e-06  -5.00453335e-01
 -5.00461182e-01  -4.54127378e-06  -2.15757906e-06  -5.00454294e-01
 -5.00462341e-01  -4.25336365e-06  -2.42576562e-06  -5.00455209e-01
 -5.00463055e-01  -4.16408195e-06  -2.62555129e-06  -5.00456346e-01
 -5.00464214e-01  -4.61268582e-06  -3.04500592e-06  -5.00458155e-01
 -5.00465708e-01  -4.34682095e-06  -3.33527868e-06  -5.00459704e-01
 -5.00467001e-01  -4.47565828e-06  -3.17659588e-06  -5.00460491e-01
 -5.00468561e-01  -4.86787059e-06  -3.26949470e-06  -5.00461549e-01
 -5.00469840e-01  -4.23127995e-06  -3.46172014e-06  -5.00462922e-01
 -5.00471102e-01  -3.92853155e-06  -3.75799550e-06  -5.00463851e-01
 -5.00472239e-01  -4.14052924e-06  -3.38767191e-06  -5.00464775e-01
 -5.00473582e-01  -4.46345155e-06  -3.53626853e-06  -5.00465732e-01
 -5.00474945e-01  -4.11211836e-06  -3.62537214e-06  -5.00467184e-01
 -5.00475669e-01  -3.76475837e-06  -3.65097361e-06  -5.00468414e-01
 -5.00477253e-01  -3.67798519e-06  -3.69845112e-06  -5.00469744e-01
 -5.00478495e-01  -3.51622567e-06  -3.54406883e-06  -5.00471363e-01
 -5.00479433e-01  -3.26964557e-06  -3.87318820e-06  -5.00472192e-01
 -5.00480454e-01  -3.40629365e-06  -3.19512912e-06  -5.00473633e-01
 -5.00481474e-01  -3.20619726e-06  -3.47580401e-06  -5.00474692e-01
 -5.00482873e-01  -3.03146859e-06  -3.32879015e-06  -5.00475624e-01
 -5.00484220e-01  -2.48977055e-06  -2.87602676e-06  -5.00476597e-01
 -5.00485091e-01  -2.67124014e-06  -3.05181934e-06  -5.00477414e-01
 -5.00486057e-01  -2.91038065e-06  -2.95379552e-06  -5.00479023e-01
 -5.00486978e-01  -3.20374991e-06  -2.65634524e-06  -5.00480334e-01
 -5.00488015e-01  -2.91087124e-06  -2.68913423e-06  -5.00481584e-01
 -5.00489154e-01  -3.15726266e-06  -2.45878749e-06  -5.00483139e-01
 -5.00490116e-01  -3.14484132e-06  -2.76619496e-06  -5.00484746e-01
 -5.00491292e-01  -2.75999385e-06  -2.86919386e-06  -5.00485647e-01
 -5.00493106e-01  -2.72561157e-06  -3.29923231e-06  -5.00486537e-01
 -5.00494613e-01  -2.81479543e-06  -3.49386082e-06  -5.00487457e-01
 -5.00495785e-01  -3.18741061e-06  -3.76363607e-06  -5.00489032e-01
 -5.00496727e-01  -3.25652166e-06  -3.69587029e-06  -5.00490249e-01
 -5.00498026e-01  -2.70344825e-06  -3.84353076e-06  -5.00491265e-01
 -5.00499365e-01  -2.78864941e-06  -4.13782202e-06  -5.00492774e-01
 -5.00500419e-01  -2.91289714e-06  -4.25568235e-06  -5.00494031e-01
 -5.00501269e-01  -3.22253812e-06  -4.11935070e-06  -5.00495569e-01
 -5.00502710e-01  -3.21012026e-06  -3.99197478e-06  -5.00496630e-01
 -5.00503967e-01  -3.25806865e-06  -4.54806707e-06  -5.00497594e-01
 -5.00505049e-01  -3.28136848e-06  -3.98315617e-06  -5.00498877e-01
 -5.00505978e-01  -3.27230058e-06  -3.68480822e-06  -5.00500291e-01
 -5.00506954e-01  -3.62978408e-06  -3.58321092e-06  -5.00501130e-01
 -5.00508127e-01  -3.48956630e-06  -3.66863574e-06  -5.00502131e-01
 -5.00509052e-01  -3.18255858e-06  -3.67476694e-06  -5.00503311e-01
 -5.00509964e-01  -2.86016766e-06  -3.59547331e-06  -5.00504524e-01
 -5.00511289e-01  -2.96679839e-06  -3.57643526e-06  -5.00505409e-01
 -5.00512391e-01  -3.03402860e-06  -3.41603026e-06  -5.00506461e-01
 -5.00513394e-01  -3.47890011e-06  -3.10187268e-06  -5.00507482e-01
 -5.00514545e-01  -3.51086202e-06  -3.09679711e-06  -5.00508392e-01
 -5.00515477e-01  -3.56446579e-06  -2.88581135e-06  -5.00509371e-01
 -5.00516880e-01  -3.26727317e-06  -3.43854710e-06  -5.00510345e-01
 -5.00518224e-01  -2.92144271e-06  -3.20853357e-06  -5.00511473e-01
 -5.00519452e-01  -2.43507806e-06  -3.04276478e-06  -5.00512740e-01
 -5.00520811e-01  -2.23710302e-06  -2.93985267e-06  -5.00513649e-01
 -5.00522431e-01  -2.27908004e-06  -3.59445277e-06  -5.00514903e-01
 -5.00523664e-01  -2.32050159e-06  -4.00088861e-06  -5.00515932e-01
 -5.00524494e-01  -2.33589632e-06  -4.11708620e-06  -5.00517100e-01
 -5.00525764e-01  -2.13383046e-06  -4.25625564e-06  -5.00518543e-01
 -5.00526941e-01  -2.55449625e-06  -4.44078047e-06  -5.00519641e-01
 -5.00527932e-01  -2.53273187e-06  -4.48378753e-06  -5.00521343e-01
 -5.00528891e-01  -2.75719700e-06  -4.72804769e-06  -5.00522524e-01
 -5.00530047e-01  -2.80057927e-06  -4.75982355e-06  -5.00523636e-01
 -5.00531570e-01  -2.60437185e-06  -4.49747487e-06  -5.00524874e-01
 -5.00532867e-01  -2.43295900e-06  -4.48387000e-06  -5.00526256e-01
 -5.00534235e-01  -2.66112908e-06  -4.48486751e-06  -5.00527191e-01
 -5.00535093e-01  -2.64068230e-06  -4.48718484e-06  -5.00528657e-01
 -5.00536048e-01  -2.60451920e-06  -3.83093932e-06  -5.00530000e-01
 -5.00537493e-01  -2.63595261e-06  -3.55626957e-06  -5.00531513e-01
 -5.00538726e-01  -2.50288138e-06  -3.39391630e-06  -5.00532631e-01
 -5.00539728e-01  -2.40023559e-06  -3.66459418e-06  -5.00533802e-01
 -5.00540843e-01  -2.03563424e-06  -3.36004491e-06  -5.00534910e-01
 -5.00542209e-01  -1.45608884e-06  -2.88899937e-06  -5.00535609e-01
 -5.00543082e-01  -1.67077816e-06  -2.53732180e-06  -5.00536916e-01
 -5.00544396e-01  -1.94400336e-06  -2.30124846e-06  -5.00537722e-01
 -5.00545896e-01  -1.77594574e-06  -2.47104928e-06  -5.00539150e-01
 -5.00547414e-01  -1.85729554e-06  -2.34590524e-06  -5.00540273e-01
 -5.00548994e-01  -1.81804931e-06  -2.43349930e-06  -5.00541330e-01
 -5.00550122e-01  -2.04827701e-06  -2.40561952e-06  -5.00542655e-01
 -5.00551526e-01  -2.12348997e-06  -2.72479678e-06  -5.00543553e-01
 -5.00552949e-01  -2.52053363e-06  -2.21542163e-06  -5.00544451e-01
 -5.00554226e-01  -2.48159401e-06  -2.43669747e-06  -5.00545739e-01
 -5.00555341e-01  -2.33782009e-06  -2.72459411e-06  -5.00547070e-01
 -5.00556364e-01  -2.33090959e-06  -2.93022950e-06  -5.00548400e-01
 -5.00557586e-01  -1.92686421e-06  -3.07658687e-06  -5.00549857e-01
 -5.00558734e-01  -1.66973653e-06  -2.58397479e-06  -5.00551085e-01
 -5.00560218e-01  -2.01697260e-06  -2.83253163e-06  -5.00551931e-01
 -5.00561406e-01  -1.88013816e-06  -2.65764634e-06  -5.00553272e-01
 -5.00562598e-01  -1.95997055e-06  -2.57867115e-06  -5.00554675e-01
 -5.00563702e-01  -2.51402183e-06  -2.65592499e-06  -5.00555736e-01
 -5.00565157e-01  -2.46788659e-06  -2.63282424e-06  -5.00556833e-01
 -5.00566414e-01  -2.06948241e-06  -2.75455173e-06  -5.00557893e-01
 -5.00567693e-01  -2.26234643e-06  -2.62906403e-06  -5.00558847e-01
 -5.00568857e-01  -2.37749654e-06  -2.50941736e-06  -5.00559928e-01
 -5.00570419e-01  -2.67230937e-06  -2.67681950e-06  -5.00561161e-01
 -5.00571902e-01  -2.68970069e-06  -2.63299437e-06  -5.00562534e-01
 -5.00572790e-01  -2.92764707e-06  -2.78987837e-06  -5.00563639e-01
 -5.00573758e-01  -3.00384841e-06  -2.35858411e-06  -5.00565086e-01
 -5.00574690e-01  -3.17422513e-06  -2.48888272e-06  -5.00565988e-01
 -5.00576000e-01  -3.20035151e-06  -2.26133876e-06  -5.00567341e-01
 -5.00577355e-01  -2.94974987e-06  -2.46977471e-06  -5.00568698e-01
 -5.00578441e-01  -3.09771226e-06  -2.31370661e-06  -5.00570146e-01
 -5.00579645e-01  -3.78100130e-06  -2.23088732e-06  -5.00571253e-01
 -5.00580864e-01  -3.90242995e-06  -2.56011528e-06  -5.00572365e-01
 -5.00582445e-01  -3.75264301e-06  -2.66644237e-06  -5.00573683e-01
 -5.00583911e-01  -3.65938399e-06  -2.89240292e-06  -5.00574847e-01
 -5.00584887e-01  -3.75567336e-06  -3.21139408e-06  -5.00576060e-01
 -5.00586223e-01  -3.72527795e-06  -3.38212649e-06  -5.00577197e-01
 -5.00587898e-01  -4.05354681e-06  -2.92130882e-06  -5.00578879e-01
 -5.00589378e-01  -3.91773394e-06  -3.08873063e-06  -5.00580050e-01
 -5.00590608e-01  -3.83389332e-06  -3.25660017e-06  -5.00581382e-01
 -5.00591779e-01  -3.80750988e-06  -2.96687737e-06  -5.00582759e-01
 -5.00593186e-01  -3.81270482e-06  -3.39323862e-06  -5.00583825e-01
 -5.00594175e-01  -4.00762087e-06  -3.43523497e-06  -5.00584767e-01
 -5.00595480e-01  -4.27329183e-06  -3.07035878e-06  -5.00586018e-01
 -5.00596227e-01  -4.97591507e-06  -2.93011605e-06  -5.00587282e-01
 -5.00597383e-01  -5.37982169e-06  -3.20131060e-06  -5.00588552e-01
 -5.00598567e-01  -5.47690932e-06  -3.25802411e-06  -5.00589411e-01
 -5.00600110e-01  -5.53071468e-06  -3.63716778e-06  -5.00590872e-01
 -5.00601292e-01  -5.40751469e-06  -3.88836814e-06  -5.00591555e-01
 -5.00602605e-01  -5.59634442e-06  -3.94436781e-06  -5.00593013e-01
 -5.00603586e-01  -5.81709382e-06  -4.01241689e-06  -5.00594278e-01
 -5.00604762e-01  -5.59906580e-06  -3.94963964e-06  -5.00595565e-01
 -5.00606227e-01  -5.60151188e-06  -4.09960612e-06  -5.00596967e-01
 -5.00607474e-01  -5.76128372e-06  -4.54891196e-06  -5.00597856e-01
 -5.00608373e-01  -5.42006800e-06  -4.18367321e-06  -5.00599159e-01
 -5.00609499e-01  -5.63187582e-06  -4.24879095e-06  -5.00600363e-01
 -5.00610976e-01  -5.33158005e-06  -4.19596135e-06  -5.00601554e-01
 -5.00612002e-01  -5.63771500e-06  -4.69271695e-06  -5.00602557e-01
 -5.00612809e-01  -5.46595919e-06  -4.38507556e-06  -5.00603804e-01
 -5.00614006e-01  -5.00156794e-06  -4.40752198e-06  -5.00605908e-01
 -5.00615477e-01  -5.25578082e-06  -4.52107681e-06  -5.00607156e-01
 -5.00616559e-01  -5.56130904e-06  -4.60407385e-06  -5.00608585e-01
 -5.00617639e-01  -5.36514627e-06  -4.61439288e-06  -5.00609571e-01
 -5.00618589e-01  -5.46901209e-06  -5.02274005e-06  -5.00611075e-01
 -5.00619927e-01  -4.81526421e-06  -5.18019026e-06  -5.00612411e-01
 -5.00621272e-01  -4.89883749e-06  -4.78446475e-06  -5.00613745e-01
 -5.00622516e-01  -5.13900066e-06  -4.54980237e-06  -5.00615412e-01
 -5.00623728e-01  -4.99182171e-06  -4.36432247e-06  -5.00616697e-01
 -5.00624993e-01  -5.08822787e-06  -3.72513775e-06  -5.00618310e-01
 -5.00626111e-01  -4.78879000e-06  -3.79085386e-06  -5.00619481e-01
 -5.00627335e-01  -4.16717744e-06  -3.78677498e-06  -5.00620694e-01
 -5.00628645e-01  -4.45722018e-06  -3.90967689e-06  -5.00621382e-01
 -5.00629636e-01  -4.53569708e-06  -4.12398329e-06  -5.00622780e-01
 -5.00631123e-01  -4.81276339e-06  -4.22226258e-06  -5.00624220e-01
 -5.00632488e-01  -4.94841477e-06  -4.11568343e-06  -5.00625712e-01
 -5.00633459e-01  -5.17406656e-06  -4.16743434e-06  -5.00627019e-01
 -5.00634496e-01  -4.80276093e-06  -4.27027178e-06  -5.00627814e-01
 -5.00635661e-01  -4.80812248e-06  -4.34295450e-06  -5.00629253e-01
 -5.00637067e-01  -4.65636701e-06  -4.21994154e-06  -5.00630249e-01
 -5.00638433e-01  -4.79785597e-06  -4.31188029e-06  -5.00631429e-01
 -5.00639440e-01  -5.20126950e-06  -3.86527645e-06  -5.00632902e-01
 -5.00640760e-01  -4.79944400e-06  -3.85183537e-06  -5.00634080e-01
 -5.00642065e-01  -4.65352639e-06  -3.88401649e-06  -5.00635072e-01
 -5.00643297e-01  -4.90457108e-06  -3.86423194e-06  -5.00636233e-01
 -5.00644671e-01  -4.61086435e-06  -3.52536374e-06  -5.00637341e-01
 -5.00645961e-01  -5.01435414e-06  -3.43609549e-06  -5.00638297e-01
 -5.00646855e-01  -5.05833100e-06  -3.61712204e-06  -5.00639100e-01
 -5.00647964e-01  -4.49023761e-06  -3.58573626e-06  -5.00640348e-01
 -5.00649249e-01  -4.14425724e-06  -3.40360343e-06  -5.00641812e-01
 -5.00650788e-01  -3.74830600e-06  -3.64221606e-06  -5.00643052e-01
 -5.00652306e-01  -3.66898954e-06  -3.29910806e-06  -5.00644213e-01
 -5.00653444e-01  -3.72995832e-06  -2.57591783e-06  -5.00645057e-01
 -5.00654332e-01  -4.00956589e-06  -2.86870343e-06  -5.00645835e-01
 -5.00655612e-01  -4.22111656e-06  -2.75852701e-06  -5.00647054e-01
 -5.00656805e-01  -4.36496442e-06  -2.49360514e-06  -5.00648023e-01
 -5.00657769e-01  -4.15186969e-06  -2.46837744e-06  -5.00649076e-01
 -5.00658595e-01  -3.78114818e-06  -1.73965897e-06  -5.00650235e-01
 -5.00659750e-01  -3.49363672e-06  -2.18143350e-06  -5.00651396e-01
 -5.00661358e-01  -3.47678958e-06  -1.97638064e-06  -5.00652291e-01
 -5.00662492e-01  -3.70595070e-06  -2.35278455e-06  -5.00653457e-01
 -5.00663554e-01  -3.67360354e-06  -2.30459962e-06  -5.00654790e-01
 -5.00664688e-01  -3.85208058e-06  -2.38961072e-06  -5.00655779e-01
 -5.00666045e-01  -3.94271628e-06  -2.76946253e-06  -5.00656901e-01
 -5.00667107e-01  -3.90127690e-06  -3.10288280e-06  -5.00657890e-01
 -5.00668627e-01  -3.98449283e-06  -3.26296974e-06  -5.00658880e-01
 -5.00669731e-01  -4.22596302e-06  -3.35848414e-06  -5.00660539e-01
 -5.00670822e-01  -4.91390810e-06  -3.49366984e-06  -5.00661476e-01
 -5.00671754e-01  -4.96344805e-06  -3.74411396e-06  -5.00662435e-01
 -5.00673115e-01  -5.23718009e-06  -3.43728695e-06  -5.00663456e-01
 -5.00674365e-01  -5.26470975e-06  -3.81430269e-06  -5.00664552e-01
 -5.00675369e-01  -5.34875651e-06  -3.77870188e-06  -5.00665749e-01
 -5.00676523e-01  -5.27816922e-06  -3.44693456e-06  -5.00666876e-01
 -5.00677406e-01  -5.72022603e-06  -3.57380511e-06  -5.00668649e-01
 -5.00678688e-01  -6.31900569e-06  -3.43105341e-06  -5.00669836e-01
 -5.00680157e-01  -6.52387076e-06  -3.58651441e-06  -5.00671481e-01
 -5.00681339e-01  -6.33195839e-06  -3.20716252e-06  -5.00672505e-01
 -5.00682622e-01  -6.09019940e-06  -3.39606993e-06  -5.00674047e-01
 -5.00684041e-01  -5.51534485e-06  -3.11054198e-06  -5.00675417e-01
 -5.00685465e-01  -5.34059247e-06  -3.58006965e-06  -5.00676528e-01
 -5.00686543e-01  -5.34986561e-06  -3.45403996e-06  -5.00678004e-01
 -5.00687918e-01  -5.02975580e-06  -3.31997789e-06  -5.00679324e-01
 -5.00689158e-01  -5.20984787e-06  -3.09270857e-06  -5.00680541e-01
 -5.00690559e-01  -5.00353935e-06  -2.60879651e-06  -5.00681443e-01
 -5.00691968e-01  -4.84121953e-06  -2.66513150e-06  -5.00682781e-01
 -5.00693373e-01  -4.66816926e-06  -2.29012260e-06  -5.00683666e-01
 -5.00694364e-01  -4.72954189e-06  -2.43057390e-06  -5.00684381e-01
 -5.00695402e-01  -4.63307383e-06  -2.39212989e-06  -5.00685603e-01
 -5.00696236e-01  -4.51592771e-06  -2.24554519e-06  -5.00686406e-01
 -5.00697797e-01  -4.29439656e-06  -2.07313704e-06  -5.00687724e-01
 -5.00698737e-01  -4.15602072e-06  -2.13889864e-06  -5.00688801e-01
 -5.00700031e-01  -4.42999960e-06  -2.12481215e-06  -5.00690074e-01
 -5.00701490e-01  -4.15856738e-06  -1.95930370e-06  -5.00691211e-01
 -5.00702631e-01  -3.83069316e-06  -2.26446685e-06  -5.00692964e-01
 -5.00703672e-01  -3.50793574e-06  -2.13915046e-06  -5.00694211e-01
 -5.00704850e-01  -3.44513059e-06  -2.70501486e-06  -5.00695518e-01
 -5.00705852e-01  -3.03763491e-06  -2.33252773e-06  -5.00696713e-01
 -5.00707357e-01  -2.77901724e-06  -2.24550418e-06  -5.00697991e-01
 -5.00708484e-01  -2.82331172e-06  -2.36901276e-06  -5.00699118e-01
 -5.00709840e-01  -2.86475014e-06  -2.24321971e-06  -5.00700350e-01
 -5.00710959e-01  -2.62559542e-06  -2.41857862e-06  -5.00701926e-01
 -5.00711986e-01  -2.21605452e-06  -2.44270936e-06  -5.00703286e-01
 -5.00713237e-01  -1.80663378e-06  -2.52031434e-06  -5.00704462e-01
 -5.00714572e-01  -1.74824168e-06  -2.41377792e-06  -5.00705173e-01
 -5.00715873e-01  -1.73370904e-06  -1.98887057e-06  -5.00706426e-01
 -5.00716927e-01  -1.86915909e-06  -2.23429258e-06  -5.00707719e-01
 -5.00718124e-01  -1.60519997e-06  -1.86900283e-06  -5.00708498e-01
 -5.00719348e-01  -1.55840891e-06  -2.06929388e-06  -5.00709485e-01
 -5.00720272e-01  -1.57350429e-06  -2.57125384e-06  -5.00711115e-01
 -5.00721167e-01  -1.07046253e-06  -3.26113406e-06  -5.00712607e-01
 -5.00722433e-01  -1.21386477e-06  -3.17896628e-06  -5.00713474e-01
 -5.00723461e-01  -1.17449648e-06  -3.22702530e-06  -5.00714640e-01
 -5.00724934e-01  -9.37345681e-07  -2.84915575e-06  -5.00716189e-01
 -5.00726150e-01  -6.79835898e-07  -2.78338428e-06  -5.00717609e-01
 -5.00727258e-01  -9.36490212e-07  -2.97486598e-06  -5.00718646e-01
 -5.00728433e-01  -9.68656829e-07  -3.08145218e-06  -5.00720082e-01
 -5.00729518e-01  -1.03008689e-06  -2.86999497e-06  -5.00721050e-01
 -5.00730834e-01  -1.00242218e-06  -2.80912440e-06  -5.00722152e-01
 -5.00731831e-01  -1.17534607e-06  -2.95258030e-06  -5.00723118e-01
 -5.00733051e-01  -1.32752159e-06  -3.31383533e-06  -5.00724453e-01
 -5.00733938e-01  -1.45075141e-06  -3.46489367e-06  -5.00725765e-01
 -5.00735045e-01  -1.19987379e-06  -3.89205362e-06  -5.00726814e-01
 -5.00736622e-01  -7.59086919e-07  -4.06028488e-06  -5.00728363e-01
 -5.00738069e-01  -1.10127068e-06  -3.94181354e-06  -5.00729575e-01
 -5.00739638e-01  -1.32448267e-06  -4.37683488e-06  -5.00730334e-01
 -5.00740469e-01  -1.10645123e-06  -4.22306865e-06  -5.00731907e-01
 -5.00741594e-01  -1.23007783e-06  -4.17010527e-06  -5.00732780e-01
 -5.00742766e-01  -8.20454227e-07  -4.47230596e-06  -5.00733838e-01
 -5.00744303e-01  -4.24448688e-07  -4.42956877e-06  -5.00735460e-01
 -5.00745497e-01  -3.50705241e-07  -4.39182145e-06  -5.00736942e-01
 -5.00746940e-01  -2.30878012e-07  -3.95142165e-06  -5.00737996e-01
 -5.00747998e-01  -3.38520964e-07  -3.72574020e-06  -5.00738990e-01
 -5.00749093e-01   8.96357803e-08  -4.09746836e-06  -5.00740359e-01
 -5.00750215e-01   1.65492320e-07  -4.63448708e-06  -5.00741449e-01
 -5.00751514e-01  -2.78011244e-07  -4.53786666e-06  -5.00742848e-01
 -5.00752568e-01  -3.80628997e-07  -4.18703487e-06  -5.00743950e-01
 -5.00753433e-01  -1.65126938e-07  -4.75919175e-06  -5.00745245e-01
 -5.00754687e-01  -9.01297304e-08  -4.55400256e-06  -5.00746359e-01
 -5.00755655e-01  -2.07430682e-07  -4.50183094e-06  -5.00747506e-01
 -5.00756574e-01  -2.82629450e-07  -4.27234429e-06  -5.00748700e-01
 -5.00757813e-01   1.67501243e-07  -4.39669864e-06  -5.00750178e-01
 -5.00759163e-01   9.14209993e-08  -4.20256569e-06  -5.00751336e-01
 -5.00760194e-01   1.25541806e-07  -4.04709990e-06  -5.00752580e-01
 -5.00761307e-01  -1.78034607e-08  -3.70192409e-06  -5.00753982e-01
 -5.00762556e-01   5.41301545e-08  -4.23247361e-06  -5.00755306e-01
 -5.00763855e-01  -1.96291189e-07  -4.37907583e-06  -5.00756371e-01
 -5.00765190e-01  -4.66220279e-07  -4.26976724e-06  -5.00757573e-01
 -5.00765857e-01  -5.82582539e-08  -3.76945973e-06  -5.00758679e-01
 -5.00766799e-01  -2.16042392e-07  -3.13959908e-06  -5.00759959e-01
 -5.00767754e-01  -5.93133538e-07  -3.14143383e-06  -5.00761282e-01
 -5.00768893e-01  -5.67267043e-07  -2.91563810e-06  -5.00762632e-01
 -5.00770160e-01  -2.18941301e-07  -2.52622632e-06  -5.00763635e-01
 -5.00771463e-01  -1.14454314e-09  -2.24163374e-06  -5.00764991e-01
 -5.00772755e-01  -1.48216822e-07  -1.89997461e-06  -5.00766346e-01
 -5.00774262e-01  -2.42041275e-07  -1.57820217e-06  -5.00767726e-01
 -5.00775871e-01  -2.77544455e-08  -1.82937680e-06  -5.00768879e-01
 -5.00777438e-01   4.24056548e-07  -1.66788873e-06  -5.00770297e-01
 -5.00778232e-01   1.97689511e-07  -1.21166985e-06  -5.00771603e-01
 -5.00779489e-01   3.66512170e-07  -1.21383072e-06  -5.00772743e-01
 -5.00780750e-01   2.37872609e-07  -8.29059465e-07  -5.00774012e-01
 -5.00781913e-01   2.14908507e-07  -1.47807226e-06  -5.00774971e-01
 -5.00783147e-01   3.24551137e-08  -1.35171515e-06  -5.00775776e-01
 -5.00784793e-01  -2.74176284e-07  -1.46085456e-06  -5.00776859e-01
 -5.00786208e-01  -5.51113477e-07  -1.42924304e-06  -5.00778396e-01
 -5.00787544e-01  -3.95958488e-07  -1.28017000e-06  -5.00779611e-01
 -5.00788449e-01  -2.67545347e-07  -8.03141385e-07  -5.00780818e-01
 -5.00789675e-01   9.78717305e-09  -7.65421766e-07  -5.00782001e-01
 -5.00791122e-01   1.65532752e-07  -6.70672672e-07  -5.00783132e-01
 -5.00792669e-01  -2.10592149e-08  -4.70220497e-07  -5.00784426e-01
 -5.00793630e-01  -9.24756582e-09  -1.91432224e-07  -5.00785485e-01
 -5.00794902e-01  -2.21190154e-07   8.74146339e-08  -5.00786870e-01
 -5.00796499e-01  -2.34505854e-07  -5.76981218e-08  -5.00788054e-01
 -5.00797604e-01   2.86252037e-07  -2.54545341e-07  -5.00789094e-01
 -5.00798659e-01   5.69680134e-07  -9.67877070e-08  -5.00790084e-01
 -5.00800017e-01   8.19672298e-07  -3.67793501e-07  -5.00791133e-01
 -5.00801129e-01   1.01714119e-06  -6.33617790e-07  -5.00792020e-01
 -5.00802432e-01   9.83880557e-07  -5.17144504e-07  -5.00793114e-01
 -5.00803223e-01   6.73292346e-07  -4.17663141e-07  -5.00793985e-01
 -5.00804715e-01   5.18012608e-07  -2.38135721e-07  -5.00795282e-01
 -5.00805949e-01   5.68766598e-07  -6.48647319e-07  -5.00796129e-01
 -5.00807193e-01   8.91380070e-07  -8.38530688e-07  -5.00796982e-01
 -5.00808761e-01   9.31710855e-07  -7.94868308e-07  -5.00798074e-01
 -5.00809635e-01   6.96290287e-07  -3.73542770e-07  -5.00799253e-01
 -5.00810780e-01   6.58955263e-07  -1.80450397e-07  -5.00800467e-01
 -5.00812043e-01   1.85397791e-07  -1.69351193e-07  -5.00801665e-01
 -5.00813541e-01  -3.23269088e-07  -4.01715098e-07  -5.00802747e-01
 -5.00815246e-01  -9.11253932e-08  -7.23230185e-07  -5.00803638e-01
 -5.00816548e-01  -3.91661248e-07  -1.29756521e-06  -5.00804995e-01
 -5.00818145e-01  -8.34583445e-07  -1.02764579e-06  -5.00806185e-01
 -5.00819363e-01  -2.86184448e-07  -1.29575386e-06  -5.00807392e-01
 -5.00820656e-01  -2.09066757e-07  -1.49103735e-06  -5.00808500e-01
 -5.00822287e-01  -5.10614257e-07  -1.50454339e-06  -5.00809760e-01
 -5.00823822e-01  -3.90895692e-07  -1.89242809e-06  -5.00810834e-01
 -5.00825048e-01   4.32666021e-08  -1.91037990e-06  -5.00811687e-01
 -5.00825789e-01   1.96125035e-07  -2.12638050e-06  -5.00813216e-01
 -5.00827248e-01   2.37425770e-07  -2.18366250e-06  -5.00814412e-01
 -5.00828660e-01   3.45878259e-07  -2.31856217e-06  -5.00815548e-01
 -5.00830166e-01   5.29860897e-07  -2.40367719e-06  -5.00816672e-01
 -5.00831355e-01   5.82865043e-07  -2.12902597e-06  -5.00817573e-01
 -5.00832314e-01   3.07686423e-07  -2.25305695e-06  -5.00818564e-01
 -5.00833606e-01   1.32493132e-07  -2.65235929e-06  -5.00819665e-01
 -5.00834656e-01   2.81871706e-07  -2.27097242e-06  -5.00821087e-01
 -5.00836036e-01  -2.40943225e-07  -2.34249817e-06  -5.00822229e-01
 -5.00836934e-01   2.45413330e-08  -2.32954938e-06  -5.00823605e-01
 -5.00838490e-01  -2.55993399e-07  -2.43489642e-06  -5.00824632e-01
 -5.00839787e-01   4.21984974e-07  -2.76382652e-06  -5.00825862e-01
 -5.00840827e-01   1.50295087e-07  -2.78392358e-06  -5.00826932e-01
 -5.00842370e-01   5.34980732e-07  -2.92446759e-06  -5.00828054e-01
 -5.00843637e-01   7.56738465e-07  -2.60223273e-06  -5.00829542e-01
 -5.00844898e-01   1.06187554e-06  -2.59473661e-06  -5.00830956e-01
 -5.00846104e-01   7.06266980e-07  -2.39742297e-06  -5.00832460e-01
 -5.00847003e-01   7.44484935e-07  -2.63149219e-06  -5.00833851e-01
 -5.00848029e-01   7.69905102e-07  -3.01995254e-06  -5.00835227e-01
 -5.00849186e-01   6.08013644e-07  -3.12172174e-06  -5.00836488e-01
 -5.00849973e-01   2.08039935e-07  -2.86860367e-06  -5.00837585e-01
 -5.00851146e-01   5.11759597e-07  -2.24618345e-06  -5.00838232e-01
 -5.00851978e-01   7.97189599e-07  -2.45158919e-06  -5.00839061e-01
 -5.00853254e-01   8.30626381e-07  -2.50440913e-06  -5.00840144e-01
 -5.00854349e-01   9.02160180e-07  -2.57765899e-06  -5.00841214e-01
 -5.00855485e-01   6.69964533e-07  -2.11082590e-06  -5.00842278e-01
 -5.00856599e-01   8.89470933e-07  -2.18603758e-06  -5.00843343e-01
 -5.00858121e-01   1.45081844e-06  -2.06469296e-06  -5.00844347e-01
 -5.00859571e-01   1.83157250e-06  -2.20432154e-06  -5.00845969e-01
 -5.00860860e-01   1.65466063e-06  -2.00880281e-06  -5.00847340e-01
 -5.00861763e-01   1.59578743e-06  -2.21691973e-06  -5.00848424e-01
 -5.00862944e-01   1.69583411e-06  -2.15133994e-06  -5.00849718e-01
 -5.00864465e-01   2.00438945e-06  -2.00354705e-06  -5.00850927e-01
 -5.00865575e-01   2.45126728e-06  -2.11048524e-06  -5.00852255e-01
 -5.00867269e-01   2.38975496e-06  -2.56140413e-06  -5.00853328e-01
 -5.00868444e-01   1.95911373e-06  -2.83090387e-06  -5.00854600e-01
 -5.00869574e-01   2.08347620e-06  -2.77529184e-06  -5.00855857e-01
 -5.00870831e-01   2.03638150e-06  -2.85491514e-06  -5.00857051e-01
 -5.00872423e-01   1.94257940e-06  -2.95158080e-06  -5.00858675e-01
 -5.00873437e-01   1.55649801e-06  -2.83028898e-06  -5.00859824e-01
 -5.00874461e-01   1.28495084e-06  -2.75912844e-06  -5.00860904e-01
 -5.00875724e-01   1.28542026e-06  -2.42758740e-06  -5.00862009e-01
 -5.00876992e-01   7.57575274e-07  -2.41843787e-06  -5.00863138e-01
 -5.00877797e-01   6.59326080e-07  -2.21422411e-06  -5.00864012e-01
 -5.00879252e-01   8.50311000e-07  -2.50904304e-06  -5.00864856e-01
 -5.00880417e-01   8.47918407e-07  -2.70078230e-06  -5.00865901e-01
 -5.00881613e-01   7.54273095e-07  -2.86597528e-06  -5.00867249e-01
 -5.00882927e-01   9.13999734e-07  -2.60065603e-06  -5.00868159e-01
 -5.00883935e-01   9.22282576e-07  -2.39256790e-06  -5.00869262e-01
 -5.00884811e-01   8.06798912e-07  -2.41957014e-06  -5.00870314e-01
 -5.00886038e-01   6.74861825e-07  -2.19725694e-06  -5.00871281e-01
 -5.00887264e-01   4.48189295e-07  -1.79685613e-06  -5.00872436e-01
 -5.00888425e-01   2.24481093e-07  -2.07089503e-06  -5.00873738e-01
 -5.00889552e-01   4.29774211e-08  -2.18224665e-06  -5.00874920e-01
 -5.00890832e-01   5.93649813e-08  -2.04824873e-06  -5.00875773e-01
 -5.00892065e-01   5.71029951e-07  -1.72459286e-06  -5.00877182e-01
 -5.00893409e-01   5.55562835e-07  -1.50153040e-06  -5.00878532e-01
 -5.00894571e-01   3.94926480e-07  -1.58235729e-06  -5.00879765e-01
 -5.00895809e-01   1.62169955e-07  -1.85676391e-06  -5.00880625e-01
 -5.00897172e-01   1.66062414e-07  -1.75972004e-06  -5.00881645e-01
 -5.00898151e-01   1.59071628e-07  -1.55921895e-06  -5.00882922e-01
 -5.00899615e-01   7.11476542e-07  -1.91267124e-06  -5.00884108e-01
 -5.00900709e-01   8.46856310e-07  -2.19519254e-06  -5.00885038e-01
 -5.00902263e-01   1.00546384e-06  -2.44857864e-06  -5.00886200e-01
 -5.00903231e-01   1.03708042e-06  -2.39587154e-06  -5.00887320e-01
 -5.00904062e-01   8.34903830e-07  -2.39665097e-06  -5.00888752e-01
 -5.00905631e-01   9.27324672e-07  -2.25536377e-06  -5.00889823e-01
 -5.00906792e-01   1.22843917e-06  -2.10933376e-06  -5.00891143e-01
 -5.00907435e-01   1.59763532e-06  -2.63344321e-06  -5.00892575e-01
 -5.00908658e-01   1.33691675e-06  -2.79898773e-06  -5.00893941e-01
 -5.00910247e-01   1.15946503e-06  -2.47554422e-06  -5.00895466e-01
 -5.00911690e-01   1.31834820e-06  -2.88891116e-06  -5.00896822e-01
 -5.00913251e-01   1.56523776e-06  -3.12068610e-06  -5.00898381e-01
 -5.00914155e-01   1.53409469e-06  -2.99731698e-06  -5.00899689e-01
 -5.00914846e-01   1.49962927e-06  -2.94306175e-06  -5.00900971e-01
 -5.00916079e-01   1.44936903e-06  -2.88114328e-06  -5.00901828e-01
 -5.00917238e-01   1.43661204e-06  -2.45933557e-06  -5.00903030e-01
 -5.00918387e-01   1.31110181e-06  -2.38213991e-06  -5.00904313e-01
 -5.00919695e-01   1.22012967e-06  -2.34641404e-06  -5.00905628e-01
 -5.00920872e-01   9.43603797e-07  -2.48913611e-06  -5.00906915e-01
 -5.00922120e-01   1.25018165e-06  -2.43708193e-06  -5.00908254e-01
 -5.00923229e-01   8.72238951e-07  -2.29454831e-06  -5.00909521e-01
 -5.00924541e-01   1.31046622e-06  -1.96163442e-06  -5.00910955e-01
 -5.00925902e-01   1.54765722e-06  -2.16471886e-06  -5.00912169e-01
 -5.00927326e-01   1.45143514e-06  -2.30370671e-06  -5.00913320e-01
 -5.00928304e-01   1.13872829e-06  -2.63007585e-06  -5.00914446e-01
 -5.00929739e-01   1.14189962e-06  -2.69924370e-06  -5.00915705e-01
 -5.00930980e-01   1.64108277e-06  -2.58577369e-06  -5.00917036e-01
 -5.00931981e-01   1.52957347e-06  -2.41337388e-06  -5.00918265e-01
 -5.00933478e-01   1.30085577e-06  -2.12474011e-06  -5.00919272e-01
 -5.00934771e-01   1.24961045e-06  -2.07174061e-06  -5.00920281e-01
 -5.00935998e-01   1.10835176e-06  -2.10100609e-06  -5.00921524e-01
 -5.00937229e-01   1.10682196e-06  -2.12228059e-06  -5.00922769e-01
 -5.00938572e-01   1.46348187e-06  -1.73232407e-06  -5.00924200e-01
 -5.00939894e-01   1.34094190e-06  -1.60385190e-06  -5.00925485e-01
 -5.00941797e-01   1.39159352e-06  -1.72788406e-06  -5.00926868e-01
 -5.00942884e-01   1.33132043e-06  -1.90260349e-06  -5.00928146e-01
 -5.00944254e-01   1.18715577e-06  -1.50725015e-06  -5.00929310e-01
 -5.00945804e-01   1.19700959e-06  -1.54451290e-06  -5.00930463e-01
 -5.00946921e-01   1.44831013e-06  -1.56723365e-06  -5.00931720e-01
 -5.00948194e-01   1.60290675e-06  -1.53555005e-06  -5.00932876e-01
 -5.00949504e-01   1.56274229e-06  -1.66803358e-06  -5.00934445e-01
 -5.00950628e-01   1.51552992e-06  -2.26035766e-06  -5.00935788e-01
 -5.00951613e-01   1.15520266e-06  -2.13235384e-06  -5.00937288e-01
 -5.00952497e-01   1.09545941e-06  -1.84833684e-06  -5.00938724e-01
 -5.00953603e-01   1.34653760e-06  -2.10946780e-06  -5.00940049e-01
 -5.00954734e-01   1.68581377e-06  -2.13997321e-06  -5.00941454e-01
 -5.00955903e-01   1.79311908e-06  -2.63668165e-06  -5.00942823e-01
 -5.00957231e-01   2.03814984e-06  -2.55614819e-06  -5.00943775e-01
 -5.00958610e-01   1.81438814e-06  -2.48617315e-06  -5.00944715e-01
 -5.00959740e-01   1.51892112e-06  -2.62511472e-06  -5.00945730e-01
 -5.00960728e-01   1.78868421e-06  -2.51007410e-06  -5.00946925e-01
 -5.00961874e-01   1.12938408e-06  -2.72796932e-06  -5.00948435e-01
 -5.00963039e-01   1.17937278e-06  -2.94083011e-06  -5.00949716e-01
 -5.00964378e-01   1.47167192e-06  -2.52130264e-06  -5.00950789e-01
 -5.00965580e-01   1.58038766e-06  -2.84214545e-06  -5.00951919e-01
 -5.00966820e-01   1.34831981e-06  -2.95908725e-06  -5.00952832e-01
 -5.00968276e-01   1.33966676e-06  -2.82423128e-06  -5.00954261e-01
 -5.00969277e-01   1.66336591e-06  -2.97254163e-06  -5.00955350e-01
 -5.00970120e-01   1.94924329e-06  -3.03802835e-06  -5.00956551e-01
 -5.00971222e-01   2.10223234e-06  -3.30153238e-06  -5.00958013e-01
 -5.00972111e-01   2.34429813e-06  -3.48114135e-06  -5.00958941e-01
 -5.00973129e-01   2.63227816e-06  -3.16138907e-06  -5.00960176e-01
 -5.00974617e-01   2.97542453e-06  -3.64151223e-06  -5.00961281e-01
 -5.00975644e-01   3.17858094e-06  -3.77083843e-06  -5.00962460e-01
 -5.00976950e-01   3.22905600e-06  -4.01868089e-06  -5.00963615e-01
 -5.00978067e-01   3.05950320e-06  -4.02955748e-06  -5.00964776e-01
 -5.00979236e-01   3.21764936e-06  -4.52569261e-06  -5.00965933e-01
 -5.00980668e-01   3.10236331e-06  -4.57586332e-06  -5.00966871e-01
 -5.00981525e-01   3.13029794e-06  -4.58957961e-06  -5.00968007e-01
 -5.00982528e-01   3.15817687e-06  -4.64652469e-06  -5.00969065e-01
 -5.00983604e-01   3.20330760e-06  -4.60756924e-06  -5.00970056e-01
 -5.00984967e-01   2.88482482e-06  -4.90162758e-06  -5.00971194e-01
 -5.00986297e-01   3.54644465e-06  -4.86102393e-06  -5.00972489e-01
 -5.00987728e-01   3.18053962e-06  -4.81308850e-06  -5.00973451e-01
 -5.00988781e-01   3.33559161e-06  -4.42696653e-06  -5.00974462e-01
 -5.00990107e-01   3.37929295e-06  -4.32140408e-06  -5.00975841e-01
 -5.00991305e-01   3.16414180e-06  -4.37130718e-06  -5.00977154e-01
 -5.00992648e-01   3.41810410e-06  -3.97576319e-06  -5.00978631e-01
 -5.00993834e-01   3.66763953e-06  -4.40770728e-06  -5.00979544e-01
 -5.00994813e-01   3.51364517e-06  -4.03892991e-06  -5.00980679e-01
 -5.00996042e-01   3.27184867e-06  -3.91921647e-06  -5.00981773e-01
 -5.00997304e-01   3.07327781e-06  -3.95604353e-06  -5.00983157e-01
 -5.00998549e-01   2.90164803e-06  -3.55015659e-06  -5.00984058e-01
 -5.00999781e-01   3.01118394e-06  -3.27692130e-06  -5.00985559e-01
 -5.01000983e-01   2.97268155e-06  -3.48748840e-06  -5.00986893e-01
 -5.01002170e-01   2.60424339e-06  -3.43565182e-06  -5.00988700e-01
 -5.01003372e-01   2.39785331e-06  -3.58618441e-06  -5.00989878e-01
 -5.01004275e-01   2.62308060e-06  -3.82061357e-06  -5.00991082e-01
 -5.01005415e-01   2.65571576e-06  -3.72253015e-06  -5.00991988e-01
 -5.01006805e-01   3.02657322e-06  -3.70782009e-06  -5.00993237e-01
 -5.01007917e-01   3.06891120e-06  -3.75438005e-06  -5.00994381e-01
 -5.01008942e-01   3.34565774e-06  -3.67848895e-06  -5.00995284e-01
 -5.01009899e-01   3.35997416e-06  -3.82244919e-06  -5.00996263e-01
 -5.01011281e-01   3.37983487e-06  -3.60904390e-06  -5.00997721e-01
 -5.01012196e-01   3.77926961e-06  -4.01095875e-06  -5.00999098e-01
 -5.01013645e-01   4.04924379e-06  -3.81539794e-06  -5.01000198e-01
 -5.01014406e-01   3.73358427e-06  -3.48387424e-06  -5.01001320e-01
 -5.01015712e-01   3.43277718e-06  -3.61396688e-06  -5.01002594e-01
 -5.01017027e-01   3.38571514e-06  -3.59303457e-06  -5.01003832e-01
 -5.01017931e-01   3.69083810e-06  -3.78284555e-06  -5.01005068e-01
 -5.01019583e-01   3.49971581e-06  -3.83888596e-06  -5.01006098e-01
 -5.01020680e-01   3.82648314e-06  -4.30584006e-06  -5.01007234e-01
 -5.01021683e-01   3.79859732e-06  -4.48206424e-06  -5.01008165e-01
 -5.01023134e-01   3.41654401e-06  -4.05394028e-06  -5.01009141e-01
 -5.01024294e-01   3.65810438e-06  -3.53185278e-06  -5.01010094e-01
 -5.01025310e-01   3.74799300e-06  -3.33421081e-06  -5.01011315e-01
 -5.01026234e-01   4.22326741e-06  -3.29324758e-06  -5.01012333e-01
 -5.01027098e-01   3.78997879e-06  -3.33498505e-06  -5.01013744e-01
 -5.01028267e-01   3.48050855e-06  -3.21160329e-06  -5.01014970e-01
 -5.01029297e-01   3.91909620e-06  -3.18528581e-06  -5.01015991e-01
 -5.01030296e-01   4.23571693e-06  -2.90242846e-06  -5.01017390e-01
 -5.01031160e-01   3.99155316e-06  -2.85987194e-06  -5.01018402e-01
 -5.01032421e-01   4.03215810e-06  -2.49528039e-06  -5.01019834e-01
 -5.01033636e-01   3.68096939e-06  -2.41447319e-06  -5.01020788e-01
 -5.01034636e-01   3.34323631e-06  -2.64410217e-06  -5.01021834e-01
 -5.01036028e-01   3.37917369e-06  -2.50713949e-06  -5.01022909e-01
 -5.01037080e-01   3.41761477e-06  -2.22654757e-06  -5.01024130e-01
 -5.01038012e-01   3.64296303e-06  -2.52150398e-06  -5.01025717e-01
 -5.01039329e-01   4.00128730e-06  -2.55510770e-06  -5.01026800e-01
 -5.01040713e-01   3.97618448e-06  -2.23848832e-06  -5.01028428e-01
 -5.01041843e-01   4.40711663e-06  -1.95441196e-06  -5.01029407e-01
 -5.01043128e-01   4.34168569e-06  -1.59536476e-06  -5.01030662e-01
 -5.01044325e-01   4.50689770e-06  -1.78955892e-06  -5.01031915e-01
 -5.01045308e-01   4.24918223e-06  -2.26130320e-06  -5.01032894e-01
 -5.01046390e-01   4.42335787e-06  -2.13506947e-06  -5.01033882e-01
 -5.01047622e-01   4.49441162e-06  -1.53600260e-06  -5.01035099e-01
 -5.01048824e-01   3.91213826e-06  -1.99677413e-06  -5.01036357e-01
 -5.01049813e-01   4.03210193e-06  -1.66729410e-06  -5.01037015e-01
 -5.01051204e-01   3.76411988e-06  -1.67259057e-06  -5.01038108e-01
 -5.01052249e-01   3.87825849e-06  -1.73288144e-06  -5.01039635e-01
 -5.01053520e-01   4.01348387e-06  -1.57450432e-06  -5.01040670e-01
 -5.01054547e-01   4.01645025e-06  -2.13485251e-06  -5.01041920e-01
 -5.01055848e-01   3.98017387e-06  -2.12601452e-06  -5.01043089e-01
 -5.01057219e-01   4.51003017e-06  -2.17595345e-06  -5.01043799e-01
 -5.01058562e-01   4.57023482e-06  -2.27259685e-06  -5.01045182e-01
 -5.01059761e-01   4.25508481e-06  -2.39058244e-06  -5.01046422e-01
 -5.01061278e-01   4.29904264e-06  -2.54386998e-06  -5.01047663e-01
 -5.01062409e-01   3.88179735e-06  -2.50458152e-06  -5.01048959e-01
 -5.01064120e-01   4.30405770e-06  -2.69427608e-06  -5.01050233e-01
 -5.01065006e-01   4.61383851e-06  -3.28845931e-06  -5.01051146e-01
 -5.01066353e-01   4.42070076e-06  -3.26729390e-06  -5.01052325e-01
 -5.01067841e-01   4.68147187e-06  -3.08363517e-06  -5.01053672e-01
 -5.01069329e-01   4.67754000e-06  -2.91152107e-06  -5.01055370e-01
 -5.01070602e-01   4.58565370e-06  -3.34644076e-06  -5.01056203e-01
 -5.01072123e-01   4.51927898e-06  -3.42091098e-06  -5.01057179e-01
 -5.01072932e-01   4.90689365e-06  -3.41924412e-06  -5.01057834e-01
 -5.01074268e-01   4.79754929e-06  -3.21638474e-06  -5.01059191e-01
 -5.01075712e-01   4.94660216e-06  -2.85789624e-06  -5.01060582e-01
 -5.01077165e-01   4.66223083e-06  -2.85496640e-06  -5.01061672e-01
 -5.01078224e-01   5.17676572e-06  -3.17601284e-06  -5.01062791e-01
 -5.01079506e-01   5.00271685e-06  -3.09798240e-06  -5.01064044e-01
 -5.01080473e-01   5.22236960e-06  -2.68857141e-06  -5.01065746e-01
 -5.01081527e-01   5.23632410e-06  -2.65181315e-06  -5.01066591e-01
 -5.01082840e-01   5.05719329e-06  -2.52522912e-06  -5.01067915e-01
 -5.01084222e-01   5.31576058e-06  -2.65081883e-06  -5.01069502e-01
 -5.01085577e-01   5.07669352e-06  -2.51185156e-06  -5.01070406e-01
 -5.01086358e-01   5.28090799e-06  -2.79418893e-06  -5.01071719e-01
 -5.01087523e-01   5.19538545e-06  -2.96802177e-06  -5.01072931e-01
 -5.01088226e-01   4.92304258e-06  -2.89969644e-06  -5.01073790e-01
 -5.01089624e-01   5.09306570e-06  -2.68323038e-06  -5.01075159e-01
 -5.01091001e-01   5.01904201e-06  -2.48180732e-06  -5.01076228e-01
 -5.01092365e-01   4.52250616e-06  -2.43476612e-06  -5.01077241e-01
 -5.01093189e-01   4.31107914e-06  -2.70067283e-06  -5.01078495e-01
 -5.01094640e-01   3.68013527e-06  -2.28148061e-06  -5.01079271e-01
 -5.01096571e-01   3.83444028e-06  -2.92588239e-06  -5.01080407e-01
 -5.01097757e-01   4.10660261e-06  -3.14545276e-06  -5.01080920e-01
 -5.01099210e-01   4.13961864e-06  -3.03043408e-06  -5.01082055e-01
 -5.01100540e-01   4.64586511e-06  -3.09124877e-06  -5.01083365e-01
 -5.01102076e-01   4.90088765e-06  -3.50169445e-06  -5.01084273e-01
 -5.01103137e-01   4.74687710e-06  -3.42966996e-06  -5.01086001e-01
 -5.01104518e-01   4.78436017e-06  -3.64565260e-06  -5.01087071e-01
 -5.01105395e-01   4.66868129e-06  -3.63609459e-06  -5.01088363e-01
 -5.01106763e-01   4.77262975e-06  -3.49530783e-06  -5.01089802e-01
 -5.01107852e-01   4.93621034e-06  -3.27338044e-06  -5.01090857e-01
 -5.01109214e-01   4.61251053e-06  -3.13281232e-06  -5.01092041e-01
 -5.01110224e-01   4.51467741e-06  -3.12611287e-06  -5.01093134e-01
 -5.01111659e-01   4.38955121e-06  -3.43818014e-06  -5.01094486e-01
 -5.01113194e-01   3.95389696e-06  -3.76178927e-06  -5.01095938e-01
 -5.01114230e-01   4.45711592e-06  -3.86193013e-06  -5.01097183e-01
 -5.01115211e-01   4.27908663e-06  -3.37502209e-06  -5.01098171e-01
 -5.01116483e-01   4.11595483e-06  -3.61609312e-06  -5.01099564e-01
 -5.01117550e-01   3.61464992e-06  -3.50970193e-06  -5.01101053e-01
 -5.01118167e-01   3.90831453e-06  -3.82523182e-06  -5.01102055e-01
 -5.01119716e-01   3.80105504e-06  -4.49708488e-06  -5.01103451e-01
 -5.01121069e-01   3.93474541e-06  -4.46760726e-06  -5.01104846e-01
 -5.01122284e-01   4.16269933e-06  -4.42542990e-06  -5.01106290e-01
 -5.01123183e-01   4.12363015e-06  -4.69121068e-06  -5.01107614e-01
 -5.01124307e-01   4.17677517e-06  -4.59764181e-06  -5.01108572e-01
 -5.01125669e-01   3.98447036e-06  -4.52498609e-06  -5.01109665e-01
 -5.01126840e-01   4.09830819e-06  -4.59422816e-06  -5.01110547e-01
 -5.01127616e-01   4.17135484e-06  -4.45985438e-06  -5.01111400e-01
 -5.01128755e-01   4.18567176e-06  -4.51974899e-06  -5.01112963e-01
 -5.01130413e-01   4.28118894e-06  -4.66129181e-06  -5.01114155e-01
 -5.01131291e-01   4.60578658e-06  -4.65501389e-06  -5.01115675e-01
 -5.01132660e-01   4.21996234e-06  -4.85353812e-06  -5.01116655e-01
 -5.01133716e-01   4.25780418e-06  -4.65911385e-06  -5.01117645e-01
 -5.01134894e-01   4.61695827e-06  -4.81270512e-06  -5.01118506e-01
 -5.01136084e-01   4.13296962e-06  -5.31915487e-06  -5.01119632e-01
 -5.01137066e-01   4.25174398e-06  -4.62711985e-06  -5.01120765e-01
 -5.01138185e-01   4.74676446e-06  -4.82264076e-06  -5.01121907e-01
 -5.01139161e-01   4.81131904e-06  -5.15488962e-06  -5.01123270e-01
 -5.01140557e-01   4.82997968e-06  -5.22758286e-06  -5.01124451e-01
 -5.01141811e-01   4.56515790e-06  -5.39818679e-06  -5.01125452e-01
 -5.01143198e-01   4.34228645e-06  -5.46147850e-06  -5.01126010e-01
 -5.01144729e-01   4.68578222e-06  -5.47387283e-06  -5.01127380e-01
 -5.01145843e-01   4.16201738e-06  -5.55849880e-06  -5.01128349e-01
 -5.01147252e-01   4.03300637e-06  -5.81239243e-06  -5.01129532e-01
 -5.01148629e-01   3.92036998e-06  -5.41701801e-06  -5.01130915e-01
 -5.01150520e-01   3.66134833e-06  -5.41803637e-06  -5.01132407e-01
 -5.01151762e-01   3.81137837e-06  -5.04074160e-06  -5.01133528e-01
 -5.01153136e-01   3.85686971e-06  -5.09792953e-06  -5.01134986e-01
 -5.01154585e-01   3.45695920e-06  -5.37768088e-06  -5.01136214e-01
 -5.01155457e-01   3.57895749e-06  -5.69243342e-06  -5.01137432e-01
 -5.01156440e-01   3.61856165e-06  -5.72621833e-06  -5.01138236e-01
 -5.01157763e-01   3.52185757e-06  -6.22579699e-06  -5.01139900e-01
 -5.01159160e-01   3.59318207e-06  -6.11683020e-06  -5.01141519e-01
 -5.01160461e-01   3.16979231e-06  -6.34683762e-06  -5.01142690e-01
 -5.01161073e-01   2.96642564e-06  -6.62310549e-06  -5.01143764e-01
 -5.01162478e-01   3.00634883e-06  -6.91023827e-06  -5.01144921e-01
 -5.01163882e-01   3.20922813e-06  -7.16646961e-06  -5.01145956e-01
 -5.01165537e-01   3.36386421e-06  -7.40522405e-06  -5.01146942e-01
 -5.01166695e-01   3.59887398e-06  -7.08188110e-06  -5.01148436e-01
 -5.01167776e-01   3.74246967e-06  -7.13763304e-06  -5.01149666e-01
 -5.01168926e-01   3.15500332e-06  -7.40493047e-06  -5.01150654e-01
 -5.01170068e-01   2.75174887e-06  -7.49401127e-06  -5.01151916e-01
 -5.01171426e-01   3.07229432e-06  -7.32686057e-06  -5.01153077e-01
 -5.01172580e-01   2.83340755e-06  -7.19884070e-06  -5.01154392e-01
 -5.01173606e-01   2.84418607e-06  -7.39053155e-06  -5.01155517e-01
 -5.01174750e-01   2.36018056e-06  -7.27745115e-06  -5.01156925e-01
 -5.01176116e-01   2.29896563e-06  -7.31106669e-06  -5.01158372e-01
 -5.01176994e-01   2.34397705e-06  -7.05700853e-06  -5.01159683e-01
 -5.01178400e-01   2.29267290e-06  -6.90836989e-06  -5.01160622e-01
 -5.01179856e-01   2.12783504e-06  -7.05428229e-06  -5.01161726e-01
 -5.01180750e-01   2.09010285e-06  -7.64456308e-06  -5.01162879e-01
 -5.01181584e-01   2.26112875e-06  -7.59225868e-06  -5.01164020e-01
 -5.01182757e-01   2.66614067e-06  -7.78866236e-06  -5.01165128e-01
 -5.01183668e-01   2.58353948e-06  -7.62651075e-06  -5.01166329e-01
 -5.01184773e-01   2.51458236e-06  -7.47302485e-06  -5.01167678e-01
 -5.01185872e-01   2.67068226e-06  -7.31777580e-06  -5.01168886e-01
 -5.01187671e-01   2.73433273e-06  -7.28544691e-06  -5.01169892e-01
 -5.01188846e-01   2.97871391e-06  -7.29286741e-06  -5.01171396e-01
 -5.01189219e-01   3.66197639e-06  -7.35063362e-06  -5.01172213e-01
 -5.01190438e-01   3.83997141e-06  -7.06139703e-06  -5.01173219e-01
 -5.01191404e-01   3.85108210e-06  -7.12354552e-06  -5.01174172e-01
 -5.01192301e-01   3.97217188e-06  -7.68937452e-06  -5.01175555e-01
 -5.01193560e-01   3.93758580e-06  -7.71410625e-06  -5.01176966e-01
 -5.01194524e-01   4.38645910e-06  -7.82851264e-06  -5.01178467e-01
 -5.01196046e-01   4.15255561e-06  -7.82476271e-06  -5.01179954e-01
 -5.01197388e-01   3.86065143e-06  -7.69346697e-06  -5.01180956e-01
 -5.01198397e-01   4.00112802e-06  -7.81615958e-06  -5.01182228e-01
 -5.01199600e-01   4.39783890e-06  -7.93315551e-06  -5.01183123e-01
 -5.01201011e-01   4.31575694e-06  -7.74887886e-06  -5.01184128e-01
 -5.01202128e-01   4.39094712e-06  -7.90478850e-06  -5.01185262e-01
 -5.01203513e-01   4.50606229e-06  -7.59695386e-06  -5.01186919e-01
 -5.01204418e-01   4.36372409e-06  -7.56526333e-06  -5.01188162e-01
 -5.01205215e-01   4.45180835e-06  -7.57001054e-06  -5.01189304e-01
 -5.01206011e-01   4.48876652e-06  -7.23707119e-06  -5.01190186e-01
 -5.01207537e-01   4.60957707e-06  -7.17716481e-06  -5.01191256e-01
