gpomdp_grad 0.2 1.61660056386e-05 -0.588403348999

1 10000 0 -56.6666666667 -12.1736907837 6.17333686898
2 15221 -0.000152688989454 -56.5250670948 -12.2696046205 6.64558688476
3 15708 -0.000302992076501 -56.3864594464 -12.2596418496 6.74156384924
4 15525 -0.000454176931764 -56.247812132 -12.276495904 6.69379247734
5 15633 -0.000604837505186 -56.1104109643 -12.2926587751 6.72425391396
6 15562 -0.000755843636655 -55.9734549655 -12.2764468932 6.72697947528
7 15533 -0.000906990218531 -55.8371275574 -12.2971895493 6.68195958116
8 15675 -0.00105744856865 -55.7021659057 -12.3101967502 6.68932761378
9 15691 -0.00120783337107 -55.568006914 -12.254501786 6.70396430677
10 15646 -0.00135843324634 -55.4343881342 -12.2663609502 6.70883400787
11 15617 -0.00150917252194 -55.3013733331 -12.2584829806 6.717311162
12 15581 -0.00166008808091 -55.1689263363 -12.2550039091 6.73253421002
13 15520 -0.00181129860188 -55.0369405001 -12.2359044235 6.67648317047
14 15690 -0.00196168619014 -54.9063820557 -12.2543492742 6.6699367131
15 15761 -0.00211173732068 -54.7768148226 -12.2810085817 6.69104733988
16 15709 -0.00226203451122 -54.6477295737 -12.2644489738 6.72886958646
17 15568 -0.00241301280774 -54.5187535113 -12.2505317609 6.64405475163
18 15814 -0.00256281065702 -54.3914679914 -12.2473827429 6.69218795927
19 15720 -0.00271305562959 -54.2644796168 -12.2469501556 6.72716958394
20 15576 -0.00286399167687 -54.1375845017 -12.2366072391 6.66028995628
21 15761 -0.00301404109717 -54.0121024215 -12.2489627117 6.64971827522
22 15850 -0.00316367016183 -53.8876295244 -12.2448998287 6.6867054271
23 15749 -0.00331377871241 -53.7634124735 -12.2424500065 6.64604038936
24 15859 -0.0034633643677 -53.6402753783 -12.252045637 6.6526085989
25 15867 -0.00361290978636 -53.5178122401 -12.2399056292 6.69224254874
26 15735 -0.00376308533851 -53.3954728809 -12.230638998 6.632417718
27 15902 -0.00391246951474 -53.2744093689 -12.2303427521 6.67223328856
28 15812 -0.00406227536343 -53.1536314014 -12.2749125382 6.6292306657
29 15935 -0.00421150522789 -53.0339375478 -12.2736033931 6.65796634997
30 15870 -0.00436103698504 -52.9146172154 -12.237510428 6.6495809809
31 15881 -0.00451051890116 -52.7959479196 -12.2666305141 6.61078869361
32 16018 -0.00465935915802 -52.6783906239 -12.2355728572 6.67096970387
33 15849 -0.00480899243297 -52.5608084999 -12.2360273778 6.65675204971
34 15850 -0.00495861808242 -52.4438308591 -12.2263165117 6.64625501386
35 15887 -0.00510807271139 -52.3275798447 -12.2651039545 6.62851206751
36 15958 -0.00525719155828 -52.2121761417 -12.238970333 6.63704007594
37 15949 -0.00540635481608 -52.0973193924 -12.2239458813 6.6608370642
38 15864 -0.00555591458773 -51.9827366731 -12.2215605772 6.68994714856
39 15741 -0.00570605700242 -51.8682867039 -12.2397262977 6.62471622686
40 15930 -0.00585530863962 -51.7550865511 -12.259136896 6.60835795508
41 16041 -0.00600404500215 -51.6428391441 -12.20264306 6.66727610408
42 15868 -0.00615358859557 -51.530543879 -12.2140221373 6.58995001029
43 16087 -0.00630210916287 -51.419569798 -12.2616633291 6.63655789333
44 15987 -0.00645109641689 -51.3087965982 -12.203577849 6.60253873492
45 16077 -0.0065996639341 -51.198879574 -12.2196271136 6.70565423375
46 15747 -0.00674978116696 -51.0883638008 -12.2173702606 6.6502171078
47 15844 -0.00689943701946 -50.9787317734 -12.2125233243 6.5896021355
48 16081 -0.00704798375159 -50.870445523 -12.2219615766 6.60733126094
49 16087 -0.00719650630646 -50.762704192 -12.1965351832 6.60692089847
50 16090 -0.00734501444865 -50.6554966685 -12.2022450863 6.59639561192
51 16128 -0.00749334855126 -50.5489334136 -12.2001786263 6.61531939479
52 16072 -0.00764193942498 -50.4427016178 -12.1996171974 6.5905593177
53 16143 -0.00779020252083 -50.3372151199 -12.2363078579 6.63148861077
54 16020 -0.00793903543232 -50.2318328632 -12.2013175058 6.59349238078
55 16118 -0.00808741359971 -50.1272772447 -12.1883204409 6.61845163359
56 16058 -0.0082360680268 -50.0230286331 -12.1973598801 6.57810069356
57 16183 -0.00838414789911 -49.9196786242 -12.2012959649 6.60332213414
58 16129 -0.00853247399248 -49.816649198 -12.2145403945 6.56617756302
59 16245 -0.00868026914798 -49.7144752953 -12.2003898983 6.6489089584
60 15987 -0.00882925278231 -49.6119680243 -12.1888204207 6.53359324295
61 16321 -0.0089767057263 -49.5109932145 -12.1866851358 6.6193635966
62 16111 -0.00912511499963 -49.4098415822 -12.2054749542 6.57316569102
63 16216 -0.00927304638339 -49.3094896207 -12.1867317688 6.57222534843
64 16249 -0.0094208274395 -49.2097088026 -12.1956688378 6.56959062017
65 16267 -0.00956852370513 -49.1104504956 -12.1968128531 6.6114812472
66 16124 -0.00971687421223 -49.0112174764 -12.176266761 6.54680107307
67 16313 -0.00986436258397 -48.9130198841 -12.1946682007 6.59098594516
68 16209 -0.0100123232543 -48.8149642539 -12.1863579723 6.56497792598
69 16272 -0.0101599961161 -48.7175520301 -12.1832682652 6.59358044132
70 16189 -0.0103080508669 -48.620338753 -12.1744276724 6.56043250153
71 16283 -0.0104556759009 -48.523854021 -12.1793032297 6.58185237124
72 16233 -0.0106035270482 -48.4276652108 -12.1811228311 6.60028364008
73 16154 -0.0107517399406 -48.3316836833 -12.1840672713 6.53714380837
74 16356 -0.0108990334978 -48.2367335682 -12.20655649 6.56054257777
75 16330 -0.0110464475502 -48.1421380539 -12.1796714914 6.56427957227
76 16309 -0.0111939549247 -48.0479125869 -12.1912104278 6.54675816145
77 16366 -0.0113412056864 -47.9542770884 -12.171898218 6.54865048256
78 16375 -0.0114884148544 -47.861090669 -12.2018280585 6.55127112882
79 16368 -0.0116356550245 -47.7683044883 -12.168076202 6.55349094969
80 16358 -0.0117829399175 -47.6759074073 -12.1840315255 6.59779066604
81 16198 -0.0119309535944 -47.5834707652 -12.1719479257 6.55267783973
82 16313 -0.0120784417165 -47.4917759881 -12.2073601818 6.5046162325
83 16519 -0.0122250061336 -47.4010618029 -12.1615564555 6.58262096696
84 16296 -0.0123725725595 -47.3101339213 -12.1690785693 6.58079204712
85 16241 -0.0125203900295 -47.2194575486 -12.1551891665 6.53504797784
86 16389 -0.0126675380964 -47.1295929204 -12.1706654433 6.50004547051
87 16558 -0.0128139324949 -47.040583075 -12.1707662732 6.54624789347
88 16437 -0.0129608624213 -46.9516406821 -12.1684219355 6.53995528274
89 16426 -0.0131078416336 -46.8630598504 -12.1593538935 6.50565528439
90 16548 -0.0132542801629 -46.7751916345 -12.1660987311 6.5176630112
91 16538 -0.0134007604035 -46.687682085 -12.1632837738 6.53781299748
92 16462 -0.0135475788177 -46.6003530817 -12.160197288 6.52298466141
93 16495 -0.0136942523455 -46.513490227 -12.152373135 6.55123428713
94 16402 -0.0138413413009 -46.4267602714 -12.1548916018 6.53724562385
95 16426 -0.0139883207013 -46.3404714961 -12.1568364577 6.49770250112
96 16577 -0.0141346306659 -46.2549471946 -12.1534877421 6.50735521506
97 16584 -0.0142809082907 -46.1698099059 -12.1667134678 6.50565856666
98 16592 -0.0144271498169 -46.0850592036 -12.1771016601 6.47729216663
99 16699 -0.0145729228692 -46.0009414488 -12.1639525873 6.52023299092
100 16571 -0.0147192583406 -45.9168598067 -12.1410860566 6.49489968078
101 16628 -0.0148653420456 -45.8332809519 -12.149791995 6.49675139585
102 16638 -0.0150113852027 -45.7500806966 -12.1410615688 6.50746584437
103 16601 -0.0151575892415 -45.6671424738 -12.1356161484 6.52889121178
104 16512 -0.0153041853123 -45.5843349196 -12.1596880237 6.46016485315
105 16740 -0.0154497808338 -45.5024402599 -12.1590328059 6.52088279552
106 16580 -0.0155960766568 -45.4204985274 -12.1434173476 6.47527516734
107 16703 -0.0157418319587 -45.3392031207 -12.1413603362 6.51529333159
108 16590 -0.0158880826745 -45.2579739264 -12.1208339739 6.48945106216
109 16654 -0.0160340547625 -45.1772394807 -12.1671826681 6.49334867177
110 16657 -0.0161800108813 -45.0968513659 -12.1547378743 6.45398861652
111 16804 -0.0163253270142 -45.0171489179 -12.1649653945 6.46432684703
112 16807 -0.0164706306325 -44.9377836851 -12.1395958285 6.47288572559
113 16776 -0.016616068972 -44.8586736243 -12.1454573015 6.49136560483
114 16699 -0.0167618437345 -44.7797085874 -12.1466653486 6.44317367571
115 16857 -0.0169069334647 -44.70143871 -12.1567373907 6.46141368901
116 16833 -0.0170521257968 -44.6234351625 -12.1303875228 6.49603033476
117 16697 -0.0171979067724 -44.5454371432 -12.1354453142 6.46072290542
118 16791 -0.0173432826547 -44.4679749836 -12.1261198508 6.47795433435
119 16753 -0.0174888223666 -44.390742797 -12.1480275763 6.4340329128
120 16907 -0.01763369831 -44.3141762096 -12.1261536178 6.45807261177
121 16860 -0.0177787763487 -44.237814219 -12.1265041664 6.49688411638
122 16702 -0.0179245384715 -44.1614040899 -12.1218639056 6.43727791915
123 16880 -0.0180695292148 -44.0857066397 -12.1420269051 6.44054852051
124 16918 -0.0182143564777 -44.0103996666 -12.1339548368 6.46672882658
125 16830 -0.0183595612267 -43.9352007191 -12.1340426698 6.43798685049
126 16914 -0.0185044075041 -43.860489178 -12.1154757452 6.50864784796
127 16673 -0.0186502947242 -43.785543539 -12.1301509233 6.45388074005
128 16809 -0.0187955894452 -43.7112025283 -12.1173447442 6.41179791505
129 17007 -0.0189400378116 -43.6375898131 -12.1142080021 6.45428241307
130 16902 -0.0190849348132 -43.5640424745 -12.149052594 6.43528675505
131 16944 -0.0192296505116 -43.4908793331 -12.1258515545 6.50473955447
132 16696 -0.0193754385318 -43.4174675557 -12.0980277431 6.43082778827
133 16903 -0.0195203323553 -43.3447961972 -12.1089431912 6.4277348345
134 16973 -0.019664924766 -43.272562661 -12.1267704988 6.47641951948
135 16809 -0.0198102202373 -43.2002646451 -12.1342857324 6.39454424388
136 17073 -0.0199543896808 -43.1288093764 -12.1664879467 6.40200694678
137 17119 -0.0200983631293 -43.057730381 -12.128038783 6.43835358807
138 16993 -0.0202428697367 -42.9866670284 -12.1258522726 6.41595113639
139 17043 -0.020387163778 -42.9159853492 -12.1313460749 6.40417303541
140 17103 -0.020531207854 -42.84570073 -12.1180321553 6.40828178489
141 17104 -0.0206752472247 -42.7756911849 -12.1229703983 6.44821531048
142 16952 -0.0208199309786 -42.7056414617 -12.1097047091 6.42264077258
143 17006 -0.0209643822007 -42.6359757164 -12.1256369256 6.3939874837
144 17131 -0.0211083056665 -42.5668326375 -12.1275175329 6.41401002019
145 17090 -0.0212524045749 -42.497871874 -12.0882784194 6.40044223287
146 17130 -0.0213963325905 -42.4292576595 -12.1519562275 6.3939773824
147 17166 -0.0215401088307 -42.3609784825 -12.1038062296 6.39802901373
148 17161 -0.0216839081728 -42.2929494463 -12.1030619653 6.40201504693
149 17144 -0.0218277778336 -42.2251469833 -12.1291359439 6.36709869528
150 17275 -0.0219711030493 -42.1578580708 -12.1315042194 6.40729131949
151 17156 -0.0221149245671 -42.0905925071 -12.1109603363 6.37434228051
152 17250 -0.0222583527528 -42.023765209 -12.085877045 6.42410404769
153 17084 -0.022402475215 -41.9568687878 -12.0950191375 6.38563147066
154 17186 -0.0225461709037 -41.8904228742 -12.1019238605 6.38399416176
155 17221 -0.0226897198621 -41.824295051 -12.0986413761 6.3834217008
156 17233 -0.0228332185464 -41.75843897 -12.0962487737 6.37851458105
157 17255 -0.0229766238671 -41.6928726468 -12.0911119975 6.37752426496
158 17265 -0.0231199874852 -41.6275707382 -12.0704013879 6.38653282889
159 17233 -0.0232634850733 -41.5624520965 -12.0916031588 6.3706507915
160 17286 -0.0234067632679 -41.4976755058 -12.0697484462 6.3865098081
161 17239 -0.0235502360258 -41.4330524066 -12.0918836333 6.40280591026
162 17163 -0.0236940270281 -41.3685270446 -12.0917120668 6.3718533963
163 17261 -0.023837406743 -41.3044252316 -12.0976931975 6.38615629621
164 17233 -0.0239809029079 -41.2405089735 -12.0910792332 6.37777383406
165 17258 -0.0241242962536 -41.1768746656 -12.1054564588 6.33744974947
166 17423 -0.0242670085271 -41.1137757039 -12.0725479184 6.37133393062
167 17336 -0.0244100774781 -41.0507511861 -12.0721229958 6.39200665359
168 17232 -0.0245535810433 -40.9877674343 -12.0686415031 6.37398659621
169 17273 -0.0246969143336 -40.9250893098 -12.0670741775 6.35733068075
170 17349 -0.024839930517 -40.8627785918 -12.0917285069 6.34887713665
171 17404 -0.0249827217971 -40.8007925726 -12.0693657086 6.34111648584
172 17450 -0.025125324119 -40.7391134409 -12.0957998084 6.3613109481
173 17383 -0.0252682000268 -40.6775401192 -12.1001192312 6.33975648838
174 17450 -0.0254108045727 -40.6163062574 -12.0863409401 6.35085412874
175 17425 -0.0255535114355 -40.5552498075 -12.0739286562 6.30798029296
176 17588 -0.0256955539116 -40.4946963168 -12.093661354 6.35461733222
177 17448 -0.0258381642232 -40.434119086 -12.0907087523 6.33326943052
178 17494 -0.0259805891063 -40.3738377965 -12.0655224091 6.35972984215
179 17402 -0.0261233890703 -40.3136144853 -12.0798624473 6.32584178326
180 17510 -0.0262657467651 -40.2537925532 -12.0754562883 6.37178209783
181 17359 -0.0264087232918 -40.1939253536 -12.0812482904 6.35990244943
182 17363 -0.0265516812393 -40.1342799944 -12.0815451133 6.36241526636
183 17355 -0.0266946751848 -40.0748326074 -12.0678391491 6.2731562887
184 17708 -0.0268362354194 -40.0161899794 -12.0769282875 6.3503328503
185 17498 -0.0269786411077 -39.957405541 -12.1029199649 6.30035239637
186 17639 -0.0271204766047 -39.8990631792 -12.0979642038 6.32841471999
187 17567 -0.0272626056278 -39.8408059251 -12.0786195146 6.32007956408
188 17580 -0.0274046814321 -39.7827753519 -12.0746087933 6.32712234498
189 17555 -0.0275468563328 -39.7249082756 -12.0686246734 6.29840667746
190 17663 -0.0276885954098 -39.6674206341 -12.0785551668 6.29831188408
191 17694 -0.0278302107253 -39.610183617 -12.0554997483 6.37473463595
192 17398 -0.0279730266141 -39.5526632037 -12.044867071 6.28314845474
193 17680 -0.0281146987371 -39.4958026807 -12.0589345963 6.36297512614
194 17441 -0.0282573402613 -39.4387525148 -12.0600634451 6.26987485027
195 17746 -0.0283987483418 -39.3823921727 -12.0847464844 6.27057759532
196 17830 -0.0285398221287 -39.3263590212 -12.073189588 6.30912509285
197 17697 -0.0286814254391 -39.2703093657 -12.0399214257 6.33493294432
198 17557 -0.0288235945232 -39.2142301102 -12.0450361905 6.2840386025
199 17722 -0.028965099052 -39.1586053715 -12.0648280661 6.2815620239
200 17779 -0.0291063772884 -39.1032600789 -12.0524723505 6.31332940398
201 17666 -0.0292481053367 -39.0479288492 -12.0734381242 6.26617061776
202 17826 -0.0293891976771 -38.9930341386 -12.0635249662 6.28068515377
203 17812 -0.0295303456712 -38.9383048459 -12.055016462 6.26103059948
204 17888 -0.0296711914948 -38.8838782839 -12.0511827918 6.29306757623
205 17778 -0.0298124709516 -38.8294694393 -12.0399330947 6.29188058117
206 17753 -0.0299538533738 -38.7752057781 -12.0373207221 6.29753457071
207 17723 -0.0300953551189 -38.7210805256 -12.0636648208 6.24438023178
208 17931 -0.0302360311533 -38.6674528689 -12.0329910731 6.31345336838
209 17708 -0.0303775927216 -38.6136696564 -12.0692710072 6.24067461132
210 17942 -0.0305182256742 -38.5604191482 -12.0553554743 6.26256062063
211 17918 -0.0306589524003 -38.5073117221 -12.0511947572 6.27032638739
212 17880 -0.0307998311035 -38.4543249915 -12.0616839028 6.26322954569
213 17898 -0.0309406370445 -38.4015427507 -12.0481771449 6.28370020893
214 17819 -0.0310817540193 -38.3488206991 -12.0249362997 6.24706932091
215 17948 -0.0312223663599 -38.2964623396 -12.0325364545 6.29154363005
216 17801 -0.0313635550249 -38.2440644306 -12.0361369141 6.23580428057
217 17989 -0.0315040052823 -38.1921137359 -12.0467205295 6.25096686863
218 17979 -0.0316444929671 -38.1403211386 -12.0525542336 6.25184877849
219 17973 -0.0317850058742 -38.0886904094 -12.0605742329 6.27033250321
220 17895 -0.0319258241728 -38.0371183643 -12.068294325 6.23073579334
221 18037 -0.0320660882384 -37.9859185402 -12.0302880688 6.26145122905
222 17949 -0.0322066929069 -37.9347630853 -12.0237010635 6.23884116659
223 18018 -0.0323470284838 -37.88387313 -12.0437185012 6.26688006385
224 17922 -0.0324877416736 -37.8330135354 -12.0510568361 6.21162186812
225 18124 -0.0326276669496 -37.7826040349 -12.0270050081 6.25885876885
226 17984 -0.0327681350727 -37.7321639701 -12.0249218116 6.25476906667
227 17962 -0.0329086897054 -37.6818575151 -12.0607979497 6.19617660711
228 18201 -0.0330483212779 -37.6320437546 -12.0222755549 6.25484369455
229 18022 -0.0331886413018 -37.5821465854 -12.0178132001 6.23237678367
230 18066 -0.0333287923385 -37.5324710303 -12.0502077789 6.20742916257
231 18183 -0.0334684920648 -37.4831153153 -12.0449616852 6.21594576139
232 18180 -0.0336082026646 -37.4339146324 -11.9991478094 6.2355979844
233 18097 -0.0337482341985 -37.3847595958 -12.0366894126 6.2143213388
234 18163 -0.0338880116259 -37.3358514193 -12.0253877032 6.21828759453
235 18164 -0.0340277816731 -37.2871025816 -12.0246953723 6.21479442473
236 18179 -0.0341674941695 -37.2385297281 -12.0605985387 6.19952480341
237 18248 -0.034306943623 -37.1902030282 -12.0452857165 6.19031600948
238 18307 -0.0344461699718 -37.1421071044 -12.0267834537 6.20899676588
239 18244 -0.0345856351705 -37.0940816756 -12.0207028093 6.24254938798
240 18085 -0.0347257102165 -37.0459996598 -12.059081339 6.16827196481
241 18354 -0.0348647562513 -36.9984222073 -11.988960586 6.22405141439
242 18193 -0.0350044147409 -36.9507862635 -12.0101173419 6.19265043885
243 18281 -0.035143737967 -36.9034148277 -12.0061068869 6.19689335801
244 18288 -0.0352830352902 -36.8562014292 -12.0202662091 6.18615325816
245 18336 -0.0354221515016 -36.809197647 -11.992500158 6.21183004927
246 18240 -0.0355616315784 -36.762218947 -12.0345919432 6.20299421608
247 18251 -0.0357010714686 -36.7154012451 -12.0158557081 6.18870505364
248 18314 -0.0358402685567 -36.6688114385 -11.9956954245 6.20038785905
249 18282 -0.0359795871125 -36.6223267342 -12.0307409948 6.19576852499
250 18293 -0.0361188651817 -36.5760006218 -12.0030119398 6.1972430168
251 18290 -0.0362581553248 -36.5298149038 -12.0183556551 6.16258553938
252 18437 -0.0363968884019 -36.483956787 -12.0321873414 6.18435762387
253 18385 -0.0365358172259 -36.4381762145 -12.0402172788 6.13254879165
254 18594 -0.0366739635556 -36.3927939956 -12.0191654626 6.18988551939
255 18405 -0.0368128169458 -36.3473200383 -12.0215330828 6.18096198404
256 18391 -0.0369517247237 -36.301968604 -11.9963820952 6.18372752953
257 18375 -0.0370906920456 -36.2567375402 -12.0207717612 6.1544059632
258 18496 -0.0372292023313 -36.2117937501 -12.0269331185 6.15673261649
259 18520 -0.0373676223929 -36.1670167623 -12.0020982029 6.17105736001
260 18465 -0.0375062488213 -36.1223101821 -11.9953640324 6.17936953831
261 18414 -0.0376450674632 -36.0776785425 -11.9809103423 6.18777499097
262 18364 -0.0377840758516 -36.0331225804 -11.9860041002 6.15899301105
263 18473 -0.0379226719757 -35.9888343126 -11.9843079612 6.16052522294
264 18498 -0.0380611775514 -35.9447095877 -11.9835570031 6.17154900124
265 18457 -0.0381998350323 -35.9006706481 -12.0142944915 6.13275584921
266 18614 -0.0383379085516 -35.8569499868 -12.0086487805 6.18316451604
267 18439 -0.0384766324465 -35.8131562508 -12.0132392631 6.1146219186
268 18688 -0.0386144318102 -35.7697856399 -12.0097250006 6.17608862145
269 18490 -0.0387529644864 -35.726315506 -11.9707076902 6.20064798131
270 18330 -0.0388921007934 -35.6827878551 -11.9685700535 6.14588850627
271 18520 -0.0390305212511 -35.6396147306 -12.0081301809 6.12901224354
272 18648 -0.0391684679779 -35.5967183592 -11.9726887393 6.17666519747
273 18477 -0.0393070514478 -35.5537530773 -11.9771185049 6.12594481899
274 18649 -0.0394449937841 -35.5111144922 -11.9730097229 6.14087204086
275 18632 -0.0395829975832 -35.4685840574 -11.9988589926 6.12974791151
276 18676 -0.0397208392146 -35.4262299934 -11.9626028835 6.16004757129
277 18556 -0.0398591249989 -35.3838658273 -11.966345495 6.11723827505
278 18710 -0.0399968436688 -35.3418006419 -11.9605407926 6.13045547045
279 18695 -0.0401346158859 -35.2998436113 -11.996794816 6.1435709397
280 18633 -0.040272615637 -35.2579415843 -11.9972695133 6.10138024609
281 18801 -0.0404099976367 -35.2163501556 -12.0116424563 6.10121800424
282 18850 -0.0405472035093 -35.1749340277 -12.0007722928 6.10729723727
283 18837 -0.0406844574907 -35.1336248136 -11.9855732 6.11086005755
284 18817 -0.0408217823596 -35.0924152886 -11.9769468341 6.11940537831
285 18774 -0.0409592658464 -35.0512789039 -11.9848600194 6.11162794411
286 18796 -0.0410966677335 -35.0102871142 -12.0188874217 6.07820586969
287 18951 -0.041233506722 -34.9695821478 -11.9510358768 6.15692283111
288 18646 -0.0413714601581 -34.9286652531 -11.9968311075 6.0979586933
289 18820 -0.0415087733354 -34.8880569776 -11.9852046398 6.09108024248
290 18900 -0.0416457958447 -34.8476522215 -12.009318392 6.08295112858
291 18959 -0.0417826052562 -34.8074269612 -11.9788772535 6.12073889864
292 18807 -0.0419199656358 -34.7671564736 -11.9835718849 6.08935988817
293 18904 -0.0420569736564 -34.7271053459 -11.9862398834 6.10561982051
294 18859 -0.0421941454597 -34.6871219603 -11.9610960628 6.09908754573
295 18876 -0.0423312575299 -34.6472711067 -11.9652506487 6.09204494502
296 18912 -0.0424682384023 -34.6075728265 -11.9764699309 6.08714080596
297 18944 -0.0426051033366 -34.5680219024 -11.9837861682 6.08420128179
298 18966 -0.0427418882535 -34.5286072285 -11.9650068157 6.08278103085
299 18978 -0.0428786279166 -34.4893181541 -11.9645605248 6.08503310177
300 18972 -0.0430153918427 -34.4501342038 -11.9766045233 6.06037127467
301 19081 -0.0431517631562 -34.4111738933 -11.97851671 6.11014441433
302 18888 -0.0432888292676 -34.3721264562 -11.9426489811 6.07948476631
303 18971 -0.0434255948611 -34.3332754511 -11.9804490107 6.04456421258
304 19153 -0.0435617116496 -34.2947182033 -11.9817472314 6.07365284956
305 19072 -0.0436981158014 -34.256188634 -11.9435221036 6.07207616418
306 19056 -0.0438345755345 -34.2177521694 -11.9591393052 6.06692786886
307 19075 -0.0439709681152 -34.1794429124 -11.9617179728 6.05066271495
308 19154 -0.0441070786666 -34.1413203517 -11.9795338044 6.05524185167
309 19156 -0.0442431841884 -34.1033061182 -11.9646405673 6.0435763285
310 19209 -0.0443790991304 -34.0654513636 -11.9503427338 6.10577113048
311 18943 -0.0445159667582 -34.0274381187 -11.9659827283 6.03134673453
312 19205 -0.0446518982424 -33.9897905624 -11.938596448 6.07218291899
313 19093 -0.044788226857 -33.9521383654 -11.9442387284 6.0649371965
314 19095 -0.0449245501138 -33.914592709 -11.9636170367 6.04050215847
315 19206 -0.0450604763491 -33.8772605684 -11.9551018962 6.06450104031
316 19128 -0.0451966797847 -33.8399562018 -11.9757079202 6.02150379866
317 19303 -0.0453322658613 -33.8029238054 -11.9619794401 6.04257274955
318 19255 -0.0454680187922 -33.7659482551 -11.9529268874 6.06286565732
319 19149 -0.0456041471987 -33.7289729219 -11.9246441318 6.05658574187
320 19148 -0.0457402794349 -33.6920987621 -11.9278980473 6.03782952909
321 19234 -0.0458761094562 -33.6554079226 -11.9232563838 6.05330427448
322 19187 -0.0460121040955 -33.6187737333 -11.9380287581 6.04936782716
323 19192 -0.0461480817792 -33.58224486 -11.9222086849 6.0423096659
324 19225 -0.0462839403865 -33.5458481767 -11.9176467559 6.06413408149
325 19135 -0.0464201190262 -33.5094658601 -11.9245223286 6.01023137705
326 19357 -0.0465555158772 -33.4733913694 -11.9206383647 6.08320508823
327 19085 -0.0466918725337 -33.4371604745 -11.9045645442 6.03377849923
328 19234 -0.0468277001006 -33.4011688556 -11.9348043408 6.0068774846
329 19401 -0.0469629442042 -33.3654293163 -11.9454748227 6.04001079302
330 19294 -0.0470985594488 -33.3296889715 -11.9413070034 5.9958358817
331 19469 -0.047233565709 -33.2942054828 -11.9260676936 6.04824333772
332 19276 -0.0473692476694 -33.2586408824 -11.9313040076 5.98934055357
333 19494 -0.0475041667004 -33.2233717844 -11.9055637768 6.03013113867
334 19366 -0.0476395315448 -33.1880814937 -11.9459643307 5.99621719602
335 19488 -0.04777447312 -33.1529962303 -11.9417833136 6.00370168741
336 19487 -0.0479094165369 -33.1180046454 -11.9257188565 6.02935721281
337 19368 -0.0480447756732 -33.0829994806 -11.9471353351 5.97985603612
338 19565 -0.0481794507914 -33.0482644882 -11.9321855583 6.01702513778
339 19446 -0.0483145349666 -33.0135170903 -11.910498973 6.01731875014
340 19412 -0.0484497394102 -32.9788317507 -11.9320134399 6.01033125957
341 19435 -0.0485848640951 -32.9442594592 -11.9249385516 5.98896389055
342 19541 -0.0487196208859 -32.9098731143 -11.9343823605 5.99584229512
343 19539 -0.0488543858327 -32.87557603 -11.9052989311 6.0401079709
344 19332 -0.048989868315 -32.8411880502 -11.8993755285 5.99118266749
345 19501 -0.0491247619093 -32.8070405418 -11.912636859 5.9808966537
346 19598 -0.0492593240292 -32.7730670578 -11.9056136797 5.99596588727
347 19554 -0.0493940359115 -32.7391455641 -11.9252320129 5.98783022084
348 19580 -0.0495286587558 -32.7053359034 -11.9151299182 5.98085170607
349 19620 -0.0496631436643 -32.6716497831 -11.9182342318 5.97581358505
350 19655 -0.0497975085764 -32.6380821096 -11.9262690409 5.99001846818
351 19598 -0.0499320694899 -32.6045536709 -11.8977458304 5.97726901383
352 19642 -0.0500664791184 -32.5711507029 -11.8973394746 5.97788160739
353 19652 -0.0502008563098 -32.5378431513 -11.9120259138 5.96756743216
354 19703 -0.0503350571592 -32.5046661457 -11.9275633351 5.9693110169
355 19709 -0.050469237334 -32.4715806768 -11.9274788518 5.96625385456
356 19726 -0.0506033623507 -32.4385948425 -11.9017457813 5.96260345902
357 19748 -0.0507374121176 -32.405713129 -11.8830184317 6.00658615235
358 19546 -0.0508721519267 -32.3727480731 -11.9186319569 5.92378138196
359 19882 -0.0510057470967 -32.3401477835 -11.9162723047 5.98036738851
360 19707 -0.0511399360054 -32.3074872073 -11.92008582 5.92792270841
361 19909 -0.0512734432724 -32.2750763594 -11.9203588053 5.93879790907
362 19913 -0.0514069347249 -32.2427526265 -11.8939518021 5.95484550679
363 19837 -0.0515406818379 -32.2104501815 -11.8828137333 5.98175553825
364 19688 -0.0516749357091 -32.1781087744 -11.8982016593 5.96445009125
365 19728 -0.0518090516535 -32.1458837353 -11.9067749615 5.93647740544
366 19873 -0.0519426771575 -32.1138588688 -11.9023538471 5.97174769934
367 19745 -0.052076735213 -32.0818126037 -11.8934007634 5.95024686625
368 19812 -0.0522105671001 -32.0499022851 -11.8682845342 5.9365566505
369 19897 -0.0523441139716 -32.0181411683 -11.9002996425 5.96960566677
370 19762 -0.0524781147644 -31.9863533612 -11.8698454022 5.94797084999
371 19828 -0.0526118936642 -31.9546990869 -11.8783883256 5.96104399059
372 19784 -0.0527458212342 -31.9230902937 -11.8755262578 5.98666728612
373 19650 -0.0528802047758 -31.8914546963 -11.9188157753 5.88379173763
374 20107 -0.0530130532268 -31.8602597482 -11.8869280734 5.97975331459
375 19772 -0.0531470217456 -31.8288813054 -11.8625441726 5.93265423427
376 19904 -0.0532805435212 -31.7976866539 -11.9035739492 5.92303801003
377 19988 -0.053413784907 -31.7666359896 -11.903711857 5.91230984741
378 20064 -0.0535467740031 -31.7357220037 -11.866497348 5.96590925244
379 19826 -0.0536805586667 -31.7047013035 -11.8707421685 5.91247489213
380 20017 -0.0538137029628 -31.6739066872 -11.8715413114 5.92591013769
381 20006 -0.0539468848117 -31.6431805473 -11.8724425857 5.9107518019
382 20077 -0.0540798318869 -31.6125852564 -11.8879731865 5.92561310083
383 20024 -0.0542129530318 -31.5820263916 -11.8978945209 5.86983809181
384 20283 -0.0543452218849 -31.5517386996 -11.8767887589 5.95420975092
385 19943 -0.0544786152845 -31.5212694663 -11.8684835222 5.8946251133
386 20138 -0.0546113606726 -31.4910237024 -11.8569516217 5.91908678671
387 20073 -0.0547443197356 -31.4608044279 -11.8596448703 5.91649362679
388 20068 -0.0548772971741 -31.4306559528 -11.8779002602 5.91001875914
389 20098 -0.0550101745902 -31.4006047774 -11.8618775728 5.90403586943
390 20135 -0.0551429274109 -31.3706559985 -11.8647972838 5.89518858552
391 20189 -0.055275502912 -31.3408209881 -11.8810757511 5.90633706015
392 20150 -0.0554082087574 -31.3110302017 -11.8825474333 5.86595263572
393 20338 -0.0555402977538 -31.2814507062 -11.8564073642 5.91006674495
394 20173 -0.0556729272877 -31.2518229935 -11.8598938677 5.89993578821
395 20177 -0.0558055444091 -31.222270757 -11.8780229586 5.89503338543
396 20202 -0.0559380785868 -31.1928093732 -11.8622347937 5.90369152557
397 20166 -0.0560707296857 -31.16339418 -11.8745623195 5.86192213696
398 20363 -0.0562027387408 -31.1341927909 -11.8551896896 5.88961396007
399 20281 -0.0563350148615 -31.1050035431 -11.8496503716 5.91544235187
400 20131 -0.0564677833783 -31.0757770702 -11.848848833 5.88608732057
401 20233 -0.0566002154512 -31.0466956958 -11.8536001235 5.90990401284
402 20145 -0.0567329384631 -31.0176213579 -11.8692938342 5.85155705243
403 20409 -0.0568647993641 -30.9888059356 -11.8633721616 5.86990164725
404 20392 -0.0569967150218 -30.9600481747 -11.8445614641 5.90257756328
405 20225 -0.0571291743476 -30.9312417171 -11.8433724741 5.86076290294
406 20386 -0.0572611102973 -30.902618386 -11.8533976065 5.86049758655
407 20432 -0.0573928948081 -30.8740967136 -11.8542500042 5.87698570554
408 20363 -0.0575249041429 -30.84559508 -11.8600743339 5.85052273002
409 20476 -0.0576565483146 -30.8172405156 -11.8562982407 5.89913618387
410 20265 -0.0577888759568 -30.7888071622 -11.86011284 5.84751592141
411 20463 -0.0579205610331 -30.7605797379 -11.853507939 5.84510490199
412 20532 -0.0580520269443 -30.7324665813 -11.8493352694 5.85702029919
413 20491 -0.0581836233003 -30.7043926258 -11.8404130233 5.87031552251
414 20413 -0.0583154714963 -30.6763320301 -11.8381006872 5.86112025306
415 20437 -0.0584472415665 -30.6483549164 -11.8480741474 5.84325783403
416 20534 -0.0585787011297 -30.6205100945 -11.837344979 5.85236601976
417 20515 -0.0587102204469 -30.5927187166 -11.8337286998 5.88207627842
418 20361 -0.0588422371484 -30.5648884953 -11.8410380861 5.83284349347
419 20565 -0.0589735973378 -30.5372623319 -11.8468289202 5.8606301918
420 20482 -0.0591052224239 -30.5096459238 -11.8392937385 5.828915449
421 20619 -0.059236409463 -30.4821864007 -11.8384681674 5.83280482338
422 20638 -0.0593675363963 -30.4548040589 -11.8466612006 5.83977848914
423 20608 -0.0594987591068 -30.427466149 -11.8307340993 5.85198308054
424 20538 -0.059630205905 -30.4001459519 -11.8400038389 5.84301332557
425 20563 -0.059761570432 -30.3729070236 -11.8299287921 5.81285307645
426 20724 -0.0598924249465 -30.3458374045 -11.8329973159 5.85022720645
427 20579 -0.0600237401007 -30.318736042 -11.8319391277 5.83004801532
428 20641 -0.0601548582475 -30.2917386369 -11.8238926939 5.83470318931
429 20634 -0.060285996235 -30.2648001941 -11.8179735482 5.84444232656
430 20583 -0.0604172979095 -30.2378910803 -11.8251277428 5.82916377372
431 20646 -0.0605483981789 -30.2110858751 -11.8286363631 5.8295055755
432 20662 -0.0606794476838 -30.1843533832 -11.8167914602 5.82718763987
433 20679 -0.0608104454619 -30.157693515 -11.8271614892 5.81916761406
434 20724 -0.0609412984607 -30.1311248569 -11.8228486099 5.7910761971
435 20882 -0.0610716573794 -30.1047176713 -11.8299591344 5.84367601581
436 20656 -0.0612027273685 -30.0782277712 -11.8189195442 5.81405070338
437 20744 -0.0613335181185 -30.0518553981 -11.8201486689 5.80536750855
438 20814 -0.0614640903551 -30.0255877524 -11.8306841233 5.81246022733
439 20797 -0.0615947154493 -29.9993699209 -11.8174841815 5.85253139179
440 20587 -0.0617260033148 -29.9730797788 -11.8098085049 5.80171892085
441 20788 -0.0618566563289 -29.9469769875 -11.8199337138 5.8035077396
442 20836 -0.0619871596161 -29.9209638811 -11.8169468442 5.76427245733
443 21053 -0.062116986347 -29.8951447063 -11.8140436461 5.7932217287
444 20963 -0.0622470917451 -29.869329024 -11.8145772573 5.7938938264
445 20935 -0.0623772861742 -29.8435545146 -11.8138416796 5.77896347409
446 21005 -0.0625072636601 -29.8178814686 -11.8045791956 5.81065572627
447 20859 -0.0626376925222 -29.7921778421 -11.815787913 5.80154205143
448 20866 -0.0627681015468 -29.7665365921 -11.8060258883 5.7753650629
449 21004 -0.0628980812507 -29.741037736 -11.8186330325 5.79736021702
450 20928 -0.0630282960463 -29.7155506091 -11.807987734 5.80896359672
451 20847 -0.0631587646273 -29.6900716851 -11.789895848 5.79788794697
452 20881 -0.063289125118 -29.6646715383 -11.7951094946 5.7497430771
453 21143 -0.0634186774631 -29.6394857754 -11.7995523814 5.81312575642
454 20885 -0.0635490269637 -29.6142021188 -11.8022901421 5.77115555
455 21031 -0.0636789219577 -29.589063388 -11.7986750961 5.75193444204
456 21174 -0.0638083789661 -29.5640656155 -11.7898230475 5.82218965109
457 20846 -0.0639388483567 -29.5389289269 -11.804810079 5.74204203843
458 21173 -0.0640683069209 -29.514042937 -11.787578295 5.77808983183
459 21076 -0.0641980642519 -29.4891552555 -11.7859932931 5.76829008378
460 21100 -0.0643277467096 -29.4643375087 -11.8075590745 5.74378141631
461 21237 -0.0644570122344 -29.4396546607 -11.7958766937 5.77396695368
462 21115 -0.0645866481032 -29.414956173 -11.7809914754 5.75639140578
463 21174 -0.0647161045456 -29.3903467309 -11.7919605909 5.74985254452
464 21225 -0.0648454045341 -29.3658215755 -11.7879602667 5.77029401147
465 21131 -0.0649749912845 -29.3412965435 -11.7904931767 5.73403482103
466 21297 -0.0651040725274 -29.3169212623 -11.7863525582 5.7757377504
467 21123 -0.0652336858615 -29.2924996351 -11.7910386726 5.76897980067
468 21110 -0.0653633389146 -29.2681246166 -11.7939299294 5.72582155358
469 21335 -0.0654923054749 -29.243932158 -11.7737591206 5.77378292505
470 21144 -0.0656218549168 -29.2196839025 -11.7801856996 5.71749783927
471 21389 -0.0657506576357 -29.1956284439 -11.7845032942 5.75300261163
472 21269 -0.0658798254045 -29.1715577384 -11.7664266985 5.72774746472
473 21370 -0.0660086867759 -29.1475967777 -11.7808759348 5.75601029875
474 21247 -0.0661379192403 -29.1236194566 -11.780829391 5.76158272043
475 21184 -0.0662673463636 -29.0996586861 -11.7827073975 5.7388408861
476 21287 -0.0663964597576 -29.0758083423 -11.7731852302 5.76957441267
477 21152 -0.066525981967 -29.0519348431 -11.7751933387 5.76312696086
478 21149 -0.0666555154475 -29.02811155 -11.778542989 5.71453727639
479 21407 -0.066784266006 -29.0044838958 -11.7669709066 5.76550336844
480 21207 -0.0669136206545 -28.9807970695 -11.7777914552 5.71932155761
481 21398 -0.0670423987876 -28.9572671103 -11.7632788389 5.75555607383
482 21258 -0.0671716002295 -28.9337110777 -11.7707906325 5.73965309906
483 21303 -0.0673006634492 -28.9102313566 -11.7625679114 5.74017599777
484 21313 -0.0674296967877 -28.8868079748 -11.7716071972 5.71733855386
485 21438 -0.0675583524335 -28.8635036685 -11.7648459862 5.72491169243
486 21433 -0.0676870247306 -28.8402466352 -11.7739758008 5.71217094422
487 21500 -0.0678154952739 -28.8170760835 -11.762202196 5.7059869807
488 21553 -0.0679438095116 -28.7939834503 -11.7566518773 5.73832350073
489 21393 -0.0680726021238 -28.7708545425 -11.7631912226 5.71538140035
490 21472 -0.0682011583267 -28.7478177064 -11.7559792506 5.71848777674
491 21477 -0.0683296981635 -28.7248332088 -11.7623482338 5.71251971792
492 21511 -0.0684581373188 -28.7019159037 -11.7559269177 5.71247802933
493 21520 -0.0685865472668 -28.6790528093 -11.7631723948 5.73493123686
494 21402 -0.0687153126519 -28.656175473 -11.7593639914 5.69072019761
495 21608 -0.0688434625776 -28.6334560901 -11.7488481934 5.71870958711
496 21514 -0.0689718922314 -28.6107356118 -11.7536476175 5.70511083718
497 21561 -0.0691001805669 -28.5880884525 -11.7479226761 5.67472972988
498 21741 -0.0692279384375 -28.5655827813 -11.7456353983 5.71673766012
499 21562 -0.069356225988 -28.5430316943 -11.7522909837 5.69026216683
500 21656 -0.0694842341207 -28.5205774111 -11.7452437826 5.67796463713
501 21750 -0.0696119651939 -28.49821906 -11.7608870134 5.67250803617
502 21806 -0.0697395303057 -28.4759368022 -11.7445365025 5.70883237943
503 21623 -0.0698676365572 -28.4536071876 -11.7503054528 5.66598249888
504 21807 -0.0699952013423 -28.4314187752 -11.7417431063 5.6805666601
505 21778 -0.0701228498287 -28.4092624282 -11.7436690749 5.68542177221
506 21743 -0.0702506006419 -28.3871348723 -11.7391276873 5.6853500875
507 21734 -0.0703783791309 -28.3650489653 -11.7378838672 5.6511108017
508 21921 -0.0705056115333 -28.3431034556 -11.7285924198 5.70035269648
509 21701 -0.0706334866281 -28.3210932089 -11.7355314608 5.67644871377
510 21771 -0.070761155911 -28.2991643675 -11.731093433 5.65173431279
511 21928 -0.070888367894 -28.2773596303 -11.7368320228 5.7037520897
512 21684 -0.0710162922409 -28.2554785083 -11.7337194256 5.64092683688
513 21963 -0.0711434013484 -28.2337821007 -11.738059739 5.67196785034
514 21869 -0.0712707834004 -28.2120842364 -11.7312690801 5.67478459383
515 21827 -0.071398287607 -28.1904106732 -11.7293043925 5.68207230554
516 21775 -0.0715259440207 -28.1687563108 -11.7362815427 5.62559833104
517 22075 -0.0716527301966 -28.1472940717 -11.7359129509 5.69043046348
518 21798 -0.0717803200641 -28.125740424 -11.7321395852 5.64599536206
519 21967 -0.071907417064 -28.1043144228 -11.7260136798 5.66736278592
520 21896 -0.072034721421 -28.0828977404 -11.7110965651 5.65476353769
521 21946 -0.0721618799089 -28.0615496994 -11.726435369 5.6683766041
522 21884 -0.072289217725 -28.0402155882 -11.7268535672 5.66767616473
523 21871 -0.0724165947571 -28.0189188615 -11.7277398011 5.6147528076
524 22164 -0.0725431268542 -27.9978067975 -11.7215960487 5.69157260075
525 21816 -0.0726706636407 -27.9765707344 -11.7310364429 5.62226741811
526 22106 -0.0727973622726 -27.9555174784 -11.7219589399 5.63701161557
527 22105 -0.0729240636016 -27.9345067504 -11.7147226243 5.64008785838
528 22087 -0.0730508154657 -27.9135305163 -11.7278007086 5.62426564259
529 22171 -0.0731773260406 -27.8926368459 -11.7173444706 5.65525450757
530 22020 -0.0733042700998 -27.8717142677 -11.7170564288 5.64265697136
531 22049 -0.0734311320905 -27.8508478039 -11.7179227308 5.62384035069
532 22163 -0.0735576664443 -27.8300775135 -11.7232572101 5.62907069909
533 22166 -0.0736841936262 -27.8093505001 -11.7176452089 5.66377606744
534 21971 -0.0738112794509 -27.7885742247 -11.7203710656 5.61323687804
535 22201 -0.0739377055596 -27.7679476924 -11.7082972951 5.64905608439
536 22063 -0.0740645254072 -27.7472987746 -11.7131443536 5.63304889155
537 22115 -0.0741911973235 -27.7267156643 -11.7133157975 5.62194846554
538 22193 -0.0743176479022 -27.7062099844 -11.7040901552 5.63763574821
539 22126 -0.0744442895259 -27.685714724 -11.708196283 5.61361513714
540 22243 -0.074570596546 -27.6653147605 -11.7069438081 5.63322476346
541 22165 -0.074697126935 -27.6449197996 -11.7039304891 5.58302436274
542 22429 -0.0748229081286 -27.6246862302 -11.6966937039 5.59654072627
543 22426 -0.07494869813 -27.6044916405 -11.6995839351 5.63152680517
544 22225 -0.0750750560787 -27.5842464246 -11.7012184374 5.59835636645
545 22358 -0.0752010371431 -27.5641019382 -11.6983680271 5.59443141974
546 22418 -0.0753268490762 -27.5440245821 -11.699196886 5.60615928073
547 22368 -0.0754528032346 -27.5239645396 -11.698113646 5.6276529614
548 22231 -0.0755791443196 -27.5038829739 -11.7034736857 5.60395260639
549 22328 -0.0757052110648 -27.4838849284 -11.6914365886 5.59396842419
550 22413 -0.0758310392684 -27.4639643657 -11.6947243696 5.62828385721
551 22240 -0.0759573550328 -27.4440063343 -11.6827199866 5.57717178602
552 22485 -0.0760829816609 -27.4241965446 -11.6835484909 5.58813674116
553 22491 -0.0762085917976 -27.4044284838 -11.6858664867 5.60601762014
554 22389 -0.0763344862915 -27.3846548174 -11.6859829241 5.59104419618
555 22447 -0.0764602189698 -27.3649455679 -11.6861598574 5.56608619536
556 22608 -0.0765855024804 -27.3453453838 -11.6696017156 5.59260275045
557 22499 -0.0767110887334 -27.3257364522 -11.6755590842 5.58612698954
558 22506 -0.0768366554046 -27.3061691201 -11.6942125856 5.55945936113
559 22663 -0.0769617854827 -27.2867080517 -11.6773517687 5.61892291424
560 22363 -0.0770877545178 -27.2671549392 -11.6930589322 5.54380146591
561 22714 -0.0772127440122 -27.2477918792 -11.680064427 5.59412264112
562 22520 -0.0773382726609 -27.2283832896 -11.6943080703 5.57327330656
563 22587 -0.0774636150949 -27.209041375 -11.6654890469 5.5615907366
564 22674 -0.077588716356 -27.189774315 -11.6770251065 5.57279439235
565 22633 -0.0777139311538 -27.1705273155 -11.6784087409 5.57321008233
566 22619 -0.077839184472 -27.1513118688 -11.6764337417 5.55924626624
567 22697 -0.0779642229294 -27.1321666618 -11.6725637301 5.58542756888
568 22566 -0.0780896241538 -27.1130032111 -11.6620947874 5.52466304603
569 22886 -0.078214144813 -27.0940111841 -11.6540214286 5.56969990267
570 22710 -0.0783391465201 -27.0749826241 -11.6703566233 5.54501585252
571 22806 -0.0784638843986 -27.0560309135 -11.6721682024 5.54611458861
572 22827 -0.0785885660923 -27.03712426 -11.669504456 5.58433920562
573 22608 -0.0787138496115 -27.01816302 -11.6691872819 5.56041979444
574 22687 -0.0788389155947 -26.9992712665 -11.6532728038 5.54015338842
575 22828 -0.0789635926528 -26.9804745208 -11.664395952 5.5695151235
576 22695 -0.0790886357591 -26.9616588482 -11.6536169656 5.52510430045
577 22920 -0.079213063344 -26.9429717396 -11.6522448208 5.54644875795
578 22857 -0.0793376632317 -26.9242945833 -11.6510997633 5.53614835235
579 22900 -0.0794621447163 -26.9056708787 -11.6475073772 5.57177731274
580 22702 -0.0795871693182 -26.8870017381 -11.6594046357 5.50614101449
581 23035 -0.0797112849293 -26.8685037398 -11.6672654087 5.54997467403
582 22868 -0.0798358545007 -26.8499734581 -11.6500356031 5.54334091729
583 22861 -0.0799604438453 -26.8314755836 -11.6557512166 5.52833667452
584 22948 -0.0800847959855 -26.8130480797 -11.6578207261 5.53427025557
585 22937 -0.0802091776754 -26.794651231 -11.6500697149 5.51924956454
586 23024 -0.0803333249118 -26.7763239019 -11.6540208191 5.52056049546
587 23040 -0.0804574272971 -26.7580378887 -11.6449289058 5.55438003677
588 22843 -0.0805820643041 -26.7397079173 -11.6509013546 5.54226381314
589 22860 -0.0807066553701 -26.7214194778 -11.6422166811 5.53782215884
590 22891 -0.0808311616179 -26.703178126 -11.6465973656 5.54025945382
591 22885 -0.080955683572 -26.6849690098 -11.6511009554 5.51016677369
592 23063 -0.08107972363 -26.6668646062 -11.6501534691 5.4986991076
593 23183 -0.0812034431196 -26.6488409433 -11.6492667886 5.52751837723
594 23043 -0.0813275382475 -26.6307965256 -11.6420222111 5.49857717497
595 23178 -0.0814512708768 -26.612838597 -11.6385633717 5.50987220437
596 23148 -0.0815750844832 -26.5949025861 -11.6376468896 5.50937727965
597 23142 -0.0816989125937 -26.5769980692 -11.6424661525 5.51008831649
598 23136 -0.081822756705 -26.5591247508 -11.6345894951 5.5081708807
599 23146 -0.0819465743271 -26.5412886675 -11.6376785631 5.48465863105
600 23292 -0.0820700043376 -26.5235415814 -11.6535092783 5.50970809535
601 23181 -0.0821937301689 -26.5057850996 -11.640060744 5.51306485986
602 23129 -0.0823175931397 -26.4880420792 -11.6353201386 5.49401095237
603 23230 -0.0824411871139 -26.4703705553 -11.6371912354 5.50668403428
604 23182 -0.082564910275 -26.4527134501 -11.6303592839 5.47898718956
605 23337 -0.0826882215967 -26.4351477749 -11.6360276626 5.48089269691
606 23369 -0.0828114481691 -26.4176266506 -11.6336513551 5.55114055531
607 22953 -0.0829357866557 -26.3999802467 -11.6333444369 5.47823816801
608 23276 -0.0830592587276 -26.3824893411 -11.6247635698 5.4939744759
609 23272 -0.0831827421183 -26.3650291699 -11.6356751044 5.48870438195
610 23303 -0.0833061432919 -26.3476128442 -11.6237402034 5.48042829278
611 23362 -0.0834293876052 -26.3302507187 -11.6283339283 5.48550779216
612 23348 -0.0835526702553 -26.3129151628 -11.6256900145 5.48906140816
613 23322 -0.0836760207263 -26.295601986 -11.6288960911 5.44930910223
614 23560 -0.0837987478504 -26.278407899 -11.6202239111 5.50417169123
615 23289 -0.0839221865075 -26.2611458342 -11.6217292898 5.47343742942
616 23401 -0.084045328219 -26.2439568956 -11.6073949729 5.47923922526
617 23397 -0.0841684806841 -26.2267979382 -11.6199030497 5.47784829473
618 23405 -0.0842916136187 -26.2096730942 -11.6244636203 5.44061717731
619 23637 -0.0844141387649 -26.1926638541 -11.6096529644 5.47419198821
620 23494 -0.0845370365986 -26.1756339335 -11.6116208736 5.47561269541
621 23445 -0.0846600619373 -26.1586174146 -11.6177135092 5.48195694821
622 23393 -0.0847832258778 -26.1416127809 -11.6167822378 5.4414486635
623 23629 -0.0849057733319 -26.1247240213 -11.6086025731 5.46832380402
624 23528 -0.0850285821237 -26.1078299444 -11.6082665729 5.46429979051
625 23525 -0.0851513996365 -26.0909653214 -11.6013980896 5.46105080751
626 23544 -0.0852741668247 -26.0741381636 -11.6186568387 5.43223133988
627 23729 -0.0853964542003 -26.0574070615 -11.6080131209 5.45486119651
628 23640 -0.0855189727773 -26.0406745637 -11.6077497245 5.46165530472
629 23573 -0.08564166576 -26.0239484974 -11.5938304375 5.43552410808
630 23717 -0.0857639851571 -26.0073034147 -11.6053742856 5.45320577994
631 23647 -0.0858864856578 -25.9906636844 -11.618633855 5.43601336994
632 23735 -0.0860087590209 -25.9740846643 -11.6059529356 5.44505697859
633 23703 -0.0861311147628 -25.9575242561 -11.6047938545 5.4330359213
634 23769 -0.0862532993384 -25.9410166663 -11.6097990716 5.42692849092
635 23826 -0.0863753374522 -25.9245583647 -11.6048452956 5.4161617389
636 23911 -0.0864971604498 -25.9081584026 -11.5923203511 5.44883493026
637 23728 -0.0866194506841 -25.8917249355 -11.6041673379 5.46100265091
638 23601 -0.0867420692674 -25.8752768376 -11.5814385348 5.44345783526
639 23675 -0.0868644964803 -25.8588837973 -11.5811801076 5.41560206716
640 23871 -0.0869864195292 -25.8425873717 -11.5922388424 5.41191886486
641 23950 -0.0871081416238 -25.8263467062 -11.5930510928 5.43526849966
642 23824 -0.0872301846828 -25.8100921323 -11.5862774835 5.43461246015
643 23793 -0.087352307393 -25.7938558574 -11.588178419 5.40842017188
644 23950 -0.0874740289944 -25.7777016106 -11.5856037361 5.40221014205
645 24034 -0.0875955376318 -25.7616041317 -11.5845575175 5.40942758841
646 24012 -0.0877171031699 -25.745527541 -11.5871445929 5.3939332358
647 24105 -0.0878384338517 -25.7295102872 -11.5875505699 5.41451615904
648 23999 -0.0879600313701 -25.7134860789 -11.5718446386 5.41146027057
649 23989 -0.0880816546373 -25.6974867165 -11.582809897 5.42083700202
650 23927 -0.0882034366042 -25.6814947023 -11.5756143643 5.38051675435
651 24167 -0.0883246109684 -25.6656104371 -11.5767691013 5.40286036628
652 24091 -0.0884459763328 -25.6497290199 -11.5913870767 5.38962024492
653 24155 -0.0885671812808 -25.6338963754 -11.5745780571 5.42866362667
654 23923 -0.0886889722309 -25.6180150764 -11.5830429634 5.39820297871
655 24052 -0.0888104353691 -25.6022043003 -11.5747725003 5.37914686301
656 24212 -0.0889314986204 -25.5864731098 -11.5806298993 5.4055993121
657 24086 -0.0890528766309 -25.5707285431 -11.5753752395 5.40357431066
658 24064 -0.0891743106972 -25.5550042145 -11.5689254018 5.38011314248
659 24209 -0.089295381065 -25.5393543035 -11.5730912975 5.38813314926
660 24198 -0.0894164788234 -25.5237280739 -11.5718075789 5.36865035739
661 24321 -0.0895372693484 -25.5081685424 -11.5762308678 5.39432551563
662 24189 -0.0896583888519 -25.4925936949 -11.5693940946 5.40199052142
663 24103 -0.089779724679 -25.4770181321 -11.5670880725 5.38566101577
664 24184 -0.0899008571384 -25.4614956649 -11.5591412651 5.40474481617
665 24084 -0.0900222410067 -25.4459679641 -11.5780305177 5.36610938029
666 24305 -0.0901430708297 -25.4305378969 -11.5747754391 5.38331587028
667 24256 -0.0902640235124 -25.4151188119 -11.5683673688 5.37050577879
668 24325 -0.090384803357 -25.3997483214 -11.5685525444 5.36360444039
669 24390 -0.0905054234348 -25.384424586 -11.5542085119 5.40304535273
670 24152 -0.0906266358963 -25.3690521275 -11.5671438719 5.3435847723
671 24472 -0.0907470535746 -25.3538067376 -11.568575008 5.36704994412
672 24409 -0.0908676273466 -25.338567757 -11.5620625217 5.3630574983
673 24417 -0.0909881801806 -25.3233575391 -11.551008631 5.36327648208
674 24418 -0.0911087310083 -25.3081736229 -11.5654746938 5.33545849707
675 24601 -0.0912288314372 -25.2930722749 -11.5522727738 5.38028667913
676 24358 -0.0913495304332 -25.2779215821 -11.5638362199 5.37647287087
677 24315 -0.0914703355625 -25.2627835199 -11.5543537234 5.33585075033
678 24569 -0.0915905139467 -25.2477496938 -11.5508761699 5.36437265655
679 24453 -0.0917109776296 -25.2327058377 -11.5554268367 5.35023449785
680 24514 -0.0918312926956 -25.2177061206 -11.5516078762 5.35330976889
681 24511 -0.0919516153679 -25.2027309581 -11.5419246875 5.32265608498
682 24713 -0.0920714445598 -25.187842498 -11.5452688258 5.33560977205
683 24684 -0.0921913448091 -25.1729704023 -11.5503785412 5.36509682834
684 24480 -0.0923117415042 -25.158062024 -11.5475309855 5.32545669227
685 24685 -0.0924316373544 -25.1432407914 -11.5438336693 5.36955832829
686 24451 -0.0925521054923 -25.1283740071 -11.5312286122 5.34414266962
687 24553 -0.0926723234611 -25.1135632086 -11.546460562 5.33078361607
688 24671 -0.0927922551359 -25.0988126171 -11.5432123661 5.32003966338
689 24776 -0.092911932305 -25.0841180941 -11.5455514143 5.35547954682
690 24569 -0.0930321109662 -25.0693868304 -11.5414906973 5.3314714416
691 24671 -0.0931520427678 -25.0547105761 -11.549417172 5.29912956263
692 24916 -0.0932713819041 -25.0401313289 -11.5474604021 5.31226790055
693 24897 -0.09339076747 -25.0255707855 -11.5339489381 5.31987394172
694 24840 -0.0935102887783 -25.0110180499 -11.5376680902 5.32509704527
695 24789 -0.0936299329604 -24.9964747088 -11.5351112136 5.3122495551
696 24861 -0.0937494039533 -24.9819766761 -11.5248876038 5.29826104143
697 24976 -0.093868600128 -24.9675360898 -11.5354658868 5.31163690971
698 24918 -0.0939879352216 -24.9531027266 -11.5314394272 5.32905587946
699 24785 -0.0941075908373 -24.9386547026 -11.5373305859 5.30774215499
700 24890 -0.0942269916742 -24.9242614453 -11.531897518 5.313865804
701 24879 -0.0943464205681 -24.9098887341 -11.5305106394 5.31113795743
702 24894 -0.0944658127742 -24.8955443006 -11.5364779601 5.30635730309
703 24931 -0.0945851175921 -24.8812341415 -11.5271348123 5.29147996498
704 25042 -0.0947041570186 -24.8669794458 -11.5196274823 5.30053094123
705 25012 -0.0948232684414 -24.8527396977 -11.5264146175 5.31440063221
706 24909 -0.0949426241198 -24.838494341 -11.5400283779 5.26410676343
707 25223 -0.0950612358204 -24.8243611198 -11.5222566628 5.29103399886
708 25127 -0.095180073578 -24.8102242408 -11.5266725193 5.31826017811
709 24915 -0.0952994150319 -24.796050835 -11.5308181371 5.28826805514
710 25059 -0.0954184132886 -24.7819414741 -11.516255725 5.29407021914
711 25060 -0.0955374089283 -24.7678556192 -11.5159411468 5.28375530623
712 25131 -0.0956562371505 -24.7538126737 -11.5261687439 5.31038449879
713 24970 -0.0957754486306 -24.7397475674 -11.5269603036 5.27699412239
714 25152 -0.0958942277093 -24.7257564665 -11.5048102971 5.28329782034
715 25160 -0.096012987375 -24.7117905391 -11.5241013103 5.26385488613
716 25296 -0.0961314274237 -24.697884937 -11.5156812 5.26341973805
717 25337 -0.0962497706811 -24.6840133257 -11.5192398005 5.27722879278
718 25253 -0.0963683102586 -24.6701413233 -11.5116856348 5.26726933069
719 25299 -0.0964867440491 -24.6563042563 -11.5119078082 5.27774199129
720 25239 -0.0966053168684 -24.6424734783 -11.4951262231 5.28694474627
721 25159 -0.0967240779615 -24.6286432855 -11.5142648611 5.26536827134
722 25285 -0.0968425431382 -24.61486998 -11.5146401896 5.24700863676
723 25448 -0.0969606283264 -24.6011630926 -11.5092742085 5.25348072817
724 25449 -0.0970787114462 -24.587478596 -11.4992316347 5.28041493243
725 25263 -0.097197229333 -24.5737659356 -11.5035432872 5.27446653531
726 25252 -0.0973157728856 -24.5600725225 -11.5086657311 5.22334853759
727 25604 -0.0974334973113 -24.5464956679 -11.5031339852 5.26554141514
728 25409 -0.0975516742455 -24.5328885636 -11.510286917 5.26995136673
729 25324 -0.0976700490648 -24.5192806574 -11.5129986003 5.2264885194
730 25603 -0.0977877769024 -24.5057688963 -11.5039586337 5.23070514035
731 25652 -0.0979053913187 -24.492291782 -11.4975791885 5.23666599646
732 25624 -0.0980230705128 -24.4788288314 -11.4912055863 5.25669787655
733 25476 -0.0981410915801 -24.4653484058 -11.5040125964 5.22602175785
734 25649 -0.0982587125729 -24.4519351849 -11.4957242185 5.27302261386
735 25369 -0.0983769814395 -24.438469681 -11.4864879969 5.23833612028
736 25533 -0.0984948713147 -24.4250688317 -11.4997404634 5.23882401221
737 25575 -0.0986126622604 -24.4117006215 -11.5013908866 5.2415114028
738 25568 -0.0987304694604 -24.3983519061 -11.5022092286 5.22640467724
739 25673 -0.098848036972 -24.3850515767 -11.5054757847 5.21000542364
740 25819 -0.0989652716622 -24.371809966 -11.5001372674 5.23902994456
741 25654 -0.0990828820998 -24.3585470045 -11.4992548362 5.22733509238
742 25690 -0.0992004091632 -24.3453144978 -11.4855718773 5.24451194427
743 25580 -0.0993181907623 -24.3320743978 -11.4921188847 5.23069073826
744 25646 -0.0994358198029 -24.318872446 -11.4839695516 5.24002956703
745 25599 -0.0995535572352 -24.305679295 -11.487400713 5.20194191803
746 25855 -0.0996707092475 -24.2925725154 -11.4889000491 5.21338774853
747 25846 -0.0997878822293 -24.2794840681 -11.4888918098 5.21163568487
748 25856 -0.0999050326137 -24.2664187722 -11.4845243305 5.22096702663
749 25792 -0.100022327486 -24.2533579785 -11.4791750974 5.22059878497
750 25777 -0.10013965719 -24.2403138976 -11.4728761622 5.18191601627
751 26050 -0.100256371129 -24.2273586601 -11.4889996592 5.20294291184
752 25975 -0.100373251915 -24.2144052327 -11.4863552998 5.19794617601
753 25990 -0.100490099199 -24.2014758077 -11.4872347914 5.19624232931
754 26007 -0.100606909468 -24.1885707101 -11.4867449249 5.21472322331
755 25879 -0.100724007774 -24.1756540474 -11.4891014952 5.20392486702
756 25920 -0.100841012523 -24.1627679168 -11.479897026 5.22804820286
757 25760 -0.100958381236 -24.149861954 -11.4865521546 5.17012765388
758 26130 -0.101074915473 -24.1370677739 -11.4700718856 5.22459032842
759 25843 -0.101192096008 -24.1242227096 -11.4679240991 5.20651562791
760 25892 -0.101309165531 -24.1114098682 -11.4811251017 5.18100536955
761 26089 -0.101425791508 -24.0986654572 -11.4794199364 5.18770988189
762 26096 -0.101542401534 -24.0859425888 -11.4687979964 5.15891450537
763 26308 -0.101658541662 -24.0732906239 -11.4731151913 5.21875359048
764 25933 -0.101775516961 -24.0605674404 -11.4728563809 5.17868726162
765 26117 -0.10189207947 -24.0479088398 -11.4671800609 5.16701992045
766 26254 -0.102008337464 -24.0353028383 -11.4710831511 5.2158393057
767 25939 -0.102125299169 -24.0226401693 -11.4755761722 5.1579355206
768 26270 -0.102241522407 -24.010076916 -11.4684226932 5.18007784953
769 26202 -0.10235789605 -23.9975168036 -11.4644538878 5.16822410804
770 26270 -0.102474120383 -23.9849921376 -11.4730586306 5.15946935345
771 26353 -0.102590160869 -23.9725065138 -11.4680932457 5.15635167434
772 26399 -0.102706099526 -23.9600509941 -11.4737212509 5.15777757792
773 26402 -0.102822032835 -23.9476151443 -11.4627508579 5.17456338975
774 26279 -0.102938235655 -23.9351695041 -11.4676971226 5.16912623971
775 26285 -0.103054426666 -23.9227442248 -11.4692648884 5.13200112718
776 26560 -0.103170013789 -23.9104024292 -11.455167189 5.1612244409
777 26421 -0.103285904007 -23.8980471588 -11.468593386 5.14911771601
778 26472 -0.103401683766 -23.885722509 -11.461147993 5.13242779253
779 26610 -0.103517162355 -23.8734486391 -11.4536170845 5.13839663601
780 26604 -0.103632653035 -23.8611921424 -11.4514375131 5.14554665339
781 26550 -0.103748262957 -23.8489416382 -11.4653870805 5.14646947446
782 26528 -0.103863920758 -23.8367046882 -11.4537597745 5.17301032228
783 26326 -0.103980021076 -23.8244396161 -11.4611631787 5.15465891069
784 26404 -0.10409594907 -23.812211399 -11.4475794657 5.13018049642
785 26607 -0.104211433163 -23.8000484943 -11.4620552642 5.11929737339
786 26746 -0.104326616912 -23.787935564 -11.463400612 5.14589389942
787 26587 -0.104442146253 -23.7758046508 -11.4538332182 5.13911711434
788 26593 -0.104557662601 -23.7636934465 -11.4615864548 5.12705714827
789 26684 -0.104672980328 -23.7516213231 -11.4610858728 5.10625764732
790 26866 -0.104787906459 -23.7396083028 -11.4411633134 5.11267419337
791 26869 -0.104902826462 -23.7276139604 -11.4491148194 5.13963667404
792 26667 -0.10501818054 -23.7155924131 -11.4450914465 5.14516187312
793 26570 -0.105133745916 -23.7035669899 -11.4403333965 5.11394693639
794 26776 -0.105248865738 -23.691605947 -11.4457945605 5.12901112053
795 26721 -0.105364104029 -23.6796505662 -11.4455495236 5.10805335352
796 26863 -0.105479036765 -23.6677447555 -11.44940449 5.10630913717
797 26917 -0.105593855673 -23.655868518 -11.4398533661 5.14037145355
798 26675 -0.105709192846 -23.6439565287 -11.4364905947 5.09994448114
799 26912 -0.10582402238 -23.6321147072 -11.4493811717 5.1102254831
800 26901 -0.105938875208 -23.6202881506 -11.4402470576 5.10595946008
801 26930 -0.106053665662 -23.6084856333 -11.4356311733 5.14915750482
802 26613 -0.106169137089 -23.5966308306 -11.4393954176 5.13057262674
803 26664 -0.106284499458 -23.5848049441 -11.4420879175 5.10267021336
804 26888 -0.106399379735 -23.57304604 -11.4396658495 5.12430422383
805 26788 -0.106514474546 -23.5612827142 -11.4449516723 5.08704636442
806 27042 -0.106629027194 -23.5495921931 -11.4383271171 5.10402340731
807 26984 -0.106743702169 -23.5379065305 -11.4343684094 5.1118423433
808 26909 -0.106858538093 -23.526221818 -11.4373926572 5.10805471142
809 26916 -0.106973357625 -23.5145560961 -11.4391113885 5.0552114364
810 27323 -0.1070873187 -23.502994685 -11.4332571687 5.07363547755
811 27296 -0.107201336607 -23.491444512 -11.438422751 5.08291184422
812 27217 -0.107315520296 -23.4798945541 -11.4339221777 5.09432365431
813 27107 -0.107429934897 -23.4683382759 -11.4302651546 5.10273651971
814 27012 -0.107544550483 -23.4567787604 -11.4352604307 5.0638881491
815 27284 -0.107658594487 -23.4452938062 -11.4262572832 5.06938724969
816 27318 -0.107772566577 -23.4338329149 -11.4127659294 5.0983258057
817 27105 -0.107886986556 -23.4223438636 -11.4219290836 5.11694413182
818 26904 -0.108001833007 -23.4108289606 -11.4245062743 5.10020914186
819 26974 -0.108116528704 -23.3993461059 -11.4262346456 5.04346795186
820 27431 -0.108230265255 -23.3879759521 -11.4336166995 5.06568770842
821 27388 -0.108344091626 -23.3766134088 -11.4280177912 5.09068135905
822 27183 -0.108458347104 -23.3652246861 -11.4185576575 5.01832758082
823 27689 -0.108571553195 -23.3539569871 -11.4250767314 5.05401798429
824 27551 -0.108685041787 -23.3426775444 -11.4266722006 5.0785722301
825 27321 -0.108799006827 -23.331367212 -11.417727087 5.03747615892
826 27578 -0.108912441353 -23.320125879 -11.4250358746 5.067040271
827 27419 -0.109026204366 -23.3088683408 -11.4216019707 5.04971174734
828 27509 -0.109139779457 -23.2976456954 -11.4117372503 5.01809936088
829 27784 -0.109252791208 -23.2864948439 -11.4122771239 5.10631553023
830 27171 -0.109367070855 -23.2752352159 -11.4130492486 5.02921809571
831 27600 -0.109480460085 -23.2640795105 -11.410477728 5.04734445153
832 27579 -0.109593891999 -23.2529357104 -11.4146250384 5.0698227198
833 27397 -0.109707699415 -23.2417711746 -11.4066097669 5.02088771956
834 27730 -0.109820821359 -23.2306898857 -11.4075964804 5.09919717093
835 27211 -0.109935016811 -23.2195195851 -11.422428003 5.01479751911
836 27725 -0.110048149325 -23.2084692235 -11.4126473868 5.05842197027
837 27527 -0.110161688469 -23.1973950874 -11.4192333522 4.99668595645
838 27960 -0.110274343623 -23.1864229252 -11.3972617679 5.06170574774
839 27566 -0.110387802082 -23.1753883519 -11.4133559219 4.99497300737
840 27985 -0.110500406986 -23.1644524649 -11.4047224323 5.0589437229
841 27595 -0.110613806662 -23.1534551387 -11.3955047809 5.05798325623
842 27494 -0.110727413447 -23.1424535403 -11.4104051982 4.99719561571
843 27947 -0.110840095966 -23.1315570497 -11.3918430693 5.04285754652
844 27711 -0.11095325708 -23.1206298847 -11.40640334 5.02231968421
845 27808 -0.111066220617 -23.1097373646 -11.4055696509 5.01858475035
846 27865 -0.111179068311 -23.0988715115 -11.390228415 5.03514417627
847 27749 -0.111292151249 -23.0879985132 -11.4011240628 5.02086584719
848 27830 -0.11140506952 -23.0771568042 -11.4063010205 4.98125610554
849 28172 -0.11151730122 -23.0663962888 -11.399646195 4.99876688439
850 28127 -0.11162962297 -23.0556423541 -11.4009129535 5.03285815502
851 27840 -0.111742521036 -23.044848548 -11.3942553721 5.02693957281
852 27808 -0.111855485561 -23.0340637163 -11.3898510181 5.00410747123
853 27981 -0.111968099216 -23.0233276127 -11.3873957297 4.99171446954
854 28130 -0.112080414323 -23.012635087 -11.3991784263 5.02401496307
855 27912 -0.112193167748 -23.0019159859 -11.383311317 5.01802245757
856 27899 -0.112305947208 -22.9912095672 -11.390014275 4.97324610699
857 28257 -0.112418010189 -22.98058615 -11.3979558535 4.98080540882
858 28297 -0.112529994142 -22.9699851154 -11.3897312313 4.9571845975
859 28502 -0.112641573994 -22.9594371107 -11.3929722764 4.97592206411
860 28405 -0.11275334348 -22.9488859362 -11.3848535627 4.97405406149
861 28394 -0.112865136213 -22.9383473113 -11.3778996825 4.99240757996
862 28240 -0.112977231728 -22.9277949197 -11.3889638266 4.9636378044
863 28433 -0.113088947619 -22.9172929567 -11.3858147363 4.96283809348
864 28494 -0.113200543579 -22.9068168817 -11.3893110298 4.99133873102
865 28277 -0.113312566689 -22.8963153688 -11.3860551086 5.00320225749
866 28120 -0.11342490158 -22.8857993487 -11.3901084727 4.98119182702
867 28255 -0.113536968333 -22.8753230889 -11.3944320506 4.94179956909
868 28617 -0.113648322831 -22.8649278855 -11.3886589377 4.97496645505
869 28445 -0.113760013856 -22.8545157302 -11.3784255483 5.0221033569
870 28014 -0.113872561282 -22.8440383623 -11.3891862494 4.94212321917
871 28545 -0.113984056068 -22.8336734328 -11.3888306089 4.94207087539
872 28698 -0.11409525471 -22.8233503255 -11.3708484711 5.02180521236
873 28086 -0.114207658776 -22.8129297895 -11.3767345075 4.96751833299
874 28357 -0.114319523568 -22.802573669 -11.3647950552 5.01710968404
875 28030 -0.114432038889 -22.7921718082 -11.3759498561 4.96402448814
876 28370 -0.11454387871 -22.7818467627 -11.3814480426 4.96915975739
877 28424 -0.114655611675 -22.7715458567 -11.3735928077 4.96169226358
878 28501 -0.114767194078 -22.7612730419 -11.3711976788 4.92867043787
879 28797 -0.114878200243 -22.7510673417 -11.3774445869 4.98392378642
880 28421 -0.114989938203 -22.7408084997 -11.3678409841 4.94733205997
881 28619 -0.115101290114 -22.7305991848 -11.3682658514 4.93624831682
882 28767 -0.115212354129 -22.7204302428 -11.3685072763 4.95683465205
883 28637 -0.115323670415 -22.7102521821 -11.377622472 4.91623052992
884 28941 -0.115434400995 -22.700141532 -11.3687509214 4.93600461281
885 28860 -0.115545286657 -22.6900305444 -11.3608202697 4.93061073467
886 28883 -0.115656128721 -22.6799373296 -11.3768847868 4.92206519686
887 28961 -0.11576682024 -22.6698715632 -11.3568244314 5.0073000802
888 28275 -0.115878847728 -22.6596982626 -11.3749010274 4.93291067497
889 28697 -0.115990047398 -22.6496139908 -11.3654097489 4.92583029928
890 28877 -0.116100900477 -22.6395748614 -11.3672201952 4.91821087852
891 28992 -0.116211532919 -22.6295693357 -11.3457754591 4.9771750992
892 28531 -0.116323056787 -22.6194969372 -11.3696607987 4.90249904251
893 29027 -0.116433623389 -22.6095245936 -11.3620883471 4.92532895432
894 28974 -0.116544290378 -22.5995567278 -11.3578579621 4.90189882819
895 29158 -0.116654606976 -22.5896338699 -11.3589306687 4.93594199269
896 28921 -0.116765375721 -22.579683825 -11.3617103356 4.88646401695
897 29276 -0.116875471258 -22.5698076142 -11.3631078102 4.88789892022
898 29364 -0.116985400852 -22.559959555 -11.3696457734 4.89978646833
899 29286 -0.117095476266 -22.5501116887 -11.3463778654 4.89098340122
900 29340 -0.117205450446 -22.5402861007 -11.3440852888 4.91003674013
901 29192 -0.117315704188 -22.5304487757 -11.3500803312 4.87600387319
902 29443 -0.117425485929 -22.5206667115 -11.3564347554 4.88204190739
903 29462 -0.117535233048 -22.5109008196 -11.3523201435 4.90883297214
904 29236 -0.117645403332 -22.5011104081 -11.3494498425 4.89354778561
905 29304 -0.117755445384 -22.4913445051 -11.3500508266 4.90341818028
906 29238 -0.117865611091 -22.4815807304 -11.3498323032 4.88993847872
907 29336 -0.117975593738 -22.4718462322 -11.3493530472 4.87809543721
908 29466 -0.118085333222 -22.4621462294 -11.3537636084 4.87174220514
909 29558 -0.118194901804 -22.4524742368 -11.3487207806 4.89254391808
910 29403 -0.118304758678 -22.4427897159 -11.3423715757 4.89624421156
911 29328 -0.118414756351 -22.4331057202 -11.3498540175 4.8773551708
912 29470 -0.118524488079 -22.4234580122 -11.3410796142 4.8830032548
913 29461 -0.118634236616 -22.4138216635 -11.3513225634 4.87885001602
914 29495 -0.118743922717 -22.4042035998 -11.3368713661 4.84492103072
915 29802 -0.118853042557 -22.3946478664 -11.3257738309 4.9309534719
916 29140 -0.118963394163 -22.3849971 -11.3381848743 4.88356748144
917 29363 -0.119073325786 -22.3753958712 -11.3438362707 4.88182639148
918 29441 -0.119183111383 -22.3658201302 -11.3334616661 4.82696760377
919 29945 -0.119291969218 -22.3563378517 -11.3317423823 4.89321915961
920 29504 -0.119401637569 -22.3467975754 -11.3273168471 4.89407475726
921 29375 -0.119511547331 -22.3372489668 -11.3341897451 4.84907553086
922 29731 -0.119620797172 -22.3277702347 -11.3280086489 4.89748987121
923 29408 -0.119730644366 -22.318252261 -11.3265539963 4.84236514622
924 29799 -0.119839768408 -22.308809419 -11.3314768079 4.84262786861
925 29908 -0.119948693684 -22.2993961509 -11.3300812875 4.88189554336
926 29593 -0.120058197878 -22.2899452912 -11.3377670628 4.85941900402
927 29702 -0.120167501056 -22.2805241938 -11.3121304527 4.92342496317
928 29177 -0.120277782488 -22.2710313239 -11.3321485369 4.83837654941
929 29768 -0.120386963902 -22.2616455321 -11.3191211475 4.81986481098
930 30102 -0.12049553714 -22.2523242247 -11.3136988985 4.82501997115
931 30151 -0.120604023172 -22.2430225351 -11.3261806415 4.87849289896
932 29689 -0.120713348867 -22.2336610965 -11.3228691877 4.86566284156
933 29674 -0.120822703235 -22.2243094764 -11.3189561528 4.86532652113
934 29673 -0.120932059923 -22.2149699105 -11.3215932617 4.85015244718
935 29806 -0.121041171824 -22.2056634395 -11.3153498061 4.85261276739
936 29822 -0.121150254918 -22.1963715734 -11.3205554441 4.85400182487
937 29814 -0.121259352248 -22.1870906206 -11.3142925892 4.85009422453
938 29846 -0.121368390516 -22.1778267867 -11.3092272666 4.84823139176
939 29872 -0.121477382245 -22.1685789679 -11.3261513173 4.8171943184
940 30156 -0.121585858901 -22.1593868033 -11.3196166913 4.86677465734
941 29794 -0.121694992633 -22.1501509679 -11.3139398674 4.79370623327
942 30346 -0.121803129613 -22.141011345 -11.3155096301 4.84521167632
943 30038 -0.121911819259 -22.1318368845 -11.3167431397 4.79545554725
944 30400 -0.122019859811 -22.122728989 -11.3007903152 4.87323142517
945 29804 -0.122128975447 -22.1135423571 -11.3069986367 4.76189798199
946 30639 -0.122236593073 -22.1044935315 -11.3017840771 4.87290312882
947 29872 -0.122345584856 -22.0953409695 -11.3158260565 4.79028876883
948 30399 -0.122453626557 -22.0862798958 -11.29003603 4.9066213272
949 29511 -0.122563282473 -22.0770953385 -11.3075774155 4.82831551765
950 29953 -0.122672125518 -22.067990694 -11.3049035176 4.82297657643
951 30127 -0.122780654246 -22.0589240535 -11.3013342763 4.80286476093
952 30358 -0.122888769466 -22.0499035648 -11.3031895938 4.83959210325
953 30092 -0.122997362265 -22.0408548698 -11.292537033 4.84144800259
954 30001 -0.123106118937 -22.0318041905 -11.3039214627 4.79646508576
955 30380 -0.123214194622 -22.0228217317 -11.2911100487 4.84373453611
956 30061 -0.123322843395 -22.0138032253 -11.3052402012 4.80131803163
957 30353 -0.123430967043 -22.0048398162 -11.3009870342 4.8068383912
958 30386 -0.123539032846 -21.9958926533 -11.2964334395 4.82122253082
959 30265 -0.123647314693 -21.9869390646 -11.3026690861 4.80397582232
960 30387 -0.123755378323 -21.978014937 -11.2933509317 4.78518760207
961 30593 -0.12386307713 -21.9691322647 -11.297553333 4.80232514122
962 30494 -0.123970950656 -21.9602464975 -11.2905482412 4.79999714549
963 30488 -0.124078835595 -21.951371096 -11.2916881069 4.79644102988
964 30519 -0.124186666026 -21.9425114563 -11.2937254484 4.77715684649
965 30705 -0.124294169321 -21.933689898 -11.2830464165 4.84099946478
966 30174 -0.124402612856 -21.9248024979 -11.2982808686 4.7810029698
967 30571 -0.124510350917 -21.9159841454 -11.2788431079 4.81227089717
968 30397 -0.124618396106 -21.9071518766 -11.2737052786 4.80512995768
969 30414 -0.12472641231 -21.8983331906 -11.2808789406 4.83841567617
970 30118 -0.124834958131 -21.8894825393 -11.2874124729 4.76920616976
971 30663 -0.124942533779 -21.8807221248 -11.2804829422 4.79012750168
972 30626 -0.125050175583 -21.8719673936 -11.2888688414 4.79410665668
973 30579 -0.125157899953 -21.863217014 -11.2712003797 4.83799434033
974 30167 -0.12526635703 -21.8544182815 -11.2846107558 4.76345532444
975 30730 -0.125373814948 -21.8457116352 -11.2595210789 4.88952704035
976 29749 -0.1254830307 -21.8368737899 -11.2769421189 4.73313999554
977 30889 -0.125590211732 -21.8282115808 -11.2709889922 4.76465791316
978 30925 -0.125697331095 -21.819565208 -11.2699724985 4.80887990061
979 30526 -0.12580514783 -21.8108734812 -11.28449468 4.78105530826
980 30671 -0.125912710676 -21.802213135 -11.2700345717 4.76506535198
981 30860 -0.126019943386 -21.7935902003 -11.2695526734 4.76086118401
982 30952 -0.126127015508 -21.7849909497 -11.2561532089 4.78057003606
983 30795 -0.126234361464 -21.7763804914 -11.259417599 4.75690066628
984 30971 -0.126341401319 -21.7678053196 -11.2629852298 4.80343301142
985 30589 -0.126449107655 -21.7591875538 -11.2774866198 4.76513883488
986 30836 -0.126556382005 -21.7506151003 -11.2699879402 4.73999314077
987 31141 -0.126663128489 -21.7420954584 -11.2537279165 4.80562053359
988 30615 -0.126770788043 -21.7335136626 -11.2668213302 4.78127787645
989 30694 -0.126878310453 -21.7249535252 -11.2563422713 4.74523989999
990 31052 -0.126985211347 -21.716453476 -11.255857188 4.83379989034
991 30334 -0.127093369371 -21.7078642135 -11.2701856409 4.68476932735
992 31521 -0.12719947131 -21.6994487162 -11.2530252656 4.7706415802
993 31045 -0.127306384185 -21.690979383 -11.2524133309 4.79892800301
994 30651 -0.127413981853 -21.6824664084 -11.2579985741 4.79727908444
995 30557 -0.127521745182 -21.6739509728 -11.2581274633 4.76028693708
996 30872 -0.127628956926 -21.6654896768 -11.2500202941 4.77377064177
997 30835 -0.127736231891 -21.6570339086 -11.2547647791 4.72542944223
998 31279 -0.127842743426 -21.6486487064 -11.242378353 4.86055409915
999 30153 -0.127951224847 -21.6401190465 -11.2658729191 4.70579675395
1000 31266 -0.128057757725 -21.6317530115 -11.2510532257 4.76927607416
1001 30987 -0.128164769762 -21.6233597201 -11.2512022954 4.73938925435
1002 31190 -0.128271433006 -21.6150041122 -11.2410257692 4.84058446539
1003 30310 -0.128379634236 -21.6065385394 -11.2539436131 4.73368737429
1004 31049 -0.128486539005 -21.5981847832 -11.2474036533 4.7542210066
1005 31068 -0.128593412006 -21.5898438068 -11.2327869956 4.82012911611
1006 30463 -0.128701341298 -21.5814308222 -11.2578784294 4.69181253851
1007 31492 -0.128807492732 -21.5731666267 -11.2344385311 4.74128125405
1008 31314 -0.128913944681 -21.5648891822 -11.244565383 4.74582124024
1009 31221 -0.129020554612 -21.5566096198 -11.2540465418 4.74043850684
1010 31246 -0.12912712201 -21.5483435109 -11.2470102655 4.74835601302
1011 31178 -0.129233805424 -21.5400785501 -11.2430345914 4.72892172855
1012 31343 -0.129340207276 -21.5318454974 -11.2339563088 4.78240832504
1013 30886 -0.129447394844 -21.5235618243 -11.2416801928 4.69929675164
1014 31543 -0.12955345904 -21.5153750035 -11.2363488414 4.79162174448
1015 30855 -0.12966070069 -21.5071074304 -11.2413933935 4.74244890178
1016 31124 -0.129767477598 -21.4988857902 -11.2431104702 4.70785257151
1017 31530 -0.12987356482 -21.4907272224 -11.2309229869 4.71402709091
1018 31586 -0.129979558212 -21.4825857757 -11.2236681767 4.78162642642
1019 30959 -0.130086618 -21.4743724518 -11.2379780122 4.69696169165
1020 31587 -0.130192608944 -21.4662510425 -11.2283419509 4.69915996357
1021 31745 -0.130298335107 -21.4581597342 -11.2227523583 4.76773296716
1022 31133 -0.13040509567 -21.4499991898 -11.2380464202 4.70671268252
1023 31543 -0.130511160131 -21.4419017155 -11.2173476705 4.77079132601
1024 31049 -0.130618065035 -21.4337500066 -11.2393245932 4.68797282915
1025 31700 -0.130723867068 -21.4256921918 -11.2201933431 4.74240299333
1026 31361 -0.130830239209 -21.4176007668 -11.2227413799 4.68104667621
1027 31857 -0.13093577959 -21.4095823153 -11.2152276818 4.75585697248
1028 31276 -0.131042295937 -21.4014994978 -11.2293164234 4.68751401231
1029 31770 -0.131147981426 -21.3934894258 -11.2136607157 4.76634182532
1030 31153 -0.131254707818 -21.3854102476 -11.229497827 4.67199681625
1031 31886 -0.131360201437 -21.3774340374 -11.203212343 4.7889443427
1032 30972 -0.131467239197 -21.3693508632 -11.2307010604 4.63344742071
1033 32212 -0.13157219706 -21.3614343121 -11.2116484473 4.72510365497
1034 31668 -0.131678052507 -21.3534596269 -11.2137989887 4.73356609566
1035 31437 -0.131784296796 -21.3454652925 -11.2215001747 4.74385024852
1036 31274 -0.131890816336 -21.33745993 -11.2179684452 4.75701657614
1037 31104 -0.13199762636 -21.3294424553 -11.2218031811 4.67177228402
1038 31873 -0.132103139944 -21.3215318344 -11.2081209936 4.71990259269
1039 31625 -0.132209067614 -21.3135996891 -11.2141971262 4.69234735717
1040 31822 -0.13231466576 -21.3057016983 -11.2123887545 4.72017077943
1041 31608 -0.132420621495 -21.2977864582 -11.2023579128 4.71489277744
1042 31599 -0.132526592108 -21.2898796049 -11.207430179 4.67370880405
1043 31997 -0.132631901176 -21.2820315058 -11.2037988731 4.67180632867
1044 32129 -0.13273699386 -21.2742088525 -11.1989587439 4.69198781872
1045 31968 -0.132842351996 -21.2663757702 -11.2037273626 4.70136567608
1046 31831 -0.132947935946 -21.2585352553 -11.203119072 4.71598484155
1047 31651 -0.13305381982 -21.2506818587 -11.2158662948 4.68164258745
1048 31934 -0.133159232694 -21.2428727213 -11.2067702134 4.67758040131
1049 32054 -0.133264447874 -21.2350874919 -11.1952823457 4.7328587086
1050 31550 -0.13337050123 -21.2272495922 -11.2033923349 4.70746459799
1051 31654 -0.133476379091 -21.2194340095 -11.2081851497 4.67094195842
1052 32040 -0.133581617569 -21.2116748635 -11.1882183281 4.71025765796
1053 31764 -0.13368731201 -21.2038913557 -11.1920874974 4.67633936463
1054 32019 -0.133792586224 -21.1961479991 -11.2028092083 4.66354262399
1055 32217 -0.133897535158 -21.1884376972 -11.1930201795 4.69751732599
1056 31938 -0.134002942357 -21.1807028871 -11.1903491368 4.66866619065
1057 32144 -0.134108011577 -21.1730019981 -11.1955998725 4.68518620917
1058 32039 -0.134213252873 -21.1652976094 -11.1945055472 4.68256843485
1059 32035 -0.13431850015 -21.1576018883 -11.1946099869 4.65323699662
1060 32324 -0.134423275101 -21.1499497335 -11.1937109883 4.6785571014
1061 32154 -0.134528326977 -21.1422863835 -11.19627371 4.62140588327
1062 32679 -0.134632532612 -21.1346936835 -11.1781412334 4.70509562276
1063 31990 -0.134737853285 -21.1270287489 -11.1900990981 4.61166141507
1064 32730 -0.134841976901 -21.1194598223 -11.1787109327 4.6954019301
1065 32100 -0.134947118062 -21.1118258824 -11.1886568131 4.64565642818
1066 32419 -0.13505174053 -21.1042385192 -11.1775068635 4.70220804156
1067 31948 -0.135157131613 -21.0966043927 -11.1870477001 4.64637835259
1068 32368 -0.135261835895 -21.089028923 -11.184793402 4.65421270451
1069 32409 -0.135366474218 -21.0814670812 -11.1716888916 4.68256990319
1070 32138 -0.135471552362 -21.0738823491 -11.1789672279 4.64112306373
1071 32475 -0.135576084086 -21.0663458871 -11.183963216 4.62629010585
1072 32721 -0.135680222541 -21.0588465206 -11.1658381009 4.70816112513
1073 31972 -0.135785573987 -21.0512686659 -11.1731929336 4.66305562041
1074 32209 -0.135890536765 -21.0437276189 -11.1749625633 4.66417911121
1075 32265 -0.135995408678 -21.0362019088 -11.1777525475 4.67682619346
1076 32155 -0.136100459458 -21.0286721759 -11.1726384861 4.67804199441
1077 32112 -0.136205580214 -21.0211462419 -11.1793843562 4.60524059813
1078 32831 -0.136309543803 -21.0137118115 -11.1714400388 4.63632261578
1079 32719 -0.136413684884 -21.006273307 -11.1714998898 4.66192144961
1080 32430 -0.136518289713 -20.9988103476 -11.1693781061 4.61544619708
1081 32818 -0.136622273221 -20.991400313 -11.158026668 4.69654378234
1082 32112 -0.136727393617 -20.9839179602 -11.177165927 4.60012378158
1083 32883 -0.136831274489 -20.9765324131 -11.1663103021 4.6415575214
1084 32680 -0.136935477107 -20.9691325434 -11.1591733325 4.66139429711
1085 32424 -0.137040090857 -20.96171208 -11.1663282927 4.65918569355
1086 32375 -0.137144784175 -20.9542945877 -11.1713392384 4.62551970225
1087 32700 -0.137248955468 -20.9469226207 -11.1669359065 4.63010828085
1088 32746 -0.137353054499 -20.9395642637 -11.1683520053 4.6329554945
1089 32730 -0.137457179007 -20.9322125883 -11.1637139835 4.63305702712
1090 32724 -0.137561312299 -20.9248687634 -11.1559584071 4.620006308
1091 32855 -0.137665237294 -20.9175480604 -11.1520506724 4.66792344999
1092 32407 -0.13776987857 -20.9101853982 -11.1623375937 4.63327820041
1093 32631 -0.137874160771 -20.9028564697 -11.1590666799 4.61164831193
1094 32914 -0.137977992285 -20.8955676011 -11.1481365315 4.68098207755
1095 32293 -0.138082818502 -20.8882173799 -11.1597821615 4.61913780737
1096 32742 -0.138186923923 -20.8809261134 -11.1538359831 4.60559558124
1097 33008 -0.138290607916 -20.873672683 -11.1480493035 4.64688870678
1098 32661 -0.138394841438 -20.8663891653 -11.1440112051 4.6169240682
1099 32869 -0.13849874479 -20.8591370439 -11.1378865905 4.67933772913
1100 32297 -0.138603564375 -20.8518293809 -11.1544020681 4.60069454933
1101 32931 -0.138707369819 -20.8446007302 -11.1510945608 4.60222186047
1102 33097 -0.138810915272 -20.8373984095 -11.1383507348 4.63495133146
1103 32807 -0.138914916647 -20.8301726322 -11.1406195158 4.65799976686
1104 32493 -0.139019418835 -20.8229203799 -11.1532144984 4.55772909191
1105 33434 -0.139122440802 -20.8157790034 -11.1371549604 4.64998551735
1106 32746 -0.139226538328 -20.808571277 -11.1484445736 4.57963232734
1107 33278 -0.139329800813 -20.8014295065 -11.1399116485 4.62321437941
1108 32977 -0.139433533277 -20.7942633788 -11.1388545693 4.63903038584
1109 32732 -0.139537653442 -20.787078666 -11.1441553046 4.5532679116
1110 33551 -0.13964049597 -20.7799901655 -11.1425136892 4.57202733686
1111 33587 -0.139743282744 -20.7729134893 -11.1346743481 4.6369940893
1112 32921 -0.139847104293 -20.765773658 -11.1493236348 4.58285838988
1113 33295 -0.139950341142 -20.7586820829 -11.13569587 4.65115261108
1114 32697 -0.140054517853 -20.7515340673 -11.1419005085 4.57059907933
1115 33358 -0.140157656199 -20.7444653215 -11.122181552 4.62852387222
1116 32945 -0.140261439709 -20.7373604035 -11.1285604955 4.62855374032
1117 32830 -0.14036540465 -20.7302511434 -11.1347204426 4.60104307011
1118 33080 -0.140468975845 -20.7231768351 -11.129206542 4.5991324421
1119 33171 -0.140572405641 -20.7161201675 -11.1301136606 4.58513318516
1120 33342 -0.140675569209 -20.7090895976 -11.1331166343 4.57740210086
1121 33471 -0.140778533231 -20.7020805148 -11.1220960158 4.60541584525
1122 33215 -0.140881894251 -20.6950523207 -11.1393371052 4.5441106145
1123 33788 -0.140984375406 -20.68809177 -11.1187901456 4.60076932053
1124 33351 -0.141087525375 -20.6810936394 -11.124748137 4.60169387607
1125 33220 -0.141190878189 -20.6740896294 -11.1286865644 4.59441989817
1126 33259 -0.141294170461 -20.6670975931 -11.1262049856 4.53958717407
1127 33849 -0.141396559287 -20.6601744661 -11.1304858379 4.57155818678
1128 33675 -0.141499211089 -20.6532412947 -11.1135973541 4.61959264136
1129 33124 -0.141602713592 -20.6462584975 -11.1340514412 4.52534120033
1130 33962 -0.141704931158 -20.6393700943 -11.1257321471 4.56267948444
1131 33801 -0.141807391561 -20.6324729992 -11.1231523571 4.57775840873
1132 33596 -0.141910164002 -20.6255626043 -11.1215243863 4.57957734371
1133 33520 -0.142013053484 -20.6186520573 -11.107992414 4.59424480516
1134 33345 -0.142116212776 -20.6117311292 -11.1184397133 4.5719017836
1135 33530 -0.142219086577 -20.6048370609 -11.1225020863 4.55157983912
1136 33798 -0.142321551837 -20.5979780088 -11.1124398969 4.57094035903
1137 33668 -0.142424215334 -20.5911133199 -11.1093926333 4.56389330763
1138 33706 -0.142526820397 -20.5842601601 -11.1189882748 4.56482851378
1139 33707 -0.142629424326 -20.5774146839 -11.1104587221 4.55598123745
1140 33801 -0.142731884802 -20.5705863586 -11.1133369023 4.59786054629
1141 33385 -0.142834982214 -20.5637232194 -11.1175181907 4.53994439315
1142 33881 -0.142937322034 -20.5569180739 -11.099804647 4.57858029798
1143 33610 -0.143040073777 -20.5500931047 -11.1111087523 4.57675070639
1144 33554 -0.143142911554 -20.5432700011 -11.0937468006 4.61033455844
1145 33187 -0.143246316312 -20.5364169136 -11.122680022 4.52460830083
1146 33988 -0.143348494433 -20.5296526287 -11.0985371813 4.57108190313
1147 33719 -0.14345107969 -20.5228688871 -11.1123618425 4.51806206307
1148 34213 -0.143552922038 -20.5161416907 -11.1061291517 4.55499946177
1149 33953 -0.143655152815 -20.5093962588 -11.1064421722 4.54877270291
1150 33948 -0.143757392206 -20.5026576843 -11.1089314975 4.53695328597
1151 34073 -0.143859442637 -20.4959389582 -11.1041862794 4.540318465
1152 34072 -0.143961494766 -20.4892274965 -11.0851548217 4.59613214791
1153 33477 -0.144064449599 -20.4824641311 -11.1063024106 4.56051512849
1154 33688 -0.144167082164 -20.4757293854 -11.10732853 4.53440756664
1155 34027 -0.144269202003 -20.4690356551 -11.0967207458 4.53675421637
1156 34098 -0.144371215873 -20.4623561999 -11.1031081135 4.48220279909
1157 34716 -0.144472317998 -20.4557436585 -11.0915356555 4.52928603538
1158 34371 -0.144573925182 -20.4491053108 -11.0962530306 4.50197910231
1159 34575 -0.144675233032 -20.4424937216 -11.0941120716 4.5393902423
1160 34222 -0.144777061384 -20.4358553991 -11.0879017074 4.53456495869
1161 34176 -0.144878958056 -20.4292198732 -11.0935870299 4.53728563723
1162 34134 -0.144980917946 -20.4225874793 -11.0974941664 4.52724552369
1163 34231 -0.145082733124 -20.4159717233 -11.1020625143 4.50571412536
1164 34494 -0.145184159634 -20.4093883892 -11.092649964 4.50424905314
1165 34584 -0.145285453271 -20.4028208083 -11.0873120058 4.52575608777
1166 34373 -0.145387057512 -20.3962402345 -11.0843514292 4.53874878
1167 34173 -0.145488958951 -20.3896475894 -11.0920132478 4.51127340329
1168 34416 -0.145590499583 -20.3830854261 -11.0826514115 4.51861864518
1169 34405 -0.145692057771 -20.3765292453 -11.0865532504 4.48399752463
1170 34784 -0.145793060831 -20.3700159502 -11.0846847924 4.49190513111
1171 34803 -0.145894035955 -20.3635114726 -11.0775137264 4.52354951413
1172 34458 -0.1459955149 -20.3569815976 -11.0843072428 4.5320327049
1173 34270 -0.146097272559 -20.3504408811 -11.092912129 4.46770464813
1174 34927 -0.146198068338 -20.3439689837 -11.0820116806 4.52549704891
1175 34471 -0.146299528394 -20.3374614511 -11.0887787718 4.52103226412
1176 34393 -0.146401102848 -20.3309536227 -11.0878552902 4.50259632692
1177 34574 -0.14650241155 -20.3244698277 -11.07718504 4.51278234121
1178 34513 -0.14660381017 -20.3179872747 -11.0808098875 4.50859803851
1179 34542 -0.146705166272 -20.3115144247 -11.0816063694 4.51065318808
1180 34527 -0.146806543645 -20.3050471914 -11.0769999359 4.50739841724
1181 34559 -0.146907874581 -20.2985898809 -11.0773066114 4.46488503659
1182 35042 -0.147008505065 -20.2921840834 -11.0768286685 4.49723928195
1183 34816 -0.14710946183 -20.2857643917 -11.0804410923 4.45252395884
1184 35255 -0.147209787282 -20.2793916567 -11.0729381475 4.49045496474
1185 34951 -0.14731054889 -20.2729980418 -11.0687964245 4.48971739839
1186 34874 -0.147411420815 -20.266604268 -11.0685837874 4.5004228674
1187 34733 -0.147512497019 -20.2602044012 -11.0699399638 4.49474847908
1188 34757 -0.147613538921 -20.2538135548 -11.0735438638 4.46577985464
1189 35088 -0.147714102716 -20.2474597371 -11.0711124817 4.47362031634
1190 35093 -0.14781465913 -20.2411131475 -11.0631330948 4.52240285821
1191 34551 -0.147916002151 -20.2347237424 -11.0779299956 4.4553285782
1192 35147 -0.148016481439 -20.2283955533 -11.0652501954 4.49972697977
1193 34817 -0.148117436184 -20.2220441887 -11.0733426352 4.48423165957
1194 34898 -0.148218273816 -20.2157069551 -11.0614250133 4.46882790523
1195 35094 -0.148318829515 -20.2093941606 -11.0615072349 4.46326827247
1196 35212 -0.148419216164 -20.2030986634 -11.0693489504 4.45786617501
1197 35307 -0.148519468136 -20.1968182677 -11.0561895825 4.4733019713
1198 35158 -0.148619931698 -20.1905312792 -11.0692462284 4.46292354613
1199 35234 -0.148720287065 -20.1842577103 -11.0655394501 4.4590082475
1200 35300 -0.148820548698 -20.1779966272 -11.0686022634 4.47606516147
1201 35125 -0.14892105972 -20.1717266084 -11.0680474357 4.46371944956
1202 35216 -0.149021441201 -20.1654712941 -11.0603913194 4.45680079168
1203 35320 -0.14912167435 -20.1592318183 -11.054948084 4.45743339439
1204 35342 -0.149221876199 -20.1530008682 -11.0556375484 4.45301969033
1205 35399 -0.149321997936 -20.1467814586 -11.057790066 4.42763999186
1206 35707 -0.149421686724 -20.1405954472 -11.0510362635 4.45763730497
1207 35448 -0.149521738945 -20.1343933997 -11.0621195675 4.4413453055
1208 35563 -0.149621629857 -20.1282078541 -11.05055584 4.43860478156
1209 35627 -0.149721431009 -20.1220343459 -11.0532992497 4.45652032428
1210 35439 -0.149821496581 -20.1158509737 -11.0591505802 4.43696717586
1211 35610 -0.149921320283 -20.1096890154 -11.0499373574 4.44212484762
1212 35599 -0.150021159825 -20.1035325318 -11.0475357035 4.43900205955
1213 35632 -0.150120953214 -20.0973853332 -11.0523531318 4.45239051445
1214 35487 -0.150220950057 -20.0912320498 -11.0518966939 4.44325854878
1215 35552 -0.150320856458 -20.085090768 -11.0501293529 4.43546559074
1216 35660 -0.1504206112 -20.0789652182 -11.0491694941 4.42484737509
1217 35813 -0.150520151778 -20.0728591939 -11.0579611083 4.42839799616
1218 35815 -0.150619689863 -20.0667596809 -11.0446460437 4.44996056801
1219 35566 -0.150719575748 -20.0606452377 -11.0494791688 4.44201637046
1220 35588 -0.150819430868 -20.054539059 -11.0503517365 4.4396869961
1221 35621 -0.150919239662 -20.0484420797 -11.0417902073 4.42311145258
1222 35822 -0.151018767505 -20.0423685918 -11.0414193377 4.42880761349
1223 35813 -0.151118308701 -20.0363006015 -11.045921261 4.40748162626
1224 36060 -0.151217508651 -20.0302596844 -11.0421928828 4.41678083761
1225 36020 -0.151316763048 -20.0242217084 -11.0433113869 4.42240089532
1226 35943 -0.15141612376 -20.0181835242 -11.0506101691 4.42582083709
1227 35882 -0.151515569594 -20.0121464288 -11.0394612041 4.40424447753
1228 36117 -0.151614690328 -20.0061352942 -11.0393899044 4.40118157135
1229 36220 -0.15171367056 -20.0001388727 -11.0389406546 4.41743386181
1230 36057 -0.151812873927 -19.9941351333 -11.0389447299 4.40473951641
1231 36161 -0.151911934823 -19.988146201 -11.0351619316 4.40009894237
1232 36245 -0.152010880616 -19.9821703883 -11.0328224732 4.38826317252
