gpomdp_grad 0.1 1.61660056386e-05 -0.588403348999

1 10000 0 -56.6666666667 -12.0950908077 4.90913926617
2 29863 -0.000154160046762 -56.523706768 -12.1428078599 6.5884399742
3 31630 -0.000303952899511 -56.3855758605 -12.1536589619 6.71929097892
4 31258 -0.000454634689908 -56.2473935066 -12.1454085657 6.67846688676
5 31428 -0.000604906040936 -56.1103486332 -12.1563184152 6.72144297319
6 31187 -0.000755757564591 -55.9735328135 -12.1433139767 6.62672654123
7 31761 -0.00090524061161 -55.8387013209 -12.1594742475 6.72352536685
8 31265 -0.00105590403088 -55.7035476059 -12.1379460935 6.64847488577
9 31634 -0.00120568579465 -55.5699176212 -12.1445533395 6.68227241682
10 31508 -0.00135576648366 -55.4367478652 -12.1343659546 6.67074908446
11 31551 -0.00150574489123 -55.3043898851 -12.1312148815 6.66563198597
12 31598 -0.0016556118509 -55.1728444197 -12.1380554173 6.67413595981
13 31554 -0.00180558495599 -55.0419146886 -12.1320380751 6.64323720456
14 31752 -0.00195508787962 -54.9120956008 -12.1317949338 6.68606509176
15 31515 -0.00210515166371 -54.7824868777 -12.1297811005 6.62581892574
16 31861 -0.00225439904993 -54.6542707465 -12.1497856362 6.70890333834
17 31391 -0.00240476017206 -54.5257855991 -12.133657769 6.64816370426
18 31672 -0.00255445192116 -54.3985527305 -12.1324141405 6.6398747684
19 31809 -0.00270382197321 -54.2722645287 -12.1181591483 6.67172469434
20 31629 -0.00285361630339 -54.1462856773 -12.1436577818 6.68078783621
21 31517 -0.00300367631662 -54.0207489004 -12.1375853695 6.66997906971
22 31559 -0.00315363625908 -53.8959560528 -12.1181290684 6.6419096023
23 31763 -0.00330311438487 -53.7722158323 -12.102751776 6.67716386814
24 31579 -0.0034530270025 -53.6487642935 -12.127599358 6.61805106971
25 31933 -0.00360210609578 -53.5266380452 -12.1187921783 6.64179803605
26 31869 -0.00375133512457 -53.4050220975 -12.1209173518 6.63550378302
27 31895 -0.00390050440909 -53.2840830211 -12.1154874165 6.67424562076
28 31636 -0.00405028291311 -53.1632770584 -12.1290039983 6.64983734399
29 31730 -0.00419983792719 -53.0432734427 -12.1157156831 6.62764996264
30 31910 -0.00434897192176 -52.9242219065 -12.1333403612 6.65543795315
31 31769 -0.00449843653584 -52.8055171619 -12.112450099 6.59688735985
32 32135 -0.00464704743954 -52.6880919876 -12.0911499074 6.67949851065
33 31666 -0.00479675416871 -52.5704028156 -12.0996622765 6.60381535453
34 32057 -0.00494554526573 -52.4540274695 -12.1066336586 6.60504215867
35 32159 -0.00509409906529 -52.3384240417 -12.1090864826 6.61883687188
36 32092 -0.00524280956531 -52.2232810385 -12.0860474703 6.65350778051
37 31833 -0.00539212407306 -52.1082521952 -12.0759396546 6.62591916253
38 31951 -0.00554116209808 -51.9940133802 -12.1008807994 6.63616776137
39 31913 -0.00569028831563 -51.8802796553 -12.1035757016 6.58332937107
40 32271 -0.00583858525378 -51.7677422536 -12.0976594877 6.65454238001
41 31875 -0.00598780052619 -51.6550712617 -12.1146585364 6.62617453016
42 31961 -0.00613681505027 -51.5431115737 -12.1004123204 6.60918184875
43 32103 -0.00628549846649 -51.4319540136 -12.0741705915 6.62096840688
44 32061 -0.00643427978851 -51.321272463 -12.083567306 6.60376379627
45 32169 -0.00658281031591 -51.2113214538 -12.0831846432 6.58334587205
46 32344 -0.00673094058471 -51.1022040918 -12.0920859475 6.58821872168
47 32359 -0.00687903665384 -50.9936444514 -12.1034894285 6.60020611695
48 32278 -0.00702731687043 -50.8854794064 -12.0942723886 6.63704824274
49 31998 -0.00717624481735 -50.7773713775 -12.0845060398 6.58795171329
50 32263 -0.0073245608302 -50.6702311314 -12.0762213909 6.60527832601
51 32216 -0.00747298486163 -50.5635321367 -12.0802115449 6.58011575064
52 32380 -0.00762103248024 -50.4576175046 -12.0744051858 6.62644726071
53 32100 -0.00776972342539 -50.3517553791 -12.0756248146 6.57326055542
54 32395 -0.00791773545276 -50.2468833025 -12.0820420029 6.6294096729
55 32084 -0.00806646466352 -50.142008633 -12.0726145864 6.568968533
56 32421 -0.00821441771456 -50.0381804955 -12.0782614063 6.58680282328
57 32390 -0.00836244147565 -49.9347974717 -12.0808247481 6.56470025573
58 32538 -0.00851012780112 -49.8321397887 -12.0630436707 6.60124160204
59 32321 -0.008658310225 -49.7296253647 -12.072727971 6.59100031212
60 32332 -0.00880646605698 -49.6276146741 -12.0644425858 6.55884434582
61 32564 -0.00895409497728 -49.5264460903 -12.0618891473 6.58602179293
62 32436 -0.00910201480025 -49.4255546552 -12.0555659438 6.57682509627
63 32465 -0.00924986765483 -49.3251822077 -12.0397619868 6.58845547117
64 32391 -0.00939788997239 -49.2251654216 -12.0715217642 6.54726087878
65 32663 -0.00954529373123 -49.1260313541 -12.0637634938 6.58891633682
66 32443 -0.00969319748301 -49.0270239405 -12.0549486974 6.53789319812
67 32745 -0.00984041648354 -48.9289322002 -12.0551377427 6.61989061122
68 32247 -0.00998876911212 -48.8305434525 -12.046836951 6.54102769556
69 32667 -0.0101361647972 -48.7332418586 -12.0548376715 6.60854851507
70 32305 -0.010284383389 -48.6358487167 -12.0344142042 6.57501236077
71 32441 -0.0104322910616 -48.5391082918 -12.0335636995 6.56376799358
72 32559 -0.0105799296343 -48.4429875316 -12.0498395262 6.56699902354
73 32570 -0.0107275451176 -48.347321924 -12.0465254383 6.56874717826
74 32560 -0.0108751818609 -48.252079719 -12.0455098621 6.53746703916
75 32782 -0.0110223192935 -48.1575916671 -12.0467427444 6.56247153214
76 32664 -0.0111697203513 -48.0633638617 -12.0496522452 6.57108084862
77 32570 -0.011317335141 -47.9694273739 -12.0407521781 6.54526161377
78 32728 -0.0114645922165 -47.8761423464 -12.0402093549 6.55859637084
79 32677 -0.0116119646962 -47.7832051684 -12.0442125321 6.55957639393
80 32656 -0.0117593852714 -47.6906561594 -12.0276731316 6.52403884301
81 32906 -0.0119062446489 -47.5988728603 -12.0485969378 6.53901007035
82 32868 -0.0120531885167 -47.5074469666 -12.0142502239 6.57620647279
83 32590 -0.0122007575312 -47.4160423186 -12.0307787347 6.5393473466
84 32776 -0.0123479062772 -47.3253045829 -12.0392295298 6.53314617361
85 32874 -0.0124948370423 -47.2351036918 -12.0434853904 6.55452419848
86 32747 -0.0126420517757 -47.1451291031 -12.0553146113 6.51246405448
87 33016 -0.0127886664837 -47.0559171804 -12.0539898291 6.53042722828
88 32961 -0.0129354028536 -46.9670242555 -12.0113570786 6.54758523994
89 32821 -0.0130824509308 -46.8783343559 -12.030783332 6.52950728313
90 32913 -0.0132292945363 -46.7901566745 -12.0183109258 6.53096843934
91 32928 -0.013376104018 -46.7023854349 -12.0036619841 6.53420413596
92 32909 -0.013522956416 -46.614972098 -12.0223680697 6.5003061413
93 33150 -0.0136692727164 -46.528256913 -12.029169704 6.50030516809
94 33219 -0.0138154388485 -46.442006049 -12.0001083418 6.5308270363
95 33015 -0.0139620557088 -46.3558636518 -12.026140095 6.45948650242
96 33482 -0.0141076458739 -46.2706931707 -12.027905937 6.51693572482
97 33189 -0.0142538766675 -46.1855153799 -12.0195676541 6.52498442901
98 33049 -0.01440041762 -46.1005239992 -12.0013413197 6.52829908091
99 32986 -0.014547099029 -46.015816792 -12.0100707531 6.50100310261
100 33167 -0.0146933784436 -45.9317037144 -12.0048044925 6.51634265183
101 33106 -0.0148397933079 -45.8478724311 -12.0136009092 6.4761212243
102 33385 -0.0149855957736 -45.7647471052 -11.9940546924 6.53754888133
103 33012 -0.0151322191419 -45.6815090757 -12.0185913579 6.47932438155
104 33334 -0.0152781318768 -45.599025961 -12.0094552545 6.52946991126
105 33057 -0.015424655945 -45.5165478784 -12.0102241199 6.4842995507
106 33310 -0.0155706210783 -45.4347315594 -12.0086657709 6.46354051221
107 33536 -0.0157160940877 -45.3535336498 -12.0196373127 6.4551714624
108 33662 -0.0158612934756 -45.2728273598 -11.9924938528 6.52218583604
109 33200 -0.0160074997032 -45.19190141 -11.9965044933 6.49262488843
110 33289 -0.0161535107288 -45.1114218504 -11.9801769683 6.4936136951
111 33307 -0.0162994828264 -45.0312996276 -12.0127920302 6.47224078435
112 33470 -0.0164450983302 -44.9517056651 -11.9954836373 6.48884844374
113 33393 -0.016590882392 -44.8723502106 -11.9915361941 6.48199126467
114 33422 -0.0167366027116 -44.79335803 -11.9807933626 6.48503143221
115 33408 -0.0168823544164 -44.7146754233 -11.9672414611 6.50094488521
116 33286 -0.0170283719501 -44.6361748136 -11.9779600395 6.48592399685
117 33363 -0.0171742215834 -44.5580877092 -12.0000886575 6.43807580092
118 33742 -0.0173192503645 -44.4807584576 -11.9870556553 6.47385706376
119 33580 -0.0174646269504 -44.403560432 -11.9862666767 6.48290891879
120 33468 -0.0176102479737 -44.3265485273 -11.9859997801 6.45567801171
121 33639 -0.0177554970237 -44.2500464064 -11.9606227974 6.4748782714
122 33544 -0.0179009524118 -44.1737470408 -11.9776815424 6.44966640683
123 33706 -0.018046057934 -44.097939854 -11.9768528079 6.48238346
124 33507 -0.0181915940977 -44.0222154771 -11.982684486 6.4251725397
125 33880 -0.0183363261945 -43.947213325 -11.9980896394 6.40922698716
126 34108 -0.018480574955 -43.87276134 -11.9840091499 6.45023068354
127 33860 -0.0186253505311 -43.7983364878 -11.9871490691 6.45051052655
128 33789 -0.0187702786812 -43.7241314754 -11.9763591246 6.42691655027
129 33947 -0.0189148680961 -43.6503955161 -11.976771092 6.4442102882
130 33860 -0.0190596422749 -43.5768594142 -11.9575495571 6.44352347639
131 33841 -0.0192044574723 -43.5035951279 -11.9717250762 6.4380717265
132 33877 -0.0193491959463 -43.4306603873 -11.987912529 6.39654381884
133 34204 -0.0194932414698 -43.3583616987 -11.9597674538 6.44807499683
134 33903 -0.0196379253201 -43.2860290166 -11.9807973243 6.40132503329
135 34175 -0.019782032551 -43.2142682484 -11.9506814449 6.44900205034
136 33888 -0.0199267485443 -43.1424875391 -11.9568521345 6.42660784854
137 33977 -0.0200712734869 -43.0710831767 -11.9535852532 6.45000716177
138 33825 -0.0202161234515 -42.9997989316 -11.9869150041 6.37464068328
139 34358 -0.0203598461145 -42.9293455862 -11.9590951349 6.44185958533
140 33993 -0.0205043387447 -42.8587904531 -11.9618194245 6.40246422402
141 34191 -0.0206484105787 -42.7887143851 -11.960367008 6.42958242567
142 34040 -0.0207928031661 -42.7187548254 -11.9457223683 6.41899936178
143 34078 -0.0209371142898 -42.6491057576 -11.9561074176 6.43320227063
144 33981 -0.0210816324078 -42.5796267523 -11.9595920189 6.39060309914
145 34279 -0.0212255196575 -42.5107178951 -11.9565173779 6.39613656446
146 34321 -0.021369319602 -42.4421153498 -11.9744992526 6.37269448468
147 34514 -0.0215127158547 -42.3739672006 -11.9596850886 6.41064382572
148 34275 -0.0216566125505 -42.305842533 -11.9356115637 6.42134197958
149 34126 -0.0218008223233 -42.2378307775 -11.9543616049 6.36677862217
150 34505 -0.0219442381302 -42.1704512588 -11.9434968974 6.40708714318
151 34300 -0.0220880825791 -42.103127125 -11.9628807891 6.36402950052
152 34576 -0.0222313511114 -42.0363267085 -11.9479736684 6.41257606081
153 34277 -0.0223752429295 -41.9694895565 -11.9623074591 6.347539739
154 34698 -0.0225182584361 -41.9033101415 -11.9483065901 6.3865587016
155 34512 -0.0226616588766 -41.8372021331 -11.9477202821 6.35459962184
156 34710 -0.0228046507281 -41.7715298967 -11.9395446623 6.394238307
157 34456 -0.0229481683752 -41.7058632138 -11.9232856365 6.4018520456
158 34326 -0.0230919568156 -41.640319437 -11.9385396487 6.38137668777
159 34448 -0.0232354904841 -41.5751368061 -11.9299729701 6.38442682961
160 34459 -0.0233790019072 -41.5102076548 -11.9293046716 6.39024611584
161 34417 -0.0235226009719 -41.4454810819 -11.9450289628 6.35212306314
162 34702 -0.0236656083178 -41.3812607002 -11.9535338294 6.35028266839
163 34797 -0.0238084200054 -41.317365361 -11.9281451409 6.38481653178
164 34553 -0.0239517351189 -41.2534817449 -11.9252096525 6.34727648886
165 34779 -0.0240945846896 -41.1900405739 -11.9357815187 6.34963194017
166 34824 -0.0242373413839 -41.1268736834 -11.919861792 6.37272018184
167 34655 -0.0243804454002 -41.0637856413 -11.9378790553 6.32626545384
168 34974 -0.0245228960443 -41.0012156035 -11.9186363735 6.35854262762
169 34809 -0.0246656848187 -40.9387260471 -11.9303664387 6.33320670706
170 34963 -0.0248081586952 -40.8766015784 -11.9150746492 6.34867560271
171 34883 -0.0249507942505 -40.8146327932 -11.919412497 6.3532064379
172 34825 -0.0250935488959 -40.7528376384 -11.933095613 6.3364868468
173 34941 -0.0252360665883 -40.6913687451 -11.9225385779 6.36166485489
174 34775 -0.0253789247195 -40.6299761159 -11.9125793766 6.31861456529
175 35069 -0.0255211822935 -40.569062339 -11.932434001 6.32619222486
176 35092 -0.0256633938801 -40.5083872678 -11.9375817622 6.31644132373
177 35176 -0.0258054347419 -40.4480024552 -11.9106016041 6.35001079528
178 34932 -0.0259479705842 -40.3876244757 -11.9164935244 6.34317154862
179 34918 -0.026090534907 -40.3274509761 -11.9171781674 6.31916081456
180 35105 -0.0262327190942 -40.2676524776 -11.9061239456 6.33774929438
181 35010 -0.0263750970269 -40.2079860613 -11.8971060544 6.32667199988
182 35071 -0.0265173500114 -40.1485843075 -11.9120792757 6.33035941244
183 35059 -0.0266596278259 -40.0893833263 -11.9182042613 6.30015951749
184 35298 -0.0268014242636 -40.0305916253 -11.9052370245 6.32526113006
185 35163 -0.026943491022 -39.9718959691 -11.908069828 6.31507124276
186 35207 -0.0270854694028 -39.913443864 -11.9120195406 6.29863361652
187 35352 -0.0272271571195 -39.8553166827 -11.9046811455 6.32008034826
188 35220 -0.027369109707 -39.7972853877 -11.8922784179 6.31939125556
189 35189 -0.027511125634 -39.7394320079 -11.9148918121 6.28360900857
190 35468 -0.0276525806571 -39.6820087189 -11.8960159272 6.31230696616
191 35315 -0.027794342472 -39.624661691 -11.9048436893 6.27566740181
192 35568 -0.0279355979142 -39.5677184162 -11.8915649265 6.3158426521
193 35314 -0.0280773610151 -39.5107690865 -11.8867591633 6.29751332029
194 35391 -0.0282189701821 -39.4540791974 -11.9044252841 6.28251426177
195 35534 -0.0283602935505 -39.3976996043 -11.8904548597 6.29746565619
196 35453 -0.0285017785388 -39.3414505489 -11.8962339867 6.27967539082
197 35575 -0.0286430212326 -39.2854914482 -11.9000240002 6.26734261153
198 35710 -0.0287839963794 -39.2298302737 -11.9102086419 6.26795250544
199 35743 -0.0289249063536 -39.1743854667 -11.9116609333 6.2552536109
200 35857 -0.0290655927609 -39.1192178001 -11.8946857553 6.28310064971
201 35660 -0.0292066664007 -39.0640871275 -11.8997670025 6.25668925857
202 35821 -0.0293474220332 -39.009268237 -11.8986645061 6.26149492949
203 35827 -0.0294881662391 -38.9546401229 -11.8949556305 6.26002682306
204 35841 -0.0296288834021 -38.900207831 -11.9016719456 6.24408129102
205 35977 -0.0297693350707 -38.8460620924 -11.8950851919 6.25337473062
206 35938 -0.0299098622291 -38.7920701583 -11.8879509844 6.2589103768
207 35881 -0.0300505002684 -38.7382178776 -11.8825877759 6.25841124276
208 35870 -0.0301911615663 -38.6845381504 -11.8894741083 6.25213448723
209 35918 -0.0303317274484 -38.6310752208 -11.8762019841 6.25324131857
210 35923 -0.0304722848254 -38.5777949339 -11.8888806181 6.23751809891
211 36054 -0.0306125852739 -38.5247900605 -11.8850926474 6.25696519921
212 35930 -0.0307531283428 -38.4718709609 -11.8776338189 6.23495960765
213 36078 -0.0308933835863 -38.419236403 -11.8658140881 6.25948765259
214 35916 -0.0310339543285 -38.3666591515 -11.8869713375 6.23076955904
215 36108 -0.0311741495257 -38.3143966981 -11.8767559014 6.22941293959
216 36174 -0.0313142177173 -38.2623545985 -11.8767617772 6.23028522107
217 36185 -0.0314542640842 -38.2104926481 -11.870703539 6.22966926246
218 36193 -0.0315942945154 -38.1588077535 -11.8792578254 6.21542840468
219 36315 -0.0317340903828 -38.1073793159 -11.8877813677 6.21182914623
220 36380 -0.0318737619661 -38.0561652849 -11.8660495316 6.21424932839
221 36378 -0.0320134375935 -38.0051175676 -11.8671354102 6.23092228283
222 36237 -0.0321533838339 -37.9541384174 -11.8691081222 6.2147787677
223 36333 -0.032293145322 -37.9033930557 -11.8664158794 6.23628309653
224 36180 -0.0324332025039 -37.8527064284 -11.8611088912 6.21352071028
225 36327 -0.0325729745945 -37.8022879379 -11.8559551541 6.21705667074
226 36339 -0.0327127242024 -37.7520415161 -11.8662547455 6.20740826986
227 36424 -0.032852311354 -37.7020163759 -11.8706875543 6.19395896351
228 36561 -0.0329916352737 -37.6522471089 -11.8684670016 6.18658914031
229 36663 -0.0331307665538 -37.6027069342 -11.8602446564 6.20841009576
230 36506 -0.0332701961374 -37.5532204572 -11.8655568541 6.19543865434
231 36572 -0.033409499936 -37.5039377296 -11.8661696507 6.19231640888
232 36617 -0.0335487179197 -37.454843491 -11.868192822 6.18402368124
233 36700 -0.033687777802 -37.4059620668 -11.8586457675 6.18209529273
234 36740 -0.0338267622837 -37.3572632473 -11.8630688711 6.17471993525
235 36815 -0.0339656062748 -37.3087687383 -11.8440349486 6.19394689013
236 36671 -0.0341047213192 -37.2603342829 -11.8366119317 6.20684310634
237 36522 -0.0342441213097 -37.2119552389 -11.851498715 6.17622393308
238 36740 -0.0343831059067 -37.1638737169 -11.8671523416 6.14857748829
239 37040 -0.0345215272789 -37.1161385266 -11.8438975479 6.18898060028
240 36776 -0.0346604434545 -37.0683839776 -11.8447268278 6.16940164761
241 36870 -0.0347991823655 -37.0208409146 -11.8583666627 6.16566481075
242 36929 -0.0349378111143 -36.973485173 -11.836487199 6.18903571346
243 36745 -0.0350767865468 -36.9261603764 -11.8553638894 6.15689343122
244 36969 -0.0352153396995 -36.8791275618 -11.8458334473 6.16503297897
245 36962 -0.0353539060405 -36.8322375627 -11.8513278641 6.14435815061
246 37139 -0.0354921418357 -36.7856055106 -11.8413355351 6.15972473511
247 37056 -0.0356305332257 -36.7390664591 -11.8347728959 6.16861398338
248 36956 -0.035769111763 -36.6926096646 -11.8376686826 6.16209350826
249 36984 -0.0359076374263 -36.6463151324 -11.8295752752 6.16525699265
250 36965 -0.0360461994989 -36.6001523324 -11.8320292575 6.15417930837
251 37055 -0.0361845924842 -36.5541888595 -11.831288055 6.15111114834
252 37107 -0.0363228885948 -36.508399663 -11.8227246334 6.15682895147
253 37072 -0.0364612499037 -36.4627303813 -11.8298447001 6.1483122104
254 37136 -0.0365994918563 -36.4172412013 -11.8410676536 6.12764990361
255 37334 -0.0367373662921 -36.3720123999 -11.8284668575 6.1335714781
256 37338 -0.0368752333925 -36.3269246203 -11.8262392572 6.14721974848
257 37220 -0.0370133190573 -36.2819036724 -11.8359123703 6.11779105364
258 37445 -0.0371509902905 -36.2371550177 -11.8267560449 6.13136540671
259 37389 -0.0372887643075 -36.1925094546 -11.8345417764 6.11154156017
260 37547 -0.0374262467887 -36.1480938677 -11.8319620448 6.11310380101
261 37578 -0.0375636730487 -36.103831113 -11.820527788 6.13103050092
262 37429 -0.0377013731861 -36.0596145843 -11.8242638685 6.1182705854
263 37499 -0.0378389437731 -36.0155734339 -11.8172328903 6.12700815983
264 37442 -0.0379766195089 -35.9716318905 -11.8318651601 6.10172245581
265 37649 -0.0381139158663 -35.9279436077 -11.8179723911 6.11517359145
266 37588 -0.0382513232603 -35.884351556 -11.8174870984 6.10187744843
267 37689 -0.0383885469763 -35.8409485436 -11.8117559284 6.11963946082
268 37560 -0.0385260061036 -35.7976015065 -11.8128557975 6.11008070851
269 37609 -0.0386633768113 -35.7544121934 -11.8121209999 6.10325632396
270 37683 -0.0388006120454 -35.7113945059 -11.8112794521 6.10034950949
271 37729 -0.0389377623984 -35.6685317049 -11.8128907514 6.09951561187
272 37750 -0.039074875774 -35.6258080825 -11.8199424236 6.08676845912
273 37869 -0.0392117723665 -35.58327875 -11.8057170834 6.09605149955
274 37820 -0.039348758493 -35.5408478108 -11.8079572616 6.08200839448
275 37932 -0.0394855424904 -35.4986048984 -11.8083706993 6.08366017455
276 37949 -0.0396222963658 -35.456496024 -11.8045557585 6.08470350945
277 37944 -0.0397590585045 -35.4145087933 -11.8025645777 6.09146339143
278 37882 -0.0398959324533 -35.3726110374 -11.8002133019 6.09663052014
279 37818 -0.0400329213444 -35.3308015645 -11.797705038 6.08312873631
280 37921 -0.0401697244704 -35.2891715193 -11.7932094316 6.07279973452
281 38043 -0.0403063083456 -35.2477300152 -11.7913496916 6.07255350298
282 38080 -0.0404428266009 -35.2064295305 -11.7995227195 6.06822112159
283 38129 -0.0405792561835 -35.1652763111 -11.7901121848 6.08192938173
284 38019 -0.0407158827364 -35.1241838167 -11.7913851869 6.06658346178
285 38127 -0.0408523165822 -35.0832687372 -11.7940484551 6.07252995976
286 38103 -0.0409887921887 -35.042460046 -11.7923680251 6.06433938432
287 38171 -0.0411251474486 -35.0018056031 -11.7864395797 6.06908076567
288 38147 -0.0412615452106 -34.9612562464 -11.7865576511 6.04645002337
289 38346 -0.0413975891654 -34.9209288891 -11.7881335132 6.0500238705
290 38369 -0.0415335913929 -34.8807300147 -11.7893330428 6.05837350804
291 38300 -0.0416697171503 -34.8406103868 -11.7846546945 6.04688444432
292 38385 -0.0418056915574 -34.8006504923 -11.7851993553 6.04077663456
293 38465 -0.0419415248843 -34.7608464539 -11.7793428126 6.05693571686
294 38340 -0.0420775797167 -34.721091637 -11.7838759935 6.04057011362
295 38454 -0.0422134321034 -34.6815094606 -11.7804124947 6.03536274005
296 38534 -0.0423491436415 -34.6420810694 -11.7803179568 6.03356377415
297 38573 -0.0424847864818 -34.6027847659 -11.782209508 6.03381740003
298 38581 -0.0426204141544 -34.5636044669 -11.7812708553 6.03684576106
299 38556 -0.0427560868348 -34.5245223566 -11.7721093913 6.03313929195
300 38583 -0.0428917119403 -34.4855646354 -11.7766797282 6.01896467545
301 38721 -0.0430270945679 -34.4467864717 -11.7725823444 6.01713781226
302 38777 -0.0431623797441 -34.4081454532 -11.7682726968 6.0535517342
303 38457 -0.0432982261304 -34.3694535529 -11.7638898592 6.03840376699
304 38507 -0.0434339853418 -34.3308955606 -11.7655843933 6.03021796127
305 38596 -0.0435695874502 -34.2924905894 -11.76824277 6.0075775051
306 38830 -0.0437047795791 -34.2543091312 -11.7694041941 6.01963253804
307 38784 -0.0438400516955 -34.2162119699 -11.7600556591 6.02569956595
308 38715 -0.0439754443955 -34.1781874672 -11.7713946989 6.0106808153
309 38835 -0.0441106281332 -34.1403276309 -11.7659924845 6.00069218676
310 38962 -0.0442455916162 -34.1026346839 -11.7620860355 6.01301177288
311 38883 -0.0443806923462 -34.0650082522 -11.7602534514 6.0044942427
312 38940 -0.044515693858 -34.0275138069 -11.7593296359 6.0005367623
313 38993 -0.0446506036201 -33.9901486253 -11.7619008889 5.99533112419
314 39057 -0.0447854034584 -33.9529170845 -11.7609890339 6.00489506786
315 38985 -0.0449203268597 -33.9157542896 -11.7510204823 6.02945244824
316 38737 -0.0450556821899 -33.8785755193 -11.7573925642 5.98372511106
317 39093 -0.0451904193651 -33.8416685757 -11.7530558345 5.9888195144
318 39146 -0.0453250654581 -33.8048878654 -11.749922417 5.98393158536
319 39207 -0.0454596069144 -33.7682364602 -11.754544727 5.99494308922
320 39120 -0.0455942969618 -33.7316450177 -11.7542048408 5.98522443634
321 39187 -0.0457288718793 -33.6951848149 -11.7479598214 5.98522260298
322 39206 -0.0458634144239 -33.658832863 -11.7412624148 5.99140626697
323 39153 -0.0459980477768 -33.6225555433 -11.739845953 5.98083666253
324 39238 -0.0461325358209 -33.5864160193 -11.7410886889 5.97983607379
325 39271 -0.0462669667229 -33.5503899804 -11.7426888793 5.96466855983
326 39424 -0.0464011365579 -33.5145313359 -11.7349454204 5.97487585029
327 39371 -0.0465353980909 -33.4787452305 -11.7442982473 5.97270884649
328 39376 -0.0466696499398 -33.4430583879 -11.7394535945 5.97696574245
329 39337 -0.0468039682122 -33.4074502525 -11.7388502159 5.95674047189
330 39518 -0.046937978204 -33.3720195167 -11.7438003334 5.95511020844
331 39585 -0.0470718753747 -33.3367136733 -11.7372579179 5.96023267172
332 39555 -0.047205823499 -33.3014890957 -11.7397648486 5.93883332579
333 39752 -0.0473394399352 -33.266445737 -11.7327825077 5.97137190366
334 39495 -0.0474734890841 -33.2313828531 -11.7380220835 5.9411008039
335 39713 -0.0476071707332 -33.1965094524 -11.7336178612 5.94937785701
336 39695 -0.0477408827429 -33.161721025 -11.7318910964 5.95548291997
337 39631 -0.0478747019562 -33.1269973561 -11.7291259283 5.95972632901
338 39573 -0.0480086200701 -33.0923404495 -11.735655242 5.93916160389
339 39754 -0.048142233259 -33.0578542375 -11.730409151 5.93759147371
340 39820 -0.0482757353696 -33.0234879005 -11.7255427174 5.94034927283
341 39812 -0.0484092509601 -32.9892089183 -11.7269554107 5.94782668907
342 39737 -0.0485428911964 -32.9549885362 -11.7270571371 5.93913984381
343 39800 -0.0486764263618 -32.9208852436 -11.7269716696 5.93023492046
344 39904 -0.0488097878604 -32.8869159266 -11.7260108468 5.93144499505
345 39921 -0.0489431200308 -32.853043268 -11.7182549671 5.94224014839
346 39822 -0.0490766187421 -32.8192172991 -11.716731511 5.90958942456
347 40110 -0.0492096361275 -32.7856015198 -11.7223179013 5.94520409687
348 39846 -0.0493430944489 -32.7519624762 -11.7197390816 5.92303515798
349 39986 -0.0494763179079 -32.7184703724 -11.7227615315 5.92057348995
350 40050 -0.0496094359158 -32.6850920013 -11.7162993231 5.9153682926
351 40119 -0.0497424398771 -32.651828968 -11.7223553585 5.90387155822
352 40250 -0.049875225827 -32.6187066167 -11.7149288189 5.92231873413
353 40107 -0.0500082491737 -32.5856110382 -11.7194321062 5.91094118836
354 40178 -0.0501411549975 -32.5526303224 -11.7178299969 5.9054503165
355 40252 -0.0502739390404 -32.5197649687 -11.7169491623 5.91465976128
356 40182 -0.0504068376458 -32.4869561479 -11.7080925757 5.88345839829
357 40469 -0.0505392643099 -32.4543479877 -11.7045466968 5.92780493498
358 40114 -0.0506722753299 -32.421680176 -11.70610489 5.87068394179
359 40576 -0.0508045270959 -32.3892822236 -11.7069297678 5.91318978643
360 40287 -0.05093725279 -32.3568514491 -11.7123109341 5.88458483363
361 40488 -0.0510696490057 -32.3245839825 -11.7095544458 5.916149058
362 40233 -0.0512024628715 -32.2922975035 -11.7031593028 5.90214744189
363 40299 -0.0513351680048 -32.2601199498 -11.6944665198 5.89353291311
364 40403 -0.0514677033264 -32.2280655621 -11.6928471906 5.8866155882
365 40500 -0.0516000788361 -32.1961313086 -11.7004329201 5.89317178805
366 40463 -0.0517325157436 -32.1642634282 -11.7022744837 5.85823456282
367 40800 -0.0518644048453 -32.1326077631 -11.6949805512 5.9088151113
368 40392 -0.0519969577443 -32.1008733115 -11.6945899048 5.88194005627
369 40544 -0.052129262736 -32.0692784229 -11.6978410279 5.86014288851
370 40804 -0.0522611455246 -32.0378638141 -11.6938600778 5.88656593172
371 40613 -0.0523933369281 -32.0064550048 -11.6992060061 5.86113821836
372 40813 -0.0525252042375 -31.9752020196 -11.6955116227 5.86568279215
373 40824 -0.052657053961 -31.9440316173 -11.6919755137 5.89471723083
374 40538 -0.0527893680668 -31.9128299638 -11.6920943322 5.86547337046
375 40749 -0.0529213397771 -31.881787128 -11.6897241198 5.83811219571
376 41083 -0.0530527728583 -31.8509482022 -11.6860863662 5.88302873968
377 40726 -0.0531847811304 -31.820051591 -11.688474044 5.87571217067
378 40699 -0.0533168325148 -31.7892220858 -11.6866616555 5.85064312119
379 40943 -0.0534484909251 -31.758560909 -11.6871980769 5.85874558226
380 40930 -0.0535801696749 -31.7279712006 -11.6934791037 5.86017528867
381 40912 -0.0537118774074 -31.6974507165 -11.6823564933 5.85822268736
382 40927 -0.0538435617065 -31.66701133 -11.6821666 5.87773605019
383 40735 -0.0539755546813 -31.6365762413 -11.682191432 5.83776185583
384 41083 -0.0541069884659 -31.6063450741 -11.6789893354 5.8526239268
385 41031 -0.0542385052137 -31.5761694461 -11.6834847301 5.86591517944
386 40883 -0.0543702602048 -31.5460137308 -11.6787017235 5.84403452753
387 41061 -0.0545017282515 -31.5159978202 -11.6820932927 5.8176691517
388 41380 -0.054632689805 -31.4861709036 -11.6699760357 5.84709469877
389 41170 -0.0547639844945 -31.4563413413 -11.680752969 5.85894614163
390 40992 -0.0548955644349 -31.4265202651 -11.6704746606 5.82753001724
391 41260 -0.0550267164532 -31.3968689248 -11.672776767 5.82786985021
392 41332 -0.0551577537863 -31.3673157903 -11.6703203511 5.83738601431
393 41255 -0.0552889128704 -31.3378072837 -11.6683314642 5.83467271755
394 41261 -0.0554200624101 -31.3083727776 -11.6680479585 5.83070432856
395 41303 -0.0555511451193 -31.2790248092 -11.6683205173 5.82401235248
396 41383 -0.0556821009187 -31.2497764153 -11.6660376169 5.82715365598
397 41374 -0.0558130719084 -31.2205955133 -11.6595562747 5.83403376542
398 41301 -0.0559441581209 -31.1914596682 -11.6636761454 5.80261508133
399 41602 -0.056074768903 -31.1624996194 -11.6658503843 5.82897421514
400 41416 -0.0562056724166 -31.1335446473 -11.6563336968 5.80413538159
401 41619 -0.0563362566411 -31.1047298577 -11.6572166197 5.81915195747
402 41522 -0.0564669938775 -31.0759506529 -11.662488454 5.82485879809
403 41436 -0.0565978661723 -31.0472109682 -11.6589715308 5.81630641874
404 41500 -0.0567286382826 -31.0185622462 -11.655178897 5.81408823115
405 41540 -0.0568593461887 -30.9899962311 -11.6572771522 5.7996676272
406 41700 -0.056989803289 -30.9615532153 -11.6609644293 5.80080666589
407 41734 -0.0571202083283 -30.9331893905 -11.6548353681 5.77294494329
408 42033 -0.0572501480312 -30.9049940064 -11.648559952 5.82614837509
409 41565 -0.0573808173618 -30.8767077384 -11.6544018275 5.78186123235
410 41892 -0.0575109755652 -30.848599109 -11.6492386309 5.76725456225
411 42137 -0.057640754165 -30.8206387958 -11.6473438693 5.79297437578
412 41937 -0.0577708421531 -30.7926780725 -11.6406606894 5.7947891875
413 41862 -0.0579010462654 -30.764758573 -11.6527682803 5.78623204564
414 41930 -0.0580311447478 -30.7369276257 -11.6507718582 5.81696560282
415 41631 -0.0581617104128 -30.7090627378 -11.6358567644 5.76280479856
416 42110 -0.0582915314561 -30.681422091 -11.6421135407 5.75140709279
417 42366 -0.0584209591473 -30.6539298137 -11.6414456872 5.80237823102
418 41903 -0.058551100544 -30.6263507664 -11.6436555561 5.76530376325
419 42161 -0.0586808428101 -30.5989207891 -11.6323406016 5.7901446718
420 41973 -0.0588108746804 -30.5714939654 -11.6416816881 5.76067638446
421 42230 -0.0589405116577 -30.5442143732 -11.6394223542 5.7988624535
422 41902 -0.0590706546872 -30.5168922874 -11.6370380632 5.77800617446
423 42028 -0.0592006027366 -30.4896748915 -11.6343604076 5.76682055383
424 42180 -0.0593303151433 -30.4625701674 -11.6368815173 5.78111099735
425 42073 -0.0594601927697 -30.4354940822 -11.6351325071 5.76862692289
426 42174 -0.0595899148609 -30.408513296 -11.6352953875 5.73177981801
427 42593 -0.0597189975898 -30.38172765 -11.6256601496 5.76448153516
428 42364 -0.0598484293814 -30.3549316168 -11.6276458677 5.76497210599
429 42294 -0.0599779669283 -30.328175684 -11.6315002945 5.75829151376
430 42345 -0.0601074265379 -30.3014976024 -11.6265990347 5.75342874489
431 42411 -0.0602367856268 -30.274901689 -11.619301221 5.75496047681
432 42413 -0.0603661411835 -30.2483677211 -11.6279592646 5.71900774768
433 42798 -0.0604949146718 -30.2220137499 -11.6266276644 5.78605488233
434 42193 -0.0606246083127 -30.195532373 -11.6273657517 5.71431881163
435 42785 -0.0607534005651 -30.1692953296 -11.6238696787 5.75236073654
436 42546 -0.0608825549988 -30.1430446285 -11.6157138236 5.73979922447
437 42613 -0.0610116077891 -30.1168745224 -11.6174248614 5.73788783571
438 42652 -0.0611406011606 -30.0907761355 -11.6127498069 5.71536912041
439 42905 -0.0612692139246 -30.064813948 -11.611072614 5.72483091205
440 42874 -0.0613978727056 -30.0389014117 -11.6134677191 5.73315142519
441 42776 -0.0615266790488 -30.0130180109 -11.6142296263 5.73733169867
442 42704 -0.0616555943269 -29.987171487 -11.6135854666 5.73018884796
443 42760 -0.0617844246089 -29.9614005422 -11.6091074536 5.70231182214
444 43077 -0.0619127805211 -29.935782492 -11.6088224607 5.72011603193
445 42973 -0.0620412909161 -29.9101914168 -11.6010344338 5.70989273923
446 43055 -0.0621696796243 -29.884682143 -11.6127570248 5.72306884982
447 42935 -0.0622982469608 -29.8591948492 -11.6052298327 5.70667071343
448 43079 -0.0624265995458 -29.8338073055 -11.6100758744 5.74197811342
449 42738 -0.0625554625267 -29.8083760892 -11.5994642831 5.72877504573
450 42785 -0.0626842555525 -29.7830158374 -11.6055441463 5.70474468819
451 43057 -0.0628126402249 -29.7577926776 -11.6027472772 5.72584938611
452 42906 -0.0629412516743 -29.7325815212 -11.5992468035 5.70746819803
453 43062 -0.0630696293488 -29.7074724584 -11.5914745648 5.7153525362
454 43021 -0.0631980690133 -29.6824073436 -11.5949977447 5.69146862336
455 43269 -0.0633261397423 -29.6574698887 -11.5867700629 5.67830685265
456 43483 -0.063453894202 -29.6326492116 -11.5924215024 5.69992133958
457 43306 -0.0635819094873 -29.607832976 -11.593460616 5.72420277377
458 42993 -0.0637103905361 -29.582981743 -11.5930890306 5.68743044704
459 43305 -0.0638384077251 -29.5582751452 -11.5885230788 5.703799864
460 43214 -0.0639665593554 -29.5335973235 -11.5934075424 5.69920974456
461 43239 -0.0640946746072 -29.5089810571 -11.5881860372 5.6849582978
462 43402 -0.0642225490666 -29.4844652691 -11.5870608759 5.6802815488
463 43499 -0.0643502803112 -29.4600308333 -11.5824910283 5.67199171681
464 43618 -0.0644778374885 -29.4356832774 -11.5854653235 5.69169014805
465 43434 -0.064605664155 -29.4113378242 -11.5818776371 5.66564577713
466 43670 -0.0647331455691 -29.3871113361 -11.5817095142 5.69138825645
467 43452 -0.0648609460257 -29.3628773828 -11.5781361428 5.67953373699
468 43521 -0.0649886445181 -29.3387157619 -11.5793183449 5.6805749565
469 43529 -0.0651163313863 -29.3146091393 -11.5773753252 5.68106120998
470 43526 -0.0652440228203 -29.2905542849 -11.5801183649 5.67532394635
471 43589 -0.0653716227412 -29.2665690762 -11.5748527352 5.66860131287
472 43681 -0.0654990880653 -29.2426613053 -11.5739243125 5.69401230055
473 43426 -0.0656269264351 -29.2187357365 -11.5762900154 5.64099914138
474 43942 -0.0657540127174 -29.1950025471 -11.5753316206 5.68527216223
475 43595 -0.0658816033488 -29.1712267835 -11.5726602191 5.65310584921
476 43855 -0.0660088157077 -29.1475728299 -11.5708724677 5.65882151367
477 43864 -0.066136014114 -29.1239725448 -11.5670345127 5.65810955279
478 43875 -0.0662631973462 -29.1004259753 -11.5729208624 5.68891087846
479 43536 -0.0663908740356 -29.0768390796 -11.5666133842 5.64542383772
480 43924 -0.0665179864733 -29.0534070547 -11.5666432764 5.64247234962
481 44067 -0.0666448925134 -29.0300633146 -11.5600375669 5.65322074695
482 43986 -0.0667719143573 -29.0067483799 -11.5628463525 5.64172629961
483 44092 -0.0668987831747 -28.9835114151 -11.5628341661 5.64118814563
484 44128 -0.0670256003965 -28.9603335655 -11.5588977845 5.64951942653
485 44045 -0.0671525377686 -28.9371833261 -11.5573963864 5.6584321201
486 43922 -0.0672796527574 -28.9140502353 -11.5612783254 5.62341188676
487 44281 -0.0674062514784 -28.891060218 -11.5579957934 5.6401640101
488 44193 -0.0675329760424 -28.868096288 -11.5559448732 5.64666286064
489 44095 -0.0676598410397 -28.8451558027 -11.5571928854 5.61809023142
490 44390 -0.0677862836488 -28.8223402206 -11.5508868033 5.64659690157
491 44151 -0.0679130685388 -28.7995113654 -11.5562819418 5.63962103743
492 44163 -0.0680398366177 -28.7767339312 -11.5518689027 5.62157823681
493 44370 -0.0681663081799 -28.7540578459 -11.5464480347 5.63448029305
494 44282 -0.0682929051933 -28.7314072051 -11.5494540348 5.62139125541
495 44406 -0.0684193258755 -28.7088358263 -11.5450395408 5.61034446813
496 44566 -0.068545518312 -28.6863526029 -11.5505015898 5.62903197953
497 44398 -0.068671949076 -28.6638742666 -11.5402354958 5.62364909525
498 44413 -0.068798359793 -28.6414467308 -11.5417999394 5.63458785689
499 44293 -0.0689249413509 -28.6190360673 -11.5516042258 5.6346884854
500 44258 -0.0690515725822 -28.5966637062 -11.537849681 5.60638878003
501 44570 -0.0691777603707 -28.5744164046 -11.5417258993 5.61156721314
502 44599 -0.0693039072091 -28.5522227898 -11.5370133679 5.61941347731
503 44517 -0.0694301693694 -28.530055267 -11.5383015401 5.61459003544
504 44549 -0.0695563861593 -28.5079419452 -11.5351432941 5.61136304051
505 44595 -0.0696825380468 -28.4858860448 -11.5363361246 5.6149088138
506 44567 -0.0698087289731 -28.4638692383 -11.5354276398 5.59632967517
507 44772 -0.0699346306739 -28.441948523 -11.5348231388 5.6009682056
508 44777 -0.0700605261522 -28.420074326 -11.533193992 5.59931341352
509 44797 -0.0701863929055 -28.3982504004 -11.5294569516 5.60921143547
510 44689 -0.0703124117786 -28.3764453189 -11.5354912266 5.60371198098
511 44722 -0.0704383844252 -28.3546933212 -11.5313590848 5.5549118421
512 45297 -0.0705635551117 -28.3331243124 -11.522954944 5.59358855443
513 45009 -0.0706891258361 -28.3115308193 -11.5253515072 5.57966959119
514 45090 -0.0708145838079 -28.2900010417 -11.5239806705 5.56279960333
515 45309 -0.0709397373771 -28.268567515 -11.5241943976 5.58349412116
516 45129 -0.0710651402605 -28.2471352495 -11.5223741673 5.57218163132
517 45211 -0.0711904302757 -28.225766085 -11.5235858915 5.58411651882
518 45095 -0.0713158812853 -28.2044132059 -11.5175490943 5.58741632684
519 45024 -0.0714414308557 -28.1830872436 -11.5134895088 5.5561359275
520 45369 -0.0715665025086 -28.1618857916 -11.5187338159 5.60463480229
521 44901 -0.0716922239086 -28.1406176535 -11.5197390143 5.55048110746
522 45400 -0.0718172523954 -28.1195098146 -11.5154872693 5.56745559872
523 45342 -0.0719423607648 -28.0984313633 -11.5075916445 5.58065929723
524 45172 -0.0720677050306 -28.0773560489 -11.5156640498 5.55113914827
525 45469 -0.0721926381104 -28.0563924548 -11.5116279569 5.568648982
526 45347 -0.0723177391258 -28.0354431546 -11.5118651212 5.5695308884
527 45303 -0.0724429015531 -28.0145259775 -11.514036986 5.56436512625
528 45351 -0.072567997524 -27.9936621649 -11.507292086 5.55165087115
529 45514 -0.0726928693537 -27.9728777443 -11.5055045199 5.54834577068
530 45599 -0.072817624802 -27.9521544841 -11.5073828563 5.53945813592
531 45728 -0.0729422038795 -27.9315020796 -11.5032049958 5.53740474451
532 45789 -0.0730667003192 -27.9109047407 -11.5042341762 5.56582671257
533 45470 -0.0731916329215 -27.8902766888 -11.503919199 5.51144578255
534 46026 -0.073315808804 -27.869814605 -11.4998895707 5.55463006993
535 45668 -0.0734404702879 -27.849313521 -11.4983331563 5.54282133791
536 45708 -0.0735650772628 -27.828862353 -11.500366905 5.52456902364
537 45936 -0.073689373852 -27.8085027982 -11.4886133513 5.53923427668
538 45825 -0.0738138205855 -27.7881592253 -11.497811092 5.52755641362
539 45934 -0.0739381207769 -27.767880018 -11.4990222278 5.54216052513
540 45790 -0.0740626155759 -27.7476094247 -11.4933178727 5.52865792913
541 45911 -0.0741869469258 -27.7274056431 -11.4939235462 5.51879777
542 46063 -0.0743110727833 -27.7072752102 -11.4907095231 5.53982078364
543 45854 -0.0744354808547 -27.687138952 -11.4907978146 5.54007189249
544 45793 -0.0745599723202 -27.6670291091 -11.4868308712 5.53106766861
545 45883 -0.074684341481 -27.6469787752 -11.4833299093 5.52418781733
546 45990 -0.074808565124 -27.6269914497 -11.4885869919 5.51976698671
547 46073 -0.0749326766543 -27.6070615208 -11.4889306825 5.53517422709
548 45912 -0.0750570058269 -27.5871359728 -11.4883882285 5.52833353084
549 45949 -0.0751812854595 -27.5672575922 -11.4840729878 5.51950290891
550 46065 -0.0753054082783 -27.547443327 -11.4857081108 5.53625740363
551 45897 -0.0754297579875 -27.5276318454 -11.4812997056 5.49715101372
552 46320 -0.0755535392271 -27.5079495932 -11.4817270867 5.51144537402
553 46266 -0.0756773917632 -27.4882944989 -11.4838110325 5.49706554391
554 46425 -0.075801032111 -27.4687113755 -11.4813896022 5.51543278366
555 46247 -0.075924909783 -27.4491289281 -11.4773204924 5.50417915371
556 46334 -0.0760486722721 -27.4296028281 -11.4733546545 5.51220579015
557 46261 -0.07617253185 -27.4100994684 -11.4722060748 5.49867320283
558 46404 -0.0762962000665 -27.3906641178 -11.4751412361 5.51161921084
559 46288 -0.0764200239424 -27.3712421154 -11.4730427563 5.49992593397
560 46397 -0.0765437022664 -27.3518806042 -11.4722983001 5.51444898823
561 46251 -0.0766675745078 -27.3325263564 -11.4717437948 5.50401057163
562 46337 -0.0767913327675 -27.3132274091 -11.4700647986 5.46963727972
563 46780 -0.0769145030578 -27.2940572527 -11.462925029 5.50816088887
564 46434 -0.0770381311997 -27.2748529524 -11.4717780764 5.47636549771
565 46725 -0.0771613739452 -27.2557454262 -11.4625725606 5.47617739996
566 46810 -0.0772845053899 -27.2366918518 -11.4653132804 5.48493072763
567 46726 -0.0774077469091 -27.2176578698 -11.4646115149 5.49521299966
568 46577 -0.0775311857131 -27.1986300449 -11.4610958015 5.49425667948
569 46547 -0.0776546643608 -27.1796326492 -11.4635526738 5.49843325534
570 46488 -0.0777782216941 -27.1606596567 -11.4601776131 5.48336132797
571 46655 -0.077901557368 -27.1417570219 -11.4590958471 5.47992935558
572 46744 -0.0780247754162 -27.1229085493 -11.4599487889 5.48200563828
573 46743 -0.0781479940468 -27.1040960045 -11.4564745597 5.47931670245
574 46776 -0.0782711695781 -27.0853259375 -11.455253219 5.48280727235
575 46743 -0.078394389332 -27.0665849425 -11.4544332826 5.47075297982
576 46881 -0.0785174264221 -27.0479073676 -11.4495927169 5.4717942774
577 46908 -0.0786404293883 -27.029270471 -11.4521304608 5.46969991187
578 46941 -0.0787633885533 -27.0106755867 -11.4528153218 5.47272680697
579 46913 -0.0788863845094 -26.992110426 -11.4506482163 5.46150679906
580 47044 -0.079009209384 -26.9736062101 -11.4489555153 5.46984706458
581 46977 -0.0791321209715 -26.9551239678 -11.4536109742 5.47052832322
582 46950 -0.079255068156 -26.9366713408 -11.4493416442 5.46609331952
583 46997 -0.079377953566 -26.9182628357 -11.4467574204 5.46888628027
584 46976 -0.0795008668613 -26.8998849107 -11.4453889491 5.45146418679
585 47186 -0.0796235062221 -26.8815824943 -11.4433539329 5.47881503034
586 46906 -0.0797465108562 -26.8632601359 -11.4406693942 5.45898420494
587 47073 -0.0798692975273 -26.8450046796 -11.4408609414 5.44224356276
588 47328 -0.079991752252 -26.8268327471 -11.4395088949 5.43753207674
589 47459 -0.0801140378099 -26.8087198797 -11.4411680065 5.42386130801
590 47669 -0.0802360548808 -26.7906805143 -11.4383182785 5.44389700696
591 47475 -0.0803583201364 -26.7726381643 -11.4385002304 5.44153961458
592 47451 -0.0804806172086 -26.7546247825 -11.4313843868 5.45755548283
593 47244 -0.080603181874 -26.7366056727 -11.4406894379 5.43941565518
594 47412 -0.0807255284343 -26.7186521699 -11.4368595312 5.42923006066
595 47588 -0.0808476493105 -26.7007651131 -11.4373554551 5.42299816693
596 47716 -0.0809696058593 -26.682935266 -11.4244867036 5.4511352901
597 47398 -0.0810919712523 -26.6650788414 -11.4224648335 5.43368534685
598 47528 -0.0812141692256 -26.6472799404 -11.4308870192 5.42362483136
599 47691 -0.0813361575413 -26.629544473 -11.4263324027 5.45768066575
600 47309 -0.0814586377207 -26.6117704724 -11.4275055552 5.41893563086
601 47688 -0.0815806295519 -26.5941000973 -11.4214770595 5.4119449891
602 47884 -0.0817023714454 -26.5764984294 -11.4277493455 5.42864622583
603 47728 -0.0818243131581 -26.5589003347 -11.4244743858 5.43687017517
604 47580 -0.0819464436361 -26.5413074761 -11.4296835441 5.3819622449
605 48237 -0.0820677396805 -26.523866902 -11.4192648127 5.4188599681
606 47950 -0.0821893978855 -26.5064062867 -11.4204166293 5.43634042174
607 47649 -0.0823114404497 -26.4889226533 -11.4241071663 5.38424560616
608 48227 -0.0824327485695 -26.4715760567 -11.4204392552 5.41122570214
609 48045 -0.0825542868897 -26.4542282733 -11.4164258557 5.41381718072
610 47961 -0.0826759315552 -26.4368970289 -11.4129162421 5.41627517297
611 47906 -0.082797645827 -26.419587542 -11.4128287567 5.40186326793
612 48074 -0.0829191467165 -26.4023399176 -11.4127855935 5.40658448845
613 48061 -0.083040664164 -26.3851213545 -11.415032069 5.39977802695
614 48145 -0.0831620761917 -26.3679490188 -11.4131496577 5.40500792974
615 48101 -0.0832835429886 -26.3508001511 -11.4148710755 5.39346421717
616 48237 -0.0834048387578 -26.3337065027 -11.410481577 5.39646558979
617 48237 -0.0835261349352 -26.3166437664 -11.4087982593 5.39230256276
618 48290 -0.0836473638131 -26.2996213594 -11.4102424988 5.3885261304
619 48354 -0.0837685129467 -26.2826408918 -11.4042963589 5.40102412093
620 48211 -0.0838898415895 -26.2656659833 -11.4099051254 5.38101351753
621 48429 -0.0840108971507 -26.2487598391 -11.4017507787 5.41090797234
622 48105 -0.0841323592264 -26.2318275194 -11.4021662599 5.3919976885
623 48257 -0.0842536298697 -26.2149523816 -11.3954060983 5.39653551611
624 48242 -0.0843749201194 -26.1981049142 -11.3996589765 5.38774127059
625 48351 -0.0844960734945 -26.1813067293 -11.39521159 5.38932467161
626 48361 -0.0846172140591 -26.1645404898 -11.4006141994 5.36664350437
627 48658 -0.0847379844427 -26.1478554357 -11.3949424539 5.38003663282
628 48567 -0.0848588673755 -26.1311847014 -11.3948303194 5.37717622665
629 48579 -0.08497973582 -26.1145457651 -11.3953507823 5.3792719152
630 48555 -0.085100633951 -26.0979324736 -11.395120115 5.37150644168
631 48649 -0.0852214149316 -26.0813648953 -11.3935536757 5.37234111217
632 48665 -0.085342176595 -26.0648294835 -11.3914919725 5.35885188537
633 48846 -0.0854627146162 -26.0483540502 -11.3834332864 5.37946517553
634 48627 -0.0855835229925 -26.0318710157 -11.3885463666 5.35790475528
635 48847 -0.0857040589482 -26.0154543596 -11.3879630128 5.37199776538
636 48725 -0.0858247462598 -25.9990462452 -11.3852269373 5.36489238286
637 48783 -0.0859453610489 -25.9826770635 -11.3874631519 5.35299546716
638 48956 -0.0860657633622 -25.9663656305 -11.3777765661 5.36703245266
639 48820 -0.0861863327074 -25.9500604418 -11.3754933965 5.38066220392
640 48604 -0.0863071694458 -25.9337480068 -11.3878837377 5.3349520533
641 49143 -0.0864273423727 -25.9175538181 -11.375621829 5.36475357675
642 48902 -0.0865478104969 -25.901348437 -11.386201188 5.33228754027
643 49263 -0.0866678368155 -25.8852308803 -11.3772854708 5.35037036509
644 49125 -0.0867880313 -25.8691190692 -11.3779361338 5.34017281221
645 49221 -0.0869081082325 -25.8530512493 -11.3770014614 5.34953035664
646 49125 -0.0870283035125 -25.8369957825 -11.3765221921 5.33501768822
647 49290 -0.0871482971072 -25.8209953172 -11.3741581416 5.35084767144
648 49126 -0.0872684900764 -25.8049963022 -11.3782193668 5.33343518466
649 49311 -0.0873884577449 -25.7890551861 -11.3701520901 5.34672389326
650 49187 -0.0875085768743 -25.7731218089 -11.3777006576 5.33295811727
651 49335 -0.0876285158979 -25.7572400711 -11.3706400808 5.33600675217
652 49336 -0.0877484535798 -25.7413861686 -11.3627053081 5.34645669759
653 49197 -0.0878685598544 -25.7255376264 -11.365197589 5.33530038398
654 49306 -0.0879885333152 -25.7097341588 -11.3710621021 5.31898881255
655 49555 -0.088108205787 -25.6939977003 -11.3696082884 5.33819898199
656 49368 -0.0882281040734 -25.6782588833 -11.3697305083 5.32155253833
657 49538 -0.0883477968313 -25.6625742676 -11.3608399377 5.33419824531
658 49417 -0.0884676362067 -25.6468976192 -11.3643960906 5.31564090349
659 49631 -0.0885872167027 -25.6312818764 -11.3632955042 5.31943258108
660 49640 -0.088706785875 -25.6156945521 -11.3608222541 5.33066252763
661 49492 -0.0888265335468 -25.6001108893 -11.3538882165 5.33894448852
662 49341 -0.0889464652641 -25.5845302211 -11.3588739932 5.31668617297
663 49595 -0.0890660885619 -25.5690164158 -11.3614202202 5.3224441359
664 49590 -0.0891857186025 -25.5535284321 -11.3559741526 5.31666680456
665 49666 -0.08930525694 -25.5380789203 -11.3536260995 5.31685318509
666 49685 -0.0894247725813 -25.5226588573 -11.3566211226 5.29823952549
667 49941 -0.089543980896 -25.507304791 -11.3538170349 5.30419465271
668 49933 -0.0896631993635 -25.4919756661 -11.3517694572 5.30859128103
669 49871 -0.0897824915881 -25.476663267 -11.3540648113 5.30068885028
670 49961 -0.0899016768627 -25.4613907134 -11.3552787901 5.29111375244
671 50116 -0.0900206771643 -25.4461678429 -11.3474147782 5.32552124264
672 49694 -0.0901401819081 -25.4309065036 -11.3494999182 5.29873819079
673 49937 -0.0902593952454 -25.4157083346 -11.3474314044 5.28817046212
674 50149 -0.0903783560062 -25.4005681442 -11.3468377065 5.28946640766
675 50191 -0.0904972668923 -25.385459973 -11.352543987 5.28550125342
676 50257 -0.0906160996995 -25.3703872997 -11.3449367965 5.30162303911
677 50056 -0.0907351712015 -25.3553099339 -11.3429167767 5.30717326387
678 49925 -0.0908543993507 -25.3402383293 -11.3450379868 5.28205066326
679 50230 -0.0909732652014 -25.3252379569 -11.3407001453 5.29082702926
680 50196 -0.0910921711411 -25.3102578713 -11.3359618402 5.30285956876
681 50022 -0.0912112829001 -25.2952772099 -11.336505107 5.28255376584
682 50250 -0.0913301244105 -25.280355765 -11.3417649734 5.28479639831
683 50284 -0.0914489262168 -25.2654644298 -11.3392217638 5.27113833042
684 50481 -0.0915674959437 -25.2506271706 -11.333423414 5.2938223483
685 50225 -0.0916863672309 -25.235777171 -11.3229819264 5.30834378189
686 49956 -0.0918055580078 -25.2209123262 -11.3350012004 5.27533306186
687 50330 -0.0919243048733 -25.2061277433 -11.3359884436 5.27376937957
688 50457 -0.092042901887 -25.1913865636 -11.3351532832 5.26627603404
689 50597 -0.0921613357769 -25.1766902788 -11.3277822349 5.27373876687
690 50533 -0.0922798442086 -25.1620093102 -11.3335268941 5.26185938871
691 50679 -0.0923981816491 -25.1473739854 -11.3293924381 5.27751491072
692 50504 -0.0925167242128 -25.1327377398 -11.3306976519 5.27050306782
693 50551 -0.0926352109389 -25.1181327811 -11.3309035389 5.2737276968
694 50520 -0.092753734318 -25.1035476437 -11.3318112679 5.24762673004
695 50873 -0.092871845954 -25.0890373321 -11.326390009 5.28160462934
696 50502 -0.0929903912189 -25.0744979385 -11.3209712886 5.27991754619
697 50421 -0.0931090307986 -25.0599711827 -11.3217925283 5.2679277187
698 50564 -0.0932275032752 -25.0454889933 -11.3215601552 5.26984369116
699 50577 -0.0933459595885 -25.0310328054 -11.324018925 5.25268695909
700 50819 -0.0934641342706 -25.0166348683 -11.3195704447 5.25312849279
701 50881 -0.0935822368048 -25.002269495 -11.3226456231 5.23902917397
702 51095 -0.0937000911874 -24.9879579404 -11.3161902584 5.2532515715
703 50957 -0.0938181059745 -24.973650509 -11.3103754269 5.26808350831
704 50712 -0.093936405312 -24.959332227 -11.3146642117 5.24534290051
705 50959 -0.0940544169704 -24.9450722968 -11.31486087 5.25450933781
706 50901 -0.0941724962176 -24.9308276675 -11.3112909135 5.24952723072
707 50954 -0.0942905137966 -24.9166138782 -11.3155737479 5.26242094085
708 50789 -0.0944087225684 -24.9024004576 -11.3147748534 5.22714676605
709 51236 -0.0945264148799 -24.8882723421 -11.3084754074 5.25314482741
710 50997 -0.0946443823776 -24.8741343737 -11.3082386085 5.26903222692
711 50710 -0.0947626840545 -24.859979607 -11.3079741506 5.22148883064
712 51293 -0.0948803107429 -24.8459286336 -11.3098561444 5.24042376033
713 51192 -0.0949980542258 -24.8318866536 -11.3016446829 5.2511597783
714 51013 -0.0951160038315 -24.8178430538 -11.3086752333 5.22224337193
715 51369 -0.0952335439247 -24.8038710213 -11.3058482464 5.24042224594
716 51213 -0.0953512629427 -24.7899004874 -11.2973212081 5.24985518659
717 51037 -0.0954691846797 -24.7759286852 -11.3036671605 5.22416740598
718 51349 -0.0955867480893 -24.762021991 -11.2951816911 5.26524980395
719 50860 -0.0957048748961 -24.7480713789 -11.3062432199 5.2086032933
720 51519 -0.095822244259 -24.7342327294 -11.2954523533 5.23449024823
721 51338 -0.0959398193014 -24.7203922722 -11.2977521849 5.22134141187
722 51474 -0.0960572398211 -24.706592371 -11.2964693099 5.22755641085
723 51424 -0.0961747171726 -24.692808106 -11.2963117164 5.20400009713
724 51745 -0.0962918297365 -24.6790888087 -11.2989824586 5.22682210142
725 51510 -0.0964092087718 -24.6653604497 -11.2931015957 5.21688123419
726 51585 -0.0965265020256 -24.6516642272 -11.2900778372 5.22169791431
727 51538 -0.0966438491787 -24.6379837701 -11.2921236056 5.22892579747
728 51422 -0.0967613281911 -24.624309991 -11.2893355447 5.21957194952
729 51522 -0.0968786931311 -24.6106714682 -11.2902588628 5.20463444639
730 51763 -0.096995784565 -24.5970865693 -11.2883699188 5.21625504154
731 51665 -0.0971129870554 -24.5835105815 -11.2907857886 5.21690695593
732 51629 -0.0972302312506 -24.56995153 -11.2889667381 5.20061045189
733 51851 -0.0973472234673 -24.55644327 -11.2850748089 5.19976415396
734 51926 -0.0974641314556 -24.5429662893 -11.2830127546 5.20047217165
735 51937 -0.0975810271585 -24.5295122181 -11.2851377269 5.21514739925
