gpomdp_grad 0.05 1.61660056386e-05 -0.588403348999

1 10000 0 -56.6666666667 -12.1562168825 3.3868325219
2 55077 -0.000160533135288 -56.5178142547 -12.1355050747 6.75478960535
3 59639 -0.000314804979424 -56.3755983148 -12.1397333486 6.79539941567
4 60500 -0.000467975099086 -56.2351966346 -12.1407189944 6.79124504063
5 60798 -0.00062076873331 -56.0959262255 -12.1473363446 6.78315475081
6 60987 -0.000773326053129 -55.9576480511 -12.1402059689 6.78421849271
7 61026 -0.000925834042578 -55.8201839919 -12.1352166701 6.809419314
8 60712 -0.00107873573937 -55.6831309114 -12.1355616574 6.77981905025
9 61006 -0.00123126950849 -55.5471653691 -12.1335875369 6.77587549219
10 61140 -0.00138363595417 -55.4120983302 -12.1312238168 6.78144536403
11 61105 -0.00153604548424 -55.2777362009 -12.1385060934 6.78898409317
12 60998 -0.00168858913575 -55.1439939203 -12.1309630499 6.77328562784
13 61171 -0.00184091652204 -55.0111720695 -12.1283877354 6.77490920926
14 61199 -0.00199320954712 -54.8791042841 -12.127733157 6.76548618095
15 61329 -0.00214534045425 -54.7478940831 -12.1271676789 6.7586661449
16 61455 -0.00229731576507 -54.6175278062 -12.12911148 6.76854976248
17 61361 -0.00244940704351 -54.4877664959 -12.1312001405 6.76919408011
18 61326 -0.0026015414096 -54.3586677646 -12.123599284 6.74256906538
19 61665 -0.00275325753971 -54.2306149133 -12.1289632376 6.7590278921
20 61544 -0.00290512216781 -54.1031222351 -12.1243894239 6.751318107
21 61612 -0.00305690401445 -53.9763788779 -12.1167846113 6.76180433735
22 61493 -0.00320883184457 -53.8501888288 -12.1276270453 6.73557268148
23 61804 -0.00336037682892 -53.7249844189 -12.1178226832 6.7453131617
24 61764 -0.00351197181507 -53.6004005671 -12.1194941353 6.74080797568
25 61812 -0.00366350774645 -53.4765216313 -12.1201089548 6.75603976706
26 61625 -0.00381527338534 -53.3531074944 -12.1111366308 6.73004729359
27 61915 -0.00396668333563 -53.2306282857 -12.1177635087 6.73909459363
28 61877 -0.00411813963367 -53.1087517713 -12.1089166192 6.74022072471
29 61851 -0.00426962718852 -52.9874856014 -12.1096921929 6.71490727586
30 62179 -0.00442071446312 -52.8671679908 -12.1036562043 6.72564738957
31 62129 -0.00457186302859 -52.7474244023 -12.1049247481 6.72824900765
32 62080 -0.00472307071842 -52.6282524917 -12.1028566008 6.71848396195
33 62196 -0.00487413729171 -52.5098048229 -12.0978556374 6.7377715938
34 61973 -0.00502547605919 -52.3917534135 -12.103088104 6.7259942883
35 62067 -0.00517670067962 -52.2743959184 -12.1068956525 6.7083917602
36 62327 -0.00532760854826 -52.1578823861 -12.1018728623 6.70637761491
37 62428 -0.00547839520179 -52.0420547065 -12.0977077021 6.70175485604
38 62518 -0.0056290728344 -51.9268976777 -12.1021097176 6.72341560149
39 62254 -0.00578007014987 -51.8120804425 -12.0990469586 6.7056577234
40 62417 -0.00593087000098 -51.6979925462 -12.0939774506 6.70393764757
41 62486 -0.00608158665105 -51.5845415779 -12.0967461228 6.69948699482
42 62565 -0.00623220796806 -51.4717313541 -12.0934647462 6.69364817353
43 62665 -0.00638270816941 -51.3595757151 -12.0905778256 6.69030262749
44 62739 -0.00653312052974 -51.2480444961 -12.089026857 6.68703037711
45 62804 -0.00668345506271 -51.1371252038 -12.0910479393 6.69338384488
46 62736 -0.0068338704459 -51.0266966742 -12.089594578 6.67722221984
47 62935 -0.00698404742989 -50.9169883675 -12.0833532456 6.69837378685
48 62706 -0.0071344995272 -50.8076213256 -12.0859182691 6.68100527855
49 62876 -0.00728474776955 -50.6989401282 -12.0826095217 6.67712818049
50 62976 -0.00743487618903 -50.590878323 -12.0866309349 6.67771133511
51 62996 -0.00758498052883 -50.4833623408 -12.0799830817 6.6711731585
52 63091 -0.00773497248061 -50.3764508709 -12.0818187319 6.67484446107
53 63068 -0.00788499204003 -50.2700398781 -12.0818863168 6.66758748503
54 63160 -0.00803490196162 -50.1642225233 -12.0765319811 6.67304766992
55 63111 -0.00818486946382 -50.058876776 -12.0811578901 6.67244584855
56 63106 -0.00833484357372 -49.9540350797 -12.0795292752 6.66825963414
57 63161 -0.00848475167735 -49.8497442401 -12.0730710001 6.66516006626
58 63219 -0.0086345913353 -49.7460016608 -12.0740950284 6.65520508256
59 63372 -0.00878425074856 -49.6428799303 -12.0711907713 6.65466859772
60 63422 -0.00893385067157 -49.5402911223 -12.0705992936 6.66189671215
61 63337 -0.00908355087721 -49.4381223749 -12.0636724826 6.65765014535
62 63371 -0.00923321060859 -49.3364665811 -12.0638625862 6.65339636925
63 63439 -0.0093827902963 -49.2353466035 -12.0696356118 6.64591631196
64 63561 -0.00953222653434 -49.1348008389 -12.0653690556 6.64505155052
65 63607 -0.00968160846715 -49.0347650093 -12.0607374046 6.64816673561
66 63577 -0.00983102558551 -48.9351757755 -12.0635050701 6.63782414239
67 63711 -0.00998028540003 -48.8361575764 -12.0569667536 6.63054216344
68 63850 -0.0101293833523 -48.7377086988 -12.0542526841 6.63573632256
69 63817 -0.0102785196316 -48.6396931741 -12.0597359496 6.63646460667
70 63798 -0.0104276785067 -48.5421184411 -12.0550268147 6.64242106928
71 63710 -0.0105769399088 -48.4449296286 -12.056682939 6.63368538847
72 63806 -0.0107260890034 -48.3482634529 -12.0599732445 6.62058113145
73 64015 -0.0108749947154 -48.2522001733 -12.0567898453 6.62279101214
74 64043 -0.0110238677346 -48.1565995792 -12.0518392001 6.62194514528
75 64062 -0.0111727179389 -48.0614520597 -12.0463777304 6.63250804098
76 63921 -0.011321732704 -47.9666354696 -12.0521422968 6.60546912638
77 64258 -0.0114703564276 -47.8724993798 -12.0482171939 6.62057919369
78 64142 -0.0116191145627 -47.778706926 -12.0501844257 6.61312460813
79 64213 -0.0117677899038 -47.6853923778 -12.0541614818 6.60884921306
80 64293 -0.0119163730313 -47.5925580233 -12.0453794358 6.61425764607
81 64240 -0.0120650176122 -47.5001048741 -12.0452508312 6.60415752511
82 64366 -0.0122135161204 -47.4081588311 -12.038093351 6.59526100863
83 64527 -0.0123618299375 -47.3167396327 -12.0480689201 6.59701947916
84 64547 -0.0125101201337 -47.2257443743 -12.0460376162 6.60213966482
85 64481 -0.0126584866508 -47.1351092164 -12.0404968587 6.59668066056
86 64539 -0.0128067862207 -47.0449190134 -12.0334304656 6.61071886836
87 64358 -0.0129552940097 -46.9550043098 -12.0416143067 6.57980681516
88 64742 -0.0131033605857 -46.8657547096 -12.0299822076 6.58998398496
89 64707 -0.0132514678434 -46.776875504 -12.0315168332 6.59058446268
90 64688 -0.0133995960504 -46.6883761809 -12.025810497 6.57883252997
91 64849 -0.0135475403823 -46.6003758935 -12.0270584925 6.58777893777
92 64768 -0.0136955776812 -46.5127070618 -12.0302575422 6.58877607612
93 64731 -0.0138436570665 -46.4253978176 -12.0308487126 6.57890631694
94 64860 -0.0139915887748 -46.3385571325 -12.0226492557 6.579090277
95 64894 -0.0141394820901 -46.2521176545 -12.0323704549 6.56954483727
96 65039 -0.0142872102114 -46.1661502622 -12.0224631809 6.57897908243
97 64946 -0.0144350445326 -46.0804943676 -12.0219425757 6.57729327661
98 64944 -0.0145828812881 -45.9952080938 -12.0185159077 6.56645325431
99 65097 -0.014730543443 -45.9103905382 -12.0232115211 6.56874204472
100 65108 -0.0148781937898 -45.8259451333 -12.0228500705 6.56607824559
101 65149 -0.0150257975711 -45.7418892016 -12.0161618179 6.56965897154
102 65109 -0.0151734461916 -45.6581683643 -12.0177824436 6.55325311032
103 65333 -0.0153208423234 -45.5749481604 -12.0145422144 6.55422945314
104 65382 -0.0154681831096 -45.4921138933 -12.0179987838 6.5566019135
105 65361 -0.0156155467382 -45.4096192396 -12.0110459825 6.55022775984
106 65447 -0.0157628139676 -45.32752846 -12.0149203777 6.55044128704
107 65468 -0.0159100574549 -45.2457984182 -12.0184580339 6.54688248222
108 65525 -0.0160572367783 -45.1644490539 -12.0128598944 6.55326721189
109 65449 -0.0162045013315 -45.083395699 -12.0021761874 6.54692094495
110 65519 -0.0163516872772 -45.002726402 -12.0052549771 6.54763594804
111 65529 -0.0164988626875 -44.9224014136 -12.00311857 6.53580304685
112 65702 -0.0166458436537 -44.8425182929 -12.0148525339 6.53314898918
113 65789 -0.0167927272745 -44.763021183 -12.0094085051 6.53771779038
114 65748 -0.0169396574585 -44.6838299571 -11.9990602868 6.53629775685
115 65757 -0.0170865775432 -44.6049732285 -12.0012980999 6.53234807204
116 65816 -0.0172334309539 -44.5264790733 -11.9976714536 6.52706685527
117 65910 -0.0173801804947 -44.448364793 -11.9991084349 6.52706821222
118 65936 -0.0175269006439 -44.3705883087 -11.9966566648 6.52711715838
119 65943 -0.0176736134599 -44.2931358314 -11.9956102846 6.52670395574
120 65951 -0.0178203174095 -44.2160061587 -11.9974556851 6.52034494965
121 66045 -0.0179669160608 -44.1392476786 -11.9913031065 6.52064655105
122 66067 -0.0181134902646 -44.0628157163 -11.9891815863 6.51320012472
123 66182 -0.0182599372356 -43.9867614799 -11.9993103487 6.52181186982
124 66089 -0.0184064876529 -43.9109632064 -12.0007878168 6.50081972737
125 66370 -0.0185527276319 -43.8356324412 -11.9863390041 6.5298975757
126 66024 -0.0186993504848 -43.7604104176 -11.9881337092 6.50229506231
127 66330 -0.0188456345638 -43.6856656633 -11.9802245171 6.50255534548
128 66412 -0.0189918277809 -43.6112683509 -11.9850628304 6.50888845473
129 66342 -0.0191380980145 -43.5371312009 -11.9805878588 6.50070124315
130 66443 -0.0192842575433 -43.4633474692 -11.9879828236 6.49768561914
131 66516 -0.019430337095 -43.3898992917 -11.9786468007 6.51282175582
132 66314 -0.0195766388123 -43.3166334231 -11.9827959607 6.49289465483
133 66550 -0.0197226808092 -43.2437893296 -11.9759694121 6.48972083543
134 66663 -0.0198685985982 -43.171296545 -11.9826326634 6.4999237744
135 66544 -0.0200146465597 -43.0990269983 -11.9806462089 6.49586138909
136 66571 -0.0201606654656 -43.0270580818 -11.9713486987 6.48810020963
137 66693 -0.0203065505875 -42.9554392527 -11.9744810812 6.48763534876
138 66734 -0.0204523906786 -42.8841247509 -11.9812294889 6.48116586908
139 66842 -0.0205981135992 -42.813147731 -11.9754958152 6.48026193116
140 66885 -0.0207437888123 -42.7424722493 -11.974881101 6.47655789547
141 66952 -0.0208893909917 -42.6721086271 -11.9657871035 6.47270991465
142 67029 -0.0210349104938 -42.6020594765 -11.9703031292 6.47400501425
143 67031 -0.0211804274442 -42.5322843945 -11.9626279848 6.47665548101
144 66992 -0.0213259866325 -42.4627604365 -11.9637138257 6.46704691699
145 67124 -0.0214714023798 -42.393574441 -11.9558138437 6.47198498007
146 67088 -0.021616857751 -42.3246374681 -11.9590541657 6.46051875335
147 67249 -0.0217621387123 -42.2560490471 -11.9576267807 6.45492124232
148 67378 -0.0219072802675 -42.1877902702 -11.9601396824 6.46928965715
149 67199 -0.0220526150348 -42.1197033448 -11.962429989 6.4587038873
150 67307 -0.022197832913 -42.0519322562 -11.9589878454 6.46466007656
151 67248 -0.022343114327 -41.98439117 -11.9575590827 6.45514033489
152 67375 -0.0224882597272 -41.9171711875 -11.9604187642 6.44114888666
153 67621 -0.022633140478 -41.8503293576 -11.9495729806 6.44646102745
154 67610 -0.0227780329091 -41.7837360799 -11.9475672655 6.45163191351
155 67529 -0.0229230122418 -41.7173556071 -11.9536594257 6.4560607954
156 67440 -0.0230680875633 -41.6511828307 -11.9478174154 6.44820935887
157 67533 -0.0232130628097 -41.5853057555 -11.9492369975 6.44195503673
158 67653 -0.0233579088919 -41.5197356054 -11.954814101 6.44252762065
159 67678 -0.0235027281137 -41.4544242787 -11.9440477982 6.42799450115
160 67906 -0.0236473048808 -41.3894669438 -11.9435915046 6.4499386932
161 67637 -0.0237921680779 -41.3246247215 -11.9426172526 6.43952330085
162 67719 -0.0239369435419 -41.2600642363 -11.9370058964 6.42379591622
163 67981 -0.0240814401236 -41.1958684661 -11.9398572327 6.42592597854
164 68022 -0.0242258927324 -41.1319309134 -11.9416284567 6.42682592616
165 68020 -0.0243703476609 -41.0682296671 -11.9378357874 6.40812960984
166 68305 -0.0245145009409 -41.0048967298 -11.9324938138 6.43194369005
167 68021 -0.0246589544947 -40.9416663509 -11.9272324071 6.41658880321
168 68176 -0.0248032442279 -40.8787407212 -11.9352321226 6.42338312457
169 68116 -0.0249475976658 -40.8160190964 -11.928285708 6.4160030217
170 68212 -0.025091849636 -40.7535718872 -11.9301858507 6.40405895128
171 68422 -0.0252358799871 -40.691449082 -11.9352086251 6.403439227
172 68490 -0.0253798381174 -40.6295843034 -11.9382276415 6.39576071392
173 68628 -0.0255236520364 -40.5680067494 -11.9299290565 6.4083163469
174 68473 -0.0256676282703 -40.5065839954 -11.9256042874 6.413676006
175 68347 -0.0258117368253 -40.4453283116 -11.9198800878 6.38505083576
176 68753 -0.025955419871 -40.384474931 -11.9218649602 6.40309774641
177 68588 -0.0260992750174 -40.323768973 -11.9209676494 6.39873370379
178 68610 -0.0262431081109 -40.2632915309 -11.9208795619 6.39629863118
179 68653 -0.0263868953629 -40.2030512779 -11.9214665084 6.39085791473
180 68749 -0.0265305820109 -40.1430696599 -11.9202986388 6.38351123054
181 68890 -0.0266741216951 -40.0833643178 -11.9169730814 6.38408877216
182 68921 -0.0268176294081 -40.0238858759 -11.9187552283 6.37810241742
183 69023 -0.0269610312808 -39.9646635099 -11.9123167841 6.39178080094
184 68839 -0.0271046244951 -39.9055735522 -11.9187696139 6.37296579982
185 69080 -0.0272479673205 -39.8467965328 -11.9108133647 6.37709056136
186 69083 -0.0273913064375 -39.7882296366 -11.9145537285 6.37390619556
187 69134 -0.0275345932022 -39.729891519 -11.9115981299 6.36904118283
188 69224 -0.0276777864715 -39.6717975257 -11.9052442529 6.37154212809
189 69210 -0.0278209940097 -39.6139026854 -11.9078676061 6.37073966421
190 69219 -0.0279641926415 -39.556215306 -11.8998035795 6.36723803358
191 69276 -0.0281073320518 -39.4987544473 -11.9002033089 6.36406078766
192 69342 -0.0282504035543 -39.4415222708 -11.9024149777 6.36027925301
193 69420 -0.0283933947935 -39.3845223595 -11.9008578396 6.36301112232
194 69399 -0.0285364076218 -39.3277129505 -11.8982835979 6.35689877185
195 69489 -0.0286793277118 -39.2711382793 -11.9041050412 6.34084662225
196 69767 -0.0288219622908 -39.2148728506 -11.8927622978 6.35149810125
197 69677 -0.0289646890322 -39.158766272 -11.8949702432 6.34072572339
198 69822 -0.0291072674837 -39.1029119492 -11.8971077555 6.34998344497
199 69717 -0.0292499539626 -39.0472083926 -11.8908693591 6.3472949027
200 69730 -0.0293926271136 -38.9917021811 -11.8906652828 6.33698008313
201 69897 -0.0295351297804 -38.9364531033 -11.8874397456 6.33908127631
202 69910 -0.0296776185314 -38.8813991136 -11.893907934 6.33427458908
203 69990 -0.0298200258572 -38.8265651405 -11.8875879082 6.31741056866
204 70282 -0.029962137688 -38.7720319094 -11.8878972527 6.32930360333
205 70174 -0.0301043586335 -38.7176428424 -11.885427507 6.33215920179
206 70098 -0.0302466564355 -38.6634096992 -11.8844973669 6.31847117297
207 70295 -0.030388754598 -38.6094366855 -11.8774442698 6.32445983359
208 70255 -0.0305308935494 -38.5556312441 -11.8817229392 6.31964191249
209 70321 -0.0306729659705 -38.5020330301 -11.8807757604 6.31148082989
210 70470 -0.0308148877268 -38.4486724553 -11.8779609738 6.31204587901
211 70503 -0.0309567764237 -38.3955040465 -11.8774246138 6.30845459899
212 70570 -0.0310985977372 -38.3425395779 -11.8783632826 6.30436814978
213 70654 -0.0312403340729 -38.2897844428 -11.8761487357 6.30053803688
214 70740 -0.0313819848132 -38.2372376685 -11.876513383 6.31027101394
215 70607 -0.0315237686989 -38.1848173227 -11.869544795 6.30235096392
216 70697 -0.0316654619901 -38.1326053349 -11.8721022157 6.30857467562
217 70622 -0.0318072305462 -38.0805396941 -11.8712614429 6.29409710107
218 70835 -0.0319487861774 -38.0287251291 -11.8706515316 6.30487819372
219 70721 -0.0320904562038 -37.9770407955 -11.8711185523 6.29458240708
220 70855 -0.0322319918097 -37.9255765847 -11.8661911111 6.2950661334
221 70885 -0.0323734976045 -37.8742933224 -11.8679015272 6.28085732747
222 71124 -0.0325147652895 -37.8232651846 -11.8640511376 6.28544614536
223 71117 -0.032656040346 -37.7724022616 -11.8626709976 6.28188741855
224 71173 -0.0327972598241 -37.7217263134 -11.860293251 6.28282250477
225 71173 -0.0329384788107 -37.6712166605 -11.8618604527 6.26878229378
226 71402 -0.0330794708232 -37.6209531029 -11.8582387609 6.28076785534
227 71271 -0.0332205929593 -37.5708073659 -11.8570462577 6.26476234153
228 71496 -0.0333614927152 -37.5209037534 -11.8594064467 6.27713050663
229 71357 -0.0335025300175 -37.4711138518 -11.8528707042 6.27188654086
230 71403 -0.0336435210588 -37.4215019253 -11.8555309259 6.27202795586
231 71414 -0.0337845016284 -37.3720545052 -11.8548459102 6.28211455443
232 71252 -0.0339256422091 -37.3227112783 -11.8547116343 6.26101800833
233 71552 -0.0340664867167 -37.2736306948 -11.8531446824 6.25909226341
234 71668 -0.0342072169285 -37.2247479552 -11.8528891356 6.2584970541
235 71711 -0.0343479055012 -37.1760368062 -11.8491878255 6.25337350536
236 71807 -0.0344884993982 -37.1275146352 -11.8440513096 6.25479721402
237 71811 -0.0346290898966 -37.0791490348 -11.8497882637 6.2605000246
238 71718 -0.0347697714873 -37.0309069058 -11.8424764331 6.23880607398
239 72051 -0.0349101279592 -36.9829298573 -11.8452263541 6.24979107192
240 71962 -0.0350505706301 -36.9350761738 -11.8431859435 6.24464851741
241 72022 -0.0351909545284 -36.8873945764 -11.8408053917 6.23656202295
242 72174 -0.0353311912716 -36.8399140357 -11.8458587831 6.24199183006
243 72126 -0.0354714742653 -36.7925681967 -11.8372551554 6.23476881243
244 72233 -0.0356116535915 -36.7454068607 -11.8428261863 6.24842404365
245 72036 -0.0357520244844 -36.6983301398 -11.8358070276 6.22614859752
246 72351 -0.0358920890537 -36.6515041362 -11.8373297838 6.23379969752
247 72312 -0.0360321914202 -36.604812689 -11.836931281 6.23040420539
248 72358 -0.0361722494989 -36.5582824595 -11.8329888459 6.21296250218
249 72663 -0.036312013109 -36.5119953545 -11.8319743388 6.22594329045
250 72531 -0.0364519039476 -36.4658107815 -11.8343480528 6.22983343436
251 72429 -0.0365918933667 -36.4197378789 -11.8348465641 6.22303402862
252 72514 -0.0367318005139 -36.3738355275 -11.8300157209 6.20985008493
253 72759 -0.036871471486 -36.3281530726 -11.8314215815 6.22671788111
254 72545 -0.0370113489495 -36.2825450288 -11.8267492745 6.21531206143
255 72676 -0.0371510998259 -36.2371194687 -11.8284928872 6.21062214817
256 72792 -0.0372907394729 -36.1918703936 -11.8242207978 6.20379946627
257 72940 -0.0374302375469 -36.1468066144 -11.8288676891 6.21421358979
258 72806 -0.0375698641783 -36.1018402109 -11.8249784358 6.20270032785
259 72962 -0.0377093407139 -36.0570602583 -11.8229652499 6.20616620758
260 72948 -0.0378488313457 -36.0124132112 -11.8200061153 6.18144425204
261 73364 -0.0379879260801 -35.9680291124 -11.8213726351 6.20536929279
262 73074 -0.0381272963878 -35.9236929057 -11.8212703186 6.2035412375
263 73024 -0.0382667145615 -35.8794768867 -11.8209005121 6.20060910422
264 73059 -0.0384060987288 -35.8354064295 -11.81499449 6.18167919364
265 73391 -0.0385451674975 -35.7915693927 -11.8215645407 6.19237565621
266 73302 -0.0386843205655 -35.7478388497 -11.8149091714 6.18407944735
267 73419 -0.0388233632143 -35.7042753588 -11.8143526311 6.18741856109
268 73394 -0.0389624286994 -35.6608364517 -11.8125690227 6.18327876567
269 73458 -0.039101433909 -35.6175474473 -11.8142885364 6.1830868845
270 73479 -0.0392404190035 -35.5743951399 -11.8106096024 6.1718560431
271 73678 -0.0393792169625 -35.5314305147 -11.8049680441 6.18639125095
272 73485 -0.0395181971617 -35.4885386479 -11.8040227051 6.15502964584
273 73969 -0.0396567215119 -35.4459155137 -11.8083914386 6.17718385277
274 73724 -0.0397954761313 -35.4033491171 -11.804628726 6.15488547535
275 74039 -0.0399339348482 -35.3610002209 -11.8046790581 6.16622121862
276 73932 -0.040072493855 -35.3187468185 -11.8044902385 6.17349348328
277 73777 -0.0402111985471 -35.2765748455 -11.799166887 6.14829901533
278 74168 -0.0403495367911 -35.23463916 -11.8026774182 6.17611126574
279 73798 -0.0404882218575 -35.1927229655 -11.7965344479 6.14735680702
280 74190 -0.0406265393282 -35.1510416151 -11.8021820785 6.1576680753
281 74122 -0.0407649204825 -35.1094641959 -11.7970715217 6.15085462224
282 74221 -0.0409032093006 -35.0680370095 -11.7967977806 6.14802309064
283 74298 -0.0410414264227 -35.0267531215 -11.7962544734 6.15230040139
284 74245 -0.0411796925665 -34.9855759149 -11.7947252349 6.14631841037
285 74335 -0.0413178758545 -34.9445440929 -11.7946949061 6.14913625071
286 74311 -0.0414560811872 -34.9036259037 -11.7945958882 6.1375920427
287 74505 -0.0415941061609 -34.8628805467 -11.7945592643 6.13432437805
288 74617 -0.0417320277558 -34.8222844142 -11.7896065785 6.13545510571
289 74629 -0.0418699385342 -34.7818096023 -11.7865294591 6.12421957218
290 74829 -0.0420076645655 -34.7415063991 -11.7894928676 6.13949002475
291 74617 -0.0421455856772 -34.7012631626 -11.7874829627 6.13446374253
292 74646 -0.0422834804292 -34.6611442182 -11.7857542246 6.12830548069
293 74762 -0.0424212681037 -34.6211723821 -11.7847981664 6.12271500712
294 74893 -0.0425589353542 -34.5813507442 -11.7862855906 6.12408740456
295 74906 -0.0426965909407 -34.5416471872 -11.78450699 6.11757896158
296 75024 -0.0428341379573 -34.5020890234 -11.7828108354 6.12714219417
297 74889 -0.0429718091662 -34.4626088452 -11.7802746556 6.12035172713
298 74970 -0.043109405394 -34.4232633482 -11.7798967042 6.10959870132
299 75183 -0.0432468069009 -34.3840859611 -11.782616942 6.11538208034
300 75140 -0.0433842471367 -34.3450094533 -11.7746219058 6.1074715797
301 75268 -0.0435215705285 -34.3060774898 -11.7736430635 6.10541297982
302 75341 -0.0436588278141 -34.2672749951 -11.7748146883 6.10945512039
303 75290 -0.0437961317609 -34.2285696008 -11.7718819705 6.09957406663
304 75451 -0.043933289021 -34.1900152281 -11.7714449394 6.09774173856
305 75529 -0.0440703755063 -34.1515898189 -11.769193913 6.0943720888
306 75611 -0.0442073876276 -34.1132937503 -11.7695191069 6.09946214591
307 75543 -0.0443444611577 -34.0750886045 -11.7740515095 6.10546552415
308 75417 -0.0444816490488 -34.036959379 -11.7680437054 6.0878274009
309 75696 -0.0446185839387 -33.9990075655 -11.7663111923 6.09888234093
310 75577 -0.0447556264906 -33.9611325895 -11.76842039 6.0812853727
311 75858 -0.0448924148271 -33.9234338522 -11.7670207068 6.09288171679
312 75730 -0.0450293192968 -33.8858086863 -11.7587005965 6.08066997541
313 75913 -0.0451660587957 -33.8483338549 -11.7599332235 6.10047063881
314 75610 -0.0453030720323 -33.8108888163 -11.7593306894 6.07093061955
315 76054 -0.045439684576 -33.773657313 -11.7597073316 6.07295277756
316 76143 -0.0455762173529 -33.7365509067 -11.7605883281 6.06793062005
317 76258 -0.0457126465179 -33.6995754465 -11.7567193652 6.06910239351
318 76269 -0.0458490657096 -33.6627050053 -11.7509240229 6.06975380865
319 76261 -0.0459854926696 -33.6259343674 -11.7559231487 6.06586731102
320 76329 -0.0461218588095 -33.5892815441 -11.7586987821 6.07432314511
321 76195 -0.04625834458 -33.5526976853 -11.7545227435 6.06236435047
322 76374 -0.0463946706774 -33.5162572005 -11.7531243128 6.05464109386
323 76564 -0.0465308269862 -33.4799620219 -11.7497393567 6.05549692834
324 76602 -0.0466669496072 -33.4437752404 -11.7465290204 6.05472070172
325 76627 -0.0468030501963 -33.4076932947 -11.7439676485 6.05202747312
326 76683 -0.0469391010114 -33.3717230616 -11.7469384338 6.05230545543
327 76694 -0.0470751423644 -33.3358534217 -11.747048455 6.04829168014
328 76770 -0.0472111160913 -33.3000992332 -11.7432986951 6.04695438422
329 76816 -0.0473470492877 -33.2644528626 -11.7435311525 6.0459070247
330 76848 -0.0474829541197 -33.2289106561 -11.7470142703 6.05204399791
331 76745 -0.0476189502147 -33.1934410078 -11.7411604194 6.04003571904
332 76935 -0.0477547777818 -33.1581112072 -11.7436922571 6.03840892365
333 77019 -0.0478905318707 -33.1228958928 -11.7322841709 6.03724481074
334 77064 -0.0480262463379 -33.0877857828 -11.7409051323 6.0298118429
335 77213 -0.0481618295134 -33.0528040365 -11.7394479688 6.01323065011
336 77561 -0.0482971078532 -33.0179946019 -11.7402021632 6.02508007884
337 77440 -0.0484324922524 -32.9832511712 -11.7333883698 6.02684988263
338 77373 -0.0485679349248 -32.9485858085 -11.7329282653 6.02253522911
339 77434 -0.0487033243012 -32.9140267069 -11.7273325973 6.02585365938
340 77390 -0.0488387523413 -32.8795500125 -11.7303912847 6.02216501335
341 77446 -0.0489741315557 -32.8451776245 -11.7303296255 6.02508285316
342 77408 -0.0491095441898 -32.8108882839 -11.7259837669 6.0116934411
343 77645 -0.0492447496994 -32.7767423668 -11.7241112124 6.00584119977
344 77821 -0.0493798025313 -32.7427254045 -11.7204640668 6.00904111757
345 77810 -0.049514864141 -32.708796232 -11.7245910988 6.01274303205
346 77738 -0.0496499882761 -32.674941067 -11.7242950615 6.00670375006
347 77831 -0.0497850323376 -32.6411952704 -11.7224941008 5.99499834341
348 78075 -0.0499198644956 -32.607591149 -11.7233423986 6.00560769493
349 77946 -0.050054808869 -32.5740474796 -11.7146797712 6.0008017771
350 77999 -0.0501897068641 -32.5406034064 -11.7203274098 5.99743529045
351 78077 -0.0503245375616 -32.5072636637 -11.7149233247 5.99710529806
352 78105 -0.0504593440004 -32.4740171812 -11.7128479266 5.99189050608
353 78211 -0.0505940593504 -32.4408799926 -11.7131726204 6.00584562683
354 77979 -0.0507289746408 -32.4077802805 -11.7120318564 5.98971001793
355 78216 -0.0508636853085 -32.3748169616 -11.7149336172 5.97929415338
356 78479 -0.0509981701586 -32.3419944794 -11.7132688782 5.97620805152
357 78612 -0.0511325416882 -32.3092847269 -11.7093599476 5.97819533916
358 78611 -0.0512669133885 -32.2766596447 -11.7063957131 5.98287301687
359 78523 -0.0514013609481 -32.2441006038 -11.7069548871 5.97811771775
360 78588 -0.0515357527686 -32.2116391703 -11.7087024922 5.97805386328
361 78607 -0.0516701279422 -32.1792655134 -11.7076812316 5.97839585425
362 78606 -0.0518045040839 -32.1469750561 -11.7030200051 5.97787363599
363 78616 -0.0519388720234 -32.1147696784 -11.7018964375 5.97064443358
364 78756 -0.0520731206959 -32.0826755673 -11.702541982 5.9579349538
365 79037 -0.0522071303592 -32.0507207064 -11.6963338838 5.97434591276
366 78803 -0.0523413382564 -32.0188004858 -11.7001099346 5.9631446732
367 78951 -0.0524754208977 -31.9869916032 -11.6987914736 5.95779291441
368 79094 -0.0526093816865 -31.9552927191 -11.6978146875 5.95388224356
369 79209 -0.0527432452075 -31.923697513 -11.6917345292 5.96117153809
370 79102 -0.052877199253 -31.8921613519 -11.6935369644 5.95655788644
371 79161 -0.0530111041264 -31.8607168599 -11.6890941666 5.96106278008
372 79091 -0.0531450678073 -31.8293383893 -11.6913425564 5.9385297216
373 79503 -0.0532786838526 -31.7981205864 -11.6889392645 5.95536032025
374 79296 -0.0534124743941 -31.7669410116 -11.6884523103 5.94559551821
375 79425 -0.0535461560133 -31.7358654791 -11.6852332372 5.96464139429
376 79097 -0.0536801150096 -31.7048040451 -11.6869571267 5.94100736953
377 79457 -0.053813769682 -31.6738912753 -11.6859034832 5.94302725423
378 79520 -0.0539473717051 -31.6430683582 -11.6815359834 5.94704978464
379 79460 -0.0540810238881 -31.6123112853 -11.6809386969 5.93679738953
380 79641 -0.0542145244907 -31.5816661085 -11.6826853852 5.93187328624
381 79787 -0.054347902823 -31.5511255793 -11.6780466359 5.94163739962
382 79639 -0.0544814046912 -31.5206331324 -11.6767952205 5.93239444742
383 79776 -0.0546147919193 -31.4902428954 -11.6754993865 5.93453036321
384 79773 -0.0547481814769 -31.4599278431 -11.6755235593 5.91756638205
385 80102 -0.0548812974989 -31.4297501631 -11.6733988837 5.92880488005
386 79976 -0.0550145182095 -31.3996236929 -11.6742306883 5.92654465575
387 79984 -0.0551477318119 -31.3695735225 -11.6721637657 5.91474782911
388 80216 -0.055280752836 -31.3396410501 -11.6749342074 5.91781729079
389 80221 -0.0554137693533 -31.3097835206 -11.6686070268 5.91530754271
390 80272 -0.055546744134 -31.2800089835 -11.6715361722 5.91194214258
391 80352 -0.0556796526435 -31.2503225758 -11.6674066826 5.92119270286
392 80194 -0.0558126921068 -31.2206800325 -11.6713443726 5.90217348324
393 80521 -0.0559454608489 -31.1911704719 -11.6655112147 5.9169412041
394 80324 -0.0560783924003 -31.1616971847 -11.6626279924 5.91097561712
395 80385 -0.0562112731978 -31.1323073516 -11.6606163499 5.90863544222
396 80448 -0.0563441019996 -31.1030009033 -11.6616697079 5.89976834709
397 80640 -0.0564767728442 -31.07380079 -11.6581841072 5.90012130111
398 80687 -0.0566094049692 -31.0446803526 -11.65862388 5.89486020192
399 80804 -0.0567419411924 -31.0156517827 -11.6546651365 5.8856730883
400 81018 -0.0568743019261 -30.9867320417 -11.6569958032 5.89573173965
401 80880 -0.0570067760888 -30.9578577021 -11.6535195709 5.90144988154
402 80728 -0.0571393743824 -30.9290263691 -11.6560302962 5.88397215842
403 81031 -0.0572717251315 -30.9003185105 -11.6514239522 5.89901792075
404 80818 -0.0574042494374 -30.8716424796 -11.6512405651 5.87530077581
405 81228 -0.057536439269 -30.8431078332 -11.650982228 5.89125991141
406 81027 -0.0576687930689 -30.8146065983 -11.6547298699 5.88158309269
407 81162 -0.0578010364404 -30.786197662 -11.6470911785 5.88461627416
408 81140 -0.0579332979273 -30.7578530959 -11.6425355194 5.87626852384
409 81300 -0.0580654294977 -30.7296042969 -11.6431054469 5.87900219772
410 81290 -0.0581975687008 -30.7014215241 -11.6459622723 5.86758104889
411 81515 -0.0583295255514 -30.6733449261 -11.6422089641 5.8748254403
412 81434 -0.0584615482751 -30.6453213617 -11.6405265595 5.87497179018
413 81408 -0.0585935917866 -30.6173602315 -11.6417967708 5.87579743866
414 81384 -0.0587256545645 -30.5894616536 -11.6399976206 5.86470925058
415 81599 -0.0588575435569 -30.5616660608 -11.6417310462 5.86063826478
416 81741 -0.0589893178555 -30.5339605509 -11.6340502884 5.87311522439
417 81531 -0.0591212616776 -30.506285178 -11.6370465248 5.85929988898
418 81749 -0.0592530297796 -30.4787121239 -11.6339467784 5.84822183689
419 82033 -0.0593845693646 -30.4512519084 -11.6341906678 5.87415926609
420 81592 -0.0595164641562 -30.4237825407 -11.6310482881 5.86219237001
421 81708 -0.059648265167 -30.3963974978 -11.633298422 5.85469585928
422 81891 -0.0597799186923 -30.3691075361 -11.629389424 5.84528625058
423 82132 -0.0599113787299 -30.3419217186 -11.6282621458 5.84324769203
424 82241 -0.0600427515389 -30.3148176455 -11.6239077204 5.86996976184
