10 500000 0.05 gpomdp cheb_gpomdp 30000000

1 10 0 4.58009478576e-05 -56.6666666667 -11.4438891049
2 159862 -0.00026696177087 2.55958360675e-05 -56.4196160387 -12.15106631
3 59935 -0.000510617386763 1.61062365957e-05 -56.1962497586 -12.1313907051
4 60300 -0.00066347373312 1.6129752047e-05 -56.0571403994 -12.1288891615
5 60523 -0.000816271461559 1.63436974967e-05 -55.9188613954 -12.1196186387
6 59442 -0.000972496746432 1.61871335614e-05 -55.7782769777 -12.1459262429
7 59315 -0.00112739106503 1.6105976873e-05 -55.6396786257 -12.1326538383
8 59678 -0.00128103971021 1.59841495934e-05 -55.5029639209 -12.1221745912
9 60790 -0.0014321246286 1.63478393978e-05 -55.3692710666 -12.1502429222
10 59679 -0.00158807871248 1.61803467141e-05 -55.2320335176 -12.1166389942
11 59593 -0.0017425471534 1.60592744154e-05 -55.0968620125 -12.1438186135
12 60242 -0.00189503068902 1.62007321408e-05 -54.9641619015 -12.1268433128
13 60031 -0.00204912862087 1.61176101983e-05 -54.8307920935 -12.1153842898
14 60327 -0.00220205878589 1.61336425172e-05 -54.6991577453 -12.1361485738
15 60526 -0.00235488932986 1.62196977082e-05 -54.5683245806 -12.0863826316
16 60198 -0.00250895343886 1.62382296234e-05 -54.4371534057 -12.1371569272
17 59759 -0.00266375866958 1.60548147032e-05 -54.306071429 -12.1285199346
18 60438 -0.00281595353512 1.61989363887e-05 -54.1778978538 -12.1186651513
19 60237 -0.00296977032816 1.61460834751e-05 -54.0490558969 -12.1249672189
20 60359 -0.00312292959002 1.63461653602e-05 -53.9214558787 -12.1160473506
21 59266 -0.00327941017447 1.59375099234e-05 -53.7917953326 -12.1126436464
22 60657 -0.00343021947478 1.62526998519e-05 -53.6675043879 -12.1132875951
23 60126 -0.00358468864621 1.60361591526e-05 -53.5408737873 -12.0997266325
24 60924 -0.00373609858226 1.62232337545e-05 -53.4174104023 -12.0972963746
25 60572 -0.00388971966881 1.61051708645e-05 -53.2928057971 -12.1296116427
26 60948 -0.00404175185786 1.6241292016e-05 -53.1701411109 -12.099861318
27 60485 -0.00419565457782 1.60892738129e-05 -53.046621773 -12.107907409
28 60958 -0.00434752333137 1.61257660316e-05 -52.9253753605 -12.0974785511
29 61208 -0.00449942586755 1.61652725929e-05 -52.8047334615 -12.107289913
30 61213 -0.00465169416959 1.6164479601e-05 -52.6844299865 -12.1009454615
31 61223 -0.0048039426579 1.60821306346e-05 -52.5647668387 -12.1017366965
32 61747 -0.00495477159957 1.63310773469e-05 -52.4468305899 -12.0897974556
33 60722 -0.00510922240151 1.62303016217e-05 -52.3266878609 -12.0796981722
34 60328 -0.00526322104003 1.59677678924e-05 -52.2075221523 -12.087137986
35 61555 -0.00541321104259 1.62876146738e-05 -52.0920539548 -12.0864693702
36 60801 -0.00556715112756 1.62118690672e-05 -51.9741512938 -12.090360753
37 60519 -0.00572073123113 1.60751548767e-05 -51.8571318542 -12.0837197342
38 61080 -0.00587231543802 1.60455601895e-05 -51.7422236442 -12.094521355
39 61832 -0.00602269809603 1.61341571958e-05 -51.6288015247 -12.0933091775
40 62033 -0.00617366598139 1.63624690362e-05 -51.5155100001 -12.0648058489
41 60809 -0.00632830252235 1.61059416729e-05 -51.4000550635 -12.0791619598
42 61181 -0.0064800513508 1.61722742681e-05 -51.2873319158 -12.1055223956
43 61143 -0.00663247335045 1.61052543536e-05 -51.1746785164 -12.0889231914
44 61522 -0.00678379540354 1.62281847059e-05 -51.0633987415 -12.0809073483
45 61136 -0.00693675312518 1.60554189865e-05 -50.9514796009 -12.068946568
46 61826 -0.00708723452295 1.60839453267e-05 -50.8419211018 -12.0764946043
47 62344 -0.00723735689181 1.63551123113e-05 -50.7331622765 -12.0715701179
48 61160 -0.00739148038667 1.61280961735e-05 -50.6220599518 -12.0604531543
49 61396 -0.00754317170981 1.60874412546e-05 -50.5132560778 -12.0630493064
50 61888 -0.00769387834607 1.6058631013e-05 -50.4056901262 -12.0605850274
51 62567 -0.00784349701025 1.63312619224e-05 -50.299421062 -12.0687042016
52 61527 -0.00799693553233 1.60703882734e-05 -50.1909734406 -12.0697381883
53 62127 -0.00814719197679 1.62752198922e-05 -50.0852956089 -12.0799549902
54 61443 -0.00830020892607 1.6115723571e-05 -49.9782019778 -12.0664356566
55 61758 -0.00845133949791 1.62242305275e-05 -49.8729455283 -12.0700567115
56 61395 -0.00860393687488 1.59377513958e-05 -49.7671849496 -12.0657979843
57 62835 -0.00875211235241 1.62365158827e-05 -49.6649830369 -12.0433084576
58 62388 -0.0089036052461 1.6174641443e-05 -49.5609925593 -12.0351090357
59 62334 -0.0090545858405 1.61320963377e-05 -49.4578527042 -12.0728890869
60 62549 -0.00920490966982 1.61891227622e-05 -49.3556528378 -12.0363922428
61 62403 -0.00935594175005 1.61802593953e-05 -49.2534616673 -12.0445954441
62 62313 -0.0095069996803 1.61008967839e-05 -49.1517409994 -12.0843700227
63 62727 -0.00965682068788 1.62268730047e-05 -49.0513319012 -12.0510622519
64 62341 -0.0098082797862 1.60966651607e-05 -48.9503060545 -12.043010912
65 62782 -0.00995799562544 1.61153860605e-05 -48.8509150314 -12.0546323463
66 63106 -0.0101075001806 1.63489081389e-05 -48.7521292996 -12.0218849868
67 61946 -0.0102605840488 1.59947160829e-05 -48.6514566588 -12.0536513533
68 63033 -0.0104090550186 1.6176634334e-05 -48.5542765149 -12.049902763
69 62966 -0.0105592948512 1.61887601857e-05 -48.4563953672 -12.0238142884
70 62821 -0.0107098198463 1.633091985e-05 -48.3587860436 -12.030030218
71 61779 -0.0108629419964 1.60038209346e-05 -48.2599592514 -12.0423241267
72 62805 -0.0110117668958 1.6129054353e-05 -48.1643538637 -12.0486472171
73 63041 -0.0111614746459 1.62975955968e-05 -48.0686237201 -12.0226969552
74 62205 -0.0113137598651 1.61221942491e-05 -47.9716975065 -12.0312108745
75 62483 -0.011464071576 1.6089036587e-05 -47.8764714217 -12.0227429479
76 62973 -0.0116134884695 1.61485101872e-05 -47.7822464244 -12.0284813465
77 63085 -0.0117633245768 1.60924642663e-05 -47.6881888228 -12.0210152996
78 63558 -0.0119120843956 1.6317632363e-05 -47.5952316611 -12.0262656875
79 62588 -0.0120640898423 1.60990717391e-05 -47.5006806276 -12.0333869978
80 63015 -0.0122135505576 1.61027618975e-05 -47.4081375566 -12.0251948174
81 63421 -0.0123625660704 1.63087224802e-05 -47.316286911 -12.0527272544
82 62510 -0.012514583806 1.60702772573e-05 -47.2230116503 -12.0319574184
83 63121 -0.0126636522716 1.62413090413e-05 -47.1319609059 -12.0256316369
84 62641 -0.0128148829568 1.594539724e-05 -47.0400064609 -12.0169888748
85 64060 -0.0129617046964 1.61999935135e-05 -46.9511319504 -12.0161961873
86 63840 -0.013111127527 1.62484297692e-05 -46.8610839755 -12.0413756409
87 63309 -0.0132616244616 1.60087000349e-05 -46.7707949203 -12.0209294795
88 64328 -0.0134087212683 1.63446621726e-05 -46.6829370875 -12.0048658336
89 63173 -0.0135602721282 1.61919416672e-05 -46.5928208858 -12.0230238173
90 63007 -0.0137106041028 1.60036221557e-05 -46.5038298275 -12.0152260307
91 64055 -0.0138579682578 1.62860732014e-05 -46.4169800671 -11.9967205944
92 63280 -0.0140088483053 1.60130766158e-05 -46.3284499556 -12.0403468434
93 64270 -0.0141560517338 1.62037327593e-05 -46.2424566426 -12.014317695
94 64025 -0.0143052929887 1.62061087387e-05 -46.1556530202 -11.9837564501
95 63766 -0.0144548594688 1.60062993189e-05 -46.0690417516 -11.9793994781
96 64809 -0.0146013883828 1.63374096306e-05 -45.9845574568 -11.9911117338
97 63692 -0.0147522533061 1.60975380233e-05 -45.8979511998 -11.9981767811
98 64137 -0.0149003873824 1.60618585676e-05 -45.8132834311 -12.011817146
99 64819 -0.0150474130264 1.61929932281e-05 -45.7296101614 -11.9871191718
100 64642 -0.0151958415344 1.62359865216e-05 -45.6455009467 -11.9765258784
101 64185 -0.0153451931265 1.63292509422e-05 -45.5612338579 -12.0013573715
102 63131 -0.0154966512336 1.59289893365e-05 -45.4761499418 -12.0028056001
103 64669 -0.015642629932 1.61870375183e-05 -45.3944961434 -11.9803441287
104 64532 -0.0157911309496 1.6151035476e-05 -45.3117837111 -11.9912687494
105 64631 -0.015939188195 1.62807206075e-05 -45.2296698799 -11.9835656195
106 63884 -0.0160893042782 1.61313127254e-05 -45.146770175 -11.9977345346
107 64110 -0.0162377801603 1.61518788752e-05 -45.0651265922 -11.9729739039
108 64202 -0.016386338009 1.60822417787e-05 -44.9837844317 -11.9766363546
109 64751 -0.0165336279742 1.62390330533e-05 -44.9034765082 -11.9825826943
110 64273 -0.0166829048749 1.62184676119e-05 -44.8224284994 -11.9629430406
111 63932 -0.0168323900549 1.61206356005e-05 -44.7416115193 -11.986526878
112 64228 -0.0169806316174 1.61570538629e-05 -44.6618048107 -11.9920337833
113 64287 -0.017129139479 1.59981945991e-05 -44.5821900481 -11.9842961554
114 65392 -0.0172749395449 1.61826394902e-05 -44.5043513929 -11.9953707277
115 65282 -0.0174225442751 1.62490726311e-05 -44.4258747254 -11.966314036
116 64735 -0.0175713805228 1.60375268149e-05 -44.347072814 -11.9753750183
117 65585 -0.0177173234791 1.61365040369e-05 -44.270122085 -11.9470759124
118 65782 -0.0178639470659 1.61911852027e-05 -44.1931289298 -11.9747000312
119 65615 -0.0180112551628 1.61342199856e-05 -44.1160937926 -11.9807739288
120 65827 -0.0181578074923 1.63854880548e-05 -44.0397677156 -11.9726692189
121 64378 -0.0183083083624 1.61558943708e-05 -43.9617089826 -11.9777197698
122 64445 -0.0184566237417 1.61055961452e-05 -43.8851027853 -11.9908432392
123 64842 -0.018604023826 1.60317235845e-05 -43.8092811716 -11.954976367
124 65732 -0.0187497506237 1.61741366161e-05 -43.7346240211 -11.970254692
125 65678 -0.0188968322967 1.61341372864e-05 -43.6595771361 -11.953742979
126 65891 -0.0190433129555 1.61629944239e-05 -43.5851390042 -11.9647417691
127 65912 -0.0191900328962 1.63494560381e-05 -43.510879672 -11.978540847
128 64697 -0.019339831971 1.60566708168e-05 -43.4353702005 -11.9649996194
129 65419 -0.0194861341204 1.61284956182e-05 -43.3619223017 -11.9589243112
130 65669 -0.019632811143 1.61084972132e-05 -43.2885809037 -11.9546538736
131 66054 -0.0197788788791 1.62509936693e-05 -43.2158356577 -11.9341306451
132 65487 -0.0199268747295 1.61179074268e-05 -43.1424250732 -11.9629251711
133 65808 -0.0200733006481 1.62833626808e-05 -43.0700836255 -11.9734022159
134 65030 -0.0202221123177 1.60553416385e-05 -42.9968576881 -11.9850101658
135 65765 -0.0203680174782 1.62220843151e-05 -42.925348186 -11.954451154
136 65392 -0.0205158573339 1.61633500476e-05 -42.8531778223 -11.9347842564
137 65410 -0.0206631419114 1.60687842839e-05 -42.7815644458 -11.9643658035
138 66059 -0.0208088438072 1.61946903196e-05 -42.7109997539 -11.9484049194
139 65868 -0.0209559007024 1.62346914944e-05 -42.6400586966 -11.9332279007
140 65411 -0.0211038343067 1.60874216905e-05 -42.5689767352 -11.9264570937
141 65935 -0.0212498421082 1.6214859171e-05 -42.4990958612 -11.9194006659
142 65609 -0.0213973714085 1.59689385577e-05 -42.4287633862 -11.9614850654
143 66935 -0.0215412173836 1.62219413835e-05 -42.360453048 -11.9486506213
144 66557 -0.0216877570953 1.61849942287e-05 -42.2911321606 -11.9344798277
145 66429 -0.0218341030723 1.61586715735e-05 -42.2221719852 -11.9242504343
146 66479 -0.0219801565538 1.63994659904e-05 -42.153616173 -11.9151467805
147 64924 -0.0221301516195 1.58969032505e-05 -42.0834857632 -11.9253355359
148 66722 -0.0222735766679 1.62846510071e-05 -42.0166868005 -11.9016198928
149 65924 -0.0224213869163 1.62326819885e-05 -41.9481095099 -11.9305413565
150 65480 -0.022569224301 1.60459617264e-05 -41.8797861846 -11.9325273727
151 66283 -0.0227144731347 1.60706264371e-05 -41.8129172923 -11.9380703401
152 66928 -0.0228592424714 1.6319479495e-05 -41.7465222839 -11.9143240441
153 65894 -0.0230074022031 1.60725035681e-05 -41.6788325291 -11.9364125764
154 66523 -0.0231526290216 1.60668565029e-05 -41.6127367118 -11.9271754466
155 67196 -0.0232970754374 1.60394264957e-05 -41.5472440767 -11.9251583435
156 68065 -0.023440351724 1.63330543915e-05 -41.4825249581 -11.9319658669
157 66922 -0.0235874922464 1.61775641418e-05 -41.4163107863 -11.9141860572
158 66844 -0.0237333166044 1.62275927399e-05 -41.3509378862 -11.9193670535
159 66428 -0.0238800491761 1.5964972776e-05 -41.2854066156 -11.9210010169
160 67798 -0.024022941381 1.63053836638e-05 -41.2218289709 -11.917182083
161 66847 -0.0241699151715 1.61382471575e-05 -41.1566794411 -11.9063864468
162 67036 -0.0243151766508 1.60664662245e-05 -41.0925308637 -11.8870578736
163 67717 -0.0244590629644 1.62835769922e-05 -41.0292253625 -11.9070211471
164 66915 -0.0246057656004 1.60905467191e-05 -40.9649210355 -11.9165571618
165 67430 -0.0247501741616 1.61473225409e-05 -40.9018579022 -11.9095694421
166 67558 -0.0248949542982 1.62745053215e-05 -40.8388658831 -11.8893759992
167 66819 -0.0250416801127 1.60481291849e-05 -40.7752644236 -11.9119753647
168 67624 -0.0251855014876 1.61898468794e-05 -40.7131523262 -11.9147423082
169 67461 -0.025330767609 1.61320271296e-05 -40.6506465319 -11.9127155269
170 67695 -0.0254752651821 1.62075968074e-05 -40.5886997448 -11.9087067963
171 67410 -0.0256207452287 1.61568178432e-05 -40.5265605457 -11.9260760298
172 67473 -0.0257657018092 1.61958873999e-05 -40.4648720092 -11.9078112564
173 67269 -0.025911229238 1.60706589883e-05 -40.4031673023 -11.9062264177
174 67924 -0.0260549342033 1.62522154105e-05 -40.3424570841 -11.8949577366
175 67333 -0.0262008986336 1.61764849234e-05 -40.2810166781 -11.9028346875
176 67262 -0.0263462595975 1.62347687884e-05 -40.2200537779 -11.8656852927
177 66795 -0.0264926534902 1.60302278665e-05 -40.1588818643 -11.9224674112
178 67722 -0.0266362097572 1.61749223585e-05 -40.0991129796 -11.9180975867
179 67661 -0.0267811271483 1.61483475433e-05 -40.0389944715 -11.9034181978
180 67783 -0.0269256766202 1.6174122278e-05 -39.9792447004 -11.8892695445
181 67728 -0.0270705157445 1.61370674906e-05 -39.9195905244 -11.8887121295
182 67928 -0.0272148101707 1.6221000403e-05 -39.8603738722 -11.8790054069
183 67551 -0.0273602594685 1.6086672257e-05 -39.800897468 -11.9022255533
184 68098 -0.0275039237536 1.63352696188e-05 -39.7423609656 -11.8844448006
185 66939 -0.0276510651018 1.59379990524e-05 -39.682622892 -11.8876831631
186 68507 -0.0277929758978 1.62653280033e-05 -39.6252135562 -11.8759025494
187 67821 -0.0279385319634 1.60525950975e-05 -39.5665377319 -11.8881647849
188 68607 -0.0280813590574 1.62530126645e-05 -39.5091658602 -11.8872454405
189 68005 -0.0282266081125 1.6156126032e-05 -39.4510271257 -11.8851792274
190 68074 -0.0283709179164 1.61162306169e-05 -39.3934689966 -11.8682014949
191 68419 -0.0285145074333 1.61930346992e-05 -39.3363995569 -11.8724828524
192 68232 -0.0286589789227 1.62370560498e-05 -39.2791812727 -11.8621967528
193 67742 -0.0288043658535 1.59994927263e-05 -39.2218035967 -11.8751591846
194 68897 -0.0289464200759 1.62588162066e-05 -39.1659370254 -11.8658108799
195 68252 -0.0290914575649 1.6044301433e-05 -39.1090958723 -11.8737069849
196 69101 -0.0292336995368 1.63376246753e-05 -39.0535442614 -11.8761350076
197 67909 -0.0293798076133 1.60313477974e-05 -38.9966817072 -11.867991316
198 68844 -0.029522199581 1.62349087889e-05 -38.9414583728 -11.8578403088
199 68365 -0.0296669039451 1.59423262807e-05 -38.8855323804 -11.8641491047
200 69935 -0.029807395895 1.63144133802e-05 -38.8314207173 -11.8721399981
201 68890 -0.0299522531949 1.62384401109e-05 -38.775818908 -11.8738083583
202 68386 -0.0300969666246 1.61490849617e-05 -38.7204651729 -11.8760378233
203 68504 -0.0302407597738 1.61586468714e-05 -38.6656533906 -11.8478646696
204 68556 -0.0303845838514 1.60074722613e-05 -38.6110182452 -11.8432938752
205 69668 -0.0305259198732 1.63016476801e-05 -38.5575109041 -11.8553110044
206 68716 -0.0306708470563 1.61833607757e-05 -38.5028310787 -11.8469174163
207 68596 -0.0308148491806 1.60381188913e-05 -38.4486869237 -11.8540850657
208 69493 -0.0309566348713 1.62223512998e-05 -38.3955569996 -11.8485760546
209 69097 -0.0311004588973 1.62043554945e-05 -38.3418456942 -11.8402999076
210 68829 -0.0312444029933 1.61492304871e-05 -38.2882725784 -11.846741886
211 68947 -0.0313877350018 1.60432890505e-05 -38.2351082921 -11.8644082813
212 69812 -0.0315292420427 1.614596082e-05 -38.1827972322 -11.8616944579
213 69955 -0.0316715089498 1.6345138913e-05 -38.1303809913 -11.8592403291
214 68696 -0.0318168446197 1.60713650134e-05 -38.0770151316 -11.8368716798
215 69359 -0.0319590605266 1.61958035009e-05 -38.0249710408 -11.8391864294
216 69150 -0.032102594384 1.60184656561e-05 -37.9726205015 -11.8522571635
217 70194 -0.0322434973034 1.61297411196e-05 -37.9214005254 -11.8257892761
218 70453 -0.0323851174447 1.63621039178e-05 -37.8700896953 -11.8349177857
219 69066 -0.0325302136454 1.60718112323e-05 -37.8176951893 -11.8399835996
220 69730 -0.0326720552514 1.61662301733e-05 -37.766647011 -11.8358137359
221 69729 -0.0328147311419 1.6156942558e-05 -37.7154683765 -11.8320300366
222 69794 -0.032957258909 1.61581151603e-05 -37.6645120729 -11.8171204423
223 69850 -0.0330997391074 1.6182343825e-05 -37.6137409729 -11.8422139039
224 69735 -0.0332425511828 1.61519764132e-05 -37.5630195431 -11.8519566432
225 69835 -0.0333849931161 1.61903164084e-05 -37.512596228 -11.8342161636
226 69663 -0.0335279487055 1.60282076451e-05 -37.4621576047 -11.8328090673
227 70645 -0.0336684867094 1.6314836947e-05 -37.4127337962 -11.8301534759
228 69587 -0.0338126210833 1.60018153813e-05 -37.3622110773 -11.8284519292
229 70757 -0.0339528163464 1.63174173587e-05 -37.3132294576 -11.8407150292
230 69679 -0.0340968782329 1.59861742087e-05 -37.2630608338 -11.8324580837
231 70963 -0.0342367328886 1.61709199765e-05 -37.2145155327 -11.8442874004
232 70928 -0.0343782385274 1.6234709364e-05 -37.1655550003 -11.8138212921
233 70436 -0.0345207980039 1.61224182453e-05 -37.1163896253 -11.8198866273
234 70749 -0.0346620579683 1.63663085235e-05 -37.067829852 -11.8146605611
235 69326 -0.034806918417 1.60104555836e-05 -37.018194338 -11.8207194803
236 70430 -0.0349475148237 1.61021639665e-05 -36.9701759556 -11.8116168577
237 70888 -0.0350884584056 1.61993046256e-05 -36.9221925866 -11.8230990072
238 70649 -0.0352304917843 1.61156287086e-05 -36.8739930288 -11.7828152042
239 71012 -0.0353714306836 1.61306660265e-05 -36.826317789 -11.819188461
240 71268 -0.0355122474705 1.61908877462e-05 -36.7788352502 -11.830024846
241 71089 -0.0356537676391 1.62144952849e-05 -36.7312672809 -11.8040373181
242 70741 -0.035795842527 1.60866342096e-05 -36.6836651554 -11.7995315414
243 71314 -0.0359362296404 1.62644136626e-05 -36.6367776989 -11.8138067095
244 70606 -0.0360788776869 1.62083957368e-05 -36.5892862957 -11.801714171
245 70303 -0.0362213399807 1.59883237e-05 -36.5420081039 -11.8080576071
246 71583 -0.0363606065029 1.62884491543e-05 -36.4959360085 -11.8010408208
247 70700 -0.0365033706234 1.6151678169e-05 -36.4488554874 -11.7886235763
248 70803 -0.0366448323531 1.60592483536e-05 -36.4023522128 -11.8039372162
249 71575 -0.036784724543 1.62379596866e-05 -36.3565088553 -11.7913647801
250 71055 -0.0369266900434 1.62457033906e-05 -36.3101317347 -11.7936115155
251 70483 -0.0370692980244 1.59731103351e-05 -36.2636917817 -11.8144208323
252 71877 -0.037208146989 1.61580140466e-05 -36.2186168953 -11.8079047269
253 71936 -0.0373485458675 1.62779389618e-05 -36.1731796111 -11.7873898117
254 71124 -0.0374907915313 1.61218378096e-05 -36.1272883286 -11.7892387279
255 71444 -0.0376313574133 1.60751662669e-05 -36.0820803858 -11.8169014749
256 72106 -0.0377708713216 1.62306907124e-05 -36.0373491285 -11.797778317
257 71635 -0.037912197689 1.61059198391e-05 -35.9921766473 -11.7974560439
258 72074 -0.0380520100518 1.62367279461e-05 -35.947625998 -11.7768959265
259 71559 -0.0381934636836 1.60357232303e-05 -35.9026913152 -11.7896771754
260 72512 -0.0383322453143 1.61326197041e-05 -35.858740639 -11.7958534772
261 72759 -0.0384716286999 1.62138169432e-05 -35.8147335748 -11.8028910635
262 72407 -0.0386120529294 1.63510767161e-05 -35.7705332562 -11.7623225393
263 71061 -0.0387550015087 1.59984502365e-05 -35.7256772883 -11.7724644794
264 72280 -0.0388936822702 1.59535979601e-05 -35.6822938606 -11.7943530354
265 73856 -0.0390304912923 1.64262930789e-05 -35.6396240607 -11.7897654916
266 71932 -0.0391732251451 1.61587720136e-05 -35.5952413448 -11.7598835086
267 71985 -0.0393135823192 1.60522793877e-05 -35.5517314824 -11.7657901638
268 72821 -0.0394522119894 1.63105177332e-05 -35.5088868164 -11.7568120745
269 71762 -0.0395941078842 1.60158804212e-05 -35.4651655653 -11.7812823957
270 72864 -0.0397323822687 1.60767173967e-05 -35.4226889183 -11.7722174407
271 73528 -0.0398705542457 1.63742015842e-05 -35.3803700971 -11.7601562807
272 71992 -0.0400127762654 1.60615716722e-05 -35.3369421851 -11.7577695914
273 72760 -0.0401515448669 1.61569235404e-05 -35.2946966389 -11.7582466149
274 72828 -0.0402910720814 1.62608119167e-05 -35.2523469005 -11.7568641399
275 72131 -0.0404321725662 1.61239579807e-05 -35.2096483219 -11.7604771568
276 72440 -0.0405717871749 1.61814832369e-05 -35.1675261891 -11.7858934361
277 72327 -0.0407120094007 1.6143121101e-05 -35.1253471296 -11.7504573956
278 72496 -0.0408517362095 1.61621136114e-05 -35.0834425328 -11.7519539797
279 72525 -0.0409915989693 1.61916528059e-05 -35.041622012 -11.7688467102
280 72337 -0.0411318994411 1.60613292183e-05 -34.9997955531 -11.7475084254
281 73110 -0.0412703329364 1.62702460808e-05 -34.9586477915 -11.7401002869
282 72341 -0.0414113101842 1.61238872912e-05 -34.9168680401 -11.7641354988
283 72651 -0.0415507208895 1.60951854665e-05 -34.8756751689 -11.753930407
284 73176 -0.0416893841151 1.61860361286e-05 -34.8348235914 -11.759466315
285 73028 -0.0418289708786 1.60800651515e-05 -34.7938207109 -11.7642207263
286 73668 -0.0419670398155 1.62521346621e-05 -34.7533823798 -11.7404611109
287 73028 -0.0421071969748 1.61754108913e-05 -34.7124526538 -11.7433868702
288 72959 -0.0422467581354 1.6205564314e-05 -34.6718167993 -11.7539759899
289 72667 -0.0423868597195 1.60725793435e-05 -34.6311433311 -11.7611195622
290 73360 -0.0425251542044 1.61851595046e-05 -34.5911116414 -11.7354546068
291 73218 -0.0426645520535 1.61534275181e-05 -34.5508778443 -11.7464793395
292 73312 -0.0428035874314 1.6243641975e-05 -34.5108654487 -11.7429509317
293 72737 -0.0429439505779 1.61580662281e-05 -34.4705887371 -11.7588939709
294 72796 -0.0430835178113 1.6009976584e-05 -34.4306572561 -11.7518569128
295 73958 -0.0432207149274 1.62657828332e-05 -34.391516964 -11.7412914795
296 73214 -0.0433608114539 1.62457534884e-05 -34.3516647056 -11.739564685
297 72624 -0.043501301815 1.60572724023e-05 -34.3118168037 -11.7548055201
298 73430 -0.0436393981732 1.60726167171e-05 -34.2727610262 -11.7361924428
299 74130 -0.0437769728642 1.62288701191e-05 -34.2339638067 -11.7410771467
300 73659 -0.0439163280297 1.61505157135e-05 -34.1947769732 -11.7502565577
301 73775 -0.0440549011158 1.60892787486e-05 -34.1559218529 -11.7384423069
302 74352 -0.0441924122626 1.61390654049e-05 -34.117474228 -11.7376409856
303 74556 -0.044330160213 1.62167282609e-05 -34.079069527 -11.748675899
304 74174 -0.0444689272214 1.62042647747e-05 -34.0404906872 -11.7198278864
305 73887 -0.0446078563054 1.62601184486e-05 -34.0019769008 -11.7342760974
306 73185 -0.044747931064 1.59889527215e-05 -33.9632565837 -11.7255998004
307 74513 -0.0448844376399 1.62193879201e-05 -33.925629458 -11.7343850038
308 74111 -0.0450232861804 1.61558246183e-05 -33.8874645362 -11.719933323
309 74188 -0.0451615186854 1.60886576952e-05 -33.849576438 -11.7363394182
310 74773 -0.0452986369254 1.60764176853e-05 -33.8120992703 -11.7429035091
311 75456 -0.0454350290741 1.62329002725e-05 -33.7749243885 -11.7177294535
312 74946 -0.0455732169069 1.62577095926e-05 -33.7373652501 -11.7186506007
313 74252 -0.0457122609094 1.61919287528e-05 -33.6996798109 -11.7059706913
314 74057 -0.0458509244878 1.60678951712e-05 -33.6622033321 -11.7225203868
315 74799 -0.0459878425024 1.60568082298e-05 -33.6253019162 -11.7152359815
316 75633 -0.046123909132 1.63616400319e-05 -33.5887312251 -11.724509526
317 74147 -0.046263941229 1.60762565296e-05 -33.5511997039 -11.7023637635
318 74826 -0.0464009054327 1.61883376985e-05 -33.5145930237 -11.7089955186
319 74657 -0.046538980342 1.61373067091e-05 -33.4777917424 -11.70213723
320 74875 -0.0466764193854 1.61124013734e-05 -33.4412614864 -11.7088296138
321 75284 -0.0468132733442 1.61383819492e-05 -33.4049869971 -11.7192101081
322 75496 -0.04695015545 1.61789551482e-05 -33.3688047129 -11.7057230128
323 75397 -0.0470874712613 1.62069432262e-05 -33.3326075301 -11.7102748935
324 75085 -0.0472253104733 1.61308370947e-05 -33.2963724411 -11.7107083507
325 75354 -0.0473622573354 1.61565757032e-05 -33.2604708133 -11.7012241448
326 75427 -0.0474993565919 1.62587183089e-05 -33.2246275586 -11.6939048344
327 74721 -0.0476379722335 1.60186609696e-05 -33.1884874716 -11.717876343
328 75847 -0.0477735237394 1.62387318319e-05 -33.1532427431 -11.6954961186
329 75290 -0.0479114452337 1.59487584576e-05 -33.1174793094 -11.7437582363
330 76969 -0.0480454180546 1.63871963531e-05 -33.082833579 -11.7167837422
331 75262 -0.0481846266397 1.60289268136e-05 -33.0469314009 -11.7167650913
332 76317 -0.0483198470745 1.63197431363e-05 -33.012152569 -11.6819528756
333 75136 -0.0484585981264 1.61164565981e-05 -32.9765623749 -11.6990999566
334 75515 -0.0485952766893 1.61217231414e-05 -32.9415991782 -11.6860431167
335 75856 -0.0487316928364 1.59857329745e-05 -32.9067971367 -11.7119590207
336 77257 -0.0488657256702 1.6435592099e-05 -32.8726942466 -11.6725682607
337 75173 -0.0490054273189 1.60603492889e-05 -32.8372447554 -11.6848876324
338 75984 -0.0491412093792 1.61781169693e-05 -32.8028831564 -11.6882245578
339 75891 -0.0492780706204 1.62006123538e-05 -32.7683411473 -11.7086584779
340 75625 -0.0494153627093 1.60814296052e-05 -32.7337835267 -11.7064796799
341 76277 -0.049551061167 1.63033492269e-05 -32.6997183323 -11.6709921961
342 75222 -0.0496895939409 1.5841086182e-05 -32.6650348773 -11.6786999544
343 77745 -0.0498219965977 1.63502618333e-05 -32.6319738885 -11.6781917391
344 76306 -0.0499599378912 1.6076427338e-05 -32.5976207245 -11.6936904441
345 77003 -0.0500949531656 1.61630052731e-05 -32.5640856699 -11.7102460232
346 77027 -0.0502306747435 1.62567447122e-05 -32.5304639797 -11.6952792405
347 76322 -0.0503678127925 1.61565700086e-05 -32.4965814668 -11.6849729329
348 76396 -0.050504039765 1.61403621329e-05 -32.4630133426 -11.6756279443
349 76596 -0.0506399523368 1.62460138207e-05 -32.4296110295 -11.6350992318
350 75977 -0.0507773101112 1.60411533115e-05 -32.3959428377 -11.6628800094
351 76946 -0.0509120790388 1.61389917231e-05 -32.3629961168 -11.6770666624
352 77158 -0.0510474840829 1.61396433102e-05 -32.329980244 -11.6650741195
353 77365 -0.0511827129089 1.63157727187e-05 -32.2970933989 -11.6844731442
354 76199 -0.0513204597147 1.60245030925e-05 -32.2636822753 -11.6629988875
355 77302 -0.0514547789423 1.61652083144e-05 -32.2311877977 -11.6498199826
356 77309 -0.0515902713908 1.62348785237e-05 -32.1984944693 -11.6680266843
357 76771 -0.0517268234246 1.59446655782e-05 -32.1656314872 -11.6656036723
358 78516 -0.0518594361034 1.6235797919e-05 -32.1337988962 -11.677032949
359 77962 -0.0519949484812 1.62554891193e-05 -32.1013537474 -11.6698763495
360 77258 -0.0521312424908 1.6110221059e-05 -32.0688062577 -11.6732053878
361 77697 -0.0522659361749 1.63466693352e-05 -32.036724166 -11.6565002844
362 76286 -0.0524038646206 1.59886740456e-05 -32.0039570194 -11.6445879228
363 77672 -0.0525375637185 1.62066930327e-05 -31.9722768065 -11.6576250143
364 77352 -0.0526733654645 1.61312332359e-05 -31.9401808743 -11.6841488112
365 77626 -0.0528082966386 1.62082296084e-05 -31.9083727375 -11.6685588067
366 77295 -0.0529441620855 1.60970481124e-05 -31.8764266737 -11.6580801438
367 77838 -0.0530786235082 1.61589749599e-05 -31.844891754 -11.6622090108
368 77894 -0.0532135538982 1.61669978744e-05 -31.8133275598 -11.6581494391
369 77887 -0.0533485576881 1.6277983318e-05 -31.7818268086 -11.6424360738
370 77008 -0.053485261886 1.59948464525e-05 -31.7500111521 -11.6576657949
371 78358 -0.0536184258366 1.62078435997e-05 -31.7190983278 -11.6487253753
372 78027 -0.0537536493161 1.60841795296e-05 -31.6877867814 -11.6722216992
373 78678 -0.0538872842534 1.62004895278e-05 -31.6569213607 -11.6436526973
374 78404 -0.0540221209164 1.61451424815e-05 -31.6258569678 -11.6673877948
375 78571 -0.0541563540644 1.61567997061e-05 -31.5950097353 -11.6415501059
376 78645 -0.0542906206892 1.62747809297e-05 -31.5642324931 -11.6442365975
377 77782 -0.0544266156415 1.60259712097e-05 -31.5331379801 -11.657745723
378 78896 -0.0545595831149 1.62243628029e-05 -31.5028121765 -11.6565307722
379 78431 -0.0546945951994 1.61236307357e-05 -31.4720971576 -11.6522226681
380 78769 -0.054828480204 1.62669350499e-05 -31.4417149808 -11.63881556
381 77967 -0.0549642485184 1.60055137747e-05 -31.4109828676 -11.6388633593
382 79248 -0.0550967509583 1.62731937712e-05 -31.3810649194 -11.6564576663
383 78391 -0.0552322034109 1.62495335947e-05 -31.3505570896 -11.6387866594
384 77730 -0.0553680331326 1.61172047755e-05 -31.3200413707 -11.6375395544
385 78116 -0.0555024230706 1.60653261931e-05 -31.2899248019 -11.6427985784
386 78919 -0.0556356977328 1.62653975925e-05 -31.2601322397 -11.6446593372
387 78128 -0.0557713135631 1.60134788248e-05 -31.2298917706 -11.6510247634
388 79347 -0.0559037988288 1.63387307238e-05 -31.2004225924 -11.6378755301
389 77969 -0.0560401644503 1.61160993855e-05 -31.1701655887 -11.6218114221
390 78365 -0.0561743315276 1.60714799225e-05 -31.1404706743 -11.6317428519
391 79121 -0.056307486831 1.62114131845e-05 -31.1110722661 -11.6246947332
392 78758 -0.0564421107338 1.59485871281e-05 -31.0814228474 -11.6371063809
393 80516 -0.0565730981478 1.65394906468e-05 -31.0526447466 -11.6249018981
394 77523 -0.056711535724 1.59733249611e-05 -31.0223050564 -11.6327260431
395 79055 -0.0568439333255 1.62790917575e-05 -30.993361128 -11.612137895
396 78154 -0.0569796407653 1.60851426204e-05 -30.9637664668 -11.6250557808
397 78798 -0.057113181602 1.5987369204e-05 -30.9347160177 -11.6106045295
398 80240 -0.0572447128958 1.62196708428e-05 -30.9061720251 -11.6054188675
399 79805 -0.0573785189279 1.63372259653e-05 -30.8772047023 -11.6171358194
400 78431 -0.0575144697874 1.58626745963e-05 -30.8478454252 -11.6188718075
401 80884 -0.0576444546662 1.6246081107e-05 -30.8198425057 -11.6049183277
402 80230 -0.057778122916 1.62544656356e-05 -30.7911151223 -11.6140444341
403 79514 -0.0579124612524 1.60346873467e-05 -30.7623140213 -11.6221299869
404 80581 -0.05804410233 1.62504311708e-05 -30.7341593103 -11.6184063182
405 79894 -0.0581780870734 1.60557834251e-05 -30.7055723408 -11.59999221
406 80793 -0.0583097283649 1.62536396001e-05 -30.6775529166 -11.5954391687
407 80078 -0.0584435854077 1.61005286759e-05 -30.6491302841 -11.6135898562
408 80612 -0.0585757415623 1.63342174575e-05 -30.6211362412 -11.5999867291
409 79248 -0.0587109646699 1.61147066675e-05 -30.5925616424 -11.6177762245
410 79662 -0.0588440237639 1.60204499348e-05 -30.5645123161 -11.5954578887
411 80848 -0.0589753308049 1.62740515935e-05 -30.5368982059 -11.5942966368
412 79967 -0.0591094491474 1.61340771987e-05 -30.5087601935 -11.59597148
413 80227 -0.0592421983439 1.61524607682e-05 -30.4809761872 -11.5904273177
414 80338 -0.0593750070916 1.61780959546e-05 -30.4532459446 -11.6028771161
415 80240 -0.0595081076922 1.6148168117e-05 -30.4255209917 -11.6054924618
416 80386 -0.0596408414764 1.61295990438e-05 -30.3979382426 -11.6056983352
417 80684 -0.0597731774307 1.61566152687e-05 -30.3705033459 -11.5863440674
418 80761 -0.0599056715125 1.61297382557e-05 -30.3431006403 -11.6022218686
419 81059 -0.0600377019416 1.62679804185e-05 -30.3158582748 -11.59339738
420 80225 -0.0601715544173 1.61086098483e-05 -30.2883054015 -11.5878187847
421 80694 -0.060303709891 1.63070516753e-05 -30.2611662663 -11.5996267999
422 79548 -0.060438453719 1.59611939324e-05 -30.2335612626 -11.6044860455
423 81219 -0.0605689756156 1.61204888001e-05 -30.2068842112 -11.6068509706
424 81596 -0.0607004960154 1.6291336494e-05 -30.1800655761 -11.5819632718
425 80566 -0.0608342572188 1.60238819325e-05 -30.1528541407 -11.5839659572
426 81737 -0.0609648762306 1.61930937365e-05 -30.1263441239 -11.5961751535
427 81513 -0.0610970557135 1.62932653551e-05 -30.0995797438 -11.5989143764
428 80468 -0.0612309139406 1.61017127854e-05 -30.0725391382 -11.5976726704
