100 100000 0.95 reinforce cheb_reinforce 30000000

1 100 0 1.6133972487e-05 -56.6666666667 -12.7622721916
2 16038 -0.000146303538149 1.76690617188e-05 -56.5309727541 -12.1732815659
3 13772 -0.000319211905358 1.56436163151e-05 -56.3715476694 -12.1524910118
4 14523 -0.000468287262261 1.63445989133e-05 -56.2349113017 -12.1082034072
5 14263 -0.000625456268713 1.62166022048e-05 -56.0916659109 -12.1569950589
6 14190 -0.000781791065122 1.6389739759e-05 -55.9499979527 -12.1380855556
7 13872 -0.000941598095172 1.52358660072e-05 -55.8060185738 -12.1210555228
8 15248 -0.00108329411529 1.63545536525e-05 -55.6790567271 -12.0983632626
9 14960 -0.00123685207038 1.66035915957e-05 -55.5422034612 -12.1171671769
10 14311 -0.00139624177021 1.63351113118e-05 -55.400957108 -12.0975375449
11 14068 -0.00155440260332 1.57751556974e-05 -55.2616026771 -12.143118671
12 14638 -0.00170413891217 1.61173401347e-05 -55.130401925 -12.1417177173
13 14711 -0.0018567431406 1.59908894562e-05 -54.9974136913 -12.137364349
14 14975 -0.00200680783644 1.64537070679e-05 -54.867346923 -12.1311750407
15 14545 -0.0021634844169 1.6290661682e-05 -54.7322927942 -12.1106233397
16 14363 -0.00231958862338 1.54911553085e-05 -54.5984811303 -12.1256022336
17 15383 -0.00246302605173 1.69163204101e-05 -54.4761812079 -12.0830559175
18 14257 -0.00262572827933 1.52629566784e-05 -54.3382072492 -12.1493225233
19 15628 -0.00276593976896 1.61042172235e-05 -54.2199418178 -12.0673339251
20 15727 -0.00291341286323 1.65030939915e-05 -54.0961817046 -12.0988084849
21 15199 -0.00306714111469 1.64976262465e-05 -53.9678548583 -12.1446163542
22 14697 -0.00322342162223 1.60239941688e-05 -53.8381060289 -12.1613246139
23 14911 -0.00337412159883 1.60483715131e-05 -53.7136614761 -12.1024659173
24 15091 -0.00352414936988 1.64520916877e-05 -53.590421371 -12.0471432666
25 14660 -0.0036801945208 1.64633220518e-05 -53.4629202686 -12.07577752
26 14225 -0.00383871521291 1.58385373416e-05 -53.3341027593 -12.0816894201
27 14706 -0.00398870325044 1.65774691497e-05 -53.2128692549 -12.1304475867
28 14105 -0.00414899819362 1.49540746255e-05 -53.0839980308 -12.1103561088
29 15955 -0.0042849539779 1.66769401685e-05 -52.9752516794 -12.0888161956
30 15150 -0.00444055296901 1.64157140854e-05 -52.851416029 -12.1374495113
31 14772 -0.00459566322737 1.60125381167e-05 -52.7286257567 -12.098636227
32 15004 -0.00474578537087 1.64597808858e-05 -52.6104034549 -12.0615672656
33 14564 -0.00490241647631 1.61237374724e-05 -52.4876994998 -12.0713362224
34 14627 -0.00505551832238 1.60457248274e-05 -52.3683912085 -12.0834164515
35 14807 -0.00520695024847 1.58753329053e-05 -52.2509929781 -12.1223542342
36 15251 -0.00535457815826 1.70231128995e-05 -52.1371221721 -12.0853656618
37 13982 -0.00551990693585 1.56567884379e-05 -52.0102705466 -12.0931924666
38 14725 -0.00566808228294 1.57311810959e-05 -51.8971793427 -12.0986360025
39 15390 -0.00581370635692 1.61461699132e-05 -51.7865829109 -12.0744433419
40 15422 -0.0059630200278 1.64317585625e-05 -51.6737438243 -12.0718608932
41 15012 -0.00611703186149 1.68643701e-05 -51.5579433062 -12.0594325077
42 13986 -0.0062807947511 1.58932154073e-05 -51.4354621439 -12.0554595503
43 14379 -0.00643300311461 1.55314907595e-05 -51.3222198821 -12.0581945831
44 15337 -0.00657702907269 1.66231240592e-05 -51.2155909522 -12.081864246
45 14643 -0.00673478891898 1.56857111534e-05 -51.0993764055 -12.1238931273
46 15375 -0.0068800620765 1.68234333827e-05 -50.9928946276 -12.0435585944
47 14384 -0.00704115284046 1.56122828568e-05 -50.8754134602 -12.0703172163
48 15217 -0.00718649854154 1.62288816342e-05 -50.7699475424 -12.1298798146
49 15121 -0.00733806246326 1.62678262765e-05 -50.6605036626 -12.1023668815
50 14966 -0.00749077299263 1.57659663294e-05 -50.5507792949 -12.0496597363
51 15587 -0.0076357952474 1.60240348738e-05 -50.447084077 -12.0936360283
52 15814 -0.00778213026519 1.6708159969e-05 -50.3429453065 -12.0699247664
53 14968 -0.00793896196393 1.58394977937e-05 -50.2318847577 -12.1113722609
54 15473 -0.00808519597443 1.66097199774e-05 -50.1288362168 -12.1286090988
55 14793 -0.00824202772127 1.64794947743e-05 -50.0188596274 -12.0392056116
56 14330 -0.00840011880223 1.54588731719e-05 -49.9085613925 -12.0769900713
57 15398 -0.00854318697083 1.65388786574e-05 -49.8092267997 -12.0910602571
58 14827 -0.00869916847399 1.67761912415e-05 -49.7014446543 -12.0892733292
59 13938 -0.00886235729179 1.55732827209e-05 -49.5892568862 -12.070035311
60 14803 -0.00900934960475 1.6156009063e-05 -49.4887030274 -12.0188906252
61 14819 -0.00916176379005 1.57799255647e-05 -49.3849362403 -12.0504078701
62 15412 -0.00930773606341 1.5547021608e-05 -49.2860253753 -12.0534515055
63 16413 -0.00944710070246 1.72933090283e-05 -49.1920181108 -12.0672099149
64 14641 -0.00961123138679 1.60975369935e-05 -49.0818353112 -12.0584382494
65 14744 -0.00976347942926 1.63096389496e-05 -48.9801384946 -12.0258621353
66 14531 -0.00991885668744 1.56214254432e-05 -48.8768528594 -12.0470473863
67 15358 -0.0100636172727 1.64713788648e-05 -48.7810771164 -12.07095508
68 14890 -0.0102186329111 1.5530575474e-05 -48.6789970836 -12.0813227762
69 15883 -0.0103601510022 1.66314214258e-05 -48.5862364213 -12.0491337029
70 15151 -0.0105153181619 1.59734616862e-05 -48.4849987731 -12.0667061384
71 15451 -0.0106628960213 1.61223217337e-05 -48.3891652863 -12.0244421921
72 15520 -0.0108115146102 1.61061273357e-05 -48.2930987869 -12.0489557081
73 15615 -0.0109595318285 1.62234421387e-05 -48.19785967 -12.0632801589
74 15525 -0.0111090603136 1.65552232781e-05 -48.1020896105 -12.0324488276
75 14925 -0.011264684937 1.58268481634e-05 -48.0028830277 -12.0487847526
76 15448 -0.0114109185272 1.61945425859e-05 -47.9100949327 -11.982728888
77 15404 -0.0115607654276 1.68203930358e-05 -47.8154452881 -12.0008971675
78 14415 -0.0117216506043 1.57564055287e-05 -47.7143058648 -12.0024815443
79 15028 -0.0118692572241 1.57356845428e-05 -47.6219503197 -12.0354640812
80 15700 -0.0120134800183 1.68384501185e-05 -47.5321125929 -12.0360433498
81 14666 -0.0121731585026 1.60918926561e-05 -47.4331061066 -12.0477174769
82 14777 -0.0123251798409 1.55530594695e-05 -47.3392921996 -11.9745969184
83 15727 -0.0124676063723 1.60837420506e-05 -47.2517903819 -12.0559422341
84 15859 -0.0126142751904 1.70246056073e-05 -47.162075004 -12.0244312058
85 14537 -0.0127764303046 1.55487474368e-05 -47.0633475856 -12.062685774
86 15478 -0.0129199564466 1.60376287912e-05 -46.9763632527 -12.0353133865
87 15681 -0.013067031842 1.60406972584e-05 -46.8876158205 -12.0265630623
88 15882 -0.0132132028654 1.66065779686e-05 -46.7998006325 -11.9912384883
89 15188 -0.0133679481092 1.6292369141e-05 -46.7072514301 -11.9954337931
90 14995 -0.0135207414065 1.56271201313e-05 -46.6162877369 -12.0061117861
91 15839 -0.0136633378953 1.62660243073e-05 -46.5317668876 -12.0245081211
92 15680 -0.0138125168484 1.70216679044e-05 -46.4437266268 -12.0510928844
93 14377 -0.0139755424891 1.51939234693e-05 -46.3479584591 -11.9346333418
94 15870 -0.0141140484161 1.69422849172e-05 -46.2669560701 -11.9937921597
95 14669 -0.0142746919039 1.59292820527e-05 -46.1734205436 -12.04571153
96 15026 -0.0144239248534 1.59338095204e-05 -46.0869242275 -12.000320938
97 15385 -0.0145714501607 1.60696567128e-05 -46.0017894725 -11.9919944916
98 15537 -0.0147195044707 1.61474974324e-05 -45.916718688 -12.0234023149
99 15567 -0.014868132342 1.61749739356e-05 -45.8316880075 -12.0042331273
100 15553 -0.0150170770834 1.62897723276e-05 -45.7468452164 -11.9972540922
101 15359 -0.0151680229002 1.55755902992e-05 -45.6612371659 -11.9846532063
102 16309 -0.0153080875934 1.6260045362e-05 -45.5821354525 -11.9557325201
103 16155 -0.0154550026789 1.62266396736e-05 -45.4995094827 -11.9455669532
104 16056 -0.0156020636671 1.61139900341e-05 -45.4171525173 -11.9991871814
105 16141 -0.0157477184172 1.66985364728e-05 -45.3359271067 -12.0168428796
106 15293 -0.0159027882893 1.67563855124e-05 -45.2498251739 -11.9993158728
107 14405 -0.0160631208371 1.54376257866e-05 -45.1612039417 -12.0613838329
108 15512 -0.0162054660386 1.61785126176e-05 -45.0828658579 -12.0090585478
109 15493 -0.0163547340379 1.61008162078e-05 -45.0010601252 -12.0333498081
110 15596 -0.0165027914163 1.62314236367e-05 -44.9202618222 -11.9610247339
111 15493 -0.0166525451862 1.57052147796e-05 -44.838884021 -11.9562422381
112 16236 -0.0167940928434 1.59789518326e-05 -44.7622836585 -11.9593231711
113 16548 -0.0169367431176 1.69995438362e-05 -44.685397499 -11.9737673417
114 15207 -0.0170950516762 1.51971682858e-05 -44.6004348831 -12.0054209941
115 16781 -0.0172297757544 1.70408366175e-05 -44.5284288539 -11.9866531629
116 15357 -0.0173876934236 1.56780917661e-05 -44.4443743745 -11.9835589812
117 16138 -0.017529425472 1.61950424964e-05 -44.3692527027 -11.9569723369
118 16091 -0.0176760421784 1.67664815943e-05 -44.2918563472 -11.9667183023
119 15141 -0.0178325227257 1.60093931017e-05 -44.2096034809 -11.9829353882
120 15384 -0.0179807514914 1.64052959255e-05 -44.132019736 -11.9804869262
121 15016 -0.0181344986341 1.56656343363e-05 -44.051886372 -12.0182711609
122 15799 -0.018277626434 1.63421623248e-05 -43.9775959344 -11.9556423345
123 15520 -0.0184282739107 1.63027367424e-05 -43.899721333 -11.9390712748
124 15307 -0.0185795998532 1.5926117044e-05 -43.8218232923 -11.9906504396
125 15685 -0.0187256371726 1.58478257949e-05 -43.7469567845 -12.0072758742
126 16200 -0.0188686252969 1.58936525939e-05 -43.6739458501 -11.9650849296
127 16655 -0.0190100578424 1.6841754738e-05 -43.6020121366 -11.9251845978
128 15552 -0.0191651471556 1.6005683975e-05 -43.5234539921 -11.9599044625
129 15808 -0.0193113427397 1.56970316352e-05 -43.4497069149 -11.9580671672
130 16579 -0.0194513417832 1.6567621623e-05 -43.3793623871 -11.955807944
131 15918 -0.0196021458522 1.65455113793e-05 -43.303889843 -11.9487176398
132 15317 -0.0197556715866 1.60945848518e-05 -43.2273740816 -11.942399602
133 15429 -0.0199044724732 1.62739111214e-05 -43.1535182993 -12.0089661881
134 15262 -0.020055754316 1.56539385158e-05 -43.0787371817 -11.9053801598
135 16077 -0.0201975336466 1.60633928562e-05 -43.0089317729 -11.9436790214
136 16246 -0.0203422641011 1.63296620121e-05 -42.937949638 -11.9411165912
137 15979 -0.0204906169125 1.66212958322e-05 -42.8654789313 -11.9688849223
138 15258 -0.0206451437327 1.55586313874e-05 -42.7903003527 -11.9175937609
139 16229 -0.0207853972649 1.6385276937e-05 -42.722336441 -11.977941386
140 15872 -0.0209347539403 1.55856728432e-05 -42.650242765 -11.9277317048
141 16836 -0.0210726963924 1.70069896032e-05 -42.5839150537 -11.9632995034
142 15460 -0.0212297730863 1.55126241169e-05 -42.5086849272 -11.8932170645
143 16521 -0.0213683707444 1.6332922065e-05 -42.4425671574 -11.9503497102
144 16244 -0.0215155373728 1.64035134791e-05 -42.3726289049 -11.9842169671
145 15858 -0.0216651295057 1.56931748915e-05 -42.3018185446 -11.9024623722
146 16638 -0.0218048459429 1.71129704834e-05 -42.235936905 -11.9663027212
147 15115 -0.0219646954204 1.53999348559e-05 -42.1608608942 -11.9469146601
148 16339 -0.0221030524121 1.62388958196e-05 -42.0961354448 -11.9577680722
149 16219 -0.0222494844616 1.60032491451e-05 -42.0278898609 -11.9256013272
150 16490 -0.022392602903 1.64338169905e-05 -41.961443052 -11.9385785487
151 16049 -0.0225415780578 1.59257683151e-05 -41.8925427542 -11.8767160806
152 16446 -0.0226841938787 1.70254723203e-05 -41.8268360602 -11.9265083704
153 15074 -0.0228434439342 1.53281746818e-05 -41.7537556659 -11.9236279032
154 16414 -0.0229808407902 1.6324629874e-05 -41.6909483498 -11.8993701777
155 16152 -0.0231283493078 1.63243439833e-05 -41.6237694831 -11.9245596434
156 15895 -0.0232770446132 1.61368647182e-05 -41.55631142 -11.9244195747
157 15943 -0.0234238132333 1.61548546854e-05 -41.4899832242 -11.8563634399
158 15962 -0.0235706580991 1.59776468524e-05 -41.4238734483 -11.9450257122
159 16271 -0.0237145062356 1.59788996029e-05 -41.3593566783 -11.9769654454
160 16583 -0.0238570021586 1.61385250746e-05 -41.2956830298 -11.8900748944
161 16630 -0.0240007208311 1.62911609159e-05 -41.2317002558 -11.8941043459
162 16421 -0.0241467197534 1.62453829492e-05 -41.1669449484 -11.9017498667
163 16290 -0.0242928921771 1.67692558854e-05 -41.1023562927 -11.8791876801
164 15324 -0.0244484616057 1.58690542468e-05 -41.0338816507 -11.8915505341
165 15793 -0.0245934741858 1.60174479503e-05 -40.9702994662 -11.8962758302
166 16033 -0.0247387433578 1.60365859241e-05 -40.9068412378 -11.9036172608
167 16245 -0.0248832337007 1.58246933719e-05 -40.8439567054 -11.8984755693
168 16818 -0.0250233658542 1.6553356627e-05 -40.783190141 -11.8705431561
169 16171 -0.0251728574828 1.62887398202e-05 -40.7186037772 -11.9358244878
170 15971 -0.0253208737533 1.56032241974e-05 -40.6548963895 -11.9015399598
171 16911 -0.025458665737 1.67180133068e-05 -40.5958044679 -11.9266941185
172 15991 -0.0256104906426 1.6090108114e-05 -40.5309331149 -11.9247119357
173 16115 -0.0257560483098 1.57717513455e-05 -40.4689731866 -11.8422017474
174 16774 -0.0258958972937 1.66067025069e-05 -40.4096574892 -11.9142014724
175 16041 -0.0260464739277 1.61063613756e-05 -40.3460251654 -11.912883753
176 16139 -0.0261920714034 1.55444128926e-05 -40.2847258989 -11.9085460657
177 17191 -0.0263282200431 1.63296730735e-05 -40.227607302 -11.9142145446
178 16908 -0.0264724378786 1.57477314088e-05 -40.1673157833 -11.8475655526
179 17642 -0.0266085937963 1.70591752279e-05 -40.1105940764 -11.8978672404
180 16115 -0.0267629188659 1.59028033906e-05 -40.0465361782 -11.8860665732
181 16552 -0.0269048715035 1.67982677554e-05 -39.9878312781 -11.9024781209
182 15525 -0.0270596992838 1.50286542858e-05 -39.9240380251 -11.8914015906
183 17429 -0.0271904307689 1.66413213768e-05 -39.8703639883 -11.8797774768
184 16609 -0.0273387188468 1.56102440782e-05 -39.809692231 -11.8679819807
185 17574 -0.027473947451 1.66075385738e-05 -39.7545577379 -11.9332666383
186 16805 -0.02762107055 1.63080201978e-05 -39.6947827994 -11.8850620223
187 16565 -0.0277665819748 1.54391673435e-05 -39.6358758899 -11.8674050783
188 17835 -0.0278993462291 1.71700131029e-05 -39.5823134106 -11.8936766466
189 16109 -0.0280547014836 1.60718996493e-05 -39.5198585982 -11.8695236844
190 16264 -0.0281994271508 1.59203644567e-05 -39.4618910795 -11.8549576264
191 16675 -0.0283410102694 1.62075150318e-05 -39.4053809912 -11.8896200423
192 16605 -0.0284854492899 1.61074551881e-05 -39.3479325094 -11.8879135159
193 16704 -0.0286285704088 1.63685944234e-05 -39.2912078808 -11.8716527939
194 16365 -0.0287755139357 1.60482872219e-05 -39.2331739908 -11.9176918261
195 16562 -0.028918720491 1.62740881812e-05 -39.1768154736 -11.8708352079
196 16382 -0.0290647390073 1.6694126079e-05 -39.1195520162 -11.8602855758
197 15528 -0.029218588963 1.57665262356e-05 -39.0594365022 -11.8779303486
198 16171 -0.0293609717656 1.58371569073e-05 -39.0040009866 -11.8870322149
199 16720 -0.0295016238015 1.59472299382e-05 -38.9494264623 -11.9051442557
200 17096 -0.0296416894417 1.60949825207e-05 -38.8952633587 -11.8623902951
201 17220 -0.0297825419596 1.63053040831e-05 -38.8409800992 -11.847694525
202 16979 -0.0299262455475 1.65057922412e-05 -38.7857873904 -11.8375287269
203 16404 -0.0300742418931 1.59182837745e-05 -38.7291447985 -11.8519616903
204 16822 -0.0302151862317 1.61924275338e-05 -38.6753878406 -11.8448473488
205 16777 -0.0303587489775 1.65720831857e-05 -38.6208184213 -11.8603108757
206 16101 -0.0305087348115 1.55493617832e-05 -38.5640072287 -11.8957830161
207 17142 -0.0306451217261 1.60351891469e-05 -38.5125232483 -11.8378965132
208 17372 -0.0307848379555 1.68658505461e-05 -38.4599557098 -11.8195598073
209 16182 -0.0309370961129 1.57292177088e-05 -38.402867934 -11.9167474923
210 16916 -0.0310759785101 1.65958174845e-05 -38.3509749979 -11.8500263487
211 16195 -0.0312257408648 1.59356331251e-05 -38.2952079514 -11.8365739944
212 16579 -0.0313678714855 1.60753372276e-05 -38.2424652606 -11.8179898287
213 16733 -0.031510586389 1.54795325193e-05 -38.1896836935 -11.8233831663
214 17942 -0.031643300013 1.68189622261e-05 -38.1407602149 -11.8970257436
215 16793 -0.0317923489632 1.57298485748e-05 -38.0859969208 -11.8570756401
216 17554 -0.0319286912254 1.63291984266e-05 -38.0360701316 -11.8378731213
217 17266 -0.0320714025437 1.64802901176e-05 -37.9839819985 -11.8522198434
218 16725 -0.0322177476157 1.57828683363e-05 -37.9307482466 -11.8175006875
219 17389 -0.032355196955 1.64696828221e-05 -37.8809161328 -11.8233824995
220 16862 -0.0325008513093 1.56948158468e-05 -37.8282836699 -11.8711500978
221 17689 -0.0326363698718 1.691885768e-05 -37.779474146 -11.8495673982
222 16389 -0.0327881389721 1.65389893354e-05 -37.7249942617 -11.8392610089
223 15781 -0.0329393329086 1.58496515412e-05 -37.6709116799 -11.8392900373
224 16297 -0.0330819150937 1.59609478993e-05 -37.6200831704 -11.8210802394
225 16640 -0.0332240077974 1.58112952159e-05 -37.569595981 -11.8135313092
226 17251 -0.0333622554032 1.58552329586e-05 -37.520634068 -11.8132463184
227 17804 -0.0334987141538 1.60209245833e-05 -37.4724588207 -11.8661890917
228 18069 -0.0336355871819 1.65342841319e-05 -37.4242894199 -11.7916127686
229 17407 -0.0337795055981 1.60750462734e-05 -37.3738040693 -11.8314378513
230 17569 -0.033918780306 1.64087402776e-05 -37.3251065248 -11.8414865901
231 17142 -0.0340627049603 1.57464955359e-05 -37.2749464665 -11.8372330899
232 17888 -0.0341979092732 1.65872608234e-05 -37.2279761131 -11.831947749
233 17140 -0.0343434076802 1.5487392904e-05 -37.1775916808 -11.7780642788
234 18364 -0.034474655192 1.67801563731e-05 -37.1322856777 -11.8125353069
235 17256 -0.0346213528957 1.57057764236e-05 -37.0818066708 -11.8302422502
236 18082 -0.0347554836305 1.63863009364e-05 -37.0357994128 -11.8234247199
237 17683 -0.0348969968393 1.58966686232e-05 -36.9874118887 -11.8214097676
238 18174 -0.0350324152784 1.69059805962e-05 -36.9412537525 -11.8242982255
239 16861 -0.0351819340207 1.57130871625e-05 -36.8904538485 -11.7986336355
240 17655 -0.0353177403863 1.61829554424e-05 -36.8444616309 -11.8060320344
241 17625 -0.0354577261548 1.66207566168e-05 -36.797201589 -11.8190396235
242 16831 -0.0356048517196 1.59768153376e-05 -36.7476918139 -11.7844002054
243 17158 -0.0357449239358 1.63740938579e-05 -36.7007079068 -11.7639542235
244 16800 -0.0358899995367 1.55659312959e-05 -36.6522016149 -11.7829455799
245 17856 -0.0360237738886 1.64905073824e-05 -36.6076138274 -11.8253522479
246 17278 -0.0361678447104 1.57279811625e-05 -36.5597435992 -11.7975636939
247 18064 -0.0363022310552 1.6176343825e-05 -36.5152302789 -11.7732067869
248 18046 -0.0364405200559 1.71126257934e-05 -36.4695637481 -11.7646817146
249 16395 -0.0365940011796 1.57178528107e-05 -36.4190452608 -11.791191122
250 17159 -0.0367317991848 1.59543305252e-05 -36.3738359629 -11.8352685839
251 17532 -0.0368701729114 1.64600121677e-05 -36.3285771466 -11.7907118909
252 17017 -0.0370150757873 1.55448754299e-05 -36.2813318035 -11.8040611786
253 18126 -0.0371476726513 1.63834388679e-05 -36.2382317773 -11.8497509942
254 17731 -0.037288968801 1.55335319765e-05 -36.1924432897 -11.7890410072
255 18908 -0.0374186988686 1.63919536174e-05 -36.1505288246 -11.7738225774
256 18480 -0.0375571739718 1.72218250055e-05 -36.1059213353 -11.7976469907
257 16604 -0.0377106570316 1.5960458457e-05 -36.0566383005 -11.7905014888
258 16955 -0.0378514221792 1.64330357755e-05 -36.011585254 -11.8043802443
259 16502 -0.0379983274664 1.55760150026e-05 -35.9647155568 -11.7725916545
260 17522 -0.0381334609806 1.63939340232e-05 -35.9217349678 -11.8036469587
261 17122 -0.0382773404204 1.60061163119e-05 -35.8761124674 -11.790517024
262 17403 -0.0384166790046 1.5764972044e-05 -35.8320666458 -11.7788118306
263 18127 -0.038551149232 1.64076900464e-05 -35.7896868263 -11.7750837985
264 17688 -0.0386928247542 1.58527314361e-05 -35.7451706076 -11.7392368687
265 18260 -0.0388275489096 1.60818908981e-05 -35.7029659825 -11.7335521173
266 18417 -0.0389636368257 1.63392301751e-05 -35.6604596533 -11.7793355013
267 18097 -0.0391031209259 1.69490906399e-05 -35.6170228789 -11.750045192
268 16716 -0.0392536680668 1.52937983949e-05 -35.570288338 -11.8191220797
269 18266 -0.0393836221651 1.62663645798e-05 -35.5300690069 -11.8311269137
270 18081 -0.0395225426495 1.62669054002e-05 -35.4871996274 -11.7946933182
271 17897 -0.0396621804969 1.61140186435e-05 -35.4442384263 -11.8193731468
272 17992 -0.0398001409508 1.70487814427e-05 -35.4019202808 -11.7891622314
273 16452 -0.0399527840649 1.49890505016e-05 -35.3552447703 -11.7651090019
274 18544 -0.0400791889702 1.65867416058e-05 -35.3167083381 -11.7926212556
275 17770 -0.0402220824446 1.66619145069e-05 -35.2732710016 -11.8082902909
276 16899 -0.0403692761413 1.58098443971e-05 -35.2286655324 -11.7904163898
277 17522 -0.0405064375459 1.6186629986e-05 -35.1872266955 -11.7519918382
278 17486 -0.0406470116977 1.60930955398e-05 -35.1448828243 -11.7757115127
279 17616 -0.0407862549399 1.5553985275e-05 -35.1030650569 -11.7676924103
280 18746 -0.0409167147299 1.62673963293e-05 -35.0639977307 -11.8136526057
281 18555 -0.0410538609945 1.63001589945e-05 -35.0230450089 -11.79834664
282 18305 -0.041192218687 1.62764224582e-05 -34.9818514722 -11.746172196
283 18102 -0.0413311477685 1.64872193582e-05 -34.9406094942 -11.7488787779
284 17522 -0.0414741839269 1.62879599738e-05 -34.898275135 -11.7348929294
285 17307 -0.041616367062 1.57494948945e-05 -34.856320209 -11.7355320653
286 18055 -0.0417509714698 1.60182415674e-05 -34.8167177215 -11.7521682008
287 18328 -0.0418868484992 1.61707061173e-05 -34.7768548787 -11.776772805
288 18320 -0.0420240508199 1.62196112382e-05 -34.7367190228 -11.7247211704
289 18221 -0.0421620400621 1.63473180571e-05 -34.6964698261 -11.7690371883
290 17889 -0.0423023993343 1.63619926777e-05 -34.6556490407 -11.723808534
291 17537 -0.0424442877935 1.60339062507e-05 -34.6145056966 -11.7932874857
292 17774 -0.0425824015464 1.65628170658e-05 -34.5745743695 -11.7483381742
293 17073 -0.0427279702086 1.60347768102e-05 -34.5326125689 -11.7239280009
294 17302 -0.0428679619531 1.61138641027e-05 -34.4923787435 -11.7337491381
295 17394 -0.0430082720773 1.56804720852e-05 -34.4521713146 -11.7502494214
296 18274 -0.0431414830448 1.6590501127e-05 -34.4141069901 -11.7492797472
297 17504 -0.0432854883505 1.61881001433e-05 -34.3730768938 -11.7416853074
298 17465 -0.0434261580284 1.5985594225e-05 -34.3331157004 -11.6931710794
299 17788 -0.0435638012303 1.62170906768e-05 -34.2941271448 -11.7420704303
300 17697 -0.0437037990836 1.6500900978e-05 -34.2545856614 -11.6665511099
301 17106 -0.0438486832082 1.54253779977e-05 -34.2137846651 -11.7320378019
302 18443 -0.0439791229643 1.68472200519e-05 -34.17715584 -11.7552361068
303 17212 -0.0441265915847 1.4988602824e-05 -34.1358638443 -11.7588771815
304 19402 -0.0442501677534 1.66889574423e-05 -34.101358486 -11.7007523949
305 18400 -0.0443914570687 1.61987119453e-05 -34.0620147062 -11.717019683
306 18340 -0.0445288228757 1.63755426483e-05 -34.0238729883 -11.7644802059
307 17955 -0.0446691683387 1.64105173286e-05 -33.9850149586 -11.7313499397
308 17516 -0.0448115657777 1.64878214324e-05 -33.9457030031 -11.7087285744
309 16954 -0.0449569846479 1.5768018954e-05 -33.9056751313 -11.7311334636
310 17654 -0.0450932712785 1.57834070124e-05 -33.8682689688 -11.7015842493
311 18354 -0.0452270634997 1.69255163178e-05 -33.8316486398 -11.7496751392
312 16994 -0.0453761667414 1.56643440427e-05 -33.7909551614 -11.6873028319
313 17883 -0.0455106874267 1.62235481339e-05 -33.7543475352 -11.7112861248
314 17779 -0.0456504142907 1.5552732508e-05 -33.7164291021 -11.7151914666
315 18922 -0.0457802559392 1.6686409772e-05 -33.681289675 -11.7269074705
316 17950 -0.0459232857828 1.57398616886e-05 -33.6426881394 -11.6972820651
317 18744 -0.046055311855 1.65087104221e-05 -33.6071555551 -11.7346233827
318 18104 -0.0461962137845 1.63167759439e-05 -33.569338803 -11.739014008
319 17830 -0.0463365452477 1.58725783621e-05 -33.5317820833 -11.7316309253
320 18370 -0.0464710353213 1.58648338085e-05 -33.4958884108 -11.6845128729
321 18941 -0.0466034172129 1.61401394841e-05 -33.460652321 -11.7162471252
322 18991 -0.0467379172215 1.69576515626e-05 -33.4249485268 -11.7451397188
323 17527 -0.046885016188 1.61109638384e-05 -33.3860106821 -11.6909935971
324 17626 -0.047024377197 1.56875438838e-05 -33.3492270834 -11.6980973046
325 18504 -0.0471568158356 1.67158081069e-05 -33.3143657644 -11.6952171597
326 17501 -0.0473019230551 1.60005426121e-05 -33.2762757687 -11.6894713931
327 17798 -0.0474396576653 1.66644691422e-05 -33.24022319 -11.6846561396
328 16921 -0.0475867771336 1.50953302985e-05 -33.201823499 -11.6884594951
329 18867 -0.0477129834657 1.68664365313e-05 -33.1689720478 -11.7218836085
330 17574 -0.0478590941728 1.5694834667e-05 -33.131042531 -11.7026057601
331 18436 -0.0479918394118 1.60790365713e-05 -33.0966780914 -11.7388406728
332 18600 -0.0481272325347 1.64248531441e-05 -33.0617214399 -11.6465930274
333 18118 -0.0482673632525 1.59556333804e-05 -33.0256403923 -11.7247953032
334 18510 -0.0484020449818 1.62687719887e-05 -32.9910566785 -11.6670875723
335 18319 -0.0485400840788 1.60892853901e-05 -32.9557064069 -11.7236881031
336 18463 -0.0486760661584 1.58789577217e-05 -32.9209771143 -11.7045874063
337 19009 -0.0488083265976 1.63462599479e-05 -32.8872876497 -11.7010358476
338 18665 -0.0489457295801 1.68867774254e-05 -32.8523812069 -11.6597712585
339 17350 -0.049092957656 1.5253414135e-05 -32.8150834371 -11.7004207397
340 19037 -0.0492199172012 1.6836397735e-05 -32.7830069726 -11.6786583317
341 17786 -0.0493648941178 1.56447795458e-05 -32.7464760945 -11.688030181
342 18753 -0.0494960909008 1.64909975268e-05 -32.7135069331 -11.6929932275
343 18145 -0.0496366815533 1.53121041525e-05 -32.6782710744 -11.667987106
344 19790 -0.0497616791926 1.69032659959e-05 -32.6470245554 -11.6951060741
345 18365 -0.0499049205769 1.57788950812e-05 -32.6113112534 -11.6852397161
346 19102 -0.050036029805 1.65445806644e-05 -32.578710182 -11.6832904629
347 18383 -0.0501761630214 1.59655627973e-05 -32.5439572454 -11.6396571499
348 18761 -0.0503100211383 1.65700268858e-05 -32.5108489576 -11.7040282739
349 18008 -0.0504518224464 1.55629210813e-05 -32.4758698832 -11.6543630135
350 19146 -0.0505809872842 1.58188819522e-05 -32.4440916571 -11.658533977
351 19833 -0.0507099817058 1.62585402018e-05 -32.4124347177 -11.6859356958
352 19648 -0.0508431842411 1.70427117574e-05 -32.3798279717 -11.6772377566
353 17977 -0.0509891562306 1.53826740825e-05 -32.3441917591 -11.6787219118
354 19467 -0.0511157691921 1.55909682774e-05 -32.3133629834 -11.6460069786
355 20638 -0.0512404009402 1.71995016488e-05 -32.2830901021 -11.6585439109
356 18585 -0.0513852857914 1.61631427859e-05 -32.2479890735 -11.655015912
357 18591 -0.0515214201928 1.63524105087e-05 -32.2150971106 -11.6445449239
358 18243 -0.0516604549133 1.51984101235e-05 -32.1815931482 -11.6790687854
359 20129 -0.051783476639 1.66559521126e-05 -32.1520224373 -11.6477965727
360 19154 -0.0519216852576 1.62634382058e-05 -32.1188843872 -11.6574858597
361 18966 -0.0520573027375 1.57304396438e-05 -32.086452797 -11.676690106
362 19824 -0.0521856055352 1.73723631902e-05 -32.0558478244 -11.6845704196
363 17542 -0.052336234681 1.612011771e-05 -32.0200128328 -11.6887978258
364 17624 -0.0524756799974 1.5079115439e-05 -31.9869302148 -11.6543551706
365 19684 -0.0525991087541 1.70553563226e-05 -31.9577207208 -11.6492257823
366 17987 -0.0527451489565 1.54425871487e-05 -31.9232487597 -11.5944574775
367 19359 -0.0528726075849 1.60641726623e-05 -31.8932410183 -11.6504481828
368 19561 -0.0530045119724 1.68164752852e-05 -31.8622630068 -11.6697767662
369 18313 -0.0531472204776 1.52843926674e-05 -31.828834817 -11.6428531537
370 20030 -0.0532712432186 1.65215788115e-05 -31.7998569265 -11.6745378915
371 19321 -0.0534077421812 1.647879642e-05 -31.7680424976 -11.6367095375
372 18718 -0.0535460627973 1.60474693336e-05 -31.7358871207 -11.6708479893
373 18945 -0.0536799536849 1.62198828087e-05 -31.7048414047 -11.6691848641
374 18842 -0.0538156518309 1.60188740364e-05 -31.6734565118 -11.6569012825
375 19126 -0.0539486704328 1.66145469493e-05 -31.6427691129 -11.6515318638
376 18276 -0.0540898076763 1.59447729446e-05 -31.6102925968 -11.6147246931
377 18692 -0.0542237408268 1.61568348582e-05 -31.5795533237 -11.6323857455
378 18710 -0.0543593886305 1.63155726448e-05 -31.5484991676 -11.619133516
379 18429 -0.0544974101793 1.61845942265e-05 -31.5169825204 -11.6484767546
380 18395 -0.0546344500522 1.56376610742e-05 -31.485770499 -11.6524822819
381 19409 -0.0547633514633 1.68209402793e-05 -31.4564849877 -11.6488353356
382 18162 -0.0549066881568 1.6594006614e-05 -31.424002557 -11.6536959443
383 17391 -0.0550511929996 1.50976103892e-05 -31.3913431969 -11.6240018533
384 19387 -0.0551757155267 1.60643019059e-05 -31.3632704558 -11.6797483467
385 19589 -0.0553075265522 1.65209360359e-05 -31.3336253586 -11.6230133451
386 18897 -0.055445543571 1.60719738665e-05 -31.3026622355 -11.6572703277
387 19079 -0.0555791683688 1.64683453006e-05 -31.2727599684 -11.661077167
388 18503 -0.0557182014821 1.53764105063e-05 -31.2417259878 -11.6363913942
389 20049 -0.0558429112386 1.68442423243e-05 -31.2139570706 -11.622644799
390 18717 -0.055984303855 1.62072788723e-05 -31.1825508012 -11.6237316587
391 18639 -0.0561206327154 1.5350151994e-05 -31.1523468937 -11.6255629
392 20250 -0.0562445088592 1.64099916894e-05 -31.1249677285 -11.6112424422
393 19755 -0.0563785866614 1.63374984844e-05 -31.0954041605 -11.6624373467
394 19415 -0.0565132382433 1.58464773515e-05 -31.0657874415 -11.6106489134
395 20056 -0.0566417393416 1.6435144023e-05 -31.0375918413 -11.5987107543
396 19516 -0.0567768427496 1.6567776098e-05 -31.0080192584 -11.6393688983
397 18737 -0.0569158393798 1.62258034503e-05 -30.9776709087 -11.5880754428
398 18624 -0.0570523794521 1.63128351724e-05 -30.9479341002 -11.611834175
399 18349 -0.057190676891 1.5411923005e-05 -30.9178902296 -11.6424303686
400 19810 -0.0573164250933 1.6808858162e-05 -30.8906384332 -11.5959392956
401 18560 -0.057458114936 1.60767072436e-05 -30.8600067057 -11.6407975766
402 18729 -0.0575930195219 1.59719528507e-05 -30.830915359 -11.5929687741
403 19102 -0.0577257315458 1.57762885274e-05 -30.8023665139 -11.6840060325
404 19873 -0.0578542483918 1.62427869241e-05 -30.7747857728 -11.631451104
405 19719 -0.0579870816836 1.67035230271e-05 -30.746346328 -11.627379097
406 18673 -0.0581274566446 1.56733193242e-05 -30.7163666777 -11.6314902868
407 19631 -0.0582559192332 1.66230602649e-05 -30.6889979418 -11.6233479047
408 18742 -0.0583953608471 1.61810946052e-05 -30.6593621477 -11.6227077842
409 18714 -0.0585311980838 1.53387908701e-05 -30.6305642149 -11.654083962
410 20355 -0.0586546628517 1.65024263953e-05 -30.6044505544 -11.602067455
411 19673 -0.0587897794829 1.62436103413e-05 -30.5759390751 -11.6135351936
412 19519 -0.0589232986182 1.64124325848e-05 -30.5478328564 -11.6009573189
413 19038 -0.0590599012177 1.59118578906e-05 -30.5191474342 -11.6219197808
414 19536 -0.0591906371039 1.6348597483e-05 -30.4917599256 -11.6064173703
415 19178 -0.0593262095891 1.57956540945e-05 -30.4634270974 -11.6300618007
416 19913 -0.0594547553568 1.6316809868e-05 -30.4366263756 -11.6110407969
417 19611 -0.0595885613689 1.60981175164e-05 -30.408794484 -11.6198469916
418 19747 -0.0597201188875 1.62138860506e-05 -30.3814952432 -11.6121200269
419 19652 -0.0598529433117 1.62724878234e-05 -30.3539982245 -11.6227949029
420 19441 -0.0599869674365 1.61004821284e-05 -30.3263189312 -11.594280095
421 19571 -0.0601191341655 1.57049267338e-05 -30.2990880175 -11.6104847583
422 20510 -0.0602450700848 1.70780507548e-05 -30.2732005128 -11.6094902188
423 18699 -0.0603884945619 1.54212644786e-05 -30.2437886883 -11.5966705377
424 20169 -0.0605131950976 1.68055920538e-05 -30.2182774822 -11.5614133528
425 18903 -0.0606535677428 1.54393470226e-05 -30.1896276455 -11.5960762632
426 20352 -0.0607778532636 1.63841494506e-05 -30.1643206924 -11.5570566311
427 19907 -0.0609112091696 1.68127573452e-05 -30.1372287949 -11.5801266695
428 18644 -0.0610526141182 1.55959448246e-05 -30.1085715211 -11.5858732624
429 19756 -0.0611800398432 1.59482292033e-05 -30.0828086416 -11.5953261403
430 20198 -0.0613089091469 1.61692879724e-05 -30.0568128482 -11.5777365064
431 20192 -0.0614395850396 1.62384388534e-05 -30.0305129561 -11.5474430731
432 20045 -0.0615713005502 1.6738031582e-05 -30.0040650993 -11.5802078422
433 18916 -0.0617110612355 1.60017664157e-05 -29.9760688383 -11.5684537688
434 19234 -0.0618435625105 1.56235774376e-05 -29.9495902611 -11.5812735701
435 20324 -0.0619694175468 1.64101305186e-05 -29.9244968911 -11.5816181315
436 19827 -0.0621032531112 1.65707142759e-05 -29.8978731104 -11.5771950006
437 19030 -0.0622412003068 1.54978910844e-05 -29.8704967388 -11.5888362696
438 20367 -0.062365910866 1.67660154024e-05 -29.8458041356 -11.5497466688
439 19165 -0.0625049912895 1.57901634901e-05 -29.8183298044 -11.5990759743
440 19911 -0.0626335001063 1.61210142369e-05 -29.7930031311 -11.5861217979
441 20003 -0.0627644004716 1.67260272538e-05 -29.7672634997 -11.603348978
442 18899 -0.0629041224241 1.50667263097e-05 -29.7398540092 -11.557485729
443 21134 -0.0630231419033 1.67207898319e-05 -29.7165583386 -11.5670384103
444 19978 -0.0631589951607 1.63152664456e-05 -29.6900267159 -11.5763077395
445 19678 -0.063292560229 1.57669385244e-05 -29.6640030004 -11.5619214683
446 20492 -0.0634190470485 1.71206312569e-05 -29.6394140067 -11.585613924
447 18602 -0.0635632030047 1.52123226288e-05 -29.6114558616 -11.6072330174
448 20496 -0.0636852297866 1.66532338668e-05 -29.5878440659 -11.5562393903
449 19508 -0.0638221542176 1.56220164847e-05 -29.5614089491 -11.5687525667
450 20617 -0.0639470998804 1.59223381085e-05 -29.5373410647 -11.5485733963
451 21134 -0.0640728793547 1.66534062196e-05 -29.5131649887 -11.569006084
452 20115 -0.0642077237619 1.63700734692e-05 -29.4873047714 -11.5786202106
453 19703 -0.0643416521055 1.59498468465e-05 -29.461679679 -11.5748922826
454 20141 -0.0644707183061 1.61371683047e-05 -29.4370407479 -11.5528226802
455 20201 -0.0646011063657 1.57544062127e-05 -29.4122049665 -11.5886333646
456 21064 -0.0647257664756 1.67272112978e-05 -29.3885122086 -11.5789120396
457 19899 -0.0648619418563 1.59284045734e-05 -29.3626887587 -11.5401847691
458 20385 -0.0649900586554 1.62459013222e-05 -29.3384484912 -11.5142399291
459 20221 -0.0651212590582 1.65744623886e-05 -29.313679876 -11.5757474271
460 19401 -0.065257912574 1.58055358078e-05 -29.2879408626 -11.5644633697
461 20125 -0.0653858615929 1.63551201747e-05 -29.263895813 -11.5428477722
462 19743 -0.0655195329443 1.60044646629e-05 -29.238831442 -11.5718655555
463 20070 -0.0656492690453 1.64207825615e-05 -29.2145595603 -11.534382942
464 19558 -0.0657841090763 1.58320906682e-05 -29.1893896132 -11.5460304565
465 20233 -0.0659119298821 1.61990889332e-05 -29.1655832011 -11.5144396304
466 20166 -0.0660429312485 1.63126568668e-05 -29.141238056 -11.5478108066
467 19869 -0.0661758334158 1.53824711152e-05 -29.1165949758 -11.5558643615
468 21516 -0.066296264489 1.69290408853e-05 -29.0943122764 -11.567834803
469 19914 -0.0664340297397 1.56445406644e-05 -29.0688780607 -11.5256340351
470 20997 -0.0665580153189 1.63930953137e-05 -29.046038534 -11.5181529123
471 20519 -0.0666894382841 1.66850570736e-05 -29.0218812126 -11.5021989812
472 19467 -0.0668267688155 1.58600194867e-05 -28.9966952708 -11.5514545602
473 20082 -0.0669552961981 1.64697600403e-05 -28.9731766436 -11.5051988306
474 19473 -0.0670908341851 1.55539768543e-05 -28.9484303502 -11.5331328412
475 20722 -0.0672149175245 1.63541967893e-05 -28.9258249268 -11.4829307045
476 20331 -0.0673466356648 1.62652072714e-05 -28.9018802065 -11.5314262748
477 20128 -0.0674782951797 1.59295875594e-05 -28.8779990854 -11.5319338898
478 20617 -0.067605698202 1.60464697076e-05 -28.8549402594 -11.5213199386
479 20869 -0.0677332594972 1.5758356715e-05 -28.8319021268 -11.5528025865
480 21751 -0.0678559636218 1.72790634888e-05 -28.8097876623 -11.4879879149
481 19430 -0.067998318611 1.48659124538e-05 -28.7841884837 -11.5591675368
482 22177 -0.0681129561854 1.74228361497e-05 -28.7636179007 -11.5106643142
483 19524 -0.0682561499951 1.58911395997e-05 -28.7379784848 -11.5471406818
484 20077 -0.0683849448097 1.59872957827e-05 -28.7149695726 -11.5026646476
485 20445 -0.0685133472826 1.63440028589e-05 -28.6920799022 -11.4937399069
486 20080 -0.0686458035622 1.56093163675e-05 -28.6685188412 -11.5156131505
487 21248 -0.068768777241 1.63022509484e-05 -28.6466909821 -11.5315640805
488 20957 -0.0688981004805 1.62726539861e-05 -28.6237841788 -11.5091150784
489 20732 -0.0690278870926 1.61230806888e-05 -28.6008447257 -11.5342199964
490 20823 -0.0691561993065 1.58123943309e-05 -28.5782143905 -11.5364478428
491 21585 -0.0692797989056 1.6842578255e-05 -28.5564606942 -11.5045036068
492 20154 -0.0694160429499 1.62769684115e-05 -28.5325331053 -11.5300592532
493 19929 -0.0695484539293 1.59854074804e-05 -28.5093303221 -11.500006212
494 20298 -0.0696773047289 1.59441206275e-05 -28.4868001041 -11.535667329
495 20761 -0.0698043825868 1.55505937e-05 -28.4646267997 -11.535681976
496 22101 -0.069924508472 1.64147846798e-05 -28.4437092156 -11.5242539786
497 21551 -0.0700529175768 1.6161735541e-05 -28.4213950199 -11.5373491356
498 21561 -0.0701793174487 1.65233219496e-05 -28.399476009 -11.5100151665
499 20794 -0.0703109064455 1.6331289922e-05 -28.3767055206 -11.4981712054
500 20449 -0.0704420597192 1.56524545798e-05 -28.3540593747 -11.5480090915
501 21544 -0.0705645237886 1.58455204081e-05 -28.3329575658 -11.5165777232
502 22257 -0.0706864971619 1.6755178346e-05 -28.3119823982 -11.5041988418
503 20967 -0.0708193824381 1.64426435663e-05 -28.2891784292 -11.5003578525
504 20387 -0.0709516287591 1.59631188705e-05 -28.2665333049 -11.4836108801
505 20812 -0.0710787025187 1.62810462189e-05 -28.2448199921 -11.4977391317
506 20571 -0.0712090631134 1.62414669811e-05 -28.2225918454 -11.4966752867
507 20415 -0.0713396040057 1.61088235424e-05 -28.2003802982 -11.5414423659
508 20534 -0.0714687008178 1.6291446491e-05 -28.1784609088 -11.5149577264
509 20275 -0.0716000940208 1.63736074695e-05 -28.156198896 -11.4898920185
510 19853 -0.0717335455839 1.56012882826e-05 -28.1336368066 -11.4596239713
511 21025 -0.0718571062712 1.62135795266e-05 -28.1127905231 -11.4940048119
512 20924 -0.0719858261254 1.59504020791e-05 -28.0911182672 -11.5198575313
513 21387 -0.0721110778481 1.67202099533e-05 -28.0700733402 -11.5104573962
514 20219 -0.0722461165162 1.55943143674e-05 -28.0474318169 -11.4914492765
515 21428 -0.0723684556572 1.62211846717e-05 -28.0269622903 -11.4956114244
516 21309 -0.0724960683692 1.60820757475e-05 -28.0056535308 -11.4775842003
517 21492 -0.0726220471734 1.60015210486e-05 -27.9846606707 -11.4916759922
518 21854 -0.072746350922 1.61341164779e-05 -27.9639887563 -11.4874097218
519 21925 -0.0728714815077 1.63287523128e-05 -27.9432211668 -11.4622995733
520 21566 -0.0729991709448 1.68589730127e-05 -27.9220720273 -11.4992986775
521 20103 -0.0731357210896 1.5320944852e-05 -27.8995033587 -11.4976047511
522 21906 -0.0732545975689 1.61820409676e-05 -27.8798960767 -11.4797887503
523 21871 -0.0733802559656 1.71247415646e-05 -27.8592108854 -11.4898854646
524 19845 -0.0735198558839 1.59432107699e-05 -27.8362796037 -11.4944122973
525 20299 -0.0736483626853 1.53118834544e-05 -27.8152158697 -11.4734085205
526 22140 -0.0737665393797 1.70476299125e-05 -27.79588361 -11.4801330831
527 20247 -0.0739041251283 1.55025495743e-05 -27.7734223016 -11.4301502948
528 21659 -0.074025094571 1.64464712479e-05 -27.7537144546 -11.4654449803
529 21052 -0.0741552666752 1.60425533147e-05 -27.7325498603 -11.4714368582
530 21318 -0.0742814472913 1.61322646807e-05 -27.7120761802 -11.4714408653
531 21392 -0.0744081147514 1.66492853397e-05 -27.6915649096 -11.4902289835
532 20369 -0.0745420823874 1.60265709206e-05 -27.6699165237 -11.4795485223
533 20660 -0.0746701293577 1.61269685106e-05 -27.6492679938 -11.4542425053
534 20743 -0.0747987213202 1.60118297621e-05 -27.6285738579 -11.4656041431
535 21071 -0.074925397161 1.64268141181e-05 -27.6082293836 -11.482983494
536 20521 -0.0750570839712 1.55772317104e-05 -27.5871234615 -11.4926009824
537 21786 -0.0751782812548 1.6629979962e-05 -27.5677376495 -11.4827151234
538 20785 -0.0753107483313 1.65358159273e-05 -27.5465917446 -11.468176953
539 20020 -0.0754449575587 1.54532930344e-05 -27.5252129114 -11.4760963155
540 21524 -0.0755659209709 1.6366421631e-05 -27.5059829103 -11.4530824393
541 21091 -0.0756953386779 1.6018726312e-05 -27.485449555 -11.4615268053
542 21409 -0.0758210632111 1.66479165896e-05 -27.4655422879 -11.4702831724
543 20388 -0.0759549573477 1.51901413906e-05 -27.4443848014 -11.4516038579
544 22514 -0.076071215501 1.69111924498e-05 -27.426050262 -11.4486789851
545 20876 -0.0762056290809 1.59790921492e-05 -27.4048942956 -11.4979043832
546 21276 -0.0763314333547 1.59775635625e-05 -27.3851338653 -11.4720110377
547 21687 -0.0764560278349 1.59533855882e-05 -27.3656019233 -11.4692648595
548 22161 -0.0765790981545 1.69774809249e-05 -27.346346385 -11.4196825329
549 20411 -0.076715566791 1.55142075887e-05 -27.3250379645 -11.4398624252
550 21809 -0.0768362113642 1.64156969765e-05 -27.3062382481 -11.4475715179
551 21264 -0.0769654904082 1.59253931719e-05 -27.2861324175 -11.44422573
552 21790 -0.0770893845328 1.60470943238e-05 -27.2669021779 -11.4352467567
553 22055 -0.0772134736549 1.61042324114e-05 -27.2476789557 -11.4504937068
554 22194 -0.0773376136453 1.56931993217e-05 -27.228485084 -11.4657649624
555 23286 -0.0774557150691 1.67732548574e-05 -27.2102593327 -11.43282402
556 21896 -0.077585890473 1.60082372653e-05 -27.1902091198 -11.4635487458
557 22250 -0.0777091358237 1.65788334182e-05 -27.1712637242 -11.4588654946
558 21338 -0.0778394728691 1.58737060866e-05 -27.1512676682 -11.4374353771
559 21981 -0.0779624274664 1.64319803712e-05 -27.1324413102 -11.4193200641
560 21396 -0.0780914339284 1.5403619114e-05 -27.1127269195 -11.4578160585
561 23120 -0.0782077726205 1.70821793758e-05 -27.0949821878 -11.4198026156
562 21069 -0.0783429201274 1.58799421302e-05 -27.0744087543 -11.4420172437
563 21690 -0.0784667449645 1.58089382829e-05 -27.0555967302 -11.446672306
564 22491 -0.0785878013696 1.68333062071e-05 -27.037240111 -11.4347490452
565 21020 -0.0787211369109 1.61357162223e-05 -27.0170612409 -11.445930333
566 21085 -0.0788487487308 1.58574148347e-05 -26.9977874751 -11.4069579328
567 21756 -0.0789722096779 1.5747706489e-05 -26.9791767231 -11.4187817053
568 22700 -0.0790922402509 1.68247466168e-05 -26.9611170052 -11.4493783474
569 21234 -0.0792248355358 1.53242334889e-05 -26.9412055905 -11.4415730991
570 23131 -0.0793405469919 1.64782529626e-05 -26.9238627399 -11.4567715096
571 22410 -0.0794669560574 1.67662706939e-05 -26.9049517678 -11.4793479908
572 21087 -0.0795995491317 1.62022603216e-05 -26.8851550876 -11.4395465305
573 21010 -0.0797279161509 1.55285214026e-05 -26.8660277234 -11.4515571679
574 22416 -0.0798470248511 1.63005012086e-05 -26.8483135465 -11.4537563862
575 22113 -0.0799729090981 1.59780345232e-05 -26.8296267997 -11.4129890679
576 22539 -0.0800951293415 1.58974382567e-05 -26.8115183769 -11.4557787071
577 23162 -0.080215086578 1.62569602688e-05 -26.7937781366 -11.4291857861
578 22950 -0.0803383237314 1.67244363684e-05 -26.7755866751 -11.4256150685
579 21687 -0.0804687438341 1.56146522456e-05 -26.7563721626 -11.402701081
580 22936 -0.080587146231 1.67073223696e-05 -26.7389612733 -11.434845014
581 21711 -0.0807173596262 1.54817036026e-05 -26.7198498431 -11.4589665606
582 23274 -0.080833898645 1.65003890201e-05 -26.7027775137 -11.443787661
583 22498 -0.0809602297701 1.63904552421e-05 -26.6843048616 -11.4234827226
584 21992 -0.0810871555492 1.6243577491e-05 -26.6657809554 -11.4253313021
585 21820 -0.081213438535 1.63406766044e-05 -26.6473862719 -11.4407305791
586 21437 -0.0813416057888 1.56354411142e-05 -26.6287531361 -11.4079202397
587 22624 -0.0814609812078 1.65309651244e-05 -26.6114307133 -11.4113914512
588 21802 -0.0815895508595 1.55082140036e-05 -26.5928091367 -11.39322211
589 23309 -0.0817062027008 1.66303207667e-05 -26.5759450255 -11.4161114906
590 22237 -0.0818342738433 1.62492095903e-05 -26.5574642848 -11.4200212495
591 22051 -0.0819599386706 1.5441423859e-05 -26.5393655108 -11.4088420767
592 23736 -0.0820750388633 1.68360858864e-05 -26.5228184057 -11.4052171209
593 22177 -0.0822048701732 1.64306228238e-05 -26.5041879697 -11.4234327906
594 21590 -0.0823332858404 1.56166652403e-05 -26.4857965064 -11.4221982839
595 22829 -0.0824519813611 1.55459057535e-05 -26.4688287493 -11.4124999396
596 24314 -0.0825664753909 1.73984883874e-05 -26.4524902955 -11.4210888546
597 21458 -0.0827028721786 1.59796256043e-05 -26.4330629647 -11.4081539544
598 21868 -0.0828269661482 1.55037955713e-05 -26.4154225047 -11.3936169357
599 23390 -0.0829433824795 1.64529573063e-05 -26.3989032964 -11.3931137619
600 22719 -0.0830687358708 1.64566581156e-05 -26.3811481576 -11.4267071915
601 22059 -0.0831959794174 1.57672940473e-05 -26.3631593721 -11.3962713992
602 22971 -0.0833154498608 1.62804312303e-05 -26.3463006577 -11.4094393462
603 22706 -0.0834395245907 1.65249495773e-05 -26.3288240875 -11.4027954431
604 21895 -0.0835677760531 1.62463206843e-05 -26.3107932355 -11.4174505519
605 21718 -0.0836943774508 1.61213256472e-05 -26.2930282038 -11.3963653551
606 21817 -0.0838197183286 1.58501261409e-05 -26.2754730789 -11.3990123054
607 22528 -0.0839409897538 1.6064588199e-05 -26.2585191124 -11.3953078579
608 22762 -0.0840632709772 1.59372656066e-05 -26.2414549556 -11.4080571051
609 23297 -0.0841831804243 1.61190980838e-05 -26.2247519078 -11.3956666801
610 23409 -0.0843041687719 1.68652148667e-05 -26.2079287331 -11.3726825471
611 21807 -0.0844353234206 1.5526007531e-05 -26.1897260855 -11.4124843899
612 23272 -0.0845522014089 1.67679243578e-05 -26.1735347015 -11.3796376038
613 21894 -0.084682339415 1.60414688288e-05 -26.1555393744 -11.3854393961
614 22173 -0.084806054741 1.57928623475e-05 -26.13846432 -11.3699414003
615 23030 -0.084925566012 1.62539988758e-05 -26.1219991845 -11.3727274387
616 22826 -0.0850491147632 1.62206826866e-05 -26.1050083838 -11.3695520562
617 22700 -0.0851727508786 1.58189376323e-05 -26.0880366085 -11.3551394388
618 23515 -0.0852912185317 1.69207625804e-05 -26.0718033729 -11.4034723343
619 21783 -0.0854228783743 1.63216765153e-05 -26.0537957257 -11.3817303065
620 21442 -0.0855508818723 1.55445936458e-05 -26.0363216611 -11.4189801563
621 22839 -0.0856690031163 1.66640709634e-05 -26.0202258603 -11.382566442
622 21714 -0.0857988698934 1.58302364014e-05 -26.0025618286 -11.4409664738
623 22467 -0.0859201534965 1.54403544872e-05 -25.9860956965 -11.377626303
624 24186 -0.0860341690116 1.67820101603e-05 -25.9706430653 -11.4117806935
625 22722 -0.0861620228338 1.63351985763e-05 -25.9533456643 -11.4072146989
626 22336 -0.0862875434028 1.57602564642e-05 -25.9363954715 -11.4048065396
627 23276 -0.0864061753187 1.68635909841e-05 -25.9204041661 -11.3603424491
628 21687 -0.086537680657 1.57956550881e-05 -25.9027100034 -11.3648277023
629 22518 -0.0866585621315 1.59545420989e-05 -25.8864753088 -11.3646264994
630 23007 -0.0867793560697 1.62355822867e-05 -25.8702810175 -11.3742437699
631 22846 -0.0869027112111 1.62101076598e-05 -25.8537728347 -11.3750328773
632 22744 -0.0870261463917 1.61526286774e-05 -25.8372836787 -11.364116088
633 22775 -0.0871490604251 1.56491057826e-05 -25.8208936227 -11.380195682
634 24003 -0.0872650579432 1.66615459396e-05 -25.8054527686 -11.3544571429
635 22827 -0.0873917013086 1.58067749933e-05 -25.7886245729 -11.3595396482
636 23675 -0.0875096752205 1.661906297e-05 -25.7729762456 -11.3530422599
637 22612 -0.087636594082 1.5753102139e-05 -25.7561713925 -11.3717157239
638 23581 -0.0877544034242 1.65642090707e-05 -25.7406004102 -11.3282660048
639 22648 -0.087880803262 1.60765585437e-05 -25.7239236069 -11.3961632482
640 22855 -0.0880029251407 1.65039502252e-05 -25.7078402463 -11.3693517587
641 22085 -0.0881304595585 1.60018964205e-05 -25.6910744248 -11.3482290521
642 22456 -0.0882530883369 1.62229124664e-05 -25.6749826855 -11.3366788383
643 22327 -0.088377770084 1.53225190091e-05 -25.6586508036 -11.3796553455
644 24325 -0.088490591253 1.72341027385e-05 -25.6438978795 -11.3813805653
645 21829 -0.0886245480484 1.60552823439e-05 -25.6264123834 -11.3455944384
646 22076 -0.0887486410872 1.57218333458e-05 -25.610244559 -11.3898972776
647 23095 -0.0888674465053 1.58743745063e-05 -25.5947927442 -11.3637040045
648 23789 -0.0889856405708 1.67738785426e-05 -25.5794466779 -11.3546259364
649 22367 -0.0891144412533 1.56436322413e-05 -25.5627531913 -11.3380647064
650 23586 -0.0892314184716 1.65181436192e-05 -25.5476189009 -11.3622033493
651 22759 -0.0893571594196 1.58373965057e-05 -25.5313791421 -11.3466128763
652 23532 -0.0894757225693 1.64980637829e-05 -25.5160932679 -11.3615876996
653 22753 -0.0896013267378 1.57825468852e-05 -25.4999279832 -11.4021154615
654 23657 -0.0897191661182 1.66289998292e-05 -25.4847884897 -11.3569079829
655 22572 -0.0898462731833 1.61530367845e-05 -25.4684869688 -11.3925526042
656 22602 -0.0899696603063 1.57936132476e-05 -25.4526908953 -11.3664338988
657 23473 -0.0900880420876 1.66132546962e-05 -25.4375618059 -11.3531081677
658 22432 -0.0902154238275 1.62428901345e-05 -25.4213111119 -11.3298071928
659 22258 -0.0903404525192 1.60019946617e-05 -25.4053893469 -11.3826629946
660 22632 -0.0904626051618 1.63569836903e-05 -25.3898612575 -11.3352122743
661 22198 -0.0905886820093 1.55028588791e-05 -25.3738626752 -11.3011306912
662 23745 -0.0907042172819 1.59193915932e-05 -25.3592269977 -11.3355873587
663 24347 -0.0908213804426 1.63783593466e-05 -25.3444096815 -11.3577553426
664 23829 -0.0909432266585 1.64259318169e-05 -25.3290263007 -11.3292715188
665 23209 -0.0910670461983 1.5614794885e-05 -25.313421069 -11.3428870345
666 24546 -0.0911815023488 1.63741756231e-05 -25.299020328 -11.3388734124
667 24034 -0.0913027969063 1.60405619825e-05 -25.2837847107 -11.3434049591
668 24342 -0.0914208638966 1.66410760493e-05 -25.2689796675 -11.3881071459
669 23197 -0.0915463375485 1.66525524991e-05 -25.2532730059 -11.3560291847
670 22081 -0.0916750340733 1.58840523663e-05 -25.2371918885 -11.3535509924
671 22723 -0.091796044667 1.59917713177e-05 -25.2220978595 -11.3515594059
672 23129 -0.0919168010749 1.55264710581e-05 -25.2070612695 -11.3029559457
673 24682 -0.092030295744 1.69415915757e-05 -25.1929522887 -11.3573717124
674 22816 -0.0921590994562 1.57454532123e-05 -25.176967553 -11.3437142704
675 23812 -0.0922762784575 1.62067909665e-05 -25.1624506818 -11.3223045109
676 23714 -0.0923971388955 1.6520486644e-05 -25.1475028408 -11.3874356785
677 22877 -0.0925225727185 1.6198558916e-05 -25.1320162673 -11.310728894
678 22802 -0.0926457641616 1.59681928889e-05 -25.1168331463 -11.3001505562
679 23265 -0.0927659894854 1.57763865178e-05 -25.1020409452 -11.3256525872
680 24204 -0.0928824430562 1.59888799171e-05 -25.0877366284 -11.3317331142
681 24644 -0.0929994083937 1.61349754982e-05 -25.0733929862 -11.3357670875
682 24722 -0.0931172545435 1.62955420028e-05 -25.0589651269 -11.3463703771
683 24400 -0.093237057423 1.67111909594e-05 -25.044322133 -11.320329891
684 23088 -0.0933633579904 1.58980268984e-05 -25.0289115568 -11.272174011
685 23725 -0.0934818883706 1.59943366474e-05 -25.0144738362 -11.2940120117
686 24142 -0.0936001016112 1.64208262203e-05 -25.0000985794 -11.3044295106
687 23526 -0.0937230458049 1.60290211243e-05 -24.9851732067 -11.3044810676
688 23856 -0.0938422250182 1.60056418173e-05 -24.9707293569 -11.3166881428
689 24248 -0.0939602642821 1.63771832105e-05 -24.9564473363 -11.3366453764
690 23735 -0.0940823429329 1.60075233447e-05 -24.941701298 -11.3369755728
691 24120 -0.0942007079086 1.6032177918e-05 -24.927427785 -11.3400450134
692 24450 -0.0943184525127 1.62213298191e-05 -24.9132524165 -11.3168033741
693 24314 -0.0944379207372 1.59865201324e-05 -24.8988932698 -11.3424289751
694 24761 -0.0945545899913 1.66945350646e-05 -24.8848935517 -11.3015953752
695 23469 -0.094679735823 1.56820750736e-05 -24.8699019057 -11.307275694
696 24652 -0.0947944381403 1.63696811707e-05 -24.8561841951 -11.3406124543
697 24148 -0.0949154108444 1.60480584191e-05 -24.8417402284 -11.3230590984
698 24439 -0.0950332987046 1.62548093787e-05 -24.8276878855 -11.3611440391
699 24220 -0.0951532439739 1.63589987428e-05 -24.8134138433 -11.3172578715
700 23751 -0.0952751450723 1.61429411904e-05 -24.7989313236 -11.3166715795
701 23807 -0.0953952940093 1.64375324554e-05 -24.7846808588 -11.3130255669
702 23161 -0.0955193311756 1.56340690498e-05 -24.7699940425 -11.2908387492
703 24447 -0.095634159721 1.61959117332e-05 -24.7564200092 -11.3177488377
704 24373 -0.0957532943426 1.63624157026e-05 -24.7423596796 -11.3074624617
705 23893 -0.0958748586711 1.60310798664e-05 -24.7280364004 -11.2777488683
706 24223 -0.0959931465855 1.64169745303e-05 -24.714122191 -11.3015943497
707 23615 -0.0961158322944 1.63460832818e-05 -24.6997146064 -11.3303295853
708 23188 -0.0962391067903 1.54572693315e-05 -24.6852623684 -11.3253168611
709 24919 -0.096351555372 1.65390157321e-05 -24.6721006791 -11.3055692974
710 23994 -0.0964741712102 1.61141025975e-05 -24.6577721205 -11.3209453198
711 24121 -0.0965933221629 1.6295142436e-05 -24.6438715623 -11.2981419579
712 23808 -0.0967146029348 1.53482452456e-05 -24.6297458623 -11.2979979949
713 25871 -0.0968241854939 1.69825770322e-05 -24.6170028596 -11.3034908888
714 23816 -0.0969505611516 1.67088769116e-05 -24.6023307882 -11.3258480238
715 22541 -0.0970783681752 1.58765489126e-05 -24.5875183452 -11.2637658833
716 23214 -0.0971980354772 1.61912878403e-05 -24.5736727399 -11.3306626368
717 23155 -0.0973202294827 1.53233293403e-05 -24.5595581568 -11.2795531793
718 25225 -0.0974310255295 1.66715442821e-05 -24.5467805078 -11.2652940294
719 23965 -0.0975547000584 1.61718645359e-05 -24.5325404542 -11.2748451477
720 23951 -0.0976747016245 1.63864918247e-05 -24.518746266 -11.3415383648
721 23422 -0.0977976626987 1.56805282974e-05 -24.5046352785 -11.2811661522
722 24606 -0.097912459695 1.61710703278e-05 -24.4914825236 -11.3297984062
723 24594 -0.0980308773051 1.64460162992e-05 -24.477936467 -11.293875313
724 23906 -0.0981530292846 1.61664934947e-05 -24.4639860799 -11.3140531544
725 23905 -0.0982731062113 1.60746137731e-05 -24.4502952404 -11.29822925
726 24128 -0.0983919478496 1.54457890862e-05 -24.4367672214 -11.3152018981
727 25960 -0.0985020380628 1.61922930522e-05 -24.42425486 -11.2993930699
728 25891 -0.0986176018209 1.65264897664e-05 -24.4111404924 -11.3286685206
729 24962 -0.0987377266047 1.64646281411e-05 -24.3975302969 -11.2967227252
730 24218 -0.0988592266583 1.64568418193e-05 -24.3837867988 -11.2800534985
731 23514 -0.0989824718904 1.54390037239e-05 -24.369868974 -11.2533657982
732 25317 -0.099093902731 1.62539454252e-05 -24.3573052856 -11.2959126722
733 25093 -0.0992117383541 1.63110690813e-05 -24.3440400416 -11.2574304887
734 24727 -0.0993308593739 1.64743165262e-05 -24.3306515442 -11.2774336729
735 23966 -0.0994530672704 1.61342700653e-05 -24.3169384587 -11.2479840572
736 24044 -0.0995725592313 1.58189745238e-05 -24.3035519755 -11.3039158637
737 24907 -0.0996876687347 1.67446536706e-05 -24.2906768292 -11.2854709817
738 23488 -0.0998131401801 1.58897326715e-05 -24.2766654113 -11.2905145347
739 24157 -0.0999305461774 1.58969648922e-05 -24.2635760809 -11.2833171128
740 24826 -0.100046410281 1.59167620211e-05 -24.2506789056 -11.2879951302
741 25463 -0.10016096001 1.62422895468e-05 -24.2379477708 -11.2912648573
742 25267 -0.100278303664 1.64277052573e-05 -24.2249264162 -11.2691495428
743 24606 -0.100398571971 1.56587941715e-05 -24.2116017892 -11.2687399078
744 25907 -0.100510294302 1.71687980112e-05 -24.1992432251 -11.2834389164
745 23403 -0.100639177547 1.53828363818e-05 -24.1850093202 -11.2757110943
746 25342 -0.100750148465 1.6624364824e-05 -24.1727733332 -11.2733593922
747 24191 -0.100872894076 1.61895511126e-05 -24.1592601897 -11.2842893846
748 24134 -0.100992571747 1.55009645274e-05 -24.1461061451 -11.2561646608
749 25821 -0.101103351899 1.61938571237e-05 -24.1339487895 -11.2696739582
750 25749 -0.10121924668 1.71729358546e-05 -24.1212493817 -11.3120038249
751 23250 -0.101348583022 1.58989811603e-05 -24.1071002673 -11.2798611794
752 23889 -0.101466712549 1.60683911998e-05 -24.0941984684 -11.2814724132
753 24127 -0.101585510438 1.6078666377e-05 -24.0812441468 -11.2774038395
754 24342 -0.101703858224 1.59880745496e-05 -24.0683592756 -11.2926542874
755 24786 -0.101820480896 1.6092744582e-05 -24.0556820654 -11.2544617777
756 24971 -0.101937430549 1.58884283676e-05 -24.0429890472 -11.2491583579
757 25685 -0.102051279995 1.64741381353e-05 -24.0306514491 -11.2731357067
758 24895 -0.102171184794 1.57991765464e-05 -24.0176778064 -11.2179625306
759 25840 -0.102284054635 1.73202766276e-05 -24.0054841987 -11.2615348098
760 22987 -0.102415246775 1.4917234935e-05 -23.9913341139 -11.2400314167
761 26100 -0.102521283417 1.6884009374e-05 -23.9799152149 -11.2640257043
762 24268 -0.102645749854 1.60660079205e-05 -23.9665320933 -11.2925698936
763 24516 -0.102763584709 1.59097597436e-05 -23.9538823313 -11.2735586229
764 25163 -0.102878764725 1.58408175163e-05 -23.9415366148 -11.2817568838
765 26008 -0.102991566091 1.6752512631e-05 -23.929464065 -11.2745093941
766 24507 -0.103114459592 1.60870445348e-05 -23.9163318684 -11.2192475722
767 24705 -0.103231997406 1.59354876929e-05 -23.9037918912 -11.2635195983
768 25290 -0.103347071756 1.62499033967e-05 -23.8915335634 -11.2308159
769 25076 -0.10346491678 1.65151469399e-05 -23.8789993499 -11.2989447856
770 24204 -0.103586824151 1.61127954952e-05 -23.8660535213 -11.2560063813
771 24336 -0.103705439596 1.60914548506e-05 -23.8534772053 -11.2591447712
772 24521 -0.103823448378 1.65822569378e-05 -23.8409846736 -11.2626372142
773 23508 -0.103947650449 1.49885172061e-05 -23.8278574334 -11.2380844255
774 26499 -0.104053390175 1.6780840946e-05 -23.8166983974 -11.2442606825
775 24898 -0.104175520918 1.62051157598e-05 -23.8038288347 -11.2647887231
776 24800 -0.104293693866 1.57729342642e-05 -23.7913959434 -11.2378563669
777 25810 -0.104406441464 1.63319411963e-05 -23.7795517955 -11.2647353151
778 25380 -0.104524171104 1.63967848965e-05 -23.7672029455 -11.253759243
779 24793 -0.104643757856 1.59932452852e-05 -23.7546787763 -11.2540493104
780 25232 -0.104759382657 1.67278810973e-05 -23.7425881597 -11.238731149
781 23835 -0.104883812719 1.52163503621e-05 -23.7295972046 -11.2369772289
782 26251 -0.104991665523 1.61366949788e-05 -23.7183540547 -11.2508940178
783 26330 -0.105105869766 1.63391610145e-05 -23.7064660474 -11.2282622636
784 25872 -0.105222525304 1.64176558326e-05 -23.694341155 -11.2279703894
785 25220 -0.105341245872 1.57826529279e-05 -23.6820205549 -11.2271816514
786 26221 -0.10545317484 1.6921774118e-05 -23.6704222222 -11.2449339202
787 24287 -0.10557786995 1.57348063173e-05 -23.6575209298 -11.2445497777
788 25374 -0.105691306745 1.61019642649e-05 -23.6458026291 -11.2416407292
789 25540 -0.10580701374 1.64746254789e-05 -23.6338676118 -11.2346291354
790 24753 -0.105927264958 1.59427923807e-05 -23.6214828726 -11.2106002215
791 25321 -0.106042323038 1.59021318394e-05 -23.6096510754 -11.2513218053
792 26009 -0.106155559176 1.64730973205e-05 -23.5980238773 -11.2297773777
793 25212 -0.106274700978 1.59302678592e-05 -23.5858087065 -11.2229991766
794 25823 -0.106388544924 1.68572588128e-05 -23.574154321 -11.2379270363
795 24075 -0.106513309624 1.53553304359e-05 -23.5614016878 -11.2410143413
796 26142 -0.106622372452 1.61699492232e-05 -23.55027086 -11.2294611504
797 26132 -0.106737244029 1.62013756989e-05 -23.5385641705 -11.233061494
798 26039 -0.106852544566 1.63120816383e-05 -23.5268312388 -11.1990875204
799 25656 -0.106969494992 1.581913223e-05 -23.5149482604 -11.21184327
800 26576 -0.107080931597 1.63294412511e-05 -23.5036422101 -11.2034366207
801 26139 -0.107196919705 1.65216521378e-05 -23.4918916341 -11.234832918
802 25213 -0.107316408968 1.55646684065e-05 -23.4798047294 -11.214561736
803 26801 -0.107425591238 1.66202750543e-05 -23.4687766898 -11.2185861392
804 25595 -0.107544894967 1.61024073785e-05 -23.4567440432 -11.2297101963
805 25761 -0.107660107104 1.60191950069e-05 -23.4451415893 -11.2170117349
806 26148 -0.10777387253 1.69196949948e-05 -23.4337016872 -11.2172396045
807 24225 -0.107898713084 1.58866899305e-05 -23.4211673425 -11.2195495785
808 24922 -0.108014279365 1.58021960222e-05 -23.4095820653 -11.2407048685
809 25860 -0.108127126913 1.58566629232e-05 -23.3982859102 -11.2101857123
810 26685 -0.108238598702 1.66605142319e-05 -23.3871435159 -11.2263104692
811 25380 -0.108358695657 1.68366109706e-05 -23.3751567833 -11.2106440267
812 23712 -0.108484258892 1.55772489135e-05 -23.3626441765 -11.2167410203
813 25174 -0.10859700691 1.59787917655e-05 -23.3514257597 -11.2027419067
814 25657 -0.108711565626 1.59345181634e-05 -23.3400437439 -11.2206044877
815 26267 -0.108824472458 1.62157308944e-05 -23.3288421557 -11.2320667546
816 26135 -0.108939662072 1.6142985752e-05 -23.3174307355 -11.1999511476
817 26197 -0.109054200657 1.66277017021e-05 -23.3061004447 -11.2139393343
818 24999 -0.109174971268 1.49820127708e-05 -23.2941716017 -11.2309381194
819 28198 -0.109277430755 1.7118796693e-05 -23.2840657968 -11.1998642356
820 25602 -0.109400295899 1.64239884339e-05 -23.2719647284 -11.2461156778
821 24941 -0.10951972522 1.60053851049e-05 -23.2602201963 -11.2297706101
822 25351 -0.109635165069 1.59638014904e-05 -23.2488849437 -11.1837091871
823 25877 -0.109749129313 1.63053272661e-05 -23.2377109021 -11.1942991964
824 25514 -0.109866356502 1.58973629484e-05 -23.2262338141 -11.2158770214
825 26220 -0.109979102407 1.62253281933e-05 -23.2152115808 -11.204677718
826 26063 -0.110094519631 1.64319363166e-05 -23.203944529 -11.2402370949
827 25370 -0.110212993031 1.60221015881e-05 -23.192396284 -11.2218970584
828 25744 -0.110327669492 1.61726583076e-05 -23.1812346611 -11.1870966309
829 25727 -0.110443460924 1.57648815337e-05 -23.1699809647 -11.244116542
830 26797 -0.110554056851 1.64813805118e-05 -23.1592476159 -11.1916856437
831 25954 -0.110671542178 1.55276698211e-05 -23.1478620975 -11.1659719461
832 27693 -0.110778697005 1.67128787825e-05 -23.1374924541 -11.1944268389
833 26199 -0.11089727285 1.61745840411e-05 -23.1260339315 -11.2088936665
834 26177 -0.111012079282 1.63800850444e-05 -23.1149560094 -11.2147719387
835 25615 -0.111129611952 1.59564964521e-05 -23.1036316496 -11.2200896626
836 26166 -0.111242893493 1.56413847246e-05 -23.0927327726 -11.2109472152
837 27598 -0.111351018087 1.65422669453e-05 -23.082344561 -11.1966730306
838 26565 -0.111467572849 1.6096597251e-05 -23.0711622531 -11.1901454152
839 26753 -0.111580587855 1.63145594639e-05 -23.0603352154 -11.1576280342
840 26353 -0.111695999135 1.60041620145e-05 -23.0492944943 -11.1867985632
841 26790 -0.111808288209 1.63518498449e-05 -23.0385678301 -11.2028740183
842 26290 -0.111924102205 1.6268675096e-05 -23.0275202913 -11.1904059294
843 26018 -0.112039928004 1.60885513638e-05 -23.0164876924 -11.1987375829
844 26224 -0.112154021165 1.58716672464e-05 -23.0056358054 -11.1936085787
845 27020 -0.112264905811 1.64453296771e-05 -22.9951039708 -11.1730554191
846 26266 -0.112381436193 1.57067973106e-05 -22.9840516747 -11.1565437602
847 27520 -0.112490166885 1.68304595151e-05 -22.9737536851 -11.1826793604
848 25727 -0.112610667701 1.56161833146e-05 -22.9623573075 -11.1751978073
849 27205 -0.112719395861 1.6281797265e-05 -22.9520890725 -11.1963448777
850 26888 -0.112833424897 1.57199880239e-05 -22.941335219 -11.1589680466
851 28134 -0.112941052953 1.66460783461e-05 -22.9311990839 -11.1700360258
852 26797 -0.113057829488 1.67263115219e-05 -22.9202167754 -11.1604485595
853 25317 -0.113178550471 1.60324505526e-05 -22.9088803313 -11.1296543474
854 25663 -0.113293481406 1.55063946882e-05 -22.8981034659 -11.1671189492
855 27442 -0.113400978055 1.61007312626e-05 -22.8880376707 -11.1749009341
856 27625 -0.113512224406 1.67093904049e-05 -22.8776349506 -11.1863784618
857 26144 -0.113630900334 1.60547914428e-05 -22.8665533655 -11.140660138
858 26441 -0.113744284974 1.6040851144e-05 -22.8559811462 -11.1809504339
859 26779 -0.113856853449 1.61371465949e-05 -22.8454997699 -11.1668457948
860 26858 -0.113969931964 1.6140487747e-05 -22.8349856626 -11.1449554984
861 26928 -0.114082886578 1.64279035542e-05 -22.8244978143 -11.1850554589
862 26223 -0.114199389172 1.62317272494e-05 -22.8136959363 -11.1829854864
863 26049 -0.114314882794 1.61299275989e-05 -22.8030030128 -11.154209192
864 26145 -0.114429441565 1.6005816964e-05 -22.7924117631 -11.2094107141
865 26574 -0.114542197548 1.60912733767e-05 -22.7820018617 -11.187365837
866 26777 -0.114655125529 1.5652584118e-05 -22.7715906447 -11.1579846156
867 28211 -0.114762146828 1.67925339383e-05 -22.7617374098 -11.1828763392
868 26475 -0.114880666491 1.63094000932e-05 -22.7508407585 -11.1811790652
869 26093 -0.11499661509 1.62036202873e-05 -22.7401959324 -11.163314684
870 25994 -0.11511203089 1.6340132117e-05 -22.7296151579 -11.1912843457
871 25539 -0.115229450715 1.52745062949e-05 -22.7188661296 -11.1866682359
872 27961 -0.115334351702 1.64982193482e-05 -22.7092762872 -11.1480200762
873 27035 -0.115449581459 1.62785887508e-05 -22.6987565014 -11.1528658797
874 26728 -0.115563927297 1.56657501867e-05 -22.6883321743 -11.1613159387
875 28121 -0.115671208507 1.67674844235e-05 -22.6785652376 -11.1518014426
876 26457 -0.115789590199 1.61931325921e-05 -22.6678026704 -11.1577801683
877 26385 -0.115904074178 1.61453883106e-05 -22.6574093631 -11.1379675709
878 26441 -0.116018099705 1.5909452755e-05 -22.6470722116 -11.1474387059
879 27139 -0.11612900387 1.65229235194e-05 -22.6370319205 -11.1506663957
880 26175 -0.116246287624 1.60350345481e-05 -22.6264289479 -11.1413920319
881 26526 -0.116359352227 1.5932363074e-05 -22.6162218477 -11.146700617
882 27163 -0.116470367062 1.64121881909e-05 -22.6062135611 -11.1735730848
883 26494 -0.116586161322 1.64236905485e-05 -22.5957889025 -11.1555072956
884 25811 -0.116703559054 1.55765454045e-05 -22.5852349779 -11.1499770607
885 27404 -0.116811616686 1.6254149018e-05 -22.5755341201 -11.1900582549
886 27161 -0.116924879062 1.5874830247e-05 -22.5653797702 -11.1577743636
887 27976 -0.11703387349 1.59954316143e-05 -22.5556213309 -11.1516158777
888 28465 -0.117142749022 1.62589356567e-05 -22.5458865101 -11.1348871213
889 28198 -0.117253940212 1.64656667122e-05 -22.5359579984 -11.1675081686
890 27354 -0.11736826944 1.65535826928e-05 -22.5257633317 -11.1685528131
891 26300 -0.1174854902 1.56048361298e-05 -22.5153255873 -11.1640080094
892 27843 -0.117592887306 1.58926447077e-05 -22.5057756663 -11.173632576
893 28627 -0.117700756911 1.63248151934e-05 -22.496196307 -11.1625553467
894 28170 -0.117812454913 1.59492664049e-05 -22.4862902251 -11.1248128194
895 28797 -0.117920388517 1.67726676281e-05 -22.4767307847 -11.1887469419
896 27079 -0.118037439381 1.60072869336e-05 -22.4663780305 -11.1546030714
897 27519 -0.118148252173 1.62953752731e-05 -22.4565905843 -11.1669517041
898 27161 -0.118261801514 1.58457167819e-05 -22.4465751004 -11.1381504127
899 28059 -0.118370435331 1.67931903653e-05 -22.4370061068 -11.1769436656
900 26330 -0.118489284179 1.59661821386e-05 -22.4265517699 -11.1298012748
901 26870 -0.118601139843 1.56826668674e-05 -22.4167263384 -11.1664463101
902 28222 -0.118708344857 1.64345727917e-05 -22.4073219207 -11.1661252445
903 27464 -0.118822229954 1.63848588978e-05 -22.3973448772 -11.1329416138
904 26861 -0.118937036945 1.5963941865e-05 -22.3873009906 -11.1092635705
905 27418 -0.119047753353 1.64082771537e-05 -22.3776281814 -11.1710595991
906 26753 -0.119162957569 1.54319534019e-05 -22.3675770376 -11.1462798567
907 28825 -0.119267340217 1.6547897494e-05 -22.358482118 -11.1414736759
908 27730 -0.119381458687 1.66433686544e-05 -22.3485520293 -11.1555256511
909 26420 -0.119499047507 1.60023419155e-05 -22.338334273 -11.1381713754
910 26863 -0.119611170997 1.59956730795e-05 -22.3286049187 -11.1459181361
911 27332 -0.119722282168 1.60680258081e-05 -22.3189763804 -11.1549742646
912 27606 -0.119833341249 1.61097783116e-05 -22.3093652369 -11.1321880339
913 27764 -0.119944369948 1.59138596434e-05 -22.2997695707 -11.1080426973
914 28484 -0.120052653683 1.64221211931e-05 -22.2904234886 -11.1123189313
915 27754 -0.120165856419 1.6359821849e-05 -22.2806658571 -11.1273460747
916 27214 -0.120279742822 1.62536773595e-05 -22.270862695 -11.1145883779
917 26973 -0.120393393876 1.59832591779e-05 -22.2610931627 -11.1227062593
918 27478 -0.120504122401 1.66332816922e-05 -22.2515876752 -11.1705802064
919 26207 -0.12062211725 1.56573308945e-05 -22.241472311 -11.1020058162
920 27597 -0.120730355052 1.58122600646e-05 -22.2322059789 -11.1346451311
921 28607 -0.120837717184 1.61921876718e-05 -22.2230264907 -11.1620573721
922 28532 -0.120947803337 1.6117759498e-05 -22.2136263579 -11.1289847692
923 28673 -0.121057113835 1.64988900365e-05 -22.2043047171 -11.113586023
924 27721 -0.121170912416 1.68539638303e-05 -22.1946133018 -11.116952563
925 25853 -0.121291286558 1.55042635685e-05 -22.1843762474 -11.1604212278
926 27651 -0.121398361146 1.61118939569e-05 -22.1752826133 -11.1219855238
927 27804 -0.121509325943 1.59233527247e-05 -22.1658708647 -11.1334131817
928 28498 -0.121617648503 1.65139905354e-05 -22.1566952513 -11.1579338379
929 27510 -0.121731987936 1.55665746273e-05 -22.1470228368 -11.147647419
930 29237 -0.121836535604 1.66950048005e-05 -22.1381902892 -11.1391626652
931 27710 -0.121951710184 1.6603150253e-05 -22.1284726852 -11.1516706464
932 26509 -0.122068818174 1.52172139213e-05 -22.1186056238 -11.1390847173
933 29193 -0.122171097083 1.67560924185e-05 -22.1099992576 -11.1078545033
934 27498 -0.122287138928 1.56309315604e-05 -22.1002474779 -11.1212062072
935 29034 -0.122392485777 1.61915241124e-05 -22.0914061256 -11.1013659406
936 28959 -0.122501751262 1.65455989518e-05 -22.0822475939 -11.0897124553
937 27866 -0.12261557632 1.60081038256e-05 -22.0727195254 -11.1017938716
938 28317 -0.122724823204 1.60224954836e-05 -22.0635867969 -11.145375499
939 28733 -0.122833373311 1.62284133054e-05 -22.0545240435 -11.1455044165
940 28552 -0.122943666074 1.61978218307e-05 -22.0453277471 -11.1261513448
941 28460 -0.12305392806 1.6634996813e-05 -22.0361460346 -11.0875047178
942 27138 -0.123169891395 1.57966835936e-05 -22.0265025002 -11.1372421208
943 28175 -0.123277965472 1.63374221816e-05 -22.0175269583 -11.124037688
944 27690 -0.123390714889 1.58336354037e-05 -22.0081753642 -11.1165628192
945 28641 -0.12349815804 1.61744930952e-05 -21.9992754831 -11.1217241794
946 28617 -0.123607959988 1.56493498461e-05 -21.9901918931 -11.1136932198
947 30159 -0.123711445129 1.6995258908e-05 -21.9816416602 -11.0908443156
948 27727 -0.123828655189 1.5543494366e-05 -21.9719700541 -11.1073809375
949 29537 -0.123932516604 1.61822600573e-05 -21.9634110932 -11.0864859494
950 29489 -0.12404073487 1.6785216531e-05 -21.9545042493 -11.0892675689
951 27695 -0.124156564392 1.6246551498e-05 -21.9449835547 -11.1164885048
952 27470 -0.124269134102 1.53981658665e-05 -21.9357432523 -11.0777420394
953 29699 -0.124371743439 1.68969906676e-05 -21.9273312198 -11.1389598389
954 27578 -0.124488591392 1.60239028377e-05 -21.9177642598 -11.1263475573
955 27979 -0.124598603797 1.62250441418e-05 -21.9087689801 -11.0895639363
956 27812 -0.124710330507 1.58053841179e-05 -21.8996454356 -11.0739217148
957 28850 -0.124817193023 1.65856517532e-05 -21.890930305 -11.079515125
958 27648 -0.124931741327 1.55691233447e-05 -21.8816005078 -11.0937229418
959 29376 -0.125036058344 1.61440810676e-05 -21.8731149477 -11.1031953654
960 29442 -0.12514410724 1.66592622669e-05 -21.8643367697 -11.0817472136
961 28006 -0.125258427117 1.6174469882e-05 -21.8550612277 -11.1081574158
962 27982 -0.125369466606 1.62429585237e-05 -21.8460637414 -11.116653617
963 27765 -0.125481412364 1.57845153885e-05 -21.8370046648 -11.129136523
964 28862 -0.125588110918 1.65539916674e-05 -21.828381261 -11.092088025
965 27749 -0.125702233471 1.5422386382e-05 -21.8191697613 -11.0778014877
966 29927 -0.125804612315 1.60174020399e-05 -21.8109166251 -11.1016745233
967 30382 -0.125910141341 1.71582379866e-05 -21.8024198762 -11.0781510356
968 27475 -0.126029018171 1.55640566967e-05 -21.7928609627 -11.0810338066
969 29208 -0.1261336021 1.62221888067e-05 -21.7844623136 -11.1053029612
970 29042 -0.126242917879 1.59299361981e-05 -21.7756946264 -11.062087166
971 29747 -0.12634898578 1.68236959098e-05 -21.7671981198 -11.1012972892
972 27828 -0.126464801943 1.60868111063e-05 -21.7579327304 -11.0851132294
973 28053 -0.126575100603 1.55841633847e-05 -21.749120367 -11.0747713909
974 29761 -0.126678841197 1.64582901029e-05 -21.740842291 -11.0769197567
975 28892 -0.126790036288 1.58161704922e-05 -21.7319804729 -11.0885280061
976 29937 -0.126895011534 1.66800037355e-05 -21.7236248695 -11.0995129308
977 28417 -0.127008642908 1.56303864513e-05 -21.7145917653 -11.0646945423
978 30006 -0.127112265825 1.6518829104e-05 -21.706364678 -11.0998048334
979 28952 -0.127223755061 1.58335604724e-05 -21.6975241037 -11.0885297178
980 29946 -0.127328829534 1.63868114827e-05 -21.6892026612 -11.0798388604
981 29283 -0.127438799876 1.61575068284e-05 -21.6805043499 -11.081337585
982 29309 -0.127547184017 1.60397837333e-05 -21.6719423537 -11.0684702882
983 29687 -0.127654090193 1.70910530517e-05 -21.6635076464 -11.067351858
984 27030 -0.127773472412 1.58356645969e-05 -21.6541009438 -11.0499204357
985 27952 -0.127882244534 1.60409130761e-05 -21.6455415795 -11.0924944862
986 28310 -0.127991728954 1.56814709421e-05 -21.6369370409 -11.0893595859
987 29738 -0.128096157561 1.58919438776e-05 -21.6287399964 -11.0552467932
988 30577 -0.128200525382 1.7323003831e-05 -21.6205576079 -11.0953195431
989 27193 -0.128321163636 1.5280144453e-05 -21.6111119157 -11.0841183074
990 29755 -0.128422891019 1.62951646751e-05 -21.6031571242 -11.0560452516
991 29368 -0.128532088021 1.59185375935e-05 -21.5946286212 -11.0723523696
992 30116 -0.128637429121 1.65677911283e-05 -21.5864114503 -11.0150847289
993 28914 -0.128749321822 1.6129963009e-05 -21.5776941474 -11.0484611341
994 29020 -0.128858057362 1.63677422304e-05 -21.5692335781 -11.0635754762
995 28433 -0.1289695306 1.60236237004e-05 -21.5605709888 -11.0507480374
996 28847 -0.129077872883 1.60439832448e-05 -21.5521623557 -11.0514366374
997 29207 -0.129185682927 1.60421910104e-05 -21.5438054329 -11.0735855202
998 29577 -0.129292804775 1.62775258535e-05 -21.5355121151 -11.0614320986
999 29245 -0.129402113471 1.65418620382e-05 -21.527060016 -11.0768094792
1000 28152 -0.129515333554 1.56854263629e-05 -21.5183166629 -11.0430206309
1001 29560 -0.129620102268 1.64512953779e-05 -21.5102360845 -11.0754855048
1002 28717 -0.129731587801 1.55471890766e-05 -21.5016481196 -11.0519531626
1003 30580 -0.129833686671 1.66782468761e-05 -21.4937928608 -11.0847353159
1004 29032 -0.129946095192 1.59220501603e-05 -21.4851550316 -11.0612556869
1005 29760 -0.130052086397 1.648211186e-05 -21.477020518 -11.0602521519
1006 28821 -0.130163578891 1.60339816528e-05 -21.46847445 -11.0282844993
1007 29210 -0.130271315613 1.66002956037e-05 -21.4602266265 -11.0339668214
1008 27952 -0.130385340981 1.57518044756e-05 -21.4515084438 -11.0778581447
1009 29153 -0.13049128547 1.59728123451e-05 -21.4434182957 -11.0694873015
1010 29731 -0.130597667497 1.62133935534e-05 -21.4353045903 -11.0655665823
1011 29589 -0.130705910468 1.64427053183e-05 -21.4270590689 -11.0455132598
1012 28771 -0.130817234671 1.57282859194e-05 -21.4185894578 -11.0467275016
1013 30079 -0.130921379938 1.61751586065e-05 -21.410675763 -11.0552340406
1014 30052 -0.131028533094 1.64359452242e-05 -21.4025433162 -11.0398962486
1015 29241 -0.131138913145 1.62524117675e-05 -21.3941763469 -11.0445688211
1016 28986 -0.13124853871 1.57653128145e-05 -21.385876981 -11.0342072415
1017 30190 -0.131352737089 1.60888494945e-05 -21.3779980903 -11.0374606014
1018 30428 -0.131458657493 1.62820009406e-05 -21.369998565 -11.0558557553
1019 30073 -0.131566480896 1.68409045783e-05 -21.3618652161 -11.0551117301
1020 28084 -0.131681886043 1.55977858794e-05 -21.3531710052 -11.0736997252
1021 29753 -0.131785731878 1.62703457504e-05 -21.345357376 -11.0466322675
1022 29440 -0.131894629054 1.6080614069e-05 -21.3371735688 -11.0620143793
1023 29697 -0.132001790465 1.5855132635e-05 -21.3291300822 -11.0267630544
1024 30650 -0.132105793803 1.61965793209e-05 -21.32133299 -11.0785011573
1025 30556 -0.1322122003 1.63537102739e-05 -21.3133652503 -11.0464132483
1026 29980 -0.13232066528 1.58086071468e-05 -21.3052532606 -11.0727221738
1027 31088 -0.132423629263 1.64888782414e-05 -21.2975619069 -11.0261072468
1028 30087 -0.132532796658 1.63805156263e-05 -21.2894169548 -11.0601386623
1029 29440 -0.132642431853 1.58636681927e-05 -21.2812472273 -11.0493809585
1030 30358 -0.132746989703 1.61368638727e-05 -21.2734652887 -11.0571920646
1031 30448 -0.132853190275 1.66730974208e-05 -21.2655705038 -11.0544267054
1032 28922 -0.132965778019 1.55406642582e-05 -21.2572112521 -11.0272384568
1033 30819 -0.133067437981 1.66344163879e-05 -21.2496724827 -11.0252786066
1034 29390 -0.133178867676 1.65485726377e-05 -21.2414191602 -11.0302976428
1035 28272 -0.133291892383 1.5376843873e-05 -21.2330582991 -11.0787434081
1036 30633 -0.133392786317 1.5925608583e-05 -21.2256037992 -11.024438007
1037 31390 -0.133496012306 1.719213072e-05 -21.2179857704 -11.0330097956
1038 28289 -0.13361339734 1.55071795217e-05 -21.2093335758 -11.021399156
1039 30247 -0.133715792435 1.64235842953e-05 -21.201795596 -11.0058062898
1040 29467 -0.133825664471 1.55371154145e-05 -21.1937168507 -11.0242968735
1041 31411 -0.133926338766 1.65488113247e-05 -21.1863231695 -11.006272622
1042 30215 -0.134035669892 1.59447022964e-05 -21.1783031964 -11.0426363577
1043 30902 -0.134139832988 1.6300214126e-05 -21.1706714901 -11.0242312493
1044 30485 -0.134247044934 1.64402900871e-05 -21.1628257293 -11.0345941038
1045 29649 -0.134356691403 1.577600561e-05 -21.154811578 -11.0093746333
1046 30847 -0.134459844062 1.69506187921e-05 -21.1472810668 -11.0500162675
1047 28488 -0.134575174018 1.56148711438e-05 -21.1388718853 -11.0201709325
1048 30128 -0.134678483498 1.62332189619e-05 -21.1313483976 -11.0138225177
1049 29924 -0.13478625075 1.61121224938e-05 -21.1235095545 -11.028366252
1050 30089 -0.134892920682 1.64414248547e-05 -21.115759846 -10.9972138589
1051 29260 -0.135003300289 1.62071146963e-05 -21.1077503665 -11.0147270354
1052 29139 -0.135112333988 1.55199504241e-05 -21.0998482611 -11.0079119944
1053 31116 -0.135213373248 1.65149308442e-05 -21.0925341459 -11.0355788564
1054 30034 -0.135322808382 1.63496020755e-05 -21.0846215815 -11.0228540586
1055 29480 -0.135432161609 1.58079575411e-05 -21.0767246021 -11.0400702478
1056 30572 -0.135535987397 1.62697133635e-05 -21.0692357127 -10.9970000307
1057 30253 -0.135643408414 1.58090815354e-05 -21.0614966357 -11.0462423194
1058 31370 -0.135745912321 1.6557495823e-05 -21.0541204559 -11.0063073376
1059 30149 -0.135855420488 1.61554421864e-05 -21.0462495641 -10.9885259331
1060 30182 -0.135962211837 1.66176090692e-05 -21.0385831947 -11.0011139901
1061 28831 -0.136074601702 1.55073816916e-05 -21.0305247667 -11.0272701521
1062 30826 -0.136176032122 1.59156928576e-05 -21.023260795 -11.0064672518
1063 31620 -0.136278818629 1.60960675324e-05 -21.0159080715 -11.0203764419
1064 31846 -0.136382400589 1.62263157185e-05 -21.0085069507 -11.0207121719
1065 31652 -0.136487139416 1.64185060363e-05 -21.0010318364 -11.0038373788
1066 30852 -0.136594484363 1.60736305675e-05 -20.9933797539 -11.0092172814
1067 31143 -0.136699082297 1.65639966093e-05 -20.9859322687 -10.9977357047
1068 29911 -0.136809068233 1.61909620868e-05 -20.9781104802 -10.9886171596
1069 29836 -0.136916713146 1.59306538148e-05 -20.9704644202 -11.0298303842
1070 30558 -0.137021368709 1.643767962e-05 -20.9630394469 -11.0118404939
1071 29728 -0.137130852251 1.63880217911e-05 -20.9552811639 -10.9937485049
1072 29066 -0.137241239998 1.56190857362e-05 -20.9474683353 -10.9910988423
1073 30727 -0.137343566647 1.59544924361e-05 -20.9402345718 -11.0461920458
1074 31394 -0.137446973072 1.59609518191e-05 -20.9329328002 -11.0430502221
1075 32055 -0.13754935009 1.68817389114e-05 -20.9257119478 -11.0375092694
1076 29811 -0.137661633667 1.58040653594e-05 -20.9178017669 -11.0100255581
1077 30927 -0.137764835618 1.66556715251e-05 -20.9105400299 -11.0031020876
1078 29429 -0.137876332785 1.54059974536e-05 -20.9027039107 -11.0077973295
1079 31792 -0.137975558061 1.60002721017e-05 -20.8957383855 -11.0054710287
1080 32332 -0.138077746623 1.68102465482e-05 -20.8885728149 -10.9916677604
1081 30288 -0.138188672048 1.59653002067e-05 -20.8808037509 -10.9903595411
1082 30912 -0.138292952925 1.6426122128e-05 -20.8735087289 -11.0086108408
1083 30107 -0.138401667498 1.5939492836e-05 -20.8659124732 -11.0126264675
1084 30808 -0.138505955576 1.65707737252e-05 -20.8586340622 -11.0282334443
1085 29569 -0.138616621138 1.54932052512e-05 -20.8509196989 -11.0189220183
1086 31661 -0.138716614113 1.63183493658e-05 -20.8439573902 -11.0088145349
1087 31176 -0.138822748604 1.63766167133e-05 -20.8365758398 -11.0136695024
1088 30517 -0.138930405038 1.61357795263e-05 -20.8290972413 -11.0183967593
1089 30611 -0.13903631564 1.57561678047e-05 -20.8217485564 -10.9769816065
1090 31912 -0.139137604714 1.62090584988e-05 -20.814728539 -10.9998226906
1091 31773 -0.139242032437 1.6979063979e-05 -20.8074991674 -10.9825074225
1092 29259 -0.139356024274 1.54513685526e-05 -20.799617146 -11.0393717455
1093 31463 -0.13945606106 1.63038919626e-05 -20.7927081747 -10.999807542
1094 31026 -0.139562356688 1.57458099336e-05 -20.7853752462 -10.9998071586
1095 32379 -0.139662847039 1.63772956169e-05 -20.778450658 -10.9884059169
1096 31693 -0.139768492641 1.64966222447e-05 -20.7711790523 -11.0248801818
1097 30648 -0.139876706306 1.60727211523e-05 -20.7637394081 -10.991507731
1098 30940 -0.139981640996 1.55511025184e-05 -20.7565336076 -10.9977671606
1099 32934 -0.140080048004 1.66907935086e-05 -20.7497835761 -11.0322077984
1100 31227 -0.140188515228 1.60802045655e-05 -20.7423518999 -10.9768315702
1101 31501 -0.140292560443 1.59916946163e-05 -20.7352314792 -10.9747885739
1102 32064 -0.140395120222 1.65119280144e-05 -20.7282206373 -11.0072958301
1103 30959 -0.140502889435 1.6230773638e-05 -20.7208621463 -11.0074131125
1104 30757 -0.140609171309 1.59751765145e-05 -20.7136136888 -10.9890668537
1105 31359 -0.140712770007 1.61051739069e-05 -20.7065563144 -10.9775417006
1106 31554 -0.140816889075 1.61982448658e-05 -20.6994715246 -10.9994900672
1107 31451 -0.140921779907 1.60094304053e-05 -20.6923423507 -10.9619123506
1108 31955 -0.141024627558 1.63288976683e-05 -20.6853599577 -10.9833039214
1109 31432 -0.14113039754 1.62427347345e-05 -20.678187323 -10.9787771355
1110 31189 -0.141236018497 1.6297216033e-05 -20.671033035 -10.9916979779
1111 30777 -0.14134270017 1.5572000834e-05 -20.6638152447 -10.970100744
1112 32691 -0.141441605037 1.68712941456e-05 -20.6571310928 -10.9777219748
1113 30435 -0.14155266342 1.58304710367e-05 -20.6496341517 -10.982732668
1114 31490 -0.141655109883 1.6491950534e-05 -20.6427265755 -10.9815503822
1115 30466 -0.141763615338 1.56648302279e-05 -20.635418845 -10.9626124437
1116 32057 -0.141864089263 1.66184428557e-05 -20.6286597054 -10.9860475549
1117 30620 -0.141973152872 1.60574632844e-05 -20.6213310563 -10.9792972879
1118 30960 -0.142077954688 1.62872124546e-05 -20.6142969502 -10.9791186581
1119 30582 -0.14218491017 1.5542208706e-05 -20.6071265334 -10.9479678604
1120 32583 -0.142283790162 1.6454183102e-05 -20.6005048993 -10.9842689222
1121 31645 -0.142390012293 1.59160400373e-05 -20.5933994896 -10.9730474695
1122 32459 -0.14249146398 1.63744637831e-05 -20.5866208132 -10.9777658001
1123 31780 -0.142596945918 1.6247917839e-05 -20.5795807394 -10.9821077785
1124 31517 -0.142702048143 1.56569726232e-05 -20.5725739972 -11.0089096533
1125 33189 -0.14280074364 1.6482076766e-05 -20.5660016143 -10.9885380683
1126 32142 -0.14290631918 1.65450316878e-05 -20.5589788319 -11.0077196694
1127 30930 -0.143014354517 1.56658663238e-05 -20.5518007168 -11.0001084897
1128 32542 -0.143114083804 1.6670230659e-05 -20.5451819068 -10.942268456
1129 30920 -0.143222954398 1.57580949252e-05 -20.5379645415 -10.983652266
1130 32228 -0.143323758278 1.66323598122e-05 -20.5312895007 -10.9552979703
1131 30740 -0.143432700082 1.54877121053e-05 -20.5240837391 -10.9632618117
1132 32933 -0.143530707863 1.63030673139e-05 -20.5176084184 -10.9637227651
1133 32479 -0.1436345945 1.63414029132e-05 -20.510752149 -10.9602037355
1134 31907 -0.14373965475 1.57043276499e-05 -20.503826224 -10.9389106671
1135 33439 -0.143838278918 1.65547539129e-05 -20.497331714 -10.9381858109
1136 32147 -0.143944312841 1.60581585335e-05 -20.4903569504 -10.9652146813
1137 32501 -0.144046603341 1.61208806454e-05 -20.4836359607 -10.980690172
1138 32651 -0.144149058183 1.65163764732e-05 -20.4769115806 -10.9570950912
1139 31511 -0.144255907133 1.59348834211e-05 -20.4699066886 -10.9519000344
1140 32259 -0.144357792092 1.65882928078e-05 -20.4632347166 -10.9807237641
1141 30907 -0.144466150701 1.58227391139e-05 -20.4561468224 -10.9666116505
1142 32004 -0.144567722347 1.56126829716e-05 -20.449510356 -10.9559135776
1143 33854 -0.144665167414 1.66882951699e-05 -20.4431503062 -10.9666295884
1144 32108 -0.144772121101 1.63051667431e-05 -20.4361772952 -10.9541340107
1145 31658 -0.144877358687 1.62103079781e-05 -20.4293239684 -10.9694426243
1146 31517 -0.144982219226 1.6114659992e-05 -20.4225028791 -10.9749246967
1147 31682 -0.145086188189 1.65148974602e-05 -20.4157473462 -10.9492433121
1148 30581 -0.145194640984 1.55997617959e-05 -20.4087084791 -10.9656174475
1149 32392 -0.145294179544 1.60169796063e-05 -20.4022553553 -10.9716096725
1150 32886 -0.145395608949 1.67564741733e-05 -20.3956867121 -10.9619869346
1151 30975 -0.14550494585 1.59600807006e-05 -20.3886139479 -10.9614902773
1152 31630 -0.145608002789 1.55521902881e-05 -20.3819549834 -10.9488327767
1153 33665 -0.145705342707 1.62042680128e-05 -20.3756721501 -10.9498687993
1154 33535 -0.145806960461 1.62235726557e-05 -20.3691201667 -10.9376082568
1155 33340 -0.145908996159 1.64014588427e-05 -20.3625483826 -10.9511983415
1156 32554 -0.1460133895 1.6004512121e-05 -20.355832151 -10.9432917637
1157 33092 -0.146114423505 1.62545349982e-05 -20.3493391618 -10.9564461042
1158 32797 -0.146217497702 1.60110734805e-05 -20.3427222617 -10.9622446633
1159 33317 -0.146318231529 1.59973885947e-05 -20.336262621 -10.9120211743
1160 33893 -0.146418021392 1.65250775363e-05 -20.329870343 -10.9756105249
1161 32681 -0.146522995893 1.61985325452e-05 -20.3231532765 -10.9401109643
1162 32574 -0.146626065619 1.60504754438e-05 -20.316565389 -10.9380467379
1163 32959 -0.146727595248 1.65262638514e-05 -20.3100829978 -10.9313660429
1164 31777 -0.1468340608 1.61122791704e-05 -20.3032929738 -10.9429714882
1165 31951 -0.146937575748 1.60923842999e-05 -20.2966984924 -10.9579142108
1166 32191 -0.147040576944 1.55655073745e-05 -20.290143934 -10.9298980036
1167 34216 -0.147137212973 1.63701894429e-05 -20.2840009429 -10.9471285286
1168 33515 -0.147239901879 1.63387955886e-05 -20.2774800823 -10.9267414709
1169 32933 -0.147343295421 1.57386289439e-05 -20.2709216508 -10.9678714819
1170 34394 -0.147440752877 1.66080775066e-05 -20.2647463363 -10.9105958221
1171 32886 -0.147545925036 1.60603503697e-05 -20.2580893395 -10.9423868482
1172 33241 -0.147647084748 1.62216470151e-05 -20.2516933114 -10.9559994159
1173 33054 -0.147749548507 1.58503473928e-05 -20.245221815 -10.9398721391
1174 34131 -0.147848075431 1.66512446431e-05 -20.2390055822 -10.9713313649
1175 32492 -0.147954158316 1.58022066288e-05 -20.2323198736 -10.9526255708
1176 33715 -0.148052989927 1.61708857144e-05 -20.2260979126 -10.9225633684
1177 33699 -0.148154151645 1.62328509533e-05 -20.2197359899 -10.9422778549
1178 33472 -0.148256044916 1.64265359947e-05 -20.2133349336 -10.9018929137
1179 32599 -0.148360524285 1.59259657553e-05 -20.2067785672 -10.9501005828
1180 33404 -0.148460593224 1.64007664862e-05 -20.2005057462 -10.936807892
1181 32618 -0.148564878447 1.61836114279e-05 -20.1939756746 -10.9305063689
1182 32560 -0.148667874632 1.58816678799e-05 -20.1875333684 -10.9489987202
1183 33514 -0.148767500652 1.64153484788e-05 -20.1813085178 -10.9608990273
1184 32677 -0.148871784244 1.58791330651e-05 -20.174799652 -10.936504663
1185 33643 -0.148971203079 1.64178582538e-05 -20.1686010771 -10.9061339414
1186 32795 -0.14907531571 1.61679897874e-05 -20.1621168077 -10.9398749638
1187 32789 -0.149177853126 1.59849844969e-05 -20.1557375889 -10.9131751884
1188 33397 -0.149278301976 1.63048118453e-05 -20.1494949793 -10.9311823665
1189 32930 -0.149381484584 1.56794201952e-05 -20.1430893396 -10.9612029344
1190 34598 -0.149478288183 1.61894850315e-05 -20.1370860288 -10.9426003621
1191 34516 -0.149578359891 1.65772192845e-05 -20.1308864634 -10.9499461817
1192 33106 -0.149682987145 1.59353696089e-05 -20.1244116435 -10.9317167341
1193 33891 -0.149782392958 1.65572102375e-05 -20.1182665385 -10.9233949909
1194 32573 -0.149887746173 1.62671267288e-05 -20.1117607713 -10.934585515
1195 32241 -0.149991785198 1.57667172202e-05 -20.1053432129 -10.9165843038
1196 33575 -0.150090599663 1.62249649601e-05 -20.0992544087 -10.9274541806
1197 33375 -0.150192590517 1.62141366485e-05 -20.0929764926 -10.9163116517
1198 33213 -0.150294762095 1.62474324932e-05 -20.0866941775 -10.950736863
1199 32940 -0.150397566361 1.56863388912e-05 -20.0803797435 -10.9241619553
1200 34585 -0.150494432021 1.61774090068e-05 -20.0744362873 -10.9462491952
1201 34546 -0.150594386619 1.65691308796e-05 -20.0683096156 -10.916204517
1202 33162 -0.15069887455 1.63013779708e-05 -20.061911922 -10.9231482524
1203 32710 -0.150802382275 1.61914362433e-05 -20.0555811357 -10.9176349878
1204 32626 -0.150905324101 1.55976901784e-05 -20.0492917524 -10.9135191019
1205 34565 -0.151001669698 1.66417509564e-05 -20.0434115022 -10.9182338913
1206 32937 -0.151106973696 1.61538286787e-05 -20.0369912605 -10.9038085946
1207 32978 -0.151209126802 1.58371364383e-05 -20.0307698667 -10.9054813867
1208 34098 -0.151307618878 1.59781204411e-05 -20.0247777173 -10.9191185225
1209 34755 -0.15140604418 1.68031657876e-05 -20.0187957785 -10.9352212622
1210 32581 -0.151512949645 1.53785152121e-05 -20.0123053988 -10.879737902
1211 35295 -0.15160695341 1.69665381309e-05 -20.0066042729 -10.8975592636
1212 32544 -0.151714959954 1.58870122412e-05 -20.0000607994 -10.897621413
1213 33479 -0.151814671049 1.66173549635e-05 -19.9940264295 -10.9122689512
1214 31981 -0.15192138045 1.55345377797e-05 -19.9875754684 -10.9024960945
1215 34100 -0.152017988112 1.61516529173e-05 -19.9817413693 -10.9127518443
1216 34150 -0.152118359508 1.61289700819e-05 -19.9756861871 -10.9130666838
1217 34279 -0.15221840134 1.66760988231e-05 -19.9696571728 -10.9107439865
1218 32551 -0.152324546617 1.58314011923e-05 -19.9632671863 -10.908005173
1219 33676 -0.152423617831 1.61592516338e-05 -19.9573094165 -10.9079488954
1220 33700 -0.1525247056 1.59371492934e-05 -19.9512366944 -10.913375411
1221 34492 -0.152623251356 1.62274916723e-05 -19.9453228125 -10.9341360659
1222 34278 -0.152723905891 1.59305711324e-05 -19.93928862 -10.9157527618
1223 35108 -0.152821544325 1.62978814402e-05 -19.9334412588 -10.8884168144
1224 34642 -0.152922103081 1.62713944003e-05 -19.927425191 -10.9308816467
1225 34274 -0.153023035715 1.61951215018e-05 -19.9213930581 -10.8682287861
1226 34173 -0.153123643081 1.59665836185e-05 -19.9153866392 -10.9339834245
1227 34872 -0.153221831807 1.60034270806e-05 -19.9095306488 -10.9022720499
1228 35453 -0.153319438131 1.64841817547e-05 -19.9037152901 -10.8851985536
1229 34328 -0.153421611029 1.63800436146e-05 -19.8976341458 -10.8904002034
1230 33591 -0.153524245271 1.59422832851e-05 -19.8915320109 -10.8882447067
1231 34363 -0.153623008319 1.62010149393e-05 -19.8856661497 -10.8997890484
1232 34242 -0.153723551934 1.6180083343e-05 -19.8797006828 -10.9215927197
1233 34194 -0.153824036143 1.62177729311e-05 -19.8737449292 -10.8992514625
1234 34015 -0.153925017984 1.62333536517e-05 -19.8677659045 -10.907586805
1235 33784 -0.154026442583 1.53804849792e-05 -19.8617669358 -10.8569747115
1236 36591 -0.154118778584 1.67975326516e-05 -19.8563109887 -10.8832377823
1237 34322 -0.154222902814 1.63104512016e-05 -19.8501647304 -10.8877413129
1238 33823 -0.154324749837 1.63093795056e-05 -19.8441592725 -10.9073826161
1239 33335 -0.154427333081 1.63932602374e-05 -19.8381167726 -10.8985347754
1240 32576 -0.154531638689 1.56261902867e-05 -19.8319793647 -10.8667961521
1241 34412 -0.154628374399 1.66893834451e-05 -19.8262932642 -10.8750059246
1242 32634 -0.154734470171 1.60067701702e-05 -19.8200634894 -10.8846845319
1243 33166 -0.154835406066 1.59737913212e-05 -19.8141430047 -10.8710161797
1244 33820 -0.154935155752 1.56889505804e-05 -19.8082981345 -10.8956167523
1245 35499 -0.155030781484 1.64083480974e-05 -19.8027005345 -10.8674531065
1246 34637 -0.155132028361 1.63342396073e-05 -19.7967798856 -10.9076679105
1247 34051 -0.155233681648 1.59741965674e-05 -19.7908416641 -10.853413296
1248 34721 -0.155332131054 1.68107682721e-05 -19.7850965085 -10.9312902733
1249 32524 -0.155439178482 1.51807291802e-05 -19.7788561892 -10.8932388335
1250 35950 -0.155531124178 1.68218884796e-05 -19.7735016941 -10.8916190032
1251 33637 -0.155636454853 1.60866835586e-05 -19.7673739229 -10.865113338
1252 33909 -0.155736776893 1.59095189218e-05 -19.7615436874 -10.9029577303
1253 34804 -0.155834710685 1.5666818556e-05 -19.7558580255 -10.881847613
1254 36614 -0.155928736154 1.69137229305e-05 -19.7504046317 -10.8915534262
1255 33941 -0.156034166727 1.61318748283e-05 -19.7442959947 -10.9159571116
1256 34059 -0.156134548968 1.6388602114e-05 -19.7384859822 -10.8945839158
1257 33299 -0.156237686309 1.54205753937e-05 -19.7325227211 -10.8955415554
1258 35919 -0.156331125116 1.71508697996e-05 -19.7271256456 -10.8839256445
1259 32506 -0.156440368355 1.548425473e-05 -19.7208222335 -10.9037334539
1260 34837 -0.156535638627 1.5974898403e-05 -19.7153308146 -10.8896708265
1261 35520 -0.156632978823 1.63556952648e-05 -19.7097256029 -10.89144446
1262 34843 -0.156733601934 1.59156399141e-05 -19.7039372039 -10.8821357665
1263 35740 -0.156830281415 1.66865438369e-05 -19.6983812635 -10.9015633307
1264 33903 -0.156934354721 1.57455537246e-05 -19.6924065415 -10.8997253222
1265 35382 -0.157030483953 1.60906680162e-05 -19.6868935124 -10.901696694
1266 35654 -0.157128344843 1.6319579669e-05 -19.6812867213 -10.8773681827
1267 35103 -0.15722837353 1.63032851601e-05 -19.6755615074 -10.8680691487
1268 34618 -0.157329000366 1.59886986158e-05 -19.6698079435 -10.8803727375
1269 35247 -0.157426800814 1.6386916099e-05 -19.6642216333 -10.8690298426
1270 34466 -0.157528166038 1.63503771456e-05 -19.6584375731 -10.8788218335
1271 33828 -0.157630255381 1.59197109057e-05 -19.6526182223 -10.8693570047
1272 34685 -0.157728419948 1.6127027471e-05 -19.6470282913 -10.8802888173
1273 34823 -0.157827665493 1.62855479554e-05 -19.6413824754 -10.8691053296
1274 34404 -0.157928495404 1.61028391786e-05 -19.6356523599 -10.889450738
1275 34626 -0.158027873916 1.60108677572e-05 -19.6300104695 -10.871841156
