100 100000 0.75 reinforce cheb_reinforce 30000000

1 100 0 2.07864192096e-05 -56.6666666667 -12.2005884053
2 25756 -0.000167401550537 1.94777357688e-05 -56.5114653212 -12.1495524554
3 18401 -0.000352985098946 1.70423161751e-05 -56.3405267404 -12.1301564076
4 16837 -0.000522739238202 1.50427042565e-05 -56.1851895392 -12.1157222285
5 18874 -0.00066425722064 1.66131153732e-05 -56.0564293823 -12.1246049782
6 18038 -0.000824133474039 1.59864801479e-05 -55.91176732 -12.1522877777
7 18370 -0.000976580739784 1.60447958119e-05 -55.7746126027 -12.1568937712
8 18598 -0.0011286446128 1.62927961401e-05 -55.6385601439 -12.1769049381
9 18361 -0.0012840526355 1.5933167881e-05 -55.5002906702 -12.1535877804
10 18801 -0.00143424214177 1.65167701468e-05 -55.3674025 -12.083682117
11 18144 -0.00159272351232 1.54883898934e-05 -55.2279579892 -12.116924132
12 19437 -0.00173630918743 1.62906559377e-05 -55.1023061513 -12.1339120811
13 19193 -0.00188828964325 1.62821235026e-05 -54.9700130209 -12.1545699418
14 18969 -0.00204108686134 1.69469909725e-05 -54.8377339523 -12.1240583008
15 17525 -0.00220654370664 1.60136946692e-05 -54.6953081956 -12.1598297805
16 17799 -0.0023616835773 1.52931366068e-05 -54.5625247628 -12.1173782729
17 19450 -0.00250341172441 1.64332236375e-05 -54.4418592247 -12.1391442302
18 18930 -0.00265778310692 1.67112096177e-05 -54.3111179377 -12.1545058711
19 17912 -0.00281916580588 1.58603150115e-05 -54.1752000013 -12.0960143516
20 18477 -0.00296997190915 1.54429334527e-05 -54.0488875038 -12.1296278262
21 19886 -0.00311151264146 1.66248617268e-05 -53.9309438983 -12.1505025388
22 18982 -0.0032674706887 1.68179704811e-05 -53.8016634124 -12.1021711785
23 17768 -0.00343054182399 1.51659886745e-05 -53.6672394216 -12.1024982295
24 19669 -0.00357030647481 1.6755807393e-05 -53.5526352263 -12.1016314985
25 18528 -0.00372941020391 1.56633404283e-05 -53.4228505619 -12.0795305204
26 19499 -0.00387438877107 1.62711921025e-05 -53.3052111486 -12.0882626333
27 19293 -0.00402579656548 1.65157745733e-05 -53.1829841066 -12.0899083791
28 18621 -0.00418222680515 1.65094778732e-05 -53.057372552 -12.1669700898
29 17984 -0.00434134316564 1.59817068196e-05 -52.9302970217 -12.1101034665
30 18324 -0.00449393657002 1.58168282893e-05 -52.8090821514 -12.1165690774
31 18986 -0.00464230083318 1.6386346602e-05 -52.6918333003 -12.1020669152
32 18567 -0.00479773155347 1.64962198154e-05 -52.5696364374 -12.1227925458
33 17956 -0.00495684417385 1.63990249318e-05 -52.4452142165 -12.1044747376
34 17537 -0.00511689720796 1.51581242053e-05 -52.3207342751 -12.0732718638
35 19429 -0.00525745008589 1.64973640876e-05 -52.2119765719 -12.0701404662
36 18787 -0.00541301282924 1.64932956691e-05 -52.0922061614 -12.0864894211
37 18174 -0.00557113959908 1.6107397532e-05 -51.9711046475 -12.0767434563
38 18283 -0.00572510610236 1.60584393822e-05 -51.8538072898 -12.0773432007
39 18484 -0.00587776662796 1.60004785677e-05 -51.7381022471 -12.0898736769
40 18798 -0.00602860247187 1.596095357e-05 -51.6243599361 -12.111234514
41 19194 -0.00617750471436 1.6637419963e-05 -51.5126367158 -12.1006597424
42 18298 -0.00633647032282 1.60565321651e-05 -51.393973316 -12.0974708009
43 18503 -0.00648903537165 1.58140388908e-05 -51.2806761306 -12.0670446933
44 19177 -0.00663663329548 1.66543503045e-05 -51.1716119122 -12.1102781075
45 18251 -0.00679596787206 1.60538293256e-05 -51.0544714563 -12.0908327995
46 18460 -0.00694868257341 1.63836142285e-05 -50.9427745166 -12.0773087296
47 18057 -0.00710626404383 1.51912676513e-05 -50.8281051526 -12.0666341547
48 19938 -0.00724531571477 1.66696916935e-05 -50.7274112971 -12.1090359086
49 18946 -0.00740184556891 1.61652663869e-05 -50.6146081317 -12.0578510358
50 18948 -0.00755362936892 1.6343595169e-05 -50.5057749223 -12.0674565325
51 18610 -0.00770847386742 1.55467906548e-05 -50.3953006616 -12.0720160636
52 19818 -0.0078512082261 1.65475342236e-05 -50.2939580263 -12.053870463
53 19066 -0.00800609856324 1.63466456228e-05 -50.1845142147 -12.0811233543
54 18720 -0.00816051584847 1.6534743415e-05 -50.0759494567 -12.0627892626
55 18033 -0.00831965749796 1.55440918548e-05 -49.9646280966 -12.0686840976
56 19209 -0.00846461234395 1.61756963844e-05 -49.8637259332 -12.0744919545
57 19191 -0.00861553058863 1.57934542562e-05 -49.7591708462 -12.0209938373
58 19931 -0.00876011876992 1.67125861654e-05 -49.6594745171 -12.052068702
59 18857 -0.00891742061339 1.60493125971e-05 -49.5515341732 -12.0698444807
60 19082 -0.00906758471474 1.6133100034e-05 -49.4489959146 -12.0581928431
61 19146 -0.00921827956537 1.61764149162e-05 -49.3465867408 -12.093739583
62 19126 -0.0093694581306 1.57059797255e-05 -49.2443400635 -12.0875449222
63 20041 -0.00951285100576 1.6878533287e-05 -49.1478105551 -12.0709212711
64 18645 -0.00967261634817 1.58917928439e-05 -49.0407733881 -12.0731659899
65 19172 -0.00982095864943 1.59767708235e-05 -48.9418708656 -12.0168321611
66 19544 -0.00996866604126 1.646920695e-05 -48.8438491505 -12.0483432862
67 18953 -0.0101232848034 1.61154020464e-05 -48.7417265353 -12.0638945993
68 19051 -0.0102741901727 1.63998717421e-05 -48.6425321507 -12.0715420197
69 18605 -0.0104295901304 1.52138710104e-05 -48.5408708646 -12.0161720941
70 20496 -0.0105669404753 1.69504381697e-05 -48.4514264768 -12.0541851213
71 18929 -0.0107261747693 1.61113934108e-05 -48.3482079952 -12.0366975014
72 19035 -0.0108771075095 1.61690232176e-05 -48.2508403357 -12.0342782344
73 19030 -0.0110286001185 1.57143201725e-05 -48.1535678295 -12.0627392903
74 19924 -0.0111724915231 1.58686741229e-05 -48.0615964571 -12.0185957566
75 20535 -0.0113156166451 1.75689376059e-05 -47.9705185071 -12.0312701228
76 17813 -0.0114857550859 1.51605027729e-05 -47.8627706251 -12.053847756
77 19730 -0.0116252536109 1.58231280703e-05 -47.7748454116 -12.026044662
78 20429 -0.0117683365318 1.64212843521e-05 -47.685050074 -11.9736529048
79 19907 -0.0119187630724 1.61522453758e-05 -47.5910681663 -11.9949155412
80 19935 -0.0120666209284 1.65330544865e-05 -47.4991099297 -12.0299501686
81 19207 -0.012220807697 1.5904361727e-05 -47.4036547615 -12.0433015938
82 19724 -0.0123671725973 1.62775262286e-05 -47.3134541264 -12.0144726626
83 19503 -0.0125178213257 1.56859098819e-05 -47.221029825 -12.0434106886
84 20478 -0.0126594955212 1.70306449056e-05 -47.1344942978 -11.9946846866
85 18760 -0.0128202055243 1.58834046387e-05 -47.0367777378 -11.9868467758
86 19306 -0.0129679514525 1.62613781762e-05 -46.9473593293 -12.04136258
87 19121 -0.0131199467097 1.58340209692e-05 -46.855781781 -12.0007489902
88 19777 -0.0132654708906 1.58932409902e-05 -46.7684926144 -12.0146469227
89 20333 -0.0134095289321 1.60855305414e-05 -46.6824557502 -12.0280213345
90 20500 -0.0135547330333 1.71863191131e-05 -46.5961074287 -11.9655230357
91 18486 -0.0137181088921 1.57483962773e-05 -46.4993976675 -12.030645576
92 19287 -0.0138646722281 1.62330307768e-05 -46.4130380616 -11.9615625581
93 19157 -0.0140162591079 1.6129345789e-05 -46.3241117728 -12.0050829756
94 19229 -0.0141665950437 1.60759906093e-05 -46.2363117706 -12.0216416375
95 19406 -0.0143157485156 1.62576057699e-05 -46.1495860246 -12.0208530052
96 19227 -0.0144672874775 1.62858997262e-05 -46.0618620229 -11.9653869784
97 18995 -0.0146200141928 1.56923028357e-05 -45.9738443286 -12.0656679579
98 19931 -0.0147636755133 1.58578734644e-05 -45.8914096611 -12.016802942
99 20565 -0.014906599693 1.65636631112e-05 -45.809740704 -11.9875932278
100 19753 -0.0150589236119 1.59458469944e-05 -45.7230745223 -11.9940724888
101 20200 -0.0152039330374 1.66899904333e-05 -45.6409261976 -12.0230015027
102 19155 -0.0153597941163 1.60526391145e-05 -45.5530152632 -11.9770195681
103 19377 -0.0155088416072 1.61730263037e-05 -45.4693180152 -11.991253619
104 19364 -0.0156590590373 1.64979542459e-05 -45.3853279866 -11.9928672041
105 18723 -0.0158148928913 1.54976661538e-05 -45.2985815514 -11.9713384908
106 20039 -0.0159563923578 1.61191628989e-05 -45.2201509565 -12.0194093324
107 20135 -0.0161032139293 1.57701993342e-05 -45.1391068106 -11.9776122854
108 20961 -0.0162439977825 1.68413306748e-05 -45.0617152279 -11.9863272938
109 19574 -0.0163995796906 1.5582544721e-05 -44.9765507599 -11.9627562667
110 20769 -0.0165393287581 1.63480931766e-05 -44.9003750068 -11.9966062905
111 20389 -0.0166873037258 1.65481561707e-05 -44.8200454181 -11.9431571568
112 19614 -0.0168400203414 1.59369758151e-05 -44.7374955135 -11.9889542581
113 20076 -0.016985396239 1.6114056355e-05 -44.6592453069 -11.9948157797
114 20183 -0.0171319979904 1.64912638201e-05 -44.5806608843 -11.9534300521
115 19528 -0.0172845236847 1.62534567104e-05 -44.4992458964 -11.9851255509
116 19356 -0.017435518205 1.58366140234e-05 -44.4189924947 -11.9903495054
117 20015 -0.017580199026 1.64680142178e-05 -44.3424141632 -11.9909677826
118 19412 -0.0177329673815 1.6552838035e-05 -44.261892272 -11.9704503427
119 18666 -0.0178895613581 1.59497959208e-05 -44.1797110722 -11.9779863773
120 19081 -0.0180388001535 1.57652543191e-05 -44.1017242264 -11.9840757742
121 19874 -0.0181833384086 1.60529688662e-05 -44.0265028059 -11.9666852676
122 20104 -0.0183296704037 1.65377409647e-05 -43.9506558259 -11.9825821046
123 19361 -0.0184832877527 1.55463366728e-05 -43.8713640221 -11.9784614239
124 20619 -0.0186232191325 1.64578547049e-05 -43.7994300127 -11.9847762298
125 20018 -0.0187735629835 1.60091543742e-05 -43.722453316 -11.9749475516
126 20340 -0.0189186467634 1.68988793007e-05 -43.6484724603 -11.9439631605
127 18884 -0.0190775884536 1.58853704434e-05 -43.5677643071 -11.9506430351
128 19430 -0.01922488143 1.56685982189e-05 -43.4932857777 -11.9495236399
129 20437 -0.0193665401992 1.62095994235e-05 -43.4219399158 -11.9924491536
130 20347 -0.0195134131523 1.64593856485e-05 -43.3482599656 -11.9550846758
131 19751 -0.0196647843988 1.63019686431e-05 -43.2726326455 -11.9692174843
132 19481 -0.0198157432183 1.54777544283e-05 -43.1975220963 -11.9582398912
133 20892 -0.0199541440826 1.64610972564e-05 -43.1289308649 -11.9407054808
134 20276 -0.0201035564071 1.6287512792e-05 -43.0551716766 -11.9482029154
135 20028 -0.0202523068199 1.63756068322e-05 -42.9820358764 -11.9582669046
136 19607 -0.0204034586949 1.60425731495e-05 -42.9080207013 -11.904654348
137 19855 -0.0205506106019 1.62927403843e-05 -42.8362542686 -11.9735119683
138 19602 -0.0207010178954 1.551642486e-05 -42.7631941385 -11.9474944563
139 20939 -0.0208396079091 1.65400907223e-05 -42.6961357787 -11.9559419204
140 20160 -0.0209901704639 1.64207046467e-05 -42.6235669947 -11.9592932719
141 19646 -0.0211415874719 1.59938219778e-05 -42.5508814788 -11.9231042487
142 19993 -0.0212877843214 1.61129592472e-05 -42.4809809625 -11.9373883758
143 20101 -0.0214346718833 1.63088888889e-05 -42.4110247633 -11.9699795968
144 19812 -0.0215844267548 1.59343860696e-05 -42.3399846534 -11.9003183892
145 20284 -0.0217290318706 1.65964627024e-05 -42.27165578 -11.9579750359
146 19418 -0.0218829667224 1.55223312124e-05 -42.1992063904 -11.9432989984
147 20730 -0.0220223066524 1.64692781964e-05 -42.1338806974 -11.9257502375
148 20102 -0.0221724384608 1.60762749864e-05 -42.0637647181 -11.8970216446
149 20286 -0.022318321913 1.61881338875e-05 -41.9958988073 -11.8937052399
150 20241 -0.0224653850259 1.59306043315e-05 -41.9277479079 -11.8905649073
151 20731 -0.0226083880986 1.62996829005e-05 -41.861731031 -11.9270024359
152 20452 -0.0227556979063 1.64888849873e-05 -41.7939848593 -11.9276608894
153 19794 -0.0229071770866 1.56583563859e-05 -41.7245936617 -11.9597533661
154 20842 -0.0230473625831 1.6036747012e-05 -41.6606206963 -11.9042929638
155 21118 -0.0231899941346 1.59708121325e-05 -41.5957715475 -11.9434420447
156 21541 -0.0233306365054 1.6698811977e-05 -41.5320626036 -11.9190435242
157 20408 -0.0234817155112 1.57450122129e-05 -41.4638854075 -11.8821916837
158 21300 -0.0236211526945 1.69774573207e-05 -41.4011988911 -11.9181173857
159 19618 -0.0237778161766 1.55104088738e-05 -41.3310379239 -11.9230627388
160 20969 -0.0239162535981 1.59061505803e-05 -41.269275818 -11.8958875116
161 21530 -0.0240563626323 1.69662117636e-05 -41.2069925286 -11.9136609437
162 19853 -0.0242119951281 1.56871005756e-05 -41.1380719261 -11.9084294201
163 20843 -0.0243524340979 1.63089708934e-05 -41.0761162832 -11.9193206242
164 20543 -0.0244995005672 1.65779855161e-05 -41.0114761416 -11.8959446553
165 19703 -0.0246521486089 1.61069132733e-05 -40.9446401811 -11.9296266961
166 19822 -0.0248000123197 1.59183553655e-05 -40.8801476353 -11.9370406053
167 20327 -0.0249443180187 1.56895832263e-05 -40.8174415398 -11.9046393928
168 21335 -0.0250831493772 1.66134366859e-05 -40.7573317597 -11.9343425102
169 20389 -0.0252335276483 1.57336118616e-05 -40.6924618596 -11.9131943466
170 21305 -0.0253728480663 1.65597749581e-05 -40.6325829974 -11.9166614549
171 20471 -0.0255224386048 1.62903993277e-05 -40.5685253724 -11.924821427
172 20215 -0.0256705267649 1.62656161377e-05 -40.5053497435 -11.851165589
173 20012 -0.0258191360151 1.57186244721e-05 -40.4421891791 -11.9115090865
174 20943 -0.0259595217282 1.67094721739e-05 -40.3827409257 -11.8903927613
175 19820 -0.0261129231666 1.57021541855e-05 -40.3180209471 -11.8967348648
176 20776 -0.0262537215329 1.65339989872e-05 -40.2588375614 -11.9168866881
177 20015 -0.0264047712321 1.55318056726e-05 -40.1955772794 -11.920093044
178 21347 -0.0265421672821 1.65631773363e-05 -40.1382428114 -11.8735000417
179 20505 -0.0266916670793 1.61891116067e-05 -40.0760809921 -11.890013533
180 20457 -0.0268379588342 1.59009907194e-05 -40.0154773139 -11.8733724347
181 21015 -0.0269797272036 1.62727045729e-05 -39.9569580058 -11.8868205305
182 20789 -0.027125596333 1.59691196652e-05 -39.896961083 -11.8712126804
183 21209 -0.0272673200174 1.65923580556e-05 -39.8388770626 -11.8907935822
184 20312 -0.0274177920782 1.56460561504e-05 -39.7774306204 -11.8913905773
185 21414 -0.0275559833994 1.6506779132e-05 -39.7212003828 -11.9163053977
186 20687 -0.0277043161379 1.57933587364e-05 -39.6610568815 -11.8753111152
187 21485 -0.0278435766881 1.62390090172e-05 -39.6047917715 -11.8861940292
188 21327 -0.0279872969138 1.61825722675e-05 -39.5469268072 -11.8914668817
189 21292 -0.0281306362231 1.59044346307e-05 -39.4894184951 -11.87468575
190 21865 -0.028269651356 1.64586436299e-05 -39.4338379801 -11.8355923684
191 21226 -0.0284156614631 1.62720331081e-05 -39.3756642428 -11.8772696653
192 20999 -0.0285607928334 1.6113997899e-05 -39.3180461371 -11.8650454404
193 21111 -0.0287041355337 1.66557529553e-05 -39.2613382205 -11.9078173631
194 20089 -0.02885602002 1.6211443115e-05 -39.2014668904 -11.8793449312
195 19997 -0.0290041903522 1.55641293201e-05 -39.1432724755 -11.8753901102
196 21258 -0.0291421608344 1.63815398296e-05 -39.0892720851 -11.8680809201
197 20799 -0.0292889720105 1.56733502524e-05 -39.0320095881 -11.8552192211
198 21866 -0.0294259640088 1.65108924364e-05 -38.9787602298 -11.8113185996
199 21115 -0.0295728228246 1.63682178907e-05 -38.9218710679 -11.8477593519
200 20687 -0.0297199110963 1.54343307828e-05 -38.8650947171 -11.8977811749
201 22284 -0.0298535449168 1.63044059049e-05 -38.813685921 -11.8442535082
202 21974 -0.0299957041502 1.67539882677e-05 -38.7591784591 -11.8652793074
203 20702 -0.0301462018083 1.63781219354e-05 -38.7016761961 -11.8647525934
204 20262 -0.0302949145803 1.53939534355e-05 -38.6450592756 -11.8893057521
205 21916 -0.0304293130535 1.64564449345e-05 -38.5940650134 -11.8452139378
206 21280 -0.0305751174353 1.60787011262e-05 -38.5389278835 -11.8488226111
207 21470 -0.0307169444172 1.61562304394e-05 -38.485478476 -11.849357744
208 21492 -0.0308593825382 1.64011123107e-05 -38.4319800988 -11.9037150815
209 20986 -0.0310057119212 1.59191679088e-05 -38.3772084956 -11.8438480976
210 21519 -0.03114597148 1.58816929789e-05 -38.3248870696 -11.8764109001
211 22150 -0.031283894369 1.67792769406e-05 -38.2736065638 -11.8466897667
212 20815 -0.0314342117303 1.58972561389e-05 -38.2179079127 -11.8619654217
213 21391 -0.0315746960155 1.58492605788e-05 -38.1660312435 -11.8470431421
214 22090 -0.0317125212748 1.67801169319e-05 -38.1153031701 -11.812594803
215 20757 -0.031863056585 1.57571920721e-05 -38.0600847292 -11.8243071584
216 21637 -0.0320015091696 1.58712538174e-05 -38.0094705556 -11.8698534546
217 22295 -0.0321388922022 1.64954135304e-05 -37.9594096241 -11.8456626058
218 21563 -0.0322840808889 1.62120477452e-05 -37.9066791898 -11.8756220174
219 21463 -0.0324271070035 1.64122326215e-05 -37.8549089373 -11.7991050114
220 20934 -0.0325737171437 1.56154250148e-05 -37.8020205248 -11.8404894186
221 22138 -0.0327093621609 1.67175214866e-05 -37.7532484064 -11.8370978082
222 20934 -0.0328586986857 1.58773529598e-05 -37.6997311706 -11.8221082596
223 21557 -0.0329984664039 1.62737857959e-05 -37.6498110304 -11.8433122166
224 21323 -0.0331425075607 1.64785797554e-05 -37.5985336432 -11.8543824192
225 20658 -0.0332906905158 1.52987158745e-05 -37.5459600219 -11.8206160976
226 22562 -0.0334223316185 1.61677330146e-05 -37.4994061252 -11.8359436505
227 22559 -0.0335614600868 1.66833880178e-05 -37.4503579259 -11.850559079
228 21406 -0.0337088393075 1.61836051361e-05 -37.3985723045 -11.8013483575
229 21368 -0.0338519305015 1.63168237044e-05 -37.3484611782 -11.8204292142
230 21044 -0.0339973068917 1.61687889698e-05 -37.2977182161 -11.8109765206
231 21039 -0.034141383105 1.61448362382e-05 -37.2475957669 -11.8229840459
232 21085 -0.034285088226 1.59192220418e-05 -37.1977669094 -11.8316722701
233 21620 -0.0344250189787 1.64808228834e-05 -37.1494038935 -11.8125613688
234 20941 -0.0345722173716 1.57975208935e-05 -37.0986955132 -11.774065935
235 21740 -0.0347106965263 1.62134018749e-05 -37.0511459089 -11.8384941151
236 21636 -0.0348531608989 1.64172079538e-05 -37.0023840493 -11.7863118386
237 21092 -0.0349992648435 1.60697023484e-05 -36.9525401554 -11.7997969471
238 21300 -0.0351415777648 1.57500595761e-05 -36.9041481793 -11.825845824
239 22219 -0.0352781428174 1.63322137949e-05 -36.857857162 -11.8099434082
240 21848 -0.0354209539254 1.60169225282e-05 -36.809601647 -11.8190706955
241 22182 -0.0355599508777 1.61260355314e-05 -36.7627841493 -11.8037521079
242 22273 -0.035699608331 1.62084195071e-05 -36.7158917384 -11.8389649674
243 22178 -0.0358402789606 1.61500203207e-05 -36.6688079617 -11.7834784693
244 22215 -0.0359803270742 1.64726210988e-05 -36.6220802284 -11.8339237555
245 21535 -0.0361254082157 1.60905632309e-05 -36.5738278602 -11.8254220136
246 21701 -0.0362665819639 1.57700784984e-05 -36.5270254232 -11.8153899147
247 22592 -0.0364021891792 1.66672164284e-05 -36.4822074386 -11.8234561186
248 21473 -0.0365491974102 1.54639940192e-05 -36.4337745951 -11.7975145705
249 23061 -0.0366808131614 1.6883212311e-05 -36.3905474773 -11.7914679113
250 21444 -0.0368298269881 1.60366903346e-05 -36.3417589702 -11.8197679829
251 21728 -0.03697044133 1.61150305339e-05 -36.295868591 -11.8287714595
252 21841 -0.0371113752716 1.56194961445e-05 -36.2500174832 -11.8084728967
253 23088 -0.0372442360425 1.68119283504e-05 -36.2069239072 -11.8153777594
254 21625 -0.0373919990999 1.60565782555e-05 -36.1591454233 -11.7957164675
255 21867 -0.0375323389694 1.64008780573e-05 -36.1139114901 -11.7614825907
256 21353 -0.0376774044205 1.57232194581e-05 -36.0673014846 -11.7837820669
257 22335 -0.0378133819141 1.62832631508e-05 -36.0237465909 -11.8180601125
258 22071 -0.0379550426201 1.60422392634e-05 -35.9785097346 -11.7961960672
259 22350 -0.0380937322744 1.61884031155e-05 -35.9343578593 -11.8079062085
260 22300 -0.0382338446047 1.63019231507e-05 -35.8898893172 -11.780694535
261 21995 -0.0383759132993 1.62647419241e-05 -35.8449390511 -11.7683345856
262 21776 -0.038518368442 1.60661971723e-05 -35.8000065889 -11.8070811834
263 21998 -0.0386583729977 1.62706972746e-05 -35.7559831197 -11.771081567
264 21766 -0.0388009136348 1.62185985471e-05 -35.7113001115 -11.8013417839
265 21651 -0.0389433760803 1.57619750627e-05 -35.6667800173 -11.7771902359
266 22558 -0.0390790141827 1.68090069196e-05 -35.6245205595 -11.7745604591
267 21134 -0.0392284549017 1.58897023903e-05 -35.578104657 -11.7880923407
268 21736 -0.0393677552252 1.60017924671e-05 -35.5349735809 -11.7461066926
269 22102 -0.0395068713109 1.62802588513e-05 -35.4920291918 -11.7746953896
270 21848 -0.0396492287862 1.56538882134e-05 -35.4482177208 -11.8211471546
271 23015 -0.0397825936629 1.61021325809e-05 -35.4072957691 -11.7570128036
272 23165 -0.0399193312817 1.66907526168e-05 -35.3654609035 -11.7677478722
273 21965 -0.040064888525 1.63311966731e-05 -35.3210627903 -11.7824194937
274 21600 -0.0402085066288 1.64616078196e-05 -35.2773921055 -11.7725576472
275 20962 -0.0403554582117 1.53950903366e-05 -35.2328469227 -11.7562013128
276 22670 -0.0404876109979 1.6725792346e-05 -35.192907319 -11.7487750039
277 21419 -0.0406353197924 1.55376670477e-05 -35.1483998204 -11.7581138732
278 22831 -0.040768226143 1.62842399384e-05 -35.1084724927 -11.7489243558
279 22559 -0.0409083549685 1.63982636676e-05 -35.0664978775 -11.7773499027
280 22034 -0.0410511364425 1.56581638891e-05 -35.0238574134 -11.7828170439
281 23201 -0.0411840023649 1.73644168011e-05 -34.984294353 -11.7662876731
282 20547 -0.0413405724771 1.51573927893e-05 -34.9378161129 -11.7755341587
283 22766 -0.041470411742 1.62148621411e-05 -34.89938994 -11.7937249485
284 22654 -0.0416096517243 1.62066792332e-05 -34.8582989087 -11.7603086509
285 22561 -0.0417491071346 1.59829403251e-05 -34.8172654657 -11.7588361509
286 22985 -0.0418853646444 1.61960028436e-05 -34.7772895865 -11.7862904278
287 22916 -0.042023646164 1.65453509812e-05 -34.7368372264 -11.7799144444
288 22051 -0.0421676517888 1.51520293272e-05 -34.6948354501 -11.7551502493
289 24445 -0.0422929064135 1.67592634175e-05 -34.6584060776 -11.7228110156
290 23018 -0.0424356781109 1.63674421856e-05 -34.6169987523 -11.7712789581
291 22553 -0.0425765427958 1.61201204083e-05 -34.5762658994 -11.7536177124
292 22659 -0.0427149544403 1.6801791259e-05 -34.5363593072 -11.7405185812
293 21245 -0.0428639432233 1.52713127357e-05 -34.4935320916 -11.7261391753
294 23268 -0.0429933398373 1.64838175456e-05 -34.4564447173 -11.7525040101
295 22530 -0.0431352770378 1.585863994e-05 -34.4158779772 -11.7216678457
296 23245 -0.043269716743 1.58157173707e-05 -34.3775645566 -11.7367788805
297 24087 -0.0434014270198 1.71566982416e-05 -34.3401327785 -11.7181742276
298 21786 -0.0435516624435 1.60120954579e-05 -34.2975610779 -11.7533967154
299 22129 -0.0436907810003 1.60447105916e-05 -34.2582576973 -11.7126134242
300 22404 -0.0438293274963 1.5962286483e-05 -34.2192283719 -11.7454425943
301 22873 -0.0439657418067 1.67045586778e-05 -34.1809088621 -11.7268014861
302 21658 -0.0441124490049 1.56170081864e-05 -34.1398183946 -11.7381779559
303 22900 -0.0442458317816 1.59502403538e-05 -34.1025677033 -11.7286448624
304 23408 -0.0443805764297 1.65448344096e-05 -34.0650404908 -11.7371310042
305 22526 -0.0445230524496 1.58346665239e-05 -34.0254730688 -11.7347480701
306 23297 -0.0446571375027 1.6479165106e-05 -33.9883416 -11.7416995564
307 22569 -0.0447989128505 1.56015941676e-05 -33.9491914786 -11.7380569957
308 23901 -0.0449293447042 1.6238320781e-05 -33.9132741074 -11.7243559402
309 23727 -0.0450655970426 1.65038238583e-05 -33.8758561973 -11.7440189371
310 22928 -0.0452064680644 1.54244080871e-05 -33.8372793128 -11.7106125429
311 24723 -0.045333257644 1.65631796753e-05 -33.8026532986 -11.7264875238
312 23747 -0.0454721756551 1.67920360495e-05 -33.7648176469 -11.7232064813
313 22287 -0.0456175549661 1.61268386343e-05 -33.7253366268 -11.7287177615
314 22376 -0.045756895666 1.53427281625e-05 -33.6876049003 -11.7362721132
315 24329 -0.0458840305636 1.68882906172e-05 -33.6532713664 -11.7073834576
316 22611 -0.0460291902082 1.63621805846e-05 -33.614178216 -11.7056627108
317 22166 -0.0461712334308 1.58668179075e-05 -33.5760354365 -11.6945244345
318 22850 -0.0463068987162 1.56990005119e-05 -33.5397074764 -11.7411577784
319 23960 -0.0464379826652 1.61907376795e-05 -33.5047007156 -11.7119925177
320 23900 -0.0465733412411 1.67531336085e-05 -33.4686493939 -11.7321667283
321 22519 -0.0467176339488 1.606211757e-05 -33.4303266517 -11.7081341732
322 22758 -0.0468552459988 1.56899230862e-05 -33.3938817153 -11.7144769896
323 23886 -0.0469864581565 1.60990560781e-05 -33.3592254274 -11.685997109
324 24049 -0.047120632971 1.63954231684e-05 -33.3238808568 -11.7023251379
325 23496 -0.0472588767127 1.61539155983e-05 -33.2875637017 -11.7101804481
326 23525 -0.0473949998829 1.62739341672e-05 -33.2519016687 -11.6980248095
327 23269 -0.0475328868355 1.62541495026e-05 -33.2158763327 -11.7362205773
328 23062 -0.047671222762 1.64881975227e-05 -33.1798331911 -11.7146799828
329 22321 -0.0478138620325 1.5431833025e-05 -33.1427727502 -11.7015599302
330 24050 -0.0479424744361 1.61617736569e-05 -33.1094468627 -11.7033476894
331 24061 -0.0480771397792 1.64793112086e-05 -33.0746437508 -11.6760426005
332 23309 -0.0482166483701 1.64627097318e-05 -33.0386869521 -11.6643731051
333 22618 -0.0483581275905 1.60124435955e-05 -33.0023236964 -11.7227791467
334 22974 -0.0484946688267 1.64000211875e-05 -32.9673260929 -11.7379588342
335 22436 -0.0486361826046 1.58112766597e-05 -32.9311535511 -11.7261322942
336 23259 -0.048770178599 1.65702656554e-05 -32.8969957124 -11.7022880853
337 22325 -0.0489135146369 1.56053527883e-05 -32.8605567496 -11.6988089553
338 23634 -0.049044713984 1.60168437821e-05 -32.8272932625 -11.6697614832
339 23995 -0.0491783546511 1.658779419e-05 -32.793498984 -11.6603533874
340 22991 -0.0493197501658 1.59078696208e-05 -32.7578401977 -11.6895101503
341 23602 -0.0494535824551 1.587308417e-05 -32.7241798294 -11.6684146579
342 24315 -0.0495851496649 1.64987536745e-05 -32.6911751147 -11.644221355
343 23509 -0.0497242284404 1.64430370469e-05 -32.6563783652 -11.6750777418
344 22858 -0.0498647959328 1.6184119724e-05 -32.6213051593 -11.6929959888
345 22817 -0.05000327582 1.58941424254e-05 -32.5868468402 -11.6837646213
346 23456 -0.05013740799 1.60307204009e-05 -32.5535589767 -11.6828123932
347 23781 -0.0502717655936 1.58862414868e-05 -32.5203022347 -11.685356354
348 24467 -0.0504030330285 1.6805031507e-05 -32.48789422 -11.7014295721
349 22932 -0.0505464625838 1.59174610781e-05 -32.4525779172 -11.6590450723
350 23518 -0.050680613034 1.58993589058e-05 -32.4196352213 -11.7043079591
351 24164 -0.0508128094162 1.6622011907e-05 -32.3872560481 -11.6715459692
352 23072 -0.0509542453944 1.59421850676e-05 -32.3527054101 -11.6686835825
353 23603 -0.0510883641945 1.62836173065e-05 -32.3200293897 -11.6941614856
354 23324 -0.0512261727005 1.560074311e-05 -32.2865424435 -11.6903151902
355 24703 -0.0513544635942 1.69182215216e-05 -32.2554481178 -11.6677347971
356 22889 -0.0514989945884 1.59055882969e-05 -32.2205095233 -11.6886854925
357 23503 -0.0516330899755 1.62912260642e-05 -32.1881803551 -11.6496794369
358 23207 -0.0517713092049 1.61303883401e-05 -32.1549440112 -11.6580076845
359 23292 -0.0519079146776 1.56548173113e-05 -32.1221821999 -11.668982828
360 24534 -0.0520370931668 1.64064769167e-05 -32.0912803802 -11.6785682032
361 23943 -0.0521741327255 1.68444563926e-05 -32.0585814589 -11.6968224751
362 22352 -0.0523197541275 1.52027142672e-05 -32.0239285709 -11.6607280471
363 24652 -0.052444901311 1.68033952052e-05 -31.99422472 -11.6683822132
364 23109 -0.0525877659098 1.58811038489e-05 -31.9604021473 -11.6805515133
365 23788 -0.0527208504811 1.60026473241e-05 -31.9289776363 -11.6528053232
366 24186 -0.052853843928 1.63031027301e-05 -31.897654008 -11.6979275682
367 23852 -0.0529902790565 1.60934931784e-05 -31.8656019042 -11.63262669
368 24029 -0.0531244651867 1.6723588302e-05 -31.8341589816 -11.6752050697
369 22708 -0.0532679013016 1.53979942129e-05 -31.800636873 -11.6440385937
370 24551 -0.053394914633 1.630561061e-05 -31.771028777 -11.6286905936
371 24206 -0.0535303698321 1.61550996016e-05 -31.7395310387 -11.6470857215
372 24233 -0.0536644996785 1.63615832684e-05 -31.7084207734 -11.6148571836
373 23757 -0.0538016976847 1.57110470126e-05 -31.6766801905 -11.6628441085
374 24881 -0.0539304324234 1.59692894414e-05 -31.6469720794 -11.6796660918
375 25383 -0.0540599813081 1.68811329334e-05 -31.6171486422 -11.6645097524
376 23608 -0.0542019834515 1.61973605148e-05 -31.5845416467 -11.6192367581
377 23534 -0.0543384490287 1.535817883e-05 -31.5532877633 -11.6282419373
378 25548 -0.0544626390485 1.68558720419e-05 -31.5249146879 -11.6392571863
379 23822 -0.0546037892611 1.62319047169e-05 -31.4927468136 -11.6393087258
380 23664 -0.0547401690169 1.64148203737e-05 -31.4617466789 -11.6415392807
381 23075 -0.0548798349875 1.58718043218e-05 -31.4300813103 -11.6647040021
382 23775 -0.055012876744 1.60156250547e-05 -31.3999944381 -11.6400200571
383 24141 -0.0551461021574 1.6191665485e-05 -31.3699406878 -11.6341813961
384 24079 -0.0552809664205 1.58064354719e-05 -31.3395930487 -11.6457387829
385 24975 -0.0554102387366 1.63408114567e-05 -31.3105750671 -11.6403037442
386 24536 -0.0555450696351 1.66854945878e-05 -31.280383466 -11.6163198822
387 23277 -0.055686419535 1.55499279814e-05 -31.2488130801 -11.6782215544
388 24781 -0.0558140913734 1.63719291707e-05 -31.2203686495 -11.6103900379
389 24269 -0.055949920958 1.62807303987e-05 -31.1901804124 -11.6434876875
390 23989 -0.056085781421 1.61932562334e-05 -31.1600610293 -11.6535714201
391 23923 -0.0562210964869 1.59359765313e-05 -31.1301375496 -11.6315898073
392 24489 -0.0563527154334 1.67597288545e-05 -31.1011029688 -11.6048995831
393 23058 -0.0564953661391 1.53107141958e-05 -31.0697142026 -11.6486289969
394 25152 -0.0566201419797 1.65909767296e-05 -31.0423260616 -11.631256291
395 24091 -0.0567582958747 1.62755249514e-05 -31.0120746141 -11.6373404677
396 23825 -0.05689457774 1.60242363274e-05 -30.9823081392 -11.6535630109
397 24171 -0.0570277930529 1.6108426002e-05 -30.9532832384 -11.6463762278
398 24313 -0.0571613155954 1.61144555366e-05 -30.9242623524 -11.588485264
399 24441 -0.0572945382343 1.60024996936e-05 -30.8953771921 -11.6361732585
400 24850 -0.05742574084 1.63826355165e-05 -30.8669986358 -11.6263747414
401 24310 -0.057561544133 1.51834707835e-05 -30.8376964364 -11.6339904699
402 26864 -0.0576812763807 1.70846366553e-05 -30.8119219704 -11.5973530743
403 24475 -0.0578224210037 1.59919919282e-05 -30.7816101796 -11.5773896472
404 24912 -0.0579533764892 1.62893989902e-05 -30.7535560722 -11.5732379879
405 24603 -0.0580876025559 1.63859583218e-05 -30.7248704886 -11.6012433964
406 24061 -0.0582241365271 1.6336995235e-05 -30.6957632616 -11.6099172872
407 23648 -0.0583614457941 1.57170887725e-05 -30.6665632951 -11.6321181437
408 24751 -0.0584905661262 1.63903895366e-05 -30.6391709071 -11.58398987
409 24194 -0.058626758692 1.60270307723e-05 -30.6103473863 -11.6286922243
410 24538 -0.0587589960279 1.58721359611e-05 -30.5824286974 -11.5742389126
411 25282 -0.0588880156104 1.66538929334e-05 -30.5552534724 -11.6082989647
412 24062 -0.0590267782827 1.56450439707e-05 -30.5260965009 -11.6091363437
413 25370 -0.0591537306537 1.63503905571e-05 -30.4994848372 -11.6356291193
414 24900 -0.0592876512705 1.59565778236e-05 -30.4714782485 -11.5987001336
415 25435 -0.0594169641662 1.64861556483e-05 -30.4444991103 -11.6059482364
416 24623 -0.0595527557877 1.60508959021e-05 -30.4162355704 -11.6226197934
417 24913 -0.059684190379 1.67114213054e-05 -30.3889443167 -11.5807170107
418 23573 -0.0598248694296 1.56318393384e-05 -30.3598045759 -11.6071772493
419 24888 -0.05995293757 1.64707724509e-05 -30.3333406646 -11.5691845335
420 24131 -0.0600899783033 1.59543199958e-05 -30.305089614 -11.5932503132
421 24656 -0.060221301854 1.59364792408e-05 -30.2780818855 -11.5825888384
422 25238 -0.0603509569835 1.61174804278e-05 -30.251479205 -11.5593784285
423 25363 -0.0604817600765 1.61331493834e-05 -30.2247031197 -11.5996405075
424 25448 -0.0606124711747 1.61247559987e-05 -30.1980079965 -11.5973490207
425 25555 -0.0607428403695 1.61196043237e-05 -30.1714443544 -11.5919356408
426 25676 -0.0608728607908 1.67155193464e-05 -30.1450128955 -11.5837001338
427 24285 -0.0610114966118 1.6101635274e-05 -30.1168970418 -11.6163177619
428 24445 -0.0611446033606 1.59095658326e-05 -30.0899673485 -11.5656514174
429 25090 -0.0612744194504 1.59997512183e-05 -30.0637643855 -11.6256091769
430 25517 -0.0614038737354 1.63897604541e-05 -30.0376942093 -11.5970269357
431 24945 -0.0615379971022 1.59413408882e-05 -30.0107464767 -11.5743744303
432 25521 -0.0616669701363 1.63762626196e-05 -29.9848935408 -11.602956362
433 24983 -0.061800880849 1.63562909021e-05 -29.9581128747 -11.6095288943
434 24506 -0.0619359238349 1.57825372395e-05 -29.9311695549 -11.5904110401
435 25479 -0.0620637160098 1.67836551708e-05 -29.9057316814 -11.5869854431
436 23933 -0.062203937475 1.60839761353e-05 -29.877885226 -11.615658813
437 24134 -0.0623377524804 1.62244417074e-05 -29.8513747642 -11.569468161
438 23992 -0.0624731342615 1.60598346172e-05 -29.8246170298 -11.5519240094
439 24252 -0.0626064206314 1.57411858742e-05 -29.798335259 -11.5866823112
440 25321 -0.0627342748526 1.5683344739e-05 -29.7731820511 -11.6175198906
441 26593 -0.0628585755047 1.66587202422e-05 -29.7487816909 -11.5481957377
442 25297 -0.0629939468803 1.60879083385e-05 -29.7222682087 -11.5870439697
443 25499 -0.0631241620856 1.62004667134e-05 -29.6968235058 -11.555641934
444 25410 -0.0632555159503 1.5960363756e-05 -29.6712146269 -11.5641072869
445 25946 -0.0633835795414 1.6224333631e-05 -29.6463034313 -11.5306898009
446 25793 -0.0635141468334 1.60529916615e-05 -29.6209621548 -11.5663931518
447 26091 -0.0636425962471 1.66412679804e-05 -29.5960878486 -11.5707059523
448 24864 -0.0637789998088 1.60890695084e-05 -29.569733734 -11.5347217274
449 25059 -0.0639103611722 1.6172894416e-05 -29.5444125305 -11.5580554248
450 25042 -0.0640424527969 1.59135317998e-05 -29.5190084643 -11.5729921106
451 25693 -0.0641707699561 1.62705586863e-05 -29.4943857233 -11.5679151414
452 25422 -0.0643026612515 1.58739649521e-05 -29.4691338676 -11.546665707
453 26187 -0.0644294441662 1.57669702587e-05 -29.4449140904 -11.5239686721
454 27270 -0.0645528471388 1.68010723853e-05 -29.4213906954 -11.5521710054
455 25570 -0.0646886462625 1.60335048927e-05 -29.3955619302 -11.5662216732
456 25917 -0.0648173706004 1.6152872061e-05 -29.3711343317 -11.54121423
457 25952 -0.0649469648128 1.69389844822e-05 -29.3465960969 -11.5578568137
458 23996 -0.0650882966773 1.55082241882e-05 -29.3198974331 -11.5810177961
459 25655 -0.0652134383686 1.61024161137e-05 -29.2963110815 -11.5668828044
460 25822 -0.0653429537619 1.62692222222e-05 -29.2719534866 -11.5413979374
461 25553 -0.0654744954735 1.56587840074e-05 -29.2472699149 -11.5648734678
462 26904 -0.0655978827042 1.70588510222e-05 -29.2241668331 -11.5630634996
463 24576 -0.0657385255821 1.53586523061e-05 -29.1978919999 -11.5480911321
464 26677 -0.0658600609901 1.69515901852e-05 -29.1752374537 -11.5495740237
465 24635 -0.0659996520291 1.56422985289e-05 -29.1492750214 -11.577283882
466 25981 -0.0661250797648 1.65326724465e-05 -29.1259992923 -11.54193769
467 25033 -0.066260134199 1.55858562679e-05 -29.1009924863 -11.538474769
468 26553 -0.0663837567357 1.70732243553e-05 -29.0781525813 -11.5436633711
469 24220 -0.0665255486606 1.54395737198e-05 -29.0520146228 -11.5635088772
470 26075 -0.0666491267253 1.59625396571e-05 -29.0292853157 -11.5218432888
471 26620 -0.0667755779457 1.66372946771e-05 -29.0060766682 -11.5399227768
472 25378 -0.0669105599485 1.56801187518e-05 -28.9813569347 -11.5266326308
473 26662 -0.0670346750442 1.69952546497e-05 -28.9586769299 -11.5285427228
474 24512 -0.0671749751386 1.56132605983e-05 -28.9330964504 -11.5378431077
475 25928 -0.0673002986644 1.58909669148e-05 -28.9102976479 -11.5429136579
476 26663 -0.0674260813643 1.65372642346e-05 -28.8874635899 -11.562641944
477 25678 -0.0675594654393 1.62114099016e-05 -28.8633022816 -11.563806647
478 25560 -0.0676905218275 1.65401421652e-05 -28.8396152486 -11.5377501506
479 24609 -0.0678267970823 1.56560948727e-05 -28.8150401105 -11.5666748595
480 25917 -0.067952489837 1.61644822001e-05 -28.7924230483 -11.5244345872
481 25922 -0.0680822536134 1.60376814834e-05 -28.7691233091 -11.5284356608
482 26262 -0.0682101613907 1.61562229737e-05 -28.7462062411 -11.567963105
483 26289 -0.0683389501605 1.61039077156e-05 -28.7231807401 -11.5223621875
484 26456 -0.0684669158273 1.62349324507e-05 -28.7003513521 -11.5263089464
485 26272 -0.0685963725571 1.69289688906e-05 -28.6773054524 -11.5363863917
486 24317 -0.0687366867577 1.51790523692e-05 -28.6523827455 -11.500706848
487 26883 -0.0688563400067 1.65918974027e-05 -28.6311757579 -11.5180403408
488 25747 -0.0689899856788 1.61459092225e-05 -28.6075385947 -11.4741697997
489 25800 -0.0691199050712 1.60010272846e-05 -28.584610695 -11.4994364104
490 26236 -0.0692475841303 1.52868618666e-05 -28.5621262458 -11.5362132928
491 28688 -0.0693642350508 1.77575776075e-05 -28.5416254057 -11.4956153904
492 24413 -0.0695111248242 1.53213500029e-05 -28.5158664741 -11.5171328583
493 26601 -0.0696325384434 1.68152826983e-05 -28.4946222806 -11.501321331
494 24906 -0.0697702500426 1.53718286886e-05 -28.4705778828 -11.5009072953
495 26999 -0.0698911622127 1.58858129529e-05 -28.4495116637 -11.5401680129
496 27778 -0.0700143526652 1.64421715352e-05 -28.4280916499 -11.4971156999
497 27011 -0.0701436559531 1.62905082636e-05 -28.4056554549 -11.5086929663
498 26672 -0.0702725773014 1.60448802942e-05 -28.3833330074 -11.4958484609
499 27002 -0.0703987766122 1.64896322972e-05 -28.3615276467 -11.5209841997
500 26130 -0.0705306201993 1.5821269758e-05 -28.3387952563 -11.5014850918
501 27061 -0.0706549254975 1.68120100173e-05 -28.3174076014 -11.5491551537
502 25346 -0.0707914124108 1.58263291373e-05 -28.2939741434 -11.5327420703
503 26236 -0.0709176983731 1.60857592975e-05 -28.2723386836 -11.4947237996
504 26451 -0.0710455310901 1.59343844527e-05 -28.2504837025 -11.520388351
505 27081 -0.0711706798901 1.64308580905e-05 -28.2291317613 -11.4806171026
506 26364 -0.0713014714239 1.57938121439e-05 -28.2068636717 -11.4760548645
507 27380 -0.0714248369122 1.6270184765e-05 -28.1859034036 -11.5390883364
508 27093 -0.0715525950587 1.63293031552e-05 -28.1642411722 -11.5068318698
509 26648 -0.0716818818567 1.60164362933e-05 -28.1423655646 -11.5316743524
510 27056 -0.0718077323463 1.64366576252e-05 -28.1211155214 -11.5195283732
511 26324 -0.0719386689789 1.58056782316e-05 -28.0990527482 -11.4725274674
512 27305 -0.0720622954017 1.6309385135e-05 -28.0782647364 -11.5075918492
513 26911 -0.0721907923595 1.59494232951e-05 -28.0567018604 -11.5308272503
514 27510 -0.072315078896 1.63869779961e-05 -28.0358881928 -11.4869037878
515 26901 -0.072444212402 1.61534999199e-05 -28.0143071321 -11.4916374812
516 26936 -0.0725714233457 1.59882126495e-05 -27.9930913911 -11.4742185492
517 27427 -0.0726961997697 1.61553489192e-05 -27.9723239833 -11.4997052112
518 27457 -0.0728222112125 1.65013014898e-05 -27.951393425 -11.4424377502
519 26539 -0.0729531277818 1.55584753458e-05 -27.9296931191 -11.4914641435
520 28229 -0.073072813879 1.70883728184e-05 -27.9098943446 -11.4916776436
521 25709 -0.0732105599202 1.5721231024e-05 -27.8871552009 -11.4779466618
522 26897 -0.073334455294 1.59904023651e-05 -27.8667455034 -11.4750906527
523 27381 -0.0734593531297 1.6409660275e-05 -27.8462117381 -11.4797824741
524 26713 -0.0735891188091 1.6122855244e-05 -27.8249212267 -11.4871558256
525 26831 -0.0737163364671 1.6511500528e-05 -27.8040917208 -11.4844204137
526 25907 -0.0738489218505 1.61323974726e-05 -27.7824284711 -11.4574874283
527 25996 -0.0739782423581 1.53564365922e-05 -27.7613429036 -11.5057436817
528 28225 -0.0740963814254 1.69847942794e-05 -27.7421185226 -11.5089958313
529 25977 -0.0742325853847 1.62727706136e-05 -27.7199994728 -11.4876079515
530 25698 -0.074363786283 1.63669626132e-05 -27.6987383107 -11.4801556776
531 25180 -0.0744970963574 1.56450246282e-05 -27.6771808523 -11.4882669185
532 26549 -0.0746211980917 1.63979559204e-05 -27.6571535595 -11.4505508747
533 25932 -0.0747528092682 1.57394042526e-05 -27.6359575692 -11.4700990974
534 27080 -0.0748764274581 1.62595750443e-05 -27.6160891945 -11.4760618943
535 26825 -0.0750047384837 1.59522239242e-05 -27.5955077819 -11.4549681149
536 27414 -0.0751292636521 1.58659945146e-05 -27.5755736537 -11.4690666009
537 28262 -0.0752512427724 1.63850114266e-05 -27.5560852123 -11.4562903517
538 27642 -0.0753786186995 1.65102510162e-05 -27.5357746732 -11.4769231665
539 26694 -0.0755092264552 1.62344194658e-05 -27.5149912689 -11.4508109724
540 26510 -0.075638097358 1.59180989003e-05 -27.4945262612 -11.4702765339
541 27186 -0.0757628758414 1.6348097482e-05 -27.4747507877 -11.492604037
542 26689 -0.0758922130847 1.59441390856e-05 -27.4542938721 -11.4886838512
543 27297 -0.0760169406484 1.62438277026e-05 -27.434605522 -11.4458361598
544 27083 -0.0761445149262 1.62053273486e-05 -27.4145077842 -11.4531899753
545 26976 -0.076272039364 1.63379469566e-05 -27.3944581764 -11.4210850831
546 26510 -0.0764017316576 1.57077501202e-05 -27.3741089162 -11.4505092231
547 27773 -0.0765235528371 1.63285796391e-05 -27.3550323814 -11.4745905195
548 27319 -0.0766512367407 1.64823212019e-05 -27.3350768767 -11.496019617
549 26457 -0.0767822064877 1.6161904968e-05 -27.3146492898 -11.471670804
550 26469 -0.0769106018998 1.60997546393e-05 -27.2946638602 -11.4702244054
551 26648 -0.0770380719597 1.54944099285e-05 -27.2748621458 -11.4568769606
552 28530 -0.0771566343759 1.62824790871e-05 -27.2564795678 -11.4257748336
553 28195 -0.0772819638769 1.6310458719e-05 -27.2370847599 -11.4468369659
554 27785 -0.0774084317229 1.61076405671e-05 -27.2175522062 -11.425965558
555 27951 -0.0775329572006 1.64375314807e-05 -27.1983572403 -11.4778913208
556 27192 -0.077661793019 1.63091676864e-05 -27.1785370079 -11.4494189169
557 26800 -0.0777905535563 1.60112780711e-05 -27.1587680235 -11.4539409385
558 27225 -0.0779159733922 1.54992106594e-05 -27.1395499616 -11.4598245151
559 29133 -0.0780333376793 1.65230820477e-05 -27.1216001328 -11.4623196441
560 28097 -0.0781607410753 1.66271888552e-05 -27.102151889 -11.4265827006
561 26814 -0.0782919802686 1.57347718733e-05 -27.0821582437 -11.4445104491
562 28015 -0.0784134839792 1.63475154751e-05 -27.0636839585 -11.4230679073
563 27504 -0.078540884928 1.63717228826e-05 -27.0443502966 -11.4140158338
564 26936 -0.078669812511 1.65307605349e-05 -27.0248237039 -11.4471199102
565 25958 -0.0788024230082 1.55408119715e-05 -27.0047798598 -11.3966692248
566 27660 -0.0789231952282 1.62117619126e-05 -26.9865610182 -11.4137244205
567 27532 -0.0790494738664 1.6152339234e-05 -26.9675477755 -11.4694323983
568 27571 -0.0791752021608 1.62942982975e-05 -26.9486541175 -11.4382519421
569 27215 -0.0793028617451 1.54556219848e-05 -26.9295076208 -11.4370886071
570 29252 -0.0794196582794 1.68678483785e-05 -26.9120232794 -11.4641259496
571 27243 -0.0795517435177 1.6319215989e-05 -26.8922880121 -11.4283858007
572 26823 -0.07968052835 1.60559594276e-05 -26.8730843701 -11.4264972853
573 27125 -0.079806529664 1.5609328819e-05 -26.8543324748 -11.4416101139
574 28703 -0.0799256102431 1.69894901483e-05 -26.8366438004 -11.4336803031
575 26404 -0.0800607448159 1.54407452592e-05 -26.8166094414 -11.4238399948
576 28423 -0.0801791177543 1.61250680119e-05 -26.7990940804 -11.4369636586
577 28542 -0.080302479962 1.68275245157e-05 -26.7808741661 -11.4759520092
578 26691 -0.0804356059443 1.52306122204e-05 -26.7612506726 -11.4398646052
579 29353 -0.0805505032883 1.71956932814e-05 -26.7443462027 -11.4232425037
580 26444 -0.0806871759684 1.55802166959e-05 -26.7242765257 -11.4309336336
581 28065 -0.0808073771825 1.60419774278e-05 -26.7066601014 -11.3983323179
582 28421 -0.0809303643185 1.62294317323e-05 -26.6886687065 -11.4273108784
583 28239 -0.0810551884887 1.59257922731e-05 -26.6704429528 -11.4376490709
584 28937 -0.081176192395 1.68952952233e-05 -26.6528079675 -11.4411831605
585 26875 -0.081309395866 1.5906953742e-05 -26.6334324524 -11.4256961522
586 27592 -0.0814331672939 1.60556768126e-05 -26.6154639567 -11.4002648889
587 27903 -0.0815573963785 1.60129105908e-05 -26.5974628794 -11.3910798967
588 28340 -0.0816803350286 1.63493654618e-05 -26.5796820924 -11.4488297495
589 27818 -0.0818070295818 1.59875737465e-05 -26.5613926519 -11.4100228797
590 28327 -0.0819298030984 1.61725392403e-05 -26.5437026311 -11.4003147082
591 28309 -0.08205403682 1.63617276177e-05 -26.525835571 -11.4369937615
592 27753 -0.0821809761313 1.60764360901e-05 -26.507613961 -11.4232773088
593 28007 -0.0823051352443 1.59685159879e-05 -26.4898251401 -11.3877759546
594 28575 -0.0824272297755 1.65613187214e-05 -26.4723645355 -11.4154042433
595 27452 -0.0825564189878 1.59988635519e-05 -26.4539242311 -11.4008161771
596 27922 -0.0826801663935 1.60269637414e-05 -26.4362942436 -11.4146646394
597 28319 -0.0828032588317 1.63859034408e-05 -26.4187900564 -11.4153006213
598 27695 -0.0829305191882 1.61528688718e-05 -26.4007271503 -11.4139845606
599 27732 -0.0830558844265 1.61153104992e-05 -26.3829669104 -11.4042888079
600 27876 -0.0831806367357 1.59589300514e-05 -26.365326594 -11.4006739573
601 28469 -0.083302884847 1.62780157203e-05 -26.3480723141 -11.3995734886
602 28148 -0.0834282857615 1.55949166506e-05 -26.3304058 -11.3744713336
603 29829 -0.0835449889525 1.635446753e-05 -26.3139943471 -11.364222083
604 29265 -0.0836685513714 1.65442080602e-05 -26.2966494603 -11.3840988672
605 28164 -0.0837959660409 1.58420896962e-05 -26.2787972824 -11.3984337935
606 29106 -0.0839159829687 1.62874361512e-05 -26.2620125997 -11.3952858004
607 28750 -0.0840401351421 1.60405250725e-05 -26.2446811434 -11.4041810321
608 29119 -0.0841616283374 1.68776220642e-05 -26.2277518568 -11.4031953359
609 27092 -0.0842941572201 1.57302742569e-05 -26.2093196705 -11.4034029235
610 28318 -0.0844149737679 1.6721421391e-05 -26.1925480431 -11.4150787546
611 26767 -0.0845470702025 1.62598670936e-05 -26.1742449505 -11.3910606301
612 26514 -0.0846761334805 1.56895518306e-05 -26.1563967354 -11.4318056544
613 27829 -0.0847976918956 1.57377752509e-05 -26.139617565 -11.3780734264
614 29066 -0.0849170002058 1.61497054569e-05 -26.1231783318 -11.3649956044
615 29115 -0.0850393294839 1.63589269078e-05 -26.1063529535 -11.4081402066
616 28551 -0.0851644602124 1.5973096633e-05 -26.0891737151 -11.4020663661
617 29116 -0.0852854487957 1.64122622623e-05 -26.0725933234 -11.3758370761
618 28398 -0.0854113253376 1.65814947913e-05 -26.0553744816 -11.4209300673
619 27227 -0.0855412071917 1.57404420526e-05 -26.0376412235 -11.3813180734
620 28430 -0.0856618640526 1.62624093069e-05 -26.0211978706 -11.4099012003
621 28154 -0.0857871314374 1.61693862407e-05 -26.0041570657 -11.3906380849
622 28145 -0.0859117020447 1.60431659714e-05 -25.9872421608 -11.3575716985
623 28499 -0.0860345307736 1.62940835564e-05 -25.9705940766 -11.3876706819
624 28132 -0.0861600916737 1.58584407757e-05 -25.9536066905 -11.3615265735
625 29025 -0.0862804006403 1.63692388598e-05 -25.9373591871 -11.3857798306
626 28433 -0.086405869817 1.59630053419e-05 -25.9204453113 -11.378848402
627 29025 -0.0865269705516 1.64236617688e-05 -25.9041497837 -11.3719411438
628 28277 -0.0866532047817 1.63981338292e-05 -25.8871942069 -11.40172652
629 27619 -0.086780733742 1.58868418721e-05 -25.8700964841 -11.4051014344
630 28413 -0.0869025478902 1.58213560259e-05 -25.8537946717 -11.4085395875
631 29425 -0.0870217557991 1.66600840118e-05 -25.837869689 -11.3735343765
632 27987 -0.0871504674463 1.60526681868e-05 -25.8207061725 -11.3693633426
633 28311 -0.0872737748067 1.65355998778e-05 -25.8042934889 -11.3642324551
634 27270 -0.0874031945474 1.54924757526e-05 -25.7870989023 -11.3868532275
635 29201 -0.0875203708664 1.59752298791e-05 -25.7715588782 -11.3676783762
636 29772 -0.087640034233 1.67288722596e-05 -25.7557163264 -11.3359643901
637 28121 -0.0877689707316 1.54497946741e-05 -25.7386768844 -11.3480454284
638 30244 -0.0878837930353 1.70181820128e-05 -25.7235295157 -11.3786799377
639 27741 -0.0880158541103 1.57502435157e-05 -25.7061391772 -11.3735924768
640 28938 -0.0881355219502 1.58116560731e-05 -25.6904095559 -11.3517084162
641 29998 -0.0882535130002 1.61871838982e-05 -25.6749270095 -11.3505240245
642 29934 -0.0883744361347 1.64787732231e-05 -25.6590871297 -11.3448788909
643 29000 -0.088499505051 1.59300986519e-05 -25.6427333026 -11.3869817329
644 29703 -0.0886189691514 1.65487310829e-05 -25.6271399267 -11.3669612657
645 28573 -0.0887455044933 1.59272927112e-05 -25.6106528628 -11.3428175235
646 29274 -0.08886581959 1.6024982182e-05 -25.5950041618 -11.3545294992
647 29696 -0.0889860090058 1.60149018843e-05 -25.5793988819 -11.3633204693
648 30155 -0.0891052053156 1.65765251115e-05 -25.5639492047 -11.3691515142
649 28926 -0.0892311770445 1.63118737129e-05 -25.5476501101 -11.3659852085
650 28502 -0.0893560564502 1.54617137489e-05 -25.5315214658 -11.351599157
651 30616 -0.0894702659295 1.67191392898e-05 -25.5167961995 -11.3926752984
652 28946 -0.0895972761434 1.60777534025e-05 -25.5004488411 -11.3448612943
653 29207 -0.089718867837 1.63050811861e-05 -25.4848267792 -11.3764326162
654 28798 -0.0898430505186 1.59754460054e-05 -25.4688999098 -11.3251591772
655 29361 -0.0899635512147 1.60728274361e-05 -25.4534723275 -11.353211823
656 29640 -0.0900842133812 1.63082702706e-05 -25.4380507104 -11.3835342756
657 29216 -0.0902075297111 1.61801743805e-05 -25.4223173421 -11.3372614488
658 29175 -0.090329963876 1.60248392803e-05 -25.4067239298 -11.343082425
659 29596 -0.0904503550926 1.61869278314e-05 -25.39141727 -11.3513349042
660 29534 -0.0905720931942 1.63912927721e-05 -25.375966078 -11.3523410226
661 28867 -0.0906967834359 1.67507627629e-05 -25.360167971 -11.3500074288
662 27205 -0.0908280423642 1.51593080785e-05 -25.3435679083 -11.3399935624
663 30137 -0.0909409057653 1.61645247541e-05 -25.3293190701 -11.3432338286
664 30142 -0.091061242414 1.62369526784e-05 -25.3141519185 -11.3334988464
665 29926 -0.0911825531496 1.57959102153e-05 -25.2988882259 -11.3438516895
666 31072 -0.0912983719243 1.62342132889e-05 -25.2843400649 -11.330539838
667 30858 -0.0914178166664 1.6316089271e-05 -25.2693614642 -11.3013483134
668 30392 -0.0915387806847 1.70463952965e-05 -25.2542181761 -11.3549155247
669 27797 -0.0916709270319 1.58383478019e-05 -25.2377046263 -11.330402491
670 28738 -0.091791682162 1.59300014899e-05 -25.2226415595 -11.3394547186
671 29435 -0.091911688271 1.63551487112e-05 -25.2076973956 -11.3489194599
672 28876 -0.0920360843869 1.61335353759e-05 -25.1922332853 -11.3369626809
673 28972 -0.0921585920213 1.5884787002e-05 -25.1770304694 -11.3563832
674 29811 -0.0922774999951 1.65487748303e-05 -25.1622994764 -11.3258476923
675 28676 -0.0924038065354 1.60444425501e-05 -25.1466789379 -11.3695845936
676 29032 -0.0925255102942 1.59503514209e-05 -25.1316539099 -11.3596220627
677 29675 -0.092645183317 1.6086132192e-05 -25.1169046726 -11.3548629083
678 29917 -0.0927653858868 1.58203565425e-05 -25.1021151479 -11.3382682327
679 30986 -0.0928815454883 1.66101270983e-05 -25.0878467897 -11.3177531981
680 29622 -0.0930062807559 1.61932100564e-05 -25.0725509501 -11.3149768812
681 29541 -0.0931280514499 1.6086564249e-05 -25.0576444583 -11.3479338134
682 29781 -0.0932485322122 1.598911032e-05 -25.0429209088 -11.3126334717
683 30321 -0.0933672111417 1.63543414571e-05 -25.0284418426 -11.3135789935
684 29748 -0.0934897652471 1.6199936237e-05 -25.0135152334 -11.3276423701
685 29646 -0.0936113697437 1.59201281094e-05 -24.9987295648 -11.3222210059
686 30396 -0.0937293913761 1.59952545653e-05 -24.9844035529 -11.3308690936
687 30928 -0.093846945358 1.65459113776e-05 -24.9701577732 -11.3376161654
688 29759 -0.0939709106172 1.59114717989e-05 -24.955160352 -11.321537541
689 30538 -0.0940885921806 1.5597492535e-05 -24.9409471186 -11.3183136272
690 32354 -0.0942006687419 1.72668368178e-05 -24.9274325042 -11.331115964
691 28938 -0.0943318594131 1.53177880093e-05 -24.9116398223 -11.3542704402
692 31543 -0.0944433309577 1.6268633289e-05 -24.8982435684 -11.3170303942
693 31217 -0.0945623395269 1.72031764395e-05 -24.8839644508 -11.3045109579
694 28101 -0.0946949769374 1.51133438443e-05 -24.8680779006 -11.319268464
695 31275 -0.0948054308123 1.61460545e-05 -24.8548706841 -11.3625305873
696 31339 -0.0949233123376 1.65854091299e-05 -24.8407976446 -11.3199871908
697 30034 -0.0950470034463 1.57554738616e-05 -24.8260557571 -11.3452520188
698 31313 -0.0951620812347 1.63083203887e-05 -24.8123631062 -11.3131063471
699 30865 -0.0952820587297 1.65155514656e-05 -24.7981106752 -11.3362262634
700 29790 -0.0954057322357 1.60752269478e-05 -24.7834439333 -11.3071446512
701 30066 -0.0955255549087 1.62314054894e-05 -24.7692577748 -11.3135736948
702 29868 -0.0956469432106 1.60840860268e-05 -24.7549101874 -11.3075000033
703 30118 -0.0957667291117 1.5670857165e-05 -24.7407755513 -11.3069612309
704 31672 -0.0958805388066 1.66977862838e-05 -24.7273677272 -11.2992988448
705 30010 -0.0960051193005 1.60449987576e-05 -24.712715104 -11.3021619095
706 30381 -0.0961240948157 1.58422205036e-05 -24.6987451726 -11.3231421075
707 31397 -0.0962396515107 1.59625932932e-05 -24.6851985619 -11.2942131753
708 32052 -0.0963548889897 1.67017470809e-05 -24.6717108021 -11.2799025327
709 30357 -0.096478783032 1.63449687468e-05 -24.6572336663 -11.3114155478
710 29811 -0.0966011360805 1.56660446916e-05 -24.6429607582 -11.2922422595
711 31364 -0.0967154672001 1.66815633494e-05 -24.6296452847 -11.3528903732
712 29767 -0.0968404334636 1.63244249728e-05 -24.6151150649 -11.3153548724
713 29293 -0.096963709308 1.57923061648e-05 -24.6008057606 -11.3067826221
714 30426 -0.0970807246416 1.62520635311e-05 -24.5872454812 -11.3024287556
715 30162 -0.0972016729282 1.60576365206e-05 -24.5732522387 -11.282677409
716 30496 -0.0973205179531 1.58783088181e-05 -24.5595248636 -11.3265945513
717 31400 -0.0974363313418 1.62584882223e-05 -24.5461690955 -11.302159954
718 31107 -0.0975554748847 1.61616894347e-05 -24.5324513154 -11.2836219444
719 31121 -0.0976738826538 1.64104250821e-05 -24.5188403303 -11.2825993122
720 30359 -0.0977956118655 1.61394730006e-05 -24.5048704378 -11.3099769089
721 30441 -0.0979151698497 1.60961893384e-05 -24.4911722587 -11.2702619678
722 30658 -0.0980339852516 1.61906331527e-05 -24.477581236 -11.3236453408
723 30582 -0.0981536461244 1.59871788271e-05 -24.4639156924 -11.3040643462
724 31143 -0.0982707349018 1.62440708886e-05 -24.4505653943 -11.2889521845
725 30898 -0.0983901755673 1.64389232109e-05 -24.436968804 -11.2955910783
726 30055 -0.0985127324 1.59133960818e-05 -24.4230403854 -11.2545584663
727 30836 -0.0986298586339 1.64136230327e-05 -24.4097507741 -11.286750579
728 30072 -0.0987521927575 1.57760338161e-05 -24.3958927692 -11.2658361583
729 31287 -0.0988674682172 1.66693609929e-05 -24.3828553723 -11.2663082651
730 29730 -0.0989924193274 1.56720349605e-05 -24.3687466429 -11.3103114576
731 31260 -0.0991069847339 1.61750834609e-05 -24.3558315475 -11.2936594062
732 31232 -0.0992252806292 1.63845124739e-05 -24.3425168845 -11.2827063708
733 30548 -0.0993464421433 1.60377252899e-05 -24.3289017256 -11.3078444729
734 30949 -0.0994642683689 1.61936092692e-05 -24.3156827019 -11.2533188482
735 30863 -0.0995834052323 1.61222583653e-05 -24.3023379837 -11.2448624666
736 31001 -0.0997017530973 1.60139479393e-05 -24.2891028459 -11.2918267273
737 31484 -0.0998184010278 1.61734682729e-05 -24.2760784485 -11.2968085209
738 31461 -0.099936253922 1.63742050706e-05 -24.2629402642 -11.2798407511
739 30804 -0.100056834682 1.59384404346e-05 -24.2495195196 -11.2520263807
740 31524 -0.100172857696 1.57288230486e-05 -24.236626577 -11.2857277696
741 32955 -0.10028484124 1.67454652498e-05 -24.2242015597 -11.2499893957
742 31075 -0.10040761768 1.63360111361e-05 -24.2106004766 -11.2838988069
743 30544 -0.10052842779 1.60218613056e-05 -24.1972390705 -11.2742495838
744 30995 -0.10064605043 1.59108817224e-05 -24.184250967 -11.2769367079
745 31809 -0.100761353975 1.61505139224e-05 -24.1715387903 -11.2773213412
746 31860 -0.100878300574 1.65273167052e-05 -24.158665495 -11.26122617
747 30714 -0.101000186975 1.60726671333e-05 -24.1452698502 -11.2680443814
748 31007 -0.101118159394 1.61251451719e-05 -24.1323251324 -11.244718065
749 31136 -0.101236270571 1.59778667555e-05 -24.119385609 -11.290341897
750 31737 -0.101352190599 1.63766191902e-05 -24.1067059561 -11.2687567256
751 31067 -0.101472278303 1.61089119532e-05 -24.0935910924 -11.261482228
752 31248 -0.101590059524 1.67338700495e-05 -24.080748499 -11.2693307919
753 29500 -0.101715983524 1.57412400184e-05 -24.0670403049 -11.2774211972
754 30801 -0.101831909439 1.62717767928e-05 -24.054440809 -11.2783395926
755 30473 -0.101952385422 1.62926654836e-05 -24.0413673573 -11.2978356773
756 30084 -0.102073792104 1.5605393011e-05 -24.0282140739 -11.2646317925
757 31847 -0.102186813749 1.62423272885e-05 -24.015988282 -11.2895434046
758 31602 -0.102304903755 1.64301123268e-05 -24.0032338144 -11.2694451474
759 30767 -0.102425968742 1.57062934806e-05 -23.9901787547 -11.2480514841
760 32238 -0.102539029703 1.67787024949e-05 -23.9780057155 -11.2498535391
761 30296 -0.102663620066 1.6254466754e-05 -23.9646124279 -11.2424078086
762 30026 -0.102784860271 1.57574311559e-05 -23.9516004668 -11.2554027001
763 31298 -0.102899979132 1.5940281844e-05 -23.9392647715 -11.2445704001
764 32024 -0.103015106924 1.58328815971e-05 -23.9269468796 -11.2449794677
765 33126 -0.10312754057 1.66033744174e-05 -23.9149353113 -11.2578580886
766 31689 -0.103248089194 1.60326268788e-05 -23.9020765897 -11.2478660082
767 32121 -0.103363708039 1.59104667555e-05 -23.8897629172 -11.2625927155
768 32966 -0.103476967235 1.6178174267e-05 -23.8777187381 -11.2595139605
769 32926 -0.103592201627 1.63111038862e-05 -23.8654829442 -11.280805831
770 32445 -0.103709239946 1.637944716e-05 -23.853074594 -11.2407197548
771 31751 -0.10382804772 1.64351623076e-05 -23.8404981749 -11.2532218383
772 30896 -0.103948896374 1.54990456607e-05 -23.827725857 -11.2443806934
773 33062 -0.104059065654 1.65150980292e-05 -23.8160998848 -11.2351672416
774 31912 -0.104178553394 1.63612299974e-05 -23.8035095491 -11.2400759656
775 31287 -0.104298105497 1.60533502049e-05 -23.7909321719 -11.2434587563
776 31647 -0.104414737759 1.60598859294e-05 -23.7786809599 -11.2230149421
777 31990 -0.104530790449 1.64061744768e-05 -23.7665091971 -11.2237043029
778 31221 -0.104650797937 1.67523406614e-05 -23.7539420884 -11.2392163155
779 29419 -0.104777033557 1.4916697314e-05 -23.7407440544 -11.2428173905
780 33405 -0.104882517601 1.6310036166e-05 -23.7297323109 -11.2845572828
781 32921 -0.104998699875 1.64781089154e-05 -23.7176213064 -11.2340108833
782 31896 -0.105117951174 1.64104229086e-05 -23.7052094783 -11.2835474169
783 31115 -0.105238192392 1.58151646006e-05 -23.6927141611 -11.2407573405
784 32244 -0.105352026435 1.63007657632e-05 -23.6809027122 -11.2366185882
785 31807 -0.10547015911 1.63370831604e-05 -23.6686637512 -11.2371085049
786 31260 -0.105589585307 1.53098770198e-05 -23.6563099034 -11.2298497966
787 34102 -0.105696738369 1.65379513034e-05 -23.6452419628 -11.2637796321
788 32840 -0.105814689398 1.66232416214e-05 -23.6330765132 -11.2406997378
789 31352 -0.105936028825 1.64010569605e-05 -23.6205810334 -11.2320870647
790 30614 -0.106057181957 1.54246480391e-05 -23.6081243727 -11.2218220703
791 33009 -0.106166910261 1.64880099982e-05 -23.5968592786 -11.2479201757
792 31949 -0.106286133891 1.5975609158e-05 -23.5846375241 -11.2295952704
793 32573 -0.106400540238 1.61458339502e-05 -23.5729273427 -11.2318019581
794 32640 -0.106516046288 1.63108176072e-05 -23.5611221947 -11.2345870033
795 32164 -0.106633592478 1.62197523633e-05 -23.549126648 -11.2484789028
796 31990 -0.106750801488 1.61775166235e-05 -23.537183662 -11.2578618518
797 31953 -0.106867771889 1.60015507309e-05 -23.5252830198 -11.219280246
798 32491 -0.106982507822 1.65494295681e-05 -23.5136271756 -11.1796763772
799 31252 -0.107103501916 1.58878856741e-05 -23.5013542678 -11.2072523342
800 32147 -0.107218030621 1.64391448014e-05 -23.4897548104 -11.2190365319
801 31269 -0.107338186001 1.59002121165e-05 -23.4776038845 -11.2478515874
802 32125 -0.107452844139 1.59542551843e-05 -23.4660264077 -11.2185077892
803 32823 -0.107566660715 1.59106073721e-05 -23.4545508026 -11.2102778867
804 33686 -0.107678703992 1.64862401828e-05 -23.4432703987 -11.2251878506
805 32610 -0.107796700244 1.59615225921e-05 -23.4314082175 -11.2056534102
806 33294 -0.107909760428 1.62563563417e-05 -23.4200591259 -11.1946086519
807 32991 -0.108025437805 1.60544445407e-05 -23.4084643649 -11.2035192641
808 33367 -0.108139032132 1.6830768373e-05 -23.3970951393 -11.2183374186
809 31192 -0.108262201173 1.60798043339e-05 -23.3847863245 -11.2263215431
810 31467 -0.108379360582 1.58645771749e-05 -23.3730961018 -11.2502571952
811 32445 -0.108493195101 1.62221819002e-05 -23.3617544337 -11.2300057242
812 32261 -0.108609927311 1.6265313143e-05 -23.3501412146 -11.2045151
813 31938 -0.108727560274 1.61267405266e-05 -23.3384559173 -11.1990571398
814 32066 -0.108843958171 1.57937747066e-05 -23.3269105959 -11.2028648412
815 33301 -0.10895581824 1.62640883896e-05 -23.3158315444 -11.2220900292
816 32972 -0.109071583868 1.60148676512e-05 -23.3043823247 -11.2134544624
817 33482 -0.109184703363 1.59357859362e-05 -23.293211136 -11.2274894852
818 34274 -0.109295956211 1.65702078414e-05 -23.2822399991 -11.2024874369
819 32898 -0.109414033325 1.62513241044e-05 -23.2706128974 -11.2233165497
820 32615 -0.10953033912 1.65288465136e-05 -23.2591773024 -11.2296767607
821 31437 -0.109650826991 1.62022004474e-05 -23.247348353 -11.2024981932
822 31322 -0.109769149823 1.56732953826e-05 -23.2357495897 -11.1970416702
823 32929 -0.109880781887 1.6357114777e-05 -23.2248226827 -11.2155861488
824 32297 -0.109998419195 1.61031661255e-05 -23.2133247218 -11.2070149296
825 32504 -0.110113860987 1.55133949749e-05 -23.2020580363 -11.2094922535
826 34732 -0.110221448535 1.63676346528e-05 -23.1915727434 -11.1867032517
827 34029 -0.110336126603 1.66424595399e-05 -23.1804121607 -11.2077223132
828 32424 -0.110455581459 1.60609625909e-05 -23.1688039316 -11.1802630246
829 32772 -0.110570249141 1.60121282517e-05 -23.157677413 -11.2349358465
830 33288 -0.110683678102 1.63503013393e-05 -23.1466869676 -11.1906324598
831 32672 -0.110800590209 1.61610110635e-05 -23.1353755214 -11.2180408899
832 32689 -0.110916118467 1.63245389789e-05 -23.1242143746 -11.2046771103
833 32168 -0.111033757175 1.56154666295e-05 -23.1128660644 -11.18107855
834 34018 -0.111143183044 1.61793894744e-05 -23.1023251463 -11.2031283659
835 33972 -0.111256637158 1.62692140467e-05 -23.0914115463 -11.185071254
836 33619 -0.111371319742 1.66233873662e-05 -23.0803956312 -11.1899158656
837 32096 -0.111491247064 1.59375323686e-05 -23.0688929455 -11.2097770631
838 32850 -0.111604899167 1.58632066648e-05 -23.0580081612 -11.218796172
839 33876 -0.1117162943 1.66809892541e-05 -23.0473546317 -11.2033648019
840 32153 -0.111836530394 1.54878744391e-05 -23.0358723151 -11.1779297663
841 34446 -0.111944385583 1.63399135466e-05 -23.0255871065 -11.2086204723
842 33844 -0.112059182213 1.64218266833e-05 -23.0146552522 -11.2039017548
843 32978 -0.1121760604 1.59680360513e-05 -23.0035413501 -11.1842885322
844 33648 -0.112288571071 1.58192839915e-05 -22.992858138 -11.1484431386
845 34854 -0.112398088038 1.63849955692e-05 -22.9824736523 -11.2129043703
846 34089 -0.112512787589 1.65105762918e-05 -22.9716130183 -11.1838022635
847 32919 -0.112630402474 1.5950990045e-05 -22.9604925271 -11.1804112748
848 33646 -0.112742796412 1.5761780092e-05 -22.9498809618 -11.1956239686
849 35056 -0.112851600269 1.70883720281e-05 -22.9396225519 -11.1476077879
850 31927 -0.112975208006 1.58806383219e-05 -22.9279852969 -11.1719024004
851 32866 -0.113088426203 1.605826754e-05 -22.9173419389 -11.2146033527
852 33228 -0.113202285533 1.62006706311e-05 -22.9066534714 -11.1963727951
853 33112 -0.113317355579 1.57405187378e-05 -22.8958667652 -11.1637366611
854 34574 -0.113426767091 1.63664448979e-05 -22.8856248367 -11.1397741151
855 33879 -0.113541691606 1.6313070722e-05 -22.8748818675 -11.1952166595
856 33378 -0.113657097491 1.60981063744e-05 -22.8641093628 -11.1492647381
857 33609 -0.113770589691 1.62999712695e-05 -22.8535305705 -11.1483554659
858 33156 -0.113886288271 1.59066979588e-05 -22.8427614798 -11.1786883343
859 34041 -0.113997717968 1.61582350628e-05 -22.8324043642 -11.1808707209
860 34068 -0.114110863955 1.63565041758e-05 -22.8219023845 -11.1673699263
861 33416 -0.114226510155 1.61442897268e-05 -22.8111835759 -11.1567522958
862 33490 -0.114340530097 1.63263851887e-05 -22.8006305472 -11.1878134478
863 32950 -0.114456777503 1.56522634245e-05 -22.7898867082 -11.1605213089
864 34715 -0.114565354709 1.64670465513e-05 -22.7798657368 -11.1924077207
865 33671 -0.114681340767 1.60097110344e-05 -22.7691758535 -11.1558027975
866 34210 -0.114793214613 1.64588271542e-05 -22.7588795047 -11.1657328284
867 33209 -0.114909946634 1.58010019275e-05 -22.748151213 -11.1545555407
868 34463 -0.1150199555 1.62053426935e-05 -22.7380549768 -11.1548315947
869 34326 -0.115133004314 1.64803874356e-05 -22.7276940326 -11.1580873529
870 33249 -0.115249819217 1.62306220043e-05 -22.7170031099 -11.1598074513
871 33032 -0.115365240831 1.57365444535e-05 -22.7064548282 -11.1484395709
872 34505 -0.115474734987 1.58033313304e-05 -22.6964621219 -11.1711253703
873 35800 -0.115582686807 1.64677262282e-05 -22.6866233675 -11.1497560989
874 34721 -0.115696910383 1.60426185449e-05 -22.676227241 -11.1925080264
875 35159 -0.115807490637 1.6702744967e-05 -22.6661766323 -11.1438957634
876 33297 -0.115925796876 1.57647455721e-05 -22.6554389424 -11.1087750021
877 34682 -0.116035206515 1.62455157915e-05 -22.6455226183 -11.1534712925
878 34404 -0.116148407662 1.6065648177e-05 -22.6352766769 -11.1623456435
879 34757 -0.116259785764 1.64336196781e-05 -22.6252096355 -11.1553779057
880 33827 -0.116375270515 1.63877467786e-05 -22.614785934 -11.1543598489
881 33075 -0.116491734005 1.59763097738e-05 -22.6042888368 -11.1468652453
882 33718 -0.116604185004 1.58955476699e-05 -22.5941676072 -11.1455936871
883 34657 -0.116714542211 1.56493118979e-05 -22.5842483805 -11.1597673534
884 36524 -0.116820375879 1.67835536213e-05 -22.574748327 -11.1677939943
885 34307 -0.116937490646 1.61041272489e-05 -22.56424997 -11.1404881214
886 34524 -0.11704951176 1.58555343651e-05 -22.5542222791 -11.174556399
887 35630 -0.117158077812 1.66108346728e-05 -22.5445169664 -11.1656990508
888 34059 -0.117274409543 1.58421657322e-05 -22.5341317149 -11.1596055509
889 35198 -0.117383547919 1.64821077821e-05 -22.5244020365 -11.1533921273
890 34088 -0.117498928859 1.58662160299e-05 -22.5141299158 -11.1644048213
891 35142 -0.117608319933 1.60685501178e-05 -22.5044043999 -11.1906364539
892 35492 -0.117718558471 1.62905769683e-05 -22.4946166496 -11.1595760805
893 35047 -0.117831027586 1.64338589391e-05 -22.4846443897 -11.1500856512
894 34108 -0.117946036619 1.58065856294e-05 -22.4744610351 -11.1480911743
895 35376 -0.118054655185 1.6354894512e-05 -22.4648565938 -11.1398888088
896 34705 -0.118168122853 1.61061083894e-05 -22.4548369169 -11.162993195
897 34917 -0.11827952468 1.64454288648e-05 -22.445013096 -11.1445705472
898 33942 -0.118394896397 1.55081634099e-05 -22.434853198 -11.1377591301
899 36288 -0.118500116734 1.6847190476e-05 -22.4255996523 -11.1374592954
900 33866 -0.118618438227 1.57345866447e-05 -22.4152080335 -11.1485853241
901 35383 -0.118726551544 1.5934994996e-05 -22.4057259768 -11.1543665858
902 36223 -0.118834764812 1.66360049721e-05 -22.3962475863 -11.1253253652
903 34537 -0.118950462751 1.66038706257e-05 -22.3861273459 -11.1424410564
904 33037 -0.119068529705 1.54666681622e-05 -22.3758144859 -11.164144827
905 35470 -0.119174671905 1.63684116637e-05 -22.366555789 -11.1141399448
906 34750 -0.119288160548 1.56335770073e-05 -22.3566694029 -11.1440575281
907 36681 -0.119393661834 1.66571278143e-05 -22.347490975 -11.1092898289
908 34899 -0.119508904514 1.64634712742e-05 -22.3374784175 -11.117603301
909 33862 -0.119624538327 1.63749050881e-05 -22.3274458658 -11.1394488288
910 33152 -0.119740774677 1.54046046867e-05 -22.3173751307 -11.1174344428
911 35819 -0.119845974821 1.6485008474e-05 -22.308272732 -11.1501834722
912 34679 -0.119960388153 1.57377064203e-05 -22.2983862547 -11.1238954323
913 36221 -0.120067264794 1.67561420657e-05 -22.289163321 -11.1230097052
914 34117 -0.120184513301 1.65565023833e-05 -22.2790589824 -11.1396978141
915 32793 -0.120302681765 1.52314762617e-05 -22.2688897707 -11.1267315021
916 36061 -0.12040634997 1.64050363722e-05 -22.2599802939 -11.1513328669
917 35198 -0.120519366349 1.62730123429e-05 -22.2502800485 -11.1331815262
918 34818 -0.120632081965 1.61607355956e-05 -22.24061872 -11.138940157
919 34837 -0.120743989854 1.5925671533e-05 -22.2310395448 -11.107007046
920 35698 -0.12085293245 1.63675824736e-05 -22.2217265375 -11.1162053119
921 34976 -0.120966047603 1.61039057271e-05 -22.2120696979 -11.1509044921
922 35198 -0.121076989435 1.63713883774e-05 -22.2026111019 -11.0945392405
923 34473 -0.121190953658 1.5376797225e-05 -22.1929078986 -11.11006387
924 37351 -0.121293786682 1.70125655579e-05 -22.184163784 -11.1495803351
925 34279 -0.121412548368 1.63118878789e-05 -22.1740785936 -11.1163496111
926 33776 -0.121527263744 1.60580729341e-05 -22.164350598 -11.1371889888
927 34149 -0.121639576319 1.58388740743e-05 -22.1548392692 -11.1394819159
928 35303 -0.121748529922 1.65733205761e-05 -22.1456245789 -11.1073746232
929 33875 -0.121864913695 1.58944983104e-05 -22.1357947105 -11.0992267188
930 34822 -0.121975001735 1.63204918888e-05 -22.1265091329 -11.0810007155
931 34281 -0.122088928925 1.58422266843e-05 -22.1169125553 -11.1051186305
932 35427 -0.122197714098 1.59408482255e-05 -22.1077612593 -11.1466888923
933 36246 -0.122305932022 1.65036126116e-05 -22.0986694342 -11.1222953042
934 35026 -0.122419905244 1.59617134846e-05 -22.0891067328 -11.0964528379
935 35760 -0.122528998831 1.59755598072e-05 -22.0799655807 -11.1074171243
936 36458 -0.12263713664 1.59949239216e-05 -22.0709162053 -11.0992886631
937 37097 -0.122744469543 1.68376605966e-05 -22.0619456755 -11.1017208324
938 34655 -0.122861371091 1.57864120267e-05 -22.0521884269 -11.1061886593
939 36017 -0.122968881276 1.65025094094e-05 -22.0432269732 -11.1023930484
940 34809 -0.123083202214 1.59165713237e-05 -22.0337103393 -11.1023376075
941 35702 -0.123192076026 1.63168844317e-05 -22.0246591313 -11.1168179749
942 35160 -0.12330454494 1.60586382901e-05 -22.0153212956 -11.0753719011
943 35546 -0.123414631883 1.61523230983e-05 -22.0061932593 -11.1001486637
944 35596 -0.123525282986 1.60885120723e-05 -21.9970304196 -11.1195381071
945 35878 -0.123635063488 1.62427496169e-05 -21.9879515149 -11.1222330276
946 35600 -0.123746327289 1.64942106495e-05 -21.9787619537 -11.1034080318
947 34435 -0.123861209651 1.62672556032e-05 -21.9692861925 -11.0913141563
948 34084 -0.123975093611 1.58203664362e-05 -21.9599054592 -11.0929797096
949 35302 -0.124083921285 1.60604292758e-05 -21.9509529889 -11.0926958128
950 35683 -0.124193808837 1.63579137261e-05 -21.9419249813 -11.1054612693
951 34996 -0.124306825499 1.62234762065e-05 -21.9326520862 -11.0784893118
952 34793 -0.124419239021 1.57530523775e-05 -21.9234409175 -11.099822116
953 36283 -0.124526127767 1.65060988803e-05 -21.9146937498 -11.0528840944
954 35053 -0.124640074386 1.60211090674e-05 -21.9053811144 -11.0916196963
955 35573 -0.124749862244 1.60091065163e-05 -21.8964201644 -11.0996232801
956 36144 -0.124858696748 1.61767720798e-05 -21.8875484348 -11.1103605474
957 36105 -0.124968731178 1.61877312057e-05 -21.8785904171 -11.101577246
958 36026 -0.125078960876 1.66225719576e-05 -21.8696281001 -11.0948173126
959 34396 -0.12519480213 1.58401927221e-05 -21.8602220168 -11.1091478845
960 35553 -0.125303380136 1.63328851521e-05 -21.8514172912 -11.0764960232
961 34957 -0.125416286587 1.56913177204e-05 -21.8422734449 -11.0922035222
962 36684 -0.125522173776 1.61460628114e-05 -21.8337090454 -11.0543492611
963 36759 -0.125631018272 1.63946540711e-05 -21.8249165138 -11.0941225779
964 35917 -0.125742826776 1.62778860583e-05 -21.8158962028 -11.0597960843
965 35512 -0.12585446951 1.60505238011e-05 -21.8069010291 -11.0930203246
966 35931 -0.125963909067 1.61560261311e-05 -21.7980947562 -11.0775805298
967 35968 -0.126074011677 1.62704055109e-05 -21.7892464861 -11.0669415571
968 35590 -0.12618548166 1.61514323653e-05 -21.7802999115 -11.0823951615
969 35643 -0.126296053247 1.61051300927e-05 -21.7714369349 -11.0895596483
970 35864 -0.126405967313 1.62573326964e-05 -21.7626379861 -11.0819220433
971 35534 -0.126517435169 1.6175739728e-05 -21.7537261611 -11.0831288694
972 35499 -0.126628397148 1.60816217967e-05 -21.7448662709 -11.0846342254
973 35805 -0.12673824204 1.62201743578e-05 -21.7361068468 -11.0789097979
974 35609 -0.126849337108 1.56775050502e-05 -21.7272591143 -11.0713007881
975 37420 -0.126954084528 1.60636735485e-05 -21.7189273835 -11.0999856897
976 37811 -0.127060856064 1.67692731942e-05 -21.7104450906 -11.1090956924
977 35568 -0.127175779265 1.61509081709e-05 -21.7013269563 -11.0940787121
978 35623 -0.127286378512 1.61025564926e-05 -21.6925633759 -11.0812956092
979 35854 -0.127396291504 1.57771297683e-05 -21.6838653136 -11.0588993984
980 37298 -0.127501876829 1.64969160203e-05 -21.6755201657 -11.0681215887
981 36067 -0.127614147516 1.59839385399e-05 -21.6666578295 -11.0729473713
982 36740 -0.127721926415 1.61505547227e-05 -21.6581609063 -11.0902447405
983 36798 -0.127830742982 1.58473926224e-05 -21.6495929336 -11.1068516758
984 38008 -0.127935803581 1.64201347969e-05 -21.6413309345 -11.0746893026
985 37041 -0.128046072925 1.57483388036e-05 -21.6326701163 -11.0750810237
986 38646 -0.128149611603 1.67547251525e-05 -21.6245479911 -11.0757276462
987 36407 -0.128263104151 1.60099939651e-05 -21.6156561935 -11.0849553943
988 36989 -0.128370695671 1.62022614072e-05 -21.6072374843 -11.0248490971
989 36854 -0.128479778347 1.61579718038e-05 -21.5987127694 -11.0800128275
990 36885 -0.128588517293 1.58938319804e-05 -21.5902255933 -11.0835552929
991 37919 -0.128694009894 1.64914954831e-05 -21.5820019667 -11.0971314491
992 36688 -0.128805290283 1.61774943383e-05 -21.5733379909 -11.0394839503
993 36646 -0.128914514764 1.61620929771e-05 -21.5648448812 -11.0920740109
994 36661 -0.129023612493 1.60258341923e-05 -21.5563722879 -11.0706048013
995 37187 -0.129131023052 1.61145932221e-05 -21.5480411113 -11.0629329713
996 37382 -0.129238746062 1.6210554096e-05 -21.5396960355 -11.0700754718
997 37214 -0.129347355044 1.60042712502e-05 -21.5312927858 -11.0713158474
998 37830 -0.129453704653 1.65863895363e-05 -21.5230745074 -11.0695360666
999 36251 -0.129566297327 1.58940741185e-05 -21.5143847259 -11.0838778441
1000 37266 -0.129672711348 1.62479185265e-05 -21.5061821272 -11.0319060362
1001 36958 -0.129781946815 1.61277042398e-05 -21.4977724598 -11.0747357831
1002 37102 -0.129890162933 1.58279481082e-05 -21.4894516532 -11.0727265171
1003 38398 -0.129994560713 1.66380861184e-05 -21.4814342192 -11.0438654581
1004 36603 -0.13010696003 1.55966134018e-05 -21.4728130073 -11.0504451756
1005 38782 -0.130209320641 1.69723343566e-05 -21.4649714313 -11.049611432
1006 35738 -0.130325358217 1.60641248502e-05 -21.4560932044 -11.0554825196
1007 36110 -0.130434619024 1.63735393641e-05 -21.4477442476 -11.0865044935
1008 35358 -0.130547161954 1.52692958823e-05 -21.4391553934 -11.0645321974
1009 38732 -0.130647439913 1.61488999665e-05 -21.4315118581 -11.078470321
1010 38800 -0.130753401554 1.62354162879e-05 -21.4234446022 -11.0550777277
1011 38528 -0.130860305679 1.64002465456e-05 -21.415315477 -11.0311500322
1012 37624 -0.130969585439 1.62185013275e-05 -21.4070159503 -11.0372079369
1013 37425 -0.131077941318 1.60268397437e-05 -21.3987967988 -11.0568960201
1014 37958 -0.131184261971 1.62253791935e-05 -21.3907418894 -11.0494537547
1015 37731 -0.131292223485 1.62466493614e-05 -21.3825726476 -11.0561470089
1016 37424 -0.131400768283 1.65528587588e-05 -21.3743693904 -11.0341824329
1017 35984 -0.131513549322 1.54278539306e-05 -21.3658567106 -11.0373910871
1018 38787 -0.131614796998 1.6329706309e-05 -21.3582238652 -11.042850516
1019 38149 -0.131722855573 1.66290584207e-05 -21.3500872502 -11.0355702719
1020 36399 -0.131835508359 1.60303605942e-05 -21.3416153329 -11.0494880799
1021 36904 -0.131943360016 1.58508661395e-05 -21.3335146316 -11.0578968301
1022 38104 -0.132048311127 1.63574930505e-05 -21.3256413075 -11.036332996
1023 37371 -0.132157673378 1.56958691802e-05 -21.3174470357 -11.0373906906
1024 39199 -0.132260136959 1.66991518412e-05 -21.3097788843 -11.020416028
1025 37136 -0.132372136405 1.6818379278e-05 -21.3014072737 -11.0213879314
1026 34759 -0.132488728759 1.52214460293e-05 -21.2927036376 -11.0307602614
1027 38262 -0.132589304825 1.61582676866e-05 -21.285204848 -11.0466143471
1028 38293 -0.132696027837 1.62276460504e-05 -21.2772570831 -11.0361697686
1029 38055 -0.132803543452 1.63461746767e-05 -21.269259991 -11.034838929
1030 37366 -0.132912837612 1.61072537534e-05 -21.2611405697 -11.0397144573
1031 37590 -0.13302021335 1.59347428062e-05 -21.2531734296 -11.0494254835
1032 38483 -0.133125198831 1.61425021953e-05 -21.2453929827 -11.0359779022
1033 38575 -0.133231426122 1.62774026773e-05 -21.2375298883 -11.030195324
1034 38142 -0.133339148017 1.61196733504e-05 -21.2295657829 -11.0300448576
1035 38322 -0.133445574855 1.67595923045e-05 -21.2217069224 -11.0475392343
1036 36084 -0.133559607402 1.59635808348e-05 -21.213296894 -11.0086729956
1037 36834 -0.133667112516 1.5969704903e-05 -21.2053781625 -11.0057463999
1038 37576 -0.13377359143 1.57099431741e-05 -21.1975444667 -11.0344236556
1039 39357 -0.133875939913 1.65503763983e-05 -21.1900234948 -11.0244651347
1040 37853 -0.13398588616 1.60277781899e-05 -21.1819538538 -11.0193934241
1041 38388 -0.134091615253 1.65341101061e-05 -21.1742031428 -11.0233732395
1042 36982 -0.134202739403 1.57775929217e-05 -21.1660668582 -11.0305274294
1043 38470 -0.13430670751 1.63494905429e-05 -21.1584637182 -11.0275315172
1044 37761 -0.134415450896 1.62541846969e-05 -21.1505208571 -11.024917829
1045 37425 -0.134524044392 1.6358779754e-05 -21.142598614 -10.9978979105
1046 36701 -0.134634410142 1.61772138186e-05 -21.134556963 -11.0286895511
1047 36660 -0.134743611829 1.4961119548e-05 -21.1266099196 -11.0058914056
1048 41439 -0.134838602232 1.67594728542e-05 -21.1197049944 -11.031498779
1049 39019 -0.134948260795 1.62091934641e-05 -21.1117429619 -11.0395549844
1050 38849 -0.13505455082 1.67909327399e-05 -21.1040348358 -11.0543541742
1051 36464 -0.135168199459 1.60327747336e-05 -21.0958032025 -11.0362912367
1052 36961 -0.135275984379 1.5994046724e-05 -21.0880059448 -11.0134058201
1053 37612 -0.135382573844 1.54718938617e-05 -21.080304403 -11.0272275481
1054 40360 -0.135482111475 1.70464854415e-05 -21.0731206652 -11.0375205747
1055 36913 -0.135596785091 1.58141699666e-05 -21.0648544426 -11.0246764778
1056 38256 -0.135701285536 1.60016170092e-05 -21.0573307617 -11.0344838993
1057 38900 -0.135806145271 1.63141527975e-05 -21.0497900271 -11.0113569214
1058 38320 -0.135913859007 1.59466456624e-05 -21.0420532314 -11.0008404366
1059 39183 -0.136017980257 1.63308769594e-05 -21.0345833004 -10.9856604397
1060 38534 -0.136125505494 1.61375707485e-05 -21.0268782497 -11.0312483277
1061 38646 -0.136231603485 1.63262468643e-05 -21.0192845119 -11.028509142
1062 38023 -0.136339817084 1.61740409569e-05 -21.0115485876 -11.0159348891
1063 37993 -0.136447065283 1.60470195376e-05 -21.0038908622 -11.0012069519
1064 38455 -0.136552829323 1.63740774579e-05 -20.9963480485 -10.995786194
1065 37652 -0.136661893387 1.62716830481e-05 -20.9885791674 -11.0323373269
1066 37251 -0.136770857703 1.57186132282e-05 -20.9808267873 -11.0331091304
1067 38983 -0.136873753737 1.60674660567e-05 -20.9735147483 -11.0493326874
1068 39375 -0.136978407743 1.59945069208e-05 -20.9660863452 -11.0036117644
1069 40067 -0.137081683526 1.63230338141e-05 -20.9587642199 -11.0094649158
1070 39434 -0.137187922643 1.66235794967e-05 -20.9512407432 -11.0157637285
1071 37646 -0.137298657504 1.59659283708e-05 -20.9434083178 -11.0053224611
1072 38419 -0.137403936724 1.61813052036e-05 -20.9359706825 -11.0369345154
1073 38360 -0.137510718033 1.60170674847e-05 -20.9284357815 -10.9967680965
1074 38945 -0.137615618869 1.61463128777e-05 -20.9210422404 -10.9960794018
1075 39023 -0.13772125955 1.62567423488e-05 -20.9136052203 -11.0060025006
1076 38666 -0.137828113335 1.60117302299e-05 -20.9060916312 -11.0152332906
1077 39277 -0.137932535149 1.61898645997e-05 -20.8987576177 -11.0172249761
1078 39183 -0.138038245465 1.6101223683e-05 -20.8913417194 -10.9919583038
1079 39442 -0.138143030706 1.60901357709e-05 -20.883999256 -10.992659132
1080 39747 -0.13824734071 1.66711347601e-05 -20.8766985222 -10.9913210741
1081 37763 -0.138358221206 1.60719016883e-05 -20.8689471205 -10.9856371777
1082 38126 -0.138464605589 1.59653796662e-05 -20.8615189348 -10.9999922861
1083 38911 -0.138569213477 1.60567703919e-05 -20.8542232785 -11.0152768904
1084 39345 -0.138673837728 1.63888373465e-05 -20.8469348852 -10.9791365952
1085 38466 -0.138781839203 1.58582587048e-05 -20.8394200276 -11.0203521819
