100 500000 0.75 gpomdp hoeffding 30000000

1 100 0 3.29859079237e-05 -56.6666666667 -12.4488078278
2 105238 -0.00032461963744 1.55975847771e-05 -56.3665780285 -12.1130978922
3 111492 -0.000473750269654 1.60938254317e-05 -56.2299183672 -12.134943455
4 112312 -0.000627062894243 1.62022307549e-05 -56.0902058814 -12.1342074556
5 111900 -0.000781691897579 1.6094062845e-05 -55.9500875598 -12.155695121
6 112720 -0.000934728870608 1.61467166105e-05 -55.8121901879 -12.1357065533
7 112941 -0.00108811630004 1.63057024461e-05 -55.6747474912 -12.1350451892
8 111352 -0.00124411550361 1.61025645238e-05 -55.5357490612 -12.1367267272
9 112072 -0.00139767586122 1.60857930645e-05 -55.3996899574 -12.1311503379
10 112989 -0.00155045265097 1.61964512672e-05 -55.2650732699 -12.1281025007
11 112641 -0.00170451753934 1.62146029154e-05 -55.1300710634 -12.138800886
12 112087 -0.00185913547713 1.60097012463e-05 -54.9953346678 -12.1168310192
13 113880 -0.00201059337546 1.63120669017e-05 -54.8640748862 -12.1225100066
14 112205 -0.00216605891501 1.6149126661e-05 -54.7300799018 -12.1299700194
15 112398 -0.00231983970163 1.60927811344e-05 -54.5982665064 -12.1327068673
16 113237 -0.00247251517802 1.61449118103e-05 -54.4681123995 -12.1264018422
17 113480 -0.0026255209331 1.60929257331e-05 -54.3383825761 -12.128722181
18 114325 -0.00277746928747 1.61975505596e-05 -54.2102429672 -12.1269586153
19 113960 -0.00293065026863 1.63017310255e-05 -54.0817579499 -12.1087500498
20 112402 -0.00308588135803 1.60248140989e-05 -53.952258556 -12.1165249441
21 114025 -0.00323738582334 1.62150161084e-05 -53.8265470961 -12.1061235871
22 113460 -0.0033910696816 1.61837045638e-05 -53.69970713 -12.1064757479
23 113257 -0.00354459414631 1.61598787763e-05 -53.5736769202 -12.1142983855
24 113328 -0.00369784455293 1.61118842468e-05 -53.4485423404 -12.1102645995
25 113953 -0.00385022041723 1.61131723793e-05 -53.3247809214 -12.0971902729
26 114566 -0.00400219992011 1.62693099447e-05 -53.2019908928 -12.1077074496
27 113372 -0.00415645812757 1.61760532581e-05 -53.0780178662 -12.0958273899
28 113257 -0.00430990997406 1.6114031358e-05 -52.9553454746 -12.1148608774
29 113856 -0.00446237051455 1.61398300773e-05 -52.8341050687 -12.1021971612
30 114159 -0.00461487242533 1.62139153591e-05 -52.7134644888 -12.1069723381
31 113606 -0.00476844705732 1.61608495298e-05 -52.5926098271 -12.1144902767
32 113666 -0.00492147861755 1.61334335663e-05 -52.4728109779 -12.1107838592
33 114043 -0.00507399793468 1.62150700764e-05 -52.354032475 -12.091425809
34 113477 -0.00522767059629 1.60792277305e-05 -52.2349762695 -12.0880543535
35 114481 -0.00537938612472 1.6112995858e-05 -52.1180426127 -12.0879129215
36 115099 -0.00553101172953 1.62732390101e-05 -52.0017755113 -12.0763662448
37 113854 -0.00568498020287 1.60196314155e-05 -51.8843181963 -12.1025436437
38 115558 -0.00583542722137 1.62787729483e-05 -51.770132944 -12.0905732139
39 114244 -0.00598918501506 1.60626053592e-05 -51.6540284802 -12.0840941482
40 115450 -0.00614010672216 1.62448249605e-05 -51.5406447112 -12.0937720932
41 114531 -0.00629335150413 1.61161892564e-05 -51.4260982759 -12.0750851168
42 115112 -0.00644499862299 1.61542584156e-05 -51.3133196047 -12.0756462159
43 115250 -0.00659691302441 1.62142639238e-05 -51.2009099094 -12.0720800606
44 114688 -0.00674976501889 1.61188479811e-05 -51.0883756595 -12.0714451825
45 115239 -0.00690135375467 1.61357232111e-05 -50.977331154 -12.0785208833
46 115594 -0.00705286765745 1.61333145411e-05 -50.866894274 -12.0703246023
47 115979 -0.0072041076571 1.61547557522e-05 -50.7572041275 -12.0755647737
48 116112 -0.00735546165453 1.62138203449e-05 -50.6479744698 -12.0775714021
49 115551 -0.00750773762291 1.61362784457e-05 -50.5386237404 -12.0632669458
50 115901 -0.00765905630512 1.60906455181e-05 -50.4304972776 -12.0766216158
51 116791 -0.00780937059896 1.62615532012e-05 -50.3236144491 -12.0636028952
52 115665 -0.00796201943022 1.61609390883e-05 -50.2156041536 -12.0802305408
53 115725 -0.00811368431501 1.60845027094e-05 -50.1088176496 -12.0587680123
54 116687 -0.00826400857321 1.62132205409e-05 -50.0034902105 -12.0740072298
55 116130 -0.00841589865105 1.62539970407e-05 -49.8975827598 -12.0650008193
56 115098 -0.00856885152866 1.60025462919e-05 -49.7914556985 -12.0763038078
57 117024 -0.00871819416159 1.62452570875e-05 -49.6883348506 -12.0541816327
58 116087 -0.00887041225123 1.61083216956e-05 -49.5837344634 -12.0672478062
59 116769 -0.00902090599711 1.61197998013e-05 -49.4808175421 -12.0548859541
60 117318 -0.00917115401787 1.62011270679e-05 -49.3785596106 -12.0474433072
61 116901 -0.00932242924375 1.62415004846e-05 -49.2760946258 -12.0514306402
62 116009 -0.00947466316189 1.60707977597e-05 -49.173475158 -12.0509132218
63 117136 -0.00962457108028 1.61533473942e-05 -49.0729052956 -12.0446824654
64 117287 -0.00977515184027 1.61424073984e-05 -48.9723618139 -12.0338464806
65 117569 -0.00992545027088 1.61114140086e-05 -48.872480982 -12.0581374466
66 118223 -0.0100750446735 1.62932806871e-05 -48.7735350794 -12.0396763513
67 116707 -0.010227307053 1.60350739255e-05 -48.6732996504 -12.0451743621
68 118269 -0.0103761636596 1.62110148368e-05 -48.5757664115 -12.0398552624
69 117731 -0.0105269970513 1.61945284805e-05 -48.4773987494 -12.0456954356
70 117391 -0.0106778946798 1.61071773871e-05 -48.3794501002 -12.0309469983
71 118094 -0.0108275309156 1.62466906055e-05 -48.2827723042 -12.0500188644
72 117132 -0.0109790822351 1.60673103687e-05 -48.1853128696 -12.0502368018
73 118312 -0.0111282110346 1.61871144344e-05 -48.089855846 -12.0476346888
74 118059 -0.0112786122027 1.61745487865e-05 -47.9940279184 -12.0331661058
75 117957 -0.0114289616824 1.61558040135e-05 -47.8986750587 -12.0302900975
76 118080 -0.0115790590219 1.61376616897e-05 -47.803920029 -12.0370410982
77 118421 -0.0117287718246 1.6129883912e-05 -47.7098406464 -12.0327358938
78 118856 -0.0118781379084 1.61534924246e-05 -47.6164070454 -12.0338706407
79 119008 -0.0120276275909 1.62466792655e-05 -47.5233211649 -12.0350287674
80 118038 -0.0121785956276 1.61174089168e-05 -47.4297433379 -12.0358454376
81 118622 -0.0123279935342 1.60628037772e-05 -47.3375599117 -12.0323335894
82 119871 -0.0124761073348 1.62726588559e-05 -47.2465796006 -12.0276884905
83 118581 -0.0126269701651 1.60981199185e-05 -47.1543283105 -12.0160692322
84 119401 -0.0127757015877 1.63121374934e-05 -47.0637901843 -12.0111071287
85 117644 -0.0129275314926 1.61509070863e-05 -46.97178279 -12.0173542575
86 117825 -0.0130777454894 1.60107937575e-05 -46.8811663249 -12.0158764503
87 119696 -0.0132254876829 1.62334362305e-05 -46.7924377549 -12.010173392
88 118880 -0.013375797508 1.61814968758e-05 -46.7025682841 -12.0343949153
89 118694 -0.0135257441321 1.60350654318e-05 -46.6133164144 -12.0242855044
90 120282 -0.0136733493693 1.62149610966e-05 -46.5258462554 -12.0144437317
91 119687 -0.013822981648 1.61687546446e-05 -46.437565268 -12.0120549187
92 119654 -0.0139722077236 1.60577498409e-05 -46.3499128179 -12.0045010337
93 120976 -0.0141195972013 1.62799748224e-05 -46.2637178699 -12.0069806056
94 119586 -0.0142698927351 1.61169769242e-05 -46.1762084763 -12.0149015103
95 120183 -0.0144183133079 1.62741246487e-05 -46.0901698533 -12.0007542878
96 118872 -0.014569004963 1.59924755583e-05 -46.0031975614 -12.0210194955
97 120985 -0.0147157902446 1.62233461434e-05 -45.9188483473 -11.9971264817
98 120284 -0.0148651278227 1.61515041045e-05 -45.8334032543 -12.014862236
99 120462 -0.0150136942127 1.62177811382e-05 -45.7487681033 -11.9976841328
100 119831 -0.0151632620555 1.61525108638e-05 -45.6639315167 -11.9936554161
101 119996 -0.0153121258769 1.615841615e-05 -45.5798595916 -12.0135000234
102 120089 -0.0154609862968 1.61877646798e-05 -45.4961517025 -11.9815015248
103 119825 -0.0156102814694 1.60763051651e-05 -45.4125607079 -11.9964742972
104 120921 -0.0157578748507 1.61563631762e-05 -45.3302760132 -11.9871441794
105 121040 -0.0159061305306 1.63122308793e-05 -45.2479736341 -11.9775537493
106 119258 -0.0160569305466 1.59368138569e-05 -45.1646179585 -11.9885179824
107 122065 -0.016202555971 1.62050522162e-05 -45.0844641838 -11.9964751997
108 121583 -0.0163509260214 1.62570856424e-05 -45.0031427562 -11.9856138277
109 120465 -0.0165004614141 1.60564904767e-05 -44.9215307159 -11.9962458385
110 121812 -0.0166473330153 1.62399515621e-05 -44.8417105454 -11.9892214543
111 120902 -0.0167964406765 1.60956884674e-05 -44.761015694 -11.9697723993
112 121768 -0.0169436971373 1.61859870511e-05 -44.6816573419 -12.0059283524
113 121522 -0.0170919298077 1.61430660206e-05 -44.6021066819 -11.9953866535
114 121806 -0.0172395970494 1.62199813695e-05 -44.52319037 -11.959276621
115 121141 -0.0173883742264 1.61466646021e-05 -44.4440128145 -11.9696058255
116 121379 -0.0175363334819 1.62148410496e-05 -44.3655989266 -11.9693899617
117 120780 -0.0176852860421 1.59941317191e-05 -44.2869873428 -11.9910401014
118 122906 -0.0178309346252 1.62736674111e-05 -44.2104364445 -11.9765862047
119 121571 -0.0179799399905 1.62365063864e-05 -44.1324436053 -11.9435384782
120 120705 -0.0181291376326 1.60645035515e-05 -44.0546747583 -11.9664401787
121 121955 -0.0182759960808 1.61478689594e-05 -43.9784405028 -11.9671325771
122 122180 -0.0184234807369 1.6090550085e-05 -43.9021940633 -11.981950865
123 123120 -0.0185698800817 1.62409700585e-05 -43.8268169201 -11.9698074525
124 122188 -0.0187182105492 1.61149534664e-05 -43.750756769 -11.9526397547
125 122823 -0.0188650087983 1.61197797906e-05 -43.6757889124 -11.9582121036
126 123401 -0.019011506803 1.62650685721e-05 -43.6012766342 -11.9697523319
127 122167 -0.0191600696276 1.61552872696e-05 -43.5260206331 -11.9590688671
128 122300 -0.0193075494553 1.61135320118e-05 -43.4516166654 -11.9628120488
129 122953 -0.0194542569467 1.61037716111e-05 -43.3779004879 -11.9771407615
130 123732 -0.0196004133061 1.6183498386e-05 -43.3047551596 -11.9529873297
131 123513 -0.0197474236486 1.62795447409e-05 -43.2314766298 -11.9471880751
132 122099 -0.0198961604382 1.60784315854e-05 -43.1576360021 -11.9653356877
133 123189 -0.0200424080736 1.62127405029e-05 -43.0853220868 -11.9613032206
134 122607 -0.0201902274079 1.61211165795e-05 -43.0125224587 -11.9351000303
135 123167 -0.020336876507 1.60982276021e-05 -42.9405869666 -11.9570371679
136 124018 -0.0204828145044 1.62388450256e-05 -42.8692831907 -11.952099161
137 123105 -0.0206305717081 1.61372598605e-05 -42.7973763879 -11.9306267842
138 123465 -0.0207771904869 1.62184813914e-05 -42.7263062075 -11.9582312444
139 122810 -0.0209249398146 1.61197854081e-05 -42.6549711145 -11.9524377667
140 123388 -0.0210714456656 1.61397460149e-05 -42.5845153465 -11.9301966198
141 123718 -0.0212179372478 1.61416106968e-05 -42.514342556 -11.9450445752
142 124025 -0.0213642640725 1.6222846036e-05 -42.4445227201 -11.9463754493
143 123312 -0.0215117517867 1.60773010724e-05 -42.3744244982 -11.9356080202
144 124428 -0.0216572597569 1.61475125803e-05 -42.3055367167 -11.947816684
145 124662 -0.02180326557 1.61979472167e-05 -42.2366807446 -11.937806362
146 124259 -0.0219499647821 1.61587346446e-05 -42.167766084 -11.9283116761
147 124351 -0.0220962546593 1.62348021246e-05 -42.0993100011 -11.9307547224
148 123487 -0.0222437469019 1.60538123088e-05 -42.0305589207 -11.9305477118
149 124902 -0.0223887663269 1.61847449027e-05 -41.9632210228 -11.9245853327
150 124665 -0.0225351070256 1.61824507207e-05 -41.895529967 -11.9272821458
151 124458 -0.0226815489528 1.61130490251e-05 -41.8280524052 -11.9396883163
152 125129 -0.0228269710653 1.62282881258e-05 -41.7613009806 -11.9338048665
153 124341 -0.022973896517 1.60705030621e-05 -41.694117324 -11.933425359
154 125552 -0.023118689921 1.62037461702e-05 -41.6281606806 -11.9260212065
155 125073 -0.0232649636139 1.61253888474e-05 -41.561782408 -11.9253930094
156 125590 -0.0234102297793 1.62644411811e-05 -41.4961112744 -11.9163939752
157 124342 -0.023557481841 1.60841126295e-05 -41.4297951266 -11.9351124863
158 125380 -0.0237024974031 1.62236498021e-05 -41.3647335127 -11.9162117115
159 124649 -0.0238491992409 1.60849177284e-05 -41.299163654 -11.9312422264
160 125679 -0.0239940492801 1.60878091282e-05 -41.2346651394 -11.9092312918
161 126681 -0.0241383516428 1.62520059092e-05 -41.1706498974 -11.9196576111
162 125581 -0.0242847637714 1.61575965028e-05 -41.1059415834 -11.9163273012
163 125689 -0.0244302629577 1.61876857849e-05 -41.0418777468 -11.9166710558
164 125413 -0.0245761930607 1.61111644339e-05 -40.9778641414 -11.9060882018
165 126113 -0.024721029637 1.62061631549e-05 -40.9145665324 -11.9202149864
166 125601 -0.0248670172952 1.61154717547e-05 -40.8510027871 -11.8937997493
167 126247 -0.0250118157723 1.62017181624e-05 -40.7881904816 -11.912824605
168 125791 -0.0251576530235 1.60816534736e-05 -40.7251614885 -11.8990870311
169 126873 -0.0253017909091 1.63245666695e-05 -40.6630963489 -11.8968306987
170 124849 -0.0254492872547 1.60308384813e-05 -40.5998198709 -11.9042860401
171 126574 -0.0255931392691 1.61841356699e-05 -40.5383343486 -11.9063116935
172 126342 -0.0257385002337 1.61342037705e-05 -40.4764308451 -11.9030849002
173 126751 -0.0258831787252 1.61553438975e-05 -40.4150433087 -11.8985826376
174 126889 -0.0260279680854 1.61962386236e-05 -40.3538325663 -11.9195860637
175 126501 -0.026173346317 1.61148744078e-05 -40.2925969437 -11.895099997
176 127160 -0.0263176190642 1.62182134224e-05 -40.2320477395 -11.886219811
177 126489 -0.0264632015413 1.60132221974e-05 -40.1711705885 -11.8928667297
178 128466 -0.0266058333156 1.62185515127e-05 -40.111742158 -11.8931949571
179 127783 -0.0267506794019 1.62130978543e-05 -40.05160758 -11.8867243745
180 127174 -0.026895823076 1.61637072e-05 -39.9915670858 -11.8909059329
181 127204 -0.0270405076501 1.61622931929e-05 -39.9319321648 -11.8866954973
182 127252 -0.0271851521289 1.60862300412e-05 -39.8725278494 -11.890774355
183 128287 -0.0273285342699 1.61853248964e-05 -39.8138520993 -11.8899549927
184 128036 -0.0274729408018 1.61923699746e-05 -39.7549674808 -11.8804262171
185 127694 -0.0276176034246 1.62160265192e-05 -39.6961889662 -11.8717184015
186 127048 -0.0277628454753 1.61429310755e-05 -39.6373858815 -11.8813310554
187 127346 -0.0279072633989 1.61562982032e-05 -39.5791248324 -11.8890359371
188 127472 -0.0280517296402 1.62038870842e-05 -39.5210510814 -11.8803029368
189 126983 -0.0281968998569 1.61146709133e-05 -39.4629015812 -11.8904230871
190 127647 -0.0283408952244 1.62435720487e-05 -39.4054268296 -11.8652059588
191 126647 -0.0284866142502 1.60616045555e-05 -39.3474699881 -11.87903797
192 127996 -0.028629939213 1.61528000206e-05 -39.2906663251 -11.8819785603
193 128168 -0.0287739813986 1.61469814552e-05 -39.2337781793 -11.8681527107
194 128416 -0.0289178325741 1.61407959156e-05 -39.1771643061 -11.8760499539
195 128745 -0.0290614446462 1.61001171756e-05 -39.1208417139 -11.8634698243
196 129609 -0.0292042166301 1.6152678542e-05 -39.0650428741 -11.8720402214
197 129785 -0.0293473577394 1.61951508732e-05 -39.0092932344 -11.8589652823
198 129402 -0.0294910872622 1.62181220366e-05 -38.953508331 -11.8592880788
199 128720 -0.0296354015762 1.61011880058e-05 -38.8976909424 -11.8480240551
200 129570 -0.0297782046803 1.61517596633e-05 -38.8426489003 -11.8674905236
201 129758 -0.0299213525124 1.62206429663e-05 -38.7876635402 -11.849848298
202 129041 -0.0300655095579 1.61979920457e-05 -38.7324813395 -11.8600542086
203 128623 -0.0302096988987 1.60675415747e-05 -38.6774773453 -11.8681597956
204 129915 -0.0303520141123 1.62501767227e-05 -38.6233742134 -11.866242904
205 128811 -0.0304965627381 1.60947546162e-05 -38.5686101477 -11.8580428044
206 129746 -0.0306392117759 1.60711584571e-05 -38.5147506961 -11.8543507346
207 131001 -0.0307809676693 1.62146156993e-05 -38.4614095327 -11.8647714631
208 130357 -0.0309243420133 1.62233379685e-05 -38.4076420421 -11.8397263442
209 129601 -0.0310682110352 1.61382593681e-05 -38.3538727769 -11.8658427272
210 129967 -0.031211124185 1.60838465489e-05 -38.3006420614 -11.8576761517
211 131056 -0.0313529626226 1.62412855624e-05 -38.2479894139 -11.8523157769
212 130059 -0.0314967370353 1.61473050557e-05 -38.1947979401 -11.8519964539
213 130307 -0.0316395438221 1.60757202115e-05 -38.1421427918 -11.8401816183
214 131507 -0.0317810671504 1.62501217092e-05 -38.0901353483 -11.8466353035
215 130390 -0.031924737285 1.61026405238e-05 -38.0375157634 -11.8414986807
216 131232 -0.0320666462092 1.61755942303e-05 -37.9857152034 -11.8478724847
217 131105 -0.0322092669574 1.61139965083e-05 -37.9338281513 -11.8437965038
218 131799 -0.0323509698277 1.61956672992e-05 -37.8824462879 -11.8472207463
219 131403 -0.0324936052538 1.6225294099e-05 -37.8308978176 -11.8396996559
220 130615 -0.032636932015 1.6082653241e-05 -37.7792720005 -11.8508495577
221 131725 -0.0327783991103 1.61900835584e-05 -37.7284847629 -11.8417666936
222 131404 -0.0329209850085 1.60939917951e-05 -37.677464664 -11.8295014583
223 132368 -0.0330622074236 1.63593085106e-05 -37.6270986672 -11.82842151
224 129798 -0.0332071723223 1.59807299854e-05 -37.5755691506 -11.8447750066
225 132262 -0.0333474570144 1.6164227686e-05 -37.5258676053 -11.834212986
226 132286 -0.0334893396692 1.61352945971e-05 -37.4757635267 -11.8379555632
227 132699 -0.0336307477741 1.61737781528e-05 -37.4259899514 -11.8332885351
228 132595 -0.0337725489989 1.61563345946e-05 -37.3762405415 -11.8196367306
229 132726 -0.0339141274751 1.61489453712e-05 -37.3267308775 -11.8238613603
230 132956 -0.0340555183266 1.63539143391e-05 -37.2774471981 -11.8377008955
231 130446 -0.0342000750709 1.60019003487e-05 -37.2272248919 -11.8201077288
232 132637 -0.0343403469256 1.61812338232e-05 -37.17864986 -11.8115541887
233 132433 -0.0344823003551 1.61888689049e-05 -37.1296507864 -11.8153878801
234 132127 -0.0346244851724 1.61347654374e-05 -37.080730687 -11.8109432546
235 132547 -0.034765969897 1.62118601911e-05 -37.0322085068 -11.8163243077
236 131932 -0.0349084615022 1.6105463e-05 -36.9834985932 -11.8089967963
237 132746 -0.0350495836231 1.60673899339e-05 -36.9354119495 -11.8181118963
238 134082 -0.035189668897 1.62358744703e-05 -36.8878305554 -11.8076182912
239 133135 -0.035331725325 1.61751217653e-05 -36.8397335067 -11.8099970456
240 133012 -0.0354733155813 1.61450585455e-05 -36.791947745 -11.8167843724
241 133296 -0.0356144925045 1.6165160902e-05 -36.7444532881 -11.818414384
242 133308 -0.0357558386356 1.615044712e-05 -36.6970530485 -11.8001634855
243 133519 -0.0358969443762 1.61718466475e-05 -36.6498835606 -11.8142846213
244 133440 -0.0360382787652 1.61666502955e-05 -36.6027873064 -11.8161546153
245 133432 -0.0361795723024 1.6090495359e-05 -36.5558536862 -11.8066506389
246 134459 -0.0363196621015 1.62154093062e-05 -36.5094663264 -11.8031502239
