100 100000 0.5 reinforce cheb_reinforce 30000000

1 100 0 2.14877327807e-05 -56.6666666667 -12.1370750925
2 27693 -0.000204395479287 1.58593943664e-05 -56.4772970979 -12.1081727222
3 28569 -0.000352922705802 1.66957302446e-05 -56.3405840134 -12.1487319641
4 27075 -0.00051353809762 1.57728201285e-05 -56.1935843929 -12.1319128659
5 28178 -0.000662275449326 1.63217652836e-05 -56.0582278847 -12.1700217518
6 27737 -0.000817409352346 1.61757448923e-05 -55.9178345241 -12.1267495614
7 27710 -0.000971229201462 1.61807172345e-05 -55.7794143971 -12.1137940219
8 27669 -0.00112521011766 1.63973673647e-05 -55.6416247041 -12.1134224739
9 27028 -0.00128309378399 1.57327804479e-05 -55.5011413899 -12.1263085438
10 28244 -0.00143128078612 1.67203344246e-05 -55.3700157422 -12.1386793962
11 26700 -0.00159325756296 1.54967826169e-05 -55.2274894361 -12.137855002
12 28579 -0.00173836452433 1.6663830649e-05 -55.1005122362 -12.1384822787
13 27172 -0.00189838602456 1.58725168091e-05 -54.9612500514 -12.1060233702
14 27994 -0.00204855453017 1.6037601603e-05 -54.8312875975 -12.116810716
15 28362 -0.00219929866784 1.59457834358e-05 -54.7015271483 -12.117911274
16 29004 -0.00234751185107 1.64460295673e-05 -54.5746238536 -12.1077133545
17 28192 -0.00250255892992 1.6190915897e-05 -54.4425834684 -12.1398011391
18 28121 -0.00265539313992 1.64551638217e-05 -54.313136622 -12.1498782283
19 27309 -0.00281301608903 1.5774058905e-05 -54.1803651602 -12.0707471527
20 28418 -0.00296113578552 1.6672560948e-05 -54.0562699904 -12.1658171389
21 26995 -0.00312176508404 1.58490357514e-05 -53.9224234636 -12.1093733024
22 27878 -0.00327202294654 1.5995739439e-05 -53.7979004486 -12.1328341765
23 28364 -0.00342236630198 1.60155631604e-05 -53.6739605013 -12.1136496392
24 28801 -0.00357175102553 1.67268523376e-05 -53.5514536367 -12.0999578687
25 27209 -0.00373226942334 1.58477557678e-05 -53.4205247897 -12.0786794921
26 28103 -0.00388191341264 1.6204841424e-05 -53.2991215869 -12.1327760068
27 27993 -0.00403522937092 1.59603435932e-05 -53.1753904424 -12.1011256947
28 28584 -0.00418466285521 1.67090967716e-05 -53.0554217893 -12.1012559904
29 27053 -0.00434547357095 1.57771537075e-05 -52.9270075999 -12.0999176263
30 28143 -0.00449434503699 1.6366068299e-05 -52.8087585306 -12.0973322006
31 27578 -0.00465034684781 1.60936258371e-05 -52.6854917258 -12.0891230065
32 27782 -0.00480318816723 1.66291784171e-05 -52.5653583156 -12.0872495722
33 26508 -0.00496486700136 1.57707479554e-05 -52.4389583932 -12.1248847956
34 27594 -0.00511515109763 1.61041610002e-05 -52.3220886509 -12.0710446056
35 27768 -0.0052681298833 1.59622558093e-05 -52.2037338539 -12.0873986495
36 28349 -0.00541820010779 1.61360292395e-05 -52.0882232239 -12.0842624709
37 28436 -0.0055696714623 1.62732114787e-05 -51.9722260554 -12.0816070713
38 28129 -0.00572326189356 1.60875537136e-05 -51.8552086865 -12.0826017693
39 28354 -0.00587449515035 1.58584513427e-05 -51.7405755724 -12.0963813295
40 29254 -0.00602126514727 1.67845290951e-05 -51.6298795979 -12.0511403988
41 27476 -0.0061815529743 1.56854786366e-05 -51.5096069992 -12.0977225033
42 28850 -0.00632773328651 1.60582665985e-05 -51.4004789783 -12.0567772845
43 29168 -0.00647657159392 1.61598760729e-05 -51.2899104164 -12.0688754415
44 29187 -0.00662630299193 1.65181657516e-05 -51.179227923 -12.0657888512
45 28163 -0.00678211001081 1.57420755438e-05 -51.0646350908 -12.081593372
46 29402 -0.00692743463089 1.63363176752e-05 -50.9582818149 -12.086240412
47 28899 -0.00707955274826 1.63478447832e-05 -50.847500726 -12.0799261451
48 28371 -0.00723318705298 1.60255952112e-05 -50.7361759662 -12.0875857079
49 28779 -0.00738272302976 1.60728260315e-05 -50.6283578291 -12.0972263566
50 29053 -0.00753199018333 1.63380189736e-05 -50.521257893 -12.0742746496
51 28551 -0.00768504837752 1.6220821902e-05 -50.4119779183 -12.0516520625
52 28393 -0.00783743020955 1.62578649018e-05 -50.3037200675 -12.079467693
53 28130 -0.00799087245336 1.59295895935e-05 -50.1952484942 -12.0498011951
54 28814 -0.00813942225532 1.62380956646e-05 -50.090747608 -12.0809872098
55 28605 -0.00829140170725 1.64924103895e-05 -49.9843516613 -12.0473329528
56 27674 -0.00844833531735 1.59923166268e-05 -49.8750328404 -12.0901280766
57 28167 -0.00859917328846 1.58458339979e-05 -49.7704786212 -12.0505506278
58 29098 -0.00874621827416 1.63011346987e-05 -49.6690391413 -12.0575741118
59 28702 -0.00889852760437 1.63046853535e-05 -49.5644699025 -12.0764666578
60 28301 -0.00905194506713 1.64228844994e-05 -49.4596524444 -12.0238278178
61 27574 -0.00920850128376 1.54963663127e-05 -49.3532169941 -12.04388725
62 29515 -0.00935128317567 1.61919878242e-05 -49.2566064371 -12.0651408012
63 29438 -0.00950067075684 1.62329167413e-05 -49.1559930736 -12.0730245052
64 29239 -0.00965094338081 1.60312349857e-05 -49.0552618942 -12.0323614362
65 29642 -0.00979833706709 1.63721186651e-05 -48.9569232539 -12.0858533608
66 29029 -0.00995044605079 1.62483639422e-05 -48.8559157411 -12.0415093259
67 28788 -0.0101020363352 1.61459030027e-05 -48.7557314135 -12.0511139049
68 28847 -0.0102525156744 1.60448539566e-05 -48.656750647 -12.0130891961
69 29204 -0.0104011361967 1.59047677637e-05 -48.5594483418 -12.0464705271
70 29989 -0.0105465183878 1.63753281406e-05 -48.4647014272 -12.0380596466
71 29359 -0.0106977990575 1.59114864118e-05 -48.3665642814 -12.0309867983
72 30128 -0.0108429077127 1.63418109176e-05 -48.2728629624 -12.0455888611
73 29596 -0.0109932742614 1.64064710658e-05 -48.1762096471 -12.0376914738
74 28883 -0.0111460867923 1.6515241166e-05 -48.0784430638 -12.0449316421
75 27878 -0.0113026606675 1.58149323068e-05 -47.9787465672 -12.0296016585
76 28890 -0.0114499463008 1.57907020092e-05 -47.8854014262 -12.0272268089
77 30013 -0.0115942299296 1.63024583743e-05 -47.7943670091 -11.996818575
78 29601 -0.0117442218257 1.64302709923e-05 -47.7001563728 -12.0529182151
79 28819 -0.0118974278956 1.5918566642e-05 -47.6043715106 -12.0238296737
80 29552 -0.0120440075919 1.61934481869e-05 -47.5131472109 -12.0414311577
81 29470 -0.0121933261521 1.61140435891e-05 -47.4206355483 -12.0210009121
82 29626 -0.0123415208576 1.65822915534e-05 -47.3292336946 -12.0232455159
83 28402 -0.0124972751011 1.55196254808e-05 -47.2336103426 -12.0129403575
84 30330 -0.0126383382415 1.68374790096e-05 -47.1473938293 -12.0508492105
85 28334 -0.0127966781538 1.55928131904e-05 -47.0510535845 -12.021233717
86 30033 -0.0129391054308 1.67767663381e-05 -46.9647862967 -12.0346435038
87 28230 -0.0130971654496 1.55955763662e-05 -46.8694810003 -12.025778453
88 29914 -0.0132399001697 1.63730259685e-05 -46.7838031087 -11.986436851
89 29293 -0.0133913313896 1.63166022657e-05 -46.6933036154 -12.0147622599
90 28849 -0.013543396209 1.56272360836e-05 -46.6028356598 -12.0250370003
91 30472 -0.0136851058074 1.67887685293e-05 -46.5188959244 -12.0252265644
92 28608 -0.0138422309519 1.59600833008e-05 -46.4262368445 -12.0066665981
93 29213 -0.0139900451239 1.63751555112e-05 -46.3394613453 -12.0225013969
94 28600 -0.0141433189402 1.56600895874e-05 -46.2498801403 -12.0294607442
95 30108 -0.0142861816223 1.62984106255e-05 -46.1667475369 -11.9973031503
96 29707 -0.0144358687789 1.63593690143e-05 -46.0800178377 -11.9765153141
97 29130 -0.0145875948023 1.5778283461e-05 -45.9924949682 -12.0340763076
98 30300 -0.0147310792924 1.61367529958e-05 -45.9100834116 -11.9788845469
99 30391 -0.0148776048877 1.65317581906e-05 -45.8262812205 -12.0063743012
100 29285 -0.0150305254075 1.6363362754e-05 -45.7392028106 -12.002592844
101 28705 -0.0151834089829 1.57284351086e-05 -45.6525321198 -12.0061520304
102 30010 -0.015327130718 1.57392287241e-05 -45.5714056273 -11.9623308129
103 31339 -0.015467866426 1.60389338815e-05 -45.4922915526 -12.0206782523
104 31746 -0.015610360166 1.69599859669e-05 -45.4125167404 -12.0070741646
105 29291 -0.0157672255059 1.65321894373e-05 -45.325074721 -12.017191365
106 28224 -0.0159229984348 1.56287023774e-05 -45.2386318422 -11.9743544609
107 29807 -0.0160662925909 1.63047884481e-05 -45.1594549177 -12.0100519068
108 29391 -0.0162168412041 1.55385578558e-05 -45.0766194382 -11.950556718
109 31326 -0.0163558135358 1.65180269986e-05 -45.0004697814 -11.9627897011
110 30228 -0.0165062047868 1.58340457379e-05 -44.9184030903 -12.0395471966
111 31265 -0.0166479579023 1.68268241045e-05 -44.8413716513 -12.0492929777
112 29239 -0.0168037293819 1.56464898255e-05 -44.7570799135 -11.980177796
113 30823 -0.0169448021194 1.65344239837e-05 -44.681063105 -11.9747960533
114 29693 -0.0170966922412 1.6187057137e-05 -44.5995563997 -11.9483607381
115 29630 -0.0172455487891 1.59893216675e-05 -44.5200165367 -11.9719897538
116 30167 -0.0173912735871 1.65560675728e-05 -44.4424731029 -11.9907567302
117 28997 -0.0175451760586 1.62459810358e-05 -44.360922957 -11.9534014321
118 28763 -0.017696809391 1.58614413045e-05 -44.2809194367 -11.9715226036
119 29667 -0.0178425817479 1.63889007592e-05 -44.2043283525 -11.9980864484
120 29004 -0.0179949120672 1.56613806671e-05 -44.1246248227 -11.9907587954
121 30529 -0.0181367972893 1.64229262828e-05 -44.0506909136 -11.9598191419
122 29744 -0.0182875332745 1.59785331496e-05 -43.9724647386 -11.9589829528
123 30316 -0.0184328008328 1.62584101938e-05 -43.8973862604 -11.941408069
124 30034 -0.018581305879 1.60891202043e-05 -43.8209469437 -11.9809659923
125 30270 -0.0187276902371 1.59202780326e-05 -43.7459064296 -11.9938884219
126 31035 -0.01887074143 1.65855641329e-05 -43.6728674986 -11.9743027319
127 29743 -0.0190229742441 1.64642167179e-05 -43.5954567175 -11.945714215
128 28857 -0.0191763937789 1.56486473109e-05 -43.517770209 -11.9749101182
129 30414 -0.0193184323382 1.58819614998e-05 -43.4461381494 -11.9574418827
130 31304 -0.0194605243003 1.65718480141e-05 -43.3747579239 -11.97466807
131 30042 -0.0196118709937 1.64458377049e-05 -43.2990334012 -11.9541830881
132 29202 -0.0197642127029 1.57557348942e-05 -43.2231266783 -11.9628589604
133 30445 -0.0199071515846 1.58842143405e-05 -43.1521912915 -11.973875056
134 31329 -0.0200492075815 1.63186055679e-05 -43.0819669779 -11.9361179092
135 30848 -0.020196281226 1.61933375408e-05 -43.0095472304 -11.9284185123
136 30763 -0.020342427693 1.61801350817e-05 -42.9378695626 -11.9670355587
137 30719 -0.0204885586967 1.62959481534e-05 -42.8664823881 -11.9412880493
138 30317 -0.0206367088455 1.62286064386e-05 -42.7943959141 -11.9449509259
139 30126 -0.0207847152865 1.5643431231e-05 -42.7226662929 -11.951030356
140 31768 -0.0209236469405 1.62397579896e-05 -42.6555941015 -11.9227846103
141 31532 -0.021068415013 1.63429481719e-05 -42.5859700074 -11.9492123924
142 30972 -0.0212154145257 1.64545023012e-05 -42.5155486696 -11.9323805048
143 30079 -0.0213655966271 1.65538098157e-05 -42.4438881453 -11.9505429382
144 28919 -0.0215196854079 1.55450255134e-05 -42.3706616015 -11.9338332026
145 30802 -0.0216598916742 1.61881353869e-05 -42.3042931443 -11.9360192942
146 30733 -0.0218060616616 1.66703685149e-05 -42.2353647197 -11.940186928
147 29201 -0.0219604852573 1.56020612873e-05 -42.1628341911 -11.9296296768
148 30923 -0.0221009314292 1.62037182575e-05 -42.0971258843 -11.9392104473
149 30805 -0.0222470710732 1.63623032505e-05 -42.0290124977 -11.9281828024
150 30198 -0.022396117436 1.66396234419e-05 -41.9598144822 -11.9607955789
151 28782 -0.0225513734694 1.52726571322e-05 -41.8880218803 -11.9307848744
152 31518 -0.0226875506619 1.6617427555e-05 -41.8252924689 -11.9563280415
153 30108 -0.0228391474124 1.58280866652e-05 -41.7557233522 -11.9723847556
154 31159 -0.0229810863202 1.62126280459e-05 -41.6908363143 -11.9148556601
155 31012 -0.0231268173844 1.66227499334e-05 -41.624465828 -11.8989066743
156 29609 -0.02327973608 1.60931742125e-05 -41.5550927998 -11.9815558635
157 29829 -0.023427234766 1.59582479024e-05 -41.4884399725 -11.9269056326
158 30465 -0.0235719619345 1.61598709259e-05 -41.4232875882 -11.9590172259
159 30484 -0.0237184712915 1.59335457619e-05 -41.3575817317 -11.9483126973
160 31212 -0.0238612344144 1.67711463545e-05 -41.2937954539 -11.9083050247
161 29355 -0.0240161843397 1.57321485251e-05 -41.2248301283 -11.9009135281
162 30678 -0.0241583663461 1.6191588177e-05 -41.1617897936 -11.8960613783
163 30599 -0.0243048883478 1.531052729e-05 -41.0970663712 -11.9190481562
164 33378 -0.0244375434326 1.70201377121e-05 -41.0386784137 -11.9104313232
165 30609 -0.0245915371019 1.64385820981e-05 -40.9711472426 -11.9348380105
166 29775 -0.024742339153 1.56562376032e-05 -40.9052734697 -11.9065612694
167 31357 -0.0248822927552 1.63418153922e-05 -40.8443654695 -11.8960433496
168 30803 -0.0250296832061 1.60589799807e-05 -40.7804558124 -11.9153324014
169 31140 -0.0251737374773 1.60764886184e-05 -40.7182243116 -11.9169960797
170 31425 -0.0253172938483 1.62125266866e-05 -40.6564343833 -11.8660181204
171 31278 -0.025462405171 1.63622097854e-05 -40.5942036931 -11.9125388021
172 30662 -0.0256103187214 1.55942751518e-05 -40.531006432 -11.9027920491
173 32496 -0.025747255424 1.63081168646e-05 -40.4727096126 -11.8913978876
174 32031 -0.0258914944904 1.6422695837e-05 -40.4115217098 -11.9313403683
175 31208 -0.0260386500978 1.64438256528e-05 -40.349325505 -11.8819398819
176 30341 -0.0261880852709 1.58021710495e-05 -40.2864011498 -11.8731464628
177 31483 -0.0263290609482 1.63251259428e-05 -40.2272551222 -11.8798971206
178 30979 -0.0264758816118 1.60660018534e-05 -40.1658787619 -11.8579359701
179 31296 -0.0266196401239 1.60301524539e-05 -40.1060007103 -11.8948358161
180 31731 -0.02676209015 1.62908393354e-05 -40.0468795064 -11.896738581
181 31332 -0.0269077752174 1.62078621364e-05 -39.9866326055 -11.8959178575
182 31200 -0.0270530255534 1.57726719951e-05 -39.9267827191 -11.8727255807
183 32472 -0.0271915797338 1.61694304267e-05 -39.8698930333 -11.886190413
184 32461 -0.0273336420547 1.64524803496e-05 -39.8117657045 -11.8979604302
185 31532 -0.0274803062011 1.6366088371e-05 -39.7519697309 -11.9006665791
186 30899 -0.0276276867096 1.56344179838e-05 -39.6920998085 -11.8824409688
187 32613 -0.0277647277034 1.60148244036e-05 -39.6366252194 -11.9024092129
188 33118 -0.027904029986 1.66050161354e-05 -39.5804269891 -11.8746319126
189 31676 -0.028051716018 1.64822227503e-05 -39.5210565476 -11.8682602346
190 30677 -0.0282006792505 1.56842238718e-05 -39.4613904689 -11.8881434248
191 32216 -0.0283390030035 1.64681839578e-05 -39.4061807827 -11.8861110943
192 31244 -0.0284864816816 1.59178118244e-05 -39.3475226208 -11.8712948
193 32042 -0.0286272460446 1.63532167645e-05 -39.2917318714 -11.8981865846
194 31440 -0.0287732386323 1.61448829303e-05 -39.2340710162 -11.8951935359
195 31508 -0.0289172150744 1.61140362921e-05 -39.1774069053 -11.8539874893
196 31675 -0.0290605367841 1.61048984925e-05 -39.1211971477 -11.8616456116
197 31873 -0.0292033328913 1.61247919206e-05 -39.0653876675 -11.8266019181
198 32007 -0.029346004556 1.68696464242e-05 -39.0098193593 -11.8696436609
199 29803 -0.0295006870194 1.58612969406e-05 -38.9497893308 -11.8425501501
200 30740 -0.0296438910159 1.5810308311e-05 -38.8944134743 -11.8641875202
201 31871 -0.0297840788325 1.6005022402e-05 -38.8403888175 -11.8520251724
202 32397 -0.0299248370632 1.6667030341e-05 -38.7863274267 -11.8751735326
203 30792 -0.0300751870095 1.59739554963e-05 -38.7287837205 -11.8831900047
204 31399 -0.0302178870247 1.61245387751e-05 -38.6743595147 -11.8532027609
205 31532 -0.0303616274399 1.63083921216e-05 -38.6197262085 -11.8742219314
206 31080 -0.03050805927 1.57276445306e-05 -38.5642626525 -11.8461710398
207 32495 -0.0306461681009 1.64559635918e-05 -38.5121289045 -11.8362175339
208 31554 -0.0307928124316 1.61992936687e-05 -38.4569606231 -11.8510688599
209 31448 -0.0309374115203 1.57118219697e-05 -38.4027498892 -11.8447803662
210 32933 -0.0310744615676 1.64238458048e-05 -38.3515408753 -11.814059646
211 32083 -0.0312196065917 1.65125536714e-05 -38.2974882892 -11.8578335662
212 30975 -0.0313681225463 1.55553647763e-05 -38.2423722522 -11.8913742945
213 32957 -0.0315037571312 1.6260936254e-05 -38.1922053719 -11.8205672792
214 32642 -0.0316462281215 1.59643380413e-05 -38.139682523 -11.8582609703
215 33318 -0.031784674311 1.62157064089e-05 -38.0888120397 -11.845815116
216 33151 -0.0319256534018 1.62354955059e-05 -38.0371808027 -11.8596972774
217 32919 -0.032067301746 1.66446822619e-05 -37.9854763148 -11.8216666631
218 31360 -0.0322160862313 1.58624128298e-05 -37.9313515603 -11.8199260051
219 32342 -0.0323557077202 1.62644142862e-05 -37.8807312539 -11.8526525864
220 32021 -0.0324995830533 1.60730662444e-05 -37.8287411846 -11.8616305733
221 32325 -0.0326410960867 1.63781238681e-05 -37.7777746922 -11.8486236906
222 31637 -0.0327868535755 1.57614276364e-05 -37.7254548675 -11.8345689804
223 32964 -0.0329242709059 1.66372101524e-05 -37.6762908949 -11.8277868209
224 31426 -0.0330728307733 1.59491819062e-05 -37.6233165905 -11.8323426863
225 32126 -0.0332136876925 1.61745152962e-05 -37.5732572433 -11.8373777638
226 32099 -0.0333565947543 1.59984900657e-05 -37.5226357784 -11.8463096867
227 32650 -0.0334967484662 1.5957928074e-05 -37.4731517083 -11.8190463406
228 33347 -0.0336350770927 1.64995795683e-05 -37.4244686524 -11.8372978478
229 32238 -0.033780540972 1.62667117514e-05 -37.3734414743 -11.8354329078
230 31911 -0.033924685343 1.62226246806e-05 -37.3230452636 -11.7914360003
231 31729 -0.0340688509378 1.58389749176e-05 -37.2728081786 -11.8224526979
232 32801 -0.0342072882049 1.64527583855e-05 -37.2247232372 -11.8230945269
233 31861 -0.0343531947674 1.57538502734e-05 -37.1742085374 -11.7898950106
234 33223 -0.0344900096835 1.62517656868e-05 -37.1269942462 -11.8309281582
235 32936 -0.0346317631985 1.62111483935e-05 -37.0782308727 -11.8065803723
236 32786 -0.0347734848575 1.66348894768e-05 -37.0296356185 -11.8034336444
237 31264 -0.0349224091565 1.59858262813e-05 -36.9787391386 -11.7964271946
238 31841 -0.0350642185538 1.59462627047e-05 -36.9304339764 -11.8299461333
239 32560 -0.0352041081871 1.62769496235e-05 -36.882934681 -11.8260926429
240 32196 -0.0353477028545 1.59434109717e-05 -36.8343335428 -11.8184207061
241 32932 -0.0354867741096 1.5927155098e-05 -36.7874135286 -11.796521604
242 33741 -0.0356240290024 1.66144799638e-05 -36.7412504865 -11.8185152888
243 32241 -0.0357704988759 1.59627969502e-05 -36.6921453838 -11.8219856353
244 32913 -0.0359097790284 1.63527179587e-05 -36.6456005513 -11.8126595689
245 32296 -0.0360538188737 1.5869858246e-05 -36.5976180525 -11.765222694
246 33282 -0.0361915188663 1.63562346791e-05 -36.5518921931 -11.8029580275
247 32646 -0.0363348143545 1.61205725267e-05 -36.5044577315 -11.7977824177
248 32797 -0.0364757197338 1.62890152157e-05 -36.4579624349 -11.8009112995
249 32391 -0.0366189883431 1.58860837488e-05 -36.4108370679 -11.821247093
250 33325 -0.0367567402806 1.60026957224e-05 -36.3656680134 -11.7827902868
251 33882 -0.036894357297 1.60721348545e-05 -36.3206812886 -11.769456309
252 34207 -0.0370319146063 1.67786274584e-05 -36.2758513885 -11.7997417194
253 32147 -0.037180048022 1.58374439654e-05 -36.2277275403 -11.797629089
254 33238 -0.0373175583252 1.59913845349e-05 -36.1831959695 -11.7973097732
255 33833 -0.0374551788938 1.64692759317e-05 -36.1387641402 -11.8043095215
256 32809 -0.03759910767 1.58928864143e-05 -36.0924399601 -11.8093707447
257 33732 -0.0377360852021 1.62420160832e-05 -36.0484894661 -11.7739991937
258 33473 -0.0378766112438 1.6287622079e-05 -36.0035379997 -11.792794751
259 33063 -0.0380184036437 1.641847848e-05 -35.9583220565 -11.7870193834
260 32227 -0.0381631762915 1.61590741383e-05 -35.9123007932 -11.7995306245
261 32250 -0.0383056113974 1.62895063442e-05 -35.8671649633 -11.7897315619
262 31849 -0.03845009786 1.57240540223e-05 -35.8215226797 -11.7627017402
263 33311 -0.0385864731465 1.60461383989e-05 -35.7785747262 -11.7786700601
264 33719 -0.0387247974052 1.65260458809e-05 -35.7351434152 -11.7843080711
265 32510 -0.0388698832524 1.57208561721e-05 -35.6897295863 -11.7766204961
266 34014 -0.0390048156387 1.64272079769e-05 -35.64762245 -11.7486197794
267 33125 -0.0391476892048 1.55430227688e-05 -35.6031715801 -11.7632520739
268 35289 -0.039278661953 1.64159448781e-05 -35.5625442132 -11.7438654289
269 34406 -0.0394187545386 1.65817815452e-05 -35.5192153554 -11.7930562292
270 32986 -0.0395632767899 1.62320114168e-05 -35.4746539051 -11.7802175672
271 32766 -0.0397052234003 1.59695900888e-05 -35.4310218771 -11.7755973722
272 33426 -0.0398434896917 1.54774165124e-05 -35.3886494105 -11.7822244599
273 35848 -0.0399728886874 1.68436791735e-05 -35.3491085648 -11.7620917251
274 33468 -0.0401186326281 1.61775179851e-05 -35.3047047705 -11.7560211617
275 33429 -0.040258692561 1.61191598871e-05 -35.2621635385 -11.7853033073
276 33589 -0.040397915783 1.60304653225e-05 -35.2200029423 -11.7814236882
277 34055 -0.0405354224594 1.63918757467e-05 -35.1784854128 -11.7778993227
278 33284 -0.04067764783 1.61710679171e-05 -35.135671456 -11.7716707047
279 33267 -0.0408179924368 1.59907186202e-05 -35.0935509787 -11.7655078554
280 33865 -0.0409555426303 1.62418814004e-05 -35.0523913391 -11.7669107468
281 33606 -0.0410957903312 1.58118198935e-05 -35.0105484939 -11.7695460999
282 34837 -0.0412298902926 1.63134142218e-05 -34.9706563911 -11.7451606828
283 34320 -0.0413692814473 1.65215207525e-05 -34.9293105268 -11.7550322726
284 33105 -0.0415130189786 1.63286108582e-05 -34.8868032757 -11.7788091817
285 32564 -0.0416562535656 1.56571766171e-05 -34.8445732915 -11.7458180516
286 34291 -0.0417900941622 1.60913232292e-05 -34.8052283978 -11.7670380899
287 34552 -0.0419271252797 1.63151401066e-05 -34.7650606513 -11.7452052664
288 34034 -0.0420671171946 1.59762122179e-05 -34.7241447117 -11.7519243021
289 34696 -0.0422028852421 1.62989727515e-05 -34.6845783624 -11.7384290351
290 34232 -0.0423423335179 1.59515231169e-05 -34.6440569424 -11.7817927944
291 34986 -0.0424773298489 1.64225215479e-05 -34.6049420801 -11.7484022159
292 34088 -0.0426181310862 1.65388640982e-05 -34.5642630816 -11.7464328025
293 32823 -0.0427626353281 1.60443322267e-05 -34.5226387915 -11.7545174905
294 33231 -0.0429019556125 1.59203477673e-05 -34.482626667 -11.7694052149
295 34071 -0.0430384860334 1.65217756497e-05 -34.4435285646 -11.7300351167
296 32864 -0.0431827519349 1.5428363171e-05 -34.4023360489 -11.7240077078
297 35422 -0.043312514907 1.67424833541e-05 -34.3653901636 -11.7432110695
298 33411 -0.0434575061601 1.598336952e-05 -34.3242262858 -11.7414189477
299 34037 -0.043594645368 1.57633387861e-05 -34.2854055573 -11.7508380736
300 35458 -0.0437271583222 1.63164922704e-05 -34.2479991581 -11.7262140807
301 34921 -0.0438653711039 1.62879592505e-05 -34.2090930192 -11.7477933759
302 34492 -0.0440041979168 1.60801097627e-05 -34.1701258447 -11.7300262959
303 34794 -0.044140656295 1.61817516637e-05 -34.1319322121 -11.7231804874
304 34739 -0.0442780869252 1.62682415009e-05 -34.0935749642 -11.7414940825
305 34381 -0.0444169694539 1.64016228546e-05 -34.0549226517 -11.722405032
306 33569 -0.0445586731236 1.60667212745e-05 -34.015598846 -11.7156557194
307 33909 -0.0446967857447 1.60905443477e-05 -33.9773815872 -11.7258278227
308 34170 -0.0448345744426 1.6453707269e-05 -33.9393617161 -11.7160698571
309 33188 -0.0449775434232 1.59911769659e-05 -33.9000257488 -11.7208906096
310 33783 -0.0451152643816 1.57502119366e-05 -33.8622423513 -11.7075299732
311 35240 -0.0452480752033 1.60770244399e-05 -33.8259066001 -11.7253942395
312 35560 -0.0453830305543 1.6165206521e-05 -33.7890848562 -11.7214790775
313 35563 -0.045518719983 1.67019911923e-05 -33.7521647759 -11.7286964764
314 33682 -0.0456627775734 1.60325074829e-05 -33.7130791964 -11.6899954741
315 34142 -0.0458001260105 1.58541106443e-05 -33.6759203488 -11.7390696052
316 35241 -0.045933811834 1.62101223533e-05 -33.6398517424 -11.7058884583
317 35084 -0.0460708045414 1.628021312e-05 -33.6029921859 -11.7256379476
318 34680 -0.0462091882343 1.64204863988e-05 -33.5658619986 -11.7451516962
319 33797 -0.0463505771717 1.57672123999e-05 -33.5280325897 -11.6620088904
320 35194 -0.0464836186495 1.61358013438e-05 -33.4925350612 -11.7216072655
321 35303 -0.0466195607295 1.63116960076e-05 -33.456361826 -11.7267904753
322 34786 -0.0467580021962 1.6386296793e-05 -33.4196251423 -11.7144903273
323 34018 -0.0468986375675 1.59130963417e-05 -33.3824108521 -11.7400036833
324 34903 -0.047033468332 1.60778947522e-05 -33.3468310985 -11.7039491428
325 35217 -0.0471690869676 1.63853893097e-05 -33.311140362 -11.7176322868
326 34442 -0.0473088449406 1.61067008006e-05 -33.2744615674 -11.706599
327 34650 -0.0474458128467 1.57227895163e-05 -33.2386143625 -11.6808790845
328 36245 -0.0475765410011 1.68845752774e-05 -33.2044915864 -11.6761616603
329 33698 -0.0477221379494 1.59006964121e-05 -33.166592353 -11.7068917806
330 34618 -0.0478574166288 1.5956100636e-05 -33.1314773862 -11.7104552711
331 35364 -0.0479917279574 1.62897684479e-05 -33.0967069061 -11.694911649
332 34923 -0.0481297104826 1.60055752829e-05 -33.061082543 -11.6828370201
333 35497 -0.0482641859498 1.65825675261e-05 -33.0264573781 -11.700898895
334 34029 -0.0484064823376 1.60830193486e-05 -32.9899188185 -11.6808083707
335 34317 -0.0485439110572 1.60089250271e-05 -32.9547277347 -11.7056737419
336 34869 -0.048679620135 1.61382322723e-05 -32.9200706928 -11.6972743629
337 34968 -0.0488162317011 1.63470003503e-05 -32.8852768392 -11.6952885662
338 34332 -0.0489558856361 1.59593425245e-05 -32.8498048675 -11.6867579028
339 35060 -0.0490908048438 1.61240925144e-05 -32.815628038 -11.6625910361
340 35210 -0.049226826793 1.61558627105e-05 -32.781263552 -11.6963782531
341 35247 -0.049363045542 1.58487877411e-05 -32.7469412396 -11.6981049511
342 36401 -0.0494945394181 1.61765349401e-05 -32.7138963185 -11.6990540165
343 36363 -0.0496288233613 1.65203157752e-05 -32.6802379943 -11.6816052117
344 35080 -0.0497684459739 1.57684708532e-05 -32.6453351945 -11.6921024123
345 36525 -0.0498990506624 1.64154536716e-05 -32.6127727931 -11.6767220765
346 35613 -0.0500367449429 1.60903682049e-05 -32.5785325873 -11.7000065445
347 35888 -0.0501711941271 1.63517857197e-05 -32.5451879062 -11.7131967303
348 35218 -0.0503091202286 1.60338084349e-05 -32.5110714994 -11.6732014687
349 35694 -0.0504434598834 1.64437307076e-05 -32.4779300594 -11.6827586387
350 34703 -0.0505831879313 1.60432293189e-05 -32.443550925 -11.6914182179
351 35139 -0.0507186650072 1.59788979072e-05 -32.4103065623 -11.6792686049
352 35813 -0.0508523219672 1.65937255504e-05 -32.3775942211 -11.6568103984
353 34293 -0.0509941647172 1.57717494978e-05 -32.3429708184 -11.6828668935
354 35694 -0.0511263090185 1.64352758561e-05 -32.3108000554 -11.6766373788
355 34733 -0.051265905362 1.61070579837e-05 -32.2769040762 -11.6568864267
356 34942 -0.0514023037858 1.61041779877e-05 -32.2438725752 -11.6511775884
357 35162 -0.0515382494911 1.60049179986e-05 -32.2110368975 -11.6732295458
358 35742 -0.0516722571823 1.61809199868e-05 -32.1787532093 -11.6721612437
359 35688 -0.0518078403094 1.64657782107e-05 -32.146174423 -11.6857524255
360 34620 -0.0519479239805 1.53008371172e-05 -32.1126030807 -11.6772208293
361 37802 -0.0520724972453 1.67255510218e-05 -32.0828244218 -11.6707601649
362 35717 -0.0522125877745 1.60424269688e-05 -32.0494211092 -11.6858162346
363 36168 -0.0523461158016 1.6014947551e-05 -32.0176656939 -11.6662546472
364 36727 -0.0524783967852 1.61233021917e-05 -31.9862865455 -11.6518906812
365 36887 -0.0526112840978 1.61486742459e-05 -31.9548431374 -11.6673556798
366 36952 -0.052744262636 1.66228677429e-05 -31.9234576819 -11.644896218
367 35279 -0.0528843542599 1.56840701922e-05 -31.89047914 -11.640269662
368 37049 -0.053013338731 1.62737873674e-05 -31.8601927919 -11.6393272209
369 36647 -0.0531479056231 1.65518806516e-05 -31.8286745458 -11.6376892308
370 35241 -0.0532874750871 1.57196277554e-05 -31.7960693864 -11.6540782178
371 36875 -0.0534170555518 1.65840299541e-05 -31.7658747796 -11.6236923718
372 35345 -0.0535566905178 1.53219523413e-05 -31.7334199693 -11.6366345517
373 38511 -0.0536802824161 1.6461073504e-05 -31.7047652772 -11.658447328
374 37376 -0.053815063366 1.6341928195e-05 -31.6735924415 -11.628196922
375 36715 -0.0539500670663 1.67285742289e-05 -31.6424473168 -11.6436989747
376 34679 -0.0540922637418 1.58241127089e-05 -31.6097282039 -11.6312244196
377 35904 -0.0542244579502 1.63549021799e-05 -31.5793889432 -11.6713792472
378 35223 -0.0543624013977 1.58157414525e-05 -31.5478103443 -11.6723559136
379 36499 -0.0544934456836 1.63424964013e-05 -31.5178866606 -11.6523129775
380 35852 -0.0546300703817 1.65052400459e-05 -31.4867667698 -11.6376086553
381 34640 -0.0547704488386 1.57282644527e-05 -31.4548745606 -11.6229785433
382 36215 -0.0549012777742 1.6179846627e-05 -31.4252270607 -11.6598360066
383 36165 -0.055035956304 1.62578126169e-05 -31.3947826767 -11.6299966719
384 35830 -0.0551719140008 1.61082595642e-05 -31.3641265208 -11.653505403
385 36041 -0.0553062263585 1.62179683587e-05 -31.3339174254 -11.6185796293
386 35852 -0.0554418096465 1.60656656166e-05 -31.3034988704 -11.626862559
387 36219 -0.0555754366017 1.63412696529e-05 -31.2735940494 -11.6278790162
388 35581 -0.0557125695612 1.54221177956e-05 -31.2429815521 -11.6625391584
389 38375 -0.0558371896674 1.696589264e-05 -31.2152296812 -11.6255903756
390 35386 -0.0559799568994 1.55353169412e-05 -31.1835151288 -11.6318241387
391 37727 -0.056106563876 1.64407335888e-05 -31.155460354 -11.611192206
392 36691 -0.0562424295975 1.58615790976e-05 -31.125426772 -11.6323368842
393 37843 -0.0563714978125 1.62769495343e-05 -31.0969653931 -11.648073081
394 37420 -0.0565046927526 1.64743352267e-05 -31.067664849 -11.6305184138
395 36268 -0.0566416265957 1.61654781439e-05 -31.0376165508 -11.6172288099
396 36270 -0.0567759891864 1.61433116192e-05 -31.0082058634 -11.6084281262
397 36354 -0.0569100130191 1.63003995749e-05 -30.9789414766 -11.6432951943
398 35862 -0.0570462660582 1.590360604e-05 -30.9492639354 -11.6304993475
399 36831 -0.0571774430862 1.58858796948e-05 -30.920761867 -11.598425096
400 37894 -0.057306622426 1.64524495266e-05 -30.8927605902 -11.6185063914
401 36809 -0.0574423656589 1.6070561082e-05 -30.8634076083 -11.6192208997
402 37168 -0.0575743170486 1.62206439696e-05 -30.8349441626 -11.6129687898
403 36963 -0.0577078691027 1.63919324464e-05 -30.806205044 -11.5992823049
404 36126 -0.0578443860793 1.59138981533e-05 -30.7769000208 -11.6432624447
405 37063 -0.0579752358628 1.6003263604e-05 -30.7488797175 -11.6135127216
406 37681 -0.0581057371699 1.6641486186e-05 -30.7210002782 -11.6051674953
407 35907 -0.058244753555 1.59940341528e-05 -30.6913742428 -11.5929927681
408 36540 -0.0583772003919 1.612913619e-05 -30.6632175883 -11.6142755494
409 36677 -0.0585105149724 1.57350727256e-05 -30.6349445373 -11.5900099804
410 38318 -0.0586377580052 1.63790015499e-05 -30.6080226074 -11.6267468731
411 37499 -0.0587716459055 1.62996488257e-05 -30.579761474 -11.5892266403
412 36994 -0.0589057913461 1.62197947383e-05 -30.5515143435 -11.6222054441
413 36793 -0.0590396443354 1.59317397114e-05 -30.5233967597 -11.6243364817
414 37679 -0.0591695656378 1.60475350072e-05 -30.4961697793 -11.6026517768
415 38135 -0.0592996458041 1.66540252192e-05 -30.4689731384 -11.6235758408
416 36294 -0.0594380242614 1.5519228899e-05 -30.4401111719 -11.5986266322
417 38759 -0.0595628059151 1.66300974807e-05 -30.4141464793 -11.6003008162
418 36977 -0.0596997025827 1.61840254518e-05 -30.3857275771 -11.5784991863
419 36910 -0.0598330488924 1.63638019442e-05 -30.3581125662 -11.626169757
420 36177 -0.0599692349825 1.60302997215e-05 -30.329977319 -11.5999591523
421 36679 -0.0601017295008 1.59162404437e-05 -30.3026703101 -11.5995338385
422 37621 -0.0602316237032 1.6297514747e-05 -30.2759617938 -11.5729658113
423 37123 -0.0603655194304 1.67627230985e-05 -30.2484951117 -11.602034603
424 34944 -0.0605074666994 1.57523387284e-05 -30.2194481574 -11.591381975
425 36443 -0.0606380843364 1.63848597421e-05 -30.1927842808 -11.5948203927
426 35643 -0.0607754632292 1.604678161e-05 -30.1648068239 -11.5647554427
427 36077 -0.0609091956317 1.57785234702e-05 -30.137637379 -11.5903395049
428 37525 -0.0610381309489 1.61691332999e-05 -30.1115033991 -11.5728396511
429 37514 -0.0611702783259 1.61697685947e-05 -30.0847801686 -11.6112849158
430 37500 -0.0613024545289 1.59433198087e-05 -30.0581134805 -11.5888744082
431 38358 -0.0614313145525 1.67264553699e-05 -30.0321756814 -11.5994995156
432 36239 -0.061570399963 1.56861694083e-05 -30.0042457246 -11.5942650925
433 38049 -0.0616976951271 1.62072574994e-05 -29.9787433019 -11.589903665
434 37891 -0.0618294935028 1.64068051516e-05 -29.952398834 -11.592203115
435 36977 -0.0619645525387 1.57639772662e-05 -29.9254658611 -11.5742674284
436 38518 -0.0620916976928 1.63763921141e-05 -29.9001693533 -11.5857637463
437 37705 -0.0622251985999 1.61302029433e-05 -29.8736689718 -11.5972702002
438 37843 -0.0623564532441 1.6323127204e-05 -29.8476748493 -11.5839223295
439 37245 -0.0624903392723 1.60916983804e-05 -29.8212210558 -11.6050657842
440 37527 -0.0626218295607 1.58053758543e-05 -29.7953008296 -11.5925671746
441 38927 -0.0627486373617 1.63558874752e-05 -29.77035997 -11.5744175008
442 38185 -0.0628811309586 1.66741154142e-05 -29.7443596957 -11.5536928066
443 36268 -0.0630197266824 1.57119040831e-05 -29.7172261268 -11.5612794659
444 37980 -0.0631473464599 1.58871195491e-05 -29.6922992057 -11.5653411052
445 39071 -0.063274574715 1.65526964742e-05 -29.667503766 -11.573632079
446 37569 -0.0634097576057 1.60974644874e-05 -29.6412180348 -11.5614850483
447 37832 -0.0635407649119 1.62785077353e-05 -29.6158029982 -11.5589443949
448 37403 -0.0636740024973 1.59436086943e-05 -29.5900144268 -11.5805153619
449 38257 -0.0638030337341 1.59991053198e-05 -29.5650966563 -11.569890704
450 38911 -0.0639314219502 1.64981726091e-05 -29.5403582033 -11.5779433149
451 37622 -0.0640660635732 1.62108286891e-05 -29.5144737052 -11.5972190546
452 37452 -0.0641986610032 1.56521367902e-05 -29.4890409262 -11.5485074335
453 39459 -0.0643233902174 1.68595848408e-05 -29.4651703246 -11.574165704
454 36780 -0.064462548787 1.61939396741e-05 -29.4385986993 -11.5507427598
455 36676 -0.0645964009458 1.59079825006e-05 -29.4131002675 -11.5362970475
456 37650 -0.0647261786407 1.58889310301e-05 -29.388433957 -11.5675511245
457 38724 -0.0648539895789 1.66169087784e-05 -29.3641951207 -11.53644947
458 36993 -0.064990748017 1.58892373432e-05 -29.3383182049 -11.5687103736
459 38048 -0.0651196934201 1.62907989734e-05 -29.3139751165 -11.5625619434
460 37570 -0.0652527355034 1.60342161422e-05 -29.2889148802 -11.5790106124
461 38076 -0.0653828081584 1.60155929926e-05 -29.2644690232 -11.5345168787
462 38662 -0.0655117416469 1.64004800184e-05 -29.2402907993 -11.5530633646
463 37754 -0.0656453528148 1.60971326249e-05 -29.2152914488 -11.5474037391
464 38019 -0.0657760338546 1.65024646106e-05 -29.1908953498 -11.5516548797
465 36744 -0.0659123108861 1.56354447092e-05 -29.1655123171 -11.5460915875
466 38779 -0.0660379950835 1.58923377423e-05 -29.1421544049 -11.5327393645
467 39872 -0.0661639805473 1.68343336959e-05 -29.118790509 -11.543906925
468 37260 -0.0663020323958 1.5822243788e-05 -29.093246214 -11.5306819423
469 38584 -0.0664295387325 1.58914892292e-05 -29.0697062545 -11.5423573373
470 39675 -0.06655582997 1.65873135339e-05 -29.0464406848 -11.5467718067
471 38016 -0.066690496604 1.59546582919e-05 -29.0216868969 -11.5508499954
472 38841 -0.0668186438754 1.64234065253e-05 -28.9981837311 -11.5377144719
473 37840 -0.0669522884422 1.63049919945e-05 -28.9737264362 -11.5357533122
474 37311 -0.0670859080629 1.61471877078e-05 -28.9493287634 -11.5473820878
475 37383 -0.0672181067193 1.58985849854e-05 -28.9252445437 -11.5507713291
476 38412 -0.0673465141367 1.59104320043e-05 -28.9019022743 -11.5317696657
477 39422 -0.0674733606275 1.60311346147e-05 -28.8788931887 -11.5432922308
478 39966 -0.0676002969405 1.64299617822e-05 -28.8559168395 -11.5182984563
479 38911 -0.0677321435114 1.61395844522e-05 -28.8321034651 -11.5371837089
480 39016 -0.0678614848059 1.61177883804e-05 -28.8087936702 -11.5318074875
481 39208 -0.0679903349249 1.63248733505e-05 -28.785622547 -11.5345318529
482 38582 -0.0681218954534 1.60124307729e-05 -28.7620154937 -11.5583357596
483 39189 -0.0682499348329 1.64971556004e-05 -28.7390900615 -11.5561449018
484 37895 -0.0683840828559 1.55040260061e-05 -28.7151233945 -11.5351612231
485 40531 -0.0685059862591 1.63615809846e-05 -28.6933907919 -11.5560699788
486 39735 -0.0686359144078 1.64954770474e-05 -28.6702761099 -11.5476365995
487 38429 -0.0687691126847 1.58473793663e-05 -28.6466315018 -11.5137451252
488 39693 -0.068895024768 1.63313356121e-05 -28.6243284031 -11.5187574722
489 39033 -0.0690258737098 1.629313162e-05 -28.6012002087 -11.5323765757
490 38533 -0.069157260757 1.60507552847e-05 -28.578027384 -11.5230749823
491 38987 -0.0692859382159 1.6218891401e-05 -28.5553813282 -11.5061247487
492 38779 -0.0694163118351 1.62823386249e-05 -28.5324859362 -11.5514703367
493 38324 -0.0695479690556 1.57706290173e-05 -28.5094151954 -11.5378867361
494 39894 -0.0696729547163 1.6222581144e-05 -28.487559944 -11.5164401494
495 39666 -0.0698018912286 1.62941236445e-05 -28.46506106 -11.5371233191
496 39154 -0.0699322402 1.62773622402e-05 -28.4423643042 -11.5014524608
497 38715 -0.0700631923221 1.58841166351e-05 -28.4196115722 -11.5234372191
498 39839 -0.070189164055 1.61940956983e-05 -28.3977704216 -11.5166347216
499 39726 -0.0703177769903 1.62091408341e-05 -28.3755179769 -11.5047653526
500 39553 -0.0704467908058 1.60161370702e-05 -28.3532433724 -11.5173269787
501 40160 -0.0705733018454 1.64741798023e-05 -28.3314466448 -11.4886558066
502 38924 -0.0707054795838 1.61007221606e-05 -28.3087218527 -11.5037824258
503 39183 -0.0708342337453 1.61901065095e-05 -28.2866329307 -11.5062630697
504 39088 -0.0709638606448 1.57541897909e-05 -28.264441259 -11.5012701843
505 40757 -0.0710873866153 1.65202852437e-05 -28.2433377709 -11.4863014692
506 39319 -0.0712192678588 1.60118640826e-05 -28.2208538018 -11.5031850637
507 39939 -0.0713460934324 1.63110079439e-05 -28.1992773549 -11.4746735121
508 39356 -0.0714762421607 1.59235750388e-05 -28.1771818866 -11.5060511768
509 40337 -0.071601745374 1.62962060716e-05 -28.1559194093 -11.4944465169
510 39808 -0.0717310358059 1.64037871649e-05 -28.1340606725 -11.5048343606
511 38860 -0.0718627583589 1.58927601295e-05 -28.1118379435 -11.5047351852
512 39953 -0.071988618496 1.63839909007e-05 -28.090648624 -11.5372422906
513 39080 -0.0721198113589 1.58674835002e-05 -28.0686075199 -11.5119416591
514 40283 -0.0722449564001 1.66036106336e-05 -28.0476261192 -11.4763717859
515 38535 -0.072378844773 1.58884611345e-05 -28.0252258717 -11.5096468787
516 39637 -0.0725051727745 1.59049726104e-05 -28.0041349576 -11.5208253714
517 40702 -0.0726299663138 1.65776738714e-05 -27.9833424673 -11.4949055049
518 39038 -0.0727627809383 1.59270951242e-05 -27.9612595195 -11.4833663005
519 39997 -0.0728888446676 1.61532887234e-05 -27.9403427582 -11.4770337096
520 40049 -0.0730166150737 1.6241405025e-05 -27.9191861405 -11.4963969909
521 39744 -0.0731455742408 1.62209694458e-05 -27.8978767718 -11.5187263818
522 39523 -0.0732747304431 1.59380553866e-05 -27.876579104 -11.5078462233
523 40449 -0.0734001742987 1.64687364489e-05 -27.855935871 -11.4619726376
524 39226 -0.0735317991477 1.62771707085e-05 -27.8343201362 -11.4380051781
525 38787 -0.0736626282216 1.60558139606e-05 -27.8128802598 -11.4881749441
526 39224 -0.0737909570244 1.55754292226e-05 -27.7918937414 -11.459426562
527 41649 -0.0739117670447 1.64901217716e-05 -27.7721761835 -11.4723741741
528 40302 -0.0740417911838 1.60214920773e-05 -27.7509973024 -11.4784247351
529 40898 -0.0741671971104 1.64162078648e-05 -27.7306122991 -11.4830885126
530 39874 -0.0742973328368 1.65290026669e-05 -27.7095015602 -11.4926412122
531 38433 -0.074430795655 1.5498316174e-05 -27.6878965589 -11.4835562911
532 41130 -0.0745517631195 1.66070167259e-05 -27.6683539626 -11.5091950759
533 39331 -0.074684315791 1.58983741785e-05 -27.6469829128 -11.4585371644
534 40415 -0.0748094999238 1.61253808857e-05 -27.6268411919 -11.4725960278
535 40582 -0.0749362087156 1.6629506829e-05 -27.6064949141 -11.473761739
536 38719 -0.0750699865022 1.57063262371e-05 -27.5850578968 -11.4887548955
537 40570 -0.0751934221042 1.62416472276e-05 -27.565318448 -11.4531590949
538 40260 -0.0753215540337 1.56682797888e-05 -27.5448687711 -11.4974435379
539 42348 -0.0754420778168 1.6254271628e-05 -27.5256711629 -11.4631290675
540 41971 -0.0755676689485 1.64994620221e-05 -27.5057052972 -11.4755725783
541 40576 -0.0756973281101 1.60480720809e-05 -27.48513424 -11.4808206924
542 41065 -0.0758226862455 1.60665733655e-05 -27.4652855541 -11.4421904361
543 41482 -0.0759475566153 1.62221162946e-05 -27.4455530741 -11.4673912411
544 41247 -0.0760739944882 1.62641514801e-05 -27.4256124113 -11.4788574474
545 40839 -0.0762013919537 1.65818895421e-05 -27.4055605137 -11.470142885
546 39153 -0.0763340456841 1.60763040635e-05 -27.3847239533 -11.4417298515
547 39512 -0.0764620693327 1.54884921696e-05 -27.3646558044 -11.4690741974
548 42327 -0.0765812384939 1.67257895777e-05 -27.346011837 -11.4448034227
549 39991 -0.0767136326655 1.60773485754e-05 -27.3253396435 -11.4528733015
550 40353 -0.0768403228086 1.59167003241e-05 -27.3055981985 -11.4358208615
551 41388 -0.0769641691797 1.63111932635e-05 -27.2863376929 -11.4336009437
552 40783 -0.0770920220017 1.60613204218e-05 -27.2664932076 -11.4235369034
553 41219 -0.0772172489901 1.60882084418e-05 -27.2470946848 -11.4532023737
554 41546 -0.0773421908105 1.6520869632e-05 -27.2277780972 -11.4602411562
555 40078 -0.0774728222643 1.61824215314e-05 -27.2076220825 -11.4621091203
556 40012 -0.0776008828355 1.58160918303e-05 -27.187902537 -11.4411190455
557 41459 -0.077723839898 1.62520306721e-05 -27.1690058247 -11.4578141232
558 41099 -0.0778507384794 1.59459063637e-05 -27.149541222 -11.4542782253
559 42028 -0.077973863323 1.65294482092e-05 -27.1306921207 -11.4501647773
560 40507 -0.0781038675126 1.60049067735e-05 -27.1108289401 -11.4252912752
561 41175 -0.0782287210691 1.60689373225e-05 -27.0917903941 -11.4425050157
562 41583 -0.0783534578419 1.62852169513e-05 -27.0728064131 -11.3931917483
563 41084 -0.0784806397238 1.61375210227e-05 -27.0534880251 -11.43388218
564 41203 -0.0786064847462 1.65101115214e-05 -27.0344100814 -11.4395199588
565 39790 -0.0787375019021 1.62194331238e-05 -27.014587442 -11.458742988
566 39575 -0.0788665611417 1.54595850224e-05 -26.9951002078 -11.4306793373
567 42520 -0.0789852385825 1.6423421431e-05 -26.9772147861 -11.44619553
568 41425 -0.0791129708446 1.58501403413e-05 -26.9580012754 -11.4564419946
569 42775 -0.0792342824197 1.67527412757e-05 -26.9397885323 -11.4270973885
570 40304 -0.0793663740034 1.61925732439e-05 -26.9199959954 -11.4382268067
571 40196 -0.0794942209659 1.6057226712e-05 -26.9008777138 -11.4277889507
572 40643 -0.0796203006664 1.57148541895e-05 -26.8820604457 -11.4434838688
573 42549 -0.0797408968428 1.65030821532e-05 -26.8640956279 -11.4400702513
574 41119 -0.0798697242245 1.57687965028e-05 -26.8449412998 -11.4485941725
575 42812 -0.0799903620335 1.65643988701e-05 -26.8270388604 -11.4449054775
576 41117 -0.0801196716497 1.62295947305e-05 -26.8078862148 -11.4311095692
577 40853 -0.0802467762408 1.61740500903e-05 -26.7890970442 -11.4269657557
578 40820 -0.0803734968637 1.58602703948e-05 -26.7704009257 -11.4331132499
579 42107 -0.0804958451476 1.62530233889e-05 -26.7523841812 -11.4171853424
580 41737 -0.0806217775315 1.61258399432e-05 -26.7338747325 -11.4399405611
581 41908 -0.0807464699091 1.60939945641e-05 -26.7155825071 -11.4320151525
582 42216 -0.0808704613681 1.62208681725e-05 -26.6974275124 -11.4118344004
583 41982 -0.08099577767 1.62572288844e-05 -26.6791132978 -11.4414021813
584 41596 -0.0811219569423 1.61972640453e-05 -26.6607081792 -11.4206634413
585 41465 -0.0812478691525 1.63446062202e-05 -26.6423771404 -11.4440144741
586 40721 -0.0813760819562 1.58406463974e-05 -26.6237471215 -11.432502637
587 42089 -0.0814983054476 1.63243828044e-05 -26.6060210656 -11.4174717945
588 41419 -0.0816252765221 1.55473757652e-05 -26.58764119 -11.410943796
589 44105 -0.0817424628115 1.65515840458e-05 -26.5707090381 -11.4275893636
590 42414 -0.0818696816418 1.63508729068e-05 -26.5523612285 -11.3985628426
591 41626 -0.0819965408871 1.6712888035e-05 -26.5341003626 -11.3957747388
592 39381 -0.0821298550028 1.532720728e-05 -26.5149479908 -11.4305576427
593 42885 -0.082247014012 1.65984923792e-05 -26.4981482807 -11.4029875104
594 41045 -0.0823767034107 1.6194317428e-05 -26.4795863624 -11.4176268947
595 40928 -0.0825034159418 1.57497996132e-05 -26.4614854834 -11.4434413829
596 42695 -0.0826240727528 1.66196969645e-05 -26.444281703 -11.3823599388
597 40775 -0.0827543564213 1.60026424552e-05 -26.4257402812 -11.4092603709
598 41457 -0.0828787670865 1.5861543336e-05 -26.4080685082 -11.4279350863
599 42759 -0.0830001893639 1.59174431329e-05 -26.3908529968 -11.4274723124
600 43852 -0.0831205110961 1.67173998511e-05 -26.3738244081 -11.4138468616
601 41468 -0.0832504623042 1.57573181094e-05 -26.3554674437 -11.405924596
602 43225 -0.0833704339728 1.66583899995e-05 -26.3385518591 -11.4145402671
603 41120 -0.0835004727142 1.58229274664e-05 -26.3202510927 -11.4012982285
604 42578 -0.0836218564462 1.60923125555e-05 -26.3032004287 -11.4145524787
605 42898 -0.0837448451288 1.6282355464e-05 -26.2859558016 -11.3960010859
606 42395 -0.0838700223432 1.58838253685e-05 -26.268436767 -11.398392738
607 43627 -0.0839903986539 1.60572415061e-05 -26.2516204354 -11.4153731709
608 44112 -0.0841114193477 1.639771834e-05 -26.2347444429 -11.404984113
609 43088 -0.0842364661486 1.63691207925e-05 -26.2173389116 -11.4006791204
610 42210 -0.0843625864184 1.63304830954e-05 -26.1998167046 -11.3736158106
611 41512 -0.0844894620017 1.58118003637e-05 -26.1822226483 -11.3779303259
612 43032 -0.0846101180975 1.62764142046e-05 -26.1655217631 -11.3780270293
613 42553 -0.084735017012 1.61498693883e-05 -26.1482650439 -11.3968281646
614 42623 -0.0848588429442 1.61273112425e-05 -26.1311880677 -11.4054383609
615 42791 -0.0849822530028 1.61351149388e-05 -26.114199562 -11.4113031789
616 42926 -0.0851055289667 1.6350694367e-05 -26.0972604472 -11.3857691956
617 42130 -0.0852316268668 1.5659207292e-05 -26.0799654746 -11.3819568673
618 44355 -0.0853493229867 1.62855357541e-05 -26.06385188 -11.3844738161
619 43821 -0.085472470994 1.64503330439e-05 -26.0470218052 -11.3728203629
620 42576 -0.0855986711209 1.59541125042e-05 -26.0298062821 -11.4117169741
621 43502 -0.0857197541437 1.59932905493e-05 -26.0133188614 -11.4019971564
622 44272 -0.0858400747345 1.61976106783e-05 -25.9969643377 -11.404916142
623 44131 -0.0859621270414 1.69554871157e-05 -25.980403971 -11.3799323391
624 40736 -0.0860951067505 1.50269790995e-05 -25.9623947217 -11.3784805246
625 45738 -0.0862063306495 1.639637285e-05 -25.9473588096 -11.360018322
626 44682 -0.0863291161559 1.62858576711e-05 -25.9307883965 -11.4040031786
627 44142 -0.0864518171424 1.64634976298e-05 -25.9142591558 -11.3973417748
628 42830 -0.0865777422238 1.60725270062e-05 -25.8973264496 -11.3939451694
629 43239 -0.0867000948775 1.60754711413e-05 -25.8809039767 -11.3740084624
630 43639 -0.0868219079908 1.62782922836e-05 -25.8645830828 -11.3870047463
631 43145 -0.086945961346 1.63558084465e-05 -25.8479918603 -11.3901983016
632 42323 -0.0870718107846 1.57844648971e-05 -25.8311910984 -11.3832275699
633 43995 -0.0871909331879 1.62203901729e-05 -25.8153167752 -11.3715962911
634 43753 -0.0873136830805 1.65435351391e-05 -25.7989878569 -11.371832052
635 42110 -0.0874412984336 1.56040980417e-05 -25.7820426251 -11.3710366722
636 44583 -0.0875582800985 1.6612316683e-05 -25.7665369911 -11.3503404312
637 42610 -0.0876856710141 1.6036177588e-05 -25.7496816054 -11.3701705639
638 43176 -0.0878078361246 1.60639821717e-05 -25.7335469317 -11.3714122057
639 43626 -0.087929579952 1.6054128488e-05 -25.7174963363 -11.3563791629
640 44125 -0.0880505594557 1.63369804979e-05 -25.7015745588 -11.335272429
641 43367 -0.0881747416241 1.64687476028e-05 -25.6852602947 -11.3796179207
642 42056 -0.0883018612571 1.59732493683e-05 -25.6685904829 -11.3567462349
643 42887 -0.0884239552286 1.55560195223e-05 -25.6526085499 -11.3496185973
644 45629 -0.0885392331141 1.66761705373e-05 -25.6375447028 -11.3763423508
645 43329 -0.0886660492512 1.62343101458e-05 -25.6210020548 -11.3652784637
646 43030 -0.0887899325218 1.59450097757e-05 -25.6048711994 -11.3339436883
647 44007 -0.0889102507586 1.64840968578e-05 -25.5892321119 -11.380674901
648 42610 -0.0890366586015 1.5852691152e-05 -25.5728306745 -11.3637020312
649 43988 -0.0891563061696 1.67374240101e-05 -25.5573338611 -11.3436041253
650 41512 -0.0892863436676 1.58754946731e-05 -25.5405215633 -11.3569949328
651 42755 -0.089407878278 1.58099956024e-05 -25.5248369757 -11.3499305812
652 44329 -0.0895267430771 1.59419698688e-05 -25.5095234024 -11.3512544551
653 45349 -0.0896452444376 1.67328493554e-05 -25.4942826362 -11.3538217779
654 42816 -0.089773251059 1.61508379198e-05 -25.4778484498 -11.3403161052
655 42882 -0.089896709571 1.58793981349e-05 -25.462026708 -11.3711507057
656 44148 -0.0900163401314 1.59911972753e-05 -25.4467221939 -11.3815206392
657 44939 -0.0901357488559 1.64953569109e-05 -25.4314721603 -11.353360903
658 43463 -0.0902609959634 1.61183356499e-05 -25.4155044397 -11.3647642618
659 43674 -0.0903830840119 1.63782494675e-05 -25.39996694 -11.3654869768
660 42744 -0.090508483209 1.56169594636e-05 -25.3840362111 -11.3542619298
661 45195 -0.0906247657592 1.68878538911e-05 -25.3692891011 -11.344664041
662 42005 -0.0907551987991 1.58140128559e-05 -25.3527764615 -11.3494636541
663 43534 -0.0908751750174 1.5764724107e-05 -25.3376146976 -11.3387592479
664 45345 -0.0909923644397 1.67471493922e-05 -25.3228300769 -11.342367248
665 42750 -0.0911205790073 1.61356821431e-05 -25.3066827179 -11.3644367337
666 42882 -0.0912439219572 1.60774970753e-05 -25.2911766236 -11.3331416724
667 43269 -0.0913662690704 1.59322265804e-05 -25.2758225193 -11.3353208183
668 44309 -0.0914860805808 1.60108135233e-05 -25.2608124245 -11.3645068698
669 45013 -0.0916055372606 1.63063909006e-05 -25.2458721377 -11.3384306049
670 44377 -0.0917280679543 1.62563241739e-05 -25.2305736253 -11.309467537
671 43973 -0.0918507826321 1.62210111161e-05 -25.2152787057 -11.3479436817
672 43729 -0.0919735717952 1.615498834e-05 -25.2000010438 -11.3423568838
673 43778 -0.0920957918166 1.59963953238e-05 -25.1848204945 -11.3520017554
674 44539 -0.0922157747161 1.59193759041e-05 -25.169943269 -11.3489675413
675 45669 -0.0923336934919 1.62322663176e-05 -25.1553464994 -11.3501445883
676 45363 -0.0924543335502 1.6297492884e-05 -25.1404379606 -11.3252518223
677 44762 -0.0925762689867 1.61410636116e-05 -25.1253950633 -11.3487644411
678 44876 -0.0926968811349 1.63505527281e-05 -25.1105407946 -11.3120813048
679 44044 -0.0928202069838 1.61680611603e-05 -25.0953783463 -11.3227921383
680 44035 -0.0929421685798 1.58648101867e-05 -25.0804094504 -11.3082090503
681 45403 -0.0930600267768 1.62857873945e-05 -25.0659685207 -11.3269410049
682 44855 -0.093181748659 1.60174805536e-05 -25.0510792302 -11.3089907301
683 45537 -0.0933005657051 1.61610679461e-05 -25.0365697549 -11.287113273
684 45560 -0.0934204168784 1.65571325333e-05 -25.0219584467 -11.3379153425
685 43788 -0.0935456649885 1.59324376122e-05 -25.0067153622 -11.3116953491
686 44839 -0.0936647671992 1.61554843924e-05 -24.9922450068 -11.3342530188
687 44887 -0.0937854716918 1.60017735079e-05 -24.9776045417 -11.3352125919
688 45642 -0.0939040353441 1.58115943073e-05 -24.9632477551 -11.3393520352
689 47315 -0.0940191004281 1.64926186538e-05 -24.9493373075 -11.3239870944
690 45774 -0.0941411250834 1.63511238122e-05 -24.9346098745 -11.3138890329
691 44923 -0.0942632430313 1.60297261478e-05 -24.9198962365 -11.3186548096
692 45549 -0.0943821347561 1.60488455029e-05 -24.9055953376 -11.321090007
693 46094 -0.0945004622572 1.60123417376e-05 -24.8913857805 -11.3310110562
694 46819 -0.0946176033721 1.66534129578e-05 -24.8773417051 -11.3084622711
695 44561 -0.0947424824973 1.57796365704e-05 -24.8623950722 -11.3124596025
696 46344 -0.0948585110375 1.64437771983e-05 -24.8485309635 -11.3326297364
697 45057 -0.0949811382045 1.5821234393e-05 -24.8339026327 -11.3104701218
698 46662 -0.0950970752123 1.63872167842e-05 -24.8200952327 -11.3172191009
699 45627 -0.095218514659 1.62624820214e-05 -24.8056562878 -11.3274442327
700 45183 -0.095339620379 1.61781186773e-05 -24.7912811775 -11.3047729261
701 45128 -0.0954601713253 1.60677082425e-05 -24.7769958167 -11.2929929482
702 45581 -0.0955793031946 1.65913682966e-05 -24.7629019853 -11.3045871545
703 43657 -0.0957049993434 1.5777009668e-05 -24.7480566938 -11.2973765814
704 45416 -0.0958221878701 1.61768650349e-05 -24.7342393726 -11.3018234118
705 45366 -0.0959424122201 1.62641574322e-05 -24.720087297 -11.2863748087
706 44917 -0.0960638886494 1.58208956805e-05 -24.7058116319 -11.3111707948
707 46519 -0.0961800017129 1.61406636645e-05 -24.6921885656 -11.3037867353
708 46639 -0.0962983088744 1.69906759271e-05 -24.6783304471 -11.3063750791
709 42898 -0.0964281635353 1.56144143873e-05 -24.6631456244 -11.296941507
710 45370 -0.0965442032483 1.6424701986e-05 -24.6495991878 -11.2980560897
711 44195 -0.0966678762506 1.57867043356e-05 -24.635185385 -11.3020396242
712 45931 -0.0967844782807 1.63360198502e-05 -24.6216180715 -11.3063453559
713 45146 -0.0969061814675 1.61223787282e-05 -24.6074803253 -11.3034051497
714 45347 -0.0970260268713 1.62464265967e-05 -24.5935814084 -11.3057232651
715 44979 -0.0971472871772 1.57739202263e-05 -24.5795415918 -11.2963917033
716 46806 -0.0972626999664 1.6370518323e-05 -24.566200432 -11.3022739559
717 45845 -0.0973837263766 1.58831231765e-05 -24.5522329572 -11.3046002858
718 47181 -0.0974994754908 1.65611394391e-05 -24.5388961151 -11.2992775098
719 45328 -0.0976226080142 1.59314469017e-05 -24.5247316565 -11.305799295
720 46421 -0.0977396563516 1.61936613479e-05 -24.5112891278 -11.2748982732
721 46291 -0.0978587971208 1.61659705631e-05 -24.4976283011 -11.2841714149
722 46292 -0.0979777338443 1.5942717925e-05 -24.4840129662 -11.2657520517
723 47354 -0.098093705325 1.63388606958e-05 -24.4707582875 -11.3012635529
724 46531 -0.0982136040752 1.6144865534e-05 -24.4570767166 -11.2777085587
725 46631 -0.0983319520039 1.63243635744e-05 -24.4435939581 -11.3061781715
726 45888 -0.0984525807459 1.63794332746e-05 -24.4298736445 -11.2820861284
727 44906 -0.0985749336094 1.58180587043e-05 -24.4159801584 -11.298955337
728 46521 -0.0986910233421 1.62180980205e-05 -24.4028191661 -11.2831558749
729 46276 -0.0988103634389 1.62191687803e-05 -24.389311251 -11.2871463578
730 46028 -0.0989300334312 1.60740237643e-05 -24.3757879015 -11.2890653989
731 46460 -0.0990480790323 1.6135016402e-05 -24.3624695584 -11.2822834099
732 46607 -0.099166385966 1.66174639204e-05 -24.3491430471 -11.2950710012
733 44522 -0.0992910512108 1.58071731266e-05 -24.3351233499 -11.2946533783
734 46174 -0.0994074958737 1.60252724687e-05 -24.3220494321 -11.2696275121
735 46839 -0.0995247068825 1.64080212984e-05 -24.308910204 -11.2782875738
736 45704 -0.0996461986487 1.6212320065e-05 -24.2953130102 -11.2605173298
737 45490 -0.0997665225074 1.57219830336e-05 -24.2818684509 -11.2701592629
738 47588 -0.099880605974 1.6196751462e-05 -24.2691412743 -11.3021510545
739 47440 -0.0999983177381 1.63315369239e-05 -24.256029789 -11.2768904666
740 46650 -0.1001180096 1.59974669361e-05 -24.2427190121 -11.278486891
741 47455 -0.100234254579 1.63153543148e-05 -24.229812036 -11.3120583779
742 46742 -0.100353710858 1.627164896e-05 -24.216569475 -11.2857138344
743 46244 -0.100473486538 1.63790688791e-05 -24.2033128021 -11.2725998666
744 45256 -0.100595362573 1.62810885494e-05 -24.1898455013 -11.2700593978
745 44731 -0.100717217761 1.57059559519e-05 -24.1764024745 -11.2533111424
746 46871 -0.10083205422 1.65737762999e-05 -24.163753812 -11.3068843297
747 44972 -0.100955766762 1.57065845268e-05 -24.1501492233 -11.238149512
748 47120 -0.101070303351 1.61220909086e-05 -24.1375737556 -11.2632916097
749 47331 -0.101187607746 1.63081055847e-05 -24.1247143325 -11.276147086
750 46654 -0.10130712331 1.59945018116e-05 -24.1116332104 -11.2733340313
751 47474 -0.101423324271 1.6257160764e-05 -24.0989348616 -11.2677582826
752 47037 -0.1015419799 1.60682986033e-05 -24.0859885561 -11.2732503495
753 47506 -0.101658677026 1.62590048955e-05 -24.0732758892 -11.2535041422
754 47060 -0.101777317238 1.60341953342e-05 -24.0603717824 -11.2773688738
755 47694 -0.101893536903 1.6371763559e-05 -24.0477506879 -11.2564603779
756 46709 -0.102013448035 1.62609186578e-05 -24.0347491395 -11.2557550905
757 46262 -0.10213312185 1.57852192674e-05 -24.0217939612 -11.2422349577
758 48086 -0.102247069891 1.60430058122e-05 -24.0094777402 -11.2565449691
759 48691 -0.10236215762 1.65253407779e-05 -23.9970572237 -11.2484777702
760 46949 -0.102482884504 1.62146781315e-05 -23.984048473 -11.2705195313
761 46718 -0.102601633733 1.59889537284e-05 -23.9712731088 -11.2514343099
762 47566 -0.102717682108 1.58274751798e-05 -23.9588077043 -11.2697876489
763 49230 -0.102830600278 1.65298751128e-05 -23.9466968947 -11.2761454791
764 47447 -0.102950725003 1.56767382255e-05 -23.9338329981 -11.2717242147
765 49864 -0.103061853723 1.67431346793e-05 -23.9219506356 -11.2523428002
766 47030 -0.103184066333 1.594974143e-05 -23.9089032547 -11.2330383138
767 48074 -0.103299216036 1.6105233638e-05 -23.896629148 -11.2478700927
768 48372 -0.103415130057 1.64446184598e-05 -23.8842923824 -11.2609768837
769 47025 -0.103535170386 1.60509239606e-05 -23.8715363024 -11.2640009459
770 47578 -0.103651653444 1.61717734386e-05 -23.8591775005 -11.2458398699
771 47551 -0.10376904717 1.62077725376e-05 -23.8467412327 -11.2498530969
772 47350 -0.103886950753 1.60435170417e-05 -23.8342702649 -11.2343313403
773 47943 -0.10400293619 1.64358984354e-05 -23.8220210271 -11.2608003648
774 46649 -0.104123395178 1.6025453106e-05 -23.8093190762 -11.257849436
775 47320 -0.104240010298 1.62591292308e-05 -23.7970415644 -11.2300781705
776 46876 -0.104358885108 1.57208733025e-05 -23.7845454615 -11.2413073259
777 49044 -0.104471255078 1.66444396814e-05 -23.7727510357 -11.2224411814
778 46722 -0.104593147401 1.59348672247e-05 -23.7599767523 -11.2540813469
779 47832 -0.104708481162 1.59919096878e-05 -23.7479085573 -11.2165882968
780 48685 -0.104823208617 1.56431511975e-05 -23.7359218555 -11.248241102
781 51340 -0.104932493578 1.68775009502e-05 -23.7245204914 -11.2369911268
782 47767 -0.105054732828 1.58565364626e-05 -23.7117869181 -11.2379309002
783 49292 -0.105167786793 1.63857779022e-05 -23.7000282444 -11.2277142132
784 48206 -0.105285923105 1.62846333611e-05 -23.6877594761 -11.2659855093
785 47630 -0.10540403787 1.63711446774e-05 -23.6755118233 -11.2467754696
786 46650 -0.105524021234 1.57589915299e-05 -23.6630896935 -11.2413060843
787 48619 -0.105637155056 1.6316033298e-05 -23.6513944745 -11.2456088108
788 47885 -0.105755181681 1.62483747306e-05 -23.6392117971 -11.2269159703
789 47487 -0.105873210533 1.58014006461e-05 -23.6270475732 -11.2335415161
790 49278 -0.105985887099 1.6967363792e-05 -23.6154523578 -11.2368336119
791 45433 -0.106111894552 1.58024310099e-05 -23.6025053799 -11.2528316222
792 47142 -0.106227103526 1.59436550747e-05 -23.5906864344 -11.2066528037
793 48219 -0.106342036954 1.60993089411e-05 -23.5789133383 -11.2288356123
794 48547 -0.106457699206 1.60992167233e-05 -23.5670832762 -11.2349513316
795 48878 -0.106572968868 1.66098123873e-05 -23.5553109867 -11.2333468037
796 46727 -0.106694600289 1.55599513665e-05 -23.5429080112 -11.2459268662
797 49694 -0.106805089902 1.59624262742e-05 -23.531658087 -11.2305407764
798 50732 -0.10691727192 1.66755443358e-05 -23.5202522701 -11.2099849364
799 48177 -0.107037532671 1.60215260946e-05 -23.5080434118 -11.2168718817
800 48889 -0.107152232602 1.63858789357e-05 -23.4964167334 -11.2177628303
801 47811 -0.107270856162 1.57221045745e-05 -23.4844104153 -11.2471213251
802 50016 -0.107382137619 1.66126243976e-05 -23.4731638977 -11.2257894161
803 47801 -0.107502414857 1.6281128884e-05 -23.4610263517 -11.2136007048
804 47246 -0.107620982333 1.59353135555e-05 -23.449079726 -11.2532959237
805 48366 -0.107735680546 1.63299430378e-05 -23.4375402899 -11.1993458595
806 47569 -0.10785419993 1.55430393272e-05 -23.4256342825 -11.2115596275
