100 100000 0.75 reinforce cheb_reinforce 30000000

1 100 0 1.66261911962e-05 -56.6666666667 -11.6265001311
2 16859 -0.000165499422042 1.50265883557e-05 -56.5132234237 -12.1284145299
3 18930 -0.000306657530223 1.64306515174e-05 -56.3830888134 -12.1741331953
4 18429 -0.000463089914674 1.64710010074e-05 -56.2396623671 -12.1175120228
5 17868 -0.000622349231123 1.58100334567e-05 -56.094489692 -12.1596738399
6 18526 -0.000772478368571 1.609426422e-05 -55.958414261 -12.119583264
7 18662 -0.000924749297786 1.61296479292e-05 -55.8211590323 -12.1291619955
8 18731 -0.00107707116532 1.63735795345e-05 -55.6846188426 -12.1481656848
9 18341 -0.00123333318362 1.60728049204e-05 -55.5453310106 -12.1031592418
10 18516 -0.00138599974723 1.64032205518e-05 -55.4100087848 -12.1354121585
11 18076 -0.00154368773932 1.61742745736e-05 -55.2710183525 -12.1147777911
12 18061 -0.00169923897094 1.5586484532e-05 -55.1346841225 -12.1257890421
13 19156 -0.00184478976519 1.65196169353e-05 -55.0078042637 -12.0979303913
14 18482 -0.00200184550388 1.61109176539e-05 -54.8716367947 -12.1264408487
15 18586 -0.00215458434831 1.62328610373e-05 -54.7399443548 -12.123735726
16 18461 -0.0023090004936 1.59314187344e-05 -54.6075337056 -12.1289075711
17 18906 -0.00245875293046 1.65511098517e-05 -54.4798156227 -12.1141936539
18 18182 -0.00261739814334 1.56741467475e-05 -54.3452520229 -12.1186800944
19 19114 -0.0027639310783 1.67457441451e-05 -54.2216319707 -12.1108032408
20 18023 -0.00292514898508 1.61999471675e-05 -54.086360311 -12.1769265023
21 17962 -0.00308137937384 1.56590163558e-05 -53.9560043317 -12.1332089172
22 18911 -0.00322855144115 1.64263886671e-05 -53.8338591401 -12.1366673241
23 18419 -0.00338498796512 1.58403753995e-05 -53.7047136116 -12.1296839393
24 19039 -0.00353336676106 1.66086586757e-05 -53.5828707699 -12.0952246078
25 18204 -0.00369247007658 1.66432693171e-05 -53.4529195194 -12.0621257303
26 17344 -0.00385580684026 1.60973036066e-05 -53.3202559861 -12.1166221798
27 17466 -0.00401323491572 1.5577997534e-05 -53.1931004197 -12.1384610086
28 18541 -0.00416109973157 1.6288544919e-05 -53.0742977577 -12.0679788394
29 18312 -0.00431667229216 1.61091597319e-05 -52.9499544387 -12.0681360313
30 18418 -0.00447008804786 1.60798830686e-05 -52.8279847542 -12.1036788001
31 18580 -0.00462255699852 1.66359845613e-05 -52.7074020664 -12.1439796961
32 17716 -0.0047841021751 1.49857487031e-05 -52.5803256906 -12.0646751716
33 19975 -0.00492114390484 1.67783696194e-05 -52.4730723226 -12.1239396172
34 18773 -0.00507941775157 1.6081579979e-05 -52.3498229638 -12.0619874101
35 18935 -0.00523046716134 1.62880292157e-05 -52.2328154018 -12.1078113186
36 18703 -0.00538440373365 1.57031675651e-05 -52.1141855636 -12.0908983821
37 19603 -0.00552936240252 1.64580987595e-05 -52.0030370259 -12.1124586432
38 19031 -0.00568355730407 1.62651943143e-05 -51.8854008946 -12.0767631963
39 18841 -0.0058367123662 1.59483537306e-05 -51.7691600345 -12.0778163648
40 19262 -0.00598523215518 1.65199810379e-05 -51.6570058578 -12.096057296
41 18583 -0.00614186149734 1.56935591998e-05 -51.5393297488 -12.0799536201
42 19497 -0.00628712753219 1.6468352393e-05 -51.43073915 -12.0625232119
43 18909 -0.00644191780656 1.62941911148e-05 -51.3156051321 -12.0573631566
44 18665 -0.00659606662005 1.61332971885e-05 -51.2015346434 -12.1030418659
45 18728 -0.00674843891641 1.61544096264e-05 -51.0893495331 -12.0914520814
46 18751 -0.00690091702243 1.60466126646e-05 -50.9776502804 -12.116878318
47 18980 -0.00705145900441 1.62779690473e-05 -50.8679184936 -12.0925223487
48 18766 -0.00720503962995 1.54127168553e-05 -50.7565298797 -12.0887418391
49 20259 -0.00734499617338 1.68612150818e-05 -50.6555098293 -12.0680158619
50 18880 -0.00750359728889 1.66527563674e-05 -50.5415897659 -12.084544408
51 17971 -0.00766415187378 1.53234832126e-05 -50.4268654489 -12.0885149113
52 19578 -0.00780569848244 1.67823616573e-05 -50.3262193364 -12.117391294
53 18392 -0.00796563939972 1.62637303962e-05 -50.2130492402 -12.0703137602
54 18211 -0.00812140671786 1.54724984713e-05 -50.1033943427 -12.0479390414
55 19541 -0.00826446530838 1.64609708409e-05 -50.0031709683 -12.0541983926
56 18965 -0.00841895407979 1.57053909509e-05 -49.8954576271 -12.0969776153
57 19874 -0.00856294461721 1.68821206043e-05 -49.7955445689 -12.057453018
58 18482 -0.00872344308105 1.62042870185e-05 -49.684719445 -12.0866820268
59 18411 -0.00887779659389 1.57485736515e-05 -49.5786730583 -12.0862967975
60 19209 -0.00902466112794 1.64905206605e-05 -49.4782558596 -12.0437408013
61 18587 -0.0091809930102 1.56626448806e-05 -49.371880279 -12.0938130078
62 19562 -0.00932572975104 1.63348318419e-05 -49.2738645325 -12.0320497012
63 19230 -0.00947797540102 1.65020926139e-05 -49.1712479 -12.0484743828
64 18586 -0.00963442330781 1.55930940469e-05 -49.0663123136 -12.0493374152
65 19700 -0.00977801276121 1.61204210238e-05 -48.9704561768 -12.0474043356
66 19792 -0.00992611321828 1.67328209629e-05 -48.8720414646 -12.055187532
67 18687 -0.0100843197683 1.61030309249e-05 -48.7674155408 -12.0238207421
68 18807 -0.0102360834088 1.58339001731e-05 -48.6675366522 -12.0860337603
69 19452 -0.0103828153708 1.64694190487e-05 -48.5714186716 -12.0186706255
70 18863 -0.0105378030061 1.5837833653e-05 -48.4703692464 -12.0099333925
71 19503 -0.010684382674 1.61808807702e-05 -48.3752489878 -12.0120611973
72 19474 -0.0108342464997 1.57882789915e-05 -48.2784439683 -12.0156626533
73 20236 -0.0109776954982 1.6560284119e-05 -48.1862025814 -12.0149351293
74 19443 -0.011131195054 1.60684501161e-05 -48.0879502606 -12.0683735943
75 19637 -0.0112793991254 1.67843119908e-05 -47.9935276975 -12.0351586083
76 18444 -0.0114391339369 1.60126397229e-05 -47.8922396226 -12.0478144175
77 18734 -0.0115903413265 1.63513065612e-05 -47.7968152137 -12.0068452838
78 18386 -0.011746202134 1.57838022452e-05 -47.6989154187 -12.0235016111
79 19114 -0.0118937590472 1.61709493885e-05 -47.6066600575 -12.0323079681
80 19105 -0.0120449710513 1.58061916487e-05 -47.5125489443 -12.023586399
81 19816 -0.0121900950227 1.59683172875e-05 -47.4226329864 -12.0489469925
82 20218 -0.0123352432466 1.68055402217e-05 -47.3330972094 -12.0487504593
83 18949 -0.0124930349852 1.61334658864e-05 -47.2362075508 -12.0262656175
84 19012 -0.0126442639991 1.60477498509e-05 -47.1437800829 -11.9995690466
85 19242 -0.0127937883015 1.60297584718e-05 -47.0528077745 -12.0061668142
86 19510 -0.0129421141552 1.60039183588e-05 -46.9629679084 -11.9940096218
87 19834 -0.0130889875333 1.56275608707e-05 -46.8744009652 -12.0169497695
88 20949 -0.0132285376037 1.65589068669e-05 -46.7906102106 -12.0204671394
89 20131 -0.0133793792856 1.70634397955e-05 -46.700431671 -12.0614851432
90 18381 -0.0135420507226 1.59051031754e-05 -46.603634336 -12.0331050083
91 18875 -0.0136916807437 1.57307308613e-05 -46.5150099216 -11.9887804356
92 19728 -0.0138364332712 1.63215833198e-05 -46.4296481626 -12.0296009226
93 19420 -0.0139878123272 1.64227265342e-05 -46.3407693068 -12.0149102634
94 18921 -0.0141421220566 1.58961247456e-05 -46.250578093 -12.0031328002
95 19447 -0.0142894509929 1.57981381988e-05 -46.1648491618 -11.9976817891
96 20188 -0.0144331611262 1.60134832605e-05 -46.0815832836 -12.0215668476
97 20503 -0.0145777035712 1.66090517277e-05 -45.9981888491 -11.9793330005
98 19603 -0.0147310280589 1.60220886023e-05 -45.9101127764 -12.0041427933
99 19892 -0.0148778543337 1.63753492386e-05 -45.8261388607 -11.9963259523
100 19474 -0.015029517668 1.6081433458e-05 -45.7397753845 -11.9842697681
101 19642 -0.0151778210667 1.61977718246e-05 -45.6556931677 -11.9932014271
102 19579 -0.0153274377254 1.61049066355e-05 -45.5712326929 -11.9529481806
103 19701 -0.0154757353506 1.63835854444e-05 -45.4878775732 -12.0100068855
104 19271 -0.0156282724432 1.55308632526e-05 -45.4025118081 -12.0004101095
105 20556 -0.0157682804128 1.67214319823e-05 -45.3244880181 -12.0035039613
106 19431 -0.0159233239216 1.61803269852e-05 -45.2384516255 -11.9972270901
107 19403 -0.016073455788 1.59919720884e-05 -45.1555054478 -12.0049620394
108 19749 -0.0162205344355 1.63694018765e-05 -45.0745918196 -11.9702568256
109 19346 -0.0163726447005 1.58312248929e-05 -44.9912676965 -11.9511111743
110 20015 -0.0165172740744 1.62230654068e-05 -44.9123766155 -12.0158582519
111 19900 -0.0166659120962 1.62184354312e-05 -44.8316371534 -12.0031588427
112 19795 -0.0168149014401 1.64370406344e-05 -44.7510487675 -12.0044979976
113 19259 -0.0169679868369 1.56170008257e-05 -44.6685991266 -11.9752671915
114 20364 -0.0171094331707 1.64832369722e-05 -44.5927353228 -12.013030682
115 19720 -0.0172611438448 1.64898226042e-05 -44.5117028227 -12.0019725177
116 19083 -0.0174154249439 1.58844838004e-05 -44.429652358 -11.9963319974
117 19637 -0.0175619331383 1.60894672791e-05 -44.3520649718 -11.9691657156
118 19791 -0.0177097537785 1.58051454556e-05 -44.2741055858 -11.9719630898
119 20530 -0.0178523233957 1.60222899161e-05 -44.1992210764 -11.9483615036
120 20832 -0.0179957997952 1.63060827583e-05 -44.1241613323 -11.9446370446
121 20539 -0.0181428574935 1.64756406353e-05 -44.0475395588 -11.9633428675
122 19904 -0.0182937927055 1.61414568445e-05 -43.9692234283 -11.9506703675
123 19954 -0.0184414820722 1.58816807193e-05 -43.8929091328 -11.9868922244
124 20539 -0.018584711349 1.59826518487e-05 -43.819197751 -11.9675617154
125 20925 -0.0187275138373 1.6533841432e-05 -43.745996674 -11.9864229459
126 20159 -0.0188780221517 1.68728263221e-05 -43.669157827 -11.957209957
127 18765 -0.0190372193028 1.51331367661e-05 -43.5882296734 -11.9338412821
128 20843 -0.0191726988856 1.6893039506e-05 -43.5196373288 -11.9536941629
129 19362 -0.0193296103018 1.58160847657e-05 -43.4405127904 -11.9682215004
130 20063 -0.0194739306347 1.61650125742e-05 -43.3680375568 -11.9474631343
131 20066 -0.0196214244602 1.65878160426e-05 -43.2942639452 -12.0077434317
132 19226 -0.0197760448129 1.55156812632e-05 -43.2172443344 -11.9614339733
133 20539 -0.01991597146 1.67432236965e-05 -43.1478233467 -11.9644761616
134 19372 -0.0200714529045 1.61686527783e-05 -43.0709947074 -11.9362282992
135 19367 -0.0202216157686 1.57619495533e-05 -42.9971015344 -11.9859209363
136 20179 -0.0203650286771 1.61364774023e-05 -42.9268101937 -11.893880034
137 20240 -0.0205116259424 1.62578639094e-05 -42.8552394378 -11.9432025272
138 20053 -0.0206600142392 1.58863997158e-05 -42.7830822426 -11.9510664398
139 20631 -0.0208029662251 1.63166921369e-05 -42.7138409644 -11.9610689281
140 20318 -0.0209509142865 1.60166919363e-05 -42.6424595835 -11.9529421595
141 20629 -0.0210950459198 1.6287580933e-05 -42.5731916742 -11.9517768479
142 20377 -0.0212425192715 1.62174548621e-05 -42.502594148 -11.9417752866
143 20271 -0.021389738237 1.58230153335e-05 -42.4323955962 -11.9015206133
144 20990 -0.0215308971067 1.61443388098e-05 -42.3653452773 -11.9310350725
145 21037 -0.0216747618019 1.6712576717e-05 -42.2972686917 -11.9360437734
146 19903 -0.0218278726633 1.61336669988e-05 -42.2251023777 -11.9480277243
147 19969 -0.0219754361276 1.59306988781e-05 -42.1558277383 -11.9290140465
148 20452 -0.0221194113822 1.59722800263e-05 -42.088498131 -11.9500457404
149 20859 -0.0222623491367 1.73496590004e-05 -42.0219068021 -11.941112313
150 18501 -0.0224272114423 1.46199487769e-05 -41.9454126599 -11.9192970944
151 21654 -0.0225556209438 1.67607809065e-05 -41.8860619065 -11.9380059451
152 20387 -0.0227073402344 1.58195919577e-05 -41.8161951479 -11.9665202805
153 21117 -0.0228480420232 1.594686463e-05 -41.7516501157 -11.9101555642
154 21592 -0.0229883062124 1.67950945364e-05 -41.6875421944 -11.9112173254
155 20258 -0.023140819248 1.62575930925e-05 -41.6181022334 -11.9413020172
156 20071 -0.0232891370976 1.58658430888e-05 -41.5508369551 -11.9359934252
157 20692 -0.0234316911972 1.64469811002e-05 -41.486430145 -11.9664753214
158 20111 -0.0235815877871 1.52859520563e-05 -41.4189629608 -11.9147815848
159 21993 -0.023714809247 1.66110364095e-05 -41.3592210297 -11.9449225801
160 21023 -0.023862881464 1.67083670553e-05 -41.2930609296 -11.9486819685
161 19898 -0.0240159720484 1.58811587299e-05 -41.2249244265 -11.9070331441
162 20482 -0.0241593942168 1.63872887034e-05 -41.1613348995 -11.9153255275
163 20028 -0.0243090567645 1.56829612182e-05 -41.0952286169 -11.9287908494
164 21035 -0.0244488145333 1.63194977463e-05 -41.0337266188 -11.904661633
165 20710 -0.0245953810032 1.60750249477e-05 -40.9694649772 -11.8971473777
166 20903 -0.0247390868031 1.61657079953e-05 -40.9066914893 -11.91516024
167 20904 -0.0248835979914 1.60452105052e-05 -40.8437984533 -11.9400637223
168 21162 -0.0250261542512 1.62462684419e-05 -40.7819831896 -11.8974924116
169 20991 -0.0251710852361 1.635245101e-05 -40.7193680198 -11.9339005351
170 20598 -0.0253183474137 1.5665928317e-05 -40.6559817375 -11.8813116032
171 21671 -0.0254558891197 1.67719826045e-05 -40.5969931788 -11.9149163431
172 20380 -0.0256077364383 1.62149558163e-05 -40.5321077046 -11.9258430511
173 20280 -0.0257549032252 1.60094394087e-05 -40.4694597289 -11.917625731
174 20605 -0.0258990514321 1.57872579761e-05 -40.4083221014 -11.8711278277
175 21413 -0.0260384916925 1.70431841825e-05 -40.3493923321 -11.8810461173
176 19591 -0.0261958695218 1.54558684732e-05 -40.2831298207 -11.9047992432
177 21057 -0.0263335328274 1.58887214944e-05 -40.2253823774 -11.9060119286
178 21659 -0.0264730720462 1.71591132338e-05 -40.1670511447 -11.9300993041
179 19585 -0.0266315463245 1.605136935e-05 -40.1010512054 -11.8549492434
180 19815 -0.0267789273652 1.56672211061e-05 -40.0399054199 -11.8797288419
181 20845 -0.0269191810446 1.63268246269e-05 -39.9819250423 -11.8548042427
182 20508 -0.0270665348179 1.62518766888e-05 -39.9212272584 -11.8905603597
183 20331 -0.0272138513163 1.55834143151e-05 -39.8607666744 -11.8471943998
184 21571 -0.0273509877253 1.61406402866e-05 -39.8046824281 -11.8710353861
185 21627 -0.0274928426137 1.67500542723e-05 -39.7468686116 -11.8861841372
186 20384 -0.0276444769571 1.59579093573e-05 -39.6852929797 -11.8583548484
187 20820 -0.0277874197952 1.60938940256e-05 -39.6274574746 -11.9061500994
188 20973 -0.0279310511699 1.60772570299e-05 -39.5695482298 -11.865697063
189 21163 -0.028073889104 1.5989209223e-05 -39.5121614605 -11.8991467804
190 21547 -0.0282146751167 1.63597611012e-05 -39.4557957312 -11.8871842597
191 21128 -0.0283601437916 1.66070778992e-05 -39.397759246 -11.9010997061
192 20204 -0.0285111504032 1.6022749384e-05 -39.3377315179 -11.8998235447
193 20500 -0.0286557872171 1.58050368715e-05 -39.2804431775 -11.853800627
194 21266 -0.0287958679945 1.66015691737e-05 -39.2251517298 -11.8607054776
195 20347 -0.028946291909 1.59708713522e-05 -39.1659873435 -11.8496304693
196 20755 -0.0290895751165 1.62143792717e-05 -39.109832335 -11.8498797614
197 20654 -0.029235396893 1.57646544226e-05 -39.0528825264 -11.8452051915
198 21514 -0.0293743126554 1.5425411727e-05 -38.9988166068 -11.8627395918
199 23196 -0.0295052177339 1.64497671827e-05 -38.9480344058 -11.8740718178
200 22538 -0.0296468366786 1.70212038098e-05 -38.8932764163 -11.8387255402
201 20666 -0.0297998680156 1.55803557148e-05 -38.8343155053 -11.858811128
202 21933 -0.0299358405398 1.62662330876e-05 -38.7821089965 -11.8642513597
203 21712 -0.0300785207563 1.66891625922e-05 -38.7275101412 -11.8613662054
204 20591 -0.0302288431496 1.56891437379e-05 -38.6701886566 -11.8895372503
205 21613 -0.0303667747051 1.5982624795e-05 -38.6177733015 -11.8600650145
206 22020 -0.0305059834648 1.60308919132e-05 -38.5650475447 -11.8692619177
207 22325 -0.0306446555338 1.63542113591e-05 -38.5126989438 -11.8601389031
208 21903 -0.0307874783427 1.65147960796e-05 -38.4589639594 -11.8554131545
209 21142 -0.0309342768078 1.59558607828e-05 -38.4039231304 -11.8923445367
210 21598 -0.0310746011942 1.62669792729e-05 -38.3514887884 -11.8485809212
211 21378 -0.0312183957258 1.56875955177e-05 -38.2979384523 -11.8641860786
212 22443 -0.0313537405941 1.65943301145e-05 -38.2477011055 -11.8745712927
213 21489 -0.0315000494259 1.63013057732e-05 -38.1935745987 -11.8254765604
214 21197 -0.0316447641336 1.62461869036e-05 -38.1402213353 -11.8087190968
215 21026 -0.03178957409 1.60817944503e-05 -38.087014706 -11.8065058729
216 21207 -0.0319323050087 1.62210871686e-05 -38.0347489847 -11.8370416366
217 21089 -0.0320766732119 1.58155094355e-05 -37.9820615964 -11.8367074677
218 21853 -0.0322149490018 1.5989223258e-05 -37.9317645463 -11.8056112749
219 22249 -0.0323534947758 1.63067533288e-05 -37.8815322774 -11.8588409905
220 21934 -0.0324958032066 1.63578150221e-05 -37.830104819 -11.8701469157
221 21512 -0.0326399514791 1.61400018308e-05 -37.7781862533 -11.853886145
222 21569 -0.0327819905437 1.59448388512e-05 -37.727197599 -11.809817516
223 22059 -0.0329207453621 1.64924499987e-05 -37.6775502726 -11.8457208338
224 21341 -0.0330666604889 1.63673805713e-05 -37.6255131938 -11.8740571273
225 20910 -0.0332129541627 1.61452061878e-05 -37.5735175109 -11.8071951798
226 20955 -0.0333571078907 1.60632350119e-05 -37.5224543131 -11.8275239057
227 21175 -0.0334997809664 1.55388461089e-05 -37.4720827917 -11.8049637479
228 22568 -0.0336334690223 1.64249977034e-05 -37.4250337019 -11.8050444207
229 21983 -0.0337766487258 1.60633586495e-05 -37.3748046102 -11.8396624001
230 22214 -0.0339159478687 1.62088245587e-05 -37.3260953381 -11.8262942095
231 22118 -0.0340568115983 1.62181910695e-05 -37.2769971482 -11.830891065
232 22002 -0.0341981294062 1.62258451282e-05 -37.2278997569 -11.8121790411
233 21869 -0.0343399411774 1.64704810607e-05 -37.1787901428 -11.8356522152
234 21204 -0.0344861306539 1.62790966764e-05 -37.1283308539 -11.8179792281
235 20963 -0.0346314523849 1.60152634544e-05 -37.0783376206 -11.8400395614
236 21287 -0.0347733263955 1.65746614527e-05 -37.0296898664 -11.8187370809
237 20423 -0.0349232277869 1.58784113875e-05 -36.9784598385 -11.812070109
238 21029 -0.035064750292 1.55876525242e-05 -36.9302531404 -11.8030764892
239 22302 -0.0351996572944 1.62566656642e-05 -36.8844436574 -11.8220370167
240 22098 -0.0353410003877 1.56605941808e-05 -36.8365985541 -11.8527683814
241 23262 -0.0354737107489 1.67262443677e-05 -36.7918145923 -11.798473321
242 21978 -0.0356195351749 1.65865234014e-05 -36.742759638 -11.810645358
243 21061 -0.0357672556427 1.57506404596e-05 -36.6932309497 -11.796771451
244 21969 -0.0359046024969 1.60242760484e-05 -36.6473278459 -11.844083097
245 22288 -0.0360433315466 1.66328274366e-05 -36.601106354 -11.7924649525
246 21258 -0.036190776315 1.54159623497e-05 -36.552138393 -11.8340815524
247 22942 -0.0363223233316 1.64306514062e-05 -36.5085865308 -11.838488928
248 22335 -0.0364644207962 1.65268708159e-05 -36.4616854103 -11.8143655268
249 21533 -0.0366099880295 1.64478446423e-05 -36.4137931115 -11.7827596599
250 20927 -0.0367569424099 1.59765539088e-05 -36.3656018367 -11.7783725888
251 21334 -0.0368983171352 1.56195042865e-05 -36.3193888621 -11.7861636162
252 22552 -0.0370327474725 1.63137932504e-05 -36.2755803744 -11.7912232523
253 22217 -0.0371742081938 1.59261154918e-05 -36.2296217241 -11.7818691293
254 22765 -0.0373106342361 1.67442417045e-05 -36.1854350386 -11.7916089241
255 21469 -0.0374583351564 1.61469398235e-05 -36.1377467019 -11.783677896
256 21511 -0.0376006275939 1.60941110784e-05 -36.09195155 -11.7906925274
257 21669 -0.0377419366581 1.60019685266e-05 -36.0466149262 -11.7795439049
258 22033 -0.0378812704276 1.65503845626e-05 -36.0020499997 -11.7986706388
259 21191 -0.0380282154841 1.55472911529e-05 -35.9551983832 -11.7781978169
260 22566 -0.0381619831104 1.64001355967e-05 -35.9126794922 -11.7890335309
261 22037 -0.0383047722876 1.62316192363e-05 -35.8674304541 -11.7661819363
262 21891 -0.0384465633495 1.61066809214e-05 -35.822637487 -11.8156149873
263 22024 -0.0385868394207 1.60054336058e-05 -35.7784595495 -11.8105392608
264 22386 -0.0387250999254 1.62921264923e-05 -35.7350485729 -11.770285436
265 22102 -0.0388667398561 1.58886084519e-05 -35.6907119918 -11.7809768751
266 22734 -0.03900293862 1.64188294124e-05 -35.6482073474 -11.7690644999
267 22159 -0.0391454964578 1.62063970225e-05 -35.6038527468 -11.7544966103
268 22069 -0.0392864964072 1.60817256928e-05 -35.5601176433 -11.7478654997
269 22259 -0.0394258126303 1.59459043973e-05 -35.5170358529 -11.7892497258
270 22762 -0.0395624164264 1.63382148246e-05 -35.4749187746 -11.7737041162
271 22368 -0.0397036086435 1.67451471081e-05 -35.431517475 -11.7431208422
272 21093 -0.0398526294348 1.56132867051e-05 -35.3858529333 -11.7507407485
273 22311 -0.0399877290477 1.64770120224e-05 -35.3445807866 -11.7814755514
274 21619 -0.0401325685571 1.56010756691e-05 -35.3004661941 -11.7744603333
275 22896 -0.0402658274328 1.61995114054e-05 -35.2599998431 -11.7724516923
276 22819 -0.0404044321348 1.65213989428e-05 -35.2180326932 -11.8177686647
277 22012 -0.0405483597083 1.62986702319e-05 -35.174585541 -11.7781894323
278 21718 -0.0406913026603 1.59803092823e-05 -35.131567799 -11.7777507369
279 22132 -0.0408301380574 1.58069475289e-05 -35.0899117405 -11.7368176227
280 22954 -0.0409649845907 1.62734103059e-05 -35.0495704099 -11.7730484356
281 22706 -0.0411045678325 1.60212849209e-05 -35.0079338799 -11.7631172058
282 23042 -0.041240980667 1.69549612133e-05 -34.9673623092 -11.7847511134
283 21271 -0.0413912348258 1.5696705649e-05 -34.9228099088 -11.776647266
284 22310 -0.0415270613342 1.6152578405e-05 -34.8826574917 -11.7688578428
285 22341 -0.0416667347711 1.62803902788e-05 -34.8414881304 -11.7637410642
286 22084 -0.0418083308287 1.66248923008e-05 -34.7998760035 -11.7965221147
287 21080 -0.0419563248288 1.49095547738e-05 -34.7565164261 -11.7415608298
288 23954 -0.042080833388 1.72329578276e-05 -34.7201423184 -11.7623926993
289 21498 -0.0422327409068 1.54688757249e-05 -34.6758927922 -11.7655991652
290 23076 -0.0423643543037 1.66614978782e-05 -34.6376689046 -11.7317891166
291 21946 -0.0425097206251 1.57311753535e-05 -34.5955733992 -11.761985311
292 22937 -0.0426439705424 1.65357698624e-05 -34.5568108074 -11.755089911
293 22093 -0.0427877570152 1.59025642175e-05 -34.5154153486 -11.7688889113
294 22692 -0.0429241998207 1.59805239428e-05 -34.4762490113 -11.7201408874
295 23124 -0.043060026255 1.60823474793e-05 -34.4373702748 -11.7449956983
296 23322 -0.0431961368817 1.64437184565e-05 -34.3985204926 -11.7319931747
297 22675 -0.0433372775218 1.63320739278e-05 -34.3583511223 -11.6892802935
298 22297 -0.0434786431395 1.61869813334e-05 -34.3182357218 -11.7547934187
299 22250 -0.0436188994569 1.61797095511e-05 -34.2785513108 -11.7532688019
300 22220 -0.0437591889917 1.57103441297e-05 -34.2389727883 -11.7379246354
301 23273 -0.0438922909939 1.54977884919e-05 -34.2015281561 -11.7534639812
302 24908 -0.0440192087738 1.69827657077e-05 -34.165919154 -11.7506154502
303 22929 -0.044164166296 1.66864506494e-05 -34.1253628011 -11.7399706904
304 21751 -0.0443104011044 1.59700380746e-05 -34.0845717558 -11.7267362681
305 22188 -0.0444489697089 1.55475443414e-05 -34.046032329 -11.7305574007
306 23627 -0.0445797012348 1.66086350708e-05 -34.0097731432 -11.7365072235
307 22590 -0.0447225234844 1.64320760111e-05 -33.9702716425 -11.7012654755
308 21989 -0.0448657465211 1.52213968193e-05 -33.930775324 -11.7434178738
309 24205 -0.0449921977482 1.65205689886e-05 -33.896000311 -11.741062278
310 23350 -0.0451319309698 1.61454021916e-05 -33.8576771252 -11.7019775092
311 23399 -0.0452683481423 1.64070982744e-05 -33.8203687816 -11.7336124088
312 22834 -0.0454086817258 1.58586877347e-05 -33.7820975405 -11.7155657245
313 23558 -0.0455422242287 1.66148164021e-05 -33.7457798033 -11.7280774479
314 22510 -0.0456853535607 1.62454013668e-05 -33.7069642682 -11.7211725305
315 22330 -0.0458258643166 1.56002684743e-05 -33.6689685157 -11.7018157147
316 23651 -0.0459569723476 1.67933665421e-05 -33.6336129365 -11.7232752389
317 22194 -0.0461026677759 1.60793207265e-05 -33.5944336415 -11.7118984667
318 22391 -0.0462415533931 1.58882036972e-05 -33.5571929779 -11.7089075344
319 23032 -0.0463768641175 1.62451936991e-05 -33.5210112691 -11.7279985912
320 22848 -0.0465157702326 1.66393911305e-05 -33.4839708015 -11.6840771167
321 21777 -0.0466615028195 1.51576262781e-05 -33.4452213081 -11.7399735258
322 24128 -0.0467876254696 1.63397753382e-05 -33.41177762 -11.7317458113
323 23707 -0.0469247866317 1.6240990982e-05 -33.3755029903 -11.725972518
324 23528 -0.0470616363587 1.59499912784e-05 -33.3394101378 -11.6657632633
325 24050 -0.0471945668122 1.63769026514e-05 -33.3044456504 -11.7004093068
326 23541 -0.0473325218911 1.61770251118e-05 -33.2682578223 -11.7071514835
327 23515 -0.0474688692154 1.60393086535e-05 -33.2325896982 -11.713854727
328 23820 -0.0476031885835 1.61353693003e-05 -33.1975469282 -11.7418376626
329 23895 -0.0477381005797 1.6467076753e-05 -33.1624439284 -11.7052071911
330 23177 -0.0478779022358 1.59906449126e-05 -33.1261680731 -11.7047739521
331 23594 -0.048012454236 1.66432278759e-05 -33.0913495568 -11.6875457685
332 22480 -0.0481559253856 1.57222121392e-05 -33.0543253977 -11.6728514985
333 23517 -0.0482884352711 1.62675560186e-05 -33.0202234064 -11.7255145497
334 23276 -0.0484262470321 1.58352193483e-05 -32.9848518217 -11.6939346455
335 24071 -0.0485581624594 1.64120249672e-05 -32.9510838787 -11.7177808552
336 23478 -0.04869659943 1.64571175102e-05 -32.9157410981 -11.705962204
337 22795 -0.0488374806918 1.58535082238e-05 -32.8798733155 -11.6831824084
338 23530 -0.0489710585939 1.64172486846e-05 -32.8459568243 -11.6592626801
339 22938 -0.0491111596595 1.57574323551e-05 -32.8104797639 -11.6715234682
340 23910 -0.0492428692834 1.60207213136e-05 -32.7772166409 -11.725689987
341 24266 -0.0493757947092 1.64088163916e-05 -32.743733593 -11.6578573077
342 23676 -0.0495136249393 1.60225677958e-05 -32.709107127 -11.6753160765
343 24024 -0.0496472335463 1.62244452737e-05 -32.6756303669 -11.6731830582
344 23882 -0.0497829249678 1.63531368954e-05 -32.6417211914 -11.6647439589
345 23433 -0.0499209970129 1.60024749285e-05 -32.607309267 -11.7101364969
346 23826 -0.0500549914541 1.62189798249e-05 -32.5740021534 -11.6817699622
347 23699 -0.0501911618651 1.64871323634e-05 -32.5402431595 -11.67740209
348 22940 -0.0503318544053 1.60767562894e-05 -32.5054569192 -11.6740412465
349 23149 -0.0504684235436 1.6387431117e-05 -32.4717810773 -11.6990298923
350 22635 -0.0506092032672 1.64402387731e-05 -32.4371603149 -11.6694539834
351 22015 -0.050752414205 1.57809822478e-05 -32.4020385056 -11.6765351082
352 22893 -0.0508872185957 1.57696720152e-05 -32.3690672453 -11.655314828
353 23833 -0.0510192420695 1.69385542082e-05 -32.3368593789 -11.6810396925
354 22038 -0.0511667161325 1.55323266209e-05 -32.3009792454 -11.6800510898
355 23504 -0.0512976620686 1.60034903619e-05 -32.2692058256 -11.7001534484
356 23895 -0.0514314693601 1.64414880049e-05 -32.2368208229 -11.6998092575
357 23237 -0.0515708727807 1.59905134343e-05 -32.2031699885 -11.6541362077
358 23655 -0.0517052489543 1.6065436736e-05 -32.1708179275 -11.6820790315
359 23898 -0.0518395664015 1.62671466008e-05 -32.1385633008 -11.6833797127
360 23655 -0.0519762689194 1.58061705374e-05 -32.1058211119 -11.6622596906
361 24536 -0.0521066907086 1.65870898394e-05 -32.0746630442 -11.6751278121
362 23511 -0.0522465077731 1.61329557488e-05 -32.0413466362 -11.6641869917
363 23590 -0.052382266496 1.61870433205e-05 -32.0090823113 -11.6601579422
364 23540 -0.0525186257785 1.60581278794e-05 -31.9767592748 -11.6566359882
365 23800 -0.0526531597501 1.62926860785e-05 -31.9449511211 -11.6416866411
366 23497 -0.0527905363363 1.61513020644e-05 -31.9125548178 -11.6719304434
367 23533 -0.052926616541 1.62289109383e-05 -31.8805475267 -11.6646766139
368 23384 -0.0530637850152 1.56195102442e-05 -31.8483678439 -11.6145902798
369 24719 -0.0531921877666 1.63205849602e-05 -31.8183203523 -11.6323890308
370 24335 -0.0533274085093 1.61591632992e-05 -31.7867562819 -11.6735392686
371 24352 -0.0534612436127 1.6545234283e-05 -31.75559506 -11.6363190502
372 23434 -0.0536009370206 1.6050520694e-05 -31.7231537695 -11.6853215912
373 23711 -0.0537356590222 1.58476422698e-05 -31.6919479048 -11.6444052643
374 24490 -0.0538665438751 1.64234913301e-05 -31.6617066379 -11.6755376959
375 23859 -0.0540039672459 1.59030966674e-05 -31.6300347197 -11.6294631526
376 24505 -0.0541352713044 1.60910906664e-05 -31.5998494772 -11.6564204099
377 24693 -0.0542676215921 1.6476806152e-05 -31.569498955 -11.6530813183
378 23927 -0.0544052948771 1.63182424262e-05 -31.5380076212 -11.6924424367
379 23561 -0.054542699297 1.59579632671e-05 -31.5066586753 -11.6791621117
380 24064 -0.0546756568158 1.64087749117e-05 -31.476400934 -11.6767901035
381 23479 -0.0548140636889 1.61129540254e-05 -31.4449828351 -11.6219967391
382 23606 -0.0549496088293 1.60294829025e-05 -31.4142929222 -11.6551946804
383 23936 -0.0550835201275 1.60794161604e-05 -31.384049013 -11.5837435192
384 24148 -0.0552172578603 1.59525958951e-05 -31.3539194893 -11.6105508142
385 24677 -0.0553485095028 1.68298666304e-05 -31.3244228409 -11.6305801768
386 23071 -0.0554917186775 1.51241470695e-05 -31.2923208863 -11.6870030157
387 25649 -0.0556137743529 1.7018763629e-05 -31.2650279908 -11.6414605954
388 23525 -0.055757186807 1.56178364764e-05 -31.2330383008 -11.6604691859
389 24872 -0.0558851795744 1.66422612566e-05 -31.2045597803 -11.662096983
390 23700 -0.0560249011604 1.55750064933e-05 -31.1735484422 -11.6691914346
391 25167 -0.0561517942511 1.60690792981e-05 -31.1454536653 -11.6173083626
392 25416 -0.0562820680027 1.70313815925e-05 -31.1166787365 -11.638645579
393 23281 -0.0564263353605 1.51254369701e-05 -31.0848933981 -11.6921557703
394 25879 -0.0565478576514 1.65078168042e-05 -31.0581847248 -11.6513694059
395 24998 -0.0566828043666 1.60774217391e-05 -31.0285954178 -11.5687915179
396 25224 -0.0568136409776 1.66348817231e-05 -30.9999772483 -11.6200469333
397 24053 -0.0569522708426 1.61985513506e-05 -30.9697292917 -11.6439458276
398 23974 -0.0570874862729 1.60927939405e-05 -30.940300259 -11.6252569996
399 24153 -0.0572213199771 1.63841943336e-05 -30.9112435738 -11.6046082964
400 23625 -0.0573590928167 1.55597852946e-05 -30.88140582 -11.6692009658
401 25126 -0.0574859647505 1.62244171015e-05 -30.8539952013 -11.6299579562
402 24978 -0.0576186467474 1.61432429181e-05 -30.8253970851 -11.5991885961
403 25036 -0.0577505112767 1.64353922321e-05 -30.7970435668 -11.6197242947
404 24362 -0.0578866084764 1.61621512074e-05 -30.7678511926 -11.6475701267
405 24372 -0.0580204144115 1.57669166683e-05 -30.7392205952 -11.6123959454
406 25380 -0.0581483290513 1.63639853067e-05 -30.711915509 -11.6221911531
407 24876 -0.0582824270328 1.62443821264e-05 -30.6833584261 -11.6552119208
408 24679 -0.0584160734563 1.59765136761e-05 -30.6549664346 -11.6208422322
409 25159 -0.0585462580229 1.63435509102e-05 -30.6273758124 -11.6180747622
410 24710 -0.0586806361641 1.62385049415e-05 -30.5989644269 -11.6249663131
411 24529 -0.0588146422772 1.62891750566e-05 -30.5707002479 -11.5605724016
412 24225 -0.0589499088033 1.60538487887e-05 -30.5422394016 -11.5903618813
413 24503 -0.0590824629268 1.60525058036e-05 -30.5144164436 -11.6297149919
414 24787 -0.0592142429478 1.59696792539e-05 -30.4868216583 -11.5852725878
415 25286 -0.0593440429816 1.66658014349e-05 -30.4597052891 -11.5990030472
416 24037 -0.0594829777374 1.61840227343e-05 -30.4307505133 -11.6203155405
417 23994 -0.0596180172754 1.58202414297e-05 -30.4026765588 -11.6207022275
418 24852 -0.0597477223918 1.61750706277e-05 -30.3757754486 -11.5892564904
419 24830 -0.0598803954873 1.60843042265e-05 -30.3483232735 -11.6093593337
420 25037 -0.0600117760497 1.63148821461e-05 -30.3212026021 -11.6157238071
421 24662 -0.0601460495241 1.65129806501e-05 -30.2935503875 -11.5710965252
422 23810 -0.0602843652155 1.59516537111e-05 -30.2651348527 -11.5932957913
423 24334 -0.0604165310521 1.60631184244e-05 -30.2380480584 -11.5903770654
424 24590 -0.0605489266005 1.5467215874e-05 -30.2109779585 -11.6056425173
425 26399 -0.0606719638458 1.68848669142e-05 -30.1858783202 -11.5753825877
426 24544 -0.060811263769 1.60736626714e-05 -30.1575271727 -11.6118778428
427 24776 -0.0609432488505 1.59344237194e-05 -30.1307293115 -11.5626838134
428 25366 -0.0610725594358 1.61741991076e-05 -30.1045351513 -11.6203897084
429 25345 -0.0612038685698 1.59593686811e-05 -30.0779973981 -11.5859281283
430 25883 -0.061332081801 1.64804261327e-05 -30.0521446835 -11.5907347825
431 25071 -0.0614666072391 1.63879447531e-05 -30.0250820167 -11.6085643953
432 24513 -0.0616018908919 1.62715422923e-05 -29.9979314817 -11.6181946216
433 24252 -0.0617369342507 1.5569150368e-05 -29.9708936183 -11.5541070863
434 25768 -0.0618622904338 1.61427321257e-05 -29.9458527139 -11.5979749882
435 25829 -0.0619921103924 1.62188442697e-05 -29.9199782206 -11.5796444292
436 25691 -0.0621228923714 1.6717217637e-05 -29.8939715489 -11.6153689154
437 24295 -0.0622615137281 1.57615509568e-05 -29.8664710178 -11.5679671317
438 25314 -0.0623895524093 1.63756250375e-05 -29.8411292026 -11.5907879604
439 24782 -0.0625239999387 1.62015758339e-05 -29.8145799714 -11.5962640553
440 24693 -0.0626572570583 1.6064572768e-05 -29.7883273062 -11.548284046
441 24949 -0.0627887082656 1.5929171998e-05 -29.7624901991 -11.5654014668
442 25557 -0.0629174929297 1.61877265965e-05 -29.7372345928 -11.5597306446
443 25501 -0.0630485097719 1.65756078945e-05 -29.7115993271 -11.5708971042
444 24464 -0.0631854811813 1.6331858851e-05 -29.6848613964 -11.5642263732
445 24056 -0.0633215765205 1.55821455094e-05 -29.6583574693 -11.5308514064
446 25526 -0.0634476306459 1.61586935793e-05 -29.6338648394 -11.5992266363
447 25545 -0.0635782992817 1.63408998952e-05 -29.6085320732 -11.5601962029
448 25096 -0.0637116187345 1.62493602358e-05 -29.5827444475 -11.5715495234
449 24885 -0.0638447524645 1.5978126423e-05 -29.5570520687 -11.5653743884
450 25365 -0.0639744207742 1.58301799977e-05 -29.5320852492 -11.5779594637
451 26245 -0.0641007148425 1.64398897537e-05 -29.5078218201 -11.5715229444
452 25526 -0.064233707065 1.63409024594e-05 -29.4823286475 -11.6079501572
453 25078 -0.0643670761642 1.569439603e-05 -29.4568218571 -11.5617918729
454 26309 -0.064492135803 1.6342915227e-05 -29.4329574075 -11.580421244
455 25842 -0.0646235348613 1.65075660923e-05 -29.4079384879 -11.5738727833
456 24963 -0.0647585743813 1.62197713153e-05 -29.3822852024 -11.5627089203
457 24828 -0.0648916193819 1.61634485614e-05 -29.3570689 -11.5719841526
458 24835 -0.0650241830231 1.57261642431e-05 -29.3320009802 -11.5251826013
459 25970 -0.0651503107893 1.64673436561e-05 -29.3082028761 -11.5887670427
460 25189 -0.0652844151114 1.62742369207e-05 -29.2829560074 -11.5647321805
461 24914 -0.0654176743339 1.63700725208e-05 -29.2579255005 -11.5387149441
462 24404 -0.0655531127639 1.58335132841e-05 -29.232543957 -11.5547152969
463 25242 -0.0656819183903 1.66411581021e-05 -29.2084597564 -11.5245266574
464 24055 -0.0658205952202 1.48480930309e-05 -29.1825888478 -11.5262785935
465 27506 -0.0659363066191 1.63956804483e-05 -29.1610489492 -11.5292489126
466 26873 -0.066065575132 1.67374547849e-05 -29.1370354337 -11.5835128489
467 25360 -0.0662014169494 1.6229381292e-05 -29.111857586 -11.5601294765
468 25198 -0.0663335590723 1.57946919327e-05 -29.0874210886 -11.5507473265
469 26167 -0.0664597592295 1.63493480149e-05 -29.0641344586 -11.581705934
470 25685 -0.0665916092047 1.6104887749e-05 -29.0398584132 -11.5392036172
471 25845 -0.0667210850452 1.65311385172e-05 -29.016072124 -11.5353515519
472 24906 -0.0668564712579 1.55649510999e-05 -28.9912556256 -11.5806262
473 26474 -0.066980110885 1.63060672352e-05 -28.9686417906 -11.5198087396
474 26101 -0.0671105604724 1.63298007244e-05 -28.9448334687 -11.531239351
475 25671 -0.0672422885481 1.5751014346e-05 -28.920844846 -11.550471032
476 26776 -0.0673666985724 1.64871645502e-05 -28.8982376728 -11.5327768769
477 25918 -0.0674990610197 1.60364218522e-05 -28.8742372853 -11.5034890309
478 26262 -0.067626960443 1.60394432986e-05 -28.8510967804 -11.5337946227
479 26602 -0.0677540628709 1.67017322006e-05 -28.8281496174 -11.5333445013
480 25196 -0.0678900569909 1.57342731916e-05 -28.8036512191 -11.5353186057
481 26326 -0.0680153941299 1.61034387605e-05 -28.7811219498 -11.5147171316
482 26494 -0.0681432630734 1.61205570537e-05 -28.7581862144 -11.5423186164
483 26617 -0.0682709723393 1.63857718157e-05 -28.7353279862 -11.5212103757
484 26031 -0.0684022364959 1.66128602395e-05 -28.7118842136 -11.5010920396
485 24878 -0.0685383678689 1.63822063678e-05 -28.6876253068 -11.4970345835
486 24339 -0.0686740882084 1.53476922992e-05 -28.6634943535 -11.5210054698
487 26450 -0.068796058717 1.60054216631e-05 -28.6418545618 -11.5077919678
488 26885 -0.0689222219507 1.6331238457e-05 -28.6195170289 -11.5187421058
489 26439 -0.0690520360317 1.58338377369e-05 -28.5965819134 -11.5356860549
490 27346 -0.0691757899291 1.67969491615e-05 -28.5747634419 -11.5225115012
491 25652 -0.0693113386038 1.60392945472e-05 -28.5509167952 -11.5026565073
492 25985 -0.0694399412257 1.56614475889e-05 -28.5283415778 -11.5396257845
493 27352 -0.0695623358814 1.69798322243e-05 -28.5069006859 -11.5146291254
494 25186 -0.0697006211929 1.58238319263e-05 -28.482728223 -11.5141870538
495 26077 -0.0698272715979 1.6323080879e-05 -28.4606379277 -11.5336738697
496 25665 -0.0699589611561 1.61819468684e-05 -28.4377175917 -11.5077233072
497 25624 -0.0700896170465 1.60917543204e-05 -28.4150262636 -11.5171533638
498 25818 -0.0702190549046 1.589934188e-05 -28.392594547 -11.4765479556
499 26527 -0.0703452253465 1.62413239996e-05 -28.3707749857 -11.5161168412
500 26326 -0.0704746015515 1.64819088448e-05 -28.348447947 -11.5020881211
501 25496 -0.0706080123561 1.58147924543e-05 -28.3254742364 -11.5280760537
502 26422 -0.0707337607983 1.61273505174e-05 -28.303865966 -11.5072820421
503 26526 -0.0708617419502 1.6113168815e-05 -28.2819196872 -11.5047222394
504 26669 -0.0709892678479 1.63794261109e-05 -28.2600971469 -11.5120913239
505 26098 -0.0711203110087 1.57963307582e-05 -28.2377200708 -11.5094888049
506 27097 -0.0712443392334 1.63529465608e-05 -28.2165849445 -11.4924643656
507 26588 -0.071373959005 1.60528947809e-05 -28.1945426473 -11.4931217466
508 26895 -0.0715004720953 1.64638146909e-05 -28.1730735193 -11.4956947622
509 26095 -0.0716321983019 1.57060238875e-05 -28.1507666865 -11.5073326486
510 27343 -0.0717549600866 1.63718797528e-05 -28.1300209041 -11.5034585061
511 26778 -0.0718842689535 1.57243632791e-05 -28.1082134358 -11.4953403442
512 28007 -0.0720057096482 1.68964558255e-05 -28.0877745611 -11.5127252035
513 26008 -0.0721411239005 1.62443447109e-05 -28.0650313236 -11.5054852164
514 25803 -0.0722718289339 1.56875233503e-05 -28.0431263041 -11.4921233847
515 27088 -0.0723950221061 1.64210864947e-05 -28.0225226015 -11.4870517483
516 26397 -0.0725256542222 1.60158798989e-05 -28.0007195625 -11.4759484955
517 26803 -0.0726520936673 1.62097795268e-05 -27.9796600881 -11.5089329728
518 26685 -0.0727803466547 1.57969992708e-05 -27.9583424283 -11.4753395669
519 27704 -0.0729030125019 1.64728060317e-05 -27.9379946572 -11.484052253
520 26856 -0.0730329312514 1.6059465684e-05 -27.9164875909 -11.508673742
521 27148 -0.0731589050409 1.63481748622e-05 -27.8956764949 -11.5054207741
522 26651 -0.0732883338919 1.61737355433e-05 -27.8743384881 -11.5374724846
523 26631 -0.0734164316459 1.6022859723e-05 -27.8532635798 -11.4636474714
524 27021 -0.0735424138528 1.60255051287e-05 -27.8325789532 -11.5035134968
525 27410 -0.0736675210368 1.67417739752e-05 -27.8120793117 -11.488827742
526 25856 -0.0738020897744 1.56027985296e-05 -27.790075156 -11.4591888685
527 27378 -0.0739239660753 1.63431688847e-05 -27.7701872817 -11.4812575213
528 26891 -0.0740527779472 1.65601578606e-05 -27.7492097479 -11.4674663944
529 25838 -0.0741859336868 1.56589573881e-05 -27.7275701318 -11.4728285626
530 27204 -0.0743086409733 1.58957952459e-05 -27.7076692126 -11.4561634441
531 27961 -0.074431505764 1.64477441927e-05 -27.6877817291 -11.5009042528
532 27174 -0.0745604653387 1.61137353015e-05 -27.6669495482 -11.4665256397
533 27319 -0.0746864696017 1.64137364987e-05 -27.6466360326 -11.4584269107
534 26642 -0.0748164415818 1.62656999306e-05 -27.6257254739 -11.4717351393
535 26374 -0.0749458919789 1.55904811801e-05 -27.6049417062 -11.4244626325
536 27962 -0.0750663947542 1.63045028146e-05 -27.5856328569 -11.4689089737
537 27572 -0.0751933037033 1.68685715726e-05 -27.5653373639 -11.4684129397
538 25676 -0.0753293643308 1.60025706673e-05 -27.5436235997 -11.5020061749
539 26106 -0.0754573736988 1.5771688183e-05 -27.5232373776 -11.4603284801
540 27173 -0.0755810345812 1.6411175296e-05 -27.5035828264 -11.4802410056
541 26506 -0.0757113180049 1.60315602445e-05 -27.4829171913 -11.4803490041
542 26871 -0.0758377212991 1.607668138e-05 -27.4629076014 -11.4710566474
543 27116 -0.0759639051239 1.57561324044e-05 -27.4429724958 -11.4639511591
544 28269 -0.0760850257097 1.65553934255e-05 -27.4238745469 -11.4602270118
545 27175 -0.0762148267806 1.60210440868e-05 -27.4034482624 -11.4421012027
546 27578 -0.0763395160087 1.61472922243e-05 -27.3838656355 -11.4217989865
547 27631 -0.0764650679948 1.62102153312e-05 -27.3641862371 -11.4822450689
548 27508 -0.0765913909186 1.62667788681e-05 -27.344425105 -11.4758530928
549 27229 -0.0767188027816 1.64084561529e-05 -27.324533245 -11.4775365967
550 26568 -0.0768489126579 1.5896474401e-05 -27.3042611057 -11.4779288272
551 27305 -0.0769732489546 1.59296461173e-05 -27.2849270802 -11.446987564
552 27969 -0.0770963588636 1.65845343859e-05 -27.2658207633 -11.4410578236
553 26807 -0.077227277181 1.58034868464e-05 -27.245542889 -11.4969455272
554 27812 -0.077349754193 1.62340277302e-05 -27.2266099714 -11.4582809413
555 27621 -0.0774760027663 1.62291911341e-05 -27.2071318529 -11.4652862948
556 27445 -0.0776026182817 1.64204481629e-05 -27.1876355724 -11.4728535307
557 26746 -0.0777323887508 1.5885301553e-05 -27.1676933341 -11.4354047117
558 27520 -0.077856153285 1.58529965062e-05 -27.1487115148 -11.4468853273
559 28409 -0.0779777172615 1.70494276159e-05 -27.1301027054 -11.441557419
560 25975 -0.0781144431703 1.59237107558e-05 -27.1092148602 -11.4473368312
561 26622 -0.0782405804926 1.5718440989e-05 -27.0899839019 -11.4398567295
562 27860 -0.0783622939788 1.66534834628e-05 -27.0714630116 -11.4499614914
563 26517 -0.0784944747008 1.62573652548e-05 -27.0513888431 -11.4592997378
564 26273 -0.0786241085462 1.544361149e-05 -27.0317412982 -11.4423425164
565 28274 -0.0787428155599 1.63975664676e-05 -27.0137843423 -11.4517087381
566 27618 -0.0788703432039 1.65366084909e-05 -26.9945297225 -11.4315624099
567 26600 -0.0790013912999 1.55645305297e-05 -26.9747830017 -11.4382906863
568 28276 -0.0791210234312 1.64296929542e-05 -26.9567912704 -11.4274304082
569 27530 -0.0792490047375 1.62837677058e-05 -26.9375805554 -11.4600091325
570 27204 -0.0793766086075 1.5873690909e-05 -26.9184641252 -11.4439253212
571 28024 -0.0794991649143 1.68017456445e-05 -26.900139148 -11.4605888834
572 26275 -0.0796331346489 1.58247620252e-05 -26.8801470284 -11.428916962
573 27202 -0.0797571458349 1.61451390963e-05 -26.8616776081 -11.4308153804
574 27260 -0.0798835319002 1.62324467836e-05 -26.8428905882 -11.4501997146
575 27077 -0.0800110296554 1.59530910573e-05 -26.8239751381 -11.4431301369
576 27669 -0.0801349861982 1.63037371513e-05 -26.8056204145 -11.4240383976
577 27286 -0.0802625543816 1.58672172608e-05 -26.7867671944 -11.4630058695
578 28127 -0.0803848362871 1.62097302074e-05 -26.7687296917 -11.4167263272
579 28003 -0.0805100336204 1.6291698982e-05 -26.7502969928 -11.4542087629
580 27649 -0.0806366677769 1.60761392766e-05 -26.7316885234 -11.402637484
581 27903 -0.0807610560089 1.60640380522e-05 -26.7134450121 -11.4049890985
582 28194 -0.0808847076306 1.61900086179e-05 -26.6953437489 -11.4239732773
583 28126 -0.0810094790788 1.60096135657e-05 -26.6771130357 -11.4260528979
584 28576 -0.0811318836951 1.65816279178e-05 -26.6592617115 -11.4422251518
585 27397 -0.0812613623134 1.57041894666e-05 -26.6404148042 -11.430185262
586 28713 -0.0813811464025 1.65059057308e-05 -26.6230119733 -11.429452745
587 27740 -0.0815092332145 1.58907994107e-05 -26.6044378112 -11.4280073046
588 28526 -0.0816308361115 1.67632263297e-05 -26.5868372109 -11.4385965358
589 26850 -0.0817630589941 1.55118831332e-05 -26.5677362121 -11.4429003188
590 28695 -0.081881412889 1.66916307789e-05 -26.5506710952 -11.4047901125
591 27206 -0.0820122072562 1.54677401273e-05 -26.5318476789 -11.4166532694
592 29206 -0.082129186771 1.68302750871e-05 -26.5150438953 -11.4258563902
593 27304 -0.0822608306022 1.56588591379e-05 -26.4961690417 -11.4495207829
594 28747 -0.0823801969122 1.61662543995e-05 -26.479086853 -11.4153103444
595 28747 -0.0825034325272 1.64910113657e-05 -26.4614831165 -11.4341747916
596 27815 -0.0826312315105 1.60628425228e-05 -26.4432619562 -11.3998488416
597 28108 -0.0827550618496 1.61823420931e-05 -26.4256399863 -11.4166327318
598 28062 -0.0828799162838 1.58670198732e-05 -26.4079054255 -11.3999258493
599 28927 -0.0830004928937 1.67781954991e-05 -26.3908100009 -11.4030939092
600 27186 -0.0831320131099 1.56951564513e-05 -26.3721981872 -11.4215803716
601 28518 -0.083252136833 1.60212427146e-05 -26.355231132 -11.3891411323
602 28941 -0.0833738573933 1.57365095286e-05 -26.3380696141 -11.4088315387
603 30231 -0.0834908342301 1.66383240728e-05 -26.3216063272 -11.3892606431
604 28817 -0.0836175128051 1.62479937159e-05 -26.3038100431 -11.4059953841
605 28579 -0.0837417350407 1.68365236262e-05 -26.2863914869 -11.3833139841
606 26701 -0.0838749066932 1.56814876959e-05 -26.2677538458 -11.3765611103
607 28048 -0.0839959268365 1.61455091741e-05 -26.2508488831 -11.4423994901
608 28107 -0.0841203974334 1.6307060745e-05 -26.2334936849 -11.4096276606
609 27708 -0.0842470148913 1.62619184891e-05 -26.2158720893 -11.3878322825
610 27440 -0.0843738968665 1.61832359007e-05 -26.1982469192 -11.3601991596
611 27393 -0.0845002746023 1.58881381837e-05 -26.1807247781 -11.4009150435
612 28177 -0.0846226082512 1.62223425631e-05 -26.1637946168 -11.3778084102
613 28017 -0.084747871901 1.64092542746e-05 -26.1464907541 -11.4054296235
614 27335 -0.0848761504373 1.55011631223e-05 -26.1288036645 -11.4173234317
615 29245 -0.0849933047264 1.62713526657e-05 -26.1126797055 -11.4066475743
616 28935 -0.0851169382971 1.62124452931e-05 -26.095694273 -11.4343953182
617 28799 -0.0852404128884 1.57259365023e-05 -26.0787616267 -11.3768070763
618 30115 -0.0853575360449 1.63011617712e-05 -26.0627284872 -11.4280238885
619 29705 -0.0854797785756 1.64206682727e-05 -26.0460240718 -11.4214882039
620 28948 -0.0856045178986 1.64071887917e-05 -26.0290094727 -11.4007114045
621 28249 -0.085730687686 1.59132999541e-05 -26.0118315281 -11.3899971789
622 28983 -0.0858514986259 1.60999307803e-05 -25.9954130543 -11.3602062232
623 29178 -0.085973317315 1.63882458303e-05 -25.9788871325 -11.3657382371
624 28528 -0.0860987232236 1.58220769626e-05 -25.961905439 -11.3710066372
625 29542 -0.0862177003959 1.66738085579e-05 -25.9458231613 -11.4072478923
626 28060 -0.0863463522069 1.56581180409e-05 -25.9284647067 -11.3871961373
627 29546 -0.0864640895315 1.64959094838e-05 -25.912607557 -11.3486116653
628 28574 -0.0865902174262 1.60648738451e-05 -25.8956506513 -11.385784217
629 28869 -0.0867124201151 1.62775168537e-05 -25.8792512818 -11.401409428
630 28545 -0.0868369422736 1.64530562635e-05 -25.862570757 -11.3551206214
631 27726 -0.0869646514597 1.60420938671e-05 -25.8454947992 -11.3416890015
632 28077 -0.0870883898097 1.57232122206e-05 -25.8289801154 -11.3947592848
633 29369 -0.0872069723559 1.62231170299e-05 -25.813181491 -11.3755890783
634 29200 -0.0873296783147 1.63918126766e-05 -25.7968622253 -11.35668749
635 28539 -0.0874550869383 1.57090000999e-05 -25.7802136205 -11.3492988359
636 29895 -0.0875725146041 1.65054398931e-05 -25.7646520417 -11.3722612702
637 28884 -0.087698037199 1.64422990544e-05 -25.7480470677 -11.3804825967
638 28086 -0.0878248425449 1.56414421496e-05 -25.7313031166 -11.394885269
639 29623 -0.0879423004476 1.64200170408e-05 -25.7158209128 -11.3746940413
640 28870 -0.0880672032193 1.59727832962e-05 -25.6993863032 -11.3758271229
641 29442 -0.0881875172383 1.62011404702e-05 -25.6835835798 -11.3794851455
642 29338 -0.0883097685932 1.66136776498e-05 -25.6675545685 -11.3925443422
643 28036 -0.0884380098494 1.6094701294e-05 -25.6507706297 -11.3506697235
644 28240 -0.0885617957636 1.61322554851e-05 -25.6345992812 -11.3516537166
645 28337 -0.0886856573579 1.55263695944e-05 -25.6184469597 -11.3666983194
646 30240 -0.0888010566244 1.64881365838e-05 -25.6034241387 -11.3606454533
647 29268 -0.0889256209705 1.62426129435e-05 -25.587236229 -11.3734833291
648 29042 -0.0890488079523 1.6219389535e-05 -25.5712558667 -11.3586140347
649 28886 -0.0891721511074 1.60529389945e-05 -25.5552836169 -11.3988818326
650 29220 -0.0892935282101 1.63313576237e-05 -25.5395936037 -11.3682611332
651 28734 -0.0894180491849 1.57203807899e-05 -25.5235256159 -11.344490018
652 30064 -0.0895352302364 1.70437926442e-05 -25.5084309851 -11.3534989917
653 27504 -0.0896680576832 1.56725145721e-05 -25.4913515385 -11.3501125869
654 28918 -0.089787175548 1.54660783353e-05 -25.476062566 -11.3764296102
655 31049 -0.089900617756 1.68536321882e-05 -25.4615263139 -11.368289123
656 28958 -0.0900286234137 1.62825830321e-05 -25.4451522582 -11.3832606302
657 28618 -0.0901530247303 1.60062541071e-05 -25.4292679639 -11.3542338262
658 29086 -0.0902743264471 1.57856596257e-05 -25.4138066218 -11.3368127181
659 30232 -0.0903916683873 1.65623367948e-05 -25.3988754707 -11.3575420125
660 29041 -0.0905172815188 1.60610134585e-05 -25.3829195423 -11.3505790389
661 29353 -0.0906384448046 1.6376260348e-05 -25.3675559125 -11.3441823486
662 28734 -0.0907633089668 1.61803729387e-05 -25.3517507384 -11.2928721525
663 28693 -0.0908867685089 1.53001259015e-05 -25.3361509636 -11.3610247042
664 31332 -0.0909984854051 1.67080146998e-05 -25.3220585327 -11.3239324168
665 29657 -0.0911238817426 1.62910098916e-05 -25.3062671595 -11.3232314568
666 29284 -0.0912469244799 1.62499114239e-05 -25.290799499 -11.3591129871
667 29036 -0.0913701787652 1.56382925554e-05 -25.2753323066 -11.3387862436
668 30635 -0.0914856574475 1.6486502492e-05 -25.2608653902 -11.3794425392
669 29656 -0.0916093936198 1.62972658631e-05 -25.2453902491 -11.3579936133
670 29264 -0.091732524747 1.59791117325e-05 -25.2300176745 -11.3335171879
671 29825 -0.0918521118458 1.56219821688e-05 -25.2151131804 -11.3502965812
672 31520 -0.0919658396861 1.62893368833e-05 -25.2009623056 -11.3547609795
673 31129 -0.0920851684201 1.61921456509e-05 -25.1861389523 -11.3278279528
674 31047 -0.09220394078 1.67440872533e-05 -25.1714094932 -11.3445257304
675 29280 -0.092330414357 1.63854796832e-05 -25.1557520845 -11.3560002459
676 28636 -0.0924555629559 1.5740433749e-05 -25.1402861627 -11.3600269847
677 29901 -0.0925732138762 1.59163471577e-05 -25.12577165 -11.3346651561
678 30669 -0.0926906807173 1.64348269888e-05 -25.111303807 -11.3161746793
679 29844 -0.09281363806 1.6299214024e-05 -25.0961853081 -11.326533807
680 29444 -0.0929364075499 1.64457597921e-05 -25.0811159506 -11.3640251091
681 28621 -0.0930620497225 1.57405723807e-05 -25.0657208617 -11.3570950299
682 29885 -0.0931797333339 1.59564864688e-05 -25.0513255423 -11.3576255483
683 30528 -0.0932977682186 1.64540229761e-05 -25.0369110954 -11.3395389184
684 29649 -0.0934212732895 1.61515983126e-05 -25.0218541281 -11.3297495423
685 29693 -0.0935424197224 1.60343315338e-05 -25.0071099841 -11.3230047074
686 30093 -0.093661884424 1.61198487515e-05 -24.9925949659 -11.3494578527
687 30235 -0.0937817042655 1.60565591565e-05 -24.9780611265 -11.3340964624
688 30573 -0.0939003912791 1.66091796932e-05 -24.9636886584 -11.3348365577
689 29230 -0.0940259530301 1.57016314212e-05 -24.9485095871 -11.2961691634
690 30642 -0.0941418865546 1.64730490354e-05 -24.9345180495 -11.3303742071
691 29703 -0.0942654233338 1.60751034371e-05 -24.9196337655 -11.3332646273
692 29979 -0.0943854196845 1.63277206534e-05 -24.9052005456 -11.3349478319
693 29492 -0.0945083042137 1.6025446752e-05 -24.8904448921 -11.2991385825
694 29916 -0.0946280548903 1.6019003069e-05 -24.8760897809 -11.3154389302
695 30366 -0.0947468672524 1.64575417829e-05 -24.8618707371 -11.323120042
696 29482 -0.0948707499139 1.61022414905e-05 -24.8470698563 -11.31736247
697 29674 -0.0949915647777 1.59585720456e-05 -24.8326599824 -11.3182507018
698 30306 -0.0951100465944 1.57856749954e-05 -24.8185517985 -11.3182537925
699 31500 -0.0952250026139 1.64584733298e-05 -24.8048855639 -11.3211395871
700 30580 -0.0953466475794 1.64025749927e-05 -24.7904477961 -11.3053255843
701 29855 -0.09546934125 1.53274563439e-05 -24.7759101493 -11.3118137363
702 32511 -0.0955792108275 1.66046547719e-05 -24.7629129038 -11.3438890565
703 31097 -0.0957009115824 1.62259309767e-05 -24.748539072 -11.3291747334
704 30909 -0.0958201972605 1.65074291277e-05 -24.7344738925 -11.3079518709
705 29857 -0.0959436710707 1.58836662246e-05 -24.7199392369 -11.2926686368
706 30726 -0.0960607885656 1.66323617649e-05 -24.7061756505 -11.3083262247
707 29307 -0.0961863596062 1.53584144256e-05 -24.6914432488 -11.2994688351
708 31814 -0.0962976507887 1.66812635807e-05 -24.6784074707 -11.3116648962
709 30195 -0.0964217259834 1.62816868371e-05 -24.6638977745 -11.2738746015
710 29843 -0.0965435402334 1.61157339534e-05 -24.6496765266 -11.3138318123
711 29996 -0.0966638050775 1.58277092462e-05 -24.6356594815 -11.306651436
712 31045 -0.0967799088766 1.59668254064e-05 -24.6221493395 -11.3212443522
713 31680 -0.0968958534491 1.69629083111e-05 -24.6086791722 -11.3307503439
714 29221 -0.097024107896 1.60357783268e-05 -24.5938037794 -11.3316127687
715 29610 -0.0971445532853 1.58796525656e-05 -24.5798578719 -11.2981051585
716 30484 -0.0972621045726 1.59076718713e-05 -24.5662692026 -11.3165711076
717 31294 -0.0973783281133 1.64186813683e-05 -24.5528554706 -11.3008813268
718 30503 -0.0974998323195 1.60086627755e-05 -24.5388550332 -11.2854427322
719 30995 -0.0976173582651 1.63753138655e-05 -24.5253350719 -11.2880016631
720 30344 -0.0977388571487 1.60516262491e-05 -24.5113808403 -11.284606732
721 30699 -0.097857264756 1.64306999401e-05 -24.4978038632 -11.2881498132
722 29886 -0.0979801054337 1.59770766009e-05 -24.4837417016 -11.2909485898
723 30465 -0.0980984142466 1.54557569717e-05 -24.4702205345 -11.2900028808
724 32745 -0.0982088069348 1.70942150086e-05 -24.4576236871 -11.3120232044
725 29804 -0.0983367837835 1.5852211039e-05 -24.4430439593 -11.3111333694
726 30769 -0.0984535865138 1.63441686638e-05 -24.4297593429 -11.3246113176
727 30218 -0.0985751067619 1.57222146625e-05 -24.4159605128 -11.3101120223
728 31611 -0.0986893982004 1.66518668453e-05 -24.4030032641 -11.2824827857
729 30092 -0.0988134667793 1.57639955908e-05 -24.3889602801 -11.2918251183
730 31346 -0.0989285455999 1.63643243685e-05 -24.3759558999 -11.3014935156
731 30722 -0.0990492139713 1.61024399277e-05 -24.3623416136 -11.2641902081
732 30921 -0.0991675682117 1.58628866066e-05 -24.3490099823 -11.278633114
733 31888 -0.0992823812782 1.63501156083e-05 -24.336097596 -11.2845137298
734 31298 -0.0994018297711 1.62248253738e-05 -24.3226851227 -11.2937753307
735 31112 -0.0995207170281 1.64079159192e-05 -24.3093571209 -11.271596526
736 30358 -0.0996424297426 1.62218897533e-05 -24.2957344865 -11.2748079022
737 30187 -0.099763103757 1.62144183352e-05 -24.2822501492 -11.2885097836
738 30040 -0.0998840175049 1.58268864038e-05 -24.2687609841 -11.287503333
739 31093 -0.100000025364 1.63077666884e-05 -24.2558397355 -11.287631591
740 30650 -0.100120419095 1.61906918711e-05 -24.2424512751 -11.276916517
741 30574 -0.100240096374 1.51229206192e-05 -24.2291639384 -11.2763614151
742 33994 -0.100346107807 1.72331702791e-05 -24.2174116937 -11.2395997921
743 30508 -0.100473627479 1.58252851794e-05 -24.2032972154 -11.2360518768
744 31582 -0.100588721099 1.66020387754e-05 -24.1905788176 -11.2763099965
745 30216 -0.100712163 1.5791127807e-05 -24.1769596781 -11.2297501385
746 31389 -0.100827361763 1.60960311002e-05 -24.1642702818 -11.2325691071
747 31613 -0.100944367108 1.62977730427e-05 -24.1514018946 -11.2818471939
748 31194 -0.101063632921 1.61612619048e-05 -24.1383056032 -11.2691007384
749 31210 -0.101181869762 1.61757643886e-05 -24.1253428869 -11.2678408523
750 31180 -0.101300269452 1.61644584007e-05 -24.1123828095 -11.2184335302
751 31185 -0.101418575411 1.59726374769e-05 -24.0994534276 -11.24816183
752 31804 -0.101534335692 1.59095118064e-05 -24.0868219852 -11.2646588581
753 32643 -0.101648145583 1.6623055059e-05 -24.0744223449 -11.2727273613
754 31165 -0.101769848083 1.61313211867e-05 -24.061183577 -11.243750662
755 31275 -0.101887741541 1.63628840262e-05 -24.0483795842 -11.309392512
756 30657 -0.102008527348 1.58445332434e-05 -24.0352822648 -11.2770416539
757 31674 -0.102123593005 1.6038291669e-05 -24.0228247431 -11.2610074208
758 32088 -0.10223931335 1.63289686656e-05 -24.0103155252 -11.2593786871
759 31562 -0.102358107524 1.60310900034e-05 -23.997493997 -11.2174838038
760 31998 -0.102473938609 1.64388512117e-05 -23.9850117109 -11.2551493993
761 31125 -0.102594369475 1.56412888756e-05 -23.9720540405 -11.2759065473
762 32829 -0.102705943955 1.64677012881e-05 -23.9600676947 -11.2660953934
763 31840 -0.102825223845 1.64960635174e-05 -23.9472731231 -11.2452371919
764 30792 -0.102946725281 1.6220485282e-05 -23.9342609911 -11.2555596136
765 30623 -0.103066526943 1.49947400345e-05 -23.9214513368 -11.256077334
766 34497 -0.103170871877 1.68639841202e-05 -23.9103108774 -11.2632888257
767 32140 -0.103292450394 1.63597933229e-05 -23.8973497999 -11.2506736807
768 31515 -0.103411558554 1.62716677182e-05 -23.8846722172 -11.2298676939
769 31179 -0.103530660517 1.5988073531e-05 -23.8720151788 -11.2490796066
770 31748 -0.103646634654 1.58383780655e-05 -23.8597096014 -11.2522688985
771 32822 -0.103759626698 1.6728416293e-05 -23.8477384949 -11.2580858676
772 31003 -0.103882420228 1.61076647698e-05 -23.8347491133 -11.250991144
773 31188 -0.104000306366 1.57464267538e-05 -23.8222985564 -11.2347924056
774 32546 -0.104113118363 1.65763822398e-05 -23.8104019444 -11.2373993035
775 31220 -0.104234372637 1.5586067983e-05 -23.7976346785 -11.265717818
776 33115 -0.104345072791 1.62544213942e-05 -23.7859964105 -11.2398041631
777 32820 -0.104461037199 1.61325238091e-05 -23.7738227934 -11.2666694221
778 32932 -0.104575935303 1.641512139e-05 -23.7617793397 -11.2140227378
779 32111 -0.104694332173 1.63452252316e-05 -23.7493880872 -11.2313956451
780 31533 -0.104813300066 1.63106369859e-05 -23.7369563897 -11.2354070837
781 31074 -0.104932889331 1.62550073136e-05 -23.7244792332 -11.2633006041
782 30795 -0.105052609434 1.60699679575e-05 -23.7120079372 -11.2411136708
783 31097 -0.105170390679 1.59378695296e-05 -23.6997576201 -11.2755977273
784 31826 -0.105285858324 1.61710539985e-05 -23.6877661986 -11.226678495
785 31810 -0.105403044436 1.59698178636e-05 -23.6756147567 -11.1994151097
786 32450 -0.105517625217 1.62497289495e-05 -23.663751397 -11.220541124
787 32176 -0.105634710141 1.60403889817e-05 -23.6516470358 -11.2177468615
788 32589 -0.105749551459 1.64186615022e-05 -23.6397925224 -11.2405548513
789 31765 -0.105868616803 1.59955290657e-05 -23.6275206607 -11.2295281308
790 32320 -0.105983613307 1.62599652564e-05 -23.6156861793 -11.2049038785
791 32014 -0.106101068345 1.5685244437e-05 -23.6036169166 -11.2188737696
792 33616 -0.106211638619 1.6234010168e-05 -23.592271907 -11.2444435543
793 33385 -0.106326472149 1.62161780152e-05 -23.5805066776 -11.2124234891
794 33216 -0.106441471627 1.63800785358e-05 -23.568741982 -11.2193796554
795 32503 -0.106558900725 1.60984957497e-05 -23.5567468006 -11.2067108121
796 32727 -0.106673915473 1.62185587239e-05 -23.5450159022 -11.2246233912
797 32553 -0.106790096354 1.61071646925e-05 -23.5331837704 -11.2398802467
798 32748 -0.106905135219 1.59047767656e-05 -23.5214854404 -11.2209595097
799 33628 -0.107017232429 1.70736848863e-05 -23.5101029603 -11.2384500216
800 30672 -0.107143235064 1.60259583993e-05 -23.4973281563 -11.2333544345
801 31112 -0.10726066645 1.57412147831e-05 -23.485441032 -11.2053076105
802 32484 -0.107373548872 1.62854684969e-05 -23.4740313342 -11.2420905342
803 32093 -0.107491042692 1.59707411199e-05 -23.4621731472 -11.2632529461
804 32736 -0.107605129103 1.60234833931e-05 -23.4506760108 -11.2304488838
805 33213 -0.107718766374 1.6507088613e-05 -23.4392409032 -11.206123354
806 32084 -0.107837875988 1.58733705939e-05 -23.427273047 -11.2290317981
807 33052 -0.107950723494 1.60617836361e-05 -23.4159512801 -11.2353176653
808 33404 -0.108064307127 1.59884828785e-05 -23.4045722163 -11.228675165
809 34012 -0.108176357459 1.68894660704e-05 -23.3933630044 -11.200662499
810 31607 -0.108299143229 1.57829313148e-05 -23.3810983331 -11.212884847
811 32861 -0.108411673244 1.65209042062e-05 -23.3698750152 -11.238464728
812 31700 -0.108531603295 1.57161321471e-05 -23.3579314409 -11.2248028349
813 33182 -0.108643113515 1.60996378615e-05 -23.3468428182 -11.2017327189
814 33407 -0.108756960085 1.63096879362e-05 -23.3355381752 -11.2106175585
815 32924 -0.10887313435 1.64866963098e-05 -23.3240193485 -11.1836253627
816 31871 -0.108992494318 1.64802549059e-05 -23.3122024491 -11.2080467586
817 30872 -0.109113723059 1.55443939366e-05 -23.3002189572 -11.2327169285
818 32884 -0.109224512777 1.58081308248e-05 -23.2892835648 -11.1945450268
819 34101 -0.109335153857 1.68721129606e-05 -23.2783782508 -11.227688898
820 31745 -0.109457545613 1.59956863822e-05 -23.2663326331 -11.2081386278
821 32299 -0.109572580386 1.61850306912e-05 -23.2550281827 -11.2224556217
822 32237 -0.109689088398 1.59733278169e-05 -23.2435958147 -11.1889738246
823 32874 -0.109802953103 1.62388291291e-05 -23.2324391788 -11.183121324
824 32632 -0.109919138226 1.58635534133e-05 -23.2210718169 -11.1916238411
825 33650 -0.110030909241 1.64765726212e-05 -23.2101521456 -11.2201989793
826 32607 -0.110148841542 1.59939130338e-05 -23.1986473229 -11.1878087911
827 33182 -0.1102623228 1.5731533928e-05 -23.1875929585 -11.2227641094
828 34679 -0.11037150661 1.65572912413e-05 -23.176972217 -11.1900124822
829 33330 -0.110488723929 1.63287744929e-05 -23.1655863672 -11.2196901392
830 32785 -0.110605281199 1.60923966901e-05 -23.1542813764 -11.1883461784
831 33031 -0.110719721417 1.62614532848e-05 -23.1431979319 -11.2210171446
832 32713 -0.110835924858 1.59972239091e-05 -23.1319601227 -11.1844870933
833 33279 -0.110949264609 1.56098214698e-05 -23.1210151434 -11.2053078891
834 35213 -0.111056778669 1.69083790309e-05 -23.1106472105 -11.2107956169
835 32660 -0.111177703351 1.63018135517e-05 -23.0990028481 -11.1860100241
836 32214 -0.111295095052 1.57092919978e-05 -23.0877156716 -11.1988653591
837 33744 -0.111405625515 1.64434641202e-05 -23.0771034592 -11.1955241716
838 32808 -0.111522959651 1.58625058239e-05 -23.0658541743 -11.1829583838
839 33835 -0.111634417172 1.62836813837e-05 -23.0551836847 -11.1923994266
840 33434 -0.111749518321 1.60157964841e-05 -23.0441800654 -11.1703659038
841 33948 -0.111861865351 1.64435082726e-05 -23.0334550884 -11.1863723152
842 33006 -0.11197884699 1.57052619731e-05 -23.0223037597 -11.19468712
843 34587 -0.112087992913 1.65851087802e-05 -23.0119141395 -11.1775934957
844 33148 -0.112205729142 1.58279859872e-05 -23.0007227537 -11.189938464
845 34306 -0.112316178485 1.632513247e-05 -22.990239037 -11.1730785528
846 33757 -0.112431018935 1.64810448548e-05 -22.9793539049 -11.1719675439
847 32696 -0.112548822851 1.55489669508e-05 -22.9682041429 -11.1912144137
848 34811 -0.112656534641 1.66405116673e-05 -22.9580239521 -11.1714157015
849 33176 -0.112774614665 1.585349829e-05 -22.9468795809 -11.2006337274
850 34246 -0.112885338703 1.6505722762e-05 -22.9364444073 -11.173412503
851 33087 -0.113002620316 1.60935527061e-05 -22.9254069535 -11.1776293813
852 33332 -0.113116551931 1.59744965559e-05 -22.9147002424 -11.1850799035
853 33987 -0.113228545553 1.55875507139e-05 -22.9041904843 -11.177778816
854 36044 -0.113334661903 1.74317478023e-05 -22.8942458031 -11.1866029555
855 31703 -0.113461196293 1.49749237247e-05 -22.8824048332 -11.1773171749
856 35785 -0.113563509566 1.66241754029e-05 -22.8728440941 -11.1861587006
857 34161 -0.113679760903 1.63039585862e-05 -22.8619956754 -11.1904265619
858 33687 -0.113794572191 1.61653658105e-05 -22.8512970338 -11.1729666863
859 33690 -0.113908402491 1.64363932062e-05 -22.8407048765 -11.1859324994
860 32779 -0.114025738051 1.57305171815e-05 -22.8298022221 -11.1831552231
861 34261 -0.114135578215 1.60398169639e-05 -22.8196104204 -11.1776357287
862 34703 -0.114246863074 1.60100710737e-05 -22.8092987324 -11.1619613155
863 35257 -0.114357065402 1.70402065216e-05 -22.7991013734 -11.1543309867
864 32267 -0.114479673233 1.60441850569e-05 -22.787772459 -11.1911888594
865 32669 -0.114594401739 1.58581641432e-05 -22.777187169 -11.1329298506
866 33707 -0.114706040936 1.60136143914e-05 -22.7669013384 -11.1710389736
867 34233 -0.114817904445 1.6542267488e-05 -22.7566090864 -11.1683586953
868 32952 -0.114935686071 1.60447502754e-05 -22.7457877054 -11.1865730451
869 33361 -0.115049223093 1.56774110368e-05 -22.7353712084 -11.1840926647
870 35058 -0.115157440972 1.66251359633e-05 -22.7254563094 -11.1900420896
871 33463 -0.115274903986 1.6004170196e-05 -22.7147093567 -11.1515091544
872 34018 -0.115387054603 1.6218961105e-05 -22.7044629733 -11.1856155679
873 33836 -0.115501014754 1.65705202766e-05 -22.6940657722 -11.154777606
874 32476 -0.115619857776 1.5881971885e-05 -22.6832386243 -11.1565598079
875 33426 -0.115732131958 1.57868503836e-05 -22.673024477 -11.1491395403
876 34738 -0.115841606235 1.65447236983e-05 -22.6630786349 -11.1480860715
877 33429 -0.115958560531 1.56420750811e-05 -22.6524680149 -11.183549249
878 35256 -0.116066231107 1.60032283797e-05 -22.6427131357 -11.1561554669
879 35844 -0.116175481062 1.67636802077e-05 -22.6328283489 -11.1780328505
880 33736 -0.116293442641 1.62337363991e-05 -22.6221702264 -11.1437015323
881 33505 -0.11640806823 1.6261377217e-05 -22.6118282907 -11.1308521202
882 33183 -0.116523445785 1.60189606087e-05 -22.6014331837 -11.1435974599
883 33682 -0.116636257313 1.56907340165e-05 -22.5912834724 -11.1835069606
884 35348 -0.116744122805 1.64987443872e-05 -22.5815918685 -11.1697686647
885 34175 -0.116859472147 1.5547132704e-05 -22.5712420014 -11.1493153958
886 36393 -0.116964805173 1.72212554546e-05 -22.5618036141 -11.1285090517
887 32701 -0.117087890639 1.56319432406e-05 -22.5507899097 -11.1396179034
888 34524 -0.1171966266 1.63671219353e-05 -22.5410739758 -11.149536345
889 33827 -0.117311643012 1.60030594043e-05 -22.5308108969 -11.125136006
890 34392 -0.11742317456 1.62831537334e-05 -22.5208725302 -11.147519583
891 33986 -0.117537333082 1.63528097226e-05 -22.5107140747 -11.1709846943
892 33348 -0.117653070871 1.58055964794e-05 -22.5004295124 -11.1687177012
893 34591 -0.117762907779 1.62654116331e-05 -22.4906827137 -11.165079029
894 34244 -0.117876511143 1.56387774987e-05 -22.4806153916 -11.1237000049
895 36128 -0.117982852486 1.6704423866e-05 -22.4712042229 -11.1539318876
896 34209 -0.118099583042 1.58814473631e-05 -22.4608876202 -11.1309223298
897 35212 -0.11820896988 1.63452190701e-05 -22.4512333325 -11.1348353857
898 34578 -0.118322578435 1.56664474906e-05 -22.4412200187 -11.131143624
899 36378 -0.118428741354 1.7034404465e-05 -22.4318754323 -11.1449502025
900 33312 -0.118549368729 1.60047877118e-05 -22.4212722698 -11.1568216678
901 33862 -0.118661781103 1.60198156923e-05 -22.4114051629 -11.1372831316
902 34369 -0.118773466664 1.6001097669e-05 -22.4016151597 -11.1483901554
903 34950 -0.118884090711 1.65147422783e-05 -22.3919312557 -11.1650870796
904 33736 -0.119000301681 1.60136793492e-05 -22.3817722399 -11.1289800738
905 34262 -0.119112117923 1.61860088028e-05 -22.3720108832 -11.0967864531
906 34193 -0.119225251566 1.6186786441e-05 -22.3621479455 -11.1468240361
907 34121 -0.11933850921 1.60207266977e-05 -22.3522876979 -11.138562346
908 34628 -0.119449781554 1.57591331617e-05 -22.3426134204 -11.1427876259
909 36089 -0.119556999128 1.63415706425e-05 -22.3333039611 -11.1334527111
910 35452 -0.119669172984 1.62971096998e-05 -22.3235770426 -11.1435891841
911 34984 -0.119781787966 1.68324382673e-05 -22.3138251002 -11.1387918329
912 32698 -0.119902098942 1.55336938523e-05 -22.3034213337 -11.1268154778
913 34867 -0.12000961812 1.64066374504e-05 -22.2941364741 -11.0952233307
914 34027 -0.120124573851 1.60694794999e-05 -22.2842227129 -11.1432026846
915 34362 -0.120236615747 1.5953617736e-05 -22.2745734263 -11.1242176149
916 35111 -0.120346657237 1.59455579177e-05 -22.2651090649 -11.1100872355
917 35906 -0.12045541917 1.6141609938e-05 -22.2557670454 -11.1565763893
918 35995 -0.120565381362 1.61091813753e-05 -22.2463343295 -11.1042775515
919 36204 -0.120674806682 1.61773467117e-05 -22.2369600199 -11.1173299063
920 36163 -0.120784757006 1.68156534307e-05 -22.2275531217 -11.0959420552
921 33858 -0.120902871995 1.56924139519e-05 -22.2174614968 -11.1077919113
922 35526 -0.121010477473 1.6194972629e-05 -22.2082802204 -11.1260776937
923 35422 -0.121121692358 1.60573381744e-05 -22.1988034037 -11.1200446106
924 35815 -0.121231355299 1.6825013351e-05 -22.1894711766 -11.1256745901
925 33500 -0.121350165152 1.58803380394e-05 -22.1793743634 -11.1419401922
926 34486 -0.121460689523 1.5892332067e-05 -22.1699945444 -11.1235589773
927 35458 -0.121569771103 1.5751642467e-05 -22.1607493093 -11.1090765396
928 36982 -0.121675635719 1.63059144997e-05 -22.1517882387 -11.113196177
929 36461 -0.12178600542 1.66573631921e-05 -22.1424578779 -11.1297768994
930 34689 -0.121901598268 1.62821362321e-05 -22.1326991288 -11.1266535713
931 34283 -0.122015254069 1.62872698703e-05 -22.1231170171 -11.1029019354
932 33864 -0.122129646709 1.56235224804e-05 -22.1134858793 -11.1335181528
933 35782 -0.122236395929 1.63329450368e-05 -22.1045100974 -11.107626632
934 35182 -0.122348941261 1.62829202709e-05 -22.0950593044 -11.1264976211
935 34768 -0.122461807855 1.56344057191e-05 -22.0855942335 -11.1243014609
936 36697 -0.122567291862 1.64566641995e-05 -22.0767597471 -11.1232933395
937 35631 -0.122679971788 1.61584625498e-05 -22.0673348138 -11.1009703724
938 35659 -0.122790567283 1.64225137882e-05 -22.0580964868 -11.1172703242
939 34744 -0.122904440877 1.6291486619e-05 -22.0485969957 -11.1005142772
940 34305 -0.123018125806 1.5991836725e-05 -22.0391260362 -11.1218206183
941 34917 -0.123128736903 1.58068404727e-05 -22.0299233991 -11.0942815443
942 36214 -0.12323609291 1.61841561073e-05 -22.0210031073 -11.1043466371
943 36148 -0.123346112329 1.62734378598e-05 -22.0118732708 -11.1279108207
944 35757 -0.123457342262 1.6076710132e-05 -22.0026550602 -11.1004628924
945 36083 -0.123566729454 1.64101679817e-05 -21.9936013903 -11.1128883068
946 35201 -0.123679776129 1.59776986372e-05 -21.9842571316 -11.0938589661
947 35881 -0.123788795611 1.60973065863e-05 -21.9752575709 -11.1105989824
948 36133 -0.123898247862 1.5908362785e-05 -21.966233935 -11.0815243911
949 37091 -0.124005008747 1.69589615607e-05 -21.9574434104 -11.084452201
950 34226 -0.124123488139 1.52669034869e-05 -21.9477009557 -11.1191773776
951 37501 -0.12422538254 1.64572376453e-05 -21.9393331497 -11.0960061558
952 36410 -0.124336855151 1.66069991117e-05 -21.9301902613 -11.0989109634
953 34818 -0.124451885125 1.56081858509e-05 -21.9207681783 -11.0709172205
954 36848 -0.124556976451 1.64477184452e-05 -21.9121713144 -11.0913223417
955 35810 -0.12466931317 1.61353766098e-05 -21.9029934973 -11.1076045883
956 35922 -0.124779345331 1.60218835423e-05 -21.8940157068 -11.1073252956
957 36452 -0.124887806609 1.62896519711e-05 -21.8851774442 -11.1156360237
958 35998 -0.124998773342 1.63334991186e-05 -21.8761466643 -11.0806081003
959 35392 -0.125110987471 1.6172028259e-05 -21.8670263244 -11.0755704847
960 35371 -0.125222125388 1.58502269914e-05 -21.8580052841 -11.0837554353
961 36524 -0.125329318897 1.67559607716e-05 -21.849315543 -11.1203805862
962 34403 -0.125446077713 1.58995234539e-05 -21.839862796 -11.0964604437
963 35347 -0.125555380121 1.58783694175e-05 -21.8310254267 -11.1035491566
964 36395 -0.125662954023 1.59473563429e-05 -21.8223388473 -11.0832533726
965 37212 -0.125769801995 1.59383358484e-05 -21.8137217045 -11.0800968441
966 38082 -0.125875362397 1.65695634868e-05 -21.805218971 -11.0849694405
967 36555 -0.125987372495 1.60246604076e-05 -21.7962081903 -11.0973534564
968 37084 -0.126094924386 1.62487586881e-05 -21.7875671457 -11.1022421762
969 36774 -0.126204437906 1.57286564564e-05 -21.7787796422 -11.1058496811
970 38444 -0.126308118185 1.70039253382e-05 -21.7704705494 -11.1024497204
971 35313 -0.126425068769 1.63238616787e-05 -21.7611100076 -11.0829372874
972 34752 -0.126538243851 1.56821827197e-05 -21.7520637945 -11.0973080705
973 36502 -0.126644331814 1.61158808882e-05 -21.7435948888 -11.0687424471
974 36689 -0.12675307669 1.63692375152e-05 -21.7349247371 -11.0722574195
975 35941 -0.126864674368 1.65262600382e-05 -21.7260385364 -11.0967385393
976 34652 -0.126979418908 1.59438017842e-05 -21.7169137816 -11.0692460659
977 35443 -0.127088876985 1.60109876171e-05 -21.708220757 -11.0570130129
978 36006 -0.127197934125 1.60982986082e-05 -21.6995705643 -11.0881132409
979 36255 -0.127307208455 1.62290473404e-05 -21.6909141275 -11.0769913647
980 36024 -0.127417722037 1.5833305532e-05 -21.6821706815 -11.103845107
981 37262 -0.12752373503 1.64760986024e-05 -21.6737938355 -11.085097731
982 36109 -0.127635799848 1.60856785147e-05 -21.664949981 -11.0870295435
983 36405 -0.12774476287 1.60841343331e-05 -21.6563619195 -11.0743361113
984 36709 -0.127853263092 1.62609285954e-05 -21.6478210986 -11.0688006931
985 36358 -0.127963485019 1.62293722765e-05 -21.6391557291 -11.0749564015
986 36125 -0.12807384598 1.5665711521e-05 -21.6304904954 -11.1030770433
987 38008 -0.128177702128 1.62946882268e-05 -21.6223460971 -11.052542516
988 37516 -0.128286435075 1.65143806595e-05 -21.613829731 -11.0723592815
989 36214 -0.128398596878 1.60098741477e-05 -21.6050560075 -11.0629979637
990 36793 -0.128506473253 1.62242319224e-05 -21.5966282206 -11.0801648648
991 36577 -0.128616116539 1.60556083179e-05 -21.5880731404 -11.0831589649
992 36990 -0.128724013067 1.5989526935e-05 -21.5796649101 -11.0960275173
993 37659 -0.128830506198 1.58910604886e-05 -21.5713762952 -11.0811733237
994 38725 -0.12893487619 1.63308694264e-05 -21.5632627929 -11.0568063509
995 38083 -0.129043035315 1.65222171737e-05 -21.554865016 -11.0510024709
996 36732 -0.129154456111 1.60212952014e-05 -21.546224921 -11.0838716628
997 37276 -0.129261707708 1.62565066479e-05 -21.5379185814 -11.0353287929
998 36936 -0.129371033868 1.61318445736e-05 -21.5294621102 -11.0640488937
999 37065 -0.129479332748 1.61990933044e-05 -21.5210955705 -11.0790317064
1000 36941 -0.129588264716 1.62060344136e-05 -21.5126906161 -11.0672473687
1001 36792 -0.129697464557 1.59526206e-05 -21.504275538 -11.0803712304
1002 37598 -0.129803797993 1.62703191202e-05 -21.4960914765 -11.0589070453
1003 37203 -0.129912823847 1.63353890422e-05 -21.4877105481 -11.0684280228
1004 36570 -0.130023229072 1.59221532554e-05 -21.4792342542 -11.0689861881
1005 37487 -0.130129516545 1.63839159352e-05 -21.4710842226 -11.0350818685
1006 36668 -0.13024010131 1.55841479912e-05 -21.4626152022 -11.0736729925
1007 38901 -0.130342224688 1.66628319735e-05 -21.4548037039 -11.0669809027
1008 36990 -0.13045420143 1.60789234866e-05 -21.4462489976 -11.0271276755
1009 37319 -0.13056177694 1.59915700836e-05 -21.4380408429 -11.0732617969
1010 37986 -0.130667824161 1.65768213185e-05 -21.4299591706 -11.0647284914
1011 36436 -0.130780066124 1.66546565966e-05 -21.4214160657 -11.0829079934
1012 34675 -0.130895663972 1.52286949146e-05 -21.4126289697 -11.0584760992
1013 38141 -0.130996446932 1.61190408403e-05 -21.4049774704 -11.0389764206
1014 38324 -0.131102867574 1.64375306982e-05 -21.3969074962 -11.0280052867
1015 37283 -0.131212894718 1.63853433308e-05 -21.3885743249 -11.0348160257
1016 36463 -0.131323799299 1.64119995359e-05 -21.3801852643 -11.0610122041
1017 35565 -0.13143627837 1.56901237605e-05 -21.3716879208 -11.0361162523
1018 37326 -0.131541242208 1.60701804759e-05 -21.3637681298 -11.0255581068
1019 37691 -0.131648226729 1.61124718957e-05 -21.355705599 -11.0660571116
1020 37897 -0.131755201484 1.63473281956e-05 -21.3476536048 -11.0418654746
1021 37207 -0.131864737379 1.61690152849e-05 -21.3394189708 -11.0540356881
1022 37196 -0.131973093929 1.57259454701e-05 -21.3312830717 -11.0459265385
1023 38896 -0.132076152425 1.64842792909e-05 -21.3235542557 -11.0447825704
1024 37661 -0.132185938087 1.64240931189e-05 -21.3153308763 -11.0811121536
1025 36688 -0.132296763212 1.56228952397e-05 -21.307040016 -11.0606001648
1026 38769 -0.132399314362 1.67622565335e-05 -21.2993774075 -11.0389248713
1027 36495 -0.132512720951 1.59387460192e-05 -21.2909140427 -11.0579241381
1028 37347 -0.13261931822 1.63287501895e-05 -21.2829687514 -11.0501672427
1029 36736 -0.132729428529 1.55726527447e-05 -21.274771673 -11.0440079411
1030 39018 -0.132831322529 1.6323350647e-05 -21.2671953428 -11.0346664962
1031 38401 -0.132938984115 1.63199470404e-05 -21.2591996426 -11.0707811514
1032 37806 -0.133047465812 1.6087529179e-05 -21.2511528699 -11.0207968705
1033 38109 -0.133153977497 1.63176714279e-05 -21.2432618137 -11.0218132707
1034 37528 -0.133262846257 1.56819126061e-05 -21.2352059317 -11.0335074361
1035 39419 -0.133364931945 1.64519985973e-05 -21.2276609583 -11.028533139
1036 38292 -0.13347359531 1.59855524213e-05 -21.2196393804 -11.019431908
1037 39000 -0.133578215174 1.65232891845e-05 -21.2119255754 -11.0192577286
1038 37612 -0.133688331398 1.60844503348e-05 -21.2038163314 -11.0444010291
1039 37925 -0.133795080303 1.59329582257e-05 -21.1959646605 -11.0201428913
1040 38833 -0.133899579902 1.61949034171e-05 -21.188287566 -11.0254783555
1041 38720 -0.134005953101 1.63320600642e-05 -21.1804820926 -11.0463342665
1042 38074 -0.134114133628 1.5926391039e-05 -21.172553572 -11.026752281
1043 39012 -0.13421835081 1.65775531892e-05 -21.1649246365 -11.0376230906
1044 37418 -0.13432911598 1.59884791721e-05 -21.1568261598 -11.042528837
1045 38099 -0.134434985737 1.62548074103e-05 -21.1490950156 -11.0059939586
1046 37758 -0.134543104016 1.60618946475e-05 -21.1412091489 -11.0197974333
1047 38160 -0.134649375216 1.64565852114e-05 -21.1334673193 -11.0601409106
1048 37052 -0.134759873066 1.58758826052e-05 -21.1254273563 -11.0308299723
1049 38160 -0.134864913018 1.64053961892e-05 -21.1177937426 -11.0245371383
1050 37245 -0.134974781605 1.58824453466e-05 -21.1098188205 -11.0491421007
1051 38333 -0.13507962729 1.62168074517e-05 -21.1022176331 -11.0070043224
1052 38136 -0.135186955993 1.59219080199e-05 -21.0944456624 -11.0547216317
1053 39093 -0.135291035421 1.64347807731e-05 -21.0869178866 -11.0232102631
1054 38042 -0.135399941604 1.6121103297e-05 -21.0790503776 -11.0482850301
1055 38216 -0.135506525418 1.64276177267e-05 -21.0713599043 -11.0070134406
1056 37216 -0.135616586138 1.61542490074e-05 -21.0634281597 -11.0242067466
1057 37261 -0.135724749577 1.57989204547e-05 -21.0556426356 -11.0327328253
1058 38676 -0.135828580139 1.61331158841e-05 -21.0481778229 -11.015442611
1059 38806 -0.135934430016 1.61218221741e-05 -21.0405767261 -10.9849838078
1060 38981 -0.136039967976 1.60778468773e-05 -21.0330069521 -11.0058941424
1061 39332 -0.136144747467 1.64345161695e-05 -21.0255003804 -11.0188929029
1062 38276 -0.136253319058 1.61722647152e-05 -21.0177313715 -11.0096921905
1063 38252 -0.136360190851 1.59111521894e-05 -21.0100931588 -11.013740515
1064 39255 -0.136463985449 1.65293782857e-05 -21.0026835643 -11.0028768731
1065 37835 -0.136573817783 1.56195200135e-05 -20.994852261 -11.0401418376
1066 39995 -0.136674763372 1.62190349864e-05 -20.9876630301 -11.0254874471
1067 39781 -0.13677986469 1.64346586358e-05 -20.9801863955 -10.9951926771
1068 38712 -0.136887823545 1.62564125443e-05 -20.9725155629 -11.0124253225
1069 38359 -0.136995101715 1.6061191195e-05 -20.9649021948 -10.9988622088
1070 38770 -0.13710052873 1.63925260877e-05 -20.9574290229 -10.9964513504
1071 37890 -0.137209372992 1.56797711309e-05 -20.9497227805 -11.02342752
1072 39808 -0.137310944921 1.6461573824e-05 -20.9425398045 -11.0175640497
1073 38633 -0.137419191535 1.62436720391e-05 -20.9348936987 -10.9974826352
1074 38330 -0.137526425847 1.55654656922e-05 -20.9273281289 -10.9914261758
1075 40741 -0.137626096198 1.66263817664e-05 -20.9203042565 -11.0148967317
1076 38883 -0.137735074198 1.59506600193e-05 -20.9126333223 -11.0294012664
1077 39743 -0.13783848599 1.66097272348e-05 -20.9053627344 -11.0034576628
1078 37995 -0.13794862025 1.57624470985e-05 -20.8976286406 -11.0168497836
1079 39585 -0.138051015752 1.59425346193e-05 -20.8904464312 -11.0025303195
1080 40494 -0.138153412034 1.67536092373e-05 -20.8832722826 -10.9799691983
1081 38152 -0.138264270992 1.64949079998e-05 -20.8755143516 -11.0021391986
1082 36901 -0.138375253215 1.60058522681e-05 -20.8677572913 -11.0175613253
1083 37506 -0.138482072031 1.54772734548e-05 -20.8603001898 -11.0103283747
1084 40224 -0.138581812161 1.61414988241e-05 -20.8533451771 -11.0090392541
1085 40325 -0.138685703379 1.64727639513e-05 -20.8461088237 -10.9824620605
