100 100000 0.5 reinforce cheb_reinforce 30000000

1 100 0 2.11580176367e-05 -56.6666666667 -12.2833429962
2 26763 -0.00020472506776 1.60514060597e-05 -56.4769928944 -12.1507512297
3 27077 -0.000359137918746 1.57179971082e-05 -56.3348794892 -12.1492356045
4 28338 -0.000506940609406 1.65983820734e-05 -56.1996054981 -12.1322588434
5 27123 -0.000666479758515 1.60513330814e-05 -56.0544125342 -12.1527733233
6 27441 -0.000819863170245 1.57074838694e-05 -55.9156202607 -12.1224831315
7 28749 -0.000966505749444 1.66742250402e-05 -55.7836534047 -12.1545161461
8 27305 -0.00112623708597 1.63634818544e-05 -55.6407083121 -12.1052100778
9 26764 -0.00128456888216 1.58138779633e-05 -55.499832654 -12.1490995183
10 27739 -0.00143487043684 1.61787407343e-05 -55.3668480983 -12.1506008324
11 27704 -0.00158873661257 1.59862748654e-05 -55.231456209 -12.118239293
12 28215 -0.00173938972855 1.64772098106e-05 -55.0996174791 -12.0811963111
13 27339 -0.0018971369556 1.56027637619e-05 -54.962333986 -12.1039959828
14 28949 -0.00204229881276 1.65163690464e-05 -54.8366876361 -12.0865799867
15 27939 -0.00219871372698 1.62397559364e-05 -54.7020293164 -12.0905580958
16 27731 -0.00235308347672 1.64460397511e-05 -54.5698663586 -12.1384816101
17 26955 -0.00251164954739 1.51674282382e-05 -54.4348643045 -12.1330224952
18 29835 -0.00265064981649 1.71751436058e-05 -54.3171435733 -12.0835346402
19 26934 -0.00281631031178 1.59035771287e-05 -54.1775981968 -12.0827834404
20 27662 -0.00296767451712 1.62494977857e-05 -54.0508067293 -12.1484054869
21 27429 -0.00312298504663 1.58098642337e-05 -53.9214098009 -12.126579485
22 28439 -0.00327138549821 1.63317483281e-05 -53.7984273367 -12.1419395277
23 27965 -0.00342597858963 1.61476898435e-05 -53.6709906105 -12.1145533154
24 28018 -0.0035786868902 1.66267838e-05 -53.5457811816 -12.1148686424
25 26739 -0.00373964063818 1.56277252744e-05 -53.4145298945 -12.1228771294
26 28242 -0.00388684357027 1.61398577746e-05 -53.2951325568 -12.0985792177
27 28318 -0.004038667089 1.63365911814e-05 -53.1726236015 -12.113660886
28 27833 -0.00419367411542 1.59531980867e-05 -53.0482070927 -12.0804067182
29 28441 -0.00434341507803 1.6489844751e-05 -52.9286469088 -12.0873934848
30 27522 -0.00450075555011 1.65043576564e-05 -52.8036801935 -12.0838433853
31 26594 -0.00466095997772 1.56416227748e-05 -52.6771295132 -12.114163039
32 28049 -0.00480879930797 1.59627142317e-05 -52.5609598711 -12.099543531
33 28634 -0.004958123688 1.60240014436e-05 -52.4442163971 -12.0850184097
34 29050 -0.00510694450337 1.61043067401e-05 -52.3284551956 -12.0876010771
35 29233 -0.00525604277629 1.64317956021e-05 -52.2130629623 -12.084169719
36 28456 -0.00541023637443 1.60321125619e-05 -52.0943382876 -12.0998707062
37 28846 -0.0055596589882 1.59806742994e-05 -51.9798753693 -12.1416000322
38 29394 -0.00570720616972 1.68333965305e-05 -51.8674129475 -12.0940647773
39 27471 -0.00586797508638 1.61995922149e-05 -51.7455057252 -12.1227845335
40 27378 -0.00602295310836 1.57862703162e-05 -51.6286096726 -12.093291491
41 28455 -0.00617109241484 1.63672125973e-05 -51.5174365158 -12.1059340741
42 27881 -0.00632625646495 1.60652982525e-05 -51.4015788174 -12.0846620994
43 28168 -0.00647777946689 1.58740170874e-05 -51.2890153485 -12.0832922057
44 29016 -0.00662529433273 1.62113632642e-05 -51.179971696 -12.0711010085
45 28883 -0.00677628961341 1.65393568825e-05 -51.0689052741 -12.0795379677
46 27810 -0.00693328395381 1.58302792686e-05 -50.9540117454 -12.1054870814
47 28775 -0.00708100774161 1.63864761513e-05 -50.8464437897 -12.0973175552
48 28139 -0.00723563919857 1.60018786098e-05 -50.7344036642 -12.0691807599
49 28612 -0.0073853877737 1.63038184725e-05 -50.6264412803 -12.0726401185
50 28215 -0.00753903141166 1.59091823871e-05 -50.5162186516 -12.0970180842
51 28961 -0.00768701386544 1.63177923517e-05 -50.4105781444 -12.0513569576
52 28519 -0.00783996819976 1.60188678162e-05 -50.3019215152 -12.0623472608
53 28949 -0.00798900215483 1.59735471957e-05 -50.1965674039 -12.0384192295
54 29521 -0.00813616767946 1.64294221903e-05 -50.0930317445 -12.0762515699
55 28743 -0.00828956667015 1.65424583309e-05 -49.9856332046 -12.0749198571
56 27667 -0.00844699714983 1.58224688568e-05 -49.8759626675 -12.1026771426
57 28649 -0.00859497042995 1.59902347921e-05 -49.7733850082 -12.0654387317
58 29165 -0.0087431845175 1.66516838297e-05 -49.6711271677 -12.0666415047
59 27764 -0.00890137733532 1.61818167728e-05 -49.5625182397 -12.0748855896
60 27720 -0.0090552274704 1.57598999174e-05 -49.4574154433 -12.0653532409
61 28887 -0.00920200742242 1.60540494083e-05 -49.357621354 -12.0384413421
62 29218 -0.00935067949405 1.66776200521e-05 -49.2570139863 -12.0618406327
63 27741 -0.00950918319654 1.61063754937e-05 -49.1502742058 -12.0332802862
64 27910 -0.00966179425384 1.58116923124e-05 -49.048006784 -12.045755743
65 28933 -0.00980894105585 1.66299937074e-05 -48.9498660317 -12.0598406003
66 27603 -0.00996738565128 1.56202304256e-05 -48.8446968915 -12.0869939117
67 29177 -0.0101121418393 1.60285680542e-05 -48.7490697076 -12.0306850921
68 29587 -0.0102596475319 1.67687098997e-05 -48.6520710772 -12.0279479784
69 27833 -0.0104187529519 1.54717713464e-05 -48.5479444793 -12.0535444748
70 29867 -0.0105604660489 1.66538756381e-05 -48.4556341293 -12.035462672
71 28426 -0.0107168266623 1.5944805567e-05 -48.3542535131 -12.0287238614
72 29072 -0.0108648564758 1.62872864081e-05 -48.2587265896 -12.0756185217
73 28717 -0.0110169975479 1.59114591276e-05 -48.1610016773 -12.0335753574
74 29469 -0.0111637188141 1.60748303313e-05 -48.0671920538 -12.0525034173
75 29743 -0.0113112615148 1.6554164603e-05 -47.9732839901 -12.0228881264
76 28595 -0.011466224313 1.59837050149e-05 -47.8751108003 -12.0039390721
77 29130 -0.0116144685555 1.61087576615e-05 -47.781629787 -12.0559418655
78 29300 -0.0117634367453 1.62733950514e-05 -47.6881185718 -12.0146761758
79 28983 -0.0119147488058 1.59114668232e-05 -47.5935705631 -12.0252447722
80 29742 -0.0120607953591 1.65913660976e-05 -47.5027252425 -12.0326239288
81 28487 -0.012216402207 1.59010742813e-05 -47.4063759514 -12.0194063176
82 29264 -0.0123635408387 1.62256416057e-05 -47.3156874441 -12.0263810037
83 29088 -0.0125141364153 1.59984004983e-05 -47.2232855327 -12.0002778312
84 29588 -0.012661363943 1.65751820638e-05 -47.1333555218 -12.0581949174
85 28386 -0.0128170952118 1.55564339982e-05 -47.038664422 -12.0108800467
86 30199 -0.0129587976943 1.63656076651e-05 -46.9528878256 -12.0099571898
87 29594 -0.0131093877121 1.59301507391e-05 -46.8621301375 -12.0185243592
88 30312 -0.0132542257989 1.63786837607e-05 -46.7752241834 -12.0395776638
89 29666 -0.0134047547466 1.66912290583e-05 -46.6853011542 -12.0326432775
90 28128 -0.0135622940762 1.55979631256e-05 -46.5916213267 -12.0061475925
91 29799 -0.013705326595 1.65546412953e-05 -46.5069471962 -11.9995946779
92 28648 -0.013860151917 1.61077680584e-05 -46.4156959664 -12.0059958078
93 28818 -0.0140103512969 1.59142214111e-05 -46.3275700481 -12.0268238355
94 29565 -0.014156861199 1.61891990091e-05 -46.2419848008 -11.981245689
95 29496 -0.0143060755846 1.64510621899e-05 -46.1551988411 -12.0034869125
96 28656 -0.0144599104151 1.55745711853e-05 -46.0661234763 -11.9985934024
97 30431 -0.0146012384255 1.66645533269e-05 -45.9846437325 -12.0489848699
98 28931 -0.0147563265284 1.56582998493e-05 -45.8956182004 -12.0151268554
99 30462 -0.0148983404624 1.66505919647e-05 -45.8144508796 -12.037972676
100 29002 -0.0150531101942 1.5998877724e-05 -45.7263750711 -11.9981554455
101 29499 -0.0152005638181 1.60369437537e-05 -45.6428309458 -11.9938111505
102 29888 -0.0153474013071 1.61605423756e-05 -45.5599906956 -11.9934152443
103 29905 -0.0154953293004 1.59265570515e-05 -45.4768909458 -11.9875726599
104 30641 -0.0156393535068 1.63038022624e-05 -45.3963250514 -11.9973164319
105 30216 -0.0157878227291 1.66302564361e-05 -45.3136224784 -11.9866586893
106 28827 -0.0159428714982 1.5949700171e-05 -45.2276315422 -12.011553023
107 29467 -0.0160899497818 1.60720829538e-05 -45.1464144745 -11.9956342948
108 29750 -0.0162374517052 1.60293569071e-05 -45.0653068194 -11.9690341441
109 30166 -0.0163835430125 1.66576641723e-05 -44.9853116335 -11.981259171
110 28699 -0.0165391920691 1.54954893069e-05 -44.9004493663 -11.9811639514
111 30722 -0.0166791332997 1.63954677976e-05 -44.824471991 -11.9928245339
112 30016 -0.0168289351035 1.62617888128e-05 -44.7434755171 -11.9729465229
113 29726 -0.0169782370334 1.63136701947e-05 -44.663091286 -11.9826024852
114 29284 -0.0171291407048 1.59961048136e-05 -44.5821893924 -11.9413910928
115 29794 -0.0172758365525 1.56472146584e-05 -44.503873496 -11.9782989165
116 31406 -0.0174156007904 1.67183870263e-05 -44.4295590419 -11.9582553421
117 29695 -0.0175691742213 1.62432182829e-05 -44.3482385424 -11.9625429353
118 29464 -0.0177189683612 1.58469393605e-05 -44.2692565895 -11.9713250356
119 30434 -0.0178627585771 1.61753626488e-05 -44.1937517443 -11.9649003576
120 30406 -0.0180095984233 1.5960189407e-05 -44.1169584266 -11.9691793759
121 31048 -0.0181529773763 1.63680945582e-05 -44.0422783252 -11.9568380271
122 30418 -0.0183015355027 1.68485818326e-05 -43.9652147699 -11.9806892459
123 28384 -0.0184598395254 1.5183871876e-05 -43.8834452977 -11.9361257669
124 31364 -0.0185955560684 1.62109327689e-05 -43.8136285464 -11.9485732191
125 31222 -0.0187407824125 1.65758288629e-05 -43.7392098295 -11.942874682
126 29951 -0.018892394719 1.57822387892e-05 -43.6618369075 -11.957540775
127 31141 -0.0190339628981 1.61710420987e-05 -43.5898815177 -11.9592033559
128 31126 -0.0191790557259 1.60552673423e-05 -43.5164251798 -11.944231739
129 31478 -0.019322300487 1.67843549529e-05 -43.4441912914 -11.9861882758
130 29565 -0.0194768192651 1.61219839971e-05 -43.3665898586 -11.9519830234
131 29698 -0.0196249082472 1.54877772157e-05 -43.2925250153 -11.94477655
132 31817 -0.0197623532488 1.68502767229e-05 -43.2240512802 -11.9466458764
133 29685 -0.0199171666875 1.61535542236e-05 -43.1472315042 -11.9437544892
134 29723 -0.0200654828384 1.59418599622e-05 -43.0739387284 -11.9475136929
135 30407 -0.0202101985103 1.60809227143e-05 -43.0027092503 -11.9326858955
136 30671 -0.0203555476547 1.67359647927e-05 -42.9314487312 -11.9750623955
137 28949 -0.0205112523676 1.56587600343e-05 -42.8554214619 -11.9599416895
138 30480 -0.0206532296362 1.59612529699e-05 -42.7863751147 -11.94550869
139 31121 -0.0207964517095 1.63849961273e-05 -42.7169905922 -11.9353957352
140 30438 -0.0209451160879 1.60572257084e-05 -42.6452517362 -11.9417429397
141 30776 -0.0210900027748 1.64507894828e-05 -42.5756108312 -11.9397333586
142 29900 -0.0212405999925 1.56459073159e-05 -42.5035111449 -11.8988685404
143 31522 -0.021380095343 1.66188381248e-05 -42.4369851817 -11.9225465354
144 30107 -0.021531706183 1.57856597004e-05 -42.3649616937 -11.9232342954
145 31293 -0.0216729622652 1.63180700777e-05 -42.2981186214 -11.9330352139
146 30814 -0.0218201116579 1.67181744229e-05 -42.2287533443 -11.9548681355
147 29136 -0.0219751496582 1.59656638752e-05 -42.1559619609 -11.9366642844
148 29735 -0.0221217110967 1.57546038733e-05 -42.0874247561 -11.9079835892
149 31004 -0.0222633447893 1.66937880433e-05 -42.0214438321 -11.9391611004
150 29389 -0.0224174908878 1.56672576807e-05 -41.9499136653 -11.9032444069
151 30916 -0.0225585386979 1.6344037284e-05 -41.8847156516 -11.9474303536
152 30363 -0.0227070135612 1.63338155411e-05 -41.8163452821 -11.9581931259
153 29851 -0.0228566631071 1.62313389661e-05 -41.7477030449 -11.9512888053
154 29654 -0.023005866124 1.57425552923e-05 -41.6795329727 -11.9473970227
155 30957 -0.0231474979426 1.63100041166e-05 -41.6150677062 -11.948523415
156 30509 -0.0232953101316 1.62145754821e-05 -41.5480429867 -11.9162683665
157 30360 -0.0234426176709 1.62647526372e-05 -41.4815033472 -11.9247964145
158 30058 -0.0235911207242 1.56634160165e-05 -41.4146811424 -11.9183894056
159 31632 -0.0237305286379 1.63097170229e-05 -41.352185413 -11.9254879189
160 31175 -0.0238767505261 1.63613515111e-05 -41.2868770722 -11.9156032968
161 30564 -0.0240248940031 1.61797840663e-05 -41.2209618061 -11.9307073357
162 30522 -0.0241714941679 1.6166288649e-05 -41.1559808537 -11.9108614597
163 30522 -0.0243179724748 1.57325410527e-05 -41.0912985567 -11.9068722869
164 31896 -0.0244574161059 1.63672106704e-05 -41.0299486063 -11.8973433068
165 31252 -0.0246039716314 1.6361468552e-05 -40.9657059281 -11.9525552092
166 30639 -0.0247519344315 1.62050341865e-05 -40.9010906302 -11.9165524518
167 30518 -0.0248987715398 1.62036971294e-05 -40.8372081993 -11.9339808828
168 30402 -0.0250458773374 1.61215706921e-05 -40.7734485446 -11.888939179
169 30540 -0.025191906761 1.54896954762e-05 -40.7103913675 -11.8961450932
170 32712 -0.0253274738237 1.71785191945e-05 -40.6520612428 -11.8968924703
171 29521 -0.0254857399861 1.5406857243e-05 -40.5842179655 -11.9001226454
172 31888 -0.0256223128971 1.62686616022e-05 -40.5258921897 -11.8775041814
173 31558 -0.0257672778772 1.630411314e-05 -40.4642025299 -11.9068382469
174 31119 -0.0259135792139 1.66059708529e-05 -40.4021727524 -11.8955969564
175 29761 -0.0260659510305 1.60681574106e-05 -40.3378119278 -11.9117317595
176 30058 -0.0262126575046 1.60395063952e-05 -40.2760768532 -11.9049058931
177 30447 -0.026358165358 1.57045226681e-05 -40.2150704682 -11.9191469496
178 31908 -0.0264973337413 1.61224127477e-05 -40.1569298799 -11.893418703
179 32050 -0.0266398888862 1.66324145696e-05 -40.0975840116 -11.9076154636
180 30570 -0.026790472134 1.61611824431e-05 -40.0351251925 -11.9106633564
181 30585 -0.0269367512672 1.59710547577e-05 -39.9746758445 -11.8887539303
182 31197 -0.027079886288 1.60621709024e-05 -39.9157385208 -11.8970807602
183 31528 -0.0272230796367 1.64890181798e-05 -39.8569866085 -11.8995510881
184 30512 -0.0273725051299 1.60731276552e-05 -39.7958998114 -11.8854830756
185 30801 -0.027517476272 1.5823757494e-05 -39.7368496776 -11.9207766376
186 31890 -0.0276577401103 1.60139403745e-05 -39.6799180423 -11.8777097238
187 32386 -0.0277985985547 1.64403445838e-05 -39.6229430715 -11.8784821578
188 31498 -0.0279452338565 1.61822609375e-05 -39.5638411576 -11.8956784341
189 31447 -0.0280896843791 1.63127907058e-05 -39.5058278877 -11.8602024107
190 30983 -0.0282363862478 1.58934483981e-05 -39.4471206749 -11.8644405431
191 31853 -0.0283773514277 1.61462350488e-05 -39.390907716 -11.8461645081
192 31917 -0.0285204132325 1.64035898783e-05 -39.3340565919 -11.8974911436
193 31157 -0.0286675173127 1.63418334944e-05 -39.2758059316 -11.8878052143
194 30607 -0.0288153803637 1.5796702312e-05 -39.2174649406 -11.887406414
195 31777 -0.0289556545633 1.62897669494e-05 -39.1623119961 -11.8549923894
196 31381 -0.0291012166456 1.5933207208e-05 -39.1052784059 -11.8344360715
197 32132 -0.0292419191845 1.59527716854e-05 -39.0503399848 -11.8796446553
198 32836 -0.0293812768114 1.67108623438e-05 -38.9961109428 -11.8647037844
199 31071 -0.0295313441282 1.60472492156e-05 -38.9379183644 -11.8718350107
200 31448 -0.0296745857133 1.58036829993e-05 -38.8825689474 -11.8888452781
201 32627 -0.0298130818061 1.61144959607e-05 -38.8292345917 -11.8710710506
202 32798 -0.029953931642 1.65687570535e-05 -38.7751757892 -11.8690929604
203 31486 -0.0301017403794 1.57356251124e-05 -38.7186424564 -11.8322361603
204 32893 -0.0302390811887 1.65162834267e-05 -38.6662921535 -11.8409259622
205 31745 -0.0303858179957 1.56653204604e-05 -38.6105502375 -11.8315913642
206 33401 -0.030521500744 1.65551184029e-05 -38.559181176 -11.8781119047
207 32109 -0.0306677474602 1.61032828458e-05 -38.5039985551 -11.8377714157
208 32315 -0.0308095493811 1.6123013758e-05 -38.4506763379 -11.8718599293
209 32457 -0.0309512135575 1.64255136443e-05 -38.3975851851 -11.8512286639
210 31614 -0.0310974462381 1.60274624574e-05 -38.3429688988 -11.8380912299
211 32062 -0.0312391348832 1.61891071662e-05 -38.2902300463 -11.8649716562
212 31987 -0.0313824195916 1.60648141516e-05 -38.2370766538 -11.8382630855
213 32318 -0.0315238758698 1.5848875593e-05 -38.1847777658 -11.8525660642
214 33376 -0.031661200587 1.59889702868e-05 -38.1341730608 -11.8443884738
215 33982 -0.0317984987903 1.6647471338e-05 -38.0837414856 -11.865269662
216 32363 -0.0319449829504 1.63062590404e-05 -38.030114999 -11.8555630435
217 31906 -0.0320894880151 1.60905646337e-05 -37.9773934296 -11.8565006113
218 32152 -0.0322315362696 1.65437313307e-05 -37.9257419517 -11.8589200995
219 30944 -0.0323804080279 1.58256131542e-05 -37.8717932501 -11.8310094243
220 32033 -0.0325203769948 1.61019436179e-05 -37.8212416192 -11.8193987441
221 32242 -0.0326623255786 1.60856631311e-05 -37.7701432919 -11.8235267812
222 32506 -0.032803553562 1.60710815816e-05 -37.7194717078 -11.8301555002
223 32821 -0.0329439754313 1.60454471982e-05 -37.6692540373 -11.8592688521
224 33226 -0.0330833175273 1.6643861923e-05 -37.6195840571 -11.8357455541
225 31655 -0.0332313995946 1.56572121655e-05 -37.5669741314 -11.8248888401
226 33334 -0.0333671488164 1.61497360222e-05 -37.5189038773 -11.8584327093
227 33390 -0.0335070516327 1.66022061492e-05 -37.4695202816 -11.8478112475
228 31945 -0.0336540890608 1.59866211173e-05 -37.4177897462 -11.8294583068
229 32532 -0.0337943914127 1.59542025895e-05 -37.3685917858 -11.8228174
230 33239 -0.0339329121325 1.67866150956e-05 -37.320174018 -11.7762965175
231 31212 -0.034083319491 1.59211752921e-05 -37.2677755171 -11.830295255
232 31998 -0.0342242098108 1.59171067263e-05 -37.2188561169 -11.8227049974
233 32817 -0.0343632946626 1.62502265958e-05 -37.1707180576 -11.8316495221
234 32538 -0.0345058977027 1.60837252789e-05 -37.1215209026 -11.8163894156
235 32811 -0.0346464510803 1.61885608012e-05 -37.073187226 -11.8420002023
236 32736 -0.0347880822104 1.6318439095e-05 -37.0246391963 -11.8241548212
237 32234 -0.0349319578334 1.62622277428e-05 -36.9754816466 -11.8084600744
238 31921 -0.0350760386365 1.61025524438e-05 -36.9264146605 -11.8308597874
239 32128 -0.035218245797 1.5794086875e-05 -36.8781426464 -11.8167481979
240 33365 -0.0353551184647 1.65753788836e-05 -36.8318279338 -11.825427349
241 32008 -0.0355017736938 1.57676175097e-05 -36.7823617487 -11.804531115
242 33330 -0.0356384889442 1.63709809913e-05 -36.7363954751 -11.8106514795
243 32645 -0.0357819175323 1.60251177314e-05 -36.6883239935 -11.8211190081
244 33116 -0.0359213138214 1.66345701871e-05 -36.6417523672 -11.8198188879
245 31580 -0.0360694890069 1.58751037187e-05 -36.5924073714 -11.8144710372
246 32527 -0.0362088243922 1.61038542933e-05 -36.546155542 -11.8207162465
247 32733 -0.0363497213136 1.56730165465e-05 -36.4995318745 -11.7990153482
248 34414 -0.0364834586107 1.68048380838e-05 -36.4554130337 -11.8199147551
249 32256 -0.0366315731898 1.59300180838e-05 -36.4067047223 -11.8162132428
250 33038 -0.0367703039665 1.63549916431e-05 -36.3612279507 -11.8359123646
251 32411 -0.036914107635 1.60543822086e-05 -36.3142362319 -11.7760467085
252 32781 -0.0370544700191 1.647434972e-05 -36.2685136413 -11.7856099029
253 31772 -0.0372007727022 1.56275013161e-05 -36.2210073421 -11.7940540185
254 33558 -0.0373358105779 1.66076804194e-05 -36.1772953126 -11.7827203709
255 32088 -0.037482568574 1.57467859961e-05 -36.1299372918 -11.8065837931
256 33484 -0.0376187886712 1.62125890072e-05 -36.0861169624 -11.8059765202
257 33327 -0.0377593686002 1.62361768937e-05 -36.041031958 -11.8076543934
258 33091 -0.0379006532392 1.61567309388e-05 -35.9958613619 -11.7988960651
259 33123 -0.0380411794785 1.61042988779e-05 -35.95107223 -11.7809242227
260 33332 -0.0381808100333 1.6391249087e-05 -35.9067052451 -11.7696961068
261 32579 -0.0383245595606 1.60626219272e-05 -35.8611711435 -11.8035518411
262 32923 -0.0384646900125 1.62311032653e-05 -35.8169211329 -11.7630838043
263 32707 -0.0386067578751 1.58863299178e-05 -35.7721974843 -11.7668136536
264 33649 -0.0387438465873 1.62347873632e-05 -35.7291725744 -11.7552208916
265 33415 -0.0388844316549 1.60789184268e-05 -35.68518365 -11.7613070997
266 33712 -0.0390230530382 1.58179552418e-05 -35.6419407403 -11.7735404661
267 34925 -0.0391570357042 1.66246299804e-05 -35.6002684969 -11.7637592244
268 33338 -0.0393011635092 1.65109561801e-05 -35.5555759012 -11.7847241968
269 32192 -0.0394468313331 1.58786054577e-05 -35.5105473565 -11.7559441139
270 33146 -0.0395848909022 1.57533916662e-05 -35.4680014503 -11.7652055305
271 34565 -0.039719020563 1.64743726278e-05 -35.4267879835 -11.7475389246
272 33501 -0.0398614980405 1.62552301525e-05 -35.383139942 -11.7853294358
273 33200 -0.0400027170842 1.61852572619e-05 -35.3400094196 -11.778911859
274 33136 -0.0401434637096 1.67227333664e-05 -35.2971533456 -11.7905324783
275 31317 -0.0402930462582 1.5312251892e-05 -35.2517486014 -11.7661547028
276 34156 -0.0404241981253 1.61862481145e-05 -35.2120580365 -11.7844768908
277 34086 -0.0405629765483 1.65188324446e-05 -35.1701806627 -11.7679427062
278 32888 -0.0407071634918 1.62083328458e-05 -35.1268026794 -11.7548915291
279 32748 -0.0408489436498 1.57052751453e-05 -35.0842788093 -11.8047977811
280 34317 -0.0409831453003 1.65286697134e-05 -35.0441462164 -11.7608083412
281 33078 -0.0411270034456 1.64652957972e-05 -35.001253049 -11.7536751818
282 32089 -0.0412725009857 1.57987862235e-05 -34.9580043257 -11.7516614689
283 33308 -0.0414095302561 1.63464570854e-05 -34.9173947579 -11.7818128952
284 32704 -0.0415526132099 1.57994500659e-05 -34.8751168651 -11.753895714
285 33944 -0.0416883582253 1.61834624221e-05 -34.8351253891 -11.7289419525
286 33884 -0.0418275257215 1.60014559946e-05 -34.7942445992 -11.7538605693
287 34455 -0.0419639836914 1.62761527419e-05 -34.754276199 -11.7621394705
288 34073 -0.0421035612399 1.6285001829e-05 -34.7135128621 -11.7676282597
289 33665 -0.0422440583831 1.58997518272e-05 -34.6726017521 -11.7513153376
290 34588 -0.0423793888188 1.65128148187e-05 -34.6333092194 -11.754327839
291 33393 -0.0425224298031 1.57001838722e-05 -34.591899145 -11.7638589207
292 35011 -0.0426552516076 1.64783308392e-05 -34.553558536 -11.7878785537
293 33920 -0.0427968811119 1.60938349938e-05 -34.512792762 -11.7734475263
294 34170 -0.0429346986519 1.6219352703e-05 -34.4732399114 -11.7296821533
295 33986 -0.0430739661125 1.6641065831e-05 -34.433386382 -11.7331973859
296 32388 -0.0432203377562 1.56000280257e-05 -34.3916244121 -11.7715406847
297 34305 -0.0433536638696 1.6397343471e-05 -34.3536951179 -11.768737017
298 33510 -0.0434954566321 1.59920593339e-05 -34.3134723816 -11.7463001328
299 34107 -0.0436325280096 1.61386663467e-05 -34.2747013712 -11.7324305473
300 34202 -0.0437706639543 1.62738054531e-05 -34.2357405547 -11.7371681304
301 33830 -0.0439107199151 1.62490905703e-05 -34.196351801 -11.7339974123
302 33547 -0.0440511537759 1.57050891485e-05 -34.1569711237 -11.7295274312
303 35155 -0.0441837448095 1.64029846658e-05 -34.1198943978 -11.725769158
304 34320 -0.0443239011816 1.62444561258e-05 -34.0808122087 -11.7373817007
305 34048 -0.0444632563927 1.62464710622e-05 -34.0420650861 -11.7653134138
306 33772 -0.0446031987886 1.62634036847e-05 -34.0032662732 -11.7438740858
307 33440 -0.0447439791707 1.58683002176e-05 -33.9643474655 -11.7040565948
308 34467 -0.0448792792816 1.62757234602e-05 -33.9270494127 -11.7288152611
309 34086 -0.0450188258111 1.58147924703e-05 -33.8886888611 -11.7341404852
310 35324 -0.045152023365 1.62268465426e-05 -33.8521755856 -11.7479913044
311 35107 -0.0452891124627 1.61137941211e-05 -33.8146991098 -11.7162323217
312 35294 -0.0454248855443 1.66239151193e-05 -33.777685542 -11.6928147109
313 33693 -0.0455682465786 1.61450198492e-05 -33.7387143437 -11.7264583142
314 33765 -0.0457073281424 1.59748594181e-05 -33.7010149299 -11.7292028768
315 34427 -0.0458436150363 1.60890659058e-05 -33.6641762188 -11.7121849383
316 34697 -0.0459803403753 1.58321303897e-05 -33.627321199 -11.7208326822
317 35894 -0.046112621103 1.62575729166e-05 -33.591761284 -11.6797387359
318 35563 -0.0462490874041 1.66399825203e-05 -33.5551758035 -11.6998186429
319 33894 -0.0463921597372 1.57326986289e-05 -33.5169274782 -11.6945593901
320 35419 -0.0465244876891 1.6387395425e-05 -33.4816496773 -11.7195951612
321 34633 -0.0466638778038 1.60908486233e-05 -33.444590754 -11.7184466549
322 34899 -0.0468002233478 1.64337356185e-05 -33.4084417233 -11.7005576563
323 33964 -0.0469413764866 1.59695973827e-05 -33.371122288 -11.7470575943
324 34648 -0.0470771824906 1.61283021853e-05 -33.3353162519 -11.7352747161
325 34781 -0.0472140757302 1.56634494822e-05 -33.2993220807 -11.7187778798
326 36603 -0.0473436736713 1.64958252252e-05 -33.2653368924 -11.7108159965
327 35399 -0.0474824590479 1.5801158442e-05 -33.2290399536 -11.685355855
328 36735 -0.0476129599374 1.73528113994e-05 -33.1950013288 -11.699581893
329 32571 -0.0477651625164 1.61141778613e-05 -33.1554139901 -11.6935448426
330 32743 -0.0479061283253 1.51748881881e-05 -33.1188561808 -11.7024089903
331 36214 -0.0480323560132 1.6217740499e-05 -33.0862074013 -11.7232151176
332 36025 -0.0481676115982 1.64073774437e-05 -33.0513142957 -11.7135693749
333 35154 -0.0483061331781 1.64492923295e-05 -33.0156755511 -11.7044597958
334 34159 -0.048447017662 1.62605618486e-05 -32.9795290726 -11.7099569099
335 33833 -0.0485869536626 1.59413046737e-05 -32.9437255583 -11.6544363951
336 34614 -0.0487225863169 1.59856412915e-05 -32.9091174436 -11.7088267523
337 35254 -0.0488573560238 1.62519734455e-05 -32.8748211556 -11.7145369767
338 34948 -0.0489949689369 1.61193222234e-05 -32.8398952087 -11.6840220764
339 35114 -0.0491311354011 1.6217363737e-05 -32.8054293708 -11.6949583006
340 34932 -0.0492684873776 1.60763057348e-05 -32.7707568117 -11.7023504073
341 35252 -0.0494040253794 1.63349327903e-05 -32.7366337076 -11.691066271
342 34653 -0.0495429279158 1.56672914839e-05 -32.7017575205 -11.6931685587
343 36454 -0.0496728221925 1.65406782007e-05 -32.669228899 -11.6687495458
344 35095 -0.04981258652 1.60815598533e-05 -32.6343207653 -11.6707640759
345 35398 -0.0499478896651 1.64798718224e-05 -32.6006175528 -11.6728831737
346 34289 -0.0500887670155 1.55031596664e-05 -32.5656202556 -11.6967441908
347 36678 -0.0502169073861 1.63582903844e-05 -32.5338704572 -11.6849660756
348 35970 -0.0503534393252 1.66255796549e-05 -32.500128463 -11.6735321571
349 34332 -0.0504954730502 1.5894505943e-05 -32.4651216787 -11.6980861316
350 35292 -0.0506294025504 1.60054582431e-05 -32.4322006283 -11.6709768827
351 35872 -0.0507631713849 1.67944616889e-05 -32.3994042905 -11.6793939096
352 33658 -0.0509080789103 1.53857827935e-05 -32.3639727847 -11.6788985669
353 36435 -0.0510356716226 1.61817438448e-05 -32.3328570436 -11.6804176885
354 36377 -0.0511699716028 1.65481890013e-05 -32.3001883477 -11.6723075026
355 34994 -0.0513100006159 1.60231632913e-05 -32.2662160672 -11.6657371598
356 35506 -0.0514446073243 1.58926503088e-05 -32.233645574 -11.6713001976
357 36506 -0.0515762762529 1.6582024043e-05 -32.20186745 -11.6569292519
358 34998 -0.0517165839111 1.60613295282e-05 -32.1680927688 -11.626943124
359 35372 -0.0518517651289 1.64602294609e-05 -32.1356380457 -11.650404079
360 34332 -0.0519923861499 1.562169385e-05 -32.1019664546 -11.637549818
361 36284 -0.0521222052865 1.64461165767e-05 -32.0709617478 -11.6458193632
362 35268 -0.0522608295243 1.60909443384e-05 -32.0379389912 -11.6708232613
363 35538 -0.0523959435028 1.58371854529e-05 -32.0058364763 -11.6429230229
364 36745 -0.0525267249632 1.64105162954e-05 -31.9748420606 -11.6726806745
365 35845 -0.052663930775 1.57001272287e-05 -31.9424080257 -11.6585233595
366 37582 -0.0527921284019 1.64358809136e-05 -31.9121798709 -11.6254579874
367 36568 -0.0529281823098 1.62736723403e-05 -31.8801797249 -11.6644985809
368 36171 -0.053063629581 1.62015553287e-05 -31.8484042613 -11.6392673561
369 36041 -0.0531987195084 1.59721057331e-05 -31.8167938142 -11.6431659105
370 36758 -0.0533305917775 1.63415113556e-05 -31.7860141963 -11.674933272
371 36110 -0.0534667192832 1.56818462434e-05 -31.7543218212 -11.6513905998
372 37930 -0.053594178473 1.66851657285e-05 -31.7247213522 -11.6515667253
373 35985 -0.0537334094259 1.60338465845e-05 -31.6924683318 -11.630328816
374 36471 -0.0538663102559 1.6134274676e-05 -31.6617605498 -11.6583993484
375 36589 -0.053999828206 1.61853430933e-05 -31.6309874475 -11.6545672468
376 36518 -0.0541338995481 1.64748083422e-05 -31.6001644429 -11.6457031913
377 35392 -0.0542725215246 1.59500675026e-05 -31.5683767506 -11.6462740298
378 36177 -0.0544052651959 1.62802343116e-05 -31.5380144017 -11.6442518753
379 35761 -0.0545415427167 1.57720406861e-05 -31.5069222138 -11.6421387003
380 37221 -0.0546709506178 1.6677312518e-05 -31.477470661 -11.6273885372
381 35341 -0.0548113793117 1.57759546391e-05 -31.4455914117 -11.6340622895
382 36769 -0.05494161209 1.6174753115e-05 -31.4161013779 -11.6407029929
383 36737 -0.055075195564 1.58918202317e-05 -31.3859269195 -11.6261326693
384 37774 -0.0552046274692 1.62469677179e-05 -31.3567617611 -11.6240110154
385 37465 -0.0553374962157 1.65376647242e-05 -31.3268951311 -11.6650665293
386 36079 -0.0554753156885 1.6259333972e-05 -31.295993475 -11.6356330242
387 35739 -0.0556114585706 1.63128212455e-05 -31.2655452487 -11.6401643201
388 35211 -0.0557490703288 1.57877312926e-05 -31.234846501 -11.6462057215
389 36590 -0.0558797188221 1.6524806858e-05 -31.2057734266 -11.6406471074
390 35283 -0.0560189772041 1.56059554998e-05 -31.1748616453 -11.6220784235
391 37348 -0.0561468035463 1.67470271552e-05 -31.1465573902 -11.622708532
392 35211 -0.0562880776431 1.57718601989e-05 -31.115352991 -11.6182688238
393 36649 -0.0564184896234 1.59867718326e-05 -31.0866198199 -11.6324957168
394 37322 -0.0565494810131 1.62348384757e-05 -31.0578283396 -11.6178847945
395 37063 -0.0566829699622 1.60411389638e-05 -31.0285591532 -11.6603138608
396 37536 -0.0568140318368 1.65858614475e-05 -30.9998918577 -11.6159743902
397 35972 -0.0569524600096 1.63955978821e-05 -30.9696880694 -11.6611364666
398 35144 -0.0570909013526 1.59191166967e-05 -30.939557925 -11.6407408108
399 36036 -0.0572236453253 1.6254229374e-05 -30.9107393449 -11.6027801013
400 35715 -0.0573597913851 1.58824334018e-05 -30.8812547208 -11.6323835842
401 36759 -0.0574909220506 1.59723600639e-05 -30.8529254664 -11.6155988785
402 37489 -0.0576215038274 1.59136678175e-05 -30.8247820338 -11.5974911045
403 38462 -0.0577499495524 1.67645331191e-05 -30.7971642045 -11.6189043254
404 36197 -0.0578894319416 1.59171046836e-05 -30.7672463337 -11.6180997703
405 37124 -0.0580202009587 1.60793776132e-05 -30.7392662126 -11.6087603438
406 37452 -0.0581517222613 1.63080745988e-05 -30.7111920454 -11.6498652813
407 36917 -0.0582860786406 1.63727630175e-05 -30.6825817612 -11.6250161115
408 36151 -0.0584223883209 1.59060652836e-05 -30.6536265962 -11.6180778195
409 37118 -0.0585530764862 1.61511503219e-05 -30.6259325325 -11.6137685835
410 37174 -0.0586856775733 1.64469991691e-05 -30.5978998699 -11.6302171069
411 36130 -0.0588226458038 1.57906845766e-05 -30.5690143284 -11.6278341562
412 37534 -0.0589516654905 1.60016663604e-05 -30.5418702406 -11.6269897149
413 38166 -0.0590813219518 1.64379982244e-05 -30.5146556499 -11.5867814258
414 37128 -0.0592163628171 1.63995296214e-05 -30.4863782909 -11.6066759356
415 36259 -0.0593526917521 1.53302628613e-05 -30.4579007297 -11.6055107661
416 39473 -0.059474833815 1.64268480131e-05 -30.432445762 -11.5993695607
417 38443 -0.0596074550987 1.62612288736e-05 -30.4048699279 -11.6224809901
418 38074 -0.0597393736595 1.64038398786e-05 -30.3775051134 -11.5956908925
419 37167 -0.0598740631229 1.59319673508e-05 -30.3496320615 -11.5846619268
420 38061 -0.0600033324346 1.62962753402e-05 -30.3229436911 -11.6398430902
421 37562 -0.0601364334775 1.62422579343e-05 -30.2955285107 -11.569680159
422 37273 -0.0602696062065 1.64049933885e-05 -30.268163603 -11.5998933893
423 36381 -0.0604057527572 1.55174028682e-05 -30.2402546364 -11.5916903868
424 38859 -0.0605303588886 1.64886227534e-05 -30.2147705441 -11.6124916872
425 37608 -0.060664947396 1.58681413225e-05 -30.1873082044 -11.5596483233
426 38763 -0.0607925276067 1.65626133191e-05 -30.1613363916 -11.588926606
427 37235 -0.0609283961002 1.60515592096e-05 -30.1337418418 -11.583526183
428 37670 -0.0610593090711 1.64033226294e-05 -30.1072164927 -11.5699625007
429 36774 -0.0611947110399 1.61006815045e-05 -30.0798461496 -11.5784310326
430 37019 -0.0613271749524 1.60358484617e-05 -30.0531330158 -11.5795285276
431 37512 -0.061458236246 1.59559058146e-05 -30.0267641477 -11.5729403681
432 38321 -0.0615872597773 1.66540174014e-05 -30.0008647293 -11.6061039862
433 36471 -0.0617253018804 1.57776666495e-05 -29.9732200783 -11.5633285792
434 37938 -0.0618535263114 1.64764747262e-05 -29.9476016239 -11.5910168599
435 36762 -0.0619895545213 1.58523583359e-05 -29.9204870637 -11.5699698397
436 37952 -0.0621183627534 1.62686865517e-05 -29.8948712896 -11.5843465751
437 37559 -0.0622512430605 1.63611993553e-05 -29.8685062833 -11.5841345966
438 36823 -0.0623862081242 1.63896284864e-05 -29.8417903917 -11.5860508407
439 35998 -0.0625229491695 1.56272897236e-05 -29.8147872239 -11.596712051
440 38023 -0.0626498101715 1.6206042536e-05 -29.7897927879 -11.5765223177
441 37869 -0.0627816355922 1.62286543724e-05 -29.7638788451 -11.5849395476
442 37630 -0.0629140649119 1.58718864086e-05 -29.7379061178 -11.5987787341
443 38771 -0.0630416621875 1.63321759875e-05 -29.7129377043 -11.5699714053
444 38123 -0.0631740702812 1.64403260407e-05 -29.6870864652 -11.5555266436
445 37077 -0.0633092223694 1.55925727442e-05 -29.6607607968 -11.5590889409
446 39301 -0.0634337262298 1.64616084302e-05 -29.6365638735 -11.5738679578
447 38141 -0.0635671536235 1.59722722657e-05 -29.6106906472 -11.5501065736
448 38899 -0.0636953465484 1.64649081375e-05 -29.5858887438 -11.5645229856
449 37738 -0.0638295109483 1.61870329523e-05 -29.5599904045 -11.5522603098
450 37658 -0.0639615505971 1.60851414842e-05 -29.5345608209 -11.5543290215
451 37969 -0.0640922210928 1.59347136885e-05 -29.509451968 -11.5564341205
452 38871 -0.0642201577561 1.65046612459e-05 -29.4849232296 -11.5561026291
453 37559 -0.0643549659613 1.59473569908e-05 -29.4591355107 -11.5707884932
454 38402 -0.0644837837378 1.60723235885e-05 -29.4345495867 -11.5067160094
455 38769 -0.0646129950476 1.63161856255e-05 -29.4099432276 -11.5705425686
456 38183 -0.0647451696796 1.62823196721e-05 -29.3848290178 -11.5629258242
457 37736 -0.0648778501609 1.61910335326e-05 -29.3596759408 -11.5341627445
458 37641 -0.0650099527518 1.56885154923e-05 -29.3346892116 -11.540455777
459 39511 -0.0651348883361 1.6786051208e-05 -29.3111100668 -11.5590104009
460 37104 -0.0652728336802 1.58601829563e-05 -29.2851340779 -11.5393247368
461 38274 -0.0654011611685 1.63117423832e-05 -29.2610241294 -11.53973871
462 37713 -0.0655341215731 1.61075257193e-05 -29.2360994248 -11.5496304935
463 37938 -0.0656650270685 1.60100708265e-05 -29.2116151004 -11.5719734216
464 38544 -0.0657941141197 1.6481507885e-05 -29.1875243218 -11.5451978978
465 37330 -0.0659291444362 1.57133593537e-05 -29.1623809727 -11.5434263667
466 39086 -0.0660549567431 1.66750103495e-05 -29.1390059667 -11.5847863464
467 37120 -0.066191959285 1.57461196691e-05 -29.1136086542 -11.5447942907
468 38737 -0.0663186006108 1.61332048488e-05 -29.0901845476 -11.5535592874
469 38867 -0.0664481388911 1.60809405298e-05 -29.0662765794 -11.5467671483
470 39204 -0.066576700006 1.64878064982e-05 -29.04260076 -11.5663885497
471 37945 -0.0667106828285 1.58811874972e-05 -29.0179812151 -11.5814387746
472 39059 -0.0668378838999 1.59483249744e-05 -28.9946593573 -11.5450844916
473 39932 -0.0669642178137 1.62158542722e-05 -28.971546011 -11.5378977249
474 39731 -0.06709299557 1.66131696532e-05 -28.948036186 -11.5317548887
475 37970 -0.0672279538184 1.58227706836e-05 -28.9234527237 -11.5428587978
476 39317 -0.0673542699971 1.59861094967e-05 -28.9004940057 -11.5437958073
477 40042 -0.0674807293729 1.68517152552e-05 -28.8775580554 -11.5211879148
478 37353 -0.0676187516313 1.59516522182e-05 -28.8525804876 -11.4987676488
479 38175 -0.0677479870992 1.59747058802e-05 -28.8292454289 -11.5148495342
480 38924 -0.067876158281 1.58477429454e-05 -28.8061524158 -11.5063342283
481 40203 -0.0680012723653 1.63953771718e-05 -28.7836579664 -11.5125276033
482 39279 -0.0681322231659 1.63042152443e-05 -28.7601644993 -11.5204802512
483 38733 -0.0682633609338 1.58310099233e-05 -28.7366889588 -11.5205630773
484 40073 -0.0683885442699 1.62596532686e-05 -28.7143272469 -11.538476464
485 39695 -0.0685177291898 1.62908501993e-05 -28.6912996255 -11.5333139116
486 39196 -0.0686479827326 1.62355024592e-05 -28.668131649 -11.5458950566
487 38921 -0.068778251194 1.6218774541e-05 -28.6450112049 -11.5415502713
488 38714 -0.0689087335927 1.60440968601e-05 -28.6219029433 -11.5094464565
489 39196 -0.0690370132844 1.59997795722e-05 -28.5992335538 -11.5196570766
490 39863 -0.0691638639968 1.62960526882e-05 -28.5768640982 -11.5194033688
491 39341 -0.0692939185998 1.59570811673e-05 -28.5539784431 -11.5193022503
492 40185 -0.0694199240236 1.63233272652e-05 -28.5318522896 -11.5221764602
493 39549 -0.069549852929 1.61074886029e-05 -28.5090854422 -11.5179189182
494 39785 -0.0696776832405 1.61756912811e-05 -28.48673399 -11.4841841195
495 39746 -0.0698061171855 1.63746948727e-05 -28.4643244581 -11.5306014332
496 38914 -0.0699375146466 1.56632414984e-05 -28.441446928 -11.537480981
497 40953 -0.0700600343227 1.67692034414e-05 -28.4201596926 -11.5281483654
498 38523 -0.070195277768 1.61315376427e-05 -28.3967115691 -11.5056476435
499 38658 -0.0703251509399 1.59460905903e-05 -28.374243571 -11.5181006307
500 39531 -0.0704521062024 1.60046380811e-05 -28.3523266658 -11.5161975459
501 40184 -0.0705784878008 1.6578199296e-05 -28.3305541157 -11.5059643462
502 38539 -0.0707121635184 1.57303371031e-05 -28.3075740176 -11.4957690436
503 40283 -0.0708362274345 1.64836297917e-05 -28.2862912615 -11.5015330218
504 39006 -0.0709683422152 1.58983037453e-05 -28.263674871 -11.492445691
505 40081 -0.0710940457801 1.62912177033e-05 -28.2422013121 -11.4916190328
506 39576 -0.0712236759427 1.60809645895e-05 -28.2201031188 -11.4952416955
507 39920 -0.0713510806199 1.62168901596e-05 -28.1984298117 -11.4985910733
508 39715 -0.0714798927266 1.61917200587e-05 -28.176562802 -11.5126679326
509 39612 -0.0716086718677 1.62833302924e-05 -28.1547472023 -11.5441690845
510 39144 -0.0717389519111 1.63398419254e-05 -28.1327238134 -11.5279683612
511 38460 -0.0718708407615 1.58458588799e-05 -28.1104759205 -11.4764830537
512 39731 -0.0719966802971 1.62352005204e-05 -28.0892928453 -11.4999260717
513 39454 -0.0721260643293 1.61816642476e-05 -28.0675581576 -11.4782042362
514 39392 -0.0722551226249 1.57839001284e-05 -28.0459235511 -11.490487549
515 40951 -0.0723785892724 1.64445052419e-05 -28.0252685721 -11.4834772523
516 39811 -0.0725090520011 1.6117309349e-05 -28.0034879883 -11.489738013
517 40009 -0.072636602214 1.64682860367e-05 -27.9822379992 -11.5039738102
518 38801 -0.0727689422158 1.57446425729e-05 -27.9602362386 -11.5054449239
519 40497 -0.072892788974 1.625923236e-05 -27.9396889961 -11.5060601323
520 40116 -0.0730212897669 1.63905371078e-05 -27.9184129156 -11.4507831066
521 39213 -0.0731523116254 1.58020559602e-05 -27.8967646932 -11.4747772211
522 40689 -0.0732763163976 1.62347192884e-05 -27.8763178572 -11.4844812357
523 40407 -0.0734041613089 1.62686076423e-05 -27.8552804442 -11.4846262164
524 39989 -0.0735329405341 1.56911880071e-05 -27.8341328947 -11.4648363244
525 41965 -0.0736541898803 1.68948725283e-05 -27.8142617538 -11.4686925282
526 38976 -0.0737896539567 1.56464144824e-05 -27.7921066246 -11.4901650188
527 41088 -0.073911840102 1.59545241029e-05 -27.7721642712 -11.4917736322
528 41980 -0.0740351018893 1.65834362388e-05 -27.7520858093 -11.5052014712
529 40240 -0.0741659629274 1.5922719716e-05 -27.7308127193 -11.4694340101
530 41247 -0.0742900678899 1.66850346431e-05 -27.7106789319 -11.4973590768
531 39132 -0.074423581253 1.59716306162e-05 -27.6890632538 -11.5062785661
532 39912 -0.0745501313492 1.6419550382e-05 -27.6686173288 -11.4759496497
533 38899 -0.0746819138847 1.54905543844e-05 -27.6473697638 -11.4545320346
534 41662 -0.0748020469433 1.67736901889e-05 -27.6280392307 -11.4983022744
535 39173 -0.0749362010518 1.58379657219e-05 -27.6064961435 -11.4744692154
536 40500 -0.0750607780504 1.59634880545e-05 -27.5865320336 -11.4675608597
537 41342 -0.0751850576979 1.60442141486e-05 -27.5666548392 -11.4722184083
538 41857 -0.0753091948989 1.65448578741e-05 -27.5468394643 -11.4722842686
539 40280 -0.0754396877266 1.62265657668e-05 -27.5260515124 -11.4822572702
540 40034 -0.0755680624215 1.61526509363e-05 -27.505642807 -11.4378081543
541 40089 -0.0756957645955 1.63668800668e-05 -27.4853820484 -11.4572303118
542 39281 -0.0758264844762 1.59024799875e-05 -27.4646847706 -11.454897417
543 40346 -0.0759518067284 1.5648105312e-05 -27.4448821386 -11.4524689206
544 42525 -0.076071923763 1.67903640871e-05 -27.425938668 -11.4634098777
545 39916 -0.0762049540117 1.5607465208e-05 -27.4050004361 -11.4749191733
546 42246 -0.0763251541434 1.6680502617e-05 -27.3861192324 -11.4587330273
547 40099 -0.0764570133237 1.60006547619e-05 -27.3654475863 -11.431183389
548 40778 -0.0765824400428 1.59880225092e-05 -27.3458240327 -11.4739676605
549 41522 -0.0767066402724 1.58768980888e-05 -27.3264303719 -11.4335963102
550 42759 -0.0768281796504 1.64566763476e-05 -27.307488705 -11.4907160833
551 41517 -0.0769560277522 1.63275983252e-05 -27.2876026966 -11.4770644023
552 40842 -0.0770839165428 1.63906391322e-05 -27.2677501072 -11.4417153052
553 39922 -0.0772137701494 1.61019868751e-05 -27.247633069 -11.442769511
554 40183 -0.0773409229253 1.55489528572e-05 -27.2279739291 -11.4696438546
555 42782 -0.0774599194564 1.64765617052e-05 -27.209611118 -11.4531598067
556 41456 -0.0775880167238 1.62345075176e-05 -27.1898819623 -11.438831001
557 41169 -0.0777146704367 1.62257732926e-05 -27.1704137903 -11.453305168
558 40921 -0.0778416402049 1.5992496158e-05 -27.1509355022 -11.4575826118
559 41649 -0.0779656860906 1.66626925723e-05 -27.1319428505 -11.4880436246
560 39603 -0.0780982254437 1.58217276168e-05 -27.1116901533 -11.435063198
561 41012 -0.0782218952265 1.56905468866e-05 -27.0928302943 -11.4343036887
562 43041 -0.0783416140142 1.67818958677e-05 -27.0746073772 -11.439699713
563 40435 -0.0784737210325 1.60687509853e-05 -27.0545379672 -11.4484865065
564 40837 -0.0785995913829 1.61661378334e-05 -27.0354541456 -11.4627268518
565 40837 -0.0787262239805 1.61282919199e-05 -27.0162921917 -11.4501489912
566 40994 -0.0788523177619 1.56897571217e-05 -26.9972489745 -11.4507224426
567 43026 -0.0789720519983 1.61022627697e-05 -26.9792004695 -11.4428415025
568 43306 -0.0790945361859 1.6409793549e-05 -26.9607718858 -11.4228784978
569 42249 -0.0792209115888 1.62608649599e-05 -26.9417942538 -11.4332329846
570 41845 -0.079346742861 1.63158116252e-05 -26.9229349725 -11.4231615129
571 41214 -0.0794739614077 1.61459482447e-05 -26.9039048317 -11.4396697364
572 41298 -0.0795997271773 1.63490375543e-05 -26.8851285317 -11.4560672258
573 40539 -0.0797282626663 1.59471729324e-05 -26.8659761417 -11.4329637891
574 41450 -0.0798522528269 1.62125597017e-05 -26.847536768 -11.4583725881
575 41255 -0.0799786037119 1.61817330626e-05 -26.8287823205 -11.4351353258
576 41190 -0.08010481451 1.59247873611e-05 -26.8100848484 -11.4474950354
577 42211 -0.0802275087624 1.64060619678e-05 -26.7919429023 -11.4212423965
578 41196 -0.0803554595073 1.61562795206e-05 -26.7730599147 -11.401449873
579 41237 -0.0804813992391 1.6227633713e-05 -26.7545097038 -11.4340616847
580 40980 -0.0806082907983 1.55142402801e-05 -26.7358553039 -11.4376424858
581 43785 -0.0807256541201 1.69356133473e-05 -26.7186337435 -11.4356074754
582 40498 -0.0808588674906 1.57111609158e-05 -26.6991236519 -11.4253649836
583 42413 -0.080979628312 1.64109860692e-05 -26.6814714697 -11.4202476116
584 41372 -0.0811073441964 1.61725924796e-05 -26.662837859 -11.4209807966
585 41345 -0.0812332468144 1.60817471499e-05 -26.6445041486 -11.410044727
586 41701 -0.0813579071245 1.61062047111e-05 -26.6263858205 -11.4339393134
587 41955 -0.0814823773436 1.61014494779e-05 -26.6083292564 -11.437127113
588 42231 -0.0816064036443 1.63390433767e-05 -26.5903709248 -11.393015808
589 41497 -0.0817333692789 1.62713756245e-05 -26.5720218813 -11.4383791965
590 41056 -0.0818604853973 1.63384738147e-05 -26.5536863507 -11.4153759891
591 40344 -0.0819892468502 1.61607187239e-05 -26.5351493617 -11.4067598709
592 40366 -0.0821165730979 1.60805533257e-05 -26.5168543885 -11.4409647141
593 40718 -0.082242719042 1.5890825495e-05 -26.4987636229 -11.4148533423
594 41872 -0.0823656470512 1.60552750738e-05 -26.4811674011 -11.4222953512
595 42346 -0.0824891504561 1.6415072172e-05 -26.4635215837 -11.4079907123
596 41290 -0.082617025655 1.58979919464e-05 -26.4452856514 -11.4324270773
597 42429 -0.0827391987196 1.59866212431e-05 -26.4278955965 -11.4395616585
598 43209 -0.0828609391984 1.62054858397e-05 -26.4105988255 -11.3935625787
599 43037 -0.0829845931683 1.62742720083e-05 -26.3930625047 -11.3986841001
600 42567 -0.0831094548219 1.62749125413e-05 -26.3753878718 -11.433950362
601 42100 -0.0832350129286 1.61788454166e-05 -26.3576479591 -11.4037918182
602 42046 -0.0833599101074 1.62566386332e-05 -26.3400344729 -11.3752140583
603 41662 -0.0834859849592 1.60524764261e-05 -26.3222882406 -11.4002339059
604 42145 -0.0836097600724 1.57556453044e-05 -26.3048982094 -11.3747394049
605 43939 -0.0837287415077 1.68282626164e-05 -26.2882119406 -11.3822451922
606 41086 -0.0838601613274 1.59235191364e-05 -26.2698156683 -11.4120077383
607 42110 -0.0839829930756 1.60478291128e-05 -26.2526541098 -11.3988748707
608 42619 -0.0841060433505 1.66257307269e-05 -26.2354934655 -11.3855888719
609 40678 -0.0842365303787 1.57935170019e-05 -26.2173299796 -11.4038844356
610 42246 -0.0843581631329 1.63135066922e-05 -26.2004306874 -11.4198612681
611 41619 -0.0844847437741 1.59532686452e-05 -26.1828763401 -11.4129008667
612 42528 -0.0846071992714 1.60813864769e-05 -26.1659254263 -11.393774859
613 42895 -0.0847301085111 1.63780662726e-05 -26.1489426264 -11.3796109753
614 41983 -0.084856638658 1.61303313946e-05 -26.1314917896 -11.3595284533
615 42136 -0.0849810281535 1.56643915238e-05 -26.1143680212 -11.3825581466
616 44338 -0.085098785874 1.65481574528e-05 -26.0981862048 -11.3949911486
617 42653 -0.0852256216867 1.6490636661e-05 -26.0807883855 -11.3511628831
618 41272 -0.0853541137736 1.55019961541e-05 -26.0631965734 -11.3849533661
619 44152 -0.0854708961582 1.67631630089e-05 -26.047236838 -11.4015693673
620 41558 -0.0856010612306 1.61660205029e-05 -26.0294805453 -11.389252912
621 41558 -0.0857265888736 1.61636702131e-05 -26.0123890778 -11.3724950686
622 41568 -0.0858520833014 1.5598945437e-05 -25.9953336665 -11.3703955183
623 44033 -0.0859697554497 1.61340061268e-05 -25.9793699153 -11.3622470872
624 44177 -0.0860912652222 1.66259944561e-05 -25.9629144811 -11.3703871495
625 42164 -0.0862194343867 1.59056780072e-05 -25.9455889833 -11.3819907069
626 43294 -0.0863404402467 1.58771604124e-05 -25.9292616654 -11.3820982649
627 44583 -0.086459469921 1.66925375958e-05 -25.9132292221 -11.3726396052
628 42265 -0.0865879976095 1.60830013408e-05 -25.8959488177 -11.390942169
629 42623 -0.086711311152 1.59576623205e-05 -25.8793999708 -11.3698012584
630 43534 -0.0868323761388 1.64572622517e-05 -25.8631818835 -11.3452336151
631 42267 -0.0869590894185 1.60634716205e-05 -25.8462378351 -11.3909533464
632 42710 -0.0870821283033 1.58296845764e-05 -25.8298150887 -11.3667952647
633 44194 -0.0872013229393 1.65783517069e-05 -25.8139335373 -11.3606335947
634 42384 -0.0873287920041 1.5890780034e-05 -25.7969799956 -11.362800671
635 43585 -0.0874492791874 1.59493445262e-05 -25.7809839568 -11.3863700788
636 44555 -0.0875688877378 1.66694885065e-05 -25.7651322784 -11.3924900265
637 42337 -0.0876971283596 1.58383195794e-05 -25.7481671863 -11.3854588752
638 43770 -0.0878169647576 1.61805394891e-05 -25.7323424374 -11.3530125809
639 43706 -0.0879394794579 1.63579111428e-05 -25.7161924403 -11.3751119808
640 42864 -0.0880645480121 1.64217909413e-05 -25.6997353639 -11.360901108
641 41767 -0.0881917435445 1.53060118713e-05 -25.6830289733 -11.3474474985
642 45582 -0.0883052271097 1.67543488319e-05 -25.668149519 -11.3674510154
643 42942 -0.0884332095913 1.63022133557e-05 -25.6513983166 -11.3497205094
644 42353 -0.0885586014791 1.55474423782e-05 -25.6350162179 -11.3640542809
645 45100 -0.0886744893142 1.66407268202e-05 -25.6199021576 -11.3592947745
646 42980 -0.0888015474253 1.56347868495e-05 -25.603360299 -11.3556049165
647 45363 -0.0889177478977 1.68504617872e-05 -25.5882585235 -11.3695352115
648 42322 -0.0890474049759 1.56107306608e-05 -25.5714377075 -11.3660791496
649 44778 -0.0891641822396 1.60550460013e-05 -25.5563146843 -11.3684562108
650 45286 -0.0892836077737 1.65972491263e-05 -25.5408749581 -11.3684559723
651 43348 -0.0894097949727 1.62068585733e-05 -25.5245898369 -11.3495189908
652 43169 -0.0895332695847 1.57980735634e-05 -25.5086833369 -11.3663105862
653 44813 -0.0896514022852 1.63684601634e-05 -25.4934913675 -11.3406394546
654 43902 -0.0897750622083 1.64448006004e-05 -25.4776161409 -11.3872926645
655 42678 -0.0899010681038 1.55734424119e-05 -25.4614686543 -11.3492673076
656 45326 -0.09001685985 1.65326961351e-05 -25.4466557626 -11.3491041624
657 43672 -0.0901420902752 1.60590552732e-05 -25.4306630073 -11.352188991
658 44149 -0.0902630734014 1.64309045899e-05 -25.4152398285 -11.3733450172
659 42979 -0.0903885317101 1.57008211944e-05 -25.3992742713 -11.3512754446
660 45058 -0.0905056165413 1.58880207983e-05 -25.3844000747 -11.3276627765
661 46348 -0.0906224371879 1.67228022565e-05 -25.3695841739 -11.3262095713
662 43804 -0.0907489162905 1.59602634383e-05 -25.3535711152 -11.3481754397
663 44729 -0.0908683733476 1.64947488811e-05 -25.3384735534 -11.3495146338
664 43263 -0.0909939056272 1.60705668467e-05 -25.3226358048 -11.3245548095
665 43685 -0.0911156175 1.59476569727e-05 -25.3073070237 -11.3147776843
666 44664 -0.0912350661985 1.62909273701e-05 -25.2922890231 -11.3389497549
667 44102 -0.0913578616831 1.60653176505e-05 -25.2768767623 -11.3477610717
668 44555 -0.0914783387952 1.61884584601e-05 -25.2617815522 -11.3426328154
669 44454 -0.091599877675 1.59984640257e-05 -25.2465794041 -11.3552339956
670 45217 -0.0917189727089 1.66447576496e-05 -25.2317082964 -11.3355662337
671 43074 -0.091845923005 1.57794081465e-05 -25.2158838955 -11.33679191
672 44799 -0.0919639342426 1.65031280391e-05 -25.2011992079 -11.3560349761
673 43293 -0.0920894854568 1.61088180579e-05 -25.1856031459 -11.3416155839
674 43545 -0.0922116817133 1.60870437392e-05 -25.1704503642 -11.3179371922
675 43896 -0.09233322481 1.58700498834e-05 -25.1554044679 -11.3296269821
676 45235 -0.0924513398719 1.65966860772e-05 -25.1408076089 -11.3274412965
677 43302 -0.0925775902985 1.55216927094e-05 -25.1252321974 -11.3347104073
678 46231 -0.0926918616922 1.67624523625e-05 -25.1111584732 -11.3512102648
679 43518 -0.0928190563749 1.57481494291e-05 -25.0955196878 -11.3359487927
680 45404 -0.0929360455634 1.60474140795e-05 -25.0811603445 -11.3325650359
681 45954 -0.093054542677 1.66257495225e-05 -25.0666399467 -11.3335912855
682 43861 -0.0931802059054 1.60695559034e-05 -25.0512677842 -11.343170375
683 44293 -0.093301071417 1.60104776606e-05 -25.036508051 -11.3296321901
684 44998 -0.0934205451275 1.59924989749e-05 -25.0219428247 -11.3332577702
685 45798 -0.0935388381194 1.62592309277e-05 -25.0075455252 -11.3105172639
686 45367 -0.0936596734424 1.63903562535e-05 -24.992863381 -11.3198169932
687 44347 -0.0937828771454 1.60134468107e-05 -24.9779189794 -11.3464320752
688 45039 -0.0939023182357 1.62843342499e-05 -24.963455509 -11.3274085413
689 44502 -0.0940245110877 1.61233920352e-05 -24.9486837516 -11.3316152207
690 44695 -0.0941452343274 1.65935084689e-05 -24.9341143565 -11.3274054487
691 42799 -0.0942722003639 1.56405854322e-05 -24.9188179783 -11.326925885
692 45145 -0.0943887238072 1.64955366379e-05 -24.9048034651 -11.3303300368
693 43661 -0.0945136873323 1.55003679685e-05 -24.8897990776 -11.2994212566
694 46716 -0.0946272084568 1.65502296379e-05 -24.8761911633 -11.3254150974
695 44931 -0.0947508023821 1.62528206188e-05 -24.8614001959 -11.3110683778
696 44537 -0.0948727102252 1.60822824999e-05 -24.8468358526 -11.3143998242
697 44918 -0.0949928275018 1.59664826737e-05 -24.8325095018 -11.3107104514
698 45837 -0.0951108771783 1.61051847127e-05 -24.8184529787 -11.3187969361
699 46121 -0.0952295853492 1.60215402721e-05 -24.8043412087 -11.3319838087
700 46803 -0.0953468141634 1.66232909928e-05 -24.7904280413 -11.3088215783
701 44682 -0.0954712984901 1.65242998348e-05 -24.7756784409 -11.3270395814
702 43088 -0.0955973104475 1.54341457769e-05 -24.7607736645 -11.3166131782
703 46414 -0.0957107131257 1.60250412154e-05 -24.7473824819 -11.3094508471
704 47083 -0.0958276176421 1.64828693767e-05 -24.7335997071 -11.3105716733
705 45594 -0.0959498098376 1.6048604996e-05 -24.7192172605 -11.2972075512
706 46141 -0.0960680757155 1.66672374054e-05 -24.7053200021 -11.3035381699
707 43855 -0.0961940616692 1.5678384872e-05 -24.6905404464 -11.2912436345
708 46082 -0.0963096737149 1.59375645866e-05 -24.6770003932 -11.3112123859
709 47163 -0.0964258411739 1.65359752853e-05 -24.6634169566 -11.3408722999
710 45426 -0.0965486532786 1.57768425103e-05 -24.6490801225 -11.2908435226
711 47257 -0.0966635351501 1.64100143006e-05 -24.6356909161 -11.3298515072
712 46102 -0.0967845153281 1.63714037846e-05 -24.6216137643 -11.2860437775
713 45152 -0.0969064743757 1.52508746915e-05 -24.6074463278 -11.2968359386
714 49553 -0.097014923225 1.70279249609e-05 -24.5948681809 -11.2976815622
715 45407 -0.0971414166933 1.59903315685e-05 -24.5802207544 -11.2911806423
716 46224 -0.0972591468102 1.64823999339e-05 -24.5666108456 -11.3239762714
717 44765 -0.0973824627063 1.61406301587e-05 -24.5523786762 -11.2721145531
718 44881 -0.0975030649217 1.61220533835e-05 -24.5384828707 -11.2959163043
719 45082 -0.0976232592086 1.61547260993e-05 -24.52465681 -11.2846079404
720 45134 -0.097743627671 1.61703180361e-05 -24.510833414 -11.3103234795
721 45115 -0.097864138177 1.60037337751e-05 -24.4970164082 -11.2919428281
722 45865 -0.0979824281109 1.59687371152e-05 -24.4834760401 -11.2831629829
723 46793 -0.0980992825801 1.61332246983e-05 -24.4701213756 -11.304647731
724 46949 -0.0982171439938 1.65669884342e-05 -24.4566731176 -11.2926849211
725 45078 -0.0983406605894 1.5990985395e-05 -24.4426026907 -11.2816083363
726 45886 -0.0984588283027 1.59394602403e-05 -24.4291636592 -11.2624855514
727 46954 -0.0985752686515 1.66149372784e-05 -24.4159421452 -11.2761346684
728 44864 -0.0986994376007 1.54219474732e-05 -24.4018660537 -11.2767131001
729 48387 -0.0988104163016 1.64283685975e-05 -24.3893052724 -11.3063281863
730 47117 -0.098930220664 1.63274062826e-05 -24.3757667603 -11.2888918304
731 46352 -0.0990502665577 1.6112400629e-05 -24.3622229543 -11.2804218899
732 46605 -0.099168409567 1.64818252326e-05 -24.3489152868 -11.2792888804
733 45136 -0.0992912125089 1.59719798228e-05 -24.3351052258 -11.2465070653
734 46034 -0.0994090501829 1.62042386956e-05 -24.3218750597 -11.2935473246
735 45856 -0.0995288331079 1.64430835779e-05 -24.308448037 -11.2712101375
736 44586 -0.0996521015122 1.59591833856e-05 -24.2946529368 -11.295313603
737 45532 -0.0997704918444 1.62688803702e-05 -24.2814253025 -11.27311971
738 45060 -0.0998918109044 1.55864981569e-05 -24.2678923035 -11.2727459424
739 47792 -0.100004669903 1.62193759852e-05 -24.2553228347 -11.2902851156
740 47534 -0.100122429329 1.62169309961e-05 -24.2422279097 -11.2653953044
741 47290 -0.100240475461 1.64171302263e-05 -24.2291218836 -11.2882113123
742 46101 -0.10036150953 1.59916868262e-05 -24.215705676 -11.283754306
743 46924 -0.100478368079 1.61150491606e-05 -24.2027729688 -11.3035028108
744 47168 -0.100595823889 1.61753328984e-05 -24.1897945678 -11.2467771659
745 47124 -0.100713773973 1.59841841416e-05 -24.176782091 -11.2655936422
746 48002 -0.100829258923 1.6475825081e-05 -24.1640614692 -11.2575792633
747 46517 -0.100950180862 1.61934664762e-05 -24.1507630159 -11.2764939377
748 46388 -0.10106919602 1.58067567484e-05 -24.1376952421 -11.262631974
749 48112 -0.10118326918 1.62517161181e-05 -24.1251895864 -11.2549667343
750 47696 -0.101301063443 1.62260059005e-05 -24.1122959681 -11.2591230676
751 47407 -0.101419029172 1.61656281476e-05 -24.0994038764 -11.2715263823
752 47409 -0.101536553092 1.61032946969e-05 -24.0865802188 -11.2826953778
753 47712 -0.101653251704 1.63884989629e-05 -24.0738664711 -11.2605560905
754 46648 -0.101773364661 1.59058967945e-05 -24.0608013632 -11.2358891594
755 47897 -0.101888410679 1.63242676478e-05 -24.0483069688 -11.2851218273
756 47135 -0.102007433254 1.62903828849e-05 -24.0354008078 -11.2797602336
757 46544 -0.102126959406 1.60066289845e-05 -24.0224605681 -11.2776215879
758 47303 -0.102243457495 1.62719107981e-05 -24.0098679049 -11.2600658479
759 46798 -0.102362524301 1.59347987317e-05 -23.997017681 -11.2638585732
760 47910 -0.102477763477 1.64952659264e-05 -23.9845998591 -11.2573806788
761 46337 -0.10259906379 1.62264559651e-05 -23.9715493775 -11.2745752257
762 46054 -0.102718752957 1.57339174203e-05 -23.9586927676 -11.2631976095
763 48120 -0.102832290596 1.59917975855e-05 -23.9465157404 -11.2548543255
764 48979 -0.102946672758 1.6355016638e-05 -23.9342666114 -11.248432559
765 48049 -0.103064779067 1.66420981561e-05 -23.9216380808 -11.2503847471
766 45784 -0.103187895059 1.57844998987e-05 -23.9084948411 -11.2658507439
767 47593 -0.103302426978 1.61992610907e-05 -23.8962871524 -11.2310536815
768 47433 -0.103420165786 1.57109632664e-05 -23.8837568554 -11.2466964951
769 49677 -0.103531747422 1.68270489952e-05 -23.8718997642 -11.2451287173
770 46457 -0.103655328004 1.60586410755e-05 -23.8587879397 -11.2265440717
771 46966 -0.103772623255 1.56067733609e-05 -23.8463626965 -11.2385410671
772 49711 -0.103883426414 1.66168529818e-05 -23.8346427632 -11.2619873223
773 47490 -0.104004128646 1.59623530467e-05 -23.8218951886 -11.2399230267
774 48482 -0.104118883361 1.63437185178e-05 -23.8097944685 -11.2355329468
775 47616 -0.104237443535 1.61664191774e-05 -23.7973115971 -11.2188272225
776 47615 -0.104354719694 1.59636049886e-05 -23.7849830001 -11.2389801355
777 48604 -0.104469339953 1.64974815056e-05 -23.7729519031 -11.2391797347
778 46997 -0.104589800857 1.60688921198e-05 -23.7603271971 -11.2436385237
779 47463 -0.104706555463 1.58454279649e-05 -23.7481099075 -11.2401570404
780 49034 -0.104819827534 1.66059995485e-05 -23.7362748533 -11.226756231
781 46894 -0.104941213976 1.59174903636e-05 -23.7236114203 -11.250770873
782 48092 -0.105056109084 1.6196543783e-05 -23.7116436703 -11.2452031582
783 47944 -0.105173199684 1.62569920687e-05 -23.699465688 -11.2482985139
784 47504 -0.105291270048 1.61839523531e-05 -23.6872046288 -11.271808418
785 47418 -0.105408916322 1.59797348192e-05 -23.6750063681 -11.2353575194
786 48324 -0.105523984664 1.63486673189e-05 -23.6630934767 -11.2369985925
787 47437 -0.105642804278 1.57423050867e-05 -23.6508109369 -11.2346909618
788 49523 -0.105754781953 1.6229745304e-05 -23.6392530254 -11.2176924173
789 49204 -0.105870599889 1.62960066362e-05 -23.6273164282 -11.2313904308
790 48560 -0.105987659821 1.62829219059e-05 -23.6152700677 -11.2192580872
791 47988 -0.106105320691 1.58506378356e-05 -23.6031803058 -11.2609011311
792 49550 -0.106218038302 1.62769077465e-05 -23.5916157686 -11.2385851783
793 48996 -0.106334439284 1.6235898307e-05 -23.5796910571 -11.2446441941
794 48650 -0.106450958929 1.61397107457e-05 -23.5677721929 -11.2346964167
795 48780 -0.10656663357 1.60928471941e-05 -23.5559575436 -11.2285702646
796 49144 -0.106681544963 1.5996355425e-05 -23.5442383516 -11.2338266052
797 49998 -0.106794787632 1.66391611475e-05 -23.5327063729 -11.2072520902
798 47656 -0.10691544088 1.58483966159e-05 -23.5204383037 -11.2198416753
799 49218 -0.107028521575 1.63094923081e-05 -23.5089575603 -11.2503229805
800 48507 -0.107145741867 1.61774772004e-05 -23.4970742143 -11.221027427
801 48451 -0.107262080671 1.63219764548e-05 -23.4852979855 -11.2308481144
802 47691 -0.107380390465 1.6330394617e-05 -23.473340347 -11.2241665809
803 46903 -0.107499751675 1.58726517283e-05 -23.4612948981 -11.2236695997
804 48321 -0.107614051619 1.61914971018e-05 -23.4497775497 -11.2011765528
805 48197 -0.107730798143 1.59317200896e-05 -23.4380311468 -11.2203622731
