100 100000 0.95 reinforce cheb_reinforce 30000000

1 100 0 1.10508540834e-05 -56.6666666667 -12.4094246671
2 9477 -0.000130361129275 1.21996182671e-05 -56.5457233717 -12.1523379709
3 14246 -0.000247739794534 1.56131415527e-05 -56.4373229576 -12.1671074094
4 15069 -0.000393802183184 1.65765576666e-05 -56.3030874627 -12.1387675975
5 14455 -0.000552138645881 1.54513328044e-05 -56.1583853921 -12.1833636518
6 15544 -0.000694462804977 1.67957092955e-05 -56.0290332955 -12.1136819724
7 14583 -0.000854186837042 1.69037214739e-05 -55.8846682606 -12.1389427464
8 13532 -0.00102106122901 1.60997770302e-05 -55.7347376569 -12.1382888381
9 13624 -0.00117946513585 1.49868093562e-05 -55.5932582658 -12.0927584269
10 15360 -0.00131833448498 1.74198506688e-05 -55.4698942789 -12.12284617
11 13527 -0.00149033901718 1.51593116452e-05 -55.3179527316 -12.1069701536
12 14985 -0.00163255413434 1.59946153459e-05 -55.1930370528 -12.1328673834
13 15248 -0.0017813033111 1.67355531728e-05 -55.0630652081 -12.1101585173
14 14393 -0.00194150339576 1.61750412367e-05 -54.9238627991 -12.109974304
15 14380 -0.00209640476776 1.63184726745e-05 -54.7900224157 -12.1649937364
16 14160 -0.00225389202269 1.58846478273e-05 -54.6547051713 -12.107819596
17 14571 -0.00240501501538 1.60253566947e-05 -54.5255684157 -12.0686113932
18 14781 -0.00255638850153 1.6426366076e-05 -54.3969111272 -12.180392018
19 14396 -0.0027136097463 1.57542442564e-05 -54.2640125209 -12.1626162327
20 15011 -0.00286127726692 1.56945251867e-05 -54.1398605998 -12.0794157954
21 15748 -0.00300490359565 1.68595749115e-05 -54.0197249185 -12.1163320139
22 14679 -0.0031647095716 1.57903404999e-05 -53.8867671486 -12.1111459334
23 15250 -0.00331155075461 1.62834636431e-05 -53.7652513721 -12.1258953267
24 15070 -0.00346388096837 1.64960647194e-05 -53.6398512326 -12.0709866615
25 14574 -0.00362080165554 1.6303602237e-05 -53.511367272 -12.0839763289
26 14372 -0.00377697682425 1.56831626291e-05 -53.3841885096 -12.1160869322
27 15095 -0.00392357041972 1.67099246043e-05 -53.2654379967 -12.1220818851
28 14285 -0.00408412506196 1.56757571386e-05 -53.1360677206 -12.0628297061
29 15015 -0.00423103965544 1.65597936941e-05 -53.0183149649 -12.142263389
30 14428 -0.00438936555332 1.58858005521e-05 -52.8920812047 -12.1364644217
31 14845 -0.00453909804086 1.55701205371e-05 -52.7733289859 -12.097893391
32 15772 -0.00468147730633 1.71167947982e-05 -52.6609722637 -12.0750232022
33 14323 -0.00484572512548 1.57049775652e-05 -52.5320355531 -12.0759406009
34 15010 -0.00499293659783 1.67667016428e-05 -52.4170844728 -12.1195358616
35 14123 -0.00515495788249 1.60477090299e-05 -52.2912323213 -12.0794098951
36 14294 -0.00530910273714 1.56644648231e-05 -52.1721384338 -12.0845070532
37 15041 -0.00545578108292 1.60427473042e-05 -52.0593883191 -12.1096488497
38 15231 -0.0056050641316 1.67251812671e-05 -51.9452074804 -12.0862297905
39 14392 -0.00576517006046 1.65170579212e-05 -51.8233844809 -12.0944257729
40 13889 -0.00592612001196 1.56212975288e-05 -51.7015773739 -12.0481747039
41 14679 -0.00607418630821 1.5956990731e-05 -51.5900988069 -12.1309684923
42 14994 -0.00622383828087 1.64452304257e-05 -51.4779851112 -12.0880671856
43 14576 -0.00638026764533 1.59369124381e-05 -51.3613899667 -12.0706702911
44 14919 -0.00653010566326 1.65350567901e-05 -51.2502745677 -12.1116925352
45 14371 -0.00668850409608 1.58190720907e-05 -51.1334095124 -12.0762228743
46 14887 -0.00683739764309 1.60037627832e-05 -51.0241137308 -12.1036904716
47 15135 -0.0069867903175 1.66215115489e-05 -50.9149896553 -12.079269327
48 14452 -0.00714557106396 1.68311463118e-05 -50.7995945045 -12.0735162842
49 13510 -0.00731186754672 1.53203485971e-05 -50.6793801318 -12.0739714289
50 14723 -0.00745686775153 1.58423118629e-05 -50.5750933699 -12.0672116018
51 15215 -0.00760436072688 1.60370248426e-05 -50.4695191093 -12.0856301302
52 15416 -0.00775269168449 1.66228923963e-05 -50.36385537 -12.0792179821
53 14718 -0.00791004274696 1.54731953462e-05 -50.2523214771 -12.0732931762
54 15792 -0.0080514462668 1.67612572753e-05 -50.1525757815 -12.029079162
55 14867 -0.00820931021503 1.67353633081e-05 -50.0417564963 -12.0472982436
56 14033 -0.00837154665416 1.48944231076e-05 -49.9284542933 -12.0307848435
57 15971 -0.00850689466987 1.69028460826e-05 -49.8343819462 -12.0645955598
58 14822 -0.0086663376195 1.58435100237e-05 -49.7240858071 -12.0878689161
59 15316 -0.00881335726053 1.65098832136e-05 -49.6228815836 -12.0883875926
60 14791 -0.00896925222047 1.59017913777e-05 -49.5160859371 -12.0037745253
61 15194 -0.00911740503261 1.60891602338e-05 -49.4150847242 -12.1052733936
62 15313 -0.00926671553686 1.67290302449e-05 -49.3137746187 -12.0867685601
63 14464 -0.00942646012155 1.5656169117e-05 -49.2059148852 -12.0658855149
64 15233 -0.00957213529642 1.5963395585e-05 -49.1080291479 -12.028399065
65 15550 -0.00971914752069 1.62976187937e-05 -49.0097004476 -12.0440861325
66 15344 -0.00987024073249 1.60654415649e-05 -48.9091156528 -12.096940751
67 15502 -0.0100184221266 1.604099481e-05 -48.8109322088 -12.0759132417
68 15700 -0.0101654395859 1.64912454867e-05 -48.7139698536 -12.0415093154
69 15191 -0.0103190971653 1.61971909598e-05 -48.6131037254 -12.0660420849
70 15144 -0.0104702513169 1.61694811338e-05 -48.5143518854 -12.0196734376
71 15139 -0.0106211685392 1.64803505816e-05 -48.4162175412 -12.0306419536
72 14664 -0.0107774574992 1.61336294003e-05 -48.3150740869 -12.0409856505
73 14713 -0.0109302066753 1.55694253596e-05 -48.2166938013 -12.0180174237
74 15633 -0.0110732117645 1.65300754355e-05 -48.1250096291 -12.0247061493
75 15067 -0.0112278650091 1.6569200503e-05 -48.0263118326 -12.0146316979
76 14464 -0.0113860826775 1.53266585945e-05 -47.92582439 -12.0086989896
77 15752 -0.0115263221855 1.62163696466e-05 -47.8371626229 -12.0149677285
78 15672 -0.0116750807196 1.66740135969e-05 -47.7435305499 -12.0305116314
79 14885 -0.0118320274681 1.63396393251e-05 -47.645205274 -11.9959881863
80 14626 -0.011987187413 1.57091420643e-05 -47.5484611084 -11.9995354269
81 15321 -0.0121329355143 1.60139205072e-05 -47.4580005862 -11.9904696127
82 15560 -0.0122803665152 1.66917249251e-05 -47.3669020328 -12.0149991046
83 14753 -0.0124381860324 1.54822750859e-05 -47.26983432 -12.0119808479
84 15815 -0.0125795698656 1.69643293713e-05 -47.1832679375 -12.0295380388
85 14586 -0.0127408819521 1.52574302972e-05 -47.0849498038 -12.0495462608
86 15997 -0.0128794139566 1.64561187682e-05 -47.000896115 -12.0359715797
87 15534 -0.0130310439053 1.61317651224e-05 -46.9092953162 -12.0630885506
88 15589 -0.0131794228178 1.63980463407e-05 -46.8200605728 -12.0270005068
89 15227 -0.0133320320972 1.57408168252e-05 -46.7286938048 -11.9428383069
90 15899 -0.0134753934802 1.61803703477e-05 -46.6432419067 -11.9737500764
91 15876 -0.0136228644388 1.66152931639e-05 -46.5557202204 -12.0222898863
92 15169 -0.0137777885794 1.54285080867e-05 -46.4641872823 -11.9848661504
93 16350 -0.0139163565955 1.63635558431e-05 -46.3826733553 -12.0362382548
94 16026 -0.0140647987139 1.70413869221e-05 -46.2957208155 -12.0063267818
95 14665 -0.0142264031252 1.60415342069e-05 -46.2014904227 -12.0190537844
96 14852 -0.0143775670775 1.63467872384e-05 -46.1137528571 -12.0015647685
97 14583 -0.0145330235997 1.57136831322e-05 -46.0239294244 -11.9869705918
98 15269 -0.0146790623053 1.65091464813e-05 -45.9399198371 -11.964910422
99 14747 -0.0148351842144 1.53748144263e-05 -45.8505059505 -11.964902203
100 15982 -0.0149748497711 1.61478130332e-05 -45.7708615932 -12.0019534399
101 16012 -0.0151213990615 1.65081029184e-05 -45.687639504 -11.9795912347
102 15466 -0.0152738380044 1.67363042302e-05 -45.6014482606 -12.0101574055
103 14597 -0.0154329182318 1.51122357185e-05 -45.5119074742 -11.949315805
104 16248 -0.0155690697558 1.67602985886e-05 -45.435599292 -11.9940973416
105 15298 -0.0157246862505 1.57655365274e-05 -45.3487484572 -11.9893051379
106 15933 -0.0158681191818 1.66731381145e-05 -45.2690417189 -12.0122233826
107 15135 -0.0160237600624 1.59362712947e-05 -45.1829221996 -12.0106732522
108 15493 -0.0161707942677 1.61182320321e-05 -45.1019176492 -12.0030363757
109 15569 -0.016319142838 1.583664292e-05 -45.0205340461 -11.9880146068
110 16099 -0.016462479957 1.63827801944e-05 -44.9422268961 -11.9909987432
111 15749 -0.016612396617 1.59580499913e-05 -44.8606671422 -11.9897537982
112 16085 -0.0167568927988 1.63170434825e-05 -44.7823851047 -11.9980522827
113 15841 -0.0169057756939 1.54864844886e-05 -44.7020620047 -11.9673951079
114 16974 -0.0170422841811 1.69294118147e-05 -44.6287123737 -11.9935983716
115 15710 -0.017197396409 1.64956169912e-05 -44.5457096457 -11.9566745258
116 15194 -0.0173510798544 1.58981120026e-05 -44.4638292864 -11.9414289535
117 15613 -0.0174971935667 1.58222166079e-05 -44.3863101455 -12.000523776
118 16168 -0.0176400934481 1.59117159754e-05 -44.3108035698 -11.9813109927
119 16591 -0.0177819568348 1.65304059542e-05 -44.2361436429 -11.9732380142
120 15989 -0.0179320842058 1.65845536506e-05 -44.1574570085 -11.999899825
121 15325 -0.0180859343794 1.5735136065e-05 -44.077161036 -11.9668205392
122 16011 -0.018228743853 1.69044785797e-05 -44.0029351318 -11.969832064
123 14856 -0.0183880160684 1.58632901784e-05 -43.9205000138 -11.941737918
124 15320 -0.01853519848 1.57978352185e-05 -43.8446459007 -11.9929693898
125 15904 -0.0186790578432 1.64694025354e-05 -43.7708029676 -11.9718138222
126 15422 -0.0188313557832 1.61488451068e-05 -43.6929481959 -11.9510966431
127 15449 -0.018980559428 1.60119080036e-05 -43.6169921214 -11.9746587964
128 15693 -0.0191273449561 1.58293238962e-05 -43.5425712365 -11.9730957772
129 16239 -0.0192699956403 1.64993112287e-05 -43.4705340769 -11.9721945613
130 15700 -0.0194212173475 1.61552665231e-05 -43.3944760587 -11.9543849538
131 15718 -0.0195692011253 1.56715204168e-05 -43.3203510419 -11.9372134064
132 16528 -0.0197091906464 1.66604258729e-05 -43.2505058985 -11.9450680971
133 15720 -0.0198617894746 1.60194104177e-05 -43.1746729475 -11.9166993364
134 15956 -0.0200074278994 1.60782000067e-05 -43.1025922988 -11.9270003019
135 16099 -0.0201529493142 1.615104242e-05 -43.0308540365 -11.9469761743
136 16124 -0.020299018241 1.61260192991e-05 -42.959130152 -11.9767636725
137 16190 -0.0204445628448 1.63731949036e-05 -42.8879453527 -11.9531713483
138 15854 -0.0205938975134 1.62928637198e-05 -42.8151973336 -11.9176484844
139 15652 -0.0207434553756 1.6021109584e-05 -42.7426337023 -11.9225950958
140 15884 -0.0208894378906 1.62150106794e-05 -42.6720860071 -11.925234133
141 15806 -0.0210375543991 1.59724375491e-05 -42.6007893005 -11.9309284981
142 16120 -0.0211820253207 1.59152867772e-05 -42.5315197245 -11.926707682
143 16536 -0.0213241574103 1.60767856524e-05 -42.4636324569 -11.9465445948
144 16687 -0.021467081131 1.64450353182e-05 -42.3956265395 -11.9567551782
145 16222 -0.0216153597225 1.66828971613e-05 -42.325346082 -11.9001481934
146 15394 -0.0217697746297 1.52585764014e-05 -42.2524513849 -11.994960132
147 16882 -0.0219046399978 1.64016531985e-05 -42.1890296195 -11.9118792542
148 16484 -0.0220513477533 1.67495634178e-05 -42.1202959133 -11.9017383432
149 15537 -0.0222056633096 1.57123195303e-05 -42.0482853094 -11.9291280741
150 16270 -0.0223471253941 1.66748184417e-05 -41.9825301016 -11.9585863566
151 15452 -0.0225011745912 1.56713755315e-05 -41.9112024719 -11.8987670924
152 16248 -0.0226423615579 1.60110309871e-05 -41.8460837523 -11.9397349998
153 16506 -0.0227854782701 1.58656110718e-05 -41.7803209887 -11.9359130836
154 17018 -0.022925147474 1.64940169759e-05 -41.7163798482 -11.937740627
155 16462 -0.0230727805138 1.68229108e-05 -41.6490464362 -11.9175810726
156 15402 -0.0232284530178 1.55628842774e-05 -41.5783270291 -11.9358483487
157 16375 -0.0233681177153 1.58349628983e-05 -41.5151235128 -11.8920621282
158 16935 -0.0235078559485 1.61974078545e-05 -41.4521162051 -11.9378430638
159 16882 -0.0236510191019 1.60533331787e-05 -41.3878013786 -11.8740402215
160 17077 -0.0237920962602 1.69354838419e-05 -41.3246568076 -11.9551624501
161 15796 -0.02394684308 1.56661722275e-05 -41.2556585031 -11.9203131867
162 16619 -0.024086400954 1.62233241287e-05 -41.1936687559 -11.9287496835
163 16523 -0.0242313404427 1.63076180181e-05 -41.1295243023 -11.9226867727
164 16288 -0.0243780817321 1.64024659791e-05 -41.0648257908 -11.8871402157
165 15902 -0.0245274542016 1.60472645157e-05 -40.9992172522 -11.8908236088
166 16095 -0.0246727137903 1.58163181234e-05 -40.9356558126 -11.85617619
167 16677 -0.0248133630735 1.67781867689e-05 -40.8743365376 -11.8741747188
168 15674 -0.0249672684028 1.59833630458e-05 -40.8074900321 -11.9396575736
169 15968 -0.0251125261598 1.55606691781e-05 -40.7446397369 -11.9012269199
170 16981 -0.025249658289 1.652865841e-05 -40.6855181782 -11.9011738786
171 16368 -0.0253980228366 1.63448064903e-05 -40.6217856488 -11.9081246153
172 16074 -0.0255460724766 1.52434367638e-05 -40.5584270793 -11.9085185304
173 17654 -0.0256778217875 1.63822094225e-05 -40.5022437398 -11.9303026776
174 17272 -0.0258209746661 1.65867145378e-05 -40.4414092158 -11.9131040005
175 16551 -0.0259690359416 1.62869144453e-05 -40.3787196091 -11.8582652666
176 16350 -0.0261153132281 1.56497568534e-05 -40.3170145568 -11.8536907645
177 17230 -0.0262522283599 1.67494069365e-05 -40.2594641063 -11.8679253412
178 16241 -0.0264031636769 1.60192084909e-05 -40.19624927 -11.8759440629
179 16485 -0.0265464437965 1.55934192233e-05 -40.1364614124 -11.8547530632
180 17473 -0.0266819178411 1.73705392575e-05 -40.0801276384 -11.9067892209
181 15465 -0.0268423292199 1.53779344586e-05 -40.0136702119 -11.9356554523
182 16755 -0.0269787634226 1.66269961507e-05 -39.9573551395 -11.9789179931
183 15990 -0.0271297647846 1.52164454664e-05 -39.8952497665 -11.8125781324
184 17611 -0.0272614447193 1.73961149893e-05 -39.841280938 -11.8831609142
185 15547 -0.0274216691908 1.53033924507e-05 -39.7758503955 -11.9026781235
186 16972 -0.0275565708479 1.65104359464e-05 -39.7209617591 -11.8830405412
187 16390 -0.0277046742218 1.64022235444e-05 -39.6609119579 -11.8671086381
188 16002 -0.0278535771391 1.63351940876e-05 -39.6007587381 -11.8460238469
189 15730 -0.0280031493198 1.57041316727e-05 -39.5405567924 -11.8772273052
190 16486 -0.0281436091806 1.6082219616e-05 -39.484223674 -11.8904930701
191 16627 -0.0282868373445 1.64068490493e-05 -39.426979888 -11.8951989695
192 16226 -0.0284347516091 1.61248975818e-05 -39.3680736495 -11.83435605
193 16294 -0.0285798196807 1.59751188849e-05 -39.3105074893 -11.86498156
194 16613 -0.0287221539867 1.58455253671e-05 -39.2542239421 -11.9014793298
195 17163 -0.0288610546814 1.65513971296e-05 -39.1994860663 -11.8639214677
196 16506 -0.0290090039729 1.60958474481e-05 -39.1413854216 -11.8897257666
197 16624 -0.0291523657409 1.62401386452e-05 -39.0852851527 -11.8454595853
198 16500 -0.0292975574205 1.56663067511e-05 -39.0286672172 -11.8954389939
199 17359 -0.0294341077125 1.72457273361e-05 -38.9756002898 -11.8547130006
200 15559 -0.0295928810311 1.50717342064e-05 -38.9141166997 -11.8806776169
201 17390 -0.0297241317746 1.640908027e-05 -38.8634684959 -11.8894627926
202 16967 -0.0298688007519 1.60130769093e-05 -38.8078275217 -11.8535975708
203 17233 -0.0300088846977 1.65907839783e-05 -38.7541341248 -11.8472871928
204 16507 -0.0301571803748 1.60119924227e-05 -38.6974896126 -11.8685991983
205 16768 -0.0302991853307 1.5919831134e-05 -38.6434363199 -11.8392402266
206 17193 -0.0304386159691 1.64596772306e-05 -38.5905413039 -11.81789993
207 16689 -0.0305849349581 1.5710305248e-05 -38.5352221945 -11.8377324848
208 17480 -0.0307213958969 1.64486071692e-05 -38.483803797 -11.846563668
209 16987 -0.0308663297528 1.61846823177e-05 -38.4293754246 -11.8644085298
210 16955 -0.0310090691286 1.63394316527e-05 -38.3759541127 -11.8511071433
211 16660 -0.0311544459086 1.54202653226e-05 -38.3217313983 -11.851004351
212 17972 -0.0312865419489 1.69654517582e-05 -38.2726238152 -11.8684242314
213 16573 -0.0314378829974 1.58317138329e-05 -38.2165500331 -11.7951173963
214 17146 -0.0315767325736 1.62228566104e-05 -38.1652804665 -11.8445991601
215 17048 -0.0317194197499 1.60022676418e-05 -38.1127684363 -11.8296495502
216 17334 -0.031858999573 1.65504811187e-05 -38.0615703363 -11.8344504781
217 16672 -0.0320062023117 1.57125209631e-05 -38.0077577622 -11.8374491482
218 17458 -0.0321427674339 1.67531400501e-05 -37.9579998666 -11.8677805297
219 16449 -0.0322927757124 1.56465271099e-05 -37.9035270368 -11.868686498
220 17341 -0.0324292276348 1.57468103731e-05 -37.8541426464 -11.8014319824
221 18095 -0.0325636587653 1.67354750362e-05 -37.8056432275 -11.7944969613
222 17080 -0.0327107159141 1.63078448342e-05 -37.7527624309 -11.8374072016
223 16836 -0.0328550483315 1.62710730254e-05 -37.7010371218 -11.8398215024
224 16658 -0.0329998247977 1.55457624142e-05 -37.6493266538 -11.8331552311
225 17742 -0.0331338565475 1.63459353356e-05 -37.601608499 -11.8394466036
226 17422 -0.0332760759119 1.59258265162e-05 -37.5511371085 -11.8284634001
227 17852 -0.0334129576655 1.68747240773e-05 -37.5027164745 -11.8005780222
228 16615 -0.0335633015579 1.58366848883e-05 -37.4497097905 -11.8230915287
229 17180 -0.0337020540953 1.6127286847e-05 -37.4009526124 -11.808840793
230 17248 -0.0338430748357 1.61558218234e-05 -37.3515576856 -11.833408121
231 17266 -0.0339842706192 1.63257233422e-05 -37.302261559 -11.8405638878
232 16989 -0.0341281112634 1.58417404414e-05 -37.2522059699 -11.8033290695
233 17558 -0.034265407084 1.65082498089e-05 -37.2045815436 -11.8231080836
234 16959 -0.0344109825857 1.56998397327e-05 -37.1542481931 -11.7874695014
235 17782 -0.0345461907951 1.68199089853e-05 -37.1076490235 -11.824371465
236 16642 -0.0346959244173 1.55420227097e-05 -37.0562110678 -11.8348188276
237 17731 -0.0348299628373 1.68154259638e-05 -37.0103133813 -11.8382873252
238 16601 -0.0349798376217 1.59221668377e-05 -36.9591582967 -11.8442187556
239 17018 -0.0351200049959 1.61973771227e-05 -36.9114737327 -11.8153104016
240 16964 -0.035262818112 1.58522526949e-05 -36.8630446043 -11.7625667
241 17514 -0.0354003796519 1.66640748409e-05 -36.8165440444 -11.7640619632
242 16652 -0.0355486806653 1.56843247708e-05 -36.766574759 -11.8041837884
243 17487 -0.0356848872884 1.68408674765e-05 -36.7208276304 -11.7932578929
244 16331 -0.0358362274265 1.5601531064e-05 -36.6701619655 -11.7745293967
245 17295 -0.0359724656948 1.62573736247e-05 -36.624699324 -11.7693325249
246 17136 -0.0361150886898 1.61770057079e-05 -36.5772548359 -11.7890461447
247 17117 -0.0362570834201 1.6341748397e-05 -36.5301697754 -11.7693636692
248 16815 -0.0364018081402 1.62366060288e-05 -36.4823331811 -11.816451646
249 16695 -0.0365461155905 1.53668476927e-05 -36.4347882911 -11.8084447668
250 18108 -0.0366772591035 1.65841030987e-05 -36.3917130864 -11.8420904325
251 17357 -0.0368218202822 1.58576800618e-05 -36.3443763287 -11.7661064319
252 17909 -0.0369578996204 1.62780072546e-05 -36.2999558354 -11.792062949
253 17707 -0.037098381257 1.54555564613e-05 -36.2542389269 -11.7982226871
254 19033 -0.0372270364061 1.6657793572e-05 -36.212495488 -11.8361176154
255 18107 -0.0373691976302 1.65096424059e-05 -36.1665079834 -11.7994343479
256 17487 -0.0375125714532 1.62362815893e-05 -36.1202744164 -11.827228674
257 17363 -0.0376540738215 1.56923605758e-05 -36.0747876231 -11.7946584313
258 18219 -0.0377875853664 1.65917107167e-05 -36.0319994504 -11.7691280734
259 17450 -0.0379318272316 1.59362141012e-05 -35.9859135097 -11.7601002832
260 17862 -0.0380687605258 1.5850484166e-05 -35.9422976979 -11.7711699356
261 18444 -0.038202792576 1.64561236928e-05 -35.8997327619 -11.7676056785
262 17910 -0.0383440063117 1.6055242345e-05 -35.8550221914 -11.7903411897
263 18113 -0.0384810044241 1.70142791519e-05 -35.8117782197 -11.7621771752
264 16621 -0.0386325637157 1.51651451292e-05 -35.7640885599 -11.8061912929
265 18401 -0.0387609486479 1.61282932228e-05 -35.7238141574 -11.7825657455
266 18472 -0.0388972258268 1.60443035008e-05 -35.681187047 -11.757642875
267 18702 -0.0390319570702 1.67582342305e-05 -35.6391675813 -11.8040778107
268 17612 -0.0391769719678 1.59556279582e-05 -35.5940781315 -11.7933883125
269 17993 -0.0393135746435 1.6074051665e-05 -35.5517338582 -11.7859184242
270 18162 -0.0394505472243 1.67410199181e-05 -35.5094005638 -11.8169355931
271 17134 -0.0395974227821 1.5828509479e-05 -35.4641457741 -11.8314475124
272 17732 -0.0397339304847 1.64196405499e-05 -35.4222140375 -11.7735295277
273 17282 -0.0398773665336 1.59392557122e-05 -35.3782869115 -11.7939778675
274 17685 -0.0400150113038 1.5615383414e-05 -35.3362607697 -11.8129905586
275 18703 -0.0401461389232 1.67824930349e-05 -35.2963400219 -11.765509932
276 17570 -0.0402915385287 1.57296339305e-05 -35.2522055355 -11.7576304702
277 18366 -0.040424828691 1.6532017141e-05 -35.2118674773 -11.7262384144
278 17697 -0.0405675427226 1.6293577495e-05 -35.1688048991 -11.7586312697
279 17470 -0.0407091102343 1.57697687858e-05 -35.1262179246 -11.7605499596
280 18188 -0.0408433959092 1.62088029945e-05 -35.0859403163 -11.747811333
281 18110 -0.0409817168297 1.66688908538e-05 -35.0445727923 -11.7772514412
282 17210 -0.0411276349025 1.58692839129e-05 -35.0010650612 -11.7348421955
283 17737 -0.0412644747768 1.63677892487e-05 -34.9603866111 -11.780686002
284 17378 -0.0414070622982 1.56931048329e-05 -34.9181251109 -11.7690428939
285 18233 -0.0415405275863 1.62662545598e-05 -34.878682951 -11.781297483
286 18049 -0.0416795720138 1.66489459068e-05 -34.8377103972 -11.7641890289
287 17187 -0.0418254140401 1.61617252715e-05 -34.7948640133 -11.7653861662
288 17195 -0.0419669542406 1.60535744064e-05 -34.7534074069 -11.7508240139
289 17393 -0.0421067453025 1.53744491347e-05 -34.7125843605 -11.7772378713
290 18850 -0.0422353436886 1.66435351897e-05 -34.6751358528 -11.7534040502
291 17959 -0.0423779679152 1.66190693924e-05 -34.6337211919 -11.7101779116
292 17153 -0.0425236916844 1.55449150279e-05 -34.5915343855 -11.7720120836
293 18270 -0.042655762448 1.59812922622e-05 -34.5534112816 -11.7645223295
294 18616 -0.0427902735282 1.68192501302e-05 -34.5146919642 -11.7630444738
295 17423 -0.0429366040542 1.54379655124e-05 -34.4726938693 -11.7117961346
296 18761 -0.0430660400461 1.63719857107e-05 -34.4356514424 -11.7201950028
297 18374 -0.0432047467236 1.61121244176e-05 -34.3960667053 -11.7196034155
298 18475 -0.0433408755434 1.61652131303e-05 -34.3573286472 -11.7610080483
299 18477 -0.043477446449 1.65388589988e-05 -34.3185748132 -11.7272538392
300 17792 -0.0436198394294 1.56629433666e-05 -34.2782857424 -11.7205917961
301 18725 -0.0437512876605 1.63927741749e-05 -34.2411988585 -11.7309144763
302 18300 -0.0438904505355 1.69944590735e-05 -34.2020452164 -11.7523230107
303 16826 -0.0440409066245 1.52416577624e-05 -34.1598407832 -11.716814549
304 18484 -0.0441696514759 1.60085891099e-05 -34.1238305328 -11.7394937501
305 18782 -0.0443037957866 1.63721623365e-05 -34.0864116078 -11.7150168976
306 18394 -0.0444424276363 1.65337643921e-05 -34.0478493742 -11.7093734043
307 17721 -0.0445850607107 1.58807136769e-05 -34.0082887372 -11.7574715231
308 18242 -0.0447200886777 1.62751136491e-05 -33.9709440871 -11.7274062818
309 18042 -0.0448592370243 1.60460245112e-05 -33.932567921 -11.727193671
310 18264 -0.0449955908898 1.6076280987e-05 -33.8950684114 -11.6979175276
311 18432 -0.0451315777169 1.62762965436e-05 -33.8577738703 -11.7422655138
312 18227 -0.0452700253919 1.6120142274e-05 -33.8199107216 -11.6974215576
313 18313 -0.0454068257051 1.64741202182e-05 -33.7826029934 -11.7310555146
314 17750 -0.0455488281225 1.58054085983e-05 -33.7439863925 -11.7133764344
315 18412 -0.045682593444 1.63073707429e-05 -33.7077117224 -11.7429815028
316 18150 -0.0458215996747 1.64786265149e-05 -33.6701201307 -11.6864452353
317 17584 -0.0459643099294 1.59621173834e-05 -33.6316370044 -11.710707373
318 17952 -0.0461011219876 1.6166360264e-05 -33.5948487167 -11.7432677687
319 17952 -0.046239685884 1.62132067972e-05 -33.5576930368 -11.7383695014
320 17867 -0.0463789819738 1.5923578041e-05 -33.5204457456 -11.7497986544
321 18313 -0.0465141138635 1.65187697061e-05 -33.4844118751 -11.6898422058
322 17670 -0.0466568238537 1.57203181371e-05 -33.4464636533 -11.7082733714
323 18488 -0.0467895947465 1.63964184919e-05 -33.4112561031 -11.7518855161
324 18061 -0.0469297037804 1.63207179405e-05 -33.3742044203 -11.7059463211
325 17780 -0.0470702642392 1.58515720561e-05 -33.3371379322 -11.653563301
326 18357 -0.0472046216494 1.61051123512e-05 -33.3018047282 -11.722636321
327 18471 -0.047340705787 1.63579691829e-05 -33.2661141919 -11.707784347
328 18115 -0.047480278164 1.6714904317e-05 -33.2296095485 -11.6901609808
329 17135 -0.0476269204706 1.45701771429e-05 -33.1913652396 -11.7090986819
330 20158 -0.0477447721483 1.69302561483e-05 -33.1607104885 -11.7243560439
331 18655 -0.047887121226 1.66906165117e-05 -33.1237794671 -11.6916274689
332 17689 -0.0480312380354 1.59228202255e-05 -33.0864962068 -11.7138851646
333 18132 -0.0481670364344 1.59333209894e-05 -33.0514624777 -11.6759365489
334 18566 -0.0483013256936 1.64462194576e-05 -33.0169107792 -11.7032834542
335 18046 -0.0484419193608 1.62334071935e-05 -32.9808353772 -11.7174890415
336 17924 -0.048581167907 1.61628450115e-05 -32.9452039184 -11.6887375263
337 17930 -0.0487197851123 1.50930629776e-05 -32.9098312638 -11.694547718
338 19997 -0.0488423563601 1.70715822629e-05 -32.8786337741 -11.6983868587
339 18243 -0.0489875062757 1.65144950049e-05 -32.8417867943 -11.6870963444
340 17610 -0.0491304218205 1.57144320749e-05 -32.8056097486 -11.6910798746
341 18437 -0.0492633291583 1.6758918514e-05 -32.7720572411 -11.686216758
342 17362 -0.0494093935366 1.55451721082e-05 -32.7352840852 -11.6717435547
343 18493 -0.0495406708606 1.6611935253e-05 -32.7023234724 -11.6848272605
344 17676 -0.049684161724 1.54722066099e-05 -32.6663931322 -11.677508898
345 18967 -0.0498131775637 1.66509868528e-05 -32.6341733461 -11.6894629986
346 18057 -0.0499554786146 1.61852457846e-05 -32.5987298253 -11.7337561548
347 18022 -0.0500939330498 1.57484183812e-05 -32.5643387152 -11.6710368955
348 18803 -0.0502258240767 1.62469570501e-05 -32.5316640832 -11.6655422585
349 18650 -0.0503624485285 1.62294406875e-05 -32.4979051111 -11.6908179176
350 18531 -0.0504993626402 1.58933720218e-05 -32.4641643765 -11.6676248767
351 19052 -0.0506315967767 1.68440187249e-05 -32.4316619798 -11.6626155712
352 17787 -0.0507766382209 1.58680168828e-05 -32.3961073089 -11.6715815893
353 18334 -0.0509112208881 1.62520252415e-05 -32.3632056357 -11.6730014835
354 18175 -0.0510496605404 1.631099927e-05 -32.3294502624 -11.6777725123
355 17910 -0.0511896270363 1.60052599974e-05 -32.2954142293 -11.6444464053
356 18205 -0.0513258526382 1.58111094566e-05 -32.2623760002 -11.6827021685
357 18873 -0.0514580216791 1.61107188448e-05 -32.2304043537 -11.6728223799
358 18980 -0.0515923175321 1.64971227175e-05 -32.1980014029 -11.6746365776
359 18354 -0.0517321602556 1.62003961575e-05 -32.1643488598 -11.6158306103
360 18291 -0.0518697241459 1.60646531808e-05 -32.1313327179 -11.6435649729
361 18481 -0.0520054321795 1.60743564473e-05 -32.0988471882 -11.705358676
362 18654 -0.0521405889005 1.57413604656e-05 -32.0665774098 -11.6390184514
363 19476 -0.0522701218822 1.64868570462e-05 -32.0357285131 -11.6556945438
364 18853 -0.052408014721 1.60389328398e-05 -32.0029724315 -11.618405533
365 19098 -0.0525412966493 1.62991913497e-05 -31.9713934407 -11.665598527
366 18842 -0.0526776584564 1.60412747803e-05 -31.9391676036 -11.6592843059
367 19083 -0.0528110146008 1.6761658556e-05 -31.907732854 -11.6607744241
368 17965 -0.0529546288174 1.56663923539e-05 -31.8739690471 -11.641467809
369 18900 -0.053085494344 1.61058730424e-05 -31.8432825119 -11.6702048079
370 19016 -0.0532196208877 1.60294609771e-05 -31.8119102067 -11.6851370424
371 19282 -0.053352188242 1.6735957728e-05 -31.7809807935 -11.6288134801
372 18200 -0.0534946546739 1.56168297001e-05 -31.7478281512 -11.7225466849
373 19244 -0.0536239352149 1.64950817675e-05 -31.7178210477 -11.6571610795
374 18613 -0.0537627838548 1.60422098638e-05 -31.6856745186 -11.6615498908
375 18849 -0.0538969720363 1.60578678881e-05 -31.6546868087 -11.6821911506
376 19057 -0.0540305537783 1.66864238061e-05 -31.623916776 -11.6611665439
377 18078 -0.0541730763303 1.60495172942e-05 -31.5911723473 -11.6601750692
378 18293 -0.0543093481674 1.62072322875e-05 -31.5599458481 -11.6723093933
379 18217 -0.0544472471883 1.58392971741e-05 -31.5284276069 -11.6653810341
380 18832 -0.0545797978572 1.57483413291e-05 -31.498208419 -11.6231562259
381 19648 -0.054708820132 1.64576614788e-05 -31.4688655217 -11.6485374458
382 19076 -0.0548456622445 1.56672871014e-05 -31.4378214012 -11.6783232514
383 20067 -0.0549726727836 1.65576500079e-05 -31.4090785387 -11.6538348247
384 19286 -0.0551095937576 1.64458963286e-05 -31.3781690459 -11.6198441614
385 18747 -0.0552475331162 1.59792608206e-05 -31.347109235 -11.6042023811
386 19106 -0.0553802913458 1.68188486583e-05 -31.3172912088 -11.6648808959
387 17883 -0.0555247268722 1.57486918124e-05 -31.2849338203 -11.6417563364
388 18657 -0.0556571336226 1.60768360549e-05 -31.2553472738 -11.632263248
389 18827 -0.0557916890165 1.55527488786e-05 -31.2253548825 -11.5821287731
390 20037 -0.0559178653615 1.67630359502e-05 -31.1972979611 -11.632583297
391 18860 -0.0560580403137 1.63097352462e-05 -31.1662049139 -11.5915006024
392 18587 -0.0561954220358 1.55566729317e-05 -31.1358094397 -11.6091726038
393 19774 -0.05632246776 1.64102115997e-05 -31.1077692468 -11.5692366217
394 19291 -0.0564581530585 1.61901203601e-05 -31.077894601 -11.6630689269
395 19244 -0.0565921794982 1.58459949807e-05 -31.0484583308 -11.6400934704
396 19880 -0.0567212431664 1.6104550507e-05 -31.0201804865 -11.6118761083
397 20005 -0.0568520024814 1.62495144676e-05 -30.9915993719 -11.6385189159
398 19837 -0.0569844968512 1.64730887796e-05 -30.9627088297 -11.6224280722
399 19229 -0.0571209198475 1.5755923483e-05 -30.9330348167 -11.6287197122
400 20047 -0.057248713972 1.633939408e-05 -30.905304815 -11.6497876788
401 19698 -0.0573824096663 1.64558629578e-05 -30.8763634649 -11.6116865702
402 19128 -0.0575190505963 1.61759546246e-05 -30.8468574436 -11.6524661993
403 19109 -0.0576534325016 1.54404430621e-05 -30.8179108387 -11.6179086576
404 20571 -0.0577770619592 1.68005771114e-05 -30.7913428634 -11.6444861773
405 19289 -0.0579159794592 1.57537420884e-05 -30.7615606896 -11.6322423275
406 20114 -0.0580435428701 1.67085039882e-05 -30.7342788223 -11.5606048124
407 19038 -0.0581826092041 1.54543544599e-05 -30.7046087108 -11.5893895463
408 20466 -0.058306668319 1.67720941527e-05 -30.6782034793 -11.5887526635
409 19246 -0.0584455050218 1.59637305655e-05 -30.6487231819 -11.6491306608
410 19646 -0.0585763004088 1.59195479544e-05 -30.6210180051 -11.5924613031
411 20144 -0.0587051098836 1.63962096112e-05 -30.5937973991 -11.5996328463
412 19680 -0.0588393332463 1.66557816884e-05 -30.5654999497 -11.6304706543
413 18727 -0.0589791069533 1.56628807006e-05 -30.5361050407 -11.6075117501
414 19709 -0.0591072307812 1.66597752857e-05 -30.5092250545 -11.6193045031
415 18747 -0.0592469633921 1.63299476561e-05 -30.4799801088 -11.6110774331
416 18438 -0.0593850708096 1.5697232704e-05 -30.4511473507 -11.6254188104
417 19337 -0.0595147041245 1.60971965786e-05 -30.4241486702 -11.5931588212
418 19473 -0.0596471766612 1.58478264701e-05 -30.3966233982 -11.5987158445
419 20113 -0.0597755059632 1.62381980632e-05 -30.3700211933 -11.5655265417
420 19967 -0.0599074763281 1.6370972071e-05 -30.3427278123 -11.6327235376
421 19557 -0.0600419136144 1.64718560468e-05 -30.3149903198 -11.5883211422
422 18960 -0.0601792908637 1.55044860892e-05 -30.2867149015 -11.6069826318
423 20278 -0.0603043265167 1.66057163596e-05 -30.2610397872 -11.5948211997
424 19394 -0.0604412619508 1.56107016117e-05 -30.2329866431 -11.6110015542
425 20520 -0.0605664115435 1.63642410224e-05 -30.2074076799 -11.5793107688
426 20112 -0.0606989251943 1.65870953399e-05 -30.1803855166 -11.6286800594
427 19272 -0.0608361408058 1.63652704425e-05 -30.1524714177 -11.5622442959
428 18887 -0.0609728935014 1.50766646541e-05 -30.1247189614 -11.5862576344
429 21099 -0.061092089666 1.701130622e-05 -30.1005841633 -11.5757691818
430 19366 -0.0612324697502 1.63686436904e-05 -30.0722252262 -11.5809104918
431 18972 -0.0613689416158 1.57446946749e-05 -30.0447231537 -11.6110485908
432 19802 -0.0614974333915 1.57892010052e-05 -30.0188897154 -11.6075585649
433 20575 -0.0616238444606 1.59419498584e-05 -29.9935316454 -11.6182640384
434 21049 -0.0617500329073 1.69486497225e-05 -29.9682744728 -11.5725329745
435 19444 -0.0618896180094 1.5748416028e-05 -29.9404011338 -11.5791320424
436 20287 -0.0620165946461 1.62850544528e-05 -29.915104858 -11.5703676363
437 20044 -0.0621486906038 1.64233614146e-05 -29.8888484794 -11.5913868918
438 19528 -0.0622836568984 1.59811959007e-05 -29.8620843081 -11.5885877968
439 19898 -0.0624137618147 1.64696881219e-05 -29.8363439831 -11.6124385834
440 19295 -0.0625499239393 1.61374815887e-05 -29.8094679562 -11.5640349227
441 19351 -0.0626831445071 1.60456645813e-05 -29.7832343663 -11.5328958632
442 19589 -0.0628148004331 1.62542470512e-05 -29.7573687542 -11.554463918
443 19415 -0.0629487654164 1.61010915367e-05 -29.7311103805 -11.5393978489
444 19544 -0.0630810297086 1.57842407747e-05 -29.7052454026 -11.5498720706
445 20317 -0.0632082003997 1.66674071874e-05 -29.6804325756 -11.5637926438
446 19310 -0.0633459426583 1.6259130466e-05 -29.6536188886 -11.5529681362
447 19129 -0.0634809459414 1.5847044219e-05 -29.6274005406 -11.5659675782
448 19759 -0.0636104124514 1.58422341047e-05 -29.6023150627 -11.5272606685
449 20420 -0.0637377285041 1.64137899026e-05 -29.577701072 -11.5823455922
450 19914 -0.0638713036582 1.63454181074e-05 -29.5519352459 -11.5304366832
451 19555 -0.0640055355264 1.57563625311e-05 -29.5261026162 -11.5694792125
452 20386 -0.0641322663083 1.60370134335e-05 -29.5017684526 -11.5666945979
453 20655 -0.0642604111734 1.63801321639e-05 -29.4772168025 -11.5369399485
454 20212 -0.0643927259127 1.63894461131e-05 -29.4519230669 -11.5744714491
455 19760 -0.0645266220921 1.61277733452e-05 -29.4263856047 -11.5568930415
456 19837 -0.0646581218405 1.56861242245e-05 -29.4013623742 -11.563557
457 20828 -0.0647829414911 1.76091437339e-05 -29.3776625452 -11.53920024
458 17994 -0.0649336968618 1.48905046458e-05 -29.3491058348 -11.5665846891
459 20487 -0.0650531677852 1.66139337576e-05 -29.3265275134 -11.5650013679
460 19578 -0.0651895271577 1.55308193643e-05 -29.3008138969 -11.5334955285
461 20883 -0.0653129476726 1.69131257299e-05 -29.2775918491 -11.5258406804
462 19360 -0.0654525411843 1.56942645666e-05 -29.2513857456 -11.5453748069
463 20310 -0.0655790070242 1.62185110294e-05 -29.2276979747 -11.5482430681
464 20203 -0.0657100456419 1.61007531895e-05 -29.2032075254 -11.5602122164
465 20338 -0.0658396999032 1.66091393819e-05 -29.1790295511 -11.574969194
466 19445 -0.0659764851182 1.56491358339e-05 -29.1535795541 -11.5323644024
467 20493 -0.0661020231784 1.58501406622e-05 -29.1302742032 -11.550455744
468 21161 -0.0662271510178 1.67970681525e-05 -29.1070943955 -11.559538116
469 19850 -0.0663640652552 1.57593840428e-05 -29.0817874807 -11.5391232997
470 20687 -0.0664898942425 1.64495772838e-05 -29.0585812621 -11.5293645272
471 20101 -0.0666231355176 1.62777809514e-05 -29.0340618483 -11.5165058479
472 19875 -0.0667557330285 1.60922261748e-05 -29.0097156916 -11.5421587749
473 20025 -0.0668863270135 1.56951327437e-05 -28.9857906508 -11.5293265753
474 21006 -0.067010687619 1.65267896871e-05 -28.9630565399 -11.5517519504
475 20252 -0.0671440550655 1.63806042328e-05 -28.9387288183 -11.4977009295
476 19816 -0.0672776868533 1.63257927979e-05 -28.9144076247 -11.572084155
477 19498 -0.0674119549611 1.58984568069e-05 -28.890025631 -11.5230301643
478 20035 -0.0675409428768 1.63374317965e-05 -28.8666542395 -11.5529237888
479 19690 -0.0676746492355 1.56153673789e-05 -28.8424812778 -11.5386063745
480 20823 -0.0677989211677 1.65363022788e-05 -28.8200625359 -11.5466370352
481 20056 -0.0679330151298 1.56363826008e-05 -28.7959241977 -11.5238495864
482 21165 -0.0680564454007 1.61067864273e-05 -28.7737532758 -11.5254088105
483 21293 -0.0681832051165 1.59817989222e-05 -28.7510318887 -11.5235561765
484 21695 -0.0683078096502 1.67375167037e-05 -28.7287436598 -11.5135633617
485 20474 -0.068442142903 1.61178767782e-05 -28.7047671006 -11.5248251799
486 20575 -0.0685711852862 1.63366855951e-05 -28.6817853994 -11.5826046
487 20222 -0.0687031143683 1.56491267561e-05 -28.6583406016 -11.4821707477
488 21312 -0.0688262168709 1.6551117896e-05 -28.6365107206 -11.507676311
489 20496 -0.0689589819664 1.60482767588e-05 -28.613017375 -11.4990759874
490 20743 -0.0690869453848 1.58129510263e-05 -28.5904226728 -11.5373943756
491 21500 -0.0692107909606 1.61167349221e-05 -28.5686006913 -11.5208016469
492 21608 -0.0693367004793 1.64602484573e-05 -28.5464609046 -11.5306227229
493 20973 -0.069467226437 1.60006622293e-05 -28.5235580402 -11.522748104
494 21328 -0.0695930465647 1.68626602431e-05 -28.5015276447 -11.5386977703
495 19874 -0.0697304121794 1.56859885827e-05 -28.4775279412 -11.5130328959
496 20867 -0.0698551136479 1.64725589006e-05 -28.4557879184 -11.5130612333
497 20229 -0.0699881192503 1.64380809059e-05 -28.4326494003 -11.5038453956
498 19679 -0.0701226877879 1.60869345358e-05 -28.4092905247 -11.5304306899
499 19838 -0.0702538521274 1.55304287702e-05 -28.3865722931 -11.4674693259
500 21161 -0.0703764556718 1.64809269076e-05 -28.3653810824 -11.5075422479
501 20496 -0.0705086572624 1.57350046384e-05 -28.3425786786 -11.483428188
502 21413 -0.0706321428227 1.65865312581e-05 -28.3213242688 -11.5309141232
503 20519 -0.0707651163558 1.63146142125e-05 -28.2984848434 -11.5248144761
504 20212 -0.0708968992589 1.5340207002e-05 -28.2758989376 -11.4857741113
505 21982 -0.0710157202312 1.71198154194e-05 -28.2555762472 -11.4992700161
506 19956 -0.0711548924372 1.60665988836e-05 -28.2318228922 -11.4935184849
507 20159 -0.0712848444514 1.60088344218e-05 -28.2096918835 -11.5069902804
508 20484 -0.0714132985034 1.58567524255e-05 -28.1878620371 -11.5012080063
509 21138 -0.0715385480818 1.59121727209e-05 -28.1666207245 -11.4840953835
510 21690 -0.0716626244476 1.66298903562e-05 -28.1456210444 -11.4973462889
511 20694 -0.0717953830319 1.59456118247e-05 -28.1231987988 -11.4945234107
512 21163 -0.0719212604368 1.58076388069e-05 -28.1019833779 -11.5564699313
513 21948 -0.0720437966824 1.63377858309e-05 -28.0813726784 -11.483860822
514 21569 -0.0721715483178 1.64543188673e-05 -28.059928315 -11.4888890671
515 20948 -0.072302105905 1.59473767358e-05 -28.0380587599 -11.5146044038
516 21419 -0.0724272428934 1.59254253226e-05 -28.0171405397 -11.485430744
517 21949 -0.0725506883707 1.67382988237e-05 -27.9965465142 -11.5015433505
518 20712 -0.0726842536262 1.60461478315e-05 -27.9743104525 -11.498577783
519 20966 -0.0728115174098 1.5740211398e-05 -27.953168019 -11.4863762952
520 21893 -0.072933683733 1.6228456237e-05 -27.9329132075 -11.4662198203
521 21755 -0.073060037141 1.68975094954e-05 -27.9120060862 -11.4752092153
522 20200 -0.0731965700147 1.54757703183e-05 -27.8894623595 -11.4917785354
523 21668 -0.0733173063731 1.68264803858e-05 -27.86956808 -11.519324692
524 20265 -0.0734530484564 1.58229976221e-05 -27.8472472683 -11.4925762512
525 20984 -0.0735784897163 1.62545484859e-05 -27.8266634646 -11.4690662573
526 20797 -0.073707929561 1.65389710836e-05 -27.8054668842 -11.513166171
527 20025 -0.073842147132 1.51084488541e-05 -27.7835342844 -11.5150299694
528 22298 -0.0739583389166 1.64958248418e-05 -27.7645852993 -11.4877374844
529 21565 -0.0740873396782 1.6773986105e-05 -27.7435885743 -11.4815524219
530 20276 -0.074222620639 1.55463656873e-05 -27.721616083 -11.4942064439
531 21594 -0.074344115567 1.64596043292e-05 -27.7019231247 -11.4927303047
532 20961 -0.074474674456 1.58362750176e-05 -27.6808034769 -11.4974834614
533 21675 -0.0745982022904 1.6335645899e-05 -27.6608615912 -11.5034570199
534 21306 -0.0747267251468 1.63314700403e-05 -27.6401548952 -11.4713253453
535 20952 -0.0748562955919 1.66269089355e-05 -27.6193222036 -11.4942860401
536 19996 -0.0749913274177 1.59946846521e-05 -27.5976569898 -11.4918527863
537 20347 -0.0751200974457 1.5926121905e-05 -27.5770396486 -11.4963467768
538 20849 -0.0752467631204 1.58926794524e-05 -27.5568002544 -11.4874311024
539 21436 -0.0753714199852 1.67774763818e-05 -27.5369214421 -11.5094888204
540 20148 -0.0755071596345 1.55912392665e-05 -27.5153198247 -11.4596518183
541 21360 -0.075629670825 1.57054827276e-05 -27.495863142 -11.4736413038
542 22383 -0.0757502252467 1.66296559157e-05 -27.476753939 -11.4840063915
543 21355 -0.0758809091078 1.64528924137e-05 -27.4560801276 -11.4914832369
544 20743 -0.0760120983637 1.62236522704e-05 -27.4353691591 -11.4425500796
545 20623 -0.0761418370209 1.59299209833e-05 -27.4149292403 -11.4493797721
546 21124 -0.0762677065372 1.58071477698e-05 -27.3951387312 -11.4767653564
547 21908 -0.0763903489779 1.6157507518e-05 -27.3758932467 -11.4774766969
548 21927 -0.0765156550709 1.6219085069e-05 -27.3562680233 -11.4735942416
549 21810 -0.0766417776011 1.61569446994e-05 -27.3365538598 -11.4634324125
550 21831 -0.07676735694 1.63201969508e-05 -27.3169632942 -11.4721842041
551 21493 -0.076895198455 1.68449752734e-05 -27.2970593687 -11.4844905166
552 20063 -0.0770317698041 1.56012963182e-05 -27.2758402209 -11.4288248825
553 21248 -0.0771546822472 1.62869826282e-05 -27.2567819611 -11.4819550693
554 20989 -0.077283784347 1.62547405634e-05 -27.2368033207 -11.4755832336
555 20801 -0.0774132115636 1.58241896057e-05 -27.2168147304 -11.4771913855
556 21536 -0.0775370429143 1.59936428071e-05 -27.1977280792 -11.4209262679
557 21917 -0.0776611088561 1.61001942062e-05 -27.1786421553 -11.4519235134
558 22064 -0.0777855823202 1.66078045956e-05 -27.1595305375 -11.4803931762
559 21098 -0.0779168890134 1.58620449195e-05 -27.1394097987 -11.4415727289
560 21760 -0.078040376986 1.61842419214e-05 -27.1205245725 -11.4214958756
561 21720 -0.0781664874635 1.64141839531e-05 -27.1012756032 -11.4768278739
562 21181 -0.0782960092263 1.58048445285e-05 -27.0815450949 -11.4789624194
563 21973 -0.0784184543643 1.66957560522e-05 -27.0629289657 -11.4625066034
564 20824 -0.0785513205422 1.55281300828e-05 -27.0427683334 -11.4207374493
565 22218 -0.0786709546042 1.60293876983e-05 -27.0246509032 -11.4404405195
566 22529 -0.0787935968491 1.62274855451e-05 -27.0061126437 -11.4640213543
567 22389 -0.0789181404098 1.64571944618e-05 -26.9873228718 -11.4646760466
568 21738 -0.0790463259352 1.60636484138e-05 -26.9680212966 -11.4642428111
569 21965 -0.0791707960762 1.62045870783e-05 -26.9493156178 -11.4410060217
570 21880 -0.079296604256 1.65906235584e-05 -26.9304452482 -11.4547287513
571 20958 -0.0794282108183 1.57498964231e-05 -26.9107442049 -11.4452743075
572 21863 -0.0795505358089 1.60348251476e-05 -26.8924682783 -11.4310648333
573 22157 -0.0796742458191 1.62425519106e-05 -26.8740203041 -11.4508228384
574 21986 -0.0798000432325 1.57996666547e-05 -26.8552969208 -11.4447389964
575 22820 -0.0799201548864 1.70099201584e-05 -26.8374534544 -11.4249920302
576 20949 -0.0800551172639 1.61022551954e-05 -26.8174429268 -11.4350899962
577 21085 -0.0801824636697 1.59741834662e-05 -26.7985994539 -11.4403520961
578 21500 -0.0803075732563 1.57731292277e-05 -26.7801226528 -11.4665311562
579 22375 -0.0804286675215 1.67984792058e-05 -26.7622724491 -11.446672257
580 20985 -0.0805618363948 1.54720869974e-05 -26.7426804043 -11.453075827
581 22518 -0.0806802426221 1.58607986057e-05 -26.7252936457 -11.4415767857
582 23227 -0.0807997566234 1.68652719473e-05 -26.7077759968 -11.4500717746
583 21637 -0.0809314249407 1.55129097623e-05 -26.6885136978 -11.4412513961
584 23121 -0.0810485841465 1.6633498683e-05 -26.671406396 -11.4083698022
585 22051 -0.0811772202107 1.57892108235e-05 -26.6526583135 -11.4202374224
586 22911 -0.0812970117029 1.66002267894e-05 -26.6352321778 -11.4371605877
587 21924 -0.0814257601278 1.63211031734e-05 -26.6165383426 -11.38007711
588 21582 -0.0815533431549 1.55170486366e-05 -26.5980496664 -11.4044500365
589 23053 -0.0816707075455 1.66362437403e-05 -26.5810733351 -11.4215719193
590 21980 -0.0817995723817 1.59950332341e-05 -26.5624681923 -11.4358791849
591 22365 -0.081922398198 1.59255075103e-05 -26.5447686487 -11.3773824728
592 22918 -0.0820432058325 1.66142813598e-05 -26.5273919304 -11.4125259432
593 21900 -0.08217213541 1.56692369452e-05 -26.50888188 -11.4059516112
594 23034 -0.0822907009368 1.66065536931e-05 -26.4918914975 -11.4205164767
595 22028 -0.0824191952936 1.62582698281e-05 -26.4735125517 -11.4214173881
596 21823 -0.0825455833352 1.57909052043e-05 -26.455469522 -11.4015505117
597 22671 -0.0826660222605 1.6076978726e-05 -26.438307664 -11.4163318151
598 22877 -0.0827880879694 1.56933096034e-05 -26.4209456599 -11.4298949836
599 24002 -0.0829044145263 1.73158984066e-05 -26.4044295468 -11.4249671491
600 21361 -0.0830404725605 1.55350884773e-05 -26.3851484793 -11.4327991379
601 22775 -0.0831586880412 1.71091618143e-05 -26.3684278102 -11.3946338675
602 20698 -0.0832952570296 1.55866309863e-05 -26.3491479925 -11.4095217529
603 21953 -0.0834160655117 1.6454934066e-05 -26.3321259356 -11.3962287933
604 21319 -0.0835454850859 1.57718935865e-05 -26.3139246391 -11.4057214067
605 22190 -0.0836670751562 1.63192866769e-05 -26.296856493 -11.3784998877
606 21848 -0.0837938653886 1.62919770396e-05 -26.2790913316 -11.3829452482
607 21571 -0.0839212537246 1.61094667564e-05 -26.2612761585 -11.4184325048
608 21696 -0.0840468528417 1.57479535059e-05 -26.243744276 -11.4136529997
609 22637 -0.0841670526652 1.61455687861e-05 -26.2269967254 -11.4510677836
610 22684 -0.0842901588953 1.6276686378e-05 -26.2098752285 -11.3892514179
611 22431 -0.0844149636318 1.63039911907e-05 -26.1925494489 -11.4451720352
612 22120 -0.0845408550068 1.65718053607e-05 -26.175105315 -11.3612039537
613 21229 -0.0846714725274 1.55827686932e-05 -26.1570407063 -11.3939979338
614 22525 -0.0847907075828 1.63258581255e-05 -26.1405808183 -11.3751598597
615 22163 -0.0849166440894 1.60872165186e-05 -26.1232273571 -11.3895857316
616 22341 -0.0850402436262 1.58244602848e-05 -26.1062273354 -11.4020258811
617 23130 -0.0851597345206 1.64114107894e-05 -26.0898219298 -11.4029148085
618 22562 -0.0852852075512 1.6092723638e-05 -26.0726263543 -11.3723266261
619 22731 -0.0854077854955 1.66628289337e-05 -26.0558582651 -11.3835202446
620 21614 -0.0855379425226 1.57680790689e-05 -26.0380865453 -11.3869256165
621 22506 -0.0856586473814 1.62880772223e-05 -26.0216358659 -11.379598878
622 22229 -0.0857841048372 1.62157724346e-05 -26.0045684204 -11.3841593171
623 22118 -0.085909321068 1.57255757719e-05 -25.987565173 -11.3897348184
624 23130 -0.0860280644606 1.66440112368e-05 -25.9714697653 -11.3731785538
625 22036 -0.086156825379 1.62380309126e-05 -25.9540481975 -11.3839695779
626 21876 -0.0862829036688 1.57086774874e-05 -25.9370214621 -11.3829884073
627 22916 -0.086402071391 1.63652042401e-05 -25.9209569019 -11.4018897176
628 22458 -0.0865274798026 1.60671519204e-05 -25.904081319 -11.3747672116
629 22685 -0.0866499869316 1.60586757087e-05 -25.8876260344 -11.3645150625
630 22934 -0.0867717628799 1.6232873192e-05 -25.8712981597 -11.4026697566
631 22779 -0.0868952765968 1.63814694066e-05 -25.8547669408 -11.4226804197
632 22287 -0.0870212904823 1.58739828968e-05 -25.8379317968 -11.4027717779
633 22958 -0.0871416026352 1.60116996876e-05 -25.8218872499 -11.3752333707
634 23321 -0.0872620108613 1.61798962057e-05 -25.8058580431 -11.3799931555
635 23289 -0.0873837680607 1.62156605813e-05 -25.7896778212 -11.3829100693
636 23172 -0.0875060999574 1.61618938203e-05 -25.7734500821 -11.3809846732
637 23182 -0.0876280006935 1.64254735507e-05 -25.7573082328 -11.3558145785
638 22580 -0.0877535297992 1.64405297204e-05 -25.7407157801 -11.380513295
639 21960 -0.0878809350689 1.57408904944e-05 -25.7239062326 -11.3784781733
640 22929 -0.088000313769 1.55553069093e-05 -25.7081838641 -11.4105137012
641 24397 -0.0881146815907 1.68569778085e-05 -25.6931469356 -11.3492221088
642 22747 -0.088243036781 1.60913143281e-05 -25.6763006081 -11.3652583927
643 22921 -0.0883650958278 1.55104055331e-05 -25.6603096415 -11.3681256027
644 24500 -0.0884788933348 1.66484343928e-05 -25.645426426 -11.3392348243
645 23331 -0.0886040637277 1.63331346226e-05 -25.6290840289 -11.3628146636
646 22939 -0.0887279066418 1.63689655305e-05 -25.6129439926 -11.3384095771
647 22472 -0.0888533048928 1.59358185924e-05 -25.5966306126 -11.3606270536
648 23004 -0.0889739657509 1.62893738389e-05 -25.5809613488 -11.3667620937
649 22718 -0.0890980758398 1.66532811566e-05 -25.5648725493 -11.3600739527
650 21623 -0.0892281325391 1.57903968663e-05 -25.5480436811 -11.4018028998
651 22464 -0.0893491201579 1.60662046191e-05 -25.5324165549 -11.3870090383
652 22693 -0.0894715978152 1.56843561851e-05 -25.5166246192 -11.3636002523
653 23831 -0.0895882752933 1.639467786e-05 -25.5016063508 -11.3630974611
654 23285 -0.0897116583512 1.64090928511e-05 -25.4857522923 -11.3569895893
655 22718 -0.0898366807108 1.57693539454e-05 -25.469716171 -11.3523248169
656 23652 -0.0899544333134 1.63397307282e-05 -25.4546387526 -11.3474015752
657 23239 -0.0900775238156 1.62577283272e-05 -25.4389049951 -11.3526722476
658 23024 -0.0902005672392 1.59979555707e-05 -25.4232049136 -11.3428176549
659 23421 -0.090320615777 1.61121022424e-05 -25.4079135574 -11.34652437
660 23550 -0.0904411882398 1.63621570191e-05 -25.392581828 -11.3331547518
661 23087 -0.0905648548995 1.62887517407e-05 -25.3768840239 -11.3599857322
662 22802 -0.0906887330534 1.57634572878e-05 -25.3611870976 -11.3538698542
663 23754 -0.0908061894252 1.63561555583e-05 -25.3463294551 -11.3422022344
664 23301 -0.0909292412913 1.62013803094e-05 -25.3307906329 -11.3531117557
665 23218 -0.09105134549 1.58450986133e-05 -25.3153983413 -11.332525088
666 23987 -0.0911688338762 1.63168540234e-05 -25.3006131086 -11.3501556457
667 23623 -0.0912907491602 1.60928840009e-05 -25.285296836 -11.367255001
668 23799 -0.091410544926 1.71680721716e-05 -25.2702726293 -11.3330900849
669 21500 -0.0915450043768 1.51708146498e-05 -25.2534397442 -11.3669584618
670 23789 -0.0916579608528 1.68189531125e-05 -25.2393235663 -11.3524575174
671 22265 -0.0917874030328 1.57275279408e-05 -25.2231749009 -11.3385581984
672 23279 -0.0919057802188 1.57817436276e-05 -25.2084325224 -11.3261635021
673 24206 -0.0920222699921 1.64043662999e-05 -25.1939492592 -11.3341448755
674 23628 -0.0921448261368 1.62286816974e-05 -25.1787374619 -11.3446880785
675 23479 -0.0922664551317 1.61250654955e-05 -25.1636667359 -11.3394961388
676 23577 -0.0923870547682 1.64802614412e-05 -25.1487490574 -11.3180845076
677 22838 -0.0925122905156 1.6220873185e-05 -25.133284721 -11.3562974613
678 22712 -0.0926358967912 1.56809126082e-05 -25.1180483122 -11.3128068041
679 23859 -0.0927524794479 1.62282065247e-05 -25.103701937 -11.3687524967
680 23709 -0.0928735117505 1.58198751899e-05 -25.088832857 -11.2987300509
681 24557 -0.092989443533 1.67384327097e-05 -25.0746140748 -11.3606036791
682 23172 -0.0931157191894 1.58381462256e-05 -25.0591529464 -11.3154067039
683 23957 -0.0932332310357 1.61721487952e-05 -25.0447894358 -11.3128111546
684 23943 -0.0933532564769 1.6403665589e-05 -25.030143091 -11.3534379347
685 23373 -0.0934764742454 1.58574082225e-05 -25.0151327875 -11.3497681529
686 24117 -0.0935937366648 1.6149828598e-05 -25.0008719799 -11.3200852373
687 24157 -0.0937130629882 1.66413968135e-05 -24.9863841599 -11.3098359682
688 23020 -0.0938390206531 1.58494714737e-05 -24.9711173935 -11.2998764574
689 23772 -0.0939570720041 1.6363399241e-05 -24.9568332727 -11.326222563
690 23301 -0.0940801769653 1.58187998969e-05 -24.9419627093 -11.3345909384
691 24137 -0.0941971049903 1.64392101331e-05 -24.92786191 -11.3209662239
692 23478 -0.094320314377 1.65695228968e-05 -24.9130284518 -11.3342386352
693 22537 -0.0944470659546 1.57207228288e-05 -24.8977950695 -11.3211581787
694 23580 -0.0945646350583 1.60253300092e-05 -24.8836892561 -11.3090307871
695 23920 -0.0946836280217 1.61371403739e-05 -24.8694360638 -11.3245707922
696 23991 -0.0948032735254 1.61864408641e-05 -24.8551284419 -11.3094752942
697 23942 -0.0949234069599 1.61414962479e-05 -24.8407863576 -11.3370390461
698 24002 -0.0950430562026 1.65872067259e-05 -24.8265258114 -11.3266615517
699 22999 -0.0951686629034 1.60175614093e-05 -24.8115806391 -11.2967836923
700 23349 -0.0952890436076 1.58308771075e-05 -24.7972816527 -11.3114451481
701 24158 -0.0954060122833 1.59823907435e-05 -24.7834107502 -11.3353095093
702 24613 -0.0955230028681 1.66612931745e-05 -24.7695596736 -11.3112951635
703 23408 -0.0956480635454 1.6089601732e-05 -24.7547778805 -11.2986221185
704 23591 -0.0957683636254 1.60004876824e-05 -24.7405828416 -11.3248342547
705 23991 -0.0958869947478 1.56179709491e-05 -24.7266077888 -11.303810348
706 25365 -0.095999611139 1.63609803622e-05 -24.7133624189 -11.3074633534
707 24869 -0.0961187555033 1.65276101627e-05 -24.6993716165 -11.2768476348
708 23974 -0.0962413389933 1.65746143889e-05 -24.6850008993 -11.3046967161
709 23001 -0.096366843466 1.5984910004e-05 -24.6703128355 -11.3132721927
710 23428 -0.0964867746247 1.59280301437e-05 -24.6563006869 -11.310451357
711 24001 -0.0966048435563 1.62613785899e-05 -24.6425286425 -11.2816039718
712 23770 -0.096725967602 1.57614613672e-05 -24.6284234115 -11.3230442638
713 24767 -0.0968409812654 1.72110278779e-05 -24.615051425 -11.291989048
714 22278 -0.0969734046608 1.55050461305e-05 -24.5996813924 -11.3047965987
715 23826 -0.0970887614043 1.6075114845e-05 -24.5863149408 -11.2976674829
716 24047 -0.0972078066392 1.63971964379e-05 -24.572543209 -11.3232587914
717 23490 -0.0973306688684 1.55866372209e-05 -24.5583534001 -11.2918165455
718 24914 -0.0974440707921 1.65815136032e-05 -24.5452773238 -11.2905556679
719 23886 -0.0975672792049 1.61708312294e-05 -24.5310934206 -11.2907805477
720 23875 -0.0976874650713 1.6448802508e-05 -24.517280435 -11.2987376275
721 23200 -0.0978114812455 1.55734540276e-05 -24.5030509426 -11.2933804005
722 24640 -0.0979254168394 1.63603507187e-05 -24.4899992625 -11.2978124584
723 24159 -0.0980462928183 1.64100132616e-05 -24.4761746573 -11.2740500613
724 23569 -0.0981690454934 1.61977953552e-05 -24.4621586642 -11.2941320973
725 23494 -0.0982904045538 1.58805434459e-05 -24.4483247716 -11.2890586546
726 24185 -0.0984076729404 1.62832484416e-05 -24.434978833 -11.301593667
727 23900 -0.0985286317342 1.56024592408e-05 -24.4212351445 -11.2946729868
728 25308 -0.0986412614216 1.67228447505e-05 -24.4084580953 -11.288108727
729 23919 -0.0987654354014 1.63633529997e-05 -24.3943940207 -11.2684977122
730 23445 -0.0988881608593 1.54547842187e-05 -24.3805172345 -11.2872017939
731 25202 -0.0989999593113 1.6640299284e-05 -24.3678960361 -11.2435221782
732 24019 -0.0991232629211 1.62461660194e-05 -24.3539981108 -11.2599089123
733 23825 -0.0992441349946 1.65792135436e-05 -24.3403967181 -11.2971458424
734 22848 -0.0993700956036 1.51662687861e-05 -24.3262463372 -11.3096897913
735 25292 -0.0994796110978 1.62674965233e-05 -24.3139629342 -11.2747594602
736 25033 -0.0995976843663 1.61282080464e-05 -24.3007399923 -11.269102913
737 25130 -0.0997145221276 1.69107153256e-05 -24.2876761144 -11.2723900538
738 23303 -0.0998417406888 1.60515912154e-05 -24.2734748992 -11.2596077853
739 23576 -0.0999617948482 1.57296628453e-05 -24.2600957197 -11.2940477843
740 24644 -0.100076861732 1.63062680939e-05 -24.2472925977 -11.2821647966
741 24296 -0.100196998376 1.60783522513e-05 -24.2339464928 -11.272439743
742 24514 -0.100314929653 1.61738610035e-05 -24.2208663142 -11.2670772921
743 24495 -0.100433606538 1.64619936805e-05 -24.2077243224 -11.2779296285
744 23771 -0.100556223324 1.5842246097e-05 -24.19416799 -11.2629217514
745 24566 -0.100672299346 1.62961327889e-05 -24.1813553071 -11.2930603522
746 24244 -0.10079248997 1.59732681964e-05 -24.1681094214 -11.2833302979
747 24723 -0.100909152178 1.62890186792e-05 -24.1552727561 -11.250025556
748 24417 -0.101028865061 1.61128583679e-05 -24.1421212222 -11.2635547455
749 24550 -0.101146962843 1.60451431842e-05 -24.1291677243 -11.25663285
750 24853 -0.101263842994 1.64711047301e-05 -24.116367883 -11.2966040114
751 24096 -0.101385697101 1.59664587481e-05 -24.1030445743 -11.2753655006
752 24590 -0.101502626724 1.61731380117e-05 -24.0902800422 -11.2852763732
753 24573 -0.101621110429 1.59262214103e-05 -24.0773661354 -11.2310424892
754 25179 -0.10173637211 1.6137530338e-05 -24.0648229471 -11.2885680433
755 25252 -0.101852993126 1.60620283259e-05 -24.0521514003 -11.2806516529
756 25520 -0.101968457385 1.65408006496e-05 -24.0396248908 -11.2770424591
757 24569 -0.102089644852 1.59695720621e-05 -24.0264981417 -11.2522595945
758 25064 -0.102205484332 1.56407387508e-05 -24.0139704104 -11.2143303985
759 26438 -0.102315952149 1.62745338192e-05 -24.0020415399 -11.2784588278
760 26149 -0.102431529232 1.67085270909e-05 -23.9895796417 -11.2521874567
761 24750 -0.102553496922 1.58880765831e-05 -23.9764493756 -11.2967684984
762 25459 -0.102667848961 1.641547014e-05 -23.9641582152 -11.2392110106
763 24823 -0.102787499412 1.63062226269e-05 -23.9513174561 -11.2971112066
764 24473 -0.102907201506 1.60552931754e-05 -23.9384914754 -11.2531274211
765 24750 -0.103024399794 1.6021721383e-05 -23.9259534227 -11.2511002261
766 25116 -0.103140498727 1.63509886478e-05 -23.9135521046 -11.2626057489
767 24650 -0.103260098492 1.60203966267e-05 -23.9007966978 -11.2319771572
768 25017 -0.103376415242 1.67480857175e-05 -23.8884107157 -11.2341968434
769 23583 -0.103501657979 1.53073474388e-05 -23.8750954672 -11.2602448386
770 25734 -0.103611240352 1.6394404515e-05 -23.8634631651 -11.2688221538
771 25145 -0.103729970157 1.6253289019e-05 -23.850878778 -11.2473142579
772 24924 -0.103848199399 1.64496259761e-05 -23.8383669636 -11.2566058095
773 24218 -0.103969588871 1.57080715651e-05 -23.8255409303 -11.2581172026
774 25371 -0.104082840207 1.57453437718e-05 -23.8135932035 -11.2353274696
775 26479 -0.104193960998 1.7010930575e-05 -23.8018874978 -11.2334412584
776 24305 -0.10431926582 1.55033661217e-05 -23.7887080715 -11.2574393195
777 25998 -0.104429686169 1.61758405297e-05 -23.7771121119 -11.2359487649
778 25973 -0.104544951853 1.6700828881e-05 -23.7650251962 -11.2263473596
779 24602 -0.104667227979 1.60639142078e-05 -23.7522230804 -11.2608811466
780 24859 -0.104784232545 1.58971694689e-05 -23.7399920511 -11.263250538
781 25547 -0.10489845163 1.6397239714e-05 -23.7280702373 -11.2549283444
782 24955 -0.105017652929 1.62626342638e-05 -23.7156473565 -11.2306940399
783 24712 -0.105136455939 1.58857819968e-05 -23.7032852097 -11.2416741065
784 25426 -0.105250866007 1.61826156114e-05 -23.6913982761 -11.2383178846
785 25384 -0.10536750993 1.58602592445e-05 -23.6792974947 -11.2298525715
786 26185 -0.105480068094 1.65810162188e-05 -23.6676380015 -11.2517331883
787 25106 -0.105600242456 1.63406727835e-05 -23.6552084252 -11.2734481545
788 24666 -0.105719728039 1.55026226703e-05 -23.6428693477 -11.2282437577
789 26386 -0.105829327979 1.69407918806e-05 -23.6315679932 -11.213462907
790 24393 -0.105953892303 1.57835572209e-05 -23.6187431235 -11.261056892
791 25359 -0.106067714578 1.63899193159e-05 -23.6070423606 -11.2336564324
792 24790 -0.106187259114 1.58594116405e-05 -23.5947719561 -11.2206936269
793 25574 -0.106301146825 1.6271956699e-05 -23.5830998696 -11.2349825734
794 25301 -0.106418626071 1.62051797021e-05 -23.5710777368 -11.2092958899
795 25201 -0.106535854941 1.60058601488e-05 -23.5590994499 -11.20015616
796 25614 -0.106650703924 1.58782701769e-05 -23.547381952 -11.2332521701
797 26374 -0.106762985481 1.62810217389e-05 -23.5359432151 -11.2164097045
798 26069 -0.106878786945 1.64623046844e-05 -23.5241632676 -11.2184760227
799 25298 -0.10699764853 1.61871182552e-05 -23.5120903444 -11.2747488118
800 25244 -0.107114646432 1.60950343064e-05 -23.5002247993 -11.2113735603
801 25427 -0.10723056028 1.60145702818e-05 -23.4884868471 -11.2179774411
802 25821 -0.107345010532 1.60958389117e-05 -23.4769143064 -11.1974606507
803 26006 -0.107459632357 1.57802256867e-05 -23.465341511 -11.2423687725
804 27045 -0.107569826351 1.69758858388e-05 -23.4542318662 -11.2186781144
805 24913 -0.107693338058 1.56674357346e-05 -23.441798256 -11.1973495862
806 26207 -0.107804479954 1.68786181034e-05 -23.4306267542 -11.2212233733
807 24380 -0.107928618454 1.55399973336e-05 -23.4181677426 -11.2175271443
808 25981 -0.108039335346 1.58671022519e-05 -23.4070725226 -11.2107164554
809 26782 -0.108150679482 1.67263912636e-05 -23.3959303366 -11.2078440421
810 25303 -0.108271435331 1.58077721748e-05 -23.3838642983 -11.216633129
811 26241 -0.108383501309 1.64118161186e-05 -23.3726832591 -11.2236342708
812 25595 -0.108501307378 1.59933266526e-05 -23.3609468146 -11.205749573
813 26048 -0.108615107303 1.64725145378e-05 -23.3496262798 -11.213905498
814 25251 -0.108734152151 1.61397549359e-05 -23.3378016205 -11.1876301473
815 25319 -0.108850635984 1.5927484365e-05 -23.3262487551 -11.1733764678
816 25940 -0.108964203219 1.5878605243e-05 -23.3150017015 -11.2030622056
817 26708 -0.10907578125 1.61203896203e-05 -23.3039675213 -11.230438011
818 26832 -0.109188796258 1.65035372462e-05 -23.2928072416 -11.2059158488
819 25929 -0.109306494922 1.64146495732e-05 -23.2812015367 -11.2246081996
820 25284 -0.109425045137 1.5891635464e-05 -23.2695294512 -11.1964263269
821 25999 -0.109538228964 1.56595748354e-05 -23.2584021584 -11.2019248687
822 27372 -0.10964692684 1.67765837322e-05 -23.2477309681 -11.2118996213
823 25729 -0.109767037782 1.61478984868e-05 -23.2359564725 -11.1880327184
824 25777 -0.109882540449 1.61146228925e-05 -23.224650673 -11.1953222075
825 25912 -0.109997503465 1.57390768211e-05 -23.2134141596 -11.160465827
826 27060 -0.110107379376 1.68934405447e-05 -23.2026901799 -11.2021084791
827 25136 -0.110229744802 1.58710675037e-05 -23.1907647979 -11.2339182362
828 25900 -0.110342996092 1.6333100034e-05 -23.1797441302 -11.199620718
829 25465 -0.110460536252 1.56300436593e-05 -23.1683228205 -11.2240474951
830 26890 -0.110569996391 1.637914385e-05 -23.1577019203 -11.1938224987
831 26315 -0.11068594818 1.66299416435e-05 -23.1464671745 -11.1962195422
832 25106 -0.110806477628 1.56375570041e-05 -23.1348063456 -11.2228024094
833 26491 -0.110916812709 1.5780428938e-05 -23.1241473534 -11.2245683462
834 27549 -0.111025995855 1.67549750064e-05 -23.1136142601 -11.1705614727
835 25952 -0.111145435227 1.59014227219e-05 -23.1021083479 -11.1968080413
836 26659 -0.11125727726 1.64903552941e-05 -23.0913500166 -11.2200336998
837 25797 -0.111375184057 1.60884719044e-05 -23.080024719 -11.1667824327
838 26001 -0.11148976386 1.63073563288e-05 -23.0690350991 -11.181206564
839 25631 -0.111606737774 1.58629318194e-05 -23.0578322006 -11.1773353708
840 26432 -0.111718786357 1.62795073032e-05 -23.0471164687 -11.1794023349
841 26130 -0.111834441055 1.58788296507e-05 -23.0360716948 -11.1788376728
842 26903 -0.111945615524 1.65352789198e-05 -23.0254698982 -11.1808961192
843 25914 -0.11206357453 1.59996083227e-05 -23.0142372935 -11.2019266919
844 26356 -0.112176752353 1.64235334691e-05 -23.003475601 -11.1922447824
845 25677 -0.112294454968 1.58752788489e-05 -22.9922998597 -11.1909212107
846 26447 -0.11240656054 1.57288652323e-05 -22.9816708768 -11.1911736972
847 27648 -0.112515192492 1.703526741e-05 -22.9713854706 -11.1852361883
848 25316 -0.112638146658 1.5633638321e-05 -22.9597608886 -11.1974303323
849 26723 -0.112747973755 1.61329700492e-05 -22.9493925074 -11.1835973553
850 26813 -0.112861117413 1.5909561992e-05 -22.9387259057 -11.2149527799
851 27521 -0.112971250923 1.69047163814e-05 -22.9283575646 -11.1904975845
852 25535 -0.113092737554 1.59992326925e-05 -22.916936937 -11.2075878821
853 25971 -0.113206747346 1.59828320585e-05 -22.9062349308 -11.1627050578
854 26459 -0.113319586231 1.60304688652e-05 -22.895657816 -11.2084354964
855 26826 -0.113431984334 1.59824843096e-05 -22.8851368033 -11.1757391152
856 27331 -0.113543006078 1.6677693809e-05 -22.8747590816 -11.1790414817
857 25949 -0.11366190109 1.56851847427e-05 -22.8636613086 -11.1856736369
858 27248 -0.113771023489 1.58699801229e-05 -22.8534901642 -11.17834868
859 28080 -0.113879783738 1.66385215404e-05 -22.8433665034 -11.1666983465
860 26767 -0.113996574691 1.63763562087e-05 -22.8325105561 -11.1867477077
861 26202 -0.114112756381 1.55189802692e-05 -22.8217268589 -11.1814458243
862 27982 -0.114219296134 1.65744175236e-05 -22.8118517664 -11.1752983581
863 26847 -0.114335462548 1.67986264423e-05 -22.8010992535 -11.1569123481
864 25179 -0.114457037306 1.5753046134e-05 -22.7898627139 -11.1706295748
865 26258 -0.114568679201 1.6770286611e-05 -22.7795591203 -11.1652210338
866 24698 -0.114691226392 1.54990859082e-05 -22.7682654522 -11.1680536529
867 26430 -0.114800710629 1.65850166673e-05 -22.7581901156 -11.1695421538
868 25331 -0.114920379826 1.57195928318e-05 -22.7471931011 -11.1712849356
869 26506 -0.115031261288 1.62428180982e-05 -22.737018148 -11.1656448651
870 26301 -0.115146279887 1.58538276403e-05 -22.7264782729 -11.1732047953
871 27148 -0.115256777503 1.67803514313e-05 -22.7163667725 -11.146713949
872 25509 -0.115377433075 1.57919688642e-05 -22.7053414664 -11.1855355526
873 26497 -0.115488844594 1.64328901442e-05 -22.6951754253 -11.1371926248
874 25790 -0.115606356241 1.5579588972e-05 -22.6844678784 -11.1763743838
875 27373 -0.11571449571 1.64497305111e-05 -22.6746280006 -11.1326982046
876 26597 -0.115830329098 1.596481667e-05 -22.6641025546 -11.1669674688
877 27146 -0.115941604669 1.61834702843e-05 -22.6540053812 -11.1499049585
878 27098 -0.11605450364 1.63416246914e-05 -22.6437750097 -11.14736401
879 26620 -0.116169525904 1.56786614272e-05 -22.6333668217 -11.1724614359
880 27971 -0.116277183724 1.64306571373e-05 -22.6236383431 -11.1692011704
881 27231 -0.116391528697 1.57319012826e-05 -22.6133196495 -11.1703625084
882 28459 -0.116498622615 1.65206618032e-05 -22.6036684215 -11.1462281815
883 27454 -0.11661312531 1.63542027898e-05 -22.5933635272 -11.1624973181
884 26935 -0.116727560318 1.57412536698e-05 -22.5830791591 -11.1506259319
885 28123 -0.116835356295 1.64358732398e-05 -22.573404619 -11.1474071682
886 27364 -0.11694945822 1.62843138887e-05 -22.5631780242 -11.1723858884
887 27038 -0.117063187578 1.61828220363e-05 -22.5529990139 -11.1338042495
888 26992 -0.117176303554 1.66875800601e-05 -22.5428889296 -11.1509834878
889 25602 -0.11729607378 1.59328968212e-05 -22.5321993183 -11.1327154506
890 26215 -0.117409081021 1.61353280704e-05 -22.5221276325 -11.1966040646
891 26297 -0.117523346048 1.614721937e-05 -22.511957958 -11.1496920618
892 26348 -0.117637585769 1.5758602781e-05 -22.5018046917 -11.1491154218
893 27461 -0.117746792237 1.64913287588e-05 -22.4921119718 -11.1516611741
894 26570 -0.117862977131 1.60030243423e-05 -22.4818140205 -11.1442326328
895 27014 -0.11797479232 1.60498995148e-05 -22.4719171181 -11.1658976595
896 27335 -0.118086274543 1.58583198275e-05 -22.4620630809 -11.1545798402
897 28203 -0.118194717565 1.60399989552e-05 -22.4524904893 -11.129882724
898 28566 -0.118303702436 1.64741932387e-05 -22.4428827682 -11.1566847049
899 27687 -0.118417400823 1.5919613108e-05 -22.4328730649 -11.1104626347
900 28389 -0.11852590592 1.60269879446e-05 -22.4233334384 -11.131134561
901 28793 -0.118634373414 1.63697296151e-05 -22.41380966 -11.1552581097
902 28205 -0.118746310079 1.62627015824e-05 -22.403994401 -11.1346161517
903 27930 -0.118858059803 1.62806966923e-05 -22.3942088047 -11.1494582511
904 27607 -0.118970585251 1.63377011772e-05 -22.3843686528 -11.1616099491
905 27131 -0.119084492201 1.58090132482e-05 -22.374421331 -11.125478114
906 28133 -0.119192732345 1.6238211246e-05 -22.3649815744 -11.1470210574
907 27928 -0.119304317768 1.64711707265e-05 -22.3552629942 -11.1340788052
908 27077 -0.119419268795 1.61152346013e-05 -22.3452649774 -11.1631839725
909 27217 -0.119531445848 1.64620723953e-05 -22.3355216012 -11.1480495502
910 26412 -0.119647770653 1.5610895156e-05 -22.3254318846 -11.1361464029
911 27944 -0.119755014442 1.60008638903e-05 -22.3161423654 -11.1240543795
912 28417 -0.119864019345 1.64222798195e-05 -22.3067125961 -11.1624499629
913 27688 -0.11997735746 1.62762772696e-05 -22.2969210935 -11.1398556208
914 27380 -0.120090317586 1.59538058616e-05 -22.2871755325 -11.155360159
915 27977 -0.12019985363 1.65706765067e-05 -22.2777380249 -11.1446318083
916 26852 -0.120315982176 1.55000631856e-05 -22.2677460829 -11.155482154
917 28732 -0.120420995192 1.62065178921e-05 -22.2587225452 -11.148750941
918 28615 -0.120531018789 1.67721205716e-05 -22.249280663 -11.1072522158
919 26910 -0.120648434217 1.56512864016e-05 -22.2392181852 -11.1352728171
920 28354 -0.120755174827 1.58447896277e-05 -22.2300828318 -11.1187647766
921 29294 -0.120861487464 1.6824412213e-05 -22.2209957232 -11.1289446399
922 27402 -0.120978204884 1.66018574163e-05 -22.2110325883 -11.1408239819
923 26218 -0.121095952297 1.48637004201e-05 -22.2009956375 -11.1288157861
924 29932 -0.121194614309 1.69446051991e-05 -22.1925964408 -11.1467825946
925 27660 -0.121311616573 1.59335315918e-05 -22.1826487636 -11.0956971228
926 28321 -0.121420346333 1.63362399261e-05 -22.1734168947 -11.1198185343
927 27837 -0.121532789872 1.60256729549e-05 -22.1638823125 -11.1084182138
928 28237 -0.12164231123 1.62756948032e-05 -22.1546078191 -11.1300578918
929 27925 -0.12175416054 1.6028720889e-05 -22.1451486981 -11.1133210257
930 28317 -0.121863546911 1.66458252311e-05 -22.135910071 -11.1595149471
931 26972 -0.121979942234 1.54152880485e-05 -22.1260927031 -11.1343530626
932 29110 -0.122083699988 1.67128535408e-05 -22.117352726 -11.1191887784
933 27540 -0.122199353525 1.64032768447e-05 -22.1076234371 -11.1158386928
934 26886 -0.12231423812 1.54825185351e-05 -22.097972089 -11.1026605463
935 28819 -0.122418972444 1.6414750113e-05 -22.0891849449 -11.0832145306
936 28101 -0.122531422752 1.62588967495e-05 -22.0797626105 -11.1485113993
937 27838 -0.122643331282 1.60215395791e-05 -22.0703981665 -11.0895475997
938 28250 -0.122752799457 1.63621476865e-05 -22.0612499668 -11.1221338079
939 27694 -0.122865711017 1.66434730367e-05 -22.0518264533 -11.1000135149
940 26385 -0.122983377601 1.55027673365e-05 -22.042019514 -11.1110201475
941 28224 -0.12308934893 1.63301069729e-05 -22.0331990219 -11.1216740983
942 27759 -0.123201908224 1.55840926025e-05 -22.0238423078 -11.1207694032
943 29449 -0.123306195888 1.63523836406e-05 -22.0151843167 -11.0999126244
944 28898 -0.123416664287 1.61904641864e-05 -22.006024851 -11.1069290121
945 28827 -0.123526173525 1.55684020571e-05 -21.9969567241 -11.1173677164
946 30631 -0.123628326555 1.71336596353e-05 -21.9885083235 -11.0775939101
947 27769 -0.123746402462 1.60650963523e-05 -21.9787557491 -11.1067889113
948 28055 -0.123856547747 1.59428687813e-05 -21.9696704669 -11.1284312591
949 28698 -0.123964623849 1.60672872621e-05 -21.9607673376 -11.1325249226
950 28987 -0.124072998503 1.60122795187e-05 -21.9518510088 -11.0894692666
951 29443 -0.124180162785 1.61213267919e-05 -21.9430454611 -11.0927904146
952 29577 -0.1242878122 1.64329753997e-05 -21.934211243 -11.1067609903
953 28787 -0.124399038204 1.65138098173e-05 -21.9250952746 -11.1076732617
954 27790 -0.124512799961 1.65277211794e-05 -21.9157838213 -11.0926167203
955 26789 -0.124628763705 1.58339352571e-05 -21.9063049564 -11.09734436
956 27708 -0.124738002475 1.61296732999e-05 -21.8973876086 -11.1115911674
957 27811 -0.124849075559 1.53910869704e-05 -21.8883322564 -11.1324308806
958 30090 -0.124950970309 1.6262308822e-05 -21.8800355646 -11.0996944542
959 29798 -0.125059158355 1.65571520173e-05 -21.8712373061 -11.0796906463
960 28639 -0.12517151367 1.58059268431e-05 -21.8621119677 -11.0781743128
961 29706 -0.125276828484 1.68701261044e-05 -21.8535693624 -11.1210444087
962 27659 -0.125393318199 1.59785356389e-05 -21.8441325835 -11.0932316607
963 28191 -0.125502606433 1.58491360024e-05 -21.8352908972 -11.08222006
964 29113 -0.125609278765 1.58743781274e-05 -21.8266717506 -11.090774845
965 29988 -0.125714550396 1.65345667131e-05 -21.8181763255 -11.1053968454
966 28888 -0.12582626844 1.60466866963e-05 -21.8091721108 -11.1105966266
967 29240 -0.125934034889 1.67987727066e-05 -21.8004975241 -11.0739197086
968 27423 -0.126050530513 1.62129278622e-05 -21.7911325684 -11.0783752418
969 27293 -0.126163230599 1.59404315276e-05 -21.7820848505 -11.0649563002
970 27926 -0.126272774711 1.55578670241e-05 -21.7733018992 -11.1037965991
971 29706 -0.126376436818 1.66811108608e-05 -21.7650008823 -11.0716839972
972 28194 -0.126490523121 1.61672875801e-05 -21.7558767119 -11.0748671174
973 28191 -0.126601102336 1.61256610307e-05 -21.7470445954 -11.0640086408
974 28307 -0.126711169992 1.61224820562e-05 -21.7382646284 -11.0986050294
975 28433 -0.126820972525 1.6249833559e-05 -21.7295170133 -11.086520434
976 28193 -0.126932112659 1.66421899531e-05 -21.7206742102 -11.1067751717
977 26864 -0.127048716704 1.54744008877e-05 -21.7114089522 -11.0911182515
978 28820 -0.127153395746 1.62942919834e-05 -21.7031019349 -11.0680547467
979 28448 -0.127264339081 1.61580690904e-05 -21.6943088219 -11.0549349465
980 28471 -0.127374309317 1.63155327224e-05 -21.685604006 -11.0698524866
981 28043 -0.127486196538 1.59484107796e-05 -21.6767588428 -11.0804849277
982 28670 -0.127594363766 1.62609889358e-05 -21.6682186666 -11.0758748166
983 28396 -0.127705182249 1.59649276725e-05 -21.6594802635 -11.0834190468
984 28982 -0.127812876629 1.63181970006e-05 -21.6509989494 -11.0751204364
985 28538 -0.127923806185 1.5869307576e-05 -21.6422739054 -11.0891432482
986 29411 -0.128030071737 1.60939779402e-05 -21.6339262027 -11.089384211
987 29627 -0.128137447862 1.62654452655e-05 -21.6255016756 -11.0714509345
988 29330 -0.128246516372 1.61249130931e-05 -21.6169550681 -11.0904052406
989 29453 -0.128354416585 1.56865359414e-05 -21.6085106016 -11.0865563709
990 30923 -0.128456858261 1.6840248709e-05 -21.6005030631 -11.0882458017
991 28880 -0.128570658033 1.62119625271e-05 -21.5916187944 -11.0713757096
992 28746 -0.128680466545 1.57799838855e-05 -21.5830571724 -11.099118486
993 29895 -0.128785274441 1.61433526808e-05 -21.574895548 -11.0783514375
994 29964 -0.128892372535 1.64333034759e-05 -21.5665657596 -11.0741203345
995 29163 -0.12900288198 1.63084170102e-05 -21.5579814126 -11.0616347605
996 28745 -0.129113345674 1.63722095538e-05 -21.5494115288 -11.0655718528
997 28150 -0.129225406823 1.58669517682e-05 -21.5407288374 -11.0640075547
998 29018 -0.129332373534 1.61172166386e-05 -21.5324513052 -11.0494816907
999 29163 -0.129440758152 1.62373078011e-05 -21.5240744251 -11.0557457915
1000 28953 -0.129550344214 1.61675205912e-05 -21.5156152868 -11.0468109129
1001 28949 -0.129659467255 1.62017023372e-05 -21.5072024617 -11.048128113
1002 28845 -0.129769018375 1.58839632575e-05 -21.4987672267 -11.0788886828
1003 29683 -0.129874893293 1.61395422651e-05 -21.4906251199 -11.0808166842
1004 29763 -0.129982327019 1.63253218597e-05 -21.4823732338 -11.0529120123
1005 29286 -0.130091878843 1.57844299504e-05 -21.4739691144 -11.0602241363
1006 30443 -0.13019576869 1.64192751659e-05 -21.4660090826 -11.082261303
1007 29671 -0.130305233806 1.62313533075e-05 -21.4576321115 -11.0856006183
1008 29475 -0.13041380506 1.57327764801e-05 -21.4493339027 -11.0732004707
1009 30801 -0.130516751933 1.6659065758e-05 -21.4414750826 -11.0692644149
1010 29299 -0.13062851892 1.60009470401e-05 -21.4329534118 -11.0454856294
1011 29794 -0.130734974397 1.59615377866e-05 -21.4248468294 -11.0784005951
1012 30419 -0.130840071383 1.65372496132e-05 -21.4168533575 -11.0480412655
1013 29295 -0.130951028239 1.59736019019e-05 -21.4084245943 -11.0549561358
1014 29873 -0.131057161623 1.64726704568e-05 -21.4003722204 -11.0586937043
1015 28959 -0.131168326072 1.55936456836e-05 -21.3919485799 -11.0390959024
1016 30693 -0.131270542358 1.66938357032e-05 -21.384212411 -11.076396776
1017 29094 -0.131382937417 1.65173973734e-05 -21.3757162597 -11.062713967
1018 28076 -0.131496142547 1.54577349775e-05 -21.367169856 -11.046954297
1019 30171 -0.131598340308 1.63439066785e-05 -21.3594639017 -11.0459909267
1020 29632 -0.131707375472 1.61269017e-05 -21.3512522604 -11.047507491
1021 29750 -0.131814748507 1.58235346193e-05 -21.3431757376 -11.0517967647
1022 30803 -0.131918285801 1.6700739559e-05 -21.3353970622 -11.0475186319
1023 29177 -0.132030565679 1.58206889527e-05 -21.3269718939 -11.0297829029
1024 30218 -0.132135080794 1.61022132756e-05 -21.3191390149 -11.0492594029
1025 30415 -0.132241111933 1.6606223105e-05 -21.3112020023 -11.02348474
1026 29087 -0.132352929207 1.58344506827e-05 -21.3028421971 -11.0323390177
1027 30083 -0.132457770192 1.60468297865e-05 -21.2950135782 -11.0473457871
1028 30450 -0.132563376234 1.67074196119e-05 -21.2871372251 -11.0531681541
1029 28824 -0.132676388484 1.54065525581e-05 -21.2787189239 -11.0034022335
1030 31136 -0.132776656138 1.62017941076e-05 -21.2712589776 -11.0562173645
1031 31024 -0.132882290856 1.66400775599e-05 -21.2634088663 -11.0460730119
1032 29568 -0.132993421475 1.62327019432e-05 -21.2551604469 -11.0427821964
1033 29369 -0.133102198146 1.58506089213e-05 -21.2470967684 -11.0370012293
1034 30325 -0.133206726785 1.63547862342e-05 -21.239357327 -11.0491546815
1035 29750 -0.1333156172 1.61790347864e-05 -21.2313046392 -11.0042658103
1036 29711 -0.133423408237 1.61381806579e-05 -21.2233429909 -11.0267837034
1037 29796 -0.13353077485 1.5928445398e-05 -21.2154223061 -11.0452482219
1038 30524 -0.133635474381 1.6453015676e-05 -21.2077076036 -11.0561681153
1039 29649 -0.133745206383 1.60326039599e-05 -21.1996318477 -11.0059229062
1040 30054 -0.133851411532 1.63845076279e-05 -21.1918251481 -11.0538885554
1041 29396 -0.13396115585 1.60386818261e-05 -21.1837680956 -10.9945566685
1042 29779 -0.134067890407 1.6023870002e-05 -21.1759415447 -11.0588340073
1043 30212 -0.134173758813 1.6220532796e-05 -21.1681877788 -11.0298843794
1044 30046 -0.134281222863 1.61855043672e-05 -21.1603265773 -11.0261232899
1045 29987 -0.134388559745 1.62259626704e-05 -21.1524841447 -11.0123687094
1046 29806 -0.134496492041 1.6476184806e-05 -21.1446077322 -11.0096468449
1047 28883 -0.134607824942 1.56187842488e-05 -21.1364931476 -11.0358869915
1048 30534 -0.134710471691 1.65858867945e-05 -21.1290206318 -10.9917823834
1049 29261 -0.13482181934 1.61397413514e-05 -21.1209244212 -11.0109479786
1050 29340 -0.134930027421 1.62451148061e-05 -21.1130661636 -11.0518753442
1051 29106 -0.13503937826 1.60121658117e-05 -21.105134585 -11.0490332151
1052 29565 -0.135146321869 1.58820757437e-05 -21.0973869949 -11.012362953
1053 30430 -0.135250877201 1.60304981461e-05 -21.089821381 -11.0271888536
1054 30852 -0.135355685617 1.62389959325e-05 -21.0822463264 -11.0395837762
1055 30625 -0.135462250006 1.60004028067e-05 -21.0745534509 -11.0276394444
1056 31145 -0.135566368911 1.66160563481e-05 -21.0670459549 -11.0120877069
1057 29756 -0.135676988546 1.61139008595e-05 -21.0590792804 -11.0218376499
1058 29914 -0.135783980641 1.57840350662e-05 -21.0513832078 -11.0398725145
1059 31097 -0.135886769564 1.65009755468e-05 -21.0439981207 -10.9929002501
1060 30059 -0.135996068261 1.58735917626e-05 -21.0361546043 -10.9972287706
1061 30965 -0.136099660856 1.59782659329e-05 -21.028729384 -11.0057649196
1062 31561 -0.136202947181 1.63506224361e-05 -21.0213346416 -11.0233504097
1063 30976 -0.1363096344 1.610147755e-05 -21.0137053367 -11.0027246695
1064 31180 -0.136414351489 1.63771159844e-05 -21.0062257211 -11.0086766922
1065 30520 -0.136522007024 1.63600582727e-05 -20.9985452983 -11.0498036036
1066 29926 -0.136630613041 1.5910908283e-05 -20.9908063746 -10.9869960614
1067 30712 -0.136734877017 1.6033166304e-05 -20.9833856333 -11.0245561429
1068 31129 -0.136839234639 1.60163009632e-05 -20.9759668271 -11.0028974911
1069 31606 -0.13694269329 1.57185874978e-05 -20.9686204085 -10.9999789804
1070 33075 -0.137041947831 1.69406873987e-05 -20.9615804388 -11.0239717749
1071 30577 -0.13715320437 1.64869879467e-05 -20.9536983932 -10.9730283876
1072 29598 -0.137263257016 1.56203196297e-05 -20.9459111968 -10.9734520572
1073 31285 -0.137364674247 1.57460801219e-05 -20.9387434351 -11.0174255846
1074 32648 -0.137464750857 1.70520935457e-05 -20.9316783108 -10.9859743828
1075 29843 -0.137578107222 1.60132100939e-05 -20.9236851221 -10.9916753182
1076 30310 -0.137683734528 1.59470180435e-05 -20.916245957 -11.0194911493
1077 30992 -0.137787761591 1.6622104501e-05 -20.9089279835 -11.0088569594
1078 29591 -0.137898728324 1.54805465783e-05 -20.9011310968 -10.9913664543
1079 31725 -0.137998538182 1.64263500862e-05 -20.8941262902 -10.9982113261
1080 30899 -0.138105853458 1.64915700689e-05 -20.886603351 -11.0271515774
1081 29896 -0.138215387042 1.61730035098e-05 -20.8789340902 -11.0086227966
1082 29875 -0.138322841582 1.57098679103e-05 -20.8714193994 -10.9884115419
1083 31292 -0.138424829286 1.64586213339e-05 -20.8642952568 -11.0240968381
1084 30377 -0.13853327409 1.61081815974e-05 -20.856728847 -11.0068999727
1085 30556 -0.138639098612 1.6363670836e-05 -20.8493539698 -10.9654133598
1086 29950 -0.138747684492 1.5523493296e-05 -20.8417955829 -11.0188502274
1087 31970 -0.138847387079 1.65281475912e-05 -20.8348634906 -11.0020570715
1088 30817 -0.138955509505 1.58603661567e-05 -20.8273545755 -10.98127792
1089 31789 -0.139057666271 1.6156387823e-05 -20.8202681633 -11.0171287397
1090 31821 -0.13916167753 1.68950457353e-05 -20.8130612792 -10.9779049898
1091 29554 -0.139274538117 1.62762432479e-05 -20.8052505406 -11.0068944187
1092 29226 -0.13938387361 1.54615358697e-05 -20.797692989 -10.9826964659
1093 31395 -0.139484084526 1.59768946479e-05 -20.790774113 -10.9911327565
1094 32004 -0.139586645142 1.59873609994e-05 -20.7837008783 -11.0159474423
1095 32590 -0.139688345827 1.64996438063e-05 -20.7766948009 -10.9943830617
1096 31506 -0.139795095775 1.57753207161e-05 -20.7693492803 -11.0053270055
1097 32781 -0.139895154474 1.58936654726e-05 -20.7624719838 -10.9841517073
1098 33700 -0.139994579658 1.67923754454e-05 -20.7556456909 -11.0061253857
1099 31626 -0.140103016562 1.63742279139e-05 -20.7482091398 -10.9863026308
1100 30965 -0.140209875803 1.66104736913e-05 -20.7408894103 -10.9769917438
1101 29601 -0.140320747834 1.5057302365e-05 -20.7333038457 -11.0023509079
1102 33133 -0.140415743539 1.74415869357e-05 -20.726811805 -11.0254909553
1103 29114 -0.140533131935 1.60902715891e-05 -20.7187987419 -11.0201420845
1104 29339 -0.140641009212 1.5008294744e-05 -20.7114439704 -10.9916809353
1105 33005 -0.140735880306 1.68984385657e-05 -20.7049830774 -10.9882357352
1106 30643 -0.140846739376 1.61910181229e-05 -20.6974418423 -10.9972834982
1107 30566 -0.140953091477 1.60787551336e-05 -20.6902157593 -10.9850252882
1108 30838 -0.141058238468 1.55247058953e-05 -20.6830797877 -11.029293799
1109 32914 -0.141156508802 1.6440278973e-05 -20.6764178979 -11.006335823
1110 32011 -0.141262031742 1.63412165841e-05 -20.6692722772 -10.970555336
1111 31448 -0.141367854988 1.58714029428e-05 -20.6621145591 -10.9892292402
1112 32403 -0.141469108781 1.67616870804e-05 -20.6552736226 -10.9860718464
1113 30504 -0.141579320942 1.58632395243e-05 -20.6478359957 -10.9971354139
1114 31457 -0.141682034071 1.65621001346e-05 -20.6409124555 -10.9853255104
1115 30219 -0.141791446647 1.55605091524e-05 -20.6335458227 -10.9965713361
1116 32136 -0.141891128577 1.61736019338e-05 -20.6268419601 -10.9602313223
1117 32112 -0.141994777467 1.63997424024e-05 -20.619878998 -10.9795939149
1118 31360 -0.142101127753 1.5668755512e-05 -20.6127426958 -10.9732981163
1119 32985 -0.142200203761 1.67620952975e-05 -20.6061019131 -10.9980062053
1120 31051 -0.142309444202 1.58580270223e-05 -20.5987881005 -10.9636471188
1121 32038 -0.142411188218 1.65973085991e-05 -20.5919839671 -10.9524314459
1122 30667 -0.142520028748 1.59360138335e-05 -20.5847135501 -10.9957516698
1123 31392 -0.142623319456 1.62400829071e-05 -20.5778217729 -10.9796823869
1124 31157 -0.142728976214 1.60951378109e-05 -20.5707800928 -10.9634971249
1125 31382 -0.142833314012 1.59218400417e-05 -20.5638342098 -10.9815884631
1126 32170 -0.142935257064 1.62095697041e-05 -20.5570553109 -11.0002995987
1127 32029 -0.143039271172 1.61501826249e-05 -20.5501463859 -10.965329526
1128 32081 -0.143142819605 1.60962706141e-05 -20.5432760983 -10.9518325834
1129 32309 -0.143245657 1.60312792158e-05 -20.5364605849 -10.9653563183
1130 32754 -0.143347381075 1.62853331113e-05 -20.5297262938 -10.9813190012
1131 32360 -0.143451344324 1.60756266926e-05 -20.5228513972 -10.9624585175
1132 32659 -0.143553499044 1.61536805851e-05 -20.5161035977 -10.9777851657
1133 32700 -0.143656084291 1.64351266922e-05 -20.5093348319 -10.9588701899
1134 31820 -0.143761891133 1.62980669362e-05 -20.5023613315 -10.979556702
1135 31397 -0.143867519818 1.58729813434e-05 -20.4954074935 -10.9684993928
1136 32345 -0.143968874016 1.59689645745e-05 -20.4887424855 -10.9374711048
1137 32999 -0.144069826462 1.66265516839e-05 -20.482111117 -10.972692155
1138 31494 -0.144177418788 1.6161420414e-05 -20.4750515082 -11.0079807469
1139 31509 -0.144281975285 1.60665111609e-05 -20.4681989113 -10.966061546
1140 31829 -0.144385393765 1.61694537352e-05 -20.4614284681 -10.9512228621
1141 31818 -0.144489492695 1.6300447682e-05 -20.4546210678 -10.9489444619
1142 31387 -0.144595152888 1.61339236914e-05 -20.4477193455 -10.9611788384
1143 31490 -0.144699563492 1.65694962258e-05 -20.4409069282 -10.9654452411
1144 30228 -0.144809008588 1.56008995666e-05 -20.4337742126 -10.9611950589
1145 32014 -0.144909139755 1.61637671233e-05 -20.4272558274 -10.9309465988
1146 32022 -0.145012871033 1.61943287047e-05 -20.4205104519 -10.9547182864
1147 31931 -0.145116946704 1.62450303939e-05 -20.4137502087 -10.9318003998
1148 31677 -0.145221766135 1.5817077553e-05 -20.4069492637 -10.9649388238
1149 32820 -0.145322030959 1.63720591958e-05 -20.4004509674 -10.9442732184
1150 32142 -0.14542690298 1.57275573296e-05 -20.3936615253 -10.9494259067
1151 33606 -0.145525427511 1.67837542765e-05 -20.3872899533 -10.9414428825
1152 31566 -0.145633912801 1.56626847163e-05 -20.3802819761 -10.9617113075
1153 33222 -0.145732596285 1.62854913778e-05 -20.37391423 -10.96524593
1154 32822 -0.1458358265 1.57789794442e-05 -20.367260274 -10.940168677
1155 34138 -0.14593389971 1.6613131854e-05 -20.3609455128 -10.9464258226
1156 32625 -0.146039524661 1.63684605844e-05 -20.3541518941 -10.9357197129
1157 31962 -0.146144667317 1.57576136979e-05 -20.3473968914 -10.9689156056
1158 33316 -0.146243808966 1.58409394507e-05 -20.341034361 -10.9553861616
1159 34434 -0.146341842616 1.68454010487e-05 -20.3347495429 -10.9375166968
1160 32142 -0.146449745917 1.63166462129e-05 -20.3278395753 -10.9373933319
1161 31655 -0.14655506318 1.57941546864e-05 -20.3211028637 -10.9242815838
1162 32873 -0.146655100945 1.58697725182e-05 -20.3147108476 -10.9710074041
1163 33877 -0.146754117446 1.59656772173e-05 -20.30839078 -10.9490053035
1164 34573 -0.146852724065 1.73821342041e-05 -20.3021034833 -10.9499138769
1165 30563 -0.146966905476 1.58869899232e-05 -20.2948313429 -10.9168628601
1166 31442 -0.147069797061 1.54841177308e-05 -20.2882857952 -10.9451416314
1167 33698 -0.147166664367 1.62974096308e-05 -20.2821300195 -10.9587535368
1168 33252 -0.147269299939 1.60912848923e-05 -20.2756145806 -10.951792657
1169 33506 -0.147370253515 1.59586956597e-05 -20.269212834 -10.9214041169
1170 34219 -0.147469326073 1.61279271981e-05 -20.2629370277 -10.939204599
1171 34352 -0.14756925524 1.6685006995e-05 -20.2566136318 -10.9278394308
1172 32591 -0.147675392233 1.62255470658e-05 -20.2499047402 -10.9412470354
1173 32395 -0.147778918082 1.60579593669e-05 -20.2433681597 -10.8978427971
1174 32753 -0.147880813994 1.60354123896e-05 -20.2369414846 -10.949824001
1175 33190 -0.14798189348 1.60693803543e-05 -20.2305731451 -10.9482702134
1176 33518 -0.148082691643 1.62239477261e-05 -20.2242293065 -10.9524612351
1177 33322 -0.148184757516 1.64036699378e-05 -20.2178125685 -10.9514288316
1178 32529 -0.148289204836 1.5916922793e-05 -20.211253274 -10.9254431924
1179 33362 -0.14838927855 1.60106000233e-05 -20.2049754275 -10.9331385685
1180 33893 -0.148489150396 1.62954950415e-05 -20.1987168551 -10.9276344586
1181 33451 -0.148591468331 1.67241789251e-05 -20.1923118342 -10.9244489852
1182 31611 -0.148699492013 1.59843999205e-05 -20.1855571372 -10.9321609604
1183 32200 -0.148801788606 1.57057919886e-05 -20.1791676438 -10.9173636352
1184 33741 -0.148899979499 1.65731057861e-05 -20.1730410719 -10.9488358203
1185 32377 -0.149005753207 1.55428829171e-05 -20.1664484621 -10.9059438008
1186 34493 -0.149101860598 1.66019415154e-05 -20.1604646948 -10.9590416373
1187 33002 -0.149206810267 1.59817530671e-05 -20.1539373082 -10.9328635257
1188 33625 -0.149306897777 1.64908132367e-05 -20.1477190379 -10.9074238588
1189 32536 -0.149411888703 1.59907178919e-05 -20.1412031587 -10.9414357889
1190 33121 -0.149512792872 1.64821464473e-05 -20.1349476844 -10.9159405249
1191 32076 -0.149618477553 1.55905222475e-05 -20.1284029551 -10.9368313033
1192 34007 -0.149715565614 1.63074109131e-05 -20.122396989 -10.9422760679
1193 33523 -0.149817848399 1.59196010955e-05 -20.1160762924 -10.917041629
1194 34373 -0.149916457287 1.66847924722e-05 -20.1099890508 -10.9126436678
1195 32612 -0.150022559335 1.6417134168e-05 -20.1034462785 -10.9175271462
1196 31792 -0.15012829633 1.56148645452e-05 -20.0969332567 -10.9135228668
1197 33623 -0.15022609026 1.6301933666e-05 -20.0909159228 -10.8962318147
1198 33163 -0.150328892347 1.62487260764e-05 -20.0845970784 -10.9243921598
1199 32886 -0.150431789025 1.65831294547e-05 -20.0782792301 -10.9437565727
1200 31524 -0.150539048203 1.56199745549e-05 -20.0717007667 -10.9150466158
1201 33322 -0.150637314606 1.60945650578e-05 -20.0656803306 -10.8833605801
1202 33565 -0.150738199438 1.61379730922e-05 -20.0595059082 -10.9253802315
1203 33661 -0.150839211771 1.61111693853e-05 -20.0533302056 -10.9212997775
1204 33849 -0.150939775563 1.64052722173e-05 -20.0471884002 -10.9289086129
1205 33038 -0.15104342516 1.60724406045e-05 -20.0408648835 -10.9098822938
1206 33354 -0.151144489866 1.66057351493e-05 -20.0347056558 -10.9451781354
1207 31900 -0.151251261366 1.5836223629e-05 -20.0282056924 -10.9244964438
1208 32987 -0.151351393378 1.57747916347e-05 -20.022116501 -10.9200526502
1209 34324 -0.151449174235 1.6608973981e-05 -20.0161764221 -10.9403046577
1210 32817 -0.151554464051 1.59117788307e-05 -20.0097869508 -10.9158941581
1211 33675 -0.151654039468 1.61199432644e-05 -20.0037507036 -10.9501524965
1212 33833 -0.151754681904 1.58215350385e-05 -19.997656134 -10.9314217654
1213 35038 -0.15185174878 1.65732970728e-05 -19.991784137 -10.9090815555
1214 33621 -0.151955548523 1.63265037265e-05 -19.9855114014 -10.8946848107
1215 33078 -0.152058637 1.59572849445e-05 -19.9792883509 -10.9292702239
1216 33787 -0.152158332499 1.62393744434e-05 -19.9732764652 -10.9276151504
1217 33537 -0.152260167579 1.60358293626e-05 -19.967141988 -10.904112118
1218 33984 -0.152360063314 1.62882476237e-05 -19.9611306407 -10.9031508037
1219 33566 -0.152462161184 1.6432073964e-05 -19.9549932205 -10.9206838205
1220 32673 -0.152566558643 1.65326031646e-05 -19.9487242901 -10.9129192085
1221 31481 -0.152673564551 1.56836611391e-05 -19.9423057722 -10.9357029612
1222 33062 -0.152772619036 1.60133774167e-05 -19.9363705516 -10.9434387177
1223 33579 -0.15287297452 1.66136814739e-05 -19.9303635921 -10.9049674952
1224 32089 -0.152979481519 1.60003627307e-05 -19.923995255 -10.9282119908
1225 32634 -0.153081197122 1.61838570316e-05 -19.9179199667 -10.9108520617
1226 32575 -0.153184170902 1.598601819e-05 -19.911776047 -10.9106045118
1227 33176 -0.153284960964 1.57816358922e-05 -19.9057687594 -10.8972011336
1228 34497 -0.15338253912 1.59504758188e-05 -19.8999588753 -10.9172324112
1229 35260 -0.153480087269 1.6669145738e-05 -19.8941566379 -10.906827373
1230 33506 -0.153584665047 1.5883426088e-05 -19.8879427711 -10.9039423543
1231 34482 -0.15368289423 1.5835009732e-05 -19.8821122446 -10.8921794966
1232 35661 -0.153779191061 1.68900717362e-05 -19.8764021577 -10.9012625988
1233 33137 -0.153885743919 1.55397237663e-05 -19.8700905383 -10.8979120753
1234 35314 -0.153980708238 1.67812734947e-05 -19.8644712112 -10.89733093
1235 33178 -0.154086508563 1.60086640683e-05 -19.8582171679 -10.8838259907
1236 33713 -0.154186635014 1.59068768986e-05 -19.8523048016 -10.9068808229
1237 34612 -0.154284823593 1.69261709594e-05 -19.8465127909 -10.8994732705
1238 32045 -0.154393408711 1.50380276987e-05 -19.8401143258 -10.9188440405
1239 35940 -0.154484503625 1.68084566289e-05 -19.834752005 -10.9105488723
1240 33674 -0.154589693201 1.5695198528e-05 -19.8285662556 -10.9194074161
1241 35323 -0.154685594615 1.65091084276e-05 -19.8229325391 -10.9340230858
1242 34115 -0.154788239785 1.64703762646e-05 -19.8169088196 -10.8984482274
1243 33078 -0.154892236985 1.61665982127e-05 -19.8108122408 -10.8689318832
1244 33077 -0.154994318832 1.57356042974e-05 -19.8048342831 -10.8684917746
1245 34555 -0.15509153029 1.60542747759e-05 -19.7991473662 -10.8872941803
1246 34950 -0.155190149025 1.6195012306e-05 -19.7933839251 -10.9032612695
1247 34848 -0.155289777447 1.64829069742e-05 -19.7875674018 -10.9085083661
1248 33746 -0.155392818816 1.61633105865e-05 -19.7815578797 -10.884528903
1249 33756 -0.155493847855 1.59983667891e-05 -19.7756718872 -10.8820848781
1250 34336 -0.155592997692 1.61238707952e-05 -19.7699013068 -10.9072550647
1251 34484 -0.155692710843 1.64621991642e-05 -19.7641038563 -10.8788414351
1252 33464 -0.155796055916 1.57324452587e-05 -19.7581014921 -10.886080704
1253 34971 -0.155892668722 1.63615555419e-05 -19.7524958898 -10.8916110819
1254 34285 -0.155994145074 1.57847920135e-05 -19.7466140687 -10.8509050758
1255 35638 -0.156090166689 1.65347473396e-05 -19.7410540429 -10.9215784831
1256 34330 -0.156192649053 1.6250377997e-05 -19.7351259401 -10.9092305137
1257 34038 -0.156293800454 1.56238639424e-05 -19.7292809194 -10.8682465835
1258 35965 -0.156388410592 1.66438390839e-05 -19.7238193552 -10.8753683163
1259 34264 -0.156491668559 1.62816591189e-05 -19.7178646036 -10.8959677707
1260 33865 -0.15659327332 1.59619019842e-05 -19.7120113208 -10.8821101171
1261 34574 -0.156691855193 1.6675274687e-05 -19.7063379859 -10.8798488792
1262 32834 -0.156797537024 1.6272246106e-05 -19.7002623919 -10.8769602219
1263 32482 -0.156901221249 1.53544716881e-05 -19.6943080055 -10.8724503703
1264 35274 -0.156995106042 1.61061460145e-05 -19.6889218134 -10.8987240364
1265 35489 -0.157093287993 1.60196531329e-05 -19.6832946072 -10.8920400421
1266 36021 -0.15719022002 1.62140811441e-05 -19.6777445624 -10.8739203644
1267 35846 -0.1572885668 1.65160494794e-05 -19.672119114 -10.8914367308
1268 34596 -0.157390539133 1.62302051451e-05 -19.6662922324 -10.8604379162
1269 34372 -0.157491072906 1.62571617417e-05 -19.6605534735 -10.8857022766
1270 34056 -0.157592239495 1.59478012432e-05 -19.6547845175 -10.8790988777
1271 34819 -0.157690387411 1.59132986476e-05 -19.6491933723 -10.8892298294
1272 35724 -0.157787074486 1.64076588101e-05 -19.6436909016 -10.8730974723
1273 34859 -0.157887994251 1.60669709216e-05 -19.6379533153 -10.8456363414
1274 35212 -0.15798632301 1.656860565e-05 -19.6323686935 -10.8740169461
1275 33804 -0.158089812046 1.5591213458e-05 -19.6264970149 -10.8808075481
1276 35837 -0.158184393589 1.65978338743e-05 -19.6211361176 -10.8712048972
1277 34302 -0.158287309573 1.59112160193e-05 -19.6153086682 -10.8850981283
