100 100000 0.5 reinforce cheb_reinforce 30000000

1 100 0 3.07308873043e-05 -56.6666666667 -11.9730221773
2 78347 -0.000173791681352 2.60135755449e-05 -56.5055599465 -12.1197901102
3 28046 -0.000419674874177 1.63840573946e-05 -56.2793850016 -12.1630930743
4 27433 -0.000576260780067 1.62529902425e-05 -56.1364142751 -12.155472324
5 27192 -0.000732279355146 1.59087801446e-05 -55.9947768759 -12.1236360262
6 27912 -0.000883012869796 1.6247843429e-05 -55.8587038275 -12.1321831415
7 27682 -0.00103759758405 1.61448096936e-05 -55.7199299589 -12.1383425257
8 27742 -0.00119103468693 1.63174505334e-05 -55.5829567465 -12.1142905464
9 27320 -0.00134730736496 1.60521162326e-05 -55.4442345705 -12.1379775476
10 27638 -0.00150015029627 1.59454529595e-05 -55.3093143177 -12.1195116152
11 28264 -0.00165028658214 1.61339365688e-05 -55.177506497 -12.1205577085
12 28357 -0.00180194975166 1.64587888998e-05 -55.045079958 -12.121380588
13 27528 -0.00195897886574 1.5568987722e-05 -54.9087261924 -12.1355799606
14 29249 -0.00210308076732 1.65552431084e-05 -54.7842707628 -12.1168305413
15 28117 -0.00225936543154 1.61097008187e-05 -54.6500159275 -12.1304658389
16 28279 -0.00241100952664 1.64023917284e-05 -54.5204603217 -12.1438287566
17 27609 -0.00256726873394 1.59732623964e-05 -54.3876902505 -12.090280979
18 28155 -0.00271795841229 1.62304237307e-05 -54.260347105 -12.129326895
19 27972 -0.00287157376713 1.6042741571e-05 -54.1312278905 -12.1085746109
20 28325 -0.00302246486223 1.62411956656e-05 -54.0050774926 -12.1395802212
21 28110 -0.00317580395449 1.60253991482e-05 -53.8775643383 -12.1238984525
22 28515 -0.00332602921159 1.62807464985e-05 -53.7533037893 -12.069163963
23 28185 -0.00347953641393 1.61795580578e-05 -53.6270012368 -12.1195021096
24 28147 -0.0036321943858 1.63478755824e-05 -53.5020664149 -12.1222367412
25 27633 -0.0037878680138 1.58113799045e-05 -53.3753451518 -12.113904618
26 28646 -0.00393574522644 1.59966787469e-05 -53.2556026975 -12.1018979804
27 29143 -0.00408407531646 1.64162932004e-05 -53.136107693 -12.1093440994
28 28413 -0.00423823988949 1.64400613162e-05 -53.0125592563 -12.0864695789
29 27634 -0.0043947869533 1.60080803942e-05 -52.8877708592 -12.1107127141
30 28081 -0.00454600378942 1.59799290407e-05 -52.7678667596 -12.0902528583
31 28617 -0.00469553462134 1.6367168107e-05 -52.649908768 -12.1006057238
32 28039 -0.00485025808888 1.65369815118e-05 -52.5284873516 -12.0976093208
33 27004 -0.00500955567942 1.59242612342e-05 -52.4041434827 -12.072259336
34 27675 -0.00516107922223 1.6178379449e-05 -52.2864910438 -12.0935635815
35 27641 -0.00531511694393 1.62893763953e-05 -52.1675043797 -12.0648194833
36 27298 -0.00547118312936 1.53249355588e-05 -52.0475812892 -12.0892518456
37 29734 -0.00561186530117 1.60917450473e-05 -51.9400191898 -12.0952534758
38 29959 -0.00575902987825 1.69172918852e-05 -51.8280444106 -12.1183894391
39 27762 -0.00591975119648 1.60230410289e-05 -51.7063848282 -12.0809612854
40 28168 -0.00607087473516 1.62637708409e-05 -51.5925860514 -12.0882957354
41 27890 -0.00622503072929 1.62608457786e-05 -51.4770940176 -12.0614381792
42 27623 -0.00637990226771 1.60102192813e-05 -51.361661596 -12.0724023641
43 28064 -0.00653118584102 1.60970430698e-05 -51.2494755436 -12.0988443936
44 28262 -0.00668275641369 1.59061848928e-05 -51.1376394034 -12.0945011467
45 29018 -0.00683056541276 1.61109302114e-05 -51.029117201 -12.1308020659
46 29181 -0.00697985739693 1.69431024471e-05 -50.9200419469 -12.0864965804
47 26970 -0.00714316907944 1.52879966153e-05 -50.8013356862 -12.0833683058
48 29487 -0.00728409778346 1.61692268103e-05 -50.6994091404 -12.0537441093
49 29478 -0.00743317393564 1.65138456974e-05 -50.5921006276 -12.076301415
50 28457 -0.00758813550956 1.62000879963e-05 -50.4811081495 -12.0659855698
51 28359 -0.00774041345393 1.60793409009e-05 -50.3725824432 -12.0963072194
52 28610 -0.00789089256832 1.61954116495e-05 -50.2658651302 -12.0539848502
53 28525 -0.00804268293823 1.63682598289e-05 -50.1587441506 -12.0553365218
54 27946 -0.00819767463302 1.58239397532e-05 -50.0499053155 -12.0760853769
55 28934 -0.0083449320988 1.61784706196e-05 -49.947000712 -12.0561928794
56 28898 -0.00849558278666 1.66697797159e-05 -49.8422285031 -12.0534108774
57 27459 -0.00865482343736 1.59329440854e-05 -49.7320319766 -12.029633125
58 28117 -0.00880523457341 1.6360882173e-05 -49.6284606047 -12.0708764426
59 27567 -0.00896121800798 1.56840356617e-05 -49.5215767919 -12.0517905065
60 28950 -0.00910713272224 1.65893343638e-05 -49.4220723787 -12.0256960628
61 27734 -0.00926481815993 1.61498498221e-05 -49.3150590153 -12.020291088
62 27780 -0.00941819842532 1.62162056182e-05 -49.2114798181 -12.0864340383
63 27639 -0.00957260024515 1.58094131523e-05 -49.1077174487 -12.0875068612
64 28658 -0.00972042824672 1.58345026952e-05 -49.0088458388 -12.0727048373
65 29639 -0.00986602007239 1.65402055438e-05 -48.9119189171 -12.0538892089
66 28536 -0.0100210138785 1.60864487038e-05 -48.8092190009 -12.0236724369
67 28768 -0.0101711460335 1.63631619584e-05 -48.7102152747 -12.0598608559
68 28199 -0.0103253937908 1.58964435213e-05 -48.6089807218 -12.0426564769
69 28982 -0.0104732040608 1.60869483304e-05 -48.5124274316 -12.0400092412
70 29216 -0.0106221849597 1.60002654201e-05 -48.415558171 -12.0556160473
71 29712 -0.0107691206525 1.63317252373e-05 -48.3204569599 -12.0267583976
72 29217 -0.0109203653566 1.59288057781e-05 -48.2230182342 -12.0352861357
73 29929 -0.0110661126441 1.67809984218e-05 -48.1295515091 -12.0578581591
74 28120 -0.0112245209624 1.56998531756e-05 -48.0284409909 -12.0426584449
75 29484 -0.0113692557713 1.6214683395e-05 -47.936488309 -12.0249123386
76 29339 -0.0115191037979 1.64606311391e-05 -47.8417169048 -12.0433338288
77 28476 -0.0116735143033 1.57574797258e-05 -47.7445142696 -12.0331329247
78 29682 -0.011818292703 1.60035060627e-05 -47.6537911401 -12.0338811327
79 30176 -0.0119641239168 1.68194422137e-05 -47.5628125673 -12.0440788898
80 28242 -0.0121225524028 1.62678470191e-05 -47.464431755 -12.0018400203
81 27952 -0.012276576732 1.51922076752e-05 -47.3692386669 -12.0360754663
82 30861 -0.0124134711877 1.69941403224e-05 -47.2850047162 -12.0470586924
83 28376 -0.0125731664217 1.61407184426e-05 -47.1871806491 -12.0177369303
84 28449 -0.0127246457299 1.6394213551e-05 -47.0948240116 -12.0350910641
85 27798 -0.0128802951243 1.6256474382e-05 -47.0003625898 -12.0486021845
86 27545 -0.0130353466441 1.53832986485e-05 -46.9067020724 -12.0410839513
87 29825 -0.0131763481079 1.61259360137e-05 -46.8219056787 -12.0262819986
88 29947 -0.0133238559124 1.65493004116e-05 -46.7335783159 -11.9905516567
89 28806 -0.0134782065561 1.59528642229e-05 -46.6415687951 -12.0186716899
90 29436 -0.0136253912682 1.57417694689e-05 -46.5542239286 -12.0353300211
91 30732 -0.0137675338043 1.65427845094e-05 -46.4702330584 -12.0225818941
92 29580 -0.0139197900788 1.62212323515e-05 -46.3806578191 -12.0241129877
93 29415 -0.0140695049013 1.63273007333e-05 -46.292970316 -12.015635228
94 28938 -0.0142214359605 1.59214102899e-05 -46.2043800603 -12.0212892332
95 29666 -0.0143677612154 1.60355723107e-05 -46.1194324863 -12.0268031568
96 30062 -0.0145141621096 1.64824382465e-05 -46.0348058418 -12.0218795055
97 29113 -0.0146670755795 1.6059636436e-05 -45.9468017428 -11.9797126607
98 29429 -0.0148152630171 1.61779881407e-05 -45.8618924962 -11.9788734597
99 29394 -0.0149646332377 1.61954692192e-05 -45.7766765881 -11.9976168505
100 29307 -0.0151143866115 1.57099315137e-05 -45.6916136397 -11.9945694495
101 30697 -0.0152563237523 1.6649002217e-05 -45.6113316917 -12.0169327204
102 29230 -0.015410472785 1.60419003121e-05 -45.5245162514 -12.0100111464
103 29601 -0.0155580671054 1.61209534767e-05 -45.4417547438 -11.9677463234
104 29737 -0.0157060488108 1.60167142733e-05 -45.3591296217 -11.9564245506
105 30191 -0.0158519631381 1.60391197716e-05 -45.2780033104 -11.9833987679
106 30583 -0.0159971437874 1.63762863533e-05 -45.1976222851 -12.0010948012
107 29938 -0.0161469641709 1.62729197632e-05 -45.1150230254 -12.0126244671
108 29616 -0.0162966472847 1.64257072915e-05 -45.032852835 -12.000493546
109 28846 -0.0164497365761 1.60331432473e-05 -44.9491758181 -11.9911235214
110 29238 -0.0165981629554 1.56188064115e-05 -44.8683957777 -11.9708997512
111 30909 -0.0167387905096 1.66587587836e-05 -44.7921745595 -11.9883713077
112 29403 -0.016892576054 1.60165807993e-05 -44.7091695782 -11.9916289747
113 29853 -0.0170393145726 1.58673107436e-05 -44.6303050078 -12.023985734
114 30773 -0.0171824965627 1.63711180544e-05 -44.5536669737 -11.9912043542
115 30140 -0.0173317674506 1.61297451556e-05 -44.4740991748 -11.9868110577
116 30252 -0.0174785654423 1.63546421296e-05 -44.3961753854 -12.0232487062
117 29679 -0.0176288390852 1.61247075151e-05 -44.3167392511 -11.9451768099
118 29804 -0.0177766887809 1.59552342048e-05 -44.2389108118 -11.9501337401
119 30449 -0.0179214271481 1.60945593184e-05 -44.1630318277 -11.9244755465
120 30671 -0.018066899817 1.6322631097e-05 -44.0870766814 -11.9876997002
121 30188 -0.0182156097376 1.6094571904e-05 -44.0097493247 -11.9423360338
122 30408 -0.0183617101258 1.675096052e-05 -43.9340901214 -11.964364621
123 28657 -0.0185183458654 1.56483753431e-05 -43.8533156175 -11.9987493919
124 30204 -0.0186608747663 1.60881719864e-05 -43.7801200967 -11.9722319096
125 30444 -0.0188068309626 1.59256609689e-05 -43.7054631677 -11.9689208661
126 31196 -0.0189495600025 1.69817531089e-05 -43.6327474847 -11.9627433751
127 28720 -0.0191081800868 1.55765710722e-05 -43.5522708473 -11.9589951624
128 30492 -0.0192493830223 1.62986522112e-05 -43.4809257991 -11.973990202
129 30085 -0.0193981286798 1.62213443055e-05 -43.406068276 -11.9502936995
130 29917 -0.0195465835127 1.61515787624e-05 -43.3316607711 -11.9275534823
131 29961 -0.0196942905913 1.62940941705e-05 -43.2579273085 -11.9287102338
132 29575 -0.0198442719298 1.58402934202e-05 -43.1833621543 -11.9976848604
133 30570 -0.019987683458 1.60108924287e-05 -43.1123476648 -11.9544524968
134 31056 -0.0201315012358 1.64265788378e-05 -43.0414095776 -11.9616786795
135 30246 -0.0202810137316 1.61737966545e-05 -42.9679555309 -11.9967542814
136 30223 -0.0204282832657 1.63009567669e-05 -42.8958936635 -11.9461050844
137 29813 -0.0205777280053 1.60194648002e-05 -42.8230601198 -11.9434108391
138 30260 -0.0207235016047 1.60708518726e-05 -42.7522981318 -11.973146435
139 30554 -0.0208690377217 1.58643804515e-05 -42.6819279808 -11.9222276921
140 31504 -0.021010520479 1.64610225949e-05 -42.6137810935 -11.9459934353
141 30576 -0.0211595374038 1.60288479385e-05 -42.542284414 -11.9217947202
142 31005 -0.0213036336 1.60675308209e-05 -42.4734194187 -11.9379562233
143 31317 -0.0214473566503 1.64429933078e-05 -42.404996414 -11.9438196816
144 30450 -0.021596517693 1.61333727749e-05 -42.3342613598 -11.9570296217
145 30552 -0.0217426262633 1.62422477696e-05 -42.265245653 -11.9668913082
146 30317 -0.0218902884636 1.6329801946e-05 -42.195767784 -11.9726075933
147 29818 -0.022039984223 1.5410567652e-05 -42.1256102775 -11.9381535525
148 32197 -0.0221759336539 1.68657621573e-05 -42.0621356731 -11.9582202035
149 29992 -0.022330093176 1.60144956095e-05 -41.9904341244 -11.9413417064
150 30457 -0.0224753493933 1.60759063463e-05 -41.9231398374 -11.8953680436
151 30737 -0.0226204969237 1.64234929985e-05 -41.8561524239 -11.9362585274
152 29945 -0.0227707315225 1.61972036439e-05 -41.7870857795 -11.9102603451
153 29851 -0.0229191296849 1.59574498885e-05 -41.7191299985 -11.9210551298
154 30490 -0.023063790417 1.6093933442e-05 -41.6531392709 -11.9332225857
155 30714 -0.0232091549742 1.60433160573e-05 -41.5870782186 -11.9213620548
156 31099 -0.0233531625681 1.63144480619e-05 -41.5218802938 -11.9260955917
157 30635 -0.0235007103456 1.58072827241e-05 -41.4553325743 -11.9055377689
158 31772 -0.0236410897536 1.63903936321e-05 -41.3922543473 -11.9201724427
159 31057 -0.0237883119621 1.5986121511e-05 -41.3263476076 -11.9097956622
160 31630 -0.023930597926 1.64906218224e-05 -41.2628889093 -11.9106276131
161 30606 -0.0240798089327 1.58215606518e-05 -41.1965918233 -11.9140536613
162 31696 -0.024220483662 1.61843063463e-05 -41.1343207886 -11.9113263858
163 31638 -0.0243645154445 1.64664420522e-05 -41.0707969571 -11.9195070956
164 30689 -0.0245133062983 1.56233158704e-05 -41.005420627 -11.9165186618
165 32428 -0.0246506402108 1.65663855468e-05 -40.9452993454 -11.8997893348
166 31138 -0.0247992506527 1.62773717381e-05 -40.880479221 -11.8917438677
167 30789 -0.0249460944864 1.60458144403e-05 -40.8166710383 -11.9240587443
168 31167 -0.025089967217 1.62530871723e-05 -40.754385316 -11.9045216312
169 30893 -0.025236343321 1.64593415458e-05 -40.691249605 -11.8862743107
170 29988 -0.0253867984621 1.55219067936e-05 -40.6265988818 -11.9089495362
171 32016 -0.0255241167779 1.60431900713e-05 -40.5678081223 -11.9409552515
172 32418 -0.0256651637805 1.6489556104e-05 -40.5076335083 -11.9220750046
173 31372 -0.0258125326706 1.63917145431e-05 -40.4449906433 -11.9200295138
174 30662 -0.02596071233 1.59973014954e-05 -40.3822376483 -11.899062062
175 31192 -0.0261040933445 1.62986989433e-05 -40.3217394711 -11.9189628099
176 30775 -0.0262511612526 1.67061876059e-05 -40.2599118857 -11.8856483103
177 29135 -0.0264060920634 1.55016918263e-05 -40.1950251655 -11.8687471038
178 31169 -0.0265450816741 1.56902712088e-05 -40.1370287892 -11.8746350332
179 32712 -0.0266824044699 1.62000845588e-05 -40.0799256286 -11.886428226
180 32600 -0.0268244337369 1.68061892735e-05 -40.0210710268 -11.8984201202
181 30551 -0.0269766360478 1.56206583713e-05 -39.9582317749 -11.8697067006
182 32291 -0.0271142377827 1.63969927264e-05 -39.9016251226 -11.8602341076
183 31544 -0.0272603797717 1.59540817917e-05 -39.8417166983 -11.8556588098
184 32230 -0.0274010511647 1.61166395373e-05 -39.7842555861 -11.8793354815
185 32392 -0.0275428000881 1.6052608537e-05 -39.7265564032 -11.8965658671
186 32767 -0.0276831754839 1.66409765852e-05 -39.6696151929 -11.8913339919
187 31226 -0.0278322434555 1.58682260526e-05 -39.6093634968 -11.8846470548
188 32185 -0.0279722568046 1.64477269602e-05 -39.5529727101 -11.8929281237
189 31279 -0.0281194704205 1.58783795192e-05 -39.4938909936 -11.839631458
190 32206 -0.0282595268018 1.64797022226e-05 -39.4378795492 -11.8914960441
191 31198 -0.0284072177705 1.59828889612e-05 -39.3790227409 -11.8909251343
192 31784 -0.0285491298439 1.63328501579e-05 -39.3226688745 -11.8718145011
193 31251 -0.028695380066 1.63172141396e-05 -39.2647962955 -11.8726077424
194 30776 -0.0288426141912 1.57284100869e-05 -39.2067424284 -11.9163582912
195 32175 -0.0289814156075 1.61891968972e-05 -39.1522037102 -11.8548042369
196 32100 -0.0291244499274 1.61910758101e-05 -39.096193863 -11.8807579863
197 32019 -0.0292676815185 1.65338694228e-05 -39.0403011504 -11.8630877483
198 30847 -0.029416698693 1.63408697422e-05 -38.982356137 -11.8962184657
199 30305 -0.0295652868421 1.58359789393e-05 -38.9247853982 -11.885850696
200 31338 -0.0297068909438 1.61229861269e-05 -38.8701124047 -11.8327814178
201 31476 -0.0298507459996 1.55345241159e-05 -38.8147609676 -11.8749447219
202 33561 -0.029984974252 1.66018018103e-05 -38.7632860829 -11.8638427104
203 32110 -0.0301316300311 1.61273133194e-05 -38.7072347218 -11.8377655064
204 32237 -0.030273814616 1.64274566805e-05 -38.6530800451 -11.8642653647
205 31394 -0.0304205772443 1.62948651619e-05 -38.5973746303 -11.8358879561
206 30987 -0.0305671082677 1.64058035616e-05 -38.5419516394 -11.8561588754
207 30243 -0.0307164404258 1.54796858448e-05 -38.4856680924 -11.8511485513
208 32427 -0.0308525142116 1.5994772324e-05 -38.434555619 -11.844785975
209 32996 -0.0309918985833 1.65128048143e-05 -38.3823707461 -11.880271353
210 31856 -0.0311383494966 1.62517636065e-05 -38.3277258523 -11.817383448
211 31581 -0.031283112484 1.61515240682e-05 -38.2738968015 -11.8384543168
212 31628 -0.0314268746855 1.60593587036e-05 -38.2206219942 -11.8440868665
213 31973 -0.031569043837 1.61683339786e-05 -38.1681151075 -11.8595107457
214 31966 -0.0317121927721 1.60240426187e-05 -38.1154238835 -11.8531034115
215 32430 -0.0318530446254 1.6325926952e-05 -38.0637511909 -11.8607445042
216 31909 -0.0319977187007 1.59834415816e-05 -38.0108540501 -11.8246307282
217 32506 -0.0321380496048 1.65630768032e-05 -37.9597161668 -11.8404711509
218 31223 -0.0322864271027 1.58458605102e-05 -37.9058285488 -11.8415263988
219 32255 -0.0324260911146 1.59413618376e-05 -37.8552760425 -11.8159589627
220 32999 -0.0325650028094 1.66089020566e-05 -37.8051590971 -11.8115840634
221 31550 -0.0327130186715 1.58670660001e-05 -37.7519358134 -11.8115803629
222 32523 -0.0328522928505 1.64474690482e-05 -37.7020229964 -11.8429054021
223 31608 -0.0329987352875 1.58234975962e-05 -37.6497151506 -11.8204908192
224 32727 -0.033137192873 1.64465193998e-05 -37.6004225858 -11.8002492598
225 31809 -0.0332831627224 1.58127769333e-05 -37.5486264537 -11.8241077771
226 32971 -0.0334210135734 1.61485951436e-05 -37.4998715408 -11.8009093306
227 33030 -0.0335616663443 1.64619660554e-05 -37.4502853289 -11.8369807149
228 32054 -0.0337072155455 1.61861761593e-05 -37.3991418997 -11.8148534747
229 31989 -0.033850470885 1.59917147263e-05 -37.3489715101 -11.8190598798
230 32560 -0.0339907576512 1.62845215153e-05 -37.300000558 -11.8057510486
231 32171 -0.0341344743035 1.56318390084e-05 -37.2499954833 -11.8143988859
232 33965 -0.0342687390092 1.63617266625e-05 -37.2034276422 -11.8506470116
233 33298 -0.0344106735757 1.63573012535e-05 -37.1543548574 -11.8137548937
234 32659 -0.034553951724 1.60403983667e-05 -37.1049785983 -11.8153220271
235 33078 -0.0346935592541 1.68176848996e-05 -37.0570222088 -11.8560721736
236 30963 -0.034844849325 1.54761262405e-05 -37.0052245487 -11.8457522313
237 33211 -0.0349792764439 1.59505042081e-05 -36.9593495128 -11.8460568144
238 33946 -0.0351163163082 1.62431525054e-05 -36.912726674 -11.830410205
239 33682 -0.0352564165798 1.66188786347e-05 -36.8652120679 -11.8356751666
240 32170 -0.0354030861944 1.60555524888e-05 -36.8156305888 -11.8192604917
241 32533 -0.035543991995 1.65130927672e-05 -36.7681520245 -11.826010705
242 31408 -0.0356914860748 1.54146791626e-05 -36.718614888 -11.8102677061
243 33900 -0.0358240127167 1.65835696837e-05 -36.6742448111 -11.7954750661
244 32495 -0.0359696384622 1.63759832167e-05 -36.6256413573 -11.8033212555
245 31811 -0.0361149794009 1.6069331178e-05 -36.5772911335 -11.7828851048
246 32125 -0.0362568988681 1.57179402536e-05 -36.5302308752 -11.8018049185
247 33621 -0.0363925921102 1.65989673096e-05 -36.4853747899 -11.8127847796
248 32177 -0.0365390709034 1.61209497611e-05 -36.4371057459 -11.8131182494
249 32325 -0.0366810054981 1.62830993518e-05 -36.3904844001 -11.7907042387
250 31944 -0.0368252206084 1.61844769397e-05 -36.3432647194 -11.8247528801
251 31885 -0.0369686949539 1.59177373547e-05 -36.296437653 -11.7775668588
252 32699 -0.0371080360266 1.5957525686e-05 -36.2511022077 -11.7971296593
253 33399 -0.0372462546615 1.60727314854e-05 -36.2062701431 -11.7946666811
254 33717 -0.0373848123822 1.67911635591e-05 -36.161465603 -11.8037545146
255 31646 -0.0375342246912 1.54392052286e-05 -36.1133046439 -11.8301039011
256 34071 -0.037666627187 1.68735015158e-05 -36.0707591198 -11.8141603828
257 31713 -0.0378166147379 1.59952480853e-05 -36.0227126727 -11.813845209
258 32268 -0.0379575670518 1.59811231513e-05 -35.9777048789 -11.767756704
259 32880 -0.0380970784805 1.61876016621e-05 -35.9332942541 -11.7893536594
260 32809 -0.0382385456568 1.61761595977e-05 -35.8883996747 -11.8030133106
261 32776 -0.0383799835892 1.63044614924e-05 -35.8436532779 -11.7822851393
262 32319 -0.0385235464178 1.59562812212e-05 -35.7983760122 -11.7783222102
263 33015 -0.0386625556265 1.61011652965e-05 -35.7546699891 -11.8058281323
264 33233 -0.0388023649308 1.63850226388e-05 -35.7108458791 -11.7928442329
265 32503 -0.0389462282923 1.61176991613e-05 -35.6658900979 -11.7924852128
266 32663 -0.0390873975403 1.60748591002e-05 -35.621912722 -11.7589089579
267 32967 -0.0392275413128 1.57545445055e-05 -35.5783879585 -11.7795761056
268 34374 -0.03936205234 1.64875046773e-05 -35.5367367914 -11.7740637413
269 33272 -0.0395051342339 1.61964775041e-05 -35.4925646217 -11.7576773808
270 33170 -0.0396459060648 1.6182593371e-05 -35.4492387759 -11.789738247
271 33115 -0.0397866741222 1.60872162567e-05 -35.4060455677 -11.7519892264
272 33381 -0.0399260525381 1.62837346841e-05 -35.3634077109 -11.8003858574
273 32985 -0.0400679783221 1.62800213734e-05 -35.3201218409 -11.7582603784
274 32606 -0.0402106940654 1.59071452224e-05 -35.2767280014 -11.7428946894
275 33475 -0.0403483202135 1.64831082356e-05 -35.2350074099 -11.7812428459
276 32416 -0.0404932397019 1.57335243698e-05 -35.1912087036 -11.7463730913
277 33872 -0.040628563539 1.61749744128e-05 -35.150432543 -11.7275592362
278 33842 -0.0407677458492 1.58626018421e-05 -35.1086165772 -11.7851817807
279 34901 -0.0409021527677 1.69055953689e-05 -35.0683530522 -11.8103730987
280 32380 -0.0410508696893 1.5757908367e-05 -35.0239369561 -11.777038791
281 33750 -0.041186646659 1.62111685907e-05 -34.9835081037 -11.758970179
282 33596 -0.0413266491465 1.61013117621e-05 -34.941943034 -11.7250867633
283 33818 -0.0414652465574 1.59970288638e-05 -34.9009165668 -11.8137879838
284 34403 -0.041601769147 1.62071482168e-05 -34.8606218986 -11.7370891265
285 34260 -0.0417403739206 1.60109625332e-05 -34.8198315828 -11.7444706525
286 34804 -0.0418762271795 1.62928903133e-05 -34.7799667841 -11.7541051125
287 34359 -0.0420153640372 1.66043386813e-05 -34.7392567305 -11.7526259348
288 32865 -0.0421603475377 1.58353074571e-05 -34.6969627998 -11.7313552585
289 33988 -0.0422963143557 1.63976742199e-05 -34.6574162428 -11.7387297248
290 33199 -0.0424387720841 1.57312655508e-05 -34.6161027967 -11.7608217632
291 34698 -0.0425724560505 1.63930584132e-05 -34.5774459414 -11.7345518983
292 33908 -0.0427133760636 1.57849741716e-05 -34.5368137305 -11.7444281803
293 35246 -0.0428464692517 1.64723146362e-05 -34.4985481287 -11.7444516353
294 34168 -0.0429875312415 1.62532837484e-05 -34.4581074176 -11.7609705764
295 33867 -0.0431273345625 1.58304237301e-05 -34.4181448285 -11.7278852597
296 35041 -0.0432612003863 1.68047933943e-05 -34.3799884183 -11.7274893957
297 32844 -0.0434079831301 1.5206387396e-05 -34.3382722225 -11.7374135721
298 36209 -0.0435344809464 1.63750649401e-05 -34.3024230185 -11.7163376879
299 35450 -0.0436721522383 1.64041858807e-05 -34.2635140714 -11.759025002
300 34604 -0.0438117429547 1.63990394629e-05 -34.2241758355 -11.745300331
301 33796 -0.0439529485456 1.61950861139e-05 -34.184497967 -11.7234009202
302 33697 -0.0440926029367 1.6450038131e-05 -34.1453697015 -11.730791129
303 32740 -0.0442365129569 1.57143062016e-05 -34.1051669061 -11.7351689597
304 34277 -0.0443708698163 1.63807456891e-05 -34.0677403638 -11.7507501399
305 33539 -0.0445124576712 1.59342644447e-05 -34.0284113874 -11.7519937428
306 34338 -0.0446485746796 1.65106617184e-05 -33.990709803 -11.7165221375
307 33159 -0.0447921010414 1.5858271793e-05 -33.9510699032 -11.7230621055
308 34212 -0.0449278182327 1.59627077185e-05 -33.9136939014 -11.7323967923
309 34926 -0.0450630254451 1.65655420115e-05 -33.87656145 -11.7228875041
310 33539 -0.045206209381 1.58134511509e-05 -33.8373500504 -11.718060684
311 34762 -0.0453404681908 1.63305465171e-05 -33.8006868005 -11.7557350218
312 34187 -0.0454802776107 1.60628444447e-05 -33.762614304 -11.7228946325
313 34547 -0.045617076264 1.65646285292e-05 -33.7254664376 -11.7377696894
314 33179 -0.045761028856 1.5858092006e-05 -33.6864873141 -11.7243958227
315 34233 -0.0458967023598 1.61835839344e-05 -33.649854123 -11.721493983
316 34172 -0.0460352830696 1.60466303851e-05 -33.6125398516 -11.7508656845
317 34589 -0.0461718611949 1.58504087212e-05 -33.5758671065 -11.7397147986
318 35716 -0.0463046244126 1.63337037974e-05 -33.5403156609 -11.7100935025
319 35114 -0.0464426027487 1.64416125005e-05 -33.5034685829 -11.6949663041
320 34146 -0.0465834467826 1.60920895764e-05 -33.465961833 -11.7278240812
321 34404 -0.0467207804217 1.63843730201e-05 -33.4294922183 -11.7071622775
322 33651 -0.0468621640042 1.57293906159e-05 -33.3920522225 -11.6827630394
323 35177 -0.0469949186427 1.58028832536e-05 -33.3569939403 -11.7045415796
324 36499 -0.0471258564364 1.62272970173e-05 -33.3225068039 -11.6836606956
325 36273 -0.0472607276775 1.65560459683e-05 -33.2870781278 -11.6726279374
326 34866 -0.0474010797647 1.64535561761e-05 -33.2503111029 -11.7241577289
327 33864 -0.0475426121844 1.56999970305e-05 -33.2133391609 -11.6903718332
328 35505 -0.0476745042519 1.59920886697e-05 -33.1789794124 -11.6922843189
329 36138 -0.0478076694306 1.65484897155e-05 -33.1443795227 -11.6946428326
330 34763 -0.0479481654191 1.60499996424e-05 -33.1079741909 -11.7297086296
331 35175 -0.0480836291902 1.61549813658e-05 -33.0729689679 -11.7359143955
332 35215 -0.0482199021642 1.62812131841e-05 -33.0378495096 -11.7196095549
333 34806 -0.0483580437152 1.62735223078e-05 -33.002345224 -11.6957899411
334 34429 -0.0484968747296 1.59549877458e-05 -32.966761462 -11.6974978077
335 35175 -0.048631537207 1.63496159518e-05 -32.9323393628 -11.6855477777
336 34526 -0.0487708203681 1.55740964548e-05 -32.8968323319 -11.6807723492
337 36666 -0.0488995679787 1.6800351332e-05 -32.864097757 -11.6922098267
338 34382 -0.049042991007 1.59212564618e-05 -32.8277295392 -11.6823111254
339 35247 -0.0491772305267 1.59494526404e-05 -32.793782876 -11.6894352372
340 36031 -0.0493102376806 1.64234018587e-05 -32.7602360635 -11.7116742937
341 35103 -0.0494489957104 1.61371860367e-05 -32.7253319875 -11.6645909327
342 35206 -0.0495851351281 1.60536645642e-05 -32.6911787567 -11.7057361409
343 35610 -0.0497197997073 1.60499430728e-05 -32.6574849514 -11.7089254057
344 36032 -0.0498536418933 1.59820089684e-05 -32.6240847038 -11.6590196811
345 36712 -0.0499856787649 1.67391345117e-05 -32.5912204005 -11.6893796946
346 34639 -0.0501280472046 1.61158956212e-05 -32.5558792396 -11.6751888162
347 34816 -0.0502647668138 1.58776051667e-05 -32.5220324553 -11.7094058434
348 35851 -0.0503975067602 1.64256441899e-05 -32.4892569084 -11.6895434288
349 34920 -0.0505366475033 1.58606284544e-05 -32.4549915271 -11.6624537997
350 36020 -0.0506689338326 1.63351681006e-05 -32.4224998242 -11.7039882171
351 35408 -0.0508063512056 1.57606688347e-05 -32.388835948 -11.6681184327
352 36896 -0.0509362337559 1.63397677686e-05 -32.3571001273 -11.6678297338
353 36252 -0.0510720799379 1.65575397197e-05 -32.3239922895 -11.6889352047
354 34841 -0.0512124959707 1.595917209e-05 -32.2898618595 -11.6583662703
355 35581 -0.0513464234309 1.61345375924e-05 -32.2573945844 -11.7111583346
356 35695 -0.051481604939 1.61833785448e-05 -32.224708117 -11.6746582963
357 35633 -0.0516173148392 1.61662447114e-05 -32.191979273 -11.6922461636
358 35633 -0.0517528810518 1.60829265088e-05 -32.1593701717 -11.6618830799
359 35935 -0.051887179609 1.6260156097e-05 -32.1271495274 -11.6651579685
360 35594 -0.0520236075835 1.58900446151e-05 -32.0945028024 -11.6628764025
361 36606 -0.052155074691 1.60255602081e-05 -32.0631237556 -11.6589029447
362 37132 -0.0522867199296 1.68702400163e-05 -32.0317811242 -11.6445019844
363 34573 -0.0524303408616 1.62546941963e-05 -31.9976770178 -11.6499789774
364 34264 -0.0525693449239 1.56107318951e-05 -31.9647580672 -11.6811900429
365 36252 -0.052699129301 1.64718659688e-05 -31.9341011032 -11.6518390635
366 35145 -0.0528382133192 1.58168833095e-05 -31.9013313431 -11.6400719288
367 36413 -0.0529694200231 1.5853942603e-05 -31.8704968508 -11.6868215469
368 37585 -0.0530988674121 1.69220599196e-05 -31.8401509606 -11.676710445
369 34812 -0.0532424352625 1.59501697384e-05 -31.8065818336 -11.6861822544
370 35584 -0.0533762817344 1.63018465827e-05 -31.775367844 -11.6702117267
371 35097 -0.0535140234037 1.56359374885e-05 -31.7433278398 -11.6942223382
372 37038 -0.0536426300633 1.65372227764e-05 -31.7134878719 -11.6304829538
373 35670 -0.0537812348892 1.59659854067e-05 -31.6814090261 -11.6350288372
374 36402 -0.0539136992242 1.6098439285e-05 -31.6508295299 -11.6761244467
375 36653 -0.0540468045683 1.60208807443e-05 -31.6201787409 -11.6517628188
376 37197 -0.0541782957264 1.64780485972e-05 -31.5899748587 -11.6553309341
377 36039 -0.0543156962481 1.62098896468e-05 -31.5584931394 -11.6505453346
378 35879 -0.0544511602287 1.58558035637e-05 -31.5275344288 -11.6444939041
379 37027 -0.0545815949987 1.61211988781e-05 -31.4977992176 -11.6513532519
380 37196 -0.0547139114898 1.62540412306e-05 -31.4677090702 -11.6592128333
381 36866 -0.0548479149692 1.63865695355e-05 -31.4373110094 -11.6627543751
382 36051 -0.0549845295445 1.62177489069e-05 -31.4063987912 -11.6662078217
383 35863 -0.0551200906832 1.58708982748e-05 -31.3758026487 -11.6358687034
384 36954 -0.0552507788822 1.65375179704e-05 -31.3463793452 -11.6363841604
385 35588 -0.0553895457035 1.60189459266e-05 -31.3152153845 -11.6375270491
386 36124 -0.0555229606303 1.56280023873e-05 -31.2853289817 -11.6251903503
387 38153 -0.0556496105567 1.62852486639e-05 -31.2570263724 -11.625141652
388 37695 -0.055782386793 1.66423652675e-05 -31.2274259442 -11.6313925408
389 35918 -0.0559213908966 1.56493858561e-05 -31.1965149532 -11.6410496501
390 37853 -0.0560487155701 1.63852975853e-05 -31.1682707923 -11.6178224486
391 37021 -0.0561835181389 1.63530985739e-05 -31.1384401092 -11.6404503858
392 36325 -0.0563193372237 1.61602610686e-05 -31.1084593971 -11.6285547278
393 36347 -0.0564535155047 1.59947052269e-05 -31.0789144479 -11.6174537271
394 36985 -0.0565851682383 1.6486820656e-05 -31.0499964187 -11.6375866309
395 35801 -0.0567230966785 1.59795967886e-05 -31.0197748701 -11.6060030644
396 36485 -0.0568555226296 1.58425590373e-05 -30.9908308921 -11.6396854845
397 37703 -0.0569846746919 1.65348744129e-05 -30.9626700985 -11.6392781007
398 36319 -0.057122015873 1.60323273294e-05 -30.9327967149 -11.6260030813
399 36816 -0.0572542814606 1.5923821298e-05 -30.9040981997 -11.6151595076
400 37733 -0.0573840454434 1.65271785177e-05 -30.8760098026 -11.6371325406
401 36376 -0.0575212145875 1.60568628975e-05 -30.8463907461 -11.6613346032
402 36782 -0.0576537436903 1.58411087729e-05 -30.8178438891 -11.6165136794
403 38016 -0.0577823520227 1.63346973575e-05 -30.7902073616 -11.6079139082
404 37371 -0.0579161062147 1.6136431399e-05 -30.7615335492 -11.6063460901
405 37484 -0.0580480386889 1.61097231933e-05 -30.733318458 -11.6156072082
406 37699 -0.0581793760016 1.64583604797e-05 -30.7052976724 -11.6026266281
407 36598 -0.0583155595569 1.59096123484e-05 -30.676313311 -11.6248707612
408 37563 -0.0584454995361 1.68189846161e-05 -30.6487243453 -11.6030439959
409 35157 -0.0585874909501 1.59414679961e-05 -30.6186506563 -11.5983054259
410 35968 -0.0587205476236 1.58020990277e-05 -30.5905392713 -11.6100725623
411 37322 -0.0588500260529 1.63117232716e-05 -30.5632485982 -11.6029443512
412 36775 -0.0589846712512 1.61136162913e-05 -30.5349363801 -11.6309558522
413 36972 -0.0591173268189 1.62493195498e-05 -30.5071095693 -11.6489923122
414 36661 -0.0592516644008 1.61926977009e-05 -30.4789975008 -11.6044506389
415 36562 -0.0593857148939 1.60928447868e-05 -30.4510130523 -11.5908915587
416 36835 -0.0595184448342 1.61520047196e-05 -30.4233705252 -11.5858331782
417 36888 -0.0596515671399 1.65397001126e-05 -30.3957122579 -11.5863942342
418 35516 -0.0597904917421 1.5690148307e-05 -30.3669186755 -11.6054638456
419 37275 -0.0599191346752 1.63584456712e-05 -30.3403197904 -11.5606701589
420 36555 -0.060054571199 1.56386533979e-05 -30.3123821971 -11.583784865
421 38566 -0.0601806263027 1.64384480483e-05 -30.286440377 -11.5975450214
422 37515 -0.0603149717727 1.63570688493e-05 -30.2588565054 -11.5884889897
423 36795 -0.0604499535898 1.6045035239e-05 -30.2312083446 -11.5901738661
424 37250 -0.0605815498689 1.57892545132e-05 -30.2043174566 -11.5895364149
425 38703 -0.0607085943917 1.63912341786e-05 -30.1784162627 -11.5996601209
426 37829 -0.060841996924 1.60667647914e-05 -30.1512816041 -11.5676454537
427 38212 -0.0609721014109 1.62074655432e-05 -30.1248795139 -11.5948813423
428 38052 -0.0611036214579 1.63996964294e-05 -30.0982519094 -11.5643934365
429 37161 -0.0612382875219 1.57461177812e-05 -30.0710514645 -11.5728151513
430 38780 -0.061364858939 1.66536844498e-05 -30.0455449414 -11.5979982941
431 36909 -0.061502076618 1.58381236624e-05 -30.0179572841 -11.5830036761
432 38159 -0.0616304198449 1.62623899568e-05 -29.9922141673 -11.5850383924
433 37788 -0.0617628456538 1.59390291247e-05 -29.9657130803 -11.5867213003
434 38669 -0.0618911511891 1.65305650564e-05 -29.9400953573 -11.6014567495
435 37266 -0.0620267010805 1.60887146465e-05 -29.913093877 -11.5855462192
436 37560 -0.0621581100428 1.63151018707e-05 -29.886978524 -11.5804120901
437 36997 -0.062292378778 1.61113119299e-05 -29.8603569126 -11.5910642594
438 37203 -0.0624246013727 1.62558820279e-05 -29.8342020981 -11.578825117
439 36866 -0.0625586199327 1.55964504688e-05 -29.8077536913 -11.5853887659
440 39062 -0.0626835352495 1.65611993228e-05 -29.7831575116 -11.5895353574
441 37528 -0.0628188614852 1.5819772151e-05 -29.7565718489 -11.5573884915
442 38871 -0.062945875932 1.6595422072e-05 -29.7316760995 -11.5749613936
443 37215 -0.0630820506199 1.62007551122e-05 -29.7050459895 -11.5638918759
444 37085 -0.0632152202314 1.63843644528e-05 -29.679064503 -11.5811969777
445 36273 -0.0633513972727 1.61260726827e-05 -29.6525583824 -11.5750018194
446 36421 -0.0634851553999 1.55634938105e-05 -29.6265840285 -11.5675283657
447 38720 -0.0636103560368 1.68047239237e-05 -29.6023259813 -11.5452246585
448 36292 -0.0637499903807 1.58341686561e-05 -29.5753333485 -11.5623410382
449 37536 -0.0638793616832 1.57890110483e-05 -29.5503828052 -11.5534097403
450 39001 -0.0640059177656 1.63176673113e-05 -29.5260291406 -11.5501341388
451 38406 -0.0641377205581 1.5934451773e-05 -29.5007223509 -11.5701456485
452 39320 -0.0642649234976 1.6741620852e-05 -29.4763532613 -11.5562611638
453 37091 -0.0644025272345 1.65011888307e-05 -29.4500517047 -11.5507231849
454 35852 -0.0645404789388 1.55859893594e-05 -29.4237461031 -11.5756318611
455 38028 -0.0646669961711 1.61909423241e-05 -29.3996757041 -11.5859025729
456 37932 -0.0647985892561 1.63404669183e-05 -29.3746950443 -11.569968004
457 37267 -0.0649325779613 1.57397564815e-05 -29.3493175098 -11.5444513272
458 38916 -0.0650588773618 1.65449028401e-05 -29.3254496403 -11.5271522304
459 37449 -0.0651942119371 1.61772718409e-05 -29.2999315423 -11.5539487962
460 37407 -0.0653266145788 1.59238744079e-05 -29.2750233795 -11.5875900182
461 38338 -0.0654553501745 1.60028436769e-05 -29.2508590505 -11.5619376598
462 38979 -0.0655836570021 1.62403474044e-05 -29.226827981 -11.5506926652
463 38687 -0.06571435867 1.64843118458e-05 -29.2024023717 -11.5466960574
464 37458 -0.0658491812934 1.5992178433e-05 -29.1772635509 -11.5724811066
465 38125 -0.0659788298119 1.59915379006e-05 -29.1531438207 -11.5378570365
466 38807 -0.0661073298953 1.63455484082e-05 -29.129290139 -11.5473886453
467 38107 -0.0662398747836 1.57301220048e-05 -29.1047400864 -11.562551071
468 39832 -0.0663646368738 1.62927793989e-05 -29.0816819471 -11.5413621302
469 39323 -0.0664946943477 1.63121685307e-05 -29.0576969736 -11.5396104293
470 38745 -0.0666258755676 1.60517163615e-05 -29.0335581968 -11.5252972472
471 39198 -0.0667542144464 1.61698144929e-05 -29.0099942089 -11.5291739569
472 39183 -0.0668835209143 1.6359862976e-05 -28.9863041786 -11.5619047708
473 38420 -0.0670156397155 1.57674684813e-05 -28.962152244 -11.5431222546
474 40007 -0.0671404240763 1.62117869353e-05 -28.9393904279 -11.557602716
475 39822 -0.0672690222604 1.63735742906e-05 -28.9159829362 -11.5472690567
476 38993 -0.0674002778334 1.66408627052e-05 -28.8921439175 -11.5288362581
477 37160 -0.0675369260218 1.6010490297e-05 -28.8673812921 -11.5398353813
478 37752 -0.0676673635826 1.59916945832e-05 -28.8437970648 -11.5212377137
479 38426 -0.0677964992058 1.61386219343e-05 -28.8204990135 -11.5504186916
480 38533 -0.067926640074 1.61182611776e-05 -28.7970705488 -11.5379798561
481 38721 -0.0680563021415 1.64278649066e-05 -28.7737789819 -11.5012863702
482 37706 -0.068190220245 1.61508536066e-05 -28.7497758481 -11.5555520356
483 37765 -0.0683217789591 1.58607286911e-05 -28.7262478344 -11.5114468792
484 38954 -0.068448986335 1.61584459158e-05 -28.7035470835 -11.5216172392
485 38984 -0.0685785312067 1.58765176696e-05 -28.6804786194 -11.5184804151
486 40147 -0.0687039591056 1.63688044928e-05 -28.6581906512 -11.5322273902
487 39330 -0.0688346126367 1.56835389799e-05 -28.6350235187 -11.5311313981
488 41305 -0.0689567664855 1.68002036841e-05 -28.6134089888 -11.516602074
489 38733 -0.0690918935291 1.61493018802e-05 -28.5895499344 -11.5373735141
490 38799 -0.0692216737064 1.60404314063e-05 -28.5666852577 -11.5242596712
491 39297 -0.0693497597001 1.59522011245e-05 -28.5441672276 -11.5335438672
492 40160 -0.0694757658699 1.58941727296e-05 -28.5220613835 -11.5319003061
493 41284 -0.0695995920558 1.67378039434e-05 -28.5003828194 -11.5484874327
494 38959 -0.0697338262159 1.58830951094e-05 -28.4769321541 -11.517818415
495 40095 -0.0698593882601 1.59389012238e-05 -28.4550434897 -11.508085012
496 41030 -0.0699839460612 1.68479617209e-05 -28.4333746249 -11.5178751095
497 38289 -0.0701202401079 1.5678652832e-05 -28.4097149396 -11.5187808454
498 40232 -0.0702439740836 1.64369645174e-05 -28.3882815071 -11.5079027882
499 39142 -0.0703754867697 1.57430543182e-05 -28.3655483835 -11.4781063306
500 40860 -0.0704987704934 1.63720560089e-05 -28.3442822576 -11.4897703004
501 40015 -0.0706283261539 1.6489952312e-05 -28.3219805518 -11.5024138659
502 38722 -0.0707609759757 1.60374991556e-05 -28.2991952414 -11.4909451234
503 39231 -0.0708891467442 1.63802999499e-05 -28.2772262714 -11.5048807912
504 38388 -0.0710214867289 1.60356269906e-05 -28.2545909714 -11.4836822276
505 38900 -0.0711501866168 1.61123063377e-05 -28.232625181 -11.5379711551
506 39113 -0.0712791489398 1.6133082094e-05 -28.210660854 -11.5222970296
507 39244 -0.0714080612958 1.60327237133e-05 -28.1887511694 -11.4901996876
508 39779 -0.0715353080308 1.66214062228e-05 -28.1671696652 -11.4981558604
509 37984 -0.0716703080564 1.56575993456e-05 -28.1443220022 -11.5053019801
510 39997 -0.0717942383399 1.59638971926e-05 -28.1233919247 -11.4739597442
511 40826 -0.0719193028153 1.65490033902e-05 -28.1023129842 -11.4998097973
512 39271 -0.0720514939578 1.58308409579e-05 -28.0800793574 -11.4955052914
513 40631 -0.0721758144575 1.59412376591e-05 -28.0592129676 -11.5063764455
514 41569 -0.0722995807714 1.67171568545e-05 -28.0384813038 -11.5199071252
515 39310 -0.0724330492081 1.57977165472e-05 -28.0161709688 -11.4999950678
516 40808 -0.0725568395934 1.6270624402e-05 -27.9955213991 -11.4913565892
517 40378 -0.0726850135286 1.63185692534e-05 -27.9741840804 -11.4808036812
518 39758 -0.072814562495 1.56844246275e-05 -27.9526626681 -11.4972256193
519 41751 -0.0729360693923 1.66433878355e-05 -27.9325180691 -11.4810051472
520 39778 -0.0730681640489 1.61861526213e-05 -27.9106628191 -11.4869534278
521 39697 -0.0731967605975 1.62284502766e-05 -27.8894309258 -11.4835709165
522 39447 -0.0733261019103 1.61830078154e-05 -27.8681203071 -11.504621944
523 39380 -0.073455191172 1.5897002277e-05 -27.8468953198 -11.4816255613
524 40471 -0.073580277889 1.62955530888e-05 -27.8263703405 -11.4900949547
525 39943 -0.0737093446555 1.62608120038e-05 -27.8052353966 -11.4739155722
526 39561 -0.0738387564571 1.63379840389e-05 -27.7840877773 -11.4762647669
527 38877 -0.0739699210902 1.5736397e-05 -27.7626983649 -11.4821017886
528 40611 -0.0740935301516 1.61855578589e-05 -27.7425820738 -11.4627643338
529 40531 -0.0742207924843 1.65584020966e-05 -27.7219126979 -11.5014209144
530 38950 -0.07435360244 1.58225335229e-05 -27.700387015 -11.4966459704
531 40333 -0.0744783160372 1.60627725694e-05 -27.6802150319 -11.4549103126
532 40758 -0.0746042603403 1.60365232612e-05 -27.6598846099 -11.4623665983
533 41298 -0.0747291750283 1.63394582383e-05 -27.6397605984 -11.4706617147
534 40578 -0.0748575728113 1.62907419515e-05 -27.6191170622 -11.504810473
535 40068 -0.0749863998009 1.63950083267e-05 -27.5984467864 -11.4560958947
536 39148 -0.0751175656161 1.58663993053e-05 -27.5774446137 -11.4662299645
537 40357 -0.075242586495 1.58967627483e-05 -27.557466973 -11.4728540641
538 41476 -0.0753661464631 1.65922931516e-05 -27.5377616072 -11.479999547
539 39721 -0.0754979296584 1.57666748468e-05 -27.5167872149 -11.4773740494
540 41365 -0.0756206423223 1.64661251149e-05 -27.4972957237 -11.4831868483
541 40125 -0.0757507637723 1.57680069418e-05 -27.4766686583 -11.4337343839
542 41780 -0.0758728756829 1.64216759731e-05 -27.4573497636 -11.486981498
543 40711 -0.0760017090672 1.64215584403e-05 -27.4370077665 -11.4524491052
544 39670 -0.0761322212496 1.60639954062e-05 -27.4164427432 -11.4872025514
545 40083 -0.0762592311872 1.6239128518e-05 -27.3964700838 -11.4622816679
546 39787 -0.0763881026974 1.61899438869e-05 -27.3762454076 -11.4600218081
547 39691 -0.0765167395583 1.61520935804e-05 -27.3560983412 -11.4738421397
548 39748 -0.0766449842787 1.57436979687e-05 -27.3360531334 -11.449762774
549 41490 -0.0767673336002 1.60556253838e-05 -27.3169669316 -11.4710735793
550 41958 -0.0768914091657 1.64227982169e-05 -27.2976487588 -11.4735514833
551 40880 -0.0770199850846 1.6109035585e-05 -27.2776694316 -11.4493860035
552 41118 -0.0771457391277 1.63038153681e-05 -27.2581674073 -11.4288825705
553 40548 -0.0772739050443 1.63574729772e-05 -27.2383307274 -11.4566169406
554 39768 -0.0774037462851 1.6090344064e-05 -27.21827517 -11.420174626
555 40075 -0.0775309777105 1.60593989492e-05 -27.1986620773 -11.4752309607
556 40511 -0.0776572786108 1.61564047436e-05 -27.1792308372 -11.4482615543
557 40551 -0.0777842804272 1.63320689106e-05 -27.1597302384 -11.4272953171
558 39874 -0.0779137483095 1.60628297975e-05 -27.1398905844 -11.4703494509
559 40294 -0.0780404162463 1.60961960204e-05 -27.1205185741 -11.4611508
560 40581 -0.0781668980252 1.61751373476e-05 -27.1012129983 -11.4365644797
561 40544 -0.0782940581816 1.61217798734e-05 -27.0818420107 -11.4398629754
562 40727 -0.0784205138776 1.5898398756e-05 -27.0626161462 -11.4528370789
563 41849 -0.0785435341778 1.64389183235e-05 -27.0439486654 -11.451126365
564 40707 -0.0786725091859 1.58274640195e-05 -27.0244156971 -11.4356763537
565 42131 -0.0787945702204 1.63628158927e-05 -27.0059656519 -11.4389468488
566 41299 -0.0789220249637 1.62698240262e-05 -26.9867373931 -11.456330511
567 40867 -0.079049423257 1.61578143498e-05 -26.9675553882 -11.4231361138
568 40901 -0.0791758907719 1.63808108977e-05 -26.948550738 -11.4637841295
569 40020 -0.0793055082616 1.54444054933e-05 -26.9291110918 -11.4420852141
570 43064 -0.0794233171794 1.66739017648e-05 -26.9114760522 -11.453820921
571 40902 -0.0795538226679 1.63473954986e-05 -26.8919776797 -11.4349094012
572 40157 -0.0796829551513 1.55487101944e-05 -26.8727228639 -11.4249657384
573 42756 -0.0798019868726 1.59349546405e-05 -26.8550079173 -11.456162822
574 43771 -0.079922552343 1.63448225836e-05 -26.8370976288 -11.4457867926
575 42985 -0.0800473451381 1.67503523442e-05 -26.8185941587 -11.4334949503
576 40512 -0.0801790789227 1.6394604788e-05 -26.799099821 -11.4132048395
577 39584 -0.0803095181076 1.57855618095e-05 -26.7798357062 -11.4175548627
578 41143 -0.0804327083207 1.61884028234e-05 -26.7616773736 -11.4659697572
579 41050 -0.0805591856706 1.60194766429e-05 -26.7430699956 -11.4429489514
580 41666 -0.0806834154514 1.58404282466e-05 -26.7248281792 -11.3993859053
581 43067 -0.0808042419543 1.64564425064e-05 -26.7071191842 -11.4341740099
582 41817 -0.0809316287529 1.59522384009e-05 -26.6884839112 -11.4148368893
583 42735 -0.08105377972 1.62071701704e-05 -26.6706484562 -11.4213189714
584 42557 -0.0811781411087 1.6228606957e-05 -26.652524229 -11.4460655287
585 42288 -0.0813030629136 1.65874298779e-05 -26.6343527449 -11.4433951824
586 40519 -0.0814335043305 1.60415296104e-05 -26.6154150734 -11.4352403087
587 41035 -0.0815588578371 1.64341769034e-05 -26.5972513122 -11.445162886
588 39934 -0.0816890369153 1.55081751952e-05 -26.5784247796 -11.4153662302
589 42694 -0.0818078442398 1.65492713667e-05 -26.5612751624 -11.4382513288
590 41067 -0.0819371149938 1.6080634528e-05 -26.5426501197 -11.4206350075
591 41425 -0.0820621808161 1.59136681128e-05 -26.5246654865 -11.4321596109
592 42500 -0.082184372131 1.58974747358e-05 -26.5071269583 -11.4209340372
593 43675 -0.0823047863881 1.62511254071e-05 -26.4898750757 -11.4198284981
594 43300 -0.0824284111838 1.63206695718e-05 -26.4721957403 -11.4137534058
595 42626 -0.0825535420822 1.62402493166e-05 -26.454334487 -11.3897399785
596 42307 -0.0826785260771 1.57788633648e-05 -26.4365277211 -11.4060263763
597 44003 -0.0827975948395 1.65157057663e-05 -26.4195947865 -11.4020413478
598 42470 -0.0829244539771 1.61729857568e-05 -26.4015872434 -11.4246471889
599 42440 -0.0830487239245 1.62270017501e-05 -26.3839804257 -11.4028586783
600 42179 -0.0831737952469 1.5891690115e-05 -26.3662931452 -11.4046565925
601 43370 -0.0832945873724 1.69237913074e-05 -26.3492424338 -11.3983120944
602 40163 -0.0834282630227 1.52504920162e-05 -26.3304090004 -11.4050553681
603 44080 -0.0835432453285 1.65529515513e-05 -26.3142393347 -11.3951486021
604 42384 -0.0836705195673 1.59577033117e-05 -26.2963734365 -11.4050218252
605 43290 -0.0837919259767 1.62677538364e-05 -26.2793628186 -11.4315947512
606 42846 -0.0839163312292 1.60089387763e-05 -26.2619639382 -11.3872051445
607 43535 -0.0840377844652 1.61792928543e-05 -26.2450089969 -11.4076377616
608 43477 -0.0841606121516 1.62910147446e-05 -26.2278933288 -11.4173510215
609 42930 -0.084285073836 1.65340128214e-05 -26.2105818335 -11.4135870708
610 41358 -0.0844137703212 1.57912698262e-05 -26.1927149559 -11.4174607352
611 42962 -0.0845343680711 1.59475517977e-05 -26.1760033809 -11.4068851643
612 43926 -0.0846548162294 1.6361478668e-05 -26.1593423528 -11.4066083692
613 43064 -0.0847796209786 1.63917532874e-05 -26.1421100507 -11.381268112
614 42089 -0.0849060958922 1.62736458919e-05 -26.1246796084 -11.3887532745
615 41632 -0.0850323470216 1.61435098148e-05 -26.1073125144 -11.3978888865
616 41728 -0.0851574454556 1.60433648546e-05 -26.0901359331 -11.3955797142
617 42251 -0.0852809952981 1.63415942148e-05 -26.07320311 -11.4129242388
618 41506 -0.085407967121 1.59509189001e-05 -26.0558334421 -11.3748018732
619 42423 -0.0855305565124 1.5945254847e-05 -26.0390941233 -11.3838287691
620 43385 -0.0856517358355 1.62918819491e-05 -26.0225770407 -11.3882846451
621 42835 -0.0857763415266 1.6445419211e-05 -26.00562364 -11.3995108672
622 41638 -0.0859039159434 1.59116415948e-05 -25.9882984944 -11.4028823392
623 42728 -0.0860257662634 1.60417440981e-05 -25.9717810145 -11.3850560619
624 43271 -0.0861478393985 1.63937055545e-05 -25.9552629471 -11.414790083
625 42283 -0.0862740389544 1.61424591162e-05 -25.9382176033 -11.3777995505
626 42385 -0.0863981559329 1.61301493061e-05 -25.9214842847 -11.390006375
627 42540 -0.0865219515964 1.62533204598e-05 -25.9048245693 -11.3769977609
628 42165 -0.086647245608 1.58192271627e-05 -25.8879939294 -11.4021677145
629 43676 -0.0867670651889 1.64186273734e-05 -25.8719274932 -11.3839093674
630 42571 -0.0868930283164 1.62659090851e-05 -25.8550675868 -11.3577471513
631 42142 -0.0870184537741 1.6001603468e-05 -25.8383104335 -11.3620275435
632 42852 -0.0871408155931 1.60841637174e-05 -25.8219921165 -11.3973609482
633 43210 -0.0872632977052 1.61481826787e-05 -25.8056868854 -11.36726432
634 43289 -0.087386155308 1.59579071167e-05 -25.7893608683 -11.3862686122
635 44214 -0.0875062887301 1.63393737553e-05 -25.7734250631 -11.387694459
636 43444 -0.0876303790845 1.62642939824e-05 -25.7569935754 -11.3723363527
637 43013 -0.0877545154465 1.62426401237e-05 -25.7405856168 -11.3925413318
638 42680 -0.0878789693222 1.61582980807e-05 -25.7241653526 -11.3669366157
639 42714 -0.08800272833 1.59935039117e-05 -25.7078661432 -11.367373307
640 43469 -0.0881241566379 1.64458799015e-05 -25.6919022864 -11.387907134
641 42253 -0.0882508038003 1.58396696727e-05 -25.6752822086 -11.3558756017
642 43677 -0.0883707777087 1.63351394226e-05 -25.6595659453 -11.3889756953
643 42934 -0.0884955694088 1.63680688122e-05 -25.643247471 -11.352185085
644 42063 -0.0886219008069 1.58923756615e-05 -25.6267576025 -11.3592305046
645 43248 -0.0887428688047 1.63315869248e-05 -25.6109959759 -11.3787531662
646 42528 -0.0888682280535 1.56654937228e-05 -25.5946911838 -11.3872633591
647 44746 -0.0889854566175 1.62235724435e-05 -25.5794705417 -11.4073480401
648 44486 -0.0891072155909 1.62721913059e-05 -25.5636888693 -11.3513771117
649 44010 -0.0892299982498 1.61436269989e-05 -25.5478024939 -11.3902197096
650 44111 -0.0893516716265 1.61834138608e-05 -25.532087292 -11.3568695687
651 44034 -0.0894737513392 1.61335282374e-05 -25.5163471981 -11.3622817223
652 44180 -0.0895952531866 1.62790303759e-05 -25.5007089804 -11.3532583567
653 43677 -0.0897185548696 1.6012368807e-05 -25.4848669542 -11.3368443416
654 44364 -0.0898388938929 1.61212566083e-05 -25.4694325536 -11.3473134171
655 44566 -0.089959775637 1.64953145925e-05 -25.4539553071 -11.352222021
656 43102 -0.0900855451945 1.61353140864e-05 -25.4378806422 -11.3501767778
657 43237 -0.0902083783652 1.59302243386e-05 -25.4222091622 -11.3581322172
658 44285 -0.0903282069601 1.609257476e-05 -25.4069475006 -11.3461816092
659 44617 -0.0904488055719 1.64572252365e-05 -25.3916141106 -11.3557474667
660 43319 -0.0905739710157 1.61936021273e-05 -25.3757279519 -11.3572646004
661 43198 -0.0906973029496 1.63455916999e-05 -25.3601022079 -11.3371240238
662 42419 -0.0908229314866 1.62133790863e-05 -25.3442136908 -11.3359981247
663 42216 -0.0909478423884 1.56162774936e-05 -25.3284440776 -11.3433207998
664 44640 -0.0910648406932 1.61464656053e-05 -25.3136987932 -11.3441640267
665 44729 -0.091185691084 1.64035897123e-05 -25.2984937501 -11.3422409385
666 43664 -0.0913099538877 1.6042883537e-05 -25.2828865529 -11.3405451939
667 44214 -0.0914307270905 1.60682319752e-05 -25.2677439912 -11.3600704088
668 44655 -0.0915510911411 1.59274437639e-05 -25.252678505 -11.3312986279
669 45750 -0.0916689646134 1.64565473802e-05 -25.2379496322 -11.3163829625
670 44422 -0.0917925611388 1.64629107628e-05 -25.2225320097 -11.3371046793
671 43105 -0.0919180805186 1.595707404e-05 -25.2069020906 -11.3528915201
672 44029 -0.0920384586953 1.57371242589e-05 -25.191938391 -11.3095027132
673 45989 -0.0921546205095 1.63516341051e-05 -25.1775229094 -11.3416745095
674 45132 -0.0922764596256 1.6404976496e-05 -25.1624282561 -11.3511166937
675 44052 -0.0924001855504 1.59407526136e-05 -25.147126364 -11.3300143344
676 45071 -0.0925190424749 1.63530672473e-05 -25.1324517516 -11.3327503103
677 44224 -0.0926421358709 1.58922906985e-05 -25.1172799504 -11.3327512506
678 45470 -0.0927601101707 1.61356612126e-05 -25.1027637389 -11.3194488326
679 45611 -0.0928797067859 1.64447019075e-05 -25.0880724636 -11.3278435463
680 44340 -0.0930033281243 1.60734147252e-05 -25.0729127113 -11.3440363054
681 44759 -0.09312359143 1.61326310609e-05 -25.05818998 -11.3192653653
682 44911 -0.0932440930377 1.61258909329e-05 -25.0434629642 -11.3260804779
683 45095 -0.0933642991787 1.63202445675e-05 -25.0287968199 -11.339264791
684 44395 -0.0934869085439 1.59681121216e-05 -25.0138628772 -11.3228597214
685 45296 -0.0936056734744 1.64587917041e-05 -24.9994216024 -11.3183786297
686 43971 -0.0937299189354 1.61577370848e-05 -24.9843395684 -11.330601986
687 44008 -0.0938518399065 1.62051399538e-05 -24.9695651343 -11.3248136229
688 43834 -0.0939743614518 1.58065583014e-05 -24.9547432382 -11.3452768923
689 45464 -0.094091708161 1.63003931243e-05 -24.9405710965 -11.3203856937
690 44849 -0.0942135476767 1.59171886727e-05 -24.9258808653 -11.3195038065
691 45997 -0.0943310290216 1.64302317859e-05 -24.9117396938 -11.3199748698
692 44781 -0.0944539320291 1.62328724078e-05 -24.896970651 -11.313507918
693 44479 -0.0945757706469 1.55766122026e-05 -24.8823544153 -11.3148671518
694 47223 -0.0946892352742 1.67929540633e-05 -24.8687649981 -11.317046344
695 44315 -0.0948155109712 1.59321240549e-05 -24.8536663851 -11.309550421
696 45380 -0.0949338986595 1.63869372161e-05 -24.8395349446 -11.3042616852
697 44375 -0.0950570376651 1.60123955037e-05 -24.824860956 -11.3195161011
698 45073 -0.0951764268568 1.63061517372e-05 -24.8106577069 -11.3055759771
699 44437 -0.0952988726873 1.60262900086e-05 -24.7961151928 -11.3041152587
700 45072 -0.0954183663276 1.6447599688e-05 -24.7819470375 -11.3183664794
701 43803 -0.0955427648319 1.59427769677e-05 -24.7672221702 -11.3202293566
702 44807 -0.0956619864898 1.59697876711e-05 -24.7531338095 -11.2985267475
703 45709 -0.0957802265994 1.63786443731e-05 -24.7391843233 -11.3280155732
704 44734 -0.0959028079917 1.62611250391e-05 -24.7247466741 -11.3096407759
705 44305 -0.0960250978982 1.56608910048e-05 -24.7103676466 -11.3366965835
706 46637 -0.0961398908853 1.62642122393e-05 -24.6968921416 -11.3193013831
707 46175 -0.096259701316 1.62685723207e-05 -24.6828503327 -11.2973981081
708 45697 -0.09638016855 1.608281511e-05 -24.6687548595 -11.2810061488
709 46085 -0.0964987585947 1.61140749272e-05 -24.6549018091 -11.3160605526
710 46329 -0.0966172657288 1.64404861872e-05 -24.6410809669 -11.298158997
711 45057 -0.0967398677384 1.62436743483e-05 -24.6268062009 -11.3074219483
712 44704 -0.0968614800639 1.58486103373e-05 -24.612670359 -11.2991961938
713 46168 -0.0969782375244 1.64146251343e-05 -24.5991209819 -11.315368821
714 45019 -0.0971006992333 1.59266003844e-05 -24.5849329026 -11.3144047891
715 46127 -0.0972180839644 1.62293734959e-05 -24.5713553293 -11.2921643718
716 45832 -0.0973380846006 1.64657202393e-05 -24.5574976924 -11.2978582215
717 44460 -0.0974616968215 1.59102406206e-05 -24.543246731 -11.302268421
718 45630 -0.0975795978907 1.65426146552e-05 -24.5296765896 -11.2880267996
719 43920 -0.0977045481547 1.55433440201e-05 -24.5153189101 -11.2926682838
720 46788 -0.0978182961594 1.6335265418e-05 -24.5022697031 -11.2900412518
721 45992 -0.0979388694147 1.63306124139e-05 -24.4884595641 -11.2797857865
722 45231 -0.0980604182684 1.57916237633e-05 -24.4745606109 -11.3166755322
723 46984 -0.0981757419281 1.63507841101e-05 -24.461394733 -11.2908766834
724 46112 -0.0982962725594 1.62004883221e-05 -24.4476564474 -11.2922542385
725 45951 -0.0984159036702 1.60367359124e-05 -24.434042918 -11.2609404508
726 46558 -0.0985335512243 1.60891269918e-05 -24.4206766551 -11.2799931047
727 46923 -0.0986511233677 1.63619027418e-05 -24.4073402555 -11.2903676785
728 46000 -0.0987718824076 1.61186869518e-05 -24.393664472 -11.2811785266
729 46222 -0.0988905607011 1.6224838493e-05 -24.3802461099 -11.2832574539
730 45947 -0.0990103768905 1.57648826724e-05 -24.3667209425 -11.2846401416
731 47857 -0.09912444966 1.65931876878e-05 -24.3538644624 -11.2872843077
732 45828 -0.0992471452178 1.59551003775e-05 -24.3400582696 -11.2707602694
733 46820 -0.0993638661913 1.63484063467e-05 -24.3269455822 -11.2797154346
734 45962 -0.0994845756185 1.57159559996e-05 -24.3134065369 -11.2911346063
735 48112 -0.0995979935486 1.6524759341e-05 -24.3007053948 -11.2652913595
736 46393 -0.0997194368456 1.57979033823e-05 -24.2871270399 -11.2755631533
737 48160 -0.099833388718 1.69929426033e-05 -24.2744064712 -11.277746789
738 44287 -0.0999612081084 1.5556151521e-05 -24.2601610551 -11.2770525593
739 47117 -0.100074651004 1.66108461582e-05 -24.2475383917 -11.2910017947
740 45039 -0.100198548768 1.57069822876e-05 -24.2337743989 -11.2732863586
741 47188 -0.100313005344 1.66219313809e-05 -24.22107958 -11.2639950122
742 45056 -0.100436962122 1.53521842422e-05 -24.2073530372 -11.2754778163
743 48940 -0.10054681258 1.68572839801e-05 -24.1952076388 -11.2685407949
744 45627 -0.100671735202 1.58588241466e-05 -24.1814175301 -11.2703023755
745 47073 -0.100787440149 1.6574381245e-05 -24.1686655198 -11.2451987345
746 45164 -0.10091089526 1.57475488045e-05 -24.1550811119 -11.2583687117
747 47125 -0.101025724946 1.62464725235e-05 -24.1424659233 -11.2868565402
748 46742 -0.101144676329 1.62704866044e-05 -24.1294183255 -11.2718300677
749 46250 -0.101264436392 1.60959730227e-05 -24.1163029494 -11.2625770049
750 46580 -0.101382490569 1.61917693611e-05 -24.1033948934 -11.2474067443
751 46459 -0.101501402511 1.6040192156e-05 -24.0904135795 -11.2587080222
752 47057 -0.101618450843 1.63009983902e-05 -24.0776557883 -11.2622223688
753 46417 -0.101738218437 1.59929206503e-05 -24.0646221797 -11.2662166759
754 47240 -0.101854694809 1.66920808945e-05 -24.0519666481 -11.2512685367
755 44786 -0.101979549384 1.56609107913e-05 -24.0384225518 -11.2566157569
756 47144 -0.10209372453 1.60610856139e-05 -24.026056608 -11.2398576519
757 47649 -0.102210194183 1.62279578313e-05 -24.01346146 -11.2398986298
758 47351 -0.102328243964 1.63593310357e-05 -24.0007152885 -11.2574158392
759 46432 -0.102448421432 1.62668731877e-05 -23.9877598685 -11.2481670834
760 45960 -0.102568531913 1.62865060071e-05 -23.9748322725 -11.2594401904
761 45402 -0.102689523707 1.59237481448e-05 -23.9618305963 -11.2513558466
762 46533 -0.10280637442 1.62666776943e-05 -23.949293666 -11.2514737835
763 46061 -0.102926351848 1.60254924042e-05 -23.9364414149 -11.2541908849
764 46723 -0.103043709464 1.62451248366e-05 -23.9238895068 -11.2625137805
765 46350 -0.103163153399 1.57117853345e-05 -23.9111344206 -11.2657264506
766 48538 -0.103276041721 1.63524177001e-05 -23.8990978602 -11.2135995273
767 47629 -0.103394648866 1.62818189086e-05 -23.8864708309 -11.2570011198
768 47073 -0.10351343943 1.60319776382e-05 -23.8738440463 -11.2622009205
769 47718 -0.103629613897 1.6179066093e-05 -23.8615144335 -11.2488484043
770 47655 -0.103746931544 1.6210950979e-05 -23.8490826142 -11.2296825497
771 47439 -0.103864748495 1.59672873035e-05 -23.8366171781 -11.244387627
772 48406 -0.103979629141 1.62860654166e-05 -23.8244809894 -11.2528519289
773 47820 -0.104097518573 1.60555356975e-05 -23.8120459737 -11.2675345152
774 48360 -0.104213089552 1.59452767505e-05 -23.7998741758 -11.2294071221
775 49456 -0.104326587274 1.65777571086e-05 -23.7879386784 -11.2525451845
776 47434 -0.104447076521 1.63286943309e-05 -23.7752873668 -11.2415806689
777 46658 -0.104566737866 1.60318515463e-05 -23.7627427347 -11.2310727584
778 47298 -0.104683426182 1.60315892894e-05 -23.7505286905 -11.2607070143
779 47948 -0.104799318903 1.61952738939e-05 -23.738416366 -11.2336937327
780 47806 -0.104916568449 1.63174807404e-05 -23.7261808978 -11.269787647
781 47077 -0.105035613735 1.58089162165e-05 -23.7137771993 -11.2468983112
782 48815 -0.105148876946 1.61847171701e-05 -23.701993838 -11.2476345781
783 48723 -0.105264942672 1.66290428735e-05 -23.6899369693 -11.2328180884
784 46488 -0.105387027413 1.558285759e-05 -23.6772745236 -11.2345463783
785 49325 -0.105498093005 1.63645115084e-05 -23.6657724536 -11.2357804893
786 48342 -0.105615909388 1.6519535475e-05 -23.6535894342 -11.2476346429
787 46640 -0.105736993068 1.59012550859e-05 -23.6410880021 -11.2364046133
788 47911 -0.105851988272 1.62595031129e-05 -23.6292333943 -11.22452525
789 47459 -0.105970132582 1.62053607729e-05 -23.6170725886 -11.2305711459
790 47270 -0.106088118391 1.57282738536e-05 -23.6049467056 -11.2383941891
791 49419 -0.10620011385 1.62396690714e-05 -23.5934536408 -11.2082245413
792 49052 -0.106316182896 1.61302624652e-05 -23.5815601452 -11.2445594641
793 49231 -0.106431259943 1.62020565224e-05 -23.5697859504 -11.2259946063
794 49052 -0.106547059893 1.62725688267e-05 -23.5579554948 -11.2459167877
795 48525 -0.106663993338 1.62138789748e-05 -23.5460272198 -11.2272361468
796 48290 -0.106780787783 1.62911849212e-05 -23.534131122 -11.1982772048
797 47681 -0.10689888649 1.60602898354e-05 -23.5221204287 -11.233512365
798 48196 -0.10701468801 1.60313998864e-05 -23.5103611408 -11.2096621532
799 48859 -0.107129493523 1.61623013844e-05 -23.4987203365 -11.2269413465
800 48878 -0.107245214618 1.63811453339e-05 -23.4870041327 -11.2172390803
801 47823 -0.107363788786 1.6274814412e-05 -23.4750171887 -11.2382719659
802 47298 -0.107482245067 1.55675993428e-05 -23.4630604354 -11.2258001699
803 50262 -0.107592162422 1.68203588267e-05 -23.4519818867 -11.231764081
804 47035 -0.107714931239 1.58444673584e-05 -23.4396265533 -11.2206710681
805 48596 -0.10782870506 1.63635113317e-05 -23.4281938695 -11.2201179107
