10 500000 0.05 gpomdp cheb_gpomdp 30000000

1 10 0 4.23143629631e-05 -56.6666666667 -9.66679721753
2 55207 -0.000419699616926 1.53380534179e-05 -56.2793623452 -12.1550640617
3 60053 -0.000565565049359 1.62031314585e-05 -56.1461538448 -12.1645100119
4 59828 -0.000719946928771 1.62538168008e-05 -56.0059430876 -12.1399839521
5 59298 -0.000875502113003 1.61124043716e-05 -55.8654663478 -12.1393876084
6 59622 -0.0010292842553 1.61740621584e-05 -55.7273731243 -12.1446813468
7 59574 -0.00118371724331 1.60845680446e-05 -55.5894716894 -12.1388758169
8 60069 -0.00133666148871 1.61819600712e-05 -55.4536599161 -12.1266606102
9 59972 -0.0014906556236 1.60289268253e-05 -55.3176739253 -12.1075329314
10 60813 -0.00164213584805 1.62885621417e-05 -55.1846438975 -12.1329243101
11 60062 -0.00179702867609 1.60849241991e-05 -55.0493655283 -12.1368585281
12 60559 -0.00194935644892 1.62292319229e-05 -54.9170596019 -12.1269560876
13 60172 -0.00210354366843 1.61103396273e-05 -54.783872005 -12.1394359065
14 60513 -0.00225616932598 1.62076069492e-05 -54.6527540219 -12.1191878519
15 60259 -0.00241004071734 1.60625624879e-05 -54.521285798 -12.0969756649
16 60895 -0.00256173562382 1.62832394689e-05 -54.3923790558 -12.1285770906
17 60175 -0.00271643177822 1.61990580341e-05 -54.2616338144 -12.0853881724
18 59974 -0.00287058644845 1.606924796e-05 -54.1320555344 -12.1328404781
19 60566 -0.00302275626618 1.6223722569e-05 -54.004834516 -12.1288189527
20 60213 -0.00317683916687 1.62815693401e-05 -53.8767058105 -12.0984830368
21 59512 -0.00333237980101 1.59425489267e-05 -53.7480652092 -12.1264161616
22 60878 -0.00348296318424 1.62656728188e-05 -53.6241894786 -12.0885621827
23 60266 -0.00363737637512 1.60615198567e-05 -53.4978371349 -12.1167991057
24 60909 -0.00378904460008 1.61325739232e-05 -53.3743899949 -12.1175803982
25 61116 -0.00394112490517 1.62046805176e-05 -53.2512580966 -12.1002727407
26 60877 -0.00409418495957 1.62036797176e-05 -53.1279856176 -12.1321488759
27 60645 -0.00424752791544 1.61596190748e-05 -53.0051367202 -12.1018451962
28 60685 -0.00440040402204 1.61295094706e-05 -52.8833057914 -12.1059352143
29 60911 -0.00455271212149 1.61816393632e-05 -52.7625619206 -12.0953404617
30 60815 -0.00470563266856 1.61396146943e-05 -52.641964605 -12.0955618122
31 60979 -0.0048579512907 1.62858021392e-05 -52.5224667108 -12.0929795818
32 60243 -0.00501258528765 1.60422344471e-05 -52.4017851671 -12.1115507715
33 61005 -0.00516395209364 1.62577392336e-05 -52.2842662034 -12.0816109368
34 60440 -0.00531806720313 1.60632453228e-05 -52.1652314967 -12.0982307433
35 61074 -0.00546954648671 1.61158394946e-05 -52.0488356291 -12.0836751083
36 61386 -0.00562113490727 1.60414461219e-05 -51.9329497575 -12.1168648992
37 62167 -0.00577107250799 1.62140141957e-05 -51.8189058791 -12.0797094265
38 61865 -0.00592299255445 1.6296971826e-05 -51.7039379845 -12.0850374346
39 61049 -0.00607670761776 1.60371727484e-05 -51.5882052952 -12.0765524643
40 61853 -0.00622698583902 1.6190751401e-05 -51.4756330787 -12.108381051
41 61698 -0.00637889311542 1.61081032354e-05 -51.3624118379 -12.0789071744
42 62062 -0.00652958145669 1.62912663741e-05 -51.2506623416 -12.0756598447
43 61279 -0.00668295424199 1.61980182125e-05 -51.1374938023 -12.0743180452
44 61081 -0.0068356961154 1.61053167796e-05 -51.0253597108 -12.0615603243
45 61459 -0.00698709601484 1.61650232136e-05 -50.9147669082 -12.0827411945
46 61466 -0.00713904879829 1.62278637737e-05 -50.8043227687 -12.0727355261
47 61082 -0.0072920706643 1.62097867359e-05 -50.6936568173 -12.0584891891
48 60812 -0.00744526123309 1.60352796542e-05 -50.5834228044 -12.068978927
49 61625 -0.00759579976757 1.60747083216e-05 -50.4756331054 -12.0598222839
50 62199 -0.00774600997815 1.62444974009e-05 -50.3686041355 -12.0713800645
51 61706 -0.00789841196998 1.62484212326e-05 -50.2605461527 -12.052355824
52 61193 -0.00805148898318 1.59369511004e-05 -50.1525457184 -12.064793065
53 62633 -0.00819989534268 1.63993855673e-05 -50.0483498359 -12.0858329339
54 61168 -0.00835442566259 1.5979444454e-05 -49.9403832757 -12.0690822627
55 62338 -0.00850357953027 1.6285215122e-05 -49.8366812178 -12.0411248308
56 61589 -0.00865650862335 1.60988441078e-05 -49.7308688126 -12.0420915496
57 62011 -0.00880717275041 1.60338054075e-05 -49.6271292473 -12.0629128896
58 62849 -0.00895622397028 1.62887660504e-05 -49.5249905964 -12.0595797207
59 62072 -0.00910859074193 1.61908186321e-05 -49.4210804338 -12.0565769294
60 61916 -0.00926023095178 1.60735870061e-05 -49.3181645662 -12.0558856684
61 62500 -0.00941006877883 1.62556376359e-05 -49.2169572255 -12.0607895597
62 61935 -0.00956229360436 1.60462860675e-05 -49.1146280405 -12.0424278614
63 62693 -0.00971164691214 1.62720441674e-05 -49.014706181 -12.0367824128
64 62023 -0.00986391731487 1.6177856203e-05 -48.9133156586 -12.0294456892
65 61949 -0.0100153963116 1.61887018097e-05 -48.8129325187 -12.0629380852
66 61807 -0.0101671508443 1.59873339828e-05 -48.7128438542 -12.0356424983
67 62939 -0.0103156644096 1.61677612627e-05 -48.6153518207 -12.034914198
68 62928 -0.0104658662906 1.62648242641e-05 -48.5172101574 -12.0410317005
69 62301 -0.0106177290445 1.61237047668e-05 -48.4184489575 -12.0467820509
70 62570 -0.010767950488 1.60225585158e-05 -48.3212126144 -12.0376416203
71 63488 -0.0109161457012 1.6260600269e-05 -48.2257305466 -12.0254727156
72 62882 -0.0110672655671 1.62410731262e-05 -48.1288138236 -12.0000407356
73 62405 -0.0112187793621 1.6139462786e-05 -48.0320971859 -12.0308208577
74 62574 -0.0113691424476 1.60550579024e-05 -47.9365601457 -12.0449067051
75 63283 -0.011517878634 1.62103397704e-05 -47.8424899949 -12.0409402106
76 62999 -0.0116683909799 1.61787864425e-05 -47.7477320798 -12.0397294643
77 62918 -0.0118187077532 1.61188521534e-05 -47.6535316315 -12.026984835
78 63220 -0.0119681090351 1.62156909404e-05 -47.560332073 -12.0159630062
79 62903 -0.012118786965 1.59652804128e-05 -47.4667645211 -12.0350429044
80 64198 -0.0122656334642 1.63812986661e-05 -47.3759873703 -12.0081944289
81 62812 -0.0124179604936 1.60872496918e-05 -47.2822482603 -12.0165440915
82 63317 -0.0125669554993 1.62843266704e-05 -47.1909764462 -12.0234309155
83 62562 -0.0127186825848 1.61415225947e-05 -47.0984517651 -12.0172546847
84 62718 -0.0128688917469 1.59888089251e-05 -47.0072681441 -12.0285987619
85 63857 -0.0130163474029 1.62419618192e-05 -46.918155363 -12.024157553
86 63367 -0.0131667150608 1.61395784373e-05 -46.8276874831 -12.021712673
87 63538 -0.0133159343648 1.62241197002e-05 -46.7383118417 -12.013274612
88 63165 -0.0134663771973 1.59968378393e-05 -46.6486053965 -12.0422368073
89 64259 -0.0136134438841 1.62872077607e-05 -46.5612997035 -12.0139392573
90 63474 -0.0137641034094 1.62653212068e-05 -46.4722558826 -12.0012474201
91 62838 -0.0139153200265 1.59839538211e-05 -46.3832818862 -12.0128012738
92 64010 -0.0140625537964 1.61530955448e-05 -46.297032977 -12.0009174394
93 64094 -0.0142112480204 1.62068452509e-05 -46.2103081959 -12.0216480255
94 63829 -0.0143607463507 1.6162203557e-05 -46.1234965534 -11.9921643185
95 63854 -0.0145098040779 1.62725909725e-05 -46.0373197426 -11.9976830746
96 63168 -0.0146606930874 1.61053789148e-05 -45.9504670904 -12.013562181
97 63558 -0.0148095719827 1.60631555281e-05 -45.8651465907 -12.0009355439
98 64225 -0.014957287443 1.63489232749e-05 -45.7808587005 -12.0386130534
99 63045 -0.0151090321087 1.60270037154e-05 -45.6946487198 -11.9872862417
100 63941 -0.0152567422737 1.61090502826e-05 -45.6110954582 -11.9939795229
101 64312 -0.0154047798229 1.61547362135e-05 -45.5277155879 -11.9935164059
102 64386 -0.0155531519304 1.62209896841e-05 -45.4445051795 -12.0052459702
103 64028 -0.015702548215 1.59403083187e-05 -45.3610800967 -11.9846636074
104 65512 -0.0158476871438 1.62993030731e-05 -45.2803758579 -11.9980410993
105 64632 -0.0159971013804 1.61447596988e-05 -45.1976457154 -11.9886714823
106 64772 -0.0161449394749 1.62577843266e-05 -45.1161369208 -11.9932831313
107 64172 -0.0162945067148 1.61106398975e-05 -45.0340254453 -12.0084583435
108 64534 -0.0164423040812 1.61680944693e-05 -44.9532298991 -11.9905079469
109 64521 -0.016590643745 1.62863345263e-05 -44.8724798454 -11.985866416
110 63739 -0.016740982348 1.60710151954e-05 -44.7909889772 -11.9800652989
111 64357 -0.0168886189749 1.60610493418e-05 -44.711300854 -11.9748155663
112 65047 -0.0170353796832 1.62278547344e-05 -44.632415539 -11.966406352
113 64641 -0.0171841296552 1.63336218719e-05 -44.5527946502 -11.9613815604
114 63552 -0.0173351264654 1.59168571369e-05 -44.4723125271 -11.9775655036
115 65180 -0.0174804205065 1.60051545148e-05 -44.395192733 -11.9782358336
116 66253 -0.017625332537 1.64052940987e-05 -44.3185890284 -11.9871832234
117 64665 -0.0177756810389 1.60120117683e-05 -44.2394401985 -11.9871913724
118 65684 -0.0179212819745 1.6347298679e-05 -44.1631077809 -11.9862847573
119 64487 -0.018071304597 1.61662614719e-05 -44.0847816377 -11.9719212815
120 64486 -0.0182196676864 1.61595162236e-05 -44.0076437287 -11.9823972241
121 64529 -0.0183679192778 1.61072756724e-05 -43.9308814697 -11.9731208232
122 64915 -0.0185152513095 1.60573484453e-05 -43.8549080318 -11.9601579987
123 65635 -0.0186613187807 1.62845942779e-05 -43.779892525 -11.9505871028
124 64851 -0.0188103470189 1.61380645247e-05 -43.7036684098 -11.9783544233
125 65036 -0.0189578239683 1.62218272055e-05 -43.628546033 -11.9664216417
126 64669 -0.0191064858012 1.60997637114e-05 -43.5531285952 -11.9513121849
127 65106 -0.0192535335691 1.60607505965e-05 -43.478832854 -11.9697238514
128 65806 -0.0193994427184 1.63276628217e-05 -43.4054083347 -11.9573594546
129 64736 -0.0195489971651 1.60087336074e-05 -43.330453513 -11.9420651815
130 65778 -0.0196944642352 1.62192530072e-05 -43.2578408027 -11.9642662702
131 65424 -0.0198422424536 1.61409458477e-05 -43.1843691009 -11.9399141617
132 65591 -0.0199891198489 1.62480547277e-05 -43.1116377938 -11.950211673
133 65048 -0.0201375881301 1.60977473982e-05 -43.0384133252 -11.9494356186
134 65501 -0.0202841735266 1.60330987206e-05 -42.9664063638 -11.9316855792
135 66391 -0.0204291879561 1.61397789542e-05 -42.8954518674 -11.9447003364
136 66568 -0.0205749726041 1.63125044855e-05 -42.8244003375 -11.9405086379
137 65586 -0.0207234164014 1.6115190188e-05 -42.7523394104 -11.9392119094
138 65926 -0.0208696869301 1.62331252285e-05 -42.6816146899 -11.9480317772
139 65479 -0.0210175294331 1.60736341586e-05 -42.6104118693 -11.945095541
140 66096 -0.0211632343495 1.61550335248e-05 -42.5405142864 -11.9553963646
141 66170 -0.0213095953024 1.61282358206e-05 -42.4705759747 -11.9457089144
142 66425 -0.0214554333186 1.6203154955e-05 -42.401159095 -11.9493718288
143 66176 -0.0216022241883 1.61471081167e-05 -42.3315608075 -11.9457916435
144 66304 -0.0217483661099 1.61051907181e-05 -42.262539854 -11.9172229035
145 66715 -0.0218936784892 1.63037757787e-05 -42.1941759075 -11.9314714503
146 65789 -0.0220418137156 1.60700247e-05 -42.1247545737 -11.9483699819
147 66433 -0.0221871156836 1.62090392922e-05 -42.0569249459 -11.9280659167
148 66144 -0.0223339948594 1.61449921788e-05 -41.9886231838 -11.9418537982
149 66286 -0.0224801372822 1.60051645446e-05 -41.9209260846 -11.9454907248
150 67377 -0.0226238354421 1.63332970657e-05 -41.8546146609 -11.92572569
151 66244 -0.0227717293146 1.60668185624e-05 -41.7866279788 -11.9368085651
152 66915 -0.022916478973 1.6108844332e-05 -41.7203415203 -11.928722274
153 67305 -0.0230611860485 1.62760181565e-05 -41.6543251163 -11.9380062669
154 66558 -0.0232082123226 1.61421267168e-05 -41.5875058008 -11.9178341816
155 66720 -0.0233538524902 1.63466640492e-05 -41.5215685271 -11.9374520645
156 65509 -0.0235026952424 1.60643532047e-05 -41.4544390753 -11.9134691172
157 66189 -0.0236482141264 1.61518671332e-05 -41.3890591967 -11.9116124939
158 66285 -0.0237944200625 1.59597429377e-05 -41.3236186298 -11.9054128934
159 67688 -0.0239373814999 1.61936338363e-05 -41.2598693017 -11.9100757446
160 67499 -0.0240826407973 1.63277543734e-05 -41.1953360427 -11.910591216
161 66401 -0.0242303092959 1.59780581918e-05 -41.1299798016 -11.9185184051
162 67680 -0.0243734427366 1.62711043049e-05 -41.0668673984 -11.9351421294
163 66963 -0.0245199803312 1.61166634362e-05 -41.0024940099 -11.9099606923
164 67300 -0.0246647631806 1.62040759141e-05 -40.9391286569 -11.9073548415
165 67041 -0.0248106117816 1.62085598329e-05 -40.8755339127 -11.9044434934
166 66753 -0.02495681553 1.60902984249e-05 -40.812021776 -11.9135534267
167 67268 -0.0251013951617 1.60193900537e-05 -40.7494476855 -11.9152370819
168 68277 -0.0252442704975 1.62653289478e-05 -40.6878371189 -11.900825289
169 67593 -0.0253900715348 1.62226544176e-05 -40.6251951821 -11.9118850845
170 67206 -0.0255359079242 1.61819806105e-05 -40.5627694537 -11.8876366684
171 67098 -0.0256814961861 1.61793137995e-05 -40.5006795071 -11.9006661931
172 67008 -0.0258271578479 1.61701660057e-05 -40.4387865503 -11.9037653356
173 66980 -0.0259727672906 1.61661415775e-05 -40.3771427648 -11.9146822031
174 66980 -0.0261183411918 1.6058619805e-05 -40.31573965 -11.9056858914
175 67714 -0.0262621600628 1.6157591475e-05 -40.2552971417 -11.8946809278
176 67772 -0.0264068034909 1.61916407335e-05 -40.1947277929 -11.9037349348
177 67596 -0.026551940196 1.60875176053e-05 -40.1341721452 -11.9110567995
178 68137 -0.0266955703614 1.61728710203e-05 -40.074461121 -11.9036823085
179 68090 -0.0268400124003 1.61318119607e-05 -40.0146281645 -11.8988071701
180 68327 -0.0269838375184 1.61318923434e-05 -39.9552644248 -11.9078130375
181 68564 -0.0271274142839 1.62649544446e-05 -39.8962147195 -11.8674520745
182 67880 -0.0272729037353 1.60902959557e-05 -39.8365928117 -11.8893991957
183 68404 -0.027416278088 1.62748388036e-05 -39.7780477303 -11.9084542225
184 67653 -0.0275620992039 1.59731973901e-05 -39.7187162905 -11.8765348161
185 68990 -0.0277038239189 1.62267579163e-05 -39.6612560944 -11.8889914554
186 68567 -0.0278482427872 1.61942897264e-05 -39.6029098794 -11.8814940406
187 68371 -0.0279925786481 1.60562091417e-05 -39.544804158 -11.8828986885
188 69138 -0.0281348882321 1.62889886708e-05 -39.4877156614 -11.8838644605
189 68281 -0.0282801635669 1.62314605844e-05 -39.4296427251 -11.8768237162
190 67830 -0.0284254070056 1.60855851326e-05 -39.371788793 -11.8743611659
191 68386 -0.0285687579273 1.62075191027e-05 -39.3148898525 -11.8750650016
192 68099 -0.0287134998484 1.59930568099e-05 -39.2576404908 -11.8830867411
193 69305 -0.0288550779807 1.62802537935e-05 -39.2018375509 -11.8763644665
194 68507 -0.0290000361323 1.62784760367e-05 -39.1449012061 -11.8568756769
195 67730 -0.0291458070419 1.60127790285e-05 -39.0878474431 -11.8707156412
196 68792 -0.0292880877414 1.61901978693e-05 -39.0323538808 -11.8529424602
197 68624 -0.0294321210542 1.61254943323e-05 -38.9763711006 -11.8678739084
198 68907 -0.029575283484 1.6140269424e-05 -38.9209195916 -11.8596054531
199 69088 -0.0297183897769 1.62131623159e-05 -38.8656809198 -11.8707935106
200 68759 -0.029862485849 1.61565736598e-05 -38.8102522494 -11.8697056279
201 68825 -0.0300060094687 1.61304533301e-05 -38.7552343691 -11.8733581208
202 69074 -0.0301490426438 1.61709964644e-05 -38.7005927619 -11.841979298
203 69040 -0.0302924713783 1.62329102018e-05 -38.6459878074 -11.8472957866
204 68573 -0.0304369377576 1.60719972899e-05 -38.5911769102 -11.8641031897
205 69231 -0.0305792913219 1.61666015552e-05 -38.5373523163 -11.8718437745
206 69227 -0.030722486463 1.62413830858e-05 -38.4833935452 -11.8416208115
207 68700 -0.0308668949476 1.61341835664e-05 -38.4291635387 -11.8701220859
208 68923 -0.031010118401 1.60581540407e-05 -38.3755620843 -11.8565476856
209 69682 -0.0311518881265 1.62786356724e-05 -38.3226837874 -11.8428366828
210 68891 -0.0312964273811 1.61480275703e-05 -38.2689550101 -11.8225198652
211 69017 -0.0314396754628 1.61909497477e-05 -38.2158871025 -11.8555921575
212 68843 -0.0315834859684 1.60321312427e-05 -38.162791086 -11.8408498497
213 69785 -0.0317249212494 1.62608165712e-05 -38.1107472936 -11.8543783367
214 69117 -0.0318690653534 1.60544954975e-05 -38.0578846831 -11.8627448543
215 69904 -0.0320105774456 1.60842958469e-05 -38.0061611979 -11.8637241583
216 70487 -0.0321517652419 1.63377054275e-05 -37.9547270776 -11.8643477935
217 69270 -0.032296431018 1.61034356061e-05 -37.9022020624 -11.8547895082
218 69712 -0.0324385702207 1.61155401111e-05 -37.8507671516 -11.8390449869
219 70070 -0.0325804517214 1.63356690182e-05 -37.7995954222 -11.8230705232
220 68875 -0.0327255142576 1.60111371145e-05 -37.7474510634 -11.8283470433
221 69967 -0.0328665811167 1.62034111478e-05 -37.6969115287 -11.838429607
222 69702 -0.0330096122928 1.61224168048e-05 -37.6458370762 -11.8332795604
223 70011 -0.0331516140586 1.60388131342e-05 -37.5952975586 -11.8265794143
224 70921 -0.0332919706328 1.62915296386e-05 -37.5455066357 -11.8308580333
225 70024 -0.033435449051 1.62226659917e-05 -37.4947749936 -11.8138669451
226 69623 -0.033578731789 1.6173969531e-05 -37.444279953 -11.828490337
227 69567 -0.0337216417333 1.59888198131e-05 -37.3940821212 -11.8254736331
228 70830 -0.0338616508881 1.61517710566e-05 -37.3450630344 -11.8346241
229 70933 -0.034002984219 1.63002478043e-05 -37.2957400043 -11.820140368
230 69974 -0.0341465907618 1.61641137802e-05 -37.2457871804 -11.8165861062
231 69988 -0.0342889837427 1.62036405818e-05 -37.1964184426 -11.8190956936
232 69722 -0.0344319971484 1.59485814896e-05 -37.1469961356 -11.8241643998
233 71278 -0.0345712139691 1.62560165502e-05 -37.0990405994 -11.8175328041
234 70631 -0.0347137636376 1.60634785881e-05 -37.0500944509 -11.8243726936
235 71370 -0.0348538930305 1.62753310782e-05 -37.0021338674 -11.804846028
236 70583 -0.0349966598546 1.62138341399e-05 -36.9534274101 -11.7875413023
237 70242 -0.0351392324951 1.6001683551e-05 -36.9049443987 -11.8185924348
238 71424 -0.0352787704902 1.62257194358e-05 -36.8576447319 -11.8353673698
239 70993 -0.0354206907024 1.61041263841e-05 -36.8096904462 -11.8310608965
240 71441 -0.0355611053961 1.61935386132e-05 -36.7623958944 -11.7970297913
241 71242 -0.0357024962658 1.62124429528e-05 -36.7149236203 -11.7988540041
242 70908 -0.0358443857738 1.62804061871e-05 -36.6674356097 -11.8124567336
243 70090 -0.0359876984911 1.61220123595e-05 -36.6196247884 -11.8190456167
244 70404 -0.0361293002106 1.61476917774e-05 -36.572535587 -11.8064478163
245 70535 -0.0362709953529 1.59596579299e-05 -36.5255646636 -11.8234728241
246 72028 -0.0364095815615 1.6342248255e-05 -36.4797681701 -11.8194001813
247 70752 -0.0365527642255 1.61626236694e-05 -36.4326014577 -11.7999842045
248 70777 -0.0366943483958 1.60511485292e-05 -36.3861092294 -11.8101025437
249 71607 -0.0368341382326 1.61475337654e-05 -36.3403498356 -11.7892952345
250 71742 -0.0369746355906 1.61811234532e-05 -36.2945019685 -11.8060633152
251 71633 -0.0371155325932 1.63063850704e-05 -36.2486671259 -11.7970724708
252 70621 -0.0372585340614 1.60049135283e-05 -36.2022938798 -11.7846918168
253 71786 -0.0373977480373 1.63169856177e-05 -36.1572896859 -11.8095008278
254 70695 -0.0375407667698 1.60925801675e-05 -36.1111995264 -11.7924081855
255 71224 -0.0376812938514 1.60796952904e-05 -36.0660538491 -11.7761132638
256 71851 -0.037821094557 1.6196732746e-05 -36.0212800636 -11.782278848
257 71628 -0.0379621321055 1.62043564545e-05 -35.9762495322 -11.7708305444
258 71350 -0.038103510188 1.61590304408e-05 -35.9312501291 -11.794410904
259 71401 -0.038244442746 1.60304167274e-05 -35.8865312557 -11.7798711307
260 72391 -0.0383832944666 1.61950076966e-05 -35.8426074816 -11.7855851839
261 72179 -0.0385237777361 1.61917376085e-05 -35.798303173 -11.7783580532
262 71991 -0.0386644154224 1.61172259143e-05 -35.7540861472 -11.7616424654
263 72349 -0.0388040596601 1.60751000524e-05 -35.7103154741 -11.7881266455
264 73020 -0.0389426972091 1.63142740918e-05 -35.6669918402 -11.7805798331
265 71930 -0.0390844592592 1.61628847187e-05 -35.6228266884 -11.7853006925
266 71953 -0.0392248834069 1.60211024679e-05 -35.5792121997 -11.7883662963
267 73019 -0.0393630557865 1.61913198236e-05 -35.5364265313 -11.7570279633
268 72832 -0.0395028756237 1.62573970954e-05 -35.4932608371 -11.773720299
269 72160 -0.03964391817 1.60371442424e-05 -35.4498496806 -11.7931735417
270 73110 -0.0397821428715 1.62748857859e-05 -35.4074338927 -11.7445050122
271 72307 -0.0399231935122 1.60177601844e-05 -35.3642810427 -11.7789977315
272 73404 -0.0400609751156 1.60808853637e-05 -35.3222546476 -11.77182079
273 74041 -0.0401987027378 1.63851558256e-05 -35.2803689426 -11.7813709333
274 72414 -0.0403406048244 1.61359040095e-05 -35.2373430301 -11.7576788103
275 72636 -0.0404801341389 1.62010078271e-05 -35.1951639822 -11.7676930015
276 72379 -0.0406204749575 1.60764918932e-05 -35.1528665032 -11.7829059232
277 73040 -0.0407591055646 1.61743105346e-05 -35.11120885 -11.7811145885
278 72979 -0.0408986379773 1.61581953376e-05 -35.0694044896 -11.7449025755
279 73037 -0.0410379756407 1.63621475246e-05 -35.0277823529 -11.7548083547
280 71599 -0.0411804827205 1.5911386558e-05 -34.9853409458 -11.7600485373
281 73474 -0.041317283641 1.6314659082e-05 -34.9447196867 -11.7818032294
282 72375 -0.0414586131292 1.59994076478e-05 -34.9028773942 -11.7625702435
283 73610 -0.0415960441211 1.62768480915e-05 -34.8623093026 -11.7495124751
284 72787 -0.0417366458413 1.61002179844e-05 -34.8209271643 -11.7562135217
285 73275 -0.0418752581715 1.6147502755e-05 -34.7802507253 -11.7428822155
286 73413 -0.0420141467287 1.62464846055e-05 -34.7396123852 -11.7548077528
287 72816 -0.0421544580652 1.61372366074e-05 -34.6986783358 -11.7454386894
288 73029 -0.042293622593 1.61570904001e-05 -34.6581980578 -11.7454610978
289 73096 -0.0424328952158 1.61029462932e-05 -34.6178046754 -11.7619049495
290 73566 -0.04257125685 1.6158929241e-05 -34.5777922281 -11.7413055167
291 73619 -0.0427100489677 1.61652005675e-05 -34.5377716686 -11.747051178
292 73626 -0.0428488891325 1.6070665387e-05 -34.4978533741 -11.7627108496
293 74342 -0.0429862502992 1.62937253133e-05 -34.4584741123 -11.7424216582
294 73385 -0.0431264231089 1.62655815362e-05 -34.4184049893 -11.7246427863
295 72648 -0.0432670623416 1.60493550914e-05 -34.3783199864 -11.7428777763
296 73514 -0.0434050123671 1.60563258621e-05 -34.3391152628 -11.7462993367
297 74337 -0.0435422555615 1.6174587118e-05 -34.3002227791 -11.7391527731
298 74273 -0.0436805696731 1.62938993954e-05 -34.2611387194 -11.7297226967
299 73316 -0.043820810315 1.60130657507e-05 -34.2216244816 -11.7381157442
300 74463 -0.0439575678439 1.61094992907e-05 -34.1832019294 -11.7447518455
301 74892 -0.0440947549624 1.62744244791e-05 -34.1447676308 -11.7181792887
302 74073 -0.0442341101911 1.60453167948e-05 -34.1058371656 -11.7395802787
303 74986 -0.044370664482 1.63144279618e-05 -34.0677974829 -11.7429147709
304 73866 -0.0445105582252 1.60801152653e-05 -34.0289382407 -11.7253009821
305 74513 -0.0446478425182 1.62912169725e-05 -33.9909123147 -11.7367509362
306 73573 -0.0447878150307 1.59504147086e-05 -33.952251948 -11.7182350734
307 75201 -0.0449233675933 1.63292250154e-05 -33.914917944 -11.7335334965
308 73966 -0.0450632928875 1.60999896682e-05 -33.8764881031 -11.7360632875
309 74464 -0.0452007925138 1.60456801327e-05 -33.8388313916 -11.7336268502
310 75379 -0.0453369934146 1.6335586496e-05 -33.8016344236 -11.7154556733
311 74094 -0.045476852965 1.60751717337e-05 -33.7635455988 -11.7087143969
312 74781 -0.0456138493584 1.61270853581e-05 -33.7263415185 -11.7051770966
313 75077 -0.0457510162664 1.64064553168e-05 -33.6891948114 -11.7219130613
314 73268 -0.0458922715617 1.58892227654e-05 -33.6510488905 -11.7258533424
315 75356 -0.046027165126 1.61951564332e-05 -33.6147228034 -11.7277367065
316 75134 -0.0461648591972 1.63103364172e-05 -33.5777447574 -11.6909655531
317 74042 -0.0463045510486 1.61240484611e-05 -33.54033528 -11.7295779065
318 74358 -0.0464423535815 1.60575182748e-05 -33.5035350305 -11.7427171949
319 75182 -0.0465788340572 1.61681043543e-05 -33.4671885158 -11.7193047798
320 75166 -0.0467162683553 1.61608709268e-05 -33.4306888187 -11.7132215109
321 75206 -0.0468536053757 1.6099775783e-05 -33.3943156217 -11.7022452661
322 75714 -0.0469899634489 1.61824048589e-05 -33.3583008465 -11.7144286824
323 75589 -0.0471271346758 1.60981460442e-05 -33.3221705799 -11.7176581996
324 76112 -0.0472631218409 1.62253539443e-05 -33.2864500803 -11.7040367516
325 75656 -0.047400596273 1.6160024426e-05 -33.2504375827 -11.7275245247
326 75702 -0.0475374747774 1.61800490875e-05 -33.2146793583 -11.7155327233
327 75595 -0.0476746205132 1.6176337199e-05 -33.1789491645 -11.6971516025
328 75516 -0.047811805953 1.61908836559e-05 -33.1433062119 -11.6973588473
329 75326 -0.0479492879824 1.60543961045e-05 -33.1076837217 -11.6875151358
330 76185 -0.0480848408343 1.62669689066e-05 -33.0726562915 -11.6997604725
331 75409 -0.0482228929307 1.6076847261e-05 -33.0370798113 -11.688194293
332 76095 -0.0483587152854 1.60735426287e-05 -33.0021728584 -11.6960040683
333 76813 -0.048493873571 1.63232227571e-05 -32.9675296554 -11.7042637956
334 75598 -0.0486322298261 1.60541115675e-05 -32.9321625538 -11.6902959062
335 76462 -0.0487675342482 1.62712906252e-05 -32.8976689287 -11.6833223741
336 75650 -0.0489054028858 1.61020373471e-05 -32.8626161762 -11.6913075866
337 76143 -0.049041394922 1.61847070688e-05 -32.8281336987 -11.678765472
338 75999 -0.0491782146218 1.62970461383e-05 -32.7935343474 -11.6864910704
339 74996 -0.0493169025356 1.62532161466e-05 -32.7585573703 -11.6774121639
340 74336 -0.049455830093 1.58547602393e-05 -32.7236152764 -11.6936966737
341 76723 -0.0495892270243 1.61855396951e-05 -32.6901536336 -11.6929543554
342 76572 -0.0497255413577 1.61311767167e-05 -32.6560503313 -11.6775242408
343 76844 -0.049861157164 1.62945621124e-05 -32.6222118602 -11.668497619
344 75849 -0.0499990420467 1.60867007319e-05 -32.5878989622 -11.6792843792
345 76462 -0.0501346206558 1.60585550609e-05 -32.5542498305 -11.6819941248
346 77301 -0.0502692260431 1.62612662094e-05 -32.5209300287 -11.6607789422
347 76558 -0.0504061903116 1.61267277427e-05 -32.4871157507 -11.7158047039
348 76864 -0.0505417505059 1.61849132072e-05 -32.453736599 -11.6701917177
349 76717 -0.050677930154 1.61496711163e-05 -32.4202932043 -11.6720661912
350 76845 -0.0508137004203 1.60888884741e-05 -32.3870380934 -11.6722336662
351 77449 -0.0509484308111 1.61668481606e-05 -32.3541239616 -11.6780902548
352 77443 -0.05108381961 1.6267941996e-05 -32.3211352241 -11.6989481967
353 76647 -0.0512207607922 1.60196618868e-05 -32.2878558382 -11.6771995492
354 77794 -0.0513546135436 1.62215826291e-05 -32.255411819 -11.6753227677
355 77357 -0.0514905360602 1.61829258389e-05 -32.2225515928 -11.6765379777
356 77225 -0.0516262507222 1.62150419681e-05 -32.1898272209 -11.6747239035
357 76842 -0.0517625728176 1.6091873718e-05 -32.1570421627 -11.6697125513
358 77423 -0.0518973512535 1.6074981921e-05 -32.1247125447 -11.6625594352
359 78142 -0.052031367159 1.62417385021e-05 -32.092648526 -11.6643958601
360 77544 -0.0521672940985 1.62073893638e-05 -32.0602111886 -11.6618224363
361 77220 -0.0523032185218 1.62231523468e-05 -32.0278586277 -11.6741093377
362 76774 -0.0524396693468 1.61532200629e-05 -31.9954651139 -11.6585771473
363 76874 -0.0525754434739 1.61569957193e-05 -31.9633158038 -11.665283675
364 76945 -0.0527111869794 1.6124439348e-05 -31.931256746 -11.6591802794
365 77271 -0.052846370954 1.61606252093e-05 -31.899412001 -11.6504488931
366 77314 -0.0529818206568 1.60975284995e-05 -31.8675865859 -11.6619304724
367 77854 -0.0531162728463 1.61669804963e-05 -31.836076345 -11.6479416856
368 77847 -0.0532513110487 1.61050772074e-05 -31.804509486 -11.6746415097
369 78330 -0.0533854163591 1.63043749143e-05 -31.7732404612 -11.6423253563
370 77239 -0.0535221373458 1.60585562795e-05 -31.7414430599 -11.6558075985
371 78086 -0.0536560639964 1.62066295791e-05 -31.7103750381 -11.6230378091
372 77765 -0.0537915042977 1.61790878089e-05 -31.6790355964 -11.6623444844
373 77662 -0.0539268040228 1.61617140153e-05 -31.6478084198 -11.6307601334
374 77696 -0.0540619288924 1.6104568995e-05 -31.616700843 -11.6503384826
375 78182 -0.054196156757 1.62063336784e-05 -31.5858778814 -11.6507409469
376 77863 -0.0543315093757 1.59973180092e-05 -31.5548751803 -11.6531134003
377 79208 -0.054463977264 1.64943440274e-05 -31.5246093118 -11.642543342
378 76614 -0.0546028539646 1.59621946949e-05 -31.4929596865 -11.6474180514
379 78216 -0.0547358667022 1.61752935371e-05 -31.4627234207 -11.6322951973
380 78143 -0.0548707181887 1.60699184335e-05 -31.4321457731 -11.6447233354
381 78909 -0.0550040389808 1.62852466916e-05 -31.4019907505 -11.6578690691
382 77961 -0.0551399656931 1.59767910981e-05 -31.3713233492 -11.6597199334
383 79473 -0.0552720427386 1.62462621234e-05 -31.3415987366 -11.6316132041
384 78829 -0.0554068951121 1.62538153628e-05 -31.3113247387 -11.6382919437
385 78130 -0.0555424120729 1.60892692651e-05 -31.2809778231 -11.6319843444
386 78741 -0.055676035663 1.61103981055e-05 -31.251129496 -11.6350206629
387 79187 -0.0558094575791 1.61901080958e-05 -31.2213998526 -11.6242069017
388 78994 -0.0559437033418 1.62636076836e-05 -31.1915606275 -11.6386824537
389 78216 -0.0560792275557 1.61154958718e-05 -31.1615122445 -11.6263889595
390 78618 -0.0562131735026 1.61376131097e-05 -31.131887575 -11.6446353247
391 78845 -0.0563471101404 1.60752429174e-05 -31.1023380377 -11.6193529885
392 79575 -0.0564799159481 1.62080776694e-05 -31.0731098746 -11.6114100773
393 79237 -0.0566141049379 1.62673631184e-05 -31.0436497391 -11.6415230389
394 78427 -0.0567494782137 1.60704839695e-05 -31.0140031186 -11.6047538942
395 79191 -0.0568825658989 1.61230857236e-05 -30.9849287585 -11.6303567935
396 79537 -0.0570157987159 1.6268197302e-05 -30.9558936595 -11.6261555909
397 78717 -0.0571509290944 1.61414902841e-05 -30.9265172977 -11.6420378375
398 78914 -0.0572848399816 1.61901106926e-05 -30.8974775821 -11.6244266431
399 78722 -0.0574193177921 1.61123848965e-05 -30.8683863317 -11.6123459519
400 79152 -0.0575527857193 1.60750202689e-05 -30.8395840463 -11.6157718721
401 79887 -0.0576853303922 1.61895459296e-05 -30.8110502567 -11.6187649456
402 79697 -0.0578189782521 1.61498101647e-05 -30.7823486088 -11.6205484473
403 79829 -0.0579521880876 1.6188801337e-05 -30.753810359 -11.6047307658
404 79645 -0.0580858732907 1.60700275093e-05 -30.7252396074 -11.6046758621
405 80425 -0.0582179325992 1.63320650794e-05 -30.6970842946 -11.6375943364
406 79082 -0.0583532802075 1.60403754423e-05 -30.6682977459 -11.6168349637
407 80097 -0.0584853653033 1.61022039934e-05 -30.6402730058 -11.6310708197
408 80618 -0.0586175307673 1.63152677075e-05 -30.6122981266 -11.6034410471
409 79407 -0.0587524622291 1.59862402895e-05 -30.5838065856 -11.6329848818
410 80870 -0.0588834714128 1.62670391741e-05 -30.5562095373 -11.5973176403
411 80046 -0.0590174660583 1.60722202226e-05 -30.5280509166 -11.6237829989
412 80812 -0.059149226803 1.62131227385e-05 -30.5004278919 -11.6083341054
413 80427 -0.0592824603509 1.61531759751e-05 -30.4725625617 -11.6152909603
414 80532 -0.0594151145532 1.61946276491e-05 -30.4448845623 -11.5885990175
415 80299 -0.0595483022431 1.60621967114e-05 -30.4171614363 -11.5943525584
416 81150 -0.05967970635 1.63620745707e-05 -30.3898743286 -11.6014913684
417 79552 -0.0598149011845 1.61324896506e-05 -30.3618669489 -11.6024580678
418 79824 -0.0599479723721 1.61403313175e-05 -30.3343655419 -11.5885215745
419 80033 -0.0600809341118 1.61296951884e-05 -30.3069519523 -11.5751060121
420 80329 -0.0602135630283 1.61980159792e-05 -30.2796716839 -11.596718841
421 80069 -0.0603469697335 1.60485849257e-05 -30.2522963953 -11.5843269964
422 81029 -0.0604783601224 1.61598517888e-05 -30.22539832 -11.5908198769
423 81080 -0.0606106200425 1.6226101201e-05 -30.1983856206 -11.5756892328
424 80588 -0.0607438273638 1.60378584673e-05 -30.1712434817 -11.5977907105
425 81643 -0.060874635217 1.63293656283e-05 -30.1446525989 -11.6001842461
426 80302 -0.0610089288418 1.5966613122e-05 -30.1174171679 -11.5787965132
427 81944 -0.0611389163828 1.62731937858e-05 -30.0911166219 -11.6022673258
428 81058 -0.0612721219724 1.62737439528e-05 -30.0642276019 -11.5951929697
429 80177 -0.0614060618474 1.60557716661e-05 -30.0372540676 -11.5833794009
430 81079 -0.0615374704324 1.60810168582e-05 -30.0108521693 -11.5923771792
