10000 0.0001 0.5 gpomdp 1000000

1 -0.575853 -7.13417489272 -3.70579073921
2 -0.575861701319 -7.13417303612 -3.72520335057
3 -0.57588010652 -7.13416911332 -3.69268821341
4 -0.575907146974 -7.13416336068 -3.70718403932
5 -0.575925092188 -7.13415954996 -3.67863839389
6 -0.575939315339 -7.13415653359 -3.69507387268
7 -0.575951299546 -7.13415399476 -3.68774307228
8 -0.575966342719 -7.1341508114 -3.69186456326
9 -0.575972709492 -7.13414946528 -3.67305859713
10 -0.575991182257 -7.13414556357 -3.68548499428
11 -0.576000067938 -7.13414368889 -3.71042944014
12 -0.576019139837 -7.13413966975 -3.68339046188
13 -0.576028928878 -7.13413760929 -3.70291403465
14 -0.576044607353 -7.13413431264 -3.70673984751
15 -0.576049710425 -7.13413324055 -3.69697321029
16 -0.576065394044 -7.13412994845 -3.67249394842
17 -0.576071332623 -7.13412870302 -3.68871277044
18 -0.576082885642 -7.13412628187 -3.70831755165
19 -0.576092547098 -7.1341242589 -3.67541864674
20 -0.576113289612 -7.13411992118 -3.7050920631
21 -0.576127074504 -7.13411704256 -3.68218096776
22 -0.576138060147 -7.13411475085 -3.70331683819
23 -0.57615682194 -7.13411084178 -3.68991869726
24 -0.576169376529 -7.1341082294 -3.69733471207
25 -0.576189510185 -7.13410404563 -3.68018560237
26 -0.576198045409 -7.13410227413 -3.70393220537
27 -0.57621146668 -7.13409949108 -3.68395551087
28 -0.576229681333 -7.13409571903 -3.67047456962
29 -0.576243782902 -7.1340928027 -3.68540588809
30 -0.576263165664 -7.13408879977 -3.67681901052
31 -0.576274546942 -7.13408645234 -3.71222185995
32 -0.576294930555 -7.13408225373 -3.69712992144
33 -0.576310562081 -7.13407903882 -3.6950061653
34 -0.576322099914 -7.13407666856 -3.70249510638
35 -0.57633809028 -7.13407338741 -3.67422629331
36 -0.57635432623 -7.13407006038 -3.66156251005
37 -0.576368724135 -7.13406711381 -3.69107490382
38 -0.576389838388 -7.1340627992 -3.69649768611
39 -0.57640091281 -7.13406053927 -3.69713856674
40 -0.576416688712 -7.13405732357 -3.69916671148
41 -0.576437067012 -7.13405317611 -3.67036374031
42 -0.576458640279 -7.13404879325 -3.69033492236
43 -0.576475256015 -7.13404542306 -3.67600774834
44 -0.576484662414 -7.13404351726 -3.68091338882
45 -0.576490128045 -7.13404241058 -3.67620748706
46 -0.576511416225 -7.13403810511 -3.67223826826
47 -0.576521939633 -7.13403597967 -3.69887341974
48 -0.576534480495 -7.13403344925 -3.71271333668
49 -0.576549868155 -7.13403034814 -3.69724632537
50 -0.576566012141 -7.134027099 -3.69791753872
51 -0.576579622782 -7.13402436322 -3.69992774438
52 -0.57660266106 -7.13401973974 -3.68965343073
53 -0.57662140981 -7.13401598388 -3.67497755075
54 -0.576631602254 -7.13401394462 -3.66481961383
55 -0.576640524655 -7.13401216093 -3.68049065854
56 -0.576655952424 -7.13400907999 -3.70538244205
57 -0.576667215039 -7.13400683343 -3.67623190633
58 -0.576683000365 -7.1340036884 -3.68663868029
59 -0.576691242207 -7.13400204803 -3.69154298587
60 -0.576701314757 -7.13400004489 -3.68880989589
61 -0.576709834776 -7.13399835186 -3.7024505243
62 -0.57672245067 -7.13399584724 -3.69470567826
63 -0.576733948538 -7.13399356698 -3.65532645164
64 -0.576743399713 -7.13399169432 -3.68244944012
65 -0.576756816145 -7.13398903864 -3.71293111749
66 -0.576773440838 -7.13398575221 -3.69975935521
67 -0.576787687411 -7.1339829397 -3.69179499324
68 -0.576794363913 -7.13398162285 -3.69236838626
69 -0.57680233521 -7.13398005163 -3.70197980714
70 -0.576810934965 -7.13397835776 -3.69875818065
71 -0.576823333367 -7.13397591793 -3.69063805388
72 -0.576834450578 -7.13397373247 -3.69274190595
73 -0.576849712889 -7.13397073563 -3.703099364
74 -0.576865842056 -7.13396757295 -3.67186938916
75 -0.576877198185 -7.13396534888 -3.68428033255
76 -0.576886204253 -7.13396358665 -3.68310098486
77 -0.57690419005 -7.13396007152 -3.67193214387
78 -0.576916992066 -7.1339575729 -3.69331364895
79 -0.576924648625 -7.1339560799 -3.70635694817
80 -0.576932137589 -7.13395462055 -3.68805425556
81 -0.576941464527 -7.1339528044 -3.69965596189
82 -0.576957260576 -7.13394973199 -3.68965823402
83 -0.576966106175 -7.13394801336 -3.71317531239
84 -0.576974404894 -7.13394640221 -3.69709463749
85 -0.576978221243 -7.13394566169 -3.68565268771
86 -0.576985180271 -7.133944312 -3.67295954537
87 -0.576993150752 -7.13394276718 -3.70134171051
88 -0.577002870545 -7.13394088479 -3.69441817173
89 -0.577010691072 -7.13393937141 -3.67228386157
90 -0.577022321075 -7.13393712278 -3.68279187353
91 -0.577045588139 -7.13393263118 -3.65738932764
92 -0.577060825405 -7.13392969475 -3.69698143605
93 -0.577077293428 -7.13392652563 -3.68363322011
94 -0.577089662249 -7.13392414845 -3.7018839068
95 -0.577105224454 -7.13392116127 -3.68944111856
96 -0.577124883048 -7.13391739375 -3.63994199619
97 -0.577132653718 -7.13391590636 -3.68168857773
98 -0.577145705213 -7.1339134105 -3.67798597023
99 -0.577160432421 -7.13391059773 -3.69521284757
100 -0.577181707514 -7.13390654096 -3.69921818559
