10000 1e-05 1.0 gpomdp 1000000

1 -0.575853 -13.20910981 -9.55705981109
2 -0.575858035647 -13.2091079064 -9.55452963089
3 -0.57586362582 -13.209105794 -9.59514497633
4 -0.575869740073 -13.2091034848 -9.59857730736
5 -0.575875871308 -13.2091011703 -9.56102595529
6 -0.575881422752 -13.2090990756 -9.59857167939
7 -0.575888088774 -13.2090965617 -9.6270268838
8 -0.575893770391 -13.20909442 -9.60085944017
9 -0.575899274611 -13.2090923462 -9.57388513295
10 -0.575904577598 -13.2090903491 -9.63456435006
11 -0.575910123325 -13.2090882615 -9.57601479777
12 -0.575916564267 -13.2090858381 -9.55648682215
13 -0.57592173903 -13.209083892 -9.58542641865
14 -0.575926570594 -13.2090820757 -9.60029414409
15 -0.575931912267 -13.2090800684 -9.55841478877
16 -0.575936930365 -13.2090781836 -9.62787970347
17 -0.57594222536 -13.2090761956 -9.56952721998
18 -0.57594810245 -13.2090739901 -9.56351916068
19 -0.575954195854 -13.2090717045 -9.60143430615
20 -0.575959647344 -13.2090696606 -9.52112375796
21 -0.575965098333 -13.2090676178 -9.57512462978
22 -0.575971208906 -13.209065329 -9.5601911651
23 -0.575976593726 -13.2090633129 -9.56827448706
24 -0.575981896618 -13.2090613284 -9.57762418063
25 -0.575986716694 -13.2090595253 -9.56445057402
26 -0.575991615975 -13.2090576933 -9.55974836467
27 -0.575996107603 -13.2090560144 -9.54940697752
28 -0.576002826529 -13.2090535041 -9.56982188602
29 -0.576007403826 -13.2090517948 -9.57844177687
30 -0.576012871627 -13.2090497537 -9.59112945557
31 -0.576018356989 -13.209047707 -9.58321214627
32 -0.576023975688 -13.2090456115 -9.58810895541
33 -0.576029592309 -13.2090435178 -9.57372586112
34 -0.576035315703 -13.2090413852 -9.5603844808
35 -0.576040595406 -13.2090394189 -9.60586289482
36 -0.57604586803 -13.209037456 -9.59447203217
37 -0.576051079652 -13.2090355167 -9.60617426765
38 -0.576056807995 -13.2090333861 -9.5735784248
39 -0.576062369686 -13.2090313184 -9.5649614176
40 -0.576067753908 -13.2090293176 -9.53873838416
41 -0.576073872768 -13.2090270449 -9.61719098026
42 -0.57607954906 -13.2090249375 -9.54923086606
43 -0.576085008978 -13.2090229115 -9.55334883668
44 -0.576090566669 -13.2090208501 -9.5698232624
45 -0.576095123956 -13.2090191605 -9.61590756907
46 -0.576100707727 -13.2090170911 -9.59591007255
47 -0.576105876334 -13.2090151765 -9.61773751821
48 -0.576111368515 -13.2090131429 -9.61837011322
49 -0.576117270349 -13.2090109587 -9.58232872677
50 -0.57612220022 -13.2090091349 -9.563388199
51 -0.576127583807 -13.2090071442 -9.59083090929
52 -0.576133187379 -13.2090050731 -9.57654692206
53 -0.576138989871 -13.2090029295 -9.53246970349
54 -0.576144695578 -13.2090008227 -9.59077884679
55 -0.576149776921 -13.2089989472 -9.5707692723
56 -0.576155149863 -13.208996965 -9.60845986396
57 -0.576160185375 -13.2089951081 -9.5953926684
58 -0.576165981536 -13.2089929716 -9.60056717853
59 -0.576171670196 -13.2089908757 -9.61556963439
60 -0.576176253202 -13.2089891879 -9.55728706577
61 -0.576181802367 -13.2089871452 -9.58767484085
62 -0.576187217325 -13.2089851528 -9.5787075696
63 -0.576192028576 -13.2089833833 -9.57535225884
64 -0.576197635137 -13.2089813221 -9.59047549986
65 -0.576203226583 -13.2089792675 -9.5857008498
66 -0.576208548119 -13.2089773129 -9.55217661994
67 -0.576214446367 -13.2089751476 -9.56133696111
68 -0.576220121596 -13.2089730651 -9.62285941298
69 -0.576226830198 -13.2089706047 -9.56705429976
70 -0.576232759488 -13.2089684312 -9.57621552896
71 -0.576238085242 -13.2089664799 -9.58953732934
72 -0.576243686456 -13.2089644287 -9.59891908491
73 -0.576249821907 -13.2089621828 -9.57870345027
74 -0.576255334145 -13.2089601661 -9.59369493777
75 -0.576260604682 -13.2089582387 -9.58058652927
76 -0.576267075095 -13.2089558736 -9.59301740131
77 -0.576273259368 -13.2089536144 -9.63179630992
78 -0.576279592866 -13.2089513018 -9.57118439973
79 -0.576284457184 -13.2089495265 -9.53546684449
80 -0.576289958875 -13.2089475195 -9.56838154881
81 -0.576295360163 -13.20894555 -9.55947857139
82 -0.576300730077 -13.2089435928 -9.60479365579
83 -0.576306045796 -13.2089416563 -9.56724933756
84 -0.576311932749 -13.2089395126 -9.62926035361
85 -0.57631753302 -13.2089374743 -9.57005260779
86 -0.57632266831 -13.2089356061 -9.60244182276
87 -0.576328109193 -13.2089336277 -9.53537629868
88 -0.576333396746 -13.2089317058 -9.63950613066
89 -0.576338509685 -13.2089298482 -9.62832023512
90 -0.57634376724 -13.2089279389 -9.57576547789
91 -0.576348644341 -13.2089261686 -9.59632679792
92 -0.576353763329 -13.2089243112 -9.60647145101
93 -0.57635933795 -13.2089222894 -9.58114263903
94 -0.576364750561 -13.2089203272 -9.56572196239
95 -0.576369664337 -13.2089185467 -9.58324086372
96 -0.576375098717 -13.2089165784 -9.53503609736
97 -0.57637998239 -13.2089148103 -9.56290602516
98 -0.576385396132 -13.2089128512 -9.55213166842
99 -0.576391148683 -13.2089107704 -9.5823440009
100 -0.576396405511 -13.2089088699 -9.56964835264
