1000 0.0001 1.0 gpomdp 1000000

1 -0.575853 -13.20910981 -9.62574106875
2 -0.575899914306 -13.2090921053 -9.56419074923
3 -0.575935027031 -13.2090788984 -9.66588125997
4 -0.576014345956 -13.2090492035 -9.54543703993
5 -0.576057437672 -13.2090331519 -9.5542575733
6 -0.576110243602 -13.2090135594 -9.6117709982
7 -0.576165154559 -13.2089932763 -9.66603128682
8 -0.576218670994 -13.2089735973 -9.73295770693
9 -0.57624962518 -13.2089622548 -9.58649907344
10 -0.57629844278 -13.2089444264 -9.57886600618
11 -0.576346400232 -13.2089269831 -9.5800759079
12 -0.576389947519 -13.2089112048 -9.57002648835
13 -0.576409829039 -13.2089040206 -9.67892370504
14 -0.576457257161 -13.2088869311 -9.5291238927
15 -0.576505400875 -13.2088696542 -9.49412700769
16 -0.576571755594 -13.2088459582 -9.46773765254
17 -0.576626650018 -13.2088264567 -9.69575079237
18 -0.576690484622 -13.208803895 -9.57804342471
19 -0.576758201781 -13.2087800972 -9.52307329857
20 -0.576786271517 -13.2087702738 -9.53031076225
21 -0.576835395752 -13.20875314 -9.65487501189
22 -0.576901931994 -13.2087300508 -9.6873447955
23 -0.57696767077 -13.2087073711 -9.57973398231
24 -0.577035632246 -13.2086840635 -9.51468486465
25 -0.577068707694 -13.2086727712 -9.51429532869
26 -0.577127509213 -13.2086527783 -9.56580450841
27 -0.57718915711 -13.2086319309 -9.63210138408
28 -0.577222055896 -13.2086208531 -9.66204175034
29 -0.577277108962 -13.2086023893 -9.64884214086
30 -0.577327108353 -13.2085857006 -9.52272954921
31 -0.577398455658 -13.2085620186 -9.5560269915
32 -0.577471904255 -13.2085378013 -9.59144805006
33 -0.577559643511 -13.208509088 -9.61252888037
34 -0.577623767728 -13.2084882513 -9.63374154283
35 -0.577686903201 -13.2084678585 -9.63229361334
36 -0.577748126728 -13.2084481993 -9.54619994564
37 -0.577792894701 -13.2084338964 -9.60777869989
38 -0.577828426568 -13.2084225879 -9.53515757473
39 -0.577869564306 -13.2084095432 -9.73998791235
40 -0.577923367508 -13.2083925602 -9.62419129975
41 -0.577992993101 -13.2083707138 -9.52691251244
42 -0.578060034439 -13.2083498179 -9.70388838922
43 -0.578127365059 -13.2083289695 -9.47298251928
44 -0.578186018913 -13.2083109204 -9.62216423196
45 -0.578241199198 -13.2082940358 -9.67388352116
46 -0.57829563064 -13.2082774712 -9.53880205778
47 -0.578340333719 -13.2082639346 -9.5153439614
48 -0.578401708555 -13.2082454486 -9.64408323609
49 -0.578423284175 -13.2082389773 -9.60943816112
50 -0.578485979038 -13.2082202533 -9.68533535131
51 -0.57856631908 -13.2081964343 -9.51038885907
52 -0.578616143213 -13.2081817612 -9.53062746403
53 -0.578670208389 -13.2081659245 -9.62333919689
54 -0.578740731532 -13.2081454006 -9.69643387193
55 -0.578800907912 -13.2081280074 -9.45421795508
56 -0.578847810643 -13.2081145271 -9.5934958501
57 -0.578905531136 -13.2080980295 -9.43292045806
58 -0.57897316314 -13.2080788278 -9.53751712185
59 -0.579035550288 -13.2080612384 -9.63382136568
60 -0.579095577796 -13.2080444259 -9.68848755522
61 -0.579180994493 -13.2080206911 -9.6388393551
62 -0.579228000186 -13.2080077241 -9.48578768516
63 -0.579258560861 -13.2079993296 -9.63339539498
64 -0.579292578148 -13.207990019 -9.59596193451
65 -0.579351753544 -13.2079739063 -9.58363505704
66 -0.579366833329 -13.2079698172 -9.60073881836
67 -0.579435906916 -13.2079511753 -9.47303019028
68 -0.579470095861 -13.2079420019 -9.48460425041
69 -0.579504251411 -13.2079328728 -9.74076911222
70 -0.579553786035 -13.207919696 -9.65620060832
71 -0.579662009044 -13.2078911665 -9.520596553
72 -0.579721927748 -13.2078755236 -9.59046484506
73 -0.579771508656 -13.2078626619 -9.51801289442
74 -0.579788453883 -13.2078582832 -9.55629328457
75 -0.579832033268 -13.2078470623 -9.76679879478
76 -0.579905879673 -13.2078281796 -9.46670600135
77 -0.579974120829 -13.2078108771 -9.66390397476
78 -0.580051966433 -13.2077913116 -9.6522010399
79 -0.580132427905 -13.2077712816 -9.54755305969
80 -0.580199203703 -13.2077548075 -9.7137138972
81 -0.580234996202 -13.2077460327 -9.55914672535
82 -0.580247317682 -13.207743021 -9.52824303427
83 -0.580294345406 -13.2077315684 -9.53252546326
84 -0.580334357433 -13.207721877 -9.70230712485
85 -0.580376495747 -13.207711723 -9.52065418083
86 -0.580435669189 -13.2076975548 -9.46873219803
87 -0.580490940863 -13.2076844166 -9.67251305595
88 -0.580568755949 -13.2076660763 -9.50879433421
89 -0.580626421056 -13.2076526034 -9.44765884544
90 -0.580663499351 -13.2076439935 -9.67171979592
91 -0.580702387964 -13.207635008 -9.51207046351
92 -0.580747131122 -13.2076247262 -9.51179710797
93 -0.580763046599 -13.2076210835 -9.47769106074
94 -0.580803951417 -13.2076117565 -9.5936485751
95 -0.580837957774 -13.2076040409 -9.53595553027
96 -0.58090215995 -13.2075895696 -9.63276632865
97 -0.580969835069 -13.2075744504 -9.58008138844
98 -0.58101910917 -13.2075635291 -9.47159468935
99 -0.581074820151 -13.2075512696 -9.59079335316
100 -0.581116640491 -13.2075421284 -9.77196919821
101 -0.581176794428 -13.2075290724 -9.54211300458
102 -0.581234074461 -13.2075167418 -9.52553989612
103 -0.581246567596 -13.2075140655 -9.63622457502
104 -0.581285147926 -13.2075058307 -9.41881639426
105 -0.581320105267 -13.2074984081 -9.53624953436
106 -0.581355336334 -13.2074909646 -9.5490563879
107 -0.581387692363 -13.2074841616 -9.59520705776
108 -0.581418722132 -13.2074776671 -9.57072101204
109 -0.581441501864 -13.2074729178 -9.56299028593
110 -0.581517774094 -13.2074571301 -9.54887581989
111 -0.581554302038 -13.2074496312 -9.67630813992
112 -0.581625001527 -13.2074352316 -9.61372198524
113 -0.581683481001 -13.2074234349 -9.7750001247
114 -0.581707344588 -13.2074186506 -9.51807304734
115 -0.581777621896 -13.207404661 -9.61242033287
116 -0.581838062824 -13.2073927485 -9.58923576672
117 -0.581895833776 -13.2073814652 -9.50893543115
118 -0.581929420551 -13.2073749516 -9.58806623125
119 -0.581999296636 -13.2073615092 -9.61466051333
120 -0.582049779364 -13.2073518891 -9.64761509599
121 -0.582092845317 -13.2073437431 -9.53554245075
122 -0.582119817599 -13.2073386696 -9.53053769004
123 -0.582174004443 -13.2073285435 -9.6850553244
124 -0.582198094087 -13.2073240701 -9.69178875675
125 -0.582237749865 -13.2073167442 -9.61320832697
126 -0.58229459305 -13.2073063258 -9.55105382362
127 -0.582335865031 -13.2072988223 -9.49846333521
128 -0.58239826202 -13.2072875755 -9.49314126232
129 -0.582468638788 -13.207275031 -9.44705195075
130 -0.582546143502 -13.2072613884 -9.53127516101
131 -0.582593159457 -13.2072532006 -9.66012536931
132 -0.582663368748 -13.2072410976 -9.64724543281
133 -0.582716934683 -13.2072319633 -9.58981887739
134 -0.582758985508 -13.207224853 -9.58145647125
135 -0.582781242458 -13.2072211112 -9.62594596824
136 -0.582802657361 -13.207217525 -9.46810650291
137 -0.582830158886 -13.2072129397 -9.58333007752
138 -0.582849355632 -13.2072097526 -9.60762292775
139 -0.582894565187 -13.2072022904 -9.63622882308
140 -0.582917628055 -13.2071985074 -9.46783896278
141 -0.582977168483 -13.2071888148 -9.52366300551
142 -0.583025808317 -13.2071809758 -9.70958794652
143 -0.583094259336 -13.2071700644 -9.60772481791
144 -0.583179453513 -13.2071566806 -9.70089671853
145 -0.583245369857 -13.2071464749 -9.61312086369
146 -0.583295758622 -13.2071387613 -9.57320916658
147 -0.583351946131 -13.20713025 -9.53742788956
148 -0.583412914049 -13.2071211217 -9.52335840125
149 -0.583454873976 -13.2071149042 -9.68162740882
150 -0.583531801012 -13.2071036426 -9.43837587918
151 -0.583572860168 -13.2070977045 -9.62696899288
152 -0.583649015775 -13.2070868245 -9.60138897135
153 -0.583715785669 -13.2070774286 -9.68225407175
154 -0.583744370523 -13.207073447 -9.47001727319
155 -0.583817698314 -13.2070633452 -9.55848896158
156 -0.583888030953 -13.2070538074 -9.48187017133
157 -0.583939314043 -13.2070469465 -9.67975649139
158 -0.583955427569 -13.207044807 -9.48648320449
159 -0.584003438698 -13.2070384784 -9.45515396613
160 -0.584060072927 -13.207031102 -9.62284721149
161 -0.584103156406 -13.2070255549 -9.73087979709
162 -0.584160627657 -13.2070182419 -9.43718984921
163 -0.58418963901 -13.2070145879 -9.5055242129
164 -0.58423831793 -13.2070085134 -9.53416104963
165 -0.584303282724 -13.2070005172 -9.46252118614
166 -0.584367954155 -13.2069926826 -9.63971208842
167 -0.584383542336 -13.2069908129 -9.6177493684
168 -0.584419938104 -13.2069864759 -9.52917476783
169 -0.584447141012 -13.2069832601 -9.67022272677
170 -0.584510774975 -13.2069758243 -9.53999953066
171 -0.584538945981 -13.2069725712 -9.66112000472
172 -0.584593974136 -13.2069662851 -9.57342571766
173 -0.584654949172 -13.2069594255 -9.57611355007
174 -0.584686897768 -13.2069558757 -9.69518725552
175 -0.584722191242 -13.2069519898 -9.53067143849
176 -0.584755981532 -13.2069483043 -9.45293449702
177 -0.584779746821 -13.2069457327 -9.58101610604
178 -0.584846466768 -13.2069386033 -9.58567084346
179 -0.58489297637 -13.2069337122 -9.5371493492
180 -0.58492562134 -13.2069303178 -9.69420942126
181 -0.584946754689 -13.2069281373 -9.74996720642
182 -0.584982348336 -13.2069244951 -9.58714461441
183 -0.585033920296 -13.2069192851 -9.60160388782
184 -0.585082138879 -13.2069144857 -9.63248021196
185 -0.585108423332 -13.2069118988 -9.73124544485
186 -0.585167517157 -13.2069061581 -9.5459984537
187 -0.585237040202 -13.2068995379 -9.65495749024
188 -0.585272662087 -13.2068962018 -9.53450580821
189 -0.585334980532 -13.2068904566 -9.41753374811
190 -0.585379646707 -13.2068864102 -9.60473548645
191 -0.585423610496 -13.2068824855 -9.65173003444
192 -0.58545632783 -13.2068796023 -9.62465796013
193 -0.585509693504 -13.206874968 -9.64566280412
194 -0.585546817651 -13.2068717943 -9.590661404
195 -0.585587017462 -13.206868404 -9.63836246761
196 -0.585670048451 -13.2068615542 -9.51378118033
197 -0.585706895013 -13.2068585804 -9.62292600505
198 -0.585735956782 -13.2068562634 -9.60918222991
199 -0.585776489128 -13.2068530741 -9.68334579368
200 -0.58582241177 -13.2068495197 -9.57323896881
201 -0.585866528809 -13.2068461644 -9.47081899067
202 -0.585892665539 -13.206844204 -9.63476164526
203 -0.585946305219 -13.2068402444 -9.52744117031
204 -0.585998965593 -13.2068364405 -9.65385902953
205 -0.586046374596 -13.2068330867 -9.64286361795
206 -0.586108987245 -13.20682876 -9.49310011311
207 -0.586153331776 -13.2068257664 -9.6176421721
208 -0.586209347297 -13.2068220686 -9.59177521359
209 -0.586257830184 -13.2068189436 -9.56073769233
210 -0.586302364129 -13.2068161348 -9.43576970319
211 -0.586364542526 -13.206812312 -9.60078027448
212 -0.586394311812 -13.2068105225 -9.63108015843
213 -0.586445302404 -13.2068075186 -9.60664570823
214 -0.586486765283 -13.2068051331 -9.44146950816
215 -0.586518901982 -13.2068033194 -9.59375298559
216 -0.586563605373 -13.2068008475 -9.49233077329
217 -0.586608375536 -13.2067984316 -9.64509070373
218 -0.586656497818 -13.2067959013 -9.52525293836
219 -0.586706842267 -13.2067933279 -9.55748838305
220 -0.58676598977 -13.206790401 -9.68224477114
221 -0.586814830639 -13.2067880625 -9.49060133795
222 -0.586864255678 -13.2067857682 -9.71159889775
223 -0.586901335126 -13.2067840948 -9.54207516223
224 -0.586938854838 -13.206782443 -9.47466967208
225 -0.587007804659 -13.2067795168 -9.66066794135
226 -0.587079407132 -13.2067766276 -9.43439726195
227 -0.587113064026 -13.2067753222 -9.61815278475
228 -0.587156151177 -13.2067737002 -9.55681864467
229 -0.587194527599 -13.206772302 -9.57194134216
230 -0.587251914547 -13.2067702927 -9.60863898892
231 -0.587338301159 -13.2067674527 -9.58568332082
232 -0.587383868446 -13.2067660439 -9.58735424616
233 -0.58745935608 -13.2067638458 -9.59912500543
234 -0.587482940202 -13.2067631938 -9.66301960278
235 -0.587512673404 -13.2067623953 -9.41001810034
236 -0.587550994105 -13.2067614048 -9.58689775828
237 -0.587609533982 -13.206759976 -9.59939521978
238 -0.587623343849 -13.2067596538 -9.53104114189
239 -0.587660992525 -13.206758804 -9.62172303506
240 -0.58767083364 -13.2067585888 -9.44142803293
241 -0.587724937248 -13.2067574572 -9.61237820425
242 -0.587771404897 -13.2067565546 -9.41495047458
243 -0.587821402047 -13.206755655 -9.47556933384
244 -0.58787889963 -13.2067547121 -9.52646693134
245 -0.58792667848 -13.2067540032 -9.4767228211
246 -0.587968974938 -13.2067534321 -9.77837494671
247 -0.588007204316 -13.2067529616 -9.58408850498
248 -0.588043202371 -13.2067525582 -9.62767327512
249 -0.588102392401 -13.2067519783 -9.60825586016
250 -0.588164878676 -13.2067514789 -9.72967063316
251 -0.588198607723 -13.2067512575 -9.57157166019
252 -0.588237952749 -13.2067510417 -9.51728692722
253 -0.588294730044 -13.2067508113 -9.59139378619
254 -0.588318194925 -13.2067507439 -9.59204470985
255 -0.588341336596 -13.2067506935 -9.37956386387
256 -0.58838888025 -13.2067506396 -9.48208985746
257 -0.588439994069 -13.2067506564 -9.6504464834
258 -0.588484459017 -13.2067507339 -9.62071366444
259 -0.588509055795 -13.206750802 -9.68690766238
260 -0.588568441396 -13.2067510401 -9.51538311784
261 -0.588603994444 -13.2067512327 -9.57851063451
262 -0.588673780086 -13.2067517194 -9.59401293265
263 -0.588703549092 -13.2067519709 -9.61396107686
264 -0.588728416293 -13.2067522011 -9.53697366907
265 -0.588753848771 -13.2067524555 -9.42416757289
266 -0.588810954792 -13.2067530963 -9.55050714566
267 -0.588829710043 -13.2067533279 -9.63520186
268 -0.588892702722 -13.2067541817 -9.58875597037
269 -0.588930374442 -13.2067547484 -9.52160797571
270 -0.58898444604 -13.2067556352 -9.79695887897
271 -0.589017060798 -13.2067562119 -9.59330022812
272 -0.589053990457 -13.2067569029 -9.39741517639
273 -0.589082294531 -13.2067574598 -9.49669489266
274 -0.589137649302 -13.2067586174 -9.55849757461
275 -0.589181814318 -13.206759606 -9.4609307073
276 -0.589223095648 -13.2067605821 -9.52716181518
277 -0.589231972049 -13.2067607986 -9.63466121446
278 -0.589276308602 -13.2067619147 -9.67785143417
279 -0.58930609627 -13.2067626972 -9.70726487489
280 -0.589354180252 -13.2067640157 -9.42917326385
281 -0.589391624796 -13.2067650897 -9.50897685228
282 -0.589447466041 -13.2067667684 -9.58484234392
283 -0.58948304867 -13.2067678862 -9.71134652367
284 -0.589541763631 -13.2067698123 -9.58956450388
285 -0.589588229085 -13.2067714088 -9.54491277816
286 -0.589628528731 -13.206772845 -9.73420887538
287 -0.589693187192 -13.2067752496 -9.57003976099
288 -0.589757116289 -13.2067777483 -9.52343681898
289 -0.589781233816 -13.2067787224 -9.58770038201
290 -0.589821112601 -13.2067803706 -9.71036857541
291 -0.589856382588 -13.2067818674 -9.59109224497
292 -0.589892152602 -13.206783423 -9.56079046304
293 -0.589959619807 -13.2067864597 -9.6953289433
294 -0.590017361286 -13.2067891654 -9.54725111778
295 -0.590062270818 -13.2067913377 -9.70398700823
296 -0.590114477853 -13.2067939378 -9.5115159617
297 -0.590159655381 -13.2067962527 -9.53964960286
298 -0.590213310894 -13.2067990802 -9.48687778402
299 -0.59026972252 -13.2068021445 -9.50899949149
300 -0.590336962674 -13.2068059195 -9.61764024072
301 -0.590384161406 -13.2068086489 -9.60604144306
302 -0.590411338135 -13.2068102503 -9.5151483663
303 -0.59047708785 -13.2068142146 -9.55030011414
304 -0.590526181349 -13.2068172576 -9.46766576321
305 -0.590555223082 -13.2068190912 -9.57099310409
306 -0.590580248613 -13.2068206912 -9.58153824532
307 -0.590633321328 -13.2068241453 -9.53667950812
308 -0.590671397299 -13.2068266745 -9.58366840808
309 -0.590712446484 -13.206829449 -9.62530273324
310 -0.59074404555 -13.2068316186 -9.61869087333
311 -0.590788859626 -13.2068347459 -9.70168445497
312 -0.590832755875 -13.2068378665 -9.56992694004
313 -0.590864840186 -13.2068401832 -9.65064574558
314 -0.590927217179 -13.2068447741 -9.58736265626
315 -0.590992820656 -13.2068497259 -9.61354758348
316 -0.591052502689 -13.2068543408 -9.55563559445
317 -0.591098059247 -13.206857934 -9.59880864846
318 -0.591131260079 -13.2068605911 -9.58758471751
319 -0.591180000528 -13.2068645505 -9.57904104563
320 -0.59121997895 -13.2068678504 -9.50726054885
321 -0.591254080174 -13.2068707023 -9.4600796782
322 -0.591296779596 -13.2068743214 -9.49403769911
323 -0.591340724706 -13.2068781021 -9.58687328059
324 -0.59139578556 -13.2068829193 -9.64033679767
325 -0.591466027348 -13.2068891939 -9.67561838234
326 -0.591524325766 -13.2068945118 -9.46703563128
327 -0.591554417061 -13.2068972957 -9.5278764335
328 -0.591635548834 -13.2069049343 -9.6463021019
329 -0.591672418353 -13.2069084695 -9.54998390378
330 -0.591715991496 -13.2069126989 -9.43903007084
331 -0.591775874031 -13.2069186023 -9.62382219365
332 -0.591832129875 -13.2069242442 -9.53548418606
333 -0.591883560721 -13.2069294834 -9.53190129102
334 -0.59193091564 -13.2069343761 -9.6583537058
335 -0.592010822431 -13.2069427813 -9.6703978367
336 -0.592065798863 -13.206948673 -9.60914035851
337 -0.592102657449 -13.2069526726 -9.61215497008
338 -0.592135959772 -13.2069563207 -9.60653834262
339 -0.592194839974 -13.2069628502 -9.55862731382
340 -0.592262128803 -13.2069704368 -9.65450459631
341 -0.592286598575 -13.2069732285 -9.61924625273
342 -0.592335188641 -13.2069788243 -9.56650804708
343 -0.592390397271 -13.2069852663 -9.52967775665
344 -0.592430644649 -13.2069900188 -9.56621392874
345 -0.592454533768 -13.2069928622 -9.60877538074
346 -0.59249530959 -13.2069977541 -9.57113434633
347 -0.592550574285 -13.2070044621 -9.53383691839
348 -0.592588430336 -13.2070091087 -9.60497370433
349 -0.592639520702 -13.2070154462 -9.63913597666
350 -0.592635872299 -13.2070149911 -9.73455712128
351 -0.592656826469 -13.2070176103 -9.65361384577
352 -0.592709644846 -13.2070242694 -9.65272851282
353 -0.592739362334 -13.207028052 -9.47736467996
354 -0.592769749247 -13.2070319465 -9.67609407364
355 -0.592842596101 -13.207041393 -9.57319461876
356 -0.592912152615 -13.2070505579 -9.62276166783
357 -0.592950654661 -13.2070556919 -9.60001454933
358 -0.592977114237 -13.2070592453 -9.46007688634
359 -0.593010794231 -13.2070637979 -9.59644404734
360 -0.593066759269 -13.2070714364 -9.63267591935
361 -0.593103161413 -13.207076454 -9.6074368556
362 -0.593131320521 -13.207080362 -9.41332489069
363 -0.593182635681 -13.2070875434 -9.47773316744
364 -0.593224761545 -13.2070934963 -9.51855516465
365 -0.59324715269 -13.2070966816 -9.47578873263
366 -0.593288969808 -13.2071026696 -9.61981099702
367 -0.593340116806 -13.2071100631 -9.54936689163
368 -0.593371416036 -13.2071146253 -9.54604682783
369 -0.593422823851 -13.2071221807 -9.72040908074
370 -0.593469584102 -13.2071291202 -9.62793674745
371 -0.593494815727 -13.2071328913 -9.54177651469
372 -0.593538820076 -13.2071395126 -9.71417579227
373 -0.593584760364 -13.2071464856 -9.52569269703
374 -0.593622699361 -13.2071522907 -9.43709621685
375 -0.593650049455 -13.2071565016 -9.59004691993
376 -0.593685830802 -13.2071620437 -9.53773259668
377 -0.59372055783 -13.2071674582 -9.57242179634
378 -0.59375580724 -13.2071729902 -9.53763316008
379 -0.593801029313 -13.2071801405 -9.59235187855
380 -0.593827010159 -13.2071842754 -9.55152323002
381 -0.593870488568 -13.2071912393 -9.68209524526
382 -0.593918939901 -13.2071990648 -9.52719243865
383 -0.593954738292 -13.2072048907 -9.6100012281
384 -0.594020402048 -13.2072156742 -9.65807176929
385 -0.594066180722 -13.2072232665 -9.46900098034
386 -0.594100262991 -13.2072289588 -9.57527267568
387 -0.594125124016 -13.2072331324 -9.64118432368
388 -0.594204058734 -13.2072465032 -9.49435564284
389 -0.594253875394 -13.2072550352 -9.64698498525
390 -0.594297857276 -13.2072626282 -9.69513529797
391 -0.59435643436 -13.2072728284 -9.6167768605
392 -0.594383636701 -13.2072775993 -9.57943340076
393 -0.594434603219 -13.2072865962 -9.69341678471
394 -0.594461018243 -13.2072912889 -9.61675056729
395 -0.594489203057 -13.2072963184 -9.70224350753
396 -0.594517096352 -13.2073013188 -9.47689328478
397 -0.594583471131 -13.2073133088 -9.5637300647
398 -0.594641372072 -13.207323873 -9.61937890718
399 -0.594680660549 -13.207331097 -9.48887462877
400 -0.59472002537 -13.2073383801 -9.47516402243
401 -0.594768596078 -13.2073474287 -9.49915075248
402 -0.594827359606 -13.2073584681 -9.52051167759
403 -0.594851549329 -13.2073630416 -9.59264461431
404 -0.594901095029 -13.2073724624 -9.60313671733
405 -0.594952308881 -13.2073822756 -9.47174721273
406 -0.59500676706 -13.2073927942 -9.53711986613
407 -0.59507937614 -13.207406953 -9.54001578603
408 -0.595139901708 -13.2074188729 -9.58510000673
409 -0.595187978924 -13.2074284171 -9.57148857596
410 -0.595202427374 -13.2074312986 -9.58710269587
411 -0.59527527391 -13.2074459189 -9.55009686098
412 -0.595327139134 -13.2074564224 -9.59498808362
413 -0.595390663576 -13.2074693937 -9.63880568076
414 -0.595453244807 -13.2074822872 -9.60412912297
415 -0.595489686513 -13.2074898477 -9.51881395698
416 -0.595550945197 -13.207502644 -9.63656783346
417 -0.595589822029 -13.2075108216 -9.59947243455
418 -0.595637595106 -13.2075209307 -9.59342534952
419 -0.595681871181 -13.207530359 -9.58816400747
420 -0.5957342578 -13.207541588 -9.54450512881
421 -0.595789068288 -13.207553422 -9.55774188019
422 -0.595842549963 -13.2075650533 -9.59827247315
423 -0.595883079806 -13.2075739231 -9.46974125006
424 -0.595928564251 -13.2075839341 -9.49127724161
425 -0.595996871458 -13.2075990812 -9.44994439066
426 -0.596029112682 -13.2076062778 -9.64807063821
427 -0.596098454862 -13.207621858 -9.61766121335
428 -0.596158625915 -13.2076354907 -9.55945982634
429 -0.596207537558 -13.2076466499 -9.44364460606
430 -0.596223111095 -13.2076502176 -9.48900252238
431 -0.596278996005 -13.2076630781 -9.56389803787
432 -0.596312107334 -13.2076707406 -9.53748045956
433 -0.596318557881 -13.207672237 -9.58958904431
434 -0.596362879904 -13.2076825519 -9.46944559185
435 -0.596393347143 -13.2076896755 -9.46066931952
436 -0.596422666443 -13.2076965562 -9.65008395331
437 -0.596443531705 -13.207701468 -9.59139794343
438 -0.596461194395 -13.2077056358 -9.5247298693
439 -0.596503111873 -13.2077155632 -9.56857845197
440 -0.59653965675 -13.2077242598 -9.55896522822
441 -0.596573054822 -13.2077322414 -9.73057361212
442 -0.596601398436 -13.2077390404 -9.45716293213
443 -0.596636637261 -13.207747526 -9.38855747339
444 -0.596675822314 -13.2077570041 -9.68885031411
445 -0.59669775848 -13.2077623295 -9.64046838638
446 -0.59671560565 -13.2077666725 -9.55405804448
447 -0.596771297241 -13.2077802841 -9.49989549212
448 -0.596826351882 -13.2077938284 -9.62398210834
449 -0.596850755838 -13.2077998603 -9.37498841912
450 -0.596908552582 -13.2078142146 -9.63722601205
451 -0.596938454516 -13.2078216791 -9.528043836
452 -0.596963275098 -13.2078278947 -9.40909741276
453 -0.597004291004 -13.2078382052 -9.5688862609
454 -0.597039125154 -13.207847 -9.51686659404
455 -0.597087632814 -13.2078593055 -9.62581429874
456 -0.597115953584 -13.2078665216 -9.52613551029
457 -0.597124232736 -13.2078686355 -9.62788317861
458 -0.597177434738 -13.2078822667 -9.44732749776
459 -0.597196277586 -13.2078871142 -9.58586816296
460 -0.597209364795 -13.2078904871 -9.50293418109
461 -0.597222077506 -13.2078937682 -9.52748638175
462 -0.597243747816 -13.207899372 -9.62934747766
463 -0.597284348785 -13.2079099078 -9.56865296504
464 -0.597325494511 -13.2079206336 -9.59111987591
465 -0.597372516586 -13.2079329514 -9.62231578256
466 -0.597389838583 -13.2079375051 -9.54106597207
467 -0.597441121754 -13.2079510377 -9.61890637648
468 -0.5974841418 -13.2079624486 -9.3551180492
469 -0.597511393733 -13.2079697047 -9.54023037997
470 -0.597565710143 -13.2079842312 -9.63276334397
471 -0.597607387988 -13.2079954356 -9.63417613322
472 -0.597660832657 -13.2080098767 -9.67221449371
473 -0.597732264411 -13.2080293071 -9.60745363289
474 -0.59777529588 -13.2080410835 -9.59319912462
475 -0.597818384339 -13.2080529292 -9.49235531734
476 -0.597836511791 -13.2080579287 -9.55297088098
477 -0.597871210029 -13.208067525 -9.4062086465
478 -0.597903103843 -13.2080763764 -9.62434180663
479 -0.59792115242 -13.2080813983 -9.50085685372
480 -0.59794821783 -13.2080889469 -9.5609165337
481 -0.597986438249 -13.2080996427 -9.62263959579
482 -0.59801603627 -13.2081079545 -9.39886724488
483 -0.598038450628 -13.2081142658 -9.46982924244
484 -0.598084007514 -13.2081271383 -9.48876901052
485 -0.598127652683 -13.2081395269 -9.51808140973
486 -0.598168408705 -13.2081511451 -9.58395496751
487 -0.598228035912 -13.2081682293 -9.53141560607
488 -0.598286711015 -13.2081851409 -9.7188046245
489 -0.598329877332 -13.2081976461 -9.6257012466
490 -0.598381815713 -13.2082127638 -9.56926122239
491 -0.598430869168 -13.2082271133 -9.66603763034
492 -0.598450543302 -13.2082328881 -9.63913834336
493 -0.59846751697 -13.2082378792 -9.51049380183
494 -0.598504634928 -13.2082488227 -9.47291608616
495 -0.598539679878 -13.2082591915 -9.55291776897
496 -0.598583075096 -13.2082720801 -9.61819547899
497 -0.598634871435 -13.208287535 -9.394654781
498 -0.598664993269 -13.2082965583 -9.51165764552
499 -0.598711697674 -13.2083106008 -9.59586620584
500 -0.598757007342 -13.2083242842 -9.66124959576
501 -0.598788665839 -13.2083338801 -9.62684321834
502 -0.598814742281 -13.2083418057 -9.55974977202
503 -0.598858214927 -13.2083550624 -9.57503925807
504 -0.598894642889 -13.2083662128 -9.48142768422
505 -0.598933127098 -13.2083780342 -9.45928802151
506 -0.598977611976 -13.2083917521 -9.52847354353
507 -0.599014987017 -13.2084033216 -9.56003340762
508 -0.599056843384 -13.2084163261 -9.58091248517
509 -0.599087481752 -13.2084258773 -9.51456240771
510 -0.599140145959 -13.208442358 -9.59866823553
511 -0.599192241662 -13.2084587395 -9.6306283468
512 -0.599214228671 -13.2084656768 -9.71556986105
513 -0.599242058964 -13.2084744777 -9.62959111103
514 -0.599270407227 -13.2084834654 -9.54022163995
515 -0.599329850953 -13.2085023869 -9.55089639962
516 -0.59938238734 -13.2085191944 -9.59701095724
517 -0.599430732955 -13.2085347315 -9.56014515123
518 -0.599465594081 -13.2085459768 -9.43728605214
519 -0.599500511934 -13.2085572755 -9.51410829902
520 -0.599517390602 -13.2085627497 -9.53744978037
521 -0.599552315314 -13.2085741027 -9.54586757112
522 -0.599587172399 -13.2085854687 -9.56372943773
523 -0.59963907709 -13.2086024584 -9.68067615295
524 -0.599693539738 -13.2086203687 -9.68591610081
525 -0.599730758569 -13.2086326574 -9.56057064689
526 -0.59977235624 -13.2086464391 -9.46563631761
527 -0.599770765089 -13.208645911 -9.43542277336
528 -0.599813464364 -13.2086601075 -9.53566814967
529 -0.59985286267 -13.2086732531 -9.5840134976
530 -0.599894244721 -13.2086871086 -9.57447372567
531 -0.599921814149 -13.2086963668 -9.49021069323
532 -0.599958451577 -13.2087087039 -9.66779770537
533 -0.599970334339 -13.2087127135 -9.52876373387
534 -0.6000057754 -13.2087246966 -9.58584223269
535 -0.600028573231 -13.208732424 -9.42535445633
536 -0.600072889858 -13.208747488 -9.59419541786
537 -0.60010284905 -13.2087577036 -9.6194776938
538 -0.600131449803 -13.2087674801 -9.62032968154
539 -0.600150171003 -13.2087738922 -9.50772511646
540 -0.60019686495 -13.2087899291 -9.46780051225
541 -0.600231086995 -13.2088017224 -9.64798684244
542 -0.600256695235 -13.2088105693 -9.49955592644
543 -0.600273198996 -13.2088162809 -9.53611640712
544 -0.600325501736 -13.2088344333 -9.59560785499
545 -0.600350791232 -13.2088432386 -9.50987610393
546 -0.600392342468 -13.2088577458 -9.69149958432
547 -0.600406410781 -13.2088626689 -9.62403734106
548 -0.600468497599 -13.2088844634 -9.59837726233
549 -0.600483341178 -13.2088896904 -9.50206948018
550 -0.600531180922 -13.2089065797 -9.67328027759
551 -0.600570602088 -13.2089205463 -9.46377264557
552 -0.600618658629 -13.2089376328 -9.50396537337
553 -0.600654665805 -13.2089504786 -9.53674909896
554 -0.600724179252 -13.2089753832 -9.58013996625
555 -0.600749265767 -13.2089844051 -9.52970019153
556 -0.600793906734 -13.2090005039 -9.57196041907
557 -0.60084118974 -13.209017618 -9.62136474326
558 -0.600866268575 -13.2090267213 -9.57641299126
559 -0.600900692292 -13.2090392461 -9.49580953083
560 -0.600952897236 -13.2090583054 -9.7055245816
561 -0.600998453587 -13.2090750012 -9.48305625709
562 -0.601027978841 -13.2090858537 -9.49434147293
563 -0.601031808723 -13.2090872633 -9.398105089
564 -0.601052747353 -13.209094977 -9.5232652991
565 -0.601101656759 -13.2091130442 -9.52954206345
566 -0.60113448703 -13.2091252102 -9.5722406484
567 -0.601158070505 -13.2091339687 -9.61021212474
568 -0.601179536593 -13.2091419547 -9.39893116251
569 -0.601220616503 -13.2091572745 -9.50845978006
570 -0.601259368708 -13.2091717705 -9.50964147087
571 -0.601306153207 -13.2091893286 -9.66169122529
572 -0.601353855779 -13.2092072958 -9.4995217467
573 -0.601391567556 -13.2092215462 -9.5972131131
574 -0.601435863456 -13.2092383366 -9.53878425491
575 -0.601454990747 -13.2092456042 -9.50357996535
576 -0.601480558728 -13.2092553354 -9.53495605592
577 -0.601528502503 -13.2092736333 -9.62564562824
578 -0.601553855421 -13.209283336 -9.61429294401
579 -0.601573796789 -13.2092909805 -9.62557296398
580 -0.601631528109 -13.2093131763 -9.77025282889
581 -0.601696166591 -13.2093381409 -9.53178185389
582 -0.601739487853 -13.2093549393 -9.42209185783
583 -0.601777419602 -13.2093696921 -9.52784948181
584 -0.601824664291 -13.2093881245 -9.56142085021
585 -0.60189995312 -13.2094176304 -9.48889588335
586 -0.601930243747 -13.2094295472 -9.64719429916
587 -0.601952035924 -13.2094381368 -9.5185673403
588 -0.601967306879 -13.2094441641 -9.48618405149
589 -0.602024611901 -13.2094668413 -9.59841287662
590 -0.602038485927 -13.2094723458 -9.57014211109
591 -0.602058272876 -13.2094802058 -9.55578814253
592 -0.60209571013 -13.2094951076 -9.65510964164
593 -0.602133581297 -13.2095102229 -9.63870095633
594 -0.602188037232 -13.2095320296 -9.61484098449
595 -0.602218905871 -13.2095444286 -9.66557465927
596 -0.602263605116 -13.2095624311 -9.51717114332
597 -0.602300083911 -13.2095771652 -9.59783098535
598 -0.602331727606 -13.2095899773 -9.6369790182
599 -0.602399520964 -13.2096175221 -9.66596309175
600 -0.602447503653 -13.2096370971 -9.61380387873
601 -0.602478971232 -13.2096499704 -9.53934278109
602 -0.602557176479 -13.2096820866 -9.50031518441
603 -0.60260099079 -13.209700156 -9.59987170742
604 -0.602647319567 -13.209719322 -9.53303123895
605 -0.60268785929 -13.2097361435 -9.35005102103
606 -0.602728425558 -13.209753023 -9.56313319745
607 -0.602747027586 -13.209760779 -9.60643409783
608 -0.602794005728 -13.2097804102 -9.51535926983
609 -0.602816034212 -13.2097896372 -9.55940625158
610 -0.602847671793 -13.2098029133 -9.67701402222
611 -0.602864665853 -13.2098100563 -9.50328154381
612 -0.602886357913 -13.2098191861 -9.55942596991
613 -0.602923802877 -13.2098349775 -9.61388794099
614 -0.602962772952 -13.2098514546 -9.42771093539
615 -0.602960408727 -13.2098504537 -9.51789203325
616 -0.603010748268 -13.2098717988 -9.64777090572
617 -0.603043035524 -13.2098855274 -9.47842098156
618 -0.603094311106 -13.2099073911 -9.72761955381
619 -0.603114190837 -13.2099158879 -9.55302669834
620 -0.603151602712 -13.2099319087 -9.69681124859
621 -0.603202046644 -13.2099535735 -9.55260398527
622 -0.60325769846 -13.2099775592 -9.53547859471
623 -0.603311854286 -13.210000985 -9.55098561686
624 -0.603344213572 -13.2100150224 -9.54955786547
625 -0.603396131801 -13.2100376068 -9.54199474026
626 -0.603440595841 -13.2100570097 -9.64443517523
627 -0.603459561887 -13.2100653032 -9.45224341764
628 -0.603497581091 -13.2100819591 -9.49721814976
629 -0.603510649739 -13.2100876939 -9.58091226737
630 -0.60354931757 -13.2101046906 -9.49866025517
631 -0.603575355132 -13.2101161597 -9.60865839533
632 -0.603585005372 -13.2101204153 -9.62102603378
633 -0.603615915689 -13.2101340643 -9.69934719405
634 -0.603645403586 -13.2101471106 -9.57979407719
635 -0.603675475981 -13.2101604411 -9.5860388546
636 -0.603710533844 -13.210176014 -9.6660420414
637 -0.603739821591 -13.2101890507 -9.49938851236
638 -0.603766317826 -13.2102008658 -9.55066372511
639 -0.603804015764 -13.2102177105 -9.58058087653
640 -0.603834628971 -13.2102314193 -9.69152651845
641 -0.603872905877 -13.2102485975 -9.5386490155
642 -0.603919475707 -13.2102695538 -9.56795169514
643 -0.603963337893 -13.2102893482 -9.62937011563
644 -0.60398171283 -13.2102976568 -9.45808233772
645 -0.604024473432 -13.2103170292 -9.52849657156
646 -0.604084739953 -13.210344421 -9.60298326132
647 -0.604113416945 -13.2103574913 -9.58609775211
648 -0.604169413351 -13.2103830807 -9.64045943391
649 -0.604221092117 -13.2104067762 -9.61997295724
650 -0.604238828829 -13.2104149263 -9.53579774484
651 -0.604233051374 -13.2104122705 -9.53124293042
652 -0.604272784802 -13.2104305541 -9.74307896943
653 -0.604315228918 -13.2104501348 -9.47212403952
654 -0.604331596282 -13.2104576992 -9.45502030096
655 -0.604359583563 -13.2104706516 -9.67725054076
656 -0.604382514552 -13.2104812805 -9.519334311
657 -0.604421145856 -13.2104992208 -9.58947805659
658 -0.604466205391 -13.2105201999 -9.52606958612
659 -0.604489113162 -13.2105308876 -9.67911063042
660 -0.604527101509 -13.2105486441 -9.60736487628
661 -0.604567259055 -13.2105674592 -9.45848314608
662 -0.604602486062 -13.210584002 -9.50756987998
663 -0.604625414545 -13.2105947882 -9.65963837811
664 -0.60464921567 -13.2106060008 -9.63671950159
665 -0.604690875233 -13.2106256653 -9.60839126022
666 -0.604703039542 -13.2106314165 -9.62800199332
667 -0.604752522757 -13.2106548551 -9.60374065003
668 -0.604791581468 -13.2106734052 -9.63314780251
669 -0.604828177217 -13.2106908249 -9.60776350192
670 -0.604885490566 -13.2107181827 -9.5562351371
671 -0.604915347425 -13.2107324715 -9.59787173071
672 -0.604952364603 -13.2107502223 -9.47848750412
673 -0.604993362548 -13.2107699274 -9.60489898207
674 -0.605033014589 -13.210789031 -9.54948230829
675 -0.605065362378 -13.2108046487 -9.48657511054
676 -0.605098784802 -13.2108208165 -9.58016913395
677 -0.605125420449 -13.2108337239 -9.63513518082
678 -0.605131837088 -13.2108368364 -9.54384934284
679 -0.605176919718 -13.2108587372 -9.6362889198
680 -0.605193543991 -13.2108668278 -9.54216382818
681 -0.605226217382 -13.2108827518 -9.41887222473
682 -0.605231834348 -13.2108854924 -9.55748089184
683 -0.605275716 -13.2109069337 -9.41013590716
684 -0.605294669504 -13.2109162117 -9.50017002702
685 -0.605325021116 -13.2109310903 -9.55428584116
686 -0.605328870609 -13.2109329792 -9.60244615901
687 -0.605369200109 -13.210952794 -9.68998016926
688 -0.605392751511 -13.2109643867 -9.54845195385
689 -0.605419379132 -13.2109775126 -9.52414068437
690 -0.60542701088 -13.2109812783 -9.46019635287
691 -0.60544054089 -13.2109879585 -9.47357170187
692 -0.605472995967 -13.2110040036 -9.45997481027
693 -0.605493016659 -13.2110139164 -9.501113868
694 -0.605538620369 -13.2110365385 -9.76105167427
695 -0.605593503474 -13.2110638419 -9.54945355074
696 -0.605631683736 -13.2110828864 -9.69542337348
697 -0.605656744964 -13.2110954095 -9.5598147513
698 -0.605683476936 -13.2111087871 -9.51592905419
699 -0.605698974173 -13.2111165518 -9.50431386109
700 -0.605749043456 -13.2111416848 -9.51327587832
701 -0.605791968455 -13.2111632883 -9.63335179986
702 -0.605810440914 -13.2111726013 -9.52573774634
703 -0.605835686658 -13.2111853447 -9.59478786
704 -0.605894257233 -13.2112149793 -9.58343436541
705 -0.605919490878 -13.2112277766 -9.52250825795
706 -0.605942262772 -13.2112393409 -9.62012693657
707 -0.605947836167 -13.2112421735 -9.47293959053
708 -0.605977980652 -13.2112575092 -9.48406732486
709 -0.606034792651 -13.2112864818 -9.58091760195
710 -0.606085454902 -13.2113123954 -9.50736113387
711 -0.606132958033 -13.2113367592 -9.43131332853
712 -0.606181861042 -13.2113619078 -9.58303703503
713 -0.606235829974 -13.2113897403 -9.65108716622
714 -0.60626810051 -13.211406422 -9.52397502231
715 -0.606304990304 -13.2114255277 -9.57343562702
716 -0.606358989642 -13.2114535643 -9.55393825345
717 -0.606399171931 -13.2114744806 -9.5403564402
718 -0.606441746973 -13.2114966923 -9.57090054416
719 -0.606491132132 -13.2115225212 -9.53360781187
720 -0.606533811022 -13.2115448983 -9.76468226629
721 -0.606577860671 -13.2115680482 -9.47365816178
722 -0.606601729413 -13.2115806152 -9.55843466692
723 -0.606646721462 -13.2116043474 -9.5401392745
724 -0.606677418687 -13.2116205724 -9.57532597495
725 -0.60672584235 -13.2116462209 -9.6849559865
726 -0.606746049702 -13.2116569437 -9.57721912416
727 -0.606766457865 -13.2116677848 -9.51354983396
728 -0.606796450817 -13.2116837389 -9.50591646413
729 -0.606794289652 -13.2116825885 -9.55217309086
730 -0.606823254727 -13.2116980182 -9.62552065444
731 -0.6068405153 -13.2117072242 -9.63195090463
732 -0.606870049184 -13.2117229958 -9.53587812457
733 -0.606924097498 -13.2117519224 -9.50098235476
734 -0.606953293693 -13.2117675826 -9.51505228408
735 -0.606993914713 -13.2117894108 -9.50162299796
736 -0.607004389319 -13.2117950471 -9.69906213218
737 -0.607041689152 -13.2118151428 -9.45518440071
738 -0.60707044985 -13.2118306649 -9.64138524477
739 -0.607110730587 -13.2118524436 -9.56230239953
740 -0.6071092518 -13.2118516432 -9.50620711238
741 -0.607139505743 -13.2118680296 -9.67410313025
742 -0.607164313042 -13.2118814853 -9.45986534253
743 -0.607207419996 -13.2119049082 -9.51525620883
744 -0.607214713145 -13.2119088762 -9.39387177721
745 -0.607232473147 -13.2119185454 -9.65508650802
746 -0.607244482583 -13.2119250888 -9.65461456457
747 -0.607277091452 -13.2119428764 -9.46455951306
748 -0.607320752093 -13.2119667397 -9.64097566762
749 -0.607365958311 -13.2119915045 -9.55325824161
750 -0.607427885518 -13.2120255231 -9.52100750197
751 -0.607430557334 -13.2120269933 -9.50625165827
752 -0.607458385431 -13.2120423175 -9.62330905279
753 -0.607470990193 -13.2120492659 -9.55295609034
754 -0.607482543708 -13.2120556387 -9.50878079633
755 -0.607495941738 -13.2120630336 -9.67325095865
756 -0.60752179215 -13.2120773158 -9.54241581544
757 -0.607560084498 -13.2120985069 -9.56044105958
758 -0.607584046833 -13.2121117887 -9.66113460684
759 -0.607609776352 -13.2121260682 -9.63202825739
760 -0.607644362959 -13.2121452926 -9.55835553544
761 -0.607669228448 -13.2121591346 -9.66194515155
762 -0.60770184939 -13.2121773203 -9.42314108127
763 -0.607734617341 -13.2121956182 -9.54993870392
764 -0.607767135575 -13.2122138066 -9.40243795217
765 -0.607787981357 -13.212225482 -9.50218352723
766 -0.607820301734 -13.2122436084 -9.50794877466
767 -0.607833693075 -13.2122511274 -9.58895113387
768 -0.607893269496 -13.2122846397 -9.58295478429
769 -0.607915308101 -13.212297062 -9.48206949086
770 -0.607942212345 -13.2123122455 -9.46654092485
771 -0.607979867311 -13.2123335304 -9.43375320172
772 -0.607998159584 -13.2123438848 -9.55128449057
773 -0.608029325542 -13.2123615482 -9.56862818558
774 -0.608048648009 -13.2123725129 -9.62154988573
775 -0.60807659683 -13.2123883915 -9.67913942209
776 -0.608133260445 -13.2124206514 -9.50256991034
777 -0.608187510045 -13.2124516218 -9.5369505479
778 -0.608227306282 -13.2124743938 -9.55208344552
779 -0.608259719339 -13.212492974 -9.5349078604
780 -0.608287765336 -13.2125090748 -9.58021974285
781 -0.608297310073 -13.2125145594 -9.55361594656
782 -0.608324335182 -13.2125301023 -9.48367352801
783 -0.60836730076 -13.2125548555 -9.46466708069
784 -0.608394312378 -13.212570444 -9.60610661822
785 -0.608428309066 -13.2125900929 -9.6379810095
786 -0.608477127919 -13.2126183654 -9.59138059836
787 -0.608509984173 -13.2126374313 -9.50365139714
788 -0.608547538299 -13.2126592606 -9.65055442001
789 -0.608548256945 -13.2126596787 -9.57380528569
790 -0.608576142437 -13.2126759141 -9.58006877068
791 -0.608620891804 -13.2127020137 -9.58676149256
792 -0.608641208936 -13.2127138821 -9.5763548781
793 -0.608651081569 -13.2127196535 -9.50999035229
794 -0.608681161428 -13.2127372546 -9.63078935735
795 -0.608704879612 -13.2127511512 -9.57806314982
796 -0.608743056497 -13.2127735524 -9.42456716743
797 -0.608767613005 -13.2127879833 -9.47145626829
798 -0.608787068243 -13.2127994284 -9.4115049264
799 -0.608785694093 -13.2127986196 -9.65411545469
800 -0.608834153915 -13.212827172 -9.63626249661
801 -0.608876111333 -13.2128519465 -9.60549370817
802 -0.60891424042 -13.2128745036 -9.43916976448
803 -0.608947101246 -13.2128939768 -9.67859612717
804 -0.608987425405 -13.2129179143 -9.54647482269
805 -0.608995286419 -13.2129225862 -9.57574955429
806 -0.60902146943 -13.2129381594 -9.57706968129
807 -0.609065748244 -13.2129645397 -9.67423525335
808 -0.609086900939 -13.2129771615 -9.5048573945
809 -0.6090953127 -13.2129821843 -9.55481804573
810 -0.609122014534 -13.2129981415 -9.52187459558
811 -0.609159096783 -13.2130203354 -9.55747238608
812 -0.609201611982 -13.2130458286 -9.57383592516
813 -0.609250418047 -13.2130751567 -9.54512018744
814 -0.609258568167 -13.2130800607 -9.54537993818
815 -0.609280212464 -13.2130930934 -9.63168210211
816 -0.609316021432 -13.213114684 -9.53925058379
817 -0.609350375976 -13.2131354316 -9.617560769
818 -0.609407991547 -13.2131703016 -9.63545986185
819 -0.609424745699 -13.2131804591 -9.66125796516
820 -0.609436486527 -13.2131875819 -9.68488498659
821 -0.609454776356 -13.2131986854 -9.51024046692
822 -0.609494556732 -13.2132228681 -9.62572783479
823 -0.609502693855 -13.2132278202 -9.5524529618
824 -0.609525323015 -13.2132416016 -9.50650476957
825 -0.609563889376 -13.2132651221 -9.61231550598
826 -0.609585010498 -13.213278021 -9.46084862282
827 -0.609615554039 -13.2132966965 -9.7178803089
828 -0.609632174224 -13.2133068697 -9.44563308408
829 -0.609676289142 -13.2133339101 -9.54637534495
830 -0.609733167433 -13.2133688546 -9.5649696081
831 -0.609736421778 -13.2133708567 -9.58303138199
832 -0.609751915875 -13.2133803931 -9.70899545206
833 -0.609773847834 -13.2133939033 -9.57039662709
834 -0.609803735142 -13.2134123359 -9.56162938055
835 -0.609845530413 -13.2134381546 -9.65960964985
836 -0.609866925533 -13.2134513903 -9.63353416656
837 -0.609904158821 -13.2134744546 -9.6225450997
838 -0.609892730118 -13.2134673709 -9.41507688722
839 -0.609893389257 -13.2134677794 -9.50891658646
840 -0.609918248198 -13.2134831925 -9.56180026476
841 -0.609943941862 -13.2134991414 -9.38689093929
842 -0.609972984886 -13.2135171918 -9.62031129675
843 -0.609989810322 -13.2135276597 -9.42160250806
844 -0.610032618849 -13.2135543287 -9.49425417087
845 -0.610059212328 -13.213570922 -9.5401639232
846 -0.610092818131 -13.213591919 -9.47771514408
847 -0.6101410348 -13.2136221004 -9.54971418805
848 -0.61017668154 -13.2136444556 -9.42588363028
849 -0.610195172458 -13.2136560659 -9.62715050819
850 -0.610231020834 -13.2136786021 -9.53677069616
851 -0.61025441737 -13.2136933299 -9.52148031102
852 -0.610301451675 -13.2137229838 -9.69156845184
853 -0.610327670273 -13.2137395409 -9.52814373881
854 -0.610323772743 -13.2137370784 -9.51032021815
855 -0.610332702294 -13.2137427208 -9.67340209632
856 -0.610351804264 -13.2137547986 -9.53579047074
857 -0.610397751985 -13.2137838923 -9.59874692823
858 -0.610426287517 -13.2138019906 -9.53601005863
859 -0.610464257608 -13.2138261081 -9.74020479965
860 -0.610502847505 -13.2138506607 -9.64742105686
861 -0.610525408611 -13.2138650345 -9.44198608362
862 -0.610555455336 -13.2138841995 -9.65011204362
863 -0.610590170142 -13.2139063735 -9.5469005804
864 -0.610604073518 -13.2139152637 -9.65818709599
865 -0.610633756604 -13.2139342622 -9.53626352008
866 -0.610663538225 -13.2139533485 -9.63300175079
867 -0.610719595889 -13.2139893419 -9.52141986827
868 -0.61076457545 -13.2140182861 -9.45632192544
869 -0.610811410781 -13.2140484847 -9.65268710603
870 -0.610855674112 -13.2140770815 -9.5479101136
871 -0.610867843615 -13.2140849534 -9.48876027677
872 -0.6108900761 -13.2140993452 -9.43068135244
873 -0.610917702804 -13.2141172482 -9.53737187439
874 -0.610943909967 -13.2141342511 -9.50773137134
875 -0.610956631784 -13.2141425118 -9.5499416306
876 -0.610976584083 -13.2141554766 -9.62108551576
877 -0.6110098311 -13.2141771049 -9.47580662611
878 -0.611045991855 -13.214200664 -9.50085607162
879 -0.611064483187 -13.2142127254 -9.62300727362
880 -0.61109008708 -13.2142294419 -9.54391815454
881 -0.611116359036 -13.2142466138 -9.50733008928
882 -0.611137909656 -13.2142607141 -9.59425943376
883 -0.611186539065 -13.2142925796 -9.60400782702
884 -0.611214674284 -13.214311046 -9.66164127902
885 -0.61123364859 -13.2143235122 -9.50589431956
886 -0.611246385567 -13.2143318862 -9.5176237822
887 -0.611273616338 -13.2143498043 -9.48391346781
888 -0.611295153804 -13.2143639909 -9.52988581228
889 -0.611331162408 -13.2143877385 -9.67364457388
890 -0.61138083821 -13.2144205592 -9.59000156365
891 -0.611402336936 -13.2144347848 -9.55655648508
892 -0.611432518599 -13.2144547777 -9.58384652481
893 -0.611455194846 -13.2144698157 -9.57091737415
894 -0.611473225663 -13.2144817832 -9.53290220359
895 -0.611502669064 -13.2145013452 -9.57404729899
896 -0.611541809746 -13.2145273876 -9.68943780436
897 -0.611558440628 -13.2145384659 -9.55781129687
898 -0.61157608475 -13.2145502277 -9.55297544884
899 -0.611593144051 -13.214561608 -9.6663907545
900 -0.611651789304 -13.2146007923 -9.49267180605
901 -0.611682202236 -13.2146211508 -9.39434265096
902 -0.611712514236 -13.2146414675 -9.60556183451
903 -0.611735850117 -13.214657126 -9.60826315664
904 -0.611765672863 -13.2146771593 -9.6230162024
905 -0.611790746514 -13.2146940217 -9.63515337433
906 -0.611813996839 -13.2147096736 -9.51779338786
907 -0.611845385324 -13.2147308281 -9.56714917842
908 -0.611860307563 -13.2147408947 -9.48151799341
909 -0.61190281389 -13.2147696037 -9.73445750848
910 -0.611927338302 -13.2147861906 -9.46608635779
911 -0.611957560956 -13.2148066547 -9.5185722164
912 -0.611982453566 -13.2148235289 -9.63219248572
913 -0.612000779556 -13.2148359627 -9.5587163312
914 -0.612033740566 -13.2148583499 -9.47270693026
915 -0.612050391833 -13.214869671 -9.58841312558
916 -0.612070003298 -13.2148830147 -9.58186614618
917 -0.612109383952 -13.2149098418 -9.51004200835
918 -0.612160402578 -13.2149446614 -9.46784012245
919 -0.612186151667 -13.2149622625 -9.62675174512
920 -0.612216593626 -13.2149830954 -9.67885635574
921 -0.612257510884 -13.2150111378 -9.5027820621
922 -0.612278395791 -13.2150254692 -9.6714897379
923 -0.612306758206 -13.2150449512 -9.50297808536
924 -0.61232595127 -13.2150581476 -9.47029349193
925 -0.612347340186 -13.2150728659 -9.50014271454
926 -0.612380602621 -13.2150957801 -9.5266890609
927 -0.612429299511 -13.2151293827 -9.65047534892
928 -0.612454204926 -13.2151465939 -9.51108109867
929 -0.612474791976 -13.215160834 -9.54445393649
930 -0.612490907661 -13.2151719894 -9.56857225789
931 -0.612518629181 -13.2151911956 -9.45685267086
932 -0.612544140287 -13.2152088892 -9.48579767472
933 -0.612560658917 -13.2152203557 -9.71703555628
934 -0.612578010099 -13.2152324083 -9.52827062798
935 -0.612599752978 -13.2152475233 -9.4452481077
936 -0.612637404416 -13.2152737288 -9.71936954209
937 -0.612688168197 -13.2153091231 -9.56262145209
938 -0.612688413455 -13.2153092943 -9.52583116944
939 -0.612731864156 -13.2153396471 -9.53895908102
940 -0.612747001727 -13.215350234 -9.62454193478
941 -0.612780524165 -13.2153737015 -9.58635921809
942 -0.612803118379 -13.2153895364 -9.56934805501
943 -0.612823878691 -13.2154040986 -9.35298354424
944 -0.612858696051 -13.215428548 -9.5078368764
945 -0.612875539632 -13.215440388 -9.66062908602
946 -0.612899309139 -13.21545711 -9.57023440726
947 -0.612915584754 -13.2154685691 -9.61292893196
948 -0.612955802376 -13.2154969166 -9.60299413236
949 -0.612975397255 -13.2155107444 -9.73245619759
950 -0.613014006208 -13.2155380216 -9.42905668253
951 -0.613037304732 -13.2155545021 -9.61813386894
952 -0.613048046208 -13.2155621053 -9.60131504993
953 -0.613068470617 -13.2155765714 -9.65875604135
954 -0.613104155481 -13.2156018739 -9.80995727073
955 -0.613134370221 -13.2156233255 -9.54239942988
956 -0.613180313929 -13.2156559932 -9.57192982945
957 -0.613198594704 -13.2156690078 -9.48105514107
958 -0.613210234452 -13.2156772994 -9.55927805359
959 -0.613197399186 -13.2156681564 -9.60761748317
960 -0.613220953681 -13.2156849385 -9.46589639964
961 -0.613259647402 -13.2157125406 -9.60170058148
962 -0.613257365513 -13.2157109117 -9.43638052346
963 -0.613276502302 -13.2157245771 -9.58258202077
964 -0.613295861741 -13.2157384119 -9.64429645931
965 -0.613313910435 -13.2157513194 -9.44306154016
966 -0.613352234252 -13.2157787568 -9.55045622953
967 -0.613344311656 -13.2157730814 -9.57647385914
968 -0.613353814495 -13.215779889 -9.50300794664
969 -0.613385616319 -13.2158026895 -9.56076437884
970 -0.613384376399 -13.2158018 -9.54104097915
971 -0.613406876017 -13.2158179475 -9.52523782146
972 -0.613451335624 -13.2158498967 -9.58115381531
973 -0.61349825887 -13.2158836761 -9.59360636321
974 -0.613535888243 -13.2159108093 -9.52904881812
975 -0.613590757372 -13.2159504441 -9.60247858156
976 -0.613612477399 -13.2159661567 -9.6408334826
977 -0.613644417552 -13.2159892867 -9.63717286555
978 -0.613675596117 -13.2160118926 -9.51388611137
979 -0.61367046962 -13.2160081738 -9.39678791231
980 -0.613706659022 -13.2160344416 -9.61658078484
981 -0.613749463375 -13.2160655578 -9.59766749865
982 -0.613765429595 -13.2160771774 -9.55160831586
983 -0.613805236783 -13.2161061783 -9.63452326779
984 -0.613838015229 -13.2161300917 -9.55432492591
985 -0.613866074799 -13.2161505863 -9.54961637149
986 -0.61388928371 -13.2161675545 -9.60405590142
987 -0.61392765835 -13.2161956433 -9.60893929815
988 -0.613926575082 -13.2161948499 -9.61609324668
989 -0.61394842319 -13.2162108596 -9.53161272725
990 -0.613985148872 -13.2162378011 -9.63705197896
991 -0.613995175899 -13.2162451633 -9.5857642588
992 -0.614031561129 -13.2162719023 -9.61467922671
993 -0.61406088867 -13.2162934814 -9.62987083654
994 -0.614105895245 -13.2163266438 -9.64344212269
995 -0.614143855455 -13.216354658 -9.48758080433
996 -0.614168835082 -13.2163731145 -9.61222830799
997 -0.614189120701 -13.2163881156 -9.50984867017
998 -0.614221648564 -13.2164121936 -9.35706086883
999 -0.614230905801 -13.2164190515 -9.6880364733
1000 -0.614270086862 -13.2164481036 -9.67762286639
