1000 1e-05 1.0 gpomdp 1000000

1 -0.575853 -13.20910981 -9.50957049585
2 -0.575855659787 -13.2091088044 -9.60974883469
3 -0.575860603154 -13.2091069361 -9.50552792576
4 -0.575867205506 -13.2091044419 -9.54912095215
5 -0.575871086776 -13.2091029763 -9.44178488199
6 -0.575874010019 -13.2091018728 -9.61617664645
7 -0.575877685158 -13.2091004858 -9.6655672817
8 -0.57588454663 -13.2090978973 -9.56566896108
9 -0.575892958743 -13.2090947259 -9.73487403459
10 -0.575899240437 -13.2090923591 -9.61305210251
11 -0.57590554103 -13.2090899864 -9.64104660844
12 -0.575912869622 -13.209087228 -9.60018000057
13 -0.575917900819 -13.2090853353 -9.44543785863
14 -0.575921086138 -13.2090841374 -9.5239466723
15 -0.575926096353 -13.2090822539 -9.55542811116
16 -0.575932382635 -13.2090798917 -9.49164270048
17 -0.575937623602 -13.2090779233 -9.52317317516
18 -0.575945127211 -13.2090751065 -9.55839461944
19 -0.575948654125 -13.2090737831 -9.62838573116
20 -0.575954101736 -13.2090717398 -9.59221982851
21 -0.575959203077 -13.2090698271 -9.55788017587
22 -0.575962969978 -13.2090684153 -9.43585294349
23 -0.575968646832 -13.2090662885 -9.55875694812
24 -0.575975791148 -13.2090636133 -9.51851135821
25 -0.575981455538 -13.2090614934 -9.71439056176
26 -0.575986962818 -13.2090594333 -9.57209000042
27 -0.575992118975 -13.2090575053 -9.67201939863
28 -0.575997377499 -13.2090555399 -9.6406703972
29 -0.576000340649 -13.2090544327 -9.58439340173
30 -0.576007412453 -13.2090517915 -9.55793404943
31 -0.576012065725 -13.2090500545 -9.68556778128
32 -0.576016761822 -13.2090483021 -9.6880213682
33 -0.576020879098 -13.2090467663 -9.50674923506
34 -0.576024836152 -13.2090452907 -9.54920788761
35 -0.576032793636 -13.2090423248 -9.50655497919
36 -0.576038852301 -13.209040068 -9.63867926422
37 -0.576042482761 -13.2090387162 -9.62840912301
38 -0.57604729461 -13.2090369251 -9.75052196231
39 -0.576056254496 -13.2090335919 -9.60646676872
40 -0.576062818597 -13.2090311515 -9.70238405244
41 -0.576067954291 -13.2090292431 -9.66126456348
42 -0.576071822935 -13.2090278061 -9.52821110936
43 -0.576075152594 -13.2090265696 -9.5113427567
44 -0.576081201535 -13.2090243243 -9.58551089763
45 -0.576085462503 -13.2090227432 -9.51228687953
46 -0.576091542424 -13.2090204883 -9.55182733628
47 -0.576097815286 -13.2090181629 -9.68729236702
48 -0.576106468233 -13.2090149573 -9.41179443938
49 -0.576109977457 -13.2090136579 -9.61780914055
50 -0.576111409759 -13.2090131276 -9.60279687677
51 -0.576115397702 -13.2090116516 -9.58060053825
52 -0.576123420493 -13.2090086836 -9.4655690783
53 -0.576128345388 -13.2090068627 -9.58605852722
54 -0.576135846126 -13.2090040908 -9.62904927933
55 -0.576140406019 -13.2090024065 -9.57507295333
56 -0.576145821852 -13.2090004069 -9.52781338643
57 -0.576151494342 -13.2089983135 -9.58721896232
58 -0.576156359296 -13.2089965189 -9.6238419272
59 -0.576163246826 -13.2089939795 -9.5797320335
60 -0.576171291959 -13.208991015 -9.47084696656
61 -0.57617709896 -13.2089888765 -9.64631696113
62 -0.576181079026 -13.2089874114 -9.63074064477
63 -0.576185727473 -13.2089857009 -9.48389267402
64 -0.57619085261 -13.2089838157 -9.56702997731
65 -0.57619567748 -13.2089820417 -9.64506686676
66 -0.576199116075 -13.2089807778 -9.5460688352
67 -0.576203865612 -13.2089790327 -9.57024455432
68 -0.576208516311 -13.2089773246 -9.50197669239
69 -0.576215414891 -13.2089747921 -9.57323959926
70 -0.576220584381 -13.2089728953 -9.62567225192
71 -0.576225839923 -13.2089709678 -9.58916430134
72 -0.576229658463 -13.2089695678 -9.62723590328
73 -0.576236460967 -13.208967075 -9.55264596092
74 -0.576241848048 -13.2089651018 -9.61379061226
75 -0.57624382651 -13.2089643774 -9.7787206718
76 -0.576249454132 -13.2089623174 -9.54160651914
77 -0.576253163471 -13.2089609602 -9.52399269811
78 -0.576260562252 -13.2089582542 -9.56419441928
79 -0.576265880421 -13.2089563102 -9.47749539213
80 -0.57627173499 -13.2089541712 -9.56279802108
81 -0.576279152991 -13.2089514624 -9.71331267912
82 -0.576286221783 -13.2089488827 -9.57298410142
83 -0.576289955952 -13.2089475206 -9.60938363357
84 -0.576293614914 -13.2089461863 -9.48999422535
85 -0.576299461238 -13.2089440552 -9.6537579286
86 -0.576301522624 -13.208943304 -9.57464094161
87 -0.576305273499 -13.2089419376 -9.59893183747
88 -0.576311304892 -13.2089397412 -9.50262467485
89 -0.57631557004 -13.2089381887 -9.55262078438
90 -0.576319888445 -13.2089366173 -9.53138809502
91 -0.576327858383 -13.2089337188 -9.52843601268
92 -0.576331863372 -13.208932263 -9.53886282638
93 -0.576337791772 -13.208930109 -9.60687526019
94 -0.576341894344 -13.208928619 -9.65216082668
95 -0.576346519174 -13.2089269399 -9.62830055705
96 -0.57635220929 -13.2089248749 -9.59878689746
97 -0.576360514975 -13.2089218626 -9.6018089094
98 -0.576369736816 -13.2089185204 -9.49223613664
99 -0.576375335264 -13.2089164927 -9.43510367623
100 -0.576381024078 -13.2089144333 -9.73544406502
101 -0.576386382676 -13.2089124943 -9.78063181581
102 -0.576393355095 -13.2089099726 -9.62517771231
103 -0.576399337512 -13.2089078102 -9.49312498308
104 -0.576408037751 -13.2089046674 -9.67933153413
105 -0.576411863327 -13.2089032862 -9.52880107523
106 -0.576419896769 -13.2089003872 -9.58478044449
107 -0.576425905864 -13.20889822 -9.56088818602
108 -0.576431106038 -13.2088963455 -9.60976772876
109 -0.576438997068 -13.2088935025 -9.53442380711
110 -0.576444768508 -13.2088914244 -9.51899860688
111 -0.576450815731 -13.2088892481 -9.56186642477
112 -0.57645698265 -13.2088870298 -9.56055619786
113 -0.576461380277 -13.2088854487 -9.57258147743
114 -0.576467872558 -13.2088831155 -9.63973184116
115 -0.57647364002 -13.208881044 -9.65982324624
116 -0.576478353671 -13.2088793516 -9.61258939774
117 -0.576484288697 -13.2088772218 -9.52111272808
118 -0.576489266065 -13.2088754364 -9.57500281918
119 -0.576496158575 -13.2088729654 -9.58700962205
120 -0.576501044978 -13.2088712144 -9.41963013492
121 -0.576508473836 -13.2088685538 -9.5114836694
122 -0.576513970528 -13.2088665863 -9.44299831774
123 -0.576519837411 -13.2088644873 -9.64793697192
124 -0.576524771929 -13.2088627227 -9.63082970001
125 -0.576530104696 -13.2088608164 -9.58784994034
126 -0.57653612775 -13.2088586645 -9.48347001815
127 -0.576542426522 -13.2088564153 -9.61225497181
128 -0.576545872686 -13.2088551853 -9.5735426333
129 -0.576548208846 -13.2088543516 -9.72673950273
130 -0.576554757659 -13.2088520155 -9.56506745293
131 -0.576560890565 -13.208849829 -9.57458314893
132 -0.576569743662 -13.2088466747 -9.77771930575
133 -0.576574050522 -13.2088451411 -9.52454374148
134 -0.576578006246 -13.208843733 -9.66299603851
135 -0.576582142647 -13.2088422611 -9.69406640669
136 -0.576584417371 -13.2088414519 -9.47064484375
137 -0.57659192878 -13.2088387809 -9.61594792071
138 -0.576599454208 -13.2088361066 -9.46892869909
139 -0.576605884919 -13.2088338228 -9.52650718225
140 -0.576610900904 -13.2088320422 -9.56578791163
141 -0.576613717046 -13.2088310429 -9.64216098108
142 -0.576620010848 -13.2088288104 -9.66230075456
143 -0.576625640431 -13.2088268145 -9.54692759467
144 -0.576629968789 -13.2088252806 -9.59804500248
145 -0.576638052419 -13.2088224175 -9.68284947728
146 -0.576643989474 -13.2088203159 -9.55531611967
147 -0.576647759271 -13.208818982 -9.51027559914
148 -0.576653170797 -13.208817068 -9.69445041351
149 -0.576657718125 -13.2088154604 -9.61835058215
150 -0.576662754611 -13.2088136805 -9.47420428698
151 -0.576667254782 -13.2088120909 -9.53187461004
152 -0.576672584558 -13.208810209 -9.62229612249
153 -0.576678172021 -13.208808237 -9.64264958888
154 -0.57668225248 -13.2088067975 -9.59922019054
155 -0.5766886417 -13.2088045446 -9.67458480162
156 -0.576692024489 -13.2088033522 -9.50200885081
157 -0.576694096763 -13.208802622 -9.51925261096
158 -0.576701133759 -13.2088001432 -9.70437986937
159 -0.576705623785 -13.2087985624 -9.58508709087
160 -0.576712122057 -13.2087962757 -9.55650827716
161 -0.576718476354 -13.2087940409 -9.56006754562
162 -0.576725915936 -13.2087914259 -9.69192801439
163 -0.576730814498 -13.208789705 -9.52006489786
164 -0.576738257401 -13.2087870917 -9.58923116675
165 -0.576741816558 -13.2087858426 -9.55584062001
166 -0.576747325709 -13.2087839099 -9.58981341073
167 -0.576751086509 -13.2087825911 -9.3901850495
168 -0.576756478779 -13.208780701 -9.63171857311
169 -0.576762293595 -13.2087786637 -9.64970722498
170 -0.576767428177 -13.2087768656 -9.57888983532
171 -0.576771543173 -13.2087754252 -9.58205886087
172 -0.57677707758 -13.2087734887 -9.63181776019
173 -0.576784418908 -13.2087709214 -9.49140630269
174 -0.576789884256 -13.2087690112 -9.64302845486
175 -0.576793910065 -13.2087676047 -9.67172383652
176 -0.57679720247 -13.2087664548 -9.5855632007
177 -0.576806250288 -13.2087632966 -9.70781223734
178 -0.576813487389 -13.2087607722 -9.57628939706
179 -0.576813693799 -13.2087607002 -9.7141744293
180 -0.576818705858 -13.2087589529 -9.44504664547
181 -0.576823271334 -13.2087573619 -9.63171884474
182 -0.576828680185 -13.2087554779 -9.61723491991
183 -0.57683113579 -13.2087546229 -9.44251589743
184 -0.576837784532 -13.2087523087 -9.54026341788
185 -0.576841813796 -13.2087509069 -9.64654671396
186 -0.576847698718 -13.2087488604 -9.50373421731
187 -0.576850897997 -13.2087477483 -9.61362450193
188 -0.576858782426 -13.208745009 -9.59285523766
189 -0.576865514764 -13.2087426714 -9.57001065997
190 -0.576870905949 -13.2087408005 -9.55860421008
191 -0.576878364869 -13.2087382135 -9.50218729215
192 -0.576881733765 -13.2087370456 -9.64614429097
193 -0.57688675094 -13.2087353069 -9.42939541303
194 -0.576889027224 -13.2087345184 -9.52347999222
195 -0.576894417413 -13.2087326517 -9.45573724373
196 -0.576899551427 -13.2087308745 -9.55033123518
197 -0.576905076473 -13.2087289629 -9.64628134405
198 -0.576909999179 -13.2087272605 -9.53805916865
199 -0.576916096022 -13.2087251531 -9.41727275369
200 -0.576921109865 -13.2087234208 -9.57392428954
201 -0.576926946127 -13.2087214054 -9.66989239524
202 -0.576931479975 -13.2087198405 -9.4669483894
203 -0.576937046625 -13.2087179199 -9.64104608257
204 -0.576942007144 -13.2087162093 -9.53822334604
205 -0.576947408754 -13.2087143474 -9.50045767455
206 -0.576952640922 -13.2087125447 -9.62266077916
207 -0.576959264096 -13.208710264 -9.5127053939
208 -0.576963314475 -13.20870887 -9.59678246486
209 -0.576970020721 -13.2087065629 -9.54854777247
210 -0.576974187697 -13.20870513 -9.4773901918
211 -0.576978922494 -13.2087035026 -9.49408765771
212 -0.576983913394 -13.2087017878 -9.609025852
213 -0.57698683146 -13.2087007856 -9.69702622224
214 -0.576989746846 -13.2086997846 -9.50890412064
215 -0.576994484212 -13.2086981585 -9.59845660511
216 -0.577001358164 -13.2086958003 -9.53370787561
217 -0.577007574533 -13.2086936689 -9.58525282737
218 -0.577013143425 -13.2086917605 -9.64557177962
219 -0.577018649747 -13.2086898745 -9.50748967245
220 -0.577026164975 -13.2086873019 -9.59179249521
221 -0.577030659607 -13.2086857641 -9.51032460673
222 -0.57703504083 -13.2086842657 -9.51771074556
223 -0.577041703307 -13.2086819883 -9.60729992803
224 -0.577045413364 -13.2086807206 -9.59581990149
225 -0.577051848904 -13.2086785228 -9.56994685601
226 -0.577055080116 -13.2086774198 -9.60513408326
227 -0.577057198728 -13.2086766967 -9.66513984332
228 -0.577059503947 -13.2086759101 -9.66187407058
229 -0.577063318507 -13.2086746088 -9.72337683325
230 -0.577070253496 -13.2086722443 -9.55440120999
231 -0.577074089049 -13.2086709371 -9.59664028337
232 -0.577076143369 -13.2086702372 -9.4797655883
233 -0.577080519988 -13.2086687465 -9.57670272793
234 -0.577084504168 -13.2086673899 -9.51927246454
235 -0.577090322239 -13.2086654098 -9.43009898723
236 -0.577096070081 -13.2086634547 -9.56531620062
237 -0.577101033088 -13.2086617673 -9.7327737709
238 -0.577106989047 -13.2086597433 -9.65305376561
239 -0.577113438292 -13.2086575529 -9.58334628439
240 -0.577117637003 -13.2086561275 -9.65058456641
241 -0.577121259778 -13.2086548981 -9.48321353604
242 -0.57712667136 -13.2086530624 -9.60541472132
243 -0.577130760528 -13.2086516759 -9.59335180099
244 -0.577138674889 -13.2086489938 -9.49752111302
245 -0.57714326049 -13.2086474407 -9.59751841825
246 -0.577150781487 -13.2086448947 -9.54502055844
247 -0.577158493071 -13.208642286 -9.54029978367
248 -0.577166009149 -13.2086397452 -9.60140910679
249 -0.577170923749 -13.2086380848 -9.5511771525
250 -0.577175532451 -13.2086365284 -9.65663665976
251 -0.577180374482 -13.2086348938 -9.51475417971
252 -0.577190236769 -13.2086315669 -9.50888148463
253 -0.577198393675 -13.2086288174 -9.53219903937
254 -0.577203856807 -13.2086269771 -9.46952410908
255 -0.577209615944 -13.2086250381 -9.5342458717
256 -0.577215488745 -13.2086230618 -9.56549093829
257 -0.577220906324 -13.2086212396 -9.52488381703
258 -0.577226077258 -13.2086195013 -9.60203350111
259 -0.577230047205 -13.2086181672 -9.47373468971
260 -0.577236041865 -13.2086161537 -9.5200800324
261 -0.577242665095 -13.2086139303 -9.54154977429
262 -0.577247918427 -13.2086121678 -9.68116288379
263 -0.577252111855 -13.2086107614 -9.68282738181
264 -0.577256215647 -13.2086093857 -9.58164622687
265 -0.577264177421 -13.208606718 -9.55574116649
266 -0.577268802361 -13.2086051693 -9.67882178424
267 -0.577272418982 -13.2086039586 -9.5789960505
268 -0.57727878483 -13.2086018287 -9.60823890952
269 -0.577284284019 -13.2085999898 -9.63883039664
270 -0.57729033968 -13.2085979658 -9.63844960725
271 -0.577295393488 -13.2085962775 -9.70840510086
272 -0.577298470441 -13.20859525 -9.70880300428
273 -0.577305803476 -13.2085928024 -9.58636617002
274 -0.577309792935 -13.2085914715 -9.45989873369
275 -0.577313430229 -13.2085902585 -9.63114360947
276 -0.577316961176 -13.2085890813 -9.70350437836
277 -0.577323900161 -13.2085867691 -9.58980862383
278 -0.577329437136 -13.2085849252 -9.52758682618
279 -0.577333141872 -13.2085836919 -9.49822582861
280 -0.57734016404 -13.2085813555 -9.60383503569
281 -0.577343693564 -13.2085801817 -9.67374702494
282 -0.577351738165 -13.2085775078 -9.52434659151
283 -0.577358572875 -13.2085752376 -9.67170979665
284 -0.577364153445 -13.208573385 -9.54986794738
285 -0.577369083693 -13.2085717491 -9.60077980752
286 -0.577373516655 -13.2085702788 -9.46423664214
287 -0.577377969572 -13.2085688025 -9.42426863114
288 -0.577386036955 -13.2085661295 -9.59489973992
289 -0.577390007512 -13.2085648146 -9.55426154482
290 -0.577393768892 -13.2085635695 -9.59267757942
291 -0.577398782832 -13.2085619103 -9.54609601874
292 -0.577405093926 -13.2085598231 -9.5100142395
293 -0.57741167818 -13.2085576467 -9.57929777145
294 -0.577418659378 -13.2085553406 -9.67427844396
295 -0.577424549517 -13.2085533961 -9.60349390111
296 -0.577430977853 -13.2085512751 -9.48896265234
297 -0.577436873242 -13.2085493311 -9.53593764878
298 -0.577442430034 -13.2085474997 -9.68545150735
299 -0.577448096045 -13.2085456333 -9.66100900665
300 -0.577452796684 -13.2085440856 -9.61599665171
301 -0.577459069876 -13.2085420212 -9.62322827825
302 -0.577465152428 -13.2085400206 -9.49424801545
303 -0.577470328464 -13.2085383192 -9.63464786807
304 -0.577474517989 -13.2085369426 -9.50914792834
305 -0.577478333719 -13.2085356893 -9.58429399817
306 -0.577480652421 -13.2085349279 -9.42264511477
307 -0.577487799126 -13.2085325822 -9.5746873729
308 -0.577494564444 -13.2085303631 -9.63697305397
309 -0.577498081707 -13.20852921 -9.60126219078
310 -0.577503241412 -13.208527519 -9.60528794607
311 -0.577508999421 -13.208525633 -9.54739707877
312 -0.577515209834 -13.2085235999 -9.43079142166
313 -0.577520283981 -13.2085219396 -9.55873860807
314 -0.577527611443 -13.2085195435 -9.4530181833
315 -0.577532973039 -13.2085177912 -9.43184731807
316 -0.577537604967 -13.2085162782 -9.40953486479
317 -0.577544437242 -13.2085140475 -9.36482368172
318 -0.577549113618 -13.2085125216 -9.53473085733
319 -0.577555618036 -13.2085104002 -9.56217230089
320 -0.577563472786 -13.2085078401 -9.63364932358
321 -0.57756992978 -13.2085057371 -9.48801638719
322 -0.577575331215 -13.2085039788 -9.71991000826
323 -0.577582301113 -13.2085017112 -9.62785457247
324 -0.577588919586 -13.2084995594 -9.55003386609
325 -0.577595573683 -13.2084973973 -9.6587707795
326 -0.577599252845 -13.2084962024 -9.475248336
327 -0.577604513118 -13.2084944948 -9.55730992707
328 -0.577610844243 -13.2084924406 -9.46851289884
329 -0.577616777515 -13.2084905167 -9.66008277818
330 -0.577625827907 -13.208487584 -9.60659284055
331 -0.577633112027 -13.2084852254 -9.62197775297
332 -0.577638738261 -13.2084834048 -9.52005162545
333 -0.57764676522 -13.208480809 -9.58167880451
334 -0.577650808507 -13.2084795022 -9.57053895901
335 -0.577657474467 -13.2084773489 -9.5529973372
336 -0.57766144858 -13.2084760657 -9.59909555886
337 -0.577666213683 -13.2084745279 -9.50235007778
338 -0.577670970002 -13.2084729935 -9.50427448557
339 -0.577674761422 -13.2084717709 -9.49604290485
340 -0.57767994915 -13.2084700987 -9.59780525097
341 -0.577686903099 -13.2084678585 -9.59214784138
342 -0.577692354725 -13.2084661034 -9.55643552445
343 -0.577697468474 -13.2084644578 -9.54621888084
344 -0.577703338267 -13.2084625699 -9.59468497365
345 -0.577708172518 -13.2084610159 -9.5311563998
346 -0.577713280424 -13.2084593746 -9.65746136216
347 -0.577718368995 -13.2084577404 -9.5927440613
348 -0.577723339032 -13.208456145 -9.56447292235
349 -0.577726579827 -13.2084551051 -9.60092208944
350 -0.577730712883 -13.2084537794 -9.581954461
351 -0.57773551313 -13.2084522403 -9.47932153382
352 -0.577740555207 -13.2084506244 -9.66058195702
353 -0.577746258193 -13.2084487976 -9.66203964891
354 -0.577750695253 -13.208447377 -9.43624827909
355 -0.577755114804 -13.2084459627 -9.6425589594
356 -0.577761374653 -13.2084439604 -9.62983290745
357 -0.577766049392 -13.2084424659 -9.59151240805
358 -0.577773183916 -13.2084401863 -9.72874759609
359 -0.577781647617 -13.208437484 -9.59026500072
360 -0.577788239959 -13.2084353807 -9.6631375918
361 -0.577794206519 -13.2084334782 -9.5288741552
362 -0.577798022625 -13.208432262 -9.47627562251
363 -0.577802939843 -13.2084306955 -9.50786530014
364 -0.577806252917 -13.2084296405 -9.62184998628
365 -0.577811789033 -13.2084278782 -9.55850254447
366 -0.577815787326 -13.2084266061 -9.55604823682
367 -0.577818402092 -13.2084257744 -9.58338052577
368 -0.57782511712 -13.2084236395 -9.62532687861
369 -0.577831087867 -13.2084217424 -9.62691904921
370 -0.577838467984 -13.208419399 -9.57425849665
371 -0.577842530285 -13.2084181098 -9.54955243273
372 -0.577845819092 -13.2084170665 -9.62013648495
373 -0.577854079484 -13.2084144473 -9.56116629505
374 -0.577860694574 -13.2084123514 -9.56451824564
375 -0.577866560838 -13.2084104939 -9.61433453775
376 -0.57786966335 -13.2084095119 -9.63521997715
377 -0.577873762261 -13.208408215 -9.56535128639
378 -0.577878305417 -13.2084067781 -9.48936755795
379 -0.577883861839 -13.2084050216 -9.50965003484
380 -0.577886440197 -13.2084042068 -9.66926543028
381 -0.577891627838 -13.2084025682 -9.67845238241
382 -0.577894632662 -13.2084016194 -9.6198625606
383 -0.577899457755 -13.2084000964 -9.58477935651
384 -0.577904363192 -13.2083985489 -9.53149963265
385 -0.577908914458 -13.2083971137 -9.62178444142
386 -0.577916033876 -13.2083948699 -9.6291486629
387 -0.577918901379 -13.2083939666 -9.61651724708
388 -0.577924379112 -13.2083922418 -9.42920978871
389 -0.577930166341 -13.2083904204 -9.60391907894
390 -0.577936559442 -13.2083884096 -9.74612720467
391 -0.577940609536 -13.2083871364 -9.47165608704
392 -0.577944660359 -13.2083858635 -9.58054127453
393 -0.577950691547 -13.2083839692 -9.64545020285
394 -0.577958171579 -13.2083816213 -9.44496522084
395 -0.577962658265 -13.2083802138 -9.60978332633
396 -0.577967508418 -13.208378693 -9.50074897029
397 -0.57797431685 -13.2083765594 -9.60526962305
398 -0.57798013119 -13.2083747384 -9.61476175369
399 -0.577984375808 -13.2083734097 -9.54486566616
400 -0.577987361816 -13.2083724753 -9.45827890701
401 -0.577992230256 -13.2083709524 -9.54601364108
402 -0.57799985604 -13.2083685684 -9.68633572466
403 -0.578003914256 -13.2083673005 -9.60810132418
404 -0.578008905849 -13.2083657416 -9.58410476059
405 -0.578014116265 -13.2083641152 -9.59011127247
406 -0.578018577443 -13.2083627233 -9.66223644316
407 -0.578023748553 -13.2083611107 -9.50084913562
408 -0.578029754219 -13.2083592389 -9.54500688819
409 -0.578037511245 -13.2083568228 -9.59225098631
410 -0.578041803494 -13.2083554867 -9.58002530421
411 -0.578046552366 -13.2083540091 -9.4940539523
412 -0.578053457012 -13.2083518619 -9.66391734491
413 -0.578059304519 -13.2083500446 -9.4676911827
414 -0.578064948411 -13.2083482916 -9.53950990397
415 -0.578070534506 -13.2083465575 -9.4157885489
416 -0.578076276782 -13.2083447759 -9.5627250549
417 -0.578081933162 -13.208343022 -9.71401726072
418 -0.578088020674 -13.2083411354 -9.57643143055
419 -0.578093554465 -13.2083394214 -9.52466243089
420 -0.57809976747 -13.2083374982 -9.60979644802
421 -0.57810541076 -13.2083357523 -9.59843837773
422 -0.578111904822 -13.2083337444 -9.57362299798
423 -0.578119625684 -13.2083313589 -9.64523388776
424 -0.578124877762 -13.2083297372 -9.64481053644
425 -0.578129737574 -13.2083282374 -9.61549487927
426 -0.578135760994 -13.2083263795 -9.47761560475
427 -0.57813919936 -13.2083253194 -9.57566087234
428 -0.578144745678 -13.2083236102 -9.53503711406
429 -0.578148603025 -13.208322422 -9.7364487635
430 -0.578153370786 -13.208320954 -9.58065193879
431 -0.578157125081 -13.2083197986 -9.60060541856
432 -0.578162704701 -13.2083180822 -9.57354324542
433 -0.578169508874 -13.2083159903 -9.53358231395
434 -0.578175290385 -13.208314214 -9.48982266236
435 -0.578180330479 -13.2083126663 -9.499596746
436 -0.578189958651 -13.2083097118 -9.58860446195
437 -0.578196875813 -13.208307591 -9.65465705489
438 -0.57820414485 -13.2083053638 -9.63360703245
439 -0.578210654952 -13.2083033706 -9.45371049096
440 -0.578215486648 -13.208301892 -9.52134543233
441 -0.578222413214 -13.2082997737 -9.53759833603
442 -0.578226421603 -13.2082985485 -9.58091689801
443 -0.578231465677 -13.2082970074 -9.51363729534
444 -0.57823516685 -13.2082958771 -9.60355790202
445 -0.578239887538 -13.2082944361 -9.52650626807
446 -0.578242892099 -13.2082935193 -9.69188711155
447 -0.578245909936 -13.2082925987 -9.51931577442
448 -0.578251531966 -13.2082908844 -9.60743522056
449 -0.578258720873 -13.2082886938 -9.50089409611
450 -0.578263037491 -13.2082873791 -9.66108637289
451 -0.578268480414 -13.2082857223 -9.58606161474
452 -0.578272545317 -13.2082844855 -9.5149979136
453 -0.578277383981 -13.208283014 -9.68258509455
454 -0.57828160091 -13.2082817321 -9.55170640594
455 -0.578286167336 -13.2082803446 -9.62833231298
456 -0.578288530171 -13.2082796269 -9.55816547394
457 -0.578295566032 -13.2082774908 -9.55797203678
458 -0.578300817113 -13.2082758975 -9.4807145505
459 -0.578304191003 -13.2082748743 -9.6314140375
460 -0.578309438076 -13.2082732836 -9.53529684542
461 -0.578312548746 -13.208272341 -9.55244215276
462 -0.578315162764 -13.2082715491 -9.57110405797
463 -0.578320420142 -13.2082699571 -9.63452235327
464 -0.578325888243 -13.2082683022 -9.65890835836
465 -0.578331523916 -13.2082665975 -9.50337157909
466 -0.578336268393 -13.2082651631 -9.5119063403
467 -0.57834000498 -13.2082640339 -9.59360497022
468 -0.578346170485 -13.2082621716 -9.41371855255
469 -0.578352109583 -13.2082603788 -9.50608801692
470 -0.578359244016 -13.2082582266 -9.58962686642
471 -0.578365083168 -13.2082564663 -9.79115130976
472 -0.578372429763 -13.208254253 -9.65778702541
473 -0.578379751786 -13.2082520487 -9.54980383109
474 -0.578385015354 -13.2082504652 -9.44252377992
475 -0.578389910472 -13.2082489932 -9.59800140869
476 -0.578396275385 -13.2082470804 -9.5651766658
477 -0.57840303513 -13.2082450503 -9.55361564164
478 -0.578409063814 -13.2082432409 -9.59191526621
479 -0.578414670463 -13.2082415592 -9.57993621583
480 -0.578417812912 -13.208240617 -9.50032155712
481 -0.578421757661 -13.2082394347 -9.63116544068
482 -0.578430333969 -13.2082368659 -9.61664319189
483 -0.578437487088 -13.2082347251 -9.65685530214
484 -0.578439700628 -13.2082340629 -9.71471777434
485 -0.578446551272 -13.2082320145 -9.52636954959
486 -0.578455202189 -13.2082294299 -9.73706447505
487 -0.578458972227 -13.2082283043 -9.49446868086
488 -0.578462777516 -13.2082271685 -9.55810227088
489 -0.578469042767 -13.2082252995 -9.54325350912
490 -0.57847277492 -13.2082241868 -9.47690653914
491 -0.578476709935 -13.208223014 -9.6294694077
492 -0.578482483215 -13.2082212942 -9.60066790084
493 -0.578486497335 -13.208220099 -9.5400889809
494 -0.578490214626 -13.2082189926 -9.43098929132
495 -0.578495021486 -13.2082175626 -9.55508522563
496 -0.578500332633 -13.2082159833 -9.49516486735
497 -0.578505584679 -13.2082144225 -9.47830432152
498 -0.578508981755 -13.2082134134 -9.53783529791
499 -0.578514698953 -13.2082117159 -9.49662750621
500 -0.57851862273 -13.2082105515 -9.64180048266
501 -0.578525278892 -13.2082085772 -9.68821273677
502 -0.578530167652 -13.208207128 -9.66845657022
503 -0.578535753511 -13.2082054731 -9.49654023929
504 -0.578539873081 -13.2082042532 -9.50205096043
505 -0.578543913855 -13.2082030572 -9.53918215562
506 -0.578549487558 -13.2082014082 -9.47063810342
507 -0.578556329544 -13.2081993852 -9.57068806917
508 -0.578562273456 -13.208197629 -9.55580533827
509 -0.578567426571 -13.2081961073 -9.52465460559
510 -0.578572548898 -13.2081945955 -9.53694322609
511 -0.578577821363 -13.2081930402 -9.62873818465
512 -0.578582915287 -13.2081915383 -9.62612804504
513 -0.57859021995 -13.2081893861 -9.5626938002
514 -0.578596822741 -13.208187442 -9.64959519801
515 -0.578602301374 -13.20818583 -9.57704279765
516 -0.578606883863 -13.2081844823 -9.39578789126
517 -0.578611620655 -13.2081830899 -9.56545664482
518 -0.578616792058 -13.2081815706 -9.62513097869
519 -0.578621313165 -13.2081802429 -9.69247570673
520 -0.578626686342 -13.2081786659 -9.47971023276
521 -0.578631016883 -13.2081773955 -9.6749880917
522 -0.578638360027 -13.2081752427 -9.5823059637
523 -0.578645324691 -13.2081732023 -9.5073914496
524 -0.578648820918 -13.2081721786 -9.61999664308
525 -0.578653539841 -13.2081707975 -9.55964561035
526 -0.578661435827 -13.2081684881 -9.7344888028
527 -0.578667494641 -13.2081667173 -9.5812082157
528 -0.578671857414 -13.2081654429 -9.59887224286
529 -0.578678240181 -13.2081635794 -9.48784794699
530 -0.578683015245 -13.2081621862 -9.50832859343
531 -0.578692197862 -13.2081595088 -9.60277803336
532 -0.578698167948 -13.2081577695 -9.58578052265
533 -0.578702563853 -13.2081564895 -9.64078212362
534 -0.578706792746 -13.2081552587 -9.58596033125
535 -0.578713688764 -13.2081532528 -9.54185333884
536 -0.578718986901 -13.2081517127 -9.53852596427
537 -0.57872455754 -13.2081500943 -9.5393918796
538 -0.578728983459 -13.2081488091 -9.59678974921
539 -0.578736668694 -13.2081465789 -9.35163526543
540 -0.578741651795 -13.2081451338 -9.48023181817
541 -0.57874821359 -13.208143232 -9.53243114229
542 -0.578754510205 -13.2081414083 -9.67614822954
543 -0.578760043171 -13.2081398068 -9.60559178421
544 -0.578762950274 -13.2081389658 -9.56640993683
545 -0.578767980598 -13.208137511 -9.53450895766
546 -0.578772678495 -13.2081361531 -9.64730707262
547 -0.578775787956 -13.2081352546 -9.59890685488
548 -0.578781162886 -13.2081337023 -9.48805782452
549 -0.578786677583 -13.2081321106 -9.49002625767
550 -0.578793686769 -13.2081300888 -9.65437196656
551 -0.578799914102 -13.2081282938 -9.62711187343
552 -0.578805566316 -13.2081266656 -9.66320017759
553 -0.57881024762 -13.2081253178 -9.52090819542
554 -0.578815956272 -13.2081236751 -9.49898780217
555 -0.578821164881 -13.2081221772 -9.54055415346
556 -0.578826061374 -13.2081207698 -9.6275244674
557 -0.578832115333 -13.2081190307 -9.55675838177
558 -0.578837948386 -13.2081173561 -9.44288394542
559 -0.578841545403 -13.208116324 -9.55544441021
560 -0.578848194225 -13.2081144172 -9.59944815018
561 -0.578853882322 -13.208112787 -9.70243117493
562 -0.578861230999 -13.2081106823 -9.67787849251
563 -0.578868070948 -13.2081087248 -9.62418513089
564 -0.578873053032 -13.2081072999 -9.55130510534
565 -0.578875687192 -13.2081065469 -9.57782243017
566 -0.57888276441 -13.2081045246 -9.61881563098
567 -0.578887471086 -13.2081031805 -9.5465540406
568 -0.578891727189 -13.2081019657 -9.61411579534
569 -0.578894242326 -13.2081012481 -9.58740446354
570 -0.578898634576 -13.2080999954 -9.6127012165
571 -0.57890552161 -13.2080980322 -9.57344455011
572 -0.578909786438 -13.2080968173 -9.55813604509
573 -0.578914164566 -13.2080955706 -9.60226070952
574 -0.578921776638 -13.2080934045 -9.55652315744
575 -0.578929422309 -13.2080912306 -9.50704764893
576 -0.578937509165 -13.2080889332 -9.54416487445
577 -0.578942912053 -13.2080873994 -9.5764677359
578 -0.578947986127 -13.2080859597 -9.61820925036
579 -0.578954553904 -13.2080840974 -9.64237002729
580 -0.57896125074 -13.2080821998 -9.60828476577
581 -0.578965224824 -13.2080810744 -9.67500535345
582 -0.578968428436 -13.2080801675 -9.60713074137
583 -0.578975119929 -13.2080782743 -9.41831525453
584 -0.578980614756 -13.2080767207 -9.63952923035
585 -0.578986770462 -13.2080749813 -9.64692841358
586 -0.578993803981 -13.2080729953 -9.44951150991
587 -0.578999779514 -13.2080713092 -9.48830808873
588 -0.579006312874 -13.2080694669 -9.47434084685
589 -0.579012297841 -13.2080677804 -9.64182957872
590 -0.579018522333 -13.2080660275 -9.58834854579
591 -0.579022146363 -13.2080650076 -9.6262598658
592 -0.579027381378 -13.2080635348 -9.44776401454
593 -0.579033711422 -13.2080617552 -9.50935925747
594 -0.579040363202 -13.2080598864 -9.43667203625
595 -0.579046821423 -13.2080580733 -9.42773611624
596 -0.579052400614 -13.2080565079 -9.59415979245
597 -0.579055773063 -13.2080555622 -9.52745662203
598 -0.579060353741 -13.2080542782 -9.43756860703
599 -0.579064685737 -13.2080530645 -9.59613802732
600 -0.579070980837 -13.2080513018 -9.66786405502
601 -0.579077397564 -13.2080495063 -9.50733511286
602 -0.579084794606 -13.208047438 -9.43521900946
603 -0.579089164294 -13.208046217 -9.62649709606
604 -0.579095212864 -13.2080445278 -9.48083340802
605 -0.579099730674 -13.2080432669 -9.63185438435
606 -0.579104838747 -13.2080418419 -9.5665791342
607 -0.579109105054 -13.2080406523 -9.67690398517
608 -0.5791149489 -13.2080390238 -9.5044781165
609 -0.579119022027 -13.2080378894 -9.6524297197
610 -0.579124251701 -13.2080364336 -9.48776585064
611 -0.579132603702 -13.2080341103 -9.51801075112
612 -0.579136920162 -13.2080329104 -9.54049202757
613 -0.579144240478 -13.2080308768 -9.5724672688
614 -0.579149216761 -13.2080294953 -9.59188646786
615 -0.579155113639 -13.2080278593 -9.65999775211
616 -0.579159786831 -13.2080265634 -9.58887607554
617 -0.579163983164 -13.2080254004 -9.46482511415
618 -0.579168306984 -13.2080242026 -9.4276907097
619 -0.579175117497 -13.2080223171 -9.45573766446
620 -0.579180776869 -13.2080207513 -9.45117958341
621 -0.579185762374 -13.2080193728 -9.48879427344
622 -0.579190766335 -13.2080179899 -9.49182137423
623 -0.579196661752 -13.2080163617 -9.59702744772
624 -0.579202191407 -13.2080148354 -9.50678503018
625 -0.57920697449 -13.208013516 -9.60470096937
626 -0.579212865924 -13.2080118917 -9.56637885079
627 -0.579219118872 -13.208010169 -9.62976271139
628 -0.57922425135 -13.2080087558 -9.59833632142
629 -0.579230445241 -13.2080070515 -9.63605676356
630 -0.579235782574 -13.2080055837 -9.45118815883
631 -0.579242352635 -13.2080037782 -9.63071884983
632 -0.579246520768 -13.2080026334 -9.70488108034
633 -0.579250663258 -13.2080014962 -9.58954029379
634 -0.57925636048 -13.2079999331 -9.47326943481
635 -0.579260240655 -13.207998869 -9.5109051405
636 -0.579266185163 -13.2079972398 -9.69899087124
637 -0.579271190883 -13.2079958686 -9.58430506579
638 -0.579277100405 -13.2079942509 -9.56635521562
639 -0.579280442444 -13.2079933365 -9.47864570785
640 -0.579289405871 -13.2079908858 -9.59164045549
641 -0.579297213989 -13.2079887529 -9.58700745635
642 -0.57930016121 -13.2079879483 -9.649759921
643 -0.579304836683 -13.2079866724 -9.52993333219
644 -0.579310815214 -13.2079850419 -9.52435729755
645 -0.579315132784 -13.2079838651 -9.44613249184
646 -0.579321925831 -13.2079820147 -9.54880544656
647 -0.579329103668 -13.207980061 -9.55392229219
648 -0.579334070052 -13.2079787101 -9.65718826814
649 -0.579339724751 -13.2079771729 -9.46087069321
650 -0.579345608837 -13.2079755744 -9.48938469255
651 -0.579350850134 -13.2079741514 -9.62530370489
652 -0.579355359238 -13.2079729279 -9.55142598727
653 -0.579362525759 -13.2079709845 -9.75370598077
654 -0.579367205783 -13.2079697163 -9.55700991469
655 -0.579374089573 -13.2079678521 -9.67880247505
656 -0.579378714383 -13.2079666004 -9.60119648726
657 -0.57938480525 -13.2079649529 -9.62498479616
658 -0.579388602585 -13.2079639264 -9.53045116986
659 -0.579394747591 -13.2079622662 -9.50818640127
660 -0.57940035703 -13.2079607516 -9.52499728784
661 -0.579406031326 -13.2079592205 -9.49932688034
662 -0.579412796383 -13.2079573964 -9.60325245665
663 -0.579416217177 -13.2079564745 -9.53040460245
664 -0.579421552169 -13.2079550375 -9.41930572722
665 -0.579425946871 -13.2079538545 -9.6341736229
666 -0.579430087101 -13.2079527404 -9.57786493403
667 -0.579434993366 -13.207951421 -9.55846431572
668 -0.579440878206 -13.2079498393 -9.50244163939
669 -0.579446547406 -13.2079483165 -9.57685499889
670 -0.579450096149 -13.2079473638 -9.49185118131
671 -0.579454910987 -13.2079460718 -9.48053936659
672 -0.57945850182 -13.2079451088 -9.59290943621
673 -0.579463140317 -13.2079438653 -9.46258523351
674 -0.579465473784 -13.20794324 -9.63244723682
675 -0.5794721155 -13.2079414611 -9.70203595005
676 -0.57947897793 -13.2079396245 -9.5534944961
677 -0.579483424821 -13.2079384351 -9.53222164579
678 -0.579487879633 -13.2079372442 -9.48006063222
679 -0.579493319296 -13.2079357908 -9.58966628577
680 -0.579498831003 -13.2079343192 -9.6050688108
681 -0.579503508524 -13.2079330709 -9.71580441189
682 -0.579508812452 -13.2079316564 -9.64102354691
683 -0.579514621634 -13.207930108 -9.56836196062
684 -0.579523139807 -13.2079278395 -9.561613591
685 -0.579530353215 -13.2079259201 -9.4901054708
686 -0.579533105672 -13.2079251882 -9.44237362382
687 -0.579540468176 -13.2079232314 -9.58641436206
688 -0.579547126449 -13.2079214632 -9.58584088489
689 -0.579551822617 -13.2079202169 -9.55362978257
690 -0.579555320253 -13.2079192891 -9.52447134855
691 -0.579562675179 -13.2079173393 -9.54950734054
692 -0.579570181937 -13.2079153509 -9.52733606958
693 -0.57957452228 -13.2079142021 -9.56755507309
694 -0.579578521681 -13.2079131439 -9.58111776243
695 -0.579584299731 -13.2079116161 -9.47185299647
696 -0.579591420956 -13.2079097345 -9.62168373488
697 -0.579596137458 -13.2079084891 -9.67438360901
698 -0.579601248974 -13.2079071402 -9.62520028275
699 -0.579609619457 -13.207904933 -9.61561291544
700 -0.579614899205 -13.2079035418 -9.58633887428
701 -0.579618877548 -13.2079024941 -9.65956254046
702 -0.579623405691 -13.2079013023 -9.68343277291
703 -0.579626542738 -13.2079004769 -9.69168431733
704 -0.579631149762 -13.2078992653 -9.65097165783
705 -0.579637232671 -13.2078976666 -9.52491221839
706 -0.579641509679 -13.2078965432 -9.58238019659
707 -0.579649113039 -13.2078945474 -9.57968022036
708 -0.57965246879 -13.2078936672 -9.66410990881
709 -0.579659454534 -13.2078918358 -9.66636389098
710 -0.579664470149 -13.2078905218 -9.50583573487
711 -0.579669780787 -13.2078891314 -9.6936165051
712 -0.57967490497 -13.2078877906 -9.46091530414
713 -0.57968010738 -13.2078864301 -9.49627242912
714 -0.579684663767 -13.2078852392 -9.70003881323
715 -0.579690293005 -13.2078837689 -9.58439605045
716 -0.579694184538 -13.2078827529 -9.56053453416
717 -0.579698694796 -13.2078815761 -9.54096629702
718 -0.579703532394 -13.2078803145 -9.49750938965
719 -0.579711446443 -13.2078782521 -9.54778055149
720 -0.57971773327 -13.2078766151 -9.61075134877
721 -0.579725577051 -13.2078745744 -9.51780172028
722 -0.579730869838 -13.2078731984 -9.66481392984
723 -0.579736079225 -13.207871845 -9.62630233951
724 -0.579739337111 -13.207870999 -9.52649658629
725 -0.579743066844 -13.2078700308 -9.5760541112
726 -0.579747954093 -13.2078687628 -9.56414020669
727 -0.579753515614 -13.2078673208 -9.66412824867
728 -0.579757763227 -13.2078662201 -9.61139076134
729 -0.579763837374 -13.207864647 -9.66298681768
730 -0.579771150772 -13.2078627545 -9.52338740376
731 -0.579779053622 -13.2078607112 -9.54070772285
732 -0.579784218397 -13.2078593769 -9.54263336247
733 -0.579788981109 -13.2078581471 -9.51622983511
734 -0.579791988626 -13.207857371 -9.57177217061
735 -0.579799816673 -13.207855352 -9.53454053129
736 -0.579805599149 -13.2078538618 -9.64597963544
737 -0.579811383721 -13.207852372 -9.70560648972
738 -0.579818393965 -13.207850568 -9.61815697438
739 -0.57982167947 -13.207849723 -9.75337854556
740 -0.579824705926 -13.207848945 -9.58545427646
741 -0.579830492679 -13.207847458 -9.5351429177
742 -0.579838957348 -13.2078452848 -9.59204863729
743 -0.579844342508 -13.2078439033 -9.63622621904
744 -0.57985053911 -13.2078423148 -9.5464635848
745 -0.579857875549 -13.2078404356 -9.53593587564
746 -0.579864295244 -13.2078387925 -9.59486215261
747 -0.579870390865 -13.2078372335 -9.51987836555
748 -0.579875670296 -13.2078358842 -9.47941816684
749 -0.579882250721 -13.2078342036 -9.44839065268
750 -0.579886459973 -13.2078331292 -9.44379887478
751 -0.57989222777 -13.207831658 -9.61459036252
752 -0.579899856887 -13.2078297134 -9.65235658277
753 -0.579904871695 -13.2078284362 -9.62415002278
754 -0.579910967559 -13.2078268847 -9.60243156763
755 -0.579919348904 -13.2078247533 -9.59075454338
756 -0.579924570925 -13.2078234264 -9.67421887633
757 -0.579930035415 -13.2078220388 -9.64227032036
758 -0.579933222613 -13.2078212298 -9.43053805584
759 -0.579940847947 -13.2078192958 -9.52682011285
760 -0.579944565454 -13.2078183535 -9.39546608637
761 -0.579949237374 -13.2078171699 -9.6792181794
762 -0.579953660951 -13.2078160498 -9.65991493641
763 -0.579958865308 -13.2078147328 -9.54477180149
764 -0.579963965568 -13.207813443 -9.58552418877
765 -0.57996824746 -13.2078123607 -9.64675317984
766 -0.579974130792 -13.2078108745 -9.52548540554
767 -0.579976787368 -13.2078102038 -9.56222957943
768 -0.579981132341 -13.2078091073 -9.42176596658
769 -0.579986217676 -13.2078078246 -9.56069933037
770 -0.579994939263 -13.2078056266 -9.60634795546
771 -0.580001708792 -13.2078039222 -9.63972000516
772 -0.580006966119 -13.2078025994 -9.54130625247
773 -0.580013024024 -13.2078010763 -9.83666746307
774 -0.580016337602 -13.2078002437 -9.4535592356
775 -0.580020505354 -13.2077991968 -9.60223953207
776 -0.580020003142 -13.2077993229 -9.73254859855
777 -0.580024997815 -13.207798069 -9.55262380438
778 -0.580031334523 -13.2077964793 -9.56174001757
779 -0.580035288042 -13.2077954881 -9.63048828924
780 -0.580040805356 -13.2077941055 -9.49456231403
781 -0.580045434841 -13.2077929462 -9.6053142653
782 -0.580050758992 -13.2077916137 -9.54168625702
783 -0.580052035576 -13.2077912943 -9.54081249632
784 -0.580058384074 -13.2077897068 -9.59672055203
785 -0.580061774851 -13.2077888594 -9.4791818091
786 -0.580066782678 -13.2077876085 -9.61247096819
787 -0.580073606591 -13.2077859053 -9.50593266897
788 -0.580076750605 -13.207785121 -9.61907464554
789 -0.580082432564 -13.2077837043 -9.57190055689
790 -0.580087847586 -13.2077823552 -9.67869160093
791 -0.58009375455 -13.2077808845 -9.63488156585
792 -0.580097391081 -13.2077799796 -9.58826700734
793 -0.580102211044 -13.2077787808 -9.61685894192
794 -0.580109006266 -13.207777092 -9.62827676648
795 -0.580116944347 -13.2077751209 -9.57408652176
796 -0.580121962267 -13.2077738759 -9.69389894453
797 -0.580126364107 -13.2077727843 -9.57408014852
798 -0.580130764772 -13.2077716937 -9.55949904396
799 -0.580137794597 -13.2077699526 -9.56336136388
800 -0.580145358932 -13.2077680809 -9.55642228363
801 -0.580151335916 -13.2077666032 -9.44873458179
802 -0.580155130104 -13.2077656657 -9.61697238368
803 -0.580158933627 -13.2077647263 -9.51532209111
804 -0.580165227099 -13.2077631729 -9.59338967268
805 -0.580169145596 -13.2077622064 -9.68055320721
806 -0.580174088469 -13.2077609878 -9.56599378087
807 -0.580178853567 -13.2077598137 -9.54983285689
808 -0.580181836044 -13.2077590792 -9.61992973575
809 -0.580187420731 -13.2077577046 -9.37670235575
810 -0.580191852922 -13.2077566143 -9.56905470796
811 -0.580198793377 -13.2077549083 -9.50432551742
812 -0.580204105 -13.2077536036 -9.62128435025
813 -0.580207831366 -13.2077526888 -9.56138475426
814 -0.58021236704 -13.2077515759 -9.43387859418
815 -0.58022003731 -13.2077496953 -9.5555218404
816 -0.58022451715 -13.2077485977 -9.60840694127
817 -0.580230599853 -13.2077471084 -9.33575272805
818 -0.580236023644 -13.2077457814 -9.533783206
819 -0.580241358624 -13.207744477 -9.5398793469
820 -0.580246647159 -13.2077431848 -9.59049630676
821 -0.580252181949 -13.2077418333 -9.65956256911
822 -0.580255539532 -13.2077410139 -9.66259870908
823 -0.580262659671 -13.2077392774 -9.46127333943
824 -0.580267268502 -13.2077381542 -9.51040428517
825 -0.580273408316 -13.2077366589 -9.61633711157
826 -0.580277823501 -13.2077355843 -9.51745146183
827 -0.580283921644 -13.2077341011 -9.51404554258
828 -0.580291835758 -13.2077321779 -9.55522426654
829 -0.580296515325 -13.2077310416 -9.51080506093
830 -0.580304245487 -13.207729166 -9.68155211237
831 -0.580307477677 -13.2077283823 -9.52819625531
832 -0.580313125524 -13.2077270136 -9.60604503666
833 -0.580318601539 -13.2077256875 -9.7026745875
834 -0.580322263563 -13.2077248012 -9.51784204927
835 -0.580325541762 -13.2077240081 -9.54122555297
836 -0.580332777965 -13.2077222587 -9.5607440733
837 -0.580338193268 -13.2077209505 -9.63628922557
838 -0.580342943948 -13.2077198036 -9.67616608622
839 -0.580349304078 -13.2077182692 -9.57170840357
840 -0.580352909714 -13.2077173999 -9.51153854256
841 -0.580357674289 -13.2077162518 -9.6034124308
842 -0.580361815281 -13.2077152544 -9.56555760424
843 -0.58036664608 -13.2077140917 -9.59808740059
844 -0.58037018588 -13.2077132401 -9.59075048573
845 -0.580376431451 -13.2077117385 -9.49855275375
846 -0.580380354689 -13.2077107958 -9.72730429889
847 -0.580382288374 -13.2077103314 -9.50371913922
848 -0.580388462817 -13.2077088491 -9.55355922512
849 -0.580393645528 -13.2077076059 -9.4189299607
850 -0.580399621634 -13.2077061733 -9.58659807109
851 -0.58040261712 -13.2077054556 -9.55827711156
852 -0.580408257379 -13.207704105 -9.66237285685
853 -0.580415212601 -13.2077024409 -9.33768674628
854 -0.580422945677 -13.2077005923 -9.66462347613
855 -0.580430149252 -13.207698872 -9.57852069768
856 -0.580435930288 -13.2076974925 -9.66978601342
857 -0.580441208085 -13.207696234 -9.46453798354
858 -0.580443864674 -13.2076956009 -9.46952090574
859 -0.580447290696 -13.2076947847 -9.50921872602
860 -0.580453008705 -13.2076934232 -9.54721324257
861 -0.580458030986 -13.2076922282 -9.43908460214
862 -0.580464948535 -13.2076905835 -9.52572761085
863 -0.58047252202 -13.2076887845 -9.61482311057
864 -0.580479164543 -13.2076872081 -9.55053076275
865 -0.580483281612 -13.2076862317 -9.66971059498
866 -0.58048916115 -13.2076848382 -9.49900985495
867 -0.580492619547 -13.207684019 -9.5620560525
868 -0.580497431245 -13.2076828798 -9.68583804309
869 -0.58050260481 -13.2076816558 -9.61838282387
870 -0.580505742947 -13.2076809138 -9.43153462382
871 -0.580512727135 -13.2076792633 -9.64805441581
872 -0.580516193902 -13.2076784446 -9.60525030243
873 -0.580523698388 -13.2076766736 -9.58017431747
874 -0.580528432815 -13.2076755572 -9.61874701554
875 -0.580536079523 -13.2076737555 -9.49641020414
876 -0.580538941431 -13.2076730817 -9.52468730582
877 -0.580542979556 -13.2076721313 -9.50972276807
878 -0.580546778089 -13.2076712377 -9.5851297508
879 -0.58055147102 -13.2076701344 -9.64473667186
880 -0.580560971956 -13.2076679027 -9.59365754712
881 -0.580568446715 -13.2076661489 -9.6295753818
882 -0.580572232449 -13.2076652612 -9.50653758376
883 -0.580576081447 -13.2076643592 -9.55575531116
884 -0.580581125848 -13.2076631777 -9.6213845265
885 -0.580585985107 -13.2076620404 -9.55963188053
886 -0.580590496057 -13.2076609851 -9.51398127408
887 -0.580595441237 -13.2076598291 -9.61074531709
888 -0.580601097934 -13.2076585075 -9.63995494469
889 -0.580607257166 -13.2076570697 -9.55938616918
890 -0.580612910735 -13.207655751 -9.49369571748
891 -0.580616336528 -13.2076549523 -9.52570544959
892 -0.580623314445 -13.2076533267 -9.58744257309
893 -0.580628438068 -13.207652134 -9.52140887869
894 -0.580631161368 -13.2076515004 -9.62794195844
895 -0.580633849371 -13.2076508752 -9.56945056017
896 -0.580639695482 -13.2076495162 -9.51841359157
897 -0.580645729324 -13.2076481147 -9.54168709037
898 -0.580650159355 -13.2076470864 -9.58232835089
899 -0.580656029243 -13.2076457248 -9.45079060866
900 -0.580661342666 -13.2076444932 -9.53468663368
901 -0.58066738525 -13.2076430936 -9.69744743012
902 -0.580673246853 -13.207641737 -9.56024775297
903 -0.580677260328 -13.2076408087 -9.69020887077
904 -0.580681990363 -13.2076397153 -9.6030655512
905 -0.580689389254 -13.2076380064 -9.48537423656
906 -0.580694134208 -13.2076369113 -9.48868320815
907 -0.580704097634 -13.207634614 -9.48512269806
908 -0.580707871426 -13.2076337446 -9.58106630459
909 -0.580712671095 -13.2076326396 -9.60326369874
910 -0.580714263564 -13.2076322731 -9.56714876275
911 -0.580720914652 -13.2076307433 -9.61354698219
912 -0.58072684818 -13.2076293796 -9.54686670952
913 -0.580730688179 -13.2076284977 -9.64728499161
914 -0.580738217321 -13.2076267698 -9.59595280862
915 -0.580742748191 -13.2076257307 -9.62411811725
916 -0.580746484092 -13.2076248745 -9.41927302586
917 -0.58075125448 -13.2076237818 -9.64723650952
918 -0.580754830945 -13.207622963 -9.57893789475
919 -0.580760402356 -13.2076216882 -9.65359400417
920 -0.580763441429 -13.2076209933 -9.50514630432
921 -0.58076709764 -13.2076201576 -9.77834854079
922 -0.580771883286 -13.2076190643 -9.72127621991
923 -0.580777173146 -13.2076178567 -9.5944242958
924 -0.580782705765 -13.2076165946 -9.5225912789
925 -0.580787849562 -13.207615422 -9.49399921534
926 -0.580792526485 -13.2076143565 -9.66869623555
927 -0.58079530262 -13.2076137243 -9.63080825454
928 -0.580798739016 -13.2076129422 -9.53633699088
929 -0.580803080251 -13.2076119546 -9.67259478264
930 -0.580805181876 -13.2076114767 -9.66256969815
931 -0.580811861772 -13.2076099586 -9.62750623571
932 -0.580816847039 -13.2076088265 -9.47163674311
933 -0.580821823744 -13.2076076971 -9.52506783008
934 -0.580826950358 -13.2076065345 -9.58848677263
935 -0.580832965302 -13.2076051714 -9.64948950113
936 -0.580836926466 -13.2076042744 -9.57177634763
937 -0.580843964483 -13.2076026817 -9.68557026324
938 -0.58084869287 -13.2076016125 -9.63069134794
939 -0.580853092879 -13.2076006182 -9.64103935368
940 -0.580859226623 -13.2075992331 -9.61604991093
941 -0.580864387339 -13.2075980685 -9.60347409081
942 -0.580869542182 -13.2075969061 -9.60277306586
943 -0.580875552933 -13.2075955518 -9.64101628487
944 -0.580878640774 -13.2075948564 -9.54804271409
945 -0.580885666462 -13.2075932754 -9.62625518048
946 -0.580894208869 -13.207591355 -9.62252551523
947 -0.580894983979 -13.2075911809 -9.61710352339
948 -0.580898691839 -13.2075903481 -9.66671142407
949 -0.58090494759 -13.2075889441 -9.41033335803
950 -0.580909084697 -13.2075880162 -9.60860035866
951 -0.580913913583 -13.2075869338 -9.60390594221
952 -0.580918178025 -13.2075859785 -9.68797642158
953 -0.580921581555 -13.2075852165 -9.51929613269
954 -0.580926589225 -13.2075840959 -9.6084109996
955 -0.580934690096 -13.2075822848 -9.57260083512
956 -0.580939632445 -13.2075811808 -9.52420191612
957 -0.580943858541 -13.2075802374 -9.60645154165
958 -0.580947510101 -13.2075794227 -9.622228156
959 -0.580953131402 -13.2075781693 -9.54601101185
960 -0.58095777105 -13.2075771354 -9.60287108775
961 -0.580961158345 -13.2075763811 -9.57148448553
962 -0.580966189742 -13.2075752612 -9.49125203048
963 -0.580971322758 -13.2075741196 -9.68352409596
964 -0.58097570201 -13.2075731462 -9.62997206493
965 -0.580978738373 -13.2075724716 -9.45738072447
966 -0.580981882457 -13.2075717734 -9.51600044773
967 -0.580987399881 -13.2075705488 -9.56523503943
968 -0.580992141505 -13.2075694972 -9.52750359584
969 -0.580997468764 -13.2075683165 -9.6333765873
970 -0.581003357867 -13.2075670123 -9.37729257871
971 -0.581010754257 -13.2075653758 -9.54853609317
972 -0.581014699371 -13.2075645036 -9.60592921874
973 -0.581021560921 -13.2075629877 -9.63547242764
974 -0.581028195326 -13.2075615233 -9.569700697
975 -0.581030531149 -13.207561008 -9.61139046836
976 -0.581035606195 -13.2075598891 -9.49273697958
977 -0.581038701367 -13.2075592071 -9.53639963116
978 -0.581043466406 -13.2075581577 -9.51899755036
979 -0.581048825043 -13.2075569783 -9.68173942433
980 -0.581053993638 -13.2075558416 -9.62280507557
981 -0.581059790629 -13.2075545677 -9.59100034301
982 -0.581064493112 -13.2075535351 -9.6140326933
983 -0.581067642743 -13.2075528438 -9.63016330833
984 -0.581072254195 -13.2075518322 -9.63898990514
985 -0.581078475468 -13.2075504685 -9.56160005217
986 -0.581084263106 -13.2075492009 -9.665791617
987 -0.581088920764 -13.2075481815 -9.542010358
988 -0.581094138972 -13.2075470403 -9.5752522104
989 -0.581099303924 -13.2075459115 -9.56216003697
990 -0.581103219933 -13.2075450561 -9.47354023132
991 -0.581107112901 -13.2075442063 -9.5484288073
992 -0.581108723473 -13.2075438549 -9.61052935899
993 -0.581115753709 -13.2075423217 -9.47676694134
994 -0.58111976664 -13.2075414472 -9.5207378308
995 -0.581125205928 -13.2075402627 -9.455837182
996 -0.58113168597 -13.2075388526 -9.56456274035
997 -0.581134457956 -13.2075382498 -9.64537048744
998 -0.581139594132 -13.2075371336 -9.5994881617
999 -0.581143467794 -13.2075362922 -9.63113303339
1000 -0.581146690051 -13.2075355927 -9.62243837508
