1000 0.001 0.5 gpomdp 1000000

1 -0.575853 -7.13417489272 -3.60747431576
2 -0.576118491103 -7.13411883459 -3.64997777213
3 -0.576295334 -7.1340821707 -3.68464292612
4 -0.576494098674 -7.13404160694 -3.71678692617
5 -0.576626714414 -7.13401492233 -3.67953006824
6 -0.577029126433 -7.13393580807 -3.71501391591
7 -0.577186476379 -7.13390563269 -3.58524247951
8 -0.577446386369 -7.13385672374 -3.70042570672
9 -0.577777987769 -7.13379601337 -3.64303920084
10 -0.577694988963 -7.13381103137 -3.74376774795
11 -0.577937818447 -7.13376742715 -3.68485155198
12 -0.578149215743 -7.13373029301 -3.61881527697
13 -0.578176187781 -7.13372561036 -3.73016976356
14 -0.578149684299 -7.13373021156 -3.68198297853
15 -0.578089830166 -7.13374064709 -3.69623532839
16 -0.578179051956 -7.13372511385 -3.7324860402
17 -0.578382194063 -7.13369025784 -3.68748582776
18 -0.578735115099 -7.13363138766 -3.66328917085
19 -0.578991889928 -7.13358989912 -3.66381000999
20 -0.579059754276 -7.13357912286 -3.64157374995
21 -0.579032077542 -7.13358350815 -3.73839316064
22 -0.578961259862 -7.13359478877 -3.660588891
23 -0.579039219068 -7.13358237534 -3.64621995986
24 -0.579089234176 -7.13357446632 -3.70076024973
25 -0.579303013736 -7.13354114424 -3.76665696382
26 -0.579394975755 -7.13352705095 -3.7990030434
27 -0.579108606693 -7.13357141442 -3.67599219562
28 -0.579464279964 -7.13351652573 -3.70651802382
29 -0.579506625019 -7.13351013529 -3.72440486291
30 -0.579469405051 -7.13351575065 -3.76387390857
31 -0.579486053315 -7.133513236 -3.64805104215
32 -0.579506288867 -7.1335101859 -3.68866844386
33 -0.5798672717 -7.13345695306 -3.67787782751
34 -0.579874301942 -7.13345593848 -3.65889386551
35 -0.579940797499 -7.13344638386 -3.63736268127
36 -0.579817954385 -7.13346409416 -3.65880469961
37 -0.580141556661 -7.13341799603 -3.6541419309
38 -0.58024658788 -7.13340341894 -3.64015501923
39 -0.58060461714 -7.13335514525 -3.67713423367
40 -0.580612894938 -7.13335405504 -3.75997757494
41 -0.58073110408 -7.13333861415 -3.67538295047
42 -0.580735884552 -7.13333799473 -3.74652554087
43 -0.580606948684 -7.13335483806 -3.64906020451
44 -0.580954971702 -7.13331002531 -3.64574226632
45 -0.581010667414 -7.13330304556 -3.69286283267
46 -0.581057326233 -7.13329723904 -3.71246177571
47 -0.581170605367 -7.13328329634 -3.75855773778
48 -0.580989602749 -7.13330567915 -3.67706389792
49 -0.580994885156 -7.13330501801 -3.68604448433
50 -0.581211181876 -7.13327835529 -3.68776808737
51 -0.581117467279 -7.13328980947 -3.68029342039
52 -0.581214638854 -7.13327793563 -3.70041737209
53 -0.581438804992 -7.13325115765 -3.73078247406
54 -0.581440819905 -7.13325092084 -3.77931110494
55 -0.581221238405 -7.13327713504 -3.70442833556
56 -0.581485690485 -7.13324566517 -3.7004398579
57 -0.581561349409 -7.13323688094 -3.68060017726
58 -0.581852537587 -7.13320398257 -3.67523482134
59 -0.581968845585 -7.13319124546 -3.68869643978
60 -0.581998698893 -7.13318801328 -3.71889004324
61 -0.582312396023 -7.13315496612 -3.66310065334
62 -0.582360553372 -7.13315004099 -3.72401013537
63 -0.582536491494 -7.13313238249 -3.66470108112
64 -0.582516642142 -7.13313434841 -3.68676051938
65 -0.582539112637 -7.13313212339 -3.70493171156
66 -0.582687299962 -7.1331176647 -3.64627427161
67 -0.582733530782 -7.13311323026 -3.74007577679
68 -0.582756210089 -7.13311106813 -3.61063696334
69 -0.583111525739 -7.13307833384 -3.73455964099
70 -0.583344001399 -7.13305807533 -3.72935956622
71 -0.583626809495 -7.1330346656 -3.64089922251
72 -0.583781102148 -7.13302246501 -3.73351124337
73 -0.583925465493 -7.13301141453 -3.69317749644
74 -0.584185131867 -7.13299242561 -3.69036000889
75 -0.584256729986 -7.13298739035 -3.69030714875
76 -0.58445897447 -7.13297363527 -3.664420045
77 -0.584607521332 -7.13296397257 -3.67574599164
78 -0.584739023051 -7.13295572966 -3.66409090782
79 -0.584922942459 -7.13294469081 -3.67898898418
80 -0.585018695987 -7.13293916967 -3.71337563289
81 -0.585134959605 -7.13293267388 -3.69771635911
82 -0.585191360122 -7.13292960484 -3.71820293451
83 -0.585248684257 -7.13292654052 -3.69594484567
84 -0.585287849196 -7.13292447878 -3.69639886221
85 -0.585231867948 -7.13292743371 -3.74383938405
86 -0.585323704459 -7.13292261395 -3.66013000597
87 -0.585398066098 -7.13291881548 -3.71371458309
88 -0.585616358017 -7.13290820324 -3.69654647396
89 -0.585876906246 -7.13289658751 -3.62735431787
90 -0.585979584002 -7.13289232391 -3.63742378829
91 -0.586074082722 -7.13288855672 -3.70425259877
92 -0.586222375492 -7.13288294791 -3.67675819353
93 -0.586190484862 -7.13288412287 -3.58027857849
94 -0.586056231308 -7.13288925685 -3.68536239755
95 -0.586113804675 -7.13288701806 -3.68823938768
96 -0.586232092303 -7.13288259331 -3.72325872909
97 -0.586229794036 -7.13288267704 -3.70095732663
98 -0.586400959781 -7.13287668428 -3.6149656511
99 -0.586348670796 -7.13287846273 -3.65748120059
100 -0.586491206565 -7.13287372292 -3.66379813545
101 -0.58652663258 -7.13287259786 -3.77875740215
102 -0.58687005084 -7.13286278451 -3.66249692037
103 -0.587080446449 -7.13285775063 -3.67864908075
104 -0.58702949191 -7.13285890157 -3.69283538004
105 -0.587120931433 -7.13285686722 -3.74081932055
106 -0.587124690628 -7.13285678659 -3.66868352481
107 -0.587058459342 -7.13285824192 -3.61041417975
108 -0.587058301902 -7.13285824547 -3.72562136356
109 -0.587076020391 -7.13285784887 -3.68947916477
110 -0.587470866159 -7.13285037731 -3.73276228025
111 -0.587561578602 -7.13284903006 -3.64249546744
112 -0.587649967886 -7.13284784996 -3.66343831174
113 -0.587492191808 -7.13285004818 -3.76934205931
114 -0.587665341941 -7.13284765806 -3.63137943833
115 -0.587915305261 -7.13284509358 -3.74114587032
116 -0.587915367245 -7.13284509308 -3.59105574468
117 -0.587788692008 -7.13284626177 -3.67735561382
118 -0.587863214082 -7.1328455417 -3.68205266805
119 -0.58823149318 -7.13284334822 -3.77735364951
120 -0.588107557221 -7.13284383297 -3.65349243896
121 -0.587973558359 -7.13284464628 -3.68654125236
122 -0.588221020098 -7.13284337924 -3.65565751074
123 -0.588254051045 -7.13284328764 -3.64738739388
124 -0.588302704224 -7.13284318595 -3.68762940402
125 -0.588200021386 -7.13284344697 -3.65849328792
126 -0.588165144566 -7.13284357576 -3.69508044295
127 -0.588027532853 -7.13284428253 -3.6787336753
128 -0.588097077615 -7.13284388574 -3.74606690283
129 -0.58800193081 -7.13284444899 -3.67413044872
130 -0.588039296799 -7.13284420972 -3.67711321171
131 -0.587983688495 -7.13284457429 -3.67622705297
132 -0.587689663111 -7.13284736258 -3.64979915478
133 -0.587876365851 -7.13284542427 -3.67905935853
134 -0.5879021867 -7.13284520216 -3.73056064243
135 -0.587953965566 -7.13284479038 -3.7047852316
136 -0.587979987953 -7.13284460039 -3.71874693644
137 -0.587736183155 -7.132846825 -3.65166964049
138 -0.587547501145 -7.13284923009 -3.72706441508
139 -0.587577547546 -7.13284880716 -3.64841464883
140 -0.587549205248 -7.1328492057 -3.63187096569
141 -0.587576312429 -7.13284882425 -3.64310335381
142 -0.587861240665 -7.13284555957 -3.80318940868
143 -0.587834675942 -7.13284580646 -3.65878338622
144 -0.587842368705 -7.13284573375 -3.65954460211
145 -0.587877604556 -7.13284541336 -3.67935507502
146 -0.587991716265 -7.13284451846 -3.71419363407
147 -0.588006331715 -7.13284441959 -3.60723029568
148 -0.588006521489 -7.13284441833 -3.70651090023
149 -0.588085049984 -7.13284394857 -3.78141264914
150 -0.587815350666 -7.1328459935 -3.63766634624
151 -0.587863221069 -7.13284554163 -3.69932740717
152 -0.58779378925 -7.13284620956 -3.73811277439
153 -0.587690919522 -7.13284734759 -3.75059444902
154 -0.587846518207 -7.13284569494 -3.64112100398
155 -0.587883121217 -7.13284536508 -3.65780227927
156 -0.587878244503 -7.13284540773 -3.66292128462
157 -0.587953423033 -7.13284479447 -3.72372945444
158 -0.587866801695 -7.13284550938 -3.69363237627
159 -0.587964437003 -7.13284471257 -3.71118174772
160 -0.588189077012 -7.13284348519 -3.6749294773
161 -0.588459512107 -7.13284312762 -3.69789611204
162 -0.588507676874 -7.13284319224 -3.68869042265
163 -0.588688668561 -7.13284378173 -3.65730163969
164 -0.588632582743 -7.13284354051 -3.72165584646
165 -0.588844368328 -7.13284472683 -3.71493739217
166 -0.588733860883 -7.13284401433 -3.75040540288
167 -0.589039224841 -7.13284648006 -3.70610565516
168 -0.589067139865 -7.13284678314 -3.67496042286
169 -0.5890501032 -7.13284659662 -3.69071740663
170 -0.589084009327 -7.1328469726 -3.68702121539
171 -0.588933675983 -7.13284545167 -3.7298416775
172 -0.58918303036 -7.13284818049 -3.67889344787
173 -0.589125090841 -7.13284745386 -3.70356176641
174 -0.589008902243 -7.13284616557 -3.66431090458
175 -0.589019898937 -7.13284627785 -3.652429521
176 -0.588899859332 -7.13284516154 -3.61503354826
177 -0.588821047141 -7.13284455948 -3.68469892531
178 -0.588845387633 -7.13284473435 -3.66264222083
179 -0.589081510543 -7.13284694424 -3.73216372033
180 -0.589382779011 -7.132851115 -3.70282036443
181 -0.589425697259 -7.13285183238 -3.72988923153
182 -0.589267356407 -7.13284933813 -3.6795993101
183 -0.589335711117 -7.13285036358 -3.72014437327
184 -0.589643628001 -7.13285594906 -3.69343138436
185 -0.58989959239 -7.13286179507 -3.5882012568
186 -0.589982910622 -7.13286393345 -3.62501577474
187 -0.589960927159 -7.13286335801 -3.64405127211
188 -0.589903264342 -7.13286188687 -3.64505989745
189 -0.589893787761 -7.1328616504 -3.67324505
190 -0.590060592948 -7.13286603133 -3.69482644585
191 -0.589957584064 -7.13286327121 -3.64199930566
192 -0.589900887029 -7.13286182741 -3.63873936316
193 -0.589973626782 -7.13286368946 -3.74053894374
194 -0.589914426629 -7.13286216733 -3.60246761923
195 -0.589883928925 -7.13286140597 -3.64414641744
196 -0.589850910106 -7.13286059914 -3.74027245061
197 -0.590010330195 -7.13286466247 -3.68521036728
198 -0.590134257012 -7.13286811351 -3.67878316975
199 -0.59032812973 -7.13287402515 -3.68324905948
200 -0.590277660156 -7.13287242599 -3.61344134319
201 -0.590200381004 -7.13287005949 -3.62913008116
202 -0.589969035914 -7.13286356933 -3.6929134504
203 -0.589903954787 -7.13286190416 -3.77236884561
204 -0.589715753269 -7.13285748586 -3.68850803785
205 -0.590075353328 -7.13286644131 -3.70882087262
206 -0.589911487712 -7.13286209329 -3.69162149379
207 -0.589701329468 -7.13285717159 -3.64392473379
208 -0.589449142583 -7.13285223724 -3.71983265461
209 -0.589757897951 -7.13285842399 -3.72115193704
210 -0.589589354588 -7.1328548498 -3.72469848783
211 -0.589695413641 -7.1328570437 -3.73874977852
212 -0.589744904928 -7.13285813161 -3.64896024807
213 -0.58974647236 -7.13285816673 -3.69440389963
214 -0.589945995917 -7.13286297176 -3.63960473413
215 -0.589935169245 -7.13286269401 -3.65248828299
216 -0.589786639375 -7.13285908074 -3.70237177949
217 -0.5898554416 -7.13286070879 -3.6146408673
218 -0.589894307313 -7.13286166332 -3.71322754424
219 -0.589849198873 -7.13286055782 -3.73623119557
220 -0.589847653821 -7.13286052055 -3.64529785735
221 -0.589712414283 -7.1328574128 -3.68828183649
222 -0.589784100742 -7.13285902217 -3.72352310243
223 -0.589761183608 -7.13285849837 -3.67662314508
224 -0.589595186089 -7.13285496555 -3.67120193772
225 -0.589643349673 -7.13285594329 -3.72583321428
226 -0.589652857408 -7.13285614087 -3.64168207808
227 -0.589569521952 -7.13285446035 -3.62354957758
228 -0.589514140542 -7.13285340758 -3.6443677801
229 -0.589729062379 -7.13285777892 -3.69457031573
230 -0.589605695665 -7.1328551756 -3.74424604727
231 -0.589675834862 -7.13285662459 -3.66439903376
232 -0.589751417686 -7.13285827781 -3.61098270388
233 -0.589789648123 -7.13285915028 -3.72375963454
234 -0.589825398214 -7.13285998818 -3.62348189176
235 -0.589750684466 -7.13285826132 -3.74758368877
236 -0.589822611479 -7.1328599221 -3.64880067464
237 -0.589785413838 -7.13285905245 -3.65926231636
238 -0.589739314119 -7.13285800667 -3.62979316806
239 -0.589562858596 -7.13285433098 -3.65242459467
240 -0.589771653641 -7.13285873659 -3.72347679941
241 -0.589861248444 -7.13286084981 -3.64195006545
242 -0.590047787154 -7.13286567858 -3.69274838276
243 -0.590105863932 -7.13286730025 -3.63063736735
244 -0.589973247174 -7.13286367951 -3.66023423988
245 -0.589966677536 -7.13286350776 -3.65455192939
246 -0.590095157838 -7.13286699709 -3.70787846189
247 -0.590130592384 -7.13286800779 -3.67807826333
248 -0.590165000498 -7.13286900921 -3.76950635798
249 -0.589903212522 -7.13286188557 -3.80053441643
250 -0.589973888128 -7.1328636963 -3.66240567589
251 -0.590350994866 -7.1328747636 -3.79535096835
252 -0.590309865184 -7.13287344153 -3.81103279782
253 -0.590490670075 -7.13287946335 -3.65434265863
254 -0.5901914348 -7.13286979195 -3.65341107958
255 -0.590047034905 -7.13286565794 -3.73137972265
256 -0.589924059492 -7.13286241103 -3.65180112295
257 -0.590164400794 -7.13286899159 -3.7493849981
258 -0.590202866571 -7.13287013406 -3.64030938195
259 -0.590327658388 -7.13287401002 -3.69299148714
260 -0.590289444276 -7.13287279558 -3.62595555149
261 -0.59040697275 -7.13287660816 -3.63848477454
262 -0.590252684088 -7.13287165028 -3.68224941045
263 -0.590117598038 -7.13286763472 -3.70700781271
264 -0.590192812443 -7.13286983307 -3.70453296604
265 -0.590408150761 -7.13287664753 -3.59893553417
266 -0.590463653201 -7.13287852898 -3.68327848493
267 -0.590515231146 -7.13288032332 -3.7014964147
268 -0.590425347264 -7.13287722499 -3.71571781862
269 -0.590414433146 -7.13287685793 -3.6171623595
270 -0.590352851372 -7.13287482394 -3.71696936404
271 -0.590432247685 -7.13287745809 -3.67413671559
272 -0.5904113081 -7.13287675319 -3.66108122248
273 -0.590473899846 -7.13287888193 -3.60346812407
274 -0.590594221717 -7.13288315708 -3.76507468005
275 -0.590633222999 -7.13288459449 -3.72581751412
276 -0.590568324946 -7.13288221661 -3.62467663855
277 -0.590365771116 -7.13287524543 -3.72993100154
278 -0.590438709417 -7.13287767709 -3.67357834619
279 -0.590281121596 -7.13287253431 -3.71297528357
280 -0.590515605017 -7.13288033649 -3.69073525711
281 -0.590582640628 -7.13288273512 -3.62182590514
282 -0.590360774037 -7.13287508208 -3.68102774615
283 -0.590428350383 -7.13287732634 -3.66902083929
284 -0.590350511994 -7.13287474791 -3.69959115141
285 -0.590363433315 -7.13287516896 -3.67919018202
286 -0.590497921028 -7.13287971619 -3.69048722207
287 -0.59063751632 -7.13288475427 -3.67596375259
288 -0.590776075015 -7.13289007531 -3.71211727483
289 -0.590696508615 -7.13288698073 -3.63387785185
290 -0.590646331795 -7.1328850833 -3.68305451595
291 -0.590489826984 -7.13287943401 -3.71102182258
292 -0.590589701974 -7.13288299214 -3.68850339377
293 -0.59056627149 -7.13288214251 -3.61375928543
294 -0.590484507394 -7.13287924915 -3.73915825571
295 -0.59035351277 -7.13287484545 -3.63351139349
296 -0.590387579041 -7.1328759632 -3.68650574442
297 -0.590420488274 -7.13287706133 -3.69135775
298 -0.590506066008 -7.13288000124 -3.73930646684
299 -0.590455832823 -7.13287826078 -3.69240469531
300 -0.590480679504 -7.13287911642 -3.66420302401
301 -0.590551663636 -7.13288161743 -3.71703379466
302 -0.59038739177 -7.132875957 -3.66338932837
303 -0.590563016518 -7.13288202521 -3.70132143767
304 -0.59048789815 -7.13287936693 -3.69745586037
305 -0.590258880306 -7.13287184176 -3.66965850196
306 -0.590486652637 -7.13287932364 -3.68600419217
307 -0.590571099084 -7.13288231682 -3.65818258205
308 -0.590417648414 -7.13287696586 -3.66685676816
309 -0.590232007424 -7.13287101596 -3.67279211347
310 -0.590360214674 -7.13287506382 -3.6365043591
311 -0.590653845566 -7.13288536477 -3.63510938547
312 -0.590743323171 -7.13288878875 -3.72450430248
313 -0.590748254931 -7.13288898134 -3.70391812441
314 -0.590588011498 -7.13288293053 -3.7197879846
315 -0.590571251734 -7.13288232234 -3.64701345992
316 -0.590551106433 -7.13288159747 -3.64851778264
317 -0.590444040063 -7.13287785827 -3.7468210277
318 -0.590411177236 -7.13287674881 -3.70630575911
319 -0.590643150543 -7.13288496442 -3.65959206166
320 -0.590683692498 -7.13288649211 -3.67600118712
321 -0.590812814484 -7.13289153973 -3.69445707161
322 -0.590714150891 -7.13288765781 -3.59299495708
323 -0.590737663709 -7.13288856824 -3.68506825333
324 -0.590775812099 -7.13289006491 -3.65763051249
325 -0.59068016078 -7.13288635794 -3.64098619235
326 -0.590525808275 -7.13288069676 -3.63380956606
327 -0.590502583257 -7.13287987922 -3.68458124679
328 -0.590488015424 -7.132879371 -3.67571696389
329 -0.590284301399 -7.132872634 -3.67984322324
330 -0.590271152858 -7.13287222289 -3.69486702507
331 -0.590382377713 -7.13287579129 -3.68494626403
332 -0.590531128259 -7.13288088529 -3.64005082073
333 -0.590683765063 -7.13288649487 -3.70298078592
334 -0.590799801418 -7.13289101847 -3.62614678747
335 -0.590896058486 -7.13289494078 -3.72680251953
336 -0.59118819556 -7.13290778725 -3.69370641489
337 -0.591288881595 -7.1329125432 -3.65200829624
338 -0.591229697761 -7.13290972724 -3.615784179
339 -0.590937957745 -7.13289669619 -3.60851837707
340 -0.591022785274 -7.13290033941 -3.6435182946
341 -0.591124363761 -7.1329048593 -3.69004864202
342 -0.591165357437 -7.1329067319 -3.70828931629
343 -0.591063250582 -7.13290211945 -3.71081934005
344 -0.590991186727 -7.13289896833 -3.65607559564
345 -0.590783510886 -7.13289036989 -3.70353436797
346 -0.590799917387 -7.1328910231 -3.69357288646
347 -0.590607177365 -7.13288363176 -3.64561959839
348 -0.590837264776 -7.13289252674 -3.71251152716
349 -0.590849253172 -7.13289301431 -3.67116354572
350 -0.590520790396 -7.13288051936 -3.66730310625
351 -0.590721393929 -7.13288793729 -3.68841141838
352 -0.590644126542 -7.13288500087 -3.74021093574
353 -0.590806644609 -7.13289129223 -3.73282361115
354 -0.590626150939 -7.13288433197 -3.65232169718
355 -0.590758733612 -7.13288939188 -3.76570549013
356 -0.59071402956 -7.13288765314 -3.67767204748
357 -0.590792979554 -7.13289074633 -3.71834555378
358 -0.5907654036 -7.13288965416 -3.66740181433
359 -0.590755368479 -7.13288925984 -3.68184086429
360 -0.590838751614 -7.13289258708 -3.69202956421
361 -0.590706695922 -7.13288737107 -3.73294551875
362 -0.590876840996 -7.1328941454 -3.68215521642
363 -0.590848656161 -7.13289298998 -3.66476958679
364 -0.590856357941 -7.1328933044 -3.71079255328
365 -0.590619406058 -7.13288408237 -3.59271086955
366 -0.590630141575 -7.13288448 -3.74748951289
367 -0.590738546817 -7.13288860261 -3.69991479847
368 -0.590752644352 -7.13288915309 -3.65037037499
369 -0.590688504195 -7.13288667524 -3.65881134588
370 -0.590589285529 -7.13288297695 -3.66782672249
371 -0.590705652797 -7.13288733102 -3.66196967478
372 -0.590677816376 -7.13288626899 -3.71047650945
373 -0.590762122717 -7.13288952505 -3.69183908708
374 -0.590603166841 -7.13288348452 -3.71958601173
375 -0.590595042018 -7.13288318705 -3.65868956022
376 -0.590462811516 -7.13287850007 -3.62060887271
377 -0.590358887032 -7.1328750205 -3.66329039363
378 -0.590349083619 -7.13287470154 -3.55708340223
379 -0.590109547053 -7.13286740499 -3.72513251344
380 -0.590218341414 -7.13287060062 -3.70003646337
381 -0.590324899014 -7.13287392151 -3.7403366426
382 -0.590311385502 -7.1328734899 -3.65940597892
383 -0.590490619243 -7.13287946158 -3.7292320932
384 -0.590442965166 -7.1328778217 -3.66399275421
385 -0.590563064396 -7.13288202693 -3.68113153645
386 -0.590539061343 -7.13288116729 -3.7769714929
387 -0.590519831125 -7.1328804855 -3.7619196968
388 -0.590415574017 -7.1328768962 -3.76648887301
389 -0.590454294904 -7.13287820816 -3.70289297447
390 -0.590719228644 -7.13288785365 -3.59829380693
391 -0.590720556785 -7.13288790494 -3.6324393602
392 -0.590485286842 -7.1328792762 -3.64547928467
393 -0.590197387548 -7.13286996982 -3.69349000096
394 -0.590244557796 -7.13287140014 -3.6449201633
395 -0.590253906438 -7.13287168801 -3.6266914511
396 -0.590117514861 -7.13286763234 -3.70874699207
397 -0.590019326488 -7.13286490438 -3.70308400395
398 -0.590027333253 -7.13286512082 -3.67771444407
399 -0.589875612551 -7.13286120104 -3.61482878266
400 -0.589872454839 -7.13286112354 -3.72939141218
401 -0.589660645462 -7.13285630384 -3.69858739211
402 -0.589894309954 -7.13286166339 -3.69534452756
403 -0.58994390947 -7.13286291808 -3.75206368006
404 -0.589913935247 -7.13286215494 -3.64143073153
405 -0.589687925359 -7.13285688265 -3.6326474992
406 -0.589630115003 -7.13285567077 -3.633547678
407 -0.589732657392 -7.13285785859 -3.71210585775
408 -0.58988088789 -7.1328613309 -3.68901869105
409 -0.589963184408 -7.13286341673 -3.64515193898
410 -0.590006026966 -7.13286454723 -3.72633964334
411 -0.589971801333 -7.13286364165 -3.71031368953
412 -0.59015505566 -7.13286871775 -3.67003724551
413 -0.590123139107 -7.13286779346 -3.65268983864
414 -0.590146231668 -7.13286846052 -3.6260401185
415 -0.590324272519 -7.13287390144 -3.6428070863
416 -0.590319651317 -7.13287375354 -3.69912295189
417 -0.590348238513 -7.13287467412 -3.65061744625
418 -0.59055528917 -7.13288174742 -3.6801052922
419 -0.590390739571 -7.13287606788 -3.69793735435
420 -0.5902121177 -7.1328704125 -3.69902755675
421 -0.590214102666 -7.13287047243 -3.71275634747
422 -0.59019134933 -7.1328697894 -3.65132655271
423 -0.590314005493 -7.13287357334 -3.72323738268
424 -0.59009476906 -7.13286698611 -3.66296094062
425 -0.590135079468 -7.13286813726 -3.67677531415
426 -0.589972134849 -7.13286365038 -3.7092833904
427 -0.589877268797 -7.13286124176 -3.77068801544
428 -0.589921203164 -7.13286233861 -3.69275295569
429 -0.589850698137 -7.13286059402 -3.60919281587
430 -0.590050249562 -7.1328657462 -3.72449725216
431 -0.589946138247 -7.13286297542 -3.64896531825
432 -0.589971730276 -7.13286363979 -3.70463207215
433 -0.589698637187 -7.13285711332 -3.7844071483
434 -0.589628180827 -7.13285563119 -3.64596079449
435 -0.589449288085 -7.13285223978 -3.68132320715
436 -0.589387604059 -7.13285119411 -3.70471321889
437 -0.589571439097 -7.13285449771 -3.66031930971
438 -0.589676260792 -7.13285663364 -3.69242701109
439 -0.589728878792 -7.13285777486 -3.74727489009
440 -0.589861517483 -7.13286085636 -3.62287197092
441 -0.589883644497 -7.13286139894 -3.68267085201
442 -0.590144770349 -7.13286841804 -3.74067140994
443 -0.590187700652 -7.13286968068 -3.70118687037
444 -0.59036437507 -7.13287519975 -3.75218478824
445 -0.590257545096 -7.13287180044 -3.66016420565
446 -0.590572708628 -7.13288237502 -3.75471052429
447 -0.590793527999 -7.13289076818 -3.64377148834
448 -0.590541428925 -7.13288125166 -3.69685243197
449 -0.590646043749 -7.13288507253 -3.62791156769
450 -0.590861028569 -7.13289349555 -3.74742335306
451 -0.59097516099 -7.1328982793 -3.70068234221
452 -0.591173072182 -7.13290708743 -3.6994073342
453 -0.591097429877 -7.13290364415 -3.63053770877
454 -0.591084378281 -7.13290305964 -3.63382889759
455 -0.591018547222 -7.13290015456 -3.70311023858
456 -0.591152354229 -7.13290613489 -3.74845786552
457 -0.591060308049 -7.13290198909 -3.60017498833
458 -0.591281888173 -7.13291220742 -3.72693903984
459 -0.591270218959 -7.13291164896 -3.66282462545
460 -0.591157351278 -7.13290636399 -3.73840228748
461 -0.591191812899 -7.13290795521 -3.71672953036
462 -0.591148173474 -7.13290594354 -3.70362600274
463 -0.591086549473 -7.13290315668 -3.70354699219
464 -0.591106819708 -7.13290406641 -3.71619522455
465 -0.59135012493 -7.13291551835 -3.71418090887
466 -0.591459162755 -7.13292096937 -3.69280020524
467 -0.591503359168 -7.13292323501 -3.6701585233
468 -0.591300782673 -7.13291311647 -3.65721673416
469 -0.591019098978 -7.13290017861 -3.6169313189
470 -0.591041081566 -7.13290114088 -3.70216236151
471 -0.590880637336 -7.13289430204 -3.70258880587
472 -0.59085700629 -7.13289333091 -3.60730258175
473 -0.590801407988 -7.13289108267 -3.7769987687
474 -0.590766863488 -7.13288971166 -3.712679502
475 -0.591062500005 -7.13290208618 -3.71890688465
476 -0.591141152679 -7.13290562285 -3.62835014566
477 -0.591330881295 -7.1329145768 -3.73370859649
478 -0.591080249243 -7.13290287531 -3.64014520475
479 -0.591004821873 -7.13289955794 -3.78003142766
480 -0.590985957845 -7.13289874305 -3.68069307752
481 -0.590815385331 -7.13289164304 -3.72061495332
482 -0.590710974408 -7.13288753552 -3.69901426931
483 -0.590446031534 -7.13287792608 -3.66692014092
484 -0.590352656755 -7.13287481761 -3.73109751199
485 -0.590186688776 -7.13286965056 -3.61366317292
486 -0.590229135326 -7.13287092842 -3.65475467732
487 -0.590065277488 -7.13286616105 -3.72895091689
488 -0.590016170202 -7.13286481935 -3.71360704706
489 -0.590036744359 -7.13286537659 -3.67418452512
490 -0.590136923433 -7.13286819057 -3.70689745242
491 -0.589878406596 -7.13286126976 -3.65971960741
492 -0.589792303071 -7.13285921178 -3.70123934945
493 -0.590108709327 -7.13286738115 -3.71826756733
494 -0.589971139287 -7.13286362432 -3.65179775813
495 -0.590217788754 -7.13287058389 -3.78047858792
496 -0.590643797007 -7.13288498856 -3.65149491956
497 -0.590516660309 -7.13288037367 -3.68938312844
498 -0.59059107146 -7.13288304208 -3.6831688151
499 -0.590578598072 -7.13288258835 -3.65084846858
500 -0.590651253275 -7.13288526756 -3.73358249946
501 -0.590723465513 -7.13288801738 -3.65165484164
502 -0.590775540441 -7.13289005417 -3.72818738724
503 -0.590727853637 -7.13288818727 -3.63768999854
504 -0.590713738631 -7.13288764193 -3.72551529696
505 -0.590733869488 -7.1328884207 -3.68165554663
506 -0.590799012215 -7.13289098694 -3.73723227865
507 -0.590808446827 -7.13289136446 -3.69272386532
508 -0.590947321873 -7.1328970925 -3.69391287639
509 -0.591068556367 -7.13290235486 -3.65832213675
510 -0.590990497121 -7.1328989386 -3.63824526435
511 -0.590956505106 -7.13289748257 -3.69979594242
512 -0.590775390577 -7.13289004824 -3.71862973099
513 -0.590580568909 -7.13288265987 -3.68918950531
514 -0.590892518555 -7.13289479381 -3.68850898319
515 -0.590856384184 -7.13289330547 -3.6572360466
516 -0.590795641945 -7.13289085245 -3.69080892905
517 -0.590608151044 -7.13288366755 -3.65624811644
518 -0.590489490589 -7.13287942231 -3.76152827882
519 -0.590431791695 -7.13287744266 -3.68764154585
520 -0.590729704289 -7.13288825902 -3.71468176957
521 -0.590664696852 -7.13288577292 -3.67935255736
522 -0.590541837556 -7.13288126623 -3.6990357894
523 -0.590588295083 -7.13288294086 -3.69392076354
524 -0.590752307429 -7.13288913989 -3.69252708973
525 -0.590811340083 -7.13289148053 -3.62799180432
526 -0.590830333168 -7.13289224591 -3.70362024205
527 -0.590926368877 -7.13289620775 -3.62573381048
528 -0.590879035683 -7.13289423592 -3.74497198767
529 -0.59093536999 -7.13289658693 -3.64766227229
530 -0.590749398241 -7.13288902604 -3.78599362617
531 -0.590846936302 -7.1328929199 -3.65316815283
532 -0.590837673206 -7.13289254331 -3.71499234336
533 -0.590642317745 -7.13288493332 -3.72140083118
534 -0.590699487743 -7.1328870947 -3.72677006629
535 -0.590721173736 -7.13288792878 -3.6308754864
536 -0.590693350325 -7.13288686006 -3.68309789694
537 -0.590574896192 -7.1328824542 -3.70235455213
538 -0.590376886139 -7.13287561028 -3.68400401625
539 -0.590559300233 -7.13288189149 -3.6188764541
540 -0.590674049642 -7.13288612627 -3.62971003129
541 -0.590511121958 -7.13288017875 -3.75527677506
542 -0.590562095987 -7.13288199206 -3.6865744544
543 -0.590439657947 -7.13287770929 -3.70959458378
544 -0.5904882536 -7.13287937928 -3.72915356158
545 -0.590646736077 -7.13288509842 -3.67682586421
546 -0.590441277267 -7.13287776431 -3.67271522641
547 -0.590402106337 -7.13287644573 -3.68608974455
548 -0.590414324874 -7.13287685429 -3.71162487612
549 -0.590403040834 -7.13287647689 -3.74807718905
550 -0.590330672815 -7.13287410685 -3.61997635553
551 -0.590446484074 -7.1328779415 -3.62396160595
552 -0.59030370104 -7.13287324582 -3.70273847844
553 -0.59033721364 -7.13287431748 -3.80948588922
554 -0.590545315328 -7.13288139035 -3.67466233938
555 -0.5906337549 -7.13288461427 -3.76782278574
556 -0.590527962503 -7.13288077304 -3.65386897189
557 -0.590548923868 -7.13288151935 -3.74120901435
558 -0.59061417031 -7.13288388913 -3.76669427214
559 -0.590496161653 -7.13287965476 -3.72067846785
560 -0.590473544566 -7.13287886966 -3.65904728586
561 -0.590486788358 -7.13287932836 -3.72299374511
562 -0.590331682955 -7.13287413933 -3.65810928619
563 -0.590444380163 -7.13287786985 -3.63706990678
564 -0.590009795772 -7.13286464814 -3.60873999705
565 -0.589883227571 -7.13286138864 -3.72191342561
566 -0.589937787072 -7.13286276099 -3.64690475592
567 -0.590066730431 -7.13286620136 -3.75648294882
568 -0.590211456781 -7.13287039256 -3.66473856755
569 -0.59021962659 -7.13287063955 -3.70427720673
570 -0.590242306215 -7.13287133102 -3.76608288341
571 -0.590072585048 -7.13286636414 -3.64939668439
572 -0.590236304518 -7.1328711472 -3.67195197224
573 -0.590263372515 -7.13287198097 -3.65982875323
574 -0.590214093639 -7.13287047216 -3.71422133251
575 -0.590247257709 -7.13287148312 -3.61133876052
576 -0.590109488104 -7.13286740331 -3.63106178242
577 -0.590311137132 -7.132873482 -3.60503373361
578 -0.590099594366 -7.13286712248 -3.71864672031
579 -0.590151397958 -7.13286861096 -3.68136227615
580 -0.590198862355 -7.13287001398 -3.69923429998
581 -0.590047717015 -7.13286567666 -3.66399056005
582 -0.589999223498 -7.13286436566 -3.65334772924
583 -0.590045971526 -7.13286562879 -3.70959359357
584 -0.589964208812 -7.1328634434 -3.69786110027
585 -0.590146784294 -7.13286847659 -3.71794426533
586 -0.589755846576 -7.13285837764 -3.59433427492
587 -0.59000584249 -7.13286454229 -3.71089566435
588 -0.590159497348 -7.13286884772 -3.6901088089
589 -0.590348556722 -7.13287468444 -3.70181903452
590 -0.590270601392 -7.13287220571 -3.68102718011
591 -0.589885344789 -7.13286144097 -3.68673134578
592 -0.590233659803 -7.13287106639 -3.6929930655
593 -0.590261327914 -7.13287191757 -3.72362140024
594 -0.590531971001 -7.13288091519 -3.66364670467
595 -0.590450912216 -7.13287809255 -3.74580996515
596 -0.590412539495 -7.13287679444 -3.72150765565
597 -0.590672803084 -7.13288607909 -3.69745799765
598 -0.590672263388 -7.13288605867 -3.6727557024
599 -0.59088654301 -7.13289454618 -3.68035527434
600 -0.590889243789 -7.13289465803 -3.65191059072
601 -0.590996212953 -7.13289918531 -3.72920889266
602 -0.591204382185 -7.13290854048 -3.7431082998
603 -0.591171899564 -7.13290703333 -3.68027532028
604 -0.591057374588 -7.13290185928 -3.61363483044
605 -0.590964438926 -7.13289782069 -3.61346332315
606 -0.590815313648 -7.13289164016 -3.68587045292
607 -0.590818665069 -7.132891775 -3.69914119806
608 -0.590820190556 -7.13289183644 -3.67097584716
609 -0.590743564427 -7.13288879816 -3.73374302645
610 -0.590703431615 -7.1328872458 -3.66196302441
611 -0.590833674049 -7.13289238116 -3.72608176734
612 -0.59110642247 -7.13290404852 -3.75180208133
613 -0.591049204871 -7.13290149851 -3.67422574208
614 -0.590882645534 -7.13289438499 -3.67473527174
615 -0.590824545566 -7.13289201205 -3.61189765005
616 -0.590848290517 -7.13289297507 -3.67608382298
617 -0.590821692575 -7.13289189697 -3.63473057412
618 -0.590748872215 -7.13288900547 -3.74840742803
619 -0.59055786509 -7.13288183991 -3.68275625008
620 -0.59021692493 -7.13287055775 -3.62300622866
621 -0.590100876121 -7.13286715877 -3.69314656205
622 -0.590118427638 -7.13286765845 -3.72029462469
623 -0.590122772201 -7.13286778293 -3.76248015897
624 -0.590152686102 -7.13286864855 -3.76191577212
625 -0.590168926706 -7.13286912474 -3.69933295655
626 -0.590215364524 -7.13287051056 -3.70525316754
627 -0.590129007483 -7.13286796213 -3.70138624331
628 -0.590079551693 -7.13286655858 -3.74423798532
629 -0.590226338225 -7.13287084329 -3.78149327961
630 -0.590100209927 -7.13286713991 -3.69061055496
631 -0.590177203881 -7.13286936912 -3.73787802722
632 -0.590293451704 -7.1328729218 -3.73767928154
633 -0.590216173463 -7.13287053502 -3.68908623587
634 -0.590327634732 -7.13287400926 -3.75043735248
635 -0.59027553685 -7.13287235964 -3.61123896034
636 -0.590295999104 -7.13287300217 -3.71542574592
637 -0.590301893036 -7.13287318853 -3.63482457051
638 -0.590109028899 -7.13286739024 -3.69757279737
639 -0.590263016491 -7.13287196993 -3.66620083941
640 -0.59019348174 -7.13286985305 -3.78297890017
641 -0.590426532352 -7.13287726497 -3.62761311875
642 -0.590497247709 -7.13287969267 -3.63599698458
643 -0.59038389377 -7.13287584135 -3.74384011022
644 -0.590471684265 -7.13287880546 -3.66470829619
645 -0.590557360879 -7.1328818218 -3.69246255819
646 -0.590693834126 -7.13288687854 -3.7408619015
647 -0.590889969726 -7.13289468811 -3.70557317939
648 -0.590642562414 -7.13288494245 -3.74624373271
649 -0.590527737039 -7.13288076505 -3.75816010928
650 -0.590494040342 -7.13287958076 -3.70781691681
651 -0.590583516504 -7.13288276695 -3.74636328061
652 -0.590572309997 -7.13288236061 -3.69162726799
653 -0.59085865199 -7.13289339824 -3.61212208158
654 -0.590812701714 -7.1328915352 -3.69391057542
655 -0.590821636856 -7.13289189472 -3.6430834008
656 -0.591017175312 -7.13290009478 -3.77708309261
657 -0.59090252024 -7.1328952096 -3.71281621172
658 -0.59093890715 -7.13289673631 -3.72947615096
659 -0.591016846382 -7.13290008046 -3.80363687272
660 -0.59103740336 -7.13290097931 -3.68012257113
661 -0.590890801906 -7.13289472261 -3.68030523048
662 -0.590717819459 -7.13288779925 -3.67121160327
663 -0.590770516258 -7.13288985569 -3.61951071479
664 -0.590859710862 -7.13289344158 -3.62649258508
665 -0.590891149781 -7.13289473703 -3.69715351119
666 -0.590839252717 -7.13289260742 -3.6720169453
667 -0.590846531371 -7.13289290341 -3.67310917633
668 -0.590845529624 -7.13289286262 -3.67468126756
669 -0.591141910981 -7.13290565745 -3.69679129617
670 -0.591149716791 -7.13290601414 -3.65550635739
671 -0.591126112922 -7.13290493863 -3.65841998849
672 -0.591109077426 -7.13290416816 -3.75074180772
673 -0.591091062735 -7.13290335864 -3.68087260557
674 -0.590992493826 -7.13289902472 -3.65596701395
675 -0.591143192331 -7.13290571593 -3.68414765768
676 -0.591106365828 -7.13290404597 -3.74782151995
677 -0.591016345113 -7.13290005863 -3.67978603564
678 -0.591057705158 -7.1329018739 -3.63744738303
679 -0.59085768243 -7.13289335857 -3.7171701707
680 -0.590727055024 -7.13288815633 -3.70843492225
681 -0.59072703596 -7.13288815559 -3.70770584821
682 -0.590565769696 -7.13288212442 -3.71756290189
683 -0.590241009357 -7.13287129125 -3.71162323664
684 -0.589962881294 -7.13286340884 -3.65217146348
685 -0.590430644227 -7.13287740385 -3.73903865246
686 -0.590101514373 -7.13286717685 -3.64563098387
687 -0.590410540574 -7.13287672749 -3.69069485942
688 -0.590400565163 -7.13287639438 -3.69894834875
689 -0.590523768469 -7.13288062459 -3.7287683145
690 -0.590290044482 -7.13287281447 -3.75734010262
691 -0.59049696767 -7.1328796829 -3.74145178879
692 -0.59052648506 -7.13288072071 -3.76322353286
693 -0.590529322994 -7.13288082126 -3.73322459313
694 -0.590327107898 -7.13287399235 -3.67688442562
695 -0.590308112985 -7.13287338584 -3.7175754343
696 -0.590365417925 -7.13287523387 -3.66722456475
697 -0.590361929651 -7.13287511982 -3.67120992146
698 -0.590274519985 -7.13287232789 -3.75718359518
699 -0.590480006036 -7.13287909309 -3.69297166118
700 -0.590585340222 -7.13288283328 -3.67943681016
701 -0.590517499006 -7.13288040323 -3.72675009807
702 -0.590702408085 -7.13288720656 -3.63036266664
703 -0.59063631336 -7.13288470947 -3.65474470226
704 -0.590612967425 -7.1328838448 -3.73642326255
705 -0.590535534705 -7.1328810418 -3.7625324173
706 -0.590136747659 -7.13286818548 -3.7118844904
707 -0.590250725369 -7.13287158989 -3.69963533224
708 -0.590317660201 -7.13287368993 -3.63918947555
709 -0.5904290058 -7.13287734848 -3.60729830204
710 -0.590288701715 -7.13287277223 -3.681191545
711 -0.590028086385 -7.13286514124 -3.69046651913
712 -0.590091039985 -7.13286688099 -3.70718544506
713 -0.59019441974 -7.13286988107 -3.6661661687
714 -0.590311715419 -7.1328735004 -3.65261771074
715 -0.590400952789 -7.13287640729 -3.68660767479
716 -0.590302283142 -7.13287320089 -3.62088890611
717 -0.590308863264 -7.13287340968 -3.69280839771
718 -0.590067027977 -7.13286620962 -3.74639046784
719 -0.590156313709 -7.13286875453 -3.60380869331
720 -0.590088596117 -7.13286681222 -3.68891981982
721 -0.590191192913 -7.13286978474 -3.73049814031
722 -0.590443477509 -7.13287783913 -3.6754157436
723 -0.59027266857 -7.13287227013 -3.62935595599
724 -0.590075928146 -7.13286645735 -3.68219788511
725 -0.590131630657 -7.13286803772 -3.69703978031
726 -0.590208781705 -7.13287031193 -3.69381293752
727 -0.590187947195 -7.13286968802 -3.79165686558
728 -0.590327785142 -7.13287401409 -3.71233831666
729 -0.590060447062 -7.1328660273 -3.7401157609
730 -0.590063904957 -7.13286612301 -3.67221637553
731 -0.589944856851 -7.13286294245 -3.67128552035
732 -0.589873224637 -7.13286114242 -3.64295983459
733 -0.589811707533 -7.13285966479 -3.72123940063
734 -0.589878772905 -7.13286127878 -3.60488082273
735 -0.589958940218 -7.1328633064 -3.74829497973
736 -0.590019366124 -7.13286490545 -3.70304779009
737 -0.590091735083 -7.13286690057 -3.74977427058
738 -0.590000138298 -7.13286439003 -3.69407319203
739 -0.589970191231 -7.13286359953 -3.62203103331
740 -0.589979075544 -7.13286383248 -3.6889405947
741 -0.589976073973 -7.13286375363 -3.66594967959
742 -0.590019984731 -7.13286492214 -3.57880953955
743 -0.590125938067 -7.13286787384 -3.73834394024
744 -0.590166920476 -7.13286906567 -3.6935706221
745 -0.590261839219 -7.13287193342 -3.62178523396
746 -0.590077606089 -7.1328665042 -3.75321486962
747 -0.590080317689 -7.13286658001 -3.8085495416
748 -0.590106358967 -7.13286731432 -3.70770484307
749 -0.590153816087 -7.13286868154 -3.74954578147
750 -0.590188189512 -7.13286969523 -3.68449217555
751 -0.590267291619 -7.1328721027 -3.68933623717
752 -0.590236092008 -7.13287114071 -3.68819760986
753 -0.589979706374 -7.13286384908 -3.67730369668
754 -0.590010858448 -7.13286467663 -3.67306664307
755 -0.590059990902 -7.13286601468 -3.69484336705
756 -0.589975208055 -7.13286373091 -3.65329752152
757 -0.590070086257 -7.1328662946 -3.79459506321
758 -0.590331452083 -7.13287413191 -3.72370170357
759 -0.590572868105 -7.13288238079 -3.64481345907
760 -0.590420643856 -7.13287706656 -3.64015432746
761 -0.590668978631 -7.13288593451 -3.72216893572
762 -0.590622597374 -7.13288420037 -3.66074832151
763 -0.590686093661 -7.13288658345 -3.61512215789
764 -0.590970859863 -7.1328980951 -3.62680814851
765 -0.590977090267 -7.13289836203 -3.69139299977
766 -0.590858222472 -7.13289338066 -3.66358377408
767 -0.590546943345 -7.13288144852 -3.74121473179
768 -0.590772088818 -7.13288991777 -3.70514946843
769 -0.591002666852 -7.13289946454 -3.58702731957
770 -0.590949728511 -7.13289719459 -3.7159541325
771 -0.591040046103 -7.13290109538 -3.60406179436
772 -0.590931883344 -7.13289643989 -3.68157302687
773 -0.590873845865 -7.13289402199 -3.65593690429
774 -0.590778004656 -7.13289015167 -3.62192097095
775 -0.590627683165 -7.13288438878 -3.68615009157
776 -0.590672940748 -7.1328860843 -3.67837072283
777 -0.590517887074 -7.13288041692 -3.57935923082
778 -0.590430111814 -7.13287738585 -3.69615396642
779 -0.590359540712 -7.13287504182 -3.67714319507
780 -0.590283401725 -7.13287260578 -3.69990412867
781 -0.590400068273 -7.13287637783 -3.69028026848
782 -0.59030302766 -7.13287322448 -3.75502020548
783 -0.59037763134 -7.13287563481 -3.68214556902
784 -0.590411124736 -7.13287674705 -3.70529048543
785 -0.590535075079 -7.13288102546 -3.67905266669
786 -0.590570404947 -7.13288229174 -3.76091037904
787 -0.590684401499 -7.13288651907 -3.64408547583
788 -0.590553014045 -7.13288166582 -3.70703030677
789 -0.590428209863 -7.13287732159 -3.68581120274
790 -0.590246966567 -7.13287147417 -3.68832137187
791 -0.590262631184 -7.13287195798 -3.71228997235
792 -0.590424252067 -7.13287718807 -3.67373892445
793 -0.590382757631 -7.13287580383 -3.65134242785
794 -0.590340383357 -7.13287441981 -3.66717682276
795 -0.590399044726 -7.13287634375 -3.63407735538
796 -0.590171328654 -7.13286919554 -3.64691852937
797 -0.590230788431 -7.13287097879 -3.68538211343
798 -0.590395803535 -7.13287623595 -3.76689799625
799 -0.590410002593 -7.13287670948 -3.66759824431
800 -0.590462328705 -7.13287848349 -3.65287073012
801 -0.590524136921 -7.13288063762 -3.71294297393
802 -0.590210674985 -7.13287036898 -3.68580117872
803 -0.590150795113 -7.13286859339 -3.73048046525
804 -0.590246020081 -7.13287144507 -3.6671540308
805 -0.59019739546 -7.13286997006 -3.76199802551
806 -0.590199185135 -7.13287002365 -3.63606692921
807 -0.59036607263 -7.1328752553 -3.70830978292
808 -0.590652851987 -7.1328853275 -3.72494898477
809 -0.590726700613 -7.1328881426 -3.71837239837
810 -0.590758735068 -7.13288939194 -3.68505009742
811 -0.590773890102 -7.13288998893 -3.68298161082
812 -0.590976646888 -7.13289834301 -3.75648163546
813 -0.591039594238 -7.13290107552 -3.80465091154
814 -0.590942124112 -7.13289687234 -3.69161716868
815 -0.590965130651 -7.13289785022 -3.67814656344
816 -0.590739471201 -7.13288863861 -3.73638085583
817 -0.590779590561 -7.13289021447 -3.66732542775
818 -0.590721883674 -7.13288795621 -3.71574818091
819 -0.590867653917 -7.13289376733 -3.64023285499
820 -0.59098072814 -7.13289851818 -3.63219070481
821 -0.590854798001 -7.13289324063 -3.60295841425
822 -0.590755336406 -7.13288925858 -3.69504250762
823 -0.59071834657 -7.1328878196 -3.70718265524
824 -0.590804238478 -7.13289119589 -3.72818190217
825 -0.591098084839 -7.13290367355 -3.75284865731
826 -0.591181310322 -7.13290746818 -3.6212404057
827 -0.591313157853 -7.13291371507 -3.62760390897
828 -0.591104135089 -7.13290394553 -3.76785823415
829 -0.591322754148 -7.13291418101 -3.71481220754
830 -0.591508447763 -7.13292349795 -3.68612617857
831 -0.5914355326 -7.13291977131 -3.76471085011
832 -0.591288233802 -7.13291251206 -3.70533461756
833 -0.591340354095 -7.13291503952 -3.62469854848
834 -0.59123279511 -7.13290987317 -3.6676747477
835 -0.591205341946 -7.13290858528 -3.71955392241
836 -0.591229447584 -7.13290971546 -3.69312447406
837 -0.591444547498 -7.13292022727 -3.63848784449
838 -0.59136561479 -7.1329162807 -3.72225413703
839 -0.591231384244 -7.13290980668 -3.72230758214
840 -0.591350854718 -7.13291555418 -3.67266320216
841 -0.591416684053 -7.13291882232 -3.71362360282
842 -0.591452647323 -7.13292063811 -3.67310949954
843 -0.591360674703 -7.13291603713 -3.7476989858
844 -0.591410631362 -7.13291851882 -3.73356983463
845 -0.591232228502 -7.13290984646 -3.79515038523
846 -0.59111992132 -7.13290465805 -3.70140736552
847 -0.590916177657 -7.13289578005 -3.70310918778
848 -0.591108120659 -7.13290412503 -3.70240616061
849 -0.591143111701 -7.13290571225 -3.63593797108
850 -0.591375083811 -7.13291674868 -3.57952613832
851 -0.591393230822 -7.13291764972 -3.75606428382
852 -0.591363671718 -7.13291618485 -3.6963041588
853 -0.591411672998 -7.13291857101 -3.65683451363
854 -0.591363329305 -7.13291616796 -3.67304166781
855 -0.591404374992 -7.13291820576 -3.64364239633
856 -0.591225783768 -7.13290954306 -3.67995895209
857 -0.591214917071 -7.13290903305 -3.79096045854
858 -0.59108680656 -7.13290316817 -3.70193105193
859 -0.59121733492 -7.13290914636 -3.65423218155
860 -0.591002142878 -7.13289944185 -3.65990436069
861 -0.591346665392 -7.13291534863 -3.71431993272
862 -0.591162739334 -7.13290661147 -3.7581779973
863 -0.591422725769 -7.13291912586 -3.72497204167
864 -0.591603447703 -7.13292848563 -3.64234426576
865 -0.591458308194 -7.13292092588 -3.67650232369
866 -0.591517457139 -7.13292396454 -3.66776516582
867 -0.591649443866 -7.1329309543 -3.6468325428
868 -0.59176956844 -7.13293756695 -3.69305293904
869 -0.591762322512 -7.1329371613 -3.71746962028
870 -0.591755721313 -7.13293679249 -3.74074549001
871 -0.591564451051 -7.13292642012 -3.66204583261
872 -0.591643256942 -7.1329306202 -3.74643892411
873 -0.591577283223 -7.13292709701 -3.68163406046
874 -0.591603716651 -7.13292849997 -3.69295243658
875 -0.591643316341 -7.1329306234 -3.68602826823
876 -0.591900357088 -7.13294503864 -3.7497594103
877 -0.591898290595 -7.13294491838 -3.67111484536
878 -0.591728318207 -7.13293526923 -3.72980853589
879 -0.59165752052 -7.1329313914 -3.73103470132
880 -0.591434446831 -7.13291971648 -3.70265695399
881 -0.591590306301 -7.13292778676 -3.74099598582
882 -0.591694346515 -7.13293339811 -3.65328389529
883 -0.591836313864 -7.13294134456 -3.63689940335
884 -0.592058563341 -7.13295445544 -3.73503179257
885 -0.592029204632 -7.13295267661 -3.6729463473
886 -0.592287913348 -7.13296884301 -3.66166744045
887 -0.592197516108 -7.13296306822 -3.67220064539
888 -0.592322078268 -7.13297106077 -3.66533975049
889 -0.592053203331 -7.13295412962 -3.6433734233
890 -0.591902967904 -7.13294519067 -3.7388974023
891 -0.591805081201 -7.13293956768 -3.64047901945
892 -0.591915977816 -7.13294594997 -3.67576195563
893 -0.591922873659 -7.13294635357 -3.70065433507
894 -0.592072176588 -7.13295528511 -3.72379238212
895 -0.592025280915 -7.13295243995 -3.64087696698
896 -0.591643305046 -7.13293062279 -3.617879872
897 -0.591740459495 -7.13293594259 -3.73430796351
898 -0.591766602129 -7.13293740078 -3.71200265271
899 -0.591775352269 -7.13293789138 -3.64579395778
900 -0.592004386828 -7.13295118404 -3.69489391948
901 -0.591946685997 -7.1329477533 -3.58768171759
902 -0.591887067813 -7.13294426651 -3.72427966876
903 -0.592113745201 -7.13295783753 -3.72308939427
904 -0.592080447164 -7.13295579066 -3.72336210695
905 -0.591827597476 -7.13294084704 -3.66999686312
906 -0.591657125451 -7.13293137 -3.7277576489
907 -0.591735618651 -7.13293567382 -3.64238983663
908 -0.591900853159 -7.13294506752 -3.72182819953
909 -0.592028726617 -7.13295264776 -3.61559202364
910 -0.592035840151 -7.1329530774 -3.74270575795
911 -0.591980351098 -7.13294974824 -3.71594457173
912 -0.591987186353 -7.13295015558 -3.71615254858
913 -0.592178387581 -7.13296186358 -3.66126349845
914 -0.592172588988 -7.13296149961 -3.74305708731
915 -0.592044106147 -7.1329535777 -3.68702470188
916 -0.591795046594 -7.13293900023 -3.62800298238
917 -0.592032666327 -7.13295288561 -3.72631491504
918 -0.592161841855 -7.13296082649 -3.64036530266
919 -0.592267205607 -7.1329675082 -3.73295452112
920 -0.592426895161 -7.13297798536 -3.68103732722
921 -0.592224136993 -7.13296475477 -3.60704692049
922 -0.591957844861 -7.13294841248 -3.6717251033
923 -0.591968634821 -7.13294905182 -3.75886280981
924 -0.59195240376 -7.13294809081 -3.72419544293
925 -0.591819756793 -7.13294040059 -3.7169502421
926 -0.591998155874 -7.13295081091 -3.71601532487
927 -0.592043344499 -7.13295353156 -3.8055609142
928 -0.592160607443 -7.1329607493 -3.65831642008
929 -0.592221961445 -7.1329646165 -3.70595809855
930 -0.591867510537 -7.13294313552 -3.56314353872
931 -0.591771790601 -7.13293769153 -3.7046758863
932 -0.591775178113 -7.1329378816 -3.76378751982
933 -0.591718658118 -7.13293473522 -3.77429736483
934 -0.591812677881 -7.13293999838 -3.60263275021
935 -0.591717032176 -7.13293464549 -3.5891604871
936 -0.591800999623 -7.13293933667 -3.65217186791
937 -0.591764379051 -7.13293727634 -3.70720499959
938 -0.591582055507 -7.13292734944 -3.66458795687
939 -0.591628128152 -7.1329298059 -3.66436960675
940 -0.591539740396 -7.13292512434 -3.72653387948
941 -0.591470064593 -7.13292152522 -3.72155884274
942 -0.591555793045 -7.13292596496 -3.80067294272
943 -0.591894367591 -7.13294469028 -3.63955771487
944 -0.591837896519 -7.13294143503 -3.73044403696
945 -0.591872382752 -7.13294341669 -3.68907057072
946 -0.591807535842 -7.13293970675 -3.69904975195
947 -0.591984104105 -7.1329499718 -3.81265309995
948 -0.591970334975 -7.13294915274 -3.63149454292
949 -0.591939506643 -7.1329473303 -3.67406771166
950 -0.591989317443 -7.13295028274 -3.65699571828
951 -0.591969953088 -7.13294913007 -3.68284984396
952 -0.592094099228 -7.13295662765 -3.6423676739
953 -0.592120034302 -7.13295822619 -3.73882196146
954 -0.591925349124 -7.13294649864 -3.70543358527
955 -0.59190551297 -7.13294533899 -3.65855700361
956 -0.591878101126 -7.13294374718 -3.59973953129
957 -0.591706480223 -7.13293406423 -3.66231919666
958 -0.591698190816 -7.13293360889 -3.7067532859
959 -0.591738218341 -7.13293581811 -3.65570873753
960 -0.591635071179 -7.13293017913 -3.66055507062
961 -0.591718945659 -7.13293475109 -3.690431576
962 -0.591613178931 -7.13292900499 -3.68287933644
963 -0.59145535939 -7.13292077591 -3.71692160735
964 -0.591876957132 -7.13294368102 -3.68204445501
965 -0.59189652298 -7.13294481557 -3.70264918213
966 -0.591889853174 -7.1329444281 -3.65790653927
967 -0.592019964923 -7.13295211973 -3.70813989985
968 -0.59189426873 -7.13294468453 -3.6215404011
969 -0.592062378046 -7.13295468762 -3.65898785623
970 -0.591966374385 -7.13294891772 -3.68451956468
971 -0.592145086027 -7.13295978085 -3.67086368516
972 -0.592047291042 -7.13295377077 -3.68352411939
973 -0.592099161203 -7.13295693877 -3.6033816039
974 -0.592111887663 -7.13295772286 -3.6688871391
975 -0.591924971665 -7.13294647651 -3.64173151992
976 -0.592052585607 -7.1329540921 -3.68737582074
977 -0.592244792503 -7.13296607147 -3.72925578982
978 -0.592048775067 -7.13295386079 -3.71190796392
979 -0.592005364258 -7.13295124263 -3.68150377893
980 -0.592082148509 -7.1329558948 -3.73503555961
981 -0.592084916988 -7.13295606436 -3.66054905804
982 -0.592244263674 -7.13296603767 -3.71762105173
983 -0.592395550371 -7.13297589555 -3.65465524349
984 -0.592087609776 -7.1329562294 -3.77032733131
985 -0.592034574566 -7.1329530009 -3.70843036168
986 -0.591965300386 -7.13294885404 -3.75287832395
987 -0.592081627423 -7.1329558629 -3.78214024668
988 -0.592060733144 -7.13295458748 -3.69186731898
989 -0.591889539802 -7.13294440991 -3.64544136656
990 -0.591873220878 -7.13294346509 -3.61949042179
991 -0.591702919836 -7.13293386852 -3.86017783185
992 -0.591498660155 -7.13292299259 -3.69809669179
993 -0.591467448002 -7.13292139163 -3.66739347118
994 -0.591454221534 -7.13292071808 -3.65134210206
995 -0.591381177806 -7.13291705065 -3.65109363511
996 -0.591167268523 -7.13290681988 -3.63377177078
997 -0.591023928943 -7.13290038935 -3.63968591023
998 -0.591044067034 -7.13290127219 -3.63466340235
999 -0.590953179927 -7.13289734116 -3.72482700924
1000 -0.590746825808 -7.13288892549 -3.73016441761
