1000 1e-06 0.5 gpomdp 1000000

1 -0.575853 -7.13417489272 -3.68276082153
2 -0.575853157708 -7.13417485905 -3.67340364839
3 -0.575853251795 -7.13417483897 -3.66536626927
4 -0.575853254326 -7.13417483843 -3.67057949369
5 -0.575853141476 -7.13417486252 -3.62241345645
6 -0.575853374342 -7.13417481281 -3.65794155021
7 -0.575853584034 -7.13417476806 -3.744178628
8 -0.575853863409 -7.13417470843 -3.63566926777
9 -0.575854054924 -7.13417466756 -3.68147058742
10 -0.575854026544 -7.13417467361 -3.68705153187
11 -0.575854327681 -7.13417460934 -3.59075227322
12 -0.575854365683 -7.13417460123 -3.73197936098
13 -0.57585470343 -7.13417452915 -3.65512032937
14 -0.575854962242 -7.13417447392 -3.67706718656
15 -0.575855078823 -7.13417444904 -3.67901058675
16 -0.575855271691 -7.13417440788 -3.6781547163
17 -0.575855562809 -7.13417434575 -3.63065629564
18 -0.575856006212 -7.13417425113 -3.84397857777
19 -0.575856157161 -7.13417421892 -3.68071247723
20 -0.575856418801 -7.13417416309 -3.67533226904
21 -0.575856532254 -7.13417413888 -3.64179594559
22 -0.575856904101 -7.13417405954 -3.71345804308
23 -0.575856823926 -7.13417407664 -3.65600313915
24 -0.575857277646 -7.13417397983 -3.6504260453
25 -0.575857519559 -7.13417392821 -3.64368495781
26 -0.575857544155 -7.13417392297 -3.6886898953
27 -0.575857303367 -7.13417397434 -3.68872633537
28 -0.57585736688 -7.13417396079 -3.7919685122
29 -0.575857393787 -7.13417395505 -3.68868776043
30 -0.575857595551 -7.134173912 -3.6109803326
31 -0.575857587796 -7.13417391366 -3.67256854961
32 -0.575857620467 -7.13417390668 -3.67904255897
33 -0.575858072387 -7.13417381026 -3.69652149391
34 -0.575858119529 -7.1341738002 -3.70574319554
35 -0.575858355052 -7.13417374995 -3.64112253875
36 -0.575858256553 -7.13417377097 -3.63417376803
37 -0.575858514943 -7.13417371584 -3.61180830712
38 -0.575858882307 -7.13417363747 -3.65266448733
39 -0.575859007765 -7.1341736107 -3.69557648176
40 -0.575859092505 -7.13417359262 -3.66711742589
41 -0.575859175856 -7.13417357484 -3.63063462124
42 -0.575859217204 -7.13417356602 -3.67496286213
43 -0.57585920361 -7.13417356892 -3.68954237822
44 -0.57585942054 -7.13417352264 -3.68036067391
45 -0.575859821179 -7.13417343717 -3.72633947289
46 -0.575859789532 -7.13417344392 -3.68145595277
47 -0.575859629873 -7.13417347798 -3.69558363183
48 -0.575859952554 -7.13417340915 -3.68604891414
49 -0.575860286924 -7.13417333782 -3.58603252393
50 -0.575860352785 -7.13417332377 -3.7146546596
51 -0.575860742857 -7.13417324056 -3.69876439971
52 -0.575860917485 -7.13417320331 -3.72009478569
53 -0.575861117621 -7.13417316062 -3.67582913189
54 -0.575861145025 -7.13417315477 -3.73190653451
55 -0.575861304332 -7.13417312079 -3.69026296126
56 -0.575861428494 -7.13417309431 -3.65611060393
57 -0.575861449322 -7.13417308987 -3.6568095521
58 -0.575861629781 -7.13417305138 -3.7075381663
59 -0.575861829815 -7.13417300871 -3.66418362122
60 -0.575861861122 -7.13417300203 -3.64465124615
61 -0.575861953147 -7.1341729824 -3.70301199444
62 -0.575862237211 -7.13417292182 -3.62811491425
63 -0.5758623593 -7.13417289578 -3.73201232775
64 -0.57586238235 -7.13417289086 -3.62614974285
65 -0.575862535651 -7.13417285816 -3.68241718727
66 -0.575862702491 -7.13417282258 -3.63042479951
67 -0.575862690925 -7.13417282505 -3.69451372772
68 -0.57586305913 -7.13417274652 -3.72338989407
69 -0.575863079158 -7.13417274225 -3.6665818268
70 -0.575863066241 -7.134172745 -3.64869139784
71 -0.575863119073 -7.13417273374 -3.7380563343
72 -0.575863224297 -7.13417271129 -3.69600978449
73 -0.575863319868 -7.13417269091 -3.72215330822
74 -0.575863577537 -7.13417263596 -3.76935097803
75 -0.575863686406 -7.13417261274 -3.65241182795
76 -0.575863854693 -7.13417257685 -3.67005876094
77 -0.575864137447 -7.13417251656 -3.67163035273
78 -0.575864149633 -7.13417251396 -3.69014374999
79 -0.575864395299 -7.13417246157 -3.64193103539
80 -0.575864232499 -7.13417249629 -3.65968440486
81 -0.57586463524 -7.1341724104 -3.69361141812
82 -0.575864783341 -7.13417237882 -3.62100343583
83 -0.575864863931 -7.13417236164 -3.7088492931
84 -0.575864934972 -7.13417234649 -3.7949970918
85 -0.57586535109 -7.13417225776 -3.73676292446
86 -0.575865710821 -7.13417218105 -3.71444175107
87 -0.575865890668 -7.1341721427 -3.65930629348
88 -0.57586586791 -7.13417214756 -3.71355325496
89 -0.575866218337 -7.13417207284 -3.7770749146
90 -0.575866259628 -7.13417206403 -3.73864908856
91 -0.575866204477 -7.13417207579 -3.69198779625
92 -0.575866345023 -7.13417204583 -3.68651273005
93 -0.575866549696 -7.13417200219 -3.71823546133
94 -0.575866634163 -7.13417198418 -3.6490205261
95 -0.575866712315 -7.13417196752 -3.70347600076
96 -0.575866782896 -7.13417195247 -3.66985833138
97 -0.575866706832 -7.13417196869 -3.69259114411
98 -0.575866938095 -7.13417191938 -3.77289947518
99 -0.575867334778 -7.13417183481 -3.70602935421
100 -0.575867528227 -7.13417179356 -3.74504702089
101 -0.575867653782 -7.1341717668 -3.67277528178
102 -0.575867829 -7.13417172944 -3.74682693963
103 -0.575867939692 -7.13417170584 -3.67824340312
104 -0.575868026915 -7.13417168725 -3.73706265962
105 -0.575868056494 -7.13417168094 -3.63632021396
106 -0.575868391343 -7.13417160956 -3.71912522657
107 -0.575868669967 -7.13417155016 -3.62571550614
108 -0.575868913903 -7.13417149816 -3.75453262085
109 -0.575868845035 -7.13417151284 -3.76319604166
110 -0.575869127032 -7.13417145273 -3.68355207091
111 -0.575869305373 -7.13417141471 -3.70468844457
112 -0.575869645227 -7.13417134227 -3.67096482107
113 -0.575869776642 -7.13417131426 -3.67666521457
114 -0.575869839665 -7.13417130083 -3.7093673541
115 -0.575870142825 -7.13417123621 -3.6312691992
116 -0.575870439984 -7.13417117287 -3.66956011296
117 -0.575870715982 -7.13417111404 -3.65188071601
118 -0.575871201678 -7.13417101052 -3.70229221293
119 -0.575871209189 -7.13417100892 -3.78182695361
120 -0.575871226459 -7.13417100524 -3.67269840853
121 -0.575871413115 -7.13417096546 -3.64576426419
122 -0.575871567388 -7.13417093258 -3.79817325748
123 -0.575871881249 -7.13417086569 -3.62284868116
124 -0.575871763286 -7.13417089083 -3.72182873467
125 -0.575871907857 -7.13417086002 -3.68415766293
126 -0.575872055879 -7.13417082847 -3.64776589167
127 -0.575872240866 -7.13417078905 -3.66176725757
128 -0.575872458548 -7.13417074266 -3.60460405676
129 -0.575872649269 -7.13417070202 -3.7081760356
130 -0.575872919209 -7.13417064449 -3.66890550808
131 -0.575873150862 -7.13417059513 -3.71318975125
132 -0.575873337562 -7.13417055534 -3.64530704995
133 -0.575873579673 -7.13417050375 -3.6768109424
134 -0.575873611374 -7.134170497 -3.68126357702
135 -0.5758737743 -7.13417046228 -3.64572268783
136 -0.575873879542 -7.13417043985 -3.73170268906
137 -0.57587389183 -7.13417043723 -3.67979244414
138 -0.57587405519 -7.13417040243 -3.69332409733
139 -0.575874284792 -7.1341703535 -3.66271139587
140 -0.575874410214 -7.13417032678 -3.7528844899
141 -0.575874535166 -7.13417030015 -3.66293797103
142 -0.575874552258 -7.13417029651 -3.66130180732
143 -0.575874861738 -7.13417023057 -3.6314612341
144 -0.575875152597 -7.1341701686 -3.69756193996
145 -0.575875266237 -7.13417014439 -3.70212373726
146 -0.575875395492 -7.13417011685 -3.73769179647
147 -0.575875730558 -7.13417004546 -3.63557361477
148 -0.575875908002 -7.13417000766 -3.73526008583
149 -0.575875913458 -7.13417000649 -3.69710807858
150 -0.575876005346 -7.13416998692 -3.70441389465
151 -0.575876216946 -7.13416994184 -3.64358769344
152 -0.575876627948 -7.13416985428 -3.67899850007
153 -0.575876512249 -7.13416987893 -3.63533959097
154 -0.575876609238 -7.13416985826 -3.73698706129
155 -0.575876735311 -7.13416983141 -3.733546229
156 -0.57587690321 -7.13416979564 -3.70788738048
157 -0.575877035132 -7.13416976753 -3.71955659094
158 -0.57587721566 -7.13416972908 -3.65669157378
159 -0.575877019615 -7.13416977084 -3.72614393373
160 -0.575877082895 -7.13416975736 -3.66869219714
161 -0.575877169511 -7.13416973891 -3.71079811208
162 -0.575877224661 -7.13416972716 -3.66753398249
163 -0.575877464395 -7.13416967609 -3.7203112252
164 -0.57587763604 -7.13416963953 -3.67440002549
165 -0.575877842023 -7.13416959565 -3.66959721865
166 -0.575877841406 -7.13416959578 -3.6468408531
167 -0.575877987157 -7.13416956473 -3.68842123269
168 -0.575877925931 -7.13416957777 -3.77503423409
169 -0.575877821903 -7.13416959993 -3.7202249388
170 -0.57587807999 -7.13416954496 -3.70566445601
171 -0.575878397949 -7.13416947723 -3.65816549263
172 -0.57587881309 -7.1341693888 -3.69263194648
173 -0.575878781376 -7.13416939556 -3.68358377809
174 -0.575878835122 -7.13416938411 -3.73820125909
175 -0.575879036147 -7.13416934129 -3.74391547042
176 -0.57587908313 -7.13416933129 -3.66117588462
177 -0.575879068203 -7.13416933447 -3.7383911703
178 -0.575878959278 -7.13416935767 -3.60214095068
179 -0.575879260671 -7.13416929347 -3.67385791434
180 -0.575879430199 -7.13416925736 -3.72251796778
181 -0.575879540093 -7.13416923396 -3.57220159086
182 -0.575879579221 -7.13416922563 -3.71076643968
183 -0.575879589565 -7.13416922342 -3.69691368913
184 -0.575879962065 -7.13416914409 -3.69156709025
185 -0.575879960925 -7.13416914433 -3.6402066289
186 -0.575880245481 -7.13416908373 -3.60710202694
187 -0.575880177217 -7.13416909826 -3.65078161307
188 -0.575880367845 -7.13416905767 -3.74633892427
189 -0.575880526451 -7.13416902389 -3.71307902163
190 -0.575880751528 -7.13416897595 -3.65123556767
191 -0.575881055207 -7.13416891128 -3.68123685458
192 -0.575881145521 -7.13416889205 -3.68835854141
193 -0.575880970438 -7.13416892933 -3.72295726712
194 -0.57588099952 -7.13416892314 -3.64659413917
195 -0.575881107053 -7.13416890024 -3.62742771848
196 -0.575881293502 -7.13416886053 -3.65999922173
197 -0.575881259641 -7.13416886775 -3.61655230154
198 -0.57588128252 -7.13416886287 -3.61522884065
199 -0.575881425202 -7.13416883249 -3.64964711593
200 -0.575881844761 -7.13416874314 -3.66360498788
201 -0.575882033541 -7.13416870294 -3.6225822347
202 -0.575882398447 -7.13416862524 -3.66730720442
203 -0.575882422481 -7.13416862012 -3.73900175457
204 -0.575882311851 -7.13416864368 -3.70190648479
205 -0.57588249137 -7.13416860545 -3.69229100193
206 -0.575882530582 -7.1341685971 -3.74394115248
207 -0.575882352713 -7.13416863498 -3.77513738511
208 -0.575882689883 -7.13416856318 -3.70281276012
209 -0.575882891937 -7.13416852016 -3.75201761111
210 -0.575883023894 -7.13416849206 -3.7571635468
211 -0.575882960166 -7.13416850563 -3.65366322815
212 -0.575883142695 -7.13416846677 -3.70676365652
213 -0.575883083983 -7.13416847927 -3.64364476886
214 -0.575883261994 -7.13416844137 -3.73224207324
215 -0.575883559311 -7.13416837806 -3.78152393946
216 -0.575883707617 -7.13416834649 -3.68176556903
217 -0.575883837871 -7.13416831875 -3.69240414065
218 -0.575884115696 -7.1341682596 -3.62832684787
219 -0.575884224129 -7.13416823652 -3.7675820409
220 -0.575884277924 -7.13416822506 -3.68559394789
221 -0.575884201079 -7.13416824142 -3.66815165916
222 -0.575884675032 -7.13416814052 -3.72936347607
223 -0.575884659295 -7.13416814387 -3.70697340495
224 -0.575884769309 -7.13416812045 -3.64620837967
225 -0.575885014242 -7.1341680683 -3.70986533808
226 -0.575885170809 -7.13416803497 -3.63290760685
227 -0.575885140636 -7.13416804139 -3.66462596066
228 -0.57588537728 -7.13416799102 -3.68624510398
229 -0.575885723918 -7.13416791722 -3.69018088934
230 -0.575886023424 -7.13416785346 -3.68623261873
231 -0.575886502782 -7.13416775142 -3.65596388779
232 -0.57588666195 -7.13416771754 -3.7780116573
233 -0.575886643427 -7.13416772149 -3.66824942524
234 -0.575886764364 -7.13416769574 -3.66569162597
235 -0.575887058337 -7.13416763317 -3.73753180929
236 -0.575886989795 -7.13416764776 -3.71689770787
237 -0.575887285098 -7.1341675849 -3.72231468175
238 -0.575887336945 -7.13416757387 -3.69599573047
239 -0.575887273985 -7.13416758727 -3.76708794563
240 -0.575887562218 -7.13416752592 -3.71848342833
241 -0.575887400198 -7.1341675604 -3.63859199711
242 -0.575887570889 -7.13416752407 -3.74608435094
243 -0.575887592724 -7.13416751942 -3.73290221204
244 -0.575887691125 -7.13416749848 -3.64345490722
245 -0.575887794769 -7.13416747642 -3.75094051688
246 -0.575887875396 -7.13416745926 -3.69771274219
247 -0.575888114136 -7.13416740845 -3.67821096425
248 -0.575888257775 -7.13416737787 -3.70104846145
249 -0.57588844032 -7.13416733902 -3.65311621328
250 -0.575888466281 -7.1341673335 -3.71888555939
251 -0.575888654373 -7.13416729347 -3.68735995478
252 -0.575889012764 -7.13416721719 -3.64177853039
253 -0.575889076458 -7.13416720364 -3.68895367685
254 -0.57588903861 -7.13416721169 -3.71729804725
255 -0.57588931509 -7.13416715285 -3.65820769259
256 -0.57588938937 -7.13416713704 -3.6933262811
257 -0.575889584661 -7.13416709548 -3.60764173169
258 -0.575889714056 -7.13416706794 -3.69554144024
259 -0.575889823195 -7.13416704472 -3.664699696
260 -0.575889901171 -7.13416702812 -3.6857996526
261 -0.575890068159 -7.13416699259 -3.69165295454
262 -0.575890223244 -7.13416695959 -3.70812542158
263 -0.575890401615 -7.13416692163 -3.67283121586
264 -0.575890658115 -7.13416686705 -3.73605527232
265 -0.575890674394 -7.13416686358 -3.72752202608
266 -0.575890721212 -7.13416685362 -3.67695472595
267 -0.575890508516 -7.13416689888 -3.65014386356
268 -0.575890642205 -7.13416687043 -3.63701304827
269 -0.575890880457 -7.13416681973 -3.73263404193
270 -0.575891075292 -7.13416677828 -3.68715907413
271 -0.575891270326 -7.13416673678 -3.70253567018
272 -0.57589134811 -7.13416672022 -3.71791505521
273 -0.575891558672 -7.13416667542 -3.73214115469
274 -0.575891792444 -7.13416662568 -3.69197768083
275 -0.57589194413 -7.13416659341 -3.66511425191
276 -0.575891911118 -7.13416660043 -3.70505107019
277 -0.575892154211 -7.13416654871 -3.65942024741
278 -0.575892206561 -7.13416653757 -3.62505373152
279 -0.57589251739 -7.13416647144 -3.68361832784
280 -0.575892694084 -7.13416643384 -3.79195810657
281 -0.57589266045 -7.134166441 -3.67978197906
282 -0.57589282439 -7.13416640612 -3.63755573426
283 -0.575893004824 -7.13416636773 -3.66688943143
284 -0.575893287393 -7.13416630761 -3.70816824256
285 -0.575893410071 -7.13416628151 -3.66774344565
286 -0.57589351711 -7.13416625874 -3.63365703767
287 -0.5758936935 -7.13416622122 -3.64549205311
288 -0.575893995156 -7.13416615704 -3.64647132538
289 -0.575894117016 -7.13416613112 -3.71820302613
290 -0.575894425661 -7.13416606546 -3.74631470659
291 -0.575894709534 -7.13416600507 -3.67413343048
292 -0.575894788459 -7.13416598828 -3.73936989777
293 -0.57589501098 -7.13416594095 -3.69921933415
294 -0.575895236299 -7.13416589302 -3.7097165467
295 -0.575895428032 -7.13416585224 -3.69992275329
296 -0.57589561721 -7.134165812 -3.70661861803
297 -0.575895649428 -7.13416580514 -3.67313512088
298 -0.575895815299 -7.13416576986 -3.70037874579
299 -0.575896117517 -7.13416570558 -3.70021636596
300 -0.575896069424 -7.13416571581 -3.73585926745
301 -0.575896190071 -7.13416569015 -3.70742838688
302 -0.575896224196 -7.13416568289 -3.62496639341
303 -0.575896257605 -7.13416567578 -3.64503637622
304 -0.575896249312 -7.13416567755 -3.69082388472
305 -0.575896466773 -7.13416563129 -3.66185982797
306 -0.575896540548 -7.1341656156 -3.64210505127
307 -0.575896752332 -7.13416557056 -3.72408573569
308 -0.5758966991 -7.13416558188 -3.67374694157
309 -0.575896753235 -7.13416557037 -3.60795070745
310 -0.575896821255 -7.1341655559 -3.68082490196
311 -0.575896722775 -7.13416557685 -3.63797846955
312 -0.575896820822 -7.13416555599 -3.68939058346
313 -0.575896829979 -7.13416555404 -3.63476436868
314 -0.575897124976 -7.1341654913 -3.7286967162
315 -0.575897250906 -7.13416546452 -3.65276633745
316 -0.575897425485 -7.13416542739 -3.6903893713
317 -0.57589764457 -7.1341653808 -3.72226746915
318 -0.575897867715 -7.13416533334 -3.72821977678
319 -0.57589846213 -7.13416520693 -3.72663352997
320 -0.575898861109 -7.13416512209 -3.67183778411
321 -0.575899034956 -7.13416508512 -3.70278886763
322 -0.575899299687 -7.13416502882 -3.65776738527
323 -0.575899456942 -7.13416499538 -3.73699803655
324 -0.575899334177 -7.13416502149 -3.69153001179
325 -0.575899332303 -7.13416502189 -3.69876286518
326 -0.575899335449 -7.13416502122 -3.70921332006
327 -0.575899266027 -7.13416503598 -3.63313054536
328 -0.575899370654 -7.13416501373 -3.68034592544
329 -0.575899584609 -7.13416496824 -3.70697288923
330 -0.575899917032 -7.13416489755 -3.69856597674
331 -0.575899988093 -7.13416488244 -3.67421659265
332 -0.575899763821 -7.13416493013 -3.64408088254
333 -0.575900037302 -7.13416487198 -3.73033606893
334 -0.575900088792 -7.13416486103 -3.63143608479
335 -0.575900018379 -7.134164876 -3.66657080895
336 -0.575900055253 -7.13416486816 -3.62675589313
337 -0.57590038634 -7.13416479776 -3.64176056666
338 -0.575900772234 -7.13416471571 -3.73384452904
339 -0.575900667851 -7.13416473791 -3.6705378717
340 -0.575900523987 -7.1341647685 -3.77911819515
341 -0.575901004895 -7.13416466625 -3.67484565852
342 -0.575901039469 -7.1341646589 -3.73922294979
343 -0.575900739795 -7.13416472261 -3.69158922984
344 -0.57590115202 -7.13416463497 -3.69373130917
345 -0.57590121597 -7.13416462137 -3.72145344757
346 -0.57590125145 -7.13416461383 -3.74046542004
347 -0.575901667174 -7.13416452544 -3.69590601611
348 -0.575901882014 -7.13416447976 -3.69793096822
349 -0.575902029492 -7.13416444841 -3.68341634795
350 -0.575902183441 -7.13416441568 -3.69134708953
351 -0.575902169378 -7.13416441867 -3.76902253868
352 -0.575902269337 -7.13416439742 -3.63345102992
353 -0.575902396656 -7.13416437035 -3.70932983453
354 -0.575902465129 -7.1341643558 -3.67351976802
355 -0.575902799221 -7.13416428477 -3.62887077832
356 -0.575902807365 -7.13416428304 -3.69062942421
357 -0.575903096066 -7.13416422167 -3.70743307206
358 -0.575903356901 -7.13416416622 -3.75467212087
359 -0.575903479872 -7.13416414008 -3.67459357944
360 -0.575903866136 -7.13416405798 -3.74700297634
361 -0.575904021438 -7.13416402496 -3.6689974218
362 -0.575904159747 -7.13416399557 -3.71266064138
363 -0.57590404305 -7.13416402037 -3.73048256506
364 -0.57590394353 -7.13416404152 -3.69165932843
365 -0.575904162834 -7.13416399491 -3.74515287751
366 -0.575904302157 -7.13416396529 -3.74078326976
367 -0.57590458062 -7.13416390611 -3.70835042423
368 -0.575904738137 -7.13416387263 -3.72662290389
369 -0.575904960162 -7.13416382543 -3.73735560807
370 -0.575905230624 -7.13416376795 -3.64128266444
371 -0.575905379782 -7.13416373625 -3.66246246577
372 -0.575905634398 -7.13416368213 -3.67636837708
373 -0.575905731768 -7.13416366144 -3.69488756892
374 -0.575905972952 -7.13416361018 -3.69288534143
375 -0.575905928309 -7.13416361967 -3.65622823256
376 -0.575905920213 -7.13416362139 -3.65016290133
377 -0.575906275903 -7.13416354579 -3.67864146731
378 -0.575906419248 -7.13416351533 -3.74245208494
379 -0.575906497891 -7.13416349862 -3.6724950456
380 -0.575906752505 -7.13416344451 -3.680724935
381 -0.575906766716 -7.13416344149 -3.70246500696
382 -0.575906975675 -7.13416339708 -3.69567944393
383 -0.57590716532 -7.13416335678 -3.71446490675
384 -0.575907312792 -7.13416332544 -3.68344383164
385 -0.575907299036 -7.13416332836 -3.65202222028
386 -0.575907466958 -7.13416329268 -3.62727953596
387 -0.575907569476 -7.13416327089 -3.77212560616
388 -0.575907629349 -7.13416325817 -3.74009129941
389 -0.575907919831 -7.13416319644 -3.73235452669
390 -0.57590824356 -7.13416312765 -3.7101202135
391 -0.575908426144 -7.13416308886 -3.63576274699
392 -0.575908536157 -7.13416306548 -3.69269280033
393 -0.57590858306 -7.13416305552 -3.65594552239
394 -0.57590863691 -7.13416304407 -3.76184466087
395 -0.575908906879 -7.13416298671 -3.61715570405
396 -0.575909042178 -7.13416295796 -3.77432120088
397 -0.575909101117 -7.13416294544 -3.71518975066
398 -0.575909260514 -7.13416291157 -3.70841154875
399 -0.575909449024 -7.13416287152 -3.74169628727
400 -0.575909487257 -7.1341628634 -3.70432379222
401 -0.575909874818 -7.13416278105 -3.71930383021
402 -0.575910220241 -7.13416270766 -3.68378730639
403 -0.575910357141 -7.13416267858 -3.66977062921
404 -0.575910317168 -7.13416268707 -3.71806642086
405 -0.575910655696 -7.13416261515 -3.69152803319
406 -0.575910959681 -7.13416255057 -3.65094297389
407 -0.575911188341 -7.134162502 -3.65778322442
408 -0.57591103872 -7.13416253378 -3.70778008192
409 -0.575911312154 -7.13416247569 -3.67081122152
410 -0.575911502992 -7.13416243515 -3.74912363021
411 -0.57591193747 -7.13416234286 -3.7387358793
412 -0.575912068224 -7.13416231508 -3.64552146663
413 -0.575912442931 -7.13416223549 -3.64059988336
414 -0.575912617175 -7.13416219847 -3.73600570797
415 -0.575912681251 -7.13416218486 -3.66651178802
416 -0.57591296017 -7.13416212562 -3.677204264
417 -0.575913466859 -7.134162018 -3.65238775301
418 -0.575913446083 -7.13416202241 -3.67980593092
419 -0.575913531462 -7.13416200427 -3.71135816849
420 -0.575913544171 -7.13416200157 -3.71056888223
421 -0.575913919662 -7.13416192182 -3.70287593407
422 -0.575913997365 -7.13416190532 -3.76955478214
423 -0.575914468477 -7.13416180526 -3.63041713599
424 -0.575914741275 -7.13416174733 -3.70144197112
425 -0.57591495747 -7.13416170141 -3.64181161021
426 -0.575915401049 -7.13416160721 -3.63357498221
427 -0.575915434995 -7.1341616 -3.70022804417
428 -0.575915692724 -7.13416154527 -3.68332681852
429 -0.575915649206 -7.13416155451 -3.67553423038
430 -0.575915924693 -7.13416149601 -3.68686286592
431 -0.575916150089 -7.13416144814 -3.67465700465
432 -0.575916409718 -7.13416139301 -3.68543017738
433 -0.575916608407 -7.13416135082 -3.68787932399
434 -0.575916748798 -7.13416132101 -3.61735649062
435 -0.575917075924 -7.13416125155 -3.73976202202
436 -0.575917015001 -7.13416126448 -3.68618743033
437 -0.575917336122 -7.1341611963 -3.72513575358
438 -0.57591751707 -7.13416115788 -3.63390378435
439 -0.575917657955 -7.13416112796 -3.67329995991
440 -0.575917854559 -7.13416108622 -3.72108354589
441 -0.575918047295 -7.1341610453 -3.72000415404
442 -0.575917944555 -7.13416106711 -3.65973024481
443 -0.575918101743 -7.13416103374 -3.65671745953
444 -0.575918211539 -7.13416101043 -3.73022750751
445 -0.575918477244 -7.13416095401 -3.66266737787
446 -0.575918677312 -7.13416091154 -3.67457179023
447 -0.575918927007 -7.13416085852 -3.77832270436
448 -0.575919074193 -7.13416082728 -3.64365441866
449 -0.575918971746 -7.13416084903 -3.69599835905
450 -0.575919273897 -7.13416078488 -3.7267183085
451 -0.575919372626 -7.13416076392 -3.62728921884
452 -0.57591958659 -7.1341607185 -3.67224545306
453 -0.575919683181 -7.13416069799 -3.71639664892
454 -0.575919591348 -7.13416071749 -3.69641199885
455 -0.575919652336 -7.13416070454 -3.65457195365
456 -0.575919574546 -7.13416072105 -3.74721627466
457 -0.575919748332 -7.13416068416 -3.7449371685
458 -0.575919742285 -7.13416068544 -3.74282920053
459 -0.575919855134 -7.13416066149 -3.69906858129
460 -0.575919707899 -7.13416069274 -3.68991420007
461 -0.57591979421 -7.13416067442 -3.671326434
462 -0.575919966653 -7.13416063781 -3.67048134677
463 -0.575919906202 -7.13416065065 -3.6077916788
464 -0.575920071277 -7.1341606156 -3.72379681032
465 -0.57592006339 -7.13416061728 -3.67055757776
466 -0.575920211489 -7.13416058584 -3.66006586677
467 -0.575920380013 -7.13416055006 -3.6974644998
468 -0.575920323494 -7.13416056206 -3.74393489176
469 -0.575920939979 -7.1341604312 -3.68663368668
470 -0.575921350456 -7.13416034407 -3.68596833213
471 -0.575921414001 -7.13416033058 -3.58029510526
472 -0.575921412909 -7.13416033081 -3.71136880048
473 -0.5759216353 -7.13416028361 -3.70310354262
474 -0.575921579385 -7.13416029547 -3.68764380667
475 -0.575921833811 -7.13416024147 -3.69582243264
476 -0.575922027664 -7.13416020032 -3.69784899336
477 -0.575922319883 -7.1341601383 -3.64097130323
478 -0.575922438617 -7.1341601131 -3.70990620205
479 -0.575922471847 -7.13416010605 -3.64952871735
480 -0.575922460919 -7.13416010837 -3.65234943905
481 -0.575922412345 -7.13416011868 -3.70380854306
482 -0.575922310759 -7.13416014024 -3.67223474919
483 -0.575922559198 -7.13416008751 -3.69192526044
484 -0.575922671647 -7.13416006364 -3.64194554942
485 -0.575922943278 -7.13416000599 -3.76287340758
486 -0.575922976698 -7.1341599989 -3.67860587984
487 -0.575923224292 -7.13415994635 -3.67930982163
488 -0.57592327027 -7.13415993659 -3.76460577217
489 -0.575923479126 -7.13415989227 -3.68760723673
490 -0.575923790034 -7.13415982629 -3.70436144939
491 -0.57592385183 -7.13415981317 -3.72868041879
492 -0.575923958965 -7.13415979044 -3.61068278213
493 -0.57592417443 -7.13415974471 -3.69113163593
494 -0.57592436265 -7.13415970477 -3.68772135369
495 -0.575924412212 -7.13415969425 -3.67936335029
496 -0.575924549487 -7.13415966512 -3.64905543334
497 -0.575924611119 -7.13415965204 -3.62315180039
498 -0.575924815866 -7.13415960859 -3.72850113592
499 -0.575924924568 -7.13415958553 -3.71824069404
500 -0.57592512659 -7.13415954266 -3.72355062153
501 -0.575925103778 -7.1341595475 -3.67799357785
502 -0.575925355005 -7.13415949419 -3.7606425149
503 -0.575925757188 -7.13415940885 -3.77482560948
504 -0.575925991888 -7.13415935905 -3.76160511611
505 -0.575926160304 -7.13415932332 -3.70097691828
506 -0.575926147905 -7.13415932595 -3.60257547159
507 -0.575926362767 -7.13415928036 -3.76138759516
508 -0.575926633767 -7.13415922286 -3.71769787499
509 -0.575926773737 -7.13415919316 -3.68953355491
510 -0.575926985215 -7.13415914829 -3.73388196772
511 -0.575927246417 -7.13415909288 -3.76563095784
512 -0.575927318263 -7.13415907763 -3.72879971628
513 -0.575927575003 -7.13415902316 -3.74010369248
514 -0.575927483147 -7.13415904265 -3.69413040329
515 -0.575927745368 -7.13415898702 -3.69441423494
516 -0.575927796894 -7.13415897609 -3.70201742316
517 -0.575928054544 -7.13415892143 -3.71629855255
518 -0.575928187822 -7.13415889315 -3.69232459151
519 -0.575928335226 -7.13415886188 -3.68924170668
520 -0.575928380868 -7.1341588522 -3.67585403304
521 -0.575928524865 -7.13415882165 -3.6525697931
522 -0.57592883718 -7.1341587554 -3.71873615432
523 -0.575928838607 -7.1341587551 -3.71932617978
524 -0.575928864892 -7.13415874952 -3.66268155992
525 -0.575928969771 -7.13415872727 -3.70121281004
526 -0.5759290895 -7.13415870188 -3.62091380609
527 -0.575929433357 -7.13415862893 -3.67380156199
528 -0.57592942686 -7.13415863031 -3.75806888444
529 -0.575929654855 -7.13415858195 -3.70176101368
530 -0.575929924271 -7.1341585248 -3.66565745187
531 -0.575930073168 -7.13415849322 -3.6989042037
532 -0.575930201429 -7.13415846601 -3.64534785178
533 -0.575930302242 -7.13415844463 -3.64666151361
534 -0.575930372274 -7.13415842978 -3.70366423622
535 -0.575930461011 -7.13415841096 -3.70001096979
536 -0.575930545167 -7.13415839311 -3.74473512791
537 -0.575930689041 -7.13415836259 -3.70024218518
538 -0.575931018829 -7.13415829264 -3.67426318911
539 -0.575931253001 -7.13415824298 -3.68031590216
540 -0.57593162872 -7.13415816329 -3.75827615834
541 -0.575931729214 -7.13415814198 -3.66218693358
542 -0.575931841547 -7.13415811815 -3.70187640918
543 -0.575932101232 -7.13415806308 -3.73233388991
544 -0.57593249295 -7.13415798001 -3.69645883036
545 -0.575932609764 -7.13415795523 -3.65085201958
546 -0.575932624733 -7.13415795206 -3.70076334085
547 -0.575933014578 -7.13415786939 -3.66710783821
548 -0.575933215407 -7.1341578268 -3.74221850071
549 -0.575933467632 -7.13415777331 -3.69606138759
550 -0.575933407486 -7.13415778607 -3.74969279399
551 -0.575933558164 -7.13415775412 -3.77100574281
552 -0.575933558931 -7.13415775395 -3.7907861408
553 -0.575933774644 -7.13415770821 -3.6978887721
554 -0.575933800433 -7.13415770274 -3.62509889938
555 -0.57593386125 -7.13415768985 -3.61375589379
556 -0.575934035163 -7.13415765297 -3.64538380965
557 -0.575933985099 -7.13415766359 -3.7025362855
558 -0.575933955219 -7.13415766992 -3.66318234909
559 -0.575933884678 -7.13415768488 -3.72819698159
560 -0.575934217229 -7.13415761436 -3.68671647167
561 -0.575934325527 -7.1341575914 -3.71803368379
562 -0.57593466703 -7.13415751899 -3.74246838147
563 -0.575934710297 -7.13415750982 -3.69566419377
564 -0.575934850099 -7.13415748017 -3.66916389962
565 -0.575934830058 -7.13415748442 -3.75250908799
566 -0.575934646884 -7.13415752326 -3.67936853151
567 -0.575934775866 -7.13415749591 -3.67746703014
568 -0.575934878155 -7.13415747423 -3.68828740702
569 -0.575934933891 -7.13415746241 -3.67730842506
570 -0.575935304082 -7.13415738392 -3.70065032051
571 -0.575935593536 -7.13415732255 -3.66003118971
572 -0.575935650438 -7.13415731049 -3.63970193311
573 -0.575935521438 -7.13415733784 -3.6991792431
574 -0.575935887591 -7.13415726021 -3.67987404304
575 -0.575935972973 -7.1341572421 -3.75781682145
576 -0.575936014482 -7.1341572333 -3.66805524098
577 -0.575936210895 -7.13415719166 -3.6630567121
578 -0.575936552512 -7.13415711924 -3.6231120276
579 -0.57593675632 -7.13415707603 -3.77686546933
580 -0.575936754865 -7.13415707634 -3.63128274956
581 -0.575937028979 -7.13415701823 -3.67999740338
582 -0.575937087251 -7.13415700588 -3.68141007635
583 -0.575937297484 -7.13415696131 -3.63418548926
584 -0.575937363242 -7.13415694737 -3.72589891215
585 -0.575937376123 -7.13415694464 -3.6580994556
586 -0.575937384465 -7.13415694287 -3.68906148671
587 -0.57593740835 -7.13415693781 -3.70604507021
588 -0.575937484826 -7.1341569216 -3.69970359783
589 -0.575937461079 -7.13415692663 -3.71975586803
590 -0.575937367342 -7.1341569465 -3.65528867988
591 -0.575937461436 -7.13415692655 -3.6061500623
592 -0.575937592593 -7.13415689875 -3.77312895188
593 -0.575937739399 -7.13415686763 -3.67219470047
594 -0.575938019187 -7.13415680832 -3.67190641893
595 -0.575937966315 -7.13415681953 -3.6838552646
596 -0.575937961076 -7.13415682064 -3.67728855666
597 -0.575937970974 -7.13415681854 -3.74345957632
598 -0.575938122027 -7.13415678652 -3.7676492762
599 -0.575938190677 -7.13415677197 -3.68518004648
600 -0.575938591576 -7.13415668699 -3.62835348181
601 -0.575938761368 -7.134156651 -3.67737888254
602 -0.575938918583 -7.13415661768 -3.7265705303
603 -0.575938832003 -7.13415663603 -3.68664584683
604 -0.575938724168 -7.13415665889 -3.72786394098
605 -0.575938785633 -7.13415664586 -3.68275290657
606 -0.575938991036 -7.13415660232 -3.74045505109
607 -0.575939222095 -7.13415655335 -3.66342896507
608 -0.575939518794 -7.13415649046 -3.73091245668
609 -0.57593941256 -7.13415651298 -3.71429735598
610 -0.575939638983 -7.13415646499 -3.76083109556
611 -0.575939790477 -7.13415643288 -3.6840876756
612 -0.575939751098 -7.13415644123 -3.74378102877
613 -0.575939965094 -7.13415639587 -3.66754875276
614 -0.575940406464 -7.13415630233 -3.70954759303
615 -0.575940517024 -7.1341562789 -3.73136690512
616 -0.575940612007 -7.13415625877 -3.70755591161
617 -0.575940678574 -7.13415624466 -3.66099689996
618 -0.575940708148 -7.1341562384 -3.64566981921
619 -0.575940907121 -7.13415619623 -3.76689277693
620 -0.575941062429 -7.13415616331 -3.71601205762
621 -0.575941265774 -7.13415612022 -3.71107715578
622 -0.575941340361 -7.13415610442 -3.53654217115
623 -0.575941614307 -7.13415604636 -3.67971039257
624 -0.575941661892 -7.13415603628 -3.70601799188
625 -0.575941889378 -7.13415598807 -3.65477062065
626 -0.575942087424 -7.13415594611 -3.68068077963
627 -0.575942118966 -7.13415593942 -3.64947652054
628 -0.5759421692 -7.13415592878 -3.69584063865
629 -0.575942292376 -7.13415590268 -3.64818539257
630 -0.575942526868 -7.13415585299 -3.70860425063
631 -0.575942603996 -7.13415583664 -3.72298129503
632 -0.575942493687 -7.13415586002 -3.65175390976
633 -0.575942801718 -7.13415579475 -3.70853488532
634 -0.575942860378 -7.13415578232 -3.73552935232
635 -0.575942963268 -7.13415576052 -3.63515364525
636 -0.575943064003 -7.13415573917 -3.64482906379
637 -0.575943065101 -7.13415573894 -3.66388853957
638 -0.575943351129 -7.13415567834 -3.71114408219
639 -0.575943603288 -7.13415562491 -3.68831828855
640 -0.575943786971 -7.13415558599 -3.65035314129
641 -0.575943891599 -7.13415556382 -3.65685472227
642 -0.575943985955 -7.13415554383 -3.71959466979
643 -0.57594421179 -7.13415549598 -3.67297282505
644 -0.57594438427 -7.13415545944 -3.71698584894
645 -0.575944517394 -7.13415543124 -3.66026681682
646 -0.575944934874 -7.13415534279 -3.64661318812
647 -0.575944938124 -7.1341553421 -3.64338399484
648 -0.57594499724 -7.13415532958 -3.709223111
649 -0.575945042249 -7.13415532004 -3.66582548716
650 -0.57594521977 -7.13415528243 -3.69733326371
651 -0.575945428236 -7.13415523827 -3.69167474609
652 -0.575945560559 -7.13415521024 -3.71545297725
653 -0.57594578205 -7.13415516332 -3.65192148671
654 -0.575945930154 -7.13415513194 -3.6405036425
655 -0.575946122225 -7.13415509126 -3.73706943965
656 -0.575946273847 -7.13415505914 -3.62662844025
657 -0.575946283222 -7.13415505715 -3.65744711231
658 -0.575946178151 -7.13415507941 -3.67202163739
659 -0.575946507071 -7.13415500973 -3.61729687138
660 -0.575946629189 -7.13415498387 -3.6998700799
661 -0.575946874265 -7.13415493195 -3.72841191076
662 -0.575947050843 -7.13415489455 -3.66811559444
663 -0.575947654215 -7.13415476675 -3.73588379743
664 -0.575947907495 -7.1341547131 -3.70095051034
665 -0.575947925396 -7.13415470931 -3.64150592785
666 -0.57594795335 -7.13415470339 -3.69805635996
667 -0.575947932734 -7.13415470776 -3.67941058142
668 -0.575948003355 -7.1341546928 -3.67790300114
669 -0.575948167801 -7.13415465797 -3.67292966556
670 -0.57594857762 -7.13415457117 -3.70290665419
671 -0.575948734192 -7.13415453801 -3.68723327932
672 -0.575948698194 -7.13415454564 -3.69380912913
673 -0.575948751253 -7.1341545344 -3.63369048595
674 -0.575949004634 -7.13415448074 -3.70822694126
675 -0.575949119045 -7.13415445651 -3.68557479949
676 -0.575948940481 -7.13415449432 -3.71228800219
677 -0.575949220806 -7.13415443495 -3.71329401716
678 -0.575949355837 -7.13415440636 -3.69335620446
679 -0.575949370321 -7.13415440329 -3.69696811496
680 -0.575949703012 -7.13415433283 -3.64722935123
681 -0.575949902798 -7.13415429053 -3.71945927976
682 -0.575950071757 -7.13415425475 -3.72269589339
683 -0.575950133405 -7.13415424169 -3.67266554054
684 -0.575950116826 -7.1341542452 -3.64761768173
685 -0.575950228124 -7.13415422163 -3.72704129467
686 -0.575950445055 -7.1341541757 -3.70626960467
687 -0.575950485053 -7.13415416723 -3.6188178376
688 -0.575950573468 -7.1341541485 -3.7303945339
689 -0.575951144795 -7.13415402752 -3.7200477673
690 -0.575951193303 -7.13415401725 -3.72671215155
691 -0.575951120772 -7.13415403261 -3.63650259121
692 -0.575951325526 -7.13415398925 -3.58664142484
693 -0.575951399238 -7.13415397365 -3.65167116036
694 -0.575951614339 -7.1341539281 -3.72703013639
695 -0.575951708382 -7.13415390819 -3.69760089977
696 -0.575951970363 -7.13415385272 -3.79033410923
697 -0.575952163073 -7.13415381191 -3.72789929483
698 -0.575952089726 -7.13415382744 -3.66808875117
699 -0.575952250857 -7.13415379333 -3.70161933401
700 -0.575952107318 -7.13415382372 -3.69825779751
701 -0.575952355982 -7.13415377107 -3.67029468904
702 -0.575952552471 -7.13415372947 -3.71747855345
703 -0.575952813855 -7.13415367413 -3.69112950101
704 -0.575952875699 -7.13415366104 -3.69873214753
705 -0.575953123193 -7.13415360864 -3.70633570539
706 -0.575953458107 -7.13415353773 -3.69661738613
707 -0.575953589705 -7.13415350987 -3.68629856278
708 -0.575953715023 -7.13415348334 -3.72089233901
709 -0.575954040529 -7.13415341443 -3.67602883678
710 -0.575954328428 -7.13415335349 -3.60986768872
711 -0.575954529874 -7.13415331084 -3.64339731676
712 -0.575954566882 -7.13415330301 -3.62722153196
713 -0.575954585609 -7.13415329904 -3.67707336223
714 -0.575954731844 -7.13415326809 -3.65325083039
715 -0.57595485988 -7.13415324098 -3.7607295807
716 -0.575954951355 -7.13415322162 -3.6917569428
717 -0.575954855816 -7.13415324184 -3.62303343834
718 -0.575954878747 -7.13415323699 -3.64515662556
719 -0.575954976071 -7.13415321639 -3.71825889528
720 -0.575955240074 -7.13415316051 -3.70855057935
721 -0.575955486939 -7.13415310825 -3.7066907875
722 -0.575955527841 -7.13415309959 -3.67799943255
723 -0.575955569618 -7.13415309075 -3.71558659754
724 -0.575955750941 -7.13415305237 -3.69576168322
725 -0.575955817134 -7.13415303836 -3.72950843182
726 -0.575955814895 -7.13415303883 -3.64708164671
727 -0.575955885568 -7.13415302387 -3.68031837652
728 -0.575955891089 -7.1341530227 -3.672247864
729 -0.575956212878 -7.13415295459 -3.63358312694
730 -0.57595623863 -7.13415294914 -3.64919197548
731 -0.57595664801 -7.1341528625 -3.74558715395
732 -0.575956794148 -7.13415283157 -3.69570331915
733 -0.575956952375 -7.13415279808 -3.70419284538
734 -0.575957102045 -7.1341527664 -3.6543024995
735 -0.575957453763 -7.13415269196 -3.69647657616
736 -0.575957535549 -7.13415267465 -3.68211678963
737 -0.575957542959 -7.13415267308 -3.7225384597
738 -0.575957533578 -7.13415267507 -3.72962373879
739 -0.575957708991 -7.13415263795 -3.70524742113
740 -0.575957673935 -7.13415264537 -3.6937582173
741 -0.575957742108 -7.13415263094 -3.77578645804
742 -0.575957955309 -7.13415258582 -3.71727297148
743 -0.575958025195 -7.13415257103 -3.64774919276
744 -0.575958187691 -7.13415253664 -3.67646995506
745 -0.575958538285 -7.13415246245 -3.66219374933
746 -0.575958692697 -7.13415242977 -3.74095357363
747 -0.575958960935 -7.13415237301 -3.6693972202
748 -0.575959138787 -7.13415233537 -3.70993482114
749 -0.575959428967 -7.13415227397 -3.6643812382
750 -0.575959753447 -7.13415220531 -3.63004585738
751 -0.575959936565 -7.13415216656 -3.68575795793
752 -0.575959963446 -7.13415216087 -3.67497480813
753 -0.575960225801 -7.13415210536 -3.63467537635
754 -0.575960341535 -7.13415208087 -3.6566617693
755 -0.575960526613 -7.13415204171 -3.63656594798
756 -0.575960602145 -7.13415202573 -3.66961873053
757 -0.575960784034 -7.13415198725 -3.66572213926
758 -0.575960650233 -7.13415201556 -3.66783625216
759 -0.575960836385 -7.13415197617 -3.67035299507
760 -0.575960898391 -7.13415196305 -3.68784782459
761 -0.575960990512 -7.13415194356 -3.67956822693
762 -0.575961147861 -7.13415191027 -3.70036982791
763 -0.575961451806 -7.13415184596 -3.65318504084
764 -0.575961729281 -7.13415178726 -3.64049881708
765 -0.575961743094 -7.13415178434 -3.67259179826
766 -0.575962010407 -7.13415172778 -3.62725599928
767 -0.575962325927 -7.13415166103 -3.70072965727
768 -0.575962362592 -7.13415165328 -3.72122449912
769 -0.575962667462 -7.13415158878 -3.64654286829
770 -0.575962913858 -7.13415153666 -3.60650696644
771 -0.575963117987 -7.13415149347 -3.6710850119
772 -0.57596334778 -7.13415144486 -3.62678761228
773 -0.575963529345 -7.13415140646 -3.71491072421
774 -0.575963553522 -7.13415140134 -3.64232782479
775 -0.575963573934 -7.13415139703 -3.67372101147
776 -0.575963896136 -7.13415132887 -3.72064215401
777 -0.575963974727 -7.13415131225 -3.71094431041
778 -0.575964178418 -7.13415126916 -3.66073188053
779 -0.575964016782 -7.13415130335 -3.70755428137
780 -0.575964349071 -7.13415123306 -3.60472732164
781 -0.575964492397 -7.13415120275 -3.64746394963
782 -0.575964474441 -7.13415120655 -3.73873119194
783 -0.575964795992 -7.13415113853 -3.74366679485
784 -0.575965055274 -7.13415108369 -3.66393990959
785 -0.575965023313 -7.13415109045 -3.6602536763
786 -0.575965018445 -7.13415109148 -3.7113663532
787 -0.575965076248 -7.13415107926 -3.67295878003
788 -0.575964913065 -7.13415111377 -3.70577751509
789 -0.575965371854 -7.13415101674 -3.74579871628
790 -0.575965784447 -7.13415092947 -3.63999289848
791 -0.575966015069 -7.1341508807 -3.68124498937
792 -0.57596609051 -7.13415086474 -3.6283250352
793 -0.575966282113 -7.13415082422 -3.7223733886
794 -0.575966512867 -7.13415077542 -3.65028921946
795 -0.575966337439 -7.13415081252 -3.68722194799
796 -0.575966594284 -7.1341507582 -3.68930750358
797 -0.575966585774 -7.13415076 -3.69772610306
798 -0.575966684085 -7.13415073921 -3.66581902673
799 -0.575966870818 -7.13415069972 -3.61175006093
800 -0.575966953487 -7.13415068224 -3.67119979495
801 -0.575966967763 -7.13415067922 -3.68731590092
802 -0.57596730526 -7.13415060785 -3.70810908637
803 -0.575967420791 -7.13415058342 -3.66153153288
804 -0.575967295152 -7.13415060999 -3.68960923726
805 -0.575967362285 -7.13415059579 -3.67998192754
806 -0.575967407503 -7.13415058623 -3.67652002431
807 -0.575967263989 -7.13415061658 -3.65420453895
808 -0.575967297253 -7.13415060954 -3.65670414749
809 -0.57596732122 -7.13415060448 -3.66658171721
810 -0.575967539128 -7.1341505584 -3.67113920276
811 -0.575967708668 -7.13415052254 -3.72397698766
812 -0.575967771009 -7.13415050936 -3.66608376033
813 -0.575968037956 -7.13415045291 -3.68326312464
814 -0.575968095354 -7.13415044078 -3.68009953216
815 -0.575968095512 -7.13415044074 -3.74050320033
816 -0.57596804814 -7.13415045076 -3.67992850269
817 -0.575968199974 -7.13415041865 -3.6874564603
818 -0.575968360186 -7.13415038478 -3.71753821069
819 -0.57596837582 -7.13415038147 -3.73553337947
820 -0.575968454917 -7.13415036475 -3.7632283588
821 -0.575968636542 -7.13415032634 -3.67977171188
822 -0.575968748817 -7.1341503026 -3.67202162155
823 -0.575968820749 -7.13415028739 -3.71061524858
824 -0.575968741295 -7.13415030419 -3.71186649336
825 -0.575968868842 -7.13415027722 -3.68291044421
826 -0.575969004616 -7.13415024852 -3.69563871701
827 -0.575969229589 -7.13415020095 -3.73117691153
828 -0.575969338293 -7.13415017797 -3.64362977707
829 -0.575969760058 -7.13415008879 -3.63948947124
830 -0.57597006244 -7.13415002486 -3.69135332052
831 -0.57597021357 -7.13414999291 -3.64397065358
832 -0.575970176882 -7.13415000067 -3.70555108312
833 -0.575970314835 -7.1341499715 -3.6488618881
834 -0.575970288486 -7.13414997707 -3.62839444338
835 -0.575970350923 -7.13414996387 -3.67398788961
836 -0.575970263839 -7.13414998228 -3.64312056013
837 -0.575970243228 -7.13414998664 -3.7218289714
838 -0.575970343118 -7.13414996552 -3.71407908871
839 -0.575970429731 -7.13414994721 -3.62667526867
840 -0.575970601822 -7.13414991083 -3.71932987628
841 -0.575970526085 -7.13414992684 -3.59920628805
842 -0.575970597021 -7.13414991184 -3.68192654467
843 -0.575970932406 -7.13414984094 -3.680731254
844 -0.575970993212 -7.13414982809 -3.72276813901
845 -0.575971214594 -7.13414978129 -3.72726476709
846 -0.575971325522 -7.13414975784 -3.69032768551
847 -0.575971672304 -7.13414968453 -3.68624277334
848 -0.575971937639 -7.13414962844 -3.70284027687
849 -0.575972251282 -7.13414956214 -3.73113600076
850 -0.575972254129 -7.13414956154 -3.59899920097
851 -0.5759724396 -7.13414952233 -3.76472698333
852 -0.575972830783 -7.13414943965 -3.65898121817
853 -0.575973039711 -7.13414939548 -3.7197570794
854 -0.575973537667 -7.13414929023 -3.73788963152
855 -0.57597393022 -7.13414920727 -3.72232818611
856 -0.575973895943 -7.13414921451 -3.69206388551
857 -0.575974030997 -7.13414918597 -3.66048407486
858 -0.575974266166 -7.13414913626 -3.74990432107
859 -0.575974336132 -7.13414912148 -3.64513067129
860 -0.575974639825 -7.13414905729 -3.67733703202
861 -0.575974578734 -7.1341490702 -3.63201774393
862 -0.575974847661 -7.13414901337 -3.6727229088
863 -0.575974950034 -7.13414899173 -3.62568406595
864 -0.575974892309 -7.13414900393 -3.6469793368
865 -0.57597481126 -7.13414902106 -3.70787310127
866 -0.57597481339 -7.13414902061 -3.67012579052
867 -0.575975044257 -7.13414897182 -3.59554424063
868 -0.575975249975 -7.13414892835 -3.71985711247
869 -0.57597541705 -7.13414889304 -3.65072644334
870 -0.575975558005 -7.13414886325 -3.71143805355
871 -0.575975606535 -7.134148853 -3.67238062399
872 -0.575975826998 -7.13414880641 -3.69140374274
873 -0.575975946437 -7.13414878117 -3.66491366672
874 -0.575976260425 -7.13414871482 -3.74195521502
875 -0.575976285567 -7.1341487095 -3.68372790874
876 -0.575976170974 -7.13414873372 -3.7451054422
877 -0.575976117611 -7.134148745 -3.6940450458
878 -0.575976341646 -7.13414869765 -3.6523203988
879 -0.575976543677 -7.13414865496 -3.628801848
880 -0.575976672338 -7.13414862778 -3.71508472789
881 -0.575976768208 -7.13414860752 -3.69900279938
882 -0.57597689423 -7.13414858089 -3.67694436384
883 -0.575976955142 -7.13414856802 -3.59718403008
884 -0.575977026623 -7.13414855291 -3.70072945171
885 -0.575977292006 -7.13414849684 -3.67426358421
886 -0.575977285218 -7.13414849827 -3.65100239852
887 -0.575977276286 -7.13414850016 -3.68442960359
888 -0.575977329759 -7.13414848886 -3.69285704967
889 -0.575977337935 -7.13414848714 -3.70803387403
890 -0.575977572155 -7.13414843765 -3.67331719003
891 -0.575977790449 -7.13414839152 -3.74200625416
892 -0.575977864892 -7.13414837579 -3.69102919962
893 -0.575978008525 -7.13414834545 -3.67450233215
894 -0.575978152891 -7.13414831495 -3.67116250919
895 -0.575977889793 -7.13414837053 -3.67177847788
896 -0.575977811979 -7.13414838697 -3.68293576086
897 -0.575977994594 -7.13414834839 -3.68196668142
898 -0.575977989505 -7.13414834947 -3.71014697025
899 -0.575978154405 -7.13414831463 -3.68257666739
900 -0.575978531914 -7.13414823487 -3.71780530563
901 -0.575978877495 -7.13414816186 -3.68752992087
902 -0.575978961927 -7.13414814402 -3.66073157652
903 -0.575978988739 -7.13414813835 -3.62470650888
904 -0.575979123303 -7.13414810993 -3.69917715295
905 -0.575979158331 -7.13414810253 -3.71180484266
906 -0.575979261534 -7.13414808072 -3.67903753561
907 -0.575979124322 -7.13414810971 -3.74542234639
908 -0.575979284001 -7.13414807598 -3.67918532071
909 -0.575979493388 -7.13414803174 -3.67710971779
910 -0.575979731339 -7.13414798147 -3.75753041572
911 -0.57597981585 -7.13414796362 -3.64968636717
912 -0.575979886667 -7.13414794866 -3.74060174595
913 -0.575980466324 -7.13414782621 -3.6509231183
914 -0.575980562348 -7.13414780593 -3.66036003695
915 -0.575980808686 -7.13414775389 -3.68181143767
916 -0.57598071224 -7.13414777426 -3.68752266844
917 -0.575981224557 -7.13414766605 -3.63753923923
918 -0.575981016491 -7.13414771 -3.65751489858
919 -0.575981326913 -7.13414764443 -3.78955003202
920 -0.575981541167 -7.13414759917 -3.59556328839
921 -0.575981842733 -7.13414753547 -3.62375110802
922 -0.575981918928 -7.13414751938 -3.67018145038
923 -0.575981936583 -7.13414751565 -3.65301836543
924 -0.575982237063 -7.13414745219 -3.6943568837
925 -0.575982401286 -7.1341474175 -3.71797197131
926 -0.575982685137 -7.13414735755 -3.78080054859
927 -0.575982959151 -7.13414729968 -3.72408416797
928 -0.575983370097 -7.13414721289 -3.57722025165
929 -0.575983358593 -7.13414721532 -3.72277913046
930 -0.575983247599 -7.13414723876 -3.73939551576
931 -0.575983578051 -7.13414716897 -3.60470703507
932 -0.575983822627 -7.13414711732 -3.67933187419
933 -0.575984116553 -7.13414705525 -3.60721687822
934 -0.575984224803 -7.13414703239 -3.71792193714
935 -0.575984339515 -7.13414700817 -3.64552024354
936 -0.575984654501 -7.13414694165 -3.62370565011
937 -0.575984805414 -7.13414690978 -3.73410215874
938 -0.575984908654 -7.13414688798 -3.70529552822
939 -0.575985024871 -7.13414686344 -3.70974889117
940 -0.575985207805 -7.13414682481 -3.69229335842
941 -0.575985489411 -7.13414676535 -3.75625634431
942 -0.575985797253 -7.13414670035 -3.66558881093
943 -0.575986100283 -7.13414663637 -3.70205373457
944 -0.575986291908 -7.13414659591 -3.77478650244
945 -0.5759864948 -7.13414655307 -3.70369054121
946 -0.575986456315 -7.1341465612 -3.71198592846
947 -0.575986642361 -7.13414652191 -3.63987886838
948 -0.575986699309 -7.13414650989 -3.69523715716
949 -0.575986825891 -7.13414648317 -3.70695481834
950 -0.575986917039 -7.13414646392 -3.64203157991
951 -0.575986764408 -7.13414649615 -3.63024137728
952 -0.575987125445 -7.13414641992 -3.69111810379
953 -0.57598737084 -7.13414636811 -3.6741871134
954 -0.575987454759 -7.1341463504 -3.72032665422
955 -0.575987711855 -7.13414629612 -3.66686786463
956 -0.575987863411 -7.13414626412 -3.65511948574
957 -0.575988093575 -7.13414621553 -3.75536060137
958 -0.575988389088 -7.13414615315 -3.74314993755
959 -0.575988748337 -7.13414607731 -3.69792041653
960 -0.57598853981 -7.13414612133 -3.68264698761
961 -0.575988875425 -7.13414605048 -3.68794523987
962 -0.575988810522 -7.13414606418 -3.62272890649
963 -0.575988844824 -7.13414605694 -3.74905697139
964 -0.575988733333 -7.13414608048 -3.59454007959
965 -0.575988797805 -7.13414606687 -3.70471132447
966 -0.57598904286 -7.13414601514 -3.65521526534
967 -0.575988996593 -7.13414602491 -3.72984965133
968 -0.575989124545 -7.1341459979 -3.63086372562
969 -0.575989067352 -7.13414600997 -3.65642621133
970 -0.575989233699 -7.13414597486 -3.67235328425
971 -0.575989161534 -7.13414599009 -3.65588335592
972 -0.575989412089 -7.1341459372 -3.81214193091
973 -0.575989370684 -7.13414594594 -3.74098638163
974 -0.575989756985 -7.1341458644 -3.60238570717
975 -0.575990123056 -7.13414578713 -3.74681610047
976 -0.575989966036 -7.13414582027 -3.70026686227
977 -0.575990007203 -7.13414581158 -3.6872131132
978 -0.575990203395 -7.13414577017 -3.72688936496
979 -0.575990432084 -7.1341457219 -3.72967583074
980 -0.575990415333 -7.13414572544 -3.71270845776
981 -0.575990802236 -7.13414564378 -3.72158693477
982 -0.5759909469 -7.13414561324 -3.65407245636
983 -0.575991003614 -7.13414560127 -3.64754430185
984 -0.575991111768 -7.13414557845 -3.70591936163
985 -0.575991135041 -7.13414557354 -3.63333249804
986 -0.575991163628 -7.1341455675 -3.71788901135
987 -0.575991650903 -7.13414546466 -3.66729877912
988 -0.575991815628 -7.1341454299 -3.65471963353
989 -0.575991874342 -7.13414541751 -3.71035354734
990 -0.575992192041 -7.13414535046 -3.6636385419
991 -0.575992293196 -7.13414532911 -3.72440235184
992 -0.575992257492 -7.13414533665 -3.74546278664
993 -0.575992345456 -7.13414531808 -3.67595407284
994 -0.575992729913 -7.13414523695 -3.65142056153
995 -0.575992956314 -7.13414518917 -3.66429023021
996 -0.575992910967 -7.13414519874 -3.70266532855
997 -0.575992782007 -7.13414522596 -3.63112604934
998 -0.575992906535 -7.13414519968 -3.71270143958
999 -0.575993081036 -7.13414516286 -3.6391084746
1000 -0.575993149648 -7.13414514838 -3.71968463385
