gpomdp_grad 0.2 1.61660056386e-05 -0.588403348999

1 100 0 -56.6666666667 -11.7104235543 4.68675999754
2 366 0 -56.6666666667 -11.9842789518 4.91952699911
3 1005 -0.000148691285418 -56.5287642548 -12.0632616286 7.26266255492
4 877 -0.000307837008093 -56.3820043006 -12.1940524252 6.83962703771
5 974 -0.0004648637213 -56.2380407703 -12.3476184891 6.98442289893
6 975 -0.000621857225995 -56.0949368724 -12.1628377001 6.703180844
7 1087 -0.00077586197206 -55.9553560126 -12.075902845 7.15222973023
8 1023 -0.000934764396422 -55.8121582659 -12.2538364407 6.80410294463
9 1081 -0.00108937226937 -55.6736252469 -12.1713256161 7.05257577895
10 1043 -0.00124678363064 -55.5333785491 -12.1613669912 6.75170397928
11 1099 -0.00140011461673 -55.3975352446 -12.1414634167 6.54686526934
12 1166 -0.0015489937828 -55.2663552174 -12.1144830113 7.14218259369
13 1045 -0.00170624191635 -55.1285642816 -12.0314028328 6.80034255632
14 1088 -0.00186031689342 -54.994308042 -12.1128516255 7.09722913892
15 1058 -0.0020189634443 -54.8568417772 -12.2042485208 6.71792651783
16 1135 -0.00217209641584 -54.7248912063 -12.2513133641 6.06225804294
17 1713 -0.00232170010215 -54.596676279 -12.1069308428 7.12518350309
18 1552 -0.00247888872773 -54.4626943589 -11.9525537081 7.03635106199
19 1544 -0.00263686826543 -54.3287894394 -12.2002941762 6.71397315001
20 1648 -0.00278975067704 -54.1999159709 -12.1145057326 6.34024081915
21 1822 -0.0029351693166 -54.0779779918 -12.0703855656 6.78802038158
22 1700 -0.00308572581828 -53.9523879595 -12.1838136346 6.88387918134
23 1667 -0.00323986127898 -53.8244986162 -12.1952032559 6.68442146025
24 1729 -0.00339119436292 -53.6996045032 -12.2673212596 6.53221716405
25 1806 -0.00353928397343 -53.5780248513 -11.9944415422 6.73829595389
26 1748 -0.00368978939934 -53.455103071 -12.1555610307 6.80548625528
27 1708 -0.00384206512602 -53.3313881824 -12.2398251227 6.78292039476
28 1705 -0.00399446801586 -53.208222213 -12.0809053468 6.88655746976
29 1668 -0.00414858389681 -53.0843301918 -12.1291133501 6.68317734757
30 1730 -0.00429988389505 -52.9633407447 -12.0979927407 6.74818941321
31 1724 -0.00445145263211 -52.8427661569 -12.2248294505 6.92669848355
32 1659 -0.0046059810003 -52.7204809961 -12.225582445 6.62404211982
33 1750 -0.0047564422004 -52.6020341522 -11.908539786 6.81695377617
34 1704 -0.00490887915664 -52.4826507282 -12.1594727051 6.49228908211
35 1814 -0.00505663384587 -52.3675241866 -11.9542964553 6.68662923775
36 1770 -0.00520621225221 -52.2515636523 -12.1553486021 6.66629693082
37 1766 -0.00535597440074 -52.1360479111 -11.9841290289 6.55757047825
38 1807 -0.00550402640911 -52.0224244867 -11.9400934593 6.63669154853
39 1788 -0.00565287779242 -51.9087578525 -12.0626703908 6.86188234762
40 1698 -0.00580558985822 -51.792732894 -12.1841136632 6.83771556352
41 1683 -0.00595900426613 -51.6767712325 -12.1205259971 6.77848921
42 1700 -0.00611165186552 -51.5619784579 -12.0946698935 6.68660762771
43 1738 -0.00626259823318 -51.4490386646 -12.141262536 6.80104778523
44 1707 -0.00641492360449 -51.33564099 -12.0787311537 6.79613300154
45 1700 -0.00656755260958 -51.2225911712 -12.0187486649 6.84097271555
46 1682 -0.00672099444411 -51.1095140014 -12.1585850636 7.19220608394
47 1560 -0.00688034299309 -50.9926892163 -11.9898332886 6.88649108346
48 1626 -0.0070364021567 -50.8788691619 -12.1701040884 6.62232046944
49 1740 -0.00718727348511 -50.7693865742 -12.2684233685 6.65933321698
50 1772 -0.00733748930091 -50.6609165193 -12.067542317 6.77328980964
51 1738 -0.00748916129085 -50.551934467 -12.0528268598 6.38374669616
52 1882 -0.00763494645485 -50.4476895644 -12.0711481655 6.78496658203
53 1763 -0.00778555612494 -50.3405132358 -12.1315774059 6.81607663631
54 1720 -0.00793802732012 -50.2325449552 -12.1642373763 6.46306069577
55 1843 -0.00808531692572 -50.1287511862 -12.0823871213 7.12390936563
56 1632 -0.00824183667799 -50.0189932562 -12.0432070238 6.51599543449
57 1795 -0.00839112100456 -49.9148239927 -12.0820866084 6.4198392226
58 1884 -0.00853680803757 -49.8136460833 -12.0579510313 6.79623497832
59 1759 -0.00868757814505 -49.7094349785 -12.0018177695 6.65710862663
60 1779 -0.00883752751075 -49.6062889482 -11.9999056694 6.75590881349
61 1747 -0.00898883546275 -49.5027079713 -12.0095548195 6.92067811319
62 1679 -0.00914319082786 -49.3975542029 -12.0521206158 6.58809569061
63 1781 -0.00929302126481 -49.2959753741 -11.9845649987 6.43783225526
64 1872 -0.00943916354889 -49.1973609189 -12.0440098251 7.20411935016
65 1612 -0.00959665840459 -49.0915952274 -12.0482559316 6.33067847082
66 1862 -0.00974321867794 -48.9936438987 -12.1514525612 6.33394318245
67 1941 -0.00988675629861 -48.8981499718 -11.961791368 6.59603469386
68 1852 -0.0100336849198 -48.8008451538 -11.9998813534 6.62879432001
69 1816 -0.0101821000334 -48.7030099269 -12.1542666639 6.72285872158
70 1769 -0.0103324426912 -48.6043660929 -12.055729793 6.38741307689
71 1890 -0.0104779123423 -48.5093591705 -12.0313388624 6.73891400978
72 1783 -0.010627690823 -48.4119867807 -12.0405689876 6.76187208777
73 1746 -0.0107790479361 -48.3140473435 -12.0549770417 6.15825149655
74 1982 -0.0109210900702 -48.222552438 -12.0282082886 6.51447628841
75 1897 -0.0110662812434 -48.1294436311 -11.9836515586 6.8605207735
76 1739 -0.0112179502048 -48.0326252386 -12.023533727 6.6398575724
77 1779 -0.0113678634126 -47.9373709523 -12.0116480532 6.77986973969
78 1738 -0.0115195587171 -47.8414298538 -12.024629776 6.452612739
79 1853 -0.01166645717 -47.7489467805 -12.1240234507 6.40296568652
80 1909 -0.0118112104035 -47.6582198282 -12.0750609195 6.90826750823
81 1724 -0.0119635229225 -47.5631866759 -12.191176464 6.6080034955
82 1787 -0.0121131059844 -47.4702845103 -12.0965093047 6.69466476272
83 1772 -0.0122633295411 -47.3774084829 -11.9694202068 6.48997486636
84 1848 -0.01241042146 -47.2868774774 -11.9879766137 6.57336090179
85 1837 -0.0125579850598 -47.1964599743 -12.1476785476 6.69374051128
86 1786 -0.0127076181809 -47.1051846585 -12.0418249067 6.29307441413
87 1935 -0.0128513613815 -47.0178886395 -12.0384251748 6.90230062332
88 1732 -0.0130033035272 -46.9260223647 -12.0955181293 6.10837010018
89 2046 -0.0131454198961 -46.8404748639 -11.9474571313 6.9454895184
90 1785 -0.013297602728 -46.7492702155 -11.971492309 6.46925268309
91 1905 -0.0134449044303 -46.6613846392 -12.0984061529 6.6105594827
92 1881 -0.013593123112 -46.5733403446 -11.8898982739 6.98682672547
93 1730 -0.0137476875067 -46.4819388078 -11.9484297998 6.8996563254
94 1722 -0.0139026208745 -46.3907385979 -11.9433527381 6.32699768895
95 1945 -0.0140483973205 -46.3053094865 -11.881746507 6.57965934181
96 1944 -0.0141962685488 -46.2190276487 -12.0188522906 6.7655619316
97 1867 -0.0143471557531 -46.1313726612 -11.9880674356 6.45147433178
98 1976 -0.0144938128619 -46.0465469195 -11.8778486049 6.98776185045
99 1789 -0.0146479546247 -45.9577846023 -12.1140322149 6.65044628516
100 1870 -0.0147987419613 -45.8713406171 -11.9426664281 6.5691282382
101 1927 -0.0149472670696 -45.7865649497 -11.9721442986 6.45520873795
102 1993 -0.0150933198234 -45.7035576058 -11.9547657345 6.68523236667
103 1913 -0.0152423948974 -45.6191954417 -11.8701920881 6.75551369449
104 1863 -0.0153934546842 -45.5340816691 -12.0705648699 6.90750726872
105 1791 -0.0155475294774 -45.447651873 -12.0356752032 6.70109014967
106 1850 -0.0156991113532 -45.3629952517 -12.0166229608 6.271128056
107 2052 -0.0158430471767 -45.2829506869 -12.0083303891 6.83001471482
108 1869 -0.0159938690564 -45.1994316851 -12.0584413041 6.83342135982
109 1821 -0.016146678051 -45.1151804316 -12.0154411785 6.67768449814
110 1868 -0.0162975237945 -45.0323727011 -11.9838910138 6.70531618251
111 1871 -0.0164482731715 -44.9499739694 -11.9746755288 6.41946726061
112 1992 -0.0165943675463 -44.8704571492 -11.9780310813 6.71638814087
113 1900 -0.016743956575 -44.7893803129 -11.9993046278 6.63618916324
114 1908 -0.0168932302882 -44.7088172319 -12.0410129962 6.48799015133
115 1973 -0.0170400200871 -44.6299266204 -11.9480578036 6.68966039088
116 1906 -0.0171893740339 -44.5499936141 -11.9664458232 7.04613397679
117 1751 -0.017345208769 -44.4669508021 -11.9235876609 6.46608191825
118 1934 -0.0174934827373 -44.3882749457 -12.0163058733 6.6496796829
119 1912 -0.0