gpomdp_grad 0.75 1.61660056386e-05 -0.588403348999

1 1000 0 -56.6666666667 -12.1664259922 8.43115687197
2 143 0 -56.6666666667 -12.4517032401 6.60780148625
3 148 -0.000149493807159 -56.5280220221 -11.9054076738 6.92997626222
4 140 -0.000303528795813 -56.3859658681 -12.2344011061 7.07000900758
5 134 -0.000461011024292 -56.2415630033 -12.0949811637 6.63885060469
6 145 -0.000612479460772 -56.1034618097 -12.306383605 5.73563855972
7 182 -0.000747639088758 -55.9808766835 -11.7752684071 7.69219148038
8 141 -0.000912695544373 -55.8319963409 -12.3960203214 6.37043821268
9 177 -0.00106294534339 -55.6972492755 -12.0757637471 5.52660765438
10 231 -0.00119447418521 -55.5798950545 -12.1224396346 7.04531793494
11 176 -0.00134529596915 -55.446015085 -12.5076303183 6.38937051957
12 189 -0.00149089191623 -55.3174658461 -11.9746737542 6.70957637499
13 180 -0.00164018344895 -55.1863538773 -12.2017441232 6.94869112412
14 169 -0.00179434867579 -55.0516997534 -12.2358630841 6.71844322522
15 174 -0.00194613167097 -54.9198530353 -12.1711806531 6.71300327191
16 176 -0.00209720190645 -54.7893355752 -12.2229061786 6.05419231361
17 204 -0.00223737936076 -54.6688576389 -11.9404398889 7.07735876136
18 170 -0.00239108691192 -54.5374411531 -12.0225038001 6.47730172736
19 184 -0.00253884444676 -54.4117870128 -12.1074950571 7.06970420944
20 165 -0.0026945087707 -54.2801190811 -12.2622928355 6.26678204606
21 191 -0.00283951037933 -54.15812054 -12.0547238867 7.34533416542
22 158 -0.00299886527285 -54.0247634274 -12.1502226803 7.12072491477
23 157 -0.00315862911556 -53.8918124171 -12.2399084989 7.06518475043
24 159 -0.00331763706792 -53.7602282259 -12.1460036673 5.70269976521
25 214 -0.00345433647729 -53.6476887997 -12.1588095949 6.83247029579
26 181 -0.00360315607061 -53.5257801489 -11.8311084292 6.98798975145
27 167 -0.00375784087943 -53.3997344901 -11.8258701264 7.19082682611
28 157 -0.00391751817974 -53.2703287828 -12.2287802985 7.73560703794
29 139 -0.00408736418259 -53.1334651107 -12.1520352109 6.68470387821
30 165 -0.00424303322552 -53.0087283601 -11.9566257062 8.55383837564
31 121 -0.00442500739967 -52.863758449 -12.4752119551 6.04295755232
32 181 -0.00457372005404 -52.7459570752 -12.1495196607 6.55563950788
33 184 -0.00472141548639 -52.6295537044 -12.0694712077 6.5587560171
34 184 -0.00486881981896 -52.5139637734 -12.0231761858 6.92486201197
35 170 -0.00502214262312 -52.3943471123 -12.2547850355 6.38882676244
36 187 -0.00516846987117 -52.2807679352 -11.9226000329 6.33776968908
37 195 -0.00531196850704 -52.1699301892 -12.314033953 5.88497606252
38 219 -0.00544729657039 -52.0658950691 -12.1709769618 6.50727728117
39 196 -0.00559041859664 -51.9563838994 -12.141717062 6.72907067679
40 181 -0.00573928963782 -51.8430322562 -11.7741265462 6.33667683771
41 193 -0.00588344531841 -51.7338096476 -12.1307250923 6.99213678883
42 170 -0.00603687945774 -51.6181350181 -12.003815528 6.04107693059
43 202 -0.00617758498005 -51.512576641 -11.8479357686 6.77941491686
44 180 -0.00632667001956 -51.4012708238 -12.0212742829 7.04308222245
45 165 -0.00648236117343 -51.2856205011 -11.8062209137 7.37392489807
46 151 -0.00664526085965 -51.1652532398 -12.3355719977 6.96235087001
47 160 -0.00680348764013 -51.0489582522 -12.1531569169 8.12158707647
48 130 -0.00697915148511 -50.9205564373 -12.3031399428 6.29750457581
49 177 -0.00713039775625 -50.8105958341 -12.4546987817 6.29572338838
50 194 -0.00727454561346 -50.7063028763 -12.027059722 5.8888599968
51 219 -0.00741021709057 -50.6085914525 -11.9829423048 8.03914324609
52 143 -0.00757827002451 -50.4881576766 -12.2312828577 4.96951030049
53 249 -0.00770574708698 -50.3972412789 -11.7134588906 7.72112981876
54 157 -0.00786629068537 -50.2832767598 -12.2151550364 6.55219477934
55 177 -0.00801720258542 -50.1766893075 -12.0364432369 6.81301891024
56 174 -0.00816971304495 -50.0695003438 -12.3286817412 7.04813854028
57 165 -0.00832641744837 -49.9599120669 -12.0102827673 5.38045739463
58 236 -0.00845731291962 -49.8687957786 -12.1928153721 7.9211313767
59 149 -0.0086220856237 -49.7546410251 -11.9940313325 6.29979100861
60 185 -0.00877014078623 -49.6525812266 -12.196904204 6.42550135043
61 192 -0.00891548878418 -49.5528565067 -11.9522164542 6.94699318821
62 173 -0.00906850417891 -49.448369576 -12.5462143372 5.70340300282
63 222 -0.00920359299777 -49.3565458785 -11.8731947739 7.43892937728
64 162 -0.00936171054823 -49.2495680843 -12.2936767006 6.3895142446
65 186 -0.009509323193 -49.1501801656 -11.7514948174 6.71611061581
66 180 -0.00965925754434 -49.0497026562 -12.0239348756 6.39148782616
67 192 -0.0098046277521 -48.9527363601 -12.2246887193 6.50249196562
68 190 -0.00995045733756 -48.8559082641 -12.0362717332 7.33071225698
69 159 -0.0101098896406 -48.7505542095 -11.946043406 5.91305734922
70 205 -0.0102502160372 -48.6582597767 -11.8567170951 6.9314651827
71 176 -0.010401668453 -48.5591006822 -12.0355503639 5.81228907268
72 217 -0.0105381504345 -48.4701432761 -11.928277724 6.72649153133
73 187 -0.0106851843993 -48.3747299126 -12.0178898954 6.4248323123
74 192 -0.010830299203 -48.2809879754 -12.2613285342 7.5813642984
75 152 -0.0109935698447 -48.1760200929 -11.8984964856 7.33588576429
76 150 -0.0111579162017 -48.0708940314 -12.1727573848 6.12315822667
77 192 -0.0113029616178 -47.9785554031 -11.9173062529 7.27374195741
78 162 -0.0114612592349 -47.8782490762 -11.8813285213 7.16175723628
79 158 -0.0116213559643 -47.777296981 -12.2345441752 6.38769594585
80 184 -0.0117694967171 -47.6843235737 -12.4332990289 6.41987558292
81 206 -0.0119170780383 -47.5921185386 -11.9867934768 5.97495617143
82 236 -0.0120550620682 -47.5062839131 -12.0804558949 6.15460699586
83 235 -0.0121932300455 -47.4206949571 -12.247225264 8.20420821705
84 153 -0.0123646140825 -47.3150274368 -12.2634198119 6.3054847674
85 200 -0.0125145786608 -47.2230148001 -11.6243272507 6.61053437326
86 203 -0.0126634537562 -47.1320818868 -12.0839197241 5.47362538801
87 265 -0.0127936380067 -47.0528990102 -11.8848904609 6.13091523229
88 244 -0.0129292456425 -46.970746426 -12.0759749332 6.79605788945
89 205 -0.0130771440586 -46.8815283247 -12.1306990757 6.01514260241
90 233 -0.0132158785779 -46.7981967199 -12.0969173176 6.9319999887
91 197 -0.0133668620635 -46.7078994782 -12.0685987345 6.40240790574
92 211 -0.0135126912434 -46.6210699852 -11.791130735 7.4067192141
93 174 -0.0136733277857 -46.5258590177 -12.0712028912 6.412227729
94 203 -0.0138220264417 -46.4381275855 -12.4628154857 6.45903813089
95 210 -0.0139681408801 -46.3522964761 -12.136099883 7.17022767167
96 182 -0.0141250515629 -46.2605352907 -11.8114501094 7.17606172245
97 175 -0.014285097382 -46.1673771463 -12.0798285333 6.07540336478
98 219 -0.0144282220676 -46.0844391511 -12.2953972637 6.38456684873
99 218 -0.0145715805169 -46.0017144085 -12.0661756597 6.5047388539
100 212 -0.014716973639 -45.9181697886 -11.9803092207 7.47724050274
101 172 -0.0148786536538 -45.8256826924 -11.8927347073 7.24900449019
102 170 -0.0150411407429 -45.7331724468 -12.4122116749 5.47241774426
103 250 -0.01517517321 -45.6571912223 -12.0594639421 7.0905982919
104 194 -0.0153273739965 -45.5712685907 -12.1685566483 6.07101029612
105 226 -0.0154681718221 -45.4921202255 -11.9635757483 6.54580107128
106 212 -0.0156135101721 -45.4107569243 -12.0083886351 7.01657160535
107 189 -0.0157677430109 -45.3247869003 -12.2539268053 5.91361195233
108 233 -0.0159065568553 -45.2477374709 -11.5925573037 6.45813775638
109 218 -0.0160498798813 -45.1685072207 -11.7376606252 6.48581280947
110 213 -0.0161949670449 -45.0886329531 -11.7330930783 5.83846243903
111 246 -0.0163300586702 -45.0145592822 -11.6528033997 6.28597892659
112 231 -0.0164695562244 -44.9383693225 -12.566313546 6.18703524598
113 232 -0.0166086647306 -44.8626931899 -11.9651943071 6.72042380321
114 206 -0.0167563116651 -44.7826992951 -11.923573568 5.68868614141
115 252 -0.0168896678521 -44.7107359073 -12.1329605505 6.0679925807
116 244 -0.0170251877881 -44.6378831928 -12.053169026 7.38122723364
117 181 -0.0171825460551 -44.5536405365 -12.2696542309 5.80480995787
118 236 -0.0173205456936 -44.4800692135 -12.0788661975 6.92275872672
119 198 -0.0174711316162 -44.4001136973 -11.8925580412 5.81661705947
120 242 -0.0176073838742 -44.3280601747 -12.3791342564 6.40381208946
121 223 -0.0177490980815 -44.2534101471 -11.8105570368 7.11853270326
122 187 -0.0179039601484 -44.1721725927 -11.8150515444 6.25948732282
123 215 -0.0180485958942 -44.0966166846 -11.5899172562 7.03282241114
124 189 -0.0182028057722 -44.0163946301 -12.4709111676 6.92714885925
125 186 -0.0183580044599 -43.9360053313 -12.1428174123 6.07203777872
126 223 -0.018499726526 -43.8628989271 -11.8465766279 7.36511748543
127 178 -0.0186585748838 -43.7812989059 -11.9335377575 6.56906683984
128 198 -0.0188093000753 -43.7042028 -11.9836436609 6.83292496852
129 193 -0.0189619819728 -43.6264324395 -12.2471689484 6.81121619686
130 192 -0.0191148563306 -43.5488913257 -12.2760130653 5.79839207036
131 240 -0.0192514685883 -43.4798741066 -11.6768645632 8.06636524576
132 158 -0.0194202184348 -43.394977435 -12.2639928391 6.33627286299
133 200 -0.0195699146546 -43.319994362 -11.9970513672 5.31704449255
134 274 -0.0196978791853 -43.2561396279 -12.0417229229 7.65089374829
135 176 -0.0198574544239 -43.1768228715 -11.9542398113 6.13001380484
136 217 -0.0200013341761 -43.1056025369 -11.8254069196 6.63022451596
137 206 -0.0201488485066 -43.0328717489 -11.6768378048 7.13175356724
138 183 -0.0203055333298 -42.9559376717 -12.1942246747 5.78526475634
139 238 -0.0204429750313 -42.8887204298 -12.2311835984 6.27867340096
140 229 -0.0205829858342 -42.8205030061 -11.8203476879 6.56997059203
141 212 -0.020728455198 -42.7498984189 -11.9921075647 6.40689274634
142 215 -0.020872831965 -42.680097056 -12.0694885718 5.07494490178
143 299 -0.0209953907841 -42.6210561411 -12.2600410355 6.90120967728
144 211 -0.0211413134243 -42.551012765 -12.1575306997 6.73108037808
145 200 -0.0212910275853 -42.4794333707 -11.6838931019 6.2708372239
146 218 -0.0214344111347 -42.4111487037 -12.0541510185 6.06490879295
147 235 -0.0215726939616 -42.3455401794 -12.0271841291 6.52805132611
148 216 -0.0217169812368 -42.2773399192 -11.8793240287 7.09437828018
149 187 -0.0218720923286 -42.2043147088 -12.0102880719 5.53764695235
150 254 -0.0220050955985 -42.1419365781 -11.7121783762 7.10306538922
151 194 -0.02215723247 -42.0708537014 -11.5967809941 6.61397282426
152 201 -0.0223068439605 -42.0012289581 -12.1296285928 6.08001043386
153 229 -0.0224470734672 -41.9362193304 -11.8749003087 6.85460598766
154 200 -0.0225971775026 -41.8668974014 -12.0534439243 5.43174075978
155 266 -0.0227270317974 -41.8071475707 -12.0005023686 7.24808523492
156 191 -0.0228806617999 -41.7367201936 -11.8414258036 5.77499008391
157 242 -0.0230170442461 -41.6744364533 -12.0693202446 5.93999204045
158 249 -0.0231512926845 -41.6133437654 -12.1559843683 6.89633355042
159 202 -0.0233004602513 -41.5457123419 -11.7889676783 7.14161425691
160 182 -0.0234577477105 -41.4746834523 -11.8254172931 7.10881266222
161 178 -0.0236167436827 -41.4031775708 -11.7425392321 5.64060945348
162 244 -0.0237524971453 -41.3423576423 -11.7348650168 6.07929091371
163 242 -0.0238888405183 -41.2814882652 -12.2477529532 6.20455316338
164 234 -0.0240273658533 -41.2198641135 -12.0365317745 5.97560494206
165 245 -0.0241628378952 -41.1598109539 -12.1382867172 6.2168286203
166 234 -0.0243013269393 -41.0986366663 -11.8706433156 6.49659808678
167 217 -0.0244452213592 -41.0353050723 -11.9990043097 6.23175785405
168 226 -0.0245863282368 -40.9734271424 -11.5601604533 6.19418506064
169 230 -0.0247260158345 -40.9123916016 -11.5936687524 6.72602756808
170 205 -0.0248739557591 -40.8479876445 -11.9045473509 6.03975765051
171 232 -0.0250131233524 -40.7876243212 -12.1156130187 5.86047042686
172 251 -0.0251469013142 -40.7298002523 -11.8830567092 6.19660117637
173 237 -0.0252846065781 -40.6704839131 -11.9554237343 6.48618972102
174 218 -0.0254280859378 -40.6089007481 -11.8099128691 7.16510732057
175 185 -0.0255841886631 -40.5421535032 -12.2018290095 5.74911967988
176 241 -0.0257208450064 -40.4839373786 -12.265876518 6.24305094742
177 232 -0.0258600719145 -40.4248325667 -11.5385054355 6.13769250462
178 235 -0.02599833145 -40.3663434998 -11.9662210269 6.24514652118
179 230 -0.0261380781114 -40.3074319107 -11.9850498163 6.72842818282
180 205 -0.0262860568444 -40.2452752173 -11.9540664075 6.13207734481
181 227 -0.0264267168784 -40.1864062618 -11.9997681634 5.39122115602
182 280 -0.0265533365412 -40.1335906133 -11.9903323008 6.15894678898
183 246 -0.0266884364031 -40.0774218497 -11.6316361488 7.00583680336
184 197 -0.0268396032685 -40.014797337 -12.0169517166 5.71738067319
185 247 -0.0269743941477 -39.9591556535 -11.9755299494 6.37470817733
186 226 -0.0271152813644 -39.901196553 -12.0871674428 6.40527900634
187 220 -0.0272583815081 -39.8425343884 -12.3035657121 6.38377279881
188 219 -0.0274016697047 -39.7840033683 -11.9239112646 5.65388849551
189 260 -0.0275332500086 -39.7304374306 -11.6326482566 6.65283465029
190 216 -0.02767767545 -39.671842488 -11.7067287539 6.8516559671
191 197 -0.0278288969318 -39.6107136987 -11.8443543723 7.75264088236
192 160 -0.0279965898391 -39.5431923051 -12.1988612863 6.05953333972
193 214 -0.0281415557409 -39.4850458322 -11.446545587 5.88630637795
194 244 -0.0282773599903 -39.430761482 -11.5733045384 5.87020291756
195 254 -0.0284103232455 -39.3777874505 -11.8939152471 5.79967217462
196 262 -0.0285413894549 -39.3257375786 -12.2037473638 7.24188145646
197 190 -0.0286951964139 -39.264868839 -11.8404765433 6.40900387068
198 209 -0.0288419414027 -39.2070072333 -12.1673637706 6.17349921448
199 226 -0.0289828717379 -39.1516325332 -12.3092383464 6.62360121972
200 209 -0.0291295012797 -39.0942193901 -11.9399378258 7.41148061497
201 174 -0.0292904448291 -39.0314361583 -12.1767789791 5.75260934883
202 236 -0.0294285182403 -38.9777690637 -11.6825660812 6.97396241847
203 196 -0.0295799646793 -38.9191096446 -11.8297754061 6.25093254487
204 218 -0.0297234888941 -38.8637161861 -11.9831907322 6.73460543886
205 202 -0.0298726321236 -38.8063565727 -12.3552791535 5.77834885238
206 246 -0.0300078810267 -38.7545181841 -12.0711004644 6.84921979777
207 203 -0.0301565160206 -38.6977429271 -11.5669556005 6.06112255279
208 230 -0.0302962330732 -38.6445582088 -11.7520512271 6.35847203094
209 223 -0.0304382310929 -38.5906870698 -11.6338728729 6.12583332858
210 233 -0.0305770788746 -38.5381874558 -11.8912096554 6.57180223188
211 213 -0.0307222723687 -38.4834740829 -11.9492707568 6.43774911681
212 214 -0.0308670865464 -38.4290917109 -11.6198122193 6.78998384185
213 199 -0.0310174996507 -38.3728045831 -11.9805447429 5.96390026872
214 234 -0.0311560623467 -38.3211295479 -11.8921061695 6.96216060737
215 196 -0.031307483053 -38.2648529069 -11.7974289415 6.7742243083
216 195 -0.0314594668055 -38.2085692802 -11.753410239 6.08527825095
217 226 -0.0316004218144 -38.1565500774 -11.6612087507 6.47155535808
218 216 -0.0317445933819 -38.1035222797 -11.2014224805 6.10058817239
219 232 -0.0318836730975 -38.0525375094 -11.6947143629 5.90280820865
220 249 -0.0320181354922 -38.0034035181 -11.6520227052 6.58440035214
221 216 -0.0321622603451 -37.950910546 -11.6868188755 6.83107709472
222 197 -0.0323131491487 -37.8961435211 -11.8160509205 5.77955354917
223 244 -0.032448945115 -37.8470195444 -11.8049210634 5.2200283384
224 300 -0.0325713976443 -37.8028558581 -11.7577409265 6.87389022117
225 212 -0.0327168503813 -37.7505604483 -11.7433058454 6.24278829404
226 224 -0.0328586087965 -37.699763328 -11.8641285884 6.3609229463
227 221 -0.0330011680605 -37.6488476877 -11.6185640155 5.89772330842
228 245 -0.0331365079784 -37.6006660274 -11.9268854876 6.58559278945
229 215 -0.0332809584662 -37.5494073148 -11.9117284477 5.36493121964
230 277 -0.0334082395255 -37.5043829254 -11.8860118229 5.59559374838
231 282 -0.0335344241248 -37.4598768367 -11.8099656566 7.61387696993
232 179 -0.0336929181639 -37.4041581591 -11.8976908817 5.66105223469
233 243 -0.0338288774406 -37.3565233185 -11.459634799 7.14098572681
234 191 -0.0339824624216 -37.3028918513 -11.637674737 5.69705497976
235 246 -0.0341175849684 -37.2558634567 -11.8310317816 5.9497587037
236 250 -0.0342516792692 -37.209336643 -11.9117919404 6.08711695464
237 243 -0.0343876895975 -37.1622905956 -12.1058297613 6.64280308142
238 212 -0.0345332209551 -37.1121128159 -12.2049316805 5.64145856436
239 258 -0.0346652582705 -37.06673152 -11.9317460139 5.11055679356
240 314 -0.0347848938925 -37.0257303609 -11.9332237309 5.81743528423
241 276 -0.034912493942 -36.982122421 -11.8392215028 6.78049717098
242 213 -0.0350578983596 -36.9325835452 -12.0858370404 6.04532823248
243 234 -0.035196368659 -36.8855586939 -11.8219697563 5.31332595916
244 289 -0.035321134295 -36.8433140575 -11.7124220268 6.89392766397
245 210 -0.0354675581837 -36.7938878492 -11.7261910158 6.04461769435
246 233 -0.0356063069752 -36.7472029203 -11.9088047805 7.09275158925
247 191 -0.0357599221395 -36.6956858913 -11.6029196201 5.2543947623
248 274 -0.0358878886387 -36.6529062639 -11.8193607788 7.1429386254
249 196 -0.036039282673 -36.6024533125 -11.8280179902 5.42059338856
250 320 -0.0361758900876 -36.5570749262 -11.7398150337 6.56400352974
251 286 -0.0363203352096 -36.5092437937 -11.8440787028 6.31278195729
252 294 -0.0364629335553 -36.4621755229 -11.6226364484 5.57642267262
253 353 -0.0365930724634 -36.4193504288 -11.7980489715 6.61864283195
254 290 -0.0367365652366 -36.3722747799 -11.5966843756 6.19396608844
255 303 -0.0368769622066 -36.3263601097 -12.037727065 6.66729715409
256 276 -0.0370241378035 -36.2783821967 -11.8867161807 5.91212248552
257 319 -0.0371609870772 -36.2339109796 -11.5916320868 5.81394167899
258 341 -0.0372933667286 -36.1910203933 -12.0391859209 6.62989105303
259 287 -0.0374376779425 -36.1444069541 -11.8773556178 6.24041892512
260 299 -0.0375790357679 -36.0988913724 -11.6770511883 5.99903563243
261 320 -0.0377156708617 -36.0550311829 -11.6411115154 6.3359509433
262 302 -0.0378564292843 -36.0099852584 -12.0572654634 6.15987516011
263 309 -0.0379954670591 -35.9656267174 -12.1946281159 5.14976112662
264 434 -0.0381201878175 -35.9259509892 -11.9997576702 6.25151316889
265 365 -0.0382562415252 -35.8827936848 -11.72663779 6.44633472041
266 333 -0.038398609076 -35.8377710904 -11.7091486828 6.54979523292
267 317 -0.0385444404478 -35.791798226 -11.8831837088 5.82044065658
268 370 -0.0386794767946 -35.7493588341 -11.6627886345 6.15267339467
269 358 -0.0388168383265 -35.7063167233 -11.746321686 6.44075269087
270 332 -0.0389594868665 -35.6617540114 -11.934658258 6.27434371977
271 337 -0.039100925404 -35.6177055678 -11.880536122 6.47248778033
272 324 -0.0392452692392 -35.5728915792 -11.526353324 6.11427892352
273 348 -0.0393846110758 -35.529763384 -11.8686233515 6.15378570428
274 352 -0.0395231701383 -35.4870062831 -11.687502889 5.73062795323
275 390 -0.0396546657679 -35.4465471224 -11.6646296966 5.49685676665
276 427 -0.0397804408488 -35.4079554087 -11.8452324003 6.10160287256
277 376 -0.0399143567572 -35.3669807002 -11.4583470317 5.4777991844
278 424 -0.0400405046801 -35.3284907022 -11.4645725748 6.63542015756
279 332 -0.0401831748638 -35.2850850826 -11.6915887096 5.76561140529
280 380 -0.0403163892318 -35.2446761391 -11.7151440111 6.52086833654
281 331 -0.0404592010311 -35.2014839276 -11.8704881791 5.82084497664
282 375 -0.040593368694 -35.1610262018 -11.628591883 5.76889571911
283 394 -0.0407242725769 -35.1216643522 -11.7210492492 7.28408299972
284 283 -0.0408787521141 -35.0753547605 -11.7885175092 5.8198106275
285 357 -0.0410161680124 -35.0342884519 -11.8037831185 5.79817603411
286 386 -0.0411484825765 -34.9948600229 -11.9624124899 6.44176103945
287 338 -0.0412897237506 -34.9528937501 -11.7660276388 5.70417470391
288 388 -0.0414215882468 -34.9138269363 -11.7247531073 6.34903837246
289 346 -0.0415612347142 -34.8725734891 -11.9738686129 6.68324802357
290 311 -0.041708465844 -34.8292112947 -12.0237302957 5.37349206787
291 411 -0.0418366698799 -34.7915626854 -11.7582806164 6.53479474687
292 337 -0.0419782688787 -34.7500987299 -11.7383426872 6.37373263149
293 331 -0.0421210162376 -34.7084235907 -11.878271538 6.86049750957
294 296 -0.0422719909292 -34.6644825202 -11.9389779994 5.69149253972
295 374 -0.0424063701877 -34.6254886541 -11.8149298841 6.00911360612
296 371 -0.0425412077267 -34.5864721932 -11.7686628234 6.20648397227
297 354 -0.0426793880516 -34.5466027062 -11.7218533127 5.86304830025
298 379 -0.042812914476 -34.5081854206 -11.6089201327 6.80717233528
299 310 -0.0429604039691 -34.4658752208 -11.535136023 6.00431054551
300 352 -0.0430988724376 -34.4262712478 -11.82464915 6.03828440944
301 362 -0.0432353416432 -34.3873507733 -11.7499891226 5.15384281381
302 456 -0.0433569725415 -34.3527551869 -11.6118727843 6.52458769237
303 346 -0.043496586241 -34.3131524178 -11.7885523834 6.48349641322
304 326 -0.0436405881851 -34.2724249584 -11.6021280297 6.34482399117
305 330 -0.0437835325953 -34.2321166672 -11.7573701619 5.39480415449
306 416 -0.0439108735429 -34.196308658 -11.9072237912 7.11827918137
307 297 -0.0440616884105 -34.1540215888 -11.8193266782 5.59924701787
308 383 -0.0441945050363 -34.116889938 -12.0055888346 7.30189044906
309 280 -0.0443497960983 -34.0736038289 -11.5605993532 5.70759089561
310 366 -0.0444856293733 -34.0358547154 -11.8542005357 6.5201514873
311 328 -0.0446291380849 -33.9960868884 -11.7429944303 5.38545501445
312 416 -0.0447564500513 -33.9609053006 -11.616972726 6.195814616
313 365 -0.0448923523516 -33.9234510463 -11.7879471444 5.74072236385
314 394 -0.045023312969 -33.8874571834 -11.6660035255 6.56823863923
315 331 -0.0451662201623 -33.8482896926 -11.4256137498 5.43181799146
316 413 -0.0452940988128 -33.8133379506 -11.8111760531 6.43583256408
317 345 -0.0454340108186 -33.7752015404 -11.6771714614 5.91141265261
318 371 -0.045568821209 -33.7385583651 -11.7602141293 6.16943159945
319 357 -0.0457064025451 -33.70126547 -11.7750244048 6.2498870716
320 346 -0.0458460194724 -33.6635272076 -12.1173511687 6.46111163363
321 327 -0.0459896595441 -33.624812885 -11.8103291965 5.91248297043
322 366 -0.0461255529458 -33.5882900319 -11.6671750479 5.73309539228
323 395 -0.0462563381041 -33.5532347735 -12.0470302361 5.21712780497
324 461 -0.0463773567152 -33.5208797304 -11.6336881849 6.0417954305
325 390 -0.0465089799619 -33.4857790725 -11.8035243928 6.32771133126
326 348 -0.0466481866423 -33.4487572876 -11.8233319294 5.18686290936
327 447 -0.0467711144255 -33.4161509958 -11.8812984365 5.95137709641
328 395 -0.0469018035495 -33.3815742939 -11.9582861949 5.10841833636
329 474 -0.0470210647627 -33.35010019 -11.8801117972 6.33437102267
330 366 -0.0471569489709 -33.3143307662 -11.5704413827 5.51376981277
331 417 -0.0472841885107 -33.2809250757 -11.456908734 6.12105426632
332 372 -0.0474188393544 -33.2456661001 -11.7853051015 5.93869828814
333 377 -0.0475526397516 -33.2107236613 -11.961114955 5.12565865294
334 465 -0.0476730450765 -33.1793590541 -11.7757233485 6.25887770826
335 370 -0.0478080313329 -33.1442856158 -11.8689788178 6.06956799516
336 365 -0.0479440493825 -33.1090392927 -11.5225980331 6.08557593666
337 362 -0.0480805849047 -33.0737546082 -11.7744512426 6.07810470231
338 362 -0.0482171574259 -33.0385559307 -11.5415067484 6.40272886399
339 336 -0.0483589778232 -33.0021054759 -11.579446024 5.82950233002
340 376 -0.0484929861997 -32.9677568007 -11.4228751188 6.32199717405
341 345 -0.0486327814321 -32.9320217438 -11.6501738261 6.14623151001
342 351 -0.0487713879054 -32.8966878509 -11.9867308253 5.87337103944
343 377 -0.0489052464292 -32.862655901 -11.6980278119 6.45445578101
344 335 -0.0490471330959 -32.8266807418 -11.8331238744 6.01913595857
345 359 -0.0491842664026 -32.7920061042 -11.5597142034 5.51368114696
346 414 -0.0493118742021 -32.7598238485 -11.7526761516 5.60296402513
347 422 -0.0494382787027 -32.7280244283 -11.7473862691 6.4332574924
348 347 -0.0495777645152 -32.6930254881 -11.6360691531 5.87491471903
349 375 -0.0497118716142 -32.6594661453 -11.8054551434 6.12316229716
350 362 -0.0498485025725 -32.6253656069 -11.8514484542 5.71426837874
351 395 -0.0499791933137 -32.5928326687 -11.6437524388 6.10857915026
352 368 -0.0501146231323 -32.5592074102 -11.9479205073 5.61206319629
353 407 -0.0502433479992 -32.527329024 -11.5300647923 5.54957280032
354 426 -0.0503691961576 -32.4962401407 -11.6151069052 5.95404258953
355 390 -0.0505007679867 -32.4638185117 -11.6472357977 6.24459185454
356 355 -0.0506386309572 -32.4299353523 -11.7469299092 5.17907584754
357 450 -0.0507610456711 -32.3999247912 -11.5786590926 5.92132866541
358 399 -0.0508911339093 -32.3681108993 -11.5267917311 5.75776576601
359 402 -0.0510207081616 -32.3365021786 -11.6988266182 6.1000498843
360 371 -0.0511556793535 -32.3036609365 -11.5926834935 5.54859722884
361 415 -0.0512832242776 -32.2727051553 -11.3695215077 6.53741613861
362 337 -0.0514246919453 -32.2384591364 -11.8562610256 5.9568587462
363 365 -0.0515607001186 -32.2056225351 -11.6048417545 6.02438526491
364 367 -0.051696246432 -32.172982743 -11.6375986663 5.46958049979
365 422 -0.0518227196591 -32.1426042751 -11.5411091879 6.10509637283
366 375 -0.0519569004171 -32.1104549298 -11.6650323331 6.10474515495
367 363 -0.0520932336438 -32.0778743716 -11.578504728 5.87602982017
368 380 -0.0522264866111 -32.0461119332 -11.6433293754 5.77191966255
369 395 -0.0523571909018 -32.0150354659 -11.7291671073 5.61798165142
370 415 -0.0524846897185 -31.9847957334 -11.6783460634 5.55162721713
371 428 -0.0526102211169 -31.9550943413 -11.5030084224 6.02201965038
372 384 -0.0527428092465 -31.9238002803 -11.6148840344 5.705373155
373 403 -0.0528722424684 -31.8933268743 -11.722730265 6.31621493351
374 352 -0.0530106630488 -31.8608203058 -11.5370079397 6.60042066062
375 319 -0.0531562197523 -31.8267298469 -11.7422619455 5.36312803038
376 415 -0.0532837346306 -31.7969420804 -11.9070969219 6.12706319675
377 371 -0.0534185685303 -31.7655226649 -11.876670434 6.18525781642
378 355 -0.053556405713 -31.7334860782 -11.3385207259 5.77621597871
379 387 -0.0536884737977 -31.7028684709 -11.735914354 6.61031241196
380 326 -0.0538323918057 -31.6695903703 -11.7979601308 6.30089196991
381 334 -0.0539746260106 -31.6367901113 -11.7185323552 6.58028745312
382 316 -0.0541208904735 -31.603151829 -11.7169209145 5.77665109351
383 374 -0.0542552836502 -31.5723251024 -11.9022342581 5.84487796532
384 386 -0.0543874661549 -31.542081177 -11.7557461717 5.8696308107
385 387 -0.0545194582685 -31.5119554725 -11.6498392873 5.69473046262
386 405 -0.0546485749735 -31.4825579712 -11.6312919645 6.24131190961
387 359 -0.0547856948995 -31.451415881 -11.8568637286 6.07339559265
388 361 -0.0549223510459 -31.4204583537 -11.7957966173 5.87127958044
389 380 -0.0550556330606 -31.3903410963 -11.8755178985 5.88919043545
390 384 -0.0551882331514 -31.3604520418 -11.6579073819 5.9625338385
391 378 -0.0553218236343 -31.3304142239 -11.5752349345 5.9415491482
392 378 -0.0554553689554 -31.3004610059 -11.7746287268 5.96594262872
393 376 -0.0555893086217 -31.2704938288 -11.3145385101 5.6292124169
394 408 -0.0557179042918 -31.2417922393 -11.7522294059 5.28391850544
395 457 -0.0558394135727 -31.2147350169 -11.674265582 6.60065937958
396 340 -0.0559802196778 -31.1834568319 -11.412472427 6.4254086163
397 328 -0.0561236268536 -31.1516843897 -11.5311394173 5.72358950528
398 383 -0.056256405104 -31.1223417048 -11.916461727 5.28469753536
399 448 -0.056379086214 -31.0952941478 -11.5680370726 5.88716329928
400 402 -0.0565086987547 -31.0667847108 -11.8488732588 5.87008143134
401 392 -0.0566399522753 -31.0379835015 -11.601096886 6.2680164962
402 354 -0.0567780996428 -31.0077444831 -11.8949825657 5.62606186382
403 401 -0.0569077949431 -30.9794252131 -11.5372811673 5.52899924833
404 427 -0.0570335798329 -30.9520240214 -11.6510221749 6.31442506545
405 358 -0.0571709362261 -30.9221740622 -11.8921329855 5.35423216517
406 431 -0.057296020069 -30.8950562979 -11.4433803271 6.73504938784
407 326 -0.0574400121957 -30.8639158996 -11.5000963637 5.65435950217
408 389 -0.0575717945531 -30.8354876524 -11.5438936223 5.84375688068
409 391 -0.0577032250386 -30.8072032295 -11.636964426 6.03988963402
410 373 -0.0578377315584 -30.778326808 -11.4347589731 5.31257847363
411 442 -0.0579613594011 -30.7518480803 -11.5038167002 6.29767884084
412 362 -0.0580978413103 -30.7226852217 -11.8018402295 5.92325168909
413 376 -0.0582319104769 -30.6941081257 -11.4556424725 5.92754643839
414 379 -0.0583653290165 -30.6657385505 -11.6396276254 5.11102195656
415 468 -0.058485398533 -30.6402659639 -11.3486535351 5.70125959709
416 426 -0.0586112618076 -30.6136235409 -11.5749195998 5.73704162113
417 412 -0.0587393255979 -30.5865774119 -11.4159168508 5.56642896017
418 426 -0.0588652263257 -30.5600489544 -11.6042891851 6.15160240063
419 372 -0.0589999919078 -30.5317192118 -11.7424677922 5.69197426039
420 401 -0.059129803763 -30.5044957286 -11.6970493145 6.46056439032
421 340 -0.0592706483401 -30.4750303086 -11.5075833459 5.96652103659
422 365 -0.0594066371366 -30.4466513859 -11.5988007987 6.35198708842
423 340 -0.059547479463 -30.4173324955 -11.3746719609 5.99873865507
424 362 -0.0596839890898 -30.3889860636 -11.8464253326 5.72285288788
425 394 -0.0598148186082 -30.361884035 -11.6080229783 5.55420563232
426 422 -0.0599413329382 -30.3357361438 -11.3824954521 5.97760482555
427 387 -0.0600734526671 -30.3084927242 -11.3309579225 5.69205899427
428 405 -0.0602025261852 -30.2819393783 -11.4521583698 6.7105657989
429 322 -0.0603472320722 -30.252242627 -11.6639156621 6.05818528076
430 352 -0.0604857926753 -30.2238786148 -11.3032749526 5.75758666929
431 388 -0.0606177241197 -30.1969364829 -11.7366129442 5.86295900015
432 389 -0.0607495126252 -30.1700864877 -11.4110594308 5.5650878099
433 419 -0.0608764381449 -30.1442865267 -11.6113413361 6.00783735857
434 383 -0.0610091734238 -30.1173676245 -11.587249462 5.84354337322
435 389 -0.0611408888388 -30.090717998 -11.7506380617 6.42686642226
436 340 -0.0612817458764 -30.0622873607 -11.6705012146 5.31904628174
437 428 -0.0614072675923 -30.0370115377 -11.7022139691 5.34601353188
438 456 -0.0615289274032 -30.0125667299 -11.6254599881 6.7457523176
439 329 -0.0616721164513 -29.9838631681 -11.9279909158 6.57103765492
440 315 -0.0618185333355 -29.9545872757 -11.7503401878 5.64727938443
441 385 -0.0619509001286 -29.9281854717 -11.5292733211 4.99051101032
442 486 -0.0620687285418 -29.9047350664 -11.5298783983 6.03920448269
443 395 -0.0621994251354 -29.8787802618 -11.6142626218 5.2859421697
444 452 -0.0623215561999 -29.8545801503 -11.729980739 6.27452540059
445 366 -0.0624572781077 -29.8277476674 -11.570982589 5.19353675595
446 453 -0.0625793407581 -29.8036699882 -11.3274935511 5.47949824198
447 447 -0.0627021723861 -29.779492404 -11.8206728684 5.43757619438
448 451 -0.0628245554018 -29.7554546196 -11.6581261311 5.45555735759
449 450 -0.0629470758597 -29.7314411677 -11.4840498629 5.84751023621
450 406 -0.0630759707488 -29.7062336139 -11.5967445356 6.24400828834
451 359 -0.0632130896276 -29.679479712 -11.7079832345 4.83998763286
452 495 -0.0633298064939 -29.6567567291 -11.6429281369 6.32260129082
453 370 -0.0634647824959 -29.6305363314 -11.5901992901 6.48914039768
454 331 -0.0636075833553 -29.602862628 -11.3701558856 5.31900620455
455 425 -0.0637336382898 -29.5784909892 -11.3371611695 6.03953993916
456 382 -0.0638666337966 -29.5528350297 -11.8289830765 5.70707776829
457 402 -0.0639961918307 -29.5278988507 -11.3458208022 5.77273372624
458 401 -0.0641258716278 -29.5029950501 -11.1713785568 5.32905191167
459 449 -0.0642484241677 -29.479511129 -11.7875594247 5.81064944998
460 410 -0.0643767614111 -29.4549718384 -11.5535626421 5.67972774697
461 413 -0.0645045812159 -29.4305853256 -11.540462587 5.16751590881
462 473 -0.0646239896075 -29.4078520005 -11.5872109908 5.96463754357
463 400 -0.0647539320775 -29.3831661079 -11.5574711301 5.61805297699
464 417 -0.0648812020858 -29.3590412364 -11.5662627044 6.05613352874
465 378 -0.0650148034205 -29.3337728013 -11.2792748906 5.24427586285
466 451 -0.0651370766177 -29.3106975208 -11.4287970274 5.8236760359
467 409 -0.0652655480843 -29.2865044699 -11.3458004545 5.77621398785
468 403 -0.0653949716706 -29.2621857889 -11.76620572 5.28867738062
469 455 -0.0655167810732 -29.239346862 -11.8521190686 5.22721562508
470 479 -0.0656354589413 -29.2171406926 -11.6060421804 5.5822856748
471 442 -0.0657590097218 -29.1940704128 -11.4372167418 6.45352505315
472 349 -0.0658980110417 -29.1681730507 -11.4410542262 5.39169122962
473 424 -0.0660241940564 -29.1447168333 -11.5573236348 5.84018955027
474 400 -0.0661540085376 -29.1206379887 -11.5563532429 5.78056026004
475 400 -0.0662839056395 -29.0965968711 -11.5873247939 6.04833979242
476 375 -0.0664181316668 -29.0718101329 -11.7365655912 6.13945834455
477 360 -0.0665550260672 -29.0465886238 -11.6348691038 5.65951111866
478 400 -0.0666849378821 -29.0227075601 -11.6934274439 4.84089338943
479 513 -0.0667996443241 -29.0016651789 -11.6869016274 6.32910026093
480 373 -0.0669341454347 -28.9770434179 -11.8012027396 4.63488857886
481 531 -0.0670468177387 -28.956460599 -11.5356936694 5.6604538704
482 445 -0.0671699592993 -28.9340099311 -11.5826557752 6.59484123867
483 339 -0.0673111280625 -28.9083298243 -11.4763604072 5.48225326997
484 411 -0.0674393464504 -28.8850583155 -11.7445115276 6.07291644978
485 375 -0.067573478722 -28.8607670433 -11.5574679011 6.04723393462
486 368 -0.067708882222 -28.8363009616 -11.4277079428 5.82474577058
487 386 -0.0678410453166 -28.8124739006 -11.6729076932 6.48450056272
488 335 -0.0679829774181 -28.786944303 -11.2933166775 5.15564678647
489 445 -0.0681061515539 -28.7648378243 -11.3975969563 5.03319966611
490 502 -0.0682220748107 -28.7440742215 -11.3803215568 6.08343156922
491 394 -0.0683529551518 -28.7206798401 -11.5198481062 5.43144332271
492 435 -0.0684774849056 -28.6984679795 -11.820848283 4.92960072668
493 513 -0.0685921283258 -28.6780602232 -11.6727203922 5.87203023122
494 418 -0.0687192404398 -28.6554784057 -11.415028525 5.06837710213
495 488 -0.0688368309722 -28.6346306037 -11.4039790257 5.60476264284
496 442 -0.0689604365472 -28.6127602676 -11.6639958452 5.83617852638
497 405 -0.0690894578397 -28.5899795248 -11.3073378766 4.95820539235
498 498 -0.0692058350585 -28.5694730766 -11.6372488168 5.97566675882
499 404 -0.0693351036766 -28.5467413956 -11.638913928 5.52372677036
500 428 -0.0694606679197 -28.524707657 -11.8235420127 5.46384855352
501 442 -0.0695842326522 -28.5030694191 -11.5710107566 5.33242208838
502 462 -0.0697051102153 -28.4819444605 -11.4908485948 6.22147588156
503 373 -0.0698396014131 -28.4584898327 -11.7863492817 5.56535701795
504 414 -0.0699673156752 -28.4362651799 -11.7048000091 5.57456027473
505 425 -0.0700932610005 -28.4143941087 -11.41674487 5.27300451764
506 464 -0.0702138646914 -28.3934930975 -11.5537944865 5.92967206895
507 401 -0.070343565416 -28.3710617558 -11.7986972864 5.42232337478
508 438 -0.070467625783 -28.3496505777 -11.5299516351 5.43443260575
509 448 -0.0705903104157 -28.3285196677 -11.4505827324 5.64416104037
510 427 -0.0707159945805 -28.3069161642 -11.4236890292 6.35414335488
511 354 -0.0708539930598 -28.2832471639 -11.6983771286 5.59111168315
512 405 -0.0709831233553 -28.261147564 -11.6595134179 5.8669172033
513 393 -0.0711141908144 -28.2387640958 -11.3960224968 5.01035213363
514 486 -0.0712319598999 -28.2186925328 -11.4596834608 5.52907453623
515 450 -0.0713544097299 -28.1978640873 -11.6306916864 5.28637759017
516 470 -0.0714742333455 -28.1775225691 -11.5984702438 6.09120953921
517 387 -0.0716063287816 -28.1551437203 -11.6253840825 5.91140027687
518 384 -0.0717389481721 -28.1327244448 -11.813743603 5.44392725532
519 430 -0.0718641548581 -28.1116025967 -11.6307922411 5.94003566501
520 392 -0.0719953355942 -28.0895189759 -11.3980380962 5.4500573558
521 432 -0.0721202598296 -28.0685322548 -11.3753130411 5.68006673635
522 419 -0.0722471564369 -28.0472576487 -11.2922048394 5.97765207711
523 386 -0.0723794037404 -28.0251324551 -11.2634464052 5.47619829635
524 428 -0.0725050356217 -28.0041578325 -11.5494405931 5.84294223924
525 401 -0.0726347287849 -27.9825497976 -11.2737483564 5.89514226836
526 389 -0.0727664327447 -27.9606530057 -11.3319461636 6.31964350907
527 349 -0.0729055564161 -27.9375730992 -11.7713387754 5.33850838978
528 430 -0.0730308796767 -27.916826864 -11.6880834458 5.28294464944
529 464 -0.0731514378757 -27.8969089083 -11.7752047135 5.52949259689
530 444 -0.0732746692967 -27.8765891765 -11.4246579644 6.12734377086
531 378 -0.0734083193864 -27.8545969402 -11.6281820217 5.35106833483
532 439 -0.0735323189913 -27.8342348568 -11.6142461334 6.69451059954
533 330 -0.0736753343579 -27.8108004105 -11.4894719154 5.74826614845
534 381 -0.0738083893741 -27.7890462313 -11.4064786109 5.96821219162
535 377 -0.0739422178234 -27.7672122832 -11.3448751495 6.27189478251
536 350 -0.074081153208 -27.7445945234 -11.5891459623 6.01747940863
537 364 -0.0742173969339 -27.7224636429 -11.2946244799 5.86968196568
538 381 -0.0743504946892 -27.7008901949 -11.5439796641 5.16243503481
539 462 -0.0744712969404 -27.6813492819 -11.2728454722 5.82033083264
540 412 -0.0745993032251 -27.6606840365 -11.4010004638 5.98744988821
541 400 -0.0747330618162 -27.63913507 -11.667831467 5.02982603046
542 506 -0.0748518898388 -27.6200298686 -11.2800320837 5.59105240008
543 467 -0.0749756304619 -27.600173107 -11.5745014343 5.12042088305
544 518 -0.0750931277232 -27.5813542801 -11.5860994814 5.23109316646
545 517 -0.0752106606207 -27.5625647882 -11.5081135551 5.54860636332
546 475 -0.0753333583059 -27.5429869121 -11.4935532239 5.70383824854
547 446 -0.0754599934708 -27.5228205948 -11.2946500484 5.70632128465
548 438 -0.0755877704104 -27.5025133424 -11.5695840577 5.1054164544
549 510 -0.0757061561124 -27.4837351652 -11.4703094175 5.31258132867
550 504 -0.0758252639066 -27.4648778297 -11.3939888237 5.19580784355
551 518 -0.0759426811203 -27.4463227895 -11.3960808469 6.50103502745
552 375 -0.076080743905 -27.4245490688 -11.2321536309 5.50824321045
553 438 -0.076208536375 -27.4044371974 -11.6302404196 5.12026003087
554 508 -0.0763271620383 -27.3858041323 -11.5956679883 5.4673433062
555 483 -0.076448837054 -27.3667281407 -11.4272423318 5.62230839151
556 457 -0.0765738679076 -27.3471639513 -11.5800250652 5.60411075568
557 452 -0.0766995623207 -27.3275345681 -11.3303468955 5.92484108079
558 416 -0.0768306352561 -27.3071063752 -11.5331387118 6.44197570226
559 360 -0.0769715635663 -27.285188903 -11.2948164579 5.93624038275
560 389 -0.0771070740153 -27.26415954 -11.6265709855 4.88939936639
561 521 -0.0772241586314 -27.2460254378 -11.3496126695 6.14574230289
562 409 -0.0773563827003 -27.2255863456 -11.4207230137 5.47140600262
563 454 -0.0774819342454 -27.2062176638 -11.5689825227 5.84932799758
564 425 -0.0776117086146 -27.1862373199 -11.5186515314 5.14882136513
565 499 -0.0777313401877 -27.1678543088 -11.4626512317 5.73143423977
566 449 -0.077857583367 -27.1484923958 -11.4587243734 5.32585143473
567 484 -0.0779790907378 -27.1298926567 -11.4622706516 5.9292001306
568 423 -0.0781090475175 -27.1100383234 -11.458847015 5.55855246226
569 448 -0.0782353887462 -27.0907746962 -11.4840078897 6.21077508295
570 387 -0.0783712412954 -27.0701028941 -11.3065497767 5.22990981081
571 475 -0.0784939287798 -27.0514716672 -11.4586773037 6.104005222
572 404 -0.0786270330462 -27.0312985096 -11.1999951846 5.60854169157
573 436 -0.0787550304056 -27.0119384554 -11.6009986722 5.37737361291
574 474 -0.0788778947027 -26.9933907559 -11.5466196025 5.78907471745
575 436 -0.079005944097 -26.9740976895 -11.2029428997 5.55486092472
576 452 -0.0791316776549 -26.9551905665 -11.475754122 5.34665748034
577 482 -0.0792534036709 -26.9369209232 -11.2892309842 5.68468693309
578 450 -0.0793794783336 -26.9180346405 -11.6417854279 6.48403330549
579 364 -0.0795196695131 -26.8970766086 -11.2438121715 5.23921573404
580 465 -0.0796436939765 -26.8785730218 -11.4188170211 5.89591965252
581 422 -0.0797738025429 -26.8591995411 -11.3611296364 5.27550698982
582 482 -0.079895611256 -26.8410969218 -11.3342473242 6.04443631711
583 411 -0.0800275016292 -26.8215340633 -11.5684108289 5.17546720233
584 491 -0.0801481786464 -26.803669006 -11.2318414896 5.57635453974
585 465 -0.0802721873365 -26.7853450382 -11.2639441411 5.66389882567
586 448 -0.0803985450529 -26.7667096442 -11.2784825151 6.04845711677
587 403 -0.0805317735689 -26.7470998243 -11.4007091999 5.37615526986
588 463 -0.0806560604541 -26.7288420039 -11.2807230275 6.31655897994
589 381 -0.0807930441487 -26.7087590266 -11.5173605612 4.64919463301
590 554 -0.0809066429358 -26.6921362121 -11.3071929502 5.7239928826
591 462 -0.0810310549319 -26.6739640316 -11.60445541 5.57709936286
592 457 -0.081156122236 -26.6557307306 -11.3410774869 5.91678704615
593 418 -0.0812868713758 -26.63670607 -11.2756239538 6.14045642593
594 387 -0.0814228372103 -26.6169623356 -11.3201166215 5.6449428455
595 427 -0.081552234121 -26.598210228 -11.3337116012 5.60555464242
596 444 -0.081679163911 -26.5798513168 -11.4974294733 4.96319407689
597 533 -0.0817950073813 -26.5631266551 -11.4755730256 5.32030641157
598 509 -0.0819135153015 -26.5460475974 -11.5404892996 5.53459238238
599 475 -0.0820362447488 -26.528392338 -11.2499058996 5.84784245933
600 430 -0.0821652078866 -26.5098755299 -11.2336084069 5.23865343386
601 489 -0.0822860794638 -26.4925531839 -11.4012833621 5.87004523884
602 431 -0.0824149051347 -26.4741256128 -11.28438576 5.54381077997
603 452 -0.0825406678868 -26.4561706056 -11.5218193402 5.77100840435
604 432 -0.0826692539622 -26.4378475929 -11.2645292183 5.49602874683
605 458 -0.082794202415 -26.420076809 -11.4062696537 5.21077372539
606 502 -0.0829134998016 -26.4031408273 -11.4370717945 6.11571962128
607 408 -0.0830458548252 -26.3843865557 -11.260855373 5.24215854534
608 481 -0.0831677457935 -26.3671478817 -11.3804907106 5.38151978546
609 487 -0.0832889549618 -26.3500368057 -11.3755796865 5.8982795969
610 427 -0.0834183066706 -26.3318104441 -11.2701498995 5.30430070332
611 480 -0.0835403663877 -26.3146438538 -11.432075545 5.83400438789
612 433 -0.0836689260431 -26.2965969149 -11.6211787105 5.7642395004
613 428 -0.0837981686828 -26.2784889666 -11.3099921084 5.72835651248
614 430 -0.0839270412451 -26.2604675805 -11.2428194466 5.75493406654
615 428 -0.0840562590179 -26.2424326243 -11.3219369905 5.46284536587
616 461 -0.0841808393255 -26.2250777312 -11.5038010555 5.75890574071
617 436 -0.084308883553 -26.207273765 -11.8119079532 5.38714313419
618 472 -0.0844319057842 -26.1901999615 -11.3874111995 5.16506740586
619 513 -0.0845499404109 -26.1738476566 -11.1710744717 5.4963548724
620 480 -0.0846719217989 -26.1569786317 -11.2799005879 5.29697042584
621 497 -0.0847917997603 -26.1404301822 -11.4140227721 5.43049416547
622 485 -0.0849132454558 -26.1236952483 -11.4107243845 5.2879878059
623 736 -0.0850439054148 -26.1057241626 -11.4285625498 5.34340026632
624 830 -0.0851669579226 -26.0888311269 -11.2628748432 5.27654648027
625 875 -0.0852867907377 -26.0724095884 -11.5040679785 5.27224428628
626 889 -0.0854056543143 -26.0561495417 -11.3459544089 5.32505646867
627 880 -0.0855251057797 -26.0398377668 -11.448556421 5.89734711442
628 756 -0.0856539790893 -26.0222715567 -11.3223574519 5.31229184878
629 843 -0.0857760403799 -26.0056645754 -11.570818614 5.46456765951
630 836 -0.08589864545 -25.9890136063 -11.4388454591 5.65648124137
631 793 -0.0860244961504 -25.9719530328 -11.4661074242 5.63234924325
632 787 -0.0861508772957 -25.9548522579 -11.3622916076 5.11577956588
633 900 -0.0862690419875 -25.9388919268 -11.3208721243 5.39143943008
634 868 -0.0863893620664 -25.9226688627 -11.4710974741 5.34014190774
635 871 -0.0865094586187 -25.9065044333 -11.4461682042 5.43272071199
636 850 -0.0866309935969 -25.8901753073 -11.4270642559 5.4560969708
637 839 -0.0867533203476 -25.8737690905 -11.2935273711 5.85629307137
638 755 -0.086882339636 -25.8564970405 -11.4194925148 5.2015854549
639 868 -0.0870026352005 -25.8404221441 -11.4318651773 5.6649016943
640 800 -0.0871279818214 -25.8237022769 -11.2524408481 4.98222090149
641 938 -0.0872436980862 -25.8082940972 -11.4999338429 6.14785070277
642 722 -0.0873755676438 -25.7907666677 -11.3758292862 5.74558414036
643 744 -0.087505475688 -25.7735328202 -11.5733128815 5.23789900534
644 856 -0.0876266249726 -25.7574902434 -11.5385773335 6.0674732483
645 720 -0.0877587154338 -25.7400309927 -11.3948525262 5.09500549588
646 881 -0.0878781576078 -25.7242723529 -11.4493979556 4.89293517254
647 990 -0.0879907745495 -25.7094391945 -11.3601142453 5.85303197256
648 788 -0.0881170134607 -25.6928406036 -11.3894376954 5.34771201389
649 845 -0.0882389050647 -25.676842399 -11.193947219 5.4258894797
650 845 -0.088360844289 -25.6608661615 -11.4728085824 5.57264596582
651 813 -0.0884851559795 -25.644608065 -11.4564323557 5.44663735748
652 831 -0.088608097654 -25.6285578459 -11.3335044664 5.63776259583
653 796 -0.0887337491072 -25.6121832758 -11.5187121855 4.94571279814
654 946 -0.0888489634472 -25.5971949096 -11.5060753301 5.41941158538
655 873 -0.0889689194118 -25.5816161309 -11.3713610393 5.73373505423
656 787 -0.0890952819538 -25.5652344137 -11.2477435266 5.3738053319
657 839 -0.0892176178916 -25.5494030691 -11.2886332104 4.85403377582
658 987 -0.0893304346506 -25.5348282573 -11.303376359 5.38282512564
659 892 -0.0894491202116 -25.5195207392 -11.3911480769 5.3895711221
660 866 -0.0895695584642 -25.5040138146 -11.3549897334 5.59766534005
661 813 -0.0896938571121 -25.4880379244 -11.4045219558 5.24447504353
662 877 -0.0898135306295 -25.4726833731 -11.4867959519 4.91018544081
663 984 -0.0899265027894 -25.4582127665 -11.4672558237 5.04580920179
664 979 -0.0900397883849 -25.4437254941 -11.3661523995 5.6461379078
665 829 -0.0901628597827 -25.4280133711 -11.2311984053 5.28446868319
666 873 -0.0902828414896 -25.4127222849 -11.2472953723 5.12397561367
667 925 -0.0903993466571 -25.3978993225 -11.4295376224 5.24207782987
668 911 -0.0905168009504 -25.3829805317 -11.3196310631 5.52133068242
669 841 -0.0906390200341 -25.3674830361 -11.2592775669 5.0994880666
670 922 -0.0907557639442 -25.3527049816 -11.4084502916 5.75355893285
671 794 -0.0908815400178 -25.3368110558 -11.1527150903 5.38439396115
672 839 -0.0910038904624 -25.3213772841 -11.2115665832 5.22291962163
673 890 -0.0911226706321 -25.3064195422 -11.5364373593 5.31365456998
674 883 -0.0912419190237 -25.2914282061 -11.6860919753 5.15221578537
675 921 -0.0913586895168 -25.2767729506 -11.3197505617 5.80043590931
676 784 -0.0914852411863 -25.260917496 -11.138866137 5.88300099996
677 736 -0.0916158765694 -25.2445802026 -11.3120603394 5.0543262154
678 896 -0.0917342559044 -25.2298017353 -11.3744416867 5.28550328417
679 892 -0.091852937359 -25.2150103818 -11.335291977 5.72368010226
680 793 -0.0919787768193 -25.1993540103 -11.3612873712 5.50332950935
681 813 -0.0921030722309 -25.1839170446 -11.2452274702 5.26538165709
682 872 -0.0922230837247 -25.1690378055 -11.3433682323 5.53974976141
683 827 -0.0923463296006 -25.1537837571 -11.4244662761 5.30083691704
684 868 -0.0924666176723 -25.1389213261 -11.3518613111 5.4874304199
685 837 -0.0925890952915 -25.1238142118 -11.3779143175 5.68823768995
686 787 -0.0927154388063 -25.108257518 -11.3883986864 4.68786571689
687 1015 -0.0928266858404 -25.0945825218 -11.434360186 5.6389780493
688 839 -0.0929490725332 -25.0795628637 -11.3315359436 4.87001097274
689 982 -0.0930621475797 -25.0657088817 -11.1932386543 5.47016807104
690 870 -0.0931823256429 -25.0510087127 -11.2487010197 5.22352131897
691 900 -0.0933004980703 -25.0365780074 -11.2958258664 5.63555972387
692 814 -0.0934247645992 -25.0214288677 -11.4240620356 5.55400391046
693 808 -0.0935494205234 -25.0062587143 -11.1879103878 5.70433086057
694 776 -0.0936766358618 -24.9908043403 -11.2835459532 5.08514525597
695 903 -0.0937945557831 -24.9765037147 -11.2979397992 5.52373064077
696 838 -0.0939169593502 -24.9616842325 -11.3492482604 5.58385747319
697 809 -0.0940415949301 -24.9466205107 -11.2806311189 5.00749507265
698 935 -0.0941575235795 -24.9326326117 -11.3424947537 5.48249938257
699 856 -0.0942786891344 -24.9180369627 -11.5357904408 4.92592454652
700 973 -0.0943923253129 -24.9043706666 -11.1361723555 5.36620175948
701 892 -0.0945109691454 -24.8901251733 -11.1392638084 5.81380383773
702 775 -0.0946382655464 -24.8748668837 -11.2249315278 4.79179013607
703 980 -0.0947514661207 -24.8613208323 -11.2077005316 5.57629985795
704 845 -0.0948733922897 -24.8467544356 -11.3890858513 5.8543564369
705 757 -0.0950022581132 -24.8313857256 -11.2586115111 5.22403529149
706 864 -0.0951228687412 -24.817026394 -11.427297628 5.33423116567
707 871 -0.0952429478163 -24.8027541595 -11.328660137 5.47137039479
708 842 -0.0953651076054 -24.7882589399 -11.2930893103 5.37457984237
709 856 -0.0954862782732 -24.7739052628 -11.3600729338 5.27943887909
710 882 -0.0956056293664 -24.7597906101 -11.305450523 5.25812627292
711 895 -0.0957241309831 -24.7457994175 -11.3897394271 5.15119167574
712 925 -0.0958406597179 -24.7320634539 -11.5412462079 5.35330549575
713 883 -0.0959599121182 -24.7180292708 -11.0851982972 5.27006784073
714 892 -0.0960785878084 -24.704085836 -11.3318465161 5.74457832256
715 789 -0.0962047651094 -24.6892859945 -11.4420019454 4.99082066707
716 932 -0.0963208647396 -24.6756908846 -11.2890815525 5.37284994206
717 880 -0.0964403100229 -24.6617266354 -11.1926987181 5.2243646982
718 902 -0.096558303895 -24.6479545537 -11.290106497 5.1135625207
719 937 -0.0966740950289 -24.6344612466 -11.2799518294 5.43519695691
720 867 -0.096794461151 -24.6204575154 -11.4939963388 5.64947703583
721 802 -0.096919577885 -24.6059255601 -11.3507887121 5.27600296731
722 866 -0.0970399995476 -24.5919624294 -11.1125393146 5.4099262961
723 854 -0.0971612632051 -24.5779249097 -11.2926407788 5.33227601162
724 869 -0.0972815082573 -24.5640282791 -11.3355993463 5.43228798242
725 850 -0.0974030750088 -24.5500021016 -11.1091191747 6.11410477041
726 711 -0.0975360391174 -24.5346875605 -11.2437932836 5.12823353769
727 869 -0.0976562523782 -24.5208655395 -11.3969190576 5.22918586302
728 898 -0.0977745357797 -24.5072875134 -11.4006789976 5.29745248745
729 889 -0.0978933733735 -24.4936678952 -11.4515236531 5.34297281972
730 876 -0.0980131144746 -24.4799670054 -11.3877486779 5.22905968984
731 900 -0.0981312607267 -24.4664704648 -11.3410696311 5.35413224259
732 876 -0.0982509776974 -24.4528165933 -11.3169879637 5.20343410135
733 906 -0.0983687096861 -24.4394107582 -11.1240638031 5.38810365087
734 870 -0.0984888658483 -24.4257509705 -11.4035638245 5.39211595819
735 859 -0.0986097637775 -24.4120293169 -11.1410355409 4.91090779
736 978 -0.0987230977654 -24.3991865667 -11.2745668526 5.34229460107
737 899 -0.098841273482 -24.3858161515 -11.1201109094 5.04585443199
738 954 -0.0989560252707 -24.3728535791 -11.3032960956 5.46003878101
739 865 -0.0990765021077 -24.359265937 -11.3504063476 5.56886126548
740 819 -0.0992003546447 -24.3453206313 -10.9985872396 5.18996298593
741 892 -0.0993190188779 -24.331981382 -11.2572191768 5.33108758198
742 880 -0.0994385116853 -24.3185705711 -11.2552888896 5.42379138991
743 855 -0.0995597294904 -24.3049882363 -11.2603742848 5.58333151473
744 813 -0.0996840131929 -24.2910853993 -11.2483669253 5.69887355721
745 779 -0.0998110325192 -24.2769005787 -11.0930902855 5.56182177048
746 797 -0.0999365895615 -24.262902877 -11.2231731914 4.85174143156
747 972 -0.100050262631 -24.2502504342 -11.4045942586 5.5372314288
748 852 -0.100171687732 -24.2367564877 -11.3440355501 5.32139041144
749 871 -0.100291796742 -24.2234304354 -11.3100795444 4.85180731442
750 999 -0.10040394067 -24.2110074877 -11.3424853003 5.37669950845
751 896 -0.100522336439 -24.1979122463 -11.1061924812 5.62949502589
752 814 -0.100646578866 -24.1841926623 -11.4443756951 5.18119521994
753 893 -0.100765207963 -24.1711142284 -11.1842904207 5.31775272855
754 883 -0.100884466543 -24.1579873138 -11.2597470588 5.1811426059
755 914 -0.101001704667 -24.1451031893 -11.1964482939 4.98429462775
756 975 -0.101115187885 -24.1326509357 -11.4191222017 5.06331056593
757 971 -0.101228902448 -24.1201922179 -11.2040471903 5.48359792474
758 864 -0.101349476937 -24.1070025598 -11.1591186611 5.42448222902
759 850 -0.101471015011 -24.0937289481 -11.0455443371 5.81025082175
760 766 -0.101599067015 -24.0797671723 -11.1594239379 4.87943493045
761 953 -0.101713893783 -24.0672676084 -11.4252101069 5.5892708269
762 836 -0.101836476681 -24.0539448126 -11.4375956338 4.97942909337
763 951 -0.101951382152 -24.0414761407 -11.0946498838 5.07114056977
764 962 -0.102065622823 -24.0290984738 -11.0943378055 5.4661847059
765 866 -0.102186064807 -24.0160692363 -11.2477730187 4.75610050117
766 1025 -0.102296758713 -24.0041128889 -11.1434665727 5.13790594878
767 964 -0.102410892371 -23.9918033751 -11.2911197127 5.53861569583
768 850 -0.102532471984 -23.9787112734 -11.0495349207 5.59308454118
769 810 -0.102657013277 -23.9653220937 -11.3050521546 5.31444228605
770 860 -0.102777882439 -23.9523487883 -11.279402552 5.5642225249
771 819 -0.102901758176 -23.9390742833 -11.3175461701 5.20384833607
772 889 -0.103020646879 -23.9263546144 -11.2002842999 5.3463039126
773 875 -0.103140441831 -23.9135581774 -11.2798718114 4.97783794547
774 965 -0.103254546033 -23.9013884264 -11.2657972818 5.63656273284
775 828 -0.103377692452 -23.8882748174 -11.1353257768 4.74178866997
776 1015 -0.10348892205 -23.8764484909 -11.3704895955 5.64358028459
777 838 -0.103611383142 -23.8634480187 -11.1765998226 5.30298074045
778 871 -0.103731478067 -23.8507190782 -11.2936811669 4.76701952956
779 1024 -0.103842251316 -23.8389959651 -11.1218623684 5.41326734962
780 893 -0.103960851638 -23.8264634247 -11.2831136497 5.32850423076
781 881 -0.104080284027 -23.8138626781 -11.1835101684 5.05532618278
782 946 -0.104195526183 -23.8017227397 -11.1364574702 4.93592478954
783 999 -0.104307666097 -23.7899272085 -11.4422278377 5.48177996634
784 871 -0.104427760597 -23.7773141851 -11.0201936317 4.79185052241
785 1016 -0.104538935264 -23.7656556525 -11.1224313728 5.32790109055
786 912 -0.104656277714 -23.7533687207 -11.33228822 5.31624503041
787 889 -0.104775163306 -23.7409394316 -11.3748974201 5.00340688771
788 962 -0.104889414982 -23.7290128047 -11.2997734954 5.0068544383
789 983 -0.105002431431 -23.7172326284 -11.2035313517 5.62548495139
790 835 -0.105125104195 -23.7044655968 -11.2669483267 5.28609624924
791 874 -0.105244987847 -23.6920085707 -11.3055137374 5.42184845033
792 854 -0.105366289161 -23.6794240435 -11.3594124677 6.00237286377
793 731 -0.105497367002 -23.6658475852 -11.190110698 5.47840343346
794 799 -0.105622727172 -23.6528850004 -11.2624932279 5.41985482044
795 833 -0.105745540234 -23.6402062834 -11.2553897486 5.25367320204
796 881 -0.10586494104 -23.6278992313 -11.1993010036 4.77278159644
797 1025 -0.105975615579 -23.616508667 -11.1110767045 5.11704838738
798 970 -0.106089412054 -23.6048138534 -10.9563984689 5.20604172366
799 932 -0.106205516021 -23.5928996877 -11.370975167 5.01583166455
800 972 -0.106319189744 -23.5812522738 -11.1378308163 5.09055957288
801 963 -0.106433393946 -23.569567774 -11.4090822412 5.15823581399
802 942 -0.106548840968 -23.5577736735 -11.1851154595 5.36349446215
803 885 -0.106667961578 -23.5456227398 -11.4546751649 4.78138125638
804 1024 -0.106778699306 -23.5343436861 -11.2798269814 5.21594663716
805 943 -0.10689410974 -23.5226058707 -11.0493217307 5.21811707615
806 922 -0.107010862987 -23.5107492794 -11.1506862293 5.23342888863
807 912 -0.107128230636 -23.4988482942 -11.1298337359 5.05566014316
808 955 -0.107242903611 -23.48723794 -11.244890081 4.97593903005
809 990 -0.107355537621 -23.4758507257 -11.207939347 5.01987795298
810 988 -0.107468307759 -23.4644662942 -11.227489641 5.04766716197
811 979 -0.107581559125 -23.453049908 -11.2065932328 5.55141649097
812 850 -0.107703099256 -23.440816463 -11.0515820785 5.18516063239
813 903 -0.107821046048 -23.4289629687 -11.2576964287 5.19818611098
814 915 -0.107938186861 -23.4172082455 -11.3586629298 4.86660262915
815 1009 -0.108049749482 -23.4060297071 -11.3933919032 4.928436431
816 1020 -0.108160742262 -23.3949241402 -11.3018096539 5.24921263014
817 933 -0.108276751374 -23.3833335434 -11.2533359507 5.388807225
818 877 -0.108396437155 -23.3713936581 -11.3403770097 5.12481757683
819 926 -0.108512879059 -23.3597949391 -11.2730697412 5.22478876607
820 915 -0.10863003619 -23.348142414 -11.1759160927 5.28057783005
821 898 -0.108748291136 -23.3363983986 -11.2267640791 5.05073836262
822 952 -0.108863140348 -23.3250095944 -11.2233783258 5.28656704339
823 907 -0.108980846656 -23.3133548002 -11.2224091648 5.34911595334
824 880 -0.109100354318 -23.3015395513 -11.1221073735 5.09856228398
825 934 -0.109216314467 -23.2900922418 -11.1516896605 4.7424617752
826 1053 -0.109325533982 -23.2793258213 -11.2597443592 5.16638879386
827 964 -0.109439712168 -23.2680866059 -11.2867407574 5.41565147034
828 878 -0.109559303941 -23.2563320121 -11.1408954217 5.08545238082
829 937 -0.109675090331 -23.2449684818 -11.1187805661 5.17050443293
830 932 -0.109791177432 -23.2335922282 -11.1816854955 5.07085203307
831 957 -0.109905740616 -23.2223817613 -11.253153023 5.61388612976
832 832 -0.110028654025 -23.2103723199 -11.338573073 4.91732516495
833 967 -0.110142638136 -23.1992520639 -11.1468754509 5.25696948369
834 918 -0.110259614913 -23.1878565523 -11.1306534375 5.18414406402
835 923 -0.110376257126 -23.176510449 -11.166503478 4.85417261204
836 1015 -0.110487475962 -23.1657074989 -11.1785088527 5.24629104405
837 933 -0.110603514474 -23.1544526081 -11.3132389345 5.15534933999
838 935 -0.110719426173 -23.1432265055 -11.2523332772 5.03682704818
839 967 -0.110833386986 -23.132205379 -11.1339811497 5.23440982697
840 924 -0.110949999063 -23.1209442699 -11.1476873829 5.14973486458
841 934 -0.111065978236 -23.1097607196 -11.0460338477 5.05554495515
842 962 -0.111180259055 -23.0987569399 -11.2723569959 5.03956754566
843 974 -0.111293804344 -23.087839682 -11.1563504652 4.55228550882
844 1129 -0.111399274025 -23.077712876 -11.2404137492 5.09080040717
845 1003 -0.111511180372 -23.0669827495 -11.3813207761 4.68955560752
846 1092 -0.111618404942 -23.0567157098 -11.1378755074 5.45769974125
847 897 -0.111736740015 -23.0454008798 -11.1706282978 5.7815772473
848 783 -0.111863422473 -23.0333065474 -11.127038659 4.93041379958
849 946 -0.111978681007 -23.0223195705 -11.2046029281 4.96589410539
850 990 -0.112091305406 -23.0115990452 -11.2313401736 5.30368412995
851 912 -0.112208663557 -23.0004440349 -11.1329558453 5.25070642698
852 905 -0.112326489651 -22.9892610545 -11.1242072781 4.9129674768
853 993 -0.112438983015 -22.9785996116 -11.1417998628 5.00519818287
854 993 -0.112551468042 -22.9679539729 -11.1945412765 5.47432204205
855 871 -0.112671536928 -22.9566071258 -11.3047991935 5.71436190219
856 790 -0.112797624919 -22.944709793 -11.1100156825 4.89847934783
857 957 -0.112912209335 -22.9339141649 -11.2978104467 4.83216439488
858 1033 -0.113022485426 -22.9235390354 -11.2832606652 5.03733940739
859 994 -0.113134872765 -22.9129799649 -10.9751473177 5.28098508962
860 919 -0.11325180028 -22.902010044 -11.2037668476 4.98453482168
861 977 -0.11336519774 -22.8913865782 -11.330231727 5.210026349
862 933 -0.113481251483 -22.8805298008 -11.1020614208 5.0330156077
863 968 -0.113595185534 -22.8698865789 -11.229445377 5.15422267389
864 945 -0.113710484776 -22.8591311864 -11.2509157634 4.96177122403
865 991 -0.113823059634 -22.8486448086 -11.1638605868 5.40071687539
866 888 -0.113941970459 -22.8375841648 -11.0973725494 5.14127617536
867 926 -0.114058469714 -22.8267636764 -11.1260632187 5.30148395831
868 896 -0.114176866699 -22.8157829552 -11.2953397182 4.7785115772
869 1029 -0.114287352123 -22.8055505367 -11.0634637333 5.19765443873
870 949 -0.11440239122 -22.7949112797 -11.3397483033 4.98792893458
871 985 -0.114515320668 -22.7844818793 -11.1216505344 4.92789647497
872 1013 -0.114626683982 -22.7742113967 -11.1961316595 4.99111723623
873 1002 -0.114738628164 -22.7639016069 -11.0708969894 5.13102808178
874 960 -0.114853005252 -22.7533824931 -11.2399384803 4.85642945951
875 1027 -0.114963623324 -22.7432232356 -11.1026590637 5.24681353078
876 936 -0.115079487312 -22.7325970722 -11.1883412509 4.8884126736
877 1010 -0.115191031473 -22.7223814486 -11.1451712746 5.35895817541
878 903 -0.115308968562 -22.7115956259 -11.1290455342 4.94922409089
879 982 -0.115422084653 -22.7012654372 -11.1657828398 4.82500559724
880 1043 -0.115531833016 -22.6912565635 -11.261769795 5.15463543591
881 964 -0.115645967818 -22.6808620021 -11.2440110089 4.30568019237
882 1216 -0.115747615789 -22.6716169425 -11.0813863969 5.26385118597
883 973 -0.115861240837 -22.6612962291 -11.0080239271 4.76491298606
884 1059 -0.115970164232 -22.6514161068 -11.1804942738 5.12380381959
885 977 -0.116083567015 -22.6411437207 -11.14112828 4.75371967215
886 1063 -0.116192244102 -22.6313128253 -11.3622644004 5.29973497567
887 930 -0.116308433416 -22.6208168774 -11.1917115386 4.88068588784
888 1010 -0.116419957394 -22.6107564395 -11.1968270735 4.54430593078
889 1144 -0.116524724811 -22.6013180304 -11.2032178515 5.1431522644
890 991 -0.116637282726 -22.5911912798 -10.9779196754 5.31590515069
891 909 -0.116754822485 -22.5806312109 -11.3484524839 4.72902737194
892 1049 -0.11686426943 -22.5708118754 -11.0251432596 5.32848133828
893 920 -0.116981126402 -22.5603422349 -11.1794596287 5.02945557771
894 965 -0.11709523221 -22.5501335085 -11.2217400313 5.23563112566
895 923 -0.117211897166 -22.5397105313 -11.0310752128 5.07937067835
896 952 -0.117326756555 -22.5294633649 -11.1666936804 5.25312875197
897 915 -0.1174439223 -22.5190252298 -11.1403795245 4.98259706173
898 976 -0.117557360088 -22.5089334189 -11.120905824 4.76923516128
899 1058 -0.1176663043 -22.4992545023 -11.1421630909 4.94808250807
900 1027 -0.117776880815 -22.4894436976 -11.0341510509 5.29237273112
901 924 -0.117893481313 -22.4791127212 -11.077820336 5.0450554664
902 962 -0.118007768237 -22.4690009485 -10.9507551861 5.29195971772
903 908 -0.118125393699 -22.4586084603 -11.2076554615 4.91627274599
904 993 -0.118237885819 -22.4486834071 -11.0521169404 5.41433934664
905 886 -0.118356985024 -22.4381901905 -11.0842092582 4.66887844753
906 1059 -0.118465885154 -22.4286088334 -11.1519588312 5.28274924811
907 934 -0.11858185745 -22.4184191582 -11.3590948385 4.43676849006
908 1155 -0.118686135126 -22.4092692363 -11.2157210788 5.19729236667
909 979 -0.11879942787 -22.3993413797 -11.2908550727 5.18689867778
910 939 -0.118915075204 -22.3892212332 -10.9688731079 4.63110334547
911 1090 -0.119022407714 -22.3798413756 -11.0859755044 5.0901570676
912 994 -0.119134828697 -22.370029886 -11.1872090705 5.0577968545
913 978 -0.11924814815 -22.3601534729 -11.2801825011 5.1687187464
914 944 -0.119363517838 -22.3501122565 -11.2210200998 5.00281464892
915 979 -0.119476773341 -22.3402686497 -11.2815577769 4.71143011796
916 1078 -0.119584734247 -22.3308977439 -11.3765347822 4.81805712063
917 1073 -0.119692923716 -22.3215192359 -11.2279245775 5.02484331361
918 1008 -0.119804526608 -22.3118576437 -11.0701454111 5.07516269129
919 977 -0.119917906898 -22.3020554777 -11.0863739058 4.91680251373
920 1014 -0.120029220383 -22.2924450083 -11.030289169 5.24591785322
921 933 -0.120145268257 -22.2824394873 -11.1749764457 5.27982391116
922 903 -0.120263192212 -22.2722865118 -10.969724764 4.79850600401
923 1025 -0.120373871794 -22.2627703469 -11.2739034927 4.62145719275
924 1122 -0.120479656539 -22.2536868586 -11.0514404371 5.44832542975
925 906 -0.120597434855 -22.2435870779 -11.1727536182 4.75852429762
926 1038 -0.120707413234 -22.2341690431 -11.2368306114 4.69901576273
927 1100 -0.12081425659 -22.2250313683 -11.1053672599 5.10534697456
928 992 -0.12092678585 -22.2154200597 -11.3193244082 4.86458863712
929 1034 -0.121037013691 -22.2060178758 -11.1490198802 5.20233970967
930 949 -0.121152053455 -22.1962184729 -11.2736186627 4.63522832782
931 1092 -0.121259281142 -22.1870966657 -11.0695162593 4.65107118335
932 1133 -0.121364576253 -22.1781506407 -11.1587591867 5.03986248542
933 1019 -0.121475606825 -22.1687295136 -11.1628266509 5.6283692675
934 842 -0.121597760667 -22.1583789887 -11.0867351776 4.76846772656
935 1013 -0.121709132923 -22.1489551752 -11.2031133142 4.95354677157
936 1013 -0.121820469741 -22.1395468726 -11.0050934774 5.04350983719
937 987 -0.121933260902 -22.1300284056 -11.1456735694 4.74271892503
938 1070 -0.122041598503 -22.1208978187 -11.0399284862 5.12251572168
939 980 -0.122154822914 -22.1113679634 -10.8423612855 5.0361224492
940 980 -0.122268016572 -22.1018535318 -11.0174835787 5.22264477778
941 930 -0.122384225551 -22.0920989741 -11.0644762704 4.90188090452
942 1004 -0.122496092168 -22.0827216418 -11.0570714284 5.20337919181
943 941 -0.122611607565 -22.0730515252 -11.0325884236 4.5640937145
944 1113 -0.122717822277 -22.0641716992 -10.9675902181 4.97161074716
945 1034 -0.122828013862 -22.0549712252 -10.9971912525 5.14123288727
946 966 -0.122942065773 -22.0454610954 -11.1157471005 5.26073997072
947 917 -0.123059120058 -22.0357139835 -11.0103571993 4.81834063324
948 1024 -0.123169866589 -22.0265045616 -11.0900937196 4.94289739114
949 1020 -0.123280862908 -22.0172864846 -11.0934852733 5.165424497
950 956 -0.123395517501 -22.007777306 -11.1215323684 4.81983151468
951 1036 -0.123505611034 -21.9986585458 -11.1914745201 5.16313959329
952 960 -0.12361998721 -21.9891976331 -11.0984198052 5.08368029592
953 962 -0.12373427902 -21.9797564678 -10.9631235294 5.18516018194
954 935 -0.12385017796 -21.9701955539 -10.9981132409 5.02633202868
955 970 -0.123963969111 -21.9608212396 -11.005769994 4.35180935205
956 1200 -0.124066263552 -21.9524047826 -11.0976671691 5.07381218521
957 1024 -0.124177005997 -21.9433046912 -11.0772857915 4.66349327072
958 1108 -0.124283485466 -21.934566099 -11.0702443814 4.61029549864
959 1152 -0.124387903236 -21.9260073473 -11.0651787294 4.99296894099
960 1038 -0.124497930978 -21.9170001463 -11.1291506718 4.85275432269
961 1051 -0.124607259673 -21.9080617173 -10.9744312624 5.28125999569
962 932 -0.124723324024 -21.8985851696 -11.1004635398 4.93783230759
963 994 -0.12483573681 -21.8894190878 -10.9697245055 5.30083203122
964 914 -0.12495298517 -21.8798716064 -11.109217849 4.58253922679
965 1097 -0.125059973608 -21.8711710491 -11.1363235357 4.89298784573
966 1055 -0.125169110857 -21.8623069949 -10.8071401738 4.87363620915
967 1049 -0.125278527329 -21.8534316471 -11.0353723148 4.88603424886
968 1044 -0.125388231699 -21.8445443696 -11.0244354537 4.87292159518
969 1046 -0.125497797557 -21.835679709 -10.9286728623 4.78156511034
970 1076 -0.125605857095 -21.8269480551 -11.0254854931 4.94938355365
971 1032 -0.125716197736 -21.8180434682 -11.0768683158 4.74321583958
972 1084 -0.125823845265 -21.8093672883 -11.0281463522 4.79402927801
973 1083 -0.125931562325 -21.800696429 -11.2273927682 4.62138672283
974 1141 -0.126036502392 -21.7922595988 -11.0459060208 5.09216331781
975 1005 -0.126148274663 -21.7832848486 -11.0221432835 5.32676907135
976 910 -0.126265769157 -21.7738632496 -11.0459923454 4.54597455858
977 1108 -0.126372238734 -21.7653368601 -11.1426083214 4.90819138907
978 1053 -0.12648147229 -21.7566001184 -10.9136444247 5.09136980437
979 984 -0.126594437719 -21.7475765855 -11.0710468972 4.87832726149
980 1027 -0.1267050158 -21.738755244 -11.0035136792 5.10823428521
981 973 -0.126818639514 -21.7297027605 -11.0766010845 4.79102198919
982 1051 -0.126927984988 -21.7210024217 -11.1221512778 4.61856495469
983 1132 -0.127033336207 -21.7126303544 -11.0531095105 5.22890986291
984 965 -0.127147435972 -21.7035746136 -11.2302314084 4.63505835093
985 1098 -0.127254392066 -21.6950967372 -10.9997995081 4.84371283425
986 1070 -0.127362719054 -21.6865209224 -11.2555145201 5.15161701508
987 972 -0.127476413917 -21.6775317429 -11.1149319118 4.77639437293
988 1055 -0.127585539322 -21.6689149858 -10.9815252762 5.10593868233
989 981 -0.127698711197 -21.6599902189 -11.1797803879 4.9963490483
990 992 -0.127811245676 -21.6511273138 -11.1613728924 4.72723130007
991 1077 -0.127919252997 -21.642631811 -11.1019534679 4.8313191355
992 1069 -0.128027670924 -21.6341146855 -11.0756006048 4.89975189414
993 1045 -0.128137308356 -21.6255126142 -11.1806617797 4.65261052079
994 1118 -0.128243297928 -21.6172071111 -10.9995231951 4.74542445611
995 1108 -0.128349766227 -21.60887433 -11.0495585089 5.31881420919
996 936 -0.128465637915 -21.5998172261 -11.1402963365 4.79329897553
997 1038 -0.128575644468 -21.5912297737 -11.0079975787 4.55218934589
998 1151 -0.128680114227 -21.5830846249 -11.0918430302 4.49529039547
999 1207 -0.128782109225 -21.5751418861 -11.0981833376 4.58287191925
1000 1190 -0.128884831727 -21.5671519261 -11.0333426946 5.29529093576
1001 959 -0.128999275014 -21.5582614284 -11.154830577 5.06008973967
1002 968 -0.129113202196 -21.5494226529 -11.1687461954 4.78081194424
1003 1052 -0.129222464877 -21.5409566414 -11.0047302355 4.68909030116
1004 1108 -0.129328941621 -21.5327167229 -11.0391215027 4.91792103422
1005 1050 -0.129438332467 -21.5242617884 -11.1459782124 4.68785332767
1006 1108 -0.129544818413 -21.5160415781 -10.9654815841 5.0362359094
1007 1014 -0.129656121938 -21.5074602119 -11.0305020472 4.73884836774
1008 1080 -0.129763972523 -21.4991555151 -11.2068197893 4.59416801129
1009 1149 -0.12986851453 -21.4911153866 -10.959778094 4.85729997414
1010 1079 -0.129976387288 -21.4828291938 -11.2296844823 4.73262335315
1011 1101 -0.13008318159 -21.474635927 -10.9787221424 5.11529055924
1012 989 -0.130195857973 -21.4660022459 -10.9876310379 4.67770691305
1013 1092 -0.130303112554 -21.4577943435 -11.0955536255 4.97310423785
1014 1029 -0.130413613653 -21.449348523 -10.944834151 5.25117357349
1015 935 -0.130529517941 -21.440501188 -10.9981301853 4.78120691787
1016 1041 -0.130639346398 -21.4321284492 -10.9763683477 4.68039387319
1017 1107 -0.130745844186 -21.4240196496 -11.053618884 4.74702966754
1018 1104 -0.130852485898 -21.4159097668 -11.0718334704 4.47690615424
1019 1200 -0.13095480139 -21.4081381569 -11.058385506 4.71719601999
1020 1140 -0.131059778776 -21.4001737792 -10.9410636523 5.07582436717
1021 1010 -0.131171299826 -21.3917233861 -11.0376334216 4.74857889981
1022 1075 -0.13127936952 -21.3835447558 -11.0971310709 4.93412090272
1023 1036 -0.131389477527 -21.3752222153 -11.0323527473 5.20964541215
1024 948 -0.131504605517 -21.3665313876 -11.1737430764 4.49495411642
1025 1140 -0.131609582559 -21.358616756 -10.9662230247 4.97165501239
1026 1041 -0.131719419606 -21.3503458185 -11.1202259797 4.20939789448
1027 1284 -0.131818303271 -21.3429085193 -11.0943716524 4.99479536671
1028 1067 -0.131926813028 -21.334756826 -11.0532723362 4.46341063503
1029 1193 -0.132029425069 -21.3270574281 -11.1702182781 4.73045674666
1030 1133 -0.13213470096 -21.3191674647 -11.2192967444 5.08900596953
1031 1004 -0.132246525986 -21.3107969868 -11.1386837161 4.80716821733
1032 1055 -0.132355636234 -21.3026399428 -10.9074247662 4.38861160318
1033 1217 -0.132457211796 -21.2950552498 -10.951803186 4.84696835206
1034 1100 -0.13256408579 -21.2870843365 -11.0250202142 5.12693076461
1035 986 -0.132676963975 -21.278676083 -11.0007214016 4.69123544177
1036 1086 -0.132784485347 -21.270676838 -11.0998650125 4.36286283702
1037 1238 -0.132885204331 -21.263192488 -10.9723963063 5.16279805559
1038 1006 -0.132996941124 -21.254899378 -11.0232747227 4.15877776496
1039 1292 -0.133095538263 -21.2475901848 -11.0300642469 5.30280509371
1040 977 -0.133208941218 -21.2391934661 -11.0976620213 4.62552492463
1041 1105 -0.133315545908 -21.2313099082 -11.1248146044 5.09929330341
1042 995 -0.133427909364 -21.2230107397 -11.0952325844 4.22952563632
1043 1258 -0.133527823118 -21.2156399341 -11.0481650959 4.69397831712
1044 1163 -0.133631755306 -21.2079814848 -11.0129608527 4.99144154645
1045 1041 -0.133741619409 -21.1998956742 -10.8056639033 4.87532795978
1046 1045 -0.133851268503 -21.1918356553 -11.0106652431 4.74684782342
1047 1087 -0.133958781516 -21.1839423058 -11.0884531915 4.94550865941
1048 1036 -0.134068905666 -21.1758671436 -11.0268436887 4.72720445355
1049 1090 -0.134176234512 -21.1680065698 -11.1729758269 4.32112863976
1050 1256 -0.134276223378 -21.1606920887 -10.9971733606 4.60095256812
1051 1197 -0.134378674035 -21.1532060364 -10.9774237138 4.91435423518
1052 1073 -0.134486874648 -21.1453091791 -11.0278120835 4.26117501303
1053 1275 -0.134586132073 -21.1380734542 -10.9681845436 5.14307924154
1054 1019 -0.134697136807 -21.1299909036 -10.9551415823 5.05246545723
1055 986 -0.134809980584 -21.1217847503 -11.0657207613 4.87038172205
1056 1030 -0.134920398036 -21.1137650801 -11.2606998981 4.58712311839
1057 1136 -0.135025552222 -21.1061368972 -10.9552079559 5.03030970366
1058 1022 -0.135136389311 -21.0981061741 -11.0488803047 4.56520021875
1059 1141 -0.13524131018 -21.090513282 -11.1085240646 4.72519750353
1060 1121 -0.13534715008 -21.0828629026 -11.0763567448 4.61343284055
1061 1155 -0.135451444762 -21.0753330634 -11.1891332185 4.4688741953
1062 1219 -0.135552961894 -21.0680121786 -10.9017940462 4.96072233872
1063 1063 -0.135661651432 -21.0601832511 -11.1095372868 4.22901209979
1064 1285 -0.135760531434 -21.0530691521 -11.0990333621 5.09193149227
1065 1037 -0.135870600689 -21.0451592466 -10.9073279735 4.5116831711
1066 1165 -0.135974430511 -21.0377066186 -10.9862450625 4.59651674462
1067 1174 -0.136077885206 -21.030289489 -11.1815523582 4.439667039
1068 1236 -0.136178692329 -21.0230703938 -11.0716956609 4.47694081999
1069 1239 -0.136279364417 -21.0158690516 -11.0871402493 4.72624645366
1070 1146 -0.136384032501 -21.0083904158 -11.172312813 4.74930596969
1071 1114 -0.136490197817 -21.000813692 -11.0159791097 4.38827037514
1072 1237 -0.136590945732 -20.9936318596 -11.0253066252 4.84913772086
1073 1104 -0.136697623316 -20.9860360903 -11.114877432 5.17388948535
1074 974 -0.136811206245 -20.9779585274 -11.0520818714 4.78721999168
1075 1052 -0.136920473878 -20.970197459 -11.0075740623 4.42808660204
1076 1201 -0.137022731235 -20.962942837 -10.8699725081 4.66571987754
1077 1158 -0.137126864498 -20.955563581 -10.9058691619 4.96969115179
1078 1046 -0.137236439896 -20.9478078697 -11.1239332658 4.64391636529
1079 1121 -0.137342274204 -20.9403258872 -10.9611660417 4.37936021711
1080 1243 -0.137442784867 -20.9332283768 -10.9753178148 4.68503259713
1081 1162 -0.137546741175 -20.9258958581 -10.8692531089 4.74983922715
1082 1118 -0.137652712083 -20.9184299176 -10.9542923598 4.55818222318
1083 1174 -0.137756153423 -20.9111506276 -11.0749607056 4.54108911955
1084 1197 -0.137858600137 -20.9039495312 -11.0898035679 4.37850619838
1085 1268 -0.137958138227 -20.8969606897 -11.0842497223 4.90024139046
1086 1094 -0.138065294042 -20.8894455706 -11.1206917069 4.43891741398
1087 1211 -0.138167131943 -20.8823116462 -10.9030167126 4.47793501529
1088 1232 -0.138268110702 -20.8752458179 -11.004782666 4.51650961425
1089 1223 -0.13836946836 -20.8681613871 -10.9580588161 4.89633899193
1090 1085 -0.13847707044 -20.8606491587 -10.9341787136 4.87215946035
1091 1058 -0.138586036625 -20.8530507682 -10.9497785942 4.5276208094
1092 1166 -0.138689815955 -20.84582254 -11.0096706472 4.51890674577
1093 1203 -0.138792003504 -20.8387132445 -10.8407043643 4.85568566501
1094 1093 -0.138899183882 -20.831265178 -11.0139512167 4.76695160626
1095 1094 -0.139006338542 -20.8238276711 -11.0150831397 4.60455857807
1096 1150 -0.139110854199 -20.8165817713 -11.0704768102 4.94757665189
1097 1051 -0.139220173606 -20.8090117347 -10.9563016878 4.58867212332
1098 1142 -0.139325041578 -20.8017584836 -11.0803842789 4.37885690571
1099 1250 -0.139425269635 -20.7948339552 -10.947845709 4.89994669473
1100 1090 -0.139532621124 -20.7874257276 -11.0106801495 4.96675757191
1101 1030 -0.13964304723 -20.7798144196 -11.018970313 4.73211325083
1102 1087 -0.139750545327 -20.7724137756 -11.0819690453 4.91418279393
1103 1045 -0.139860163063 -20.7648761782 -11.0105182218 4.40077180725
1104 1209 -0.13996208141 -20.7578761247 -11.1413820462 4.82689740169
1105 1104 -0.140068725133 -20.7505598756 -11.1038997356 4.60118893865
1106 1154 -0.140173049782 -20.7434109823 -11.0336134208 4.47122561734
1107 1218 -0.140274617608 -20.7364588341 -10.7696605162 4.44006946362
1108 1249 -0.140374901963 -20.7296021071 -10.9421284532 4.8036442273
1109 1122 -0.140480707888 -20.7223759963 -11.0780518544 4.28078772584
1110 1284 -0.140579611783 -20.7156288136 -11.0394925641 5.11416248628
1111 1030 -0.14069005123 -20.7081032851 -11.0730292388 4.39606982249
1112 1206 -0.140792116847 -20.7011564233 -10.920127304 4.92275196571
1113 1072 -0.140900345722 -20.6937985172 -11.0852719611 4.33817904471
1114 1243 -0.141000862157 -20.6869727108 -10.8616943024 4.96291552666
1115 1068 -0.141109310722 -20.6796166348 -11.0539203389 4.3915893021
1116 1221 -0.141210747437 -20.6727440341 -11.0273340914 4.78997042892
1117 1120 -0.141316653252 -20.6655767348 -10.9589510567 4.69471790375
1118 1126 -0.141422275251 -20.6584368659 -11.1248771804 4.54724843282
1119 1180 -0.14152543395 -20.6514714259 -11.0915592509 4.95620399895
1120 1056 -0.1416345175 -20.6441144241 -10.9614563599 4.41966341206
1121 1206 -0.141736580539 -20.6372388051 -10.9456842144 4.93433761269
1122 1069 -0.141844996707 -20.6299435434 -10.8972376603 4.42807025364
1123 1207 -0.141947008931 -20.6230870367 -10.9084631626 4.90781274454
1124 1077 -0.142054984428 -20.6158379877 -10.8828574648 4.07841253507
1125 1356 -0.142151230862 -20.6093835354 -11.0662284428 5.14943016246
1126 1033 -0.1422614933 -20.6019974196 -10.9223420161 4.83432357531
1127 1055 -0.142370598684 -20.594697494 -11.025430818 4.16935018072
1128 1307 -0.142468629664 -20.5881458796 -10.8064483963 5.0222796107
1129 1063 -0.14257733836 -20.5808887786 -10.9809071546 4.06631678279
1130 1356 -0.142673588229 -20.5744705185 -10.9599346899 4.79311054618
1131 1150 -0.142778090401 -20.5675095306 -10.9373988251 4.15762482873
1132 1347 -0.142874639443 -20.5610852957 -11.0194404903 4.9720886805
1133 1087 -0.142982125083 -20.5539412373 -10.9506174864 4.49188741051
1134 1189 -0.14308491599 -20.5471169719 -11.0028466933 4.81707235475
1135 1103 -0.143191640518 -20.5400395656 -11.0151758512 4.52386260208
1136 1182 -0.143294728679 -20.5332110411 -11.0087737988 4.18811299837
1137 1345 -0.143391370753 -20.5268163973 -11.0138987298 4.6031032505
1138 1218 -0.143492911519 -20.5201047918 -10.9227378289 4.81057292631
1139 1112 -0.143599185435 -20.5130882003 -10.9478139098 4.2086657581
1140 1311 -0.143697056653 -20.5066334891 -11.0313498222 4.81913562734
1141 1131 -0.143802439309 -20.499690994 -11.0195709709 4.75559693873
1142 1108 -0.143908900564 -20.4926854355 -10.9305908437 4.8357001184
1143 1076 -0.144016962227 -20.485582767 -11.0399766769 4.34814057583
1144 1241 -0.14411758317 -20.4789765801 -10.8889143238 4.73084482019
1145 1145 -0.144222302807 -20.4721088818 -11.0401400647 4.51337272901
1146 1199 -0.144324666856 -20.4654031331 -10.9765177647 4.46127201948
1147 1235 -0.144425518946 -20.4588036382 -11.0059062733 4.56780230509
1148 1204 -0.144527671355 -20.4521263352 -11.0101804734 4.72355771298
1149 1139 -0.144632703838 -20.4452684021 -11.0006820403 4.53300524362
1150 1189 -0.144735462603 -20.4385664019 -10.8683254186 4.79841708652
1151 1109 -0.14484188555 -20.4316332015 -10.9845361574 4.60677651463
1152 1154 -0.144946232954 -20.424842892 -10.8948052736 4.92649801359
1153 1059 -0.145055160716 -20.4177626136 -10.9713379972 4.35762701035
1154 1231 -0.14515617748 -20.411203925 -10.9614068575 4.25807653593
1155 1330 -0.145253368817 -20.4049002995 -11.0033763342 4.80940650729
1156 1139 -0.145358397226 -20.3980957433 -10.9645567531 4.11029787238
1157 1365 -0.145454322501 -20.3918876336 -10.8788472358 4.76108337377
1158 1164 -0.145558217709 -20.385170902 -11.0055128277 4.50745537273
1159 1207 -0.145660245155 -20.3785821726 -10.8196101232 4.57866106932
1160 1192 -0.145762899584 -20.3719601964 -10.9524234772 4.6699250271
1161 1154 -0.145867208998 -20.3652388912 -10.8034343455 4.82739363679
1162 1090 -0.145974534638 -20.3583310368 -10.8476606086 4.65957027101
1163 1129 -0.146079994753 -20.3515509532 -10.9873201054 4.45888500181
1164 1215 -0.146181685551 -20.3450204168 -10.9983749866 4.35576333271
1165 1283 -0.146280642185 -20.3386722584 -10.9860864486 4.64329117652
1166 1188 -0.146383480341 -20.3320821839 -10.905726933 5.01027614623
1167 1041 -0.146493340344 -20.3250501034 -11.0897901221 4.25686892725
1168 1265 -0.146592991425 -20.3186785987 -10.889989744 4.60386464818
1169 1198 -0.146695389121 -20.3121385136 -10.9918139249 4.20746470043
1170 1341 -0.146792150149 -20.3059649806 -10.9164176269 4.64181515101
1171 1202 -0.14689435716 -20.2994508763 -10.9629108701 4.88318282092
1172 1084 -0.147001993986 -20.2925983496 -10.9581165767 4.54010916545
1173 1170 -0.147105606172 -20.2860094409 -10.9484684204 4.58932429651
1174 1178 -0.147208882247 -20.2794491147 -10.9558215003 4.15104007669
1175 1360 -0.147304974087 -20.2733516006 -10.8885731939 4.84630330244
1176 1132 -0.147410296415 -20.2666755005 -10.9008683682 4.3680589231
1177 1251 -0.147510479659 -20.2603320679 -10.9919539881 4.20316946146
1178 1361 -0.147606555794 -20.2542550138 -10.9324376677 4.73730529741
1179 1171 -0.147710106146 -20.2477121191 -10.9908993307 4.77748018973
1180 1111 -0.147816411529 -20.2410026053 -11.0802651372 4.25367239404
1181 1292 -0.147915023748 -20.2347853953 -11.018539776 4.60248931567
1182 1205 -0.148017105394 -20.2283562776 -11.0235544012 4.80669091662
1183 1110 -0.148123469909 -20.2216648037 -11.0373530003 4.24232362135
1184 1296 -0.148221912105 -20.2154784297 -11.0048121892 4.62643112899
1185 1197 -0.148324338049 -20.2090485335 -10.8795713975 4.48737530501
1186 1224 -0.148425636118 -20.202696279 -10.8552617408 4.26896565881
1187 1323 -0.148523084455 -20.1965918436 -10.8810836945 4.52078935977
1188 1245 -0.14862351915 -20.1903069004 -10.9993443822 4.7116627945
1189 1153 -0.148727883287 -20.1837831138 -10.9349930246 4.45205141962
1190 1225 -0.14882915384 -20.1774595663 -10.9197685817 4.16516552768
1191 1370 -0.148924912534 -20.1714863966 -11.0011615925 4.53676438994
1192 1250 -0.149025132217 -20.165241413 -10.9002426656 4.63298984979
1193 1183 -0.14912816808 -20.1588278131 -10.8939379732 4.63319718847
1194 1165 -0.149231993155 -20.1523721207 -11.1019232832 4.45976353568
1195 1225 -0.149333237096 -20.1460837079 -10.8982625127 4.58985489671
1196 1193 -0.149435861321 -20.1397163941 -10.8364422117 4.83905115317
1197 1096 -0.14954289275 -20.1330829506 -10.8427266182 4.52576072495
1198 1179 -0.149646107104 -20.1266931394 -10.9051856244 4.63740542175
1199 1163 -0.149750049234 -20.1202652707 -11.0012753696 4.9775999396
1200 1045 -0.149859689573 -20.1134926185 -10.9545421883 4.47014207133
1201 1183 -0.149962729359 -20.1071347926 -11.0771877639 4.20558539785
1202 1337 -0.150059641659 -20.1011613173 -10.8799776891 4.56576938552
1203 1231 -0.150160659923 -20.0949412177 -10.9017739941 4.60264653288
1204 1189 -0.15026342158 -20.0886205247 -10.9977902809 4.73946698341
1205 1129 -0.15036889154 -20.082140322 -11.0252551266 4.41117848823
1206 1233 -0.150469811115 -20.0759463987 -10.9562263339 4.59914307494
1207 1191 -0.150572493129 -20.0696510189 -11.0021498362 4.40282950778
1208 1256 -0.15067249677 -20.0635263478 -10.8998845734 4.87540785332
1209 1099 -0.150779384273 -20.0569871579 -11.0571616685 5.01708797103
1210 1017 -0.150890500382 -20.0501970125 -10.8378341778 4.31970207185
1211 1231 -0.150991528932 -20.0440301438 -10.8760683878 4.35631082469
1212 1287 -0.151090308325 -20.0380068552 -10.8918248681 4.61075873967
1213 1201 -0.151192577367 -20.0317773207 -10.9040943026 4.65568452725
1214 1162 -0.151296548398 -20.0254509259 -11.0113065032 4.1123821238
1215 1372 -0.151392214172 -20.0196359463 -10.9146100503 4.94115551199
1216 1102 -0.151498951646 -20.0131548252 -10.8619756725 4.40433259508
1217 1227 -0.151600121073 -20.0070184512 -11.0759052154 4.81968935995
1218 1111 -0.151706437627 -20.0005768489 -11.0277038846 4.19436442904
1219 1317 -0.151804091073 -19.9946664171 -11.1086526378 4.30596220587
1220 1334 -0.151901115105 -19.9888000292 -10.9708314578 4.4204120948
1221 1289 -0.151999814098 -19.9828384431 -10.8155444545 4.64875966785
1222 1187 -0.15210267594 -19.976631925 -10.8357682072 5.04342009205
1223 1030 -0.152213083904 -19.96997747 -10.9785509303 4.3307108502
1224 1231 -0.152314092927 -19.9638961896 -10.9044897458 4.52010637569
1225 1221 -0.15241552024 -19.9577961451 -10.7328944909 4.61309294839
1226 1183 -0.152518566653 -19.9516053023 -10.9450706863 4.54795903035
1227 1197 -0.152621013767 -19.9454570266 -11.0017509212 4.60933764589
1228 1178 -0.15272428348 -19.9392659956 -11.091970989 4.59080550605
1229 1179 -0.15282748457 -19.933085701 -10.7984996682 4.10027380034
1230 1384 -0.152922743427 -19.9273869015 -10.8858781068 4.70518838732
1231 1188 -0.153025549563 -19.9212429011 -10.765869568 4.80732497094
1232 1106 -0.153132128655 -19.9148803232 -10.9151583374 4.06566161881
1233 1373 -0.153227768882 -19.9091767516 -10.8815979708 4.85787072864
1234 1131 -0.153333150192 -19.9028987997 -10.8669249401 4.03555751787
1235 1397 -0.153427971285 -19.8972558074 -10.7030502868 4.74064071963
1236 1178 -0.153531225827 -19.891117216 -10.9566701794 4.47435760754
1237 1223 -0.15363254442 -19.8851000864 -10.8955990678 4.58372316406
1238 1194 -0.153735092751 -19.879016338 -10.8058606539 4.22418535208
1239 1333 -0.153832172192 -19.8732629717 -10.9404856931 4.06887322073
1240 1451 -0.153925198421 -19.8677552266 -10.8739484178 4.68850661366
1241 1209 -0.154027110175 -19.8617274705 -10.8384501354 4.45489132149
1242 1240 -0.154127740046 -19.8557817507 -10.9354780392 4.79012610831
1243 1124 -0.15423342941 -19.8495437325 -10.9047464519 4.60636749786
1244 1158 -0.154337570194 -19.8434037608 -10.7542302464 4.59480349769
1245 1172 -0.154441085156 -19.8373072144 -10.9190370308 4.38685304723
1246 1257 -0.154541063252 -19.8314251422 -10.8445954355 4.62179185792
1247 1189 -0.154643839629 -19.8253847469 -10.9560827374 4.47981448649
1248 1225 -0.154745112044 -19.8194389909 -10.8307930212 4.56638034042
1249 1201 -0.154847356779 -19.813442432 -10.9574186671 4.30733313204
1250 1299 -0.15494569636 -19.8076808538 -10.8506817816 4.314803373
1251 1325 -0.155043052598 -19.8019826241 -10.9714875602 4.63127074589
1252 1202 -0.155145252685 -19.7960070169 -10.9777699273 4.51428301775
1253 1215 -0.155246925875 -19.7900684401 -10.8282950066 4.17335294267
1254 1363 -0.155342933661 -19.7844664604 -10.8712485337 4.48734154243
1255 1269 -0.155442423306 -19.7786671396 -10.8403287146 4.52995930481
1256 1227 -0.155543582128 -19.7727765888 -10.83676242 4.51005668192
1257 1224 -0.155644893159 -19.7668832981 -10.9435295605 4.27280687265
1258 1321 -0.155742403593 -19.7612168682 -10.81990165 4.49846940751
1259 1254 -0.15584249816 -19.7554061593 -10.7995018868 4.51808789182
1260 1228 -0.155943631603 -19.7495411907 -10.8219511495 4.61142225317
1261 1185 -0.156046569744 -19.7435777985 -10.8614446291 4.31415247787
1262 1291 -0.156145212721 -19.7378691267 -10.7729858255 4.43683739102
1263 1271 -0.156244627154 -19.7321216368 -10.7072581439 4.48389239502
1264 1246 -0.156345019277 -19.7263235519 -10.6613448209 4.4981200826
1265 1234 -0.156445919965 -19.7205020896 -10.8218121732 4.75782821608
1266 1134 -0.156551155803 -19.7144369042 -10.7396542706 4.31213439362
1267 1275 -0.156650408884 -19.7087225032 -10.9250657539 4.32831075167
1268 1312 -0.156748242065 -19.703095518 -10.9401579946 4.45693093384
1269 1268 -0.156847758845 -19.6973774621 -11.0008174168 4.31300490636
1270 1317 -0.156945421391 -19.6917715905 -10.8275270157 4.35194766322
1271 1314 -0.157043188824 -19.68616529 -10.9574447345 4.41266950721
1272 1287 -0.157141969162 -19.6805065801 -10.8271051806 4.50286311126
1273 1243 -0.157242493963 -19.6747537843 -10.9884254433 3.94145709605
1274 1486 -0.157334429625 -19.6694976812 -10.8055152301 4.67449629418
1275 1222 -0.157435805482 -19.6637075711 -10.9666962897 4.00499989807
1276 1446 -0.157529009807 -19.6583894513 -10.7714574793 4.6620757546
1277 1218 -0.157630539396 -19.6526020411 -10.876392073 4.44006897165
1278 1249 -0.157730823743 -19.6468914785 -10.7529639663 4.61699092693
1279 1189 -0.15783361223 -19.6410443622 -10.8853690343 4.36858471427
1280 1269 -0.157933086504 -19.6353915897 -10.9763097938 4.21818600667
1281 1359 -0.158029205198 -19.629934929 -10.7236735792 4.78417355083
1282 1154 -0.158133533059 -19.6240182608 -10.890011953 4.22236955238
1283 1320 -0.158231077876 -19.6184919417 -10.6814263966 4.5438561271
1284 1235 -0.158331916532 -19.6127847623 -10.7338715023 4.51082525348
1285 1226 -0.15843314785 -19.6070612303 -10.7920566183 4.19424138549
1286 1357 -0.158529364989 -19.6016266403 -10.9231203161 4.29373820482
1287 1351 -0.15862578435 -19.5961859445 -10.7751110782 4.53231798738
1288 1248 -0.158726120496 -19.590529877 -10.845125161 4.78769916619
1289 1127 -0.158831679929 -19.5845855699 -10.9801964181 4.37904620566
1290 1245 -0.158932106313 -19.578936213 -10.8503005706 4.20621438866
1291 1357 -0.159028299369 -19.5735303795 -10.9469509805 4.58562224897
1292 1228 -0.159129437329 -19.5678523256 -10.9594788287 4.38361825452
1293 1275 -0.159228692789 -19.5622856037 -10.8535858001 4.09747744013
1294 1418 -0.159322794318 -19.557013096 -10.7533581981 4.32682441696
1295 1352 -0.159419161271 -19.551618852 -10.8554207715 4.52151523137
1296 1252 -0.159519312769 -19.5460183274 -10.7568598611 4.61382567178
1297 1191 -0.159622016339 -19.5402809705 -10.8031236177 4.7988703948
1298 1109 -0.15972842238 -19.5343430533 -10.9008570553 4.47564695441
1299 1202 -0.159830649942 -19.5286443163 -10.9847598351 3.95389469299
1300 1464 -0.159923263891 -19.5234865679 -10.7225834378 4.62584674016
1301 1237 -0.160024046469 -19.5178793727 -10.6845204729 4.67048165443
1302 1166 -0.160127835898 -19.512110838 -10.8369330235 4.29766763197
1303 1292 -0.160226446895 -19.5066357032 -10.7978996023 3.98074508965
1304 1483 -0.160318477421 -19.5015308372 -10.942887085 4.24928284423
1305 1406 -0.160413005366 -19.4962923642 -10.9268756301 4.58146608626
1306 1241 -0.160513601362 -19.490723089 -10.7516934856 4.07839013491
1307 1416 -0.160607773413 -19.4855145679 -10.7926416721 4.55039801672
1308 1256 -0.16070777331 -19.4799891158 -10.8729475071 4.49830927466
1309 1236 -0.160808564635 -19.4744255528 -10.78290205 4.26692537758
1310 1327 -0.160905841612 -19.4690613202 -10.901347376 4.45161124679
1311 1274 -0.161005116719 -19.4635923058 -10.8276397009 4.32571581747
1312 1313 -0.161102918883 -19.4582097649 -10.740129273 4.7496092396
1313 1156 -0.16120715664 -19.4524788567 -10.808282162 4.38330971047
1314 1253 -0.161307277872 -19.4469799138 -10.9450948728 4.51079852212
1315 1231 -0.161408304684 -19.4414368298 -10.9084344769 3.9662744851
1316 1469 -0.161500778747 -19.4363679339 -10.7578351862 4.19679009261
1317 1427 -0.161594580905 -19.4312310381 -10.8280338351 4.29039685274
1318 1371 -0.161690275526 -19.4259954789 -10.8892089938 4.23311208878
1319 1383 -0.16178557656 -19.4207864391 -10.7714596353 4.22082197899
1320 1392 -0.161880562092 -19.4155995886 -10.8793284366 4.44399538697
1321 1294 -0.161979068825 -19.4102256639 -10.8142240535 4.5510737941
1322 1226 -0.162080297889 -19.4047087417 -10.7310013789 3.9313220524
1323 1485 -0.162172264674 -19.3997014491 -10.9071289924 4.3291126606
1324 1368 -0.162268065746 -19.3944902866 -10.7993215198 3.95517021278
1325 1522 -0.162358903015 -19.3895537406 -11.0004426752 4.65076048799
1326 1239 -0.162459588114 -19.3840872482 -10.9318483894 4.20723607421
1327 1355 -0.162555865873 -19.3788651831 -10.7764867557 4.43864195819
1328 1287 -0.162654647672 -19.3735125153 -10.9060413471 4.37435021604
1329 1296 -0.162753094933 -19.3681832235 -10.9086706137 4.42278887321
1330 1278 -0.162852228795 -19.3628220509 -10.7757196227 4.36056008135
1331 1299 -0.162950550598 -19.3575100281 -10.9329739924 4.19333926686
1332 1380 -0.163045943247 -19.3523612333 -10.8068181679 4.29643385677
1333 1356 -0.163142180183 -19.3471718265 -10.9633590171 4.55227161497
1334 1241 -0.163242788953 -19.3417519939 -10.7110561684 4.49909401887
1335 1232 -0.163343762105 -19.3363179895 -10.7617331244 4.28096308108
1336 1320 -0.163441311916 -19.3310734023 -10.7241747853 4.15377881445
1337 1405 -0.16353584458 -19.3259958823 -10.8826700966 4.39002785042
1338 1321 -0.163633355225 -19.3207634106 -10.7723501549 4.17651088694
1339 1395 -0.16372824501 -19.315676445 -10.8415487595 4.22706197321
1340 1392 -0.163823216108 -19.310589923 -10.86290846 4.21507025728
1341 1397 -0.163918022035 -19.3055170336 -10.9129404657 4.46839091035
1342 1285 -0.164016875385 -19.30023266 -10.731752115 4.23600144472
1343 1356 -0.164113107671 -19.2950933809 -10.9276248772 4.55054138815
1344 1242 -0.164213688469 -19.2897271148 -10.8235424313 4.55106133061
1345 1212 -0.164315490354 -19.284301152 -10.8841106514 4.13159777762
1346 1381 -0.164410858427 -19.2792230752 -10.9613855267 4.28296439605
1347 1362 -0.164506867918 -19.2741156937 -10.7570252168 4.01913506623
1348 1486 -0.164598798425 -19.2692298539 -10.8943016919 4.62106251875
1349 1243 -0.164699310472 -19.2638930214 -10.9417140656 4.01656326233
1350 1447 -0.164792460301 -19.2589518387 -10.7865185489 4.42332076589
1351 1317 -0.164890121132 -19.2537762595 -10.7945385181 4.25573257346
1352 1357 -0.164986333151 -19.2486823513 -10.6768752631 4.32187209287
1353 1338 -0.165083207324 -19.2435582833 -10.8126772125 3.98531382542
1354 1496 -0.16517483177 -19.2387164111 -10.8031005119 4.38940823112
1355 1344 -0.165271512491 -19.2336120959 -10.9541936267 4.20655977691
1356 1387 -0.165366652823 -19.2285938666 -10.9523089549 4.24013324618
1357 1384 -0.165461911939 -19.2235740966 -10.7915661251 4.26591884051
1358 1371 -0.16555761684 -19.2185355902 -10.8313824655 4.49156563099
1359 1269 -0.165657096036 -19.2133034261 -10.7848715796 4.05609513472
1360 1437 -0.165750594367 -19.2083905108 -10.8071760344 4.4012655484
1361 1324 -0.165847989497 -19.2032776542 -10.935212218 4.433085763
1362 1281 -0.165946996043 -19.198085237 -10.8510507923 4.29989263191
1363 1326 -0.166044304491 -19.1929868143 -10.8854365713 4.23880048928
1364 1367 -0.166140149594 -19.1879698413 -10.8287324789 4.17505900012
1365 1409 -0.166234551423 -19.1830330456 -10.9123583218 4.24639052731
1366 1387 -0.166329702325 -19.1780617202 -10.9256664763 4.20582133663
1367 1400 -0.166424406754 -19.1731183447 -10.8751708538 4.19149004595
1368 1411 -0.166518755188 -19.1681981319 -10.8447221423 4.47878748172
1369 1284 -0.166617644231 -19.16304603 -10.9012856578 4.48735037354
1370 1248 -0.16671795063 -19.1578252016 -10.9355059053 4.30506933881
1371 1314 -0.166815707866 -19.1527420067 -10.8027460448 3.94036506839
1372 15