100 100000 0.95 gpomdp sample_bernstein 1000000

1 100  3.24065438148e-09 -426.666666667 -18.9624224641
2 814  1.16060699827e-06 -426.666666195 -19.1845279809
3 3030  4.19926686232e-06 -426.666592101 -19.242737953
4 4717  6.76809454445e-06 -426.666326768 -19.3189372168
5 3631  5.45166155235e-06 -426.665869529 -19.2149406582
6 4029  5.87424291492e-06 -426.665527027 -19.3544637796
7 4056  4.91103198254e-06 -426.665128005 -19.2050147343
8 5260  6.3686924196e-06 -426.66483989 -19.2187684883
9 4554  5.71053959401e-06 -426.664441153 -19.3105268821
10 4810  5.33572366911e-06 -426.664087662 -19.3391990123
11 5646  6.51441700355e-06 -426.663774666 -19.3151823811
12 4785  6.14848669089e-06 -426.6633668 -19.3352624202
13 4462  5.19118233584e-06 -426.662978656 -19.3284589473
14 5341  6.3153332295e-06 -426.66268262 -19.2698313416
15 4816  5.98652581662e-06 -426.662283318 -19.2766183128
16 4730  6.8493859544e-06 -426.661904971 -19.3527539234
17 3470  4.32761882378e-06 -426.66145147 -19.3691803251
18 5236  5.30763583091e-06 -426.661201012 -19.28449875
19 6058  7.22215711816e-06 -426.660922402 -19.333092491
20 4203  5.2945045915e-06 -426.660439547 -19.2518714622
21 4901  6.36377384934e-06 -426.660126004 -19.3462129123
22 4232  4.98993074786e-06 -426.659726809 -19.3704995098
23 5406  6.24700338019e-06 -426.659422308 -19.246394443
24 4824  6.23077764916e-06 -426.659050236 -19.288454728
25 4297  5.72155286794e-06 -426.658673107 -19.3418803296
26 4435  5.74431912379e-06 -426.658322619 -19.2814082615
27 4713  5.43821611404e-06 -426.657944276 -19.1893501058
28 4988  6.08256151176e-06 -426.657670676 -19.3169359763
29 4735  5.29505977825e-06 -426.657289963 -19.242792155
30 5717  6.14739284419e-06 -426.656968216 -19.3312011065
31 5266  6.60875872738e-06 -426.656620752 -19.3319033
32 4292  6.00146135135e-06 -426.656209265 -19.2480678483
33 4159  5.76207312257e-06 -426.655808725 -19.3343984887
34 4215  5.15891307434e-06 -426.655456414 -19.4111783904
35 5031  6.22660089029e-06 -426.655159113 -19.2666616318
36 4617  5.97777703735e-06 -426.654768468 -19.3928139734
37 4419  5.89730600995e-06 -426.654395489 -19.2848692449
38 4437  5.3407932766e-06 -426.654020715 -19.3990291368
39 5003  7.00493959131e-06 -426.653715615 -19.2238824615
40 3663  5.12585667436e-06 -426.653229716 -19.3523042
41 4408  5.9078820313e-06 -426.652910727 -19.2818002276
42 4422  4.9941792089e-06 -426.652539771 -19.2697554781
43 5716  6.51517535083e-06 -426.652248809 -19.2719420741
44 4587  5.90790420311e-06 -426.651873589 -19.2974195263
45 4645  5.94307431193e-06 -426.651490659 -19.3253551512
46 4556  6.43578057744e-06 -426.651121217 -19.340095159
47 3878  4.91564996694e-06 -426.650690478 -19.2825891167
48 5097  6.07542986177e-06 -426.650391692 -19.2530351447
49 4814  5.18517235848e-06 -426.65003073 -19.2435237765
50 5937  6.59855294517e-06 -426.649728332 -19.3150976649
51 5000  6.59071683259e-06 -426.649306949 -19.3022263315
52 4148  5.61177385789e-06 -426.648856257 -19.379568431
53 4391  5.54863804166e-06 -426.648500915 -19.383062813
54 4820  6.50792569398e-06 -426.648164036 -19.2694141149
55 3984  5.68728971993e-06 -426.647745198 -19.3361221242
56 4290  6.00926024071e-06 -426.647352212 -19.2702341281
57 4118  5.41355904939e-06 -426.646962553 -19.3224375802
58 4747  5.85258882543e-06 -426.646616425 -19.2971537074
59 4946  5.55295725899e-06 -426.646228146 -19.4092355323
60 5447  6.11425129348e-06 -426.645909574 -19.3063411491
61 5306  6.10965787367e-06 -426.645518039 -19.2810107575
62 4971  5.72120086112e-06 -426.645163902 -19.2422043073
63 5124  6.81126143586e-06 -426.64484619 -19.2940164486
64 3789  5.08240290152e-06 -426.644411684 -19.2646256931
65 4683  6.39136832682e-06 -426.644094335 -19.271149947
66 4133  6.39869309227e-06 -426.643656928 -19.320289615
67 3652  5.2293388409e-06 -426.643190666 -19.3544760625
68 4314  5.03204833572e-06 -426.64285114 -19.272352196
69 5261  6.1412452502e-06 -426.642576386 -19.2929505695
70 5014  5.94908809543e-06 -426.642174996 -19.3455646181
71 4921  6.00413295263e-06 -426.641820064 -19.2897681144
72 4739  6.24275254646e-06 -426.641452687 -19.272090603
73 4304  4.90303537991e-06 -426.641055095 -19.2842154888
74 5613  6.31555809552e-06 -426.640772498 -19.3584382789
75 4880  5.73638074611e-06 -426.64040683 -19.303243301
76 5048  6.19807666471e-06 -426.640074122 -19.2917884062
77 4493  5.48366312059e-06 -426.639712586 -19.3627959599
78 5021  6.4869633311e-06 -426.639380693 -19.2397619482
79 4263  5.72507491305e-06 -426.638967871 -19.2262945022
80 4478  5.80722636158e-06 -426.638605812 -19.3239400622
81 4638  5.99286781985e-06 -426.638235466 -19.2827224893
82 4460  5.78432352937e-06 -426.637870453 -19.3829857287
83 4692  5.64462347694e-06 -426.637504621 -19.2191320336
84 5213  6.45408038592e-06 -426.637138121 -19.3476561125
85 4509  5.89477635358e-06 -426.636734743 -19.305966545
86 4584  6.38845231142e-06 -426.6363472 -19.3699666322
87 3920  5.40833143979e-06 -426.635941175 -19.2306148418
88 4363  6.2025061017e-06 -426.635615256 -19.4549506642
89 3963  5.15867765586e-06 -426.63520984 -19.367407831
90 4718  5.37768360135e-06 -426.63490343 -19.2381117459
91 5297  6.63280772909e-06 -426.63460152 -19.2143375159
92 4336  6.00852927207e-06 -426.63418873 -19.2814898716
93 4132  5.50898038707e-06 -426.633806167 -19.332525434
94 4577  6.09037996467e-06 -426.633474674 -19.2847358511
95 4295  5.87449467583e-06 -426.633094551 -19.2756165534
96 4177  4.51250850724e-06 -426.632740492 -19.3112204253
97 5973  6.61011005026e-06 -426.632500023 -19.2960256066
98 4855  6.03519600087e-06 -426.632109185 -19.2353489864
99 4559  5.74486936331e-06 -426.631749201 -19.2766469636
100 4637  5.95459372588e-06 -426.631414089 -19.3552766009
101 4468  5.75028066098e-06 -426.631054534 -19.2850785908
102 4779  5.24122475901e-06 -426.63068021 -19.3798346643
103 5793  5.96435405947e-06 -426.630376831 -19.2702397657
104 5626  6.89171895423e-06 -426.630038434 -19.3065888615
105 4268  5.75896196574e-06 -426.629580188 -19.3990910739
106 4352  6.00213431344e-06 -426.629224369 -19.2992191815
107 4261  5.1052520727e-06 -426.628826091 -19.3022460605
108 5025  5.73736963719e-06 -426.628563888 -19.3174824404
109 5179  5.94410042068e-06 -426.628233349 -19.2741159004
110 5070  6.18967768499e-06 -426.627875083 -19.2876430243
111 4554  5.8919758543e-06 -426.627510134 -19.3658564991
112 4572  5.68534853547e-06 -426.62714567 -19.3649170755
113 4769  5.74051503133e-06 -426.626802729 -19.2756615187
114 5060  6.20877567867e-06 -426.62645716 -19.3251446795
115 4830  6.65063851998e-06 -426.626043677 -19.2354412315
116 3871  6.25814960746e-06 -426.625607826 -19.3863670118
117 3451  4.61645080023e-06 -426.625171564 -19.3710331875
118 4731  5.59419831886e-06 -426.62491357 -19.3469120349
119 5154  6.16033357783e-06 -426.624581613 -19.1886916547
120 4805  5.95665753602e-06 -426.624211281 -19.2592337074
121 4838  5.91961950241e-06 -426.623832403 -19.2918868249
122 4671  6.00554413871e-06 -426.623494364 -19.2413708553
123 4687  6.3865978954e-06 -426.623089085 -19.2989022686
124 4006  5.27206479136e-06 -426.622679581 -19.4432938668
125 4665  6.26652762743e-06 -426.62236191 -19.232945191
126 4011  6.01770867741e-06 -426.621996337 -19.3283478452
127 3791  5.64863903386e-06 -426.62160459 -19.286464609
128 3983  5.30396470524e-06 -426.621239728 -19.261975538
129 4622  6.11936405791e-06 -426.620921259 -19.2831617509
130 4315  5.48616329017e-06 -426.620538017 -19.3767601013
131 4979  6.50593009272e-06 -426.620165722 -19.318322045
132 4151  4.81057554711e-06 -426.619756582 -19.3840619534
133 5653  6.53425957526e-06 -426.619457268 -19.3222004593
134 4786  6.33376380414e-06 -426.619051572 -19.353374495
135 4110  5.72068684727e-06 -426.618646925 -19.3442618012
136 4233  5.71172170381e-06 -426.618297205 -19.2756868011
137 4364  5.99611290075e-06 -426.617950985 -19.2186367673
138 4252  5.60560872874e-06 -426.617570393 -19.2643103021
139 4522  5.07714033429e-06 -426.617240524 -19.2098031138
140 5558  7.09409312805e-06 -426.616962869 -19.2938063911
141 3910  5.24267921683e-06 -426.616500026 -19.2704798513
142 4591  5.02855588148e-06 -426.616189474 -19.2983643849
143 5852  6.94845167464e-06 -426.615904642 -19.3165715175
144 4378  5.70628755681e-06 -426.615449803 -19.2647886429
145 4542  5.56374997901e-06 -426.61510893 -19.3361308894
146 4883  6.23389586953e-06 -426.614790993 -19.2422586828
147 4405  6.11575399336e-06 -426.614400546 -19.259584135
148 4121  4.59234124206e-06 -426.614004397 -19.3970867979
149 5855  7.10844453182e-06 -426.613742011 -19.3576482145
150 4105  5.49609296762e-06 -426.613288632 -19.3165598831
151 4542  5.9385818461e-06 -426.612943328 -19.2949296418
152 4303  6.42260709967e-06 -426.61260083 -19.2169363065
153 3717  6.16863826951e-06 -426.612162818 -19.2784086846
154 3432  4.4837068519e-06 -426.61173556 -19.3204760581
155 4956  5.76654294358e-06 -426.611476939 -19.3602085704
156 5161  6.42919628607e-06 -426.611130554 -19.3602151702
157 4571  6.03205775321e-06 -426.610709464 -19.3173970722
158 4241  5.7452363732e-06 -426.610350762 -19.3430381812
159 4369  5.95442066173e-06 -426.609989679 -19.2884075044
160 4406  5.61046717373e-06 -426.609593623 -19.3824023622
161 4619  5.67249398146e-06 -426.60927015 -19.2720533952
162 4910  6.00042405205e-06 -426.608929009 -19.2121710242
163 4905  6.22314284315e-06 -426.608550124 -19.3675066656
164 4360  5.2949457128e-06 -426.608174761 -19.3208136288
165 4986  6.07759811038e-06 -426.607888255 -19.3018836836
166 4660  5.52347272076e-06 -426.607533079 -19.2940889173
167 5055  6.28295846565e-06 -426.607224819 -19.2839781947
168 4346  5.3329649305e-06 -426.606857008 -19.3190693987
169 5246  6.80782696695e-06 -426.606494328 -19.3525411064
170 4009  4.87754866949e-06 -426.606053262 -19.3728292104
171 5183  5.6423071652e-06 -426.605776794 -19.2964611271
172 5594  6.24856909772e-06 -426.605453138 -19.3542680779
173 4928  6.63757909363e-06 -426.605103807 -19.3051869361
174 3880  5.19297109759e-06 -426.604672753 -19.3616488755
175 4744  5.62689885232e-06 -426.604346188 -19.2107709038
176 5082  4.95231393824e-06 -426.604024051 -19.3171711136
177 6627  5.82839653217e-06 -426.603748562 -19.3071727731
178 6919  6.59125380885e-06 -426.603436572 -19.2652475837
179 5843  6.78028063976e-06 -426.603046732 -19.250442133
180 4610  5.36779893031e-06 -426.602616505 -19.3336009262
181 5253  6.18834498673e-06 -426.602318149 -19.269844101
182 4940  5.91041881087e-06 -426.601923695 -19.2842981157
183 4769  5.19089943679e-06 -426.601590128 -19.354575729
184 5639  6.40651684688e-06 -426.601312692 -19.2796796443
185 5013  6.51879433508e-06 -426.60091796 -19.2582953843
186 4434  5.39749792164e-06 -426.600460307 -19.2863417366
187 4864  6.08166231851e-06 -426.6001599 -19.3398072079
188 4564  5.36822145865e-06 -426.599798994 -19.3403930784
189 5400  6.23350168777e-06 -426.599459291 -19.3331848245
190 5094  5.90399502533e-06 -426.599063904 -19.2534793438
191 4939  6.18362550167e-06 -426.598743388 -19.2589409829
192 4473  5.77499294848e-06 -426.598367786 -19.3164987736
193 4618  6.0781607386e-06 -426.598010152 -19.2704392054
194 4510  5.33489250722e-06 -426.597599416 -19.3238652382
195 5314  6.54329554062e-06 -426.597291613 -19.3499973071
196 4553  6.78591051738e-06 -426.596860625 -19.3301385488
197 3555  4.83403534056e-06 -426.596392318 -19.2016383031
198 4608  5.65587588107e-06 -426.596110556 -19.3090392226
199 4953  5.85709037984e-06 -426.595768259 -19.2674394357
200 5043  5.71360727621e-06 -426.595415456 -19.2953762516
201 5250  6.200810107e-06 -426.59509179 -19.3164841213
202 4864  6.00217359733e-06 -426.59471721 -19.4161821202
203 4758  6.11687581709e-06 -426.594338615 -19.3152712023
204 4681  6.80429538662e-06 -426.593922528 -19.224885743
205 3519  5.13699820198e-06 -426.593459122 -19.4919368841
206 4410  6.0383499295e-06 -426.593100303 -19.2501559387
207 4092  5.01827869205e-06 -426.59272224 -19.2300507807
208 5087  5.95494361862e-06 -426.592452855 -19.3788816943
209 5061  5.83488355736e-06 -426.592081438 -19.3620788314
210 4910  6.06963839662e-06 -426.59176399 -19.2892017777
211 4636  5.99595598298e-06 -426.591392431 -19.3626453709
212 4478  5.28289193029e-06 -426.591024636 -19.3161521544
213 5318  6.43294154581e-06 -426.590719982 -19.2620602448
214 4693  5.87664698766e-06 -426.590303899 -19.3105872725
215 4661  4.84377131928e-06 -426.589946479 -19.347393745
