100 100000 0.95 gpomdp sample_bernstein 1000000

1 1000  1e-06 -426.666666667 -19.0814533373
2 1000  1e-06 -426.666580077 -19.2603039482
3 1000  1e-06 -426.666469276 -19.3611283304
4 1000  1e-06 -426.666347311 -19.1350697958
5 1000  1e-06 -426.66623081 -19.4244846698
6 1000  1e-06 -426.666090293 -19.4181622932
7 1000  1e-06 -426.665951297 -19.3953392002
8 1000  1e-06 -426.665864459 -19.1572373701
9 1000  1e-06 -426.66574781 -19.4915091165
10 1000  1e-06 -426.665624594 -19.3739993262
11 1000  1e-06 -426.665494155 -19.4757667126
12 1000  1e-06 -426.665396401 -19.3382758464
13 1000  1e-06 -426.665270247 -19.2441887135
14 1000  1e-06 -426.665148938 -19.1867119694
15 1000  1e-06 -426.665050269 -19.2811765293
16 1000  1e-06 -426.664958981 -19.4618607359
17 1000  1e-06 -426.664860678 -19.585238071
18 1000  1e-06 -426.664729843 -19.2916855635
19 1000  1e-06 -426.664583568 -19.4954013061
20 1000  1e-06 -426.664476297 -19.4994388519
21 1000  1e-06 -426.66435915 -19.3963183408
22 1000  1e-06 -426.664227606 -19.2611321923
23 1000  1e-06 -426.664113406 -19.1728844683
24 1000  1e-06 -426.663995631 -19.3539185194
25 1000  1e-06 -426.663895877 -19.3848351952
26 1000  1e-06 -426.663764222 -19.4986504872
27 1000  1e-06 -426.663640055 -19.458055018
28 1000  1e-06 -426.663513152 -19.5172937493
29 1000  1e-06 -426.663425463 -19.3047373459
30 1000  1e-06 -426.663309817 -19.3493050253
31 1000  1e-06 -426.663184127 -19.022770614
32 1000  1e-06 -426.663080211 -19.2802486416
33 1000  1e-06 -426.66299125 -19.3732772293
34 1000  1e-06 -426.662849411 -19.3971947131
35 1000  1e-06 -426.662730959 -19.5485253272
36 1000  1e-06 -426.662605791 -19.3745456493
37 1000  1e-06 -426.662484097 -19.2048809801
38 1000  1e-06 -426.662348834 -19.257574695
39 1000  1e-06 -426.662221155 -19.2145889063
40 1000  1e-06 -426.662105479 -19.2912820696
41 1000  1e-06 -426.661980055 -19.4925355745
42 1000  1e-06 -426.661893476 -19.4499505085
43 1000  1e-06 -426.661779034 -19.4484565927
44 1000  1e-06 -426.661657891 -19.3910598363
45 1000  1e-06 -426.661552259 -19.4478204115
46 1000  1e-06 -426.661442335 -19.2168672602
47 1000  1e-06 -426.661348457 -19.3232687154
48 1000  1e-06 -426.661214704 -19.3429927693
49 1000  1e-06 -426.661110999 -19.3493873905
50 1000  1e-06 -426.660968476 -19.1101346618
51 1000  1e-06 -426.660846348 -19.162075639
52 1000  1e-06 -426.660735454 -19.3977130313
53 1000  1e-06 -426.660601325 -19.4029214149
54 1000  1e-06 -426.66049334 -19.2599623378
55 1000  1e-06 -426.660349858 -19.3106629743
56 1000  1e-06 -426.66022354 -19.4152171628
57 1000  1e-06 -426.660117676 -19.2487836088
58 1000  1e-06 -426.6599943 -19.292659216
59 1000  1e-06 -426.659889928 -19.1252967483
60 1000  1e-06 -426.659789897 -19.2311648681
61 1000  1e-06 -426.659694532 -19.2652244516
62 1000  1e-06 -426.659567516 -19.173898312
63 1000  1e-06 -426.659456647 -19.2748449068
64 1000  1e-06 -426.659320396 -19.1253849346
65 1000  1e-06 -426.659220131 -19.1021448386
66 1000  1e-06 -426.65911401 -19.3050325899
67 1000  1e-06 -426.658992522 -19.1950624908
68 1000  1e-06 -426.65886586 -19.3207908237
69 1000  1e-06 -426.65875069 -19.3309137109
70 1000  1e-06 -426.658649912 -19.1234836653
71 1000  1e-06 -426.658563811 -19.4507882173
72 1000  1e-06 -426.658436541 -19.2097467552
73 1000  1e-06 -426.65830696 -19.2829523403
74 1000  1e-06 -426.658184036 -19.2421384218
75 1000  1e-06 -426.658061052 -19.2611904915
76 1000  1e-06 -426.657996055 -19.3866806747
77 1000  1e-06 -426.657863539 -19.2714829438
78 1000  1e-06 -426.657747583 -19.568071621
79 1000  1e-06 -426.657633445 -19.3398173993
80 1000  1e-06 -426.657509427 -19.3622795312
81 1000  1e-06 -426.657391518 -19.3423170828
82 1000  1e-06 -426.657257193 -19.405529807
83 1000  1e-06 -426.657147645 -19.3999195468
84 1000  1e-06 -426.657006193 -19.2435206099
85 1000  1e-06 -426.656896123 -19.1859739007
86 1000  1e-06 -426.656775225 -19.4796949574
87 1000  1e-06 -426.65665776 -19.2323416678
88 1000  1e-06 -426.656552405 -19.3176248983
89 1000  1e-06 -426.656455415 -19.2921922911
90 1000  1e-06 -426.656337953 -19.3439886598
91 1000  1e-06 -426.656200085 -19.350841045
92 1000  1e-06 -426.656062663 -19.1803164995
93 1000  1e-06 -426.655951932 -19.3742575887
94 1000  1e-06 -426.655833857 -19.2203853516
95 1000  1e-06 -426.655740519 -19.2076063961
96 1000  1e-06 -426.655640267 -19.3074477439
97 1000  1e-06 -426.655512958 -19.0577297514
98 1000  1e-06 -426.655423167 -19.6017264903
99 1000  1e-06 -426.655307214 -19.3305529503
100 1000  1e-06 -426.655202161 -19.2178553426
101 1000  1e-06 -426.655077723 -19.3582888774
102 1000  1e-06 -426.654968663 -19.1617838353
103 1000  1e-06 -426.654847776 -19.3093066798
104 1000  1e-06 -426.654704993 -19.2325358475
105 1000  1e-06 -426.654580994 -19.2774023018
106 1000  1e-06 -426.654483822 -19.3734334557
107 1000  1e-06 -426.654379851 -19.3326920612
108 1000  1e-06 -426.654253627 -19.3884195283
109 1000  1e-06 -426.654141434 -19.1965571223
110 1000  1e-06 -426.654052027 -19.2459366024
111 1000  1e-06 -426.653938344 -19.3369488638
112 1000  1e-06 -426.653805433 -19.4239902794
113 1000  1e-06 -426.653681098 -19.418938696
114 1000  1e-06 -426.653582502 -19.3708612768
115 1000  1e-06 -426.653450562 -19.4424878378
116 1000  1e-06 -426.653340366 -19.5311624063
117 1000  1e-06 -426.653198871 -19.244347298
118 1000  1e-06 -426.653064142 -19.0677596207
119 1000  1e-06 -426.652956925 -19.330022758
120 1000  1e-06 -426.652845502 -19.3631880224
121 1000  1e-06 -426.652744451 -19.4678423801
122 1000  1e-06 -426.652621799 -19.1200998194
123 1000  1e-06 -426.652479586 -19.3442690621
124 1000  1e-06 -426.65236591 -19.2069431412
125 1000  1e-06 -426.652281828 -19.3048537647
126 1000  1e-06 -426.652181033 -19.1678308071
127 1000  1e-06 -426.652050218 -19.2629551368
128 1000  1e-06 -426.651937436 -19.3570534046
129 1000  1e-06 -426.651830499 -19.360047313
130 1000  1e-06 -426.651698542 -19.3679449722
131 1000  1e-06 -426.651557382 -19.2553254847
132 1000  1e-06 -426.651448755 -19.1541914379
133 1000  1e-06 -426.651346406 -19.282350955
134 1000  1e-06 -426.651225283 -19.1977330963
135 1000  1e-06 -426.651151281 -19.5953169369
136 1000  1e-06 -426.651063606 -19.3351436973
137 1000  1e-06 -426.650939623 -19.3600020908
138 1000  1e-06 -426.650832485 -19.3836585051
139 1000  1e-06 -426.650696699 -19.2733611074
140 1000  1e-06 -426.650568902 -19.1547293688
141 1000  1e-06 -426.650418013 -19.3757762187
142 1000  1e-06 -426.650292 -19.3684670189
143 1000  1e-06 -426.6501963 -19.3184945285
144 1000  1e-06 -426.650080708 -19.191050216
145 1000  1e-06 -426.649981055 -19.192661354
146 1000  1e-06 -426.649874157 -19.4587528209
147 1000  1e-06 -426.649757695 -19.1782921243
148 1000  1e-06 -426.649641261 -19.1019153488
149 1000  1e-06 -426.649509131 -19.1714925546
150 1000  1e-06 -426.64939773 -19.260212805
151 1000  1e-06 -426.649276203 -19.2219899741
152 1000  1e-06 -426.649172019 -19.2235386607
153 1000  1e-06 -426.64906031 -19.2780122694
154 1000  1e-06 -426.648952914 -19.2849211508
155 1000  1e-06 -426.648859288 -19.4214100599
156 1000  1e-06 -426.648752617 -19.3606729102
157 1000  1e-06 -426.64865368 -19.3009126027
158 1000  1e-06 -426.648541047 -19.5050903788
159 1000  1e-06 -426.648456907 -19.4791583656
160 1000  1e-06 -426.648346493 -19.3274775656
161 1000  1e-06 -426.648223814 -19.3282802309
162 1000  1e-06 -426.648118946 -19.290618255
163 1000  1e-06 -426.648008509 -19.2536834887
164 1000  1e-06 -426.647909303 -19.4248566452
165 1000  1e-06 -426.647808551 -19.1899840942
166 1000  1e-06 -426.647711094 -19.2708850316
167 1000  1e-06 -426.647622202 -19.421259231
168 1000  1e-06 -426.647508525 -19.1064084408
169 1000  1e-06 -426.647379718 -19.2995440242
170 1000  1e-06 -426.647275012 -19.1456184441
171 1000  1e-06 -426.647150921 -19.2547552102
172 1000  1e-06 -426.647037025 -19.4330309341
173 1000  1e-06 -426.646905626 -18.9776182805
174 1000  1e-06 -426.646775291 -19.2830331967
175 1000  1e-06 -426.646646812 -19.3448722716
176 1000  1e-06 -426.646513721 -19.3859958394
177 1000  1e-06 -426.646383432 -19.4057635171
178 1000  1e-06 -426.646305661 -19.6205757355
179 1000  1e-06 -426.646188908 -19.2994210491
180 1000  1e-06 -426.646053686 -19.4725961943
181 1000  1e-06 -426.64596378 -19.2003638824
182 1000  1e-06 -426.645811205 -19.2930808358
183 1000  1e-06 -426.645723241 -19.3318835223
184 1000  1e-06 -426.645603598 -19.1881084995
185 1000  1e-06 -426.645460896 -19.3291461222
186 1000  1e-06 -426.645317068 -19.3232758606
187 1000  1e-06 -426.645174197 -19.0927912352
188 1000  1e-06 -426.645062624 -19.3167920859
189 1000  1e-06 -426.644956029 -19.232931727
190 1000  1e-06 -426.644866352 -19.2183545871
191 1000  1e-06 -426.644728066 -19.4651770636
192 1000  1e-06 -426.644602112 -19.2267685708
193 1000  1e-06 -426.644494219 -19.2335600149
194 1000  1e-06 -426.644404908 -19.2283766651
195 1000  1e-06 -426.644297633 -19.38885607
196 1000  1e-06 -426.644188653 -19.3983293015
197 1000  1e-06 -426.644133414 -19.1578561234
198 1000  1e-06 -426.644034796 -19.3301744507
199 1000  1e-06 -426.643940265 -19.3350305561
200 1000  1e-06 -426.64381554 -19.3212214197
201 1000  1e-06 -426.643721973 -19.4204516908
202 1000  1e-06 -426.643611405 -19.305348041
203 1000  1e-06 -426.643511403 -19.1011484666
204 1000  1e-06 -426.643388147 -19.1869934037
205 1000  1e-06 -426.643272628 -19.0827234959
206 1000  1e-06 -426.643157169 -19.1278757711
207 1000  1e-06 -426.643072307 -19.3868942173
208 1000  1e-06 -426.642949943 -19.3664803429
209 1000  1e-06 -426.642832556 -19.2848438746
210 1000  1e-06 -426.642725582 -19.3398046654
211 1000  1e-06 -426.642610776 -19.4186338595
212 1000  1e-06 -426.642496891 -19.2728692178
213 1000  1e-06 -426.642396816 -19.3920106133
214 1000  1e-06 -426.642268873 -19.3383122543
215 1000  1e-06 -426.642175066 -19.2511530628
216 1000  1e-06 -426.642070281 -19.3315255013
217 1000  1e-06 -426.641944386 -19.2210642179
218 1000  1e-06 -426.641848656 -19.2869077059
219 1000  1e-06 -426.641716179 -19.2945105147
220 1000  1e-06 -426.641591715 -19.0129005223
221 1000  1e-06 -426.641489609 -19.2097361882
222 1000  1e-06 -426.641361672 -19.2660634325
223 1000  1e-06 -426.641260702 -19.2815002918
224 1000  1e-06 -426.64113755 -19.2901484204
225 1000  1e-06 -426.641003394 -19.5074334076
226 1000  1e-06 -426.640883834 -19.2415105763
227 1000  1e-06 -426.640746155 -19.410923817
228 1000  1e-06 -426.640640276 -19.3864473609
229 1000  1e-06 -426.64050847 -19.1317558385
230 1000  1e-06 -426.640381672 -19.2281299083
231 1000  1e-06 -426.640250438 -19.1841781895
232 1000  1e-06 -426.640134182 -19.2971818025
233 1000  1e-06 -426.640014115 -19.3523265053
234 1000  1e-06 -426.639891946 -19.303259636
235 1000  1e-06 -426.639789394 -19.3363499893
236 1000  1e-06 -426.639662779 -19.2765217112
237 1000  1e-06 -426.639534028 -19.3817835331
238 1000  1e-06 -426.639407209 -19.2750072728
239 1000  1e-06 -426.639281534 -19.5070304803
240 1000  1e-06 -426.639151622 -19.292188109
241 1000  1e-06 -426.639035686 -19.3244026608
242 1000  1e-06 -426.638906225 -19.1715279447
243 1000  1e-06 -426.638780369 -19.3609158296
244 1000  1e-06 -426.638670764 -19.2177602717
245 1000  1e-06 -426.638544453 -19.4345360001
246 1000  1e-06 -426.638379415 -19.3500442196
247 1000  1e-06 -426.638256114 -19.4077089932
248 1000  1e-06 -426.638155712 -19.3963115684
249 1000  1e-06 -426.638026197 -19.4182281877
250 1000  1e-06 -426.637921135 -19.1465798046
251 1000  1e-06 -426.637845286 -19.1745967805
252 1000  1e-06 -426.637757274 -19.3541598263
253 1000  1e-06 -426.637658823 -19.44790113
254 1000  1e-06 -426.637544171 -19.3599002323
255 1000  1e-06 -426.637439666 -19.3849969323
256 1000  1e-06 -426.637303037 -19.3609250101
257 1000  1e-06 -426.637191558 -18.9474179421
258 1000  1e-06 -426.637063553 -19.3484046242
259 1000  1e-06 -426.636958005 -19.3469462634
260 1000  1e-06 -426.636857924 -19.0850962698
261 1000  1e-06 -426.636739434 -19.2921008728
262 1000  1e-06 -426.63660503 -19.1498713459
263 1000  1e-06 -426.636497207 -19.2359962598
264 1000  1e-06 -426.636378446 -19.2281790475
265 1000  1e-06 -426.636233846 -19.4272180392
266 1000  1e-06 -426.636130017 -19.432061773
267 1000  1e-06 -426.636008427 -19.2378044473
268 1000  1e-06 -426.635877505 -19.3410565345
269 1000  1e-06 -426.6357875 -19.4683667659
270 1000  1e-06 -426.635664685 -19.3490734481
271 1000  1e-06 -426.635551411 -19.0913180328
272 1000  1e-06 -426.635445246 -19.2675429872
273 1000  1e-06 -426.635323537 -19.2567693461
274 1000  1e-06 -426.635206265 -19.3334622179
275 1000  1e-06 -426.635093905 -19.311777347
276 1000  1e-06 -426.634985925 -19.2133671736
277 1000  1e-06 -426.634871754 -19.4318923378
278 1000  1e-06 -426.634747692 -19.2988490903
279 1000  1e-06 -426.63461058 -19.1427090375
280 1000  1e-06 -426.634495561 -19.2905372643
281 1000  1e-06 -426.634380601 -19.3909880291
282 1000  1e-06 -426.634265264 -19.1613217276
283 1000  1e-06 -426.634149494 -19.3982518093
284 1000  1e-06 -426.634065061 -19.2933892077
285 1000  1e-06 -426.633957897 -19.2435800929
286 1000  1e-06 -426.633834601 -19.2154519103
287 1000  1e-06 -426.633703749 -19.4457776717
288 1000  1e-06 -426.63354514 -19.2157647753
289 1000  1e-06 -426.633451882 -19.3608772041
290 1000  1e-06 -426.633312613 -19.0996875903
291 1000  1e-06 -426.633203212 -19.3265687515
292 1000  1e-06 -426.633084935 -19.1827709313
293 1000  1e-06 -426.632971852 -19.1693096119
294 1000  1e-06 -426.632835965 -19.2925608345
295 1000  1e-06 -426.632699559 -19.2801827482
296 1000  1e-06 -426.632622341 -19.4328345636
297 1000  1e-06 -426.632527536 -19.3408416698
298 1000  1e-06 -426.632389068 -19.3814934531
299 1000  1e-06 -426.632259918 -19.2573857718
300 1000  1e-06 -426.63215103 -19.3709954746
301 1000  1e-06 -426.632038902 -19.3443781934
302 1000  1e-06 -426.631941405 -19.4343696526
303 1000  1e-06 -426.631815063 -19.3611278507
304 1000  1e-06 -426.631699841 -19.4589367041
305 1000  1e-06 -426.631595712 -19.4796325505
306 1000  1e-06 -426.631485324 -19.278892717
307 1000  1e-06 -426.631396303 -19.3025345916
308 1000  1e-06 -426.63129305 -19.0707725209
309 1000  1e-06 -426.631177328 -19.4066729735
310 1000  1e-06 -426.631049012 -19.2399095228
311 1000  1e-06 -426.630956206 -19.3964040756
312 1000  1e-06 -426.630838983 -19.2757347154
313 1000  1e-06 -426.630722105 -19.3863883325
314 1000  1e-06 -426.630607027 -19.299483131
315 1000  1e-06 -426.630469715 -19.2633421248
316 1000  1e-06 -426.630373424 -19.5758662337
317 1000  1e-06 -426.630251271 -19.5311215747
318 1000  1e-06 -426.630134645 -19.43402578
319 1000  1e-06 -426.630001159 -19.4600707381
320 1000  1e-06 -426.629877776 -19.4434607922
321 1000  1e-06 -426.629790119 -19.1800664039
322 1000  1e-06 -426.629668394 -19.3174520083
323 1000  1e-06 -426.629567336 -19.1689321704
324 1000  1e-06 -426.629445662 -19.3902000014
325 1000  1e-06 -426.629329391 -19.2484998746
326 1000  1e-06 -426.629204662 -19.2404656109
327 1000  1e-06 -426.629084183 -19.2397695012
328 1000  1e-06 -426.628948037 -19.3201975088
329 1000  1e-06 -426.628845132 -19.3416298598
330 1000  1e-06 -426.628740712 -18.9701977008
331 1000  1e-06 -426.628587143 -19.2668510953
332 1000  1e-06 -426.628485244 -19.4628713627
333 1000  1e-06 -426.628362212 -19.3044205433
334 1000  1e-06 -426.628239287 -19.1177036308
335 1000  1e-06 -426.628114139 -19.4244759391
336 1000  1e-06 -426.628003495 -19.1735702301
337 1000  1e-06 -426.627886373 -19.4534726727
338 1000  1e-06 -426.62778213 -19.3496627025
339 1000  1e-06 -426.627634082 -19.2891732015
340 1000  1e-06 -426.627525396 -19.1746130512
341 1000  1e-06 -426.627430243 -19.2459810222
342 1000  1e-06 -426.627351634 -19.2163816996
343 1000  1e-06 -426.627207695 -19.2481497739
344 1000  1e-06 -426.627061876 -19.4326366288
345 1000  1e-06 -426.626959576 -19.3371178437
346 1000  1e-06 -426.626855648 -19.1710685863
347 1000  1e-06 -426.62672792 -19.1534903168
348 1000  1e-06 -426.626607315 -19.2356257854
349 1000  1e-06 -426.626514288 -19.1974773286
350 1000  1e-06 -426.626376944 -19.2787860367
351 1000  1e-06 -426.626241913 -18.9934071078
352 1000  1e-06 -426.62615324 -19.3497216657
353 1000  1e-06 -426.626013833 -19.431971935
354 1000  1e-06 -426.625890059 -19.3584631233
355 1000  1e-06 -426.625770518 -19.408560791
356 1000  1e-06 -426.625648724 -19.0989631385
357 1000  1e-06 -426.625519426 -19.4204446334
358 1000  1e-06 -426.625393678 -19.2877272851
359 1000  1e-06 -426.625278451 -19.4678552982
360 1000  1e-06 -426.625182521 -19.409368015
361 1000  1e-06 -426.625069589 -19.2037319052
362 1000  1e-06 -426.624949672 -19.2857670793
363 1000  1e-06 -426.624823552 -19.0375901296
364 1000  1e-06 -426.624692207 -19.2416303725
365 1000  1e-06 -426.624576675 -19.3279062535
366 1000  1e-06 -426.62444288 -19.442312237
367 1000  1e-06 -426.624312057 -19.2400515399
368 1000  1e-06 -426.624184734 -19.1904695397
369 1000  1e-06 -426.624068563 -19.1246868816
370 1000  1e-06 -426.623938616 -19.1853119774
371 1000  1e-06 -426.623810291 -19.4410047194
372 1000  1e-06 -426.623699745 -19.2764711984
373 1000  1e-06 -426.623574365 -19.3617526859
374 1000  1e-06 -426.623463487 -19.4365709586
375 1000  1e-06 -426.623326099 -19.366492729
376 1000  1e-06 -426.623209335 -19.3595887266
377 1000  1e-06 -426.62310676 -19.2520646199
378 1000  1e-06 -426.623010893 -19.4468958323
379 1000  1e-06 -426.622898844 -19.4001142992
380 1000  1e-06 -426.622795501 -19.604357735
381 1000  1e-06 -426.622699298 -19.2509978621
382 1000  1e-06 -426.622599985 -19.2348824939
383 1000  1e-06 -426.622511356 -19.4676241799
384 1000  1e-06 -426.622369248 -19.3479813788
385 1000  1e-06 -426.622223521 -19.2666765222
386 1000  1e-06 -426.622123973 -19.3212401361
387 1000  1e-06 -426.621998613 -19.322438786
388 1000  1e-06 -426.621871619 -18.9595158267
389 1000  1e-06 -426.62176675 -19.1633904209
390 1000  1e-06 -426.621668085 -19.3321925419
391 1000  1e-06 -426.621558004 -19.3532824472
392 1000  1e-06 -426.621423204 -19.4826066544
393 1000  1e-06 -426.621329655 -19.1815975707
394 1000  1e-06 -426.621190151 -19.3772516147
395 1000  1e-06 -426.621053217 -19.1943519991
396 1000  1e-06 -426.620968609 -19.5179678506
397 1000  1e-06 -426.620850738 -19.1578237892
398 1000  1e-06 -426.620751226 -19.1891483886
399 1000  1e-06 -426.620639652 -19.515857532
400 1000  1e-06 -426.620528623 -19.4343139606
401 1000  1e-06 -426.620447803 -19.394360435
402 1000  1e-06 -426.620324574 -19.5407254258
403 1000  1e-06 -426.620217694 -19.2487056268
404 1000  1e-06 -426.62010826 -19.1394248488
405 1000  1e-06 -426.619979332 -19.2746849777
406 1000  1e-06 -426.619856361 -19.3500809243
407 1000  1e-06 -426.619756919 -19.567421264
408 1000  1e-06 -426.619627487 -19.2306357948
409 1000  1e-06 -426.619511342 -19.6199152234
410 1000  1e-06 -426.619379891 -19.3012898053
411 1000  1e-06 -426.619276579 -19.2419069793
412 1000  1e-06 -426.619165755 -19.275659684
413 1000  1e-06 -426.619029451 -19.4558427074
414 1000  1e-06 -426.618918841 -19.2801163151
415 1000  1e-06 -426.61880457 -19.4947434378
416 1000  1e-06 -426.618684835 -19.3209391833
417 1000  1e-06 -426.618578529 -19.2669993813
418 1000  1e-06 -426.618465398 -19.3198591717
419 1000  1e-06 -426.618353245 -19.2531258031
420 1000  1e-06 -426.618266408 -19.3207760003
421 1000  1e-06 -426.618162352 -19.1549808832
422 1000  1e-06 -426.618061685 -19.3200226086
423 1000  1e-06 -426.617959943 -19.0805680863
424 1000  1e-06 -426.617854232 -19.2174178662
425 1000  1e-06 -426.617751129 -19.1786035966
426 1000  1e-06 -426.617654287 -19.1178573142
427 1000  1e-06 -426.617555711 -19.3724745413
428 1000  1e-06 -426.617464253 -19.2954394931
429 1000  1e-06 -426.617350553 -19.2123280972
430 1000  1e-06 -426.617232273 -19.2155946354
431 1000  1e-06 -426.617112894 -19.3800149588
432 1000  1e-06 -426.617004373 -19.1783450735
433 1000  1e-06 -426.616866872 -19.5088517152
434 1000  1e-06 -426.616758638 -19.296496661
435 1000  1e-06 -426.616663072 -19.1656508916
436 1000  1e-06 -426.61653325 -19.2562618496
437 1000  1e-06 -426.616424425 -19.3357089467
438 1000  1e-06 -426.616295589 -19.4218634695
439 1000  1e-06 -426.616193244 -19.4711267234
440 1000  1e-06 -426.616084724 -19.5765632296
441 1000  1e-06 -426.615952661 -19.4741877573
442 1000  1e-06 -426.615824468 -19.3487226544
443 1000  1e-06 -426.615714285 -19.3882089772
444 1000  1e-06 -426.615603121 -19.2796041747
445 1000  1e-06 -426.615493233 -19.2872004731
446 1000  1e-06 -426.615351744 -19.437511302
447 1000  1e-06 -426.615239278 -19.2811646347
448 1000  1e-06 -426.61513535 -19.4397925496
449 1000  1e-06 -426.615029044 -19.2944096095
450 1000  1e-06 -426.614930241 -19.4602338734
451 1000  1e-06 -426.614825945 -19.4220298072
452 1000  1e-06 -426.614724559 -19.2635624563
453 1000  1e-06 -426.614584516 -19.369320614
454 1000  1e-06 -426.614458203 -19.3439038676
455 1000  1e-06 -426.614332107 -19.0428605419
456 1000  1e-06 -426.614214803 -19.3009216266
457 1000  1e-06 -426.614104666 -19.2523787801
458 1000  1e-06 -426.613993649 -19.5456852877
459 1000  1e-06 -426.613871032 -19.3162740536
460 1000  1e-06 -426.613754037 -19.3951957442
461 1000  1e-06 -426.613641545 -19.2607539882
462 1000  1e-06 -426.613513386 -19.4376664396
463 1000  1e-06 -426.613399749 -19.276486313
464 1000  1e-06 -426.613288369 -19.2793109506
465 1000  1e-06 -426.613167469 -19.2779877261
466 1000  1e-06 -426.613043309 -18.9750317574
467 1000  1e-06 -426.612939833 -19.2713483768
468 1000  1e-06 -426.612817821 -19.3539375563
469 1000  1e-06 -426.61270702 -19.3316458178
470 1000  1e-06 -426.612600277 -19.2023803126
471 1000  1e-06 -426.612492912 -19.3542201936
472 1000  1e-06 -426.612359255 -19.2885876281
473 1000  1e-06 -426.61222273 -19.3310885224
474 1000  1e-06 -426.612127406 -19.238170391
475 1000  1e-06 -426.612011971 -19.2468415782
476 1000  1e-06 -426.611924303 -19.4711707469
477 1000  1e-06 -426.611796905 -19.2319067168
478 1000  1e-06 -426.611667286 -19.2216829674
479 1000  1e-06 -426.611546141 -19.298644258
480 1000  1e-06 -426.61143566 -19.2865188139
481 1000  1e-06 -426.611324183 -19.4069582671
482 1000  1e-06 -426.611185628 -19.1950535586
483 1000  1e-06 -426.61105992 -19.3782698956
484 1000  1e-06 -426.610955279 -19.3971640795
485 1000  1e-06 -426.610837079 -19.5371223916
486 1000  1e-06 -426.610676533 -19.2319416677
487 1000  1e-06 -426.610549851 -19.2145860376
488 1000  1e-06 -426.610427391 -19.4570700073
489 1000  1e-06 -426.610305608 -19.2300224028
490 1000  1e-06 -426.610187372 -19.2474726392
491 1000  1e-06 -426.610095048 -19.3989892878
492 1000  1e-06 -426.609972899 -19.1911394365
493 1000  1e-06 -426.609876802 -19.339775448
494 1000  1e-06 -426.609760829 -19.3345316211
495 1000  1e-06 -426.609663223 -19.5468342911
496 1000  1e-06 -426.609519614 -19.2214588158
497 1000  1e-06 -426.609430479 -19.2965659881
498 1000  1e-06 -426.609298088 -19.217292122
499 1000  1e-06 -426.609190729 -19.3741917698
500 1000  1e-06 -426.609073004 -19.1987697709
501 1000  1e-06 -426.608935994 -19.3865114543
502 1000  1e-06 -426.608833913 -19.2726847309
503 1000  1e-06 -426.608728638 -19.1653584691
504 1000  1e-06 -426.608617338 -19.255821601
505 1000  1e-06 -426.608489833 -19.4375497578
506 1000  1e-06 -426.608392877 -19.2130165787
507 1000  1e-06 -426.6082947 -19.5011269396
508 1000  1e-06 -426.608136959 -19.2264757492
509 1000  1e-06 -426.608007049 -19.0257753104
510 1000  1e-06 -426.607887052 -19.2589657517
511 1000  1e-06 -426.607788326 -19.4879121805
512 1000  1e-06 -426.6076711 -19.3373026263
513 1000  1e-06 -426.607543334 -19.1016380846
514 1000  1e-06 -426.607415291 -19.3770399552
515 1000  1e-06 -426.607276191 -19.4948537539
516 1000  1e-06 -426.607156882 -19.1674563571
517 1000  1e-06 -426.607019406 -19.3216514213
518 1000  1e-06 -426.606910024 -19.2724317874
519 1000  1e-06 -426.606793592 -19.2208528212
520 1000  1e-06 -426.606698166 -19.1895526624
521 1000  1e-06 -426.60658398 -19.3799079586
522 1000  1e-06 -426.606444169 -19.382887464
523 1000  1e-06 -426.606307694 -19.340995795
524 1000  1e-06 -426.606198886 -19.3488752006
525 1000  1e-06 -426.606111343 -19.268640205
526 1000  1e-06 -426.605986929 -19.2510075012
527 1000  1e-06 -426.605872212 -19.2519388875
528 1000  1e-06 -426.605750544 -19.2942494267
529 1000  1e-06 -426.605632112 -19.2406012034
530 1000  1e-06 -426.605512817 -19.0014731515
531 1000  1e-06 -426.60540303 -19.1747506426
532 1000  1e-06 -426.605288759 -19.4486384569
533 1000  1e-06 -426.605170193 -19.1214559981
534 1000  1e-06 -426.605062918 -19.2046154146
535 1000  1e-06 -426.604981845 -19.2146568638
536 1000  1e-06 -426.604869296 -19.111434016
537 1000  1e-06 -426.604737993 -19.2843364299
538 1000  1e-06 -426.604605242 -19.3745976153
539 1000  1e-06 -426.604477299 -19.2092939747
540 1000  1e-06 -426.604382637 -19.1294331325
541 1000  1e-06 -426.604303086 -19.3126483165
542 1000  1e-06 -426.604183726 -19.3410713227
543 1000  1e-06 -426.604080451 -19.3009347525
544 1000  1e-06 -426.603984122 -19.1848946273
545 1000  1e-06 -426.60388934 -19.3719508777
546 1000  1e-06 -426.603778749 -19.3302217876
547 1000  1e-06 -426.603659191 -19.3049323967
548 1000  1e-06 -426.603549364 -19.2553241968
549 1000  1e-06 -426.603435005 -19.3444353695
550 1000  1e-06 -426.603333587 -19.5152968756
551 1000  1e-06 -426.603215214 -19.4302668241
552 1000  1e-06 -426.60311727 -19.0072030909
553 1000  1e-06 -426.602997444 -19.6124102354
554 1000  1e-06 -426.602865483 -19.2144716676
555 1000  1e-06 -426.602768684 -19.1835726856
556 1000  1e-06 -426.602678348 -19.2969084032
557 1000  1e-06 -426.602564658 -19.2200899752
558 1000  1e-06 -426.602452618 -19.0558851219
559 1000  1e-06 -426.602347538 -19.2975430122
560 1000  1e-06 -426.602238636 -19.3553606801
561 1000  1e-06 -426.60211181 -19.303231842
562 1000  1e-06 -426.60199396 -19.3472832529
563 1000  1e-06 -426.601845249 -19.3478376826
564 1000  1e-06 -426.60173995 -19.4293569158
565 1000  1e-06 -426.601605051 -19.491082756
566 1000  1e-06 -426.601471886 -19.2711509976
567 1000  1e-06 -426.601350886 -19.4180297208
568 1000  1e-06 -426.601228963 -19.3970235653
569 1000  1e-06 -426.601100309 -19.2124204766
570 1000  1e-06 -426.600982975 -19.230942725
571 1000  1e-06 -426.600873068 -19.1981901461
572 1000  1e-06 -426.600741896 -19.3149344574
573 1000  1e-06 -426.600632598 -19.2275394353
574 1000  1e-06 -426.600551171 -19.3240419222
575 1000  1e-06 -426.600443301 -19.253938096
576 1000  1e-06 -426.600365167 -19.2298273704
577 1000  1e-06 -426.600227727 -19.2433110215
578 1000  1e-06 -426.600131474 -19.4993075277
579 1000  1e-06 -426.600008951 -19.321340843
580 1000  1e-06 -426.599885014 -19.1844322557
581 1000  1e-06 -426.599746896 -19.241808291
582 1000  1e-06 -426.59963769 -19.3283507567
583 1000  1e-06 -426.599519061 -19.3538600612
584 1000  1e-06 -426.599414185 -19.345624789
585 1000  1e-06 -426.599281417 -19.3770884903
586 1000  1e-06 -426.599173806 -19.4796657721
587 1000  1e-06 -426.599050295 -19.3004223756
588 1000  1e-06 -426.598921702 -19.2686398162
589 1000  1e-06 -426.5988078 -19.310305153
590 1000  1e-06 -426.598691974 -19.311461456
591 1000  1e-06 -426.59859431 -19.4142993473
592 1000  1e-06 -426.598472437 -19.184359475
593 1000  1e-06 -426.598360422 -19.2354908351
594 1000  1e-06 -426.598266106 -19.2996808052
595 1000  1e-06 -426.598160617 -19.2613465955
596 1000  1e-06 -426.598038755 -19.2090835464
597 1000  1e-06 -426.597924842 -19.2334930042
598 1000  1e-06 -426.59782306 -19.4206538919
599 1000  1e-06 -426.597718334 -19.2652204617
600 1000  1e-06 -426.597574145 -19.4144466186
601 1000  1e-06 -426.597448361 -19.3598801641
602 1000  1e-06 -426.597346029 -19.1198829465
603 1000  1e-06 -426.59722146 -19.3990406344
604 1000  1e-06 -426.597123517 -19.3896274621
605 1000  1e-06 -426.597008159 -19.5891351069
606 1000  1e-06 -426.596914506 -19.0849503032
607 1000  1e-06 -426.596792599 -19.2744859661
608 1000  1e-06 -426.596687678 -19.13216399
609 1000  1e-06 -426.596584816 -19.389288948
610 1000  1e-06 -426.596435653 -19.2025853426
611 1000  1e-06 -426.596308855 -19.4669121259
612 1000  1e-06 -426.596197781 -19.2807784646
613 1000  1e-06 -426.596083065 -19.2953103601
614 1000  1e-06 -426.595987753 -19.3224895163
615 1000  1e-06 -426.595881383 -19.3285445604
616 1000  1e-06 -426.595730709 -19.1256246411
617 1000  1e-06 -426.595603001 -19.2856481821
618 1000  1e-06 -426.59548392 -19.3068922951
619 1000  1e-06 -426.595386017 -19.2761127204
620 1000  1e-06 -426.595268491 -19.3300770417
621 1000  1e-06 -426.595163007 -19.3921880321
622 1000  1e-06 -426.595034308 -19.2667736988
623 1000  1e-06 -426.594931504 -19.180635288
624 1000  1e-06 -426.594828444 -19.3464443345
625 1000  1e-06 -426.594715521 -19.2265786171
626 1000  1e-06 -426.594614607 -19.4959185764
627 1000  1e-06 -426.594513811 -19.1920373028
628 1000  1e-06 -426.594384243 -19.3343587694
629 1000  1e-06 -426.594264626 -19.1283929336
630 1000  1e-06 -426.594156136 -19.2055070186
631 1000  1e-06 -426.594036172 -19.2151237287
632 1000  1e-06 -426.593913481 -19.3348456824
633 1000  1e-06 -426.593800727 -19.1668289354
634 1000  1e-06 -426.593679713 -19.2984702312
635 1000  1e-06 -426.593595189 -19.2799610899
636 1000  1e-06 -426.593489255 -19.3753055052
637 1000  1e-06 -426.593380618 -19.2028703759
638 1000  1e-06 -426.593261924 -19.2953039023
639 1000  1e-06 -426.593153632 -19.2756843434
640 1000  1e-06 -426.593026844 -19.3192959426
641 1000  1e-06 -426.592900606 -19.3381653936
642 1000  1e-06 -426.592762975 -19.0794861775
643 1000  1e-06 -426.592631278 -18.9732007541
644 1000  1e-06 -426.592488921 -19.1666084641
645 1000  1e-06 -426.59238881 -19.2092575529
646 1000  1e-06 -426.592274513 -19.1222797437
647 1000  1e-06 -426.592153892 -19.389963665
648 1000  1e-06 -426.592052713 -19.334295238
649 1000  1e-06 -426.591955496 -19.331831305
650 1000  1e-06 -426.591825357 -19.2916327773
651 1000  1e-06 -426.591684638 -19.2017776015
652 1000  1e-06 -426.591563025 -19.2000551976
653 1000  1e-06 -426.591462329 -19.2145412112
654 1000  1e-06 -426.591347494 -19.1701486829
655 1000  1e-06 -426.591224571 -19.3380878507
656 1000  1e-06 -426.59108913 -19.3352319946
657 1000  1e-06 -426.590992862 -19.2302081769
658 1000  1e-06 -426.590866199 -19.2552101041
659 1000  1e-06 -426.590733625 -19.3483307597
660 1000  1e-06 -426.590631367 -19.1017227645
661 1000  1e-06 -426.590533885 -19.3422256362
662 1000  1e-06 -426.59041917 -19.341693338
663 1000  1e-06 -426.590323882 -19.202937645
664 1000  1e-06 -426.590209624 -19.2160014309
665 1000  1e-06 -426.590130423 -19.1538838203
666 1000  1e-06 -426.589997459 -19.3211979647
667 1000  1e-06 -426.589898266 -19.323389585
668 1000  1e-06 -426.589798287 -19.5022464531
669 1000  1e-06 -426.589671531 -19.4755557443
670 1000  1e-06 -426.589573687 -19.3249554261
671 1000  1e-06 -426.589461246 -19.4381802256
672 1000  1e-06 -426.589343911 -19.3830371272
673 1000  1e-06 -426.589221002 -19.3972387833
674 1000  1e-06 -426.58909728 -19.384981494
675 1000  1e-06 -426.588970553 -19.2933880598
676 1000  1e-06 -426.588837724 -19.2128194263
677 1000  1e-06 -426.588722172 -19.4467431172
678 1000  1e-06 -426.588607728 -19.2042220676
679 1000  1e-06 -426.588469965 -19.2850034416
680 1000  1e-06 -426.588345636 -19.3134324376
681 1000  1e-06 -426.588246551 -19.169659375
682 1000  1e-06 -426.588138383 -19.3519393892
683 1000  1e-06 -426.588011856 -19.2173117858
684 1000  1e-06 -426.587890473 -19.2219402403
685 1000  1e-06 -426.587765118 -19.4407404643
686 1000  1e-06 -426.587665523 -19.2961908716
687 1000  1e-06 -426.587572618 -19.2556741431
688 1000  1e-06 -426.587458633 -19.3875656391
689 1000  1e-06 -426.587340783 -19.4955113976
690 1000  1e-06 -426.587220665 -19.2112244569
691 1000  1e-06 -426.587112296 -19.3800323653
692 1000  1e-06 -426.586989283 -19.1613196878
693 1000  1e-06 -426.586868819 -19.0849018398
694 1000  1e-06 -426.58676829 -19.3975377375
695 1000  1e-06 -426.586641359 -19.3260080869
696 1000  1e-06 -426.586510111 -19.3967682462
697 1000  1e-06 -426.586382676 -19.2343573751
698 1000  1e-06 -426.586253564 -19.2897801244
699 1000  1e-06 -426.58614449 -19.0585269185
700 1000  1e-06 -426.586030011 -19.3491203259
701 1000  1e-06 -426.585914835 -19.3271654165
702 1000  1e-06 -426.585825087 -19.2531025737
703 1000  1e-06 -426.585738366 -19.2719314969
704 1000  1e-06 -426.585659282 -19.3923085137
705 1000  1e-06 -426.585546868 -19.1717984013
706 1000  1e-06 -426.585443734 -19.3853219124
707 1000  1e-06 -426.585338962 -19.3134692237
708 1000  1e-06 -426.585235153 -19.3670585997
709 1000  1e-06 -426.585114886 -19.1620715335
710 1000  1e-06 -426.584968558 -19.2846545874
711 1000  1e-06 -426.58484181 -19.3216777061
712 1000  1e-06 -426.584747184 -19.365754771
713 1000  1e-06 -426.584629273 -19.5239594222
714 1000  1e-06 -426.584499308 -19.2985318631
715 1000  1e-06 -426.584383144 -19.1756393144
716 1000  1e-06 -426.58425138 -19.1625362125
717 1000  1e-06 -426.584134843 -19.2877635307
718 1000  1e-06 -426.584021139 -19.1473339984
719 1000  1e-06 -426.583904398 -19.2610617688
720 1000  1e-06 -426.583751282 -19.4366515241
721 1000  1e-06 -426.583648289 -19.479291881
722 1000  1e-06 -426.58354801 -19.410739313
723 1000  1e-06 -426.583435261 -19.2669769178
724 1000  1e-06 -426.583321154 -19.4713063535
725 1000  1e-06 -426.583241209 -19.3472769019
726 1000  1e-06 -426.583131698 -19.2346036801
727 1000  1e-06 -426.583026472 -19.3085281651
728 1000  1e-06 -426.582905326 -19.1875682388
729 1000  1e-06 -426.582799428 -19.0844386935
730 1000  1e-06 -426.582698935 -19.167765649
731 1000  1e-06 -426.582607128 -19.3335135415
732 1000  1e-06 -426.58250263 -19.3865894187
733 1000  1e-06 -426.582389259 -19.427883807
734 1000  1e-06 -426.582271992 -19.3794119256
735 1000  1e-06 -426.582162053 -19.1125554722
736 1000  1e-06 -426.582060494 -19.1340917313
737 1000  1e-06 -426.581934687 -19.0267918456
738 1000  1e-06 -426.581806436 -19.4211026871
739 1000  1e-06 -426.581692401 -19.2760988181
740 1000  1e-06 -426.581592531 -19.3059855702
741 1000  1e-06 -426.581479084 -19.3756591975
742 1000  1e-06 -426.581371672 -19.282108234
743 1000  1e-06 -426.581245513 -19.2847133366
744 1000  1e-06 -426.581149176 -19.3666864364
745 1000  1e-06 -426.581019856 -19.4075201163
746 1000  1e-06 -426.580920491 -19.2440079885
747 1000  1e-06 -426.580812757 -19.2835209786
748 1000  1e-06 -426.580687041 -19.2906254071
749 1000  1e-06 -426.580568984 -19.2339911372
750 1000  1e-06 -426.580470174 -19.3620665185
751 1000  1e-06 -426.580346941 -19.1686327179
752 1000  1e-06 -426.580198719 -19.3856424677
753 1000  1e-06 -426.580065489 -19.1807404981
754 1000  1e-06 -426.579917001 -19.1998894419
755 1000  1e-06 -426.579811696 -19.6079208629
756 1000  1e-06 -426.579717756 -19.3453784924
757 1000  1e-06 -426.579618274 -19.2612009118
758 1000  1e-06 -426.579505939 -19.2000935258
759 1000  1e-06 -426.579390175 -19.1717984125
760 1000  1e-06 -426.579265346 -19.4210110899
761 1000  1e-06 -426.579148105 -19.1239006676
762 1000  1e-06 -426.579024945 -19.2746371598
763 1000  1e-06 -426.578911885 -19.2017490624
764 1000  1e-06 -426.578781197 -19.1382815207
765 1000  1e-06 -426.578658609 -19.2902427872
766 1000  1e-06 -426.578536092 -19.2360843096
767 1000  1e-06 -426.578436014 -19.0976609616
768 1000  1e-06 -426.578307799 -19.4056398202
769 1000  1e-06 -426.57818539 -19.3486447184
770 1000  1e-06 -426.578079262 -19.2230333355
771 1000  1e-06 -426.577960129 -19.2496423768
772 1000  1e-06 -426.577850584 -19.3925717395
773 1000  1e-06 -426.57773304 -19.166722595
774 1000  1e-06 -426.577615211 -19.3128744548
775 1000  1e-06 -426.577483268 -19.2621509969
776 1000  1e-06 -426.577359222 -19.2166154015
777 1000  1e-06 -426.577202874 -19.4416296836
778 1000  1e-06 -426.577090292 -19.2817261414
779 1000  1e-06 -426.576969722 -19.133646008
780 1000  1e-06 -426.576841161 -19.5211603888
781 1000  1e-06 -426.576728218 -19.3307650293
782 1000  1e-06 -426.576612616 -19.1995187758
783 1000  1e-06 -426.576475672 -19.2903631211
784 1000  1e-06 -426.576358291 -19.3561503586
785 1000  1e-06 -426.576240107 -19.3381474723
786 1000  1e-06 -426.576129693 -19.3435998349
787 1000  1e-06 -426.576014026 -19.3738432834
788 1000  1e-06 -426.575893405 -19.2588261405
789 1000  1e-06 -426.575772665 -19.3218005415
790 1000  1e-06 -426.575664182 -19.2412630428
791 1000  1e-06 -426.575553913 -19.5468381438
792 1000  1e-06 -426.57545188 -19.2598612399
793 1000  1e-06 -426.575348035 -19.4061137195
794 1000  1e-06 -426.575221696 -19.3328516038
795 1000  1e-06 -426.575105352 -19.395695856
796 1000  1e-06 -426.574990625 -19.376247309
797 1000  1e-06 -426.574879706 -19.2695719052
798 1000  1e-06 -426.574777289 -19.4159507835
799 1000  1e-06 -426.574640071 -19.0988046936
800 1000  1e-06 -426.574540679 -19.2108184756
801 1000  1e-06 -426.574443468 -19.1358507467
802 1000  1e-06 -426.574321522 -19.2486214506
803 1000  1e-06 -426.574235075 -19.4599429999
804 1000  1e-06 -426.574127914 -19.414609078
805 1000  1e-06 -426.574004601 -19.5010942571
806 1000  1e-06 -426.573899682 -19.6686887114
807 1000  1e-06 -426.573782659 -19.419812201
808 1000  1e-06 -426.573674318 -19.2600727384
809 1000  1e-06 -426.573563691 -19.1953875995
810 1000  1e-06 -426.573450975 -19.4803951183
811 1000  1e-06 -426.573356224 -19.1807363075
812 1000  1e-06 -426.573258215 -19.3870795186
813 1000  1e-06 -426.573159893 -19.2525976092
814 1000  1e-06 -426.573040941 -19.3953988647
815 1000  1e-06 -426.572916138 -19.282425867
816 1000  1e-06 -426.572802396 -19.3161789476
817 1000  1e-06 -426.572704245 -19.2422473577
818 1000  1e-06 -426.572575624 -19.3021786322
819 1000  1e-06 -426.572456174 -19.4082953428
820 1000  1e-06 -426.572322134 -19.386146076
821 1000  1e-06 -426.572222315 -19.2441591916
822 1000  1e-06 -426.572121806 -19.3061744566
823 1000  1e-06 -426.572011353 -19.5269779845
824 1000  1e-06 -426.571885524 -19.2318363803
825 1000  1e-06 -426.571783509 -19.5130444527
826 1000  1e-06 -426.571653622 -19.3465792352
827 1000  1e-06 -426.57153303 -19.3636502133
828 1000  1e-06 -426.571390663 -19.2919189222
829 1000  1e-06 -426.571277552 -19.3289293485
830 1000  1e-06 -426.571177342 -19.3332200725
831 1000  1e-06 -426.571080076 -19.2407960806
832 1000  1e-06 -426.570954624 -19.3675236252
833 1000  1e-06 -426.570847417 -19.249308368
834 1000  1e-06 -426.570755731 -19.1905812313
835 1000  1e-06 -426.570663698 -19.3596360963
836 1000  1e-06 -426.570528674 -19.2374411972
837 1000  1e-06 -426.57041977 -19.4803012007
838 1000  1e-06 -426.570298629 -19.2748226853
839 1000  1e-06 -426.57020907 -19.3215563501
840 1000  1e-06 -426.57008647 -19.343356558
841 1000  1e-06 -426.569965115 -19.4439661617
842 1000  1e-06 -426.569863392 -19.4102395428
843 1000  1e-06 -426.569735909 -19.3703304043
844 1000  1e-06 -426.569629786 -19.27549357
845 1000  1e-06 -426.569537814 -19.3483909166
846 1000  1e-06 -426.569422515 -19.2965713033
847 1000  1e-06 -426.569322108 -19.2541065674
848 1000  1e-06 -426.569215758 -19.410349979
849 1000  1e-06 -426.569123429 -19.2117928384
850 1000  1e-06 -426.569015325 -19.2468216154
851 1000  1e-06 -426.568901519 -19.21130567
852 1000  1e-06 -426.568804037 -19.4728252244
853 1000  1e-06 -426.56869009 -19.2394373592
854 1000  1e-06 -426.568600893 -19.1641968197
855 1000  1e-06 -426.568472993 -19.3118493134
856 1000  1e-06 -426.568369856 -19.0591587351
857 1000  1e-06 -426.568272691 -19.2892386527
858 1000  1e-06 -426.568155434 -19.2754055066
859 1000  1e-06 -426.568047426 -19.1803786654
860 1000  1e-06 -426.567927711 -19.2314445924
861 1000  1e-06 -426.567813692 -19.2424477489
862 1000  1e-06 -426.567670537 -19.4281688362
863 1000  1e-06 -426.567570312 -19.1614466968
864 1000  1e-06 -426.567449627 -19.3041197515
865 1000  1e-06 -426.567333248 -19.1713715954
866 1000  1e-06 -426.567240014 -19.2342996748
867 1000  1e-06 -426.567141683 -19.467012117
868 1000  1e-06 -426.567025278 -19.3212263202
869 1000  1e-06 -426.56690845 -19.424015641
870 1000  1e-06 -426.566830201 -19.2192554136
871 1000  1e-06 -426.566712151 -19.4597433444
872 1000  1e-06 -426.566589929 -19.2710272101
873 1000  1e-06 -426.566480379 -19.4262759297
874 1000  1e-06 -426.566372213 -19.3766188946
875 1000  1e-06 -426.566254884 -19.2788115443
876 1000  1e-06 -426.566156049 -19.2533163526
877 1000  1e-06 -426.566026498 -19.3294441916
878 1000  1e-06 -426.565910627 -19.2752510776
879 1000  1e-06 -426.565779679 -19.212347908
880 1000  1e-06 -426.565664347 -19.2650482005
881 1000  1e-06 -426.565522557 -19.2323242141
882 1000  1e-06 -426.565437081 -19.2640672355
883 1000  1e-06 -426.565317134 -19.3553078984
884 1000  1e-06 -426.565182451 -19.2830270404
885 1000  1e-06 -426.565031108 -19.2943264026
886 1000  1e-06 -426.564931097 -19.2106227645
887 1000  1e-06 -426.564812491 -19.1186311641
888 1000  1e-06 -426.564742902 -19.1574020104
889 1000  1e-06 -426.564615059 -19.1808528673
890 1000  1e-06 -426.564480407 -19.3751882343
891 1000  1e-06 -426.564359591 -19.3358197967
892 1000  1e-06 -426.56425616 -19.5441467482
893 1000  1e-06 -426.564135759 -19.2139192765
894 1000  1e-06 -426.564008977 -19.4673430009
895 1000  1e-06 -426.563918818 -19.4016808731
896 1000  1e-06 -426.563793562 -19.2146382171
897 1000  1e-06 -426.563652595 -19.3929731784
898 1000  1e-06 -426.563545306 -19.273519155
899 1000  1e-06 -426.563445843 -19.4086121929
900 1000  1e-06 -426.563332992 -19.2708813905
901 1000  1e-06 -426.563258778 -19.1119424435
902 1000  1e-06 -426.563127423 -19.3761919231
903 1000  1e-06 -426.563011258 -19.2576010572
904 1000  1e-06 -426.56289839 -19.3597926767
905 1000  1e-06 -426.562799711 -18.9312233119
906 1000  1e-06 -426.562693972 -19.3431405812
907 1000  1e-06 -426.562548333 -19.249900071
908 1000  1e-06 -426.562467664 -19.3614850328
909 1000  1e-06 -426.562344767 -19.2670931752
910 1000  1e-06 -426.562219461 -19.2330029788
911 1000  1e-06 -426.562103391 -19.3619126453
912 1000  1e-06 -426.561970944 -19.288933236
913 1000  1e-06 -426.56185463 -19.3038133535
914 1000  1e-06 -426.561751636 -19.4107420702
915 1000  1e-06 -426.56161837 -19.332247245
916 1000  1e-06 -426.561516574 -19.4381831621
917 1000  1e-06 -426.56139572 -19.0804536245
918 1000  1e-06 -426.561295875 -19.1868510557
919 1000  1e-06 -426.561163574 -19.3980543586
920 1000  1e-06 -426.56102177 -19.2491028936
921 1000  1e-06 -426.560913511 -19.3288133653
922 1000  1e-06 -426.560820036 -19.3510944555
923 1000  1e-06 -426.560693465 -19.2929735433
924 1000  1e-06 -426.560572144 -19.4086898362
925 1000  1e-06 -426.560495311 -19.2521225596
926 1000  1e-06 -426.560355503 -19.3728396202
927 1000  1e-06 -426.560225087 -19.0962639306
928 1000  1e-06 -426.56009886 -19.4133705457
929 1000  1e-06 -426.55999334 -19.2498489758
930 1000  1e-06 -426.559894488 -19.2646187548
931 1000  1e-06 -426.55977801 -19.5557357424
932 1000  1e-06 -426.559680564 -19.3778859832
933 1000  1e-06 -426.559603223 -19.4775906757
934 1000  1e-06 -426.559474963 -19.2445574605
935 1000  1e-06 -426.559339706 -19.4681122685
936 1000  1e-06 -426.559225906 -19.2570945185
937 1000  1e-06 -426.559114443 -19.3955394248
938 1000  1e-06 -426.559017307 -19.2729227066
939 1000  1e-06 -426.558920576 -19.503820788
940 1000  1e-06 -426.558810668 -19.3860417535
941 1000  1e-06 -426.558710236 -19.1469380703
942 1000  1e-06 -426.558602962 -19.1986775629
943 1000  1e-06 -426.558491973 -19.2644132381
944 1000  1e-06 -426.558369638 -19.3393993991
945 1000  1e-06 -426.558262674 -19.0526094306
946 1000  1e-06 -426.558170407 -19.3668270053
947 1000  1e-06 -426.558032742 -19.4338590294
948 1000  1e-06 -426.557933902 -19.2306086438
949 1000  1e-06 -426.557810909 -19.3859879899
950 1000  1e-06 -426.557679923 -19.1647427643
951 1000  1e-06 -426.557519435 -19.3781261219
952 1000  1e-06 -426.557407312 -19.3545575914
953 1000  1e-06 -426.557272886 -19.3995283479
954 1000  1e-06 -426.557145887 -19.1993180291
955 1000  1e-06 -426.557046724 -19.1922855572
956 1000  1e-06 -426.556961935 -19.2587217012
957 1000  1e-06 -426.556820216 -19.3641069282
958 1000  1e-06 -426.556677095 -19.4837943503
959 1000  1e-06 -426.55655984 -19.1717149825
960 1000  1e-06 -426.556479844 -19.4279817754
961 1000  1e-06 -426.55635832 -19.2264032421
962 1000  1e-06 -426.556242594 -19.1075494027
963 1000  1e-06 -426.55611731 -19.1834089579
964 1000  1e-06 -426.555991526 -19.3082219377
965 1000  1e-06 -426.555881908 -19.3055322417
966 1000  1e-06 -426.555780476 -19.4398071273
967 1000  1e-06 -426.555666461 -19.2248131643
968 1000  1e-06 -426.555546936 -19.2171032245
969 1000  1e-06 -426.555429857 -19.4257372132
970 1000  1e-06 -426.555327821 -19.2014756079
971 1000  1e-06 -426.555206738 -19.3458763848
972 1000  1e-06 -426.555073327 -19.4325793831
973 1000  1e-06 -426.554969482 -19.3545912308
974 1000  1e-06 -426.554858264 -19.4098367531
975 1000  1e-06 -426.5547368 -19.4062741436
976 1000  1e-06 -426.554639745 -19.5031600181
977 1000  1e-06 -426.554546057 -19.3388917933
978 1000  1e-06 -426.554437853 -19.2981435987
979 1000  1e-06 -426.554337709 -19.152733614
980 1000  1e-06 -426.554221281 -19.2050678038
981 1000  1e-06 -426.554111906 -19.3042230151
982 1000  1e-06 -426.553978915 -19.2875014129
983 1000  1e-06 -426.553851815 -19.3917750375
984 1000  1e-06 -426.55379538 -19.4239288266
985 1000  1e-06 -426.553689883 -19.1850618342
986 1000  1e-06 -426.553598827 -19.4049635999
987 1000  1e-06 -426.553490714 -19.2280068846
988 1000  1e-06 -426.553364118 -19.1236718684
989 1000  1e-06 -426.553247205 -19.2184217224
990 1000  1e-06 -426.553104502 -19.2626240612
991 1000  1e-06 -426.552993377 -19.3046293688
992 1000  1e-06 -426.552885215 -19.3055500749
993 1000  1e-06 -426.552785755 -19.2843194382
994 1000  1e-06 -426.552671148 -19.436159833
995 1000  1e-06 -426.552564462 -19.1963826229
996 1000  1e-06 -426.5524202 -19.4355416707
997 1000  1e-06 -426.552318369 -19.1001886652
998 1000  1e-06 -426.552226422 -19.4213476912
999 1000  1e-06 -426.552146867 -18.9526990322
1000 1000  1e-06 -426.552023774 -19.3456794898
